340 -191 -61 -256 -55 0
57 -191 -259 -283 -256 -325 -61 0
-191 -64 -73 -163 -40 -211 -49 -118 -292 -259 -283 -7 -256 -325 -61 -55 0
-64 -61 -73 -163 -40 -283 -325 -76 -49 -55 -118 -211 -292 -256 -259 -7 0
56 -298 -115 -217 -163 -106 -295 -67 -76 -1 -118 -346 -313 -292 -259 -283 -7 -256 -325 -61 0
355 -259 -115 -217 -163 -106 -67 -76 -1 -118 -283 -7 -346 -256 -325 -295 -55 -73 -40 -49 -211 0
-61 -191 -106 -118 -163 -346 -217 -76 -290 -259 -295 -283 -115 -325 -355 -55 -256 -62 0
326 -290 -76 -118 -191 -346 -224 -31 -55 -7 0
139 -37 -217 -163 -115 -40 -355 -186 -36 0
165 -229 -37 -186 -217 -40 0
257 -259 -217 -163 -40 -208 -283 -325 -76 -118 -346 -55 -7 -106 -295 -115 -355 -256 0
290 -259 -325 -49 -283 -118 -7 -76 0
327 -225 -228 -55 -7 0
164 -63 -355 -115 -37 -185 -217 -40 0
358 -295 -118 -76 -49 -115 -217 -106 -163 -40 -283 -325 -55 -7 -346 -256 -208 -67 -1 -211 0
258 -290 -191 0
-290 -191 -118 326 -346 -76 -55 -7 -256 0
290 -185 -163 -40 -138 -156 -118 -76 -13 -325 -49 -283 -7 0
326 -295 -118 -76 -49 -115 -217 -106 -163 -40 -67 -1 -283 -7 -346 -256 -325 -55 -211 -13 0
-259 -127 -323 -115 -217 -163 -106 -67 -76 -1 -118 -283 -7 -346 -256 -325 -295 -55 -40 -49 -211 -208 257 -260 0
165 257 -290 -323 -115 -217 -163 -106 -67 -76 -1 -118 -283 -7 -346 -256 -325 -295 -55 -40 -49 -211 -208 -260 -153 -186 0
-259 -191 -323 -290 -115 -217 -163 -106 -67 -76 -1 -118 -283 -7 -346 -256 -325 -295 -55 -40 -49 -211 -208 -260 0
-191 -290 -155 -76 -137 -118 -323 -115 -217 -163 -106 -67 -1 -283 -7 -346 -256 -325 -295 -55 -40 -49 -211 -208 -260 -153 -186 0
191 327 -55 -7 -346 -256 0
361 -49 -118 -76 -217 -163 -106 -67 -1 -283 -7 -346 -55 -40 -208 -13 0
261 -194 -163 -217 -151 -191 -38 -290 -283 0
291 -203 -170 -23 -265 -138 -49 -118 -174 -194 -76 -38 0
116 -259 -256 -55 -118 -49 -208 -163 -217 -290 -170 -76 -283 -191 -151 -13 -67 -7 -297 0
115 -62 -163 -106 -217 -1 -160 -67 -7 -297 -170 0
164 -11 -233 -286 -106 0
-191 -290 -40 -163 -49 -346 -118 -67 -7 -76 -13 -106 -256 -55 -208 -217 -283 -1 -160 -100 0
218 -296 -208 -171 -116 -37 0
297 -230 -208 -171 -87 -116 0
119 -300 -204 -217 -163 -37 -40 -186 -115 139 -24 -179 -84 -49 0
-290 -256 -49 -118 -217 -163 -40 -13 -67 -7 -208 -55 -106 -100 -346 -76 -283 -1 -160 0
165 -87 -12 -234 -217 -106 0
117 -357 -83 -24 -225 -138 -141 -106 -40 -163 -12 -217 -326 -7 -67 -346 -240 -150 -296 -38 0
-256 -208 -217 -106 -40 -163 -7 -67 -346 -100 -49 -118 -76 -13 -55 -283 -1 -160 0
291 -37 -118 -115 -190 -76 -61 -13 0
-37 -115 -118 -61 -190 -76 -13 -289 0
192 -115 -67 -361 -100 -148 -13 -346 -289 0
-115 -67 -361 -100 -13 -346 -289 -190 -118 -61 -76 0
291 -208 -85 -217 -37 -13 0
364 -100 -13 -217 -346 -118 -76 -106 -40 -163 -7 -55 -283 -1 0
-191 -300 -364 -87 -217 -163 -40 -259 -283 -76 -118 -346 -55 -7 -106 -115 -256 -287 -255 -297 -363 -290 -190 0
-295 -67 -186 -55 -7 -118 -76 -115 -217 -106 -163 -40 -283 -1 -346 -256 -13 -327 -363 -297 0
-67 -221 -323 -230 -193 -13 -186 -364 -1 -327 -363 -255 -55 -7 -118 -76 -115 -217 -106 -163 -40 -283 -346 -256 -297 0
14 -357 -63 -161 -230 -364 -193 0
210 -151 -221 -89 -323 -230 0
38 -193 -364 -13 -1 -55 -7 -118 -76 -115 -217 -106 -163 -40 -283 -346 -256 -259 -290 -190 0
365 -136 -283 -174 -142 -288 -299 -86 -356 -208 -160 0
257 -146 -16 -217 -163 -40 -259 -283 -208 -76 -118 -346 -55 -7 -106 -295 -115 -325 -256 0
-295 -61 -7 -55 -346 -256 -283 -290 -217 -163 -40 -259 -208 -76 -118 -106 -115 -88 -1 -193 -67 -13 -364 -174 -288 -299 -86 -356 -65 -362 -254 -296 0
229 -67 -13 -190 -364 -256 -193 -7 -362 -254 -55 -346 -283 -290 -217 -163 -40 -259 -76 -118 -106 -115 -1 -174 -288 -299 -86 -356 -296 -222 0
230 -75 -259 -283 -174 -364 -13 -193 0
-290 -291 -364 -118 -55 -7 -346 -283 -217 -163 -40 -76 -106 -115 -1 -37 -13 0
290 -37 -115 -76 -118 -13 0
-37 -115 -118 -76 -13 -364 -55 -7 -346 -283 -217 -163 -40 -106 -1 0
356 -25 -55 -85 -33 -115 -63 0
-25 -85 -363 -115 -326 -55 -63 -357 -33 0
231 -363 -189 -68 -83 -1 -24 -282 -115 -55 -63 -357 -33 -283 -175 -172 -166 -209 -88 0
258 -155 -283 -172 -88 -229 -189 -68 -83 -1 -24 -282 -115 -55 -175 -166 -209 -341 -293 -191 0
15 -115 -55 -100 -148 -346 -283 -172 -229 -1 -166 -118 -76 -364 -289 0
62 -342 -192 -258 -55 0
230 -362 -163 -217 -148 -115 -100 -106 -326 -322 -283 -172 -210 -88 0
-191 -156 -283 -172 -88 -62 -229 -163 -217 -148 -115 -100 -106 -210 -294 -118 -290 -346 -76 -55 -7 -258 -192 0
-115 -55 -283 -163 -217 -100 -106 -118 -346 -76 -7 -13 -1 -166 -40 0
62 -256 -76 -191 -355 -118 0
190 -157 -355 -283 -166 -106 -154 -163 -85 -118 -229 -217 -76 -37 -13 -290 0
231 -88 -193 0
-88 -193 -229 0
230 -193 -217 -163 -283 -259 -364 -13 -37 0
-290 -256 -13 -217 -163 -283 -37 -191 -355 -166 -106 -85 -118 -76 -253 -169 -295 -100 -361 -364 0
-256 -191 -166 -355 -106 -295 -163 -85 -361 -283 -118 -217 -76 -37 -13 -253 -169 -100 -364 0
-191 -55 -118 -76 -37 -13 -166 -355 -106 -295 -163 -85 -361 -283 -217 -253 -169 -100 -364 0
-229 -193 -290 -163 -85 -283 -13 -217 -323 -37 -230 0
229 -169 -295 -100 -361 -257 -290 -85 -217 -37 -13 0
-230 -192 -55 -118 -257 -76 -290 -163 -85 -283 -13 -217 -323 -37 -229 0
367 -217 -163 -13 -118 -166 -106 -346 -7 -1 0
-193 -230 -163 -290 -283 -13 -217 -229 0
77 -287 -261 -283 -367 -118 0
257 -6 -64 -188 -315 -336 -192 -63 0
-85 -149 -367 -283 -346 -63 -64 -1 -93 -207 291 -217 -37 -13 -87 0
295 -160 -365 -255 -239 0
-37 -267 -93 -210 -367 -283 -346 -63 -1 291 -217 -13 -222 -106 -163 -39 0
256 -115 -7 -326 -57 -63 0
-230 -290 -7 -283 -346 -1 -217 -13 -106 -163 -166 -118 -229 0
-37 230 -217 -163 -283 -13 -229 -290 0
57 -157 -266 -292 -156 -118 -340 -62 0
190 -156 -138 -118 -22 -7 -327 -62 -56 -266 -129 -324 0
-290 -229 -118 -283 -13 -217 -163 -7 -346 -1 -106 -166 0
116 -55 -283 -266 -292 -118 -340 -62 -363 -355 0
61 -64 -189 -1 -92 -206 -86 -117 -283 -266 -118 -62 -191 -257 0
56 -129 -324 -118 -283 -342 -367 -33 0
285 -100 -361 -367 -325 0
39 -191 -367 -118 -346 -283 -257 -189 -1 -166 -106 -88 -163 -229 -217 0
284 -55 -191 -257 -7 -115 -62 -229 -118 -88 -367 -172 0
-55 -62 -118 -191 -257 -229 -88 -367 -172 -283 -7 -115 0
-62 -115 -7 -283 -172 -88 -257 -229 -118 -191 -367 0
-229 -283 -7 -118 -346 -1 -166 -106 -163 -217 -13 0
231 -174 -194 -38 0
56 -369 -77 -340 -118 -31 0
285 -77 -14 -194 -118 -340 -31 -292 -62 -55 -229 -38 -322 0
-364 -24 -202 -115 356 -55 -33 -63 -68 -210 -148 15 -346 -283 -172 -229 -100 -166 -118 -76 -289 0
57 -115 -137 -55 -63 -210 -148 15 -346 -283 -172 -229 -118 -289 -267 -355 -77 -363 -340 -368 -326 -31 0
231 -292 -355 -155 -118 -340 -31 -55 -137 -63 -210 -346 -283 -229 -289 -77 -363 -368 -326 -129 -14 -194 -38 0
117 -75 -221 -363 -326 -55 -31 -340 -129 -118 -89 -292 -173 -355 -85 -38 0
-191 258 -118 -283 -62 -55 0
116 -326 -283 -172 -363 -37 0
173 -364 -13 -193 -323 -229 -283 -37 0
115 -368 -323 -13 -193 -156 -229 -283 -37 -162 -363 0
120 -13 -193 -323 -229 -283 -37 -363 -355 -76 0
208 -228 -55 -225 -374 -326 -360 -127 -288 -323 -123 -87 0
362 -87 -137 -50 -366 -210 -55 -225 -374 -326 -360 -127 -288 -323 -123 -24 -171 -347 -267 -240 -149 -297 -100 0
117 -137 -24 -155 -267 -326 -363 -50 -366 -210 -55 -225 -374 -360 -127 -288 -323 -123 -347 -240 -149 -100 0
284 -158 -155 -363 -116 -24 -50 -55 -225 -374 -323 -347 -13 -193 -229 -37 -369 -259 0
258 -55 -283 -118 -62 0
173 -266 -55 -118 -62 -363 -116 -283 -37 0
-266 -37 -118 -363 -62 -229 -283 -326 -172 -55 0
-37 -172 -62 -229 -118 -283 -326 -363 -55 0
230 -195 -90 0
361 -266 -118 -62 -229 -172 -283 -55 -289 -326 0
119 -76 -289 -340 -190 0
-76 -190 -289 -340 -118 0
Solved
