93 -188 -98 0
189 -95 -328 -298 -98 -76 0
294 -105 -304 -256 -210 -168 -173 -61 0
341 -170 -298 -148 -73 -211 -139 -283 -328 -76 -313 -292 -304 -256 -61 -40 -317 -89 -325 -91 0
166 -245 -313 -273 -298 -139 -148 -64 -70 -37 -251 -304 -256 -104 0
98 -303 -148 -283 -298 -76 -178 -211 -247 -84 -193 -313 -273 -139 -64 -70 -304 -256 -325 -19 -189 -91 0
96 -154 -328 0
342 -247 -298 -76 -148 -283 -178 -211 -328 -193 -313 -139 -64 -70 -304 -256 -325 -19 -91 0
-154 -156 -94 -328 0
95 -246 -332 -252 -272 -304 -64 -278 -292 -37 -328 -313 -40 0
187 -94 -256 -105 -61 -292 -313 -40 -304 -332 -252 -272 -64 -278 -328 -98 0
189 -98 -328 -298 -76 0
329 -95 -304 -256 -105 -61 -313 -40 -292 187 -252 -272 -64 -328 -98 0
-95 -61 -298 -148 -211 -283 -313 -292 -76 -272 -280 -328 -304 -256 -105 -40 187 -252 -64 -98 0
346 -40 -1 -256 -292 -313 -136 -304 -64 -328 -298 -148 -211 -283 -76 -280 -325 -19 -91 -340 -178 -193 -139 -70 0
96 -98 -256 -95 -313 -40 -292 -64 -328 -304 -325 -189 -19 -340 -91 0
78 -310 -298 0
-310 -298 -76 0
300 -83 -1 -278 -193 -63 -168 -76 -11 0
-61 -105 -272 -89 -317 -298 -148 -211 -283 -313 -292 -76 -95 -328 -304 -256 -326 187 -252 -64 -98 0
-105 -256 -313 -98 -292 -64 -328 -304 -95 -19 -340 -91 -1 -347 -89 -317 -298 -148 -211 -283 -76 0
105 -161 -145 -326 -136 0
-98 -95 -313 -292 -64 -328 -304 -142 -19 -340 -91 -1 -298 -148 -211 -283 -76 -136 -343 -118 -193 0
325 -161 -256 -105 0
299 -256 -167 -313 -245 -298 -139 -148 -64 -70 -251 -304 -37 -193 -76 -283 342 -211 -328 -19 -91 -327 -105 -136 -319 -44 -170 -278 0
-256 -105 -25 -133 -327 -283 -118 -193 -211 -167 -148 -76 -11 -298 -313 -245 -139 -64 -70 -251 -304 -37 342 -328 -19 -91 -136 -319 -44 -170 -278 0
-105 -42 -343 -37 -170 -278 -327 -136 -25 -133 -283 -118 -193 -211 -167 -148 -76 -11 -298 -313 -245 -139 -64 -70 -251 -304 342 -328 -19 -91 -319 -44 0
-95 -298 -211 -148 -313 -139 -64 -70 -304 -136 -343 -25 -133 -283 -118 -193 -76 -328 -19 -91 -340 -292 -142 -1 0
-98 -325 -256 -278 -105 -292 -313 -304 -64 -328 -41 -280 -37 -19 -340 -245 -91 -97 -298 -76 0
300 -235 -283 -22 -136 -211 -49 -346 -148 -76 0
-325 -202 -76 -298 -283 -136 -211 -148 -193 -62 -105 -313 -256 -139 -64 -70 -245 -304 -37 -19 -340 -91 -278 -292 -328 -41 -280 -97 0
325 -256 -145 -105 -136 0
-278 -37 -298 -283 -136 -211 -148 -193 -62 -105 -313 -256 -139 -64 -70 -304 -76 -19 -340 -91 -292 -328 -41 -280 -97 -171 -279 0
278 -45 -25 -133 -280 -62 -12 -41 -298 -173 -148 -211 -145 -283 -171 -136 -1 0
188 -97 -91 0
189 -298 -328 -91 -76 0
-105 -173 -41 -142 -318 -90 -118 -211 -136 -298 -283 -148 -193 -62 -278 -313 -139 -64 -70 -304 -76 -19 -340 -91 -292 -328 -280 -97 -171 -279 0
-298 -118 -340 -76 -1 -136 -142 -91 -211 -283 -148 -193 -313 -139 -64 -70 -304 -19 -292 -328 -343 -25 -133 0
326 -98 -136 -1 -346 -73 -16 -310 -340 -76 -193 -91 0
137 -37 -70 -162 -139 -73 -310 -163 -351 -16 -1 -346 0
138 -162 -256 -304 -73 -310 -16 -346 0
327 -256 -283 -310 -340 -304 -211 -193 -16 -346 -70 -139 -73 -163 -1 -136 -91 0
137 -145 -310 -346 -16 0
-145 -310 -16 -346 -136 0
347 -265 -142 -313 -292 -304 -70 -175 -139 -73 -310 -163 -196 -16 -1 0
358 -304 -313 -292 -142 -139 -16 -1 -136 -340 -76 -91 -211 -283 -148 -193 -64 -19 -328 -343 -25 -133 0
348 -73 -142 -25 -358 -283 -211 -148 -145 -298 -136 -1 0
42 -41 -133 -25 -298 -148 -211 -145 -283 -136 -1 -193 -105 -256 -313 -37 -139 -64 -70 -304 -76 -19 -340 -91 -292 -328 -279 0
293 -278 -283 -136 -211 -148 -193 -105 -256 -313 -37 -139 -64 -70 -304 -76 -19 -340 -91 -292 -328 -41 -298 -279 -61 0
-278 -349 -325 -340 -91 -105 -41 -292 -313 -304 -64 -328 -37 -256 -19 -298 -76 -61 -283 -136 -211 -148 -193 -139 -70 -279 0
-41 -70 -328 -211 -197 -283 -1 -340 -91 -105 -292 -313 -304 -64 -37 -256 -19 -298 -76 -61 -136 -148 -193 -139 -358 -279 -133 -25 -145 0
-70 -256 -129 -304 -193 -105 -292 -1 346 -313 -136 -64 -328 -298 -148 -211 -283 -76 -19 -91 -340 -139 -37 -197 -358 -279 -133 -25 -145 0
-95 -169 -91 -313 -105 -292 -64 -328 -304 -256 -19 -340 -1 -347 -298 -148 -211 -283 -76 -61 -343 -325 -321 -41 0
-278 -41 -325 -91 -61 -105 -292 -313 -304 -64 -328 -37 -256 -19 -340 -298 -76 -1 -347 -148 -211 -283 -343 -321 -279 0
-41 -256 -133 -298 -148 -211 -145 -283 -136 -1 -292 -313 -328 -91 -61 -105 -304 -64 -37 -25 -19 -340 -76 -347 -343 -321 -279 0
-256 -37 -105 -279 -292 -91 -321 -328 -313 -64 -19 -340 -304 -133 -298 -148 -211 -145 -283 -136 -1 -25 -76 -347 -343 -129 -193 346 -139 -197 -358 0
-37 -129 -139 -358 -211 -193 -161 -105 -279 -292 -91 -321 -328 -313 -64 -19 -340 -304 -133 -298 -148 -145 -283 -136 -1 -25 -76 -347 -343 346 -197 0
-154 -94 -328 0
96 -41 -211 -283 -193 -105 -325 -340 -91 -358 -292 -313 -304 -64 -328 -256 -19 -298 -76 -61 0
-41 -105 -292 -313 -304 -64 -328 -256 -19 -340 -91 -298 -76 -136 -25 -133 -148 -211 -145 -283 -1 -61 -347 -343 -193 -358 0
-105 -256 -148 -76 -304 -247 -193 -19 -298 -61 -292 -340 -91 -313 -64 -328 -136 -25 -133 -211 -145 -283 -1 -347 -343 -358 0
-256 -298 -76 -148 -19 -91 -304 -145 -136 -247 -193 -61 -292 -340 -313 -64 -328 -25 -133 -211 -283 -1 -347 -343 -358 0
-105 -298 -358 -211 -193 -292 -91 -328 -313 -64 -19 -340 -304 -133 -139 -148 -145 -283 -136 -1 -25 -76 -347 -343 346 0
-298 -347 -358 -211 -193 -145 -136 -292 -91 -328 -313 -64 -19 -340 -304 -133 -148 -283 -1 -25 -76 -139 -343 -142 0
298 -145 -16 -136 0
-145 -25 -142 -283 -211 -148 -136 -1 -193 -292 -91 -328 -313 -64 -19 -340 -304 -133 -76 -139 -343 -16 0
62 -166 -10 -292 -313 0
315 -41 -37 -174 -166 -292 -10 0
-41 -166 -37 -193 -160 -96 -10 -313 -174 -292 0
348 -37 -160 -193 -10 -313 -292 -105 -310 -196 -136 -16 -1 0
294 -41 -37 -193 -160 -10 -313 -292 -173 -62 0
-41 -173 -211 -160 -283 -37 -95 -10 -313 -292 -193 -62 0
-37 -105 -19 -91 -358 -283 -148 -211 -160 -10 -313 -292 -193 -310 -163 -196 -16 -1 -346 -139 -136 0
348 -351 -148 -211 -160 -328 -19 -91 -187 -76 -310 -331 -196 -16 -1 0
42 -331 -211 -148 -133 -283 -19 -340 -91 -187 -76 -310 -196 -16 -1 -160 -328 0
-94 -187 -76 -310 -91 -95 -328 0
348 -187 -91 -76 -105 -310 -136 -16 -148 -211 -160 -328 -19 -331 -196 -1 0
-105 -160 -193 -142 -136 -1 -16 -310 -340 -76 -91 -196 -148 -211 -328 -19 -133 -283 -358 -313 -292 -139 0
-41 -37 -283 -160 -278 -211 -96 -45 -313 -292 -63 -174 -193 -10 0
-37 -258 -142 -117 -160 -174 -283 -278 -211 -96 -45 -313 -292 -63 -193 -10 0
361 -283 -211 -148 -19 -76 -16 -1 -328 -142 -313 -292 -193 -139 -64 -343 0
-310 -311 -193 -160 -313 -292 -105 -136 -16 -1 -37 -76 0
11 -347 -105 -145 -160 -62 -211 -136 -148 -298 0
162 -347 -62 -166 -136 -193 -145 0
-347 -173 -283 -41 -211 -37 -160 -62 -136 -193 -145 -12 -105 -148 -298 0
95 -105 -160 -148 -136 -283 -41 -37 -193 -211 -313 -292 -16 -1 -76 0
-105 -96 -313 -292 -139 -16 -1 -160 -19 -37 -91 -283 -148 -211 -193 -136 -41 -142 -76 0
161 -252 -306 -148 -258 -211 -37 0
-96 -136 -37 -41 -211 -160 -313 -292 -193 -16 -76 -283 -148 -19 -91 -361 -139 -1 -142 0
162 -105 -316 -343 -11 -170 -323 -278 -283 -211 -193 0
-105 -188 -91 -19 -148 -209 -211 -193 -37 -160 -316 -343 -11 -170 -323 -278 -283 0
-136 -160 -76 -148 -211 -37 -19 -91 -361 -193 -16 -343 -283 -292 -328 -313 -41 -139 -1 -142 0
162 -346 -16 -1 -277 -283 -148 -211 -145 0
-160 -41 -1 -283 -148 -211 -76 -37 -19 -91 -361 -193 -343 -292 -328 -313 -16 -139 -142 0
-10 -166 -313 -61 -292 -11 0
167 -134 -361 -340 -91 -193 -97 0
-166 -324 -41 -313 -292 -61 -361 -340 -91 -193 -97 -94 -11 0
104 -136 -361 -325 -91 0
-61 -10 -313 -292 -166 0
-10 -166 -94 -325 -313 -91 -361 -298 -136 -1 -347 -292 -41 0
-298 -1 -136 -313 -292 -91 -347 -148 -211 -283 -166 -10 -41 -193 0
161 -325 -41 -350 -37 0
162 -197 -10 -166 -37 -41 -292 -313 -193 -347 -136 0
160 -242 -37 -244 -41 -148 -313 -278 -211 -320 -292 -283 -91 -136 298 -146 0
-1 -10 -313 -292 -283 -166 -41 -211 -193 -37 -148 -91 -136 -347 0
161 -18 -365 -310 -292 -313 -10 -166 -41 -193 -37 0
-10 -347 -37 -41 -148 -313 -211 -292 -283 -91 -166 -193 -136 0
-160 -161 -283 -41 -211 -37 -347 -136 -193 -12 -148 -292 -322 -166 -298 0
213 -310 -347 -298 -283 -148 0
-310 -145 -347 -136 -298 -283 -148 -211 0
294 -173 -41 -313 -94 0
168 -189 -51 -91 -94 -164 -279 -136 -347 -193 -62 0
-278 -246 -37 -333 -325 -292 -313 -256 -19 -91 -298 -76 -161 -145 -136 -134 167 -193 -189 -41 -94 -171 -279 0
346 -173 -41 -298 -12 -148 -211 -145 -283 -136 -189 -91 -325 -37 -333 -292 -313 -256 -19 -76 -161 -134 167 -193 -94 -279 0
212 -161 -292 -313 -91 -37 -136 -193 -41 -347 -148 -211 -283 -166 0
277 -349 -325 -91 -99 -245 -188 -298 -76 96 -170 0
168 -16 -188 -165 -91 -325 -145 -136 -1 -278 -298 -76 -41 -94 -313 -247 -292 -193 -61 0
-161 -347 -136 -292 -91 -193 -166 -41 -313 -283 -148 -211 -37 0
-347 -41 -283 -148 -166 -292 -211 -193 -37 -136 -91 -313 0
168 -76 -346 -136 -211 300 -148 -283 -105 -325 -340 -91 -193 -97 0
-76 300 -292 -193 -1 -166 -346 -136 -211 -148 -283 -105 -91 -198 -147 -328 -298 0
-298 -41 -37 -313 -292 -193 -166 -136 -211 -148 -283 -91 0
-145 -321 -41 -2 -166 -37 -292 -10 -313 -279 -283 -76 -310 -136 -346 -147 0
-1 -94 -283 -160 -310 -10 -292 -313 -166 -41 -193 -37 -136 -148 -105 -76 -62 -211 -196 -2 0
-94 -17 -310 -292 -313 -10 -166 -193 -160 -211 -283 -279 -41 -37 -136 -148 -105 -76 -62 -196 -2 0
-41 -148 -166 -37 -313 -292 -211 -283 -136 -193 -91 0
300 -346 -136 -211 -76 -148 -283 -325 168 -91 -193 -189 0
-346 -196 -283 -136 -211 -148 -298 -76 -325 168 -91 -193 -189 0
284 -305 -302 -91 -99 -189 -76 -333 -298 -374 -148 -322 -211 0
314 -76 -189 -91 -148 -211 -283 -333 -136 -193 -162 -166 -210 -173 -292 0
-76 -189 -91 -211 -136 -283 -162 -193 -166 -313 -292 -95 -148 -333 -210 -173 0
212 -310 -136 -298 -283 -148 -211 -162 0
-148 -37 -292 -136 -283 -211 -91 -193 -166 -313 0
293 -189 -278 -166 -3 -37 -198 -41 -323 -94 -11 -313 0
167 -286 -73 -139 -209 -157 -37 -94 -193 93 0
98 -31 -331 -152 -236 -302 -282 -340 -244 -156 0
299 -325 -331 -37 -193 -166 -73 -94 -91 -236 -41 -313 -292 -278 -323 -145 -136 -16 -365 -346 -76 0
99 -172 -292 -323 300 -193 -278 -76 -1 -340 -166 0
-325 -346 -313 -41 -166 -91 -323 -193 -278 -76 -298 -136 -292 -331 -37 -236 -365 0
-346 -41 -365 -76 -360 -313 -292 -298 -278 -166 -37 -323 -136 -193 -162 -91 -331 -236 0
187 -309 -214 -59 -7 -171 -236 -51 -278 -303 -84 -329 -155 -98 0
167 -214 -76 -236 -278 -145 -136 -91 -162 -37 -94 -41 -313 -174 -247 -292 -193 -61 0
-41 -278 -76 -91 -136 -298 -313 -292 -193 -162 -166 -236 -37 -323 -365 -360 -331 0
279 -1 -196 -136 -145 0
277 -228 -305 -251 -220 -106 -105 -325 -91 -189 -99 -94 -170 0
213 -76 -298 -136 -91 -193 -166 -370 -292 -313 -331 -37 -283 0
-41 -246 -161 -91 -145 -166 -136 -193 -188 -298 -1 -313 -292 -324 294 -94 0
294 277 -106 -91 -189 -94 -166 -331 -161 -37 -145 -136 -193 -298 -313 -292 -324 -370 0
162 -207 -225 -54 -1 -256 -145 -166 -136 -193 -62 0
-347 168 -91 -279 -62 -189 -136 -76 -193 -298 0
168 -325 -41 -136 -1 -91 -279 -62 -189 -76 -193 -298 -173 -97 0
-325 -8 -237 -97 -91 -193 -161 -136 -324 -12 -166 -41 -1 -279 -62 -189 -76 -298 -173 0
277 -76 -331 -298 -166 -193 -37 -136 -161 -237 -91 -324 -279 -366 -313 -292 -370 0
-173 -189 -205 -256 -237 -286 -303 -325 -91 -193 -161 -136 -324 -166 -41 -1 -279 -62 -22 -76 -298 -98 -363 -370 -170 -11 -351 -313 -209 -292 -172 0
173 -11 -348 -298 -62 -324 -292 0
167 -41 -313 -76 -351 -298 -292 -205 -237 -286 -91 -193 -161 -136 -324 -166 -1 -279 -363 -370 -170 -172 -348 -105 0
-173 -210 -286 -37 -368 -99 -91 -186 -76 -298 -370 -170 -348 -351 -366 -313 -63 -41 -292 -172 0
-41 -286 -324 -292 -313 -37 -91 -186 -76 -298 -370 -170 -348 -351 -366 -172 -193 -166 -205 -237 -161 -136 -1 -279 -363 -105 0
-1 -324 -313 -292 -37 -91 -76 -298 -370 -170 -348 -366 -193 -166 -237 -161 -136 -279 -363 -105 -197 -2 0
-41 -173 -170 -154 -159 -313 -349 -94 -37 -292 -272 -40 0
-173 -154 -166 -188 -94 -37 -170 -159 -313 -349 -292 -272 -174 0
-76 -37 -292 -166 -313 -91 -193 -136 -283 -211 0
-94 -41 -91 -187 -37 -136 -173 -298 -211 -310 -283 -364 -313 -292 0
-1 -171 -145 -196 -62 -241 -244 -7 -136 -278 0
293 -145 -310 -298 -136 -196 -62 -241 -244 -7 -283 -364 -313 0
42 -173 -310 -136 -364 -292 -298 -241 -313 -193 -166 -91 -331 -187 -283 -37 0
-94 -145 -136 -279 -310 -154 -95 0
348 -1 -196 -136 -145 0
347 -1 -196 -136 -145 0
346 -279 -136 -170 -145 -244 -310 -63 -17 0
-1 -346 -196 -136 -145 0
294 -42 -310 -136 -91 -187 -211 -37 -283 -298 -364 -313 -173 0
63 -245 -91 -187 -166 0
-346 -1 -145 -310 -298 -12 -323 -173 -136 0
-61 -145 -298 -136 293 -241 -310 -283 -364 -313 -173 -91 -187 -166 -292 0
-145 -173 -310 -136 -298 293 -241 -283 -364 -313 -91 -187 -166 -292 0
-173 -37 -193 -166 -136 -283 -313 -91 -292 -211 0
-37 -166 -136 -292 -313 -193 -211 -283 -91 0
294 -1 -187 -91 -145 -160 -193 -166 -136 -313 -173 0
146 -96 -40 -173 -298 -1 -136 -145 -166 -193 -62 -160 0
-1 -173 -187 -166 -136 -145 -91 -208 -193 -160 -40 -298 -313 -292 0
147 -184 -91 -187 -157 -208 -166 -298 -283 -193 -346 -277 -196 -160 -136 0
1 -298 -157 -91 -187 -208 -166 -283 -193 -160 -136 -145 0
-298 -145 -211 -193 -313 -166 -292 -136 -283 -91 0
-1 -173 -211 -166 -283 -193 -292 -91 -145 -136 -313 0
162 -364 -76 -283 -310 -211 -145 0
-145 -166 -211 -136 -193 -313 -283 -292 -91 0
348 -1 -175 -302 -305 -99 -91 -44 -327 -170 -105 -279 -298 -136 -17 -237 0
347 -1 -302 -175 -140 -157 -310 -196 -298 -134 0
-97 -99 -187 -91 0
-1 -134 -302 -175 -140 -157 -196 -279 -170 -244 -310 -63 -17 -298 -305 -99 -91 -44 -327 -105 -136 -237 0
361 -190 -175 -305 -134 0
162 -173 -136 -91 -313 -298 -292 -283 -166 -211 -193 0
348 -8 -115 -257 -104 -141 -45 -360 -157 -310 -298 -1 0
170 -1 -175 -303 -306 -187 -91 -326 -104 -136 -115 -257 -141 -45 -360 -157 -310 -298 -236 -62 -166 0
74 -191 -303 -135 -288 -175 0
2 -18 -298 -310 -303 -135 -175 -141 -157 -196 0
-1 -278 -171 -2 -175 -303 -306 -187 -91 -326 -104 -136 -115 -257 -141 -45 -360 -157 -310 -298 -236 -62 -166 0
304 -352 -115 -204 -164 -257 -251 0
177 -340 -303 -135 -236 -190 0
176 -120 -115 -204 -164 -257 -360 -141 -306 -75 0
-173 -298 -91 -136 -166 -313 -292 -283 -211 -193 0
-298 -166 -283 -193 -211 -292 -91 -136 -313 0
-283 293 -310 -18 -303 -141 -196 -1 -136 -61 -298 -313 -173 -91 -166 -292 -285 0
278 -157 -162 -147 -91 -104 -241 -196 -184 -204 -136 -1 0
-292 -303 -141 -75 -173 -196 -298 -310 -18 -164 -162 -1 -136 -147 -91 -61 -313 -166 -285 -294 0
174 -162 -187 -166 -61 -193 -108 -91 -241 -147 -1 -196 0
-162 -141 -193 -61 -166 -75 -173 -196 -298 -310 -18 -164 -1 -136 -147 -91 -313 -285 -294 -108 0
312 -313 -1 -196 -173 -91 -61 -166 -193 -298 -310 -136 -16 0
294 -45 -136 -310 346 -279 -17 -193 -162 -166 -313 0
167 -45 -165 -247 -91 -187 -166 -193 -61 0
159 -279 -310 -136 -95 -162 -193 -187 -91 -166 -173 -293 346 -17 -313 0
168 -279 -284 -175 -136 -310 346 -17 -146 -303 -162 -193 -187 -91 0
147 -272 -153 -32 -252 -55 -134 -284 -304 -192 -279 -175 -136 0
3 -162 -187 -91 -166 -193 -241 -1 -196 -146 -284 -136 -173 -293 -12 -310 346 -17 -74 -140 -95 -313 -184 0
-162 -293 -193 -166 -173 -146 -196 -1 -187 -91 -241 -284 -136 -12 -310 346 -17 -74 -140 -95 -313 -184 0
-292 -279 -166 -193 -91 -136 -313 -302 -175 -74 -140 -196 -184 -1 -298 -165 -171 -45 -173 -293 0
41 -287 -302 -340 -74 -98 -91 -140 -327 -158 -351 -39 0
-279 -24 -105 -136 -161 -327 -368 -210 -154 -39 -302 -340 -74 -98 -91 -140 -184 -1 -196 -173 -166 -193 -313 -175 -298 -165 -171 -45 -293 0
-313 346 -173 -196 -136 -1 -166 -193 -298 -310 -91 0
294 -145 -94 -310 -279 -136 -187 -91 -16 -166 -364 -61 0
-145 -162 -1 -196 -173 -187 -166 -61 -193 -279 -91 -241 -310 -10 -16 -364 -292 -94 -136 0
-162 -279 -1 -173 -166 -61 -193 -91 -196 -94 -310 -43 -292 -298 -10 -16 -136 0
-279 -169 -94 -91 -61 -166 -193 -1 -173 -196 -310 -43 -292 -298 -10 -16 -136 0
346 -173 -91 -136 -1 -193 -166 -196 -310 -298 0
167 -74 -173 -175 -227 -158 -363 -187 -91 -165 -248 -160 -193 -105 0
139 -358 -74 -72 0
-283 -238 -192 -206 -98 -175 -340 -91 -305 -141 -74 -72 -331 -374 -150 -322 -136 -173 -298 -313 162 -166 -292 -193 -285 0
293 -143 -302 -74 -287 -175 -368 -279 -192 -206 -98 -340 -91 -305 -141 -331 -374 -150 -322 -136 -173 -298 162 -166 -292 -193 -95 -115 -45 -165 -17 -364 0
172 347 -1 -310 -196 -298 -91 -136 -173 -166 -193 0
41 -213 -74 -287 -302 -352 -340 -258 -98 -105 -91 -327 -70 -351 -158 -39 0
-173 -196 -1 -310 -91 -298 -136 -166 -193 -348 0
-292 -328 -166 -61 -323 -187 -91 -283 -364 -293 0
168 -283 -310 -298 -136 -347 -16 -147 -41 -162 -328 -209 -193 -91 -61 0
284 -74 -162 -41 -350 -303 -159 -288 -95 -147 -310 -16 -364 0
285 -11 -298 -16 -310 -323 0
277 -162 -191 -288 -147 -91 -350 -41 -159 -310 -16 -298 -323 -166 -193 -61 -136 -347 -209 -293 0
284 -74 -44 -159 -313 -310 -364 -162 -41 -350 -303 -288 -147 -16 0
163 -257 -128 -104 -23 -49 -204 -116 0
-162 -41 -91 -323 -298 -310 2 -196 -16 -116 -293 -166 -61 -247 -193 -136 -1 -288 -147 -209 0
-196 -193 -91 -166 -136 -298 -310 -1 -348 0
293 -98 -1 -91 -241 -187 -272 -205 -84 -49 -23 -104 -162 -136 -145 -310 -16 -209 -364 -172 0
-97 -98 -187 -91 0
-279 -37 -298 -136 -347 -310 -145 -1 -153 -107 -272 -340 -91 -162 -42 -154 -95 -278 0
174 -107 -136 -91 -98 -104 -272 -23 -145 -202 -1 -298 -347 -310 -153 -162 -95 -278 -209 0
365 -98 -91 -145 -136 -104 -272 -23 -1 -298 -16 -310 -11 -172 -162 -209 -164 0
242 -235 -176 -141 -75 -25 -203 -247 167 -91 -187 -166 -193 -61 -313 -149 -96 -332 -152 -279 -321 -108 -7 0
-188 -176 -75 -141 -285 -279 -184 -1 -241 -203 -247 167 -91 -187 -166 -193 -61 -313 -149 -96 -152 -321 -108 -7 -363 -37 0
167 -16 -1 -91 -166 -193 -162 -136 -298 -145 -310 -205 -172 0
277 -151 -205 -332 -136 -298 -310 -145 -162 -16 168 -41 -209 -193 -91 0
189 -279 -136 -145 -310 -1 -205 -298 -162 -16 168 -193 -91 0
278 -204 -165 -136 -310 -145 346 -63 -244 -279 0
-279 -16 -298 -136 -310 -145 -91 -205 -162 -1 168 -193 0
-16 -162 -310 -145 -136 -1 -91 -205 -298 -193 -166 -172 0
347 -145 -310 -298 -136 0
-188 -85 -1 -205 -241 -24 -152 -108 -105 -273 -327 -340 -91 -98 -187 0
-193 -348 -91 -298 -310 -136 -166 -1 0
306 -208 -166 -257 -104 0
251 -306 -57 0
189 -340 -257 -104 -202 -49 -82 -332 -166 -38 0
-340 -279 -136 -310 -145 -1 -153 -298 -91 -162 -95 -107 -278 -38 -166 -257 -104 -61 -177 -237 -301 -362 -326 -82 -332 0
-97 -187 -91 0
348 -145 -310 -298 -136 0
-279 -145 -310 -136 -298 -91 -162 0
37 -271 -340 -244 -362 -61 -166 -172 -257 -104 -42 0
-145 -162 -136 -310 -298 -91 0
39 -1 -196 -279 -136 -104 -326 -91 -187 0
63 -202 -200 -1 -309 -224 -275 -22 -54 -7 -83 -169 -91 -136 -298 -310 -196 0
-348 -346 -83 -22 -91 -136 -298 -310 -196 -1 0
277 -22 -261 -54 -7 -196 -298 -1 -83 -91 -136 -310 -62 -200 -309 -224 -275 0
103 -83 -62 -91 -136 -298 -310 -1 -162 -104 -279 -261 -200 -224 -275 0
3 -313 -169 -91 -187 -62 -174 -347 -196 0
-188 -261 -174 -1 -91 -62 -279 -136 -104 -298 -310 -162 0
167 -1 -91 -279 -136 -104 -298 -310 -162 0
-1 -279 -91 -104 -136 -298 -310 -162 0
-279 -104 -91 -136 -298 -310 -162 0
-188 -352 -204 -11 -59 -171 -307 -9 -52 -275 -191 -175 -174 -304 -257 -104 -159 -42 -38 -91 -187 0
284 -324 -174 -364 -292 0
305 -292 -352 -174 -25 -285 -364 -209 -133 -225 -191 -175 0
348 -25 -352 -303 -288 -175 -166 -257 -104 -304 -174 -285 -209 -133 -225 -191 -310 -298 -62 0
105 -174 -285 -191 -175 -310 -108 -171 -288 -91 -136 -298 -196 -1 -347 -257 -104 -362 -204 -9 -275 -159 -38 -350 -326 0
173 -163 -298 -216 -25 -354 -59 -204 -128 -49 -22 -259 -166 -208 0
210 -59 -204 -25 -49 -216 -22 -12 -259 -166 0
-1 -204 -194 -298 -128 -38 -91 -326 -257 -104 -285 -175 -310 -171 -136 -196 -347 -362 -3 0
168 -27 -128 -204 -49 -302 -249 -83 -194 -104 0
22 -224 -11 -174 -364 -292 -302 -285 -27 -190 -175 -306 -257 -128 -104 0
23 -236 -194 -302 -249 -178 0
155 -330 -96 0
103 -23 -272 -164 -282 -187 -204 -349 -91 -49 -326 -257 -274 -9 0
189 22 -11 -364 -292 -285 -27 -190 -175 -257 -128 -104 -209 -166 -340 -38 0
-23 -274 -362 -91 -187 -11 -364 -285 -190 -175 -257 -128 -104 -38 -63 -272 -164 -282 -204 -349 -49 -326 -9 0
105 -308 -53 -326 -257 0
341 -104 -257 -326 -9 -171 -45 -244 -231 -91 -274 -98 -84 0
-104 -162 -310 -298 -136 -91 0
208 -281 -349 -287 -40 -143 -38 0
311 -164 -298 -18 0
284 -216 -225 -134 -12 -298 -310 -204 -279 0
177 -143 -183 -287 -304 -74 0
223 -191 -134 0
256 -204 -298 -123 -60 -12 -307 -225 -134 -175 -287 -212 -283 -310 -279 -25 -354 0
284 -322 -134 -25 -363 -225 -12 -298 -310 -204 -279 0
26 -173 -196 -210 -349 -306 -336 -363 -276 0
10 -337 -196 -63 -244 -276 -307 -201 -54 -134 -225 -25 -210 -349 -306 -336 -363 -283 -12 -298 -310 -204 -279 0
-216 -336 -349 -276 -201 -8 -134 -54 -323 -225 -283 -215 -12 -298 -310 -204 -279 0
342 -175 -196 -363 -210 -8 -12 -298 -310 -279 -63 -257 -60 -212 -129 -326 -23 -91 -301 -82 0
202 -157 -184 -364 -275 -283 -25 -252 -279 -60 -57 0
Solved
