319 -483 -409 -354 -88 -93 -31 -192 -347 -252 0
200 -460 -70 -289 -409 -354 -88 -31 -295 -181 -176 -59 -394 -262 -363 -325 -99 0
265 -485 -238 -308 -36 -95 0
94 -192 -85 -273 -310 -36 -447 -93 -75 -12 -279 -40 -308 0
-192 -93 -354 -36 -423 -308 -166 -95 -85 -273 -310 -447 -75 -12 -279 -40 0
-93 -178 -70 -171 -377 -115 -319 -455 -16 -238 -36 -20 -273 -131 -95 -40 -418 -59 -308 -75 -176 -279 -12 -88 -439 -409 -31 -354 -205 -469 -85 -467 -325 -310 -423 -166 -447 0
494 -70 -176 -88 -409 -273 -36 -325 -262 -394 -295 -377 -16 -238 -95 -40 -418 -59 -308 -75 -439 -354 -205 -85 -423 -166 -447 -363 -99 -201 -289 -338 -385 -340 -157 -79 -84 -228 0
497 -88 -176 -409 -273 -36 -325 -262 -394 -295 -377 -16 -238 -95 -40 -418 -439 -205 -85 -166 -363 -99 -289 -385 -340 -157 -79 -84 -148 -244 -412 -315 -208 -37 0
54 -250 -319 0
-250 -52 -319 0
307 -437 -47 -353 -176 -60 -394 -262 -205 -325 -319 -273 -238 -95 -36 0
352 -371 -131 0
498 -47 -176 -394 -262 -205 -325 -273 -238 -95 -36 -99 -244 -363 -208 -37 0
277 -482 -84 -176 -409 -273 -36 -325 -262 -394 -295 -377 -16 -238 -95 -40 -418 -439 -205 -85 -166 -363 -99 -289 -385 497 -148 -244 -412 -315 -208 -37 -340 0
309 -277 -40 0
353 -319 -84 -99 -385 -273 -36 -40 -176 -409 -325 -262 -394 -295 -377 -16 -238 -95 -418 -439 -205 -85 -166 -363 -289 497 -148 -244 -412 -315 -208 -37 -340 0
-319 -36 -84 -273 -176 -40 -95 -85 -166 -99 -385 -409 -325 -262 -394 -295 -377 -16 -238 -418 -439 -205 -363 -289 497 -148 -244 -412 -315 -208 -37 -340 0
503 -409 -85 -40 -385 -394 -325 -166 -295 -16 -238 -439 -205 -289 -148 -244 -208 -37 -496 -301 -163 -274 0
-277 -307 -40 0
327 -59 -394 -243 -262 -205 0
309 -352 -362 -98 -37 -496 -208 -244 0
34 -340 -85 -83 -37 -496 -208 -244 -96 -362 -98 -394 -262 -325 -205 -177 -40 -272 0
191 -354 -37 -496 -58 -394 -241 -262 -205 -325 0
-354 -58 -148 -208 -423 -496 -37 -362 -52 -192 -244 -394 -241 -262 -205 -325 0
175 -277 -40 -362 -98 -412 -409 -496 -370 -37 -148 -208 -423 -52 -192 -244 -394 -241 -262 -205 -325 0
58 -159 -83 -340 -37 -496 -471 -412 -409 -137 -443 -494 -266 0
307 -362 -37 -148 -208 -496 -52 -192 -244 -394 -241 -262 -205 -325 -83 -340 -471 -412 -409 -40 -177 -98 -166 -96 0
-319 -255 -138 -70 -304 -487 -170 -52 -378 -16 -117 -429 -362 -20 -439 -98 -205 -200 -325 -192 0
505 -148 -439 -205 -325 -166 -85 -295 -37 -496 -208 -16 -244 -40 -394 -238 -301 -163 -502 -385 0
52 -340 -266 -201 -56 -70 -414 -259 -362 -163 -301 -34 -393 -273 0
59 -95 -40 -315 -163 -301 -362 -70 -414 -439 -339 -205 -312 -380 -325 -192 -64 -262 -91 -394 0
191 -312 -325 -64 -91 0
165 -181 -295 -250 -74 -40 -231 -95 0
352 -192 -205 -309 -362 -301 -163 -295 -74 -40 -339 -325 -64 -60 -315 -70 -414 -439 -262 -394 -85 -166 -422 0
59 -493 -175 0
177 -342 -339 -293 -311 -4 -85 -459 -229 -122 -28 -186 -276 -502 -493 0
-307 -227 -502 -483 -339 -311 -4 -85 -459 -28 -35 -394 327 -262 -205 -95 -505 -315 -163 -82 -301 -97 -132 -372 -40 -74 -309 0
361 -10 -385 -82 -301 -163 -95 -502 -483 -339 -311 -4 -85 -459 -28 -35 -394 327 -262 -205 -505 -315 -132 -372 -40 -74 -309 -414 0
250 -95 -40 -163 -301 -362 -385 -502 -483 -339 -4 -85 -394 -262 -205 -505 -315 -132 -372 -74 -309 -414 -439 -468 -325 -93 -192 0
326 -93 -394 -262 -192 0
303 -98 -362 0
-307 -250 -502 -414 -446 -339 -394 327 -262 -205 -95 -315 -163 -301 -362 -132 -372 -74 -309 -40 0
82 -176 -60 -40 -315 -163 -301 -362 -70 -414 -439 -339 -205 -95 -380 -325 -192 -64 -262 -312 -394 -182 -468 -342 0
-95 -192 -64 -325 -468 -385 -60 -40 -315 -163 -301 -362 -70 -414 -439 -339 -205 -262 -394 -502 -295 -85 -132 -166 -372 -446 -74 -309 -483 -4 -505 -93 0
190 -493 -339 -276 -394 327 -262 -205 -34 -295 -272 -311 -252 -319 0
-192 -339 -385 -394 -262 -205 -295 -414 -362 -315 -85 -301 -309 -166 -163 -64 -325 -60 -40 -70 -439 -502 -446 -74 -4 -505 -353 -422 0
308 -362 -37 -496 -208 -244 -85 -394 -262 -325 -205 -40 -272 -502 -57 -163 -301 -132 -372 -36 0
-95 -493 -36 -394 -262 -205 -325 -238 498 -244 -208 -37 -301 -265 -163 -94 0
498 -262 -163 -394 -301 -205 -325 -238 -244 -208 -37 -496 -85 -40 -502 -385 -295 -166 -439 -4 -505 -148 0
-98 -95 -37 -496 -208 -244 -308 -362 -163 -301 -97 0
190 -36 -319 -273 0
-274 -482 -175 -85 -40 -385 -394 -325 -166 -295 -16 -238 -439 -205 -289 -148 -244 -208 -37 -496 -301 -163 -502 -275 0
192 -294 -4 -85 -493 -229 -175 -28 -502 -185 -57 -40 -385 -394 -325 -166 -295 -16 -238 -439 -205 -148 -244 -208 -37 -496 -301 -163 -275 -84 -262 0
-307 -275 -262 -85 -40 -385 -325 -166 -295 -16 -238 -439 -205 -148 -244 -208 -37 -496 -301 -163 -502 -394 -4 -493 -57 -84 -319 -273 -95 0
241 -178 -462 -70 -228 -289 -493 -380 -59 0
192 -277 -385 -157 -84 -467 -92 0
326 -273 -241 -319 -205 -192 0
-95 -362 -40 -385 -394 -325 -166 -295 -16 -238 -439 -205 -148 -244 -208 -37 -496 -301 -163 -502 -262 -4 -85 0
-273 -192 -276 -289 -57 -70 -262 -266 -325 -319 -205 -505 -148 -208 -354 -496 -37 -423 -362 -244 -394 -272 0
-192 -228 -83 -266 -443 -57 -338 -276 -238 -311 -201 -325 -394 -59 -262 -205 -289 -70 -319 -505 -148 -208 -354 -496 -37 -423 -362 -244 -272 0
-362 -262 -37 -496 -208 -244 -325 -238 -394 -385 -205 -148 -85 -301 -166 -163 -40 -295 -16 -439 -502 -4 0
-319 -380 -295 -273 -192 -205 326 -320 0
-307 -119 -47 -338 -341 -184 -84 -95 -40 -177 -159 -308 0
307 -130 -354 -423 -166 -95 0
-319 -192 -262 -85 -40 -385 -325 -166 -295 -16 -238 -439 -205 -148 -244 -208 -37 -496 -301 -163 -502 -394 -4 0
263 -192 -85 -273 -338 -36 -447 -75 94 -279 -40 -308 -385 -413 -84 -228 -31 -394 -346 0
-192 -262 -85 -385 -394 -325 -166 -295 -16 -238 -439 -205 -148 -244 -208 -37 -496 -301 -163 -502 -40 -4 0
-262 -502 -4 -85 -325 -40 -385 -394 -166 -295 -16 -238 -439 -205 -148 -244 -208 -37 -496 -301 -163 0
96 -413 -37 -496 -208 -244 -301 -307 -163 0
309 -182 -163 -301 -85 -37 -229 -496 -73 -28 -273 -208 -184 -192 -244 -40 -34 0
56 -307 -208 -244 -496 -163 -301 -85 -37 -273 -192 -40 -95 -502 0
309 -28 -295 -163 -301 -85 -37 -496 -73 -273 -208 -184 -192 -244 -40 -34 -95 0
-131 -371 -353 0
-307 -273 -163 -84 -301 -37 -496 -208 -244 -40 -295 -85 -95 -192 -502 -55 0
56 -319 -40 -205 -325 -346 -273 -192 -435 -20 307 -166 -95 -148 -244 -315 -208 -37 -496 -200 -502 -412 0
310 -11 -84 -385 -342 -325 -64 -312 -339 -192 0
177 -319 -346 -227 -84 -295 -342 -273 -339 -192 -312 -385 -325 -64 -277 0
-362 -312 -192 -84 -346 -295 -273 -385 -325 -148 -244 -208 -496 -502 -55 -40 -205 307 -166 -95 -37 303 0
-273 -84 -148 -208 -166 -95 -496 -37 -192 -244 -346 -295 -385 -325 -502 -55 -40 -205 -85 -301 -163 0
-308 -362 -208 -37 -244 -496 -307 -95 -163 -301 -98 0
275 -502 -55 0
-95 -273 -346 -325 -192 -85 -37 -496 -208 -502 -244 -40 -55 -163 -301 -16 -148 -166 -295 -385 -205 0
309 -362 -37 -496 -273 -208 -192 -244 -34 0
497 -345 -277 -502 -157 -226 -55 -148 -443 -244 -266 -362 -208 -60 -37 0
-319 -157 -423 -244 -208 -37 -496 -277 -502 -148 -226 -55 -443 -266 -362 -241 -466 -205 -192 -325 -273 -52 0
363 -370 -423 -148 -244 -208 -496 -98 -37 0
498 -277 -385 -83 -467 -92 -423 -148 -201 -244 -412 -208 -37 0
-273 -192 -502 -55 -148 -244 -208 -37 -496 -205 -385 -325 -301 -166 -163 -346 -85 -40 -16 -295 0
246 -243 -346 -205 -439 -470 -250 -98 -310 -362 -148 -244 -208 -496 -37 -85 -166 -96 -308 0
-192 -346 -295 -502 -85 -55 -166 -37 -496 -208 -244 -163 -301 -148 -205 -439 -385 -325 -40 -16 0
308 -273 -362 -301 -353 -36 0
96 -52 -121 -353 -362 -486 -70 -301 -265 -163 0
-273 -414 -55 -339 -362 -312 -148 -244 -208 -496 -37 -85 -301 -166 -163 -121 -353 -70 -60 -243 -238 -36 -309 0
209 -55 -344 -312 -148 -244 -208 -496 -37 -85 -166 -36 -275 -163 -301 -121 -243 -238 0
-98 -157 -501 -341 -470 -338 -312 -85 -166 -301 -37 -496 -208 -244 -308 -362 -163 -97 0
-307 -20 -16 -52 -131 -319 -346 -335 -470 -344 -47 -312 -119 -85 -435 -184 -40 -95 -37 -496 -208 -244 -301 -413 -163 -308 0
-362 -385 192 -354 -423 -166 -16 -346 -344 -85 -40 -37 -496 -208 -244 -301 -413 -163 -308 -447 -501 -338 -502 -200 -55 -363 0
508 -496 -37 -40 -208 -244 -301 -163 -166 -16 -85 -238 -205 -325 -295 -439 -4 -394 0
36 -183 -339 -340 -48 -401 -486 -470 -238 0
82 -339 -85 -229 -120 -446 -276 -362 -301 308 -353 -48 -238 -175 -265 -493 -442 -31 -227 0
-98 -163 -95 -301 -208 -37 -244 -496 -362 -308 0
-192 -341 -312 -275 -325 -91 -190 -37 -496 -362 -208 -273 -244 309 0
-341 -421 -166 -85 -312 -442 -228 -84 -466 -325 -91 -275 -190 -37 -496 -362 -208 -273 -244 309 0
341 -59 -493 -228 -275 -84 -57 0
-192 -312 -47 -280 -307 -178 -265 -84 -57 -442 -341 -325 -364 -273 -275 -190 -37 -496 -362 -208 -244 309 0
504 -186 -482 -31 -435 -279 -144 -42 -258 -470 -275 0
46 -475 -329 -294 0
444 -260 -70 -344 -265 0
41 -52 -70 -265 -442 -344 -415 -487 -319 -178 -18 -516 0
-52 -70 -470 -493 -31 -435 -279 -42 -402 -265 -442 -344 -415 -487 -319 -178 -18 -516 -503 -482 -144 -258 -275 -29 0
52 -18 -59 -206 -307 -516 -273 -493 0
176 -450 -273 -447 -243 -329 -294 -59 -47 -493 -181 0
Solved
