209 -181 -31 -40 -175 -13 -10 0
211 -31 -40 -175 -10 -208 0
143 -130 -211 -10 -178 -175 -31 -40 -202 0
-130 -142 -211 -10 -178 -175 -31 -40 -202 0
32 -37 -40 0
-37 -31 -40 0
13 -211 -10 -178 -175 -31 -40 -202 0
214 -40 -10 -175 -178 -202 0
33 -13 -124 -193 -214 -40 0
-13 -31 -214 -40 -193 0
-31 -178 -10 -175 -40 -202 -193 0
41 -214 -43 -127 -202 -193 -115 -10 -37 0
217 -10 -43 -127 -202 -175 0
15 -154 -162 -1 -209 -124 0
14 -124 -132 0
-31 -132 -163 -10 -175 -40 -202 -162 -1 -33 0
42 -40 -163 -175 -10 -202 -1 -217 0
-13 -31 -1 -173 -131 -40 -161 -210 -175 -10 0
-31 -131 -163 -10 -175 -40 -202 -1 -173 -161 -32 0
-40 -10 -43 -127 -202 -163 -175 -1 0
12 -181 -37 0
-181 -37 -10 0
125 -13 -81 -172 -211 -130 -121 -202 0
174 -13 -211 -142 -43 0
-13 -126 -43 -172 -211 -81 -130 -121 -202 0
39 -211 -202 -43 -130 -172 -121 0
173 -13 -125 -211 -121 -43 0
-13 -121 -127 -43 -211 -172 -125 0
-10 -202 -43 -127 -163 -175 -1 0
126 -142 -13 0
14 -118 -127 -202 -214 -211 -208 0
172 -211 -202 -127 -208 -13 -37 0
15 -172 -37 -181 -43 -211 0
-211 -13 -181 -127 -43 -37 -202 -208 0
144 -172 -216 -43 -37 -127 -131 0
-172 -27 -82 -184 -127 -162 -163 -187 -37 -1 14 -125 -216 -43 0
14 -125 -202 -127 -82 -13 -37 -184 -163 -187 -1 -43 -208 0
-125 -82 -202 -43 -127 -37 -208 -13 -184 -163 -187 -1 0
-13 -127 -184 -163 -208 -187 -37 -1 -202 -43 -181 0
126 -172 -211 -43 -181 -142 -37 0
-172 -43 -211 -181 -142 -37 -124 0
126 -130 -40 -142 -37 0
223 -1 0
143 -126 -172 -37 0
124 -143 -172 -37 0
174 -135 -194 -122 -118 0
224 -198 -217 -169 -179 -135 -110 -194 -89 -215 -204 -129 0
142 -122 -37 -223 -194 -89 -172 -33 -81 -42 -102 -14 0
-126 -172 -37 -1 0
173 -32 -41 -124 -15 -182 -37 -195 -144 -123 0
-142 -172 -223 126 -37 0
-181 -203 -223 -212 -177 -182 -37 0
-172 -37 -1 0
81 -26 -118 0
-181 -95 -37 -1 -13 -213 -79 -210 0
Solved
