197 -70 -13 0
-70 -13 -196 0
191 -7 -166 -88 -31 -169 -103 0
-7 -31 -88 -166 -169 -103 -190 0
144 -160 -169 -166 -88 0
7 -166 -169 -88 0
170 -82 -190 0
214 -190 -88 0
179 -174 -69 -157 -91 -73 -43 0
180 -43 -121 -73 -157 0
-43 -121 -157 -73 -178 0
159 -110 -91 -173 -68 0
162 -7 -178 -73 -157 -91 -68 -40 -10 -31 -205 -163 -121 0
-7 -18 -163 -91 -160 -178 -73 -157 -68 -40 -10 -31 -205 -121 0
171 -163 -91 -178 -73 -157 -40 -10 -205 -121 -190 -88 0
-68 -7 -205 -160 -163 -178 -73 -157 -91 -40 -10 -31 -121 -69 0
153 -118 -49 0
159 -153 -121 -178 -73 0
217 -205 -178 -157 -40 -10 -88 0
-121 -73 -178 -157 0
158 -151 -178 -73 -4 0
-73 -178 -157 0
51 -5 -121 -153 -178 0
4 -51 -153 0
-5 -153 -178 -217 -121 -10 0
-153 -121 -178 -217 -10 0
-121 -178 -217 -10 0
161 -7 -142 0
160 -99 -206 -46 0
7 -109 -201 -174 0
162 -142 -7 0
93 -52 -164 -206 -46 -201 -125 -56 0
42 -25 -191 -79 -33 -24 -201 -149 -130 0
Solved
