503 -409 -157 -88 -328 -115 -403 -160 -244 -217 0
-409 -88 -157 -244 -328 -115 -403 -160 -217 -502 0
72 -205 -217 -160 -491 -328 -242 0
206 -202 -160 0
71 -492 -211 -318 -244 -238 -157 -328 -259 0
161 -505 -115 -436 -238 -157 -328 -211 -244 -1 -502 -382 -206 -481 -217 -202 0
492 -326 -70 -259 -157 -426 -244 -436 -299 -211 0
508 -244 -115 -157 -436 -211 -1 -502 -382 -217 -238 -328 -481 -403 0
162 -106 -410 -502 -217 0
261 -505 -436 -238 -157 -328 -211 -244 -1 -502 -382 -115 -481 -217 -160 -410 -71 0
158 -71 -217 -115 -436 -238 -157 -328 -211 -244 -1 -382 -481 -502 -403 -176 -311 0
160 -206 -481 -374 -112 -316 -89 -325 -238 -298 -217 -328 -202 -502 -235 -179 0
70 -162 -217 -202 -502 -481 -374 -112 -316 -89 -325 -238 -298 -328 -235 -179 -261 0
-162 -202 -217 -502 -115 -436 -238 -157 -328 -211 -244 -1 -382 -481 -374 -112 -316 -89 -325 -298 -235 -179 -71 -261 0
-202 -71 -238 -328 -316 -502 -217 -481 -115 -436 -157 -211 -244 -1 -382 -374 -112 -89 -325 -298 -235 -179 -261 0
242 -502 -217 -235 -115 -157 -244 -328 -403 -238 -481 -436 -211 -1 -382 0
-160 -410 -202 -115 -436 -238 -157 -328 -211 -244 -1 -502 -382 -481 -217 -162 0
219 -162 -403 -244 -202 -115 -436 -238 -157 -328 -211 -1 -502 -382 -481 -217 -242 0
-162 -261 -151 -193 -442 -202 -328 -242 -22 -157 -403 -244 -1 -502 -382 -217 -115 -436 -238 -211 -481 0
-261 -202 -157 -244 -436 -211 -382 -502 -217 -242 -151 -193 -442 -328 -22 -403 -1 -115 -238 -481 0
-162 -119 -235 -481 -238 -491 -328 -202 -403 -207 -180 -217 -244 -115 -436 -157 -211 -1 -502 -382 0
-202 -244 -157 -115 -436 -211 -382 -502 -217 -235 -481 -238 -328 -403 -1 -151 -193 -442 -22 0
511 -235 -115 -157 -403 -436 -382 -481 -238 -1 -151 -193 -22 0
218 -502 -511 0
-502 -217 -511 0
246 -285 -28 -443 -327 -317 -115 -72 -193 -106 -425 -173 -202 -436 -409 -207 -492 -287 -403 -162 -212 -178 -157 0
161 -409 -403 -202 -178 0
219 -328 -178 -403 -115 -409 -193 -106 -28 -202 -436 -162 -238 -157 -1 -511 -382 0
212 -477 -81 -359 -426 -123 -447 -465 -323 -315 -288 0
-328 -162 -436 -157 -403 -115 -193 -202 -238 -1 -511 -382 -217 -28 0
204 -254 -6 -491 -232 -403 -115 -70 -409 -106 0
218 -211 -235 -436 -280 -178 -232 -403 -115 -70 -409 -205 -193 -106 -202 -421 -1 -511 -382 0
203 -255 -5 -492 -232 -403 -115 -70 -409 -106 0
-211 -421 -235 -436 -280 -232 -403 -115 -70 -205 -193 -202 -1 -511 -382 -217 0
411 -244 -70 -490 -178 -106 -403 -202 0
-162 -217 -202 -235 -436 -280 -115 -193 -1 -511 -382 -403 -157 -238 -28 0
-217 -202 -403 -235 -436 -280 -115 -193 -1 -511 -382 -157 -238 -28 0
72 -460 -280 -297 -325 -318 -490 -436 -108 -502 -511 -238 -157 -328 -259 0
107 -460 -280 -235 -411 -403 -26 -490 -325 -318 -238 -157 -328 -511 -179 -502 -115 -72 0
204 -325 -151 -490 -436 -511 -238 -157 -280 -235 -403 -502 -115 -481 -206 -193 -160 0
330 -174 -502 -107 -511 -238 0
243 -72 -510 -27 -325 -115 -317 -107 -238 -235 -328 -502 -511 -410 -436 -403 -490 0
-72 -242 -460 -296 -325 -317 -490 -436 -511 -157 -502 -107 -238 -328 -259 -280 -510 -27 -115 -235 -410 -403 0
-242 -490 -151 -485 -436 -423 -325 -511 -238 -157 -328 -259 -107 -460 -296 -317 -502 -280 -510 -27 -115 -235 -410 -403 0
108 -119 -157 -317 -244 -238 -511 -328 -502 -107 0
-202 -511 -157 -238 -436 -403 -151 -280 -115 -235 -481 -193 -1 -382 -28 0
-502 -492 -409 -403 -504 -511 0
411 -90 -374 -233 -72 -1 -511 -382 -217 -205 -160 -492 -178 -506 -403 0
108 -295 -1 -511 -382 -481 -205 -160 -403 -409 -298 -115 0
161 -328 -511 -217 -205 0
-328 -217 -511 -205 -160 0
180 -112 -295 -119 -151 -311 -274 -211 -1 -511 -382 -481 -217 -205 -160 0
490 -409 -481 -403 -160 -295 -151 -1 -511 -382 -205 -89 -375 -71 0
514 -382 -481 -151 -1 -403 -115 -157 -238 -280 -193 -28 -22 0
411 -490 -328 -1 -403 -115 -193 -217 -238 -511 -382 -28 -157 0
-490 -217 -328 -1 -403 -115 -193 -157 -238 -511 -382 -28 0
202 -217 -328 -511 0
-217 -328 -403 -157 -115 -193 -238 -1 -511 -382 -28 0
-205 -203 -511 -1 -382 -481 -160 -403 -115 -328 -502 -206 0
329 -278 -460 -280 -113 -325 -242 -318 -490 -297 -108 -502 -511 -238 -157 -328 -259 -244 0
330 -177 -242 -157 -244 -318 -511 -238 0
405 -460 -238 -280 -325 -318 -490 -297 -108 -502 -511 -157 -328 -259 -300 -179 0
241 -486 -213 -422 -511 -502 -238 -151 -328 -114 -259 -325 -157 -176 0
329 -279 -97 -69 -460 -297 -318 -119 -157 -259 -280 -325 -490 -108 -502 -511 -238 -328 -71 0
161 -490 -280 -403 -115 -325 -238 -157 -328 -511 -502 -97 -151 -193 -1 -382 -481 -160 0
243 -460 -97 -214 -296 -438 -403 -317 -183 -490 -119 0
-107 330 -490 -403 -325 -317 -97 -157 -207 -204 -160 -502 -280 -511 -238 0
330 -490 -403 -204 -115 -325 -317 -97 -157 -207 -160 -502 -280 -511 -238 0
404 -311 -242 -490 0
-328 -511 -238 -157 -403 -151 -280 -115 -481 -193 -1 -382 -28 -97 0
-202 -160 -205 0
-502 -490 -403 -115 -1 -511 -382 -481 -205 0
491 -106 -115 -70 -157 -1 -409 -178 -382 -403 -217 0
-490 -70 -403 -115 -157 -1 -382 -511 -481 -205 0
-160 -205 -403 -481 490 -151 -1 -511 -382 -115 -70 0
108 -373 -241 -115 -70 0
-511 -115 -157 -238 -403 -151 -280 -481 -193 -1 -382 -28 -97 0
159 -118 -460 -442 -1 -382 -217 -490 -211 -244 -280 0
-118 -460 -280 -442 -1 -382 -217 -211 -328 -238 -157 -259 -244 -70 -490 0
118 -242 -244 -490 -211 0
491 -118 -442 -1 -382 -217 -490 -211 -244 -280 -157 -502 -403 0
-242 -490 -442 -1 -382 -217 -211 -328 -238 -157 -244 -280 -502 -403 0
-490 -442 -280 -1 -382 -217 -211 -328 -238 -157 -244 -502 -403 0
119 -507 -403 -211 -177 -157 -217 -442 -502 -382 -436 -244 -151 -193 -242 -328 -22 -1 -115 -238 -481 -312 0
-202 -484 -481 -316 -49 -238 -43 -328 -112 -325 -217 -403 -502 -436 -115 -242 -157 -1 -244 -382 -211 -203 -442 -151 -193 -22 0
-242 -43 -49 -112 -217 -502 -481 -238 -328 -403 -436 -115 -157 -1 -244 -382 -211 -442 -151 -193 -22 -298 -373 -241 0
162 -410 -328 -316 -71 -481 -217 -502 -238 0
203 -49 -484 -43 -481 -112 -316 -325 -238 -217 -328 -502 -179 -71 0
517 -157 -238 -481 -1 -403 -151 -193 -22 -280 -28 -97 0
-106 -410 -217 -202 -160 -502 0
-115 -112 -242 -217 -502 -481 -238 -403 -436 -157 -1 -382 -151 -193 -22 -298 -241 0
-202 -106 -160 -502 -217 0
-410 -72 -157 -312 -177 -403 -160 -217 -502 -106 0
-382 -242 -1 -160 -217 -502 -403 -157 -481 -238 -151 -193 -22 -280 0
161 -259 -403 -211 -157 -442 -242 -70 -328 -238 -244 -193 -481 -217 -202 0
-490 -326 -442 -27 -180 -242 -403 -211 -244 -491 0
-202 -410 -157 -238 -242 -403 -193 -217 -160 -481 -424 -502 0
-410 -242 -403 -160 -217 -502 -157 -238 -193 -481 -424 0
-242 -160 -157 -481 -97 -217 -502 -403 -238 -193 -1 -151 -22 -280 0
-202 -160 -238 -157 -217 -1 -502 -481 -491 -119 -71 0
219 -410 -79 -442 -242 -403 -211 -157 -70 -328 -238 -244 -217 -202 -172 -121 -490 -160 0
-410 -242 -157 -490 -238 -403 -202 -502 -160 -217 0
410 -490 -403 -202 -157 -217 -160 -502 0
-490 -238 -157 -403 -202 -502 -160 -217 0
162 -32 -476 -289 -425 -410 -112 -287 -115 -502 -325 -298 -217 -202 0
243 -410 -217 -202 -160 -112 -502 -298 -436 -157 -238 -492 0
218 -27 -442 -85 -315 -112 -202 -179 -325 -160 0
-410 -298 -112 -202 -160 -217 -436 -238 -157 -241 -502 -492 0
410 -202 -160 -502 -217 0
-238 -492 -160 -217 -157 -502 -202 -403 0
438 -319 -79 -121 -477 -424 0
-490 -112 -79 -121 -195 -328 -70 -327 -259 -157 -460 -179 -286 -244 -442 -403 -211 -171 -492 0
-112 -195 -460 -442 -327 -70 -259 -179 -157 -244 -211 -286 -300 -79 -121 -328 -403 -171 -492 0
161 -202 -403 -160 -217 -502 -157 0
-492 -112 -202 -160 -157 -217 -502 -403 0
-436 492 -121 -259 -79 -157 -244 -326 -70 -299 -211 0
-112 -202 -403 -157 -160 -217 -502 0
-202 -160 -403 -157 -217 -502 0
491 -409 -502 -403 -217 0
376 -250 -285 -230 0
327 -67 -217 -403 -160 -502 -157 -112 0
243 -410 -157 -403 -160 -217 -502 -72 0
88 -45 -422 -19 -509 -374 -15 0
219 -112 -217 -403 -160 -502 -157 -327 -241 0
490 -160 -403 -217 -502 -157 0
-160 -403 -502 -217 -157 0
242 -312 -177 0
49 -236 -44 0
174 -49 -349 -421 -181 0
71 -181 -421 -44 -375 -90 -298 -462 -202 -205 -328 -108 0
218 -112 -481 -328 -205 -202 -442 -421 -157 -403 -244 -178 -502 0
243 -311 -176 0
-238 -206 -316 -325 -217 -502 -179 -71 160 -298 -89 -374 -112 0
72 -45 -181 -316 -325 -217 -502 -179 -71 160 -298 -89 -374 -112 -193 -461 -107 0
-112 -403 -502 -157 -217 0
-242 -241 -325 -490 -217 -244 -211 0
492 -178 -244 -403 -211 0
-403 -157 -502 -217 0
491 -112 -502 -160 -217 -157 0
-112 -160 -502 -217 -157 0
-202 -160 -178 -502 -409 -217 0
491 -325 -157 -244 -490 -211 -217 0
-325 -490 -244 -211 -157 -217 0
219 -481 -256 -283 -328 -520 -118 -205 -157 -202 -244 -442 -409 -211 -112 -502 -490 0
-157 -502 -217 0
-242 -44 -115 -84 -121 -475 -505 -324 -283 -376 -230 -353 -442 -490 -491 -403 -211 -244 -326 0
120 -483 -423 -240 -13 -328 -88 -70 -115 -84 -121 -475 -505 -324 -283 -376 -230 -442 -490 -491 -403 -211 -244 -326 0
-160 -491 -490 -202 -502 -217 0
119 -312 -243 0
135 -36 -424 -475 -376 -252 -283 0
-491 -202 -490 -502 -217 0
120 -311 -242 0
-243 -121 -276 -115 -83 -45 -475 -505 -323 -283 -376 -231 -354 -25 119 -242 0
-160 -276 -45 -283 -354 119 -242 -68 -404 -288 -410 -299 -461 -202 -502 -217 -162 0
134 -35 -424 -475 -376 -251 -283 0
-202 -490 -217 -502 0
120 -242 -217 -502 -490 0
492 119 -244 -211 0
119 -490 -217 -502 0
-490 -502 -217 0
218 -287 -465 -195 -215 -160 -410 -217 -502 0
-205 -422 -436 -374 -509 -275 -89 -224 -505 -71 -328 -410 -107 -206 -160 0
212 -160 -89 -374 -71 -410 -183 -502 -217 -195 -215 -257 -179 0
377 -322 -89 -117 -374 -509 -422 -15 -19 -507 -298 0
230 -342 -36 0
113 -469 -291 -288 -507 -89 -117 -374 -509 -422 -15 -19 -298 -376 -36 -495 -354 -277 0
-205 -288 -89 -291 -374 -36 -71 -502 -215 -25 -160 -410 -195 -217 0
411 -160 -217 -502 -202 0
299 -172 -183 -436 -225 -239 -233 -288 -115 0
Solved
