481 -271 -391 -58 -185 -161 -134 -209 -216 -362 -312 0
272 -122 -14 -171 -70 -218 -110 -196 -369 -391 -381 -229 0
408 -391 -70 -171 -229 -196 -262 -442 -436 -10 -76 -342 -154 -148 -118 -73 -46 0
449 -272 -380 -391 -37 0
450 -111 -196 -333 -247 -228 -276 -311 0
215 -191 -342 -58 -135 -256 -210 0
490 -196 -247 -37 -342 -58 -256 -262 -442 -68 -436 -10 -154 -148 -46 -406 -70 -171 0
110 -272 -342 -66 -154 -46 -148 -436 -442 -262 -196 0
379 -369 -310 -10 -211 -148 -342 -94 -436 -58 -490 -442 -268 -391 -13 -272 0
341 -217 -10 -148 -46 -13 -70 -211 -28 -94 -412 -58 0
198 -391 -171 -490 -70 -46 -52 -272 -66 -342 -10 -148 -13 -211 -28 -94 -412 -58 -310 -436 -442 -268 -247 -110 0
340 -368 -52 -442 -276 -436 -310 -148 -46 -406 -490 -391 -272 0
448 -272 -10 -148 -46 -70 -28 -412 -58 -342 -52 -442 -436 -406 -490 -66 -247 -196 -171 -268 -110 0
-391 -110 -66 -342 -46 -490 -272 -154 449 -37 0
47 -480 -285 -171 -18 -70 -311 -406 -217 -148 0
341 -14 -292 -246 -7 -10 -148 -46 -285 -171 -70 -311 -406 -1 -212 -95 -412 -66 -58 0
48 -110 -442 -262 -436 -218 -148 0
219 -423 -44 -212 -451 -330 -274 -227 -171 -292 -70 -7 0
-272 -450 -451 -171 -292 -70 -7 -154 -148 -46 -442 -262 -436 -66 -342 -246 -10 -406 -1 -412 -58 -490 -37 -44 -28 -52 -247 -196 -268 0
47 -109 -196 -262 -442 -380 -436 -154 -148 0
48 -230 -450 -37 -380 -442 -262 -196 -154 -436 -218 -148 0
-450 -196 -247 -171 -490 -442 -70 -436 -406 -154 -148 -262 -46 -37 -66 -342 -451 -292 -7 -246 -10 -1 -412 -58 -44 -28 -52 -268 0
47 -490 -342 -380 -384 -406 -154 -196 -262 -442 -436 -148 0
-272 -490 -384 -393 -111 -273 -342 -66 -154 -46 -148 -436 -442 -262 -196 0
-196 -28 -342 -66 -154 -46 -148 -436 -442 -262 -1 -247 -68 -10 -406 -37 -171 -70 -451 -292 -7 -246 -58 -44 -412 -52 -268 -256 0
229 -422 -383 0
48 -272 -58 -256 -66 -342 -268 -109 -367 -262 -442 -68 -436 -10 -406 -154 -148 0
382 -423 -231 0
-272 -109 -367 -262 -442 -436 -154 -148 -46 -58 -256 -66 -342 -268 -68 -10 -406 0
231 -466 -362 -14 -312 -185 -58 -271 -134 -209 -256 -190 -392 -120 -108 -491 -200 0
47 -230 -58 -271 -256 -190 -392 -218 -268 -109 -367 -262 -442 -73 -436 -10 -406 -154 -148 0
499 -442 -154 -262 -436 -148 -46 -58 -268 -10 -406 -66 -342 -68 -1 -247 -37 -171 -70 -451 -292 -7 -246 -44 -412 -52 0
218 -231 -324 -422 -255 -412 -58 -246 -342 -292 -70 -66 -7 0
-231 -214 -272 -74 -268 -342 -66 -154 -46 -148 -436 -442 -262 48 -324 -255 -412 -58 -246 -292 -70 -7 0
48 -272 -171 -292 -70 -7 -442 -262 -436 -148 -412 -342 -246 -268 -66 -154 -46 -58 -68 -10 -406 0
421 -330 -44 -423 -451 -312 -227 -171 -292 -70 -7 -14 -246 -218 -110 -231 0
-330 -231 -120 -451 -246 -44 -227 -171 -292 -70 -7 -218 -247 -442 -436 -406 -154 -148 -262 -46 -37 -66 -342 -10 -1 -58 -52 -268 -110 -323 -412 -423 -312 -14 0
-231 -110 -171 -442 -70 -436 -406 -154 -148 -262 -46 -37 -66 -342 -451 -292 -7 -246 -10 -1 -412 -58 -44 -52 -268 -247 -272 -369 -75 -381 -120 -227 -218 -323 -423 -312 -14 0
-272 -442 -171 -247 -70 -436 -406 -154 -148 -262 -46 -37 -66 -342 -451 -292 -7 -246 -10 -1 -412 -58 -44 -52 -268 -68 0
-110 -490 -392 -247 -382 -442 -231 -451 -246 -44 -171 -292 -70 -7 -218 -436 -406 -154 -148 -262 -46 -37 -66 -342 -10 -1 -58 -52 -268 -412 -73 -421 -380 0
-231 -442 -46 -436 -154 -148 -262 -392 -247 -451 -246 -44 -171 -292 -70 -7 -218 -406 -37 -66 -342 -10 -1 -58 -52 -268 -412 -73 -380 -230 0
47 -329 -58 -190 -271 -230 -392 -218 -268 -262 -442 -73 -436 -10 -406 -154 -148 -70 -171 -229 -342 -46 -492 -380 -201 0
502 -171 -262 -436 -148 -46 -10 -406 -70 -154 -342 -247 -451 -246 -44 -292 -7 -66 -1 -52 -412 -68 0
230 -231 -423 -451 -312 -227 -171 -292 -70 -7 -14 -246 -218 -110 -44 -271 0
109 -339 -152 -171 -447 -321 -70 -247 -218 -197 0
60 -312 -423 -247 -120 -162 -75 -342 -66 -218 -110 -152 -171 -447 -321 -70 -38 -134 -381 -369 -269 0
444 -351 -52 -162 -321 -171 -70 -66 -342 -59 -247 -38 -269 -406 -154 -46 -10 -148 -436 -262 0
229 -382 -44 -171 -292 -70 -7 -106 -218 -406 -110 -46 -451 -154 -423 0
-423 -96 -351 -162 -246 -321 -171 -292 -70 -7 -218 -110 -231 -44 -106 -406 -46 -451 -154 0
-383 -380 -38 -492 -271 -231 -422 -384 0
60 -231 -292 -70 -171 -321 -162 -246 -38 -342 -68 -66 -10 -406 -218 -148 -46 -154 -351 -7 -110 -44 -451 -269 0
58 -218 -321 -171 -406 -70 -46 -162 -66 -367 -342 -269 0
382 -492 -321 -162 -351 -171 -324 -10 -406 -148 -342 -46 -66 -154 -218 -423 -110 0
170 -139 -332 -16 -228 -70 0
48 -332 -321 -171 -162 -16 -70 -342 -68 -66 -10 -406 -218 -148 0
-110 -218 -162 -38 -351 -10 -406 -154 -148 -46 -321 -171 -70 -68 -66 -342 -292 -246 -7 60 -44 -451 -269 0
169 -139 -501 -16 -96 -190 -450 -186 -330 -312 -134 -209 -120 -162 -321 -227 0
283 -393 -186 -367 -134 -360 -209 -288 -237 -295 -52 -308 -251 0
74 -491 -186 -367 -134 -360 -52 -14 -308 -120 -205 -7 -162 -292 -16 -321 -70 -171 -501 -96 -450 -312 -227 -272 -342 0
-422 -75 -351 -162 -246 -321 -171 -292 -70 -7 -218 -66 -342 -96 -186 -367 -134 -360 -52 -14 -308 -120 -501 -312 -227 -231 -383 -423 0
170 -337 -152 -447 -246 -162 -292 -17 -321 -70 0
74 -17 -96 -38 -450 -312 -120 -162 -321 -227 -171 -152 -447 -246 -292 -70 -490 -420 0
47 -231 -44 -171 -292 -70 -7 -218 -66 -342 -96 -38 -162 -321 -246 -420 -106 -451 -351 -186 -367 -52 -308 -501 -383 -423 -10 -406 -148 0
-231 -423 -351 -342 -66 -383 -10 -406 -218 -154 -148 -46 -44 -171 -292 -70 -7 -38 -162 -321 -246 -420 -106 -451 -186 -367 -52 -308 -501 -96 0
73 -423 -44 -451 -227 -171 -292 -70 -7 -211 -162 -218 -120 -66 -492 -342 0
-423 -420 -246 -162 -292 -321 -70 -171 -342 -44 -451 -7 -218 -66 -96 -351 -10 -406 -148 -46 -154 -383 -38 -106 -186 -367 -52 -308 -501 0
-218 -38 -342 -66 -406 -46 -154 -246 -162 -292 -321 -70 -171 -44 -451 -7 -351 -10 -148 -367 -52 -262 -68 -269 -59 0
506 -10 -406 -154 -148 -292 -70 -46 -7 -44 -451 -52 -262 -247 -436 -412 -1 -202 -103 0
75 -16 -211 -271 -70 -229 -292 -382 -226 -7 -218 -262 -436 -442 -148 -118 -46 -394 -406 -208 0
74 -118 -10 -226 -148 -69 -46 -406 -208 0
320 -423 -245 -271 -70 -226 -7 -218 -262 -436 -148 -46 -406 -292 -154 -73 -10 -69 -503 -412 -162 0
-394 -211 -139 -190 -16 -184 -205 -70 -58 -292 -503 -7 -271 75 -229 -226 -218 -262 -436 -382 -148 -118 -46 -406 -208 0
-423 -162 -245 -139 -190 -70 -58 -503 -7 -271 -226 -218 -262 -436 -148 -46 -406 -10 -154 -73 -69 -292 -412 -319 0
120 -283 -251 -231 -492 -271 -446 -211 -232 -253 -365 -275 0
161 -319 -412 0
414 -162 -148 -218 -262 -436 -46 -154 -406 -245 -226 -70 -503 -7 -10 -69 -292 -412 -319 -341 0
340 -423 -162 -245 -70 -503 -7 -226 -218 -262 -436 -148 -46 -406 -10 -154 -69 -292 -412 -319 0
219 -118 -69 -10 -245 -406 -226 -148 -292 -70 -46 -7 0
244 120 -231 -492 -271 -446 -211 -251 -275 -18 -70 -292 -207 0
-162 -218 -70 -292 -245 -226 -148 -46 -406 -154 -503 -7 -121 -262 -436 -10 -69 -412 -319 -341 -65 0
162 -319 -412 0
421 -271 -341 -208 -74 -396 -328 -245 -211 -206 -18 0
-271 -450 -363 -211 -483 -467 -254 -245 120 -446 -251 -275 -18 -70 -292 -422 -341 -208 -74 -396 -206 0
169 -245 -341 -70 -292 -406 -154 -148 -46 -7 -10 -69 -503 -262 -436 -412 -65 0
160 -74 -341 -412 -406 -321 -120 0
-74 -120 -218 -262 -436 -148 -46 -406 -503 -412 -210 -422 -162 -341 -321 0
-120 -162 -422 -436 -10 -503 -228 -154 -148 -412 -46 -69 -406 -210 -218 -262 -341 -321 0
-231 -332 120 -271 -446 -253 -232 -228 -365 -41 -382 -201 -229 0
413 -162 -321 0
230 -162 -210 -148 -218 -262 -436 -46 -154 -406 -245 -70 -503 -7 -10 -69 -292 -412 414 -341 -135 -78 -464 -41 -492 -271 -201 0
-162 -271 -210 -148 -218 -262 -436 -46 -154 -406 -245 -70 -503 -7 -10 -69 -292 -412 -341 -41 -422 -321 -228 0
-423 -231 -46 -406 -120 -341 -492 -271 -228 -17 -422 0
-231 -492 -218 -262 -436 -148 -422 -475 -503 -341 -120 -65 -10 -253 -406 -232 -46 -213 -154 -17 -271 -228 0
250 -309 -32 -285 -41 0
407 -392 -210 -285 -52 -32 -41 -123 -341 -110 -65 -10 -503 -492 -218 -148 -262 -436 -120 -46 0
-492 -213 -123 -232 -466 -253 -350 -69 -10 -148 -46 -406 -210 -52 -32 -41 -341 -65 -503 -218 -262 -436 -120 -17 -422 -271 -475 -154 -228 0
47 -271 -341 -231 -17 -422 -228 -154 0
-271 -341 -65 -406 -218 -46 -17 -422 -228 -154 -123 -232 -466 -253 -69 -10 -148 -210 -52 -32 -41 -503 -262 -436 -412 -245 -70 -7 -292 -321 0
508 -46 -148 -406 -412 -52 -262 -70 -7 -202 -103 -44 -451 -247 -1 0
503 -214 -69 -107 -506 -202 -58 0
310 -95 -478 -350 -80 -1 -69 -449 -216 0
340 -210 -7 -292 -446 -135 -354 -80 -69 -241 -350 -332 -213 -228 -449 -274 -311 -478 -1 -107 -270 -74 -60 0
504 -292 -341 -7 -64 -446 -135 -354 -80 -69 -241 -350 -332 -228 -449 -274 -311 -478 -107 -74 -513 -160 -412 0
448 -481 -466 -157 -311 -15 0
508 -262 -18 -449 -15 -350 -341 -160 -135 -354 -80 -69 -274 -478 -107 -74 -218 -332 -110 48 -148 0
294 -418 -60 -96 -160 -135 -208 -18 -245 -70 -7 0
448 -482 -363 -311 -96 0
211 -255 -274 -70 -329 -234 -18 0
342 -293 -160 -274 -70 -18 -311 -449 -363 -135 -7 -466 -350 -413 -271 -74 0
213 -94 -311 -15 -363 -449 -466 0
509 -15 -332 -228 -18 -311 -70 -363 -449 -466 -350 -160 -341 -274 -135 -7 -271 -74 0
213 -15 -311 -449 -363 -466 0
450 -395 -398 -246 -466 -329 -359 -363 -350 -478 -80 -95 -69 -449 -1 -392 -311 0
12 -332 -192 -274 -392 -449 -398 -359 -478 -80 -160 -18 -515 -341 -354 -107 -74 -218 -110 48 -148 -271 -322 0
329 -451 -315 -274 -174 0
211 -332 -228 -70 -274 -466 -264 -359 -363 -515 -392 -311 -13 -449 -18 0
510 -292 -207 -70 -506 -169 0
-292 -236 -13 -426 -192 -198 -186 -442 -169 -503 -70 -380 -414 -156 -508 -207 -506 0
68 -233 -466 -483 -207 -13 -192 -198 -169 -503 -70 -380 -414 -156 -508 -133 -210 -107 -243 -216 0
509 -507 -341 -513 -414 0
-292 -503 -442 -264 -515 -207 -70 510 -169 0
212 -483 -151 -446 -466 -207 -264 -515 -70 -169 -437 -508 -341 -513 -80 -67 -13 -192 -198 -380 -156 -133 -107 -243 -216 -37 -284 -160 -94 -18 0
448 -449 -74 -341 -466 -160 -363 -311 -192 -151 -446 -207 -264 -515 -70 -437 -508 -513 -80 -67 -13 -198 -156 -133 -107 -18 -332 -252 -228 -359 -271 -274 -392 0
413 -169 -292 -264 -515 -207 -70 -437 -508 0
412 -214 -107 -210 -74 -58 -341 0
-422 229 -515 -74 -341 -160 -192 -80 -252 -359 -271 -274 -392 -354 -218 48 -148 -478 0
413 -169 -478 -333 -450 -263 -228 -252 -515 -392 -17 -41 -70 -7 -437 -292 -508 -160 0
-169 -412 -363 -466 -450 -398 -70 -7 -292 -192 -74 -508 -341 -160 -311 -478 -333 -263 -228 -252 -515 -392 -17 -41 -437 0
-412 -292 -363 -466 -450 -398 -70 -7 -160 -192 -74 -508 -341 -311 -478 -333 -263 -228 -252 -515 -392 -17 -41 -437 0
170 -141 -333 -17 -228 -70 0
448 -31 -308 -17 -141 -333 -228 -274 -392 -311 -213 -95 -39 0
171 -329 -446 -274 -450 -308 -17 -141 -333 -228 -392 -311 -39 -349 -466 -206 -7 -160 -292 -319 -70 0
-292 -508 -513 -341 -206 -7 -41 -252 -228 -446 -274 -450 -308 -17 -333 -392 -311 -466 -160 -70 -379 -271 -363 -398 -192 -74 -478 -263 -515 -437 0
161 -412 -363 -466 -450 -398 -395 -123 -192 -74 -341 -311 0
16 -343 -308 -33 -284 -140 0
342 -103 -64 0
212 -139 -17 -308 -33 -333 -252 -228 -274 -392 -311 -450 0
-412 -333 -228 -274 -254 -70 -233 -17 -308 -33 -252 -392 -311 -450 -341 -64 -513 -160 -363 -466 -398 -395 -123 -192 -74 0
213 -483 -133 -254 -363 -107 412 -74 -341 -329 -233 -95 0
211 -39 -80 -478 -254 -450 -233 -17 0
229 -392 -359 -274 -515 -160 -252 -80 -478 -74 -341 -271 -192 -354 -218 48 -148 0
212 -412 -228 -70 -252 -341 -17 -64 -423 -109 -274 -513 -392 -384 -311 -192 -450 -160 0
213 -14 -11 -466 -324 -192 -341 -412 -160 -95 0
449 -212 -252 -274 -329 -17 -228 -11 -466 -324 -192 -341 -412 -160 -380 -156 -423 -384 0
-412 -450 -17 -384 -423 -252 -274 -329 -228 -11 -466 -324 -192 -341 -160 -380 -156 -70 -64 -109 -513 -392 -311 0
448 -213 -508 -324 -156 -349 -423 -384 -11 0
-213 -450 -380 -228 -156 -274 -423 -329 -17 -384 -252 -508 -324 -349 -11 0
-450 -17 -192 -359 -363 -464 -384 -156 -423 -329 -160 -392 -380 -228 -274 -252 -324 -11 -74 -341 -466 -70 -64 -109 -513 -311 0
340 -5 -157 -36 -15 -123 -503 -192 -59 0
342 -412 -513 -64 0
211 340 -39 -15 -192 -252 -228 -274 -363 -70 -329 -96 -17 0
-412 450 -201 -466 -329 -359 -363 -478 -80 -392 -311 -7 -70 -252 -17 -446 -513 -160 -192 -228 -274 -74 -341 -64 0
-18 -350 -449 -228 -311 -70 -363 -466 -15 -160 -341 -274 -11 -7 -271 -74 -508 -69 -437 -444 -367 -380 -384 -156 -423 -141 -17 0
510 -69 -505 -11 0
212 -53 -401 -192 -228 -252 -274 -325 -380 -156 -505 -11 -70 -449 -311 -363 -466 -15 -160 -341 -7 -271 -74 -437 -384 -423 -17 -315 -329 -214 -481 412 -96 0
-17 -329 -228 -274 -70 -160 -401 -192 -252 -380 -156 -11 -311 -363 -466 -341 -7 -271 -74 -437 -384 -423 -64 -513 -201 -359 -478 -80 -392 -446 -464 -324 -109 0
-412 -171 -160 -332 -16 -228 -70 -341 -513 -64 0
491 -274 -359 -515 -160 -341 -401 -271 -74 -478 -80 -218 48 -148 -76 0
212 412 -74 -107 -341 -311 -448 -160 0
-17 -31 -345 -141 -446 -274 -349 -228 -392 -311 -329 -466 -7 -160 -319 -70 -331 -109 -380 -382 -156 -169 -421 -16 0
118 -148 -271 -74 -359 -515 -401 -80 -218 48 -341 0
-449 -331 -70 -169 -109 -446 -248 -133 -504 -283 -480 -80 -156 -34 -510 -214 -351 -58 -466 -235 -11 -311 -363 213 0
275 -283 -466 -363 -351 -70 -169 -109 -446 -133 -504 -235 -480 -80 -156 -510 -214 -58 -11 -311 213 -228 0
16 -214 -311 -276 -466 -363 -351 -70 -169 -109 -446 -133 -504 -235 -480 -80 -156 -510 -58 -11 -228 -212 0
-192 -165 -485 -435 -235 -107 -380 -285 -15 -39 -123 340 -157 -5 -36 -59 0
283 -5 -19 -36 -348 -270 -432 -504 -435 -39 0
450 -133 -466 -11 -232 -204 -446 -80 -504 -480 -285 -485 -235 -123 340 -401 -266 -441 -271 -214 -332 -328 -228 -276 -363 -351 -311 -94 0
275 -423 -156 -381 -383 -271 -332 -328 -228 0
-412 -17 -271 -201 -311 -276 -228 -466 -11 -446 -80 -480 -401 -363 -70 -156 -109 -74 -341 161 -513 -64 0
448 -96 -466 -349 -363 -311 0
-274 -431 -257 -17 -359 -363 -192 -464 -156 -329 -160 -392 -380 -228 -11 -74 -341 -466 -70 -64 -109 -513 -311 -357 -230 -349 -401 -212 -515 -141 -171 -276 0
-17 -160 -311 -228 -359 -363 -156 -466 -11 -74 -341 -70 -64 -109 -513 -401 -515 -276 -78 -492 -271 -201 -446 -80 -480 161 0
-412 -192 -492 -78 -229 -341 -11 -466 -14 213 -160 -95 -513 -64 0
231 -383 -422 0
449 -422 -271 -492 0
211 -95 -449 0
-95 -449 -212 0
448 -422 -156 -11 -160 -171 -16 -228 -70 -341 -513 -64 -413 -466 -157 -311 -481 -96 -363 0
-383 -230 -422 0
-160 -311 -228 -70 -363 -466 -341 -7 -271 -74 -11 -359 -515 -513 -64 -109 -276 -156 -492 -401 -78 -201 -446 -80 -480 -162 0
94 -449 -80 -480 -70 -513 -162 -412 -466 -228 -276 -311 -446 -363 0
-449 -96 -215 -311 -236 -363 -466 -211 -276 -80 -480 -70 -513 -162 -412 -228 -446 0
275 -158 -14 -11 -356 -508 -162 -412 -349 -466 -482 -311 -215 -330 0
-96 -412 -11 -134 -78 -492 -201 -271 -228 -276 -162 -466 -311 -215 -363 -156 -211 -236 -80 -480 -70 -513 -446 0
244 -248 -337 -446 -233 0
350 -169 -244 -503 -319 -466 -412 0
170 -499 -483 -174 -256 -313 -363 -452 -264 -515 -319 -70 0
383 -244 -233 -466 -503 -412 -162 -169 -483 -174 -256 -313 -363 -452 -515 -319 -70 -289 -343 -30 -376 -139 -331 -109 0
275 -128 -124 -36 -269 -37 -17 -106 -380 -139 -201 -156 -230 -109 -382 -233 -466 -503 -412 -162 -483 -174 -256 -313 -363 -515 -319 -70 -289 -343 -30 -351 -337 -446 -228 0
-383 -437 -412 -503 -269 -106 -380 -201 -156 -230 -382 0
414 -251 -309 -7 -70 -156 -17 -422 -230 -201 -106 -269 -503 0
508 -327 -52 -251 -70 -319 -121 -218 -148 -46 -406 -503 -7 -162 -412 -226 -341 -78 -103 -466 -190 -185 -134 -67 -13 -437 -11 0
-148 -218 -46 -406 -341 -271 48 0
-383 -211 -228 -276 -139 -17 -271 -422 -382 0
244 -337 -247 -445 -255 -233 0
246 -121 -10 -13 -509 -466 -293 0
212 -503 -13 -80 -466 -255 -293 -247 -445 -170 -162 -412 -309 -7 -70 -156 -17 -422 -230 -201 -251 -10 -216 -420 -210 -58 -94 0
213 -328 -391 -230 -271 -422 -492 -17 0
274 -94 -58 -13 -80 -466 -293 -445 -170 -412 -309 -7 -70 -156 -17 -422 -230 -201 -10 -216 -420 -210 -211 -391 -271 -492 -365 -228 -119 0
-162 -269 -124 275 -36 -37 -17 -139 -201 -156 -230 -109 -382 -233 -466 -503 -412 -483 -313 -363 -515 -70 -289 -30 -351 -337 -228 -422 -26 -391 -271 -309 -7 -216 -210 -341 -406 -321 -74 -161 0
212 -503 -344 -17 -123 -228 -70 -274 -341 -450 -64 -109 -384 -513 -311 -412 -378 -119 275 -36 -201 -156 -230 -466 -445 -483 -313 -363 -515 -422 -271 -309 -7 -216 -406 -321 -74 -29 0
-503 -36 -230 -271 -422 -17 -344 -123 -228 -70 -274 -341 -450 -64 -109 -384 -513 -311 -412 -378 -119 275 -201 -156 -466 -445 -483 -313 -363 -515 -309 -7 -216 -406 -321 -74 -29 0
-422 -216 -271 -17 -311 -363 -466 -228 -70 -341 -450 -64 -109 -513 -412 -119 -201 -156 -445 -483 -515 -7 -406 -74 -266 -170 -453 -276 -80 -293 -10 -365 0
74 -236 -274 329 -174 -124 -162 -359 -120 -408 0
-274 -328 -412 -157 -466 -481 -70 -230 -271 -422 -17 -212 -46 -201 -275 0
211 -162 -271 -503 -230 -156 -219 -170 -310 -412 -422 -70 -328 -17 0
-311 -426 -219 -70 -110 -266 -237 -35 -4 -247 -157 -337 213 -94 -363 -449 -466 -96 0
-162 -170 -70 -451 -466 -219 -4 -247 -363 -408 -201 -118 -230 -328 -271 -422 -17 -212 -503 -156 -310 -412 0
-328 -212 -230 -422 -17 -271 -70 -466 -363 -201 -503 -156 -412 -228 -275 0
161 -268 -59 -34 -503 -236 -412 -210 0
-212 -271 -412 -466 -201 -230 -422 -17 -275 -503 -70 -363 -156 -228 0
58 -480 -47 -412 -512 -1 -218 -285 -37 -503 -341 0
107 -406 -17 -271 -363 -466 -228 -70 -341 -450 -119 -216 -412 -311 -201 -156 -483 -515 -7 -422 -74 -266 -170 -276 -80 -293 -365 -218 -401 -47 -303 0
-406 -7 -17 -271 -363 -466 -228 -70 -341 -450 -119 -216 -412 -311 -201 -156 -483 -515 -422 -74 -266 -170 -276 -293 -365 -218 -47 -512 -1 -480 -285 -37 -503 -269 -106 -303 -408 0
406 -419 -121 -13 -509 -466 -293 -255 -233 -289 -36 -343 -266 -141 -286 -124 -134 -341 -360 -74 0
-119 -1 -255 -233 -247 -483 -512 -466 -47 -293 -218 -17 -271 -363 -228 -70 -341 -450 -216 -412 -311 -201 -156 -515 -422 -74 -266 -170 -276 -365 -285 -37 -503 -106 -303 -121 -13 -509 -289 -36 -343 -141 -286 -124 -134 -360 -60 -118 0
413 -509 -13 -60 -466 -293 -255 -233 -289 -36 -343 -266 -141 -286 -124 -134 -341 -360 -74 -492 -247 -483 -47 -218 -17 -271 -363 -228 -70 -450 -216 -412 -311 -201 -156 -515 -422 -170 -276 -365 -285 -37 -503 -106 -303 -118 -351 -162 0
18 -106 -503 -70 -156 -17 -422 -230 -201 -251 -47 -247 -233 -74 -60 -341 -412 -466 -289 -36 -343 -286 -134 -360 -492 -483 -271 -363 -228 -450 -216 -311 -170 -276 -118 -351 -162 -364 0
209 -60 -503 -251 -118 -492 -201 -230 -422 -17 -70 -156 -47 -247 -233 -341 -412 -466 -289 -36 -343 -286 -360 -483 -271 -363 -228 -450 -216 -311 -170 -276 -351 -162 -364 0
73 -135 -247 -233 -60 -483 -47 -412 -37 -503 -341 -466 -13 -251 -170 -351 -162 -118 -492 0
120 -286 -412 -341 -218 -360 -47 -407 -76 0
46 -237 -233 -36 -428 -293 -197 -509 -466 -110 -108 -438 -218 -201 -150 0
-311 -170 -466 -341 -412 -47 -233 -36 -201 -503 -380 -251 -118 -70 -156 -17 -422 -230 -247 -162 -208 -271 -363 -228 -216 -276 -364 -26 -392 -95 -310 0
217 -58 -94 -466 -412 274 -70 -156 -17 -422 -230 -201 -80 -216 -13 -211 -391 -271 -492 -228 -119 -74 -341 -515 -406 -218 0
-58 -80 -233 -480 -412 -503 -106 -351 -201 -149 -466 -70 -218 -94 274 -156 -17 -422 -230 -337 -216 -13 -211 -391 -271 -492 -228 -119 -74 -341 -515 -406 -60 0
58 -78 -492 -247 -233 -60 -483 -47 -412 -37 -503 -341 -466 -13 -251 -170 -351 -162 -118 -74 0
-406 -480 -233 -412 -503 -106 -351 -201 -149 -466 -70 -218 -94 274 -156 -17 -422 -230 -337 -216 -13 -211 -391 -271 -492 -228 -119 -74 -341 -58 -60 -408 0
-119 -218 -337 212 -466 -503 -13 -162 -412 -156 -17 -422 -230 -201 -216 -94 -67 -106 -286 -70 -149 -360 -74 -341 274 -391 -271 -492 -228 -483 -37 0
-218 -74 -412 -162 -13 -466 -289 -36 -343 -286 -124 -341 -360 -503 -106 -70 -156 -17 -422 -230 -201 -492 -337 212 -216 -94 -67 -149 274 -391 -271 -228 -483 -37 0
-74 -356 -412 -162 -503 -492 -483 -37 -341 -466 -13 -106 -201 -230 -422 -17 -70 -289 -36 -343 -286 -124 -360 -156 -337 212 -216 -94 -67 -149 274 -391 -271 -228 0
-483 -37 -106 -70 -156 -17 -422 -230 -201 -412 -162 -503 -341 -286 -360 -492 -466 -13 -289 -36 -343 -124 212 -216 -94 -67 -149 274 -391 -271 -228 -363 -482 0
-406 -480 -37 -503 -1 -106 -78 -412 -201 -492 -341 -74 -218 -94 -466 274 -70 -156 -17 -422 -230 -119 -216 -13 -211 -391 -271 -228 -58 -233 -351 -149 -60 -408 0
406 -269 -122 -170 -162 -412 -247 -503 -106 -70 -156 -17 -422 -230 -201 -13 -251 -339 -419 -218 -149 -74 -47 0
-119 -406 -503 -1 -106 -37 -412 -201 -492 -341 -74 -218 -94 -466 274 -70 -156 -17 -422 -230 -216 -13 -211 -391 -271 -228 -58 -233 -351 -149 -60 -118 0
-58 -74 -492 -503 -1 -106 -37 -412 -201 -341 -218 -94 -466 274 -70 -156 -17 -422 -230 -216 -13 -211 -391 -271 -228 -233 -351 -149 -60 -118 -122 -162 -339 0
-74 -218 -412 -1 -37 -503 -341 -118 -492 -106 -201 -94 -466 274 -70 -156 -17 -422 -230 -216 -13 -211 -391 -271 -228 -233 -351 -149 -60 -122 -162 -339 0
448 -149 -201 -106 -503 -70 -156 -17 -422 -230 -412 -341 -466 274 -216 -271 -228 -162 -36 212 -67 -363 -482 -392 0
350 -255 -247 -233 -503 -319 -466 -412 -149 -482 -122 -11 -324 0
283 -480 -11 -149 -47 -466 -412 -349 -247 -503 -319 -482 -122 -230 -156 -364 -422 -70 -233 -17 0
81 -245 -364 -70 -233 -194 -428 -409 -378 -332 -241 -67 0
491 -11 -47 -149 -67 -364 -70 -233 -336 -466 -36 -349 -412 -58 -503 -380 -39 -247 -319 -482 -122 -230 -156 -422 -17 -251 -118 0
14 -74 -126 -288 -106 -358 -170 -58 -201 -341 -412 160 -36 -230 -490 -47 -149 -67 -364 -70 -233 -336 -466 -349 -503 -380 -39 -247 -482 -156 -422 -17 -251 0
-74 -490 -358 -341 -288 -256 -356 -162 -412 -349 -466 -4 -158 -15 -126 -106 -170 -58 -201 160 -36 -230 -47 -149 -67 -364 -70 -233 -336 -503 -380 -39 -247 -482 -156 -422 -17 -251 0
330 -162 -466 -412 -503 -17 -422 -201 -230 -70 -156 -363 -271 -228 -275 0
490 -58 -466 -233 -341 -412 -162 -201 -453 -74 -366 -95 -70 -26 -156 -17 -47 -214 -422 -271 -407 -208 -230 -77 0
492 -74 -466 -449 -26 -228 -47 -271 -341 -412 160 -70 -120 0
-74 -341 -466 -233 -412 -162 -201 -453 -366 -95 -70 -26 -156 -17 -47 -214 -422 -271 -230 -228 160 -120 0
490 -393 -271 -230 0
46 -207 -245 -396 -283 -41 -250 -110 -70 -228 -218 0
-341 -47 -228 -366 -70 -271 -233 -17 -422 -201 -230 -162 -412 -466 -363 -95 -312 -214 -453 -26 -156 160 -120 0
-47 -366 -95 -17 -422 -503 -271 -230 -412 -228 -70 -233 -201 -162 -466 -363 -312 -214 -453 -26 -156 160 -120 0
47 -201 -422 -230 -156 0
216 -329 -276 -310 0
59 -170 -228 -162 -466 -412 -503 -17 -422 -201 -230 -70 -156 -363 -271 -309 -7 -251 -276 -310 -210 0
16 -216 -17 -271 -363 -466 -228 -70 -341 -445 -406 -422 -119 -412 -513 -201 -156 -515 -74 -266 -170 -453 -276 -80 -293 -10 -365 -310 217 -230 -492 -58 -218 -37 -285 0
448 -213 -96 0
-216 -310 -412 -503 -17 -422 -201 -230 -70 -156 -363 -271 -228 -162 -466 -96 -341 -445 -406 -119 -513 -515 -74 -266 -170 -453 -276 -80 -293 -10 -365 217 -492 -58 -218 -37 -285 0
329 -271 -422 -17 -230 -70 -466 -363 -201 -503 -156 -412 -228 0
76 -37 -271 -363 -466 -228 -70 -341 -216 -406 -422 -119 -412 -513 -201 -156 -515 -74 -445 -170 -453 -266 -80 -293 -10 -365 -310 217 -230 -492 -58 -218 16 -17 -251 0
414 -77 -466 -201 -230 -422 -17 -271 -503 -70 -363 -156 -228 -162 -251 -341 -406 -74 -412 -216 -119 -513 -515 -445 -170 -453 -266 -80 -293 -10 -365 -310 217 -492 -58 -218 16 0
413 -210 -412 -503 -17 -422 -201 -230 -70 -156 -363 -271 -228 -162 -216 -466 -170 0
-120 -445 -503 -17 -422 -201 -230 -70 -156 -363 -271 -228 -216 -466 -162 -341 -412 -406 -119 -513 -515 -74 -310 -170 -453 -266 -80 -293 -10 -365 217 -492 -58 -218 -251 0
-46 -94 -251 -412 -466 -201 -230 -422 -17 -271 -503 -70 -363 -156 -216 -162 -341 -406 -119 -74 -170 -492 -58 -218 -228 0
-275 -119 -162 -466 -412 -503 -17 -422 -201 -230 -70 -156 -363 -271 -228 0
-119 -251 -218 -341 -271 -406 -412 -466 -201 -230 -422 -17 -503 -70 -363 -156 -216 -162 -74 -170 -492 -58 -228 0
119 -406 -492 -74 0
-170 -311 -17 -271 -363 -466 -228 -70 -341 -406 -216 -119 -412 -201 -156 -422 -74 -276 -365 48 -46 -169 0
478 -246 -233 -253 -446 -80 0
252 -478 -119 -283 -77 0
118 -246 -363 -466 -123 -412 -398 -74 -341 -311 -233 -211 -162 -77 0
245 -294 -207 0
275 -216 -406 -341 -271 -422 -17 -70 -363 -228 -466 -119 -412 -201 -156 -74 -47 0
-216 -406 -74 -341 -466 -271 -412 -119 -503 -17 -422 -201 -230 -70 -156 -363 -228 0
275 -218 -341 -271 -406 -47 -228 -329 216 0
284 -269 -249 -198 -445 -503 -380 -478 -37 0
448 -40 -22 -201 -233 -230 -445 -422 -478 -17 -283 -249 -198 -503 -34 -266 -441 -309 -295 -287 -271 -26 -58 -392 -213 0
250 -309 -7 -478 -293 -466 -1 -509 -350 -10 -95 -13 -22 -201 -233 -230 -445 -422 -17 -249 -198 -503 -34 -266 -441 -295 -287 -271 -26 -58 -392 -213 0
283 -10 -210 -509 -293 -201 -13 -41 -449 -392 -344 -26 -287 -295 -422 -309 -17 0
-46 -293 -392 -95 -233 -350 -478 -210 -509 -26 -201 -422 -17 -228 -252 -466 -230 -249 -503 -34 -266 -441 -271 -58 -213 -123 -192 -341 -412 -512 -218 -406 -47 0
448 -245 -9 -293 -398 -509 -287 -11 -26 -148 -392 -312 0
12 -123 -503 -192 -15 -5 -157 -341 -236 -74 -210 -253 -396 -233 -245 -482 -293 -312 -509 -148 0
171 -509 -503 -58 -341 -69 -17 -192 -74 -210 -233 -312 -26 -392 -6 -258 -355 -252 -466 -108 -512 -363 -228 -218 -201 -95 -350 -478 -422 -230 -249 -34 -271 -213 -412 -406 -47 -366 -70 0
-218 -406 -341 -271 -228 -70 -503 -58 -17 -74 -233 -466 -363 -201 -422 -230 -412 -492 -156 0
218 -17 -422 -466 -70 0
-46 -148 -406 -341 -271 -218 -47 0
-363 46 -245 -70 -228 -17 -271 -412 -422 -341 -466 -74 -230 -201 -503 -156 -406 -233 -58 0
18 -161 -275 -249 -208 -445 -135 -148 -12 -406 -74 -310 -13 -230 -422 -96 0
73 -420 -58 -341 0
246 -66 -341 -74 -58 -511 -412 -337 -509 -293 -233 0
-148 -58 -233 -245 -341 -74 -293 -412 -70 -228 -17 -271 -422 -466 -230 -201 -503 -156 -406 0
-58 -245 -74 -412 -271 -70 -503 -228 -17 -406 -466 -233 -201 -422 -230 -156 -341 -293 0
-363 -251 -275 -466 -412 -503 -17 -422 -201 -230 -70 -156 -271 -228 -490 -406 -74 -392 -39 -3 -350 -94 -361 0
450 -148 -293 -245 -509 -233 -310 -212 -13 0
-148 -245 -74 -293 -406 -233 -466 -412 -503 -17 -422 -201 -230 -70 -156 -271 -228 -341 0
-245 -233 -74 -293 -406 -412 -466 -503 -17 -422 -201 -230 -70 -156 -271 -228 -341 0
-233 -156 -271 -341 -70 -503 -228 -17 -406 -466 -201 -422 -230 -412 -74 -293 0
46 -202 -412 -406 -74 -254 -341 -245 -293 -103 -70 -64 -228 -218 -156 0
-58 -156 -341 -406 -228 -74 -466 -412 -503 -17 -422 -201 -230 -70 -271 -293 0
48 342 -412 -218 0
448 -119 -275 -161 -492 -230 -271 -422 -17 -96 0
-492 -275 -329 -161 -212 -230 -271 -422 -17 -406 -74 0
-156 -406 -422 -230 -271 -17 -74 -228 -412 -341 -466 -503 -201 -70 -293 0
47 -213 -466 -449 -324 -510 -412 -341 -515 -74 -170 -406 -228 0
396 -162 -170 -412 -122 -350 -190 -96 -288 -492 -329 -275 -230 -271 -422 -17 -406 -74 -398 -208 0
450 -492 -74 -412 -341 -329 -275 -230 -271 -422 -17 -406 -245 -170 -122 -350 -398 -148 -9 -41 -251 -285 -392 -37 0
340 -107 -310 -329 -341 -412 -406 -74 -503 -161 -511 -66 -60 0
-406 -74 -503 -341 -466 -412 -230 -271 -422 -17 -228 -201 -70 -293 0
-156 -233 -466 -412 -341 -201 -74 -162 -70 -17 -422 -271 -230 -228 -275 -503 -46 0
156 -162 -210 -492 -190 -118 -70 -275 -271 -139 -332 -228 -17 -201 -341 -422 -46 0
-162 -275 -466 -201 -230 -422 -17 -271 -503 -70 -412 -228 -46 -341 -74 -210 -492 -190 -118 -139 0
162 -139 -70 -228 -17 -422 -190 -358 -230 -271 -492 -118 -412 0
160 -212 -329 -449 -276 -210 0
448 -194 -35 -233 -492 -230 -271 -422 -17 -96 0
-212 -233 -329 -492 -230 -271 -422 -17 -378 -412 -162 -276 -210 -503 -58 0
450 -95 -412 -169 -70 -466 -514 -150 -363 -311 -162 0
170 -399 -395 -201 -230 -293 -422 -70 -139 -228 0
212 -150 -169 -201 -230 -293 -422 -139 -228 -190 -358 -271 -329 -276 -412 -466 -514 -70 -363 -311 -162 -210 0
482 -446 -248 -480 -79 -254 -245 -466 0
48 -5 -329 -466 -311 -248 -480 -79 -503 -58 -492 -230 -271 -422 -17 -378 -412 -162 -276 -210 -169 -201 -293 -139 -228 -190 -358 -514 -70 0
-74 -293 -230 -201 -422 -228 -271 -412 -466 -70 -17 -503 -341 0
408 -276 -135 -503 -37 -285 -201 -464 -466 -412 -17 -422 -230 -70 -162 -271 -228 -363 -365 -329 -60 -76 -118 0
-276 -363 -412 -503 -17 -422 -201 -230 -70 -162 -271 -228 -466 -329 -266 -124 -515 -360 -407 -135 -37 -285 -464 -365 -60 -76 -118 0
490 -162 -503 -17 -422 -201 -230 -70 -412 -271 -228 -466 -407 -209 0
275 -47 -407 -228 -120 0
274 -329 -283 -207 -41 -70 -228 -209 -47 -162 -78 -412 -503 -17 -422 -201 -230 -156 -271 -275 -466 -120 0
-363 -214 -17 -422 -503 -271 -230 -412 -228 -70 -47 -201 -120 -466 -162 -453 -366 -156 -312 -275 0
-329 -162 -341 -412 -503 -209 -466 -228 -156 -47 -17 -422 -271 -230 -70 -201 -120 -275 -283 -207 -41 -78 0
-162 -407 -466 -70 -503 -228 -341 -271 -422 -17 -230 -201 -412 -209 -491 0
-276 -275 -235 -355 -503 -17 -422 -230 -491 -213 -70 -271 -169 -214 -329 -228 -120 -407 0
490 448 -293 -398 -9 -245 -312 -26 -148 -509 -322 -190 -230 -77 -271 0
340 -105 -66 0
46 -77 -228 -17 -422 -230 -70 -26 -491 -271 -312 -293 -509 -6 -341 -355 -169 -466 -512 -363 -201 0
227 -21 -190 -133 -271 -6 -58 -34 -400 -503 -235 -303 -39 -15 -366 -283 -41 -122 -70 -250 -169 0
186 -463 -41 -394 -398 -7 -287 -271 -358 -127 -126 -63 -485 -430 -190 -133 0
171 -126 -58 -41 -394 -398 -7 -271 -358 -503 -485 -190 -133 -348 -21 -309 -6 -34 -400 -235 -303 -15 -366 -122 -70 0
450 -150 -509 -514 -293 -70 -169 -58 -41 -394 -398 -7 -271 -358 -503 -190 -133 -309 -6 -34 -400 -235 -366 -139 -332 -228 -283 -250 -355 -466 -322 -363 -350 -95 0
-118 -47 -293 -249 -466 -6 -34 -312 -70 -271 -503 -366 -228 -363 -95 -17 -422 -201 -230 -412 -341 -233 -26 0
-47 -363 -466 -228 -293 -249 -6 -34 -312 -70 -271 -503 -366 -341 -95 -17 -422 -201 -230 -412 -233 -26 0
-363 -95 -271 -341 -17 -422 -228 -201 -230 -466 -293 -249 -6 -34 -312 -70 -503 -366 -412 -233 -26 0
276 -329 -271 -341 -17 -422 -228 -201 -230 -293 -70 -503 -412 -466 0
275 -491 -271 -17 -422 -228 -341 -230 -201 -120 -407 0
-329 -293 -17 -422 -230 -70 -271 -228 -341 -201 -503 -412 -466 0
-293 -228 -230 -17 -271 -70 -422 -341 -201 -503 -412 -466 0
491 -162 -271 -422 -17 -70 -228 -466 -412 -201 -503 -230 -341 -120 0
-162 -120 -70 -503 -228 -341 -271 -422 -17 -230 -201 -412 -466 0
74 -216 -516 -150 -274 -408 -47 -228 -120 -210 0
-120 -228 -341 -70 -503 -271 -17 -466 -201 -422 -230 -412 0
-228 -341 -70 -466 -271 -412 -503 -17 -201 -422 -230 0
-492 -245 -293 -233 -9 -24 -398 -297 -36 -139 -17 -15 -422 -26 -208 -230 -271 -406 119 0
46 -363 -422 -252 -230 -139 -271 -276 -120 -412 -171 -466 -70 -17 -201 0
-406 -36 -4 -13 -157 -121 -466 -481 -310 -149 -208 -515 -492 119 -407 0
-363 -120 -271 -230 -276 -466 -412 -171 -70 -17 -422 -201 -48 -252 -139 0
161 -406 -48 -218 -74 -70 -341 -171 -412 0
72 -48 -230 -201 -422 -218 -17 0
-120 -492 -230 -271 -422 -17 -276 -466 -412 -171 -70 -201 -48 -252 -139 0
490 -78 -341 -192 -74 0
448 -247 -293 -245 -9 -255 -233 -480 -482 -511 -398 -148 -26 -392 -287 -412 -341 -350 -406 -107 -74 -329 -503 -161 -66 -310 -15 -213 0
274 -356 -47 -466 -412 -503 -319 -482 -122 -230 -422 -70 -17 -15 -158 -284 -307 -297 -480 -287 -257 -148 -350 -392 -95 -293 -245 -9 -511 -398 -341 -406 -107 -74 -66 -365 -276 0
207 -245 -293 0
450 -26 -422 -17 -139 -284 -341 -307 -66 -297 -511 -287 -412 -207 -350 -392 -95 0
362 -287 -293 -398 -245 -9 -482 -148 -392 -422 -17 -139 -284 -341 -307 -66 -297 -511 -412 -350 -276 -47 -466 -503 -319 -122 -230 -70 -15 -158 -480 -257 -406 -107 -74 -365 0
448 -284 -297 -307 -236 -17 160 -276 -161 -492 -119 -230 -271 -422 -96 0
-492 -74 -17 -341 -412 -230 -271 -47 -466 -503 -70 -406 -422 -201 0
-74 -47 -17 -341 -412 -271 -230 -422 -466 -503 -70 -406 -201 0
-47 -406 -422 -230 -271 -466 -412 -70 -201 -17 -341 -503 0
-406 -341 -271 -422 -17 -466 -412 -70 -201 -230 -503 0
450 -293 -205 -233 -445 -40 -344 -365 -480 -252 -26 -276 -285 -392 -310 -37 0
-341 -503 -271 -422 -17 -466 -412 -70 -201 -230 0
212 -276 -218 -226 -466 -47 -351 -330 -96 0
274 -338 -368 -466 -110 -381 -362 -218 -156 -47 -406 -120 0
-276 -162 -412 -230 -201 -422 -17 -70 -226 -368 -466 -381 -156 -47 -420 -74 -490 -393 -211 -351 -330 -96 0
-492 -406 -449 -162 -393 -120 -490 -74 -211 0
-119 -503 -466 -412 -17 -422 -201 -230 -70 -271 0
-503 -271 -412 -17 -422 -201 -230 -70 -466 0
-48 -169 -227 -70 -47 -230 -201 -422 -218 -17 0
-341 -228 -119 -271 -422 -17 -70 -406 -363 -466 275 -412 -201 -156 -74 -47 0
-119 -120 -271 -422 -70 -406 -466 -412 -201 -47 -17 -230 -276 0
119 -276 -17 -510 -351 -466 -513 -70 -47 -230 -201 -406 -422 -162 0
-156 -228 -275 -96 -230 -271 -422 -17 -492 -212 -310 -293 -245 -13 -406 -218 -48 -70 -74 -341 -412 -103 46 -64 -119 -203 -510 0
-228 -341 -412 -492 -406 -74 -230 -271 -422 -17 -245 -170 -122 -350 -398 -41 -275 -96 -212 -310 -293 -13 -218 -48 -70 -103 46 -64 -119 -203 -510 0
-341 -275 -119 -230 -271 -422 -17 -492 -162 -406 -218 -48 -70 -74 -412 -245 -170 -122 -350 -398 -41 -310 -293 46 -203 -510 -158 -94 -59 -342 0
-275 -48 -422 -492 -271 -230 -119 -162 -406 -218 -17 -70 -74 -412 -245 -170 -122 -350 -398 -41 -293 46 -203 -510 -158 -94 -59 -342 -276 0
340 -329 -449 -276 160 -94 -74 -59 0
-48 -276 -230 -271 -412 -70 -47 -201 -422 -17 -406 -466 0
448 -96 -230 -271 -422 -328 -17 -492 0
-212 -215 -276 -310 -172 -210 -482 -162 -363 -213 -449 0
-341 -310 -271 -276 -162 -218 -466 -47 -351 -226 -80 -119 -359 -78 -492 -230 -38 -422 -328 -17 -451 -269 -515 -74 -59 -406 48 -342 0
274 -492 -271 -422 -17 -230 -276 -162 -218 -466 -47 -351 -80 -119 -359 -78 -38 -269 -515 -74 -59 -406 48 -342 0
-276 -406 -422 -230 -271 -70 -17 -466 -412 -201 -47 0
-48 -478 -312 -203 -1 -466 -366 -169 -513 -362 -70 -47 -230 -201 -422 -17 0
118 -406 -271 -201 -230 -422 -17 -412 -466 -70 -47 0
-406 -47 -70 -466 -230 -201 -422 -17 -271 -412 0
211 -341 -156 -203 -422 -70 -412 -332 -228 -510 -513 -64 -17 0
213 -376 -79 -466 -230 -271 -422 -17 -492 -480 -210 -363 -228 -162 -276 -212 0
211 -156 -422 -271 -17 -230 -203 -70 -412 -228 -510 -513 -64 0
-492 213 -466 -230 -271 -422 -17 -79 -376 -363 -228 -162 -276 -212 -118 -73 0
-212 -276 -150 -219 -70 -363 -466 -96 -34 -358 -162 -420 -79 -487 -118 -407 -47 -228 -73 -230 -271 -422 -17 -106 -201 -351 -211 0
212 -96 -156 -422 -230 -203 -70 -150 -466 -321 -363 -351 -162 -510 0
60 -47 -230 -422 -412 -466 -70 -271 -17 -201 0
-47 -271 -230 -70 -466 -422 -412 -17 -201 0
-271 -201 -230 -422 -17 -70 -466 -412 0
48 -251 -32 -285 -133 -293 -11 -110 -510 -463 -218 -154 0
-47 -214 -365 -312 -355 -276 -362 -201 -169 -70 -48 -230 -422 -218 -17 0
161 -312 -515 -365 -362 -201 -70 -230 -422 -218 -17 -285 -293 -463 -154 -345 -324 -141 -73 -350 -340 -76 -170 -412 -118 0
274 -301 -108 -365 -276 -329 -312 0
275 -297 -17 -139 -26 -66 -95 -307 -511 -422 -412 -207 -350 -392 450 -490 -226 -118 0
450 -118 -17 -139 -26 -66 -95 -307 -511 -412 -350 -399 -245 -9 -293 -509 -148 -276 -490 -226 -422 -271 -122 -170 -162 -322 0
246 -228 -250 46 -245 -110 -70 -283 -218 0
-228 -80 -310 -509 -482 -216 -233 -247 -255 -245 -250 46 -110 -70 -283 -218 -77 -119 0
274 -341 -329 -412 -60 -356 -161 -310 -216 -208 -139 -37 -13 -283 -42 -122 -509 -482 -233 -245 46 -110 -70 -218 -118 -490 -26 -391 -271 0
-341 -391 -42 -233 -412 -509 -26 -245 -139 -482 -490 -310 -118 -276 -329 -60 -356 -161 -208 -37 -13 -283 -122 46 -110 -70 -218 -271 0
-162 -276 -490 -329 -271 -42 -233 -412 -509 -26 -245 -139 -482 -161 -283 -122 46 -110 -70 -218 -213 -449 -17 -95 -350 -399 -422 -322 0
-276 -26 -245 -283 46 -110 -70 -218 -490 -271 -139 -122 -412 -329 -42 -233 -509 -482 -161 -213 -449 -17 -95 -350 -399 -422 -322 0
11 -3 -478 -350 -80 -322 -69 0
-119 -341 -312 -148 -350 -322 -253 -233 -509 -245 -214 -293 -9 -42 -490 -251 -283 -482 -66 -122 -511 -170 -412 -161 -120 0
311 -478 -350 -80 -322 -3 -10 -214 -148 0
-341 -26 -139 -412 -271 -350 -380 -95 -449 -312 -322 -214 -509 -253 -233 -283 -245 -228 46 -110 -70 -218 -490 -42 -482 -122 -161 -120 0
-213 -509 -245 -350 -412 -139 -271 -380 -449 -322 -283 46 -110 -70 -218 -490 -42 -482 -122 -17 -399 -422 -211 0
274 -119 -271 -422 -96 -17 448 -230 0
-228 -492 -156 -230 -48 -422 -17 -212 -96 -245 -271 -218 -70 -74 -341 -412 46 -119 448 0
-492 -119 448 -17 -96 -230 -271 -422 -122 -162 -218 -48 -70 -341 -412 -156 -212 -245 46 -490 0
-119 -341 -245 -412 -271 -162 448 -17 -96 -230 -422 -122 -218 -48 -70 -156 -212 46 -490 0
-341 -234 -245 -350 -412 -271 -490 -162 448 -17 -96 -230 -422 -122 -218 -48 -70 -156 -212 46 0
-412 -48 -17 -230 -422 -271 -70 -466 -47 0
227 -41 -74 -341 -199 -96 412 -406 -492 -230 -271 -422 -17 -161 -274 -252 0
292 -74 -199 412 -307 -341 -122 -274 -170 -226 -96 -406 -492 -230 -271 -422 -17 -161 -252 -245 -207 -9 0
-161 -492 -482 412 -341 -226 -199 -96 -406 -361 -230 -271 -422 -17 -154 -293 -307 -122 -170 -245 -9 -119 0
450 -268 -199 -236 -230 -209 -422 -75 -329 -17 -492 -271 -310 -212 0
-492 -341 -245 -293 -230 -154 -422 -17 -96 -199 -271 -122 -482 -158 -170 -361 412 -307 -226 -406 -9 -119 0
-341 -119 -9 -293 -96 -154 -17 -422 -324 -230 -245 -199 -271 -122 -482 -158 -170 -361 412 -307 -226 -406 0
450 -59 -96 -502 -211 -37 0
-119 46 -245 -70 -218 -96 -17 -422 -324 -271 -230 -122 -482 -158 412 0
-48 -47 -17 -422 -230 -271 -466 -70 0
-161 -245 -156 -422 -230 -201 -341 412 -96 -70 -492 -271 -17 -408 -47 -46 -218 -119 0
18 -245 -505 -508 -156 -171 -422 -70 0
-245 -119 -230 -466 -422 -17 -70 -341 -96 -271 -47 -492 0
-119 -341 -230 -47 -271 -422 -96 -466 -17 -70 -492 0
119 -96 -449 -271 -230 -492 -160 0
-96 -492 -422 -17 -271 -230 -47 -466 -70 0
-11 -10 -349 -213 -156 448 -384 -508 -323 -230 0
121 -254 -233 -80 -34 -478 -377 -266 -285 -309 -295 -286 -192 -170 0
312 -424 -198 -473 -23 -365 -377 -254 -401 -332 -34 -80 -453 -228 -329 -68 -274 -215 0
118 -329 -377 -123 -233 -170 -17 -422 -246 -508 -349 -213 448 -323 -230 -70 -210 -271 48 -218 -340 -26 -492 0
Solved
