108 -226 -109 -352 -79 -154 -142 -316 -85 -10 -434 -52 -451 -244 0
478 -434 -94 -79 -29 -142 -316 -85 -10 -52 -451 -244 -106 -109 -154 -352 0
485 -136 -424 -436 -409 -392 -364 -184 -208 -59 -70 -166 -268 -112 -283 -130 -256 -94 -79 -29 -142 -316 -85 -10 -52 -451 -244 -106 -109 -154 -352 0
-434 -256 -169 -112 -184 -46 -299 -130 -208 -364 -392 -480 -435 -94 -79 -29 -142 -316 -85 -10 -52 -451 -244 -106 -109 -154 -352 0
258 -165 -106 -244 -208 -59 -46 -70 -166 -268 -112 -299 -283 -149 -130 0
210 -373 -211 -386 -46 -206 -413 -392 -59 0
487 -59 -244 -184 -208 -211 -46 -392 -316 -70 -166 -268 -112 -283 -130 -106 -299 -169 -364 -94 -79 -29 -142 -85 -10 -52 -451 -109 -154 -352 -484 -424 -436 -409 0
113 -297 -150 -70 -256 -166 -130 0
99 -413 -169 -130 -112 -150 -70 -166 -335 -299 0
132 -264 -451 -142 -106 -339 -154 -316 -481 -441 -268 -70 -279 -283 -166 -169 -112 0
209 -299 -166 -112 -130 -451 -142 -106 -154 -316 -268 -283 -169 -70 -364 -184 0
114 -149 -433 -94 -79 -29 -142 -316 -85 -10 -52 -451 -244 -106 -109 -154 -352 -484 -163 -166 -130 0
491 -392 -46 -211 -436 -484 -70 -166 -112 -94 -79 -29 -142 -316 -85 -10 -52 -451 -244 -106 -109 -154 -352 -130 -175 -184 -208 -268 -283 -169 -364 0
-150 -149 -106 -244 -208 -300 -166 -112 -130 -451 -142 -154 -316 -268 -283 -169 -70 -364 -184 113 -46 0
150 -278 -413 -364 -208 -296 -184 0
113 -392 -46 -106 -484 -60 -208 -94 -79 -29 -142 -316 -85 -10 -52 -451 -244 -109 -154 -352 -184 -300 -166 -112 -130 -268 -283 -169 -70 -364 0
210 -150 -10 -451 -441 -106 -244 -238 -297 -216 -364 -142 -184 0
-150 -279 -244 -297 -238 -257 -94 -79 -29 -142 -316 -85 -10 -52 -451 -106 -109 -154 -352 -484 -364 -164 -184 -60 -208 -441 -216 0
494 -154 -106 -46 -142 -316 -364 -208 -184 -244 -94 -79 -85 -10 -52 -451 -109 -352 -484 -268 -70 -169 -283 -166 -130 -112 -490 -211 -436 -175 0
114 -469 -211 -355 -473 -436 -46 -205 -433 -484 -163 -70 -413 -166 0
209 -150 -166 -106 -244 -208 -112 -130 -451 -142 -154 -316 -268 -283 -169 -70 -364 -184 -484 -46 -211 -436 -175 -490 -393 0
114 -150 -451 -10 -106 -244 210 -364 -142 -184 -268 -70 -283 -166 0
-150 -166 -46 -484 -70 -490 -211 -130 -106 -244 -208 -112 -451 -142 -154 -316 -268 -283 -169 -364 -184 -10 -436 -175 -393 0
433 -238 -244 -441 -106 -46 -393 0
167 -393 -10 -106 -46 -484 -142 -435 -244 -268 -258 -283 -130 -112 -70 0
496 -106 -364 -208 -130 -112 -70 -10 -169 -46 -484 -142 -244 -268 -283 -490 -211 -451 -316 -436 -175 -493 -94 -79 -52 -109 -352 0
168 -150 -244 -106 -451 -10 -142 -409 -79 -94 -268 -427 -283 -130 -496 -112 -70 0
113 -168 -352 -142 -409 -79 -94 -427 -268 -283 -10 -130 0
167 -150 -244 -106 -451 -10 -352 -142 -79 -94 -427 -496 -324 -70 0
-150 -352 -10 -142 -409 -79 -94 -427 -244 -106 -451 -496 -70 -268 -283 -130 -112 0
114 -167 -409 -79 -94 -427 -268 -258 -283 -142 -130 0
168 -435 -244 -106 -451 -10 -352 -142 -79 -94 -427 -216 -496 -70 0
499 -427 -409 -79 -94 -142 -130 -268 -283 -112 -10 -451 -70 -364 -208 -169 -484 -490 -211 -316 -436 -175 -493 -109 0
107 -244 -499 0
-244 -106 -499 0
113 -322 -106 -10 -499 -142 -343 -79 -178 -94 -427 -451 -268 -283 -168 -409 -130 0
323 -106 -343 -499 -178 -451 -10 -142 -79 -94 -427 0
-322 -168 -268 -112 -106 -10 -499 -142 -343 -79 -178 -94 -427 -451 -283 -409 -130 0
108 -257 -409 -94 -79 -178 -142 -343 -10 -499 -451 0
-168 -106 -499 -451 -10 -409 -94 -79 -178 -142 -343 -169 -130 -112 -268 -427 -283 0
107 -215 -278 -364 -208 -413 -296 -258 -238 -498 -427 -409 -94 -79 -178 -142 -343 -10 -499 -451 0
-106 -499 -10 -451 -364 -208 -427 -409 -94 -79 -178 -142 -343 -169 -130 -112 -70 -268 -283 0
160 -348 -9 0
12 -257 -409 -94 -79 -142 0
114 -168 -70 -1 -427 -409 -94 -193 -79 -451 -142 -10 -268 -283 -130 0
-168 -427 -142 -409 -79 -94 -10 -268 -283 -130 -112 -70 -1 -193 -451 0
11 -215 -278 -364 -208 -413 -296 -258 -46 -121 -498 -445 -427 -409 -386 -94 -79 -379 -142 0
502 -10 -409 -94 -79 -451 -142 -1 -364 -208 -169 -130 -70 -178 -343 -484 -490 -211 -316 -175 -493 -109 0
160 -347 -8 0
257 -8 0
303 -403 -181 0
428 -181 -380 -293 -70 -285 -168 -113 -502 0
284 -268 -502 0
71 -239 -101 -400 -325 -343 -158 -500 -106 -47 -439 0
-244 -84 -158 -67 -216 -205 -239 -353 107 0
-268 -325 -380 -109 -353 -64 -279 -158 -67 107 -293 -70 -101 -400 -343 -106 -439 -322 -438 -502 -113 -285 0
-106 -168 -293 -70 -380 -113 -502 -285 -109 -353 -64 -279 -158 -101 -343 -438 -429 -362 -447 -195 -108 0
417 -93 -134 -1 0
114 -375 -480 -387 -362 -70 -439 -438 -447 -195 -502 -293 -380 -113 -285 -109 -353 -64 -279 -158 -101 -343 -429 -108 0
-106 -429 -101 -343 -158 -439 -322 -70 -195 -293 -380 -113 -502 -285 -109 -353 -64 -279 -438 -362 -447 -108 0
144 -502 -343 -70 -109 -64 -1 -169 -130 -424 -409 -94 -451 -79 -10 0
72 -322 -102 -325 -343 -501 -106 -428 -48 -159 -439 -166 0
112 -181 -381 -294 -70 -102 -325 -343 -501 -106 -428 -48 -159 -439 -502 -284 0
47 -215 -83 -159 -240 -354 -246 -67 -501 -205 0
71 -181 -381 -109 -325 -278 -240 -106 -48 -83 -159 -354 -246 -67 -501 -205 -294 0
-106 -159 -102 -343 -70 -381 -109 -278 -354 -294 -437 -428 -284 -502 -114 -363 -446 -194 -107 0
48 -37 -479 -374 -67 -232 -31 0
416 -92 -135 -1 0
505 -70 -1 -343 -109 -424 -409 -130 -94 -451 -79 -142 -64 -364 -208 -490 -211 -316 -175 -493 0
500 -381 -232 -11 -438 -387 -205 -31 -259 -67 -319 -326 -194 -106 -52 0
283 -67 -259 -205 -31 -232 -387 -294 -451 -106 -499 -194 -216 -322 -268 -130 -114 0
-502 -283 -268 0
-67 -268 -194 -424 -142 -409 -79 -94 -216 -322 -205 -114 -259 -31 -232 -387 -294 -451 -106 -499 -130 0
-268 -114 -168 -322 -216 -194 -424 -142 -409 -79 -94 -205 -259 -31 -232 -387 -294 -451 -106 -499 -130 0
108 -381 -232 -412 -31 -67 -319 -205 -326 -387 -259 -194 -106 -499 -451 0
10 -412 -31 -232 -67 -381 -294 0
11 -505 -142 0
113 -322 -505 -142 -409 -79 -94 -238 -247 -268 -283 -130 0
-322 -277 -142 -79 -505 -94 -232 -238 -409 -268 -283 -130 -247 0
12 -505 -142 0
285 -232 -142 -106 -79 -94 -505 -322 -130 -409 -247 -268 -283 0
-232 -322 -142 -79 -505 -94 -106 -409 -268 -283 -130 -247 0
284 -37 -247 -436 -505 -424 -70 -67 -142 -409 -385 -79 -94 -427 -322 -412 -130 -268 -112 0
-322 -67 -94 -106 -505 -142 -409 -247 -268 -283 -130 -424 -70 -79 0
233 -184 -364 -208 -35 -241 -335 -448 -277 -37 0
429 -232 -343 -364 -208 -241 -441 -64 -247 -170 -259 -505 -33 -142 -409 -387 -79 -497 -94 0
144 -351 -62 -247 -505 0
114 -241 -364 -208 -343 -64 -247 -259 -505 -142 -409 -79 -94 -67 -268 -70 -283 -166 -130 0
143 -350 -63 -247 -505 0
234 -25 -364 -208 -184 -241 -336 -448 -277 -37 0
233 -320 -456 -215 -448 -149 -296 -364 -208 -413 -184 -37 0
-67 -283 -208 -64 -259 -409 -247 -94 -505 -79 -142 -268 -70 -364 -130 -343 -106 -424 0
284 -238 -259 -174 -343 -364 -208 -232 429 -64 -247 -241 -505 -142 -409 -79 -94 -214 -70 -478 -166 -130 -256 -112 0
-232 143 -247 -505 -268 -283 -259 -343 -364 -208 -64 -142 -409 -79 -94 -214 -70 -478 -130 -106 0
143 -283 -259 -70 -247 -505 -268 -64 -343 -364 -208 -142 -409 -79 -94 -130 -106 -424 0
113 -238 -259 -319 -173 -214 -478 -70 -256 -166 -130 0
322 144 -268 -247 -505 -283 -259 -319 -173 -214 -478 -70 -256 -130 0
-283 -268 -142 -79 -505 -94 -106 -409 -130 -247 -259 -70 -424 -64 -343 -364 -208 0
144 -351 -247 -505 0
323 -354 -106 -180 -162 -348 -351 -128 -62 -168 0
114 -268 -343 -364 -208 -64 -247 -505 -142 -409 -79 -94 -70 -106 -259 -256 -502 -130 0
112 -268 0
113 143 -247 -505 -324 -268 -283 0
-322 -351 -128 -62 -257 -168 -488 -324 -142 -79 -505 -94 -283 -106 -268 -232 -130 -247 0
208 -297 -150 -216 -68 -232 -31 -414 0
-70 -409 -232 -283 143 -247 -505 -268 -142 -106 -79 -94 -130 0
-409 143 -232 -283 -106 -247 -505 -268 -142 -79 -94 -130 0
344 -99 -297 -188 -133 -203 -483 -415 -448 -138 -456 -402 -180 0
348 -160 -7 0
256 -7 0
-409 -106 -283 -94 -268 -505 -79 -247 -142 -232 -130 0
144 -487 -256 -268 -283 -247 -505 0
-487 -94 -505 -268 -283 -130 -247 -79 -142 0
144 -244 -232 -46 -499 -130 -421 -409 -283 -247 -94 -268 -505 -79 0
233 -244 -499 -277 -46 0
-94 -79 -130 -247 -505 -268 -283 -232 -142 0
-350 -351 -247 -505 143 0
345 -99 -300 -363 -335 -451 -122 -116 -365 -106 -524 -499 0
234 -326 -194 -106 -436 -445 -431 -483 -150 -295 -188 -439 -275 -365 -524 -344 -300 -363 -451 -499 -84 -282 -385 -379 -277 -38 0
108 -326 -433 -194 -139 0
-106 -483 -150 -431 -445 -139 -194 -486 -480 -128 -414 -385 -277 -232 -436 -188 -524 -344 -300 -363 -451 -499 -84 -282 -379 -38 -72 -242 -168 -240 -324 -348 -180 -354 -162 -351 -62 0
114 -363 -232 -445 -385 -451 -379 -354 -448 -247 -505 143 -268 -508 -256 -283 -130 0
143 -445 -505 -268 -283 -232 -247 -385 -451 -379 -448 -508 -256 -130 -79 0
107 -433 -327 -195 -139 0
234 -106 -149 -432 -445 -139 -482 -327 -195 -485 -226 -479 -68 -129 -413 -385 -277 0
108 -295 -189 -276 -98 -336 -482 -366 -525 -345 -432 -499 -445 0
-106 -479 -362 -485 -195 -139 -189 -482 -525 -345 -432 -499 -445 -385 -277 -232 -149 -129 -413 -71 -243 -167 -323 -239 0
-79 -283 -130 -232 -247 -268 -505 -142 0
144 -386 -94 -292 -38 -448 -25 -52 -47 -499 -352 -130 -256 -324 -283 -247 -268 -505 0
95 -168 -72 -208 -292 -98 -301 -483 -181 -361 -365 -431 -123 -524 -447 -427 -409 0
233 -499 -361 -106 -94 -352 -247 -505 -268 -283 -130 -142 0
166 -32 -414 -283 -268 -238 -292 -323 -71 0
386 -167 -106 -499 -352 -268 -128 -283 -247 -505 -414 -130 -142 -99 -323 -94 0
168 -43 -48 -335 -106 -83 -499 -456 -352 -161 -9 -243 -247 -505 -142 -323 -70 -350 0
-71 -69 -414 -283 -268 -238 -292 -323 166 -70 0
-351 -350 -247 -505 -142 0
113 -70 -499 -352 -142 -128 -247 -505 -414 -283 -268 -323 -106 -374 -94 -167 -48 -335 -456 -243 -130 0
-167 -323 -268 -283 -499 -352 -142 -128 -247 -505 -414 -106 -94 -48 -335 -130 -39 -387 -99 0
-499 -106 -505 -142 -268 -283 -130 -247 -232 0
47 -194 -441 -106 0
72 -166 -106 -505 -142 -247 -268 -283 -130 -232 0
107 -440 -195 -46 0
-324 -323 -106 -505 -142 -130 -247 -268 -283 -70 -232 0
324 -106 -505 -130 -142 -247 -232 -283 -268 0
144 -106 -232 -130 -505 -142 -247 -268 -283 0
47 -277 -244 -232 -106 0
-106 -283 -130 -505 -247 -268 -232 -142 0
114 -169 -247 -505 -268 -142 -283 -130 0
233 -283 -142 -130 -247 -268 -505 -244 -499 -46 0
-283 -232 -505 -142 -268 -130 -247 0
-350 143 -247 -505 -142 0
72 -447 -483 -25 234 -241 -448 -277 -431 -524 -184 -409 -96 -31 -232 -150 -414 -509 -292 0
108 -96 -194 -480 -238 -455 -353 -80 -486 -31 -71 -483 -25 234 -241 -448 -277 -431 -524 -184 -409 -232 -150 -414 -509 -292 0
234 -499 -194 -150 -431 -480 -486 -483 -128 -414 -277 -232 -188 -524 -344 -300 -451 -106 -84 -379 -168 -324 -348 -180 -162 -351 -62 -509 -313 -448 -409 -455 -80 -353 -31 -292 -428 0
501 -499 -194 -150 -431 -480 -486 -483 -128 -414 -277 -232 -188 -524 -344 -300 -451 -106 -84 -379 -38 -282 -168 -324 -348 -180 -162 -351 -62 -509 -386 -448 -409 -455 -80 -353 0
387 -94 -292 -324 -72 -168 -150 -208 -98 -483 -337 -154 -431 -524 -447 -409 -238 -31 0
385 -72 -405 -106 -180 -348 -162 -351 -128 -62 -168 -301 -324 -292 -123 -80 0
-72 108 -486 -194 -480 -238 -168 -455 -324 -106 -180 -348 -162 -351 -128 -62 -353 -80 -31 -292 -150 -208 -98 -483 -337 -154 -431 -524 -409 -386 -405 -301 0
46 -428 -168 -324 -35 -509 -292 -486 -194 -480 -455 -106 -180 -348 -162 -351 -128 -62 -353 -80 -150 -483 -431 -524 -409 -414 -277 -232 -188 -344 -300 -451 -84 -379 -448 -313 0
107 -277 -232 -46 0
143 -106 -232 -130 -268 -247 -505 -142 0
481 -364 -332 -25 -116 -184 -405 -264 -303 -299 -129 -98 -63 0
-364 -336 -25 -36 -98 -482 -332 -116 -184 -405 -264 -303 -299 -129 -63 0
94 -499 -106 -479 -195 -485 -189 -482 -525 -345 -432 -448 -277 -232 -149 -129 -413 -167 -323 -456 -354 -510 -81 0
-499 -184 -232 -332 -413 -299 -129 -63 -482 -154 -432 -451 -85 -106 -345 -525 -409 -95 -479 -195 -485 -189 -448 -277 -149 -167 -323 -456 -354 -510 -81 0
499 -106 -232 -277 0
322 -332 -232 -413 -299 -129 -63 -482 -432 -451 -106 -345 -525 -409 -479 -195 -485 -189 -448 -277 -149 -167 -323 -456 -354 -510 -81 -429 0
-106 -232 -130 -247 -268 -505 -142 0
-277 -244 -499 -46 -232 0
113 -169 -247 -505 -268 -142 -502 -130 0
-232 -268 -247 -505 -142 -130 0
107 -499 -46 0
-499 -106 -46 0
322 -180 -206 -347 -256 -130 -325 -112 -72 -239 -168 0
-351 -117 -239 -141 -130 -505 47 -106 -195 -268 -129 -142 -247 0
114 -503 -284 0
215 -319 -67 0
108 -106 -505 -142 -268 -247 -130 0
71 -405 -325 -301 -46 107 -385 -292 -214 0
113 -504 -247 -505 143 -268 -324 0
-351 -168 -106 -130 -247 -505 -268 -70 -322 -61 -142 0
-168 -167 -142 -268 -247 -505 -106 -130 0
144 -510 -240 -352 -385 -324 -161 -72 -9 -347 -268 -505 -46 107 -247 0
168 -240 -247 -505 -142 -268 -352 107 -130 0
216 -241 -448 -455 -326 -207 -67 0
322 -209 -97 -300 -264 -207 -116 -157 -448 -188 -37 -67 -509 -385 -292 -150 -71 -240 0
-106 -268 -130 -142 -247 -505 0
323 -166 -247 -505 -268 -324 -142 0
269 114 0
114 -241 -67 -214 -238 -439 -505 -142 -247 -268 -130 0
270 -503 -284 0
70 -67 -142 -247 -505 -268 -130 -324 0
269 -168 -112 -324 0
-67 -71 -247 -505 -268 -324 -142 -130 0
270 -478 -31 -130 -247 -505 -268 -324 -142 0
-71 -324 -247 -505 -142 -268 -130 0
113 -69 -33 -456 -142 -96 -247 -505 -509 -268 -130 0
-324 -268 -142 -247 -505 -130 0
72 -67 -354 -456 -448 -404 -37 -301 -81 -385 -292 0
71 -268 -247 -505 -142 -130 0
-268 -142 -505 -247 -130 0
68 -238 -456 -214 0
387 -456 -431 -347 -180 -80 -67 -324 -247 -505 -268 -142 -71 0
68 -238 -292 -456 -71 0
454 -233 -128 -278 -194 -508 -157 -71 -292 -32 -67 -456 -84 0
-456 -71 114 -67 -385 -247 -505 -268 -142 0
-46 -245 -106 -48 0
70 -321 -385 -194 -278 -67 -455 -240 -324 -247 -505 -268 -142 0
246 -499 -233 -46 -278 0
-499 -95 -80 -354 -302 -128 -62 -207 -247 -505 -268 -324 -142 -46 -240 -233 -278 -194 0
-71 -385 -505 -268 -142 -67 -247 114 0
-385 -67 -505 -268 -142 -247 114 0
72 -46 -524 -247 -505 -268 -142 -62 -128 -180 -84 -456 -37 -232 -324 -80 -31 -94 -67 0
-46 -456 -67 -37 -31 -94 -324 -168 -70 -524 -247 -505 -268 -142 -62 -128 -180 -84 -232 -80 0
69 -116 -94 -80 -508 -157 -301 -70 -319 -292 0
-456 -94 -194 -67 -80 -70 -84 -414 -37 -232 -128 -278 -31 -324 -168 -524 -247 -505 -268 -142 -62 -180 0
68 -240 -324 -168 -70 -47 -292 -31 0
48 -67 -232 -37 -31 -483 -431 -62 -447 -128 -108 -500 0
-67 -142 -505 -268 -247 114 0
-499 -117 -157 -214 -319 -71 -440 -194 -233 -46 -278 -500 0
-48 -71 -247 -505 -268 -142 114 -46 0
-499 -116 -319 -324 -247 -505 -268 -142 -214 -62 -128 233 -46 -501 0
-71 -46 -505 -268 -142 -247 114 0
-46 -142 -268 -505 -247 114 0
72 -106 -499 -451 -256 -486 -187 -43 -84 -208 -98 -448 -157 -336 -38 -301 -319 -508 -439 -386 -292 -214 0
94 -352 -256 -373 -431 -106 -499 -478 -80 0
454 -409 -499 -524 -106 -292 -337 -324 -168 -98 -72 -208 -483 387 -154 -431 -150 -31 -256 -373 -478 -80 -180 0
501 -365 -98 -483 -337 -208 -524 -226 -478 -180 -373 -347 -7 -431 -123 -106 0
239 -373 -256 -486 -194 -106 -499 -98 -483 -337 -208 -524 -180 -478 -347 -7 -431 -241 -448 -292 -324 -168 -72 387 -154 -31 -80 -101 -157 -319 -214 0
500 -123 -168 -301 -292 -98 -361 -483 -208 -72 -431 -488 -524 -427 -256 -478 -241 -373 -448 -96 -106 -499 -80 -314 -456 -282 -84 -116 0
70 -180 -84 -282 -347 -314 -431 -106 -98 -483 -337 -208 -524 -478 -499 -168 -301 -361 -72 -488 -80 -319 -214 -486 -194 -324 -154 -31 -101 -38 -386 -247 -505 -268 -142 0
-142 114 -505 -268 -247 0
386 -431 -10 -456 -379 -256 -448 -106 -499 -478 -80 -96 0
-431 -448 -127 -446 -122 -385 -10 -456 -379 -256 -351 -106 -499 -478 -80 -96 0
431 -497 -335 -523 -277 -247 -127 -62 -351 0
-67 -68 -319 -214 0
-256 -478 -10 -505 -140 -214 -116 -354 -84 -456 -127 -446 -122 -385 -431 -379 -351 -106 -499 -80 -96 0
455 -448 -292 -182 -10 -116 -379 -84 0
162 -346 -431 -351 0
-456 -379 -385 -10 -505 -247 -523 -345 -319 -354 -431 -351 -140 -214 -116 -84 -127 -446 -122 -106 -499 -80 -96 0
506 -345 -523 -247 -180 0
501 -319 -505 -523 -247 -10 -354 -351 -84 -127 -106 -499 -80 -96 -324 -168 -72 -193 0
455 -434 -205 -326 -117 -238 -84 0
449 -62 -483 -247 -232 -25 -505 -379 -241 -10 0
234 -385 -37 0
456 -72 -483 -247 -25 -505 -10 -232 -168 -324 -238 0
454 -354 -499 -505 -523 -247 -10 -351 -84 -127 -106 -80 -96 -324 -168 -72 -193 0
-80 -448 -523 -247 -10 -351 -84 -127 -106 -499 -324 -168 -72 -193 -505 -456 -79 0
11 -404 -324 -302 -238 -69 -319 -157 0
454 -319 -10 -324 -505 -362 -445 -106 -499 -353 -84 0
-319 -385 -268 -487 -499 -409 -523 -247 -505 -10 -448 -84 -456 -324 -362 -445 -106 -353 0
319 -448 -205 -10 -84 -456 -238 0
455 -116 -268 -487 -499 -523 -247 -505 -10 -448 -84 -456 -324 -362 -106 -353 -72 -95 0
-116 -448 -10 -268 -132 -324 -168 -72 -193 -106 -499 -431 -95 -353 -505 -362 -84 -456 -487 -523 -247 0
-448 -431 -247 -505 -10 -456 -499 -84 -268 -132 -324 -168 -72 -193 -106 -523 -487 -351 -127 -79 0
-385 -37 -232 0
448 -72 -268 -79 -205 -238 -84 -106 -193 -324 -439 -168 -132 -232 -456 0
454 -346 -10 -505 -132 -72 -106 -499 -161 -95 -353 -324 -362 -319 -84 0
-72 -106 -247 -505 -499 -10 -268 -487 -84 -324 -523 -132 -351 -168 -193 -127 -79 -483 0
455 -319 -523 -25 -122 -247 -232 -505 -10 -294 -216 -205 -140 -116 -354 -226 -84 0
12 -96 -277 -127 -387 -232 -351 -510 -132 -487 -416 -64 -161 -523 -247 -345 -505 -448 0
454 -448 -10 -277 -127 -387 -232 -351 -510 -132 -487 -416 -523 -247 -345 -505 -79 -354 0
-448 -455 -505 -523 -247 -345 -10 -277 -127 -387 -232 -351 -510 -132 -487 -416 -79 -354 0
-319 -86 -79 -354 -127 -140 -277 -232 -205 -294 -168 -10 -327 -324 -216 -505 -238 -523 -247 -345 -387 -351 -510 -132 -487 -416 -25 -122 -116 -226 -84 0
-106 -499 -247 -505 -10 -84 -414 -79 -127 -168 -324 -351 -132 -487 -523 -193 -268 -483 0
258 -346 -160 0
455 -380 -315 -46 -499 -244 -171 -132 -257 -345 -180 -84 0
170 -62 -168 -127 -324 -351 -380 -160 -281 -257 -315 -132 0
11 -448 -445 -121 -414 -46 -499 -244 -168 -127 -324 -132 -84 -523 -247 -505 -351 0
-232 -259 -445 -317 -483 -351 -63 -38 -168 -33 -324 -414 -381 -234 0
456 -159 -483 -448 -455 -168 -324 -414 -381 -499 -46 -445 -351 -38 -244 -523 -247 506 0
161 -348 -9 0
-448 -244 -46 -499 -139 -79 -84 -483 -168 -324 -414 -445 -351 -523 -247 -505 -451 -10 -121 -127 -132 0
-160 -215 -244 -240 -445 -31 -232 -68 -414 -318 -324 -70 -483 -168 -62 -127 -351 258 0
320 -318 -31 -445 -46 -94 -499 -79 -354 -244 -240 -232 -414 -121 -324 -70 -483 -168 -62 -127 -351 258 0
167 -214 -240 -324 -70 0
507 -232 -79 -37 -354 -445 -414 -351 -240 -127 -324 -168 -321 -46 -499 -244 -121 -483 -487 -523 -132 -247 -10 0
-232 -66 -483 -351 -168 -324 -414 -499 -46 -445 -244 -523 -247 -10 -180 -505 -79 -37 -354 -240 -127 -321 -121 -487 -132 0
12 -97 -483 -476 -499 -46 -233 -66 -244 -168 -523 -247 -324 -180 -505 -379 0
246 -366 -35 -97 -483 -62 -127 -499 -46 -233 0
456 -121 -445 -483 -351 -241 -168 -46 -127 -324 -499 -244 -523 -247 -505 -10 -414 -79 -37 -487 -132 0
11 -169 -499 -523 -132 -247 -179 -353 -505 0
500 -63 -127 -115 -65 -168 -70 -324 -381 -445 -232 -483 -351 -317 -414 -239 -31 -499 -46 -244 0
-240 -99 -36 -483 -26 -63 -241 -168 -324 -70 -239 0
61 -94 114 -258 -348 -324 -70 -351 0
-232 -241 -324 -483 114 -351 -353 -523 -247 -244 -46 -499 -127 -115 -65 -445 -239 -505 -10 -179 -37 0
166 -62 -268 -483 -97 -353 -46 -276 -499 -65 -244 -10 -523 -351 -277 -233 -379 -241 -247 -127 -324 -445 0
72 -403 -79 -121 -302 -509 -385 -293 0
-62 -385 -32 -456 -79 -121 -132 -499 -523 -247 -179 -353 -505 -65 -10 -351 -46 -127 -277 -244 -239 -324 -168 -268 -483 -97 -276 -233 -379 -241 -445 0
-499 114 -247 -268 -505 0
-232 -445 -454 -450 -238 -106 -46 -233 0
-445 -162 -352 -431 -454 -238 -106 -244 -46 -279 -450 -233 0
234 -374 -94 -104 -79 -450 -352 -454 -121 -238 -226 -106 -46 0
12 -238 -79 -352 -414 -106 -46 -244 -351 -127 -343 -483 -523 -62 -247 -505 -379 0
240 -209 -241 -486 -97 -71 -293 -79 -44 -405 -127 -445 -193 -46 -352 -84 -66 -277 -106 -52 -454 -244 0
-233 -445 -352 -454 -238 -106 -244 -46 -346 -351 -497 -523 -247 -127 -62 -241 -486 -71 -293 -79 -405 -193 -84 -66 -52 -414 -234 0
-445 -449 -454 -238 -244 -106 -46 -352 -346 -351 -497 -523 -247 -127 -62 -241 -486 -71 -293 -79 -405 -193 -84 -66 -52 -414 -234 0
239 -385 -94 -79 -121 -352 -106 -454 -46 0
-385 -94 -79 -121 -352 -106 -454 -244 -238 -46 0
167 -62 -132 499 -351 -523 -247 -127 -79 -193 -84 -414 -505 -10 -483 -324 0
-245 -259 -320 -414 -158 -115 -278 -52 -244 -46 -106 0
-232 -206 -483 -293 -70 -504 -401 -428 -95 -411 -487 -257 -132 -171 -233 499 0
238 -362 -123 -70 -385 -95 -411 -100 -158 -320 -326 0
-121 -447 -79 -385 -352 -106 -454 -244 -238 -46 -123 0
96 240 -449 -486 -97 -445 -293 -79 -44 -405 -127 -209 -193 -46 -352 -84 -66 -277 -106 -52 -454 -244 -37 -385 -373 0
455 -257 -70 -487 -411 -449 -486 -293 -79 -127 -193 -84 -66 -454 -302 -430 -239 -158 -477 -414 -380 -483 -504 -401 -428 -132 -171 499 -278 0
446 -257 -487 -411 -161 -346 -351 -96 0
447 -278 -37 -244 -106 0
-385 -393 -325 -366 -193 -140 -27 -106 -214 -244 -121 -70 -414 -278 -386 -37 0
48 -321 -325 -69 -46 -440 -106 -31 0
-62 -193 -132 499 -414 -487 -351 -79 -127 -84 -483 -504 -10 -523 -505 -247 -324 -168 0
447 -121 -106 0
445 -373 -96 -20 0
37 -232 -483 -351 -381 -63 -168 -317 -324 -414 -46 -106 -446 -20 -79 -352 -65 -454 -450 0
107 -214 -199 -485 -51 -476 -321 -97 -414 -399 -513 -325 -232 -31 -453 -193 -46 0
81 -450 -63 -483 -70 -36 -168 -324 -239 -37 -232 -46 -106 -199 -485 -51 -476 -97 -414 -399 -453 -193 -454 -352 0
114 -268 -247 -505 0
-441 -71 -239 -112 269 -69 -106 47 0
-445 -454 -505 -69 -247 -232 -106 -46 -239 -167 -112 269 47 -123 -447 0
95 -162 -430 -247 -505 -268 -427 -81 0
240 -94 -169 -268 -106 -247 -505 -430 -352 -381 -70 -454 0
81 -256 -195 -325 -505 -117 -449 -83 -69 -454 -141 -362 -352 0
351 -61 -127 0
81 -429 -268 -94 -195 -325 -505 -117 -449 -83 -69 -454 -141 -362 -352 0
-454 -227 -505 -247 -268 -195 -117 -141 -239 -106 -123 -232 -46 47 -447 0
12 -313 -169 -505 -448 0
108 -232 -106 -505 -247 -268 -46 0
-324 -10 -505 -247 -380 -61 -112 269 0
11 -243 -386 -122 -38 -446 -27 -430 -98 -482 -523 -61 -247 -505 0
447 -79 -352 -65 -294 -454 -70 -450 -386 -430 -106 -278 -244 0
258 -9 -346 0
455 -479 -485 -68 -363 -140 -79 -327 -352 -240 0
-351 -454 -232 -352 48 -140 -240 -122 -446 -106 -278 -244 -131 -247 -169 -505 -27 -167 -112 269 -194 0
-142 -321 -278 -240 -324 -247 -505 -268 -72 -159 -46 107 -12 -143 0
-454 -232 -106 -247 -505 -268 -46 0
-67 -72 -247 -127 -505 -181 -157 -350 -361 -319 -68 0
-142 -150 -27 -434 -247 -326 -334 -98 -505 -46 107 -127 -268 0
216 -178 -247 -343 -505 -27 -434 -326 -334 -98 -46 107 -127 -268 -157 -319 0
10 -70 269 -112 -380 -294 0
-232 -46 -505 -247 -268 -106 0
-324 -240 -210 -365 -97 -46 -277 -106 -454 -485 -70 -112 269 0
71 -27 -243 -365 -450 -335 -37 -441 -385 0
81 -446 -258 -487 -106 -67 -410 -375 -95 0
-240 -70 -485 -79 -67 -454 -487 -106 -410 -37 -385 -258 -365 -450 -193 -46 -277 -127 -63 -167 -210 -97 -112 269 0
-70 -67 -79 -385 -170 -277 -454 -112 269 -485 -131 -487 -106 -410 -37 -258 -365 -450 -193 -46 -127 -63 -167 -210 -97 0
-67 -193 -106 -294 -167 -79 -385 -170 -277 -454 -112 269 -485 -131 -487 -410 -37 -258 -365 -450 -46 -127 -63 -210 -97 0
12 -277 -167 -106 -385 -46 -33 -112 269 -131 -37 -210 -97 -247 -505 -379 0
-324 -240 -247 -112 269 -12 -46 -277 -106 -37 -454 -385 -505 -70 0
324 -454 -67 -70 -46 -106 -505 -247 -268 0
11 -432 -162 -348 -447 -179 -385 -454 -106 -238 -46 -123 -505 0
-142 -171 -505 -143 -247 -268 0
-454 -70 -46 -505 -247 -268 -106 -67 0
-245 -72 -67 -505 -247 -350 -319 -143 -117 -123 -46 -440 -106 0
142 -178 -247 -343 -505 -12 0
-70 -67 -46 -106 -505 -247 -268 0
-142 -67 -46 -106 -505 -247 -268 0
-67 -46 -247 -505 -106 -268 0
-142 -97 -434 -27 -214 -240 -323 -167 -247 -72 -449 -505 -46 107 -12 -350 0
-46 -106 -247 -505 -268 0
71 -326 -238 -448 -39 -301 -67 -508 -387 -292 0
68 -71 -256 -52 -348 -179 -83 -205 -499 -292 -238 0
239 -67 -256 -337 -448 -404 -157 -508 -301 -292 -39 -387 -205 -31 -99 -52 -348 -179 -83 -499 -238 0
-71 -67 -387 -31 -72 -256 -52 -348 -179 -83 -205 -499 -292 -238 0
-67 -81 -205 -157 -301 -508 -387 -292 -238 -448 -39 -31 -256 -52 -348 -179 -499 -112 269 -337 -404 -99 0
108 -352 -256 -373 -432 -478 -499 -122 0
-352 -470 -485 -165 -478 -373 -95 -81 -499 -106 -256 -432 -122 0
239 -165 -348 -179 -485 -256 -478 -373 -95 -81 -499 -106 -432 -122 0
-352 -295 -99 -525 -482 -409 -232 -413 -129 -63 -432 -451 -106 322 -195 -485 -448 -149 -167 -323 -456 -81 -95 -423 -348 -256 -499 -478 -165 -373 -122 0
70 -385 -432 -195 -256 -482 234 -485 -68 -129 -413 -106 -361 -81 -525 -232 -63 -451 -448 -167 -323 -423 -348 -499 -478 -102 -157 -319 -214 -179 0
72 -214 -238 -112 269 0
-385 -72 -432 -195 -256 -482 234 -485 -68 -129 -413 -106 -361 -81 -525 -232 -63 -451 -448 -167 -323 -423 -348 -499 -478 -102 -157 -319 -214 -179 0
-142 -106 -247 -505 -268 0
68 -292 -448 -10 -71 -238 0
-67 -456 -10 -448 -292 -214 -68 0
12 -352 -499 -52 -178 -117 -505 -158 0
11 -324 -247 -232 -505 -448 -10 -25 -112 269 0
-71 -72 -127 -523 -385 -277 -247 -232 -505 -10 -25 -112 269 -238 -167 -31 0
69 -380 -232 -505 -448 -10 -25 -112 269 -247 -302 -117 -293 -215 -205 0
71 -385 -79 -127 -167 -505 -247 -232 -10 -112 269 -205 -499 -106 -193 -31 -439 -131 0
-385 -10 -505 -247 -127 -205 -193 -232 -31 -439 -112 269 -167 -523 -79 -499 -106 -131 0
12 -448 -323 -127 -277 -232 -247 -37 -505 -167 0
-448 -127 -277 -232 -247 -37 -167 -505 -10 -25 -112 269 0
-324 -8 -180 -345 -499 -121 -106 -193 -439 -70 -505 -247 -10 -380 -112 269 0
72 -297 -131 -205 -276 -326 -336 -193 -302 -321 -439 -293 -238 -112 269 0
11 -499 -106 -193 -439 -70 -131 -205 -112 269 -232 -127 -454 -241 -167 -121 -505 -247 -10 -523 0
-324 -103 -365 -499 -127 -106 -193 -232 -439 -294 -381 -70 -112 269 0
-106 -268 -505 -247 0
12 -278 -83 -244 -499 -46 -238 -448 -379 -505 -169 0
-232 -448 -499 -46 -247 -505 -244 -324 -10 -112 269 0
11 -33 -46 -499 -244 -210 -247 -505 -448 -324 -10 -112 269 0
-448 -10 -46 -499 -244 -247 -505 -324 -112 269 -413 0
-232 -487 -241 -503 -427 -9 -523 -247 506 -238 -499 -131 -244 -72 -413 -46 -233 -37 0
-278 -365 -36 -97 -482 -63 -127 -244 -277 -499 -46 -233 0
70 -79 -385 -410 -183 -33 -415 -303 -441 -294 -215 0
12 -454 -121 -72 -46 -445 -499 -238 -350 -244 -482 -63 -413 -241 -503 -427 -247 -131 -37 -505 -451 -379 0
-277 -138 -345 -180 -66 -46 -454 -499 -238 -475 -244 -413 -99 -278 0
-10 -324 -284 -131 -499 -46 -244 -413 -247 -505 -503 -112 269 -121 -445 -451 0
71 -456 -83 -115 -354 -157 -81 -319 -69 -508 -387 -216 0
-233 -278 -292 -238 -72 -83 -81 -508 -326 -499 -413 -46 -244 -157 -232 0
-278 -241 -326 -238 -244 269 -112 10 -72 -499 -440 -379 -46 -81 -508 -413 -129 -279 0
-324 -268 -505 -247 0
-46 -277 -499 -232 0
114 -502 -283 0
113 -502 -283 0
449 -326 -434 -194 -392 -505 -243 -10 0
11 -86 -497 -317 -524 -129 -294 -505 0
501 -180 -247 -505 -10 -497 -317 -524 -129 -294 -52 0
-247 -194 -505 -106 -499 -129 -294 -364 -450 -205 -216 -380 -238 -31 -413 -168 -483 0
-142 -10 -505 0
-326 449 -194 -505 -243 -10 -205 -116 -403 -302 -86 -89 0
449 -403 -168 -238 -194 -505 -243 -10 -205 -116 -268 -302 -86 -89 -280 -313 0
12 -116 -188 -205 -238 72 -268 -243 -450 -194 -505 -10 -302 -86 -89 -171 -380 0
239 -79 -411 -94 -188 -416 -297 -354 -140 -205 -152 -67 -454 -327 -216 0
-10 -185 -66 -238 -411 -94 -188 -416 -205 -243 -450 72 -194 -505 -89 -171 -380 -499 -121 -106 -61 -129 0
325 -391 -205 -68 -362 -121 -106 -194 0
72 -505 -106 -238 -205 -129 -380 -171 -499 -31 -413 -98 -336 -38 -439 -386 0
455 -249 -238 -193 -324 -106 -79 -350 -499 -62 -127 -361 -205 -181 -523 -403 -180 -64 0
501 -181 -361 -79 -115 -352 -52 0
11 -361 -79 -499 -456 -238 -193 -324 -106 -350 -62 -127 -205 -523 -64 -302 -505 -292 -159 0
240 -62 -336 -439 -106 -499 -505 -98 -166 -171 -448 -380 -10 -238 -350 -205 -302 -292 -260 -214 -68 0
-324 -361 -499 -238 -106 -350 -62 -205 -302 -505 -292 -413 -455 -448 -166 -10 -380 -323 0
500 -64 -497 -150 -338 -403 -302 -429 -292 -361 -96 -10 -499 -158 -178 -505 -352 -106 0
12 -194 -326 -10 -505 -243 -205 -448 -499 -52 -158 -178 -352 0
454 -10 -505 -326 -243 -205 -448 -499 -158 -150 -295 -98 -336 -439 -106 -497 -338 -403 -302 -429 -292 -361 -96 0
-10 -505 -171 -448 -205 -499 -295 -98 -336 -439 -106 -292 -96 -380 -166 -238 -413 -68 -214 -260 -129 0
143 -410 -256 -373 -96 -478 -523 0
144 -194 -256 -326 -150 -354 -106 -499 -180 -523 -505 0
143 -361 -405 -66 -302 -417 -96 -129 -256 -373 -478 -523 0
456 -302 -499 -106 -505 -142 -405 -7 -96 -129 -373 -439 -336 -98 -68 -324 -214 -448 -238 0
500 143 -256 -373 -96 -523 -214 -68 -456 -180 0
454 -183 -96 -361 -256 -373 143 -523 -405 -214 -68 0
143 -361 -260 -238 -456 -96 -326 -256 -373 -523 -405 -214 -68 -302 -129 0
Solved
