419 -74 -190 -16 -256 -313 -151 -337 -361 -97 -10 0
152 -235 -256 -406 -325 -190 -16 0
-74 -313 -16 -151 -256 -250 -190 -61 -349 -337 -64 -361 -97 -394 -10 -418 0
270 -418 -361 -10 -337 0
11 -270 -151 -256 -190 -16 -219 -337 -416 -311 -361 -97 0
430 -256 -190 -16 -151 -250 -61 -349 -64 -361 -97 -10 -337 -394 0
363 -270 -256 -190 -16 -151 -337 -361 -97 -250 -61 -349 -64 -394 -10 0
187 -302 -130 -114 0
269 -311 -48 -87 -1 -256 -37 -130 -114 -117 -420 -253 0
-270 -151 -16 -256 -250 -190 -61 -349 -337 -64 -361 -97 -394 -10 -1 -37 -130 0
218 -303 -37 -189 -113 -1 -16 -86 -325 -288 -256 0
187 -303 -130 -113 0
433 -130 -1 -16 -64 -97 -10 -361 -337 -250 -190 -61 -349 -394 0
257 -406 -190 -311 -23 -130 -413 -301 -433 -187 0
419 -186 -73 -369 -114 -325 -256 -190 -311 -23 -130 -433 -44 -394 -270 -117 0
12 -256 -433 -16 -130 -1 -190 -394 -61 -349 -337 -64 -361 -97 0
258 -217 -1 -16 -86 -325 -256 -116 -419 -24 -253 -290 -196 -433 -113 0
268 -30 -288 -185 -116 -397 -113 -419 -408 -188 0
310 -116 -130 -113 -361 -10 -337 -269 -185 -419 -368 -325 -256 -1 -16 -86 -24 -253 -290 -196 -433 0
-418 -325 -256 -288 -185 -116 -397 -113 -419 -187 -238 -303 -269 -361 -10 -337 0
-256 -433 -16 -1 -361 -10 -337 -130 -424 -61 -349 -64 -97 -190 -394 0
-288 -354 -52 -250 268 -185 -116 -113 -419 -188 -280 -368 -313 -238 -217 -286 0
-418 -303 -217 -419 -187 -130 -250 -61 -349 -337 -64 -361 -97 -394 -10 0
86 -44 -250 -76 -57 -70 -48 -1 0
189 -113 -217 -76 -1 -388 -64 -61 -97 -349 -10 -303 -361 -115 -337 -268 -250 0
87 -45 -250 -76 -56 -70 -47 -1 0
-113 -115 -217 -76 -1 -388 -64 -61 -97 -349 -10 -361 -250 -337 -303 -268 -187 0
-303 -419 -76 -1 -61 -349 -337 -64 -361 -97 -187 -10 -217 -388 -250 -130 -394 0
270 -117 -337 -361 -10 0
240 -242 -353 0
287 -353 -250 -280 -313 -217 0
239 -185 -52 -139 -353 -279 -243 -81 0
-419 -217 -250 -61 -349 -337 -64 -361 -97 -394 -10 -187 -76 -1 -388 -130 0
287 -39 -433 -413 -280 -196 -313 -52 -217 -250 0
239 -354 -243 0
189 -280 -250 -313 -217 -286 -433 -413 -196 -52 0
436 -16 -349 -337 -64 -361 -97 -394 -76 -1 -388 -250 -424 -190 0
338 -57 -255 -85 -64 -97 -10 -361 0
240 -115 -361 -337 -85 -64 -97 -189 -388 -250 -353 0
117 -10 -250 -76 -1 -85 -64 -97 -314 -361 -311 -436 -337 0
-10 -113 -189 -361 -337 -115 -250 -76 -1 -85 -64 -97 -314 -311 -436 0
286 -189 -97 -64 -424 -1 -311 -361 -337 -250 -76 -314 -436 -388 -353 0
269 -114 -388 -353 -240 -253 -189 0
339 -270 -189 -117 -388 -353 -240 -436 -97 -10 -361 0
-10 -300 -388 -76 -87 -394 -64 -436 -97 -349 -189 -361 -117 -337 -353 -240 0
116 -155 -314 -311 -64 -97 -300 -394 -415 -368 -361 -269 -418 -337 0
339 -330 -381 -64 -257 -97 -326 -415 -368 -269 0
188 -269 -106 -314 -259 -250 -368 -64 -97 -415 -337 -257 -117 -311 -300 -394 -361 -418 -87 -16 -1 -112 0
-269 -112 -436 -314 -16 -368 -300 -259 -97 -349 -394 -415 -361 -117 -418 -337 -353 -257 -189 -106 -250 -64 -311 -87 -1 0
-189 -353 -257 -337 -436 -314 -16 -259 -97 -349 -394 -361 -368 -106 -250 -64 -311 -1 -388 -76 -287 -424 0
115 -12 -436 -114 -238 -303 -287 0
338 -253 -250 -76 -1 -64 -97 -314 -361 -311 -436 -337 -418 -287 -142 -114 -238 -303 0
12 -63 -76 -238 -287 -114 -394 -117 -436 -418 -97 0
268 -325 -16 -114 -76 -238 -287 -394 -436 -97 -349 -361 -337 -250 -1 -64 -314 -311 -303 0
10 -325 -16 -417 -114 0
-353 -287 -250 -388 -64 -436 -97 -16 -349 -361 -337 -76 -394 -1 -314 -311 -257 -259 -368 -106 -424 0
-113 -114 -64 -97 -76 -287 -1 -394 -436 -10 -368 -361 -337 -217 -388 -349 -250 -314 -311 -16 -257 -239 -188 0
113 -10 -368 -349 -337 -436 -361 -97 -16 -53 -1 0
-10 -257 -97 -188 -16 -64 -76 -287 -1 -394 -436 -368 -361 -337 -217 -388 -349 -250 -314 -311 -239 -53 0
114 -368 -259 -337 -287 -257 -239 -188 -16 0
339 10 -16 -114 -368 0
288 -380 -76 -394 -257 -418 -188 -291 -269 -255 -388 -250 -242 -365 -239 0
218 -217 -424 -76 -388 -250 -64 -97 -337 -16 -1 -259 -436 -361 -394 -349 -106 0
338 -10 -76 -1 -250 -64 -97 -361 -436 -337 -288 -424 -312 -217 -349 -394 -388 -114 0
366 -210 -347 -197 -16 -25 -173 -388 -214 -324 -253 -76 -67 -7 0
-10 -114 -349 -337 -436 -361 -97 -16 -1 -288 -394 -388 -76 -259 -424 -312 -64 -250 -217 0
-417 -72 -106 -76 -315 -288 -87 -64 -259 -250 -337 -97 -369 -16 10 -114 0
-114 -217 -337 -97 -106 -76 -259 -250 -16 -1 -349 -436 -361 -394 -388 -424 -64 0
11 -240 -250 -388 -64 -436 -97 -16 -349 -361 -337 -76 -394 -1 -259 -106 -424 -189 -258 -173 -155 -369 -326 0
286 -270 -258 -189 -381 -315 -74 -394 -424 -418 -47 -366 -240 -117 -86 0
367 -43 -418 -394 -299 -28 -155 0
368 -254 -270 -388 -142 -241 -259 -250 0
269 -249 -67 -63 -76 -7 -381 -394 -258 -418 -189 0
416 -189 -388 -76 -381 -394 -258 -418 -366 -240 -288 -315 -424 -86 -349 -361 -64 -337 -97 0
-217 -436 -388 -76 -394 -424 -349 -361 -64 -97 -250 -337 -16 -1 -259 -106 0
12 -114 -16 -326 -417 -310 -436 -97 0
-114 -282 -313 -64 -97 -1 -417 -16 -11 -326 -310 -436 0
257 -254 -290 -23 -282 -86 -286 -117 -418 -144 -270 -381 -189 0
268 -185 -86 -286 -301 -240 -189 -270 -388 368 -254 -259 -250 0
339 -286 -388 -259 -250 -256 -310 -64 -97 -1 -313 -16 -436 -367 -361 0
415 -310 -16 -436 -97 -327 -12 0
187 -239 -242 -313 -281 -48 -87 -286 -394 -116 -418 -143 -269 0
-114 -87 -281 -436 -12 -242 -388 -291 -116 -255 -143 -269 -313 -48 -286 -394 -418 -132 -1 -112 0
439 -388 -1 -394 -64 -97 -259 -250 -361 -337 -76 -424 -349 -190 0
-10 -312 -76 -394 -64 -436 -97 -349 -361 -337 -1 -250 -424 -388 -114 -418 -12 0
99 -286 -388 -349 -259 -250 -223 -361 -269 -439 -114 -16 -337 -1 -76 -394 -64 -436 -97 -424 -418 0
-10 -416 -337 -436 -361 -97 -16 -1 -394 -388 -76 -259 -424 -64 -250 -114 -418 -439 -223 -349 -11 0
367 -256 -327 -218 0
187 -218 -48 -87 -286 -394 -116 -418 -269 -259 -250 -239 -368 -327 0
330 -218 -327 -368 -250 -380 -280 0
287 -156 -186 -368 -75 -259 -311 -418 -131 -116 -250 -72 -327 -380 -388 -291 -24 -255 -269 -188 -48 -87 -286 -394 -239 0
187 -291 -418 -76 -394 -188 -380 -269 -255 -388 -250 288 -365 -239 -424 -64 -97 -337 -16 -1 -259 -436 -361 -349 -48 -87 -286 -116 -368 -327 0
-286 -16 -269 -418 -76 -394 -250 -424 -64 -97 -337 -388 -1 -259 -436 -361 -349 -114 -439 -223 0
86 -368 -394 -418 -424 -337 -114 -16 -269 -436 -361 -97 -1 -388 -76 -259 -64 -250 -439 -223 -349 0
87 -436 -394 -64 -76 -97 -349 -361 -337 -1 -250 -424 -388 -114 -418 0
-16 -269 -418 -424 -337 -114 -368 -394 -436 -361 -97 -1 -388 -76 -259 -64 -250 -439 -223 -349 0
-10 -172 -380 -76 -72 -156 -368 -394 -349 -337 -188 -436 -418 -361 -97 -269 -11 0
98 -286 -239 -76 -394 -418 -188 -380 -269 -388 -250 -365 -354 -156 -368 -259 -131 -116 -72 -87 -361 -337 -325 -415 -64 0
99 -39 -72 -303 -156 -116 -368 -337 -325 -253 -87 -415 -64 0
189 -116 -239 -87 -415 -64 -76 -394 -418 -188 -380 -269 -388 -250 -365 -156 -368 -259 -131 -325 -72 -361 -337 -97 0
270 -365 -48 -76 -250 -87 -239 -380 -394 -255 -418 -188 -269 -291 -388 -286 -116 -259 -368 -327 0
3 -239 -250 -368 -286 -116 -87 -415 -64 -76 -394 -418 -188 -380 -269 -388 -365 -259 -131 -361 -337 -97 -24 -311 -327 -291 -75 -255 -48 -186 0
113 -415 -286 -48 -87 -368 -116 -250 -64 -76 -394 -418 -269 -388 -259 -361 -337 -97 -24 -311 -327 -291 -75 -255 -186 0
85 -314 -75 -186 -250 -29 -55 -154 -48 -3 0
28 -228 -75 -207 -186 -140 -138 0
-239 -190 -186 -87 -250 -48 -311 -327 -116 -75 -259 -337 -368 114 -188 -286 -394 -418 -269 0
-188 -75 -186 -250 -48 -87 -311 -248 -113 -62 -327 -368 -259 -116 -286 -337 114 -394 -418 -269 -446 0
86 -54 -269 -255 -217 -116 -57 -286 -282 -48 0
238 -75 -311 -186 -48 -3 -87 -269 -255 -116 -286 -327 -368 -250 -353 0
154 -152 -248 -244 -18 -197 -327 -138 -54 -333 -30 0
268 -139 -279 -353 239 -81 -327 -368 -155 -248 -18 -257 -381 -359 -330 -388 -291 -24 -255 0
270 -317 -368 -300 -259 -418 -142 0
85 -38 -279 -353 239 -81 -327 -368 268 -248 -18 -257 -381 -388 -291 -24 -255 -72 -3 0
16 -173 -152 0
Solved
