363 -22 -334 -403 -448 -70 -271 -112 -352 0
-22 -334 -403 -448 -70 -271 -112 -352 -361 0
351 -70 -271 -352 -361 -112 -448 -403 0
281 -70 -112 -271 -352 0
354 -351 -493 -151 -28 -158 -196 -403 -281 -550 -448 -70 -361 -271 -112 0
-70 -124 -535 -499 -493 -443 -158 -277 -550 -448 -361 -271 -112 -352 -151 -28 -196 -403 0
350 -359 -61 -283 -545 -482 -403 -180 -154 0
272 -154 -493 -166 -445 -196 -151 -28 -61 -283 -403 -331 -158 -277 -94 -145 -550 -448 -304 -361 -112 -352 0
481 -124 -535 -183 -499 -372 -493 -443 0
565 -166 -367 -202 -535 -499 -493 -443 -158 -277 -94 -145 -550 -448 -304 -361 -112 -352 -271 -169 -445 -196 -151 -28 -61 -283 -403 -331 0
113 -166 -151 -28 -158 -196 -403 -550 -448 -361 -271 -112 -493 -445 -61 -283 -331 -277 -94 -145 -304 -352 0
-70 -543 -414 -348 -325 -453 -308 -151 -28 -180 -183 -282 -350 -72 -535 -499 -493 -443 -158 -277 -550 -448 -361 -271 -112 -352 -196 -403 0
179 -521 -88 -34 -60 -325 -493 -453 -196 -183 -443 -308 -151 -535 -499 -372 -483 -28 0
114 -443 -283 -88 -34 -325 -493 -196 -61 -151 -535 -499 -28 -158 -277 -550 -448 -361 -271 -112 -352 -403 -94 -145 -304 0
572 -61 -493 -445 -196 -151 -28 -283 -403 -277 -550 -448 -361 -271 -112 -94 -145 -352 -304 -331 -88 -34 -325 -535 -499 0
180 -141 -445 -196 -493 -151 -157 -28 0
353 -351 -151 -493 -28 -88 -34 -325 -196 -535 -499 -277 -94 -445 -145 -550 -281 -448 -304 -70 -361 -271 -112 0
-70 -403 -151 -28 -445 -196 -493 -325 -550 -448 -304 -361 -271 -112 -352 -88 -34 -535 -499 -277 -94 -145 0
179 -521 -151 -493 -28 -88 -34 -445 -325 -453 -196 -183 -60 -308 -535 -499 -372 -483 0
178 -360 -61 -546 -283 -403 -154 -483 -350 0
273 -154 -283 -196 -151 -331 -28 -445 -493 -61 -403 -88 -34 -325 -535 -499 -277 -94 -145 -550 -448 -304 -361 -112 -352 -280 0
180 -413 -347 -325 -452 -182 -303 -309 -371 -154 -482 -157 -28 -445 -196 -493 -151 0
577 -151 -445 -493 -28 -283 -325 -196 -277 -94 -145 -550 -304 -361 -112 -352 -271 -331 -88 -535 -499 0
482 -58 -403 -349 -550 -448 -361 -271 -112 -304 -352 -145 -401 -94 -303 -277 0
29 -448 -550 -577 -361 -271 -253 -352 -112 -304 -145 -94 -277 -481 -403 -349 -493 -445 -196 -151 0
449 -371 -139 -253 -154 -577 -349 0
-448 -349 -361 -271 -253 -352 -577 -112 -154 -550 -493 -445 -196 -151 -28 -304 -145 -94 -277 -481 -403 0
351 -371 -253 -577 -139 -403 -154 0
152 -66 -88 -421 -253 -157 -577 -335 -403 -154 -349 -162 -444 -492 -493 -82 -445 -196 0
350 -372 -253 -577 -139 -403 -154 0
354 -157 -253 -577 -403 -154 -349 -493 -445 -196 -151 -88 -82 -283 -481 -277 -94 -145 -550 -118 -304 -361 -271 -112 0
73 -491 -161 0
351 -73 -378 -411 -1 -406 -253 -383 -577 -387 -336 -72 -403 -154 0
372 -10 -187 -59 -76 -533 -493 0
178 -403 -1 -406 -253 -577 -493 -154 -283 -277 -94 -145 -550 -304 -361 -271 -112 -352 -445 -196 -151 -88 -82 -28 0
579 -61 -253 0
-61 -577 -253 0
450 -533 -550 -361 -271 -352 -112 0
-372 -351 -271 -352 -112 -550 -361 -253 -577 -403 -154 -196 -151 -445 -493 0
-533 -448 -271 -112 -352 -534 -550 -361 0
-351 -178 -550 -271 -112 -352 -361 -196 -28 -151 -445 -493 -253 -577 -403 -154 0
-154 -403 -577 -253 -493 -445 -196 -151 -28 -550 -271 -112 -352 -361 -1 -406 -283 -277 -94 -145 -304 -88 -82 0
354 -387 -281 -70 -361 -112 0
405 -70 -370 -145 -550 -358 -304 -361 -271 -112 -352 -493 -406 -577 0
113 -533 -151 -180 -445 -493 -139 -370 -28 -550 -118 -356 -361 -271 -70 -112 -352 0
353 -386 -281 -361 -271 0
-403 -151 -445 -493 -28 -550 -361 -271 -112 -352 -406 -577 -145 -304 -253 -196 -1 -283 -277 -94 -88 -82 0
114 -370 -367 -136 -493 -82 -544 -445 -196 -358 -151 -361 -145 -28 -352 -304 -40 0
580 -196 -493 -82 -445 -367 -361 -145 -28 -304 -112 -550 -271 -406 -253 -1 -283 -94 -88 -331 -535 0
353 -352 -271 -361 -112 -253 -493 -82 -445 -196 -28 -94 -145 -367 -550 -304 -580 0
-352 -196 -361 -112 -253 -493 -82 -445 -271 -28 -94 -145 -367 -550 -304 -580 0
494 -545 -88 -331 -34 -59 -367 -160 -580 -196 -490 -151 -82 -445 0
370 -309 -367 -580 -28 -490 -56 -151 -82 -445 -493 -88 -331 -196 -117 -449 -534 -253 0
113 -372 -359 -331 -367 -400 -580 -196 -28 -87 -445 -534 -493 -253 -490 -82 -88 -99 -94 -145 -304 0
545 -174 -468 -541 -331 -266 -121 -78 0
532 -167 -410 -1 -378 -74 -161 -72 -450 -253 -403 -359 -544 -468 -331 -266 -121 -78 -179 -139 -372 -87 0
-141 -347 -116 -544 -283 -403 -482 -350 -179 -445 -196 -493 -151 -157 -28 -139 0
349 -452 -326 -485 -298 -271 -303 -482 -72 -179 -156 0
495 -151 -116 -271 -72 -283 -445 -196 -493 -413 -28 -433 -450 -183 -253 -372 -87 -534 -410 -1 -378 -359 -331 -240 -367 -42 -580 -490 -82 0
-151 -278 -88 -331 -367 -580 -196 -490 -82 -445 -386 -271 -534 -253 -372 -493 -116 -72 -283 -413 -28 -433 -450 -183 -87 -410 -1 -378 -359 -240 -42 0
350 -282 -386 -72 -403 -253 -372 -139 -577 0
544 -403 -355 -301 -406 -400 -577 -28 -398 -178 -386 -72 -253 -372 -139 -450 -271 -118 -116 -78 0
-403 -355 -406 -577 -541 -78 -468 -331 -121 -546 -301 -400 -28 -398 -178 -386 -72 -253 -372 -139 -450 -271 -118 -116 0
-577 -301 -386 -406 -331 -400 -28 -72 -253 -372 -450 -271 -116 -490 -82 -87 -445 -534 -493 -183 -359 0
120 -545 -331 -452 -308 -559 -485 -298 -422 -271 -116 0
447 -121 -139 -331 -160 -100 -490 -493 -82 0
-545 -59 -139 -490 -493 -82 -445 -331 -359 -116 -119 -452 -308 -559 -485 -298 -422 -271 0
370 -139 -72 -301 -271 -400 -28 -367 -580 -278 -386 -350 -403 -490 -493 -82 -445 -331 -359 -116 -119 -308 -559 -422 -87 -34 -534 -183 -149 0
137 -580 -367 0
534 -118 -178 -450 -159 -350 -86 0
146 -277 -367 -580 -246 -94 -57 0
349 -267 -414 -438 -378 -394 -74 -161 -118 -72 -450 -156 0
546 -444 -74 -161 -156 -331 -102 -367 -196 -28 -580 -112 -152 -149 -304 -94 -145 -246 -57 -253 -550 -577 -361 -403 0
138 -580 -367 0
371 -98 -145 -367 -580 -277 -94 -153 -82 -445 -493 -139 0
546 -178 -82 -445 -493 -139 -370 -145 -367 -580 -94 -28 -331 -550 -349 -361 -403 -358 0
140 -277 -367 -580 -94 -145 -99 -152 -82 -445 -493 -370 0
-178 -349 -283 -445 -196 -493 -28 -433 -253 -1 -331 -367 -580 -82 -145 -577 -406 -304 -112 -88 -94 -139 -550 -271 -361 -403 0
582 -277 -193 -481 -367 -443 0
-277 140 -145 -367 -580 -94 -82 -445 -493 -370 -193 -481 -443 0
551 -534 -87 0
494 -193 -358 -361 -550 -145 -367 -580 -94 -82 -445 -493 -370 -403 -481 -157 -139 0
178 -577 -361 -331 -367 -196 -28 -580 -112 -304 -94 -145 -253 -550 -403 -490 -82 -139 -445 -493 0
141 -448 -331 -367 -400 -580 -196 -28 -445 -493 -253 -490 -82 -88 -94 -145 -304 -112 -550 -577 -361 -403 0
99 -577 -403 -544 -448 -358 -112 -361 -304 -550 -145 0
546 140 -145 -304 -580 -112 -367 -94 -99 -82 -445 -493 -370 -448 -577 -361 -403 -358 0
-577 -403 -145 -304 -196 -112 -367 -580 -94 -82 -445 -493 -406 -361 -331 -550 -139 -28 -253 -88 -283 -433 -1 -271 0
362 -268 -74 -378 -161 -119 -265 -533 -238 -550 0
147 -533 -74 -161 -156 -58 -34 -265 -149 -238 -550 -361 -351 -448 -112 -304 0
189 -142 -559 0
153 147 -533 -140 -58 -34 -238 -550 -361 -351 -448 -112 -304 -370 -77 -490 -493 -82 -445 -196 0
449 -140 -370 -159 -493 -445 -28 -533 -58 -34 -238 -550 -361 -351 -448 -112 -304 -77 -490 -82 -196 -98 -145 0
188 -142 -559 0
363 -34 -10 -102 -266 -196 -145 -367 -580 371 -94 -82 -445 -493 -139 -246 -57 -550 -386 0
362 -174 -232 -123 -331 -421 -271 -283 -445 -196 -493 -28 -433 -253 -1 495 -367 -580 -490 -82 -145 -304 -112 -400 -88 -94 -550 -360 0
146 -436 -406 -259 -355 -474 -387 -57 -367 -580 -246 -94 0
141 -149 -259 -10 -406 -145 -367 -580 -94 -503 -266 -550 -361 -232 -123 -331 -421 -271 -283 -445 -196 -493 -28 -433 -253 -1 495 -82 -304 -112 -88 -360 0
146 -503 -398 -301 -400 -266 -28 -361 -238 -307 -550 -304 -97 0
495 -140 -331 -28 -253 -271 -82 -445 -493 -232 -421 -283 -196 -433 -1 -367 -580 -145 -304 -112 -88 -94 -550 -361 -406 -259 -10 -370 -76 0
147 -504 -399 -301 -400 -267 -28 -361 -238 -307 -550 -304 -97 0
-140 -370 -361 -331 -112 -550 -421 -304 -145 -28 -196 -82 -445 -253 -76 -493 -271 -232 -283 -433 -1 -367 -580 -88 -94 -406 -259 -10 0
412 -543 -267 0
-543 -267 -414 0
265 -371 -367 -580 -28 -449 -117 -151 -82 -445 -493 -490 -196 -56 -309 -253 -86 -522 -159 -139 -172 -491 -343 -360 -121 -414 -77 0
370 -491 -544 -117 -403 -75 -172 -180 -139 -159 -86 -449 -533 -253 0
448 -35 -525 -142 -77 -324 -544 -327 -403 -507 -350 0
494 -71 -449 -525 -533 -148 -117 -86 -377 -414 -267 -367 -580 -28 -151 -82 -445 -493 -490 -196 -56 -309 -522 -360 -41 0
150 -337 -540 -356 -406 -377 -512 -437 0
96 -28 -148 -377 -421 -387 -367 -309 -474 -580 -196 -533 -56 -151 -82 -445 -493 -525 -117 -86 -414 -267 -360 -354 -114 -587 0
545 -232 -236 -421 -12 -58 -253 -35 -63 -343 -360 -121 0
140 -28 -533 -148 -117 -86 -377 -414 -267 -367 -580 -525 -151 -82 -445 -493 -196 -56 -309 -360 -354 -114 -236 -421 -408 -387 -277 0
371 -408 -377 -367 -474 -580 -28 -56 -151 -82 -445 -493 -148 0
372 -140 -196 -445 -493 -151 0
494 -277 -367 -179 -580 -28 -151 -445 0
-28 -114 -421 -367 -354 -309 -580 -196 -151 -445 -493 -86 -533 -377 -474 -56 -82 -148 -117 -414 -267 -525 -360 -387 -587 -66 -95 0
153 -525 -421 -176 -377 -414 -527 -267 -117 -122 -56 -367 -354 -493 -82 -580 -445 -196 0
-140 -491 -118 -533 -172 -371 -139 -196 -445 -493 -151 0
146 -580 -148 -533 -86 -445 -493 -151 -360 -367 -82 -387 -421 -414 -267 -354 -474 -587 -66 -304 0
370 -214 -378 -414 -267 -78 -544 -524 -116 -58 -450 -533 -253 0
376 -12 -188 -411 -260 0
-577 -322 -267 -414 -78 -378 -411 -58 -174 -406 -360 546 -94 -444 -156 -102 -367 -196 -28 -580 -112 -152 -149 -304 -74 -145 -161 -57 -253 -550 -403 -361 -246 0
546 -514 -533 147 -161 -156 -149 -58 -74 -550 -361 -112 -304 -438 -179 -337 -444 -420 -195 -171 -36 -267 -414 -78 -411 -174 -406 -360 -94 -102 -367 -28 -580 -152 -145 -253 -403 -246 -278 -387 0
545 -161 147 -533 -156 -149 -58 -74 -238 -550 -361 -112 -304 -253 -403 -360 -78 0
446 -28 -414 -411 -174 -360 -156 -102 -367 -267 -580 -304 -145 -550 -361 -246 -533 147 -387 -148 -372 -587 -354 -493 -151 -82 0
447 -246 -367 -580 -57 -151 -82 0
141 -372 -533 -86 -387 -587 -367 -354 -580 -493 -151 -414 -411 -360 -267 -304 -145 -550 -361 147 -148 -82 -445 0
-140 -580 -445 -493 -533 -86 -387 -587 -367 -354 -151 -414 -411 -360 -267 -304 -145 -550 -361 147 -148 -82 0
359 -378 -524 -116 -77 -232 -35 -544 -58 0
123 -116 -414 -333 -378 -118 -594 -491 -75 -232 -396 -524 -58 -35 -254 -61 -590 -29 -343 -308 0
-580 -304 -360 -367 -151 -82 -445 -493 -148 -533 -86 -387 -587 -354 -411 -414 -145 -550 -361 -421 -474 -239 0
544 -117 -474 -372 -57 -533 -145 -58 -304 -267 -360 -148 -78 0
545 -246 -474 -57 -438 -367 -267 -136 -78 0
76 -405 -113 -387 -182 -303 -299 -272 -600 -249 -57 -474 -317 -397 -438 -414 -267 0
371 -544 -411 -304 -145 -57 -474 -414 -267 -78 -113 -387 -303 -272 -600 -249 -397 -136 -121 -58 -367 -148 -139 0
-118 -322 -11 -181 -188 -113 -355 -325 -506 -120 -491 -533 -371 -140 -139 -196 -445 -493 -151 0
376 -188 -325 -308 -304 -117 -11 -181 -453 -113 -355 -120 -491 -533 -371 -140 -139 -196 -445 -493 -151 -411 0
77 -143 -233 -591 -30 -587 -308 -113 -304 -145 -325 -117 -11 -181 -453 -120 -491 -533 -371 -140 -139 -196 -445 -493 -151 -411 -414 -267 0
377 -332 -421 -491 -533 -371 -140 -139 -196 -445 -493 -151 -187 -117 -11 -304 -411 -145 0
546 -371 -401 -600 -304 -57 -145 -421 -491 -533 -303 -140 -139 -196 -445 -493 -151 -117 -11 -411 -397 -414 -267 -78 -233 -30 -587 -113 -325 -181 -453 -120 -367 -136 -121 0
-117 -267 -160 -491 -533 -139 -196 -445 -493 -151 -474 -57 -367 -73 -136 -78 -401 -600 -304 -145 -421 -303 -411 -397 -414 -30 -587 -113 -325 -121 -86 -58 -372 -387 -272 -249 -148 -360 0
370 -524 -411 -378 -414 -367 -267 -136 -78 -546 -360 -58 -533 0
-267 -58 -414 -411 -360 -78 -148 -304 -145 -57 -474 -113 -387 -303 -272 -600 -249 -397 -136 -121 -367 -139 -372 -533 -160 -491 -196 -445 -493 -151 -73 -401 -421 -30 -587 -325 -86 0
545 -246 -453 -145 -57 -167 -304 -421 -367 -331 -347 -136 -121 -117 0
146 -377 -411 -505 -325 -516 -453 -438 -308 -474 -304 -57 0
-140 -117 -160 -120 -11 -73 -325 -304 -181 -453 -113 -491 -533 -371 -139 -196 -445 -493 -151 -411 -145 -516 -438 -474 -57 -530 -421 -136 -121 -544 -167 -367 -468 -414 -543 -157 0
378 -516 -438 -474 -57 -145 0
146 -209 -73 -167 -160 -421 -120 -117 -78 -544 -516 -136 -438 -367 -474 -245 -378 -57 0
376 -96 -113 -587 -449 -395 -173 -421 -530 -167 -346 -209 -414 -411 -269 0
-117 -530 -543 -325 -414 -411 -113 -587 -421 -468 -167 -73 -160 -120 -304 -145 -78 -544 -516 -136 -438 -367 -474 -57 -11 -181 -453 -491 -533 -371 -139 -196 -445 -493 -151 -121 -157 0
377 -170 -35 -194 -524 -179 -144 -157 -187 -543 -11 -414 -411 0
-371 -438 -411 -543 -414 -30 -367 -136 -121 -78 -304 -325 -113 -587 -421 -468 -167 -73 -160 -145 -474 -57 -491 -533 -139 -196 -445 -493 -151 -360 -86 -58 -372 0
378 -117 -160 -272 -210 -121 -401 -30 -136 -587 -438 -367 -113 -474 -246 -304 -57 -533 -145 0
-117 -377 -113 -58 -533 -304 -145 -174 -438 -57 -468 -474 -543 -513 -414 -411 -587 -160 -272 -210 -121 -401 -30 -136 -367 -246 0
-377 -174 -468 -543 -325 -414 -411 -145 -304 -113 -58 -533 -438 -57 -474 -513 -587 -160 -272 -210 -121 -401 -30 -136 -367 -246 0
153 -196 -414 -325 -411 -145 -304 -113 -533 -587 -272 -401 -136 -367 -148 -421 -491 -474 -445 -493 -151 -360 -86 -387 -600 -535 -499 -82 0
245 -118 -187 -121 -322 -544 -325 -136 -506 -367 -491 -533 -371 -421 -139 -196 -445 -493 -151 0
305 -544 -325 -121 -506 551 -136 -174 -157 -367 -139 -244 -187 -322 -491 -371 -421 -196 -445 -493 -151 -117 0
-118 -448 -506 551 -174 -157 -139 -244 -187 -121 -322 -544 -325 -136 -367 -491 -371 -421 -196 -445 -493 -151 0
267 -322 -325 -121 -117 -506 551 -139 -244 -136 -367 -491 -371 -421 -196 -445 -493 -151 -113 -304 -467 -542 -77 0
376 -117 -360 -136 -437 -77 -325 -121 -58 551 -139 -244 -367 -491 -371 -421 -196 -445 -493 -151 -113 -304 -467 -414 -411 0
545 -187 -58 -467 -168 -139 -421 -244 -325 -533 -367 -324 -136 -121 -117 0
-187 -544 -408 -414 378 -474 -57 -145 -58 -533 -371 -196 -445 -493 -151 -40 -244 -29 -367 -309 -136 -121 -467 -168 -139 -421 -325 -117 0
-544 -309 -29 -367 -136 -117 -408 -77 -414 378 -474 -57 -145 -58 -533 -371 -196 -445 -493 -151 -40 -244 -121 -467 -168 -139 -421 -325 0
-117 -377 -58 -414 -360 -77 -29 -367 -136 -474 -57 -145 -371 -196 -445 -493 -151 -244 -121 -168 -139 -421 -325 -113 -304 -467 -437 551 -491 -411 0
-187 -448 551 -139 -244 -121 -325 -136 -367 -491 -371 -421 -196 -445 -493 -151 -467 -542 -437 -266 -77 376 -411 -188 0
-377 -244 -360 -58 -77 551 -139 -136 -121 -325 -367 -491 -371 -421 -196 -445 -493 -151 -467 -437 -411 -414 -145 -304 -29 -474 -57 -168 -113 0
-187 -174 -524 -467 -136 -257 -367 -139 -244 -322 -121 -118 -506 -325 -544 -491 -533 -371 -421 -196 -445 -493 -151 -189 0
115 -524 -533 -371 -139 -196 -445 -493 -151 -467 -414 -77 -491 -136 -257 -367 -244 -121 -325 -421 -505 -323 0
545 -530 -58 -421 -10 -187 -524 -257 -302 -401 -528 -29 -308 -136 -121 0
-57 -58 -360 -77 -421 -302 -401 -29 -136 -121 -371 -139 -196 -445 -493 -151 -467 -414 -491 -367 -325 -304 -411 -145 551 -474 -168 -113 -56 0
245 -12 -58 -533 -411 -371 -196 -445 -493 -151 -187 -121 -322 -118 -325 -136 -544 -367 -491 -421 -139 0
298 -486 -181 -371 0
546 -298 -272 -302 -387 -401 -40 -561 -29 -144 -309 -136 -121 0
189 -322 -58 -467 -491 -371 -139 -196 -445 -493 -151 -121 -544 -272 -302 -387 -401 -40 -29 -309 -136 -181 -168 -325 -117 -421 -533 0
546 -452 -533 -371 -139 -196 -445 -493 -151 -467 -491 -542 -333 -309 -266 -121 -77 0
-322 -544 -445 -493 -151 -371 551 -309 -136 -117 -196 -139 -467 -491 -121 -77 -414 -377 -325 -421 -187 -58 -272 -302 -387 -401 -40 -29 -181 -168 0
-544 -187 -408 -272 -302 -387 -401 -40 -29 -309 -136 -121 -371 -367 -377 -117 -445 -493 -151 551 -196 -139 -467 -491 -77 -414 -325 -421 -58 -181 -168 0
-187 -467 -58 -414 -360 -77 -408 -272 -302 -387 -401 -40 -29 -309 -136 -121 -371 -367 -377 -117 -445 -493 -151 551 -196 -139 -491 -325 -421 -181 -168 0
545 -259 -377 -533 -414 -520 -86 -267 -172 -239 -142 -491 -371 -139 -196 -445 -493 -151 -136 -117 0
-196 -491 -360 -414 -411 -445 -493 -151 -136 -272 -387 -401 -367 551 -325 -421 -113 -304 -145 -474 -82 -148 -600 -535 -499 0
546 -139 -145 -583 -535 -82 -499 -445 -493 -304 -367 -100 -136 -121 0
545 -139 -533 -371 -100 -360 -121 0
306 -583 -145 0
-304 -145 -360 -414 -411 -445 -493 -151 -387 -367 551 -421 -474 -82 -148 -600 -535 -354 -550 -361 0
447 -499 -583 -535 -196 -493 -151 0
-499 -196 -583 -535 -493 -151 -445 0
-580 -136 -367 0
546 -139 -94 -42 -145 -151 -82 -445 -493 -387 -367 -307 -100 -136 -121 0
141 -187 -145 -411 -583 -535 -82 -414 -86 -59 -499 -445 -76 -533 -493 -371 -100 0
140 -76 -86 -414 -533 -493 -59 -100 0
-371 -139 -421 -166 -401 -491 -151 -82 -86 -445 -307 -533 -493 -121 -100 -450 -414 -360 -546 0
-139 -121 -367 -474 -42 -145 -583 -307 -535 -151 -82 -406 -445 -493 -148 -421 -401 -491 -86 -533 -450 -414 -360 -94 -387 -136 0
372 -121 -277 -94 -42 -145 -583 -307 -360 -535 -151 -387 -499 -445 -533 -493 0
-121 -136 -367 -406 -411 -474 -42 -145 -583 -491 -307 -535 -151 -82 -445 -493 -183 -148 -94 -360 -387 -533 -421 -401 -86 -450 -414 0
495 -58 -533 -371 -100 0
532 -579 -61 -450 -371 -120 0
545 -452 -450 -406 -414 -183 -166 -371 -86 -533 -387 -94 -145 -583 -535 -139 -100 -493 -367 -239 -527 -360 -136 -115 0
494 -350 -195 -420 -356 -112 -352 -271 353 -361 -387 -277 -94 -145 -583 -157 -535 -139 -499 -100 -78 0
534 -591 -29 -151 -360 -445 -533 -371 -493 -195 -420 -112 -352 353 -361 -387 -277 -94 -145 -583 -535 -139 -499 -78 -119 -86 0
189 -560 -143 0
-543 -377 -260 -414 -437 -541 0
308 -371 -421 -145 -82 -600 -445 -148 -139 -493 -414 551 -151 -360 -112 353 -361 -387 -583 -535 -367 -136 -115 -544 0
578 -491 -166 -121 -421 -151 -371 -86 -445 -307 -533 -493 -139 -100 -414 -360 -546 -57 -352 -112 -511 -438 -40 -148 -34 0
577 -351 -156 -334 -166 -112 -210 -40 -176 -403 -52 -387 -57 -357 -246 -367 -589 -255 0
-86 -543 -40 -352 -166 -121 -421 -151 -371 -445 -307 -533 -493 -139 -100 -414 -360 -546 -57 -148 -34 -579 -156 -334 -210 -176 -387 -246 -367 -589 -255 -378 -318 -503 -112 -178 -159 -87 0
550 -421 -210 -400 -166 -352 -176 -362 -99 0
-421 -579 -523 -34 -255 -589 -367 -378 -136 -414 -503 -266 -40 -166 -121 -151 -371 -445 -307 -533 -493 -139 -100 -360 -546 -57 -148 -156 -334 -210 -176 -387 -246 -318 -112 -178 -159 -87 -552 -400 -362 -99 0
-360 -387 -112 -263 -34 -10 -552 -148 -99 -523 -589 -367 -378 -136 -414 -40 -166 -121 -151 -371 -445 -307 -533 -493 -139 -100 -546 -57 -156 -334 -210 -176 -120 -246 -318 -178 -159 -87 -400 -78 -61 -358 0
405 -450 -156 -351 -120 -352 -281 -112 -578 -40 0
403 -256 -232 -523 -322 -34 -115 -78 -578 -546 0
85 -578 -40 -156 -120 -352 -112 -232 -523 -34 -115 -78 -546 -378 -414 -387 -363 -178 -552 -159 0
-387 -115 -120 -78 -10 -546 -181 -40 -378 -112 -414 -552 -87 -156 -232 -523 -34 -178 -159 -61 -263 -148 -99 -589 -367 -136 -166 -121 -151 -371 -445 -307 -533 -493 -139 -100 -57 -334 -210 -176 -246 -318 -400 -358 0
-360 -482 -303 -400 -178 -352 -159 -112 -87 -40 -552 -405 -363 -546 -533 -100 -139 -121 -371 -358 0
85 -400 -352 -303 -112 -482 -586 -178 -552 -159 0
147 -546 -166 -263 -120 -303 -34 -414 -148 -99 -552 -87 -159 -61 -210 -533 -100 -139 -121 -371 -358 -78 -10 -181 -156 -232 -367 -136 -151 -445 -493 -246 -318 -453 -30 -309 -306 -583 0
146 -536 -583 -99 0
-121 -546 -263 -120 -303 -34 -414 -148 -99 -552 -87 -159 -61 -210 -533 -100 -139 147 -371 -358 -78 -10 -181 -156 -232 -367 -136 -151 -445 -493 -246 -166 -453 -30 -306 -583 -122 0
403 -387 -523 -34 -115 -78 -578 -546 -378 -414 -363 -232 0
405 -40 -254 -30 -578 -590 0
376 403 -523 -232 -34 -115 -78 -578 -546 0
403 -331 -174 -83 -352 -529 -502 -363 -348 -414 -378 -523 -232 -34 -115 -78 -578 -546 -96 -590 -277 -61 0
362 -406 -181 -112 -552 -387 -352 0
-546 -367 -232 -148 -414 -181 -552 -174 -83 -529 -78 -61 -246 -34 -358 -136 -263 -120 -303 -99 -87 -159 -210 -533 -100 -139 147 -371 -10 -156 -151 -445 -493 -166 -453 -30 -306 -583 -122 0
385 -48 -10 -263 -181 -271 -112 -352 -362 0
386 -352 -156 -303 -112 -30 -448 -591 -579 -61 -405 0
-367 -30 -303 -453 -181 -99 -552 -414 -156 -61 -10 -263 -120 -358 -136 -122 -232 -148 -174 -83 -529 -78 -246 -34 -87 -159 -210 -533 -100 -139 -371 -151 -445 -493 -166 -583 -145 -501 0
308 -506 -578 -449 -404 -326 -41 -453 -30 0
259 -438 -516 0
403 -406 -259 -578 -546 -34 -115 -78 -523 -387 -414 -363 -232 0
405 -578 -61 -546 -122 -589 -307 -30 -358 -41 0
577 -405 -363 -181 -112 -552 -352 -387 0
404 -179 -30 -122 -307 -546 -349 0
-578 -387 -357 -546 -34 -115 -78 -523 -414 -363 -232 -30 -122 -307 -193 -516 -169 -148 -449 -181 -112 -552 -352 -61 -589 -358 -41 0
578 -41 -30 -307 -122 -546 -358 -61 0
579 404 -30 -122 -307 -546 -193 -169 -449 -34 0
359 -161 -492 -268 -397 -71 -503 -564 -357 -54 -406 -318 -589 -414 -253 -363 -61 0
404 -587 -240 -552 -516 -589 -61 -358 -492 -71 -357 -414 -363 -5 -210 -166 -156 -449 -578 -30 -122 -307 -546 -193 -169 -34 -120 -273 -282 -303 -402 -453 -78 0
361 -410 -414 -376 0
123 -598 -145 -99 -56 -552 -414 -363 -376 -578 -449 -404 -326 -41 -453 -30 -307 0
362 -486 -22 -94 -529 -334 -587 -348 -552 -414 0
-112 -363 -414 -10 -529 -552 -156 -30 -402 -303 -273 -193 -516 -120 -169 -148 -34 -78 -546 -232 -240 -589 -61 -358 -492 -5 -210 -166 -122 -453 -278 -181 -352 -306 -114 0
305 -583 -145 0
577 -363 -552 -353 -181 -112 -61 -546 -122 -589 -307 -30 -358 -578 -404 0
-352 -363 -10 -529 -552 -156 -30 -112 -303 -414 -193 -516 -120 -169 -148 -34 -78 -546 -232 -240 -589 -61 -358 -5 -210 -166 -122 -453 -278 -181 -306 -353 0
-363 -404 -83 -56 -145 -159 -240 -99 -87 -278 -552 -414 -10 -529 -156 -30 -112 -193 -516 -120 -169 -148 -34 -78 -546 -232 -589 -61 -358 -5 -210 -166 -122 -453 -181 -306 -353 -303 -578 -307 0
-404 -578 -156 -326 -181 -453 -112 -307 -61 -546 -122 -589 -30 -358 -10 -353 -83 -56 -145 -159 -240 -99 -87 -278 -552 -414 -529 -193 -516 -120 -169 -148 -34 -78 -232 -5 -210 -166 -306 -303 0
362 -406 -589 -253 -587 -61 -552 -358 0
-363 -362 -10 -529 -552 -156 -30 -112 -303 -414 -193 -516 -120 -169 -148 -34 -78 -546 -232 -240 -589 -61 -358 -5 -210 -166 -122 -453 -278 -181 -306 -353 0
-578 -589 -61 -358 -10 -529 -552 -156 -30 -112 -303 -414 -193 -516 -120 -169 -148 -34 -78 -546 -232 -240 -5 -210 -166 -122 -453 -278 -181 -306 -353 -307 -326 -83 -56 -145 -159 -99 -87 0
495 -100 -145 -136 -533 -414 -139 -371 -151 -445 -493 0
-34 403 -414 -578 -546 -145 -363 140 -533 -493 -100 -583 -552 -537 -98 -371 -60 0
361 -187 -324 -408 -11 -385 -277 -481 -178 -540 -158 -265 -552 -414 0
76 -148 -414 -145 -533 -240 -98 -552 -363 -324 -408 -11 -385 -277 -481 -178 -540 -158 0
361 -240 -267 -552 -414 0
545 -578 -414 -77 -145 -533 -98 -178 -443 -60 -552 -546 140 -493 -100 -583 -371 -30 -40 -589 -500 -61 -581 -358 -136 0
362 -267 -145 -533 -98 -371 -552 -414 0
550 -403 -40 -112 -589 -578 -61 -371 -358 -533 -362 0
259 -200 -35 -294 -587 -578 -530 -589 -332 -368 -173 -581 -326 -414 361 -189 0
260 -514 -436 0
-578 -358 -581 -414 -136 -552 -533 -589 140 -493 -100 -40 -61 -371 -145 -98 -123 -77 -546 -178 -443 -60 -583 -30 -500 0
531 -485 -298 -90 -328 -189 -594 -423 -173 -332 0
-358 -61 -302 -400 -136 -594 -178 -145 -98 -40 -552 -414 -123 140 -533 -493 -100 -77 -546 -60 -371 -166 -581 -589 -443 -583 -30 -500 0
195 -481 -443 -419 -178 0
147 -537 -583 -98 0
363 -578 -414 -348 -533 -240 -158 -552 -408 -178 -95 -277 -404 -77 -35 -170 -194 -443 -419 -302 -400 -112 -352 0
362 -11 -533 -377 -77 -552 -414 -145 -98 -371 0
-61 -552 -443 -178 -264 -533 -302 -371 -400 -414 -77 -145 -98 -583 -589 -500 -581 -136 -546 -60 -594 -40 -123 140 -493 -100 -166 -30 0
-578 -150 -436 -35 -260 -294 -587 -200 -530 -589 -332 -368 -173 -581 -326 -414 361 -189 -577 0
-552 -400 -302 -264 -40 -589 -581 -414 -123 -546 -136 -77 -60 -533 -371 -443 -178 -145 -98 -583 -500 -594 140 -493 -100 -166 -30 0
545 -254 -588 -183 -578 -30 -386 -40 -589 -112 -353 -581 -136 0
405 -189 -11 -264 -528 -115 -200 532 -61 -371 -353 -35 -112 -578 -40 0
354 -47 -11 -264 -410 -376 -300 -145 -583 -98 -484 -500 -326 -581 0
36 -519 -335 -219 -155 -228 -350 -589 -433 -178 -449 -254 -193 -578 -169 0
-61 -346 -155 -11 -578 -35 -589 -178 -581 -136 -353 -264 -410 -376 -145 -583 -98 -500 -588 -40 532 -371 -316 -414 -123 -77 -546 -30 -386 0
403 -356 -112 -581 -183 -136 -353 -546 -386 0
-356 -376 -500 -583 -98 -145 -581 -346 -410 -11 -577 -253 -139 -371 -451 -450 -183 -123 -77 -546 -40 -405 -136 -353 -386 0
362 -578 -546 -581 -40 -588 -500 -583 -98 -145 -11 -139 -371 -123 -77 -136 -155 -35 -589 -178 -264 532 -414 -30 0
-353 -266 -240 -77 -136 -546 -588 -183 -578 -30 -40 -589 -581 -385 -145 -583 -98 -500 -352 0
544 -450 -514 -280 -437 -578 -385 -266 -404 -77 0
-578 -588 -155 -166 -421 -145 -583 -98 -443 -178 -500 -530 -293 -581 -136 -123 -546 -437 -77 -302 -40 -400 -240 -30 -589 -414 -363 -11 -139 -371 -35 -264 532 0
138 -368 -581 0
-30 -546 -581 -136 -414 -77 -443 -166 -145 -583 -98 -500 -123 -302 -139 -371 -264 -60 -533 -594 140 -493 -100 -29 0
362 -387 -112 -406 -352 -371 -533 -452 -325 -507 -377 -414 0
354 -578 -377 -158 -77 -240 -414 -406 -95 -277 -112 -352 -371 -533 -452 -325 -324 -404 -42 0
405 -386 -523 -272 -60 -155 -452 -120 -359 -72 -533 -450 -371 -362 -282 -578 -441 0
-386 -483 -194 -419 -60 -443 -533 -170 -371 -277 -578 -253 -404 -523 -272 -155 -452 -120 -359 -72 -450 -362 -282 -441 0
-578 -214 -414 -377 -406 -95 -277 -194 -419 -60 -443 -533 -170 -371 -253 -404 -523 -155 -452 -120 -359 -475 -209 -302 -176 -402 -112 -352 -158 -77 -240 -325 -324 -42 0
361 -386 -173 -302 -270 -506 -161 -209 -449 -352 -283 -166 -112 -336 -42 -348 -404 -277 -414 -475 0
362 -46 -264 -11 -272 -411 -352 0
-546 -302 -414 -166 -264 -60 -533 -371 -443 -77 -145 -583 -98 -500 -581 -136 -123 -139 -594 140 -493 -100 -29 0
403 -362 -533 -60 -360 -371 -578 -386 0
534 -63 -411 -399 -502 -60 -355 -360 -183 -491 -371 -119 0
-577 -591 -588 -360 -552 -60 -533 -411 -399 -502 -355 -183 -491 -371 -119 -578 0
590 -150 -145 -98 -257 -414 -502 -355 -260 -406 0
357 -377 -268 -491 -257 -399 -214 -411 -47 -502 -11 0
-534 -91 -414 -502 -406 -355 -268 -491 -399 -411 -145 -583 -98 -500 -136 -591 -187 -143 -253 -264 -61 -34 -352 -533 -448 -361 -371 -60 0
385 -350 -60 -360 -371 -119 -414 -145 -583 -98 -500 -136 -187 -143 -264 -352 -533 -578 -502 -155 -209 -302 -29 -41 -362 0
356 -259 -187 -406 -10 0
188 -377 -523 -596 -84 -143 -466 -259 -232 0
361 -323 -414 -187 -523 -596 -84 -143 -533 -265 -60 -360 0
-386 -362 -360 -371 -119 -414 -145 -583 -98 -500 -136 -187 -143 -264 -352 -533 -578 -502 -155 -209 -302 -29 -60 -405 -387 0
-377 -375 -514 -84 -397 -437 -57 -502 -260 -145 -541 -414 -376 0
-362 -376 -347 -98 -414 -145 -84 -502 -166 -245 -368 -406 -578 -302 -405 -360 -371 -119 -583 -500 -136 -187 -143 -264 -352 -533 -155 -209 -29 -60 -158 -534 -361 0
354 -406 -61 -578 -368 -450 -581 -112 0
-406 -352 -265 -534 -414 -347 -98 -145 -84 -502 -166 -245 -368 -578 -302 -405 -360 -371 -119 -583 -500 -136 -187 -143 -264 -158 -533 -155 -209 -29 -60 -361 -581 0
363 -586 -112 -550 -352 0
-352 -534 -265 -361 -414 -347 -98 -145 -84 -502 -166 -245 -368 -578 -302 -405 -360 -371 -119 -583 -500 -136 -187 -143 -264 -158 -533 -155 -209 -29 -60 -581 0
378 -73 -166 -209 -23 -490 -484 -451 -84 -327 -57 -323 -145 0
363 -23 -414 -166 -209 -265 -490 -484 -451 -84 -327 -57 -323 -145 -158 -549 -534 -550 -409 0
407 -279 -96 -386 -588 -355 0
-406 -589 -407 -145 -98 -150 -414 -502 -355 -260 -257 0
-534 -578 -380 -187 -145 -98 -414 -502 -347 -361 -209 -265 -84 -323 -158 -245 -264 -581 -136 -368 -166 -302 -405 -360 -371 -119 -583 -500 -143 -533 -155 -29 -60 0
-362 -352 -406 -302 -61 -578 -405 -271 -360 -371 -119 -414 -145 -583 -98 -500 -136 -187 -143 -264 -29 -533 -502 -155 -209 -60 -361 0
362 -552 -239 -145 -533 -98 -371 -414 0
408 -589 -148 -414 -502 -60 -360 -387 -61 -405 -516 -578 0
-386 -40 -181 -112 -356 -405 -387 -533 -60 -360 -371 -578 -362 0
-406 -271 -414 -264 -347 -158 -302 -87 -443 -552 -60 -360 -448 -61 -578 -405 -181 -533 -371 -362 -29 -148 -502 -516 -581 -136 -119 -145 -583 -98 -500 -187 -143 -155 -209 -361 0
-578 -380 -143 -209 -187 -347 -414 -265 -239 -98 -60 -360 -264 -158 -302 -443 -405 -533 -371 -29 -502 -581 -136 -119 -145 -583 -500 -155 -361 -84 -323 -245 -368 -166 0
534 -588 -552 -29 -158 -40 -349 -112 -449 -119 0
532 -62 -360 -371 -60 0
-100 -145 -533 -371 -414 -136 -139 -493 -151 -445 0
120 -71 -155 -350 -280 -449 -271 0
113 -541 -414 -502 -355 -209 -406 -84 -29 -308 -145 -117 -118 -155 -350 -280 -245 -136 -354 0
-534 -355 -11 -411 -502 -414 -474 -145 -360 -445 -493 -151 -387 -600 -354 -361 -581 -277 -98 -308 -41 -112 -406 -117 -350 -280 -136 -196 -552 -371 -533 0
30 -450 -120 -117 -61 -306 -590 -308 0
114 -120 -117 -61 -196 -493 -151 -445 -368 -581 -98 -308 -406 -355 -181 -41 0
-386 -405 -414 -502 -60 -360 -61 -578 -406 -136 -112 -196 -493 -151 -445 -98 -371 -11 -145 -361 -533 -121 -544 -362 0
113 -377 -145 -414 -77 -544 -542 -136 -151 -552 -445 -533 -493 -196 -506 -371 -450 -354 -183 0
353 -490 -302 -398 -400 0
56 -437 -260 -377 -474 -145 0
82 -245 -136 -354 -302 -398 -400 -56 0
-534 -256 -450 -281 -506 -73 -233 -136 -354 -398 -400 -260 -377 -474 -145 -151 -542 -445 -493 -148 -196 -371 551 -533 0
-302 353 -125 -454 -445 -264 -174 -272 -73 -281 -398 -161 -229 -400 0
353 -327 -285 -453 -383 -278 -151 -125 -454 -445 -264 -174 -272 -73 -281 -398 -161 -229 -400 0
137 -174 -73 -269 -98 -377 -145 -306 -121 -116 -187 -544 -560 0
448 -307 -453 -121 -544 -136 -73 -269 -98 -377 -145 -306 -187 -298 -354 -285 -383 -278 -151 -125 -454 -445 -264 -281 -398 -400 -506 -120 0
357 -369 -136 -544 -260 -414 -349 -450 -121 -98 -145 -354 -285 -383 -278 -151 -454 -445 -281 -371 -233 -474 -493 -148 -196 -533 -552 -30 -587 -40 -112 -190 -216 -411 -47 -502 -11 0
-534 -271 -281 -490 -538 -502 -262 -587 -377 -414 -260 -445 -112 -474 -145 -244 -493 -181 -148 -196 -151 -552 -371 -533 0
263 -120 -414 -98 -377 -145 -530 -450 -349 -189 -121 -544 -278 -136 -580 -30 -493 -151 -281 -445 -271 0
352 -377 -544 -136 -493 -151 -445 -262 -414 -98 -189 -145 -530 -450 -349 -121 -278 -30 -281 -371 -538 -502 -587 -260 -112 -474 -181 -148 -196 -552 -533 0
-534 -337 -281 -136 -354 -400 -303 -538 -502 -151 -377 -414 -260 -445 -474 -145 -493 -148 -196 -371 551 -533 0
582 -116 -414 -377 -98 -189 -145 -306 -493 -121 -530 -445 -544 -151 -136 0
580 -306 -307 -196 -493 -151 -445 -121 -98 -544 -145 -136 -94 -369 -278 0
-377 -262 -414 -98 -145 -530 -450 -349 -189 -121 -544 -278 -136 -30 -493 -151 -281 -445 -196 -369 -354 -538 -502 -260 -474 -148 -371 -533 -552 -587 -40 -112 -181 0
372 -57 -269 -523 -306 -346 -530 -421 -316 -189 -121 -544 -136 -196 -493 -151 -445 -98 -145 -369 -278 -96 -30 -587 -40 -112 -181 0
-581 -580 -306 -120 -88 -346 -530 -421 -189 -493 -121 -96 -445 -544 -278 -151 -136 -523 0
581 -30 -40 -112 -306 -585 -121 -196 -544 -151 -136 0
-405 -112 -493 -151 -445 -121 -98 -544 -145 -136 -196 -530 -533 -371 -414 -502 -11 -233 -406 -61 -35 -578 -60 -360 -361 -362 0
188 -324 -145 -306 -377 -525 -585 -144 0
-583 -537 -145 -98 -585 0
583 -367 -240 -145 -414 -360 -445 -493 -151 -387 -411 -474 -600 -354 -361 -552 -150 -377 -98 -306 0
-581 -306 -196 -98 -145 -493 -445 -414 -360 -387 -411 -474 -600 -354 -361 -552 -150 -377 -151 138 0
146 -587 -181 -112 -326 -42 -144 -453 -30 -525 -309 -116 -306 0
-306 -377 -448 -112 -121 -196 -544 -151 -136 -145 -42 -525 -309 -116 -533 -371 -493 -552 -445 -98 -171 -414 -360 -387 -411 -474 -600 -354 -361 -150 -351 138 0
306 -77 -371 -11 -406 -493 -445 -151 -582 -136 -448 -354 -42 -116 -112 0
523 -189 -233 -257 -144 0
-112 -406 -196 -493 -445 -233 -11 -98 -145 -121 -544 -136 -533 -371 -414 -360 -361 -151 -35 -578 -530 -502 -61 -60 -362 0
-377 -590 -136 -544 -448 -61 -578 -533 -35 -260 -474 -145 -414 -360 -445 -493 -151 -387 -411 -304 551 -600 -354 -361 -581 -98 -306 -121 -530 0
582 -421 377 -533 -371 -491 -139 -196 -445 -493 -151 -304 -11 -411 -145 -448 -578 -404 -121 -544 -136 0
589 -524 -35 -257 -61 -215 0
-306 -304 -136 -35 -61 -502 -414 -474 -145 -360 -445 -493 -151 -387 -411 -233 -600 -354 -361 -581 -533 -371 -491 -139 -11 -448 -578 -544 -98 -530 -406 -586 -552 0
-580 -406 -578 -40 -309 -121 -544 -151 -136 -581 0
-577 -591 -406 -61 -578 0
137 353 -361 -117 -325 -502 -11 -533 -406 -371 -586 -145 -414 -360 -445 -493 -151 -387 -411 -304 -367 -474 -600 -535 -354 -552 -98 -40 -61 -578 -309 -121 -544 0
-577 -302 -277 -401 -533 -578 -60 -371 -360 -362 -29 -448 -404 -406 -61 0
28 -302 -401 -419 -443 195 0
188 -84 -445 -493 -151 -552 -371 -533 -233 -196 -309 -414 -596 -526 -377 -325 -525 -322 -144 0
-189 -84 -533 -371 -491 -139 -118 -445 -493 -151 -95 -277 -196 -387 -477 -596 -233 -144 -525 -379 -502 -77 -11 -188 0
300 -162 -533 -118 -371 -14 0
152 -367 -58 -414 -360 -136 -546 -533 -377 -371 -379 -118 -491 -196 -139 -445 -493 -151 -181 -325 -322 -95 -277 -144 -525 -502 -309 -526 -401 -419 -194 -40 -170 -578 -60 -362 -448 -406 0
-406 -502 -533 -371 -360 -414 -445 -493 -151 -136 -145 -98 -139 -578 -60 -362 0
-367 -306 -136 -544 -516 -61 -578 -533 -35 -377 -145 -414 -360 -445 -493 -151 -590 -361 -98 -121 -530 -196 -586 -550 363 -369 0
-306 -308 -121 -544 -136 -582 -516 -61 -578 -533 -35 -377 -145 -414 -360 -445 -493 -151 -590 -361 -98 -530 -196 -586 -550 363 -369 0
-367 -117 -120 -544 -450 -136 -586 -550 363 -369 0
581 -181 -533 -578 -60 -371 -360 -362 -355 -405 -114 -544 -354 -136 0
153 -190 -47 -361 -355 -502 -60 -63 -360 -371 -450 -414 -196 -145 -533 -136 -148 -445 -493 -151 -586 -578 -362 -405 -544 -98 0
138 -113 -450 -304 -443 -277 -29 -533 -578 -60 -371 -360 -362 -405 -121 -589 -169 -544 -581 0
-112 -304 -98 -145 -586 -352 363 0
305 -491 -360 -414 -411 -445 -493 -151 -136 -196 -387 -596 -367 -304 -148 -113 -272 -145 -474 -401 -600 -535 -552 -533 -14 -371 -143 -98 -119 -523 -117 0
-367 -355 -533 -502 -60 -63 -360 -371 -578 -362 -302 -405 -29 -414 -445 -493 -151 -136 -196 -596 -148 -145 -14 -98 -523 -450 -586 363 -121 -544 -443 -589 -169 -581 -585 -500 0
305 -112 -98 -586 -145 -552 0
140 -161 -490 -84 -56 -71 -244 -210 -156 0
119 -451 -327 -533 -182 -371 -196 -445 -493 -151 -490 -84 -56 -71 -244 -210 -156 -22 -271 0
-112 -304 -196 -445 -493 -151 -533 -327 -84 -244 -405 -279 -29 -586 -450 -523 -308 -145 -371 -98 363 0
-306 -181 -411 -355 -414 582 -98 -145 -493 -121 -530 -445 -544 -151 -136 -11 -143 -371 -533 -272 -14 -119 -117 -304 0
-304 -577 -360 -60 -533 -355 -502 -371 -578 -362 -302 -29 -308 -145 -414 582 -98 -493 -121 -530 -445 -544 -151 -136 -11 -143 -14 -117 -196 -84 -244 -586 -523 363 0
-502 -98 -414 -578 -60 -360 -533 -371 -136 -145 -445 -493 -151 -362 -139 0
372 -406 -35 -61 -578 -524 -233 -308 -196 -98 -145 -493 -445 -414 -360 -387 -411 -474 -600 -354 -361 -552 -306 -151 -136 -121 -544 -76 0
-306 -119 -11 -411 -355 -533 -371 -35 -61 -578 -233 -196 -98 -145 -493 -445 -414 -360 -387 -474 -600 -354 -361 -552 -151 -136 -121 -544 -76 -112 -304 0
370 -408 -449 -578 -119 -355 -533 -182 0
494 -368 -136 -151 -544 -445 -76 0
-114 -112 -578 -60 -371 -360 -362 -355 -544 -354 -136 -151 -445 -76 -493 -533 0
-112 -304 -355 -214 -35 -61 -578 -371 -233 -196 -98 -145 -493 -445 -414 -360 -361 -151 -136 -121 -544 -76 -533 -11 -60 -362 0
534 -524 -401 -58 -530 -421 -308 -136 -121 -151 -445 -544 -586 -61 -578 -533 -35 -306 -145 -414 -360 -493 -361 -98 -196 -550 363 -581 -76 -116 -119 0
-306 -119 -304 -533 -578 -60 -371 -360 -362 -121 -581 -151 -136 -445 -76 -493 -196 -98 -145 -414 -113 -401 -58 -586 0
370 -309 -136 -121 -76 -544 -272 -117 -119 -533 0
-119 -181 -493 -151 -371 -533 -196 -414 -136 -76 -355 -445 -121 -272 -145 -304 -578 -60 -360 -362 -581 -98 -113 -401 -58 -586 0
-306 -581 -411 -355 -136 -544 -11 -61 -578 -533 -35 -448 -474 -145 -414 -360 -445 -493 -151 -387 -304 -600 -354 -361 -98 -121 -530 -406 -586 -552 0
372 -377 -493 -151 -552 -371 -533 -233 -196 -445 -414 -322 -309 -526 -325 -525 -11 -136 -76 -355 -544 -181 0
137 -379 -145 -414 -360 -445 -493 -151 -387 -411 -304 -367 -474 -148 -600 -535 -354 -361 -552 -201 -98 -453 -40 -309 -403 -121 -76 -544 -136 0
-304 -355 -445 -493 -151 -371 -533 -196 -414 -76 -136 -145 -360 -98 -121 -578 -60 -362 -58 -214 0
494 -98 -145 -583 -196 -493 -151 -136 -445 -544 -76 0
-98 -362 -151 -445 -136 -145 -371 -533 -414 -360 -578 -60 -493 -139 0
-306 -468 -234 -145 -414 -360 -445 -493 -151 -387 -411 -304 -367 -474 -600 -354 -550 -361 -76 -59 372 -533 -98 -552 -240 583 0
138 -552 -414 -371 -196 -445 -493 -151 -136 -145 -360 -304 -76 -98 -533 -578 -544 -121 0
-552 -304 -151 -445 -136 -145 -98 -414 -360 -371 -578 -493 -544 -76 -196 -533 -121 0
305 -504 -35 -61 -590 -29 -376 -588 -183 -309 -145 -114 0
-304 -76 -414 -360 -121 -151 -544 -136 -445 -145 -493 -371 -533 -98 -578 -196 0
-76 -578 -533 -98 -371 -414 -151 -445 -136 -360 -145 -493 -544 -196 -121 0
495 -552 -98 -151 -445 -136 -145 -533 -414 -360 -371 -578 -493 0
-60 -552 -145 -98 -533 -77 -414 -371 -151 -445 -136 -360 -578 -493 -139 -58 0
413 -541 -265 0
-367 -405 -387 -578 -118 -36 -302 -42 -402 -114 -194 -354 -368 -136 0
137 -56 -196 -445 -493 -151 -533 -304 -84 -29 -145 -371 -98 363 -578 -36 -118 -581 -245 -302 -114 -136 -178 -316 -309 -121 -544 0
378 -302 -178 -29 -451 -183 -316 -500 -121 -581 -544 -136 -196 -445 -493 -151 -533 -304 -84 -145 -371 -98 363 -578 -36 -118 -245 -585 0
-552 -304 -544 -121 -98 -145 -136 -196 -445 -493 -151 -533 -371 -578 -414 -360 0
147 -114 -588 -183 -414 -437 -35 -590 -29 -61 -376 -309 -145 -304 0
545 -139 -187 -58 -421 -533 -168 -136 -121 -84 -512 -304 -145 -588 -183 -414 -437 -35 -29 -363 -581 -360 0
-362 -354 -588 -63 -114 -578 -360 -591 -35 -363 -151 -445 -136 -145 -98 -533 -414 -371 -493 -139 0
-354 -591 -437 -512 -187 -588 -183 -377 -136 -114 -414 -63 -578 -360 -35 -363 -151 -445 -145 -98 -533 -371 -493 -139 0
-362 -591 -187 -420 -437 -195 -265 -63 -578 -171 -414 -360 -35 -363 -151 -445 -136 -145 -98 -533 -371 -493 -139 0
146 -512 -414 -187 -437 -265 -63 -578 -360 -35 -363 -151 -445 -136 -145 -98 -533 -371 -493 -139 -245 -368 -581 -588 -183 -29 -308 -304 0
-362 -143 -526 -187 -308 -421 -29 -332 -173 -368 -245 -84 -57 -512 -378 -63 -578 -116 -544 -77 -524 -35 -58 -414 -360 -363 -151 -445 -136 -145 -98 -533 -371 -493 -139 0
56 -271 -560 -300 -596 -599 -84 -54 0
-271 -209 -118 -269 -75 -396 -437 -473 -84 -57 -560 -300 -596 -599 -54 0
-304 -578 -414 -544 -360 -151 -445 -136 -145 -98 -533 -371 -493 -121 -196 0
60 -272 -332 -187 -559 -143 -445 -493 -466 -62 -196 -151 -371 -119 -578 -533 -35 0
139 -371 -196 -445 -493 -151 0
60 -187 -307 -121 -115 -544 -136 -98 -196 -583 -493 -151 -445 -145 -371 -533 0
-578 -371 -98 -414 -136 -360 -145 -533 -121 -544 -151 -445 -493 -196 0
409 -322 -187 -377 -11 0
546 -377 -414 -298 -98 -530 -145 -493 -121 -445 -544 -151 -136 -181 -120 -449 -411 -187 -11 -453 -580 -309 -404 0
307 -260 -116 -377 -304 -98 -552 -145 -112 -414 -407 -334 -589 -453 -30 0
188 -116 -304 -309 -377 -98 -552 -145 -112 -414 -407 -589 -453 -30 -167 -560 -421 -144 0
308 -355 -387 -404 -181 -112 -304 -30 0
-377 -580 -181 -516 -407 -589 -309 -387 -404 -304 -11 -187 -98 -552 -145 -453 -493 -84 -445 -196 -354 -151 -136 -544 -298 -530 -121 -120 -449 -411 -414 0
546 -418 -193 -414 -516 -587 -260 -292 -407 -346 -357 -530 -387 -333 -404 -121 0
-580 -309 -589 -98 -552 -145 -354 -151 -136 -544 -414 -516 -530 -387 -404 -121 -87 -187 -407 -11 -304 -411 -181 -453 -493 -84 -445 -196 -298 -120 -449 0
30 -324 -552 -414 -407 -113 -449 -516 -304 -120 -377 -87 -187 -298 -272 -387 -404 -544 -136 -581 -589 -401 -151 0
307 -377 -181 -277 -404 -121 -544 363 -352 -136 -493 -84 -552 -407 -367 -445 -98 -589 -151 -449 -516 -304 -120 -414 -87 -187 -298 -581 -325 -453 0
-377 -581 -187 -196 -533 -371 -445 -493 -151 -407 -589 -11 -120 -233 -449 -136 -544 -304 -121 -309 -181 -277 -404 363 -352 -84 -552 -367 -98 -516 -414 -87 -298 -325 -453 0
-309 -589 -136 -544 -148 -453 -360 -414 -445 -493 -151 -196 -304 -145 -552 -98 -187 -533 -371 -11 -120 -233 -121 -181 363 -84 -516 -87 -298 -530 0
370 -84 -187 -98 -136 -145 -544 -304 -121 -360 -445 -493 -151 -196 -533 -371 -414 -362 0
157 -377 -349 -40 -29 -308 -304 -145 -449 -414 -265 0
305 -421 -300 -209 -143 -187 -168 -308 -352 -332 -581 -173 -368 -466 -245 -84 -472 -512 -377 -347 -523 -145 -117 0
-377 -209 -168 -317 -332 -173 -302 -84 -581 -245 -368 -169 -117 -349 -118 -449 -40 -29 -308 -145 -304 -300 -143 -187 -512 -523 -265 -414 -362 -98 -437 -550 -85 -534 -158 0
-84 -304 -544 -145 -187 -414 -362 -98 -196 -136 -121 -151 -445 -360 -371 -533 -493 0
306 -377 -74 -233 -161 -187 -304 -552 -112 -98 -116 -145 -309 -414 -407 -589 -453 -30 -167 -468 -421 -144 -15 -298 -271 -120 -181 0
305 -589 -30 -407 -309 -98 -552 -145 -112 0
-304 -187 -145 -98 -414 -121 -544 -136 -360 -445 -493 -151 -362 -533 -371 -196 0
-581 138 -196 -583 -493 -151 -445 -145 -414 -360 -98 -377 -474 -600 -354 -361 -552 -387 -411 -306 0
561 -587 -407 -95 -377 -381 -486 -324 -559 -298 -187 0
308 -377 -449 534 -112 -139 -530 -233 -298 -187 -407 -404 -145 -493 -306 -121 -196 -544 -151 -136 -445 -98 -354 -583 -414 -360 -474 -600 -361 -387 -411 -115 0
-377 -583 -145 -196 -187 -151 -407 -11 -354 -181 -112 -449 -387 -404 -136 -115 -544 -121 -307 534 -139 -530 -233 -298 -493 -306 -445 -98 -414 -360 -474 -600 -361 -411 0
-187 -362 -136 -414 -121 -151 -196 -493 -445 -98 -145 -360 -544 -371 -533 0
137 305 -407 -98 -552 -145 -112 -151 -577 -445 -371 -559 -493 -544 -136 -76 -142 0
305 -552 -544 -136 -407 -98 -76 -145 -112 -151 -577 -445 -371 -559 -493 -142 -414 -377 0
-583 -581 -493 -151 -445 -196 -98 -145 -136 -544 -76 0
552 -524 -232 -544 -493 -116 -378 -35 -58 -371 -360 -533 -362 0
545 -239 -266 -136 -76 0
-581 -306 -559 -445 -142 -493 -136 -76 -544 -407 -98 -145 -577 -371 -414 -377 -232 -35 -360 -533 -362 -151 -196 0
581 -76 -544 -493 -136 -151 -445 0
138 -309 -445 -151 -577 -493 -360 -117 -76 -559 -544 -142 -581 0
306 -76 -577 -445 -371 -121 -493 -544 -136 -151 -360 -559 -142 0
-362 -371 -493 -151 -136 -544 -98 -145 -414 -445 -360 -533 -196 -121 0
-371 -121 -414 -145 -98 -544 -136 -360 -493 -151 -445 -196 -533 0
408 -387 -473 -362 -438 -355 -259 0
-112 -531 -533 -58 -332 -438 -421 -473 376 -362 -405 -30 -591 -277 -182 -98 305 -145 -552 0
188 -453 -533 -531 -58 -332 -325 -421 -322 0
309 -531 -533 -143 -58 -332 -325 -421 -322 -526 0
188 -531 -332 -58 -421 -10 0
305 -322 -597 -143 -78 -332 -58 -421 -591 -30 -308 -533 -325 -83 -526 -587 -182 -438 -362 -405 -277 -98 -145 -552 -346 -513 -414 -377 0
193 -482 -444 -420 -179 0
-579 -281 -118 -385 -368 -406 354 -578 -581 -112 -156 -30 -405 -352 -591 -303 0
187 -505 -83 -174 -597 -409 -561 -234 -12 0
-112 -253 -83 -174 -597 -421 -118 -368 -406 -581 -156 -30 -405 -352 -591 -303 -143 -525 -36 -171 -195 -444 -420 -179 -58 -360 -401 -362 -114 0
189 -260 -414 -360 -445 -493 -151 -367 -550 -304 -421 -148 -535 551 -377 -597 -145 -10 -143 0
188 -346 -377 -414 -322 -332 -58 -421 -10 0
115 -552 -414 -597 -377 -143 -78 -332 -58 -421 -360 -445 -493 -151 -367 -550 -304 -148 -535 -145 -182 -174 -368 -581 -156 -30 -405 -352 -303 -36 -444 -308 -533 -325 -438 -277 -98 -83 -513 0
-112 -253 -58 -352 -550 -533 -83 -174 -597 -421 -360 -368 -406 -581 -156 -30 -405 -591 -303 -143 -525 -36 -171 -195 -444 -420 -179 -401 -362 -114 0
187 -214 -414 -83 -597 -377 -502 -561 -260 -78 0
-552 -332 -36 -58 -360 -421 -414 -83 -597 -377 -78 -445 -493 -151 -367 -550 -304 -148 -535 -145 -143 -182 -352 -533 -174 -368 -581 -156 -30 -405 -303 -444 -308 -117 -325 -438 -277 -98 -513 0
546 -377 -421 -36 -30 -145 -360 -58 -414 -159 -533 -83 -597 -78 -445 -493 -151 -550 -148 -535 -182 -174 -156 -303 -444 -438 -98 -513 -196 -582 -136 -121 0
189 -64 -304 -145 -352 363 -550 -404 -255 -579 -30 -309 -325 -533 -116 -75 -174 -299 -333 -560 -421 0
-112 -552 -309 -98 -30 -145 -579 -61 -304 -449 -352 -550 -361 -533 -271 -113 0
363 -304 -377 -182 -309 -98 -30 -579 -61 -145 -352 -550 -361 -533 -174 -15 -299 -144 -187 -404 -255 -325 -116 -333 -421 -597 -240 -414 -360 -445 -493 -151 -367 -148 -535 0
580 -333 -174 -421 -187 -116 -145 -377 -414 -361 -182 -309 -98 -30 -579 -61 -550 -533 -15 -299 -144 -404 -255 -597 -240 -360 -445 -493 -151 -148 -535 -196 0
354 -304 -502 -589 -395 -182 -36 -579 -529 -326 -58 -278 -506 -377 -187 -145 -116 -550 -414 -303 -361 -112 0
376 -474 -438 -513 -12 -411 -188 0
327 -346 -529 -533 -58 -474 -438 378 -145 -83 -597 -525 189 -299 -271 -118 -449 -506 0
363 -490 -309 -30 -74 -589 -395 -318 -438 -502 -414 -265 -210 -467 -56 -303 -83 -597 189 -36 -579 -506 -326 -529 -533 -58 -145 -299 -271 -116 -112 -304 -377 -513 -188 0
-304 -395 -303 -278 -36 -579 -529 -263 -58 -48 -112 -506 -145 -377 -550 -414 -361 -309 -30 -74 -589 -318 -438 -502 -265 -210 -467 -56 -83 -597 -326 -533 -299 -116 -513 -188 -353 -182 -187 0
-188 -112 -414 -265 -83 -597 -309 -116 -303 -278 -36 -579 -263 -48 -58 -145 -377 -550 -361 -30 -589 -318 -438 -502 -210 -56 -326 -533 -299 -513 -353 -182 -187 -174 -333 -421 0
376 -334 -438 -533 -361 -326 -116 -513 -414 -323 -260 0
188 -309 -533 -326 -116 -438 -145 -377 -361 -513 -414 -167 -421 0
-377 -121 -145 -533 -136 -98 -360 -445 -493 -151 -196 -414 -544 0
580 -247 -472 -535 -361 -501 -354 0
114 -590 -116 -438 -323 -260 -544 -188 -136 -533 -493 -151 -445 -582 -472 -535 -361 -501 -41 0
187 -186 -36 -524 -451 -136 -116 -544 -582 -323 -78 -493 -151 -445 0
307 -188 -544 -533 -116 -438 -323 -260 -360 -36 -524 -136 -582 -78 -493 -151 -445 -113 -472 -535 -361 -501 -30 0
-188 -323 -136 -116 -544 -121 -308 -533 -438 -260 -360 -36 -524 -582 -78 -493 -151 -445 -113 -472 -535 -361 -501 -30 0
114 -352 -472 -535 -361 -501 -582 -41 0
363 -507 -327 -582 -410 -352 0
450 -408 -405 -281 -586 -550 -352 -361 -327 -582 -410 -118 0
532 -136 -145 -533 -377 -98 -309 -445 -493 -151 -196 -414 -544 -453 -59 0
-516 -438 -261 0
371 -577 -533 -377 -98 -360 -445 -493 -151 -196 -414 -544 -102 -144 -525 -36 -145 -61 0
-577 -406 -261 -438 -61 -148 -533 -377 -98 -360 -445 -493 -151 -196 -414 -544 -102 -144 -525 -36 -145 0
586 -356 -386 -541 -265 -582 -240 -145 -533 -377 -98 -360 -445 -493 -151 -196 -414 -544 -102 -61 -258 -525 -148 -36 -261 -438 -144 -95 0
372 -525 -144 -145 -533 -377 -98 -360 -445 -493 -151 -196 -414 -544 -36 -102 -148 0
362 -544 -533 -377 -445 -493 -151 -414 -145 -309 -30 -144 -261 -438 -304 -322 -187 -352 0
523 -577 -151 -445 -136 -145 -533 -414 -360 -552 532 -377 -309 -544 -326 -581 -493 -144 -36 0
-583 -304 -145 0
121 -196 -445 -493 -151 -581 -326 -451 -309 0
115 -377 -414 -78 -493 -309 -445 -30 -151 -144 -145 -533 -352 -361 -261 -438 -187 -324 0
535 -196 -151 -98 -145 -583 0
-196 -582 -445 -151 -493 -98 -145 -306 -309 -533 -377 -360 -136 -414 -544 0
495 146 -583 -151 -499 -445 0
-581 -521 -360 -533 -272 -352 -404 -30 -40 -12 -299 532 -445 -100 -493 -583 -151 -145 -377 -324 -327 138 0
-136 -98 -377 -348 -414 -493 -361 -445 -352 -151 -360 -533 -272 -404 -30 532 -381 189 -528 -309 -145 -306 -544 -137 0
136 -544 -533 -377 -445 -493 -151 -414 -145 -309 -30 -438 -361 -187 -352 -306 -528 189 0
98 -377 -361 -414 -550 -145 0
-544 -360 -348 -414 -493 -361 -445 -352 -151 -533 -272 -377 -30 -381 189 -528 -309 -145 -306 -438 -187 -546 0
-360 -582 -151 -445 -145 -377 -438 -188 -306 -352 -361 -493 -348 -414 -533 -272 -30 -381 -528 -309 -187 -546 0
360 -377 -414 -12 -361 -58 0
-377 -445 -493 -151 -145 -438 -188 -352 -361 -414 -533 -30 -309 -187 -116 0
-196 -136 -116 -544 -188 -323 -533 -438 -260 -360 -36 -582 -78 -493 -151 -445 -472 -535 -361 -501 -30 -306 -102 -499 -198 0
580 -386 -404 -96 -30 -588 -309 -114 -145 -116 -544 -188 -323 -533 -438 -260 -360 -36 -582 -78 -493 -151 -445 -472 -535 -361 -501 -306 -102 -198 0
97 -582 -306 -30 -309 -451 -325 -404 -96 -145 -116 -544 -188 -323 -533 -438 -260 -360 -78 -493 -151 -445 -361 -272 -550 -352 -473 -512 -370 -149 0
-304 -140 -335 -404 -30 -449 -166 -102 -309 -114 -198 -306 -145 0
-582 -404 -325 -96 -451 -30 -309 -335 -449 -306 -145 -370 -352 -493 -361 -445 -550 -423 -151 -99 -116 -544 -188 -323 -533 -438 -260 -360 -78 -272 -473 -512 -149 0
-544 -360 -361 -240 -352 -325 -96 -451 -30 -309 -335 -449 -306 -145 -370 -493 -445 -423 -151 -99 -116 -188 -323 -533 -438 -260 -550 -78 -272 -473 -512 -149 -546 0
363 -149 -99 -512 -550 -473 0
-360 -240 -361 -352 -325 -96 -451 -30 -309 -335 -449 -306 -145 -370 -493 -445 -423 -151 -99 -116 -188 -323 -533 -438 -260 -550 -78 -272 -473 -512 -149 -546 0
-304 -404 -99 -335 -423 -30 -449 -309 -114 -306 -145 -149 -151 -370 -35 -122 -182 -525 0
545 -325 -144 -451 -30 -525 -309 -99 -335 -423 -449 -114 -306 -145 -149 -151 -370 -35 -406 -355 -503 -78 0
-445 -309 -30 -493 -145 -151 -361 -352 -116 -188 -533 -438 -414 -187 0
-377 -121 -361 -533 189 -544 -352 -101 -582 -438 -188 -414 -99 -378 -145 0
-304 -544 -361 -352 -116 -438 -533 189 -188 -414 -145 -151 -30 -309 -306 0
362 -377 -521 -12 -145 -58 -348 -112 -550 -414 -352 0
-377 -404 -145 -30 -40 -324 -61 -589 -327 -449 138 -112 -352 -550 -361 -521 -12 -58 -348 -414 0
-544 -360 -438 -414 -145 -30 -352 189 -361 -309 -116 -533 -188 -151 -306 0
146 -536 -36 -149 -30 -449 -403 -309 -113 -306 0
147 -377 -438 -411 -188 -12 -474 -149 -98 0
146 -403 -151 -30 -449 -182 -309 363 -352 -550 -501 -306 -36 -149 0
-360 -306 -188 -145 -151 -30 -309 -352 -438 -361 -493 -116 -414 189 -533 0
-306 -309 -493 -82 -30 -145 -151 -116 -438 -352 -414 -361 -188 189 -533 0
307 -449 -265 -541 -544 -82 -332 -597 189 -505 -525 -240 -36 -61 -252 -444 -158 -140 -102 -196 -402 -151 -30 0
-449 354 -304 -182 -36 -579 -326 -58 -377 -187 -145 -116 -550 -414 -361 -505 -544 -332 -140 -102 -196 -151 -526 -451 -30 -309 -265 -541 -82 -597 189 -525 -240 -61 -252 -444 -158 0
362 -149 -114 -304 -58 -377 -187 -145 -116 -550 -414 -361 -544 -196 -151 -526 -451 -30 -309 -82 189 -252 -493 -370 -322 -525 -98 -85 -352 0
325 -357 -387 -322 -377 -187 -277 -411 -581 -507 0
403 -357 -408 -579 -387 0
-357 -579 -408 -387 -40 -30 -309 -451 -326 -322 -377 -187 -277 -411 -581 -507 0
357 -159 -196 -151 -78 -438 -98 -493 -149 -370 -181 0
450 -408 -387 -40 -30 -309 -451 -326 -322 -377 -187 -277 -411 -581 -357 0
308 -486 -525 -379 -520 -22 -144 -326 -401 -451 -30 0
371 -408 -357 -544 -12 -360 -411 -506 -387 -40 -30 -309 -451 -326 -322 -377 -187 -277 -581 -151 -525 -379 -520 -22 -144 -401 -181 0
-149 -309 -56 -30 -151 -438 -98 -370 -544 -451 -322 -377 -187 -525 -379 -118 -196 -493 -95 -114 -550 -352 -361 -304 -58 -145 -116 -414 -526 -82 189 -85 0
363 -387 -30 -309 -451 -326 -322 -377 -187 -277 -411 -581 -357 -449 -114 -550 -352 0
-387 -357 -322 -377 -187 -411 -361 -30 -309 -451 -326 -277 -581 -449 -114 -550 -352 0
-357 -449 -35 -58 -63 -322 -377 -187 -411 -360 -361 -30 -309 -451 -326 -277 -581 -407 -114 -550 -352 0
357 -258 -360 -371 -35 -525 532 -590 -502 -407 0
-581 -357 -12 -411 -183 -114 -326 -35 -58 -63 -322 -377 -187 -360 -361 -30 -309 -451 -407 -550 -352 -582 0
307 -407 -35 -322 -377 -187 -361 -352 -114 -30 -309 -371 -525 -502 -533 -544 -101 -438 -188 -414 -145 -151 0
353 -357 -407 -550 -183 -361 -114 0
-357 -407 -35 -58 -322 -377 -187 -63 -414 -360 -361 -352 -550 -183 -114 0
582 -394 -95 -477 -586 -484 -550 -183 -400 -361 -114 -352 -151 0
-309 -151 -361 -352 -414 -187 -30 -533 -438 -188 -145 -493 -116 0
362 -114 -326 189 -339 -377 -145 -58 -550 -414 -352 -118 -357 -116 -528 -306 -98 0
-114 -357 -550 -361 -370 -188 -377 -438 -145 -306 -352 -326 189 -58 -414 -118 -116 -528 0
327 -506 -306 -438 -377 -188 -12 -474 -411 -98 -116 -450 -352 -361 -533 -112 -534 -145 -484 0
356 -322 -116 -306 -145 -401 -42 -94 -30 -151 -581 -326 -438 -377 -188 -474 -411 -98 -352 -361 -533 -112 -387 -183 -450 -187 0
355 -411 -123 -306 -145 -493 -377 -187 -533 -370 -116 -58 -183 -12 0
-357 -377 -438 -188 -116 -352 -361 -533 -145 -30 -151 -187 -493 -414 0
363 -114 -533 189 -352 -377 -438 -188 -414 -145 -151 -411 -493 357 -306 -361 0
-114 -411 -377 -145 -414 -352 -116 -306 -326 -361 -533 189 -438 -188 -151 -493 357 0
327 -484 -361 -72 -335 -270 -348 -73 -531 -395 -279 -522 353 0
152 -102 -63 -546 -533 -58 -493 -405 -360 -42 -198 -30 0
153 -149 -370 -493 -581 -583 146 -98 0
-411 -377 -533 -30 -151 -116 -306 -145 -438 -493 -188 -352 -361 -414 -326 189 357 0
-377 -151 -361 -533 -30 -414 -116 -145 -438 -493 -188 -352 -187 0
11 -381 -144 -257 -306 -114 -200 -449 -406 -230 -375 -280 -386 -533 -58 -493 -503 -123 -78 -546 -359 0
372 -182 -298 -486 0
358 -18 -449 -375 -230 -591 -3 -581 -136 -382 -546 -62 0
360 -403 -41 -151 -30 -197 -579 -102 -62 -58 0
-387 -112 -361 354 -269 -151 -30 -503 -549 -78 -46 -546 -62 -359 -197 -579 -102 -58 -386 0
-112 -591 -144 -257 -503 -78 -381 -546 -30 -123 -102 -230 -151 -375 -582 -280 -361 354 -269 -549 -46 -62 -359 -579 -58 -386 -96 -585 -588 -306 0
545 -581 -591 -40 -30 -403 -136 0
-581 -591 -30 -144 -40 -524 -403 -257 -579 -234 -62 -58 -359 -546 -582 0
356 -158 -546 -123 -151 -30 -144 -257 -234 -58 -359 -582 -386 -280 -539 -375 -339 -230 -588 -449 -306 -145 -503 -78 -381 -361 354 -269 -549 -46 -96 -585 -493 -370 -298 -486 -406 0
-151 -493 -30 -145 -361 -533 -352 -116 -438 -414 -188 -187 0
545 -450 532 -493 -120 -101 -403 -360 -123 0
544 -474 -56 -438 -150 -445 -370 189 -493 -138 0
546 -272 189 -118 -370 -150 -387 -438 -279 -474 -95 -587 -41 -113 -537 -305 -145 -116 0
-112 -61 532 -371 -116 -407 -305 363 -352 -113 0
582 -590 532 -361 -116 -352 -438 -414 189 -41 -145 -445 -493 -97 0
545 -73 -269 -209 -140 -245 -395 -368 -521 -590 -530 -406 -58 -355 -102 -503 -123 -78 0
113 -580 -546 -269 -395 -368 -590 -530 -406 -58 -503 -78 -57 -410 -262 -54 -12 -445 -175 -144 -257 -306 -114 -381 -449 -230 -375 -200 -386 -533 -493 -280 -359 -96 -308 -370 -588 -486 -298 0
-493 -414 -116 -438 -145 -361 -533 -352 -30 -188 -187 0
113 -306 189 -438 -100 -58 -414 -361 -266 -545 -118 -116 -352 -370 0
-544 -306 -266 -361 -414 -438 -145 -30 -352 -116 -533 -188 189 -545 0
-377 -308 -30 -196 -121 -100 -58 -358 -99 -414 -12 -361 -550 -145 0
-304 -403 -30 -144 -499 -234 -58 -546 -370 -12 -449 -113 -550 -358 -352 -361 -438 -261 -121 -100 -414 -145 -306 0
-371 -377 -306 -145 -30 -438 -116 -188 -352 -361 -533 -187 -414 0
-377 -306 -30 -361 -352 -145 -438 -188 -116 -533 -187 -414 0
-306 -414 -145 -30 -361 -352 -188 -116 -533 -187 -438 0
305 -358 -361 -30 -377 -145 -352 -438 -116 -414 -58 -550 -306 -324 -112 0
362 -403 -523 -438 -371 -120 -583 -145 -377 -58 -112 -414 -361 -550 -358 -352 0
376 -12 -306 -361 -30 -377 -145 -352 -438 -116 -533 -414 -411 -324 0
188 -253 -577 -98 -36 -150 -523 -438 -258 -261 -234 0
544 -112 -361 -30 -377 -145 -352 -438 -116 -414 -371 -58 -306 -550 0
113 -533 -361 -30 -377 -145 -352 -438 -116 -306 -414 -12 -371 -550 0
187 532 -112 -116 -61 363 -371 -352 -113 -145 -377 -12 0
304 188 -137 -581 -94 -387 -145 -450 -404 -377 -306 -361 -30 -352 -438 -116 -12 -414 -533 -411 -371 -61 532 0
372 -533 -137 -77 -438 -414 -306 -361 -30 -377 -145 -352 -116 -12 -122 -98 -94 -404 -371 -61 -112 -113 551 0
-533 -61 -145 -306 -116 -414 -12 -361 -30 -377 -352 -438 -58 -371 -137 -77 -122 -404 -112 -550 0
559 -335 -452 -23 -307 -485 -528 -299 0
-12 -77 -414 -377 -145 -58 -112 -550 -352 -116 -438 -306 -361 -30 -371 -137 -122 -404 -359 0
-304 -581 -30 -101 545 -76 -239 -414 -377 -98 -145 -306 0
-261 363 -112 -116 -371 -61 -305 -352 -113 -533 -259 -438 0
-113 -142 -533 -35 -438 545 -76 -414 -258 -377 -112 -116 -371 -352 -259 -322 -30 -101 -145 -306 -550 -361 0
187 -533 -145 -371 -377 -438 -414 -411 -11 -361 -116 -352 -306 -35 545 -112 -30 -101 -550 -233 0
117 -450 -371 -35 -61 -438 -533 -260 -377 -323 0
-113 545 -371 -30 -377 -58 -145 -414 -306 -116 -438 -550 -112 -352 -361 0
-112 -116 -371 -377 -414 -145 -361 -438 -352 -306 -30 -58 -550 -546 0
-261 -114 -550 353 -361 -11 -371 -306 -30 -377 -145 -352 -438 -116 -533 -414 -259 0
534 -435 -116 -239 -306 -361 -30 -377 -145 -352 -438 -533 -414 -304 -98 -546 -86 -58 0
-188 -136 -58 -546 -239 376 -260 -306 -361 -30 -377 -145 -352 -438 -116 -533 -414 0
-116 -550 -58 -306 -361 -30 -377 -145 -352 -438 -414 -371 -546 0
189 -300 -136 -30 -403 -307 -273 -112 -121 -352 -361 -63 -58 -495 -358 -76 -377 -414 0
378 -533 -523 -438 -58 -358 -361 -414 -76 -136 -30 -403 -307 -112 -121 -352 -377 -371 -119 -98 -323 0
-533 -76 -438 -58 -358 -361 -414 -323 -377 -523 -136 -30 -403 -307 -112 -121 -352 -371 -119 -98 0
-550 -546 -58 -438 -414 -377 -30 -352 -371 -361 -306 -145 0
-112 -122 -371 -533 -58 -493 -453 -137 -35 -148 -586 -145 -352 -181 -404 -30 -306 -116 -260 376 -361 -377 -438 -414 -408 0
-188 -337 -586 -408 -414 -356 -77 -260 376 -306 -361 -30 -377 -145 -352 -438 -116 -533 0
-533 -546 -58 -414 -306 -361 -30 -377 -145 -352 -438 -371 0
259 -356 -552 362 -112 -352 -541 -404 -265 -579 -77 -438 -408 -188 0
362 -116 -552 -352 -438 -119 -586 -371 -12 -306 -145 -377 -546 -414 -360 0
259 -153 -30 -307 -198 -102 -546 -360 -371 -150 -578 -438 -407 -188 0
403 -153 -401 -282 -30 -387 -42 0
378 -188 -438 -12 -102 -360 -30 -112 -352 -546 -361 -36 -371 -119 -116 -586 -145 363 -97 0
-188 -112 -546 -119 -116 -238 -586 -145 363 -30 -352 -97 -36 -438 -414 -12 -377 -102 -360 -361 -371 0
378 -77 -238 -414 -143 -355 -586 -145 363 -112 -352 -260 -438 -256 0
-112 363 -36 -360 -546 -586 -145 -371 -352 -119 -438 -116 -515 -377 -238 -414 -234 -12 -30 -97 -102 -361 0
-188 -149 -438 -12 376 -411 -474 0
-116 -360 -546 -119 -438 -515 -12 -377 -97 -145 -306 -36 -586 -371 -352 -238 -414 -234 -30 -102 -361 -552 0
-260 -188 -30 -36 -102 -546 -360 -371 -307 -438 -407 -583 -97 -145 -377 -12 -411 0
378 -538 -407 -30 -581 -136 -238 -265 -36 -76 -148 -188 -97 -323 -145 0
-188 -12 -411 -323 -377 -407 -30 -581 -136 -238 -36 -76 -97 -145 -338 -438 -102 -546 -360 -371 -307 -583 0
99 -560 -143 -62 -577 -523 -371 -36 -422 -149 0
370 -272 -152 -119 -197 -450 -102 -577 -46 -495 -62 0
-546 -371 -30 -145 -438 -414 -377 -352 -361 -306 -58 0
437 -183 -414 -142 -503 -552 -524 -357 -98 -35 -138 -371 -533 -516 0
34 -240 -421 -552 -98 -559 -138 -142 -61 -524 0
-112 -98 -408 -357 -145 363 -352 -405 -524 -35 -421 -559 -138 -142 -61 -266 -438 -414 -503 -371 -533 -516 0
34 -98 -215 -138 -503 -142 -414 -61 -524 -421 -552 -581 -559 0
-579 -408 -357 -387 -405 0
376 -260 -123 -371 -58 -138 -361 -377 -414 -145 -405 -360 -188 -117 -352 -78 0
362 -588 -534 -368 -170 -350 -119 -266 -581 -112 -61 -578 -406 -414 -352 0
408 -41 137 -149 -371 -30 -98 -112 -386 -352 -361 -534 -170 -350 -119 -266 -61 -578 -406 -414 0
362 -350 -266 -414 -534 -368 -170 -239 -119 -581 -112 -61 -578 -406 -352 0
577 -299 -371 -352 -361 -112 -534 -266 -414 -170 -119 -61 -578 -406 137 -149 -30 -98 -405 0
137 -578 -119 -534 -361 -112 -352 -61 -371 -406 -266 -414 -170 -149 -30 -98 -405 189 0
582 -176 -56 -405 -30 -473 -40 -400 -361 -112 -352 0
35 -61 -406 -98 -56 -405 -30 -473 -361 -112 -352 -307 -527 189 -138 -119 -534 -371 -266 -414 -149 0
36 -258 -234 -523 -58 0
-61 -473 -405 -406 -138 189 -527 -307 -123 -266 -112 -414 -352 -361 -58 -534 -371 146 -583 -149 -36 -30 -119 0
-260 -188 -361 -352 -371 -414 -58 -438 -30 -306 -145 -377 0
362 -386 -357 -259 -406 -375 -229 -117 -448 -306 -377 -112 -414 -352 0
-267 -503 -78 -265 -414 0
-406 -578 -138 -78 -265 -414 -352 -361 -112 -534 -58 -148 -371 -259 -375 -229 -117 -306 -377 -405 -188 -407 0
541 -495 -102 -78 -141 -504 -159 0
372 -142 -123 -527 -102 -307 -188 -78 -265 -542 -504 -159 0
503 -142 -153 -30 -307 -523 -527 -401 -188 -216 -78 0
136 -153 -265 -414 -78 -30 -307 -523 -527 -401 -188 -355 -538 -589 -169 -581 0
369 -419 -169 0
370 -398 353 -30 -153 -198 -102 -123 -316 -428 -394 -522 -219 -119 -485 -299 -183 0
363 -355 -30 -371 -123 -394 -581 -188 -414 -78 -265 -138 -405 -589 -339 -36 -586 -58 -145 -98 -148 -112 -534 -117 -352 0
-578 -581 -78 -265 -98 -58 -145 -414 -138 -306 -377 -371 -112 -352 -361 -30 -123 -394 -188 -405 -339 -148 -534 -117 -259 -375 -229 -407 0
354 -86 -551 -407 -139 -12 -145 -169 -377 -138 -472 -414 -181 -581 -361 -112 0
137 -128 -316 -397 370 -30 353 -153 -102 -123 -198 -394 -119 -183 -217 -78 -265 -414 -380 -238 189 0
-581 -98 -30 -123 -394 -78 -265 -414 -188 -377 -405 -117 -145 -138 -371 -339 -58 -148 -112 -534 -352 -361 -407 -472 -61 -306 -259 -375 -229 0
-98 -61 -407 -30 -534 -371 -188 -145 -377 -117 -472 -414 -306 -361 -112 -352 -138 -123 -394 -78 -265 -405 -58 -148 -339 -259 -375 -229 0
98 -472 -361 -414 -377 -148 -145 0
136 -581 -368 0
-560 -143 -188 0
-112 -407 -30 -145 -306 -117 -188 -138 -405 -78 -265 -58 -414 -377 -371 -352 -361 -123 -394 -339 -148 -534 -259 -375 -229 -360 -472 0
-188 -371 -361 -306 -30 -377 -145 -352 -438 -414 -58 0
362 -371 -77 -377 -11 -414 -145 -58 -438 -260 0
308 -53 -317 -401 -123 -30 0
146 -308 -419 -572 137 -327 -451 -443 -117 -64 -306 -94 0
271 -217 -433 -294 -347 -530 -123 -317 -422 -98 -94 -56 -145 -419 -572 137 -327 -451 -443 -117 -64 -306 -401 -30 -600 -300 0
372 -148 -361 -112 -123 -422 -98 -145 -117 -306 -30 -58 -138 363 -265 -414 -323 -377 -260 -438 -493 -352 0
533 -238 -438 -377 -148 -143 -414 -77 -260 -145 363 -112 -352 -98 -233 -11 -58 0
136 -532 -30 -117 -112 -145 -98 363 -352 -265 -414 -377 -438 -405 -148 -58 188 0
99 -230 -30 -64 -271 353 -361 -387 -42 -438 -94 -405 -422 -148 -145 0
150 -249 -151 -42 -581 -30 -368 -474 -61 -406 -578 -511 -35 0
-249 -282 -387 -112 -181 -356 -405 -533 -60 -360 -371 -362 -516 -474 -230 -438 -148 -151 -42 -581 -30 -368 -61 -406 -511 -35 0
436 -535 -368 -352 -361 -493 -151 -30 -279 -112 -181 -405 -533 -60 -360 -371 -578 -362 -282 -538 -337 -516 -230 0
118 -406 -361 -30 -368 -61 -405 -35 -516 -148 -438 -352 -493 -112 -181 -533 -60 -360 -371 -362 -538 -337 -64 -94 -145 -98 -511 -422 -139 -136 -414 -502 -306 -117 0
-533 -148 -145 -306 -361 -30 -98 -438 -352 -112 -371 -414 -377 -58 0
-148 -112 -377 -414 -145 -438 -352 -98 -58 -306 -361 -30 -371 0
-580 -53 -543 -414 -401 -123 -30 -307 -159 -451 -141 -325 -246 -581 137 0
532 -153 -30 -405 -543 -414 -123 -307 -141 -246 -323 -138 -377 -95 -240 -260 -534 363 -352 -112 -515 -119 0
-112 -98 -30 -414 -377 -352 -306 -145 -438 -371 -58 -361 0
-534 -102 -493 -371 -157 551 0
-102 -333 -123 -531 -58 -493 -371 -157 551 0
-98 -371 -58 -414 -377 -145 -306 -30 -352 -438 -361 0
534 -36 -179 -170 -157 -194 -85 -58 0
115 -73 -491 -83 -174 -445 -395 -264 -520 -272 -381 -119 0
116 -308 -526 -306 0
114 -371 -491 115 -445 -272 -381 -123 -308 -157 -11 -85 -58 -532 -34 -179 -170 -194 -438 -57 -474 -408 -96 -405 -249 -586 -41 0
533 -317 -521 -439 -526 -336 -327 -308 -600 -199 -438 -272 -157 -233 -34 -516 -118 -85 -58 0
-371 -414 -438 -306 -145 -30 -58 -377 -361 -352 0
362 -581 -414 -11 -117 -99 -157 -145 -306 -85 -377 -494 -112 -550 -352 0
363 -577 -405 -182 -62 -112 -359 -352 -550 0
150 -117 -101 -123 -58 -11 -494 -306 -377 -112 -414 -352 -361 -405 -182 -62 -359 -550 -98 -35 0
-117 -405 -30 -58 -112 -352 -361 -534 -306 -377 -359 -145 -438 -35 -101 -123 -11 -414 0
77 -577 -406 -405 -261 -546 -189 0
78 -158 -101 -140 -494 -414 0
76 -546 -101 -123 -494 0
362 -405 -546 -35 -11 -76 -149 -101 -140 -494 -414 -98 -85 -377 -112 -550 -352 0
-405 -359 -112 -352 -361 -35 -11 -101 -414 -377 -123 -30 -58 -534 -306 -145 -438 0
363 -579 -118 -30 -101 -98 -414 -377 -76 -145 -306 -546 -112 -550 -359 -352 0
59 -123 -145 -306 -377 -112 -352 -361 -30 -414 -58 -534 -438 0
362 -501 -308 -306 -531 -58 -332 -145 -98 -377 -545 -112 -550 -414 -360 -352 0
147 -474 -438 -514 -149 -377 -98 -12 -411 0
100 -12 -361 -30 -377 -145 -352 -438 -414 -514 -451 -306 -531 -58 -112 -550 -360 -123 0
117 -405 -182 -62 -112 363 -352 -550 -544 -118 0
116 -500 -140 -270 -491 -494 -331 -72 -531 -581 -451 -522 -484 -299 -272 -324 -118 0
117 363 -544 -118 -182 -62 -112 -360 -352 -550 0
363 -151 -299 -30 146 -583 -544 -324 -118 -140 -270 -494 -331 -531 -451 -115 -182 -62 -112 -360 -352 -550 0
493 -446 -262 -299 -273 -14 0
116 -405 -500 362 -306 -531 -58 -145 -98 -377 -112 -550 -414 -360 -352 -494 -262 -299 -234 -258 -56 -539 -248 -356 -451 -579 -188 -324 -118 0
-116 -539 -356 -414 -406 -261 -544 -306 -361 -30 -377 -145 -352 -438 -188 -533 -115 0
378 -544 -306 -531 -58 -145 -377 -112 -550 -414 -360 -352 -234 -451 -118 -361 -30 -438 -12 -331 -197 0
-123 -112 -438 -352 -377 -361 -414 -306 -58 -145 -30 -534 0
362 -546 -149 -140 -494 -414 -85 -377 -112 -550 -352 -58 -361 -118 -30 -309 -145 -306 -318 0
544 -116 -30 -122 -450 -306 -42 -361 -377 -145 -352 -438 -414 -58 -550 -546 -112 -118 -405 0
545 -405 363 -182 -62 -112 -352 -550 0
-405 -309 -30 -306 -122 -361 -377 -145 -352 -438 -414 -58 -550 -546 -112 -118 363 0
544 -116 -306 -30 -309 363 -352 -550 -403 -451 -579 -351 -145 -438 -514 -377 -58 -414 -361 -112 -118 0
-116 -579 -30 -118 -414 -377 363 -145 -306 -546 -112 -550 -352 -58 -438 -514 -309 -403 -451 -351 -361 0
-112 -534 -377 -58 -30 -306 -414 -145 -352 -361 -438 0
-534 -414 -361 -438 -377 -145 -306 -58 -30 -352 0
-550 -355 -120 -149 -255 -35 -438 376 -579 -299 -408 -352 -112 -361 -377 -414 -145 0
117 -78 -306 -361 -30 -377 -145 -352 -438 -116 -533 -414 -544 -322 0
-472 98 -474 -361 -414 -377 -438 -145 0
-112 -140 -101 -494 -544 -361 -414 -377 -438 -145 -352 -306 -30 -533 -120 -579 -408 -87 -149 -255 -35 376 -299 -182 0
-414 -58 -377 -145 -306 -361 -438 -352 -30 0
448 -61 -406 -438 -259 -267 -240 -138 -582 -327 -507 0
437 -36 -523 -189 -579 -299 -78 -406 -371 -267 -259 -148 0
546 -148 -267 -438 -523 -406 -259 -58 -352 -112 -361 -550 -273 -449 -240 -582 -507 -322 -359 -115 0
590 -100 -188 -421 -77 -494 -154 -349 -420 -279 -151 -180 138 -30 0
29 -302 -402 -151 0
78 -357 -240 -267 -523 -543 -256 -137 -58 -12 -188 0
403 -77 -421 -188 -151 -30 -370 -148 -511 -158 -473 -137 -406 -337 -543 -438 -240 -259 -267 -523 -256 -58 -12 -402 -280 -386 0
78 -579 -523 -58 -256 -12 -406 -188 -240 -267 -543 -137 0
545 -158 -145 -94 -473 -543 -438 -267 -523 -58 -256 -12 -406 -188 -240 -54 -402 -307 -151 -30 -386 -41 -421 -370 -148 -511 -337 -259 -280 0
119 -188 -259 -267 -12 -58 -359 -546 -145 -94 -473 -543 -438 -523 -256 -406 -240 -402 -307 -151 -30 -386 -41 -421 -148 -511 -337 -87 -599 -534 -273 0
117 -546 -256 -30 -41 -386 -406 -438 -259 -267 -58 -12 -240 -543 -523 -359 -449 -352 -361 -112 -534 -550 -273 -145 -94 -473 -402 -307 -151 -421 -148 -511 -337 -87 -599 -322 0
97 -433 -267 -438 -507 -543 -406 -449 -259 -87 -534 -12 -58 -359 -348 -322 -115 -256 -30 -41 -386 -240 -523 -352 -361 -112 -550 -273 -145 -94 -473 -402 -307 -511 -337 -599 -582 0
403 -303 -172 -206 -394 -375 -161 -50 -280 -61 -386 0
-151 -180 -402 -278 -30 -386 -41 -404 -172 -206 -394 -375 -161 -50 -280 -61 -152 0
151 -591 -136 -30 0
28 -466 -507 -492 -372 -449 -534 -157 -206 -120 -375 -273 -420 -386 -369 -303 -404 -591 -402 -41 0
189 -78 -402 -30 -507 -492 -449 -534 -273 -386 -41 -152 -65 -543 -240 -278 -267 -149 -438 -523 -406 -259 -58 -352 -112 -361 -550 -582 -322 -359 -115 -337 -422 0
-78 -188 -267 -438 -406 -259 -58 -352 -112 -361 -550 -273 -449 -240 -582 -507 -322 -359 -115 -256 -12 -523 -402 -30 -492 -534 -386 -41 -152 -65 -543 -278 -149 -337 -422 0
-188 -240 -386 -267 -523 -543 -256 -58 -12 -406 -359 -438 -259 -352 -112 -361 -550 -273 -449 -582 -507 -322 -115 -402 -30 -492 -534 -41 -152 -65 -278 -149 -337 -422 0
76 -406 -267 -523 -438 -259 -58 -352 -112 -361 -550 -273 -449 -240 -582 -507 -322 -359 -115 -545 0
-550 -449 -267 -507 -438 -543 -58 -359 -523 -259 -352 -112 -361 -273 -582 -322 -115 -348 -12 -386 -256 -402 -30 -492 -41 -145 -473 -307 -511 -599 -587 -551 0
360 -578 -449 -115 -182 -322 -356 -189 -532 -12 -58 0
-188 -61 -97 -438 -523 -516 -256 -532 -58 -12 -189 0
407 -449 -58 -532 -511 -473 -438 -267 -115 -322 -97 -523 -256 -12 -359 -182 -259 0
59 -188 -438 -532 -12 0
-189 -188 -182 -473 -355 -259 -12 -97 -438 -523 -511 -256 -532 -58 -61 0
-188 -41 -30 -408 -182 -582 -449 -273 -511 -238 -473 -267 -115 -322 -259 -438 -12 -97 -523 -256 -532 -58 -359 0
533 -77 -267 -545 -438 -359 -516 -58 0
544 -589 -30 -254 -41 -62 -404 -359 0
-112 -543 -30 -306 -386 -267 -359 -273 -438 -58 -322 -259 -582 -511 -473 -12 -256 -507 -352 -361 -348 -402 -492 -145 -599 -551 -114 0
60 -370 -308 -526 -123 -188 -158 -138 -511 -543 -240 -473 -267 -514 -259 -233 0
532 -78 -543 -511 -473 -267 -259 -188 -36 -12 -58 -308 -526 -123 -138 -233 -551 0
546 -233 -188 -308 -507 -448 -322 -259 -438 -492 -58 -12 -543 -511 -473 -267 -36 -551 -348 -116 0
187 -233 -58 -12 0
59 -157 -493 -551 -372 -438 -188 -12 0
450 -139 -394 -476 -102 -122 -402 -308 -30 -40 -404 -386 -211 -375 -273 -229 -119 0
533 -423 -99 -273 -116 -561 -188 -492 -476 -466 -394 -493 -196 -102 -122 -308 -326 -507 -448 -402 -30 -40 -404 -386 -211 -375 -229 -372 0
403 -280 -70 -154 -386 -351 0
119 -122 -318 -402 -308 -30 -40 -404 -70 -154 -386 -599 -448 -273 0
525 -544 -30 -448 -318 -402 -308 -70 -386 -599 -273 -196 -551 -99 -116 -188 -492 -507 -359 -58 -438 -12 -511 -543 -473 -267 -322 -259 -40 -348 -256 0
450 -119 -582 -196 -200 -102 -308 -30 -40 -544 -534 -116 -578 -142 0
405 -356 -407 -578 -386 0
-356 -404 -578 -386 -407 0
-404 -407 -40 -30 -578 -61 -370 -181 -386 0
266 -138 -142 -188 -240 -78 0
532 -578 -438 -267 -142 -188 -544 -40 -30 -259 -61 -181 -386 -586 -551 0
-403 -404 -40 -30 -551 -582 -99 -196 -102 -308 -578 -544 -586 0
-407 -122 -99 -273 -116 533 -188 -492 -196 -102 -308 -507 -448 -402 -30 -40 -404 -386 -543 -325 -267 -322 -259 -438 -77 -142 -12 -578 -61 -181 0
545 -357 -267 -438 -188 -543 -259 -99 -273 -116 533 -492 -196 -102 -308 -507 -448 -402 -30 -40 -404 -386 -325 -322 -142 -12 -578 -61 -181 0
143 -279 -96 -520 -582 -379 -138 0
-404 -578 -586 -99 -551 -386 -12 -188 -142 -96 -582 -531 -348 -116 -544 -267 -438 -543 -259 -273 533 -492 -196 -102 -308 -507 -448 -402 -30 -40 -325 -322 -61 -181 0
136 -369 -582 0
-369 -138 -582 0
187 -407 -538 -259 -543 -438 -267 -78 -12 0
73 -162 -492 0
396 -172 -73 0
590 -550 266 -188 -138 -78 -363 -360 -526 -63 -308 -255 -30 0
62 -370 -472 -148 -363 -511 -360 0
29 -272 -282 -217 -118 -484 -450 -182 -113 -153 -40 0
532 -379 -394 -188 -526 -308 -30 -282 -217 -118 -450 -182 -40 -530 -363 -58 -360 -63 -472 -148 -511 -326 -138 -589 266 -78 -255 0
309 -279 -520 -379 -138 -188 -326 -145 -526 -452 -304 0
180 -154 -139 -349 -157 0
546 -308 -157 -30 -363 -188 -326 -145 -534 -438 -12 -394 -217 -40 -472 -148 -511 266 -78 -407 -578 -386 -348 -404 -116 0
551 -476 -394 -51 -303 -254 -400 -328 -353 -423 -363 -99 0
28 -500 -394 -182 -493 -326 -157 -148 -58 -534 -438 -188 -12 -552 -328 -353 -423 -363 -344 -318 -526 -122 -591 -308 -152 0
-582 -552 -407 -404 -40 -30 -394 -182 -493 -326 -157 -148 -58 -534 -438 -188 -12 -578 -328 -423 -363 -318 -526 -122 -308 -202 -580 -138 0
29 -451 -308 -534 -354 -552 -145 -363 -359 -148 -58 -34 -578 -404 -153 -40 0
-138 -308 -157 -30 -145 -363 -359 -148 -58 -578 -404 -40 -420 -326 -407 -394 -182 -438 -188 -12 -318 -122 -202 266 189 -137 0
405 -370 -148 -511 -589 -472 -407 -363 -578 -386 0
362 -63 -359 -58 -370 -493 -157 -438 -188 -12 -148 -511 -472 0
552 -169 -420 138 -352 -178 -112 -157 -586 -85 0
532 -177 -188 -400 -116 -306 -145 -550 -420 138 -178 -157 -148 -546 76 -123 -363 -438 -12 -511 -472 -407 -578 -404 -589 -386 0
579 -114 -588 -351 -407 -404 0
28 -308 -30 -40 -404 -578 -145 -407 -157 -550 -534 -438 -188 -12 -116 -420 138 -148 -546 76 -363 -511 -472 -386 0
-551 -122 -404 -145 -116 -188 -308 -30 -40 -77 -386 -543 -267 -322 -259 -438 -407 -12 -578 29 -561 -423 -394 -493 -466 -326 -211 -375 -229 -544 -318 -359 -511 -348 -256 -534 -363 -157 -550 0
371 -169 138 -179 -420 -279 -96 -64 -394 -140 -423 -101 -98 -255 -546 76 -148 -63 0
-308 -578 -188 -30 -40 -386 -267 -259 -438 -407 -12 -404 189 0
117 -138 189 -544 -527 0
550 -98 -472 -148 -363 -511 0
-551 -335 -452 -534 -196 -58 -493 -157 -438 -188 -12 -182 -114 -178 -407 -404 -578 -122 -544 -138 -423 -239 -98 -550 0
-138 -578 -404 -407 -326 -178 -452 -148 -511 -589 -472 -363 -386 -157 -493 -438 -188 -12 -122 -544 -239 -145 -348 -305 -116 189 -527 0
-370 552 138 -420 -178 -157 -493 -551 -438 -188 -12 -359 -363 -407 -148 -511 -472 -578 -404 -589 -386 0
579 -119 -394 -507 -116 -353 -305 -139 -114 -157 -588 -178 -407 -404 0
-551 -420 -589 -407 -578 -394 -116 -305 -157 -178 -404 -363 -359 -534 -493 -438 -188 -12 138 -148 -511 -472 -386 -550 0
-578 -40 -404 -438 -188 -12 -386 189 -30 -407 -267 -259 0
372 -511 -452 -527 -119 -117 -324 -123 -377 -363 -102 -581 -360 -493 -299 -148 -62 0
113 -162 -394 -520 -145 -588 -352 -304 0
361 -531 -40 -394 -588 -30 -449 -527 -119 -117 -324 -377 -413 0
101 -482 193 -420 -157 -493 -139 0
-352 -58 -534 -30 -377 -361 -438 -324 -117 -527 -123 -102 -157 -493 -139 -279 -589 -169 -581 -138 -353 0
115 -301 -542 -377 -413 -153 -136 -30 -390 -407 -523 -588 -40 -112 -181 -199 -486 -452 -327 -324 0
-58 -136 -423 -30 -407 -394 -357 -12 -267 -78 -265 -377 -379 -324 -117 -523 -588 -40 -452 -229 -375 -282 -534 -438 -527 -157 -279 -138 -299 -371 -577 -62 -363 -449 -119 -35 -59 0
552 -119 -449 -377 -40 -394 -30 -363 -148 -35 -12 -407 -267 -265 -452 -229 -438 -157 -138 -371 -577 -62 -59 -386 -404 189 -188 0
114 -169 -538 -267 -138 -298 -324 -139 -157 -116 -179 -119 -30 -449 -353 -181 -40 0
60 -113 -30 -40 -404 -386 -211 -375 -229 -119 -544 189 -138 -116 -449 -353 -394 -538 -267 -157 -179 -371 -62 -359 -35 0
58 550 -377 -138 -472 -148 -363 -144 -544 -234 -35 0
117 -402 -394 -102 -273 -139 -30 -40 -404 -386 -211 -375 -229 -119 -449 -544 189 -138 0
-352 -116 -377 -361 -438 -58 -102 -157 -493 -139 -589 -169 -138 -353 -544 -579 -523 -586 -181 -40 -449 -119 -30 -394 -404 -386 -211 -229 189 0
587 -116 -30 -40 -404 -386 -211 -375 -229 -119 -544 189 -138 60 -449 -353 -394 -339 -267 -157 -179 -371 -62 -359 -35 0
-116 -119 -472 -148 -363 550 -377 -267 -265 -12 -407 -30 -40 -404 -386 -211 -229 189 -138 60 -449 -394 -157 -179 -371 -62 -35 -438 -589 -579 0
-532 -551 -407 -394 -12 -267 -265 -377 -40 -229 -438 -157 -138 -577 -62 -363 -449 -35 -188 -386 -404 -472 -148 -211 189 -579 -30 0
358 -162 -466 -394 -596 -505 -493 -141 -409 -370 -363 -62 0
-119 -588 -394 -40 -30 -449 -527 -117 -324 -377 -413 -363 -58 -360 -466 -596 -493 -141 -409 -370 -62 -118 0
101 -99 -423 -335 -451 -30 -309 -196 -123 0
-372 -101 -141 -58 -370 -493 -157 -551 -438 -188 -12 0
-551 -363 -30 -472 -138 -148 -62 -157 -438 -188 -12 -394 -40 -449 -377 189 -267 -407 -265 -229 -577 -35 -386 -404 -211 -579 0
360 -304 551 -493 -157 -534 -30 -148 -145 189 -138 -254 -544 -62 0
-588 -299 -182 -561 -188 -112 -394 -162 -40 361 -30 -449 -119 -531 -117 -324 -377 -413 0
-119 -279 -138 -188 -394 -40 361 -30 -449 -377 -413 -493 551 -157 -534 -148 189 -254 -544 -62 0
29 -420 -444 -179 -151 -352 -169 -138 -112 -40 0
114 -368 -138 -526 -188 -30 -552 -407 -145 -112 -98 -589 -352 -304 0
586 -123 -102 -423 -335 -451 -30 -99 -304 -138 -526 -188 -552 -407 -145 -98 -352 -444 -179 -169 -40 -538 -339 0
-112 -123 -102 -423 -335 -451 -30 -99 -304 -444 -179 -352 -169 -138 -420 -40 -98 -552 -145 -586 0
115 -268 403 -386 -282 -375 -229 -449 -30 -352 -138 -40 -145 -538 -357 -407 -188 -339 -493 -148 551 -157 -534 -35 -544 -358 -348 189 -254 -62 0
-363 -157 -254 -12 -62 -30 -148 189 -138 -188 -386 -229 -449 -40 -407 -35 -377 -404 -472 -438 -394 -267 -265 -577 -211 -579 0
353 -483 -277 -151 -580 -400 0
-157 -138 -40 -404 -386 -211 -229 189 -30 -449 -394 -267 -62 -35 -438 -188 -12 -407 -265 -254 -148 -377 -472 -577 -579 0
113 -540 -339 -407 -356 -386 -404 -40 0
114 -352 -178 -544 -404 -386 -361 -30 -449 -138 -40 0
60 -273 -394 -402 -139 -30 -40 -404 -386 -211 -375 -229 -449 -544 189 -138 -120 -534 -551 -586 -356 -339 -540 369 -35 0
354 -120 -534 -377 -138 -472 -148 -544 -35 -394 -139 -30 -40 -404 -386 -211 -375 -229 -449 189 -85 -586 -356 -339 -540 -12 -411 -361 0
-352 -204 -138 -30 -544 -40 -404 -386 -361 -534 -377 -472 -148 -35 -394 -139 -211 -375 -229 -449 189 -85 -356 -339 -540 -12 -411 -113 -178 0
545 -363 -138 -419 -271 -62 -35 -118 -377 -12 -414 -534 -472 -148 -183 -551 266 -188 189 0
-363 -419 -468 -505 -398 -375 -72 -271 -188 -118 -138 -534 -151 -589 -407 -183 -490 -356 -35 -386 -62 -404 -377 -12 -414 -472 -148 -551 266 189 0
587 -138 -35 -307 -306 -118 -438 -188 -12 -404 -386 -468 -505 -398 -72 -271 -151 -589 -407 -183 -490 -356 -62 -377 -414 -472 -148 266 189 -540 0
-138 -35 -407 -438 -188 -12 -404 -386 -62 -377 -472 -148 189 -30 -449 -40 -394 -211 -229 -267 -265 -254 -577 -579 0
59 -352 -551 -438 -188 -12 -148 -542 -513 -187 -361 -116 -30 -493 -377 -410 0
-352 -60 -122 -407 -386 -404 -40 -267 -410 -493 -377 -513 -99 -62 -148 -359 -35 -12 -449 -551 -438 -188 -542 -187 -361 -116 -30 -353 0
59 -551 -493 -438 -188 -12 -148 -542 -513 -413 -377 -410 0
158 -258 -234 -468 -394 450 -402 -273 -102 -30 -40 -404 -386 -211 -375 -122 -229 -173 -304 -116 -372 -534 -87 0
-414 -589 -407 -369 -57 -372 -188 -438 -187 -352 -361 -116 -30 -87 -394 -402 -273 -102 -40 -404 -386 -211 -122 -229 -449 -410 -114 -377 -267 -265 0
-112 -356 -188 138 -77 -100 -494 -180 -154 -30 -99 -407 -404 -145 -588 -40 -339 -589 -386 -267 -273 -359 -438 -58 -322 -259 -511 -473 -352 -12 -256 -507 -543 -361 -348 -402 -492 -599 -551 -114 0
-356 -154 -386 -404 -273 -118 -449 -182 -188 138 -77 -100 -494 -180 -30 -99 -407 -145 -588 -40 -339 -589 -267 -359 -438 -58 -322 -259 -511 -473 -352 -12 -256 -507 -543 -361 -348 -402 -492 -599 -551 -114 0
532 -268 -394 -549 -190 -48 -12 -386 -404 -273 -449 -188 138 -77 -30 -99 -407 -145 -588 -40 -339 -589 -267 -359 -438 -58 -322 -259 -511 -473 -352 -256 -507 -543 -361 -348 -402 -492 -599 -551 -114 -372 -493 -157 -87 0
-112 -531 -394 -352 -588 -145 -348 -119 -116 -30 -582 -386 -267 -273 -359 -438 -58 -322 -259 -511 -473 -12 -256 -507 -543 -361 -402 -492 -599 -551 -114 0
-352 -599 -386 -30 -551 -188 -438 -12 -473 -267 -259 -40 -361 -404 -407 -410 -187 -353 0
272 -334 -531 -94 -145 -217 -348 -305 -303 -116 -282 -118 0
-543 -198 -116 -394 -561 -88 -372 -58 -551 -493 -438 -188 -12 -579 -61 -534 -271 -531 -94 -305 -303 -282 -284 -449 -481 -349 -178 -193 -418 -410 -539 -377 -542 -267 0
113 -88 -407 -386 -404 -40 -267 -78 -265 -116 -394 -561 -339 -372 -58 -551 -438 -188 -12 -579 -61 -534 -271 -531 -449 -193 -418 -410 -377 -30 -278 -152 -589 -136 -588 0
583 -102 581 -306 -544 -30 -40 -112 -151 -136 0
-543 -303 -394 -375 -386 -72 -404 -211 -349 358 -493 -505 -363 -62 -178 -561 -87 -579 -450 -534 -271 -118 -116 -410 -583 -377 -542 -267 0
-145 -49 -394 -88 -344 -122 -447 -262 -531 -271 -346 -118 -423 -116 -99 -472 -148 -377 -414 -361 -583 0
-58 -99 -394 -122 -271 -423 -116 -472 -148 -377 -361 -12 -202 -375 -386 -404 -211 -363 -62 -561 -87 -579 -534 -267 581 -30 -40 -112 -136 -449 -407 -78 -265 -339 -438 -188 -193 -418 -589 -588 -577 -359 -35 0
-363 -361 -267 -30 -12 -386 -404 -40 -407 -438 -188 -259 -187 0
363 -40 -534 -339 -386 -404 -407 -62 -550 -267 -78 -265 -359 0
113 -304 -332 -162 -530 -352 -588 -145 -394 0
114 -591 138 -30 -352 -40 0
59 -588 -352 -116 -145 -394 -561 -330 -114 -423 -99 -357 -493 -148 -12 -157 -551 -438 -188 0
-551 -116 189 -330 -449 -114 -370 -148 -357 -35 -12 -60 -352 -145 -394 -493 -157 -438 -188 -550 0
371 -304 -466 113 -530 -352 -588 -145 -394 -140 -472 -423 -101 -511 -98 -546 76 -148 0
28 -420 -369 -591 -179 0
-40 -187 -12 -438 -188 -386 -267 -404 -407 -259 -30 0
113 -304 -438 -188 -12 -551 -187 -259 -355 -122 -407 -361 -308 -145 -116 -588 -352 -267 0
-304 -588 -145 -352 -112 -438 -188 -12 -551 -187 -259 -355 -122 -407 -308 -116 -361 -267 0
-414 -307 -407 -41 -546 -590 -30 -355 -404 -386 -377 -534 -112 -352 -145 -306 -361 -438 -267 -78 -265 0
-588 -551 -12 -30 -386 -267 -352 -438 -259 -145 -407 -404 -188 -187 0
-551 -145 -407 -12 -30 -386 -267 -438 -259 -352 -404 -188 -187 0
-145 -352 -438 -187 -188 -30 -407 -12 -386 -267 -259 -404 0
114 -35 -324 -116 -144 -184 -369 -137 -58 -534 -438 -188 -12 -239 -112 -352 -586 -361 -449 0
-352 -187 -188 -12 -407 -404 -386 -267 -438 -30 -259 0
113 -372 -551 -534 -586 -183 0
-414 -551 -247 -361 -472 -534 -116 -112 -590 -407 -145 -355 -404 -386 -377 -267 -78 -265 0
532 -58 -152 -277 -196 -580 -179 -551 -157 -372 -493 -303 -438 -188 -12 -137 -239 0
533 -450 -348 -271 -116 -326 -404 -386 -407 -183 -372 0
532 -157 -590 -179 -277 -580 -351 -308 -239 -145 -152 -551 -372 -493 -303 -438 -188 -12 -137 0
114 -348 -271 -116 -326 -404 -386 -407 533 -372 0
306 -531 -423 -122 -99 -348 -308 -145 -116 0
-551 -145 -394 -277 -580 -122 -308 -116 -423 -303 -12 -355 -112 -271 -404 -386 -407 -534 -590 -179 -351 -152 -438 -188 -137 -148 -377 -247 -324 -472 -361 -267 -78 -265 0
-145 189 -184 -271 -308 -116 -148 -590 -404 -386 -407 -377 -267 -265 -359 -361 -394 -277 -580 -122 -303 -12 -355 -112 -179 -351 -152 -438 -188 -137 -247 -472 0
-551 -183 -271 -372 -280 -219 -534 -303 189 -152 545 -414 -62 -35 -377 -12 -472 -148 266 -188 -580 -540 -277 -339 -94 -586 -449 -112 0
-187 -259 -188 -407 -404 -386 -267 -438 -30 -12 0
-361 -377 -116 -118 -145 -414 -438 -58 -30 -523 -142 -506 -494 -410 -322 -240 -76 -47 -267 -62 -360 -99 -550 -363 0
361 -514 -407 -259 -356 -541 -414 -386 0
532 -414 -116 -267 -145 -438 -30 -62 -407 -259 -386 -35 -551 -372 187 -12 0
-265 -304 -356 -404 -181 -407 -112 -386 -145 -515 -377 -438 -414 -267 0
265 -377 -12 -188 -259 -361 -438 -414 0
-377 -361 -356 -404 -407 -112 533 -116 -372 -322 -438 -145 -414 -267 -12 -188 -259 -386 0
377 -515 -267 -438 -414 -259 0
-414 -112 -438 -386 -259 -404 -407 -116 -372 -145 -267 -12 -188 -534 -30 -551 0
266 -359 -511 -363 -188 -577 -551 -256 187 -12 -35 -473 -438 0
362 -507 -116 -404 -386 -407 -348 -372 -112 -551 -534 -259 -438 -267 -511 -363 -188 -256 187 -12 0
360 -534 -372 -62 -59 0
-414 -534 -386 -145 -116 -267 -438 -259 -404 -407 -372 -12 -188 -30 -551 0
362 -256 -534 -259 -116 -438 187 -12 -267 -511 -363 -188 -551 -404 -386 -407 -507 -372 -348 0
361 -543 -259 187 -438 -267 -407 -12 -404 -386 -360 0
376 -534 -259 -116 -438 187 -12 -267 362 -363 -188 -551 -404 -386 -407 -372 -348 0
-534 -372 -404 -386 -407 -116 -438 -259 -145 -12 -267 -188 -551 -30 0
-377 -414 -541 -12 -188 -259 -361 -438 -378 0
-414 -150 -97 -438 -145 -267 -259 -12 -188 -361 -378 0
-372 -145 -30 -438 -267 -259 -12 -188 -404 -386 -407 -551 -116 0
114 -119 -116 -449 -305 0
113 -339 -591 -356 -30 -183 -540 -407 -386 -404 0
-119 -305 -449 -116 -113 0
-377 -361 -358 -551 -414 -12 -534 -116 -591 -356 -30 -183 -540 -407 -386 -404 -438 -145 -188 -259 -541 0
-361 -414 -438 -145 -267 -259 -12 -188 -551 -116 -30 -407 -386 -404 0
-414 -145 -438 -386 -259 -407 -267 -12 -188 -551 -116 -30 -404 0
114 -447 -264 -495 -501 -119 -582 -449 -353 0
265 -119 -300 -371 -353 -264 -495 -145 -116 -404 -30 -386 -591 -356 -407 -259 -150 -543 -438 0
362 -378 -259 -150 -438 -267 -300 -371 -264 -495 -145 -116 -404 -30 -386 -591 -356 -407 -543 -534 -59 -358 0
-145 -116 -30 -267 -259 -438 -407 -404 -551 -386 -12 -188 0
532 -394 -55 -472 -148 -159 -361 -97 -468 -551 -119 187 -12 0
363 -137 -324 -35 -116 -534 -438 -188 -12 -239 -112 -361 -449 -273 -30 -540 -122 -339 -495 -304 -404 -119 -551 -371 -258 -62 187 -386 -359 0
466 -162 -394 -83 0
357 136 -591 -279 -407 -386 0
120 -452 -30 -404 -386 -371 -407 -94 -239 -116 -119 -540 -339 -551 -97 -148 -534 187 -12 -468 -394 -55 -472 -361 -324 -438 -188 -495 -304 -258 -546 0
362 -394 -12 -534 -62 -468 187 -270 -160 -70 -211 -280 -220 -271 -352 0
-377 -534 -30 -404 -551 -386 -12 -188 -116 -119 -407 -438 -259 -267 -414 0
-534 -119 -551 -12 -438 -267 -414 -259 -30 -404 -386 -188 -116 -407 0
-119 -414 -438 -551 -12 -267 -116 -259 -30 -404 -386 -188 -407 0
532 -272 -267 -62 -577 -414 -361 -97 -35 -551 187 -12 0
-414 -116 -267 -438 -259 -551 -12 -30 -404 -386 -188 -407 0
60 -273 -516 -534 -526 -559 -94 -438 -257 -142 -586 -353 -112 -449 -116 -119 -551 -183 -62 -530 -359 -35 0
-119 -534 -449 -116 -504 -42 -543 -30 -267 -589 -438 -254 -516 -62 -257 -359 -35 -59 -526 -559 -94 -142 -586 -353 -551 -183 -530 -118 0
532 -543 -267 -62 -97 -438 -530 -359 -551 -516 187 -12 0
-534 -532 -449 -116 -504 -42 -543 -30 -267 -589 -438 -254 -516 -62 -257 -359 -35 -59 -526 -559 -94 -142 -586 -353 -551 -183 -530 -118 0
-116 -551 -438 -30 -267 -12 -404 -386 -407 -259 -188 0
546 -259 -407 -356 -438 -386 -267 -404 -76 0
448 -171 -136 -178 -353 -351 -113 0
-359 -371 -188 -577 -551 187 -12 -35 -438 -378 -347 -380 -277 -267 -280 -305 -119 -449 -254 -361 -62 -30 -534 544 -404 -589 0
533 -534 -12 -188 -259 -438 -361 -267 -577 -551 187 -35 -347 -380 -277 -280 -305 -119 -449 -254 -62 -30 -378 544 -404 -589 0
532 -361 -358 -551 -59 0
-534 -361 -188 -259 -438 -12 -267 -577 -551 187 -35 -347 -380 -277 -280 -305 -119 -449 -254 -62 -30 -378 544 -404 -589 0
-359 -372 -183 -62 -114 -30 -254 544 -404 -589 0
-551 -259 -438 -267 -30 -12 -188 -404 -407 -386 0
358 -118 -30 -407 -386 -404 -356 -587 -550 -102 -98 -148 -76 -267 -370 -47 -546 -362 0
120 -370 -76 -47 466 -267 -438 -259 -376 -540 -356 -30 -183 -339 -407 -386 -404 -114 -550 363 -586 -322 -115 0
371 -358 -546 -30 -306 -540 -356 -183 -339 -407 -386 -404 -102 -114 -495 0
532 -259 -407 -386 -404 -30 -267 -12 -188 -438 0
-259 -267 -438 -12 -188 -386 -407 -404 -30 0
-414 -361 -588 -551 -357 -339 -503 -412 -267 0
355 -444 -349 -279 -449 -169 -138 -325 -181 -588 -551 -521 -238 -380 -298 -144 -188 -523 -257 -215 -539 -503 0
552 -307 -123 -527 -102 189 -139 -138 -158 -238 -86 0
370 -353 -588 -551 189 -158 -238 -357 -325 -188 -257 -539 -503 -30 -591 -579 -386 -348 -404 -115 -545 -359 -534 -438 -12 -494 -149 -62 0
-356 -257 -238 -144 -551 -534 -591 -370 -62 -359 -545 -404 -503 -386 -12 -357 -407 0
372 -507 -115 -325 -348 -182 -561 -188 -423 -551 -438 -12 -545 -58 -579 -359 -494 -149 -62 0
-183 -528 -477 -188 -151 -525 -353 -306 138 -30 -114 -359 -62 -372 544 -254 -404 -182 0
113 -528 -477 -151 -188 -353 -525 138 -30 -306 -359 -254 -62 -404 544 0
117 -114 189 -30 -62 -359 -591 -257 -58 -579 -546 -525 -353 -477 -188 138 -254 -404 544 0
-114 -577 -353 -372 -361 -253 138 -30 -174 -359 -62 -404 544 -507 -118 -115 189 -591 -257 -58 -579 -546 -525 -477 -188 0
-358 -318 -395 -30 -325 -591 -507 -353 -182 -372 -361 -359 -62 -404 -115 189 -257 -58 -579 -188 -467 -137 -545 -551 532 0
-361 -62 -404 -30 -188 -551 -438 -12 -386 -407 -267 0
112 -306 -372 -282 -534 -375 -230 -117 -449 -298 0
60 -114 361 -449 -541 -123 189 -138 -238 552 -372 -282 -534 -30 -117 -376 -375 -230 -35 0
58 -372 -149 -534 -35 0
114 136 -591 -30 -352 -40 0
-372 -59 361 -449 -541 -123 189 -138 -238 552 -114 -282 -534 -30 -117 -376 -375 -230 -35 -149 0
361 -551 -376 -149 -541 189 -238 -534 -30 -375 -230 -591 -579 -545 -404 -12 -473 -386 0
-551 -267 -188 -12 -30 -404 -386 -407 -438 0
363 -359 -545 -386 -404 0
-359 -545 -404 -386 -362 0
450 -273 -375 -282 -230 -118 0
115 -505 -367 -409 -144 -376 -523 -324 -305 0
29 -309 -123 -494 -102 -138 -112 -151 -352 -169 -420 -40 0
524 -5 -563 -71 -282 -485 -273 -299 -162 -492 -82 -596 -494 -499 146 -99 -305 -107 -258 0
Solved
