428 -406 -19 -202 -313 -268 -10 -301 -97 0
436 -19 -202 -313 -268 -10 -301 -427 0
21 -421 -295 -202 -268 -151 0
-421 -202 -295 -151 -268 -19 0
152 -175 -388 0
-175 -388 -151 0
188 -253 -277 -10 -199 -353 -99 -293 -437 -113 -195 -381 -127 -35 -204 0
270 -68 -1 -277 -10 -199 -113 -195 -127 -417 -295 -94 -33 -421 0
32 -349 -149 -327 -184 -60 -305 -111 -333 -295 -301 -417 -328 -222 0
189 -417 -295 -222 -33 -149 -184 -60 -305 -301 -1 -407 -197 -68 0
221 -60 -1 -199 -131 -21 -407 -189 -404 -197 -417 -295 0
153 -199 -295 -301 -1 -427 -184 -94 -421 -169 -268 -277 -10 -127 -388 0
197 -416 -421 -295 -268 0
33 -353 -1 -386 -184 -427 -293 -301 -197 -169 -268 -94 -421 0
296 -114 -194 -127 -132 -197 -268 -94 -421 -416 -32 -1 -184 -427 -301 -169 0
437 -111 -331 -354 -1 0
442 -127 -10 -1 -295 -184 -427 -301 -151 0
417 -200 -442 -127 -255 -278 -293 -353 -301 -427 -408 -98 -270 -221 -151 0
333 -67 -27 -436 -92 -1 0
292 -143 -92 -37 -23 -184 -189 -351 -306 -273 0
187 -227 -314 -43 -317 -41 -335 -124 -181 -273 -23 0
266 -150 -105 0
42 -335 -284 0
421 -189 -427 -301 -293 -92 -184 -89 -278 -353 -1 -331 -27 -403 -200 -442 -408 -151 -270 -33 0
198 -301 -4 -151 -184 -427 -1 -127 -295 -10 0
220 -417 -151 -32 0
197 -288 -112 -67 -421 -151 -32 -184 -4 -132 -301 -427 -352 -97 -295 -189 -10 0
293 -96 -148 -306 -103 0
408 -32 -295 -301 -184 -427 -421 -270 -189 -198 -151 -4 -10 -437 0
196 -408 -270 0
-408 -270 -198 0
292 -112 -350 -273 0
114 -147 -276 -350 -14 0
61 -53 -367 -276 -288 -147 0
-32 -253 -184 -96 -4 -177 -48 -390 -427 -203 -98 -295 -301 -421 -270 -198 -151 -10 -1 -58 -222 -41 -33 0
269 -270 -1 -427 -295 -301 -151 -184 -4 -421 -172 -198 -10 -442 0
189 -112 292 -67 0
-270 -421 -172 -295 -301 -184 -427 -198 -151 -4 -10 -1 -442 0
349 -275 -15 -146 -105 0
222 -189 -95 -4 -176 -389 -47 -427 -204 -301 -408 -184 -58 -292 -198 -42 -295 -32 0
220 -292 -301 -198 -295 -421 -268 -32 -151 0
-292 -408 -58 -198 -42 -20 -295 -32 -95 -4 -176 -389 -47 -427 -204 -301 -184 -221 -421 -268 -151 0
297 -32 -151 -221 0
436 -187 292 0
-421 -301 -172 -198 -295 -151 -4 -427 -184 -442 -10 -1 0
437 -406 -331 -354 -1 0
-406 -436 -368 -179 -380 -4 -130 -442 -198 -426 -331 -354 -1 0
187 -228 -315 -43 -318 -42 -336 -124 -181 -272 -24 0
351 -229 -149 -63 -104 0
2 -63 -42 -318 -315 -93 -149 -104 -350 -336 -19 -188 -181 -272 -24 -90 -359 -279 -172 -354 -58 -109 -331 0
-436 -26 -67 -93 -331 -1 -42 -318 -315 -149 -104 -350 -336 -19 -272 -24 -359 -279 -172 -354 -179 -10 -442 -198 -368 -380 -4 -130 -426 0
33 -292 -268 -10 -1 -19 -172 -442 -4 -427 -301 -198 -94 -295 -175 -220 -151 0
-354 -331 -1 -27 -67 -92 -406 -353 0
408 -425 -369 -180 -442 -381 -4 -268 -130 0
-292 -198 -10 -442 -4 -268 -1 -427 -301 -94 -295 -175 -220 -151 -31 -19 -172 0
438 -408 -94 -175 -151 -31 -220 -355 -295 -103 -198 -349 -189 0
437 -408 -295 -189 -198 -271 -220 -112 -67 -1 0
-408 -198 292 -295 -220 -1 -94 -175 -151 -31 0
445 -151 -1 -10 -4 -427 -184 0
32 -146 -265 -46 -105 -444 -151 -423 0
-175 -146 -230 -133 -386 -124 -184 -189 -4 -292 -427 -408 -58 222 -198 -295 -32 -131 -151 0
350 -58 -131 -4 -328 -303 -184 -38 -10 188 -253 -437 -201 -90 -390 -279 -386 -189 -292 -427 -408 -287 222 -198 -295 -151 -112 0
-175 -32 -386 -124 -184 -189 -4 -292 -427 -408 -58 222 -198 -295 -133 -131 -151 -413 -149 -46 0
-32 -275 -38 -133 349 -112 -390 -386 -124 -184 -189 -4 -292 -427 -408 -58 222 -198 -295 -131 -151 -413 -46 0
222 -112 -38 -151 -390 -386 -184 -189 -4 -292 -427 -408 -198 -295 -131 -351 -328 -303 -10 188 -253 -437 -201 -90 -279 -287 -110 -352 0
-189 -131 -184 -253 -151 -295 -198 -38 -4 -427 -408 -328 -10 -437 -287 -110 -187 -67 0
176 -32 -423 -151 0
95 -426 -381 -287 -32 -62 -423 -178 0
94 -32 -184 -350 -292 -295 -151 -26 -423 0
-421 -222 -184 -38 -350 -292 -26 -198 -295 -32 -268 -151 -204 -21 -423 0
-175 -32 -287 -423 -171 -4 -94 -444 -131 -151 0
-32 -292 -295 -26 -131 -184 -38 -350 -198 -268 -151 -204 -21 -423 -389 -287 -171 -4 -444 0
-292 -350 -295 -26 -423 -151 -131 -184 -38 -198 -268 -204 -21 -389 -287 -171 -4 -444 0
196 -67 -151 -184 -198 -4 -427 -408 -10 0
103 -356 -93 -37 -350 -149 0
-295 -32 -1 -427 -10 -198 -4 -151 -408 197 -445 0
96 -292 -171 -4 -444 -130 -204 -188 -67 -32 -436 -220 -352 -90 -423 -279 -176 0
422 -415 -151 -176 -220 -96 0
267 -271 -56 -112 -350 -205 -292 -213 -380 -149 0
-150 -134 -90 -352 -436 -279 -112 -271 -350 -292 -267 -149 0
294 -205 -181 -286 -164 -368 -56 -130 -426 -380 -213 -267 -194 -105 -427 -112 -350 -305 -301 -271 -254 0
187 -350 -32 -423 -171 -4 -175 -444 -94 -151 -22 -63 -37 -149 -181 -292 -286 -164 -368 -56 -130 -380 -194 -427 -305 -301 -254 -90 -352 -436 -279 -34 -204 0
189 -380 -32 -423 -171 -4 -175 -444 -94 -151 -130 -100 -42 -90 -279 -109 -352 -436 -181 -67 -22 0
-32 -67 -151 -427 -4 -1 -10 -198 -408 197 -445 0
293 -266 -34 -204 -188 -195 -27 -22 -112 -91 -37 -350 -57 -306 -105 0
-105 -350 -316 -1 -19 -112 -292 -436 -34 -385 -306 -204 -184 -188 -195 -22 -150 -181 -281 -254 -27 -91 -37 -57 0
266 -350 -90 -352 -436 -279 -112 -150 -188 -292 -267 -34 -204 -27 -385 -356 -381 -184 -37 0
187 -212 -195 -112 -34 -272 -204 0
-350 -195 -34 -112 -204 -436 -27 -67 -188 -381 -90 -352 -279 -150 -292 -385 -184 -37 -316 -1 -19 -306 -22 -181 -281 -254 -91 -57 0
-67 -198 -1 -151 -427 -4 -10 -184 -408 0
293 -266 -221 -25 -297 -105 0
351 -150 -184 -306 -221 -25 -297 0
-105 -267 -104 -150 0
292 -198 -408 -184 -1 -427 -10 -4 -151 0
114 -93 -25 -1 -427 -10 -198 -4 -151 -408 -445 -436 -388 0
-295 -436 -1 -408 -93 -198 -427 -10 -4 -151 -32 -445 -297 0
-198 -408 -1 -427 -10 -4 -151 -184 0
438 -273 -189 -112 -67 0
220 -422 -32 0
222 -422 -32 0
265 -350 -278 -297 -32 -270 -408 -436 -189 -151 -292 -105 0
-350 -436 -270 -98 -408 -297 -292 -184 -105 -267 -278 -32 -189 -151 0
-422 -221 -32 0
406 -269 -197 0
-295 -67 -436 -184 -292 -32 -350 -151 -96 -297 0
437 -130 -350 -267 -56 -426 -380 -368 294 -194 -105 -305 -330 -268 406 -34 -26 0
-423 -408 -151 -352 -436 -449 -32 -196 -350 -267 294 -194 -105 -405 -176 -422 0
-408 -389 -436 -176 -151 -352 -449 -32 -196 -350 -267 294 -194 -105 -405 -422 0
-422 -196 -436 -151 -352 -32 -350 -267 294 -105 -415 0
294 -350 -436 -32 -151 -267 -105 -292 0
197 -58 -42 -354 -356 -296 -287 -38 -149 103 -350 -302 -408 -330 0
-198 -130 -149 103 -350 -356 -65 -296 -188 -408 -42 -354 -38 -302 -330 -56 -156 -61 -179 -442 0
421 -408 -38 -133 -356 -188 -149 103 -350 -65 -296 -354 -302 -56 -61 -151 -96 -32 0
407 -401 -380 -288 -132 0
68 -422 -356 -38 -380 -96 -151 -375 -296 -32 -133 -149 103 -350 -302 -61 -436 0
-422 -272 -436 -296 -96 -92 -149 103 -350 -356 -151 -38 -380 -375 -32 -133 -302 -61 0
-350 -267 -32 -436 -151 -105 -292 0
296 -408 -436 -151 -68 -96 -32 0
-422 -144 -96 -38 -13 -306 -113 -436 -151 -68 -415 -27 -32 0
295 -96 -151 -38 -13 -306 -113 -436 -68 -32 -92 0
-267 -436 -32 -151 -292 -105 0
297 -408 -96 -105 -422 -292 -150 0
-198 -357 -56 -211 -39 -275 -34 -408 -255 -202 -196 0
104 -408 -56 -39 -147 -350 -211 -436 -196 -26 -385 -186 -405 -96 -292 -150 0
-408 -96 -422 -150 -105 -56 -39 -147 -350 -211 -436 -26 -186 -292 -151 -416 -296 0
104 -389 -422 -270 -68 -198 -350 -296 -96 -292 -150 0
-96 -422 -350 -150 -105 -151 -296 -292 -436 -130 -56 -39 -147 -211 -26 -186 -416 0
-422 -350 -151 -32 -105 -292 -436 0
-96 422 -151 -297 -266 -105 -292 -350 -150 0
295 -408 -269 -147 -436 -350 -388 -151 -32 -221 -93 0
-408 -350 -292 -421 -32 -151 -423 -436 -269 -93 -147 -388 -221 0
-350 -436 -151 -292 -32 -105 0
94 -422 -176 0
-422 -95 -151 -297 -32 0
295 -96 422 -151 0
-96 -436 -151 -68 -32 -297 422 0
407 -416 -221 -151 -381 -405 -273 -113 -68 -357 -436 -39 0
296 -269 -221 -151 -381 -405 -273 -113 -68 -357 -436 -39 0
406 -133 -215 -202 -357 -269 -39 0
-436 -151 -32 -292 -105 0
-198 -131 -32 -151 -287 -422 -97 -408 -197 0
-408 -422 -292 -151 -32 -105 0
-175 -46 -32 -376 -422 -443 -176 -151 0
86 -402 -424 -288 -399 -314 -336 -439 -285 -21 -326 -231 0
196 -185 -387 -132 -288 -399 -231 -61 -168 -156 -207 -194 -182 -58 -32 -422 -389 -278 -376 -176 -151 -36 -204 -97 -270 -254 -188 0
-176 -96 -194 -272 -389 -278 -422 -270 -198 -387 -132 -288 -168 -156 -58 -32 -151 -97 -254 -93 -356 -403 103 -350 -188 0
42 -134 -17 -440 -126 -313 -334 -316 0
41 -313 -442 -173 -169 -316 -58 0
187 -17 -93 -202 -342 42 -26 -313 -334 -316 -272 -21 0
149 -326 -276 -254 -147 -21 42 -313 -334 -316 -202 -188 -93 -342 -26 -272 0
268 -86 -231 -387 -186 -265 -148 -276 -254 -147 -21 -188 -93 -26 -272 -442 -58 -40 -447 -302 -328 -198 0
-96 -276 -288 -97 -198 -295 -270 -254 -188 -272 -58 -302 -305 -132 -32 -151 -194 -389 -278 -422 -168 -156 -356 103 -350 0
96 -422 -32 -151 0
-175 -149 -404 -105 -179 -416 -292 -296 -198 -97 -270 -422 -132 -176 -151 0
297 -176 -422 -32 -151 -105 -292 0
294 -216 -22 -39 -188 -350 -272 0
92 -149 -105 -292 -22 -39 -188 -350 -272 -142 0
335 -402 -288 -399 -126 0
Solved
