36 -384 -45 -256 -193 -4 -296 -349 -87 -153 -244 -241 0
59 -296 -235 -307 -193 -172 -244 -241 -34 -256 -349 -116 -370 -1 0
58 -280 -178 -307 -172 -274 -241 -52 -408 0
415 -34 -52 -130 -328 -116 -193 -1 -235 -307 -172 -244 -241 -121 -349 -370 -60 -178 -274 -408 0
407 -296 -328 -244 -130 -34 -274 -121 -241 -52 0
-296 -34 -274 -121 -52 -370 -235 -307 -193 -172 -244 -241 -130 -349 -116 -1 -60 -408 -328 0
418 -116 -313 -52 -130 -328 -244 -193 -274 -370 -235 -307 -172 -241 -349 -121 -1 -196 -403 -332 0
36 -27 -208 -270 -395 -241 -185 0
53 -296 -244 -349 -313 -208 -270 -241 -418 -328 -130 -364 -274 -121 0
-296 -332 -244 -328 -130 -274 -121 -241 -52 -349 -418 -193 -313 -208 -270 -364 0
296 -121 -313 -52 -130 -349 -328 -244 -193 0
54 -296 -244 -130 -328 -274 -121 -241 -52 -1 -349 -370 -193 0
246 -34 -1 -383 -370 -407 -87 -241 -296 -44 0
-34 -191 -313 -296 -185 -87 -244 -1 -383 -370 -407 -241 -44 0
-121 -313 -349 -244 -1 -370 -241 -193 -328 -130 -274 -52 0
297 -127 -316 -271 -292 -133 -47 -340 -221 -179 -191 -72 -161 -313 -296 -34 -244 -1 -383 -370 -407 -241 -44 0
245 -34 -296 -316 -292 -133 -313 -370 -244 -1 -241 -52 -274 -193 -130 -328 -235 -307 -172 -349 0
-34 -296 -193 -130 -328 -370 -172 -241 -349 -274 -244 -316 -292 -133 -313 -1 -52 -235 -307 0
111 -362 -14 0
86 -160 -172 -430 -52 -328 -274 -130 -109 -313 -184 -70 -349 -307 -244 0
110 -363 -15 0
295 -184 -172 -430 -52 -328 -274 -130 -109 -313 -307 -70 -349 -244 0
-296 -313 -349 -244 -193 -172 -52 -328 -274 -130 -307 -370 -241 -316 -292 -133 -1 -235 0
433 -292 -316 -133 -307 -241 -208 -172 -274 -349 -328 -244 -193 -52 -1 0
35 -273 -52 -328 -274 -130 -433 -71 -313 -220 -307 -172 -241 0
190 -130 -328 -433 -362 -71 -36 -52 -274 -307 -172 -241 -347 0
-313 -420 -36 -172 295 -52 -328 -274 -130 -307 -349 -244 -127 -122 -395 -271 -1 -133 -117 -316 -429 -292 -265 -47 -222 -315 0
-130 -36 -316 -133 -241 -172 -322 -307 -247 295 -52 -328 -274 -349 -244 -1 -292 -137 -371 -347 -208 -193 -191 -362 -71 0
192 -313 -241 -172 -1 -133 -137 -316 -292 -371 -433 -328 -274 -347 -307 -208 -193 -52 0
314 -62 -71 -36 -241 -172 -307 -220 0
53 -204 -133 -344 -257 -408 -382 0
329 -273 -274 -52 -133 -374 -120 -172 -241 -307 -36 -433 -220 -71 -313 -109 -362 0
72 -420 -196 -403 -1 -36 -241 -172 -371 -307 -433 -220 -71 -313 0
-313 -36 -307 -172 -241 -31 -71 -196 -403 -1 -371 -433 -328 -274 -52 -133 -374 -109 -362 -347 -191 -137 -316 -292 -208 -193 0
246 -296 -316 -133 -241 -172 -322 -307 -52 -31 -196 -403 -1 -328 -274 -292 -208 -193 -349 -244 -247 0
276 -272 -123 -342 -52 -26 0
222 -407 -133 -382 -52 -274 -342 -26 -109 -15 -12 -86 -118 -296 -348 -161 -322 -301 -191 0
70 -313 -274 -208 -161 -52 -133 -86 -296 -348 -322 -433 -328 -286 -31 -307 -172 -241 -35 0
36 -109 -123 -328 -193 -192 -222 -307 -172 -241 -185 0
221 -109 -61 -1 -292 -371 -123 -86 -384 -241 -296 -236 -179 -172 -348 -161 -322 -307 -192 0
220 -384 -337 -211 -371 -88 -161 -86 -296 -348 -208 -193 -192 0
54 -185 -35 -241 -328 -172 -131 -307 -61 -1 -292 -371 -86 -296 -236 -179 -348 -161 -322 -192 -222 -337 -211 -88 -208 -193 0
-313 -35 -241 -172 -86 -322 -307 -296 -348 -161 -274 -52 -328 -1 -292 -337 -208 -193 -433 -72 -133 -286 -31 0
191 -348 -316 -133 -241 -172 -322 -307 -247 -220 -52 0
-296 -241 -1 -172 -307 -193 -52 -316 -133 -322 -247 -274 -328 -292 -337 -208 -286 -31 -349 -244 -196 -403 0
222 -370 -384 -45 -1 -408 -241 -71 -172 -314 -307 0
436 -31 -307 -286 -1 -172 -274 -208 -52 -349 -244 -193 -316 -133 -322 -247 -328 -337 -403 0
53 -303 -407 -344 -20 -429 -368 -286 -96 -269 -256 -97 -26 -382 -274 0
54 -344 -247 -96 -407 -368 0
222 -407 -344 -20 53 -368 -286 -96 -269 -26 -274 -236 -316 -133 -307 -241 -208 -172 -349 -328 -244 -193 -52 -1 -191 -47 0
384 -35 -71 -244 -179 -162 -152 -1 -267 -117 -428 -434 -236 0
242 -241 -349 -244 -1 -52 -193 -328 -274 -316 -133 -307 -208 -172 -286 -247 -436 0
54 -302 -408 -345 -21 -428 -369 -286 -95 -270 -256 -97 -27 -382 -274 0
53 -345 -247 -95 -408 -369 0
190 -97 -408 -345 -21 54 -369 -286 -95 -270 -237 -27 -274 -48 -222 -117 0
344 -237 -48 -222 -192 -408 -345 -21 54 -369 -286 -95 -270 -27 -274 -247 0
383 -161 -36 -244 -419 -332 -266 -429 -435 -237 0
191 -313 -156 -59 -316 -133 -307 -241 -208 -172 -274 -349 -328 -244 -193 -52 -1 -237 -384 -36 -332 -429 -48 -177 -222 0
-313 -408 -345 -21 54 -369 -286 -95 -270 -27 -274 -237 -316 -133 -307 -241 -208 -172 -349 -328 -244 -193 -52 -1 -48 -222 -192 -156 -59 -36 -332 -177 0
-241 -316 -274 -286 -133 -307 -208 -172 -349 -328 -244 -193 -52 -1 -247 -436 0
370 -341 -151 -180 -1 -128 -60 0
297 -160 -244 0
371 -122 -297 -431 -193 -328 -132 -435 0
53 -346 -316 -247 -133 -237 -273 -297 -431 -193 -328 -435 -151 -180 -1 -25 -406 -369 -274 0
35 -428 -316 -422 -369 -98 -332 -115 -129 -302 -1 -342 -151 -349 -180 -244 -72 0
383 -150 -302 -151 -364 -1 -123 -59 -273 -346 -349 -160 -244 -34 -316 -422 -369 -98 -332 -115 -129 -342 -180 -72 -435 -237 0
221 -313 -316 -1 -151 -349 -244 -193 -328 -364 -25 -406 -274 -52 -247 -133 -172 -322 -34 -307 0
-36 383 -151 -31 -126 -30 -266 -72 -244 -161 -332 -419 -301 -435 -237 -34 0
245 -129 -273 -371 -347 -349 -297 0
434 -435 -31 -244 -301 -151 -34 -307 -349 -133 -319 -25 -436 -46 -328 -406 -274 -208 -193 -52 -190 -313 0
384 -297 -274 -431 -193 -328 -435 -370 -52 0
53 -347 -431 -436 -328 -133 -208 -193 -190 0
35 -180 -151 -1 -313 -193 -190 -52 -431 -436 -328 -133 -208 -383 -274 -435 -370 -349 -244 0
54 -420 -151 -301 -1 -328 -193 -406 -383 -190 0
236 -435 -313 -190 -52 -151 -301 -1 -328 -193 -406 -34 -436 -133 -208 -274 -31 -370 -349 -244 -172 -307 0
192 -43 -301 -179 -151 -1 -328 -34 -406 -313 -193 -52 0
-383 -435 -151 -1 -313 -193 -190 -52 -436 -328 -133 -208 -274 -31 -370 -349 -244 -34 -301 -406 -179 -384 0
-435 -313 -349 -52 -244 -328 -193 -133 -436 -208 -190 -151 -1 -274 -31 -34 -301 -406 -172 -307 -319 -25 -46 0
179 53 -349 -436 -328 -133 -208 -193 -190 -71 -172 -29 -307 -31 0
180 -296 -162 -244 -372 -349 -60 -348 -272 -155 -128 -63 -341 -307 -151 0
-313 -222 -34 -151 -1 -349 -307 -436 -328 -133 -208 -193 -172 -31 -25 -406 -274 -52 -319 -244 -316 -364 -247 -322 0
-222 -25 -349 -436 -328 -133 -208 -193 -274 -172 -52 -322 -307 -34 -151 -1 -31 -406 -319 -244 -316 -364 -247 0
191 -342 -349 -179 -129 -272 -133 -436 -315 -208 0
178 -346 -272 -129 -349 -342 -71 0
54 -236 -303 -1 -151 -179 -272 -349 -315 -192 -133 -436 -208 -25 -406 -274 0
178 -272 -346 -128 -349 -341 -71 0
348 -383 -337 -372 -213 -64 -184 -160 -34 -244 -349 0
439 -244 -337 -349 -364 -1 -274 -52 -322 -307 -328 -193 -172 -319 -247 -286 0
179 -421 -99 -145 -434 -132 -162 -15 -244 -184 -34 -420 -122 -407 -432 -117 -172 -301 -1 -307 -151 0
209 -293 -133 -439 -436 -46 0
192 -122 -364 -133 -439 -27 -172 -1 -307 -151 -178 -99 -145 -132 -244 -184 -34 -407 -328 -313 -193 0
180 -99 -364 -349 -122 -346 -337 -383 -184 -160 -34 -244 -28 -407 -27 -322 -313 -115 -220 -172 -1 -307 -151 0
53 -151 -193 -328 -52 -274 -1 -313 -172 -307 -178 -364 -349 -337 -184 -34 -244 -28 -322 -191 -133 -439 -145 0
382 -177 -150 -59 -104 -371 -44 0
179 -369 -98 -384 -364 -123 -408 -313 -1 -151 -349 -244 -193 -328 -274 -52 -247 -133 -172 -322 -34 -307 -26 -115 -220 0
-151 -133 -349 -1 -274 -322 -172 -307 -178 -364 -313 -244 -193 -328 -52 -247 -34 -191 -337 -184 -28 -439 -145 0
363 -155 -60 -176 -372 -299 -86 0
62 276 -322 -133 -26 -299 -52 -342 -60 -176 -86 -14 -328 0
315 -221 -191 0
190 -272 -26 -52 -274 -407 -342 -15 -109 -12 -86 -296 -348 -161 -322 -301 -191 -236 -434 -132 -133 -221 -244 0
-272 -236 -133 -348 -349 -244 -1 -241 -193 -328 -313 -274 -52 -407 -176 -86 -26 -342 -322 -299 62 -14 -296 -161 -191 -12 -301 -221 0
180 -133 -322 -349 -244 -1 -241 -193 -328 -313 -274 -52 -191 -301 -61 -28 -184 -34 -172 -307 0
192 -407 -133 -26 -52 -342 -328 -272 -349 -244 -1 -193 -313 -274 -301 -191 -221 -71 0
153 -179 -26 -71 -272 -346 -349 -342 -34 0
-322 -236 -434 -407 -133 -132 -52 -272 -274 -26 -342 -15 -346 -184 -349 -85 -34 -244 -432 -1 -61 -193 -328 -313 -191 -301 -241 -28 180 -307 -324 0
322 -342 -274 -133 -26 -272 -52 0
446 -193 -328 0
340 -220 -244 -322 -34 -307 -241 -180 -26 0
-221 -151 -26 -179 -272 -346 -349 -342 -34 -301 -313 -220 -191 0
54 -307 -313 -301 -26 -272 -349 -342 -191 -180 -244 -322 -34 -407 0
-221 -179 -26 -52 -342 -328 -272 -349 -244 -1 -193 -313 -274 -301 -191 -407 -133 -346 -34 -151 0
276 -407 -313 -301 -26 -52 -342 -328 -272 -349 -244 -1 -193 -274 -191 -34 -133 -180 0
-407 -301 -244 -26 -349 -342 -180 -313 -34 -272 -191 -52 -274 -328 -1 -193 -133 0
-179 -364 -123 -272 -322 -342 -26 -220 -346 -349 -34 -301 -313 -191 -180 0
-301 -180 -244 -349 -1 -26 -342 -34 -313 -191 -272 -274 -52 -328 -193 -133 0
-221 -179 -244 -26 -151 -34 -220 -272 -349 -342 178 -322 -191 -313 0
-179 -151 -244 -34 -272 -322 -313 -26 -220 -349 -342 -191 -180 0
222 -98 -364 -408 -123 -243 -272 -34 -346 -244 -6 -349 -369 -449 -322 -308 0
-241 -449 -244 -349 -34 -322 -220 340 -180 -26 -243 0
-307 -444 -172 -98 -384 -369 -123 -408 -313 -1 -364 -349 -244 -193 -328 -274 -52 179 -133 -322 -34 -151 -26 -115 -220 0
-180 -34 -244 -349 -313 -1 -193 -328 -274 -52 -133 -26 -272 -191 -342 0
152 -443 -244 314 -220 -241 -307 -34 0
-220 -241 -133 -52 -272 -274 -26 -342 -349 -34 -244 -1 -193 -328 -313 -191 -307 0
220 -221 -133 -26 -342 -328 -272 -349 -244 -1 -193 -313 -274 -191 -52 0
-307 -34 -274 -272 -1 -349 -133 -26 -191 -342 -52 -244 -193 -328 -313 0
-151 -213 -448 -349 -244 -184 -34 -241 -26 -220 -272 -179 -342 -221 -313 -191 -153 0
36 -15 -272 -52 -342 -274 -448 -26 -349 -85 -244 -184 0
-221 -241 -448 -349 -26 -244 -175 -34 -272 -52 -342 -274 -193 -328 -220 -179 -313 -191 -153 -72 -322 0
243 -121 -446 -52 -274 -448 -349 -283 -244 -342 -34 -26 0
-241 -175 -244 -1 -193 -328 -313 -274 -52 -349 -342 -26 -448 -153 -34 -272 -191 -322 -220 -179 -72 0
-221 -428 -435 -332 -313 -26 -220 -272 -179 -349 -342 -34 -151 -346 -191 0
-14 -110 -362 -15 0
-34 -274 -193 -328 -272 -244 -349 -191 -52 -1 -133 -26 -313 -342 0
-221 -179 -241 -133 -349 -328 -244 -193 -52 -1 -418 -36 -220 -272 -342 -184 -274 -70 -322 -191 -313 0
309 -151 -110 -193 -15 -328 -61 -283 -121 -342 -241 -179 -172 0
-151 -15 -328 -110 -61 -26 -272 -52 -342 -274 -450 -179 -308 -193 -283 -121 -241 -172 0
-179 -220 -272 -52 -342 -274 -328 -193 -244 -349 -191 -313 -133 -1 -26 0
-220 -274 -52 -191 -272 -244 -26 -349 -313 -342 -328 -193 -133 -1 0
-274 -342 -26 -133 -328 -272 -349 -244 -1 -193 -313 -191 -52 0
54 -235 -434 -44 -1 -115 -332 -5 -407 -368 0
382 -205 -5 -338 -115 -170 -1 -258 -138 -44 0
331 -55 -420 -74 0
127 -364 -258 -5 -115 -167 -1 -344 -407 -332 -420 -74 -372 0
3 -344 -407 -332 -119 -429 -263 -115 0
-221 -407 -1 -342 -129 -133 -272 -52 -173 -448 -193 -130 -349 -328 -244 -35 -152 -179 -191 -313 -220 0
153 -407 -435 -130 -133 -160 -328 -272 -346 -244 -129 -173 -349 -30 -342 -308 -115 -302 -179 -1 0
246 -72 -349 -35 0
242 -179 -193 -328 -130 -129 -272 -448 -349 -244 -52 -133 -342 -1 -191 -313 -220 0
408 -123 -364 -208 -18 -436 -133 -19 -272 -73 -270 -331 -52 0
407 -170 -338 -193 -1 -258 -138 -328 -129 -130 -372 -151 -221 -313 -26 -220 -272 -179 -349 -342 -34 -191 -52 0
-221 -420 -272 -133 -52 -338 -193 -1 -328 -313 -26 -220 -179 -349 -342 -191 -225 -86 -296 -186 -348 -161 -244 -72 -308 0
408 -123 -47 -97 -435 -372 -129 -420 -130 -328 -172 -443 -323 -133 -272 -138 -52 0
271 -59 -1 -151 -372 -244 -34 -272 -313 -26 -179 -349 -342 -191 -220 -129 0
407 -323 -133 -272 -1 -151 -372 -244 -34 -313 -26 -179 -349 -342 -191 -220 -129 -52 0
245 -179 -272 -313 -26 -244 -349 -342 -191 -220 -1 -52 -328 -133 -193 0
192 -220 -313 0
-221 -339 -171 -28 -374 -66 -313 -26 -220 -272 -179 -349 -342 -151 -34 -191 0
370 -383 -435 -235 0
53 -362 -328 -15 -193 -45 -371 -435 -235 -5 -369 0
-179 -220 -52 -193 -313 -26 -328 -272 -349 -342 -191 -1 -244 -133 0
273 -235 -328 -446 -130 -270 -48 -434 -208 -371 -32 -297 -29 -244 -71 -349 -346 -283 -133 0
372 -184 -175 -299 -133 -150 -34 -343 -393 -244 -408 -85 -59 0
54 -235 -434 -371 -175 -299 -133 -150 -34 -244 -85 -59 -395 -283 -225 -6 -446 -368 -121 0
370 -111 -150 -328 -281 -175 -130 -383 -59 -235 0
-221 -34 -193 -328 -429 -44 -244 -59 -371 -150 -281 -130 -52 -133 -395 -283 -225 -6 -313 -349 -272 -270 -32 -71 -308 -220 -191 0
53 -322 -180 340 -34 -244 -220 -26 -408 -435 370 0
-273 -14 -349 -212 -129 -297 -244 -64 -72 -184 -448 -111 -52 -180 340 -34 -220 -26 -408 -435 370 -272 0
273 -34 -184 -244 -349 -154 -346 -323 -133 0
407 -235 -133 -371 -175 -150 -34 -244 -85 -59 -395 -283 -225 -6 -446 -368 -121 -130 -17 -328 -56 -364 -15 -362 -419 -73 -331 -52 0
372 -73 -193 -56 -44 -328 -331 -52 -133 -371 -150 -34 -244 -85 -59 -395 -283 -225 -6 -121 -130 -308 -448 -184 -349 -72 0
-34 -59 -349 -129 -244 -448 -52 -180 340 -220 -26 -272 -130 -328 -193 -44 -133 -150 -395 -225 -6 -308 -313 -63 -71 -303 -429 -281 -270 -32 -191 0
153 -71 -328 -244 -349 -313 -130 -129 -448 -52 -180 340 -220 -26 -272 -193 -133 -150 -308 -281 -270 -32 -191 -1 0
434 -343 -133 -119 -272 -244 -180 340 -241 -34 -220 -26 -308 -173 -23 -338 -170 -65 -301 -28 -191 -313 0
-434 -382 -52 -272 -328 -446 -130 -270 -208 -371 -32 -297 -244 -71 -349 -346 -283 -133 -308 -14 -220 -313 -433 0
-34 -180 -349 -133 -272 -244 340 -241 -220 -26 -308 -407 -191 -313 -173 -301 -52 -328 -446 -130 -270 -371 -32 -71 -448 -223 -35 0
330 -14 -130 -362 0
-220 -342 -328 -244 -349 -313 -133 -272 -26 -191 -193 -1 -52 0
406 -371 -1 -383 -44 -296 -162 -244 -34 -243 0
246 -85 -110 -322 -133 -122 -301 -272 -333 -348 -420 -243 -349 -63 -34 0
-85 -333 -162 -244 -110 -322 -133 -122 -301 -272 -296 -348 -420 -243 -349 -63 -34 0
-371 -34 -122 -342 -110 -150 -44 -15 -307 -1 -448 -71 -349 -272 -383 -244 -296 -162 -322 -133 -301 -348 -420 -243 -63 -407 0
87 -162 -296 -244 0
-34 -307 -448 -71 -349 -244 -342 -296 -129 -122 -110 -150 -44 -15 -1 -272 -383 -162 -322 -133 -301 -348 -420 -243 -63 -407 0
-342 -26 -349 -1 -272 -133 -328 -193 -52 -313 -191 -244 0
-130 -258 -99 -268 -208 -133 -272 -122 -110 -186 -180 -220 -72 -313 -433 -328 -132 0
384 -110 -208 -268 -186 -180 -72 -313 -220 -191 -322 -133 -272 -433 -328 -274 -52 0
221 -307 -173 -322 -443 0
-307 -322 -72 -313 -220 -191 -173 -180 -443 0
-322 -363 -272 -193 -328 -285 -208 -268 -186 -180 -72 -313 -220 -191 -133 -433 -274 -52 -382 -450 -173 -443 0
-221 -307 -72 -180 -313 -220 -191 0
87 -407 -244 -349 -133 -1 -34 -313 -72 -180 -191 -274 -52 -173 -443 -272 -193 -328 -285 -268 -186 -450 -348 -371 -296 0
245 -34 -272 -349 -244 -1 -274 -241 -193 -328 -313 -52 -180 -133 -191 -371 -285 -268 0
329 -15 -446 -121 -193 -362 -365 0
-72 -322 -220 -180 -313 -191 -328 -121 -193 -362 -365 -148 -392 -101 -224 -153 -185 -71 0
-220 -224 -52 -1 -274 -153 -449 -180 -174 -444 -313 -185 -191 -328 -193 -148 -71 -285 -87 -272 -297 -347 -162 0
-34 -274 -328 -193 -52 -191 -1 -272 -180 -313 -148 -285 -241 -349 -244 -133 -371 -268 0
-72 -322 -1 -241 -371 -52 -274 -133 -349 -328 -244 -193 -56 -418 -272 -220 -313 -191 -180 -184 -70 -35 0
330 -365 -121 -446 -14 -362 0
72 -160 -328 -285 -272 -193 -346 -244 -349 -184 0
-220 -371 -328 -52 -1 -133 -272 -349 -313 -184 -180 -244 -241 -274 -193 -56 -418 -191 -70 -35 -285 0
-26 -193 -349 -1 -52 -328 -244 -133 -272 -313 -191 0
245 -87 -297 0
-307 -1 -349 -133 -178 -322 -364 -313 -244 -328 -172 -34 -191 -184 -28 -220 -433 -36 -71 -374 -273 329 -120 -109 -362 -444 -449 -308 0
329 -71 -328 -371 -297 -244 -272 -349 -32 -133 -308 -220 -313 -449 -178 -322 -34 -191 -184 -28 -36 -374 -273 -120 -362 -444 -396 -15 0
-1 -172 -349 -244 -319 -307 -52 -322 -337 -328 -193 -364 -274 -247 -286 -133 -151 -178 -313 -34 -191 -184 -28 -145 0
-307 -396 -349 -244 -322 -328 -364 -286 -133 -178 -313 -34 -191 -184 -28 -444 -374 -66 -242 -224 -63 -449 -220 -180 -72 0
26 -175 -281 -328 -235 -300 -121 -322 -137 -52 -220 -28 -313 -132 -371 -276 -127 0
-349 -273 -244 -133 -272 -313 -191 -322 -220 -371 -180 -72 -297 -328 -362 246 0
330 -1 -121 -369 -174 -115 -241 -223 -52 -151 -61 0
-1 -369 -115 -223 -52 -151 -121 -61 -362 -193 -15 -328 -174 -241 0
-273 -362 -328 -322 -191 -313 -180 -72 -244 -133 -272 -220 -371 -297 246 0
-191 -297 -313 -322 -328 -180 -244 -133 -272 -220 -72 -87 0
191 -313 -220 0
87 -184 -300 -34 -362 -244 0
-87 -383 -435 -372 -308 -244 -313 -328 -322 -272 -220 -72 -133 0
123 -178 -1 -242 -72 -328 -300 -362 -244 -435 -372 -308 -313 -322 -272 -220 -133 0
-180 -300 -362 -244 -72 -178 -313 -328 -322 -272 -220 -133 0
-87 -184 -130 -362 -121 -365 -435 -328 -372 -349 -72 -244 -308 -313 -322 -272 -220 -133 0
-184 -384 -1 -153 -372 -435 -328 -130 -362 -121 -365 -448 -30 -110 -349 -72 -244 -300 -308 -313 -322 -272 -220 -133 0
315 -362 -244 -349 -72 -1 -328 -121 -313 -322 -272 -220 -133 0
307 -153 -63 -303 -154 348 -213 -184 -34 -244 -349 -48 -111 -132 26 -328 -137 -300 -121 -322 -220 -28 -313 -371 -127 -449 -237 0
-87 -362 -349 -1 -328 -121 -322 -220 -313 -244 -72 -272 -133 0
-362 -121 -272 -133 -328 -244 -349 -1 -322 -220 -313 -72 0
-87 -86 -244 -160 0
435 -236 -313 -72 -180 -220 0
370 -303 -420 -328 -429 -313 -72 -180 -220 -275 -406 -128 -341 -1 -151 0
330 -287 -52 -269 -121 -383 -110 -446 -14 0
428 -383 -406 -52 -44 -420 -193 -328 -269 -121 -110 -14 0
130 -121 -52 -275 -110 0
-180 -45 -1 -384 -151 -372 -420 -328 -429 -313 -72 -303 -220 -275 -406 -128 -341 -178 0
329 -384 -341 -1 -128 -372 -328 -313 -72 -220 -275 -408 -242 -35 -272 -349 -184 -14 -110 -130 0
-383 -97 -434 -369 -18 -170 -167 -338 -115 -390 -44 -1 -138 -52 -269 -121 330 -110 -446 -14 -384 0
54 -184 -72 -220 -372 -170 -167 -1 -138 -269 -121 -110 -14 -328 -341 -128 -275 -242 -35 -272 -349 -313 -450 0
-180 -428 -115 -1 -435 -151 -372 -178 -341 -128 -60 0
-184 -299 -133 -149 -393 -225 -1 -372 -341 -128 -450 -242 -275 -35 -72 -328 -14 -272 -110 -121 -220 -170 -167 -138 -269 -349 -313 0
-121 -1 -313 -72 -133 -322 -328 -272 -220 -349 -244 0
257 -170 -250 -338 -225 -205 -6 0
-1 -349 -313 -72 -220 -244 -322 -272 -133 -328 0
36 -128 -383 -220 -313 -72 -180 -372 -133 -58 -104 -322 -131 -272 -110 -121 -364 -394 -184 0
-128 -383 -328 -121 -110 -272 -322 -220 -313 -72 -180 -443 -184 -35 -151 -372 -133 -58 -104 -131 -364 -394 0
329 -184 -119 -272 -121 -110 -372 -328 -322 -220 -313 -72 -180 -443 -262 -35 -151 -133 -58 -394 -43 0
109 -15 -363 0
-184 -180 -220 -313 -72 -322 -151 -443 -35 -394 -121 -110 -363 -328 -119 -272 -372 -262 -133 -58 -43 0
-180 -110 -121 -328 -272 -322 -220 -313 -72 -133 -349 -244 0
330 -35 -72 -313 -184 -394 -121 -110 -446 -62 -363 0
111 -383 -309 -372 -450 -52 -121 -110 -131 0
-35 -184 -309 -58 -52 -121 -242 -394 -72 -372 -110 -43 -193 -328 -313 -62 -349 -297 -244 0
131 -148 -262 -120 -220 -28 -179 -313 -374 -66 -272 -171 -349 -342 -151 -34 -236 -449 -433 -276 0
-184 -372 -179 -313 -272 -349 -342 -151 -110 -121 -262 -43 -328 -220 -244 -394 -72 -309 -58 -242 -62 0
184 -110 -328 -62 -322 -297 -191 -244 -313 -349 -72 0
-110 -121 -328 -272 -349 -72 -244 -313 -220 -322 -133 0
-35 -372 -58 -133 -407 -383 -313 -220 -322 -394 -72 -328 -184 110 -244 -349 0
186 -121 -328 -362 -14 -193 -394 0
-184 -407 -58 -133 -244 -383 -313 -220 -322 -394 -72 -328 110 -349 -186 0
-121 -349 -244 -313 -322 -72 -328 -133 -220 -272 0
329 -167 -243 -450 -309 -119 -344 -52 -8 -434 -430 -420 -132 0
241 -339 -126 -450 -309 -225 -235 -434 -170 -429 -356 -115 -5 -368 -52 -408 -173 0
111 -340 -346 -272 -349 -71 -34 -151 -243 -450 -309 -225 -434 -170 -115 -368 -52 -129 -58 -265 -372 -138 -43 -430 -193 -328 -119 -344 -8 -420 -256 -14 0
-349 -133 -244 -272 -72 -313 -220 -322 -328 0
153 -241 -244 -322 -313 -328 -272 -220 -72 -133 0
-87 -1 -427 -406 -372 -244 -313 -328 -322 -272 -220 -72 -133 0
34 -44 -372 -132 -110 -364 -15 -244 -313 -328 -322 -272 -220 -72 -133 -152 -420 0
330 -372 -322 -313 -328 -272 -220 -72 -133 -244 -110 0
-87 -14 -35 -185 -110 -244 -160 0
-15 -372 -47 -208 -133 -435 -52 -156 -131 -121 -300 -110 -363 -14 0
-372 -110 -133 -244 -328 -322 -313 -272 -220 -72 0
-110 -133 -244 -313 -322 -272 -220 -72 -328 0
242 -331 -435 -115 -372 -383 -3 -322 221 -443 -153 0
-372 -133 -328 -244 -313 -272 -220 -72 -322 0
-133 -244 -328 -313 -322 -272 -220 -72 0
241 -55 -90 -51 -48 -6 -138 -258 -65 -170 -225 -303 -450 -331 -309 -129 -407 -174 -27 0
329 -51 -313 -72 -322 -443 -123 -272 -243 -90 -220 -48 -6 -138 -258 -65 -170 -225 -303 -450 -309 -129 -407 -275 -430 -420 -132 0
438 -316 -439 -48 -208 0
Solved
