344 -298 -22 0
349 -264 -265 -339 -255 -132 0
299 -178 -289 -265 -1 -154 -136 -106 -25 -334 -307 -344 -304 -22 0
267 -8 -301 -81 -289 -259 -235 -131 0
364 -265 -289 -259 -1 -25 -334 -307 -154 -136 0
308 -4 -364 -299 0
309 -22 -299 -364 0
308 -299 -364 0
3 -349 -29 -253 -347 0
106 -352 -179 -171 0
-299 -301 -81 -256 -55 -25 -227 -289 -1 -154 -364 -307 0
-301 -8 -55 -25 -289 -66 -131 -154 -334 -307 -364 -81 -256 -227 -1 0
-299 -343 -25 -154 -133 -55 -250 -364 -307 0
107 -30 -55 -129 -25 0
301 -55 -25 -133 -154 -364 -307 0
-55 -81 -256 -1 -131 -154 -334 -307 -364 -25 -289 -66 -227 -133 0
102 -177 -117 -256 -81 -337 -99 -264 -312 -227 -200 0
-299 -101 -133 -117 -256 -81 -227 -208 -246 -131 -184 -161 -32 -154 -28 -364 -307 0
266 -307 -154 -334 -256 -364 -133 -289 -1 -25 -259 0
-299 -228 -1 -154 -132 -364 -334 -307 0
28 -352 -1 -80 -348 -170 0
169 -228 -289 -237 -56 -337 -25 -256 -116 -108 -80 0
367 -289 -25 -1 -256 -154 -334 -259 -133 -136 0
343 -23 -299 0
80 -66 -136 -146 -259 -88 0
162 -66 -146 -136 0
106 -129 -251 -289 -133 -162 -302 0
30 -222 -251 -133 -302 -289 -339 -259 -256 -80 -171 -354 -179 -107 -162 -347 0
41 -214 -20 -319 -7 0
-22 -212 -256 -367 -259 -289 -136 -251 -133 -107 -179 -1 -154 -305 -299 -23 -364 0
79 -268 -272 -352 -177 -171 -117 0
365 -364 -136 -256 -1 -154 -334 -259 -25 -289 -133 -299 0
80 -31 -252 -221 -303 -133 -289 -263 -338 -259 -256 0
81 -65 -136 -147 -259 -88 0
169 -252 -221 -303 -133 -289 -338 -259 -256 -348 -108 -81 -30 0
116 -21 -254 -43 -30 -127 -133 -252 -303 -289 -160 -136 -147 -65 -259 0
80 -43 -127 -30 -348 -367 -1 -259 -256 -70 0
161 -65 -147 -136 0
366 -299 -367 -133 -289 -136 -259 -1 -154 -256 0
364 -132 -334 -299 -289 -259 -1 -25 -154 -136 0
-364 -299 -256 -1 -154 -334 -259 -25 -289 -133 -136 0
-299 -334 -256 -25 -1 -289 -259 -154 -136 -133 0
171 -273 -268 -176 -116 -352 -80 0
346 -106 -170 -136 -256 -56 -334 -25 -259 -154 -133 -289 -1 -254 -50 0
-106 -170 -25 -347 -136 -256 -56 -334 -259 -154 -133 -289 -1 -254 -50 0
29 -334 -136 -256 -25 -259 -154 -133 -289 -1 0
366 -106 -171 -344 -29 -23 0
-106 -171 -5 -352 -344 -305 -23 -365 -25 -29 0
-171 -352 -23 -154 -365 -5 -344 -305 -25 -29 0
-352 -367 -256 -365 -1 -23 -5 -344 -29 -154 -305 -25 0
370 -256 -1 -25 -136 -133 0
365 -343 -154 -25 -370 -171 -352 -22 0
366 -22 -305 0
-22 -305 -171 -352 -25 -370 -364 0
365 -154 -370 -25 -343 -298 -171 -352 0
-154 -305 -171 -352 -25 -29 -364 -370 0
371 -100 -80 -289 -259 0
-100 -289 -64 -136 -259 -370 -80 0
117 -199 -37 -340 -219 -55 -32 -335 -289 -25 -220 -370 -96 -72 -259 -80 0
-289 -259 -219 -15 -32 -296 -72 -136 -370 -80 -64 -340 -37 -55 -335 -25 -220 -133 -252 0
260 -95 -133 -44 -127 -153 -80 -235 -55 -25 -136 -370 -64 0
-259 -153 -44 -127 -133 -296 -72 -136 -80 -64 -55 -25 -370 -220 -303 -32 -219 -15 -340 -37 -335 -252 0
320 -172 -7 0
321 -172 -7 0
57 -130 -265 -36 -235 -185 0
Solved
