80 -133 -70 -211 -25 0
-133 -79 -211 -25 -70 0
71 -10 -298 -319 -19 -301 -334 -250 -79 -271 -211 0
364 -319 -298 -19 -301 -334 -250 -271 -211 -70 0
81 -173 -216 -19 -319 -301 -298 -334 -364 -250 0
174 -135 -322 -52 -112 -167 -308 -24 -241 -101 -250 -334 -235 -301 -19 0
251 -196 -235 -363 -260 -301 -62 -334 -241 0
72 -80 -112 -235 -19 -301 -334 -250 -364 -298 -319 -322 -52 -1 -271 -211 0
302 -134 -322 -52 -112 -168 -309 -23 -241 -102 -250 -334 -235 -19 0
-80 -319 -298 -250 -334 -235 -19 -301 -322 -52 -112 -271 -211 -70 -1 0
367 -271 -298 -19 -301 -334 -250 -211 -322 -1 0
212 -35 -145 -180 -345 -135 -72 0
259 -174 -367 -345 -101 -80 -211 -28 -271 -124 -63 0
70 -319 -298 -259 -367 -25 -258 -134 -24 0
213 -259 -298 -131 -367 -258 -345 -242 -101 -80 0
72 -365 -107 -64 -80 -67 -367 -134 -22 0
12 -182 -214 -236 -113 -64 -367 -51 -255 -124 -179 -177 -320 -167 0
261 -80 -367 -214 -236 -64 -255 -124 -177 -167 -71 -107 -258 -298 -196 -145 0
336 -298 -367 -64 -124 -211 -28 -271 -19 -301 -250 0
135 -319 -102 -367 -344 -25 0
259 -12 -102 -216 -211 -136 -71 -50 -344 -181 -135 -180 -28 -124 -62 0
321 -135 -344 -211 -62 -102 -28 -124 -237 -367 -298 0
-319 -89 -108 -257 -64 -62 -271 -25 -364 -367 -298 -344 -211 -102 -28 -124 -237 0
133 -178 -124 -28 -214 -344 -72 0
260 -364 -10 -298 -145 0
198 -260 -62 0
79 -367 -124 -28 -344 -62 -298 -173 -211 -102 -108 -257 -64 -271 -237 -243 0
133 -367 -72 -26 0
146 -314 -210 -168 0
-260 -62 -124 -145 -210 -168 -344 -133 -196 0
370 -124 -28 -19 -301 -334 -322 -1 0
196 -211 -370 -271 -124 -146 -260 0
134 -146 -28 -370 -334 -124 -260 -72 0
372 -166 -213 -207 -72 -132 -271 -251 0
145 -10 -1 -124 -28 -141 -72 -370 -345 -334 -301 -62 -19 -260 -173 0
-145 -62 -334 -260 -124 -133 -196 -146 0
-196 -146 -124 -28 -72 -370 -334 -301 -19 -260 -133 -1 0
-146 -72 -1 -370 -19 -301 -28 -334 -124 -260 -133 0
Solved
