347 -169 -250 -199 -109 -22 -295 0
74 -169 -322 -292 -202 -22 -295 -109 -199 -46 -250 0
24 -55 -169 -199 -109 -295 0
-55 -169 -74 -199 -347 -109 -295 -22 0
-169 -22 -202 -322 -292 -46 -295 -109 -199 -250 0
323 -205 -46 0
-205 -322 -46 0
123 -132 -217 -240 -196 -49 0
26 -273 -269 -103 -49 -121 -217 -240 -196 -337 -247 -178 0
57 -300 -58 -1 -284 -232 -240 -322 -25 -269 -121 -217 -196 -337 -235 -352 -52 -316 -170 -86 0
101 -235 -52 -352 -316 0
22 -284 -1 -121 -217 -52 -352 -316 -106 -214 -25 -358 -322 -163 -292 -170 -86 -58 -232 -337 -146 -113 0
24 -146 -202 -223 -113 0
23 -310 -184 -278 -214 -226 -110 -86 -295 -223 0
158 -232 -217 0
111 -257 -223 -212 -1 -210 -106 -299 -94 -323 -118 -214 -362 -358 -200 0
224 -27 -321 -366 -158 -337 -278 -340 -210 0
87 -358 -239 -164 -175 -223 -158 -1 -299 -46 -323 -146 -200 -212 -106 -94 -118 -214 -226 -295 -248 0
206 -316 -352 0
225 -304 -232 -217 -121 -175 -1 -118 -363 -299 -293 -46 -323 -209 -206 0
207 -316 -352 0
55 -299 -1 -46 -323 -352 -232 -217 -121 -118 -226 -239 -164 -146 -200 -212 -106 -214 -248 -23 -125 0
-316 -205 -352 0
206 -361 -297 -285 -343 -248 -339 -342 -225 0
223 -361 -200 -60 -146 -285 -343 -366 -248 -339 -342 0
322 -306 -232 -158 -133 -225 -200 -146 -248 -46 -297 -352 -1 -299 0
113 -323 -46 -352 -232 -133 -200 -248 -1 -56 -217 -121 -118 -226 -164 -212 -106 -214 0
-340 -58 -158 -278 -363 -27 224 -337 -200 -1 -113 -18 -300 0
-322 -337 -352 -56 -106 -164 -1 -248 -212 -214 -158 224 -200 -113 -46 -323 0
342 -337 -298 0
299 -131 -248 -91 -212 -337 -16 0
159 -232 -217 0
85 -310 -82 -77 -10 -271 -214 -352 -66 -316 -63 -57 0
361 -180 -43 -106 -214 -211 -163 -82 -77 -10 -271 -352 -66 -316 -63 -24 -114 -146 -293 -200 0
3 -200 -121 -10 -313 -118 -58 -362 -43 -106 -214 -211 -82 -77 -271 -352 -66 -316 -63 -24 -114 -293 -204 -26 -365 0
363 -200 -24 -121 -114 -10 -222 -118 -58 0
12 -336 -310 -144 -66 -214 -118 -82 0
145 -88 -232 -217 -121 -10 -66 -214 -118 -82 -260 -211 -257 -171 -295 -87 -77 -271 -352 -316 -63 -24 -114 0
11 -111 -359 -313 -214 -121 0
-200 -36 -222 -121 -118 -10 -313 -214 -257 -24 -114 -232 -217 -66 -82 -211 -77 -271 -352 -316 -63 -293 -362 -26 -1 -43 -106 -204 -365 0
12 -271 -270 -77 -222 -66 -121 -82 0
16 -224 -214 -121 -77 -232 -217 -352 -1 -106 -365 -184 -46 -118 -299 0
205 -16 -299 -341 -224 0
112 -200 -146 0
-224 -365 -121 -46 -214 -1 -341 -299 -337 -77 -232 -217 -352 -106 -184 -118 0
114 -362 -296 -200 -23 0
213 -143 -101 -180 -66 -130 -14 0
22 -130 -66 -14 -341 -337 -17 -1 -319 -316 -352 -26 -365 -203 -200 -362 -257 -296 -114 0
10 -316 -14 -319 -1 -58 -23 -341 -337 -133 -352 -365 -203 -200 -190 -184 -46 -277 -226 -209 0
296 -334 -144 -1 -352 -316 -23 -114 -147 -312 -248 -63 -87 0
-316 -12 -214 -82 -77 -352 -200 -217 -365 -341 -337 -1 -121 -118 -232 -248 -184 -46 -299 -106 -133 -226 0
-12 -82 -46 -214 -118 -77 -352 -200 -217 -365 -341 -337 -1 -121 -232 -248 -184 -299 -106 -133 -226 0
24 -295 -359 -111 0
361 -111 -365 -132 -203 -359 -197 -23 -248 -200 0
205 -65 -133 -1 -14 -319 -46 -200 -58 -362 -365 -132 -203 -359 -197 -23 -248 -314 0
-82 -200 -46 -133 -1 -299 -365 -248 -217 -214 -121 -118 -77 -352 -341 -337 -232 -184 -106 -226 0
363 -295 -121 -10 -313 -200 -118 0
-295 -361 -352 -232 -133 -248 -1 -200 -217 -121 -118 -226 -106 -214 -340 224 -337 -300 -16 -10 -322 -46 0
362 -283 224 -158 -337 -277 -1 -46 -340 -322 -58 0
-361 -10 -214 -1 -217 -322 -118 224 -337 -46 -340 -112 -352 -232 -133 -248 -200 -121 -226 -106 -300 -16 0
324 -25 -1 -319 -16 0
-200 -365 -1 -214 -217 -118 -337 -46 -352 -232 -133 -248 -121 -226 -106 -341 -299 -77 -184 0
-295 -313 -23 -143 -222 -217 -214 -121 -11 -170 -209 -248 -226 -85 -297 0
-322 -284 -14 -365 -1 -113 -146 -223 -133 -23 -143 -217 -214 -121 -11 -170 -209 -248 -226 -297 -190 -184 -277 -294 -46 -324 0
322 -365 -113 -146 -223 -23 -1 -299 0
114 -322 -1 -319 -365 -203 -299 -146 0
363 -14 -365 -1 -113 -146 -223 -133 -23 -322 -217 -214 -121 -284 -170 -209 -248 -226 -297 -190 -184 -277 -46 -324 -118 0
338 -299 -1 -133 -217 -214 -121 -226 -184 -46 -118 -352 -337 -232 -106 0
-25 -16 -1 -319 -322 0
199 -295 -313 -214 -121 -226 -210 -118 -363 0
296 -178 -249 -212 -65 -15 -261 -258 0
295 -15 -133 -88 -261 -285 -258 0
-248 -112 -46 -352 -232 -133 -164 -212 -1 -217 -121 -118 -226 -323 -106 -214 -199 -363 -294 -87 -249 0
201 -145 -112 0
-299 -337 -121 -226 -118 -133 -184 -46 -1 -214 -217 -352 -232 -106 0
2 -111 -82 -258 -214 -295 -65 -22 -200 -319 -1 -58 -341 -337 -133 -352 -203 -316 -190 -184 -46 -277 -226 -223 -366 0
-248 -178 -210 -214 -121 -226 -22 -295 -249 -118 -261 -258 -223 -352 -337 -106 -323 -1 -113 -158 -322 -200 -164 -46 -211 0
-200 112 -214 -226 -295 -249 -118 -223 -352 -337 -106 -323 -1 -113 -158 -322 -46 -211 -366 -319 -82 -58 -341 -133 -190 -184 -277 -121 0
-248 -170 -118 -313 -217 -214 -121 -295 -35 -226 -221 -223 -258 -22 -312 -211 -62 -86 -249 0
296 -238 -35 -179 -27 -1 -366 -113 -146 -223 -258 -22 0
112 -295 -352 -118 -214 -121 -184 -226 -1 -223 -35 -366 -113 -217 -211 -249 -337 -106 -323 -158 -322 -46 -319 -82 -58 -341 -133 -190 -277 0
222 -105 -269 -121 0
-248 -209 -118 -23 -313 -217 -214 -121 -295 -170 -35 -226 -221 -269 -261 -258 -86 -249 0
85 -10 -121 -217 -196 -132 -240 -214 -310 -175 -62 -56 0
3 -196 -217 -240 -121 -211 -214 -170 -56 -86 -310 -175 -62 -106 -43 -118 -23 -313 -295 -35 -226 -221 -269 -258 -249 -210 -223 -202 -366 -27 -319 0
-295 -322 -121 -217 -352 -106 -214 -1 -232 -337 -118 -226 -184 -46 -133 0
-322 -337 -133 -1 -118 -217 -352 -106 -214 -232 -121 -226 -184 -46 0
257 -295 -46 -58 -277 -361 -184 -205 -190 0
362 -295 -226 -11 -205 -223 -118 -58 0
-295 -35 -260 -121 -190 -11 -184 -273 -277 -352 -223 -46 -226 -205 -118 -58 -361 0
-337 -226 -184 -352 -46 -121 -118 -1 -133 -217 -106 -214 -232 0
185 -23 -362 -296 -112 -87 -214 -298 -292 -11 -322 -209 -46 -277 0
323 -209 -11 -223 -340 -298 0
-296 -292 -214 -298 -362 -11 -322 -46 -277 -223 -184 -340 -226 -295 0
-209 -347 -257 -190 -184 -277 -118 -298 -91 -46 -11 -322 -210 -223 -340 0
361 -362 -46 -340 -277 -223 -190 -184 -118 -91 -11 -226 -214 -298 -295 0
322 -361 -121 -190 -11 -184 -277 -352 -223 -46 -226 -118 -58 -295 -1 -298 -340 -206 0
-362 -223 -46 -190 -184 -118 -298 -91 -11 -277 -340 -121 -352 -226 -58 -295 -1 -214 0
-223 -11 -46 -226 -277 -295 -118 -58 -190 -184 -298 -91 -340 -121 -352 -1 -214 0
300 -259 -55 -13 -200 -125 -1 -113 -16 0
297 -25 -133 -13 -319 -1 -16 -298 -55 -361 -257 -22 0
2 -175 -132 -50 -55 -316 -27 -344 -366 -285 0
-23 -298 -296 185 -87 -214 -362 -292 -11 -322 -209 -46 -277 -24 0
256 -190 -226 -295 -322 -118 -223 -337 -249 -323 -1 -113 -46 -211 -366 -82 -341 -214 -184 -277 -121 -321 -204 -145 -199 -111 -15 -261 0
259 -211 -242 -15 0
-298 -296 -295 -322 -118 -223 -323 -1 -46 -214 -184 -277 -121 -226 -362 -11 -209 0
-296 -323 -322 -118 -223 -295 -1 -46 -214 -184 -277 -121 -226 -362 -11 -209 0
299 -132 -295 -11 -313 -217 -214 -121 -23 -209 -143 -226 -297 -106 -95 -86 -62 -311 -199 -124 -112 -18 0
-323 -184 -322 -121 -214 -295 -118 -226 -1 -46 -11 -209 -223 -277 -362 0
159 -270 -214 -222 -368 -58 -217 0
22 -337 -26 -341 -365 -17 -1 -316 -352 -66 -362 -296 -114 -192 -158 -214 -222 -368 -58 -223 -209 -11 -77 -271 -121 -82 0
-298 -24 -222 -66 -121 -209 -223 -11 -1 -316 -352 -362 -296 -192 -158 -214 -368 -58 323 0
261 -334 -16 -299 -84 -66 205 0
133 -101 -50 -352 -121 -375 -372 0
14 -84 205 -16 -299 -66 0
114 -88 -375 -372 -121 -365 -26 -1 -322 -299 -223 -260 -16 -84 -66 205 -111 -199 0
225 -270 -121 -222 -11 -213 -209 -14 0
-296 -222 -121 -11 -214 -158 -1 -322 -223 -209 -375 -372 -66 205 -362 -192 323 -226 -295 0
-16 -35 -143 -299 -260 -334 -84 -66 205 -17 0
-184 -209 -214 -121 -118 -11 -295 -226 -1 -322 -223 -362 -277 -46 0
300 -16 -322 0
-224 -26 -365 -92 -260 -213 -337 -14 205 -16 -299 -223 0
-319 -199 -203 -322 -299 -365 -1 -16 0
297 -84 -370 -16 -299 -121 -66 205 -260 -190 -158 -26 -203 -322 -365 -1 -362 -284 0
18 -16 -299 -1 -322 -121 -118 -11 -209 -226 -295 -370 -190 -362 -223 -277 -46 0
259 -34 -143 -30 0
-16 -299 -121 -118 -11 -209 -277 -362 -46 -322 -1 -214 -226 -295 -223 0
261 -14 -352 -365 -214 -362 -295 -226 -223 -209 -11 -82 -66 -316 0
-14 -260 -295 -226 -209 -313 -11 -121 -220 -248 -211 -114 -352 -365 -214 -362 -223 -82 -66 -316 0
259 -152 -334 -102 -111 -248 -92 -344 -284 -295 -348 -143 -30 -211 -15 0
-260 -248 -92 -295 -211 -370 -313 -316 -121 -352 -82 -77 -66 -271 -11 -209 -223 -226 -220 -114 -365 -214 -362 0
10 -211 -214 -58 -14 -143 -180 -66 -158 -316 -352 -52 -257 -26 -341 -17 -1 -337 -365 -362 -114 -295 -202 -226 -223 -209 0
-299 -209 -11 -214 -1 -362 -295 -226 -223 -121 -277 -46 -322 -118 0
64 -14 -352 -1 -199 -113 -359 -50 -143 -24 222 -121 -132 -223 -211 -316 0
340 2 -27 -132 -316 -50 -55 -285 -247 -338 0
261 -365 -113 -24 -362 -223 -298 -341 -27 -132 -316 -50 -338 -86 -295 -35 -143 -1 0
-365 -336 -24 -113 -199 -111 -223 -1 -259 -362 -298 -341 -27 -132 -316 -50 -338 -86 -295 -35 -143 0
-14 -113 -199 -132 -111 -50 -27 -1 -223 -362 -298 -341 -316 -338 -86 -295 -35 -143 -135 -65 -352 -359 222 -121 -211 0
-365 -50 -101 -88 -143 -27 -260 -366 -113 -24 -362 -223 -298 -341 -132 -316 -338 -86 -295 -35 -1 0
-209 -121 -1 -362 -223 -295 -214 -118 -11 -277 -46 -322 -226 0
144 -365 -1 -322 -18 -159 -300 -369 -347 -118 0
299 -338 -199 259 -15 -342 -112 -18 0
259 -365 -1 324 -196 -159 -199 -15 -342 -112 -11 -118 -257 -144 0
17 -259 -121 -110 -11 -65 -15 -313 -1 0
142 -35 -347 0
-365 -369 -214 -159 -1 -316 -121 -352 -292 -322 -86 22 -58 -284 -257 -11 -118 -347 -199 -342 -110 -65 -15 -313 324 0
-121 -277 -1 -322 -11 -118 -295 -226 -362 -46 -214 -223 0
114 -336 -295 -359 -100 -311 -199 0
261 -199 -316 -352 -311 -359 -112 -295 -143 -1 0
65 -18 -322 -84 -46 0
-199 -112 -311 -295 -359 -322 -84 -46 -365 -15 -1 -259 -143 0
-112 -259 -270 -295 -362 -311 -322 -84 -46 -365 -15 -1 -359 -143 0
-200 -259 -143 -1 -365 -295 -223 -359 112 0
260 -110 -295 -22 -113 -146 -223 -365 -322 -84 -46 -15 -1 0
297 -17 -322 -352 -170 -298 -100 -103 -34 -359 -336 -346 -110 0
-259 -15 -30 -368 -226 -295 -322 -103 -359 -143 -1 -223 -365 -84 -46 -219 -311 -270 -362 0
299 -112 -199 -15 -342 259 -322 0
-112 -87 -10 -214 -186 -46 -199 -362 -298 -296 -292 -11 -322 -209 -277 -223 -15 259 0
300 -284 259 -373 -295 -143 -30 -15 -46 -322 0
366 -342 259 -373 -295 -143 -30 -15 -46 -322 -1 0
-15 -365 -295 -143 -30 -46 -322 -1 -10 -214 -186 -362 -11 -277 -223 -226 -103 -135 -368 -270 0
260 -23 -362 -143 -213 -359 -295 -84 -203 -66 -365 -322 -46 -1 0
-365 -186 -362 -214 -11 -322 -46 -277 -295 -103 -143 -30 -1 -223 -10 -226 -135 -368 -270 0
260 -15 -132 -49 -321 -26 -322 -277 -46 -135 -65 -30 -219 0
83 -292 -87 -322 -91 -338 259 -15 -342 -18 0
-15 -18 -322 -84 -338 -362 -295 -223 -143 -30 -261 -132 -49 -321 -26 -277 -46 -135 -219 0
-277 -322 -223 -362 -295 -46 -1 -214 -11 -226 -118 0
297 -24 -365 -362 -223 -298 261 -316 -295 -143 -1 -322 -15 -352 -214 -226 -11 -208 0
337 -358 -211 -11 -26 -82 -365 -342 -92 0
64 -271 -100 -352 -336 -77 0
-24 -298 -365 -46 -322 -112 -11 -295 -362 -223 261 -143 -1 -15 -214 -226 -208 0
24 -208 -226 -295 -223 0
-35 -347 -143 0
-232 -217 -157 0
296 -298 -214 -118 -11 -322 -46 -362 -143 -365 -15 -1 -223 -259 -295 -226 0
-298 -259 -223 -11 -214 -226 -362 -365 -295 -143 -1 -322 -15 -118 -46 0
297 -112 -295 -365 -322 -46 -15 -259 -1 -143 -214 -340 -157 -223 -11 -208 -362 -226 0
260 -259 -110 -11 -15 -1 -46 -25 -322 -284 -16 0
-259 -365 -223 -46 -322 -1 -11 -15 -226 -295 -143 -214 -362 -118 0
367 -157 0
296 -298 -203 -118 -223 -362 -367 -208 -143 -226 -24 0
297 -29 -184 -157 -24 -214 -223 -11 -208 -257 -226 0
-259 -143 -15 -1 -46 -118 -322 -226 -223 -362 -11 -295 -214 0
-143 -15 -118 -223 -226 -1 -46 -322 -362 -11 -295 -214 0
261 -191 -184 -222 -257 -29 0
-15 -322 -223 -295 -226 -214 -362 -11 -118 -1 -46 0
-322 -362 -11 -1 -223 -214 -118 -226 -295 -46 0
-362 -1 -223 -226 -295 -118 -11 -214 -46 0
362 -118 -226 -295 -11 -223 -46 0
158 -234 -219 0
48 -298 -259 -15 -322 -84 -46 -143 -11 -223 -209 0
157 -234 -219 0
-259 -15 -132 -84 -321 -1 -111 48 -322 -46 -143 -11 -223 -209 0
-15 -111 -343 -87 -322 -292 -84 -223 -258 -143 -132 -321 -1 48 -46 -11 -209 0
260 -112 -199 -143 -11 -223 323 -209 -213 -66 -322 -84 -46 -1 0
300 -72 -213 -66 -322 -84 -46 0
-1 -143 -46 -322 -11 -223 -295 -226 -118 0
299 -16 -322 0
64 -83 -11 -223 -209 -15 0
-145 -199 -112 0
-224 -202 -337 -364 205 -16 -299 -223 0
-202 -337 -364 -340 205 -16 -299 -223 0
-143 -322 -118 -11 -46 -226 -295 -223 0
-322 -118 -226 -295 -223 -11 -46 0
-118 -223 -11 -226 -295 -46 0
323 -224 -16 -337 205 -299 -223 -84 -1 -46 0
-224 -295 -46 -322 -16 -223 -1 -11 -209 0
-226 -362 -295 -11 -322 -223 -46 0
226 -295 -23 -143 -84 -16 -14 -46 -322 -1 -11 -209 0
-295 -1 -46 -16 -322 -11 -223 -143 -209 0
144 -346 -34 0
12 -259 -1 -22 -16 -283 -223 -46 -322 -361 -118 0
-1 -209 -322 -16 -223 -46 -11 -143 0
10 -259 -143 -16 -46 -322 -364 -223 -209 0
-295 -219 -226 -11 -322 -223 -46 0
-224 -273 -169 -112 -213 -66 -337 -11 -223 -209 -22 -14 205 -16 -299 0
212 -55 -177 -169 -132 0
-209 -143 -223 -16 -46 -322 -11 0
13 -336 -101 -261 -152 0
-1 -132 -143 -16 -219 -224 -223 -367 -120 -362 -46 -322 -84 0
-84 -362 -46 -322 -295 -16 -223 -143 -11 0
-362 -295 -16 -223 -46 -322 -11 -143 0
82 -178 -337 -224 205 -16 -299 -223 -112 -200 -111 -258 -241 -169 -212 -351 -34 -143 -119 -65 -11 0
-295 -143 -11 -16 -223 -46 -322 0
363 -278 -46 -369 -322 -118 0
-143 -16 -11 -322 -46 -223 0
-118 -24 -78 -15 -46 -322 -16 -83 -11 -223 0
1 -336 -101 -111 -112 -343 -340 -337 205 -16 -299 -223 -285 0
324 -224 -16 -223 -260 -101 -349 -115 -295 -361 -46 -322 -84 0
-224 -16 -46 -223 -322 -11 0
323 -16 -11 -322 -223 -46 0
-16 -46 -322 -223 -11 0
261 -143 -352 64 -77 -271 0
Solved
