469 -220 -151 -160 -290 0
447 -469 -388 -31 -124 -208 -133 0
475 -388 -124 -208 -445 -151 -160 -333 -104 -422 0
31 -336 -127 -115 -367 -100 -235 -250 -196 -422 -314 -104 0
32 -451 -314 -250 -196 -223 -430 -79 -343 -208 0
209 -466 -367 -100 -86 -28 -328 -223 -445 -79 0
490 -318 -131 -385 -100 -28 -328 -223 -445 -208 -367 -86 0
224 -274 -262 -131 -33 -314 -100 -343 -246 -28 0
31 -401 -468 -324 -86 -283 -343 -220 -490 -430 -268 -451 -394 -250 -239 -196 -425 -462 -314 -104 0
453 -468 -324 -490 -250 0
224 -81 -262 -131 -33 -314 -100 -343 -246 -28 0
79 -468 -324 -86 -283 -343 31 -490 -430 -268 -451 -394 -250 -239 -196 -462 -314 -104 -276 0
130 -92 -262 -51 0
50 -246 -318 0
210 -318 -100 -28 -223 -262 -131 -314 -343 -328 -445 0
225 -245 -100 -318 -28 0
497 -343 -430 -196 -250 -367 -100 -28 -223 -328 -445 -208 -262 -97 -436 0
102 -31 -132 -262 -445 -343 -208 -328 -105 -332 -415 -349 -136 -223 -367 -28 0
244 -50 -317 0
101 -317 -223 -28 0
313 -132 -262 -445 -343 -208 -328 -105 -332 102 -349 -136 -223 -367 -28 0
502 -136 -262 -328 -349 -250 -223 -367 -28 -100 -352 -97 -436 -496 -430 0
246 -286 -104 -250 -443 -275 -247 -322 -314 -356 -394 -343 -502 -142 -381 -131 -328 -50 0
101 -343 -250 -262 -100 -157 -28 -394 -430 -247 -328 -349 -496 -352 -97 -136 -223 -436 -367 0
49 -444 -250 -276 -247 -357 -394 -343 -502 -86 -11 -496 -352 -97 -436 -328 -380 -246 0
-343 -496 -250 -394 -430 -262 -157 -97 -436 -247 -352 -328 -349 -136 -223 -367 -28 -100 0
209 -445 -502 0
446 -246 -112 -136 -367 -262 -100 -49 -349 -436 -496 -31 -314 -394 -209 -502 0
-246 -314 -187 -112 -262 -100 -223 -49 -28 -436 -496 -31 -124 -394 -502 -328 -445 -136 -367 -349 0
246 -49 -100 -223 -28 0
51 -49 -31 -55 -157 -124 -187 -112 -262 -100 -223 -250 -28 -436 -496 -394 -502 -328 -136 -367 -349 -352 -97 -91 0
-314 -209 -332 -31 -416 -105 -315 -187 -112 -262 -100 -223 -49 -28 -436 -496 -124 -394 -502 -328 -136 -367 -349 0
103 -106 -416 -157 -124 -332 -134 0
-209 -422 -112 -420 -444 -210 -332 -31 -416 -105 -315 -187 -262 -100 -223 -49 -28 -436 -496 -124 -394 -502 -328 -136 -367 -349 0
-49 -502 -250 -112 -31 -187 -262 -100 -223 -28 -436 -496 -124 -394 -328 -136 -367 -349 -157 -352 -97 -55 -91 0
245 -314 -502 -394 -130 -496 -97 -436 -28 -316 -223 0
246 -209 -502 -130 -496 -97 -436 -28 -328 -316 -223 0
-209 -502 -97 -130 -436 -28 -496 -31 -328 -316 -223 -394 -244 0
505 -97 -223 -28 -436 -394 -328 -250 -112 -187 -262 -124 -367 -349 -157 -352 -430 -247 0
137 -128 -212 -407 -202 -491 -384 -468 -110 -347 -322 -430 -250 -185 -451 -24 -52 -477 -424 -422 -104 -134 -367 -349 0
103 -134 -417 -157 -124 -333 -106 0
504 -407 -86 -212 -361 -491 -384 -110 -347 -322 -430 -250 -424 -104 -417 -157 -124 -333 -106 -374 -221 -357 -328 -198 -445 -394 0
371 -147 -381 -407 -434 -14 -94 -168 -389 -359 -479 -441 -66 0
105 -407 -14 -381 -94 -367 -441 -168 -389 -359 -479 -66 -185 -24 -477 -424 -422 0
29 -496 -124 -367 -246 -328 -445 -394 -502 -361 -322 -430 -250 -262 -49 -97 -505 -436 -157 -31 -314 -79 -223 0
-496 -418 -124 -112 -157 -262 -49 -246 -436 -31 -314 -79 -223 -28 -367 -328 -445 -394 -502 -361 -322 -430 -250 -97 -505 0
50 -102 -421 -418 -444 -262 -112 0
30 -133 -124 -445 -394 -502 -421 -112 -97 -418 -385 -436 -262 -130 -49 -444 -246 -79 -223 0
132 -221 -124 -133 -445 -394 -502 -421 -11 -112 -97 -418 -436 -262 -246 -385 -49 0
103 -445 -502 -394 -250 -328 -322 -461 -444 -262 -385 -49 -130 -124 -112 -97 -418 -436 -246 -276 -79 -223 -28 0
503 105 -381 -14 -367 -407 -168 -389 -359 -479 -185 -24 -424 -422 -246 -221 -328 -445 -394 0
208 -246 -394 -502 -367 -250 -328 -223 -112 -262 -49 -97 -436 -352 -385 -124 -28 -31 -314 -157 -361 -430 -505 0
103 -106 -417 -157 -124 -333 0
130 -479 -276 -81 -220 -168 -389 -417 -250 -444 -157 -124 -422 -133 -104 -505 -436 -246 -498 -92 -36 0
105 -14 -276 -81 -359 -250 -324 -468 -452 -407 -381 -110 -294 -107 -157 -124 -133 0
135 -424 -374 -220 -110 -407 -477 -107 -381 -24 -294 -417 -349 -124 0
51 -422 -81 -250 -324 -157 -124 -133 -220 -417 -349 -112 -276 -104 -444 -355 -223 -28 -246 -498 -385 -36 -132 -168 -389 -505 -436 -420 -262 0
50 -132 -436 -498 -246 0
224 -276 -81 0
-132 -444 -81 -250 -324 -157 -124 -133 -220 -417 -349 -112 -276 -104 -355 -223 -28 -246 -498 -385 -36 -168 -389 -505 -436 -420 -262 -49 0
-246 -49 -436 -97 -250 -157 -124 -349 -112 -223 -28 -385 -505 -262 -314 -394 -502 -31 -209 -367 -328 -352 -361 -430 0
-81 224 -502 -209 -314 -394 0
-49 -31 -394 -262 -112 -250 -502 -314 -209 -328 -223 -28 -436 -97 -157 -124 -349 -385 -505 -367 -352 -361 -430 0
-134 -111 -157 -124 103 -332 -349 -256 0
80 -374 -75 -137 -349 -256 -157 -124 103 -332 -286 -123 -484 -59 -236 -148 -348 -220 0
423 -59 -236 -358 -484 -262 -286 -92 -234 -148 -408 -334 -296 -348 -276 -81 -75 -137 -349 -256 -157 -124 103 -332 -123 -220 -165 -420 -112 0
233 -236 -484 -59 -286 -358 -13 0
131 -137 -349 -157 -124 103 -332 -286 -408 -444 -262 -296 -276 -81 -165 -112 -468 -250 -247 -322 -35 -357 -209 -447 -394 -198 -502 -385 -142 0
245 -130 -209 -502 -349 -157 -124 -444 -262 -276 -112 -250 -247 -394 -198 -385 -104 -379 -352 -97 -367 -436 -28 -100 -328 -316 -223 0
-31 -502 -97 -209 -436 -28 -314 -394 -328 -223 -349 -157 -124 -262 -112 -250 -247 -385 -352 -367 -505 -361 -430 0
130 -93 -262 -50 0
51 -220 -151 -388 -236 -334 -413 -294 -124 -133 -103 -276 -81 -250 -324 -468 -452 -107 -157 -444 -165 -262 -101 0
-502 -314 -124 -97 -436 -367 -209 -157 -262 -112 -250 -247 -394 -385 -352 -28 -328 -223 -151 -115 -430 -349 -505 -361 0
-100 -318 -50 225 -28 0
131 -333 -124 -190 -24 -475 -110 -220 -256 -268 -451 -394 -250 -196 -314 -498 -385 0
105 -220 -235 -283 -468 -324 -361 -367 -115 -268 -394 -250 -196 -451 -314 -430 -33 -246 -343 -36 -262 -124 -385 -444 225 -28 -97 -436 -352 -134 0
102 -234 -112 -335 -422 -276 -53 -425 -482 -283 -491 -468 -324 -87 -460 -367 0
-220 -444 -262 -283 -81 -276 -246 -112 -468 -324 -367 -343 -430 -115 -268 -451 -394 -250 -97 -196 -436 -314 -352 -33 -103 -235 -361 -36 -124 -385 225 -28 -134 0
437 102 -335 -234 -276 -53 -112 -482 -283 -491 -468 -324 -460 -367 -103 -352 -97 0
-100 -335 -28 -246 -436 225 -234 -276 -53 -112 -482 -283 -491 -468 -324 -460 -367 -103 -352 -97 0
438 -238 -367 -424 -379 -103 -49 -352 -246 0
-444 -103 -367 -246 -352 -436 -283 -235 -28 -276 -112 -468 -324 -97 -343 -430 -115 -451 -250 -196 -314 -33 -223 -208 -81 -262 -268 -394 -361 -36 -124 -385 -134 0
32 -451 -430 -468 -324 -250 -343 -314 -223 -196 -208 0
-276 -314 -367 -246 -352 -436 -283 -235 -28 -112 -468 -324 -97 -343 -430 -115 -250 -196 -33 -223 -208 -81 -262 -268 -394 -361 -36 -124 -385 -134 -356 0
-314 -209 -157 -124 -349 -436 -262 -385 -250 -394 -247 -430 -223 -367 -283 -28 -112 -97 -115 -361 -328 -352 -151 -505 0
251 -337 -468 -115 -324 0
105 -50 -430 -197 -250 -468 -115 -324 -262 -157 -497 225 -28 -436 -209 -352 -32 0
251 -468 -32 -324 -209 -115 0
224 -234 -443 -262 -223 -28 -453 -436 -424 -352 -468 -103 -324 -32 -209 -246 -276 0
210 -87 -324 -101 -468 -50 -382 -393 -491 -54 -157 -124 -221 -453 -385 -134 -430 -447 -394 -142 -339 -502 -35 -32 0
-50 -221 -394 -209 -324 -468 -382 -491 -157 -124 -385 -430 -32 -328 -246 -97 -436 -424 -352 -103 -197 -250 -115 -262 -497 225 -28 0
358 -420 -209 -502 -112 -394 -422 -443 -94 -435 -234 0
-468 -246 -385 -367 -443 -209 -112 -394 -424 -103 -352 -436 -262 -324 -157 -124 -430 -32 -328 -97 -197 -250 -115 -497 -28 -79 -223 -276 0
-50 -131 -436 -497 244 0
102 -420 -209 -112 -394 -422 -443 -94 -435 -360 -197 -250 -492 -324 -79 -87 -223 -367 -28 0
224 -360 -209 -420 -112 -394 -422 -443 -94 -435 -250 -446 -324 -276 0
-246 -324 -32 -209 -223 -112 -394 -443 -250 -247 -276 -197 -79 -367 -28 -424 -103 -352 -97 -436 -262 -497 -385 -328 -115 -157 -124 -430 0
-324 -103 -28 -436 -394 -424 -352 -250 -223 -32 -209 -276 -328 -112 -443 -247 -197 -79 -367 -97 -262 -497 -385 -115 -157 -124 -430 0
224 -50 -101 -244 -28 0
-50 -468 -115 -394 -142 -452 -502 -445 -328 -34 -79 -223 -28 -317 0
452 -274 -79 -198 -504 -270 -248 -355 -250 0
223 -451 -250 -324 -394 -522 0
-81 -209 -250 -502 -451 -324 -468 -247 224 -394 0
-209 -502 -468 -250 -324 -451 -247 224 -394 0
407 -294 -220 -24 -375 -476 -53 -381 -229 0
-294 -408 -124 -381 -72 -133 -220 -24 -375 -476 -53 -229 0
119 -515 -285 -187 0
-436 -112 -58 -220 -229 -53 -285 -312 -300 -426 -105 -164 -421 -419 -237 -510 -12 -497 -144 -437 -50 244 0
104 -515 -158 -352 -133 0
159 -160 -118 -493 -106 0
135 -477 -112 -421 -85 -24 -368 -294 -519 -124 0
-477 -294 -85 -421 -368 -381 -24 -112 -124 -133 -519 0
477 -515 -112 -285 -419 -421 -118 0
-515 -124 -133 -158 -285 -419 -112 -510 -132 -386 -85 -421 -368 -381 -24 -493 -519 -48 -312 -300 -426 -105 -352 0
515 -112 -85 -182 -419 -285 -264 0
423 -398 -308 -412 -234 -381 -434 -368 -407 -85 -443 -112 0
-112 -295 -334 -493 -365 -220 -202 -53 -285 -164 -419 -421 -308 -412 -234 -368 -85 -443 -312 -300 -426 -72 -105 -133 -510 -386 -519 -182 -525 -497 -58 -229 -237 -12 -144 -437 -50 244 0
425 -406 -437 -497 -132 -493 -386 -456 -53 -202 -381 -229 -211 -525 -58 -359 -234 -94 -13 -19 -312 -300 0
442 -124 -295 -519 -334 -368 -133 -229 -105 -53 -426 -437 -497 -132 -493 -386 -456 -202 -381 -211 -525 -58 -359 -234 -94 -19 -312 -300 0
291 -120 -373 -53 -220 -160 0
-436 -470 -202 -229 -211 -408 -72 -124 -53 -373 -220 -47 -383 -497 -331 -91 -437 -50 244 0
190 -108 -132 -158 -386 -493 -293 -162 0
130 -145 -234 -15 -381 -293 -12 -109 -386 -144 -108 0
120 -158 -493 -383 -91 -132 -234 -15 -381 -12 -386 -144 -186 -24 -180 -476 -202 0
369 -15 -242 -167 -141 -182 -211 -285 -202 -493 -383 -234 -129 -12 -386 -144 -186 -476 -47 -525 -497 -229 -408 -72 -124 -53 -373 -220 -331 -437 -50 244 -431 -345 -483 -295 -239 0
118 -476 -373 -220 -53 0
119 -228 -359 -58 -141 -456 -211 -493 -202 -160 0
-124 -211 -493 -359 -58 -141 -456 -386 -202 -373 -220 -53 -133 -519 -368 -242 -167 -182 -285 -383 -234 -129 -12 -144 -525 -497 -229 -72 -437 -50 244 -431 -345 -295 -19 -312 -300 -426 -105 -421 -443 -334 0
161 -15 -485 -58 -359 -237 -234 -381 -293 -12 -145 -386 -144 -108 -132 -84 -158 -493 -190 0
130 -93 -50 -234 -15 -381 -293 -12 -145 -386 -144 -108 0
120 -383 -214 -456 -257 -493 -264 -132 -50 -234 -381 -12 -386 -144 -58 -485 -359 -237 -190 -525 -24 -437 -497 -421 -443 -312 -407 -300 -211 -426 -202 -53 0
131 -108 -167 -141 -182 -211 -285 -202 -12 -120 -144 -279 0
-108 -293 -373 -220 -53 -24 -120 -386 -132 -167 -141 -182 -211 -285 -202 -12 -144 -279 0
130 -293 -237 -58 -359 -279 -167 -141 -182 -211 -285 -202 -120 -373 -220 -53 -24 -129 -12 -386 -144 0
118 -293 -383 -426 -407 -437 -497 -132 -493 -386 -456 -53 -202 -381 -229 -211 -525 -58 -359 -234 -94 -19 -312 -300 -190 -443 -150 -421 -24 -373 -220 0
-293 -211 -167 -141 -182 -279 -285 -202 -120 -383 -426 -407 -437 -497 -132 -493 -386 -456 -53 -381 -229 -525 -58 -359 -234 -94 -19 -312 -300 -190 -443 -150 -421 -24 -373 -220 -12 -144 -237 -129 0
-81 -334 -368 -167 -141 -182 -202 -437 -497 -493 -386 -456 -53 -525 -58 -359 -234 -300 -443 -150 -220 -12 -144 -237 -129 -214 -257 -50 -485 -72 -133 -519 -242 244 -431 -345 -105 -164 -419 -308 -412 -85 -510 -402 -491 -348 224 0
119 -424 -234 -105 -422 -94 -443 -167 -408 -182 -211 -283 -202 0
-502 -437 -164 -368 -443 -12 -50 -242 244 224 -155 -461 -250 -451 -247 -394 -468 -324 0
118 -476 -468 -445 -208 -80 -268 -394 -196 -250 -451 -328 -53 0
209 -328 -468 -445 -324 0
292 -15 -309 -234 -398 -412 -145 -381 0
204 -109 -106 -178 -118 0
108 -149 -242 -426 -69 -104 -177 -134 -226 -158 -109 0
-451 -250 -468 -324 -394 -100 -28 -50 -246 101 0
197 -502 -394 0
-276 -81 -225 0
360 -58 119 -225 -246 -50 -120 131 -211 -202 -12 -108 -144 -313 -490 -468 -324 -164 0
79 -285 -324 -339 -120 131 -167 -211 -182 -202 -108 -144 -468 -50 -355 -246 101 -28 0
276 -79 -401 -348 0
-285 -182 -525 -437 -32 -324 -355 -468 -426 -490 -275 -401 -348 -339 -120 131 -167 -211 -157 -202 -108 -144 -50 -246 101 -28 -284 0
-182 -32 -490 -525 -437 -468 -324 -355 -426 -275 -401 -348 -339 -120 131 -167 -211 -157 -202 -108 -144 -50 -246 101 -28 -284 0
79 -209 -35 101 -28 -246 0
-58 -437 -355 -246 -375 -426 101 -28 -220 -348 -293 -386 -324 -468 -490 -525 -43 -339 -120 131 -211 -202 -108 -144 -50 -313 -231 -15 -234 -358 119 0
-182 -463 -407 -334 -231 -490 -525 -437 -468 -324 -355 -426 -348 -339 -120 131 -211 -157 -202 -108 -144 -50 -246 101 -28 -284 -313 -86 -181 0
-81 -209 -502 -394 -328 -461 -522 -246 -463 -225 -313 -79 -348 0
245 -445 -394 -502 -522 -328 -225 0
58 -15 -109 -313 -231 -407 -234 -256 -287 -502 -426 -355 -246 -394 -348 -468 -35 101 -28 -324 0
-15 -348 -231 -394 -246 -234 -525 -50 101 -28 -358 -355 -375 -426 -220 -293 -386 -324 -468 -490 -43 -339 -120 131 -211 -202 -108 -144 119 -256 0
81 -242 -296 -348 -368 -92 -26 -264 -140 -358 -210 -234 -150 -324 -435 -164 -468 -426 -375 -490 -275 -220 0
-223 -525 -490 -468 -324 -355 -426 -348 -339 -120 131 -211 -157 -202 -108 -144 -50 -246 101 -28 -284 -296 -140 -358 -234 -435 -375 -220 -96 0
-144 -211 -246 -468 -324 119 -50 -120 131 -394 -202 -108 -490 -358 -355 -426 101 -28 -234 -375 -220 -231 -293 -386 -43 -256 -250 0
208 -502 -394 -468 -522 245 -225 -324 0
401 -209 -426 -394 -468 -522 245 -225 -324 -198 -315 -443 -407 -421 -231 0
-209 -81 -324 -198 -250 -426 -394 -407 -231 -246 -476 -220 -468 -35 101 -28 0
-81 -504 -468 -324 101 -28 -246 -198 -250 -426 -394 -407 -231 -476 -220 -35 0
-211 -202 -246 -394 -468 -324 -490 101 -28 -250 -426 -231 -220 119 -50 -120 131 -355 -108 -358 -234 -375 -293 -386 -43 -256 0
244 -79 -234 -368 -92 -358 -324 -164 -468 -426 -375 -490 -220 -406 -381 -12 -293 -143 -386 -250 -198 -394 -420 -522 -355 -161 -209 -225 -50 -35 0
-81 -209 -324 -468 -386 -476 -293 -220 -381 -231 -198 -250 -426 -394 -246 -35 101 -28 0
-209 -198 -468 -324 -386 -476 -293 -220 -381 -231 -394 -250 -426 -246 -35 101 -28 -234 -92 -358 -375 -490 -406 -143 -420 -355 -161 -50 0
-202 131 -50 101 -28 119 -490 -468 -324 -386 -293 -220 -381 -231 -394 -250 -426 -234 -358 -375 -355 -120 -246 -108 -43 -256 0
-81 -209 -324 -468 -386 -476 -293 -220 -381 -231 -394 -250 -426 -246 -35 101 -28 0
208 -196 -250 -394 -324 0
-209 -208 -324 -468 -386 -476 -293 -220 -381 -231 -394 -250 -426 -246 -35 101 -28 0
131 119 -468 -324 -246 101 -28 -490 -386 -293 -220 -381 -231 -250 -426 -50 -394 -234 -358 -375 -355 -120 -108 -43 -256 0
119 -231 -468 -386 -293 -220 -381 -324 -394 -250 -426 -246 101 -28 -490 -50 -234 -358 -375 -355 -120 -108 -43 -256 0
80 -36 -386 -50 -131 -293 -246 -475 -225 -220 0
314 -525 -250 -338 -50 -131 244 -33 0
467 -223 -100 -28 -187 210 -318 -131 -209 -81 224 -394 -250 -338 -50 244 -283 -490 0
210 -81 -209 -394 -250 -50 -131 -324 -468 -100 -28 -187 -283 -246 101 -386 -293 -475 -220 0
-81 -209 -394 -468 -324 -246 -250 -50 -131 -100 -28 -187 -283 101 -386 -293 -475 -220 0
-33 -290 -160 -190 -173 -134 -158 -525 -399 -400 -308 -334 -423 -14 -443 -167 -313 -250 -50 -131 244 -338 -31 0
-209 -131 -386 -381 -293 -108 -50 -234 -160 -173 -158 -250 -110 -246 -468 -283 -475 -375 -394 -324 -220 -100 -28 -187 101 0
54 -108 -250 -394 -468 -324 -246 101 -28 -386 -381 -293 -50 -234 -220 -100 0
208 245 -468 -522 -394 -225 -324 0
-131 -209 -79 -198 -213 -381 -50 -119 -324 -468 -386 -35 -293 -220 -250 -81 -394 -246 101 -28 -36 0
-502 -209 245 -394 -468 -522 -443 -225 -324 -381 -250 -213 -204 -235 0
-209 245 -250 -355 -394 -468 -324 -381 -235 -119 -108 -50 -386 -293 -220 -246 101 -28 0
245 -119 -250 -355 -394 -468 -324 -381 -220 -108 -50 -386 -293 -246 101 -28 -374 0
314 -33 -324 -209 -250 -468 -50 -131 244 -338 0
-81 -209 -250 -394 -100 -246 -28 -234 -324 -468 -50 244 -381 -293 -386 -108 101 0
-33 -150 -435 -308 -234 -399 -393 -525 -190 -158 -134 -443 -105 -313 -31 -324 -209 -250 -468 -50 -131 244 -338 0
408 -167 -94 -15 -390 -443 -334 0
33 -131 -435 -407 -443 -334 -308 -399 -525 -50 -234 244 -313 0
-131 -240 -368 -510 -115 -185 -128 -134 -443 -74 -105 -313 -435 -308 -234 -399 -393 -525 -190 -31 -324 -209 -250 -468 -50 244 -338 -407 -334 -108 0
32 -150 -393 -162 -190 -92 -134 -345 -105 0
444 -400 -230 -421 -407 0
-209 -108 -234 -324 -250 -468 -50 -381 -293 -386 -394 -220 -100 -246 -28 101 0
-131 -419 -85 -182 -285 -133 -103 -386 -108 -250 -525 -50 314 244 -338 0
-108 -220 -386 -50 -468 -394 -324 -234 -381 -293 -250 -100 -246 -28 101 0
-225 -525 -324 -394 -250 -317 -50 -131 -35 -209 -33 -314 -224 -81 0
294 -233 -13 -95 -441 -141 -243 -27 -129 -236 -412 -406 -184 -379 -22 0
442 -168 -95 -334 -33 -338 -250 -394 -502 -468 -209 -386 -35 -131 -50 225 -28 0
31 -502 -247 -357 -338 -209 0
210 -234 -95 -338 -33 -250 -394 -502 -468 -209 -386 -35 -131 -50 225 -28 -314 -101 0
208 -502 -394 -329 -50 -468 -317 -28 -386 -95 -33 -338 -250 -209 -35 -131 225 -314 -324 -81 0
80 -133 -157 -452 -108 -110 -262 -165 -420 -113 -422 -104 -425 -276 -220 0
-502 225 -468 -250 -81 -338 -95 -33 -394 -209 -386 -35 -131 -50 -324 -28 -314 -525 -329 -317 0
380 -184 -359 -58 -234 -235 -22 -412 -292 0
423 -257 -262 -108 -158 -420 -134 -113 -104 0
442 -375 -158 -262 -134 -420 -104 -165 -108 -58 -53 -235 -276 -412 -402 -379 -423 -359 -234 -22 -292 0
222 -335 -292 -379 -22 -295 -402 -423 -444 -158 -262 -134 -420 -104 -165 -108 -58 -53 -235 -276 -412 -359 -234 0
197 -235 -379 -444 -276 -81 -292 -22 -262 -134 -420 -165 -108 -58 -369 -85 -464 -525 -508 -462 -196 -468 -324 -250 -343 -314 -223 -451 -208 -116 -33 -268 -338 -11 -394 0
-525 -338 -324 -250 -314 -33 -81 -468 -394 -386 -50 -131 -35 -209 -95 -28 -329 -317 -224 0
-276 -452 -468 -250 -324 -81 -356 -274 0
525 -28 -81 -224 -468 -250 -324 -33 -394 -314 -317 -50 -131 -35 -209 -329 0
293 -112 -426 -148 -276 -234 -85 -14 -182 -95 -168 -388 -44 -335 -407 -124 -379 -190 0
406 -120 -111 -108 -262 -161 -382 -75 -148 -388 -434 -335 0
443 -111 -234 -95 -108 -262 -75 -148 -388 -335 -426 -348 -276 -81 -221 -190 -22 -292 -85 -182 -168 -44 -124 -379 -423 0
408 -426 -148 -234 -184 -190 -22 -292 -379 0
105 -262 -108 -438 -156 -335 -388 -168 -95 -221 -22 -292 -379 -148 -234 -444 -75 -348 -276 -81 -85 -182 -44 -257 -134 0
424 -402 -230 -276 -53 0
374 -110 -228 -262 -58 -420 -235 -165 0
407 -257 -262 -420 -148 -508 -243 -116 -25 -203 -359 -215 -348 -58 -81 -235 -221 -165 -286 -234 -53 -425 -276 -422 -444 0
406 -120 -203 -285 -165 -420 -262 -75 -148 -433 -234 -95 -168 -388 -444 -335 0
424 -262 -93 -359 -234 -148 -407 -203 -165 -420 -75 -95 -168 -388 -444 -335 -491 -348 -81 -276 -53 0
442 -84 -262 -359 -148 -234 -348 -243 -93 -401 -371 -146 -422 -185 0
233 -14 -95 -435 -84 0
360 -165 -373 -420 -235 -262 -58 0
-28 -95 -81 -324 -468 -50 -386 -131 -35 -314 -209 -250 -33 -317 -394 -329 -224 0
-235 -54 -270 -504 -250 -447 -10 -357 -288 -485 -413 -248 -165 360 -420 -262 -58 0
-54 -231 -276 -81 -295 -357 -336 -447 -270 -198 -504 -394 -250 -10 -288 -485 -413 -248 -165 360 -420 -262 -58 0
408 -156 -198 -250 -161 -347 -81 -393 -276 -425 -357 -447 -270 -504 -394 -10 -288 -485 -248 -165 360 -420 -262 -58 -369 -292 -366 -379 0
-235 -422 -276 -81 -108 -262 -165 -420 -425 -508 -464 -116 -462 -33 -329 -357 -209 -248 -270 -504 -198 -250 -10 -288 -485 360 -58 0
-420 -425 -276 -81 -248 -270 -504 -262 -165 -250 -33 -329 -357 -209 -198 -10 -288 360 -444 -407 -394 -366 -324 -468 -386 -149 -131 -50 -35 -100 0
208 -329 -468 -504 -324 0
-502 -235 -262 -165 -276 -508 -116 -33 -357 -209 -10 -81 -250 -324 -468 -360 -329 -248 -485 -58 -314 -270 -108 -198 -504 -394 0
502 -10 -250 -198 -144 0
252 -360 -292 -444 -95 -441 -379 -288 -452 -10 0
-360 -148 -85 -182 -441 -277 -243 -116 -33 -357 -502 -209 -10 -250 -292 -95 -379 -485 -262 -165 -276 -508 -81 -324 -468 -329 -248 -58 -314 -270 -108 -198 -504 -394 0
434 -288 -81 -248 -270 -504 -165 -250 -33 -329 -357 -209 -198 -10 360 -444 -276 -394 -366 -324 -468 -386 -131 -50 -35 -100 0
251 -444 -81 -248 -270 -504 -165 -250 -33 -329 -357 -209 -198 -10 360 -276 -394 -366 -324 -468 -386 -131 -50 -35 -100 0
286 -148 -75 -382 -479 -348 -56 -81 -108 -220 -157 -374 -133 -236 -256 -485 -110 0
245 -81 -33 -250 -209 -394 -324 -468 -386 -131 -50 -314 0
355 -452 -324 -468 -250 -81 -225 0
-10 -360 -491 -58 -356 -324 -468 -250 -81 -225 -116 -508 -437 -523 502 -144 0
197 -360 -442 -96 -50 -244 -28 -225 -250 -324 -394 -432 -523 0
443 -233 -434 -407 -211 -165 -225 -50 -244 -28 0
-360 -165 -134 -104 -415 -100 -442 -225 -50 -244 -85 -379 -508 -242 -116 -324 -468 -58 -491 -437 -356 -523 -250 -81 -196 -96 -394 -432 502 -144 0
-165 -81 -394 -225 -100 -420 -262 -58 -134 -104 -415 -442 -50 -244 -85 -379 -508 -242 -116 -324 -468 -491 -437 -356 -523 -250 -196 -96 -432 502 -144 0
105 -350 -415 -331 -134 0
-360 -134 -104 -415 -85 -508 -242 -116 -121 -58 -491 -81 -225 -437 -356 -523 -324 -468 -250 -394 -196 -442 -96 -50 -244 -432 -29 502 -144 0
-10 -15 -234 -286 -250 502 -144 0
252 -207 -134 -382 -104 -415 -437 -81 -97 -225 -453 -250 -324 -394 -522 -508 -432 -116 -523 -338 0
-81 -386 -250 -324 -468 -50 -244 -209 -33 -394 -314 -131 0
359 -299 -425 -311 -481 -455 -181 -150 -484 -168 -286 -95 -14 -264 -234 0
-386 -314 -468 -324 -244 -50 -131 -250 -394 -33 -209 0
-502 -98 -509 -86 -293 -234 -360 -50 -453 -131 -209 -468 -324 -394 -328 -244 -29 -81 -314 -198 0
-10 -360 -50 -131 -209 -250 -198 -509 -86 -293 -234 -244 -453 -468 -324 -394 -328 -81 -314 -12 0
210 -502 -131 -142 -35 0
-502 -360 -234 -50 -348 -131 -394 -468 -28 -142 -328 -115 -81 -324 -209 -244 -314 -198 0
-360 -81 -314 -131 -50 -324 -394 -250 -33 -209 -244 -468 0
15 -369 -519 -133 -86 -256 -226 -181 -148 -110 -168 -433 -287 -95 0
11 -433 -115 -509 -13 -519 -86 -226 -181 -168 -95 -498 -525 -165 -317 -264 -453 -50 -357 -131 -35 -447 -235 -502 -209 -468 -329 -324 -394 -522 -30 0
232 -95 -441 -484 -394 -235 -468 -329 -324 -209 -131 -502 -35 -12 -115 -509 -519 -86 -226 -181 -168 -498 -525 -165 -317 -264 -453 -50 -357 -447 -522 -30 0
11 -413 -509 -339 -115 -86 -235 -368 -484 -101 -286 -30 0
13 -276 -50 -463 -131 -394 -81 -35 -33 -468 -329 -324 -209 -502 -12 -509 -339 -115 -86 -235 -484 -293 -83 -444 -434 -95 0
-502 -264 -453 -50 -131 -12 -59 -358 -484 -209 -468 -324 -86 -394 -181 -293 -441 -463 -81 -33 -509 -339 -115 -235 -234 -226 -525 -328 -244 -314 -198 0
242 -166 -276 -314 -81 -181 -348 -86 -382 -148 0
94 -276 -53 -134 -257 -444 -110 -119 -286 -221 -484 -374 -234 -235 -59 -358 -129 -243 -314 -81 -181 -348 -86 -382 -148 0
14 -276 -53 -119 -221 -374 -134 -235 -257 -484 -110 -444 -286 -234 0
-81 -314 -131 -250 -50 -324 -394 -209 -33 -244 -468 0
504 -96 -244 -328 -441 -445 -394 0
233 -435 -50 -235 -244 -468 208 -324 -328 -394 -14 -128 -358 0
-329 -425 -43 -181 -484 -168 -14 -234 -463 -461 -12 -50 -276 -131 -225 -358 -468 -394 208 -324 -344 -244 -328 -96 0
-435 -14 -412 -235 -247 -225 -355 -50 -244 -43 -181 -484 -168 -444 -234 -463 -461 -12 -276 -131 -358 -468 -394 208 -324 -344 -328 -128 0
-96 -101 -225 -131 -12 -355 -50 -244 -468 208 -324 -328 -441 -394 -94 0
-14 -235 -276 -328 -225 -293 -244 -131 -12 -355 -50 -468 208 -324 -394 -59 -358 -444 -234 -412 -104 -247 -43 -181 -484 -168 -463 -461 -344 -128 0
-329 -287 -12 -484 -225 -468 -394 208 -324 -235 -244 -328 0
-235 -12 -131 -50 -525 -244 -484 -225 -468 -394 208 -324 -328 -86 -181 -168 -389 -334 -444 -234 -276 -293 -355 -59 -358 -412 -104 -247 -43 -463 -461 -344 -128 0
-329 -43 -181 -484 -168 -234 -463 -461 -12 -50 -276 -131 -225 -358 -468 -394 208 -324 -344 -244 -328 -13 -444 0
-314 -33 -244 -131 -468 -394 -324 -50 -250 -209 0
246 -329 -197 -504 -497 -447 -131 -250 -50 0
-225 -60 -262 -486 -324 -468 -209 -394 -81 -502 -246 -522 -313 -328 -250 -100 -10 -224 0
94 -14 -133 -256 -112 -262 -483 -358 -181 -443 -287 -441 -167 -103 0
13 -165 -420 -262 -100 -358 -443 -234 0
-14 -256 -133 -420 -262 -483 -358 -443 -287 -441 -167 -103 -468 -486 -95 -13 0
237 -452 -416 -332 -243 -148 -262 -443 -167 -468 -95 -100 -108 -10 -250 31 -502 -209 -275 -324 -394 -246 -313 -328 -224 0
15 -412 -337 -250 -379 -334 -388 -167 -443 -95 0
-225 -234 -324 -250 -468 -50 -246 -100 -108 -394 -220 -209 -379 -81 -502 -522 -313 -328 -412 -337 -10 -247 -224 0
-234 -358 -416 -332 -243 -148 -373 -452 -250 -15 31 -502 -209 -275 -262 -100 -108 -443 -324 -468 -50 -246 -394 -379 -313 -328 -412 -10 -224 0
357 -522 -247 -224 0
-502 -328 -332 -243 -250 31 -209 -275 -443 -324 -468 -50 -246 -394 -313 -416 -224 -167 -95 -197 -430 -131 -35 0
-225 -235 -127 -100 -491 -222 -452 -521 -81 -356 -324 -468 -250 -224 0
232 -13 -95 -388 -167 -74 -148 -243 -69 -277 -262 -139 -360 0
185 -84 -379 -292 -22 0
-328 -95 -167 -243 -443 -250 -324 -468 -394 -50 -246 -275 -224 -32 -209 -197 -332 31 -313 -416 -131 -35 -524 -329 0
232 -424 -103 -134 -108 -159 -262 -58 -175 -360 -95 -388 -167 -74 -148 -243 -13 -277 -139 0
-329 -167 -443 -324 -468 -250 -394 -50 -275 -197 -32 -209 31 -313 -416 -131 -497 -244 0
-33 -394 -250 -324 -468 -209 -50 -244 -131 0
-225 -13 -105 208 -12 -468 -394 -324 -244 -234 -25 -443 -102 -348 -275 -28 245 0
-13 -286 -443 -50 -318 -28 -105 208 -12 -468 -394 -324 -244 -234 -25 -102 -348 -275 245 0
-225 -479 -241 -370 -186 -24 -423 -348 -275 -468 208 -394 245 -324 0
245 -105 -275 -50 -348 -468 208 -394 -324 -334 -390 -167 -443 -234 -12 -244 -131 0
223 -149 -383 -505 -369 -348 -247 -100 -79 -357 -275 -29 0
-394 -244 -250 -324 -209 -131 -50 -468 0
328 -502 -209 -324 -468 0
210 -234 -100 -50 -131 -225 -502 -244 -328 -468 -324 -443 -250 -268 -196 0
380 -493 -285 -291 -514 -469 -134 -205 -72 -510 -121 -408 130 -234 -108 -381 -12 -144 -15 -145 -109 0
276 -279 -141 -213 -408 -381 -514 -134 -510 130 -234 -12 -144 -15 -109 -221 -484 -375 -345 -237 -215 -59 -181 -358 -166 -95 -368 -335 -86 -155 -113 -105 -490 -463 -423 -348 -79 0
-234 -443 -225 -100 -50 -131 -244 -468 -250 -324 -209 0
-443 -100 -50 -131 -225 -244 -468 -209 -324 -250 0
504 -36 -244 -328 -209 0
-100 -225 -468 -324 -250 -209 -131 -50 -244 0
406 -212 -436 -496 -494 -106 -46 -456 -119 -226 -203 -230 -525 0
149 -7 -241 0
438 -158 -494 -119 -161 -46 -515 -496 -353 0
159 -161 -226 -456 -391 -494 -134 0
523 -161 -141 -450 -212 -203 -279 -119 -106 -159 0
-262 -212 -494 -119 -46 -353 -525 -141 -450 -436 -203 -279 -226 -456 -391 -134 -382 -50 130 -264 0
-212 -226 -332 -436 -525 -134 -494 -44 -456 -391 -291 -110 -119 -46 -353 -141 -450 -203 -279 -382 -50 130 -264 -408 -230 0
-226 -291 -230 -494 -408 -364 -332 -436 -525 -134 -44 -391 -456 -110 -119 -46 -353 -141 -450 -203 -279 -382 -50 130 -264 0
226 -359 -52 -453 -230 -59 0
-119 -456 -134 -494 -226 -110 -44 -408 -46 -353 -525 -141 -450 -436 -203 -279 -391 -382 -50 130 -264 -230 -453 -163 -52 -374 -469 -221 -364 -332 0
236 -475 -221 -52 -134 -494 -44 -408 -46 -353 -525 -141 -450 -436 -203 -279 -391 -382 -50 130 -264 -230 -453 -163 -364 -332 -59 -390 -166 -234 -95 -15 -286 -484 0
222 -110 -360 -418 -453 -163 -44 -373 -230 -494 -408 -364 -332 -436 -525 -134 -391 -119 -264 -226 -46 -353 -141 -450 -203 -279 -382 -50 130 0
262 -110 -234 -286 -360 -15 0
263 -373 -52 -163 -453 -418 -360 0
-81 -15 -484 -453 -286 -234 -44 -264 -163 -418 -59 -237 -221 -134 -494 -408 -525 -141 -450 -436 -203 -279 -50 130 -364 -390 -166 -95 -300 -105 -423 -348 -79 -225 0
444 -234 -286 -484 -105 -237 -129 -402 -490 -274 -453 -44 -264 -163 -418 -59 -221 -134 -494 -525 -141 -450 -436 -203 -279 -50 130 -364 -390 -166 -95 -300 -348 -79 -225 0
-15 -475 -185 -24 -234 -95 -146 -14 -484 -453 -286 -44 -264 -163 -418 -59 -237 -221 -134 -494 -408 -525 -141 -450 -436 -203 -279 -50 130 -364 -390 -166 -300 -105 -81 -348 -79 -225 0
15 -426 -300 -312 -433 -20 0
-262 -358 -436 -494 406 -226 -203 -525 -221 -185 -24 -234 -95 -146 -14 -484 -453 -286 -44 -264 -163 -418 -59 -237 -134 -408 -141 -450 -279 -50 130 -364 -390 -166 -105 -348 -79 -225 -274 -402 -112 -382 -300 0
13 -109 -134 -70 -494 -44 -226 -106 -415 -286 -484 -510 -237 -385 -59 -293 -358 -234 -95 0
-358 -226 -415 -97 -436 -525 -134 -494 -44 -510 -484 -286 -14 -237 -59 -293 -234 -95 406 -203 -221 -185 -24 -146 -453 -264 -163 -418 -408 -141 -450 -279 -50 130 -364 -390 -166 -105 -348 -79 -225 -274 -402 -112 -382 -300 0
358 -433 -166 -14 -95 -279 -25 -234 -141 0
-408 -494 -364 -163 -418 -490 -300 -79 -274 -402 -348 -286 -14 -453 -264 -234 -215 -59 -415 -97 -436 -525 -134 -44 -510 -484 -237 -95 -203 -221 -185 -24 -141 -450 -279 -50 130 -390 -166 -105 -225 -25 -150 -241 -86 -367 -381 -407 0
233 -358 -482 -510 -367 -97 -86 -241 -150 -439 -435 -21 0
112 -97 -510 -86 0
-262 -433 15 -300 -274 -402 -348 -112 -382 -418 -50 130 -264 0
227 -119 -284 -203 -490 -213 -79 -364 -274 -494 -402 -456 -231 0
-358 -348 -453 -402 -215 -231 -59 -284 -203 -490 -213 -79 -364 -274 -494 -456 -110 15 -300 -418 -50 130 -264 -150 -435 -234 -482 -510 -367 -97 -86 -241 -439 0
-225 -244 -468 -250 -324 -209 -131 -50 0
14 -414 -236 -397 -485 -307 -288 0
232 -22 -475 -292 -379 -103 -424 -443 -14 0
132 -100 -95 -81 -276 -468 -324 -10 -248 -250 -268 -196 -317 -209 -329 -502 -50 -35 -244 0
-244 -131 -324 -468 -209 -250 -50 0
315 -104 -264 -50 130 -491 -209 -468 -24 -250 -324 -198 -203 -292 -145 -522 -381 -165 -30 -408 -102 -442 0
103 225 -318 -50 -12 -468 -142 -334 -324 -329 -400 -388 -209 -423 -32 0
80 -203 -134 -50 -12 -468 -324 -525 -131 -442 -198 -168 -250 -209 -292 -145 -408 -426 -348 0
81 -60 -408 -264 -286 -468 -324 -453 -426 -494 -223 -209 0
-436 -105 -525 -468 -324 -250 -162 -81 -225 -188 -514 -134 -504 -339 -69 -198 -33 -50 -131 244 0
104 -315 -442 -421 -33 0
85 -483 -239 -19 -368 -113 0
-105 -86 -324 -468 -50 -250 -19 -113 -295 -478 -73 -344 -504 -198 -339 -426 -33 -525 -104 -162 -81 -225 -188 -514 -134 -69 -131 244 0
-225 -81 -468 -324 -250 -525 -198 -134 -50 -19 -339 -426 -131 -442 -150 -348 -209 0
32 -105 -385 -292 -381 -408 -102 -442 -276 -426 -468 0
103 -32 -50 -12 -468 -142 225 -324 -209 -318 -442 -198 -168 -426 -134 0
-105 -81 130 -102 -442 -150 -34 -348 -209 -50 -426 -12 -468 225 -324 -318 -198 -168 -134 -292 -381 -408 0
31 -104 -50 130 -264 -209 -468 -24 -250 -324 -198 -292 -145 -522 -381 -165 -30 -408 -102 -442 -453 -357 -445 0
313 -157 -525 -50 130 -256 32 -468 -324 -250 -223 -81 -276 -357 -445 -209 -198 0
-60 -134 -453 -324 -468 -292 -408 -442 -525 -50 -250 -209 -198 -339 -145 -150 -348 -426 -12 -168 -19 -131 -286 -494 0
443 -384 -209 -348 -34 -150 -491 -242 -468 -371 -385 -292 -145 -381 -408 0
210 -315 -525 -50 -468 -324 -250 -209 -198 -292 -145 -408 -442 -453 -134 -356 -150 -348 -426 -12 -168 -19 -339 -131 0
-134 -494 -150 -348 -209 -50 -426 -12 -468 -324 -198 -168 -292 -408 -250 -525 -19 -339 -131 -145 -453 -441 -359 -286 -442 0
31 -419 130 -50 -209 -264 -468 -24 -250 -324 -198 -292 -145 -522 -381 -165 -30 -408 -102 -442 -453 -357 -104 0
315 -81 -264 -50 130 -209 -468 -24 -250 -324 -198 -104 -292 -145 -381 -408 -102 -442 -453 -339 -426 -125 -191 -446 0
314 -446 -250 -324 -209 -453 -468 -525 -50 -131 -198 0
33 -446 -198 -314 -209 0
208 -104 -250 -324 -209 -223 -264 -50 130 -24 -198 -468 -292 -145 -381 -408 -102 -442 -453 -339 -426 -125 -191 -446 -314 0
134 -292 -50 -209 -468 -250 -324 -198 -145 -408 -442 -453 -339 -426 -525 -131 0
210 -292 -209 -468 -250 -324 -198 -50 -145 -408 -442 -453 -525 -150 -348 -426 -12 -168 -19 -339 -131 0
-81 -315 -31 -79 -442 -150 -348 -209 -50 -426 -12 -468 -134 -324 -198 -168 -292 -408 -250 -525 -19 -339 -131 0
-315 -155 -134 -468 208 -324 -198 -168 -250 -209 -453 -525 -50 -131 -359 -426 -442 -150 -348 -12 -292 -408 -19 -339 0
96 -408 -442 -426 -468 -324 -198 -250 -209 -453 -525 -50 -131 -359 -150 -348 -12 -19 -339 -286 -83 0
210 -31 -50 -468 -324 -250 -209 -198 -426 -19 -339 -131 -442 -150 -348 -315 -525 0
80 208 -12 -468 -50 -324 -442 -31 -250 -209 -453 -525 -131 -198 -426 -315 -348 0
-31 -315 -468 -324 -408 -286 -453 -426 -209 -50 -131 -442 -250 -198 -359 -525 -12 -348 -19 -339 -150 0
-315 -198 -250 -324 -209 -453 -468 -525 -50 -131 -408 -286 -426 -442 -359 -12 -348 -19 -339 -150 0
210 -394 -87 -359 -440 -242 -324 -237 -150 -502 -131 -142 0
503 -59 -440 -359 -394 -237 0
32 -286 -106 -407 -250 -417 -328 -198 -276 -163 -223 -468 -324 -209 -453 -70 -440 -359 -422 -87 -242 -150 -131 -142 -297 -154 -334 -413 -460 -388 -339 0
13 -234 -324 -50 -209 -250 -131 -468 0
208 -315 -250 -324 -209 -468 -50 -131 -198 -504 0
-446 -525 -504 -315 -250 -324 -209 -453 -468 -198 -50 -131 0
-525 -442 -209 -50 -468 -324 -198 -250 -131 -15 -234 -453 -315 -504 0
525 -328 -324 -468 -250 0
-453 -315 -209 -468 -324 -250 -131 -198 -50 -504 0
-315 -504 -209 -250 -468 -50 -131 -198 -324 0
406 -426 -370 -83 -185 -234 -367 -435 -381 0
140 -367 -324 -468 -381 -485 -413 -235 -149 -242 -68 -279 -25 0
443 -221 -24 -491 -234 -53 -381 -203 -279 -324 -468 -235 -149 -242 -339 -33 -343 -264 -50 130 -359 -420 -12 -441 -168 -165 -30 -94 -102 -13 0
148 -145 -184 -234 -94 -65 -13 -478 -434 -242 -75 0
407 -383 -81 -426 -348 -276 -149 -184 -234 -94 -65 -13 -478 -242 -75 -381 0
32 -426 -242 -75 -478 -279 -141 -335 -211 -406 -81 -149 -348 -276 -184 -234 -94 -65 -13 -381 -91 -343 0
407 148 -234 -94 -65 -13 -478 -184 -242 -75 -381 0
148 -388 -26 -141 -211 -406 -234 -94 -65 -13 -478 -184 -242 -75 -381 -168 -279 0
379 -116 -468 -127 -324 -235 -86 -413 -368 0
31 -234 -13 -94 -168 -279 -26 -141 -211 -406 -381 -468 -324 -235 -368 -242 -149 -65 -478 -184 -75 -339 0
150 -491 -81 -175 -348 -69 -383 -242 0
-196 -453 -324 -250 -50 -468 -209 -131 -504 -198 0
395 -504 -198 0
-276 -316 -242 -491 -128 -81 -244 -274 0
-225 -59 -324 -468 -244 197 -50 -394 -442 -250 -432 -523 -329 -522 -223 0
32 -386 -433 -234 -242 -324 -468 -50 -293 -244 197 -394 -442 -250 -329 -522 -15 -196 -343 -208 -235 -356 -413 -248 -390 0
243 -19 -483 -113 -420 -368 -165 -101 -50 -370 -317 0
-196 406 -234 -50 -242 -368 -324 -468 -293 -146 -81 -250 -413 -150 -209 -504 -198 0
-246 -162 -293 -133 -386 -50 -468 -324 -394 -250 -220 -234 -381 -525 -407 444 -229 -432 -348 -81 -522 -316 -225 -244 0
210 -316 -247 -250 -324 -468 -32 -209 -328 -50 -293 -386 -394 -220 -234 -381 -407 444 -229 -81 -522 -225 -383 -92 -344 -446 -35 0
208 -225 -81 -35 -468 -522 -394 -324 0
-225 -368 -324 -468 -334 -293 -407 -229 -81 -502 -209 -250 -394 -50 -234 -381 -150 -442 -313 -504 -198 0
80 -262 406 -388 -382 -75 -148 -434 -162 -107 -256 -157 -133 -103 -52 -426 -276 -220 0
-244 -64 -242 -324 -50 -468 -293 -146 -358 -234 -426 -313 -276 -81 406 -388 -75 -256 -157 -133 -103 -52 -220 -150 -93 -36 -246 -250 -209 -394 0
210 -32 -50 -209 -250 -468 -504 -198 -324 -242 -293 -146 -234 -426 -313 -276 -81 406 -150 -246 -394 -357 -502 -165 0
-32 -293 -150 -426 -250 -276 -209 -468 -50 -504 -198 -324 -81 -242 -146 -234 -313 406 -246 -394 -357 -502 -165 0
-131 406 -426 -185 -234 -381 -441 -101 -50 -14 -324 -209 -250 -468 0
245 -436 -468 -386 -293 -250 -236 -234 -413 -14 -338 -433 -247 -150 -357 -35 -446 -209 -328 -504 -324 0
-407 -504 -324 -81 -209 -50 -468 -234 -150 -250 -426 -381 -198 -242 -408 0
31 -446 -437 -412 -87 -357 -209 -248 -10 -13 -270 -142 -434 -242 -504 -150 -525 -34 0
208 -10 -437 -250 -87 -525 -324 -468 -504 0
-131 -270 -209 -412 -434 -242 -504 -150 -335 -324 -250 -50 -468 -198 -145 -234 -367 -102 225 -318 -443 -132 0
31 -309 -30 -468 -443 -102 -324 -165 -525 -420 -264 -236 -452 -92 -412 -250 -344 -247 -357 -502 -209 0
445 -525 -279 -69 -383 -468 -92 -324 -264 -85 -420 -212 -367 -165 -102 -443 -33 -30 -107 -412 -250 -357 -209 -335 -198 -394 -504 0
87 -314 -497 -436 -12 -443 -30 -102 -367 0
262 -339 -412 -235 -33 -58 -343 -359 -92 0
446 -420 -443 -102 -165 -497 -264 -412 -33 -92 -367 -324 -85 -436 -30 -74 -250 -270 -198 -143 -504 -357 0
210 -92 -468 -250 -279 -324 -264 -212 -367 -165 -102 -443 -30 -107 -412 -357 -209 -335 -198 -394 -504 -497 -143 -242 -318 -246 -150 -35 0
-100 208 -250 -437 -525 -324 -468 -504 -367 -50 225 -318 -102 0
-394 -276 -250 -324 -468 -504 -367 -50 -318 -102 -24 -292 -426 -443 -246 -209 -81 -279 -264 -212 -412 -335 -198 -242 -150 -434 -145 -234 -132 0
394 -504 -198 0
196 -464 -461 -155 -33 -335 -315 0
197 -522 -224 -355 -33 -447 -315 -250 -394 0
-504 -81 -324 -468 -250 -198 -209 -150 -50 -426 -242 -234 -381 -408 0
29 -434 -408 -324 -50 -209 -250 -234 -468 -444 -144 -102 -12 0
355 -91 -242 -150 -382 -234 -50 -381 -408 -396 -144 -102 -12 -324 -209 -250 -468 -426 -314 -275 -453 -224 0
32 -102 208 -324 -270 -81 -356 -242 -150 -234 -50 -381 -408 -396 -144 -250 -209 -468 -426 -345 0
225 -521 80 -468 -50 -324 -315 -250 -209 -525 208 -198 -426 -408 -234 -102 -144 0
-521 -315 -324 -468 -209 -250 -50 80 -144 -525 208 -198 -426 -408 -234 -102 0
101 -294 -59 -381 -237 -50 -484 -287 -234 -95 -312 -300 -426 -105 -422 -418 -442 -163 0
185 -82 -381 -294 -24 0
184 -238 -381 -367 -294 -372 -24 0
444 -264 -237 -59 -484 -287 -390 -166 -65 -234 -95 -372 -381 -294 -24 -367 -426 -105 -422 0
15 -476 -221 -163 -54 -422 -418 -426 -112 -433 -300 -312 0
-102 -81 -426 -381 -408 -242 -50 -468 -324 -250 -209 -198 -234 -150 0
-81 -234 -242 -381 -50 -426 -408 -468 -324 -250 -209 -198 -150 0
443 -315 -324 -468 -209 -250 -50 -225 -198 -381 -276 208 -408 -222 -102 0
442 -288 -12 -308 -144 -399 -132 -525 -108 -159 -365 -334 -213 -408 -102 0
-131 -288 -12 -144 -15 -132 -324 -50 -209 -250 -234 -468 0
-394 -367 -50 -209 -250 -234 -468 -324 -102 -443 -408 -222 -256 208 -52 -355 -426 -225 -276 -315 0
-367 -315 -381 -426 -50 -242 -128 -324 -468 -209 -250 -225 -276 -355 -234 -198 -102 -408 -222 -256 208 -52 0
-131 -315 -52 -198 -426 -222 -484 -276 -12 -15 -324 -50 -209 -250 -234 -468 -225 0
314 -167 -242 -128 -82 -115 -12 -146 -510 -86 -186 -114 -381 -294 -482 -423 -50 -238 -246 -426 -225 -276 -31 0
-315 -102 -355 -222 -225 -198 -276 -250 208 -324 -242 -381 -50 -426 -52 -209 -234 -468 -408 -128 -256 0
-131 -389 -408 -168 -324 -50 -209 -250 -234 -468 208 -222 -52 -247 -426 -355 -276 -225 0
-504 -246 -355 -225 -468 208 -324 0
245 -29 -225 -502 -445 -394 -328 0
315 -276 -408 -426 -381 -225 -50 -250 208 -324 -355 -468 -209 -234 -222 -52 0
-234 -426 -324 -209 -250 -50 -198 -242 -381 -468 -408 -150 0
-315 -246 -522 -247 -338 -502 -209 -36 -33 -250 -468 -50 -504 -198 -324 -313 0
-131 225 -381 -85 -11 -408 -143 -435 -242 -150 -50 -36 -81 -250 -209 -33 -324 -468 -314 -386 -394 0
234 -408 -250 -324 -209 -198 -242 -150 -50 -381 -468 0
14 -435 -234 0
-315 -131 -435 -408 -50 -234 -324 -468 -209 -250 -225 -198 -381 -276 0
-131 -230 -408 -435 -50 -234 -324 -468 -209 -250 -225 -198 -381 -276 0
245 -287 -14 -237 -324 -468 -209 -250 -50 -225 -198 -381 -276 -408 -374 -249 -29 -270 0
13 -435 -234 0
-315 -134 -105 -393 -24 -150 -294 -270 -435 -381 -396 -408 -198 -444 -324 -468 -209 -250 -50 -225 -276 -102 -313 0
-225 -105 -393 -150 -435 -381 -408 -198 -324 -468 -209 -250 -50 -276 -234 -54 0
210 -315 -250 -324 -209 -198 -242 -150 -50 -381 -408 -468 0
-315 -408 -324 -468 -50 -150 -381 -250 -198 -209 -242 0
-131 -420 -198 -468 -324 -209 -242 -150 -250 -447 -504 -102 -50 -381 -408 -36 0
210 -102 -250 -324 -468 -209 -198 -242 -150 -50 -381 -408 0
-504 -336 -444 -381 103 -417 -408 -102 -324 -250 -50 -468 -209 -131 -198 208 0
100 -400 -463 -421 -461 -444 0
-102 -408 -324 -468 -50 -150 -381 -250 -209 -198 -242 0
-408 -198 -242 -381 -50 -324 -468 -250 -209 -150 0
-504 -225 -250 -324 -209 -468 -50 -131 -198 0
-236 -128 -242 -435 -150 -234 -237 -59 -286 -358 -484 0
103 -174 -50 130 -110 -155 -43 -157 -383 -72 -134 -333 -417 0
85 -141 -33 -399 -134 -443 -525 -400 -334 -290 -14 -167 -313 -250 -50 -131 244 -338 -31 -110 -418 -421 -155 -43 -157 -72 -333 -417 -67 -202 -213 -308 -25 -128 149 0
433 -368 -242 -481 -181 -86 -33 -399 -134 -443 -525 -400 -334 -290 -14 -167 -313 -250 -50 -131 244 -338 -31 -110 -418 -421 -155 -43 -157 -72 -333 -417 -67 -202 -213 -308 -25 -128 -440 -358 -234 -150 0
434 -134 -333 -106 -417 -157 -104 -424 -150 0
-443 -481 -242 -181 -86 -33 -399 -134 433 -525 -400 -334 -290 -14 -167 -313 -250 -50 -131 244 -338 -31 -110 -418 -155 -43 -157 -72 -333 -417 -67 -202 -213 -308 -25 -128 -440 -358 -234 -150 -102 -444 0
-225 -131 -444 -102 -242 -250 -50 -72 -213 -150 -435 -336 -324 -468 -209 -198 0
247 -447 -504 -357 -270 0
210 -504 -324 -50 -468 -209 -131 -250 -198 -336 -388 -73 -248 -357 -270 -418 0
-504 -425 -250 -324 -468 -100 -50 225 -102 -209 -131 -198 -336 -73 -372 -440 -167 0
504 -10 -324 -250 -209 -142 0
210 -13 -435 -324 -50 -468 -209 -131 -250 -198 -336 -504 -248 -357 -270 -418 -150 0
442 225 -435 -250 -336 -381 -468 -324 -50 -231 -102 -209 -131 -198 -150 -213 0
-234 -92 -81 -276 -250 -444 -479 -505 -422 -36 -494 -447 -345 -270 -154 -69 -504 -336 -324 -50 -468 -209 -131 -198 -139 -359 -14 -233 -435 0
210 -270 -81 -250 -444 -505 -422 -367 -276 -468 -357 -247 -209 -504 -336 -324 -198 -494 -154 -50 -131 -139 -14 -435 -242 -150 -419 0
-504 -374 -14 -435 -11 -250 -468 -324 -81 -209 -444 -505 -422 -367 -276 -357 -247 -336 -198 -494 -154 -50 -131 -139 -242 -150 -419 -394 0
-131 -102 -198 -468 -324 -209 -242 -150 -50 -250 -381 0
100 -375 -236 -288 -484 -12 -165 -30 0
-81 -412 -234 -150 -394 -440 -435 -247 -381 -522 -505 -250 208 -525 -324 -468 -437 -504 -50 -318 -102 -220 -276 0
-225 -247 -250 -324 -209 -468 -394 -246 -504 208 0
208 -234 -92 -250 -324 -468 -504 -50 -102 -150 -394 -435 -381 -522 -276 -209 -497 -270 -35 0
163 -344 -242 -317 -92 -50 -264 -141 -420 -213 0
-502 -166 -12 -444 -50 -30 -213 -102 -165 -242 -317 -92 -420 -359 -453 -357 -447 -198 -504 0
-100 -235 -107 -468 -324 -478 -388 -497 -166 -366 -288 -314 -213 -44 -12 -444 -165 -154 -250 -451 -394 -50 -246 -102 0
-234 -276 -50 -468 -324 -250 -102 -198 -504 -150 -242 -209 -381 0
-276 -504 -50 -102 -150 -468 -209 -242 -324 -198 -250 -381 0
381 -358 -234 -435 -263 -406 -50 0
242 -36 -324 -468 -209 -250 -50 -150 0
210 -435 -250 -150 -234 -406 -368 -50 -504 -102 -468 -209 -324 -198 -276 -164 -29 0
-244 -34 -245 -324 -468 -209 -250 -50 0
244 -276 -504 -102 -468 -209 -150 -324 -198 -250 -50 0
208 -244 -324 -468 -209 -250 -50 -504 0
-435 -234 -150 -250 -368 -50 -504 -102 -468 -209 -324 -198 -276 -164 -29 0
503 -287 -111 -392 -294 -485 -234 -58 -95 -360 -441 -453 -370 -357 -65 -447 0
11 -426 -33 -294 -392 -238 -443 -95 -370 -15 -234 -360 -357 -447 -198 -504 -111 -485 -58 -65 -250 0
-234 -276 -443 -198 -504 -150 -368 -50 -102 -468 -209 -324 -250 -164 -29 0
-276 -150 -198 -250 -443 -504 -155 -368 -50 -102 -468 -209 -324 -164 -29 0
-435 -234 -447 -504 -198 -33 -250 -443 276 -434 0
251 -357 -33 -247 -209 -315 -198 0
-196 -348 -155 -420 -262 -468 -402 -225 -244 -50 -394 -250 -324 -107 -525 -522 -81 -414 -208 -339 -357 -443 -33 -447 -270 -315 -198 0
-357 -262 -324 -468 -461 -155 276 -74 -414 -209 -504 -50 -250 -443 -198 0
197 -249 -522 -270 -315 -33 -394 -447 -355 -250 0
357 -383 -250 -81 -92 -33 -504 -315 -198 -447 0
-150 -461 -468 -324 -155 -209 -504 -50 -250 -443 -198 -102 -368 -164 -29 0
-315 -358 -263 -96 -344 -246 -33 -36 -313 -209 -250 -468 -50 -504 -198 -324 0
80 -238 -381 -368 -412 -424 -236 -52 -128 -373 -490 -220 0
433 -115 -468 -128 -182 -236 -481 -373 -52 -276 -81 -381 -368 -412 -490 -220 -371 -184 -24 -435 -95 -234 0
-244 -314 -12 -443 -324 -102 -468 -484 -236 -26 -211 -435 -373 -52 -276 -81 -368 -490 -220 -234 -339 -9 -33 -243 -344 -50 -263 -358 -441 -168 -498 -209 -250 0
139 -16 -279 -26 0
32 -52 -47 -106 -133 -109 -256 -384 -348 -276 -214 -81 -435 -490 -236 -234 -468 -127 -358 -202 -139 -211 -406 -334 -388 -339 0
-502 -276 -368 -525 -357 -209 -33 -384 -348 -468 -435 -234 -339 -9 -243 -50 -36 -12 -443 -324 -102 -250 -504 -198 -164 -29 -453 -447 0
237 -381 -263 -107 -468 -324 -366 -100 -497 -44 -166 -288 -388 -314 -235 -12 -444 -165 -154 -250 -451 -394 -50 -246 -102 -359 -484 -413 0
236 -495 -406 -211 -384 -348 -276 -421 -81 -454 -221 -53 -484 -373 0
31 -263 -468 -435 -234 -324 -50 -107 -100 -497 -44 -166 -314 -235 -12 -250 -451 -394 -102 -359 -384 -348 -276 -81 -221 -53 -335 -339 0
-276 -525 -50 -468 -324 -250 -33 -234 -100 -12 -102 -348 -339 -453 -357 -447 -209 -504 -198 0
252 -234 -357 -447 -504 -209 -324 -198 -33 -250 -50 -468 -100 -102 0
-234 -33 -468 -250 -357 -447 -324 -209 -504 -198 -50 -100 -102 0
-33 -447 -357 -50 -468 -209 -504 -324 -198 -250 -100 -102 0
33 -36 -209 -250 -468 -50 -504 -198 -324 0
-81 -234 -100 -324 -468 -504 -50 -102 -209 -250 -198 -276 0
81 -36 -250 -324 -209 -468 -50 -504 -198 0
-276 -100 -209 -250 -50 -468 -504 -198 -324 -102 0
-100 -102 -324 -209 -250 -50 -504 -198 -468 0
-502 -294 -484 -490 -468 -102 -324 -420 -250 -209 -81 -276 -33 -36 -315 -50 -504 -198 -447 0
502 -525 -436 -468 -324 -250 -223 -208 -497 -33 -315 -224 -394 -447 -522 -198 0
466 -502 -468 -102 -324 -420 -250 -209 -81 -276 -33 -36 -315 -50 -504 -198 -447 0
-435 -15 -234 0
-150 -36 -504 -102 -468 -209 -324 -198 -250 -276 -50 0
-315 -208 -468 -324 -250 -223 -318 -33 -224 -198 -246 -314 -357 -247 -209 -50 -504 0
-131 -436 -367 -9 -519 -243 -417 -276 -81 -133 -220 -85 -250 -444 -389 -92 -479 -168 -104 -505 -157 -246 -498 -422 -36 -50 -132 -324 -468 -209 0
245 -141 -279 -212 -407 -381 -412 -236 -129 -243 -168 -318 -96 0
467 -412 -168 -243 -96 -50 -246 -279 -212 -407 -381 -9 -236 -318 -324 -115 0
466 -236 100 -288 -165 -30 -359 -250 -452 -324 -468 0
337 -236 -243 -96 -50 -246 -279 -212 -407 -381 -9 -168 -318 -324 467 0
-502 -262 225 -250 -468 -324 -50 -209 -243 -36 -33 -96 -407 -9 -168 100 -288 -247 -447 -504 -394 0
140 -17 -279 -25 0
-236 -140 -203 -187 -515 -468 -53 -491 100 -288 -12 -165 -30 -128 -235 0
466 -85 -324 -182 0
-208 -234 -81 -33 -276 -324 -468 -250 -50 -209 -504 -198 -102 0
-234 -33 -468 -504 -102 -209 -276 -324 -198 -50 -81 -250 0
-33 -81 -468 -250 -276 -324 -50 -209 -504 -102 -198 0
33 -276 -102 -468 -209 -504 -324 -198 -250 -50 0
81 -246 -324 -209 -468 -394 -250 -504 0
-33 -102 -468 -209 -250 -50 -324 -198 -504 0
-102 -198 -324 -209 -504 -468 -250 -50 0
-150 -381 -468 -338 -250 -236 245 -436 -433 -357 -446 -209 -328 -504 -324 -198 -242 -50 -234 0
150 -7 -262 -358 -510 -441 -98 -95 -85 -234 -420 0
-242 -13 -324 -468 -250 -276 -402 -389 -334 -300 -85 -433 -338 -236 -436 -446 -209 -328 -504 -198 -50 -234 -358 -510 0
421 -425 -276 -402 -104 0
113 -98 -510 -85 0
-234 -402 -276 -58 -104 -236 -129 -324 -468 -209 -250 -50 -389 -334 -300 -85 -338 -436 -446 -328 -504 -198 -510 -233 0
-381 -26 -81 -324 -468 -250 -452 -165 -360 -141 -220 -11 -287 -485 -236 -412 -198 -242 -50 -209 -150 -379 0
-150 -360 -262 -452 -92 -324 -468 -250 -81 -347 -276 -402 -334 -165 -141 -220 -11 -485 -236 -412 -198 -50 -209 -379 -369 -85 -15 -129 -435 -243 -148 -36 0
241 -141 -277 -168 -11 -182 -98 -85 -129 -9 0
251 -58 -324 -468 -250 -182 -85 -276 -485 -198 -50 -209 -504 -464 -116 -502 0
-381 -423 -400 -444 -295 -186 -334 -147 -198 -242 -50 -324 -468 -250 -209 -150 -379 0
-435 -295 -444 -22 -334 -198 -242 -50 -324 -468 -250 -209 -150 -379 -107 -392 -52 -285 -113 -420 -238 -262 -58 -370 -358 -441 -95 -234 -434 0
360 -392 -507 -497 -313 -107 -276 -426 -238 -370 -64 -478 -262 -58 0
-150 -234 -485 -58 -95 -441 503 -453 -357 -447 -262 -507 -497 -313 -107 -276 -198 -50 -324 -468 -250 -209 -444 -22 -334 -379 -285 -420 -369 -85 -75 -243 -148 -36 0
32 -7 -234 -358 -441 150 -95 -85 -262 -420 -438 -116 -497 -339 -313 0
241 -485 -236 -12 -379 -369 -438 -525 -430 -344 -357 -502 -247 -209 -33 -234 -358 -441 150 -95 -85 -262 -420 -116 -497 -339 -313 -182 0
-32 -430 225 -250 -468 -197 -324 -262 -50 -115 -28 -209 -497 -515 -133 -525 -177 -68 -344 -33 0
467 -502 -324 -468 -209 -250 -50 -504 -198 -276 0
-435 -478 -468 -452 -250 -209 -324 -246 -224 -247 -50 -504 -198 -256 -59 -502 -358 -484 -234 381 -434 0
423 -286 -262 -59 -148 -234 -358 -236 -334 -92 -408 -510 -296 -348 -276 -81 -75 -137 -256 -157 -124 -484 -332 -123 -220 -165 -420 -112 -104 0
108 -190 -133 -162 -157 -119 0
359 -124 -133 -256 -107 -202 -525 -277 -294 -430 -67 -408 -383 -344 -444 -95 -92 -15 -441 -262 -234 0
-150 -502 -468 -250 -209 -324 -50 -504 -198 -276 0
-502 -276 -250 -209 -324 -50 -504 -198 -468 0
-435 -238 -370 -441 -426 -95 -434 -234 0
-436 -26 -141 -277 -67 -390 -33 -468 -324 -250 -451 -223 -208 502 -497 -224 -394 -447 -522 -198 -438 0
237 -67 -187 -515 -107 -81 -276 -33 -497 -141 -277 -390 -468 -324 -250 -208 502 -394 -447 -522 -198 -438 -374 -127 0
-150 -60 -324 -468 -187 -515 -107 -276 -497 -141 -277 -250 -208 502 -394 -522 -198 -438 -374 -479 -75 -243 -148 -209 -50 0
-436 -129 -187 -515 -243 -120 -371 -107 -479 -33 -507 -468 -324 -250 -451 -223 -208 -497 -166 502 -224 -394 -447 -522 -198 -438 0
313 -384 -348 -92 -81 -343 -276 -33 0
360 -243 -107 -507 -468 -324 -250 -208 -497 502 -394 -522 -198 -438 -262 -165 -92 -276 -441 -95 -277 -75 -148 -209 -50 0
31 -425 -81 -165 -262 -203 -75 -420 -444 -234 -148 -95 -335 -276 -53 -491 -14 -286 -12 -26 -139 -277 -67 -343 -431 -525 -438 -497 -314 0
237 -67 -444 -314 -497 -276 -379 -438 -525 -462 -339 -196 -468 -324 -250 -343 -451 -208 -33 -81 -165 -262 -203 -75 -420 -234 -148 -95 -335 -53 -491 -14 -12 -139 -277 -434 -431 -240 -369 -87 -127 -58 0
-150 -257 -134 -343 -369 -431 -525 -324 -468 -491 -314 -276 -316 -244 -58 -235 -444 -379 -462 -339 -196 -250 -451 -208 -165 -262 -203 -75 -234 -335 -53 -14 -12 -139 -277 -434 -371 -209 -50 0
237 -257 -134 -107 -157 -68 -17 -139 -491 -116 -243 -9 -98 -12 -288 -468 -324 -58 0
159 -384 -92 -262 -253 -257 -134 -107 0
127 -68 -17 -176 -139 -491 -116 0
140 -17 -277 -27 0
407 -475 -118 -422 -203 -444 -213 0
-276 -198 -324 -250 -209 -50 -468 -504 0
223 -522 -30 0
-198 -209 -324 -250 -50 -468 -504 0
-317 -242 -198 -50 -324 -468 -250 -209 -434 -382 -91 504 0
128 -95 -468 -50 -250 -209 -198 -324 -436 -497 -382 -91 504 -359 0
-435 -150 -359 -424 -234 -288 -59 -12 -262 -241 -144 -91 -324 466 -468 -209 -250 -50 -168 -95 0
-150 -288 -359 -270 -257 -234 -396 -522 -59 -30 -12 -382 -262 -144 -91 -324 -468 -209 -250 -50 -198 -381 -424 -241 466 -168 -95 0
-36 -497 -436 -50 504 -328 -209 0
358 -317 -50 -324 -468 -250 -209 -198 -91 504 -150 -435 0
-244 -435 504 -50 -324 -468 -250 -209 -198 -91 -150 -247 -262 0
-435 -497 -314 -262 -436 -198 -50 -324 -468 -250 -209 504 -91 -247 0
-242 -359 -412 -198 -50 -324 -468 -250 -209 -317 -434 -91 504 -150 -408 0
358 -128 -484 -237 -287 -490 -15 -453 -234 0
452 -382 -150 -314 -359 -288 -262 -91 -324 -468 -209 -250 -50 -198 -381 -241 -95 -276 -104 -258 0
-244 -150 -247 -314 -262 -91 -324 -468 -209 -250 -50 -198 -276 -104 -412 -15 -434 -408 0
-497 -436 -50 -324 -468 -250 -209 -247 -314 -262 -91 -276 -104 -412 -198 0
360 -75 -247 -479 -356 -389 -167 -490 -314 -127 -250 208 -324 -237 -440 0
-436 -247 -276 -50 -389 -314 -250 -324 -209 -262 -198 -468 -91 -104 -412 0
-435 -242 -198 -314 -496 -324 -468 -50 -150 -389 -250 -209 504 -91 -247 -262 0
-242 -150 -198 -50 -324 -468 -250 -209 -247 -314 -262 -91 -276 -104 -412 -389 0
-150 -247 -314 -262 -91 -324 -468 -209 -250 -50 -198 -276 -104 -412 -389 0
32 -50 -276 -250 -324 -209 -262 -468 -198 0
-244 -435 -262 -50 -324 -468 -250 -209 -198 -150 -91 -276 0
275 -223 -79 0
-435 -242 -276 -324 -468 -50 -150 -198 -250 -209 -262 -91 0
-242 -91 -50 -324 -468 -250 -209 -198 -150 -262 -276 0
313 -165 -463 -462 -400 -79 -443 -276 0
-91 -150 -276 -262 -50 -324 -468 -250 -209 -198 0
313 -242 -324 -468 -50 -150 -109 -250 -209 -198 -262 -29 -444 -276 0
-394 -29 -502 -445 245 -328 -396 0
-244 -444 -468 -276 -250 -209 -50 -198 -262 -324 -288 0
15 -150 -262 -468 -324 -209 -198 -50 -250 -276 0
-244 -426 -468 -250 -209 -50 -198 -262 -324 -276 0
-150 -50 -468 -324 -250 -209 -198 -262 -276 0
-50 -209 -468 -324 -250 -198 -276 -262 0
-244 -150 -276 -250 -324 -198 -468 -262 -209 0
-435 208 -250 -324 -25 -164 -28 -127 -276 -490 -180 -360 -111 -286 -434 0
442 -356 -453 -223 -360 -28 -234 -101 -15 0
241 -314 -250 -324 -276 -209 -468 -525 50 -246 -223 -262 -34 -150 0
251 -128 -209 -276 -250 -324 -468 -262 -314 -198 -246 -525 0
-225 -444 -101 -15 -234 -360 -246 -468 -324 -453 -339 -33 -276 -209 -223 0
100 -490 -391 -257 -111 -128 358 -15 -191 -453 -234 -468 -445 -324 -209 -87 -420 -369 -165 0
425 -134 -191 -391 -103 0
446 -115 -276 -53 -426 -191 -391 -211 -139 -223 -23 -339 -185 -33 -371 -480 -73 -247 -334 -198 -504 0
127 -504 -58 -324 -209 -445 -276 -53 -426 -191 -391 -211 -139 -223 -23 -339 -185 -33 -371 -480 -73 -247 -334 -198 0
-504 -445 -33 -391 -339 -426 -328 -276 -468 -223 -491 -128 -58 -324 -209 -53 -211 -139 -23 -185 -371 -480 -73 -247 -334 -198 -294 -83 -94 -439 0
452 -33 -468 -339 -324 -128 -209 -391 -328 -276 -223 -23 -371 -480 -73 -198 -94 -380 -444 -15 -234 -360 -357 0
-502 -388 -426 -240 -369 -468 -87 -324 -59 -128 -140 -278 -68 -462 -168 -33 -421 -335 -198 -504 -394 0
502 -446 -209 0
-504 -248 -73 -480 -394 -426 -240 -369 -468 -87 -324 -59 -128 -140 -278 -68 -462 -168 -33 -421 -335 -198 -502 0
315 -15 -73 -480 -468 -87 -324 -128 -278 -68 -198 -371 -101 -94 -209 -234 -360 -453 -339 -391 -328 -276 -223 -23 -380 -246 0
-15 -68 -438 -101 -420 -468 -339 -324 -128 -209 -391 -328 -276 -223 -23 -371 -480 -73 -198 -94 -380 -234 -360 -250 -314 -87 -278 -453 -246 0
237 -368 -236 -165 -12 -288 -30 -101 -468 -87 -324 -59 0
424 -186 -23 -220 -444 -236 -165 -12 -288 -30 -101 -33 -87 -247 -502 -357 -209 -324 -468 -490 -128 -59 -240 0
127 -230 -140 -288 -407 -468 -12 -165 -324 -227 -374 -59 -236 0
-504 -140 -420 -444 -12 -407 -288 -87 -111 -324 -276 -468 -59 -490 -128 -391 -52 -425 -23 -101 -209 -198 -314 -371 -355 -440 -246 -250 0
-314 -150 -276 -324 -209 -468 -198 -250 -262 0
-33 -59 -416 -424 -111 -236 -438 -525 -491 -243 -357 -150 -446 -34 -344 -209 -250 -315 -247 -198 -32 0
127 -406 -424 -211 -53 -453 -278 -360 -150 -67 -59 -243 -236 0
-59 -220 -202 -400 -131 -34 -150 -243 -424 -278 -360 -236 -443 -375 -101 -491 -165 -250 -525 -468 -446 -420 -324 -504 -344 -209 -416 -111 -438 -357 -315 -247 -198 -32 0
-504 -315 -250 -209 -198 -360 -324 -202 -400 -131 -34 -150 -243 -424 -278 -443 -101 -525 -468 -420 -416 -111 -438 -32 -79 -276 -394 -502 -246 0
491 -228 -150 -443 -101 -424 -164 -234 -373 -360 -220 -453 -79 0
235 -345 -262 -51 -250 -324 208 -164 -276 -490 -360 -111 -131 -356 -223 -101 -34 -443 -150 -243 -521 -424 -220 -79 0
-81 -374 -220 -164 -79 -276 0
163 -82 -292 -94 -385 -131 -424 -324 -250 -209 504 -52 -29 -374 -101 0
-150 -209 -250 -324 -468 -276 -262 -198 0
452 -94 -441 -435 -360 -250 0
-234 -94 -360 -441 -232 -435 0
100 -13 -209 -198 -250 -33 -360 -232 -435 -504 -245 -420 -223 -165 0
246 -223 -522 -49 -100 0
425 -33 -468 -59 -504 -324 -198 -250 -360 -435 -245 -49 -209 -111 -420 -165 -393 -276 0
323 -191 -393 -270 -59 -384 -504 -236 -447 -209 -231 -262 -51 -131 -127 -357 -54 -386 -117 -452 -468 -250 0
442 -374 -504 -270 -112 -236 -59 -324 -393 -384 -447 -209 -262 -51 -131 -357 -54 -452 -468 -250 -243 -370 -23 -369 -294 -147 -140 -380 -212 -407 0
322 -314 -9 -81 -167 -243 -198 -504 -374 -236 -468 -59 0
237 -212 -140 -407 -115 -230 -288 -236 -468 -12 -324 -374 -59 -165 -111 -484 0
164 -236 -294 -393 -111 -384 -81 -59 -23 -140 -407 -288 -468 -324 -165 -504 -447 -209 -357 -54 -452 -250 -9 -167 -243 -198 -444 -262 -51 -131 -370 -369 -147 -380 -420 0
252 -228 -294 -393 -23 -133 -111 -254 -384 -220 -373 -164 -81 -276 -54 -452 0
235 -373 -468 -209 -276 -250 -324 -262 -198 -246 -33 -294 -140 -164 -54 -447 -504 -59 0
-236 -447 -54 -324 -59 -468 -209 -276 -262 -198 -246 -33 -294 -140 -250 -504 -165 -407 -288 -167 -444 -370 -369 -147 0
502 -452 -250 -357 -198 -209 0
-100 -234 -324 -468 -250 -276 -209 -59 -262 -198 -33 -504 -165 -54 0
-234 -54 -504 -209 -262 -59 -468 -250 -165 -324 -198 -33 -276 0
-33 -59 -324 -468 -250 -165 -209 -262 -198 -504 -276 -424 0
33 -165 -324 -209 -468 -504 -250 -394 -93 -522 -49 -384 -420 0
-165 -504 -276 -250 -324 -468 -262 -198 -209 -424 0
-504 -424 -276 -198 -209 -250 -468 -324 -262 0
163 -105 -256 -111 -313 -288 -444 -407 -29 -380 -101 504 -94 -82 -131 -424 -324 -250 -209 -385 -52 -374 0
451 -400 -463 -313 -101 -164 -111 -380 504 -94 -131 -424 -324 -250 -209 -385 -435 -223 -360 0
-424 -209 -324 -276 -198 -262 -250 -468 0
251 -140 -168 -374 -81 -198 -504 -236 -468 -59 -525 -339 -324 -209 -276 -250 -262 0
20 -120 -202 -107 -212 -158 -140 150 -383 -348 -81 -115 -344 -238 -236 -165 -12 -288 -30 -101 -468 237 -324 -59 -86 -112 0
-81 -59 -276 -202 -344 -236 -165 -468 -324 -444 -374 -198 -504 -209 -262 -250 -33 -168 -525 -446 -452 -247 0
81 -165 -420 -209 275 0
-165 -202 -324 -468 -250 -276 -452 -344 -236 -444 -374 -198 -504 -209 -262 -33 -168 -525 -446 -247 0
-502 -452 -33 -209 -468 -504 -250 -276 -324 -374 -198 -262 0
-452 -374 -250 -324 -276 -209 -33 -504 -468 -198 -262 0
452 -394 -224 -250 -324 -245 -522 -441 -435 -360 0
60 -253 -111 -256 -227 -214 0
-242 -125 -191 -493 -107 -158 150 -383 -348 -81 -16 -26 -140 -115 -129 0
323 -444 -380 -407 -369 -238 -113 -420 -391 -504 -140 -111 -324 -276 -468 -59 -425 -490 -52 -23 -101 -209 -198 -314 -355 -440 -250 150 -81 -103 -133 -256 -236 -214 -168 -94 -346 0
-81 -504 -324 -468 -276 -209 -198 -250 -262 0
-504 -209 -324 -276 -250 -468 -198 -262 0
-209 -198 -468 -276 -250 -324 -262 0
60 -498 -35 -437 -383 -276 -81 -244 -274 -491 -92 -262 -358 -235 0
316 -379 -12 -30 -85 -101 -437 -50 0
31 -101 -248 -276 -81 -244 -274 -491 -522 -383 -250 -198 502 -92 -35 -437 -262 -85 -68 -358 -58 0
-128 -242 -383 -12 -248 -262 -339 -496 -101 -414 -437 -85 -276 -81 -244 -274 -491 -129 0
149 -297 -166 -390 -158 -352 -515 -105 -95 -369 -425 -14 -85 -433 -7 0
241 -110 -135 -415 -256 -105 -92 -383 -166 -390 -158 -515 -95 -425 -85 -335 -152 -203 -212 -116 -141 -442 -101 -437 -262 -50 -317 -68 0
316 -150 -85 -383 -12 -248 -50 -262 -30 -339 -496 -101 -414 -437 0
109 -422 -401 -425 -52 -105 -158 -352 -515 -227 -107 0
-150 -286 -415 -522 -30 -105 -12 -135 -248 -256 -110 -401 -425 -52 -158 -515 -227 -85 -35 -442 -101 -437 -241 -262 -92 -50 -317 -383 -339 -496 -414 0
237 -101 -52 -285 -135 -158 -43 -256 -50 -401 -425 -105 -317 -437 -496 -442 -92 -234 -383 -35 -415 -522 -30 -12 -248 -85 -262 -339 -166 -390 -95 -335 -152 -203 -212 -116 -68 -358 -485 -58 0
164 -358 -262 -441 -58 -52 -285 -135 -158 -43 -256 -437 -92 -383 -35 -522 -248 -85 -152 -116 -68 -485 -32 -276 -81 -244 -274 -491 -250 -198 502 0
-101 -298 -43 -464 -158 -52 -285 -135 -256 237 -437 -92 -383 -35 -522 -248 -85 -262 -152 -116 -68 -358 -485 -58 -103 -32 -100 -276 -81 -244 -274 -491 -250 -198 502 0
451 -285 -32 -158 -464 -135 -437 -383 -35 -522 -248 -85 -262 -152 -116 -485 -58 -276 -81 -244 -274 -491 -250 -198 502 -419 -375 -441 -431 0
236 -417 -349 -314 -496 -369 -130 -85 -75 -35 -433 -234 -359 -276 -81 -244 -274 -316 -491 -58 0
263 -150 -35 -391 -130 -227 -401 -425 -105 -52 -158 -422 -352 -111 0
264 -422 -85 -182 -477 -285 -120 -203 -444 -433 -165 -234 -419 -359 0
-52 -105 -383 -130 -158 -352 -35 -262 -85 -182 -477 -285 -203 -444 -234 -419 -359 -58 -235 -314 -496 -369 -75 -276 -81 -244 -274 -316 -491 -257 -331 -135 -53 0
132 -150 -227 -479 -393 -75 -507 -110 -496 -35 0
109 -415 -331 -291 -135 -454 -158 -118 -227 -107 0
494 -454 -44 -156 0
Solved
