57 -19 -115 0
117 -189 -199 -29 -92 -19 0
126 -186 -353 -97 -143 -1 -220 0
384 -385 -13 -143 -94 -70 -202 -292 -166 -256 -346 0
415 -199 -70 -202 -166 -256 -254 -13 -143 -47 -353 -97 -1 -220 -115 -56 -398 0
163 -184 -220 -1 -143 0
257 -369 -126 -398 -40 -202 -208 -166 -148 0
144 -179 -392 -40 -202 -208 -166 -256 -126 -398 -250 -176 -47 -68 -13 -220 -163 -70 -1 0
27 -407 -11 0
203 -94 -25 -11 -285 -415 -398 -40 -208 -256 -166 -47 0
-94 -179 -392 -40 -208 -256 -166 -202 -25 -11 -285 -415 -398 -47 0
42 -61 -392 -235 -179 0
-186 -40 -398 -47 -202 -208 -166 -256 -199 -392 -25 -11 -285 -415 -184 -353 -97 -143 -1 -220 0
41 -69 -11 -47 -340 -25 -13 -163 -254 -92 -202 -378 -166 -398 -256 -208 -199 -392 -40 -285 -415 0
46 -163 -374 -69 0
280 -327 -25 -11 0
63 -297 -369 -78 -250 -378 -188 -176 -398 -415 -388 -285 -327 -163 -280 -191 -392 0
236 -96 -63 0
19 -415 -398 -250 -392 -25 -11 -47 -202 -166 -256 -199 -340 -13 -254 -353 -97 -143 -1 -220 -115 -56 0
237 -94 -415 -256 -166 -202 -19 0
258 -237 -143 -70 -25 -11 -353 -97 -1 -220 -115 -283 -19 -199 -415 -376 -392 -398 -13 -94 -202 -166 0
210 -63 -293 -237 -415 -19 0
417 -237 -63 -398 -293 0
-94 -199 -353 -97 -143 -1 -220 -25 -11 -19 -415 -398 -202 -166 -256 -70 -115 -283 -376 -392 -13 0
367 -333 -97 -11 -403 -25 -374 -169 -291 -47 0
69 -163 -13 0
42 -349 -13 -11 -25 -47 -70 -340 -190 -415 -115 -199 -19 -392 -235 -61 0
21 -178 -13 -143 -70 -25 -11 -349 -283 -190 -415 -115 0
-374 -332 -291 -368 -47 -69 -163 -375 0
236 -199 -25 -11 -13 -310 -47 -202 -337 -70 -166 -148 -398 -256 -415 -115 -19 -143 -283 -340 -392 -235 -61 -96 0
165 -23 -401 -317 -409 -92 -382 -348 -69 -254 -13 0
124 -407 -317 -11 -280 -13 -163 -401 -409 -92 -254 -148 -256 -166 -202 -369 0
416 -163 -199 -220 -187 -11 -13 -1 -409 -254 -148 -256 -166 -202 -47 -25 -353 -97 -143 -115 -283 -19 0
164 -178 -185 -291 -368 -47 -163 -375 -13 0
-163 -148 -25 -11 -47 -143 -13 -202 -166 -392 -199 -256 -187 -115 -42 -283 -19 -415 -220 -1 -409 -254 -353 -97 0
418 -11 -25 -340 -13 -220 -70 -1 -143 -47 -202 -166 -392 -256 -115 -254 -353 -398 -310 -337 -56 -250 0
15 -163 -256 -166 -202 -25 -11 -398 -47 -56 -115 -201 -176 -69 -392 -107 -23 0
200 -19 -415 -398 -184 -180 -42 0
-19 -42 -369 -163 -11 -280 -13 -254 -256 -166 -202 -107 -25 -75 -415 -388 -115 -126 -201 -398 -184 -180 -56 0
-42 -415 -369 -202 -126 -166 -256 -392 -25 -11 -398 -47 -56 -163 -280 -13 -254 -107 -75 -388 -115 -201 -184 -180 0
20 -121 -392 -191 -388 -115 0
-415 -184 -392 -250 -176 -369 -297 -398 -388 -327 -163 -191 -202 -166 -256 -283 -56 -20 -126 -25 -11 -47 -13 -254 -107 -75 -115 -201 -180 0
-163 -107 -56 -398 -115 -392 -250 -176 -202 -166 -256 -126 -25 -11 -47 -13 -254 -201 -143 -69 -23 0
422 -56 -13 -340 -115 -250 -202 -166 -256 -25 -254 -220 -1 -419 -70 -353 -310 -337 0
46 -163 -13 0
14 -19 -184 -115 -178 -190 -280 -254 -163 0
-19 -178 -184 -13 -190 -70 -25 -11 -349 -415 -115 -144 -163 -280 -254 -56 0
391 -376 -163 -280 -256 -254 -115 -56 -42 -184 -13 -70 -25 -11 -415 -144 0
237 -19 -415 -256 -166 -202 -62 0
-19 -191 -280 -13 -184 -115 -254 -163 -350 -326 -415 -144 -179 -42 -235 -256 -166 -202 -62 -56 0
397 -42 -166 -256 -202 -280 -13 -184 -115 -254 -163 -326 -415 -144 -56 -393 -70 -25 -11 0
-19 -42 -163 -280 -256 -254 -115 -56 -393 -184 -13 -70 -25 -11 -415 -144 -21 0
-42 -415 -280 -163 -254 -202 -374 -166 -256 -115 -56 -184 -13 -70 -25 -11 -393 -144 -406 -399 -326 0
165 -318 -38 -224 -374 -254 -13 0
20 -415 -250 -280 -144 -163 -374 -254 -13 -326 -25 -406 -227 -115 0
164 -176 -289 -25 -388 -406 -415 -285 -393 -326 -191 -280 0
407 165 -374 -254 -13 -25 0
-415 -406 -399 -374 -254 -13 -25 -163 -393 -326 -280 -368 -202 -166 -256 -115 -56 -250 -144 -227 -184 -70 -11 0
164 -236 -393 -19 -184 -328 -202 -166 -256 -292 -70 -385 -144 -13 0
-11 -368 -202 -166 -256 -70 -340 -25 -374 -13 -254 -163 -393 -184 -144 -56 -399 -115 -326 -250 -227 -12 0
21 -121 -393 -192 -388 -115 0
20 -227 -37 -84 -264 -121 -74 -388 -115 0
-163 -393 -250 -115 -56 -144 -13 -25 -202 -166 -256 -70 -340 -254 -399 -12 -48 0
-56 -254 -250 -340 -13 -220 -1 -49 -115 -25 -202 -166 -256 -70 -421 -419 -353 -310 -337 0
392 -66 -40 -166 -208 -256 -377 -202 -415 165 -254 -13 -25 -46 -11 -421 0
165 -280 -177 -388 -46 -421 -40 -166 -208 -256 -377 -202 -415 -254 -13 -25 -192 -340 -250 0
326 -186 -202 -40 -166 -256 -97 -392 -25 -11 -208 -415 -184 -353 -199 -143 -1 -220 -421 -46 0
73 -123 -415 -84 -284 -406 -327 -202 -40 -166 -256 -392 -25 -11 -208 -184 -353 -143 -1 -220 -421 -46 -419 -178 -250 -264 -177 0
391 -392 -65 -415 -421 -374 -11 -46 -25 -327 -388 -74 -84 -284 -406 -202 -40 -166 -256 -377 -208 -184 -353 -143 -1 -220 -419 -250 -264 -177 -192 0
210 -29 -369 -148 -40 -202 -398 -166 -208 -256 -377 0
209 -293 -202 -63 -166 -148 -256 -40 0
408 -369 -93 -377 -40 -202 -398 -166 -208 -256 -63 -24 -415 -223 0
393 -406 -93 -377 -138 -65 -415 -25 -402 -40 -202 -166 -208 -256 -24 -374 -46 -421 0
-392 -393 -65 -415 -421 -374 -11 -46 -25 -327 -388 -74 -84 -284 -406 -202 -40 -166 -256 -377 -208 -184 -353 -143 -1 -220 -419 -250 -264 -177 -192 0
-11 -264 -250 -177 -74 -415 -388 -84 -284 -327 -46 -421 -192 -65 -374 -25 -202 -40 -166 -256 -377 -208 -184 -353 -143 -1 -220 -419 -93 -138 -402 -24 -12 0
-392 -368 -126 -404 -296 -187 -49 -419 -40 -235 -37 -250 -264 -177 -74 -388 -84 -121 -192 -393 0
-280 -163 -49 -419 -250 -177 -388 -192 -40 -377 -415 -284 -421 -25 -202 -166 -256 -208 -184 -353 -1 -220 -93 -402 -340 -13 -404 -254 0
-11 -46 -421 -25 280 0
-163 -419 -25 -49 -421 -250 -177 -388 -192 -40 -377 -415 -284 -202 -166 -256 -208 -184 -353 -1 -220 -93 -402 -340 -13 -404 -254 0
428 -337 -1 -25 -49 -421 -250 -202 -166 -256 -340 -13 -115 -70 -310 -220 0
417 -369 257 -377 -40 -202 -398 -166 -208 -25 -11 -415 -47 -256 0
63 -236 -95 0
-47 -93 -415 -406 -377 -40 -202 -63 -166 -208 -256 -24 257 -25 -11 -421 -374 -46 0
391 -321 -250 -38 -177 -406 -74 -415 -388 -327 -377 -40 -202 -166 -208 -256 -24 -25 -11 -421 -374 -46 -115 -192 -179 0
416 -327 -115 -377 -369 -40 -202 -63 -166 -208 -256 -398 -24 -415 -223 -25 -406 -11 0
-177 -192 -208 -392 -256 -166 -202 -25 -11 -415 -377 -115 -46 -421 -250 -388 -40 -262 -13 -163 -254 -340 0
417 -56 -377 -398 -20 0
21 -208 -40 0
24 -106 -163 -250 -177 -13 0
-254 -392 -208 -256 -166 -202 -25 -11 -415 -377 -115 -46 -421 -250 -388 -40 -177 -13 -163 -192 -340 -255 0
-46 -47 -388 -208 -256 -166 -202 -25 -11 -415 -377 -115 -421 -40 -13 -340 -255 -55 -220 -1 -184 -284 -326 -250 0
163 -386 -70 -220 -1 -184 0
-392 -192 -163 -393 -208 -256 -166 -202 -25 -11 -415 -377 -115 -421 -250 -388 -40 -177 -13 -340 -255 0
-254 -177 -250 -388 -123 -39 -326 -280 -13 -163 -421 -40 -166 -208 -256 -377 -202 -415 -25 -192 -340 -255 0
416 -377 -40 -166 -208 -256 -250 -13 -340 -421 -202 -415 -25 -255 -11 -115 -220 -1 -70 0
-254 -192 -250 -115 -163 -13 -25 -202 -166 -256 -70 -340 -399 -421 -208 -11 -415 -377 -388 -40 -177 -285 -255 0
-392 -191 417 -377 -388 -115 -326 -46 -421 -391 0
20 -208 -40 0
-192 -177 -256 -202 -377 417 -163 -250 -166 -13 -25 -46 -11 -70 -421 -115 -340 -208 -415 -40 -255 0
-177 -163 -256 -208 -46 -13 -421 -377 -1 417 -115 -202 -250 -166 -25 -11 -70 -340 -415 -40 -255 0
-163 -11 -202 -1 -166 -256 -40 -208 -46 -250 -115 -13 -25 -70 -340 -220 -421 -377 -415 -255 0
163 -184 -220 -1 0
-340 -220 -47 -25 -11 -202 -166 -256 -13 -254 -250 -84 -421 -374 -46 -74 -406 -40 -377 -208 -264 -177 -192 -24 -342 -163 0
164 -254 -202 -166 -256 -40 -208 -377 -47 -25 -11 -13 -250 -421 -46 -177 -192 -163 0
-254 -192 -46 -421 -40 -166 -208 -256 -377 -202 -177 -13 -25 -250 -163 -47 -11 0
-192 -47 -377 -166 -256 -40 -208 -46 -11 -250 -25 -13 -421 -163 -177 -202 0
-47 -177 -166 -256 -40 -208 -46 -11 -250 -25 -13 -421 -163 -377 -202 0
-392 -192 -256 -166 -202 -25 -11 -377 -46 -421 -250 -40 -177 -13 -163 -208 0
-340 -254 -11 -177 -46 -421 -192 -25 -202 -40 -166 -256 -377 -208 -13 -163 -250 0
325 -448 -115 -202 -55 -368 -415 -25 -406 -11 -374 -254 -13 -163 -73 -388 -123 0
-254 -192 -13 -25 -163 -166 -256 -250 -11 -177 -46 -421 -202 -40 -377 -208 0
-70 -340 -202 -377 -166 -256 -40 -208 -46 -11 -250 -25 -13 -220 -255 -421 -163 -144 -72 0
70 -148 -368 -202 -25 -256 -406 -415 -184 -387 -144 0
57 -283 -293 -202 -399 -415 -448 -377 -62 -115 0
-283 -291 -368 -25 -11 -202 -415 -448 -115 -55 -293 -399 -377 -62 0
-192 -177 -202 -25 -11 -166 -256 -40 -208 -46 -250 -13 -421 -163 -377 0
-177 -13 -166 -25 -256 -208 -377 -163 -11 -40 -46 -250 -202 -421 0
416 -326 -421 -46 -397 -285 0
-326 -391 -293 -63 -377 -388 -115 -46 -421 -191 -415 -397 -285 0
326 -56 -377 -20 -415 -421 -11 -46 -25 0
-13 -250 -377 -166 -256 -40 -208 -46 -11 -202 -25 -421 -163 0
57 416 -421 -46 -377 -326 0
48 -293 -166 -202 -256 -40 -208 -192 -280 -445 -163 -421 -67 0
416 -22 -40 -208 -256 -202 -166 -377 -445 -163 -421 -67 -46 -25 -11 0
165 -192 -377 -388 -115 -326 -46 -421 417 -280 -67 0
-192 -326 -377 -388 -115 -46 -421 -415 -256 -202 -166 -20 417 -55 -445 -280 -67 -163 0
192 -67 -46 -421 -163 -20 -377 417 -280 -115 0
13 -11 -46 -377 -421 -256 -202 -166 -40 -208 -25 -163 0
416 -107 -377 -421 -208 -46 -374 -224 -25 -406 -11 0
164 -326 -115 -25 -55 -415 -421 -208 -46 -11 -377 -22 -13 0
416 -108 -377 -75 -175 -318 -115 -25 -55 -11 -421 -46 -326 0
-326 -192 -11 -421 -377 -388 -115 -415 -175 -25 -55 -46 -22 -13 -163 -208 0
326 -11 -377 -256 -40 -202 -166 -25 -208 -163 -421 -46 0
-11 -421 -46 -377 -163 -25 -208 -256 -40 -202 -166 0
417 -326 -166 -202 -377 -388 -115 -46 -421 -415 -256 -70 -208 -192 -20 -55 -283 0
-392 -264 -126 -296 -187 -235 -208 -40 -37 -368 -177 -74 -84 -121 -192 -393 0
-13 -368 -25 -421 -163 -192 -40 -377 -177 -202 -166 -256 -208 -254 -93 -284 -402 -1 -404 -126 -318 -296 -277 -227 -37 -74 -84 -121 -187 -235 -393 -68 -14 0
-421 -46 -40 -256 -202 -166 -25 -163 -377 -208 0
-327 -386 -388 -142 -192 -163 -282 -25 -11 -326 0
165 -329 -202 -166 -445 -184 -142 -68 0
416 -282 -192 -388 -391 -142 -163 -202 -166 -445 -184 -46 -25 -11 -326 0
164 -282 -192 -388 -142 -163 -391 -25 -11 -326 0
-11 -192 -391 -40 -208 -256 -166 -202 -142 -163 -25 -326 -397 -445 -46 -10 0
417 -192 -351 -115 -72 -55 -386 -283 0
-192 -326 -256 -166 -377 -202 -163 -208 -25 -40 -46 0
192 -391 -166 -256 -40 -208 -377 -202 0
165 -391 -122 -192 -388 -281 -142 0
-46 -163 -40 -208 -256 -202 -166 -377 -25 0
164 -11 -256 -40 -166 -445 -47 -202 -25 -208 -285 -421 -192 -282 -67 0
12 -200 -40 -208 -256 -202 -166 -22 -445 -224 -421 -407 0
393 -293 -166 -202 -256 -40 -208 -445 -70 -421 -349 0
327 -192 -208 -25 -256 -166 -202 -40 46 -163 0
165 -192 -256 -40 -166 -445 -421 -208 -25 -327 -281 -67 0
209 -11 -47 -208 -40 -256 -166 -202 -25 -179 -285 -421 -445 0
-11 -108 -77 -22 -377 -40 -202 -166 -208 -25 -47 -256 -201 -179 -421 -445 27 0
-192 -163 -208 -256 -202 -166 -377 -25 -40 0
-163 -377 -166 -256 -40 -208 -202 -25 0
446 -46 -67 -421 -13 0
48 -421 -184 -142 -67 0
47 -421 -184 -142 -67 0
423 -226 -367 -25 -202 -325 -166 -280 -256 -192 -208 -40 -13 -73 -67 -142 0
422 -192 -166 -256 -202 -208 -40 -13 -73 -67 -142 0
-421 -192 -202 -166 -280 -256 -25 -208 -40 -13 -73 -67 -142 0
210 -445 -388 -142 -184 -67 -13 -73 -166 -256 -40 0
-445 -73 -142 -67 -13 -166 -256 -40 -208 0
-377 -25 -166 -256 -40 -208 -202 0
-142 -47 -166 -421 -256 -25 -208 -40 -192 -67 -446 -202 -144 0
68 -192 -166 -202 -256 -40 -208 -421 209 -25 -96 -67 -446 0
-142 -179 42 -208 -40 -256 -166 -202 -25 -421 -143 -67 0
69 209 -208 -40 -256 -166 -202 -25 -421 -446 -67 0
-142 -340 -14 -446 -421 -388 -47 -144 -184 -67 0
325 -22 -1 -150 -221 -96 -125 -237 -188 -398 -75 -415 -388 -285 -122 0
-46 -325 -282 -47 -421 -25 -11 0
258 -421 -25 -67 -166 -202 -256 -40 -208 0
423 -142 -179 -236 -184 -398 -95 0
-142 -47 -106 -67 -149 -447 -25 -398 -208 -285 203 -40 -256 -166 -64 -421 -179 -236 -125 0
-13 -163 -67 0
-47 -106 -67 -179 -149 -236 -398 -421 -447 -25 -208 -285 203 -40 -256 -166 -64 -125 0
-421 -67 -25 -208 -40 -256 -166 -202 0
48 -329 -208 -125 -256 -166 -202 -29 -142 -25 -184 -325 -67 0
-67 -25 -166 -202 -208 -256 -40 0
-47 -142 -256 -208 -25 -166 -40 -202 -421 0
204 -187 -208 -125 -256 -368 -166 0
-142 -421 -208 -256 -166 -202 -40 -25 0
210 -47 -202 -40 -166 -208 -256 -25 -1 -11 -392 0
-179 -392 42 -208 -40 -256 -166 -202 -25 -47 -11 0
-397 -11 -25 -421 -285 -46 -415 -398 0
-47 -421 -256 -166 -25 -208 -40 -202 0
-11 -64 -449 -25 -326 -122 -1 -388 -106 -200 -374 -13 -264 -163 -256 -56 -115 -70 -376 -184 -42 391 -415 -144 -12 -421 -46 0
-421 -25 -256 -40 -208 -166 -202 0
-25 -202 -208 -256 -40 -166 0
144 -235 -392 -40 -208 -256 -166 -202 -330 0
221 -1 -439 0
41 -398 -202 -40 -166 -208 -221 -47 -163 -446 -256 -235 0
222 -1 -439 0
12 -421 -166 -256 -208 -40 -202 0
167 46 -144 -386 -293 -447 -256 0
46 423 -398 -40 -208 -256 -202 -166 -386 -293 0
257 -368 -289 -68 -439 423 -398 -40 -202 -208 -166 0
-421 -202 -256 -166 -208 -40 0
48 -163 -225 -14 -22 -391 -281 -388 -142 -192 -325 0
-163 -351 -388 -192 -142 -281 -325 -202 -166 -445 -184 -329 -46 -225 -14 -22 -391 0
163 -445 -142 -166 -256 -40 -208 0
399 -329 -163 -142 -325 -202 -166 -445 -184 -388 -46 -14 -391 -10 -149 -406 -95 -415 -236 0
144 -4 -184 0
-4 -184 -142 0
168 -202 -142 -166 -40 -208 -256 0
-202 -40 -256 -166 -208 -142 0
126 -341 -448 -115 -263 -75 -419 -106 -2 -441 -320 -220 0
-13 -106 -348 -115 -75 -419 -29 -2 -378 -124 -448 -441 -163 -15 0
421 165 -388 -142 -123 -55 -115 -2 -367 -46 -348 -29 -448 -163 -71 -294 -201 -415 -188 -398 0
-1 -191 -115 -448 -350 -341 -71 -75 -220 -106 -2 0
407 -252 -301 -23 -320 -223 -39 0
143 -398 -448 -180 -415 -294 -94 -201 -237 -367 -184 -142 -446 -115 -46 -388 -55 -348 -29 -163 -188 0
-1 -392 -179 42 -398 -294 -188 -72 -125 -220 -3 0
293 -386 -415 -72 0
-13 -1 -179 42 -398 -294 -188 -72 -367 -3 -46 -423 -446 -163 -14 0
-1 -74 -448 -115 -29 -398 -367 -184 -142 -46 -68 -179 42 -294 -188 -72 -3 -423 -446 -163 -14 0
15 -398 -29 -448 -55 -115 -415 -85 -350 -293 -374 42 -179 -61 -46 -423 -446 0
-398 -188 -367 -184 -142 -46 -29 -448 -55 -115 -415 -85 42 -446 -294 -163 -94 -388 -348 0
326 -192 -391 -388 -142 165 0
-192 -351 -327 -391 -388 -142 165 0
-13 -391 -377 -115 -448 -1 -55 -29 -327 -388 -142 -163 -15 0
48 -1 -388 -142 -55 -115 -29 -377 -285 -163 -448 -446 -422 -367 0
423 -391 -448 -1 -374 -13 -163 -115 -142 0
-391 -13 -309 -61 -236 -94 -408 -377 -150 -126 -291 -1 -374 -142 -163 -115 -448 -55 -29 -85 -388 -446 -422 0
-13 -126 -55 -377 -115 -1 -142 -422 -309 -61 -236 -94 -408 -150 -291 -374 -163 -448 -29 -85 -388 -446 0
-351 -192 -122 417 -115 -386 -55 -72 -326 0
-192 -281 -326 -391 -122 417 -115 -386 -55 -72 0
-1 417 -115 -55 -388 -142 -163 -184 -377 -422 -61 -236 -94 -150 -448 -29 -85 -446 -367 -46 0
423 -13 -150 -106 -236 -61 -163 -367 -391 -142 -46 0
57 -29 -377 -115 0
-13 -391 -410 -402 -93 -348 -428 -418 -201 -46 -325 -192 -388 -142 -278 -163 -446 -422 -150 -106 -236 -61 -367 0
164 -391 -192 417 -115 -55 -388 -46 -142 -67 0
-391 -325 -46 -192 -388 -142 -163 417 -115 -55 -410 -402 -93 -348 -428 -418 -201 -278 -446 -422 -150 -106 -236 -61 -367 0
258 -46 -142 -163 -367 -448 -94 -40 -208 -166 0
421 -283 -115 -55 -30 -415 -391 -192 -326 -388 -142 -163 -13 -447 0
-327 -326 -293 -388 -142 -163 -415 -192 -391 -422 -115 -55 -30 -13 -447 0
164 -123 -391 -192 -388 -282 -142 0
47 -13 -293 -192 -391 -447 -142 -415 -163 -388 -115 -55 -30 0
165 -327 -388 -142 -163 -415 -192 -391 -293 -115 -55 -30 -13 -447 0
-326 -13 -55 -415 -208 -46 -115 -179 -391 -388 -142 -163 -192 -293 -30 -447 0
-407 -11 -26 0
422 -26 -293 -415 -94 -391 0
148 -106 -290 -24 0
63 -321 -274 -125 -220 -122 -3 -281 -441 -192 -371 -72 -391 -308 -293 0
-13 -192 -293 -236 -415 -391 -94 -149 -55 -208 -46 -115 -179 -388 -142 -163 -30 -447 -367 0
165 -326 -293 -388 -415 -142 -163 -192 -391 -46 -67 0
56 -378 -30 -115 0
-326 -192 -115 -55 -30 -422 -415 -142 -391 -388 -46 -67 -163 -293 0
-192 -391 -46 -388 -142 -163 -115 -55 -30 -415 -293 -447 -236 -94 -149 -208 -179 -367 0
164 -326 -121 -388 -282 -142 0
14 -408 -375 -46 -11 -422 -65 -447 -342 0
325 -69 -46 -367 -15 -375 -422 -447 -342 -347 -92 57 -115 -189 -397 -415 -282 0
-326 -422 -46 -415 -447 -115 -448 -350 -191 -367 -342 -347 -92 57 -189 -282 -236 -62 -293 -70 -142 -163 -121 -388 0
-391 -149 -163 -142 -447 -388 -367 -46 -415 -115 -448 -347 -189 -236 -293 -55 -30 -94 -208 -179 0
-46 -163 -142 -208 -40 -166 -256 0
70 -387 -415 -293 0
423 -391 -208 -256 -163 -166 -40 -142 0
-391 -163 -142 -208 -256 -166 -40 0
165 -178 -40 -256 -208 -166 -421 -14 -340 -47 -142 -67 0
-163 -40 -208 -166 -256 -142 0
143 -391 -13 -73 -67 -421 -388 -184 0
-391 -13 -73 -67 -421 -388 -184 -142 0
191 -37 -24 -85 -150 -226 -94 -61 -294 -123 -71 -325 -176 -349 -280 -115 0
236 -94 -61 0
423 -190 -226 -94 -61 -325 -349 -280 -256 -208 -40 -13 -73 -178 -67 -142 0
191 -320 -189 -37 -398 -11 -30 -115 -325 -55 -280 0
-40 -142 -208 -256 -166 0
15 -287 -403 -384 -332 -108 -3 -222 -67 0
84 -23 -401 -250 -279 -301 -52 -295 -226 -298 -58 0
-13 -279 -401 -298 -276 -47 -176 -321 -67 -74 -15 0
422 -165 -401 -176 -74 -403 -3 -376 -188 -203 -417 -294 -72 -6 -186 -191 -178 -391 0
292 -94 -235 -417 -397 0
-61 -62 -235 -94 0
327 -291 -274 -406 -10 -280 -122 0
12 -406 -25 0
-13 -67 -122 -417 -294 -235 -397 -203 -449 -46 -176 -10 -74 -15 0
325 164 -72 -191 -10 -294 -388 -326 -142 -122 0
-67 -122 -388 -142 -391 -72 -191 -10 -294 -46 -165 -417 -235 -397 -203 -449 -176 -74 -15 0
144 -115 -142 -391 -166 -256 -208 -388 0
14 -107 -403 -2 -376 -189 -204 -416 -293 -71 -192 -391 -5 -422 -185 -447 -67 0
-61 -94 -235 0
-25 -10 -406 0
48 -280 -123 -274 -406 -422 -367 0
327 -12 -280 -26 0
-13 -67 -123 -376 -189 -391 -402 -388 -142 -422 -416 -293 -235 -204 -450 -403 -2 -71 -192 -5 -185 -447 -177 -75 0
325 165 -192 -388 -422 -142 -163 -293 -391 -67 0
-67 -2 -71 -75 -192 -178 -391 -422 -388 -142 -293 -164 -123 -376 -189 -402 -416 -235 -204 -450 -403 -5 -185 -447 -177 0
-115 -391 -388 -142 -166 -256 -208 0
423 -262 -256 -208 -166 -388 -163 -445 -391 -142 0
327 -192 -163 -391 -67 -388 -142 -46 0
-192 -397 -235 -256 -208 -10 -19 -388 -46 -142 -67 -163 -391 -190 0
164 -46 -67 -282 -388 -121 -142 0
-163 -422 -208 -388 -142 -67 -391 -256 -166 0
191 -446 -19 -208 -256 -166 -235 -422 -326 -391 -280 0
421 -25 -73 -388 -55 -19 -208 -256 -166 -225 -446 -341 0
143 -23 -235 -256 -108 -208 -73 -19 -388 -70 0
69 -46 -388 -208 -256 -166 -422 -142 -391 -280 -373 -73 -13 0
406 -378 -30 -397 -64 -416 -224 0
-46 -422 -208 -256 -166 -388 -67 -142 -391 0
-422 -67 -208 -388 -391 -142 -166 -256 0
-67 -391 -208 -388 -256 -142 -166 0
186 -327 -391 -388 -142 -163 -178 0
-327 -326 -190 -388 -142 -391 -163 -178 -184 0
-192 -422 -208 -166 -388 -256 -391 -142 -123 -282 0
-326 -391 -388 -142 -208 -166 -256 0
-391 -388 -256 -208 -142 -166 0
191 -121 -142 -388 -163 -349 -280 0
-326 -163 -142 -388 -349 -190 -327 0
276 -88 -82 0
Solved
