476 -193 -49 -340 -160 -166 -37 0
-193 -49 -340 -160 -166 -37 -475 0
341 -358 -121 -37 -331 -475 -448 -166 -97 -40 0
487 -448 -331 -1 -166 -340 -121 -37 -475 -401 -97 -160 0
168 -487 -457 -427 -10 -64 -448 -160 -353 -37 -181 -97 -475 -340 -1 0
-448 -427 -64 -160 -353 -37 -181 -97 -401 -475 -340 -1 -166 -457 -10 -331 -121 0
342 -127 -331 -7 -238 -190 -34 -470 -401 -1 -181 -166 0
-193 -392 -457 -41 -489 -434 -194 476 -340 -160 -166 -37 0
496 -160 -394 -121 -331 -457 -340 -109 -166 -37 -10 -64 -353 -475 -97 -7 -238 -470 -401 -1 -181 0
167 -496 -121 -394 -331 -100 -26 -253 -64 -353 -181 -470 -401 -475 -340 -1 0
-49 -496 -394 -121 -331 -489 -457 -41 -50 -340 -160 -166 -37 -475 0
-160 -13 -64 -353 -37 -181 -97 -401 -475 -340 -1 -166 -457 -10 -331 -121 -394 -100 -26 -253 -470 -109 -7 -238 0
477 -217 -64 -181 -353 -401 -340 -1 -166 0
160 -340 -97 -353 -64 -166 -475 -181 -401 -1 0
508 -401 -154 -166 -37 -394 -121 -475 -10 -64 -353 -100 -26 -181 -470 -1 -109 -97 -7 0
332 -240 -297 -366 -210 0
341 -353 -64 -334 -475 -508 -181 -166 -97 0
42 -359 -459 -489 -320 0
49 -489 -459 0
-320 -489 -240 -333 -459 -366 42 0
161 -333 -366 -459 -240 -40 -193 -10 0
168 -353 -64 -10 -37 -508 -475 -341 -1 0
333 -434 -449 -34 -341 -277 -181 -295 -239 -365 0
-340 -42 -358 -319 -458 -208 -295 -10 -181 -161 -341 -97 -353 -64 -166 -475 -401 -1 0
-42 -458 -358 -319 -208 -295 -10 -181 -161 -341 -97 -353 -64 -166 -475 -401 -1 0
512 -10 -181 -97 -64 -166 -475 -1 -37 -334 -154 -394 -121 -100 -109 -7 0
-193 -296 -121 -394 -488 -435 -42 -340 -160 -166 -37 -475 -195 0
332 -405 -227 -229 -109 -72 -394 -149 -127 -121 0
487 -510 -365 -227 -229 -109 -394 -149 -121 -320 -458 -359 -104 0
-340 -42 -394 -121 -109 -166 -37 -475 -10 -64 -354 -181 -97 -341 0
459 -332 -10 -359 -37 -51 -475 -166 -1 -508 -320 0
-332 -458 -1 -508 -359 -320 -51 -166 -10 -37 -475 0
-458 -480 -64 -10 -37 -508 -475 -341 -1 -51 -402 -166 -181 -296 -210 -359 -320 0
-42 -341 -475 -166 -10 -1 -64 -37 -402 -181 -394 -121 -109 -354 -97 0
-320 -359 -475 -1 -37 -508 -459 -50 -10 42 -166 0
167 -162 -64 -117 -354 -37 -475 -1 0
-359 -459 -1 -166 -64 -354 -37 -475 -50 -508 -10 42 0
319 -332 -166 -1 -508 -459 0
-459 -50 -166 -1 -508 -64 -354 -37 -475 -10 42 0
-341 -354 -64 -37 -475 -1 -166 -10 -402 -181 -394 -121 -109 -97 0
-459 -489 -166 -1 -50 -64 -354 -37 -475 -10 -209 -41 -340 -160 0
514 -211 -1 -64 -475 -154 -181 -97 -121 -109 -511 -334 -100 -7 0
-354 -489 -1 -166 -64 -459 -37 -475 -10 -50 -42 -295 -181 -135 -470 -401 -511 -352 0
-489 -508 -10 -37 -64 -475 -1 -334 -181 -166 -97 -459 -42 -511 -332 -514 -487 0
-458 -10 -359 -1 -332 -166 -42 -37 -475 -64 -334 -181 -97 -459 -511 -514 0
-10 -332 -166 -64 -459 -37 -475 -42 -181 -511 -514 -97 -334 -154 -121 -100 -109 -7 -1 -359 -49 0
40 -160 -49 -166 -37 -475 0
51 -341 -475 -166 -37 -194 -160 0
-332 -42 -37 -459 -49 -475 -166 -359 -64 -181 -511 -514 -97 -334 -154 -121 -100 -109 -7 -1 0
-160 51 -166 -37 -475 -42 -49 0
340 -195 -42 0
510 -489 -49 -42 -459 -154 -396 -514 -166 -1 0
41 -355 -64 -475 -1 -511 -166 -97 -209 -340 -195 0
-489 -150 -211 -181 -97 -64 -42 -475 -1 -511 -166 -209 -359 -37 -49 -286 -459 -509 -154 -396 -514 0
-42 -359 -64 -475 -1 -166 -181 -37 -459 -49 -211 -97 -511 -286 -154 -121 -334 -100 -109 -7 0
341 -239 -331 -508 -166 0
168 -239 -331 -508 -1 0
-489 -359 -514 -475 -166 -1 -459 -49 -37 42 0
-359 -49 -459 -166 -475 -1 -37 -64 -181 -211 -97 -511 -286 -154 -121 -334 -100 -109 -7 0
458 -508 -193 -340 -49 0
489 -340 -166 -193 -514 -49 -10 0
40 -49 -97 -64 -166 -475 -181 -1 -511 -459 -488 -514 -37 0
50 -488 -514 -475 -166 -37 -342 -459 -195 0
-49 -37 -181 -97 -64 -166 -475 -1 -511 -334 -154 -121 -100 -109 -7 -459 -211 -286 0
342 -147 -121 -360 -105 -211 -514 -509 -193 -181 -166 0
167 -509 -342 -1 0
340 -360 -332 -320 -509 -166 -1 -459 0
49 -166 -181 -1 -459 -121 -514 -211 -154 0
342 -508 -511 -49 -64 -334 -459 -166 -1 -100 -475 -364 -181 -97 0
-508 -340 -493 -334 -448 -166 -364 -1 -511 -181 -97 -64 -475 -100 -49 -459 0
-340 -364 -121 -475 -109 -1 -166 -514 -160 -154 -49 -459 -493 -334 -448 -511 -181 -97 -64 -100 0
-42 -332 -49 340 -459 -509 -166 -1 0
168 -49 -459 340 -166 -1 -364 0
-42 -487 -49 -358 340 0
-166 -459 -1 -121 -475 -109 -154 -334 -511 -181 -97 -64 -100 -7 -211 -286 0
-193 -508 -181 -489 -340 -42 -459 -195 -49 0
358 -471 -271 -134 -100 -388 -25 -472 -392 -29 0
-508 -162 -100 -435 -64 -334 -459 -1 -211 -4 -181 -97 -340 -42 -489 -195 -49 0
194 -303 -358 -121 -331 -475 -364 -211 -4 -238 -181 -97 -320 -340 -42 0
508 -489 -364 -121 -211 -4 -181 -97 -340 -42 -195 -475 -286 -459 0
-489 -195 -64 -334 -459 -1 -211 -4 -181 -97 -340 -42 -100 -49 -364 -121 -475 -286 0
-195 -49 -334 -364 -1 -211 -181 -340 -42 -459 -154 -64 -4 -97 -100 -121 -475 -286 0
-49 -42 -181 -459 -340 -334 -364 -1 -211 -154 -64 -4 -97 -100 -121 -475 -286 0
194 -303 -121 -475 -364 -211 -4 -181 -97 -320 -340 -42 -509 0
-42 -340 -181 -121 -475 -364 -211 -4 -97 -286 -459 -334 -1 -154 -64 -100 0
332 -489 -511 -374 -24 -284 -377 -240 -334 -364 42 -459 -208 0
-489 -401 -334 -279 -7 -208 -240 -284 -146 42 -333 -459 -154 -511 -374 -24 -377 -364 0
359 -57 -128 -281 -19 -333 -70 0
510 -135 -100 -284 -279 -377 -431 -64 -24 -334 -208 -459 -49 -7 42 -154 -511 -374 -364 -1 0
349 -465 -207 -189 -377 -441 -299 0
-459 -511 -334 -121 -154 -100 -64 -7 -1 -475 -211 -181 -97 -286 -109 0
358 -340 -51 -489 -42 0
331 -103 -7 -371 -321 -334 -42 -194 -181 -146 -340 -1 -510 0
341 -49 -64 -97 -340 -475 -181 -1 -511 -365 -238 -321 -42 0
167 -227 -72 -109 332 -149 -405 -127 -121 -5 -146 -475 -1 0
349 -464 -206 -188 -378 -440 -300 0
-49 -300 -7 -475 -72 -109 -121 -146 -1 -371 -334 -321 -42 -211 -181 -97 -340 -64 -511 -510 -333 -489 -51 0
342 -333 -510 -321 -42 -193 -181 0
-340 -359 -146 -121 -211 -321 -510 -181 -42 -489 -7 -475 -109 -1 -371 -334 -97 -64 -511 -51 -514 0
340 -42 -514 -146 -1 -321 -510 -121 0
-42 -511 -334 -302 -211 -510 -181 -121 -7 -371 -321 -146 -1 -51 -489 -475 -109 -97 -64 -514 0
-64 -25 -391 -438 -435 -354 -518 -66 -42 -459 -489 -1 -334 -4 -181 -97 -340 -195 -100 -49 -364 -121 -475 -286 0
-334 -354 -478 -190 -316 -435 -278 -391 -438 -518 -42 -459 -489 -1 -4 -181 -97 -340 -195 -49 -364 -121 -475 -286 -254 -521 -23 -335 0
351 -439 -298 0
350 -439 -298 0
-97 -121 -190 -316 -435 -334 -391 -438 -518 -42 -459 -489 -1 -4 -181 -278 -340 -195 -49 -364 -478 -475 -286 -254 -23 -335 -99 0
65 -110 -271 -204 -282 -471 -104 -518 -311 -278 -190 -25 -402 -391 -438 -435 0
-121 -282 -4 -204 -475 -471 -104 -518 -311 -278 -190 -402 -391 -438 -435 -316 -7 -334 -42 -459 -489 -1 -181 -340 -195 -49 -364 -478 -286 -254 -23 -335 -99 -123 0
-97 -518 -435 -42 -459 -334 -508 -1 -4 -181 -340 -162 -489 -195 -49 -212 -375 -330 -147 -154 -523 -475 -522 -99 0
-181 -204 -471 -104 -190 -402 -391 -438 -435 -42 -459 -508 -1 -4 -340 -162 -489 -195 -49 -330 -147 -154 -475 -99 -70 -149 -316 -364 -478 -286 -254 -335 -123 -85 -298 -439 -187 -185 -183 0
393 -64 -517 -471 -356 -272 -237 -100 -432 -187 -464 -26 0
392 -277 -402 -438 -190 0
98 -475 -517 -471 393 -272 -237 -64 -187 -26 -4 0
-489 -471 -99 -237 -402 -104 -42 -508 -1 -340 -195 -49 -330 -147 -149 -478 -254 -335 -123 -185 -183 -285 -168 -366 -239 -320 -458 358 0
182 -237 -161 -38 -123 -471 -402 -154 -147 -403 -330 -190 -391 -373 -438 -85 -261 -298 -388 -439 -310 -187 -254 -185 -24 0
470 -310 -388 -511 -133 0
-508 -1 -183 -123 -330 -185 -335 -285 -168 -366 -320 -104 -49 -42 -99 -340 -195 -149 -478 358 -510 0
-489 -457 -340 358 -42 0
-457 358 -340 -49 -42 0
333 -168 -183 -285 -320 -104 -49 -42 -99 -340 -195 -149 -478 -510 -359 -208 0
-334 -97 -181 -459 -1 -475 -121 -64 -49 342 -508 -364 -438 -435 -187 -185 -335 0
277 -435 -478 -438 -402 0
184 -429 -147 0
102 -404 -104 -17 -311 -322 -511 -271 -25 0
-181 -475 -121 -149 -72 -258 -104 -17 -30 -438 -162 -116 -435 -64 -439 -459 -1 -300 -49 342 -508 -364 -187 -185 -335 -277 0
27 -272 -211 -393 -438 -517 -471 -402 -511 -100 0
25 -211 -187 -205 -185 -147 -517 -277 -64 -402 -435 -438 -393 0
23 -100 -393 -438 -517 -471 -402 -511 -211 -25 0
-100 -511 -64 -99 -517 -277 -162 -147 -335 -185 -25 -22 -393 -438 -471 -402 -211 0
279 -473 -204 -30 -162 -211 -64 -438 -517 -402 -511 -439 -271 -25 -187 -22 -185 -147 0
26 -377 -439 -211 -517 -335 -511 -22 0
198 -185 -187 -147 -439 -154 0
27 -23 -185 -121 -149 -72 -258 -104 -17 -30 -438 -162 -116 -435 -64 -439 -459 -1 -300 -49 342 -508 -364 -335 -277 -187 0
26 -517 -439 -335 -511 -183 -438 -393 0
-517 -25 -204 -30 -162 -64 -438 -511 -439 -478 -187 -185 -258 -393 -121 -149 -72 -104 -17 -116 -435 -459 -1 -300 -49 342 -508 -364 -335 0
-181 -162 -64 -185 -364 -277 -121 -149 -72 -258 -104 -17 -30 -438 -116 -435 -439 -459 -1 -300 -49 342 -508 -187 -335 0
-459 -64 -116 -393 -30 -478 -121 -149 -72 -104 -1 -300 -49 342 -508 -364 -208 -296 -127 -489 -320 0
440 -185 -23 -335 -300 -189 0
-185 -335 -109 -121 -149 -72 -147 -23 -514 -85 -300 -441 -189 0
26 -430 -4 -475 -463 -393 -100 0
Solved
