551 -133 -474 -485 -285 -319 -151 -178 -445 -274 -126 0
402 -336 -60 -285 -547 -101 0
563 -469 -412 -242 -151 -445 -547 -202 -541 -520 -208 -442 -181 -205 -154 -253 -55 0
285 -59 -463 -335 0
564 -463 -412 -242 -202 -541 -520 -208 -442 -205 -154 -253 -55 0
563 -151 -445 -547 -541 -520 -208 -442 -205 -154 -253 -55 -412 -242 -202 -181 0
391 -208 -547 -520 -445 -442 -205 -154 -253 -55 -412 -242 -202 -541 -181 0
209 -537 -442 0
210 -285 -152 -577 -445 -520 -442 0
-285 -577 -55 -445 -274 -253 -547 -154 -178 -541 -205 -520 -442 -208 -152 0
580 -178 -442 -541 -520 -55 -445 -274 -253 -547 -154 -221 -205 -312 -393 -412 -242 -202 0
446 -321 -397 -197 -473 -534 -579 -466 -552 -481 -282 0
334 -411 -466 -530 -445 -397 -197 -473 -534 -552 -282 -53 -412 -520 -285 0
521 -411 -563 -75 -393 -312 -197 -534 -397 -221 -495 -473 -541 -285 0
193 -368 -394 -364 -81 -501 -119 -12 -40 -83 -563 -75 -20 0
194 -119 -101 -402 -75 0
447 -148 -282 -394 -75 -101 -402 -125 -221 -211 -552 -563 -579 -312 -411 -257 -393 -530 -152 0
284 -235 -466 -397 -197 -473 -534 -552 -579 -282 -274 -53 -178 -101 -402 -75 -211 -445 -394 -125 -221 -563 -312 -411 -257 -393 -530 -495 0
561 -285 -312 -445 -397 -393 -466 -274 -53 -178 -211 -394 -221 -541 -520 -412 -55 -253 -202 -154 -205 -442 0
443 -210 -561 0
-210 -482 -397 -53 -472 -466 -561 -274 -281 -178 -55 -253 -402 -154 -530 -205 -442 0
446 -402 -242 -202 -541 -520 -442 -205 -154 -253 -55 -334 -393 -561 -312 -285 -445 -397 -53 -472 -466 -274 -178 -412 0
209 -483 -466 -53 -412 -397 -493 -472 -334 -520 -442 0
447 -472 -397 -205 -442 -466 -53 -412 -493 -334 -520 -561 -579 -312 -393 -151 0
283 -579 -561 -55 -312 -253 -520 -442 -154 -541 -205 -242 -202 -393 -285 -445 -397 -53 -466 -274 -178 -412 0
537 -494 -412 -466 -60 -473 -335 0
284 -561 -442 -412 -466 -520 0
535 -561 -442 -209 0
-285 -205 -397 -1 -442 -202 -211 -221 -541 -520 -55 -312 -253 -154 -242 -393 -445 -53 -466 -274 -178 -412 -394 0
577 -551 -445 -393 -153 -312 0
195 -120 -102 -401 -74 0
400 -531 -11 -564 -258 -120 -195 -102 0
446 -195 -564 -258 -393 -531 -153 0
-210 -561 -466 -397 -312 -393 -274 -178 -445 -153 -102 -211 -148 -578 -55 -253 -202 -154 -205 -474 -442 -209 0
-561 -578 -312 -148 -393 -547 -520 -445 -442 -205 -154 -253 -55 -412 -242 -202 -541 -495 -474 -336 -466 -397 -274 -178 -153 -102 -211 -209 0
583 -445 -274 -393 -312 -412 -547 -520 -442 -154 -253 -55 -242 -202 -541 -397 -211 -221 -1 -53 0
-205 -153 -281 -410 -393 -445 -531 -312 -319 -55 -466 -253 -124 -583 -102 -120 -74 -154 -561 -547 -520 -442 -578 -412 -242 -202 -541 -495 -474 -336 -397 -274 -148 -211 -209 -207 0
180 -466 -235 -583 -274 0
472 -205 -281 -410 -393 -445 -531 -312 -211 -55 -466 -253 -583 -74 -154 -561 -547 -520 -442 -412 -242 -202 -541 -474 -336 -397 -274 -209 -207 -551 -221 0
-205 -466 -393 -281 -74 -410 -531 -445 -53 -397 -474 -211 -55 -312 -253 -583 -154 -561 -547 -520 -442 -412 -242 -202 -541 -336 -274 -209 -207 -551 -221 -235 -420 0
179 -466 -235 -583 -274 0
392 -494 -105 -336 -240 -99 -450 -284 -312 -153 0
391 -499 -240 -367 -450 -364 -312 -153 0
468 -99 -541 -520 -284 -336 -221 -312 -393 -364 -445 -551 -433 -274 -481 -320 -235 0
-153 -363 -109 -453 -211 -38 -336 -99 -450 -284 -312 -79 -223 -221 -495 -541 -463 -520 -393 -152 -445 -551 0
473 -284 -336 -109 -453 -211 -312 -221 -541 -520 -393 -445 -551 -412 -410 -531 -274 -583 -235 -466 -433 -198 -532 -53 -397 -1 0
467 -329 -453 -563 -187 -55 -350 -253 -154 -448 -124 -410 -274 -319 -235 0
151 -339 -496 -347 -303 -420 -71 -253 -1 -433 -154 -336 -494 -284 -312 -153 -124 -410 -274 -319 -235 -466 -453 -187 -55 -350 -456 -393 0
-466 -410 -154 -253 -55 -74 -547 -281 -312 -445 -393 -303 -420 -71 -1 -433 -336 -274 -235 -453 -187 -350 -211 -551 -221 -541 -520 -474 -412 -531 -198 -53 -397 -561 -442 -242 -202 -209 -207 0
276 -339 -370 -496 -253 -347 -420 -303 -1 -450 -336 392 -494 -284 -312 -153 0
238 -436 -11 -41 -380 -38 -329 -265 -104 -363 -453 -211 -153 -336 -223 -284 -312 -450 -109 -221 -541 -463 -520 -393 -152 -445 -551 -80 0
255 -11 -187 -122 -524 -20 -369 -501 -104 -80 -239 -380 -38 -265 -363 -453 -211 -153 -336 -284 -312 -450 -221 -541 -463 -520 -393 -152 -445 -551 -113 -281 -307 -531 -110 -410 -207 -198 -154 -55 0
-284 -494 -153 -393 -531 -281 -369 -501 -154 -55 -253 -187 -122 -265 -453 -211 -336 -312 -450 -221 -541 -520 -551 -307 -410 -207 -198 -235 -274 -370 -420 -303 -1 392 -445 0
495 -423 -464 -412 0
-284 -369 -541 -520 -153 -393 -531 -281 -221 -501 -154 -55 -253 -187 -122 -265 -453 -211 -336 -312 -450 -551 -307 -410 -207 -198 -235 -274 -370 -420 -303 -1 392 -445 0
392 -450 -541 -520 -153 -393 -531 -281 -221 -154 -55 -253 -187 -265 -453 -211 -312 -336 -551 -307 -410 -207 -198 -235 -274 -420 -303 -1 -445 -412 -319 -556 -71 -433 0
-450 -153 -55 -253 -319 -154 -556 -520 -410 -551 -281 -445 -312 -74 -393 -541 -531 -221 -187 -265 -453 -211 -336 -307 -207 -198 -235 -274 -420 -303 -1 -412 -71 -433 0
275 -33 -81 -453 -240 -39 0
103 -33 -97 -15 -546 -192 -303 0
-153 -303 -274 -453 -420 -253 -154 -221 -74 -393 -336 -520 -541 -474 -281 -319 -445 -307 -556 -531 -433 -410 -55 -551 -312 -187 -265 -211 -207 -198 -235 -1 -412 -71 0
283 -495 -336 0
-210 -209 -445 -274 -253 -154 -221 -393 -520 -541 -307 -433 -55 -312 -187 -265 -211 -1 -547 -53 -397 -561 -442 -242 -202 -412 0
334 -75 -290 -409 -280 -547 -520 -445 -442 -208 -154 -253 -55 -412 -242 -202 -541 -393 -312 -578 -148 -473 -335 -59 -284 0
281 -66 -409 -449 -290 -533 -197 -223 0
-209 -561 -242 -412 -397 -547 -520 -445 -442 -154 -253 -55 -202 -541 -393 -221 -312 -274 -307 -433 -187 -265 -211 -1 -53 0
283 -153 -550 209 -53 -412 -397 -520 -442 -445 -274 0
-153 -74 -55 -274 -253 -154 -221 -393 -520 -541 -445 -307 -433 -312 -187 -265 -211 -1 -412 -71 -442 -561 209 -53 -397 0
283 -198 -207 -55 -402 -256 -195 -179 -583 -482 -53 -397 -412 -474 -336 0
-561 -55 -211 -253 -221 -412 -442 -520 -53 -397 -274 -445 -154 -393 -541 -307 -433 -312 -187 -265 -1 -547 -202 -242 0
285 -493 -433 -411 -221 -541 -335 -412 -520 -312 -473 0
156 -370 -29 -253 -206 0
409 -168 -274 -452 -488 -396 -419 -55 -253 -154 -206 -330 -187 -72 -524 -433 -563 -20 -197 -448 -224 -75 -282 -333 -445 -307 -530 -65 0
447 -485 -563 -83 -75 -488 -193 -321 -257 -468 -530 -481 0
564 -193 -75 -83 0
320 -369 -501 0
-369 -501 -321 0
104 -363 -235 -330 -274 0
80 -104 -250 -240 0
151 -321 -235 -274 -452 -488 -72 -253 -433 -154 -556 -411 -396 -419 -55 -206 -187 -197 -75 -282 -333 -445 -307 -530 -65 -221 -552 -150 -579 -312 -455 -393 0
409 320 -452 -154 -488 -124 -368 -274 -187 -333 -485 -307 -563 -530 -374 -396 -419 -55 -253 -206 -168 -72 -524 -433 -20 -197 -448 -224 -75 -282 -445 -65 0
320 -321 -563 -124 -75 -193 -411 -452 -154 -488 -368 -274 -187 -333 -307 -530 -396 -419 -55 -253 -206 -168 -72 -524 -433 -20 -197 -448 -224 -282 -445 -65 -112 -556 0
334 -235 -274 -433 -75 -411 -452 -154 -187 -307 -530 -419 -55 -253 -206 -72 -197 -282 -445 -393 -221 -312 -552 -53 -412 -541 -520 -335 -473 0
410 -563 -312 -393 -450 -75 -193 0
449 -80 -250 -274 -235 -466 -556 -433 0
-80 -450 -466 -274 -556 -411 -235 -250 -433 0
-450 -499 -274 -411 -552 -466 -556 -235 -250 -433 0
319 -235 -274 -433 -411 -552 -99 -1 -473 0
448 -556 -197 -473 -285 -206 -445 -583 -282 -180 -312 -393 -450 -75 -55 -154 -319 -397 -105 -411 -240 0
-556 -180 -520 -285 -473 -282 -319 -445 -530 -433 -411 -450 -197 -206 -583 -541 -312 -393 -75 -55 -154 -397 -105 -240 0
276 -450 -253 -55 -312 -393 -154 -75 -319 -235 -583 -274 -411 -520 -285 -473 -282 -445 -530 -433 -197 -206 -541 -397 0
449 -556 -520 -285 -473 -282 -319 -445 -541 -530 -433 -411 0
-556 -577 -285 -60 -520 -495 -411 -312 -450 -473 -282 -319 -445 -541 -530 -433 0
-450 -55 -253 -154 -312 -393 -75 -235 -583 -274 -411 -285 -60 -520 -495 -473 -282 -319 -445 -541 -530 -433 -552 -197 -206 -397 0
409 -422 -187 -393 -221 -211 -197 -312 -495 -75 -520 -412 -541 -397 -53 -114 -552 -481 -282 -445 -307 -530 -374 0
275 -500 -419 -370 -55 -253 -291 -154 -302 -240 -125 -81 -552 0
280 -486 -563 -75 -83 -114 0
126 -563 -461 -129 -285 -495 -412 -53 -422 -352 -583 -235 -274 -180 -452 -39 -530 -445 -282 -430 -75 -83 -114 -105 -187 -240 -370 -55 -351 -81 -253 -500 -321 -154 0
392 -578 -520 -285 -312 -153 0
494 -422 -465 -412 0
551 -152 -520 -285 -312 -393 -445 0
558 -129 -312 -393 -285 -495 -412 -53 -352 -583 -235 -274 -452 -530 -445 -282 -75 -114 -187 -240 -370 -55 -351 -81 -253 -154 -552 -520 -419 -291 -302 -411 -221 -211 -197 -541 -397 -307 -374 -319 0
-240 -450 -473 -285 -197 -445 -583 -282 -312 -393 -556 -75 -55 -154 -319 448 -411 -125 -500 -274 0
-450 -433 -520 -411 -312 -556 -282 -319 -445 -285 -393 -274 -75 -55 -154 -563 410 0
193 -211 -359 -454 -395 -206 -329 -40 -583 -317 -563 -180 -75 -20 0
284 -180 -274 -583 -563 -235 -75 -530 -593 -105 -445 -114 -240 -282 -393 -81 -83 -312 -500 -321 -154 -560 -125 -209 -552 -520 -285 0
-152 -552 -75 -83 -114 -321 -282 -125 -445 -563 -151 -520 -285 -312 -393 0
276 -114 -65 -520 -593 -75 -282 -563 -83 -530 -312 -445 -393 -321 -125 -285 -473 -274 -583 -235 -240 -81 -500 -154 -560 0
280 -551 -125 320 -560 -563 -75 -83 -114 0
-193 -31 -452 -13 -489 -83 -256 -563 -194 -75 0
283 -577 -520 -465 -312 -393 -335 -153 0
-433 -556 -285 -520 -312 -563 -75 -445 -282 -274 -154 -411 -393 -319 -55 410 0
-556 -319 -445 -282 -563 -75 -312 -520 -285 -393 -274 -411 -154 -55 410 0
-193 104 -235 -274 -317 -452 -20 -13 -489 -83 -256 -563 -194 -75 0
-321 447 -125 -152 -75 -563 -312 -411 -393 -530 -282 -55 -274 -83 -194 -65 -520 -445 -114 -285 -240 -81 -154 -560 -484 -466 -319 0
281 -152 -563 -75 -274 -466 -125 -83 -312 -411 -393 -530 -282 -55 -65 -520 -445 -285 -154 -560 -319 -449 0
-152 -319 -285 -274 -312 -520 -393 -563 -75 410 -282 -411 -55 -445 -154 0
112 -442 -334 -489 -365 -38 -197 -545 -274 -224 -404 -445 -393 -153 -312 -578 -119 -520 -100 -594 -433 -486 -449 -65 0
-551 -178 -466 -274 -400 -100 -541 -154 -520 -560 -125 -578 -552 -445 -393 -153 -312 0
-235 -404 -119 -100 -365 -400 -501 -396 -206 -466 179 -274 -237 0
320 -100 -541 -400 -520 -206 -208 -442 -584 -472 -466 0
-209 -442 -536 -208 0
-319 -393 -274 -154 -445 -520 -312 -282 -75 -55 -563 -285 410 -411 0
450 -80 -239 0
-80 -239 -449 0
552 -560 -282 -445 0
319 -235 -411 -433 -250 -274 -552 -450 0
154 -541 -520 -597 -594 0
-450 -240 -520 -312 -274 -393 -445 -282 -75 -55 -563 -285 410 -411 0
275 -499 -125 -552 -449 0
209 -366 -563 -55 -393 -520 -285 -312 -153 -445 -552 -560 -442 0
369 -465 -393 -520 -312 -285 -208 -563 -55 -445 -560 -530 -65 -114 -282 -75 -83 0
319 -114 -282 -563 -75 -83 -393 -520 -285 -312 -445 -125 -55 -560 -530 -65 -274 -449 -557 0
391 -435 -592 -374 -563 -312 0
450 -563 -520 -312 -285 -393 -55 -445 -282 -75 -274 410 -411 0
-563 -393 -274 -445 -520 -312 -282 -75 -55 -285 410 -411 0
550 -41 -523 -530 -19 -557 -258 -83 -75 -594 -198 -285 -520 -578 -560 -125 0
321 -368 -442 -282 -237 -112 -485 -557 -472 -560 0
-499 -450 -520 -442 -198 -488 -334 -153 -240 -312 391 -411 -250 -433 -274 -552 -501 -282 -237 -112 -485 -557 -472 -560 0
-450 -501 -560 -442 -65 -520 -597 -125 -198 -488 -334 -153 -240 -312 391 -411 -274 -552 -282 -237 -485 -557 -472 -108 -105 -449 0
561 -208 -442 0
500 -453 -83 -39 -75 -93 -331 -98 -2 -420 -408 -279 -221 -192 -36 -303 -480 -105 450 0
-208 -501 -125 -83 -39 -75 -105 450 -455 -578 -594 283 -520 -442 -557 -485 -65 -282 -560 0
-501 -365 -198 -442 -560 -125 -83 -39 -75 -105 -455 283 -520 -557 -485 -65 -282 -597 -488 -153 -240 -312 391 -411 -274 -552 -237 -108 -449 0
448 -240 -81 0
592 -567 -503 -356 -217 -420 -376 -168 -385 -408 -100 -277 -543 -212 0
366 -70 -204 -380 -75 -77 -404 -510 -359 -16 0
-80 -453 -39 -333 -93 -75 -365 -204 -380 -77 -594 -503 -420 -168 -408 -100 -543 -212 -305 -523 -19 -83 -15 -581 -546 -318 -192 -36 -330 -303 -396 -480 -105 -81 450 0
444 -408 -546 -105 -240 -39 -75 -365 -77 -594 -15 -543 -523 -19 -83 -318 -81 450 -591 -483 -557 -369 -455 -224 -321 -578 283 -520 -237 -442 -208 0
-208 -594 -520 -442 -546 -105 -240 -39 -75 -365 -77 -15 -523 -19 -83 -81 450 -591 -483 -557 -369 -455 -321 -578 283 -237 -485 -65 -282 -560 0
522 -99 -3 -419 -39 -452 -523 -488 -246 -223 -75 -12 -211 -149 -100 -578 -541 0
-393 -411 -409 -520 -75 -312 -282 -274 -285 -445 -55 0
593 -208 -520 -541 -442 0
-208 -442 -520 -592 -65 -112 -282 -560 0
521 -156 -75 -83 -55 448 -274 -235 -557 -282 -65 -473 -335 -543 -285 0
82 -206 -156 -533 -106 -197 -55 -223 -564 -75 0
-442 -450 -83 -55 -564 -75 -411 -274 -552 -557 448 -578 -520 -282 -65 -285 -592 -560 0
-450 -560 -445 -520 -530 -83 -55 -564 -75 -411 -274 -557 -282 -65 -285 -87 -312 -449 0
522 -483 -285 -557 -435 -520 -208 -442 -87 -312 -237 -578 0
-208 -442 -312 -557 -87 -291 -285 -520 -435 -65 -274 -445 -114 -282 -560 0
317 -105 -240 -330 -186 0
224 -119 -193 -317 -400 -484 -100 -114 -21 -282 -75 0
541 -591 -87 -312 -149 -578 -223 -193 -317 -400 -484 -100 -114 -21 -282 -75 -211 -593 0
521 -593 -87 -114 -21 -282 -75 -312 -240 -235 -274 -206 -197 -557 -473 -335 -153 -291 -285 0
369 -487 -55 -256 280 -75 -83 -114 0
336 -100 -419 -39 -452 -3 -75 522 -578 -541 -213 -21 -40 -362 -105 -55 -256 -206 -532 -399 -156 -125 -368 -321 280 -83 -114 -465 -494 0
-100 -53 -206 -83 -532 -75 -399 -291 -213 -422 -465 -494 -335 -419 -39 -452 -3 522 -578 -541 -21 -40 -362 -105 -55 -256 -156 -125 -368 -321 280 -114 0
-336 -299 -187 -408 -40 -107 -279 -39 -55 -213 -452 -256 -148 -487 -193 -494 -60 -400 -285 -101 -547 -335 0
212 -166 -193 -256 -93 -55 -99 -254 -3 -419 -75 -408 -279 -118 0
220 -187 -40 -107 -299 -55 -408 -15 -339 -279 -213 -193 -256 -93 -99 -254 -3 -419 -75 -118 0
-369 -118 -419 -213 -148 -221 -40 -55 -339 -193 -256 -93 -3 -75 -302 -39 -452 -494 -60 -400 -285 -101 -335 -532 -399 -597 -156 -485 -125 -368 -321 0
369 -500 -235 -274 -240 -454 -81 -452 -60 -105 -55 -256 280 -75 -83 -114 0
211 -351 -589 -525 -203 -21 -221 -318 -187 -40 -362 -39 -452 -487 -105 -256 -107 -254 -55 -419 -339 0
194 -457 -105 -240 -449 -454 -111 -119 -318 -206 -75 -21 -101 0
320 -454 -105 -452 -55 -256 -240 -449 -362 -206 -75 -21 -101 -221 -339 -201 -148 -213 -589 -525 -203 -40 -39 -419 -597 -156 -125 -321 -235 -274 -81 -60 280 -83 -114 0
319 -467 -557 0
-369 -255 -101 -278 -119 -12 -525 -139 -166 -496 -240 -449 -419 -348 -105 -362 -291 -108 -452 -156 -488 -125 -368 -321 0
-193 -194 -274 -240 -81 -452 -60 -256 -83 -235 -75 -153 -500 -484 -364 -101 -278 -119 -12 -525 -139 -166 -496 -449 -419 -348 -105 -362 -291 -156 -125 -368 -321 -55 0
281 -278 -101 -119 -12 -525 -139 -166 -496 -240 -449 -419 -348 -105 -362 -291 -452 -156 -125 -368 -321 -256 -55 -564 -274 -81 -60 -83 -235 -75 -153 -500 -197 -223 -114 0
212 -321 -525 -240 -449 -419 -105 -362 -291 -452 -156 -125 -101 -197 -55 -223 -256 -75 -285 -153 -60 -206 -21 -221 -339 -201 -148 -213 -589 -203 -40 -39 -597 -235 -274 -81 320 -83 -114 -282 -564 0
-369 -321 -223 -282 -105 -452 -55 -256 -240 -449 -362 -206 -21 -101 -221 -339 -201 -148 -213 -589 -525 -203 -40 -39 -419 -597 -156 -125 -75 -235 -274 -81 -60 320 -83 -114 211 0
-321 -105 -235 -274 -240 -81 -452 -60 -153 -223 -282 -55 -256 -449 -362 -206 -21 -101 -221 -339 -201 -148 -213 -589 -525 -203 -40 -39 -419 -597 -156 -125 -75 -83 -114 -197 -291 -285 -564 -319 0
577 -101 -235 -274 -240 -81 -452 -60 -153 -282 -55 -449 -206 -21 -557 -221 -201 -525 -203 -419 -597 -125 -75 -83 -114 -197 -291 -285 -564 -530 -593 -445 -87 -552 -312 0
-104 -321 -557 -235 -501 -274 -81 -240 -105 0
198 -256 -564 -75 -224 -55 0
-256 104 -235 -60 -274 -452 -83 -13 -75 -564 -114 -282 -240 -500 -81 -105 -55 369 -153 -197 -224 0
-321 -105 -149 -224 -285 -75 -83 -114 -282 -153 -335 -445 -60 -530 -235 -274 -452 -564 -240 -81 -221 -55 -197 -501 -449 -557 0
-105 -149 -274 -235 -557 -240 -224 -285 -75 -83 -114 -282 -153 -335 -445 -60 -530 -452 -564 -81 -221 -55 -197 -501 -449 0
487 -454 -55 -419 -564 -83 -13 -478 -31 -254 -452 -60 0
-256 369 -55 -282 -564 -75 -83 -114 -419 -13 -478 -31 -254 -452 -60 -153 -197 -224 0
-321 -221 -149 -224 -97 -75 -83 -114 -282 -335 -445 -60 -530 -55 -564 -419 -13 -478 -31 -254 -452 -153 -197 -557 -468 -319 -501 0
334 -463 -494 -60 0
542 -419 -55 -291 -302 -240 -125 -81 -552 -335 -60 -452 -564 -83 -153 -435 -285 -557 -473 -75 -114 -282 -445 -530 -197 -597 -449 -235 -274 -579 -206 -21 -201 -525 -203 -593 -87 -312 0
336 -97 -384 -291 -15 -546 -379 -313 0
-336 -495 -285 -335 0
489 -223 -75 -291 -15 -285 -335 -525 -148 -220 -589 -203 -351 -187 -419 -105 -40 -254 -107 -362 -39 -55 -452 -256 0
-369 -256 -285 -100 -220 -75 -213 -564 -55 -335 -473 -60 -291 -525 -203 -419 -105 -452 -87 -312 -530 -321 -557 -579 -445 -597 -235 -552 -156 -274 -125 -449 0
-256 -321 -55 -153 -75 -83 -114 -235 -274 -240 -105 -81 -452 -60 -282 -564 -449 -557 -197 -285 -100 -220 -213 -335 -473 -291 -525 -203 -419 -87 -312 -530 -579 -445 -597 -552 -156 -125 0
-321 -105 -213 -55 -83 -114 -274 -235 -557 -240 -75 -285 -282 -153 -335 -445 -60 -530 -452 -564 -81 -197 -449 -100 -579 -125 -552 -220 -473 -291 -525 -203 -419 -87 -312 -597 -156 0
-105 -235 -274 -240 -557 -213 -55 -83 -114 -75 -285 -282 -153 -335 -445 -60 -530 -452 -564 -81 -197 -449 -100 -579 -125 -552 -220 -473 -291 -525 -203 -419 -87 -312 -597 -156 0
-321 -97 -125 -114 -560 -75 -83 -551 -282 -335 -445 -60 -530 -190 -55 -564 -419 -31 -254 -478 -13 -452 -153 -197 -224 -149 -557 -468 -319 -501 0
-442 -291 -55 -240 -125 -81 -564 -83 -153 -435 -285 -557 -114 -560 -75 -282 -445 -530 -449 -274 -525 -87 -312 -21 -520 -65 0
-411 -55 -520 -282 -445 -285 -75 -274 -312 -409 0
103 -411 -55 -335 -442 -256 -285 -153 -282 -154 -75 -274 -312 -409 -579 -550 -240 0
320 -222 -168 -484 -99 -564 -93 -42 -277 -39 -532 -452 -397 -488 -472 -369 0
450 -335 -557 -321 -564 -93 -532 -452 -369 -154 -419 -55 -60 -442 -256 -114 -285 -282 -153 -75 -274 -409 -579 -550 -105 -240 0
449 -240 -81 0
125 -579 -484 -564 -246 -312 -41 -317 -557 -530 -83 -552 -411 0
-579 103 -411 -335 -256 -285 -153 -282 -55 -75 -274 -312 -442 -240 -126 -484 -564 -246 -41 -317 -557 -530 -83 0
-409 -225 -198 -282 -442 -209 -55 -411 -285 -75 -274 -312 -445 0
103 -235 -153 -445 -530 -282 -55 -75 -274 -335 -256 -240 -564 -557 -83 -452 -488 -369 -321 -285 0
124 -579 -552 -55 -282 -411 -285 -75 -274 -312 -445 0
-579 -92 -75 -588 -339 -198 -422 -445 -442 -41 -395 -530 -105 -240 -330 -552 -411 -484 -564 -246 -312 -557 -83 -126 -55 -282 -285 -274 0
-235 -530 -153 -445 -285 -282 -55 -75 -274 -105 -240 -564 -557 -83 -452 -256 -488 -369 -321 -335 0
-442 -559 -444 -208 0
409 -208 -335 -60 -488 -452 -285 -321 -153 -466 -445 -557 -530 0
-530 -488 -321 -60 -335 -282 -55 -285 -75 -274 -445 -564 -256 -557 -452 -153 -105 -240 -83 -369 0
-488 -445 -153 -564 -75 -256 -55 -452 -369 -60 -285 -321 -335 -282 -274 -557 -105 -240 -83 0
-445 -557 -285 -75 -83 -114 -282 -564 -419 -55 -274 -335 -256 -60 -153 -452 -369 -321 -105 -240 0
-442 -409 -321 -564 -335 -557 -452 -369 -198 -419 -55 -60 -154 -256 -114 -285 -282 -153 -75 -274 -93 -579 -550 -105 -240 -444 0
103 -111 -205 -455 -154 -329 -108 0
40 -205 -455 -584 -240 -449 -105 -154 -329 -108 -357 -33 -262 -15 -291 -118 -497 -99 -93 -39 0
551 -579 -75 -99 -42 -455 -240 -105 -108 -497 -557 -321 -369 -488 -560 -452 -564 -335 -419 -55 -60 -256 -114 -285 -282 -153 -274 -100 -550 -444 -212 -64 -224 -149 0
275 -240 -105 0
-256 -579 -75 -240 -105 -557 -321 -369 -452 -564 -335 -419 -55 -60 -114 -285 -282 -153 -274 -83 0
489 -198 -75 -445 -579 -105 -530 -240 -564 -557 -83 -55 -282 -285 -274 -369 -321 -42 -444 -452 0
341 -174 -233 -22 0
Solved
