450 -493 -280 -49 -31 -286 -175 -202 -1 -505 -190 -112 0
529 -179 -484 -175 -202 -293 -505 -461 -526 -112 -448 -280 -49 -31 -286 -1 -190 0
176 -293 -169 -151 -379 -64 -340 -190 -154 -280 -1 -49 -31 -505 -286 -202 0
-293 -202 -379 -64 -340 -190 -154 -280 -1 -49 -31 -505 -286 -142 -175 -169 -151 0
177 -44 -280 -190 -1 -49 -31 -505 -286 -202 0
-202 -190 -379 -64 -142 -154 -280 -1 -49 -505 -286 -175 -31 -151 -169 -340 0
303 -162 -31 -286 -340 -49 -241 -280 -220 -190 0
287 -43 -379 -64 -169 -154 -340 -151 -280 -142 -175 -49 -31 0
507 -190 -268 -211 -415 -169 -154 -17 -340 -151 -280 -49 -31 -286 -379 -64 -142 -175 -241 -220 -4 -1 0
281 -161 -220 -241 -303 -31 -379 -64 -169 -154 -340 -151 -280 -142 -175 -49 -286 0
-190 -175 -151 -142 -379 -169 -64 -286 -340 -154 -49 -280 -220 -241 -31 -1 -505 -268 -211 -415 -17 -4 0
45 -292 -169 -337 -151 0
302 -13 -262 -306 -462 -350 -52 -59 -447 -520 -490 -233 -241 -275 -220 -1 0
288 -301 -505 -220 -1 -241 -262 -350 -52 -520 -490 -526 -448 -142 -379 -472 -64 -340 -154 -280 -175 -49 -31 0
303 -476 -262 -13 -305 -461 -52 -60 -446 -520 -490 -234 -241 -505 -276 -220 -1 0
-175 -64 -1 -220 -241 -31 -379 -505 -169 -154 -340 -151 -280 -142 -49 -286 -262 -52 -520 -526 -448 -472 -350 -268 -211 -415 -17 -4 0
45 -371 -28 -448 -169 -337 -151 0
282 -303 -431 -520 -362 -275 -220 -1 -350 -28 -448 -169 -151 -142 -379 -31 -64 -286 -340 -154 -49 0
44 -372 -28 -169 -448 -337 -151 0
-303 -28 -505 -220 -1 -241 -169 -448 -151 -142 -379 -31 -64 -286 -340 -154 -49 -280 -431 -520 -362 -275 -350 0
568 -484 -415 -283 -17 -262 -448 -526 -112 -241 -505 -220 -1 -169 -151 -142 -379 -31 -286 -340 -154 -49 -280 -520 -350 -217 -4 -268 -211 -296 -52 -472 0
-64 282 -520 -303 -220 -1 -350 -28 -448 -169 -151 -142 -379 -31 -286 -340 -154 -49 -217 -4 -268 -211 -296 -241 -505 -280 -262 -52 -526 -472 -415 -17 0
45 -306 -469 -526 -112 -169 -448 -151 -28 -371 0
30 -306 -469 -526 -112 -169 -448 -436 -371 0
50 -28 -112 -296 -448 -211 -526 -169 -520 -303 -220 -1 -350 -151 -142 -379 -31 -286 -340 -154 -49 -217 -4 -268 -241 -505 -280 -262 -52 -472 -415 -17 0
51 -203 -142 -379 -169 -286 -340 -154 -49 -280 -220 -241 -31 -1 -505 -268 -211 -415 -17 -4 -112 -151 -448 -303 -88 -223 -161 0
449 -233 -276 -520 -531 -323 -494 -526 -112 0
3 -303 -220 -17 -112 -448 -520 -526 -484 -31 -340 -1 -241 -379 -505 -169 -154 -151 -280 -142 -49 -286 -262 -52 -472 -350 -268 -211 -415 -4 -296 -217 -88 -223 0
-28 -43 -142 -526 -112 -169 -448 -151 -379 -472 -340 -154 -280 -49 -296 -211 -520 -303 -220 -1 -350 -31 -286 -217 -4 -268 -241 -505 -262 -52 -415 -17 0
281 -275 -520 -495 -526 -112 -448 -31 -370 -43 -286 -340 -49 0
-303 -154 -17 -169 -151 -31 -286 -340 -49 -280 -520 -526 -112 -448 -142 -379 -472 -418 -296 -211 -220 -1 -350 -217 -4 -268 -241 -505 -262 -52 -415 -484 -88 -223 0
282 -162 -31 -147 -286 -340 -49 0
450 -262 -142 303 -305 -52 -60 -520 -490 -234 -241 -505 -220 -1 -379 -415 -66 -17 -324 -526 -112 0
30 -71 -415 -17 -237 -484 -252 -558 -367 -4 -289 -268 -211 -296 -176 0
571 -241 -1 -220 -520 -31 -379 -505 -169 -340 -151 -280 -142 -49 -286 -52 -526 -448 -472 -350 -268 -211 -415 -17 -4 -296 -112 -418 -88 -223 0
302 -147 -162 -241 -505 -220 -1 0
66 -568 -17 -418 -470 0
-28 -470 -472 -155 -17 -418 -502 -379 -485 -142 -461 -372 -350 -321 44 -169 -448 -151 0
281 -303 -526 -112 -448 -31 -286 -340 -49 -505 -17 -472 -379 -418 -142 -350 -169 -151 -571 -520 -241 -220 -1 0
449 -447 -490 -233 -523 -350 -19 -276 -283 -337 -486 -294 -323 -371 -526 -520 -494 -112 0
155 -64 282 -286 -340 -49 -211 -17 -296 -112 -28 -448 -523 -350 -283 -526 -520 -505 -220 -1 -303 -169 -151 -142 -379 -571 -31 0
450 -28 -296 -177 -112 -92 -211 0
18 -305 -557 -250 -62 -12 -477 -462 -415 -397 0
16 -256 -283 -484 -161 -72 0
470 -557 -379 -320 -250 -62 -12 18 -462 -415 -397 -259 -64 0
-305 -62 -250 -12 -557 18 -462 -415 -397 0
43 -58 -292 -163 -250 -12 -462 -415 -244 -223 -161 -17 -283 -484 -520 -233 -505 -275 -220 -1 -303 0
-64 -28 -268 -520 -526 -112 -211 -31 282 -286 -340 -49 -17 -379 -142 -169 -151 -4 -448 -415 -244 -223 -283 -505 -220 -1 -303 -296 -523 -350 -571 0
-28 282 -526 -112 -169 -448 -268 -520 -211 -31 -472 -286 -340 -49 -17 -379 -142 -151 -4 -415 -244 -223 -283 -505 -220 -1 -303 -296 -523 -350 -571 0
65 -436 -379 0
66 -436 -379 0
-303 -571 -220 -526 -112 -448 -520 -1 -505 -17 -418 -169 -151 -350 -379 -268 -211 -31 -472 -286 -340 -49 -142 -4 -415 -244 -223 -283 -296 -523 -280 -241 0
16 -28 -547 -64 -211 -526 -112 -544 -296 -448 -176 -155 -372 -283 -256 -147 -162 -71 0
450 -476 303 -461 -52 -520 -490 -234 -241 -505 -220 -1 -250 -547 -412 -407 -296 -28 -112 -211 -169 -76 -151 -571 -283 -472 -321 -17 -418 -379 -155 -142 -372 -350 -448 -484 -504 -324 -526 0
-28 -64 -544 -211 -296 -392 -176 -112 -93 -448 303 -52 -520 -490 -234 -241 -505 -220 -1 -547 -169 -151 -571 -283 -472 -321 -17 -418 -379 -155 -142 -372 -350 -324 -526 -168 -244 -88 -223 -415 -268 0
-64 -379 -544 -211 -296 -392 -176 -112 -93 -448 303 -52 -520 -490 -234 -241 -505 -220 -1 -547 -169 -151 -571 -283 -472 -321 -17 -418 -155 -142 -372 -350 -324 -526 -168 -244 -88 -223 -415 -268 0
29 -305 -469 -526 -112 -293 -448 -372 0
114 -430 -321 -337 -350 -469 -392 0
574 -220 -526 -142 -52 -520 -505 -547 -1 -415 -17 -112 -448 -350 -296 -31 -286 -340 -49 -169 -151 -472 -544 -211 -283 -418 -244 -88 -223 -268 -4 -523 0
154 -281 -112 -169 -448 -268 -520 -211 -31 -472 -286 -340 -49 -17 -379 -142 -151 -4 -415 -244 -223 -283 -505 -220 -1 -28 -296 -523 -350 -303 -526 0
65 -304 -28 -112 450 -211 -169 -505 -220 -1 -223 -303 -415 -52 -17 -448 -372 -151 -470 -350 -296 -392 -472 -155 -268 -520 -31 -286 -340 -49 -379 -142 -4 -244 -283 -523 -526 -574 0
306 -203 -188 -151 -78 -169 -228 -93 -121 -290 -130 -73 -250 -13 0
302 -73 -11 -4 -250 -13 -304 -188 -151 -78 -169 -93 -121 -290 -130 -505 -220 -1 0
460 -155 -472 -17 -418 -379 -151 -142 -28 -372 -350 -470 -169 -448 -303 -4 -505 -220 -1 -88 -31 -223 -286 -415 -340 -49 -526 -112 -520 -268 -211 -244 -283 -296 -523 -64 450 -52 -392 -574 0
-155 -372 -220 -526 -112 -448 -520 -1 -505 -17 -418 -169 -151 -350 -379 -268 -211 -31 -472 -286 -340 -49 -142 -415 -244 -223 -283 -296 -523 -303 -28 450 -392 -547 -52 -4 -470 -88 -64 -574 0
-372 -392 -505 -1 -303 -52 -28 -169 -448 -151 -350 -520 -541 -574 -379 -64 -220 -526 -112 -17 -418 -268 -211 -31 -472 -286 -340 -49 -142 -415 -244 -223 -283 -296 -523 450 -547 -4 -470 -88 0
59 -294 -461 -337 -52 -19 0
156 -392 -350 -281 -59 0
113 -64 -211 -4 -52 -350 -17 -418 -268 -505 -220 -1 -303 -112 -169 -448 -520 -31 -472 -286 -340 -49 -379 -142 -151 -415 -244 -223 -283 -28 -296 -523 -526 -541 -574 -547 -88 0
45 -337 -28 -448 -169 -340 -151 0
-397 -368 -211 -268 -73 -52 -4 -60 -276 -309 -12 18 -557 -305 -462 -415 -62 0
156 -19 -510 -337 -350 -547 -52 -462 -309 -211 -268 -4 -276 -12 18 -557 -415 -393 -243 -574 -379 -472 -64 0
-337 18 -180 -211 -544 -52 -296 -177 -350 -286 -393 -340 -49 -112 -169 -448 -520 -31 -472 -17 -379 -142 -151 -4 -415 -244 -223 -283 -505 -220 -1 -28 -523 -303 -526 -155 -547 -462 -12 -268 -574 -64 -44 0
469 -155 -211 -92 -49 -268 -112 -169 -448 -520 -31 -472 -286 -340 -17 -379 -142 -151 -4 -415 -244 -223 -283 -505 -220 -1 -28 -296 -523 -350 -303 -526 -44 -180 -544 -52 -177 -393 -547 -462 -12 -574 -64 0
-155 -180 -17 -211 -544 -52 -296 -177 -350 -286 -393 -340 -49 -112 -169 -448 -520 -31 -472 -379 -142 -151 -4 -415 -244 -223 -283 -505 -220 -1 -28 -523 -303 -526 -547 -462 -12 -268 -574 -64 -44 -418 -471 -92 0
16 -256 -251 -283 -306 -332 -372 -471 -161 -72 0
460 -517 -421 -214 -119 -372 -337 -19 -59 -309 -399 0
-337 -182 -520 -368 -52 -462 -372 -59 -244 -223 -415 -17 -251 -283 -306 -332 -471 -554 -505 -220 -190 -1 -303 -44 -28 -448 -169 -340 -151 0
-64 -303 -49 -31 -520 -52 -244 -223 -415 -17 -283 -505 -220 -1 -286 -28 -448 -169 -340 -151 -541 -142 -379 -472 -211 -544 -296 -350 -112 -4 -523 -526 -547 -268 -418 -88 0
437 -573 -283 -256 -161 -72 -17 -151 -418 -169 0
156 -372 -526 -112 -448 -469 -169 -28 -436 -283 -256 -161 -72 -17 -151 -418 -472 0
16 -59 -52 -309 -462 -520 -276 -494 -526 -112 -169 -448 -151 -28 -31 -572 -372 -161 -283 -256 -72 0
18 -436 -28 -112 -448 -469 -418 0
-372 -45 -526 -28 -52 -520 -112 -169 -151 -31 -283 -154 -469 -436 -17 -418 -472 -505 -220 -1 -303 -448 -337 0
-337 -303 -505 -286 -1 -296 -28 -112 -211 -31 -169 -448 -436 -340 -526 -52 -520 -151 -283 -154 -469 -17 -418 -472 -220 0
44 -303 -526 -112 -448 -520 -1 -505 -17 -418 -169 -151 -350 -379 -268 -211 -31 -472 -286 -340 -49 -142 -4 -415 -244 -223 -283 -296 -523 -220 -52 -88 -393 -160 0
-303 -28 -49 -505 -526 -1 -112 -169 -448 -151 -286 -340 -31 -520 -17 -418 -350 -379 -268 -211 -472 -142 -4 -415 -244 -223 -283 -296 -523 -220 -52 -88 -541 -544 -547 0
30 -476 -327 -558 -4 -268 -544 -211 -563 -296 -176 0
-436 -64 -379 0
408 -292 -19 -130 -337 -296 -121 -451 -28 -112 450 -211 -169 -151 -547 -76 0
-292 -121 -176 -130 -563 -250 -544 -304 -461 -407 -19 -337 -296 -451 -28 -112 450 -211 -169 -151 -547 -76 0
18 -337 -544 -19 -275 -296 -28 -112 -211 -169 -151 -547 -379 -526 -448 -327 -558 -4 -268 -204 -189 -88 -237 -223 -415 -71 0
449 -282 -574 -242 -268 -146 -211 -340 -296 -370 -178 -176 -112 -93 -28 0
-337 -19 -151 -350 -340 -169 -52 -526 -112 -28 -448 -574 -242 -268 -211 -296 -49 -283 -286 -256 -31 -162 -71 -17 -544 -275 -547 -379 -327 -558 -4 -204 -189 -88 -237 -223 -415 0
-28 -379 -169 -340 -151 -142 -49 -31 -472 -17 -418 -350 -448 -296 -112 -211 -526 -286 -52 -268 -283 -544 -547 -4 -88 -223 -415 -505 -220 -1 -520 -244 -523 -541 0
252 -58 -462 -52 -305 -154 0
294 -219 -485 -178 -432 -151 -544 -337 -169 0
302 -293 -154 -283 -17 -52 -462 -337 -485 -178 -151 -544 -169 -520 -530 -362 -495 -505 -220 -1 0
294 -485 -379 -436 -260 -337 -169 -142 -178 -219 -151 -544 0
123 -204 -227 -175 0
371 -260 -520 -49 -31 -286 -175 -337 -536 -547 -52 -462 -379 -436 -169 -142 -178 -151 -544 -505 -220 -1 -283 -17 -495 -44 -340 0
-436 302 -36 -211 -67 -289 -579 -505 -220 -1 -340 -582 -28 -112 -448 18 -438 -379 0
-305 -368 -289 -278 -83 -536 -163 -209 -421 -388 -228 -118 -249 -31 -324 -387 -276 -251 -462 -52 -58 -154 -304 0
290 -326 -8 -351 -180 -36 -597 -172 -316 -296 -268 -403 -211 -67 0
302 -209 -36 -211 -505 -220 -1 -67 -289 -8 -351 -180 -316 -296 -268 -17 -283 -484 -311 0
16 -256 -283 -484 -162 -71 0
-436 -145 -12 -397 18 -462 -600 -172 -268 -403 -36 -211 -67 -289 -237 -340 -582 -94 -28 -112 -448 -471 -438 -379 0
250 -600 -417 -558 -275 -237 -12 0
-415 -242 -289 -268 -28 -337 -544 -296 -19 -112 -211 -169 -151 -547 -379 -526 -448 -275 -327 -558 -204 -189 18 -237 -71 -564 -227 -177 -393 -351 -77 -600 -406 0
-19 -268 -52 -289 -520 -28 -337 -544 -296 -112 -211 -169 -151 -547 -379 -526 -448 -564 -177 -393 -351 -77 -406 -17 -283 -484 -505 -220 -1 -301 -36 -67 -180 -316 -21 -461 -294 0
303 -310 -220 0
-310 -301 -220 0
484 -292 -544 -372 -180 0
302 16 -484 -283 -256 -505 -220 -1 0
16 -484 -283 -505 -220 -1 -301 0
-294 -268 -505 -220 -1 302 -180 -296 -211 -17 -283 -484 -311 -92 -19 -169 -58 -461 -337 -52 -292 0
349 -328 -326 -268 -352 -4 -279 -369 -393 -9 0
291 -4 -268 -211 -162 302 -505 -220 -1 0
290 -476 -326 -557 -328 -4 -393 -268 -369 -211 0
-268 302 -92 -393 -211 -162 -403 -505 -220 -1 -417 -52 -58 -180 -19 -544 -337 -296 -17 -283 -484 -311 -169 -461 -292 0
222 -31 -177 -296 -461 -337 -52 -92 -211 -169 -536 -393 -505 -220 -1 -180 -544 -17 -283 -484 -292 -308 -301 0
-294 -268 -520 -28 -337 -544 -296 -112 -211 -169 -151 -547 -379 -526 -448 -52 -177 -393 -406 -17 -283 -484 -505 -220 -1 -301 -180 -461 -92 -292 0
291 -4 -328 -279 -268 -211 0
213 -204 -177 -296 -227 0
-268 -134 -12 -558 -211 -290 -92 -317 -180 -544 -337 -169 -520 -28 -296 -112 -151 -547 -379 -526 -448 -52 -177 -393 -406 -17 -283 -484 -505 -220 -1 -301 -461 -292 0
-526 -461 -180 -544 -438 -169 -12 -211 -337 -520 -28 -296 -112 -151 -379 -448 -52 -177 -393 -17 -283 -505 -220 -1 -92 -536 -372 -44 -527 0
-292 -446 -404 -21 -350 -354 -220 -337 -44 -294 -169 -151 0
212 -4 -28 -169 -448 -151 -220 -44 -283 -505 -1 -484 -17 -419 -438 -379 -372 -294 -393 -368 -92 -337 -289 -268 0
-292 -223 -89 -415 -563 -17 -283 -505 -220 -1 -484 -544 -44 -294 -169 -337 -151 0
303 213 -296 -177 -505 -220 -1 0
-4 -289 -438 -419 -17 -337 -151 -28 -169 -448 -44 -302 -296 -177 -505 -220 -1 -283 -484 -372 -89 -544 -294 -599 -587 -379 -268 -211 -393 -368 -92 0
4 -302 -169 -151 -322 -44 -385 -92 -1 -505 -599 0
170 -484 -283 -505 -220 -1 -17 -419 -44 -438 -151 0
-302 -484 -419 -17 -337 -151 -28 -169 -448 -44 -296 -177 -505 -220 -1 -283 -438 -372 -89 -544 -294 -599 -587 -379 -268 -211 -393 -368 -92 -322 -385 0
-484 -268 -337 -372 -44 -379 -211 -505 -220 -1 -582 -28 -112 -448 -438 -495 -419 -17 -151 -169 -296 -177 -89 -544 -294 -599 -587 -283 -393 -368 -92 -322 -385 0
303 -329 -368 -17 -268 -70 -341 -505 -211 -220 -44 -1 -296 -177 0
18 -289 -211 -340 302 -505 -220 -1 -582 -28 -112 -448 -438 -379 -92 -169 -147 -419 0
16 -557 -12 -164 -62 -278 -393 -352 -351 -150 -57 -502 -322 -306 -31 -471 -161 0
-301 -164 -438 -92 -419 -211 -505 -220 -1 -582 -28 -112 -448 -379 -17 -12 -169 -393 -502 -322 -306 -471 -341 -44 -337 -59 -520 -530 -495 -362 -303 0
-268 -368 -211 -92 -169 -151 -44 -438 -419 -505 -220 -1 -582 -28 -112 -448 -379 -17 -12 -393 -322 -306 -471 -341 -337 -59 -520 -495 -296 -177 -372 -180 -89 -544 -294 -599 -587 -283 -385 0
-484 -289 -211 -505 -220 -1 -582 -28 -112 -448 -438 -379 -92 -169 -419 -17 -341 -283 -44 -296 -177 -577 -151 0
-301 -571 -169 -151 -577 -217 -220 -362 -438 -92 -419 -211 -505 -1 -582 -28 -112 -448 -379 -17 -12 -393 -502 -322 -306 -471 -341 -44 -337 -59 -520 -530 -495 -164 0
45 -577 -92 -169 -151 0
171 -419 -211 -505 -220 -1 -582 -28 -112 -448 -438 -379 -92 -169 -180 -17 -341 -283 -44 -296 -177 -577 -151 0
-461 -505 -151 -220 -438 -92 -211 -169 -1 -582 -28 -112 -448 -379 -17 -12 -393 -471 -44 -337 -520 -495 -372 -283 -180 -296 -177 -544 -587 -52 -536 -527 0
302 -147 -211 -162 -505 -220 -1 -600 -289 -268 0
371 -67 -536 -548 -126 -35 -210 -316 -289 -211 -296 -177 -505 -220 -1 -301 -162 -600 -268 -283 -484 -340 0
303 -279 -520 -268 -600 -328 -211 -289 -307 -220 -296 -177 -505 -1 0
91 -268 -393 -369 -211 -600 -505 -289 -1 -162 -220 -301 -520 -307 -296 -177 -180 -544 -337 -293 -372 -536 -548 -126 -35 -210 -283 -484 -340 0
-268 -289 -393 -369 -211 -505 -600 -1 -597 -301 -296 -177 -220 -417 -92 -162 -520 -307 -180 -544 -337 -293 -372 -536 -548 -126 -35 -210 -283 -484 -340 0
-289 -417 -536 -548 -407 -210 -35 -600 -505 -520 -1 -92 -307 -301 -220 -211 -578 -393 -369 -597 -296 -177 -162 -180 -544 -337 -293 -372 -126 -283 -484 -340 0
302 -233 -520 -307 -275 -220 -1 0
-484 170 -337 -372 -293 -283 -210 -544 -600 -180 -520 -505 -211 -220 -1 -296 -177 -393 -369 -92 -536 -548 -407 -126 -527 -398 -582 -17 -12 -44 -438 -151 0
303 -430 -337 114 -60 -398 -578 -17 -282 -268 -70 -211 -220 -329 -341 -505 -44 -1 -296 -177 0
170 -505 -337 -60 -1 -462 -283 -17 -52 -293 -151 -544 -169 -520 -220 114 -398 -211 -44 -296 -177 -372 -180 -210 -600 -369 -92 -536 -548 -407 -527 -12 -438 0
-301 -217 -268 -289 -211 -505 -220 -1 -600 -362 -17 -283 -484 -303 0
160 -75 -439 -242 -94 -220 -438 -310 -419 -257 -17 0
212 -72 -600 -220 -505 -17 -161 -94 -438 -310 -419 -257 -36 -145 -67 -289 -268 0
-484 -303 -379 -17 -289 -268 -211 -600 -220 -505 -36 -67 -582 -337 -31 -92 -169 -151 -28 -448 -44 -1 -362 -283 -438 -572 -485 0
-301 -278 -164 -400 -60 -462 -283 -17 -52 -178 -337 -293 -485 -151 -544 -169 -520 -530 -362 -495 -505 -220 -1 -303 0
160 -70 -220 -310 -17 -75 -439 -94 -438 -419 -242 0
-303 -268 -164 -400 -12 -220 -60 -520 -244 -530 -600 -495 -1 -398 -505 -17 -438 -582 -337 -31 -28 -169 -448 -151 -44 -462 -283 -52 -293 -485 -544 -362 -393 -36 -369 -67 -579 -289 -305 -211 -316 -180 -379 -92 -572 0
-268 -572 -17 -536 -548 -126 -316 -210 371 -211 -296 -177 -505 -220 -1 -289 -600 -283 -67 -44 -400 -12 -60 -520 -244 -495 -398 -438 -582 -337 -31 -28 -169 -448 -151 -462 -52 -293 -544 -393 -36 -369 -579 -305 -180 -379 -92 0
-505 -220 -1 -296 -177 -211 -44 -92 -169 -151 -17 -536 -283 -12 -520 -438 -337 -28 -448 -52 -544 -180 -379 -372 114 -527 -112 -587 0
599 -329 -393 -325 -17 -368 -595 -520 -52 0
213 -289 -92 -44 -337 -160 -19 -256 -283 -309 -587 -520 -52 -598 -393 -325 -17 -579 -296 -403 -268 0
-289 -19 -536 -172 -403 -92 -228 -211 -44 -337 -160 -256 -283 -309 -587 -520 -52 -598 -393 -325 -17 -579 -296 -268 0
-301 -303 -52 -337 114 -372 -283 -17 -160 -44 -438 -151 -169 -92 -536 -211 -587 -520 -325 -296 -268 -220 -598 0
599 -41 -258 -283 -460 -587 -415 -52 -6 0
301 -268 -393 -52 -598 -283 -587 -126 -180 -211 -471 -17 -92 -160 -169 -151 -28 -448 -337 -44 0
212 -289 -337 -587 -275 -19 -268 -211 -352 -393 -556 -12 -172 -403 -92 -283 0
-289 -19 -337 -52 -598 -393 -325 -17 -520 -296 -268 -227 -92 -44 -160 -256 -283 -587 -403 -211 -275 -352 -556 -12 -172 0
213 -25 -296 -126 0
-268 -598 -520 -556 -211 -296 -587 -283 -17 -160 -92 -337 -52 -325 -44 -12 -220 -1 114 -372 -438 -151 -169 -536 -180 -28 -448 0
212 -289 -4 -556 -12 -172 -17 -403 -160 -169 -31 -92 -577 -598 0
-289 -325 -328 -556 -12 -172 -283 -403 -594 -256 -151 -160 -92 -169 -31 -577 -211 -4 -17 -598 0
-220 -1 -544 -17 -180 -151 -169 -211 -92 -296 -12 -283 -44 -520 -587 -337 -52 -372 114 -438 -536 -28 -448 -177 -379 -527 -112 0
213 -268 -577 0
-268 -577 -211 0
599 -275 -233 -520 -4 0
600 -462 -293 -337 -369 -210 -52 -4 0
5 -56 -362 -573 -217 -350 -282 -250 -393 -12 -369 -558 -279 0
122 -412 -407 -462 -447 -547 -137 -536 -352 -132 0
405 -407 -594 -544 -462 -293 -500 -536 -533 -123 -352 -132 -505 -236 -1 -283 -41 -301 -256 -476 -310 0
302 -445 -180 -328 -485 -283 -496 -327 -256 -172 -505 -310 -1 0
160 -210 -536 -328 -41 -496 -310 -301 -180 -283 -1 -404 -594 -544 -293 -500 -533 -123 -352 -132 -337 -369 -52 -4 -233 -520 -323 -527 -582 -418 -70 -17 0
506 -156 -52 -305 -210 -337 -134 -293 -496 -500 -533 -132 -404 -123 -310 -551 -177 -301 -204 -1 0
212 -289 -4 -352 -296 -177 -337 -310 -301 -1 -471 -17 -536 -328 -180 -283 -594 -544 -520 -527 -582 -70 -438 -126 -169 -31 -92 -577 -52 -226 0
507 -63 -12 -135 -496 -405 -310 -301 -1 0
506 -484 -283 -70 -310 -17 -301 -162 -1 0
-289 -70 -283 -12 -310 -17 -301 -1 -180 -520 -92 -169 -31 -249 -577 -226 -211 -352 -296 -177 -337 -471 -536 -594 -544 -527 -582 -438 -126 -52 0
-1 -536 -372 -544 -180 -438 -169 -211 -92 -296 -283 -12 -17 -520 -249 -177 -337 -527 -52 -44 -151 -587 114 -28 -448 -379 -112 0
556 -63 -12 0
213 -289 -582 -372 -340 -17 -495 -505 -12 -307 -4 -520 -274 -169 -31 -249 -577 -527 -226 0
-558 -417 -301 -404 -310 -600 -275 -12 -252 -476 -557 0
18 -500 -372 -180 -544 -533 -132 -123 -177 -204 -505 -301 -404 -310 -12 -4 -233 -520 -274 -293 -337 -369 -210 -52 -323 -527 -582 -418 0
19 -156 -251 -305 -52 -315 -210 -84 0
558 -369 -12 -393 -251 -279 -274 -4 0
-289 -310 -527 -520 -12 -393 -52 -337 -177 -495 -505 -471 -17 -372 -180 -544 -301 -274 -582 -438 -169 -31 -92 -211 -340 -249 0
-310 -177 -505 -17 -372 -180 -544 -301 -12 -520 -274 -337 -52 -527 -582 -438 -169 -211 -92 -296 -126 -393 -495 -471 -249 -44 -151 0
292 -308 -397 -52 -163 -462 -372 0
507 -293 -4 -211 -180 -19 -544 -337 291 -397 -52 -372 -305 -251 -274 -269 -578 -520 -31 -12 -557 -160 0
213 -20 -520 -52 -12 -310 -505 -301 -162 -44 -32 -91 -289 0
92 -498 -34 -74 -316 -289 0
507 -275 -301 -44 -32 -91 -34 -74 -316 -289 -133 -520 -12 -557 0
294 -289 -17 -301 -162 -95 -12 -293 -337 -52 -4 -310 -32 -505 -520 -269 -212 -170 0
367 -180 -370 -29 -163 -330 -278 0
369 -261 -29 -370 -530 -163 -471 -400 -304 -390 -460 -182 -52 0
211 -530 -460 -471 -494 -52 -370 -36 -316 -393 -182 -29 -368 -400 -251 -274 -4 -269 -134 0
19 -209 -52 -60 0
44 -19 -310 -337 -301 0
556 -405 -471 -256 -310 -337 -370 -342 -153 -45 -301 -52 -420 -544 -485 -438 -316 -212 -460 -494 -36 -368 -400 -4 -269 -234 -520 -12 0
371 -275 -12 -2 -278 -448 -301 -310 -337 -45 -342 0
179 -581 -368 -269 -420 -63 -593 -212 -438 -12 -544 -316 -30 0
10 -135 -39 -533 -95 -520 -438 -482 -63 -30 0
132 -452 -52 -256 -368 -460 -310 -278 -19 -82 -533 -122 0
-211 -19 -337 -310 -520 -301 -234 -2 -275 -52 -256 -368 -460 -278 -533 -438 -30 -12 -39 -95 -482 -63 -219 -212 0
21 -251 -471 -275 -114 -460 -2 -391 -52 -301 -368 -310 -278 0
11 -352 -324 -234 -502 -520 -275 -326 -405 -337 -310 -19 -471 -460 -2 -52 -301 -368 -278 -581 -420 -496 -438 -133 -63 -30 0
-19 -533 -417 -599 -587 -95 -520 -448 -438 -63 -30 -39 -482 -12 -324 -234 -502 -275 -326 -405 -337 -310 -471 -460 -2 -52 -301 -368 -278 -420 -256 -212 -36 -316 -178 -269 -544 -571 -342 -153 -45 0
29 -208 -226 -510 -533 -36 -587 -95 -316 -39 -520 -438 -482 -63 -30 -448 -178 -12 0
250 -354 -45 -153 -571 -226 -52 19 -400 -165 0
290 -417 -52 -460 -301 -234 -2 -45 -153 -400 -12 -36 -95 -316 -520 -438 -448 -599 -324 -326 -337 -310 -471 -420 -256 -212 -269 -544 -485 -370 -4 -557 -494 -499 -145 -67 0
10 -63 -295 -597 -494 -599 -530 -520 -448 -125 -29 0
312 -173 -404 0
-63 -164 -12 -369 -4 -400 -2 -337 -278 -301 -19 -310 -404 -496 -133 -295 -597 -494 -599 -530 -520 -448 -125 -29 -557 0
-19 -417 -301 -310 -404 -12 -557 -599 -52 -460 -471 -494 -370 -36 -316 211 -400 -4 -269 -234 -520 -369 -2 -337 -496 -597 -448 -125 -341 -45 0
135 -369 -87 -52 -510 19 -534 -496 0
506 -316 -52 -12 -301 -310 -460 -370 -36 -520 -400 -4 -269 -234 -337 -448 -45 -499 -212 -67 -289 -153 -95 -438 -324 -544 -17 -162 0
-63 -558 -12 0
367 -278 -60 -19 -393 -337 0
368 -557 -310 -558 -12 -600 -301 -274 -415 -4 -17 -269 -399 -212 -67 -460 -289 -52 0
227 -130 -549 -508 -533 -408 0
276 -528 -324 -448 -209 -226 -549 -508 -533 -408 -251 0
-278 -251 -477 -327 -226 -212 -269 -4 -274 -324 -448 -352 -499 -67 -460 -289 -52 -368 -60 -19 -393 -337 0
11 -352 -67 -289 -212 -310 -269 -327 -19 -4 -274 -324 -448 -499 -460 -52 -60 -337 -558 -12 -600 -301 -415 -17 -399 0
-19 -327 -212 -269 -4 -274 -324 -448 -499 -67 -460 -289 -52 -60 -337 -558 -12 -310 -600 -301 -415 -17 -399 -45 0
91 -460 -12 -301 -4 -17 -269 -212 -310 -289 -52 -499 -337 -520 -505 -370 -36 -400 -153 -95 -438 -544 -162 -32 0
-289 -162 -32 -337 -520 -505 -12 -95 -4 -269 -212 -301 -17 -310 -52 -170 -293 0
-63 -497 -337 -52 -19 -209 -17 -367 -162 -73 -520 -505 -4 -61 -12 0
10 -448 -328 -318 -91 -32 -17 -162 -145 -241 -73 -505 -4 -520 -337 -52 -19 -209 -367 -12 -135 0
558 -496 -67 -91 -32 -318 -162 -73 -505 -4 0
6 -82 -19 -481 -310 -448 -67 -477 -91 -32 -17 -162 -209 -145 -496 -241 -599 -73 0
171 -35 -91 -318 0
497 -44 -301 -32 -310 -91 -67 -170 -318 0
5 -19 -52 -337 -209 -17 -367 -162 -73 -520 -505 -4 -497 -12 -135 0
-19 -481 -310 -67 -91 -32 -17 -162 -209 -145 -73 -135 -12 -328 -318 -505 -4 -520 -337 -52 -367 -301 -170 0
-162 -505 -12 -520 -52 -310 -32 -17 -4 -337 -301 -170 -212 -95 -269 -293 0
-19 -43 -337 -301 -310 0
-558 -91 -301 -310 -43 -4 -337 -170 -269 -293 -212 -52 -397 -12 -520 -557 0
290 -67 -91 0
-67 -289 -91 0
370 -431 -465 -577 -12 -134 -389 -402 -363 -165 0
-209 -74 -212 -91 -147 -12 -165 -310 -301 -43 -337 -170 -293 -520 -397 -369 -52 0
-505 -212 -301 -12 -520 -310 -52 -337 -170 -293 -4 -269 -32 -17 -95 0
-91 -67 -520 -598 -556 -4 -301 -32 -310 -12 -44 -170 -212 -146 0
-558 -598 -4 -520 -556 -12 0
-67 -324 -448 -209 276 -508 -461 -293 -291 -170 -520 -598 -556 -4 -301 -32 -310 -12 -44 -212 -146 0
578 -293 -520 -4 -301 -310 -12 -337 -52 -17 0
6 -477 -352 -123 -404 -328 -367 -310 -52 -19 -210 -96 -498 -441 -241 -599 -587 -73 0
208 -60 -251 -558 -417 -275 -12 -293 -337 -210 -52 -4 -328 -217 -178 -485 -29 -371 -530 -278 -464 -301 -19 -39 -310 -481 -404 -536 -498 0
-558 -404 -310 -498 -52 -19 -210 -12 -293 -337 -4 -328 -217 -178 -29 -301 -481 -536 -17 -145 -73 -123 -367 -441 -587 -520 0
522 -350 -281 -252 -63 -12 -60 -463 -307 0
208 -178 -328 -12 558 -4 -29 -113 -371 -471 -520 -281 -2 -337 -301 -19 -39 -310 -481 -404 -536 -498 0
-19 -91 -310 -52 -12 -4 -520 -337 -17 -293 -67 -301 0
-91 -67 -52 -310 -12 -520 -337 -17 -293 -4 -301 0
160 -431 -530 -163 -464 -251 -340 -37 -558 -237 -600 -275 -12 -147 -17 0
311 -500 -415 -293 -462 -327 -399 -505 -17 -161 -530 -464 -251 -340 -558 -600 -275 -12 -147 -483 -337 -278 -82 -301 -19 0
5 -138 -310 -293 -399 -17 -161 -530 -464 -558 -12 -337 -301 -19 -599 -52 -67 -289 -135 -213 -60 -270 0
20 -135 -289 -213 -12 -52 -558 -505 -399 -161 -17 -595 -293 -337 -19 -60 0
160 -280 -217 -431 -251 -573 -464 -237 -340 -37 -415 -147 -17 0
368 -533 -500 -415 -293 -477 -462 -399 -505 -17 -161 -217 -431 -251 -573 -464 -237 -340 -37 -147 -393 -328 -279 0
162 -535 -237 -415 -251 -132 -164 -123 -401 -78 -293 -189 -462 -204 -399 -505 -17 0
11 -462 -464 -237 -415 -257 -147 -17 -573 -340 -161 -78 -293 -189 -431 -399 -505 -182 -19 -393 -60 -337 -369 -500 -477 -279 -226 -483 -213 -577 -84 -135 0
10 -279 -447 -588 -96 -138 -448 -437 -477 -237 -415 -362 -257 -17 -161 -530 -270 -505 -431 -213 -84 -558 -464 -135 0
498 -182 -448 -323 -19 -60 -337 -213 -293 -52 -464 -17 -573 -161 -78 -399 -12 -96 -437 -530 -270 -558 -289 -67 -301 -310 -599 -4 0
-278 -533 -500 -293 -399 -17 -415 -477 -404 -172 -310 -19 -208 -52 -369 -279 -393 -60 -337 0
-558 -497 -19 -293 -17 -52 -337 -4 -67 -310 -12 -301 -520 0
279 -415 -337 -369 -210 -52 -4 -599 -293 -507 -475 -328 -180 -29 -437 -96 -138 -123 -82 -352 -19 0
368 -404 -19 -310 -337 -138 -507 -599 -391 -328 -52 0
-497 -19 -301 -337 -310 -17 -293 -52 -4 -12 -67 -520 0
407 -532 -84 -535 -483 -547 -508 0
16 -404 -137 -477 -237 -415 -84 -535 -483 -508 -500 -293 -462 -505 -399 -161 0
-278 -369 -464 -530 -437 -51 -477 -415 -161 -17 -137 -293 -505 -399 -337 -301 -19 -310 -173 -67 -209 -393 -289 -52 -12 -60 0
416 -123 -535 -448 -226 -588 -189 -509 -78 -505 -325 -328 -445 -404 -477 -237 0
-369 -505 -448 -415 -78 -293 -399 -323 -17 -173 -316 -213 -270 -12 -558 -161 -301 -182 -137 -310 -209 -74 -19 -4 -464 -530 -437 -51 -337 -67 -289 -52 -60 0
-404 -370 -323 -530 -13 -264 -218 -573 -154 -279 -165 -421 -276 -161 -349 -17 -505 -337 -415 -325 -301 -19 -477 -310 -405 -173 0
-505 -530 -161 -337 -19 -310 -323 -17 -573 -415 -301 -173 -293 -599 -74 -4 -270 -134 -213 -67 -60 -289 -182 -52 -448 -78 -399 -316 -12 -558 -137 -209 -464 -437 -51 0
-558 -415 -520 -12 -337 -19 -310 -17 -4 -301 -293 -67 -52 0
-415 -19 -17 -12 -4 -52 -337 -301 -293 -310 -67 -520 0
600 -367 -213 -289 -270 -52 -4 0
599 -520 -12 -4 0
367 -257 -283 -161 -505 -158 -149 -137 -352 -329 -19 -393 -60 -337 0
-404 -527 -323 -13 -293 -390 -60 -182 -52 -368 -283 -161 -505 -158 -137 -352 -329 -19 -393 -337 -173 -310 -403 0
-293 -415 -337 -19 -310 -505 -520 -12 -4 -301 -17 -52 0
54 -596 -170 -577 -31 -161 -17 -67 -497 -599 -209 0
-60 -369 -497 -445 -520 -475 -415 -17 -161 -31 -577 -505 -170 -352 -4 -67 -278 -19 -337 -12 -52 -209 -351 -59 0
-369 -475 -351 -8 -415 -17 -161 -31 -577 -505 -170 -352 -12 -67 -278 -520 -307 -52 -497 -445 -4 -19 -337 -209 -59 0
63 -422 -120 -161 -390 -17 -183 -415 -520 -475 0
58 -445 -191 -330 -520 -475 -12 -505 -4 -161 -17 -183 -415 -163 -393 -401 -351 0
476 -234 -275 -31 -161 -236 -17 -12 -415 -63 0
18 -275 -531 -432 -465 -12 -63 -393 -351 -461 -595 -398 0
-404 -161 -170 -577 -31 -241 -17 -432 -12 -351 -461 -4 -520 -307 -59 -191 -505 -415 -401 -278 -8 -352 -52 -19 -337 -209 312 0
162 -496 -59 -307 -520 -401 -12 -278 -4 -68 -170 -577 -31 0
-289 -67 -310 -520 -12 -471 -52 -337 -393 -505 -17 -301 -31 -340 -83 -29 -314 -448 -112 -424 -251 -321 -275 -233 -280 -151 -145 -170 -291 -134 0
-67 -74 -310 -44 -170 -31 -496 -301 -520 -12 -471 -52 -337 -393 -505 -17 -340 -83 -29 -314 -448 -112 -424 -251 -321 -275 -233 -280 -151 -145 -291 -134 -68 0
-558 -496 -4 -310 -170 -52 -301 -520 -12 -471 -337 -505 -17 -83 -321 -145 -68 -597 -401 -351 -19 -278 -59 -476 0
367 -393 -432 -275 -12 -63 18 -351 -461 -520 -307 -19 -278 -337 0
350 -393 -599 -63 -597 -520 0
-393 18 -520 -432 -275 -12 -63 -351 -461 -307 -59 -8 -599 0
469 -261 -530 -29 -366 -448 -371 -114 0
-67 -530 -114 -471 -461 -29 -366 -448 -371 -251 -275 -233 -31 -340 -577 -145 -170 -289 -68 0
33 -289 -74 -498 -34 -577 -91 0
600 -269 -577 -31 -74 -114 -471 -461 -366 -448 -371 -275 -340 -145 -170 -68 -326 -352 -476 -12 -278 -63 -369 -520 -52 0
-161 -415 -520 -52 -505 -4 -310 -301 -337 -17 -19 -12 0
113 -29 -530 -371 -495 -448 0
-275 -289 -390 -278 -182 -367 -500 -83 -461 -93 -469 -448 -112 -530 -371 -495 -301 -310 -600 -558 -12 -415 -236 -4 -274 0
-289 -236 -415 -405 -327 -151 -170 -188 -367 -93 -204 -212 -269 -4 -390 -278 -182 -500 -83 -461 -469 -448 -112 -530 -371 -495 -301 -310 -600 -558 -12 -274 0
-415 -17 -19 -505 -310 -12 -4 -520 -337 -52 -301 0
-367 -63 -289 -52 -4 -520 -301 -310 -12 -337 -17 600 -597 0
-63 -289 -145 -471 600 -326 -12 -520 -52 -494 -235 -301 -310 -337 -19 -4 -17 -597 0
-170 -67 -520 -12 -52 -337 -505 -17 -301 -289 -310 -19 -4 0
579 -367 600 -289 -52 -4 0
-289 -17 -12 -52 -337 -505 -520 -301 -310 -19 -4 0
-17 -505 -337 -19 -520 -52 -4 -12 -310 -301 0
368 -67 -19 -337 -477 -351 -63 -310 -393 -289 0
349 -59 -237 -301 -12 -520 -337 -310 -63 -19 -393 -275 0
578 -146 -340 -280 -161 -49 -31 0
369 -269 -161 -520 -12 -63 -393 -337 -351 -237 -301 -310 -19 -275 -289 -52 0
-63 -393 -12 -477 -289 -19 -337 -351 -310 -367 -520 -237 -301 -52 -505 -4 0
579 -275 312 -154 -250 -12 -558 -505 -2 -448 -321 -528 -330 -4 -297 -26 -36 -212 -169 -31 0
-275 -154 -280 -250 -340 -146 -233 -161 -31 -577 312 -12 -558 -505 -2 -448 -321 -528 -330 -4 -297 -26 -36 -212 -169 0
213 -549 -537 -41 -132 -125 -226 -26 0
290 -169 -408 -161 -225 -195 -166 -4 -233 -12 -558 -505 -297 -237 -301 -310 -19 -393 -337 -351 -460 -60 -182 -52 -367 -67 0
291 -530 -470 -161 -237 -301 -310 -19 -337 -60 -408 -351 -460 -393 -52 -367 0
91 -166 -161 -225 -195 -408 -4 -233 -12 -558 -505 -297 -237 -301 -310 -19 -393 -337 -351 -460 -60 -182 -52 -367 290 0
-393 -297 -225 -195 -408 -4 -12 -505 -237 -301 -310 -19 -337 -351 -52 -367 -289 -520 -477 0
-404 312 -63 -133 -477 -496 -12 0
404 -178 -12 -448 -316 -63 -93 -477 -69 0
578 -13 -210 -496 -12 -408 -63 -462 -520 -398 -60 -275 -351 -2 -337 -301 -19 -310 -477 -93 -69 -329 -269 -213 0
598 -367 -19 -310 -337 -52 -12 -520 -289 -505 -4 -301 0
-63 -349 -337 -598 -448 -209 -508 -461 -324 -291 -170 -520 276 -67 -4 -301 -32 -310 -12 -44 -212 -146 -393 0
-367 -289 -337 -520 -4 -301 -310 -12 -52 -19 -505 0
-393 -63 -416 -520 -301 -12 -337 -310 -599 -19 -275 367 -278 0
-404 -133 312 -63 -12 -326 -137 -446 0
475 -126 -448 -114 -510 -587 -295 -596 -446 -599 -236 -137 -416 -326 0
211 -26 -307 -520 -52 -599 -236 -137 -416 -326 -448 -114 -510 -587 -596 312 -63 -12 -328 -269 -398 0
-404 -217 -504 -486 -572 -324 -432 -12 -63 312 -496 -326 -8 -137 -74 0
475 -39 -95 -438 -520 -63 -482 -135 -448 -510 -209 -496 -446 -236 -137 -12 -416 -326 0
290 -95 -307 -520 -52 -599 -236 -137 -416 -326 -398 -438 -63 -448 -510 -209 -12 -504 -486 -572 -324 -432 312 -8 -74 -36 -316 -212 -577 -114 -587 -596 -328 -269 -145 0
33 -67 -269 312 -63 -12 -326 -137 -328 -289 -307 -520 -52 -599 -236 -416 -398 -448 -510 -209 -504 -486 -432 -8 -74 -577 -114 -587 -596 -151 -161 0
-67 -504 -236 -326 -337 -52 -4 -352 -19 -448 312 -289 -226 -577 -31 -63 -12 -307 -520 -416 -398 367 -486 -114 -596 -151 -161 0
93 -236 -520 -52 -599 -307 -137 -416 -326 -448 -114 -510 -587 -596 312 -63 -12 -328 -269 -398 -577 -289 -31 0
-404 -236 -12 -470 -63 312 -416 -520 -326 -307 -596 -337 -52 -4 -352 -19 -448 -289 -226 -577 -31 -398 367 -486 -114 -151 -161 0
235 -236 -326 -337 -52 -4 -352 -19 -448 312 -289 -226 -577 -31 -63 -12 -307 -520 -416 -398 367 -486 -114 -596 -151 -161 -446 -476 0
-63 -289 -52 -337 -4 -19 -520 -12 -301 -310 -505 0
327 -123 -537 -210 -496 -237 -173 -276 -412 -404 -3 -445 -505 -328 0
-289 -505 -52 -301 -310 -19 -4 -337 -520 -12 0
235 -475 -63 -12 -416 -252 0
59 -251 -371 -448 -520 -398 -12 558 -274 -279 -470 -4 -307 -52 0
325 -137 -398 -173 -307 -404 -520 -416 -328 -52 -596 -12 -274 -279 -4 -350 -60 -371 -448 -470 -237 -63 -42 0
-137 -237 -398 -520 -416 -596 -167 -350 -63 -12 -301 -337 -310 -19 -60 -404 -52 -367 -328 -326 -173 -274 -279 -4 -371 -470 -42 0
311 -498 -596 -52 -398 -520 -416 -167 -63 -12 -301 -337 -310 -19 -367 -328 -326 -4 -371 -470 -2 -256 0
-404 -63 -416 -520 -91 -4 -301 -67 -310 -12 -44 -146 -211 -209 -498 312 0
-63 -505 -4 -520 -301 -310 -12 -19 -52 -337 0
349 -367 -52 -393 -60 0
311 -161 -145 -328 -182 -241 -460 -367 -73 -12 -505 -416 -52 -4 -520 -558 -596 -349 -337 -301 -19 0
369 -250 -432 -363 -217 -154 -530 -400 -263 -328 -278 -182 0
368 -497 -445 -326 -209 -328 -52 0
-404 -73 -4 -599 -416 -460 -236 -328 -182 -52 -432 -217 -154 -530 -400 -278 -367 -209 -477 312 0
-505 -19 -301 -310 -52 -337 -4 -12 -520 0
369 -328 -520 -4 -301 -310 -12 -337 -52 -160 -400 -349 -597 -63 -31 -278 -182 0
302 -235 -275 -251 -1 0
-367 -31 -160 -63 -52 -4 -520 -301 -310 -12 -337 600 0
-19 -520 -310 -337 -52 -4 -301 -12 0
303 -290 -82 -134 -74 -497 -136 -536 -354 -123 -132 -33 -251 -233 -275 -2 0
368 -416 -310 -301 -354 -275 -12 -63 -520 -74 -269 -599 -52 19 -328 0
53 -257 -337 -161 -371 -401 -307 -520 -12 -278 -4 -577 -587 -29 -289 -45 -134 -354 -464 -181 -130 -226 -154 -208 -58 0
498 -173 -404 -326 -328 -137 0
311 -404 -269 -328 -289 -74 -326 -226 -52 19 -337 -161 -307 -520 -12 -278 -4 -577 -587 -181 -251 -275 -2 -301 0
54 -306 -408 -63 -404 -477 312 -12 -74 -289 -269 -577 -232 -181 -520 -226 -307 -52 19 0
-404 -251 -12 -63 -520 -52 -416 -301 -310 -328 -337 -4 -415 0
-251 -415 -520 -12 -63 -301 -310 -416 -328 -337 -4 -52 0
405 -498 -138 -446 -310 0
-415 -416 -52 -328 -520 -63 -12 -310 -301 -337 -4 0
600 -58 -307 -520 -52 0
53 -404 -520 -4 -301 -310 -12 -337 -52 -17 -328 -74 -326 -161 -278 -587 -269 -275 -2 -496 0
-404 -496 -12 -63 -520 -328 -52 -4 -301 -310 -337 0
-60 -44 -68 -354 -326 -476 -12 -63 -74 -203 -520 -496 -226 -307 -52 19 0
135 -402 -4 -301 -310 -12 -337 -52 -17 -520 -269 -389 -212 0
-496 -328 -52 -12 -310 -301 -4 -337 -63 -520 0
535 -132 -123 0
-404 -45 -301 -63 -12 -446 -310 -328 -289 -52 -337 -520 -4 -251 0
404 -172 -310 0
311 -17 -310 -12 -520 -337 -52 -4 -301 -136 -63 -236 -172 0
-60 -328 -63 -12 -310 -301 -52 -337 -520 -4 0
-328 -63 -4 -301 -310 -337 -52 -520 -12 0
-63 -520 -12 -52 -4 -301 -310 -337 0
274 -340 -147 -281 -161 -155 -505 -251 -3 0
-17 -340 -251 -281 -237 -155 -415 -147 -161 -78 -123 -462 -132 -293 -189 -401 -204 -399 -505 -164 0
17 -549 -462 -415 -399 0
417 -549 -462 -399 -17 0
-209 -33 -497 -74 -67 -391 -52 -43 -337 -60 -21 0
-17 -124 -263 -13 -527 -306 -462 -399 417 0
498 -326 -328 -445 -413 -462 -399 -263 -306 417 -43 -26 -33 -290 -67 -74 0
579 -134 -74 -497 -328 -445 -399 -263 -43 -67 -235 -251 -275 -1 -507 -599 -278 -52 -21 -391 -337 -60 -269 0
-289 -445 -328 -326 -399 -263 -43 -26 -290 -67 -74 -235 -251 -275 -1 -507 -599 -52 -497 -391 -337 -60 -21 -29 -179 -317 0
521 -328 -52 -60 -278 -337 -43 -74 -235 -275 -1 -599 -269 -404 -310 -220 -12 -307 -63 0
67 -137 -326 -9 -465 -63 -12 -250 -163 -400 -293 -170 -498 -173 -404 0
292 -450 -528 -91 -462 -170 0
-328 -60 -63 -404 -43 -337 -278 -275 -1 -310 -220 -12 -599 -307 -520 -52 -74 -235 -269 0
-498 -496 -12 -404 -275 -289 -1 -579 -599 -213 -520 -60 -43 -307 -337 -278 -220 -310 -52 -63 0
222 -226 -31 -337 -579 -19 -213 -310 -43 0
-209 -19 -1 -599 -275 -52 -367 -74 -67 -497 -43 -337 -60 -289 -63 -213 -520 -579 -310 -307 -220 -507 -210 0
-19 -67 -520 -1 -307 -507 -43 -220 -599 -337 -310 -52 -367 -74 -275 -497 -60 -289 -63 -213 -579 -210 0
-67 -477 -445 -337 -43 -235 -251 -13 -213 -404 -275 -63 -579 -310 -241 -1 -289 -520 -220 -507 -367 -307 -52 -599 -278 -60 -74 -497 -210 0
405 -135 -268 -275 -12 -1 -43 -507 -337 -599 -520 -60 -307 -138 -220 -445 -310 0
498 -251 -325 -307 -520 -52 -445 -337 -43 -235 -599 -213 -404 -275 -63 -579 -310 -1 -289 -220 -367 -278 -60 -74 -268 -12 0
496 -289 -220 -278 -52 -579 -367 -213 -310 -74 0
-289 -60 -520 -307 -63 -1 -43 -220 -599 -337 -310 -52 -367 -74 -275 -213 -579 -12 -404 -268 -445 -325 -235 -278 0
21 -136 -325 -507 -599 -43 -52 -337 -278 -208 0
496 -19 -520 -307 -367 -220 -52 -337 -310 -60 -63 -325 -507 -599 -43 -278 0
-19 -31 -337 -579 -213 -310 -43 -220 -404 -498 -520 -307 -367 -52 -60 -63 -325 -507 -599 -278 0
-60 -404 -12 -275 -63 -1 -520 -307 -599 -278 -52 -337 -310 -43 -220 -235 -74 -269 0
496 -328 -587 -269 -257 -161 -43 -32 -289 -404 -173 -74 0
268 -213 -579 0
-211 -268 -161 -74 -32 -289 -243 -213 0
44 -533 -537 -510 -131 -461 -122 -293 -354 -337 0
211 -289 -498 -74 -35 -161 -32 -43 -537 -510 -461 -354 -337 -165 -402 -389 -82 -579 -228 -134 0
-213 -161 -74 -32 -289 -243 -211 -579 0
33 -328 -29 -404 -137 -318 -68 -354 -92 -43 0
45 -132 -228 -510 -248 -408 -29 -499 -461 -292 -340 -337 0
-404 -337 -43 -235 -12 -269 -74 -587 -278 -275 -1 -310 -520 -220 -599 -307 -52 -63 0
-579 -369 -52 -599 -327 -507 -1 -275 -233 -32 -269 -213 -578 0
212 -213 -43 -337 -278 -60 -21 -307 -520 -52 -289 -29 -4 -599 -417 -235 -251 -275 -233 -327 -507 -1 -269 -578 -68 0
211 -578 -269 0
-579 -337 -391 -52 -60 -21 -599 -327 -507 -1 -275 -233 -269 -578 -496 -74 -68 -43 -278 -307 -520 -29 -4 -417 -235 -251 0
-337 -63 -520 -52 -4 -12 -307 -310 0
506 -32 -307 -275 -74 -213 -289 -520 -211 -579 -1 0
-32 -180 -12 -330 -63 -520 -52 -599 -307 -275 -74 -213 -289 -211 -579 -1 -448 -43 0
368 -536 -527 -13 -124 -19 -404 -310 -220 -12 -307 -63 -520 -233 -275 -599 -330 -52 0
-67 -211 -12 -520 -307 -310 -19 -330 -278 -63 -599 -52 -43 -74 -213 -289 -275 -579 0
-211 -289 -307 -52 -599 -579 -275 -269 -213 -63 -520 -74 -310 -12 -19 -278 -43 0
91 -250 -278 -59 -19 -310 -226 -221 -303 -292 -43 -170 -32 0
252 -262 -385 -183 -257 -161 -32 -43 -292 -535 -352 -400 -122 -163 -131 0
-220 -491 -50 -319 -259 -326 -430 -465 -63 -12 -250 -385 -183 -161 -32 -43 -292 -278 -59 -403 -19 -310 -226 -221 0
11 -326 -8 -496 -476 -465 -133 -63 0
282 -83 -133 -496 -38 -147 -354 -289 -278 -330 -446 -491 -392 -191 0
522 -1 -289 -316 -74 -133 -278 -330 -50 -319 -430 -63 -12 -310 -19 -32 -43 -292 -226 -221 -170 -275 -95 -599 -307 0
505 -8 -349 -137 -599 -63 -520 -446 -368 -330 -327 0
20 -399 -319 -226 -430 11 -133 -63 -507 -349 -599 -520 -330 -289 -170 -475 -310 -316 -74 -233 -32 -275 -278 -19 -221 -292 -43 -1 -301 0
-1 -316 -310 -330 -289 -349 -599 -63 -520 -52 -307 -148 -43 -278 -19 -319 -226 -430 -133 -170 -74 -32 -275 -221 -292 -12 -50 -95 0
10 -401 -60 -307 -163 -520 -252 -63 0
91 -9 -430 -349 -219 -56 -362 -12 -60 -307 -163 -520 -252 -63 -292 -449 -170 0
-446 -91 -289 -367 -316 -330 405 -138 -310 0
-498 -464 -12 -178 -520 -449 -316 -234 -91 -32 -289 -74 -577 0
311 -133 -63 -12 -520 -316 -234 -32 -289 -74 -577 -330 -310 -430 -349 -219 -307 -252 -292 -170 -148 -43 -278 -301 -19 0
-498 -38 -147 -83 -289 -133 -91 -496 -316 -74 0
368 -248 -28 -180 -389 -59 -330 -183 -52 0
30 -532 -499 -226 -292 -203 -370 -176 0
-289 -213 -349 -278 -52 -74 -63 -12 -599 -310 -520 -43 -19 -430 -307 -148 -275 -319 -269 -579 -292 0
10 -401 -307 -520 -63 -278 -405 -19 -310 -220 -599 0
521 -532 -498 -227 -353 -349 -599 -63 -520 -278 -367 -52 -19 -507 -310 -243 -220 -275 -307 -234 0
33 -498 -278 -19 -310 -227 -220 -307 -520 -349 -599 -63 -367 -52 -243 -275 -12 -292 -169 -67 -91 -43 0
522 -1 -507 -275 -599 -233 0
-213 -579 -19 -310 -307 -520 -275 -599 -292 -278 -349 -63 -12 -43 -74 -430 -148 -319 -269 -52 0
369 -400 -388 -118 -165 -328 -278 -182 0
-400 -118 -388 -182 -368 -165 -328 -278 0
-289 -91 -52 -19 -60 -388 -182 -328 -251 -275 -248 -233 -32 -577 -498 -74 -278 -34 -291 0
-91 -251 -275 -278 -29 -233 -19 -32 -310 -241 -74 -301 497 -318 -170 -52 -60 -388 -182 -328 -248 -577 -498 -291 0
521 -498 -587 -310 -292 -43 -291 -170 -32 -275 -278 -74 -318 -52 -328 -577 -19 -228 -135 -221 -12 -307 -63 0
21 -403 -319 -50 -326 -430 -465 -63 -12 -183 -161 -32 -43 -292 -278 -59 -491 -19 -310 -221 -275 -2 -498 -328 -587 -269 -289 -74 -368 0
-289 -91 -465 -63 -12 -135 -498 -310 -19 -319 -50 -430 -183 -161 -32 -43 -292 -278 -59 -221 -275 -2 -328 -587 -269 -74 -234 -577 -326 -291 0
312 -145 -161 -43 -32 -243 -221 0
133 -38 -481 -465 -84 -12 0
146 -154 -328 -183 -367 -163 -217 -52 -307 -520 -63 -278 -19 -310 -599 -430 -210 -173 -465 -498 -12 -135 -481 -84 -275 -2 -243 0
-91 -505 -52 -32 -328 -318 -4 -183 -217 -307 -520 -63 -310 -465 -498 -12 -135 -59 -221 -50 -234 -577 -291 0
-498 -318 -328 -12 -310 -135 -32 -221 -291 -170 -52 -4 -217 -307 -520 -63 -50 -577 -228 0
311 -228 -520 -63 -12 -587 -148 -43 -307 -289 -310 -328 498 -92 -52 -68 -368 -278 -19 0
369 -327 -138 -354 -328 -278 0
329 -29 -535 -354 -450 -138 -122 -327 -178 0
11 -236 -77 -131 -122 -354 -138 -446 -328 -535 -450 -178 -278 -368 -292 -499 -532 -83 -476 -135 -63 0
-579 -63 -520 -12 -310 -307 -52 -4 0
10 -181 -322 -449 -13 -43 -262 -303 -222 -307 -124 -520 -391 -134 -63 0
30 -426 -319 -275 -232 -520 -430 -464 -8 -137 -446 -328 -436 -178 0
367 -232 -319 -275 -430 -51 -520 -59 -446 -8 -307 -137 -222 -303 -43 -449 -328 -436 -178 -476 -63 -12 -322 -13 -262 -124 -134 -278 0
448 -535 -132 -123 -224 -436 -175 -587 -29 0
20 -289 -52 -4 -520 -307 -63 -12 -498 -310 0
-289 -498 -4 -310 -520 -307 -63 -12 -52 0
69 -35 -91 -171 0
311 -303 -222 0
497 312 -67 -91 -171 0
45 -138 -278 -328 -52 -310 -367 -498 -67 -91 -171 -19 -222 0
312 -353 -278 -367 -328 -52 -227 -243 -310 -138 -134 -222 -498 -302 -19 -67 -91 -171 0
-138 -367 -275 -12 -599 -63 -520 -349 -52 -148 -145 -243 -278 -222 -19 -310 -328 -227 -134 -498 -67 -91 -171 -33 -43 0
311 -354 -278 -43 -19 -222 0
-498 -63 -310 -12 -52 -520 -4 -307 0
-367 -449 -535 -354 -123 -132 -436 -587 -29 -138 -204 -446 -507 -417 -328 -599 -369 579 -289 -52 -4 0
136 -446 -328 -327 0
-91 -535 -123 -132 -587 -29 -534 -204 -507 -354 -138 -328 -278 -599 -369 579 -289 -52 -4 -475 -405 -93 0
-354 -349 -148 -138 -29 -292 -69 -587 -507 -328 -278 -599 -369 579 -289 -52 -4 -475 -93 -227 -210 -82 -19 -310 -43 0
21 -232 -275 -520 -2 -464 -222 -310 -8 0
-63 -307 -520 -52 -4 -12 -310 0
-67 -36 -91 -213 -69 0
-415 -549 -462 -399 -416 0
352 -462 -237 -399 -403 -172 -496 -447 -327 -535 -138 -123 0
368 -209 -172 -403 -328 -138 -45 -354 -237 -227 -308 -91 -59 -52 0
121 -211 -448 -289 -91 -227 0
92 -498 -91 -74 -289 -171 -31 0
-498 -31 -289 -91 -83 -227 -122 -448 -578 -328 136 -403 -172 0
353 -289 -578 -91 -227 -209 -83 -328 -403 -172 -138 -45 0
123 -547 -461 -528 -124 -296 -452 -30 -438 -346 -224 -510 -532 -130 0
92 -247 -499 -121 -461 -452 -510 -130 -449 -537 -83 -211 -133 -6 -73 -289 0
496 -289 -578 -32 -91 -121 -452 -510 -449 -83 -6 -227 -52 -209 0
93 -213 -317 -289 0
30 -505 -204 -556 -176 -10 0
-211 -59 -52 -308 -249 -28 -204 -176 -32 -6 -147 -75 -242 -85 -510 -533 -83 -135 -213 0
30 352 -237 -308 -403 -172 -496 -327 -535 -138 -123 -52 -598 -204 -556 0
558 -62 -11 0
20 -308 -237 -403 -172 -138 -52 -328 -578 -242 -91 -227 -45 -354 -278 -369 0
291 -279 -328 -4 -578 -31 -91 0
310 -369 -328 -52 -138 -91 -354 -278 -222 0
5 -438 -348 -510 -94 -85 -440 -242 -586 -75 0
505 -416 -85 -510 -76 -242 -476 -187 -147 -326 -204 -162 0
54 -308 -388 -181 -165 -250 -10 -556 -28 -204 -176 -85 -510 -76 -242 -476 -187 -147 -326 -162 -598 0
33 -204 -210 -52 -21 -211 -28 -249 -176 -32 -6 -147 -75 -510 -533 -135 -213 -165 -250 -476 -326 -348 -440 -586 -369 -328 -222 -170 -303 -43 0
532 -292 -499 -165 -250 -249 -10 -28 -436 -480 -96 0
537 -211 -363 -148 -52 -210 -8 -21 -499 -533 -6 -170 -165 -32 -176 -147 -75 -510 -135 -213 -476 -326 -440 -369 -328 -222 -303 -43 -227 -449 -131 0
5 -107 -519 -401 -165 -388 -179 -328 -369 -86 -63 -242 -600 -558 -75 0
-204 -28 -262 -547 -407 -155 -388 54 -165 -10 -308 -528 -176 -510 -242 -476 -187 -147 -326 -152 -369 -63 -170 -32 -328 -558 -211 -269 -75 -6 -519 -401 -179 -86 -202 0
204 -407 -104 -547 -294 -462 -528 -124 -296 -187 -176 0
-28 -547 -262 -407 -155 -388 54 -165 -10 -308 -528 -176 -510 -242 -476 -187 -147 -326 -152 -369 -204 -170 -32 -328 -211 -269 -75 -6 -519 -401 -86 -202 -30 0
5 -63 -341 -370 -32 -294 -213 -269 -170 -328 -436 -519 -401 -165 -388 -107 -369 -86 -147 -242 -600 -75 -94 -506 -440 0
4 -224 -326 -476 -506 -346 -510 -242 -187 -147 -204 -436 -152 -369 -170 -32 -328 -600 -211 -269 0
-211 -165 -75 -32 -213 -170 -328 -519 -52 -369 -147 -440 -6 -326 -476 -510 -262 -176 -104 -533 -8 -310 -222 -43 -21 -227 -483 -449 -210 -123 -536 -363 -148 -499 -135 -303 -131 -27 0
5 -19 -294 -533 -310 -499 -43 -222 -440 211 -75 0
53 -63 -232 -558 -275 -6 -294 -533 -310 -499 -43 -222 -440 211 -75 -210 0
220 -162 -32 -43 -16 -303 -71 0
4 -60 -21 -32 -8 -577 -222 -43 -303 -71 -326 -476 -63 -600 -558 0
12 -533 -440 -83 211 -75 -310 -499 -43 -222 -6 -21 -32 -8 -303 -326 -476 -52 -210 -165 -249 -180 -250 -28 0
-4 -63 -170 -104 -533 -310 -499 -43 -222 -440 211 -75 -52 -83 -12 -549 -303 -6 0
599 -242 -510 -549 -222 -369 211 -476 -328 -326 -507 -52 0
220 -461 -549 -170 -104 -499 -533 -510 -43 -85 -310 -19 -303 -242 0
-63 -250 -176 -204 -326 -32 -328 211 -310 -222 -549 -170 -104 -499 -533 -510 -43 -303 -369 -210 -52 -476 -75 -440 -83 -12 -6 -61 0
122 -123 -499 -310 -303 -52 -222 -369 -476 -328 -75 -32 -21 -449 -170 -317 -213 -519 -147 -262 -483 -363 -27 -34 -496 -278 -138 -354 0
62 -160 -415 -549 -507 -557 -251 -275 -13 -322 -526 -124 -112 -391 0
-211 -510 -415 -123 -391 -61 -507 -75 -170 -6 -32 -44 -289 121 -91 -27 -213 0
417 -406 -414 -236 0
-558 5 -165 -389 -310 -499 -43 -222 -440 211 -75 -83 -130 -532 -535 -510 -470 -225 -415 -414 -236 -153 -188 -170 -160 -436 -175 -507 -28 -557 -63 0
-4 -351 -70 -219 -153 -363 -170 -310 -499 -43 -222 -440 211 -75 -484 -149 -510 -301 -210 -415 -52 -63 -307 -165 -389 -83 -130 -532 -535 -470 -414 -236 -188 -160 -175 -507 -28 -557 -95 -586 -6 0
-63 -43 -535 -7 -310 -301 -130 -21 -210 -52 -415 -414 -236 -510 -85 -11 -241 -75 -70 -219 -153 -363 -170 -499 -222 -440 211 -484 -149 -307 -165 -389 -83 -532 -188 -160 -175 -507 -28 -95 -586 -6 -112 -391 -61 0
63 -7 -21 -210 -295 -52 -175 -415 -226 -414 -236 -130 -510 -85 -241 -2 -75 -507 -6 -391 -11 0
-43 -535 -7 -310 -301 -130 -21 -210 -52 -415 -414 -236 -510 -85 -11 -241 -75 -70 -219 -63 -363 -170 -499 -222 -440 211 -484 -149 -307 -165 -389 -83 -532 -188 -175 -507 -28 -95 -6 -391 -61 -449 -32 -44 0
-123 -147 -21 -483 -449 -32 -52 -75 -363 -170 -222 -496 -303 -317 -289 -91 -27 -213 -278 -369 -476 -328 -446 -138 -354 -519 -262 0
5 -558 -1 -507 -274 0
557 -507 -476 -326 -63 0
-558 -507 -1 -6 -251 -557 -63 0
-507 -251 -235 -6 -600 -1 -326 -476 -63 -10 0
212 -63 -519 -328 -369 -75 123 -476 -52 -21 -496 -278 -138 -354 -449 -310 -222 -27 0
4 -558 -2 -507 -275 0
5 -164 -315 -170 -203 -389 -177 -499 -278 -30 -534 -369 -180 -328 -440 211 -75 0
6 -268 -328 -446 -354 -278 -138 0
-558 -507 -2 -6 -315 -170 -203 -389 -177 -499 -278 -534 -369 -180 -328 -440 211 -75 -250 -63 0
407 -400 -292 -389 -499 -315 -534 -306 -510 -462 0
599 -118 -534 -292 -510 -389 -499 -315 -306 -59 -415 -52 0
275 -292 -510 -87 -369 -52 -598 -534 -548 -389 -499 -315 -59 -236 -248 -250 -232 0
-43 -510 -499 -534 -389 -87 -369 -52 -598 -165 -507 -250 -2 -274 -548 -315 -59 -236 -248 -32 -44 -310 -301 -19 0
4 -463 -363 -258 -147 -159 -8 -268 -28 -138 -577 -449 -354 -338 -32 -499 -534 -389 -369 -52 -507 -250 -2 -548 -315 -59 -236 -248 -44 -310 -301 -19 -241 -278 -75 0
-43 -194 -417 -223 -587 -114 -544 -449 -294 -44 -310 -301 -19 0
-507 -548 -476 -328 -446 -138 -354 -449 -44 -310 -301 -19 -499 -278 -534 -369 -180 -52 -440 211 -75 -63 -307 -363 -258 -147 -159 -8 -338 -32 -389 -250 -2 -315 -59 -236 -248 -241 -11 -170 -203 -177 0
-63 -449 -354 -138 -328 -446 -476 -310 -499 -278 -369 -52 -75 -363 -258 -147 -32 -170 -21 -483 -496 -303 -34 -222 -317 -213 -519 123 -27 0
226 -209 -43 -138 -449 -496 -537 -354 -132 0
-19 -43 -363 -258 -147 -138 -449 -354 -32 -499 -534 -369 -52 -507 -310 -278 -75 -12 -558 -483 -303 -317 -328 -446 -537 -222 -213 -132 -228 -496 -21 0
-209 -208 92 -34 -496 -228 -289 -43 -138 -537 -354 -132 0
-43 -507 -558 -522 -393 -138 -354 -12 -310 -537 -496 -228 -52 92 -34 -289 -132 -278 -363 -258 -499 -534 -369 -303 -328 -446 -222 -21 0
-507 -534 -258 -138 -354 -499 -363 -369 -52 -310 -278 -558 -21 -12 -496 -34 -537 -328 -132 -446 -228 -303 -522 -393 92 -289 -222 0
92 -446 -328 -138 -258 -354 -363 -369 -52 -278 -21 -496 -303 -289 -222 -476 -519 -91 -262 0
-12 -59 -368 -328 -278 -165 -371 -248 -349 -135 -28 -391 -10 -558 0
-19 -593 -138 -328 -446 -476 -285 -43 -587 -449 -44 -310 -301 -572 -262 -13 -322 -225 -526 -510 -499 -124 -534 -112 -95 -391 -436 -61 -28 -368 -278 -165 -371 -248 -135 -10 -558 -21 0
213 -535 -446 -328 -138 -476 -496 -52 -285 -43 -587 -449 -310 -262 -13 -225 -526 -510 -499 -534 -112 -391 -61 -28 -368 -278 -165 -10 -558 -21 -146 -303 -161 -222 -171 -33 -269 -26 0
-449 -10 -13 -262 -363 -165 -391 -275 -558 -43 -303 -161 -496 -222 -269 -34 93 -289 -446 -328 -138 -476 -52 -587 -310 -510 -499 -534 -61 -278 -21 0
-19 -301 93 -289 -34 -496 -354 -138 -350 -310 -43 -536 -21 0
497 -226 -536 -354 -208 -138 0
-301 -350 -289 -34 -496 -536 -354 -138 93 -310 -43 -21 0
-393 -326 -557 -4 -476 -369 -328 -269 -222 -289 -34 -496 -536 -354 -138 93 -310 -43 -21 0
-213 -135 -496 -34 93 -289 0
-558 -534 -496 -34 93 -289 -4 -476 -369 -328 -354 -138 -310 -43 -21 -13 -262 -363 -303 -446 -52 -499 -222 -278 -507 0
448 -461 -292 -339 -226 -436 -21 -122 -95 -84 -534 -510 -224 -126 -587 -114 0
-213 -534 -354 -138 -21 -510 -587 -52 -391 -476 -599 -63 -43 -328 -446 -4 -12 -310 -303 -222 -496 -269 -34 93 -289 0
537 -131 -122 0
-534 -13 -328 -446 -476 -262 -138 -43 -310 -499 -439 -34 -496 -4 -52 -303 -222 -354 -21 93 -289 -369 -363 -278 -507 0
-19 -252 -165 -372 -12 -496 -476 -133 -326 -363 -391 -149 -7 -310 -43 -301 -21 0
-213 -537 -165 -496 -476 -363 -391 -310 -43 -21 -52 -123 -446 -354 -328 -303 -293 -138 -222 -269 -34 93 -289 0
29 -415 -236 -225 -252 -347 -165 -436 -372 0
-537 -275 -391 -496 -34 -165 -476 -328 -587 -446 -138 -354 -123 -303 -293 -222 -96 -269 -363 -310 -43 -21 -52 93 -289 0
73 -43 -289 -34 -496 -354 -138 93 -310 -222 -21 -52 -476 -328 -446 -303 -363 -499 -262 -369 -278 -507 0
-536 -537 -354 -226 -138 497 0
-19 -32 -415 -414 -548 -507 312 -243 -43 -52 -262 -572 -126 -219 -12 -112 -496 -476 -133 -326 -391 -482 -149 -84 -7 -310 -301 0
-213 -548 -510 -165 -496 -476 -391 -310 -43 -52 -537 -446 -354 -328 -138 -222 -269 -34 93 -289 -339 -209 -415 -414 -507 312 -243 -262 -112 -326 -149 -7 -301 -153 0
-19 -322 -415 -236 -225 -347 -165 -436 -526 -28 -572 -124 -10 -217 -112 -61 -363 -391 -149 -7 -310 -43 -301 -21 0
-537 -301 -165 -391 -310 -43 -52 -6 -510 -496 -476 -446 -354 -328 -138 -222 -34 93 -289 -507 312 -243 -262 497 0
-301 497 -34 93 -289 -496 -354 -138 -165 -391 -310 -43 -52 -6 -510 -476 -446 -328 -222 -507 312 -243 -262 0
-43 -507 -34 93 -289 -496 -354 -138 -310 -52 -476 -446 -328 -222 312 -262 -499 -369 -278 0
43 -212 -328 -446 -138 -354 -310 -33 0
-289 312 -354 -138 -328 -52 -222 -369 -278 -91 0
498 -289 -354 -138 -328 -52 -222 312 -278 -450 -537 -209 -496 -213 -34 0
-289 -34 -349 -354 -138 -328 -52 -222 312 -278 -8 -450 -226 -537 -496 -209 -213 -391 0
289 -83 -537 -278 -328 -52 -310 -138 45 -19 -222 -226 -213 -577 0
-19 -391 -354 -138 -537 -328 -52 -213 -496 -310 -43 -301 -21 0
-536 -208 -226 -496 -354 -138 -537 0
19 -537 -138 -328 -52 -222 -310 -43 -213 -496 -226 -354 0
-536 -537 -496 -354 -138 -226 0
250 -232 -465 -496 -476 -133 -8 -326 -275 -12 0
406 -548 -461 0
-537 -476 -138 -496 -52 -354 -328 -213 -310 -43 -301 -21 0
-91 -93 -289 -354 -138 -328 -52 -222 312 -278 0
-34 -33 -577 -289 -354 -138 -328 -52 -222 312 -278 -496 -213 -135 -36 0
-211 -507 -354 -138 579 -148 -587 -292 -405 -328 -278 -369 -29 -289 -52 -349 -227 -210 -19 -310 -43 -67 -135 -6 -213 -577 0
269 -6 -405 -289 -446 -75 -328 -67 0
352 -446 -67 -83 -289 -135 -213 -578 -405 -501 -75 -328 -278 -123 0
-446 -369 -138 -148 -292 -405 -328 -278 -354 -289 -52 -349 -19 -310 -43 -67 -135 -213 -577 -578 -209 -497 537 -83 -501 -75 0
136 -29 -188 -372 -76 -363 -105 -226 -148 537 -349 -354 -8 0
-19 -135 -289 -213 -75 -328 -354 -138 537 -52 -496 -36 -43 -301 -310 -21 0
579 -250 -249 -165 -465 -522 -6 -533 -600 -549 -399 -462 -476 -337 -450 -43 -289 -222 -310 -577 -354 -138 -328 -52 -34 -278 -496 -213 -135 -36 0
137 -34 -75 -510 -369 -82 -328 -135 -577 -213 -249 -165 -522 -6 -600 -549 -399 -462 -476 -337 -450 -43 -289 -222 -310 -354 -138 -52 -241 -278 -496 -36 -132 -123 -7 0
-34 -278 -222 -577 -289 -354 -138 -328 -52 -310 -496 -213 -135 -36 -43 -75 -510 -369 -82 -249 -165 -522 -6 -600 -549 -399 -462 -476 -337 -450 -241 -132 -123 -7 0
-446 136 -405 -289 -476 -213 -578 -328 -67 -6 -75 0
5 -63 -522 -506 -600 0
136 -236 -522 -135 -600 -577 -6 -476 -405 -328 -289 -213 -578 -67 -75 537 -354 0
-278 -337 -310 -328 -301 -52 -60 -476 -522 -600 -289 -213 -75 -138 -135 537 -354 -43 -496 -36 -369 -82 -249 -399 -462 -7 -277 0
4 -326 -476 -522 -549 -399 -462 -600 0
311 -499 -533 -509 -462 -292 -549 -399 -337 -476 -43 -403 -222 0
169 -93 -549 -399 -462 -476 -558 -276 -204 -250 -164 -401 -104 -55 -148 -337 -43 -301 -310 -533 -509 -450 -600 -289 0
-579 -270 -213 -577 0
477 -2 -600 -558 -476 -326 -522 -276 -250 0
-67 -578 -289 -213 -328 -326 -476 -600 -558 -522 -276 -250 -310 -301 -43 -33 0
498 -289 -43 -301 -310 -476 -496 -213 -328 -138 -354 -52 -21 0
212 -68 -289 -354 -138 -328 -52 -222 -278 312 -213 0
-289 -476 -138 -328 -52 -213 -43 -310 -21 -496 -301 -354 0
19 -278 -4 -496 -73 -536 -354 -226 -138 0
-278 537 -138 -354 -145 -171 -83 -4 -91 -134 -73 -213 -67 -43 -496 -301 -310 -21 0
-476 -52 -21 -138 -354 -213 -43 -496 -301 -310 -328 0
-537 -448 -301 -43 -310 -354 -278 -496 -138 -328 -52 -213 0
-67 -278 -328 -289 -52 -138 -213 -354 -496 -43 -301 -310 -21 0
-278 -289 -328 -496 -354 -138 -43 -310 -213 -52 -301 -21 0
278 -62 -416 -307 -52 -496 -354 -226 -138 -328 -222 -310 -43 -213 -21 0
536 -132 -123 0
-52 -213 -138 -354 -21 -43 -496 -301 -310 -328 0
536 -289 -43 -301 -21 -278 -328 -354 -138 -310 -213 -496 0
599 -587 -86 -241 -510 -75 -417 -6 0
415 -281 -392 -58 -350 -251 -597 -236 -18 0
-67 -510 -460 -6 -392 -58 -51 -204 -598 -86 -75 537 -354 -327 -138 -447 -310 -337 -301 -43 -171 -33 -69 -289 0
311 -476 -327 -354 -138 -43 -403 -222 0
312 -549 -460 -123 -292 -354 -337 -151 -138 -328 -327 -43 -403 -301 0
-289 -278 -43 -138 -310 -328 -301 -213 -354 -21 -496 0
-278 -213 -496 -354 -138 -21 -43 -310 -328 -301 0
290 -269 -5 -213 -75 0
-213 -328 -354 -138 -496 -21 -43 -310 -301 0
-461 -415 -548 -414 -236 0
353 -275 -232 -322 -526 -292 -548 -236 -430 -217 -363 -349 -476 -446 -8 -328 -148 -138 0
-369 312 -138 -328 -289 -222 -278 -354 -91 -368 0
-19 -278 -548 -4 -138 -328 -354 -217 -289 -368 -449 -32 -43 -301 -310 -21 0
-278 -289 -328 -138 -354 -310 -43 -496 -301 -21 0
278 -209 -138 -496 -354 -21 0
136 -217 -39 -145 -310 -43 -301 -21 -209 -73 -496 -318 -67 -91 -170 -32 -354 0
-328 -496 -354 -138 -310 -43 -301 -21 0
5 -12 -213 -307 -310 -278 -349 -19 -292 -43 -430 -148 -319 -52 -600 -556 -268 0
-91 -462 -125 -2 -414 -236 -507 -600 -75 -6 -213 -307 -310 -278 -349 -19 -292 -43 -430 -148 -319 -52 -268 -11 -178 -477 -450 -316 -405 -93 -289 0
-19 -414 -86 -510 -75 -6 -496 -354 -138 -125 -507 -310 -278 -43 -148 -11 -477 -405 -93 -53 -301 -210 -21 0
-91 -392 -507 -351 -148 -204 -465 -337 -176 -11 -43 -301 -178 -310 -450 -316 -405 -93 -289 0
137 -278 -310 -301 -43 -354 -138 -496 -21 0
210 -52 -236 -600 -496 -354 -138 -226 -414 0
461 -322 -316 -91 -502 -289 -178 -371 -367 -526 -292 -52 0
-461 -548 -52 -508 -600 -224 -414 -236 0
461 -52 -91 -367 -33 -289 -316 -502 -178 -371 -526 -292 0
93 -483 -83 -289 -496 -213 -34 0
-52 -28 -596 -295 -476 -414 -236 -558 -600 -178 -367 -316 -289 -91 -83 -496 -213 -122 -354 -138 -226 -508 -224 -33 -502 -371 -526 -292 0
448 -96 -476 -178 -558 -316 -133 -75 -496 -354 -138 -226 -600 -209 -596 -295 -414 -236 -367 -289 -91 -83 -213 -122 -508 -33 -502 -371 -292 -588 0
449 -83 -289 -496 -213 -354 -138 -226 -91 0
92 -252 -278 -371 -63 -133 -598 -28 -83 -52 -178 -482 -367 -316 -289 0
536 -52 220 -43 -371 -496 -289 -83 -91 -316 -133 -465 -303 -367 -278 -28 -178 -213 -476 -236 -414 -461 0
-52 -596 -236 -295 -414 -133 -28 -496 -178 -367 -316 -289 -91 -83 -213 -122 -354 -138 220 -43 -371 -465 -303 -278 -476 -33 -502 -526 -292 0
-600 448 -178 -476 -316 -133 -496 -354 -138 -226 -209 -596 -295 -414 -236 -367 -289 -91 -83 -213 -122 -508 -33 -502 -371 -292 -577 -4 -598 0
-19 -91 -496 -354 -138 -43 -278 -310 -301 -21 0
-91 -278 -496 -354 -138 -43 -310 -301 -21 0
294 -11 -218 -363 -342 -251 -51 -571 -287 -29 -175 -204 -188 -76 -103 0
599 -52 -549 -278 -310 -43 -301 -293 -218 -342 -251 -51 -571 -287 -29 -175 -204 -188 -76 -103 -133 -496 312 -67 -289 -367 -587 0
294 136 -29 -76 -354 -310 -43 -301 -21 -536 -138 -496 -218 -51 -571 -287 0
-278 -496 -354 -138 -310 -43 -301 -21 0
-91 -496 -213 -289 -135 -92 0
-496 -354 -138 -21 -310 -43 -301 0
-367 -52 -307 -8 -475 -6 -21 -326 -73 -208 -330 -289 -369 0
329 -29 -316 -448 -34 -43 -169 -31 211 0
-29 211 -11 -43 -510 -577 -241 -6 -34 -73 -67 -289 -475 -369 -326 -330 -301 0
211 -83 -524 -369 -73 -289 -67 -148 -34 -208 -172 -43 -354 -278 -310 -301 -11 -510 -6 -475 -326 -330 0
213 -289 -67 -34 0
291 -367 -301 -43 -577 -29 -241 -34 -73 -67 -289 -326 -330 -277 -475 0
-367 -29 -172 -148 -310 -301 -43 -21 -277 -330 -34 -524 -73 -67 -289 -326 -475 0
-211 -169 -34 -316 -213 -577 0
-29 -289 -34 -43 -172 -148 -310 -301 -21 -277 -524 -73 -67 -330 -326 -475 0
-289 -524 -73 -148 -67 -34 -172 -21 -310 -301 -43 -277 -330 -326 -475 0
212 -481 -82 -226 -133 0
-354 -301 -310 -21 -43 -138 0
-67 -213 -509 -87 -138 -241 -5 290 -3 -173 -577 -330 -404 -34 -449 -29 -43 -316 -32 -289 0
-213 -316 -330 -449 -367 -138 -289 -29 -310 -404 -509 -87 -241 -5 290 -3 -173 -577 -34 -43 -32 0
-316 -367 -330 -138 -289 -310 -404 -34 -577 -449 -29 -509 -87 -241 -5 290 -3 -173 -43 -32 0
-367 -29 -449 -577 -138 -289 -310 -404 -34 -509 -241 -5 -3 -173 -43 -32 -368 0
91 -213 -577 -328 -29 -34 -43 -316 -32 0
-211 -447 -321 -237 -155 -549 -341 -164 -391 -462 -372 -12 -438 -294 -135 -5 -213 -34 -316 -577 0
329 -462 -399 -237 -595 -549 -600 -522 -5 -447 -268 0
291 -316 -294 -577 -328 -237 -5 -82 -321 -341 -391 -34 -164 -29 -449 -351 -307 -123 -58 -226 -52 -208 -173 -404 -289 -43 -32 0
-213 -92 -294 -123 -307 -226 -52 -328 19 -138 -70 -289 -310 -29 -173 -34 -449 -404 -577 -43 -316 -32 0
-316 -328 -310 -307 -221 -32 -52 -577 -29 -449 19 -5 -226 -289 -34 -294 -123 -138 -70 -173 -404 -43 -237 -321 -341 -391 -164 -351 0
-213 -178 -451 -164 -257 -588 -29 -449 -496 -52 -294 -208 -123 -226 -91 -289 -317 -577 -211 0
-29 -34 -289 -307 -449 19 -226 -164 -257 -294 -123 -577 -173 -5 -404 -221 -32 -310 -138 -70 -43 -237 -321 -341 -351 -509 -241 -3 -368 0
209 -537 -123 -226 0
-91 -498 -173 -404 -34 -316 -289 -93 0
450 -316 -437 -152 -34 -577 -32 -173 -404 -294 -289 -189 -176 -123 -226 -208 0
-498 -586 -5 -241 -368 -341 -371 -294 -509 -237 -123 -535 -226 -82 -11 -208 -289 -34 -213 -310 -138 -173 -404 -316 -91 0
-211 -328 -404 498 -173 -477 -447 -237 537 -509 -462 -399 -499 -11 -294 -34 -316 -213 -577 0
-316 -213 -237 -176 -123 -509 -294 -138 -577 -82 -5 -404 -173 -11 -34 -351 -307 -58 -368 -179 -289 -226 -208 -241 -341 -371 -310 -449 -437 -152 -32 -189 0
-213 -11 -307 -58 -237 -449 -294 -152 -368 -208 -123 -310 -138 -289 -226 -404 -577 -179 -176 -509 -82 -5 -173 -34 -351 -241 -341 -371 -437 -32 -189 0
-34 -289 -138 -449 -310 -123 -404 -5 -577 -294 -226 -307 -237 -152 -368 -509 -173 -351 -241 -341 -32 -189 19 -164 -257 -221 -70 -43 -321 -3 0
-213 -54 -58 -307 -368 -30 -438 -509 -241 -532 -74 -82 -5 -134 -579 -577 0
61 -492 -50 -192 -307 -288 -58 -252 -175 -4 -276 -600 -203 -3 -507 -558 0
329 -209 19 -307 -600 -234 -276 -558 -252 -10 -50 -192 -288 -175 -4 -203 -3 -475 -445 -325 0
-289 -368 19 -307 -192 -3 -404 -5 -577 -509 -241 -138 -123 -226 -449 -32 -310 -294 -237 -152 -173 -351 -341 -189 -164 -257 -221 -70 -43 -321 0
-213 -404 -173 -67 -91 -497 -82 -226 -481 -211 0
-301 -21 -310 -43 -138 0
-404 -226 -138 -21 -289 -173 -498 -91 -577 -213 -43 -310 0
-226 -173 -138 -91 -577 -498 -213 -21 -310 -289 -43 0
122 -483 -21 -277 -537 -532 -352 0
-173 -498 -289 -138 -21 -43 -310 -91 -213 -577 0
173 -403 -310 0
311 -577 -210 -213 -21 -303 0
533 -462 -549 -292 -508 -499 0
-211 -59 -132 -436 -123 -96 -292 -249 -52 -83 -278 -135 -138 -446 -303 -258 -21 -496 -363 -289 -222 -476 -519 -91 -262 -213 -577 0
532 -400 -292 -163 -499 -252 -373 -132 -479 -123 0
-328 -338 -292 -132 -123 -249 -180 -308 -59 -476 -52 -289 579 -5 -151 -138 -446 -278 -43 -329 92 -303 -258 -21 -496 -363 -222 -519 -91 -262 0
293 -86 -160 -242 -147 -71 -549 -292 -462 -499 -532 -399 -485 -372 0
-122 -12 -600 -476 -462 -399 -235 -204 -250 -177 537 -123 0
156 -485 -258 -160 -71 -549 -462 -399 -195 -586 -245 -223 -510 -86 -242 -471 -380 -280 -65 0
208 -204 -258 -71 -242 -43 -151 -187 -235 -476 -123 -292 -308 -436 -132 -249 -289 -138 -446 -303 -21 -496 -363 -222 -519 -91 -262 -317 -135 -578 -213 -577 0
330 -558 -600 -476 -232 -1 -276 -251 -235 -414 -138 -446 -328 0
Solved
