403 -212 -103 -31 -352 -229 -307 -355 -154 -322 -82 -278 -313 0
231 -350 -181 -205 -11 -63 -110 -372 -112 -378 -352 -247 0
383 -333 -400 -388 -274 -145 0
315 -335 -205 -400 -181 -388 -274 -145 -352 -307 -229 -11 -110 -247 -379 -161 -31 0
114 -22 -400 -355 -124 -163 -130 -57 -64 -238 -103 -62 -365 -260 -110 0
112 -335 -103 -57 0
402 -361 -205 -386 -161 -388 -145 -115 -274 -178 0
412 -388 -97 -205 -304 -115 -274 -400 -386 -161 -178 0
147 -345 -31 -313 -103 -379 -347 -130 -229 -304 -58 -307 -161 -97 -332 -1 -90 -412 -388 0
89 -56 -256 -103 -139 -336 -194 -5 -190 -21 -35 -388 0
401 -229 -247 -58 -307 -97 -256 -103 -139 -190 -388 -73 -379 -31 -313 -130 -304 -161 -1 -412 -115 -274 0
90 -333 -58 -97 -286 -161 -29 -386 0
402 -97 -161 -386 -58 -286 -274 -178 0
146 -412 -403 -230 -22 -102 -1 -195 -247 -384 -117 0
145 -384 -348 -195 -199 -117 0
193 -4 -7 -393 -190 -336 -313 -345 -199 -384 -348 0
420 -145 -403 -230 -22 -102 -1 -195 -247 -384 -117 -183 -379 -40 0
346 -145 -313 -336 -1 -393 -403 -230 -22 -102 -195 -247 -384 -117 -97 -205 -304 -388 -274 -386 -161 -178 -420 -402 -345 0
276 -336 -393 -190 -7 -313 -199 -348 -195 -1 -403 -230 -22 -102 -247 -97 -205 -304 -388 -274 -386 -161 -178 -402 -183 -379 -40 0
-336 -393 -313 -403 -195 -22 -348 -342 -402 -274 -190 -7 -199 -1 -230 -102 -247 -97 -205 -304 -388 -386 -161 -178 -183 -379 -40 0
333 -388 -247 -97 -205 -304 -1 -274 -386 -161 -178 -199 -39 -190 -313 -256 -7 -342 -402 -379 -40 -130 -278 -262 -322 -58 -307 0
321 -374 -161 0
319 -374 -161 0
248 -44 -216 -187 0
88 -402 -247 -278 -190 -161 -199 -130 -58 -313 -97 -205 -304 -1 -274 -386 -178 -256 -379 -40 -322 -307 0
-374 -320 -161 0
194 -346 -97 -161 -278 -322 -286 -130 -58 0
331 -374 -161 0
-374 -332 -161 0
193 -384 -161 -190 -130 -110 -195 -199 -388 -88 -274 0
-384 -195 -1 -247 -161 -388 -88 -307 -278 -274 -178 -322 -402 -97 -286 -130 -58 -190 -110 -199 0
275 -97 -58 -286 -161 -386 -402 -88 0
-97 -199 -161 -278 -322 -286 -274 -386 -247 -190 -58 -130 -313 -205 -304 -1 -178 -256 -379 -40 -307 0
193 -240 -303 -247 -190 -376 -384 -6 -7 -348 -345 -313 -336 -199 0
276 -388 -313 -190 -392 -362 -413 -73 -182 -379 -418 -232 -40 -303 -76 -194 -247 -199 -92 -329 -346 -326 -130 -264 -89 0
382 -116 -413 -182 -190 -418 -232 -40 -329 -326 -199 -130 -346 -303 -194 0
414 -399 -232 -182 0
412 -388 -362 -147 0
-388 -346 -130 -264 -199 -232 -182 -413 -362 -313 -190 -418 -40 -329 -326 -303 -194 -274 -392 -73 -379 -76 -247 -92 -89 0
400 -182 -392 -154 -82 -289 -313 -281 -92 -413 -190 -232 -40 -329 -326 -199 -130 -303 -194 -386 -274 -362 -89 -264 -73 -379 -247 0
162 -89 -205 -386 -161 -274 -178 -40 -413 -30 -401 -392 -154 -82 -289 -313 -281 -92 -190 -232 -329 -326 -199 -130 -194 -264 -73 -379 -247 0
383 -384 -130 -89 -264 -199 -274 -147 -76 0
347 414 -232 -40 -326 -199 -130 0
414 -366 -199 -194 -130 -346 -232 -40 -326 0
-374 -289 -130 -40 -154 -82 -274 -313 -190 -232 -199 -386 -73 -379 -247 -205 -178 -161 -322 -286 -1 -307 -118 0
193 -345 -93 -393 -154 -82 -289 -349 -313 -384 -161 -190 -130 -110 -199 -88 -195 -274 0
146 -48 -365 -82 -353 -289 -22 -230 -403 -102 -1 -195 -247 -384 -117 0
-199 -379 -247 -1 -40 -205 -82 -130 -154 -313 -161 -190 -110 -274 -386 -178 -307 -278 -322 -286 -232 -73 -58 -304 -256 0
347 -263 -378 -372 -345 -130 0
89 -336 -190 -352 -350 -397 -232 -40 -130 -346 -378 -372 -345 -302 -161 -322 -319 -286 0
3 -392 -331 -99 -336 -119 -91 0
414 -47 -103 -350 -33 -379 -40 -418 -117 -352 -146 0
132 -33 -379 -350 -40 -205 -388 -146 -103 -117 -352 -1 -331 -336 -378 -402 -345 -372 -58 -346 -262 0
193 -384 -178 -424 -58 -130 -379 -40 -205 -103 -1 -346 -386 -190 -397 -232 -322 -286 -313 -274 -161 0
131 -193 -190 -161 -4 -110 -346 0
353 -414 -208 -355 -64 -379 -73 -187 -110 -103 -45 -304 -364 -228 0
-414 -264 -58 -161 -103 -364 -110 -1 -45 -228 -354 -208 -355 -64 -379 -73 -187 -304 0
353 -344 -313 -92 -379 -247 -73 -187 -110 -103 -45 -364 -228 0
-193 -307 -322 -205 -149 -161 -103 -110 -313 -379 -247 -73 -232 -1 -58 -355 -64 -304 -190 -139 -4 -346 -130 0
413 -264 -58 -335 -161 -103 -366 -240 -4 -116 -147 -1 0
364 -240 -190 -4 -228 -110 0
132 -366 -344 -377 -335 -161 -103 -1 -190 -4 -228 -110 -147 -414 -58 -116 0
264 -319 -161 -178 -386 -424 -89 -58 0
-366 -414 -377 -346 -130 -335 -161 -103 -1 -190 -4 -110 -147 -344 -58 -116 -352 -364 0
-414 -364 -205 -147 -386 -58 -286 275 -274 -178 -82 -379 -32 -352 -110 -103 -377 -346 -130 -335 -1 -190 -4 -161 0
-364 -377 -247 -64 -355 -73 -379 -32 -335 -110 -103 -352 -1 -205 -147 -386 -58 -286 275 -274 -178 -82 -346 -130 -190 -4 -161 0
131 -377 -344 -371 -346 -264 0
427 -232 -190 -110 -130 -247 -64 -355 -73 -103 -1 -205 -58 -286 -274 -178 -82 -161 -313 -40 -386 -322 -149 -304 -154 -278 -256 0
-335 -377 -344 -274 -364 -346 -130 -414 -161 -103 -1 -190 -4 -110 -147 -58 -352 -366 0
-377 -147 -344 -382 -313 -364 -346 -130 -414 -161 -103 -1 -190 -4 -110 -274 -58 -352 -366 0
-147 -344 193 -58 -130 -379 -40 -205 -103 -1 -346 -386 -190 -232 -322 -286 -313 -274 -161 -264 -178 -364 -414 -110 -352 -366 0
147 -352 -379 -40 -205 -103 -130 -1 -331 -336 -58 -346 -264 -89 -313 -274 -76 -382 0
344 -89 -130 -264 -346 -274 0
-147 -382 -414 -58 -274 -264 -1 -313 -364 -346 -130 -161 -103 -190 -4 -110 -352 -366 0
-352 -366 -58 -264 -313 -274 -40 -205 -103 -130 -1 -346 -414 -364 -161 -190 -110 -82 -353 0
-366 -264 -58 -1 -414 -313 -274 -40 -205 -103 -130 -346 -364 -161 -190 -110 -82 -353 0
-4 -115 -274 -382 -193 -346 -130 -190 -161 -110 0
145 -193 -274 -346 -130 -240 -190 -161 -110 0
192 -226 -43 0
366 -353 -190 -110 0
-353 -414 -205 -247 -190 -427 -346 -161 -178 -386 -58 -149 -130 -103 -1 -406 -313 -274 -40 -364 -110 -82 0
-147 -90 412 -386 -161 -43 -7 -190 -4 -194 -384 0
195 -76 -161 -43 -384 -190 -375 -4 0
132 147 -391 -352 -40 -205 -103 -130 -1 -181 -336 -58 -346 -264 -313 -274 -345 -256 -217 -384 -194 -161 -43 -190 -375 -4 -402 -427 0
276 -264 -43 -190 -7 -161 -4 -110 -346 -130 -391 -352 -40 -205 -103 -1 -336 -58 -313 -274 -256 -217 -194 -375 -427 412 -386 0
-384 -383 -161 -43 -190 -375 -4 -194 0
275 -4 -58 -286 -161 -274 -178 -361 -82 -205 -337 -181 -247 -64 -355 -73 -364 -110 -103 -352 -1 -335 -346 -130 -190 -386 -313 -145 -43 -375 -194 0
-4 -48 -61 -337 -31 -427 -313 -130 412 -386 -161 -43 -190 -194 -375 -110 -346 -352 -40 -205 -103 -1 -336 -58 -274 -256 -217 -286 -178 -82 -247 -64 -355 -73 -364 -335 0
-379 -89 -264 -389 -247 -313 -230 -31 -1 -40 -205 -82 -130 -154 -161 -190 -110 -274 -386 -178 -199 -278 -322 -286 -232 -73 -58 -304 -256 -380 0
160 -375 -321 0
33 -391 -344 -333 -274 -401 -115 -419 -380 -313 0
-414 -346 -124 -130 -64 -103 -110 -274 -313 -40 -205 -161 -427 -355 -386 -190 -1 -58 -256 -286 -178 -82 -247 -73 -364 -149 -406 0
383 -345 -346 -245 -247 -230 -149 -205 -161 -43 -190 -4 -31 -313 -274 -147 0
353 -4 -101 -161 -247 -313 -274 -278 -190 -346 -149 -205 -147 -92 -110 -103 -364 0
-4 -165 -355 -247 -73 -92 -110 -190 -147 -427 -346 -130 -274 -161 -103 -364 -354 -101 -313 -278 -149 -205 0
353 414 -232 -205 -199 -161 -346 -364 -193 0
-346 -364 -232 -40 -161 -130 -190 -110 -205 -355 -247 -73 -427 -274 -103 -313 -278 -149 -1 -124 -64 -386 -58 -256 -286 -178 -82 -406 0
382 -147 -232 -399 -205 -386 -161 -274 -178 -58 -286 -400 -78 0
-147 -116 -274 -384 -232 -399 -205 -386 -161 -178 -58 -286 -400 -78 0
402 -414 -161 -205 -1 -40 -418 -178 -386 -58 -286 -274 0
195 -4 -322 -161 -400 -205 -1 -40 -178 -386 -58 -286 -274 -232 -199 -278 0
194 -364 -190 -110 -161 0
382 -353 -414 -194 -147 0
365 -414 -110 -58 -98 -190 -119 -4 -386 -1 -89 -161 -274 -346 -130 -313 -147 -384 -194 0
-414 -384 -161 -4 -190 -147 -194 -110 -364 -58 -98 -119 -386 -1 -89 -274 -346 -130 -313 0
105 -389 -363 -89 -386 -119 -38 -98 -281 -58 -349 347 -130 -313 -344 -392 -92 -335 -56 0
-353 -92 -313 -392 -363 -89 -386 -119 -98 -281 -58 -130 -110 -384 -190 -147 -346 -274 -161 -4 -194 -364 -354 0
348 -82 -337 -289 -355 -98 -208 -119 -165 -262 -245 -130 0
Solved
