199 -44 -154 -88 -180 -132 -127 -49 -31 -34 -1 -29 0
45 -132 -112 -109 -180 -55 -88 0
203 -88 -151 -112 -109 -55 -115 0
132 -88 -109 -55 -70 -34 -45 -31 -179 -127 0
208 -109 -151 -55 -70 -31 -127 -115 -202 -112 0
152 -15 -190 -31 -77 -127 -141 -24 -137 -73 -37 -70 -163 0
179 -163 -127 -142 -37 -70 -31 -151 -73 -61 -1 -202 -184 -115 -43 0
71 -14 -31 -127 -162 -200 -142 -37 0
88 -142 -127 -73 -37 -70 -31 -61 -1 -202 -184 -115 -151 0
130 -88 -151 -179 0
211 -70 -55 -127 -31 -151 -115 -112 -73 -37 -61 -1 -184 0
180 -130 -115 0
131 -43 -55 -88 -184 -151 -1 -211 -49 -16 -127 0
-130 -179 -184 -151 -1 -211 -49 -127 -55 -115 0
-179 -70 -37 -127 -31 -151 -49 -211 -1 -184 -55 -115 0
214 -55 -127 -31 -151 -49 -1 -184 -115 -37 -73 -61 0
129 -109 -151 -55 -88 -43 -115 -202 -214 -49 -130 -16 0
-179 -130 -55 -214 -115 -49 -151 -127 -184 -1 0
-130 -55 -115 -214 -49 -151 -127 -184 -1 0
128 -162 -14 -31 -18 0
180 -214 -37 -190 -49 -31 -127 -1 -184 0
129 -161 -15 -31 -17 0
-55 -37 -49 -31 -127 -1 -184 -115 -151 -73 -61 0
193 -27 -147 -192 -42 0
18 -147 -192 -195 0
-130 -178 -115 -131 0
130 -151 -88 0
128 -16 -37 -217 -49 -31 -73 0
190 -41 -26 -194 -146 0
-16 -37 -73 -217 -49 -31 -127 0
220 -115 -73 -49 -31 -1 -61 0
129 -88 -154 -127 -49 -31 -1 -184 -61 -115 -220 -130 -16 0
178 -127 -61 -49 -220 -31 -1 -115 -130 0
-178 -130 -115 0
132 -26 -220 -46 -41 -146 -191 -115 0
17 -130 -61 -220 -115 -1 -31 -49 0
-130 -220 -1 -31 -49 -61 -115 0
191 -31 -1 -178 -115 -220 -127 0
223 -1 0
33 -127 -130 -223 -115 0
-127 -31 -130 -223 -115 0
32 -46 -67 -1 -220 -130 -115 0
-31 -130 -1 -115 0
117 -88 -43 -1 -184 -13 -49 -190 -127 -130 0
-130 -115 -1 0
32 -156 -171 130 -221 -18 -51 0
71 -29 -212 -1 -186 -63 -221 -37 0
5 -197 -112 -21 0
Solved
