406 -231 -331 -343 -52 -55 -265 -262 -358 -112 -121 -306 -76 -160 -316 -87 0
146 -331 -55 -52 -262 0
122 -124 -280 -34 -136 -129 -298 -89 -306 -213 -160 -76 0
54 -121 -265 -316 -89 -358 -160 -112 -76 -87 -280 -34 -136 -298 -306 -218 -130 -262 -55 0
-129 122 -34 -136 -280 -298 -89 -306 -160 -76 -323 -40 -102 -44 -357 -235 -128 0
78 -168 -1 -253 -87 -339 -407 -34 -136 -280 -298 -89 -306 -160 -76 -323 -357 -235 -128 -325 -265 -358 -112 -121 0
418 -280 -160 -76 -1 -253 -87 -136 -89 -298 -306 -323 -235 -325 -265 -358 -112 -130 -262 -55 -52 -316 -218 0
77 -34 -280 -418 -323 -136 -265 -316 -89 -358 -160 -112 -76 -87 -298 -306 -218 -130 -262 -55 -349 -235 -52 0
-121 -123 -262 -358 -55 -418 -112 -52 -265 -316 -89 -160 -76 -87 -280 -34 -136 -298 -306 -218 -130 0
36 -184 -284 -339 -385 -226 0
35 -126 -146 -232 -332 -280 -418 -136 0
90 -95 -235 -136 -339 -385 -226 -34 -146 -232 -332 -280 -418 -398 -165 -190 -97 0
53 -116 -418 -232 -280 -136 -34 -235 -212 -89 -385 -226 -398 -165 -190 -97 -262 -55 0
-34 -418 -136 -280 -190 -218 -89 -262 -55 -52 -235 -97 -358 -112 -265 -316 -160 -76 -87 -298 -306 -130 -323 -349 0
124 -168 -18 -71 -41 -13 -323 -177 0
122 -116 -418 -243 0
213 -368 -97 -194 -190 -418 -253 -1 -323 -218 -157 -125 -13 -177 -130 -262 -316 -306 -76 -55 -349 -160 -52 0
138 -418 -316 -306 -298 -190 -160 -89 -97 -194 -1 -253 -323 -218 -157 -13 -130 -262 -76 -55 -349 -52 -280 -235 0
3 -176 -378 -67 0
351 -41 -323 0
Solved
