192 -89 -262 -239 -97 0
537 -425 -343 -106 -211 -382 -416 -265 -406 -334 -47 -137 -5 0
212 -134 -551 -5 -200 -457 -477 -122 -416 -265 -412 -382 0
213 -122 -106 -265 -539 -382 0
-122 -551 -382 -343 -5 -200 -457 -477 -416 -265 -412 -211 -106 -539 0
39 -382 -211 0
457 -397 -65 -152 -588 -225 0
-412 -225 -469 -32 -442 -79 212 -5 -134 -551 -200 -122 -416 -265 -382 -459 -152 -68 -229 -161 -490 0
252 -51 -232 -1 -275 -480 -52 -87 -15 -152 0
31 -136 -453 -584 -570 -334 -590 -229 -537 -68 -571 -477 -442 -84 -65 -399 -250 -232 -1 -480 -52 -15 -152 -273 -421 -76 -259 -539 0
83 -332 -571 -477 0
458 -232 -1 -480 -52 -152 -76 -477 -399 -571 -537 -539 -32 -453 -584 -570 -334 -590 -229 -68 -442 -65 -273 -421 -216 -94 -586 -225 0
250 -83 -232 -480 -1 -361 -274 -493 -342 -216 -477 -94 -51 -65 -152 457 -225 0
-83 -235 -421 -65 -152 457 -225 -570 -442 -238 -584 -480 -453 -87 -232 -1 -361 -274 -493 -342 -216 -477 -94 -51 0
-200 -551 -1 -152 -571 -421 -442 -238 -584 -361 -216 -94 -459 -32 -229 -68 -5 -161 -416 -469 -79 212 -134 -590 -122 -265 -382 -490 -201 0
458 -225 -1 -152 -216 -413 -397 -94 -551 -77 -586 -44 0
-225 -530 -152 -361 -539 -237 -161 -44 -77 -216 -413 -94 -65 -397 -459 -1 -551 -586 0
82 -477 -195 -68 -79 -229 -32 -490 -237 -413 -152 -361 -539 -161 -44 -216 -94 -65 -459 -1 -551 -469 0
-477 -44 -405 -237 -216 -32 -94 -413 -590 -539 -416 -161 -5 -571 -84 -195 -68 -79 -229 -490 -152 -361 -65 -459 -1 -551 -469 0
-551 -416 -32 -79 -469 -68 -229 -490 -361 -161 -5 -405 -216 -94 -590 -571 -152 -459 -1 -238 -442 -421 -584 212 -134 -122 -265 -382 -201 0
260 -101 -405 -541 -111 -204 -52 -152 -477 -250 -397 -587 -416 -5 -413 -161 -76 0
223 -397 -416 -413 -161 -5 -477 -405 -541 -111 -204 -52 -152 -459 0
475 -397 -416 -413 -161 -5 0
180 -367 -569 -584 0
587 -535 -451 -590 -60 -584 -569 -74 -152 -65 -459 -397 -357 0
-397 -477 -152 -111 -442 -590 -584 -569 -65 -459 -357 -416 -5 -413 -161 -204 -224 -405 -541 -52 0
587 -453 -76 -238 -224 -442 -152 -459 -82 -15 0
-477 -323 -405 -590 -539 -238 -216 -442 -571 -94 -224 -152 -459 -413 -416 -161 -65 -5 -111 -584 -569 -357 -204 -541 -52 0
587 -451 -535 -584 -590 -569 -60 -531 -152 -65 -397 -357 -459 0
-416 -405 -152 -120 -361 -32 -309 -79 -532 -469 -442 -357 -584 -590 -459 -68 -229 -490 -161 -5 -541 -238 -216 -571 -94 -111 -204 -201 -1 -421 212 -134 -122 -265 -382 0
414 -83 -477 -152 -65 -532 -469 -204 -201 -111 -442 -397 -68 -459 -357 -5 -229 -587 -490 0
151 -136 -452 -584 -120 -541 -111 -58 -204 -530 -87 -15 0
-83 -477 -238 -201 -1 -361 -216 -442 -94 -65 -152 -539 -459 -452 -584 -120 -541 -111 -204 -161 -397 -587 -413 -532 -469 -68 -357 -5 -229 -490 0
-477 -587 -397 -238 -201 -1 -361 -216 -442 -94 -65 -152 -539 -459 -452 -584 -120 -541 -111 -204 -161 -5 -413 -532 -469 -68 -357 -229 -490 0
85 -452 -584 -97 0
588 -78 -111 -238 -204 -452 -152 -85 -442 -413 0
-587 -397 -85 -452 -146 -120 -32 -79 -469 -68 -229 -238 -490 -442 -413 -357 -111 -204 -152 -541 -201 -1 -361 -216 -94 -65 -539 -459 -584 -161 -5 -532 0
451 -179 -367 -584 0
-397 -85 -584 -152 -65 -459 -357 -413 -590 -452 -5 -146 -120 -32 -79 -469 -68 -229 -238 -490 -442 -111 -204 -541 -201 -1 -361 -216 -94 -539 -161 -532 0
588 -452 -152 -584 -120 -541 -111 -15 -204 -590 -537 -216 -477 -571 -413 -94 -82 -238 -85 -442 0
-134 -5 -459 -584 -120 -541 -590 -571 -94 -238 -442 -161 -152 -357 -32 -79 -469 -68 -229 -490 -1 -361 -532 -97 -309 -421 212 -122 -265 -382 -133 0
153 -53 -584 -137 -452 -532 -404 -469 -101 -238 -193 -200 -442 -408 -82 -5 -518 -477 -224 -161 -454 -78 -85 0
76 -250 -82 -397 -477 -224 0
151 -452 -101 -161 -584 -137 -5 -404 -477 -85 -78 -82 -397 -224 0
-452 -13 -584 -137 -532 -404 -469 -101 -238 -193 -200 -442 -408 -82 -5 -518 -477 -224 -161 -454 -78 -152 -397 -97 0
586 -477 -397 -152 -413 -161 -5 -584 -532 -404 -469 -238 -200 -442 -408 -518 -97 -68 -229 -490 -459 -357 0
76 -82 -397 -586 -477 -413 0
398 -82 -586 0
-82 -586 -397 0
-588 -74 -442 -590 -238 -584 -152 -65 -459 -397 -357 -110 -530 -203 -413 -161 -77 -5 -215 -94 -586 0
453 -551 -421 -200 -369 -584 0
-452 -45 -408 -334 -120 -215 -282 -238 -584 -425 -87 -453 -97 0
153 -87 -442 -238 -97 -200 -408 -334 -120 -215 -282 -584 -421 -493 -539 -261 -225 -530 -251 0
451 -141 -32 -469 -79 -68 -518 151 -584 -120 -541 -15 -530 -87 -58 -442 -200 -238 -421 0
-52 -275 -262 -97 -1 -232 -51 252 -87 -15 -152 -53 0
-275 -180 -74 -421 -200 -262 -97 -1 -232 -51 252 -87 -15 -152 -53 0
-477 -397 -421 -200 -97 -1 -152 -584 -32 -469 -79 -68 -518 -120 -541 -442 -238 -408 -215 -539 -5 -161 -413 -361 -590 -65 -459 -357 -110 -203 -94 -532 -404 -229 -490 0
-82 -52 -404 -309 -16 -336 -9 -532 -520 -469 -203 -200 -193 -110 -65 -442 -397 -84 0
-452 -87 -531 -590 -535 -152 -65 -397 -357 -459 -404 -309 -16 -336 -9 -532 -469 -203 -200 -110 -442 -84 -518 -68 -229 -490 -413 -78 -584 -97 0
-87 -531 -584 -442 -238 -97 -200 -590 -535 -152 -65 -397 -357 -459 -404 -309 -16 -336 -9 -532 -469 -203 -110 -84 -518 -68 -229 -490 -413 -78 0
14 -274 -78 -250 -441 -413 -397 -539 -586 -52 0
451 -13 -357 -78 -250 -441 -413 -397 -539 -84 -442 -200 -238 -421 -75 -90 -367 -584 0
-82 -336 -442 -404 -309 -16 -200 -9 -532 -520 -469 -203 -193 -110 -65 -397 -84 0
-397 -110 -442 -203 -65 -152 -459 -357 -584 -590 -404 -309 -16 -200 -532 -469 -68 -229 -490 -413 -441 -539 -238 -421 -97 -518 -161 -5 -1 -32 -79 -120 -541 -408 -215 -361 -94 0
77 -87 -537 -571 -477 -82 -413 -586 -415 -238 -76 -442 -152 -459 -15 -584 -97 -590 0
83 -87 -532 -564 -120 -32 -469 -79 -68 -518 -141 -584 -541 -15 -58 -442 -200 -238 -421 -282 -152 -408 -334 -590 -537 -477 -571 0
-87 -250 -152 -459 -15 -586 -82 -532 -564 -120 -32 -469 -79 -68 -518 -584 -541 -442 -200 -238 -421 -282 -408 -334 -590 -537 -477 -571 -413 -76 -415 -97 0
-5 -590 -120 -238 -442 -571 -152 -459 -532 -32 -469 -79 -68 -584 -541 -421 -97 -161 -357 -309 -229 -490 -1 -361 -94 -345 212 -122 -265 -382 -133 0
415 -89 -361 -97 -309 -87 -8 -453 -161 0
-397 -82 -87 -584 -97 -361 -309 -161 -120 -32 -79 -469 -68 -229 -238 -490 -442 -413 -357 -541 -65 -398 0
153 -323 -539 -536 -590 -459 -58 -225 -529 -250 0
223 -323 -539 -493 -44 -32 -102 -276 -237 -459 -261 0
451 -550 -479 -312 -261 -225 -539 -493 -44 -32 -459 -421 -73 -52 -584 -15 -152 -536 -590 -58 -529 -250 -117 0
199 -353 -120 -469 -232 -215 -1 -44 -250 -97 -51 -87 -15 -152 -261 -539 -536 -590 -459 -58 -225 -529 -450 -584 -415 -452 -312 -493 -32 -421 -73 -117 0
83 -452 -68 -229 -120 -32 -539 -152 -584 -541 -15 -117 -590 -571 -413 -94 -82 -238 -442 -421 -133 -469 -1 -250 -97 -87 -536 -459 -450 -476 -161 -586 0
-452 -250 -152 -459 -15 -586 -476 -82 -68 -229 -120 -32 -539 -584 -541 -117 -590 -571 -413 -94 -238 -442 -421 -133 -469 -1 -97 -87 -536 -450 -161 0
-82 -15 -68 -361 -584 -442 -238 -97 -152 -87 -459 -133 -476 -229 -120 -32 -539 -541 -590 -571 -413 -94 -421 -469 -1 -536 -161 -65 -309 -79 -490 -357 -398 0
-15 -87 -398 -68 -361 -584 -442 -238 -97 -152 -65 -459 -133 -476 -229 -120 -32 -539 -541 -590 -571 -413 -94 -421 -469 -1 -536 -161 -309 -79 -490 -357 0
-87 -536 -539 -120 -541 -590 -584 -413 -357 -476 -97 -361 -309 -161 -32 -79 -469 -68 -229 -238 -490 -442 -65 -398 -152 -459 -133 -571 -94 -421 -1 0
84 -587 -398 0
261 -44 -345 -133 -578 -215 -137 -536 -539 0
588 -84 -510 -536 -539 -345 -133 -578 -161 -453 -90 -238 -442 -78 -541 -413 -398 -94 0
14 -480 -97 -529 -78 -578 -541 -510 -120 -539 -361 -32 -309 -79 -161 -469 -548 -453 -68 -90 -229 -238 -490 -65 -442 -459 -413 -398 -536 -345 -133 -94 0
-82 -367 -421 -584 -120 -32 -79 -469 -337 -68 -229 -490 -390 -413 -357 -442 -397 -84 0
107 -584 -541 -120 -357 -421 -32 -79 -469 -68 -229 -490 -442 -97 -361 -309 -161 -238 -459 -345 -133 -94 -571 -1 -532 212 -122 -265 -382 0
86 -60 -477 -120 -238 -442 -571 -5 -459 -532 -32 -469 -79 -68 -584 -541 -421 -97 -161 -357 -309 -229 -490 -1 -361 -94 -345 212 -122 -265 -382 -133 -151 -78 0
85 -90 -584 -97 0
334 -101 -178 -421 -133 -200 -477 -54 -5 -168 -161 0
451 -334 -589 -535 -584 -137 0
46 -480 -361 -552 -275 -74 -178 -421 -272 0
-397 -82 -361 -421 -259 -161 -589 -535 -133 -151 -97 -120 -238 -442 -571 -459 -532 -32 -469 -79 -68 -541 -357 -309 -229 -490 -1 -94 -345 212 -122 -265 -382 -584 -521 0
76 -82 -586 -4 -413 -161 0
-152 -58 -452 -117 -340 -584 -539 -120 -541 -413 -357 -97 -361 -309 -161 -32 -79 -469 -68 -229 -238 -490 -442 -65 -398 -459 -133 -571 -94 -421 -1 83 -76 -250 -151 0
83 -452 -117 -340 -584 -539 -120 -541 -413 -357 -97 -361 -309 -161 -32 -79 -469 -68 -229 -238 -490 -442 -65 -398 -459 -133 -571 -94 -421 -1 -76 -250 -151 -586 0
153 -223 -76 -250 -85 0
-452 -76 -250 -151 -459 -398 -82 -117 -340 -584 -539 -120 -541 -413 -357 -97 -361 -309 -161 -32 -79 -469 -68 -229 -238 -490 -442 -65 -133 -571 -94 -421 -1 -586 0
85 -117 -421 -229 -68 -507 -557 -584 -442 -238 -97 0
-82 -161 -345 -133 -571 -238 -442 -541 -94 -459 -259 -421 -229 -68 -507 -584 -97 -151 -340 -120 -357 -361 -309 -32 -79 -469 -490 -1 -589 -535 -532 212 -122 -265 -382 -521 0
78 -152 -120 -238 -442 -571 -535 -459 -532 -32 -469 -79 -68 -584 -541 -421 -97 -161 -357 -309 -229 -490 -1 -361 -94 -345 212 -122 -265 -382 -133 -475 0
86 -397 -586 -120 -238 -442 -571 -535 -459 -532 -32 -469 -79 -68 -584 -541 -421 -97 -161 -357 -309 -229 -490 -1 -361 -94 -345 212 -122 -265 -382 -133 -475 -151 0
85 -361 -94 -260 -133 -224 -586 -584 -442 -238 -97 -152 0
588 -74 -224 -529 -459 -250 -476 -413 -83 0
451 -106 -120 -32 -260 -224 -459 -13 -586 -529 -250 -476 -413 -442 -238 -421 -584 -90 -367 0
211 -490 -413 -294 0
479 -45 -133 -216 -200 -274 -552 -361 0
570 -557 -584 0
-569 -179 -570 -367 -584 0
443 479 -133 -216 -238 -274 -552 -361 0
-179 -83 -476 -421 -442 -133 -216 -238 -274 -552 -361 -480 -570 -367 -584 0
179 -557 -570 -367 0
587 -83 -421 -442 -133 -179 -238 -476 -361 -480 -570 -367 -584 -260 -224 -459 -94 0
-83 -416 -161 -476 -413 -586 -421 -442 -133 -179 -238 -361 -480 -570 -367 -584 -260 -224 -459 -94 0
536 83 -571 -4 0
-361 -94 -459 -133 -161 -238 -442 -78 -541 -413 -224 -229 -68 -586 -476 -421 -584 -260 -120 -32 -152 -86 -97 0
588 -83 -97 -86 -478 -161 -598 -476 -413 -94 -584 0
-83 -478 -229 -68 -476 -584 -442 -133 -120 -32 -260 -224 -459 -586 -238 -421 -152 -86 -413 -97 -598 -94 -161 0
-94 -152 -97 -86 -421 -586 -442 -229 -68 -476 -133 -120 -32 -260 -224 -459 -238 -584 -413 -161 -78 -541 0
-82 -223 -570 -584 -476 -442 -133 -361 -238 -83 -120 -32 -260 -224 -459 -586 -413 -152 -76 -421 -86 -97 0
568 -152 -32 -260 -224 -459 -586 -476 -413 -442 -238 -421 -584 -120 -86 -97 0
-452 -179 -584 -152 -86 -97 0
-82 -361 -570 -584 -476 -442 -133 -459 -238 -83 -120 -32 -260 -224 -586 -413 -152 -76 -421 -86 -97 0
588 -6 -416 -161 -413 -397 0
-361 -480 -598 -97 -133 -421 -476 -442 -238 -83 -570 -367 -584 -260 -224 -459 -586 -161 -413 -120 -32 -152 -76 -86 0
587 -529 -229 -116 -413 -73 -68 -476 -456 -83 -442 -133 -201 -551 -224 -459 -13 0
588 -416 -476 -161 -413 -83 0
-82 -478 -598 -97 -421 -86 -199 -152 -442 -238 587 -76 -459 -224 -453 -83 0
87 -361 -97 -133 -421 -476 -442 -238 -83 -570 -598 -584 -260 -224 -459 -586 -161 -413 -120 -32 -152 -76 -86 0
90 -199 -421 -442 -598 -238 -97 0
569 -83 -413 -68 -476 -229 -442 -133 -224 -459 -421 -598 -97 -152 -86 -584 -238 -586 -161 0
570 -86 -584 -97 0
-586 -152 -68 -476 -229 -442 -83 -224 -459 -421 -133 -97 -413 -86 -584 -238 -161 -32 -260 -120 -78 -541 0
135 -203 -110 0
134 -122 -383 -355 -120 -477 -161 -584 -78 -5 -452 151 -85 -101 -82 -397 -224 0
-152 -133 -120 -161 -584 -78 -224 -97 -421 -86 -238 -413 -476 -442 -459 -83 -68 -229 -32 -260 -541 0
-82 -586 -459 -251 -224 -83 0
588 -58 -260 -303 -224 -460 -50 -469 -68 -229 -442 -238 -97 -584 -86 -6 -413 -397 -14 -476 -161 -83 0
451 -510 -340 -541 -32 -538 -120 -121 -356 -421 -460 -235 -127 -311 -50 -480 -552 -570 -238 -584 -90 0
568 -557 -584 0
200 -456 -386 -460 -127 -538 -425 -14 -340 -28 -322 -274 -100 -75 -179 -421 -133 0
87 -274 -238 -133 -552 -95 -442 -421 -386 -460 -127 -538 -14 -340 -28 -100 -75 -97 -570 -584 -541 -32 -120 -121 -356 -235 -311 -50 0
-586 -386 -68 -421 -469 -14 -133 -442 -238 -97 -584 -86 -541 -32 -120 -50 -260 -224 -251 -459 -229 -413 -476 -161 -83 -530 0
-133 -83 -32 -86 -161 -97 -238 -413 -476 -442 -459 -584 -68 -421 -469 -541 -120 -50 -260 -224 -229 -78 0
85 -202 -260 -224 -199 -109 -83 -442 -570 -238 -97 -584 -476 -161 -413 -421 0
-452 -37 -224 -260 -459 -469 -32 -120 -480 -584 -86 -97 -510 -421 -541 -199 -109 -442 -238 -90 -453 0
444 -179 -224 -260 -459 -421 -202 -588 -476 -199 -109 -83 0
-83 -260 -32 -97 -229 -120 -224 -421 -541 -442 -459 -476 -584 -161 -413 -469 -86 -238 -68 -50 -78 0
-452 -89 -86 -584 -97 0
33 -64 -116 -211 -68 -229 -120 -505 -265 0
-586 -505 -122 -293 -540 -32 -116 -68 -229 -120 -153 -161 -416 -413 -82 -587 0
15 -505 -133 -229 -120 -137 -122 -44 -355 -276 -388 -52 0
178 -540 -32 -195 -597 -469 -68 -116 -133 -229 -120 -137 -122 -44 -276 -52 -413 -398 -293 -153 -161 -416 -82 -587 0
-586 -540 -324 -116 -425 -146 -416 -390 -413 -355 -82 -587 0
64 -81 -469 -195 -597 -68 -213 -116 0
199 -510 -469 -195 -597 -68 -116 -413 -398 -425 -416 -82 -587 -293 -120 -137 -47 -32 -421 -179 -229 -44 -153 -161 -459 -260 -224 -551 0
213 -586 -153 -459 -505 -293 -224 -32 -116 -68 -229 -120 -161 -416 -413 -82 -587 0
-586 -510 -120 -425 -541 -134 -469 -195 -273 -551 -229 -224 -68 -260 -116 -153 -459 -505 -293 -32 -161 -416 -413 -82 -587 -97 -480 -237 0
14 135 -224 -260 -425 -32 -541 -213 -116 -469 -195 -597 -68 -551 -66 0
135 -122 -68 -229 -456 -355 -388 -53 -13 -224 -260 -425 -32 -541 -213 -116 -469 -195 -597 -551 -66 0
87 -195 -469 -68 -116 -111 -229 -224 -260 -425 -32 -541 -597 -551 -459 -413 -398 -120 -293 -161 -416 -82 -587 -97 -179 -421 -201 -137 -47 -44 0
77 -541 -584 -442 -238 -97 -413 -421 -68 -229 -32 -469 -459 -120 -161 -78 0
-82 -586 76 -413 -161 0
211 -121 -238 -68 -469 -229 -442 -267 -32 -539 0
-195 -271 -32 -421 -469 64 -68 -213 -116 -236 -442 0
-551 -116 -421 -356 -390 -442 -32 -469 64 -68 -213 -584 -236 -100 -552 0
-195 451 -421 -584 -236 -153 -32 -452 -97 -469 64 -68 -213 -116 -238 -442 0
-179 -530 -60 -340 -421 -133 -200 -477 -54 -5 -161 -535 -584 -120 -146 -268 -510 -24 -187 -439 -275 -108 -74 -86 -97 -570 -569 0
-116 -356 -120 -390 -60 -421 -54 -161 -584 -275 -97 -475 -539 -32 -383 -236 -38 -311 -229 -492 -85 -293 -234 -238 -469 -442 -153 64 -68 -213 -417 -100 -552 0
443 -195 -229 -293 -68 -238 -492 0
550 -179 -275 -100 -54 -569 -323 -201 0
194 -363 -275 -73 -383 -9 -100 -38 -170 -469 -337 -36 0
134 -111 -204 0
86 -405 -336 -100 -272 -337 -36 -390 -195 -179 -68 -569 -584 -454 -153 0
-86 -89 -569 -584 -97 0
-179 86 -100 -336 -337 -36 -390 -195 -68 -569 -584 -153 -134 -54 -201 -552 -275 -323 0
-195 -121 -32 -236 -356 -421 -390 -100 -336 -337 -68 -569 -584 -153 -54 -552 -275 -323 -97 -204 -238 -442 -229 -293 -492 0
-86 -179 -60 -421 -133 -200 -54 -161 -584 -120 -187 -275 -97 -569 -475 -301 -539 -474 -32 -222 -236 -354 -311 -417 -552 -85 0
-179 -1 -275 -402 -60 -100 -169 -390 -569 -584 -252 -153 -421 -133 -200 -54 -161 -120 -187 -97 -475 -301 -539 -474 -32 -222 -236 -354 -311 -417 -552 -85 0
-586 -14 -97 -120 -32 -275 -252 -421 -161 -539 -236 -552 -229 -238 -469 -442 -68 -584 76 -413 -459 0
-86 -569 -421 -54 -161 -584 -234 -355 -469 -122 -229 -68 -238 -492 -213 -66 -6 -587 -82 -442 -552 -179 -97 -101 -85 0
-569 -179 -66 -421 -390 -442 -32 -469 -68 -584 -229 -213 -153 -54 -122 -101 -204 -355 -60 -82 76 -397 -224 -161 -234 -238 -492 -587 -97 0
-480 -47 -552 -421 -475 -275 -82 -271 -442 -32 -469 -116 -68 -213 -236 -66 -539 -310 -97 -478 0
-179 -153 -584 -421 -82 -442 -32 -469 -68 -213 -66 -310 -97 -390 -229 -54 -122 -101 -204 -355 -60 76 -397 -224 -161 -234 -238 -492 -587 0
-86 -101 -234 -421 -178 -54 -161 -336 -469 -82 -535 -355 -229 -293 -68 -238 -492 -201 -442 -137 -552 -569 -584 -97 -85 0
-14 -224 -229 -442 76 -469 -421 -161 -68 -238 -584 -97 -120 -32 -459 -413 0
-86 -569 -442 76 -397 -224 -238 -152 -82 -584 -97 0
200 -179 -452 -389 -355 -584 -569 -552 -421 0
151 -323 -539 -120 -32 -355 -101 -389 -60 -179 -452 -531 -569 -584 0
37 -361 -584 -97 -82 -87 -161 -120 -32 -397 -469 -68 -229 -238 -79 -442 -413 -541 -65 -398 -293 -383 -122 0
444 -195 -455 -68 -469 -584 -97 -82 -87 -161 -120 -32 -397 -229 -238 -442 -413 -541 -65 -122 -213 -275 -53 -200 0
-195 -200 -32 -229 -539 -68 -213 -238 -492 -442 -455 -469 -584 -97 -82 -87 -161 -120 -397 -413 -541 -65 -122 -275 -53 -267 0
-179 -569 -584 -152 76 -397 -82 -224 -238 -442 -32 -229 -68 -469 -97 -161 -120 -413 -541 -65 -122 -53 -389 -355 -421 0
550 -452 -137 -584 -569 -273 0
-569 -101 -469 -584 -238 -442 -53 -224 -161 -78 -122 -152 -120 -587 -203 -68 -32 -229 -97 -413 -541 -65 -421 76 -389 0
-195 -539 -32 -229 -85 -68 -213 -238 -492 -442 -469 -584 -97 -82 -161 -120 -397 -413 -541 -65 -122 -275 -53 -267 -152 -252 -421 -116 -271 -236 0
-224 -541 -442 -32 -469 -68 -97 -229 -238 -584 -161 -120 -413 -421 -78 -459 0
443 -195 -68 -213 -121 -229 -238 -492 0
239 -569 -32 -229 -213 -151 -225 -588 457 -397 -120 -584 -97 0
123 -200 -276 -169 -551 -569 -584 -97 -225 -588 457 -397 -213 -38 0
-569 -276 -120 -475 -551 -584 -97 -85 -229 -540 -225 -588 457 -397 -492 -213 -234 -469 -68 -238 -442 -32 -151 0
212 -195 -469 -116 -32 -68 -213 -597 -540 -66 0
-195 -267 -32 -120 -229 -121 -213 -469 -116 -68 -540 -66 -238 -442 -492 0
39 -382 -68 -195 -120 -469 -32 -229 0
451 -179 -77 -251 -161 -152 -416 -224 -584 0
-179 -137 -569 -120 -584 -507 -452 -77 -251 -161 -152 -416 -224 0
199 -552 -271 -422 0
225 -260 -77 0
398 -538 -77 -32 -507 -569 -120 -584 -452 -161 -152 -457 -412 -355 -587 -84 0
540 -179 -101 -152 -59 -323 -584 -452 -401 -137 -210 -120 -55 -507 -80 -32 0
-260 -224 -77 0
211 -65 -152 -584 -452 -120 -77 -569 -84 -97 -191 -195 -68 -469 -229 -122 -597 -293 -32 0
-137 -397 -413 -569 -120 -584 -179 -507 -161 -224 -393 -145 -97 -425 -89 -136 0
453 -369 -179 -569 -584 0
153 -388 -393 -97 -179 -89 -584 -569 0
-367 -145 -290 -161 -201 -442 -32 -469 -68 -97 -229 -238 -584 -413 -120 -224 -541 -459 -423 -179 -452 -569 0
-507 -224 -68 -229 -120 -32 -584 -571 -413 -238 -442 -469 -97 -161 -201 -84 -65 -569 -179 -539 -89 -423 -293 -106 -195 -122 -38 -383 -505 0
123 -335 -342 -44 -73 -426 -224 -161 -52 -397 -77 -13 -413 -388 -491 -355 -293 0
121 -397 -68 -469 -584 -97 444 -87 -455 -120 -32 -413 -229 -238 -442 -161 -195 -65 -122 -213 -275 -200 -13 -491 -38 0
-397 -426 -342 -388 -13 -73 -224 -161 -77 -413 -491 -122 -68 -469 -584 -97 444 -87 -455 -120 -32 -229 -238 -442 -195 -65 -213 -200 -38 0
-224 -106 -122 -441 -161 -537 -65 -342 -68 -469 -584 -97 444 -120 -32 -229 -238 -442 -195 -213 -179 -569 -505 -235 0
13 -505 -179 -584 -229 -569 -97 -89 0
451 -232 -469 -195 -51 -68 -479 -229 -551 -505 -569 -179 -584 0
31 -161 -195 -120 -469 -32 -229 -569 -584 -97 -179 -122 -68 -65 444 -238 -442 -213 0
67 -521 -469 -195 0
-13 -397 -77 -413 -75 -491 -275 -122 -68 -469 -584 -97 444 -87 -455 -120 -32 -229 -238 -442 -161 -195 -65 -213 -200 -38 -15 0
-397 -224 -229 -442 -77 -469 -421 -161 -68 -238 -584 -97 -120 -32 -413 -252 -65 -75 -491 -122 444 -87 -455 -195 -213 -200 -38 -15 0
397 536 -571 -84 0
-224 -397 -442 -77 -469 -229 -161 -68 -238 -584 -97 -120 -32 -413 -252 -65 -75 -491 -122 444 -87 -455 -195 -213 -38 -15 -423 -237 0
-161 -179 -442 -469 -229 -68 -238 -584 -97 -120 -32 -122 444 -195 -213 -569 -65 0
267 -38 -469 -195 -383 -68 0
78 -323 -539 -237 -32 -77 -413 -491 -397 -122 -68 -469 -584 -97 444 -87 -455 -120 -229 -238 -442 -161 -195 -65 -213 -200 -38 -15 -152 -224 0
76 -200 -68 -469 -584 -97 444 -87 -455 -120 -32 -413 -229 -238 -442 -161 -195 -65 -213 -275 -122 -397 -491 -38 -224 0
-200 -224 -539 -32 -77 -413 -397 -122 -68 -469 -584 -97 444 -87 -455 -120 -229 -238 -442 -161 -195 -65 -213 -38 -152 -79 -422 0
-421 -491 -229 -32 -539 -79 -413 -551 -161 -44 -65 -195 -469 -122 -97 -293 -199 -442 -238 -89 -397 -68 -584 -569 -224 -120 -506 -422 0
78 -441 -275 -134 -44 -38 -452 -122 -584 -114 -293 -569 -271 -491 -551 -413 -224 0
-491 -290 -74 -84 -120 -469 -134 -211 -38 -122 -584 -293 -569 -551 -413 -224 -44 -539 -32 -229 -79 -161 -65 -195 -97 -199 -442 -238 -89 -397 -68 -506 -422 0
231 -506 -32 -469 -195 -79 -68 0
-397 -224 -469 -122 -584 -569 -120 -32 -229 -161 -65 -195 -97 -442 -238 -68 444 -213 0
323 -550 -569 -117 0
-224 -161 -569 -32 -65 -469 -122 -584 -120 -229 -195 -97 -442 -238 -68 444 -213 0
76 -52 -46 -455 -136 -469 -133 -68 -120 -195 -38 -506 -79 -122 -32 -458 -152 -65 -225 -397 -539 -413 -260 -161 0
199 -397 -539 -413 -260 -77 -455 -469 -68 -120 -195 -38 -506 -79 -122 -32 -458 -152 -65 -225 -161 -452 -584 -569 -479 -551 -422 0
423 -274 -44 -216 -569 -584 -452 -551 -97 -479 -312 -235 0
499 -359 -525 -184 0
531 -284 -36 -257 -7 -249 -410 -127 -500 -525 -184 -208 -30 -3 -232 -469 -436 -509 -542 -474 -126 -100 -58 0
341 -426 -100 -405 -322 0
550 -7 -257 -36 -249 -410 -127 -208 -232 -469 -509 -474 -100 -58 -483 -305 -204 -251 -15 -152 -530 -342 -405 -452 -584 -353 -97 -569 -479 0
78 -134 -569 -479 -551 -257 -36 -410 -469 -509 -305 -251 -152 -452 -584 -353 -97 -422 -44 -512 -65 -225 -397 -458 -38 -122 -293 -491 -539 -413 -260 -161 0
-397 -74 -84 -65 -97 -191 -111 -469 -120 -38 -506 -122 -32 -458 -152 -225 -539 -413 -260 -77 -569 -479 -551 -257 -36 -410 -509 -305 -251 -452 -584 -353 -422 -44 -512 -293 -491 -161 -201 -455 -68 -195 -79 0
-161 -65 -122 -97 -469 -120 -32 -569 -584 -68 -195 -229 -442 -238 444 -213 0
-65 444 -569 -584 -97 -120 -122 -229 -68 -469 -32 -442 -238 -195 -213 0
444 -120 -32 -469 -195 -68 -569 -584 -97 -229 -122 -213 -442 -238 0
-224 -426 -74 -517 -133 -110 -530 -15 -152 -569 -117 -459 -251 -225 -77 0
177 -174 -330 -171 -373 -284 0
Solved
