493 -234 -334 -143 0
475 -139 -430 -190 -250 -52 -88 -343 -255 0
336 -356 -388 -364 -1 -328 -184 -476 -430 -190 -250 -52 -343 -163 -235 -442 -394 -97 -169 -58 -493 -441 -143 0
494 -196 -350 -50 -169 0
144 -475 -328 -482 -255 -143 -97 -58 -176 -437 -139 -430 -371 -190 -250 -52 -494 -88 0
251 -222 -328 -156 -482 -190 -139 -343 -52 -430 -88 0
-139 -255 -328 -496 -120 -325 -190 -52 -430 -371 -88 -250 -156 -343 -176 -437 -97 -58 -494 -143 -482 0
438 -97 -58 0
512 -442 -235 0
356 -475 -496 0
292 -496 0
98 -68 -422 -438 -232 -58 0
499 -217 -365 -165 0
140 -251 -362 -281 -235 -442 -394 -171 -316 -350 -50 -23 -160 -78 -275 -365 -430 0
444 -171 -512 -394 0
431 -365 -165 -362 -281 -411 -482 -273 -183 -399 -228 -190 -264 -120 -325 -156 -139 -108 0
457 -352 -133 -297 -391 -362 -321 -165 -205 -499 -376 -422 -35 0
141 -494 -23 -50 -350 -133 -183 -399 -190 -459 -297 -362 -165 -376 -422 -35 -68 -228 -264 -275 -108 -120 -431 -325 0
-430 -23 -50 -160 -78 -275 -362 -281 -235 -442 -394 -171 -316 -350 -365 140 -431 0
260 -297 -133 -362 -321 -165 -499 -376 -422 -35 -228 -264 -459 -120 0
500 -479 -8 -303 -382 -127 -81 -470 -217 -321 -165 0
252 -160 -78 -23 -50 -350 -133 -228 -264 -422 -499 -8 -127 -321 -165 -269 -281 -297 -362 -184 -489 -86 -490 -390 -371 0
477 -356 -50 -350 -133 -184 -371 -190 -235 -394 -325 -58 -97 -1 -328 -496 -143 0
263 -228 -69 0
-228 -264 -69 0
237 -170 -394 -512 -442 0
-264 -69 -350 -50 -394 -235 -143 -58 -97 0
226 -354 -394 -177 -438 -97 -232 -423 -350 -462 -235 -69 0
59 -177 -438 0
-475 -184 -394 -350 -235 -97 -58 -50 -143 -1 -328 -496 -133 -371 -190 -325 0
219 -251 -76 -452 -8 -411 -368 -431 -392 -371 -450 -86 -286 -492 -269 -180 -390 -281 -441 -470 -365 -362 -173 0
439 -494 -143 0
363 -482 -143 -165 -494 -196 -411 -269 -45 -295 -281 0
303 -299 -238 -8 0
7 -276 -505 -53 -273 -23 -334 -50 -234 -350 -400 -56 -188 -231 -74 -489 -382 -252 -238 -303 -299 0
432 -56 -382 -350 -50 -23 -88 -411 -482 -452 -188 -74 -400 -76 -489 -238 -505 -392 -299 -245 -242 -8 -53 -273 -334 -234 -231 0
430 -414 -217 -505 -319 -303 -382 -76 -188 -162 -350 -23 -50 -260 -32 -156 -108 0
495 -94 -382 -350 -50 -23 -411 -482 -452 -188 -74 -400 -76 -489 -238 -505 -392 -299 -245 -242 -8 -53 -273 -234 -231 -431 -217 -319 -162 -260 -32 -156 -108 -143 0
Solved
