362 -472 -418 -256 -427 -448 -274 -481 -187 0
420 -267 -514 -121 -274 -481 -427 -448 -445 -472 -256 0
342 -121 -514 -445 -451 -274 -481 -331 -427 -448 -135 -256 -418 -509 -95 -363 -187 -455 0
420 -121 -514 -379 -445 -481 -59 -95 -448 -265 -407 -256 0
571 -95 -316 -379 -445 -31 -514 -448 -256 -1 -451 -331 -427 -135 -363 -187 -234 -400 -250 -423 -70 -394 -223 -529 -494 -307 -158 0
515 -420 -95 -379 -451 -445 -235 -121 -31 0
258 -483 -331 -379 -451 -445 -31 -514 -95 -363 -135 -448 0
447 -196 -301 -331 -102 -451 -95 -363 -483 -135 -223 -394 -514 -406 -379 0
418 -483 -223 -363 -394 -95 -514 -445 -301 -331 -102 -451 -135 -379 0
516 -122 -229 -331 -243 -451 -521 -266 -307 -95 -316 -363 -223 -70 -408 -379 -483 -198 -108 -445 -423 -31 0
481 -346 -394 -408 -426 -95 -443 -217 -356 -151 -451 -400 -363 -236 -234 0
515 -483 -451 -95 -363 -234 -331 -394 -408 -426 -443 -217 -356 -151 -400 -198 -266 -379 -445 -31 0
-483 -521 -250 -151 -400 -363 -234 -379 -445 -229 -331 -451 -307 -95 -316 -223 -70 -423 -31 -514 -394 -217 -356 -301 -135 -448 -256 0
121 -182 -1 -238 -62 -141 -175 -427 -274 -187 -64 -363 -6 -95 -407 -307 -420 -223 -198 0
361 -107 -151 -377 -182 -1 -238 -59 -209 -215 -141 -135 -331 -487 -451 -407 -346 -95 0
133 -509 -215 0
446 -390 -328 -95 -451 -331 -135 -187 -151 -363 -1 -420 -123 -175 -427 -64 -307 -223 -267 -31 -316 -514 -379 0
96 -432 -570 -378 -238 -90 -59 -346 -5 0
189 -90 -63 -561 -208 -64 -59 -5 -95 -570 -378 -238 -346 -140 -571 -274 0
575 -328 -331 -451 -187 -64 -307 -223 -31 -316 -514 -379 -445 -301 -151 -1 -175 -427 -256 -448 -250 -400 -229 -70 -394 -217 -529 -43 -226 0
447 -198 -331 -451 -389 -346 -250 -328 -422 -70 -175 -307 -510 -427 -223 -275 -260 -31 -394 -316 -4 -514 -406 -379 0
122 -383 -217 -62 -357 -431 -400 -377 -233 -569 -483 -106 0
-198 -346 -431 -451 -331 -217 -357 -400 -233 -483 -495 -159 -307 -223 -275 -64 -31 -394 -260 -4 -514 -406 -379 -445 -389 -250 -328 -422 -70 -175 -510 -427 -316 0
94 -357 -256 -175 -448 -427 -64 -31 -316 -514 -379 -445 -394 -307 -223 -451 -331 -217 -1 -400 -233 -495 -159 -389 -250 -328 -422 -70 -187 -151 -362 0
101 -130 -301 0
102 -130 -301 0
363 -483 -250 -233 -400 -522 -448 -265 -256 -108 -418 -5 -214 -259 -508 -151 0
196 -508 -1 -151 -214 -256 -448 -362 -250 -233 -400 -522 -5 -489 -411 -316 -186 -141 -407 -379 -445 -31 -514 -122 0
516 -186 -477 -445 -31 0
348 -122 -5 -379 -445 -514 -31 -233 -448 -256 -407 -394 -223 -64 -1 -151 -362 -250 -400 -522 -316 -301 -134 -331 -451 0
446 -184 -379 0
-184 -445 -379 0
95 -407 -5 -379 -445 -514 -31 -122 -448 -256 -233 -394 -223 -64 -1 -151 -362 -250 -400 -522 -316 -301 -226 -331 -451 -574 0
-407 -426 515 -483 -331 -394 -408 -451 -443 -217 -151 -400 -198 -266 -379 -445 -31 -226 -574 -5 -514 -448 -256 -233 -223 -64 -1 -362 -250 -316 -301 0
-363 -95 515 -483 -451 -331 -394 -408 -426 -443 -217 -151 -400 -198 -266 -379 -445 -31 -226 -574 -362 0
347 -243 -180 -443 -83 -331 -451 -406 -346 -250 -4 -422 -389 -175 -307 -198 -427 -223 447 -510 -31 -394 -316 -260 -514 -275 -379 -554 -569 -561 -238 -431 -487 -88 0
482 -198 -451 -250 -175 -307 -331 -427 -223 447 -31 -394 -316 -514 -379 -108 -574 -226 -187 -483 -217 -151 -400 -445 -448 -256 -64 -1 -301 0
-362 -121 -379 -451 -445 -235 515 -31 -1 -151 -256 -448 -250 -400 -5 -411 -316 -141 -514 -574 -135 -226 -361 0
-121 -483 -451 -331 -394 -217 -151 -400 -379 -445 -31 -448 -574 -256 -226 -514 -1 -250 -316 -175 -307 -427 -223 447 -187 -64 -301 0
-363 -483 -223 -394 418 -514 -445 -301 -331 -102 -451 -95 -379 -362 0
-483 447 -175 -427 -64 -187 -223 -394 -514 -445 -301 -331 -451 -379 -256 -307 -448 -217 -151 -400 -31 -574 -226 -250 -316 -1 0
96 -101 -331 -301 -226 -451 -90 -574 -346 0
-362 -5 -379 -445 -514 -31 -122 -448 -256 -394 -223 -64 -1 -151 -250 -400 -316 -301 -226 -331 -451 -574 -96 -363 0
570 -159 -529 -494 0
447 -445 -451 -331 -64 -529 -574 -226 -187 -379 -301 -514 -31 -448 -256 -394 -223 -1 -151 -250 -400 -316 -307 -175 -427 -217 0
-483 -58 -204 -234 -256 -331 -379 -451 -445 -31 -514 -95 -363 -135 -448 -481 0
258 361 -151 -377 -123 -1 -238 -141 -135 -331 -487 -451 -407 -346 -95 -198 -62 -175 -427 -274 -187 -64 -363 -6 -307 -223 -265 0
-363 -95 -6 -123 -256 -331 -379 -451 -445 -31 -514 -64 -448 -151 -377 -1 -238 -141 -487 -407 -198 -62 -175 -427 -187 -307 -223 -226 -574 -362 0
133 -499 -331 -451 -141 -346 -89 -202 -102 -510 -301 0
121 -255 -141 -331 -134 -451 -346 -510 -301 -59 -265 -256 -448 -483 -198 0
-95 -362 -217 -62 -400 -377 -123 -141 -331 -451 -301 -256 -448 -198 -307 -223 -394 -64 -574 -407 -6 -226 -187 -151 -379 -445 -31 -514 -1 -238 -487 -175 -427 -529 0
-362 -256 -448 -379 -445 -514 -31 -394 -223 -64 -1 -151 -250 -400 -316 -301 -331 -451 -226 -574 -217 -307 -187 -175 -427 -529 0
-483 -198 -123 -256 -331 -379 -451 -445 -31 -514 -363 -95 -135 -448 -250 -151 -400 -521 -229 -307 -316 -223 -234 -423 -394 -217 -356 -301 -482 0
580 -151 -451 -331 -1 -175 -427 -187 -64 -307 -223 -448 -379 -31 -250 -394 -400 -229 -316 -301 -574 -226 -529 0
582 -514 -445 0
-514 -445 -580 0
361 -483 -235 -346 -451 -95 0
94 -60 -409 -382 -203 -394 -469 -407 -6 0
257 -409 -417 -108 -261 -95 -250 -382 -203 -394 -379 -445 -521 -580 0
406 -420 -451 -135 -509 -346 -331 -95 0
258 -135 -223 -394 -451 -198 -509 -346 -331 -95 -445 -580 0
362 -198 -331 -95 -394 -250 -379 -445 -580 -463 -448 -256 -223 -451 -400 -574 -483 -226 -187 -151 0
408 -431 -313 -451 -141 -331 -31 -134 -510 -301 -198 -448 -64 -256 -4 -307 -580 -379 -223 -445 -394 0
-198 -256 -580 -223 -445 -394 -313 -451 -331 -31 -301 -448 -64 -307 -379 -175 -427 -226 -187 -95 -250 -463 -400 -574 -483 -151 0
406 -256 -448 -331 -301 -226 -451 -90 -574 -346 -420 -95 0
363 -135 -232 -202 -226 0
-135 -63 -85 -313 -460 -561 -235 -570 -59 -64 -90 -5 -95 -378 -238 -346 -140 -274 -451 -331 -202 -232 -226 -187 -361 0
-256 -483 -301 -187 -151 -451 -331 -226 -313 -64 -95 -448 -316 -580 -379 -445 -574 -31 -394 -307 -463 -223 -175 -427 -250 -400 0
362 -198 -469 -346 -331 -451 -135 -235 -301 -400 -463 -274 -442 -483 -226 -187 -151 0
363 -135 -483 -121 -418 -463 -400 -274 -442 -226 -187 -151 -95 0
-135 -418 -451 -346 -331 -95 -394 -223 -469 -235 -301 -400 -463 -274 -442 -483 -226 -187 -151 -121 0
-483 -95 -301 -400 -313 -463 -187 -151 -394 -451 -574 -331 -226 -223 -64 -448 -316 -580 -379 -445 -31 -307 -175 -427 -250 0
-215 133 -394 -307 -209 -400 -31 -410 -234 -316 -379 -488 -445 -580 -257 -226 -463 -574 -425 -95 -50 -363 -223 0
417 -494 -568 -335 -529 -564 -112 -250 -193 0
575 -70 -146 -502 -568 -469 -529 -410 -112 -109 -400 -250 -204 -193 -415 -335 -520 -226 0
576 -363 -226 -95 0
-95 -445 -529 -400 -250 -226 -223 -394 -451 -331 -502 -580 -301 -307 -31 -316 -379 -463 -574 -229 -313 -448 -187 -151 -64 -175 -427 0
416 -53 -568 -422 -529 -70 -112 -250 -193 0
395 -203 -357 -411 -400 -469 -415 -568 -422 -529 -70 -112 -250 -193 -342 -307 -223 0
416 -563 -336 -489 -250 -193 -568 -422 -529 -70 -112 0
419 -108 -469 -529 -357 -411 -112 -400 -336 -489 -250 -422 -307 -223 -394 -265 -522 -243 133 -298 0
482 -357 -394 -307 -223 -400 -31 -411 -233 -316 -5 -379 -489 -445 -580 -389 -463 -51 -529 -112 -336 -250 -422 -522 -243 133 -298 -197 -448 0
-445 -226 -529 -400 -250 -307 -223 -298 -394 -31 -316 -379 -580 -463 -448 -229 -313 -301 -331 -451 -574 -502 -187 -151 -64 -175 -427 0
481 -123 -236 -514 0
396 -51 -356 -469 -514 -580 -256 -400 -448 -236 -482 -196 -223 0
481 -383 -356 -469 -400 -514 -234 -236 0
134 -469 -494 -356 -241 -514 -521 -580 -502 -301 -256 -448 -400 -234 -307 -196 -223 -394 -379 -184 -95 -187 -346 -363 -451 -509 -331 -214 0
197 -483 -204 -234 -363 -95 -331 -406 -451 -184 -394 -346 -223 -88 0
-483 -88 -451 -363 -346 -95 -514 -331 -301 -226 -101 -574 -196 -204 -234 -406 -184 -394 -223 0
96 -101 -394 -196 -406 -331 -301 -226 -451 -223 -574 -346 0
197 -444 -390 -356 -463 -551 -377 -130 -137 -399 -62 -267 -204 -410 -316 -4 -331 -476 -379 -451 -184 -307 -346 -223 -88 0
-469 -196 -379 -451 -184 -346 -331 -390 -356 -463 -316 -307 -223 -95 -394 -406 -301 -226 -574 -31 -514 -580 -256 -448 -363 -234 -509 -135 -494 -241 -521 -502 -400 -187 -214 0
-130 -204 -363 -346 -95 -514 -331 -301 -226 -483 -574 -196 -451 -234 -406 -184 -394 -223 0
-204 -483 -509 -331 -214 -135 -363 -346 -95 -514 -301 -226 -409 -574 -196 -451 -234 -406 -184 -394 -223 0
-483 -123 -514 -451 -363 -331 -509 -409 -214 -135 -346 -95 -301 -226 -574 -196 -234 -406 -184 -394 -223 0
411 -139 -331 0
-139 -409 -331 0
410 -256 -580 -514 -196 -31 -475 -379 -184 -95 -346 -451 -331 0
418 -346 -184 -301 -451 -135 -448 -331 -509 -363 -95 -514 -226 -574 -234 -406 -394 -223 -580 -31 -379 -390 -356 -463 -316 -307 -494 -521 -502 -400 -187 0
348 -121 -108 -514 -260 -31 -151 -475 -363 -184 -95 0
-346 -509 -363 -234 -95 -514 -135 -31 -316 -331 -379 -451 -184 -151 -529 -494 -307 -223 -394 -406 -419 -301 -448 -226 -574 -580 -390 -356 -463 -521 -502 -400 -187 0
197 -356 -236 481 -514 -234 -406 -331 -394 -477 -223 0
-226 481 -394 -489 -363 -346 -236 -451 -95 -152 -223 -4 -406 -331 -514 -135 -483 -186 -597 -574 -227 0
185 -542 -418 -470 -406 -448 -325 -394 -101 -42 -597 -131 -14 -32 -581 -475 -276 0
202 -325 -406 -446 -186 -418 -470 -448 -4 -394 -101 -42 -597 -131 -14 -32 -581 -475 -276 -108 -417 -411 0
419 -446 -4 -186 -406 -108 0
196 -258 -275 -131 -448 -188 -489 -266 -411 -59 -318 -203 -597 -509 -51 -32 -215 -476 -419 -90 0
-379 -401 -587 -283 -470 -203 -331 -583 348 -514 -121 -108 -184 -363 -95 -597 -394 -223 -198 -131 -448 -411 -51 -32 -215 -419 -581 0
233 -184 -131 -411 -448 -51 -32 -215 -419 -198 -223 -394 -597 -514 -587 -470 -331 -583 348 -121 -108 -283 -363 -95 -581 0
381 196 -131 -448 -188 -489 -266 -411 -275 -258 -203 -597 -509 -51 -32 -215 -476 -419 -90 -4 0
-409 -380 -131 -448 -514 -283 -188 -489 -266 -411 -275 -597 -509 -51 -32 -215 -476 -419 -90 -4 -198 -223 -394 -204 -331 0
395 -402 -289 -327 -51 -583 -448 -283 -152 -581 -108 -446 -419 -406 -384 0
-379 -176 -587 -315 -105 -474 -448 -101 -143 -131 -374 -76 -403 -283 -98 -61 -489 -238 -57 -317 -24 -380 -184 0
-184 -131 -448 -514 -587 -105 -283 -597 -51 -32 -215 -198 -223 -394 -289 -583 -581 -108 -446 -470 -210 -141 -411 -331 -232 348 -121 -363 -95 -86 -462 0
-483 -514 -451 -331 -135 -95 -363 -597 -587 -105 -223 -394 -141 -411 348 -346 -236 0
420 -196 -223 -406 -394 0
-196 -418 -223 -406 -394 0
410 -272 -485 -109 -49 -218 -399 -215 -383 -509 -471 -202 0
203 -485 -109 -11 -242 -269 -522 -389 -574 -227 -363 -95 -417 -234 0
419 -431 -143 -227 -285 -218 -109 -49 -399 -509 -202 -522 -574 -363 -95 -234 -471 -209 -411 -489 -57 -318 -33 -442 -597 -152 -394 -260 -406 -247 -4 -186 -446 0
508 -216 -135 0
256 -318 -49 -489 -597 -291 -574 -141 -363 -95 -411 -234 -509 -135 -143 -227 -285 -152 -394 -260 -406 -4 -186 -446 -580 -514 -476 -123 -90 -223 -59 -266 0
-409 -196 -90 -501 -476 -411 -331 0
486 -40 -400 -14 -125 -272 -35 0
13 -356 -400 -383 -291 -218 0
50 -569 -494 -400 -125 -272 -35 -551 -326 -594 -143 -356 -404 -303 -374 -383 -132 -218 -135 -214 -509 -13 0
55 -272 -390 -425 -49 -494 -400 -125 -444 -35 -551 -326 -594 -143 -356 -404 -303 -374 -383 -132 -218 -135 -214 -509 -13 -489 -240 0
50 -404 -62 -132 -240 -135 -509 -494 -400 -125 -272 -35 -551 -326 -594 -143 -356 -303 -374 -383 -218 -214 -13 0
51 -541 -444 -425 -13 0
-196 -240 -135 -509 -143 -218 -223 -394 -256 -236 -514 -580 -448 -482 -49 -444 -425 -291 -33 -597 -520 -574 -101 -363 -95 -90 -234 -501 -471 -204 -476 -411 -331 -249 -406 0
-184 -379 -489 -285 -509 -597 -223 -394 -411 -406 -4 -186 -90 -135 -236 -514 -448 -482 -49 -425 -291 -574 -101 -363 -95 -234 -331 -257 -141 -227 -152 -123 -143 0
219 -13 -514 -406 -445 -379 -4 -59 -411 -509 -135 -444 -425 -394 -49 0
202 -431 -597 -273 -269 -394 -61 -514 -406 -405 -445 -111 -420 -223 -379 -398 -215 -4 -509 -59 0
198 -126 -444 -227 -425 -234 -545 -463 -78 -502 -111 -489 -238 -42 -61 -253 -518 -209 -597 -540 -4 -123 -379 -514 -445 -470 -406 -383 -394 -475 -223 0
-409 -269 -363 -95 -574 -152 -148 -4 -597 -383 -379 -394 -445 -406 -61 -514 -420 -123 -444 -227 -425 -234 -545 -111 -489 -42 -540 -475 -223 -398 -135 -509 -59 -273 -215 -90 -101 -543 -411 -331 0
396 -198 -420 -406 -223 0
-13 -420 -90 -597 -394 -101 -406 -223 -188 -274 -475 -141 -363 -95 -574 -152 -4 -379 -445 -514 -123 -444 -227 -425 -234 -545 -111 -489 -398 -135 -509 -59 -411 -331 -49 -285 0
-409 -430 -62 -285 -217 -40 -383 -471 -208 -411 -331 0
-215 -355 -486 -111 -16 -11 -143 -269 -375 -377 -285 -504 -182 -62 -594 -137 -404 -303 -398 -132 -509 -135 -214 0
215 -269 -227 -425 -444 -135 -49 0
-196 -486 -111 -215 -11 -143 -269 -375 -377 -285 -182 -62 -594 -398 -509 -135 -383 -217 -471 -40 -411 -331 -101 -123 -90 -198 -223 -406 -394 0
-409 -53 -309 -227 -209 -585 -40 -72 -570 -403 -238 -594 -62 -285 -101 -217 -274 -131 -383 -541 -471 -411 -331 0
63 -218 -509 -135 -234 -363 -95 -574 13 -383 -291 -202 -176 -182 -587 -377 -188 -570 -431 -238 0
-218 -215 -536 -76 -72 -570 -143 -377 -375 -431 -285 -62 -509 -135 -234 -363 -95 -574 13 -383 -291 -202 -176 -182 -587 -188 -238 -217 0
395 -182 -227 -587 -188 -285 -143 -509 -135 -234 -363 -95 -574 13 -291 -141 -101 -274 -411 -331 -123 -90 -111 -398 -223 -406 -394 -425 -444 -49 -489 -152 -4 -186 -445 -514 -379 -597 0
-379 -101 -587 -135 -489 -509 -123 -597 -4 -411 -514 -141 -406 -223 -394 -227 -188 -285 -143 -234 -363 -95 -574 -291 -331 -90 -425 -49 -152 -186 -257 -236 -448 -482 0
-448 -49 -188 -143 -489 -331 -234 -135 -223 -406 -394 -514 -363 -95 -574 -460 -597 -186 -587 -509 -123 -4 -411 -141 -227 -285 -291 -90 -152 -236 -482 -450 0
15 -131 -100 -475 -514 410 -31 -256 -95 -346 -451 -331 -90 -218 0
-215 -430 -188 -587 -234 -90 -223 -406 -394 -509 -135 -291 -49 -13 -100 -475 -514 410 -31 -256 -95 -346 -451 -331 -218 0
61 -13 -514 410 -256 -95 -346 -451 -331 -90 -188 -383 -587 -597 -234 -291 -574 -363 -475 -509 -135 -49 -223 -406 -394 -100 -285 0
219 -13 -363 -95 -135 -234 -223 -406 -394 -203 -123 -509 -514 -470 -291 -49 -383 -574 0
-13 -63 -253 -223 -123 -186 -514 -475 -597 -574 -363 -95 -234 -587 -188 -90 -100 -135 -424 -509 -49 -406 -394 -291 -383 -285 -4 410 -256 -346 -451 -331 0
219 -78 -143 -489 -597 -186 -63 -475 -403 -271 -420 -406 -223 -394 -209 -123 -514 -470 -383 0
-215 -196 -475 -394 -406 -223 -597 -63 -285 -217 -143 -489 -186 -271 -209 -123 -514 -470 -383 -132 -135 -509 0
219 -259 -4 -406 -58 -266 -514 -379 -470 -581 -383 0
215 -63 -406 -186 -514 -475 -4 -285 -217 -470 -383 -256 -152 -597 -465 -574 -203 -363 -95 -424 -509 -135 -49 0
-63 -475 -285 -394 -383 -514 -123 -597 -406 -223 -143 -489 -186 -135 -509 -4 -256 -152 -574 -363 -95 -424 -49 -253 -234 -587 -188 -90 -100 -291 410 -346 -451 -331 0
-218 -219 -405 -475 -514 410 -95 -346 -451 -331 -33 -188 -587 -234 -90 -223 -406 -394 -509 -135 -291 -49 -100 -215 -597 -186 -383 -256 0
32 -269 -574 -78 -363 -95 -489 -152 -240 -60 -148 -4 -14 -383 -285 -409 -62 -217 -411 -331 -432 -406 -123 -90 -394 -581 -223 -196 -597 -514 0
-196 -148 -406 -223 -394 -597 -33 -574 -363 -95 -489 -152 -240 -186 -4 -14 -383 -285 -409 -62 -217 -411 -331 -432 -123 -90 -581 -514 -509 -49 -215 0
218 -131 -227 -409 -62 -285 -383 -411 -331 -152 -4 -186 -33 -597 -223 -406 -394 -514 -432 -100 -123 -90 -574 -363 -95 -489 -240 -509 -49 -215 0
-215 -33 -223 -394 -597 -406 -574 -363 -95 -489 -152 -240 -186 -4 -383 -285 -409 -62 -411 -331 -432 -123 -90 -514 -509 -49 -405 -135 -234 -291 -346 -451 -188 -587 -100 -256 -227 0
-409 -383 -411 -331 -587 -406 -394 -90 -514 -597 -234 -574 -227 -363 -95 -509 -135 -223 -489 -152 -186 -4 -285 -123 -49 -291 -346 -451 -188 -100 -256 -143 -424 0
568 -340 -137 -309 -26 -265 -11 -183 -269 -339 -495 -377 -48 0
570 -70 -106 0
61 -265 -137 -309 -106 -11 -269 -377 -48 -383 -218 -291 13 -587 -176 -274 -541 -105 -465 -444 -486 -98 -598 -78 -16 -143 -375 -404 -285 0
-445 -16 -598 -78 -176 -486 -587 -444 -188 -465 -541 -131 -404 -62 -137 -309 -106 -269 -377 -48 -383 -218 -291 13 -105 -143 -375 -285 -489 -57 -316 -379 -447 0
-218 -217 -383 -291 -363 -95 -234 -202 -4 -256 -379 -582 -186 -598 -78 -176 -587 -444 -188 -465 -541 -131 -404 -62 -137 -309 -106 -269 -377 -48 -105 -143 -285 -489 -57 -316 -447 -272 -14 -574 0
218 -555 -208 -359 -336 -78 -377 -269 -176 -574 -227 -363 -95 -256 -587 -444 -188 -489 -152 -465 -57 -261 -541 -316 -4 -326 -131 -379 -404 -447 -62 -582 -285 0
477 -62 -574 -363 -95 -336 -269 -234 -202 -78 -444 -143 -465 -256 -186 -541 -514 -383 -285 -14 -291 -4 -598 -176 -587 -188 -131 -359 -48 -105 -489 -208 -227 -152 -469 -597 -406 -223 -394 -196 0
15 -59 -241 -359 -336 -574 -363 -95 -78 -202 -269 -106 -143 -266 -31 -318 -256 -514 -597 -223 -444 -469 -394 -465 -383 -285 -541 -218 0
-379 -218 -383 -574 -291 -363 -95 -234 -202 -266 -256 -14 -241 -359 -336 -78 -269 -106 -143 -31 -514 -597 -223 -444 -469 -394 -465 -285 -541 -4 -380 -184 0
379 -275 -106 -176 -587 -188 -472 -541 -465 -444 -269 -489 -55 -62 -363 -95 -87 -574 -31 -514 -597 -186 -477 -446 0
-62 -14 -285 -383 -574 -291 -363 -95 -234 -202 -256 -514 -359 -336 -78 -269 -143 -597 -223 -444 -469 -394 -465 -541 -4 -176 -587 -188 -489 -186 -460 -476 -598 -131 -48 -105 -208 -227 -152 -406 -196 0
477 -32 -394 -420 -406 -223 -597 0
379 -444 -465 -541 -269 -131 -489 -404 -55 -363 -95 -420 -406 -223 -574 -394 -597 0
-215 -196 -90 -188 -541 -256 -489 -363 -95 -406 -223 -574 -394 -597 -514 -186 -476 -285 -383 -291 -234 -202 -359 -336 -143 -469 -4 -176 -587 -460 -598 -105 -208 -227 -152 -424 -49 -135 -509 0
-445 -400 -587 -188 -291 -15 -541 -464 -443 -152 -4 -379 -406 -514 -394 -420 -223 -597 -476 0
542 -356 -400 -130 -100 -540 -291 -15 0
-196 -383 -291 -394 -406 -256 -152 -541 -100 -4 -186 -587 -188 -514 -223 -597 -476 -234 -574 -202 -363 -95 -424 -509 -135 -49 -90 -489 -285 -359 -336 -143 -469 -176 -460 -598 -105 -208 -227 0
-13 -15 -188 -291 -445 -541 -587 -152 -4 -379 -406 -514 -394 -420 -223 -597 -476 -90 -101 -475 -141 -363 -95 -574 -123 -227 -444 -234 -545 -111 -489 -398 -135 -509 -59 -411 -331 -49 -285 0
543 -444 -227 -587 -188 -285 -143 -509 -135 -234 -363 -95 -574 -101 -291 -141 -182 395 -411 -331 -123 -90 -398 -223 -406 -394 -111 -49 -489 -152 -4 -186 -445 -514 -379 -597 -541 -420 -476 -475 -545 -59 0
-445 -379 -587 -188 -285 -143 -509 -135 -234 -363 -95 -574 -101 -291 -141 -411 -331 -123 -90 -223 -406 -394 -49 -489 -152 -4 -186 -514 -227 -597 -541 -476 -475 -431 -256 -418 -447 0
-379 -60 -4 -256 -582 -186 -587 -188 -285 -143 -509 -135 -234 -363 -95 -574 -101 -291 -141 -411 -331 -123 -90 -223 -406 -394 -49 -489 -152 -514 -227 -597 -541 -476 -475 -431 -418 -447 0
-383 -256 -4 -186 -587 -188 -285 -143 -509 -135 -234 -363 -95 -574 -291 -141 -411 -331 -123 -90 -223 -406 -394 -49 -489 -152 -514 -227 -597 -100 -424 -359 -336 -460 -598 -105 -346 -451 0
425 -465 -444 0
-445 -541 -291 -509 -135 -49 -227 -424 -587 -411 -489 -141 -152 -197 -223 -406 -394 -260 -123 -597 -4 -514 -379 -218 -446 0
-198 -580 -514 -256 -123 396 -406 -223 0
-465 -444 -541 -49 -13 -463 0
465 -13 -49 -541 -424 0
-444 -541 -49 -13 -465 -443 0
-541 -379 -49 -424 -285 -256 -218 -514 -470 -331 -223 -406 -394 -123 396 -186 -291 -509 -227 -587 -411 -489 -141 -152 -597 -4 -135 0
-580 -475 -186 -514 -256 -123 396 -406 -223 0
-379 -234 -574 -363 -95 -587 -135 -509 -223 -406 -394 -123 -4 -291 -49 -514 -218 -186 -256 396 -411 -331 -424 -285 -470 -227 -489 -141 -152 -597 0
-514 -587 -363 -95 -597 -223 -394 -141 -331 -135 -411 -336 -105 -346 -451 -236 348 0
-226 -382 -406 -223 -135 -394 -509 -198 -202 -355 -232 -574 -227 -363 -95 0
443 -388 -377 -90 -269 -223 -406 -394 -430 -258 0
-443 -13 -541 -49 -444 0
-13 -401 -4 -394 -406 -379 -135 -445 -509 -580 -232 -574 -269 -227 -363 -95 -90 -541 -49 -444 -597 -451 -346 -331 -31 -223 -587 -141 -188 -411 -14 0
257 -444 -448 -425 0
-13 -444 -4 -394 -406 -379 -135 -445 -509 -580 -232 -574 -269 -227 -363 -95 -90 -541 -49 -289 -597 -451 -346 -331 -31 -223 -587 -141 -188 -411 -14 0
395 -135 -363 -95 -597 -223 -394 -514 -587 -346 -236 -332 -445 -406 0
-135 -587 -597 -514 -379 -445 -406 -383 -420 -223 -394 -363 -95 -410 -236 -133 0
135 -509 -215 0
409 -452 -394 -420 -406 -223 -597 -236 -475 -514 -332 0
-509 -420 -394 -406 -223 -597 -410 -236 -514 -379 -445 -383 -363 -95 -215 0
96 -4 -379 -406 -445 0
-514 -509 -406 -223 -597 -410 -236 -394 -379 -445 -363 -95 -215 -257 -219 0
-420 -377 -355 -574 -252 -363 -95 -415 -389 -440 -269 -257 -316 -4 -580 -379 -445 -485 -406 -273 -223 -394 -198 0
333 -355 -469 -269 -389 -219 -540 -232 -580 -379 -445 -394 -406 -135 -574 -252 -363 -95 -415 -440 -257 -4 -485 -273 -223 -597 -31 -573 -410 0
331 -31 -475 -597 -410 0
-420 -336 -574 -208 -363 -95 -121 -389 -377 -269 -57 -257 -316 -4 -580 -379 -445 -485 -406 -273 -394 -198 -223 0
-4 -574 -389 -219 -540 -379 -445 -394 -406 -269 -363 -95 -257 -485 -273 -223 -597 -573 -410 -42 -291 -236 -215 0
-574 -363 -389 -406 -223 -573 -410 -219 -236 -597 -394 -379 -445 -269 -95 -215 -257 -540 -152 -485 -273 -42 -291 0
574 -95 -379 -406 -597 -445 0
447 -259 -4 -406 -379 0
-95 -379 -406 -445 -152 -389 -223 -573 -410 -219 -236 -597 -394 -269 -215 -257 -540 -485 -273 -42 -291 0
-514 -134 -410 -215 -331 -58 -453 -265 -236 -257 -515 -445 0
409 -587 -331 -394 -420 -406 -223 -597 -453 -378 -475 -182 -400 -265 -415 -58 -203 0
361 -495 -321 -194 -357 -233 -573 -469 -331 -410 -394 -420 -406 -223 -597 -453 -378 -475 -265 -58 -215 -403 -134 -131 -101 -107 -448 -291 -121 -483 -189 0
243 -229 -129 -194 0
133 -429 -331 -473 -454 -121 -107 -31 -309 -378 -341 -58 -265 -522 -242 -129 -194 -594 -403 -101 -215 -131 0
-379 -410 -291 -215 -131 -223 -406 -394 -257 -236 -445 -389 -269 -485 -597 -273 -152 -219 -540 -42 -275 0
576 -227 -488 -389 -347 -269 -95 0
-227 -488 -269 -389 -347 -95 -575 0
-420 -202 -260 -95 -4 -152 -215 -135 -269 -389 -347 -575 -266 -57 -257 -476 -419 -394 -32 -406 -223 -597 0
420 -32 -445 -476 -257 -223 -406 -394 0
-13 -597 -406 -223 -394 -445 -541 -49 -444 0
-514 -363 -236 -95 395 -597 -223 -394 -135 -453 -346 -332 -445 -406 -515 0
-363 -90 -11 -377 -269 -223 -406 -394 -486 -62 -444 -257 -217 -236 -95 395 -597 -135 -453 -346 -332 -445 -515 -361 0
204 -227 -257 -444 -515 -151 -11 -377 -269 -223 -406 -394 -486 -62 -217 -95 395 -597 -135 -453 -346 -332 -445 -361 -49 -500 -509 -59 0
424 -465 -444 0
-509 -11 -377 -269 -223 -406 -394 -62 -444 -257 -95 395 -597 -135 -346 -445 -515 -361 -49 -151 -59 -541 -409 -331 -215 0
477 -409 -541 -269 -257 -444 -49 -215 -135 -223 -406 -394 -95 -597 -445 -331 -4 -379 -420 0
-451 -514 -363 -597 -223 -394 -95 -135 -331 -336 -105 -346 -141 -236 -411 -453 0
-514 -236 -197 -4 -186 -406 -420 -482 -363 -597 -223 -394 -95 -135 -331 -336 -105 -346 -141 -411 -453 0
376 -485 -548 -444 -545 -227 -537 -207 -72 -48 -487 -263 -570 -269 0
434 -455 -315 -306 -505 -105 -145 -341 -552 -308 -159 -43 -241 -578 -412 -330 0
270 -578 -43 -330 -93 -487 -263 0
588 -545 -529 -548 -54 -74 -36 -417 -126 -401 0
396 -336 -359 -306 -105 -315 -444 -505 -552 -159 -330 -227 -188 -378 -269 -56 -232 -518 -203 -217 -597 -538 -4 -20 -509 -580 -379 -63 -257 -215 -445 -403 -121 -223 -406 -394 -271 -420 0
-363 -409 -269 -444 -257 -4 -379 -420 -445 -597 -406 -223 -394 -215 -95 -331 -49 -541 -135 0
123 -514 -186 -406 -420 -4 -197 0
226 -514 -483 -123 -49 -409 -135 -510 -331 0
-514 363 -541 -135 -40 -444 -538 -4 -379 -406 -445 -394 -223 -197 -289 -49 -215 -574 -409 -331 -420 -257 0
447 -327 -403 -283 -583 -420 -406 -223 -217 -394 -153 -580 -379 -4 0
446 -153 -444 -257 -4 -580 -406 -379 0
-409 -215 -406 -223 -394 -379 -4 -444 -269 -135 -257 -420 -597 -445 -541 -49 -331 -95 0
447 -450 -40 -541 -289 -574 -444 -135 -202 -361 -215 -331 -49 -139 -514 -475 -420 -406 -223 -394 -597 -538 -379 -4 0
-363 -336 -444 -486 -111 -106 -398 -202 -420 -269 -135 -215 -49 -514 -95 395 -597 -223 -394 -453 -346 -332 -445 -406 -515 -361 0
134 -116 -182 -377 -404 -510 -132 0
-236 363 -135 -215 -182 -377 -385 -176 -35 -274 -541 -193 -463 -320 -424 -77 -49 -198 -223 -406 -394 -450 -289 -123 -420 -597 409 -475 -514 -332 0
-514 -215 -135 -49 -541 -223 -406 -394 -420 -597 -444 -269 -95 -445 -331 -4 -379 -257 0
-236 -99 -76 -319 -336 -105 -561 -432 -53 -62 -487 -284 -85 -346 -460 -363 -377 -269 -223 -406 -394 -486 -444 -257 -217 -11 -95 395 -597 -135 -453 -332 -445 -515 -361 -235 0
-363 -215 -444 -135 -49 -269 -223 -406 -394 -257 -95 -597 -445 -420 -4 -379 -331 -541 0
-215 -257 -331 -420 -406 -223 -394 -445 -444 -135 -4 -379 -49 -269 -95 -597 -541 0
-257 -4 -379 -444 -597 -269 -135 -49 -95 -420 -331 -406 -223 -394 -445 -541 0
-215 -363 -597 -223 -394 -95 -135 -331 -346 -482 -444 257 -49 -509 -214 0
481 -514 -186 -445 -31 -196 -237 0
203 -100 -77 -484 -10 -316 -379 -130 542 -241 -356 -291 -15 -401 -234 0
483 -204 -394 -420 -223 -445 -379 -4 -60 -406 -77 -484 -10 -316 -130 542 -241 -356 -15 -234 -449 -289 0
-363 -4 -379 -445 -394 -420 -223 -406 -597 -541 -95 -269 -444 -135 -49 -331 0
133 -202 -484 -110 -402 -399 -241 -135 363 -215 0
400 -137 -594 -523 -459 -388 -11 -269 -377 -53 -115 -526 -167 -106 -35 -416 -125 0
-202 -590 -269 -241 -546 -342 -388 -574 -402 -106 -278 -211 -78 -484 -598 -472 -223 -428 -122 -260 -4 -597 -394 -196 -420 -406 -514 -379 -586 -445 -541 -444 -135 -361 -215 -331 -49 -450 -236 -411 -399 -233 -132 -110 363 0
202 -484 -271 -406 -394 -445 -110 -379 -399 -4 -510 -60 0
378 -375 -288 -144 -222 -454 -105 -71 -306 -569 -430 0
45 -594 -25 -531 -137 -296 -158 -92 0
508 -4 -379 -223 -597 -394 -445 -420 -406 -574 -269 -541 -444 -135 -361 -331 -49 363 257 0
-4 -135 -379 -223 -597 -394 -445 -420 -406 -269 -541 -444 -331 -49 -95 0
134 -510 -236 -363 -597 -223 -394 -95 -135 -331 -514 -346 -481 0
-215 -202 -265 -54 -416 -58 -116 -521 -20 -135 -236 -363 -597 -223 -394 -95 -331 -514 -346 -481 -214 0
215 -569 -593 -106 -100 -54 -116 -541 -227 -444 -135 -269 -49 0
-135 -331 -444 -49 -597 -223 -394 -95 -541 -269 -379 -420 -406 -445 0
195 -456 -143 -385 -16 -167 -505 -36 -352 -241 -127 0
424 -287 -374 -505 -143 -314 -221 -104 -194 -385 -16 -167 -36 -241 -127 -201 -561 -472 -63 -427 -405 -274 -132 -388 -541 -444 0
486 -385 -569 13 -291 -106 -126 -417 -167 -143 -574 -241 -127 -201 -285 -472 -63 -427 -405 -274 -132 -541 -450 -444 -426 -374 -314 -104 -388 -208 -99 -77 0
-4 -314 -104 -127 -201 -308 -255 -472 -63 -427 -405 -274 -132 -100 -541 -450 -265 -444 -426 -388 -256 -77 -485 -569 13 -291 -106 -126 -417 -167 -143 -574 -241 -285 -374 -208 -99 -379 -406 447 0
4 -260 -256 -152 -265 -444 -60 0
515 -127 -104 -201 -308 -255 -472 -63 -4 -405 -274 -132 -541 -450 -265 -444 -426 -388 -256 -77 -485 -569 13 -291 -106 -126 -417 -143 -574 -241 -285 -374 -208 -379 -406 447 -177 -188 -431 -487 -90 -346 -452 -528 -237 -123 0
-465 -426 -444 0
235 -4 -472 -104 -132 -541 -444 -426 -388 -256 -77 13 -106 -143 -574 -241 -379 -406 -10 -316 -394 -115 -223 -376 -445 -196 -31 -140 -410 -202 -487 -232 -586 -482 -452 0
446 -4 -445 -31 -196 -237 -482 -232 -202 -430 -410 -376 -140 -394 -420 -406 -223 -597 -403 -583 -152 -217 -379 0
-4 -143 -331 -410 -104 -430 -376 -397 -31 -106 -256 -223 -420 -406 -394 -445 -196 -237 -482 -232 -202 -140 -597 -583 -152 -379 -472 -132 -541 -444 -426 -388 -77 13 -574 -241 -10 -316 -115 -487 -586 -452 0
-509 -363 -406 -223 -394 -444 -95 -331 -445 -597 -379 -541 -269 -420 -49 0
-363 -331 -406 -223 -394 -444 -95 -445 -597 -379 -541 -269 -420 -49 0
396 -54 -505 -402 -588 -429 -449 -256 -104 -140 -241 -410 -99 -144 -77 -217 -284 -444 -376 -153 -31 -379 -406 -4 -514 -445 -262 -403 -89 -271 -223 -420 0
-509 -402 -189 -202 -410 -140 -394 -420 -406 -223 -597 -449 -104 -241 -144 -284 -444 -153 -31 -379 -4 -445 -541 -452 -269 -236 -49 135 0
482 -241 -223 -406 -394 -202 -189 -410 -140 -597 -104 -420 -144 -444 -153 -31 -379 -4 -445 -541 -452 -269 -49 135 0
415 -412 -241 -360 -320 -335 -562 -586 -402 0
18 -356 -493 -574 -320 -383 -77 0
401 -567 -53 -342 -487 -456 -144 -77 -493 -574 -320 -383 -600 -429 -210 -175 -253 -586 -40 0
142 -200 -559 -309 -505 -472 -342 -456 -375 0
-198 -472 -505 -144 -232 -100 -202 -448 -115 -573 -410 -444 -153 -4 -580 -406 -379 -376 -445 -140 -106 -394 -420 -223 -597 -271 -403 -121 -196 0
-509 481 -153 -445 -406 -394 -223 -144 -202 -410 -4 -379 -140 -420 -597 -541 -31 -444 -269 -49 135 0
509 -202 -153 -4 -406 -379 -445 -31 -140 -420 -410 -216 -444 0
-202 -189 -406 -394 -223 -410 -140 -597 -104 -420 -144 -444 -153 -31 -379 -4 -445 -541 -452 -269 -49 135 -483 0
-331 -269 -49 -406 -420 -379 -445 -223 -394 -597 -541 -444 -95 0
596 -379 -445 -394 -406 0
333 -140 -410 0
-215 -134 -509 0
-135 -106 -11 -241 -40 -265 -426 -256 -289 -444 -389 -189 -574 -95 -361 -202 -131 -509 -216 -134 0
258 -518 -241 -104 -158 -335 -513 -40 -471 -567 -559 -253 -99 -327 -54 -210 -430 -115 -122 -377 -515 -397 -183 -581 -265 0
209 -567 -574 -11 -137 -342 -158 -309 -471 -591 -327 -320 -65 -40 -77 -253 -99 0
446 -106 -472 -505 -104 -217 -460 -237 -21 -574 -11 -591 -40 -77 -389 -397 -444 -265 -256 -241 -335 -115 -377 -573 -410 -488 -140 -394 -420 -406 -223 -597 -475 -403 -196 -271 -263 -538 -316 -4 -379 0
570 -588 -454 -472 -104 -505 -429 -221 -177 -548 -339 -545 -47 -494 -159 0
152 -177 -429 -16 -374 -339 -450 -283 -80 -481 -370 -361 0
-514 -25 -138 -593 -159 -297 -104 -505 -454 -472 -200 -429 -169 -389 -228 -189 -361 -151 -16 -374 -339 -450 -283 -370 -568 -221 -548 -545 -47 -494 -140 -410 -452 -209 -237 -123 -516 -186 -445 -31 -196 0
112 -25 -138 -593 -159 -530 -297 0
483 -128 -505 -314 -194 -104 -112 -200 -169 -389 -228 -361 0
-140 -509 -444 -426 -505 -237 -429 -189 -410 -445 -488 -377 -271 -223 -11 -420 -406 -394 -538 -379 -4 -217 -40 -573 -597 -263 -389 -131 -289 -95 -202 -216 0
158 -256 -11 -486 -416 -289 -444 -482 -389 -233 -227 -297 -45 0
-514 -135 -11 -40 -265 -426 -106 -289 -444 -389 -189 -574 -95 -361 -202 -131 -509 -216 -420 -157 -486 -297 -45 -469 -515 -445 0
158 -401 -40 -11 -416 -233 -486 -106 -574 -95 -363 -227 -444 -420 -297 -45 -289 -482 -389 0
-256 -135 -11 -40 -265 -426 -106 -289 -444 -389 -189 -574 -95 -361 -202 -131 -509 -216 -420 -258 0
530 -84 -536 -359 -421 -231 -495 -72 -594 -570 0
531 -297 -157 -113 0
-509 -202 -95 -444 -420 -223 -406 -394 -11 -426 -289 -389 -189 -40 -131 -216 -217 -445 -488 -538 -4 -379 -263 -271 -597 -573 -505 -237 -429 -410 -377 0
-202 -4 -406 -379 -445 -420 -410 -216 -444 -95 -223 -394 -11 -426 -289 -389 -189 -40 -131 -217 -488 -538 -263 -271 -597 -573 -505 -237 -429 -377 0
-509 -253 -591 -210 -31 -223 -445 -394 -406 -379 -4 -58 -444 -389 -131 -420 -361 -134 -508 0
-4 -426 -444 -406 -420 -379 -445 -223 -394 -216 -389 -131 -410 -95 -11 -289 -189 -40 -217 -488 -538 -263 -271 -597 -573 -505 -237 -429 -377 0
-379 -420 -223 -406 -445 -394 -95 -444 -597 -541 -49 0
443 -135 -95 -57 -266 -4 -420 -260 -215 -269 -347 -389 -575 -476 -419 -394 -32 -406 -223 -597 0
-215 -389 -4 -405 -95 -347 -541 -266 -444 -57 -420 -260 -575 -476 -419 -394 -32 -406 -223 -597 -49 -214 0
-135 -202 -485 -241 -444 -256 -266 -90 -347 -95 -575 -77 -139 -509 -134 -216 0
-202 -270 -488 -347 -378 -90 -266 -239 -63 -410 -405 -332 -131 -485 -241 -444 -256 -95 -575 -77 -139 -509 -134 -216 0
215 -139 -488 -347 -378 -90 -266 -239 -63 -405 -332 -485 -241 -444 -256 -95 -575 -541 -49 0
267 -361 -575 -347 -95 -488 -326 -187 -516 -570 -430 -115 -582 -378 -397 -256 -182 0
362 -231 -538 -91 -357 -43 -384 -24 -328 -78 -434 -321 -20 -495 -106 -48 -570 -378 -430 -187 -142 0
-509 -202 -582 -236 -123 -187 -151 -538 -384 -24 -78 -434 -321 -106 -48 -378 -263 -241 -269 -227 -488 -575 -347 -374 -95 -247 -217 -4 -266 -516 -256 -239 -63 -405 -132 -510 -215 0
-202 -378 -269 -266 -488 -347 -4 -95 -405 -227 -132 -135 -582 -236 -123 -187 -151 -538 -384 -24 -78 -434 -321 -106 -48 -263 -241 -575 -374 -247 -217 -516 -256 -239 -63 -510 -215 0
-420 -95 -541 -444 -49 -394 -406 -223 -597 -445 0
481 257 -444 -49 -236 0
267 -564 -520 -59 0
489 -376 -59 -266 -520 -334 -493 -358 -243 -86 -461 -236 -555 -593 -49 -424 -374 -308 -463 -284 -61 -541 -217 -403 -552 -410 -384 -327 -470 -137 -457 -27 -255 -12 -210 -269 -98 0
265 -376 -327 -403 -61 -238 -59 0
377 -546 -548 -45 -74 -159 -329 -434 -53 -20 -570 -117 0
574 -327 -403 -308 -470 -137 -12 -269 -548 -45 -74 -434 -20 -117 -493 -358 -243 -334 -59 -266 -86 -236 -593 -49 -424 -374 -463 -284 -541 -217 -410 -384 -457 -255 -210 -98 -32 -475 -348 -186 -597 -356 -95 -406 -445 0
-215 -32 -475 -597 -403 -308 -470 -12 -548 -243 -266 -86 -236 -593 -49 -424 -374 -463 -284 -541 -217 -384 -210 -186 -95 -406 -445 -40 -402 -388 -233 -397 -362 -202 -321 -509 -78 -216 0
376 -410 -470 -210 -97 -88 -403 -451 -381 -266 -186 -12 -475 -270 -597 -32 0
489 -332 -509 -134 -362 -410 -95 -210 -347 -97 0
-331 -489 -514 -597 -223 -394 -95 -451 -141 -236 -513 -509 -335 -216 -332 0
596 -60 -95 -88 -362 -202 -509 -410 -134 -514 -597 -223 -394 -451 -236 -513 -335 -216 -210 -97 -475 -186 -445 -406 0
595 -494 -308 -210 -97 -88 -451 -410 -270 -275 -475 -376 -381 -445 -32 0
257 -509 -223 -394 -95 -597 -202 -445 -406 -541 -444 -49 0
570 -537 -46 -106 0
333 -347 -444 -541 -406 -95 -49 -445 -597 -202 -223 -394 -509 -410 0
376 -57 -238 -489 -569 -270 0
-347 -410 -509 -489 -444 -49 -406 -95 -541 -445 -597 -331 -202 -223 -394 0
232 -416 -108 -289 -121 -482 0
378 -511 -216 -108 -289 -121 -202 -509 -331 -52 -235 -566 -485 -49 -12 -268 0
51 -410 -308 -469 -141 -265 -331 -216 -509 -115 -52 -109 -274 -566 -485 -541 -12 -444 -268 0
-410 -489 -49 -331 -541 -444 -202 -445 -223 -406 -394 -597 -509 -95 0
410 -331 -509 -216 -202 0
-134 -269 -95 -363 -425 -135 -444 -574 -49 -509 0
276 -522 -435 -359 -243 -330 -336 -574 -493 -43 -458 -529 -546 -75 -548 -220 -105 -306 -432 -572 -188 0
543 -131 -102 -444 -448 0
267 -306 -435 -359 -243 -330 -336 -574 276 -43 -458 -75 -548 -105 -99 -432 -572 -188 -208 -570 -121 -108 -379 -406 447 -59 0
107 -341 -308 -157 -545 -566 -548 -54 -221 -421 -99 -208 -570 -121 0
-306 -76 -99 -548 -336 -458 -54 -421 -59 -570 -416 -379 -406 447 -108 -308 -566 -208 -121 -265 -435 -359 -243 -330 -574 276 -43 -75 -105 -432 -572 -188 0
568 -75 -548 -105 -178 -314 -99 -43 -505 -208 -577 -454 -121 -108 0
-269 -105 -548 -99 -265 -505 -474 -54 -59 -379 -406 447 -108 -208 -121 -330 -85 -336 -416 -308 -566 -243 -574 -432 -572 -274 -541 -102 -444 -448 -216 -95 -425 -135 -49 -509 -389 -377 -12 -270 0
333 -99 -330 -49 -54 -406 -541 -444 -95 -509 -270 -597 -445 -202 -223 -394 -410 0
-135 -227 -289 -121 -482 -202 -108 -509 -134 -216 0
106 -433 -389 -289 -121 -482 -202 -108 -509 -134 -216 -574 -95 -379 -406 447 0
-135 -361 -509 -289 -121 -482 -202 -108 -134 -216 0
568 -416 -232 -202 -410 -140 -54 -475 -115 -31 -432 -305 -104 -314 -429 -505 -474 -454 -71 0
486 -342 -308 -265 -529 570 -397 -109 -77 0
-331 -509 -202 -95 -406 -541 -444 -445 -49 -597 -223 -394 0
-509 -202 -223 -406 -394 -597 -445 -95 -541 -444 -49 0
4 -346 -88 -499 -95 -60 0
-379 -398 -485 -258 -444 -362 -95 -406 447 -445 -88 -60 -411 -333 -597 -394 0
-202 -95 -444 -597 -406 -445 -394 -223 -541 -49 0
361 -153 -516 -258 -121 -444 -482 -582 0
443 -158 -399 -356 -384 -485 -471 -12 -445 -135 215 -444 -227 -49 -258 0
-134 595 -308 -88 -475 -381 -445 -516 -582 -485 -258 -444 -399 -384 -12 -135 -49 -409 -274 -541 -574 -95 -363 -509 0
-257 -57 -117 -445 420 -223 -406 -394 -374 -58 -46 -537 -379 -363 -95 -217 -236 -131 -444 543 0
-379 -509 -49 -445 -223 -406 -394 -95 -541 -444 -597 0
-509 -95 -444 -49 -445 -223 -406 -394 -597 -541 0
363 -152 -406 447 -379 -95 0
-363 -574 -228 -95 -362 0
-379 202 -406 -394 -445 -271 -510 -258 -444 -95 447 -228 -362 -597 0
-363 -275 -474 -572 -455 -176 -158 -493 -108 -46 -376 -403 -325 265 -61 -40 -439 -4 -356 -95 -228 -362 0
-95 -597 -541 -444 -445 -223 -406 -394 -49 0
-509 -187 -274 -394 -420 -406 -223 -597 -475 -90 -541 -198 -107 -444 -49 -134 -508 0
514 -248 -58 -375 -142 -31 -70 -568 -536 -422 -116 -19 -594 -403 -489 -389 -130 -269 -541 -11 -444 -101 -486 -23 -257 -481 -460 -581 -236 0
106 -257 -233 -58 -481 -265 -203 -515 -445 -375 -142 -31 -536 -422 -116 -19 -594 -489 -389 -130 -269 -541 -11 -444 -486 -23 -460 -581 -236 -90 -420 -223 -406 -394 0
483 -257 -265 -58 -445 -203 -236 -233 0
-257 -236 -265 -331 -90 -453 -134 -215 -58 -515 -445 -198 -223 -406 -394 -481 -203 -233 -107 -375 -142 -31 -536 -422 -116 -19 -594 -489 -389 -130 -269 -541 -11 -444 -486 -23 -460 -581 -420 0
133 -422 -116 -541 -394 -406 -223 -597 -389 -444 -134 -215 -445 -481 -203 -233 -142 -49 0
-236 -101 -233 -58 -481 -265 -203 -515 -445 -375 -142 -31 -536 -422 -116 -257 -594 -489 -389 -541 -11 -444 -486 -23 -460 -581 -90 -420 -223 -406 -394 -107 -121 -49 -235 -453 -134 -331 -215 -410 0
361 -597 -444 -49 -445 -223 -406 -394 -541 0
123 -481 -394 -406 -223 -597 -444 -134 -215 -445 -541 -49 -236 0
121 -215 -265 -331 -90 -257 -453 -236 -134 -58 -515 -445 -198 -223 -406 -394 0
-481 -215 -406 -223 -597 -444 -134 -394 -445 -541 -49 -236 0
234 -114 -525 -560 -195 -209 -417 -410 -203 -169 0
204 -222 -549 -366 -98 -250 -209 -562 -410 -58 0
108 -410 -242 -203 -549 -98 -58 -370 -315 -309 -76 -505 -319 -454 -495 -475 -394 -420 -406 -223 -597 -567 -331 -376 -53 -134 -116 -121 -20 0
-410 -577 -274 -541 -469 -331 -536 -319 -76 363 -232 -228 -215 -53 -134 -20 -107 -242 -549 -98 -58 -370 -315 -309 -505 -454 -495 -475 -394 -420 -406 -223 -597 -567 -376 -121 0
-215 -134 -541 -394 -406 -223 -597 -49 -236 -444 -445 0
215 -236 -331 -453 -510 -49 0
482 -424 -444 -257 -516 -445 -406 -394 -420 -223 -121 0
256 -303 -316 -96 -102 -379 -444 -153 -257 -406 -273 -223 -448 -445 -394 -410 -219 -131 -215 -291 -597 -389 -236 -540 -42 -275 -424 -420 0
447 -379 -406 363 -152 0
-597 -464 -406 -444 -445 -257 -223 -394 -410 -131 -215 -236 -275 -121 -134 -14 -596 -541 0
388 -252 -563 -415 -335 -320 -127 -245 -11 -444 -269 0
-409 -58 -444 -215 -134 -236 -121 -445 -406 -223 -394 -257 -410 -541 -331 0
49 -420 -444 -257 -445 -406 -394 -202 -223 -121 -134 -236 -215 0
-426 -78 -473 -456 -177 -99 -107 -487 -56 -376 -239 -181 -61 -403 -151 -276 -130 -444 -541 -425 0
485 -78 -487 -99 -111 -335 0
-443 -485 -272 -541 -49 -444 0
542 -70 -473 -456 -79 -177 -568 -376 -181 -403 -276 -130 0
405 -431 -376 -326 -181 0
-420 -239 -215 -134 -541 -90 -208 -469 -236 -121 -257 -266 -445 -406 -223 -139 -394 -331 -444 -202 0
420 -541 -134 -406 -215 -223 -394 -236 -444 -445 0
397 -486 -335 -493 -512 -242 -520 -358 -267 -111 0
13 -269 -389 -444 -11 -137 -398 -335 -493 -512 -242 -520 -358 -267 -111 -355 -400 -291 -272 0
488 -551 -44 -422 -116 -107 -21 -358 -335 -389 -376 -573 -76 -11 -276 -541 -538 -272 -49 -444 -137 -398 -493 -242 -520 -267 -111 -355 -400 -291 -328 0
10 -54 -116 -376 -567 -270 0
-443 -27 -137 -355 -398 -400 -111 -291 -272 -541 -49 -444 0
13 -525 -313 -104 -200 -311 -459 -319 -127 -194 -242 -520 -267 -398 -137 -27 -355 -400 -291 0
-13 -425 -541 -444 -49 -15 0
525 -590 -444 -49 -309 -270 -561 -389 -200 0
214 -376 -116 -267 -398 -444 -49 -309 -541 -272 -245 -11 -567 -276 -538 -333 -410 -203 -171 -576 -348 -4 -96 -362 -462 -236 -121 -257 -515 -445 -33 -477 -420 -223 -406 -394 -134 0
-443 -78 -96 -348 -335 -362 -410 -121 -236 -541 -515 -581 -425 -257 -272 -49 -444 0
378 -104 -410 -267 -398 -203 -171 -420 -19 -198 -121 -257 -515 -445 -462 -236 -452 -348 -96 -14 -576 -272 -78 -226 -485 -245 -389 -11 -269 0
484 -331 -134 -541 -236 -121 -257 -445 -406 -223 -394 -215 -444 -60 -410 -267 -520 -234 -242 -226 -389 -269 -111 -78 -11 0
-409 -331 -215 -134 -236 -121 -445 -406 -223 -394 -257 -410 -541 -444 0
-376 -121 -134 -236 -215 -445 -406 -223 -394 -257 -410 -541 -444 -49 0
-121 -257 -223 -406 -394 -134 -236 -215 -445 -410 -541 -444 -49 0
-376 -485 -62 -404 -594 -116 -551 -335 -573 -11 -276 -541 -538 -272 -49 -444 -137 -398 -267 -111 -328 -106 -417 -60 -499 -89 -576 -234 -78 -348 -226 -304 -489 -269 -377 0
-485 -489 -328 -567 -11 -19 -269 -116 -62 -404 -594 -551 -335 -573 -276 -541 -538 -272 -49 -444 -137 -398 -267 -111 -106 -417 -60 -499 -89 -576 -234 -78 -348 -226 -304 -377 0
-257 -49 -541 -444 -134 -236 -215 -223 -406 -394 -445 -410 0
-49 -541 -215 -134 -444 -236 -223 -406 -394 -445 -410 0
-121 -257 -445 -406 -394 -223 -444 -134 -236 -215 -410 -541 0
411 -217 -13 -384 -541 -470 0
-4 96 -60 -186 -267 -406 -445 0
4 -267 -445 -60 0
-269 -4 -135 -420 -215 -389 -575 -419 -394 -32 -406 -223 447 363 -444 -268 0
265 -513 -435 -360 -86 -488 -331 -241 -462 -346 -597 -522 -186 -445 0
543 -66 -255 -591 -42 -463 -13 0
567 -463 -24 -472 -13 -541 -86 -400 -357 -552 -495 -48 -106 -19 -116 -453 -377 -331 -32 -139 -410 -4 -597 -308 -477 -381 -445 -394 -406 -186 -267 -435 -360 -488 -241 -462 -346 -522 0
-379 -318 -597 -381 -445 -394 -406 0
-318 -597 -381 -445 -394 -406 0
442 -24 -472 -13 -541 -86 -400 -357 -552 -495 -48 -106 -19 -116 -453 -377 -331 -32 -139 -410 -4 -597 -308 -477 -381 -445 -394 -406 -186 -267 567 -360 -488 -241 -462 -346 -522 -389 0
-257 -541 -444 -406 -410 -445 -394 -215 -223 -134 -236 0
-597 -4 -541 442 -48 -19 -116 -453 -331 -410 -13 -381 -445 -394 -406 -267 -462 -135 -420 -215 -419 -223 -444 -268 -226 -362 -516 -581 -203 -595 0
-267 -226 -362 -445 -406 -453 -394 -331 -541 442 -48 -19 -116 -410 -13 -462 -135 -420 -215 -419 -223 -444 -268 -516 -581 -203 -266 0
-381 -488 -106 -97 -19 -336 -495 -183 -116 -331 -410 -377 -13 -541 -420 -406 -223 -516 -394 -228 -362 -581 -445 -379 -597 0
390 -4 -196 -223 -483 -410 -394 -226 -135 -203 -516 -406 -362 -60 -445 -97 -106 -19 -336 -495 -183 -116 -331 -13 -541 -420 -581 -379 -597 -268 0
-4 -379 -226 -388 -196 -223 -483 -410 -394 -135 -203 -516 -406 -60 -445 -97 -106 -19 -336 -495 -183 -116 -331 -13 -541 -420 -581 -362 -597 -268 0
-95 -475 -597 -445 -394 -406 -268 -420 -223 -388 -574 -362 -346 -94 0
-379 -346 -516 -223 -106 -445 -394 -406 -597 -268 -420 -388 -362 -196 -226 -483 -410 -135 -203 -60 -97 -19 -336 -495 -183 -116 -331 -13 -541 -581 0
-346 -597 -183 -135 -420 -215 -419 -394 -406 -223 -444 -268 -388 -336 -195 -399 133 -110 -484 -362 -203 -516 -410 -581 -48 -462 -445 -11 -186 -483 -60 -97 -495 -116 -13 -541 0
-597 -268 -495 -60 -406 -394 -420 -223 -445 -186 -183 -135 -215 -419 -444 -388 -336 -195 -399 133 -110 -484 -362 -203 -516 -410 -581 -48 -462 -11 -483 -97 -116 -13 -541 0
-541 -445 -406 -394 -223 -215 -444 -410 -134 -236 0
59 -226 -268 -362 -487 -597 -445 -394 -406 -475 -420 -223 -574 -346 -95 -444 -90 -256 -501 -265 0
-381 -95 -597 -445 -394 -406 -420 -223 -268 -444 -58 -501 -134 -215 -379 0
-95 -268 -223 -406 -394 -215 -236 -445 -134 -410 -444 -379 -597 -420 0
-60 -245 -335 -415 -11 -444 -495 -309 -232 -357 -228 -567 -272 -268 -13 -51 -463 -258 -420 -198 -137 -90 -398 -501 -445 4 -58 0
-268 -379 -420 -223 -406 -394 -445 -444 -236 -215 -134 -410 -597 0
-4 -109 -258 -444 -406 -394 -445 202 -95 -510 -379 -362 -597 -10 -5 0
59 -95 -406 -223 -394 -420 -444 -445 202 -510 -379 -362 -597 -10 -398 -501 0
-4 -257 -487 -223 -406 -394 -444 -236 -134 -215 -331 -410 -445 -10 -379 -316 -95 -6 0
-95 -379 -236 -215 -394 -134 -406 -223 -444 -410 -445 -420 -597 0
-379 -420 -444 -236 -445 -394 -406 -215 -134 -223 -410 -597 0
-420 -597 -223 -406 -394 -134 -215 -444 -236 -445 -410 0
-379 -49 -13 -384 -475 -471 -258 -444 -406 -394 -445 202 -95 -510 -362 -597 -116 -398 -21 -108 447 -228 0
269 -402 -415 -176 -429 -474 -455 -108 -189 -21 -431 -116 -566 -376 -12 0
-597 -445 -444 -410 -236 -223 -406 -394 -134 -215 0
94 -33 -477 -223 -406 -394 -215 -130 -134 -188 -576 -348 0
475 -409 -134 -223 -406 -394 -215 0
377 -159 -493 -309 -559 -239 -61 -403 -181 0
-445 -236 -134 -215 -223 -406 -394 -444 -410 0
270 -389 -406 -394 -477 -258 -57 -444 -488 -223 0
-196 -357 -13 -539 -219 -434 -383 -389 -522 -470 -444 -267 -134 -223 -406 -394 -215 -477 -258 -198 0
-135 -383 -60 -444 -267 -258 -420 -13 -539 -219 363 -470 -134 -223 -406 -394 -215 -477 -198 -378 -268 -57 -488 -574 0
214 -258 -444 -410 -203 -268 -406 -394 -477 -13 -57 -488 -223 -60 -267 -420 0
-198 -258 -60 -444 -267 -394 -420 -13 -539 -219 363 -470 -134 -223 -406 -215 -477 -135 -378 -268 -57 -488 -574 0
515 -13 -276 -410 -331 -488 363 -60 -267 -223 -89 -406 -394 -444 -420 -539 -134 -215 -477 -268 -57 -574 -452 -236 -12 -31 0
-13 -261 -394 -406 -223 -134 -444 -215 -477 -236 -31 -276 -410 -331 -488 363 -60 -267 -89 -420 -539 -268 -57 -574 -452 -12 0
216 -289 363 -514 -236 -134 -223 -406 -394 -215 -217 -477 -580 -57 -574 -444 -488 -268 -49 0
380 -268 -444 -394 -420 -406 -223 -215 -236 -134 -410 -95 -597 -4 0
-574 -487 -19 -238 -330 -55 -106 -318 -268 -597 -495 -388 -576 -95 -363 -362 0
-363 -126 -268 -11 -35 -318 -241 -597 -59 267 -19 -238 -330 -55 -106 -495 -388 -95 -362 -223 -394 -453 -234 -406 -347 -483 -226 0
475 -13 -394 -597 -318 -268 -347 -95 -215 -59 -406 -461 -514 -236 -580 -223 -444 -266 -134 0
-13 -347 -444 -410 -260 -95 -236 -406 -597 -394 -420 -223 -476 -318 -268 -215 -59 -461 -266 -134 0
96 -266 -444 -59 -134 -223 -406 -394 -215 -514 -580 -186 -271 -420 -347 0
-409 -453 -236 -514 -410 -597 -394 -420 -406 -223 -476 -134 -215 0
516 -258 -406 -394 -223 -483 -580 -514 -236 0
-268 -4 -444 -134 -236 -223 -406 -394 -420 -597 -410 -95 -215 0
96 -49 -444 -134 -223 -406 -394 -215 -514 -580 -420 -184 -379 -4 0
-418 -238 -569 -63 -431 -122 -89 -420 -223 -406 -394 0
-258 -475 -444 363 -410 -574 -394 -267 -134 -223 -236 -215 -420 -406 -376 -597 -4 -487 -346 -49 0
332 -475 -184 -33 -346 -597 -451 0
-475 -267 -4 -410 -346 -597 -134 -215 -223 -406 -394 -236 -444 363 -574 -420 -376 -487 -49 0
-258 -357 -400 -290 -469 -580 -541 -49 -444 -514 -256 -406 -394 -223 -483 -236 0
15 -196 -223 -394 -62 -130 -383 -284 -541 -218 0
475 -49 -394 -514 -580 -223 -444 -406 -236 -574 363 -134 -215 0
-4 -420 -394 -406 -223 -597 -236 -410 -134 -215 -444 -95 0
-475 -110 -71 -48 -569 -58 -203 -416 -241 -576 -95 -363 -362 -52 -597 -398 -379 -266 -477 -514 -580 396 -123 -256 -406 -223 0
430 -568 -238 -378 -63 0
410 -499 -430 -276 -88 -543 -187 0
58 -13 -238 -63 -418 -122 -420 -223 -406 -394 -102 -422 -231 -358 -134 -487 -84 -215 -495 -485 -357 -539 -543 -49 -444 -378 -425 -470 -276 -187 -195 0
-541 -54 -422 -406 -394 -258 -477 -57 -444 -389 -223 -536 -268 -539 -49 -13 -425 0
327 -536 -422 -539 -406 -394 -258 -477 -57 -444 -389 -223 -13 -49 -215 -134 -425 -378 -430 -403 0
-13 -600 -276 -543 -470 -422 -539 -406 -394 -258 -477 -57 -444 -223 -49 -215 -134 -378 -142 -148 -284 -63 -238 -59 -418 -122 -420 -102 -231 -358 -487 -84 -495 -357 -187 -195 0
411 -269 -406 -394 -258 -477 -57 -444 -389 -223 -378 -52 -422 -537 -148 -70 -284 -568 -63 -238 -59 -470 -203 0
-418 -49 -394 -258 -477 -57 -444 -223 -378 -63 -238 -470 -12 -539 -276 -406 -215 -134 -142 -122 -420 -358 -487 -187 -226 -574 -151 -94 -267 -481 0
-49 -477 -363 -597 -475 -514 -580 -406 -223 -444 -134 -394 -215 -420 -267 -258 0
256 -424 -449 -444 0
-477 -420 -363 -597 -514 -580 -406 -223 -394 -475 -267 -258 -444 -134 -215 0
-420 -267 -580 -258 -514 -394 -406 -223 -597 -363 -475 -444 -134 -215 0
-267 -597 -514 -580 -406 -223 -258 -475 -444 -363 -394 -134 -215 0
-541 -13 -342 -559 -567 -209 -11 -411 -485 -272 -49 -444 -309 -425 0
541 -487 -495 -49 -570 -215 -377 -134 -430 -331 -187 -411 -275 0
-420 -49 -215 -134 -342 -444 -187 -275 -481 -226 -60 -223 -406 -394 -6 -258 -94 -318 -580 -597 -514 477 0
420 -109 -258 -444 -6 -60 -141 -57 -318 -597 -522 -223 -347 -363 -394 -134 -406 -215 0
409 -567 -116 -487 -377 -342 -347 -430 -309 -452 -88 -559 -331 -500 -209 -141 0
-597 -363 -223 -406 -394 -258 -580 -514 -215 -134 -444 -475 0
486 -512 -193 -567 -109 -10 0
133 -519 -53 -564 -415 -109 -355 -335 -193 -383 -319 -18 -76 -215 -131 0
-541 -569 -82 -355 -493 -383 -358 -471 -107 -514 -406 -394 -223 -258 -580 -121 -481 -232 -226 -215 -134 -53 -564 -415 -109 -335 -193 -319 -18 -76 -539 -15 -444 -49 -425 -543 0
377 -284 -383 -471 -585 -403 -226 -134 -215 -187 -49 -276 -15 -82 -355 -493 -358 -107 -514 -406 -394 -223 -258 -580 -121 -481 -232 -53 -564 -415 -109 -335 -193 -319 -18 -76 -539 -444 -425 -543 0
411 -49 -486 -358 -493 -520 -242 -512 -193 -319 -107 -514 -406 -394 -223 -258 -580 -121 -481 -226 -389 -53 -269 -376 -383 -585 -403 -134 -215 -187 -267 -276 -15 -82 -355 -564 -109 -76 -539 -444 -425 -142 -375 -248 -59 -333 -140 0
516 -470 -383 -580 -217 0
123 -569 -193 -411 -319 -541 -493 -444 256 -203 -481 -107 0
122 13 -567 -193 -520 -444 -389 -512 -398 -242 -269 -493 -267 -355 -358 -272 -109 -519 -132 -403 -61 -240 -59 -333 -383 -203 -411 -580 -448 -233 -514 -481 0
-541 -132 -203 -444 256 -240 -481 -319 -493 -107 -121 -567 -520 -512 -398 -242 -269 -267 -355 -358 -272 -411 -403 -61 -333 -383 -580 -233 -514 -539 -15 -49 0
135 -411 -514 -383 -61 -187 -403 -580 -276 -15 -203 -444 256 -240 -481 -319 -493 -107 -121 -567 -520 -512 -398 -242 -269 -267 -355 -358 -272 -333 -539 -49 -585 -226 0
-49 -309 -383 -580 -514 -61 -554 -121 -240 -493 -444 256 -481 -107 -333 -215 -134 -187 -403 -276 -567 -520 -512 -242 -269 -267 -355 -358 -272 -539 -585 -226 -486 -406 -394 -223 -258 -53 -376 -142 -248 -140 0
-363 -258 -215 -580 -514 -444 -406 -394 -223 -134 -475 0
384 -403 -275 -184 -32 -475 -394 -406 -223 -325 -189 -228 -131 -134 -215 -195 -109 -485 -273 -356 0
-13 -275 -379 -58 -96 -406 -394 -382 -184 -32 -475 -223 -325 -189 -228 -131 -134 -215 -415 -402 -258 -153 -290 -49 -541 -444 -14 0
257 -464 -49 -215 -444 -420 0
266 -357 -415 -402 -333 -141 -189 -96 -475 -275 -5 -184 -58 0
-541 -32 -394 -406 -223 -475 -379 -184 -415 -402 -333 -141 -189 -96 -58 -153 -444 -258 -49 -215 -382 -219 -325 -228 -134 -290 -543 0
477 -420 -184 -394 -32 -406 -223 -379 0
384 -284 -144 -219 -13 -290 -402 -96 -58 -449 -258 -189 -379 -274 -333 -184 -141 -475 -394 -32 -406 -223 0
186 -431 -88 -189 -346 -274 0
482 -58 -475 -134 -215 -223 -406 -394 -410 -444 -258 -333 -141 -415 -49 -543 -580 -471 -514 -232 0
-541 -348 -96 -5 -452 -58 -235 -267 -49 -13 -444 -258 0
257 481 -580 -444 -49 -514 0
-267 -13 -258 -223 -406 -394 -403 -134 -215 -514 -49 -189 -235 -96 -58 443 -444 -333 -141 -475 -379 -184 -265 0
188 -549 -546 -370 -452 -76 -158 -347 -97 -495 -487 -570 -270 -116 -377 -430 0
348 -377 -258 443 -223 -406 -394 -430 -270 -487 0
-269 -107 -415 -570 -495 -242 -158 -136 -517 -471 -302 -327 -21 -101 -430 -116 443 -258 -377 -223 -406 -394 -11 -270 0
-13 -410 -223 -406 -394 -134 -215 -444 -49 -580 -514 -409 -258 -475 0
266 -217 -283 -580 -514 -271 -235 -418 -394 -406 -333 -96 -141 -475 -58 0
-410 -409 -223 -406 -394 -49 -580 -514 -475 -134 -215 -444 -258 0
331 -107 443 -258 -223 -406 -394 -240 -189 -403 -276 -49 -444 -13 -272 -567 -242 -487 -521 -228 -56 -575 -317 -32 -596 -140 -134 0
60 -596 -13 -49 -215 -360 -134 -332 -258 -223 -406 -394 -189 -276 -444 -228 -56 -317 -32 -140 -267 -197 -153 -348 -96 -5 0
331 -419 -406 -394 -215 -596 -134 0
476 -13 -49 -228 -215 -134 -332 -406 -394 -444 -258 -58 -360 -223 -189 -140 -153 -348 -96 -379 -184 0
477 -348 -406 -223 -514 -258 -580 -483 -215 -134 -394 -332 -140 0
257 -253 -40 -209 -519 -122 -130 -197 -398 -101 -420 -267 -444 -425 0
-331 -420 -271 -223 -284 -394 -122 -144 -406 -58 -483 -444 -267 -424 -258 -40 -209 -519 -197 -398 -425 -56 -317 -132 -596 -134 -409 -332 0
331 -348 -144 -96 -5 -236 -465 -58 -209 -483 -271 -223 -56 -444 -267 -122 -394 -317 -215 -258 -406 -596 -140 -134 0
-348 -58 -134 -223 -394 -406 -215 -444 -258 -409 -580 -514 -49 -475 0
477 -332 -406 -394 -223 -258 -580 -483 -49 -215 -134 -514 -140 0
333 410 -499 -276 -238 -417 -107 -444 256 -514 -32 -406 -394 -223 -258 -580 363 -202 -596 -451 -134 0
-409 -49 -258 -223 -406 -394 -444 -134 -514 -580 -215 -475 0
595 -122 -335 -420 -223 -406 -394 -422 -134 -215 -539 -49 -444 -425 -276 -14 -290 -400 -417 -130 -208 -541 -60 -449 -267 -258 -469 -580 -514 -483 -236 -56 -575 -317 -32 0
-135 -267 -541 -444 -411 -258 -420 -348 -197 -223 -56 -394 -317 -596 -335 -406 -134 -215 -539 -49 -276 -208 -469 -580 -514 -32 363 -202 0
-597 -88 -189 -276 -335 -420 -223 -406 -394 -134 -215 -539 -49 -444 -417 -208 -541 -60 -267 -258 -469 -580 -514 -483 -56 -317 -32 -228 256 -234 -452 -383 -348 -107 -410 -121 -596 0
515 -376 -432 -569 -326 -107 -469 -121 0
332 -420 -49 -580 -406 -394 -223 -258 -514 -444 -134 -215 -475 0
-420 -49 -394 -223 -258 -580 -514 -406 -215 -475 -134 -444 0
-49 -258 -444 -475 -134 -406 -215 -223 -394 -580 -514 0
-256 -219 -539 -357 -276 -495 -475 -514 -580 -31 -394 -406 -223 -597 -134 -215 -444 -236 -378 -197 -522 -267 -258 0
-597 -32 -406 -223 -444 -267 -475 -514 -580 -134 -215 -258 -394 0
-32 -267 -444 -258 -223 -394 -406 -475 -514 -580 -134 -215 0
-267 -258 -580 -514 -475 -444 -223 -394 -406 -134 -215 0
542 -487 -116 -567 -268 -377 -11 -183 -485 -403 -272 -130 -13 0
-258 -134 -406 -394 -514 -580 -215 -223 -444 -475 0
-13 -181 -579 -493 -376 -309 -107 -403 -226 -61 -234 -285 -209 -203 -218 -410 -331 -276 -14 -49 -443 -444 0
-541 -542 -410 -111 -78 -335 -487 -209 -49 -272 -443 -444 0
-443 -180 -473 -309 -142 -226 -61 -98 -234 -285 -209 -203 -267 -272 -218 -410 -331 -276 -579 -493 -376 -107 -403 -14 -49 -444 -111 -78 -335 -487 -425 0
15 -512 -78 -335 -567 -142 -10 -485 -383 -285 -272 -218 0
-236 -226 -240 -264 -267 -248 -242 -111 -78 -398 -335 -383 -539 -272 -218 516 -580 -567 -10 -473 -309 -61 -209 -203 -410 -331 -276 -376 -107 -403 -444 -489 -576 -348 -96 -362 -462 -51 -482 -514 0
-485 -181 -456 -335 -314 -13 -78 -567 -10 -383 -272 -218 -104 -489 -305 -576 -348 -96 -61 -362 -403 -226 -107 -388 -376 -268 -484 0
269 -388 -576 -348 -226 -489 -96 0
442 -335 -242 -489 -576 -348 -96 -362 -267 -226 -567 -456 -314 -13 -78 -10 -383 -272 -218 -104 -305 -61 -403 -107 -376 -268 0
404 -588 -355 -482 -226 -383 -362 -218 -78 -335 -567 -512 -10 -485 -272 -13 -541 -431 -130 -61 0
488 -410 -203 -267 -541 -240 -130 -61 -403 -482 -226 -383 -362 -218 -78 -335 -567 -10 -485 -272 -13 -576 -452 -96 -376 -348 -268 0
133 -576 -362 -96 -348 -489 -203 -267 -240 -61 -403 -482 -383 -218 -567 -10 -272 -376 -444 -242 -107 -462 -264 -248 -111 -398 -539 516 -580 -473 -309 -209 -276 -514 -333 -215 0
486 -335 -512 -567 -76 -10 0
321 -183 -267 -376 -520 -568 -242 -493 -194 0
484 -53 -309 -116 -376 -209 -98 -493 -76 -267 -520 -242 -240 -61 -403 -132 -49 -444 -13 -272 -111 0
227 -485 -444 -13 -272 -49 -539 -276 -383 516 -580 -398 -140 -10 -567 -333 -76 -309 -116 -376 -209 -267 -242 -240 -61 -403 -132 -111 -489 -348 -96 -576 0
226 -13 -33 -223 -406 -394 -215 -477 -134 -576 -348 -276 -444 -49 -450 -514 -123 -96 -482 0
-13 -383 -140 -309 516 -580 -333 -209 -61 -489 -403 -348 -276 -132 -96 -49 -444 -76 -576 -272 -539 -10 -567 -376 -267 -242 -240 -111 -228 -223 -406 -394 -215 -477 -134 -450 -514 -482 0
321 -44 -137 -93 -398 -264 -267 -207 -520 -34 -242 -493 -194 0
227 -194 -267 -376 -61 -242 -309 -403 -137 -567 -398 -111 -444 13 -389 -355 -272 -362 -482 -203 -410 -209 -76 -319 -93 -264 -207 -34 -489 -348 -96 -576 0
226 -132 -403 -88 -61 -348 -450 -285 -96 -482 -576 -362 0
484 -376 -267 -61 -242 -309 -403 -137 -567 -398 -111 -444 13 -355 -272 -362 -482 -203 -410 -209 -76 227 -93 -264 -207 -489 -348 -96 -576 0
-32 -134 -580 -223 -406 -394 -215 -444 -514 -475 0
234 -250 -568 -422 -70 -309 -567 -561 -594 -357 -415 -11 -209 -409 -334 -131 -275 -444 -272 -331 -102 -188 -152 -373 -451 -450 -362 -285 -514 -123 -482 0
63 -403 -362 -134 -228 -309 -567 -594 -357 -11 -275 -444 -272 -331 -152 -451 -514 -123 -107 -88 -420 -377 -563 -203 -198 -181 -58 -450 -238 0
10 -270 -487 -116 -376 -567 0
-376 -482 -228 -362 -275 -203 -331 -58 -238 -495 -357 -11 -487 -116 -567 -138 -471 -88 -403 -430 -181 -377 0
56 -318 -185 -596 -475 -447 0
568 -107 -423 -47 0
12 -218 -514 -283 -4 -61 -58 -568 -376 -95 -509 -134 -49 -444 -363 -574 -135 -57 -485 -185 -596 -475 -447 0
-49 -514 -267 481 -444 -596 -135 -227 -10 -4 -61 -58 -376 -134 -363 -574 -57 -485 -185 -475 -423 -13 0
49 -485 -13 -272 -444 -543 -390 -10 -270 0
447 -58 -4 -267 -185 0
139 -514 481 -444 -596 -135 -227 -10 -4 -61 -58 -376 -49 -363 -574 -57 -485 -185 -267 -423 -13 -333 0
-514 -49 -210 -13 -401 -452 -409 -141 481 -444 -596 -135 -227 -10 -4 -61 -58 -376 -363 -574 -57 -485 -185 -267 -423 -333 0
14 -383 -401 -356 -289 -219 0
50 -333 -452 -235 -509 0
-485 -471 -356 -13 -401 -210 -452 -409 -141 481 -444 -596 -135 -227 -10 -4 -61 -58 -376 -363 -574 -57 -185 -267 -423 -333 -272 -543 -390 -270 0
580 -327 -403 -61 -376 265 -57 -318 -283 -218 0
-409 -61 -356 481 -444 -403 -401 -376 -57 -267 -13 -270 -390 -10 -452 -596 -135 -227 -4 -363 -574 -185 -423 -272 -203 -410 0
-49 -541 -270 -13 -390 -444 -51 0
-61 -89 -403 -444 -13 -272 -390 -10 -270 -57 -376 -596 -410 -135 -203 -356 481 -401 -267 -452 -227 -4 -363 -574 -185 -423 0
-333 -514 -185 -509 -410 -121 -31 -401 -406 -289 -444 -235 -13 -49 -452 0
-541 -49 -444 -13 -270 -390 0
-49 -401 -356 -289 -13 -4 -267 -185 -509 -410 -121 -31 -406 -444 -235 -452 -203 -270 -390 0
481 -487 -135 -410 -13 -272 -444 -390 -10 -376 -267 -403 -227 -363 -423 -567 -576 -348 -96 -234 0
134 -223 -596 -406 -185 -57 -394 -317 -403 -333 -130 0
-106 -70 -568 -107 0
442 -406 -423 -123 -210 -99 -509 -596 -185 -57 -403 -333 -130 -54 -567 -272 -10 -485 -152 0
445 -380 -185 0
-58 -382 -130 -89 -403 -61 -475 -185 -267 -596 -399 -396 -109 -101 -419 -257 -218 -406 -514 -318 -57 -4 0
402 -514 -117 -423 -19 -570 -47 -194 -183 -267 -204 -130 -89 -403 -61 -475 -185 -596 -399 -396 -109 -101 -419 -257 -218 -406 -54 -318 -57 -4 -356 0
-58 -59 -101 -130 -403 -419 -61 -406 -396 -57 -185 -596 -318 -475 -89 -267 -399 -109 -257 -218 -514 -4 0
-568 -106 -117 -423 -19 -54 -570 0
-447 -416 -567 -513 -54 -194 -587 -175 -337 -47 -117 -423 -19 -570 -125 -34 -419 -263 -218 -406 -514 -185 -318 -57 -596 -475 0
-514 -194 -34 -41 -253 -47 -57 -210 -117 -423 -19 -54 -570 -318 -419 -123 -406 -4 -257 -185 -567 -513 -175 -263 -218 -596 -475 -183 -267 -101 -130 -403 -61 -396 -89 -399 -109 -204 -234 -400 -356 0
-134 -57 -185 -596 -318 -406 -4 -117 -423 -54 -570 -61 -123 -33 -34 -41 -210 -257 -567 -513 -263 -218 -183 -267 -101 -130 -403 -396 -89 -399 -109 -204 -234 -400 -356 -319 -409 -76 -135 -509 0
575 -141 -185 -61 -267 -403 -333 -423 -123 -210 -567 -204 -234 -409 -135 -291 -272 -13 -485 -450 -376 -49 -10 -390 -444 -487 -363 -348 -96 0
-475 -514 -267 -88 -508 -420 -49 -13 -444 -272 -5 -485 -501 -135 -381 -185 -10 -333 -318 -141 -57 -447 -596 -477 0
475 -420 -10 -567 -358 -520 -485 -267 -493 -508 -403 -135 -376 -61 -409 -57 -33 0
-420 -33 -267 -88 -508 -49 -13 -444 -272 -5 -485 -501 -135 -381 -185 -10 -333 -318 -141 -57 -447 -596 -477 -567 -358 -520 -493 -403 -376 -61 -409 0
-596 -57 -485 -444 -10 -184 -407 -267 -88 -508 -49 -13 -272 -5 -501 -135 -185 -333 -141 -567 -358 -520 -493 -403 -376 -61 -409 -595 0
-57 -141 -13 -49 -390 -403 -487 -61 -444 -135 -333 -485 -10 -184 -407 -267 -88 -508 -272 -5 -501 -185 -567 -358 -520 -493 -376 -409 -595 0
418 -580 -272 -10 -142 -567 -512 -335 -485 -285 -13 -49 -396 -214 -135 -269 -444 -227 -450 -130 -403 -88 -197 0
-580 -60 -142 -567 -512 -335 -485 -285 -272 -396 -267 -13 -10 -49 -204 -134 -420 -135 -269 -444 -227 -450 -403 -88 -197 0
12 -269 -390 -485 -444 0
-475 -223 -272 -49 -13 -406 -580 -444 -514 -420 -10 -142 -567 -512 -485 -285 -396 -135 -269 -227 -450 -403 -88 -333 -141 -477 0
-409 -485 -272 -444 -390 -135 -376 -49 -13 -10 -567 -285 -227 -450 -403 -487 -61 -267 -185 -363 -348 -96 -576 -423 -123 -234 -291 -410 0
55 -331 -410 -595 -477 -317 0
409 -185 -410 -576 -444 -96 -348 -237 -567 -272 -487 -376 -49 -10 -13 -135 -227 -390 0
-215 -406 -238 -403 -197 -134 -445 -61 -444 -410 -272 -348 -13 -96 -49 -363 -204 -214 0
266 -399 -110 -256 0
-406 -197 -130 -61 -403 -376 -445 -185 -267 -110 -256 -450 -135 -269 -444 -227 -49 -238 -134 -410 -272 -348 -13 -96 -363 -204 0
-215 -107 -110 -493 -238 -256 -320 -60 -418 -77 -204 -214 -134 0
476 -134 -403 -61 -471 -267 -110 -256 -13 -49 -320 -77 -204 -376 -596 -576 -348 -96 -130 -185 -450 -135 -269 -444 -227 -410 -272 -363 -514 -318 -57 0
-134 -514 -96 -110 -256 -348 -267 -185 -475 -403 -61 -471 -13 -49 -320 -77 -204 -376 -596 -576 -130 -450 -135 -269 -444 -227 -410 -272 -363 -318 -57 0
-514 -57 -185 -475 -596 -141 -403 -333 -130 -96 -110 -256 -348 -267 -61 -471 -13 -49 -320 -77 -204 -376 -576 -450 -135 -269 -444 -227 -410 -272 -363 -318 -123 0
-184 -31 -596 -475 -445 -185 0
514 -596 -96 -110 -256 -348 -267 -363 -475 -185 -135 -49 -237 0
-509 -217 -403 -110 -471 -27 -355 -234 -240 -204 -291 -376 -60 -13 -267 -256 -49 -508 -134 0
-445 -493 -61 -403 -159 -104 -210 -123 -588 -376 -45 -329 -396 -110 -462 -272 -320 -98 -237 -13 -267 -240 -77 -49 -234 -214 -204 -471 -27 -355 -291 -256 -508 -134 -514 -5 -447 -184 0
215 -88 -403 -130 -197 -450 -420 -135 -269 -444 -227 -49 0
-596 -475 -256 -444 -130 -403 -110 -272 -13 -49 -450 -135 -269 -227 -185 -61 -210 -123 -376 -45 -320 -237 -267 -77 -234 -204 -471 -27 -291 -274 -576 -96 -333 -348 -141 -487 -410 -363 -318 0
596 -185 -96 -576 -348 -318 0
-185 -61 -348 -96 -363 -267 -376 -487 -403 -135 -444 -272 -13 -49 -450 -227 -123 -45 -237 -234 -291 -576 -410 -390 -10 -567 -285 -423 0
477 -418 -107 -123 -516 -33 -61 -239 -56 0
32 -181 -403 -376 -61 0
597 -61 -123 -407 -58 -446 -5 -476 -380 -32 0
-134 -57 -58 -403 -61 -181 -487 -376 -135 -444 -227 -49 -13 -390 -410 -332 0
-445 -198 -567 -123 -395 -10 -514 -407 -317 -446 -184 0
477 -493 -376 -181 -61 -332 -403 -444 -410 -275 -49 -13 -390 -123 -487 -272 -395 -317 -5 -407 -380 -567 -10 -446 -184 -508 -58 -135 -227 0
-61 -49 -376 -444 -410 -403 -13 -390 -123 -487 -272 -567 -10 -135 -227 -576 -363 -96 -348 -267 -450 -45 -237 -234 -291 -285 -423 0
-185 -331 -430 -123 -376 -31 -184 -403 -410 -576 -444 -96 -348 -237 -567 -272 -487 -49 -10 -13 -135 -227 -390 0
378 -187 -275 -430 -444 -13 -49 -390 0
-331 -184 -487 -444 -13 -49 -390 -430 -31 -376 -363 -96 -348 -267 -123 -238 -403 -410 -576 -237 -567 -272 -10 -135 -227 0
377 -276 -444 -13 -49 -390 -363 -487 -96 -55 -576 -348 -185 -595 -430 -31 0
443 -463 -424 0
-185 -509 -13 -49 -135 -272 -390 -423 -123 -210 -403 -333 -567 -10 -444 -576 -363 -487 -96 -450 -348 -267 -131 -595 -430 -31 -376 -476 -184 0
-184 -238 -403 -430 -31 -376 -444 -13 -49 -390 -363 -96 -348 -267 -135 -272 -423 -123 -567 -10 -576 -487 -450 -410 -237 -227 0
33 266 -423 -123 -210 -406 -57 -596 -185 -152 -403 -333 -509 -54 -567 -272 -10 -99 -130 -444 -95 -49 -363 -574 -135 -410 -31 -475 -376 0
405 -406 -445 -379 -4 -54 -423 -117 -570 -198 -123 -210 -13 -49 -409 -509 -135 -326 -130 0
-134 -445 -379 -406 -4 -54 -423 -117 -570 -418 -107 -509 -135 0
-49 -123 -423 -135 -410 -403 -13 -376 -567 -272 -10 -444 -363 -390 -576 -487 -96 -348 -267 -237 -227 -450 -45 -234 -291 -285 0
-445 55 -130 -419 -13 -272 -444 49 -390 -10 -410 -331 -403 -184 -185 -475 -596 0
-475 -57 -331 -515 -185 -130 -419 -13 -272 -444 49 -390 -10 -403 -184 -596 -410 0
-57 -596 -45 -19 -47 -267 -423 -117 -123 -403 -85 -130 -13 -77 -331 -515 -272 -444 49 -390 -10 -363 -184 -376 -234 -204 -487 -185 -419 -410 0
-596 -419 -13 -272 -130 -403 -444 -184 -567 -96 -376 -10 -348 -487 -45 -19 -47 -267 -423 -117 -123 -85 -77 -331 -515 49 -390 -363 -234 -204 -185 -410 0
596 -331 -96 -452 -576 -348 0
-445 -475 -410 -130 -13 -272 -444 49 -390 -10 -376 -515 -596 -184 -185 -403 0
273 -543 -444 -424 -485 -13 0
215 -117 -13 -272 -130 -403 -444 -596 -567 -96 -376 -10 -348 -487 -45 -19 -184 -267 -423 -508 -123 -85 -331 -515 49 -390 -363 -234 -185 -410 0
-475 -184 -267 -130 -403 -482 -226 -567 -10 -272 -13 -576 -452 -96 -376 -348 -444 -134 -487 -45 -19 -410 -423 -508 -123 -85 -331 -515 49 -390 -363 -234 -185 0
379 -55 -268 -487 -376 -31 -596 0
-184 -130 -291 -403 -13 -272 -444 49 -390 -10 -487 -134 -567 -96 -376 -348 -45 -19 -267 -423 -508 -123 -331 -515 -363 -234 -185 -410 -482 -226 -576 -452 -461 0
32 -356 -494 -47 -589 266 -399 -19 -423 -54 -117 -570 -419 -539 -4 -406 -567 -318 -445 -396 -513 -359 -596 -335 -41 -331 -327 -139 -432 -475 -63 0
-134 -185 -423 -567 -403 -272 -410 -13 -444 49 -390 -10 -376 -576 -363 -487 -96 -348 -267 -291 -45 -123 -234 -515 -482 -226 -452 -461 -135 0
134 -268 -567 -444 -390 -376 -10 -267 -487 -348 -96 -363 -214 0
-487 -10 -13 -272 -444 -410 -376 -96 -348 -567 -403 -267 -482 -226 -227 0
-270 -460 -482 -328 -234 -379 -406 -4 -185 -267 -596 -475 -55 -135 -331 -31 -410 -376 -49 -10 -576 -348 -226 -489 -96 -444 -13 -390 -268 0
-31 -445 -475 -331 -509 -376 -49 -482 -328 -234 -406 -4 -185 -267 -596 -55 -135 -10 -576 -348 -226 -489 -96 -444 -13 -390 -268 -410 0
515 -237 -482 -121 0
-445 -475 -482 -97 -444 -410 -10 -576 -348 -226 -489 -96 -13 -49 -390 -268 -509 -331 -596 -423 -376 -328 -234 -406 -4 -185 -267 -55 -135 0
-475 -331 -423 -482 -97 -444 -410 -376 -10 -576 -348 -226 -489 -96 -13 -49 -390 -268 -509 -135 -267 -55 -4 -185 -596 -328 -234 -406 0
-331 -49 -489 -444 -95 -509 -410 -272 -567 -13 -376 -10 -390 -423 -482 -97 -576 -348 -226 -96 -268 -135 -267 -55 -185 -328 -234 0
-475 -131 -403 -215 -543 -49 -13 -482 -272 -234 -396 -204 -406 -4 -185 -267 -596 -318 -55 -476 0
-49 -185 -13 -267 -509 -410 -444 -452 -390 -234 -482 -89 -403 -576 -348 -226 -489 -96 -268 -376 -272 -55 -135 -95 -567 -10 -423 -97 -328 0
477 -318 -331 -596 -139 -55 0
-270 -331 -403 -509 -135 -97 -410 -475 -596 -55 -13 -272 -444 49 -390 -10 -376 -576 -348 -226 -489 -96 -268 0
33 -317 -55 -596 -475 0
-236 -123 -514 -482 -235 0
395 -197 -419 -406 -223 0
476 -60 -61 -204 -403 -410 -130 -444 -424 -485 -13 -272 -396 -419 -406 -223 -55 0
-331 -475 -444 -13 -406 -410 -185 -596 -272 -55 -403 -509 -4 -135 -567 -376 -10 -97 49 -390 -576 -348 -226 -489 -96 -268 0
-475 -406 -482 -234 -185 -596 -55 -509 -452 -410 -135 -444 -13 -272 -403 -4 -567 -376 -10 -97 49 -390 -576 -348 -226 -489 -96 -268 0
56 -551 -356 -27 -359 -413 -529 -295 -194 -480 -305 -339 -103 -183 -331 -267 -596 -246 -59 -318 -238 0
595 -318 -381 0
597 -331 -359 -267 -423 -52 -45 -494 -276 -188 -328 -196 -462 -97 -403 -272 -13 -482 -444 49 -390 -10 -234 -576 -348 -226 -489 -96 -509 -268 -139 -135 -376 -356 -31 0
-331 -356 -234 -406 -477 -196 -482 -31 -376 -567 -268 -10 -184 -381 -596 -359 -267 -423 -52 -45 -494 -276 -188 -328 -462 -97 -403 -272 -13 -444 49 -390 -576 -348 -226 -489 -96 -509 -139 -135 0
-10 -96 -348 -226 -444 -13 -272 -376 -410 -482 -567 -267 -403 -227 0
-270 -195 -234 -379 -406 -4 -185 -267 -482 -316 -55 -336 -475 -484 -331 -31 -444 -410 -376 -576 -348 -226 -489 -96 -13 -49 -390 -268 0
270 -475 -410 -331 -31 -509 -376 -49 0
447 -198 -482 -224 -234 -394 -204 -515 -406 -185 -267 -4 0
-475 -488 -185 -596 -406 -379 -482 -224 -234 -394 -267 -4 -509 -484 -331 -444 -31 -410 -390 -376 -13 -49 -268 0
595 -49 -482 -53 -331 -376 -234 -444 -363 -135 -13 -390 -596 -224 -267 -484 -410 -268 -348 -96 -576 0
-270 -406 -267 -130 -403 -25 -475 -45 -184 -445 -457 -396 -272 -484 -508 -538 -444 -214 -13 -331 -390 -376 -49 -268 0
411 -111 -484 -335 -588 -373 -456 -123 -561 -307 -341 -493 -267 -569 -234 -60 -49 -403 -445 -406 -215 -134 -444 -410 -272 -348 -13 -96 -61 -363 -197 -214 0
106 -554 -561 -307 -341 -321 -456 -493 -569 -420 -417 0
-406 -475 -341 -53 -19 -484 -390 -13 -49 -444 -140 -410 -335 -234 -403 -445 -134 -272 -348 -96 -363 -214 -130 -267 -184 -452 -482 -576 -4 -396 -33 -376 -25 -45 -457 -508 -538 -331 -268 0
256 -475 -445 -184 -596 -267 0
-270 -256 -418 -444 -134 -390 10 -487 -376 -567 0
541 -276 -123 -61 -493 -403 377 -341 -267 -60 -203 -331 -410 -107 0
411 -353 -171 -335 -11 388 -245 -415 -252 -320 -444 -269 -561 -234 -60 -209 -203 0
186 -493 -341 -420 -203 -410 -335 -11 -245 -444 -269 -234 -60 -358 -507 -536 -423 -53 -123 -107 -61 -19 -403 -130 -484 -390 -543 -13 -49 377 -267 -331 -329 -514 -475 -460 -445 0
-475 597 -267 -410 -444 -234 -423 -19 -403 -130 -390 -13 -49 -331 -214 -376 10 -567 -596 -482 -576 -363 -348 -96 -272 -45 -508 0
-49 -331 -13 -390 -376 -444 -267 -410 -234 -423 -403 10 -567 -596 -482 -576 -363 -348 -96 -272 -45 -135 0
411 -406 -96 -348 -363 -394 -186 -224 -267 -198 -183 -403 -135 -541 -331 0
-134 -139 -331 -596 477 -488 -512 -321 -482 -224 -234 -394 -406 -515 -4 -267 -185 -78 -509 -135 0
196 -547 -220 -286 -308 -208 -224 -123 0
-514 -385 -17 -36 -383 -205 -285 -62 -527 -403 -123 -198 -220 -286 -208 -224 -545 -529 -159 -138 -469 -515 -445 0
-204 -208 -224 -123 -589 -570 -36 -62 -527 -403 -138 -469 -515 -494 -78 -321 -423 -512 -53 -488 -394 -263 -331 -596 477 -139 -4 -482 -406 -234 -267 -185 -202 0
-514 -527 -482 -36 -62 -234 -403 -123 -208 -224 -545 -138 -469 -515 -445 -586 -417 -494 -78 -562 -321 -512 -53 -488 -263 -331 -596 477 -139 -4 -406 0
-406 -123 -111 -488 -257 -331 -596 477 -512 -482 -36 -62 -234 -403 -224 -515 -78 -321 -53 -263 -589 -570 -423 -394 -267 -117 -214 -135 -363 -348 -96 -576 -410 -183 -541 0
406 -270 -331 -444 -390 10 -376 -567 -596 -475 -267 -576 -348 -96 0
487 -538 -13 -541 -130 -403 -197 -111 -420 -134 -321 -363 -335 -96 -433 -512 -348 -329 -53 0
476 -256 -45 -541 -130 -123 -403 -423 -134 -19 -570 -117 -270 -444 -390 10 -410 -376 -567 -13 -363 -96 -348 -87 -461 -185 -380 -596 -331 -33 0
-514 -185 -33 -596 -331 -482 -123 -234 -403 -589 -570 -423 -394 -267 -117 -214 -135 -363 -348 -96 -576 -410 -183 -541 -475 -45 -134 -270 -444 -390 10 -376 -567 -13 -445 -235 0
514 -123 -111 -488 -257 -331 -596 -406 -512 -482 -36 -475 -234 -403 -224 -78 -321 -53 -263 -589 -570 -423 -394 -267 -117 -214 -135 -363 -348 -96 -576 -410 -183 -541 -33 0
-123 -445 -596 -482 -234 -403 -589 -570 -423 -394 -267 -117 -214 -135 -363 -348 -96 -576 -410 -183 -541 -33 -475 -45 -270 -444 -390 10 -376 -567 -13 -331 -235 0
202 -445 -475 -185 -596 -516 -96 -348 -363 -394 -406 -224 -267 -198 -183 -403 -135 -541 -331 -410 -4 0
446 -108 -420 -257 -4 -580 -379 -444 -406 0
-445 -570 -13 -444 -33 -596 -331 -135 -475 -96 -348 -363 -394 -267 -183 -403 -541 -410 -234 -482 -589 -423 -117 -214 -576 -45 -270 -390 10 -376 -567 -235 0
-185 -33 -596 -475 -316 445 0
378 -475 -596 -96 -348 -576 -13 -444 -331 -135 -363 -267 -403 -410 -234 -482 -423 -45 -390 10 -376 -567 -272 0
-31 -185 -445 -135 -363 -331 -489 -96 -410 -348 -267 -596 -475 -406 -32 0
215 -541 -423 -569 -484 -444 -424 -482 -576 -489 -96 -217 -104 -348 -13 -305 -123 -431 -130 -61 -403 -197 -420 0
568 -594 -520 -104 -267 -305 -60 -431 -61 -403 -130 -541 -13 -129 -538 -53 -423 -107 0
319 -309 -493 -61 -403 377 -209 -267 -410 -60 -355 -203 -415 -111 -112 -531 -504 -594 -231 -147 -358 -335 0
196 395 -450 -424 -129 -444 -484 -493 -61 -403 377 -267 -410 -60 -355 -203 -358 -335 -104 -305 -541 -13 -538 -53 -423 -520 -256 -406 -130 -197 -224 -123 0
250 -126 -36 -338 -243 -177 -195 -588 -417 0
568 -36 -423 -116 -53 -19 -588 -140 -520 -410 -267 -203 -112 -60 -531 -240 -48 0
456 -248 -60 -267 -373 -341 -142 0
106 388 -171 -335 -11 -410 -245 -320 -444 -269 -561 -234 -60 -203 -507 -554 -307 -341 -321 -493 -569 -420 -267 -373 -142 -53 -423 -123 -72 0
198 -60 -420 -171 -335 -11 -410 -245 -444 -269 -234 -129 -203 -554 -341 -493 -569 -267 -142 -53 -423 -123 -358 -116 -19 -588 -140 -520 -48 -484 -390 -538 -272 -424 -256 -104 -13 -450 -305 -541 -431 -130 -61 -403 -224 -88 0
-541 -335 -410 -484 -13 -272 -256 -396 -420 -123 -424 -129 -444 -61 -403 377 -267 -104 -305 -538 -53 -423 -406 -130 -197 -224 -171 -11 -245 -234 -554 -341 -19 -140 -390 -452 -576 -348 -4 -482 -96 -363 -214 -134 -489 -217 0
418 -309 -159 -329 -45 -434 -224 -19 -197 570 0
-203 -60 -363 -576 -134 -276 -61 -123 -403 377 -341 -267 541 -96 -331 -410 -420 -329 -45 -434 -224 -19 -197 0
-60 -61 -403 -197 -420 -134 -363 -576 -276 -123 377 -341 -267 541 -96 -331 -410 -329 -45 -434 -224 -19 0
-185 -445 -363 -348 -96 -576 377 -341 -267 -331 -410 -45 -224 -390 -444 -424 -484 -13 -272 -53 -423 -406 -11 -234 -482 -214 -489 -235 -475 -403 -135 -244 -316 -596 0
-445 -406 -96 -348 -363 -576 377 -341 -267 -331 -410 -45 -224 -390 -444 -424 -484 -13 -272 -53 -423 -11 -234 -482 -214 -489 -235 -475 -403 -135 -244 -316 -596 0
-33 445 -32 -475 -316 -596 0
445 -489 -348 -475 -596 -331 -235 -410 -32 -316 0
-420 -541 -390 -444 -335 -487 -484 -61 -403 377 -267 -410 -60 -355 -493 -358 -104 -305 -130 -341 -142 -129 -272 -13 -538 -53 -423 -107 -520 -224 -123 -197 -11 -245 -234 -171 -554 -19 -588 -140 -424 -256 -450 -88 -214 -134 -482 -576 -489 -96 -217 -348 -418 0
-541 -276 -331 -410 -341 -60 -267 -508 -256 -214 -107 -390 -444 -335 -487 -484 -61 -403 377 -355 -493 -358 -104 -305 -130 -142 -129 -272 -13 -538 -53 -423 -520 -224 -123 -197 -11 -245 -234 -171 -554 -19 -588 -140 -424 -450 -88 -134 -482 -576 -489 -96 -217 -348 -418 0
-475 -331 -403 -267 -410 -390 -444 -272 -13 -423 -234 -482 -576 -96 -348 -135 -596 -363 -45 -376 10 -567 0
509 -31 -376 -596 10 -567 -576 -348 -96 -363 0
419 -589 -208 -123 -482 -62 -55 -373 -184 -60 -96 -267 -596 -363 -183 -410 -331 -509 -403 -224 -214 -196 0
378 -60 -13 -316 -541 -469 -202 -267 -135 -403 -123 -509 -214 -196 -418 -208 -482 -184 -55 -96 -596 -363 -410 -331 -224 -272 -484 -424 -444 -390 -268 -31 0
33 -123 -482 -235 -184 -596 0
-445 -106 -267 -234 -60 -235 -482 -123 -582 -509 -321 -139 -135 -184 -331 -512 -348 -53 -596 -268 -31 -376 -55 0
198 -337 -479 -47 -570 -400 -106 -416 -19 -194 -433 -512 -329 -488 -53 -440 -356 -383 -218 -13 -541 -130 -403 -89 0
-107 -329 -433 -488 -19 -570 -423 -106 -117 -47 0
-134 -106 -488 -53 -570 -433 -423 -512 -117 -551 -13 -541 -326 -403 -196 -383 -218 -432 -62 -25 -55 -87 -137 -316 -461 445 -184 -183 -256 -267 -234 -60 -321 -202 -78 -509 -135 0
198 -286 -373 -159 -62 -482 -137 -239 -450 -397 -60 -267 -502 -183 -594 -403 -224 -89 0
489 -72 -188 -176 -586 -60 -247 -373 -62 -482 -403 -123 -196 -137 -239 -450 -397 -267 -183 -224 -89 -472 -494 -78 -570 -456 -321 -276 -336 -423 -512 -53 0
-61 -60 -239 -267 -403 -376 32 0
Solved
