323 -151 -88 -4 -43 0
-151 -88 -4 -43 -322 0
5 -88 -262 -214 -25 0
-88 -262 -25 -214 -4 0
215 -175 -13 -256 -124 -280 -229 -19 -82 -292 -268 -262 -103 -25 0
334 -124 -13 -256 -280 -229 -19 -292 -268 -103 -25 -214 0
27 -58 -214 0
-58 -214 -25 0
211 -181 -84 -39 -336 -19 -229 -294 -279 0
212 -16 -259 -336 -229 -253 -220 -307 -174 -286 -280 -294 -142 0
211 -39 -84 -229 -336 -279 -19 -294 0
258 -185 -106 -325 -223 -28 -294 -279 -259 -336 -229 -253 -307 -286 -280 -142 -213 -84 -19 -344 -34 -70 0
176 -16 -142 -259 -280 -338 -267 -13 -256 -229 -19 -292 -268 -103 -25 -214 -336 -183 0
278 -152 -68 -84 -336 -142 -259 -280 -267 -13 -256 -229 -19 -268 -103 -25 -214 -331 -294 -279 -213 0
216 -142 -208 -259 -280 -13 -256 -229 -19 -268 -103 -25 -214 -34 -70 -106 -325 -223 -28 -253 -307 -286 -139 -4 0
334 -112 -69 -208 -115 -142 -94 -259 -223 -339 -176 -129 -13 -256 -280 -229 -19 -292 -268 -103 -25 -214 0
-292 -153 -69 -83 -335 -208 -115 -142 -94 -259 -223 -13 -256 -280 -229 -19 -268 -103 -25 -214 -278 -331 -212 -293 0
143 -12 -94 -69 -208 -123 0
334 -176 -34 -114 -208 -142 -94 -69 -123 -202 -229 -172 -83 0
336 -153 -69 -83 -56 0
304 -172 -34 -114 -39 0
352 -229 -28 -202 -208 -115 -259 -223 -13 -256 -280 -19 -268 -103 -25 -139 -4 -106 -325 -253 -307 -286 0
335 -84 -352 -247 -307 -4 -43 -322 -106 -253 -25 -28 0
270 -214 -286 -229 -84 -19 -307 -256 -352 -25 -325 -103 0
-214 -335 -352 -253 -307 -103 -84 -268 -286 -229 -19 -256 -25 -325 0
263 -58 -25 0
264 -58 -25 0
-84 -229 -202 -13 -256 -352 -286 -247 -307 -106 -268 -253 -28 -4 -43 -322 -25 -103 -19 -325 0
215 -352 -325 -13 -307 -256 -139 -28 -4 0
355 -286 -13 -256 -202 -247 -307 -106 -28 -25 -325 -139 -268 -322 -19 -208 -115 -259 -280 0
144 -34 -344 -172 -221 -113 -337 -306 -259 -208 0
-103 -219 -259 -286 -142 -306 -208 -56 -185 -294 -279 -229 -84 -19 -307 -256 -214 -25 -325 -355 -268 -105 0
213 -189 -294 -339 -331 -113 0
277 -211 -69 -56 -339 -286 -294 -16 -285 -115 -185 0
-211 -339 -294 -325 -90 -307 -6 -286 -355 -16 -229 -279 -69 -56 -285 -115 -185 0
143 -101 -19 -294 -84 -229 -336 -279 -325 -90 -307 -6 -286 -355 -56 -115 -185 -176 -259 -219 -208 0
293 -296 -347 -228 -1 -355 -176 -229 -19 0
212 -37 -228 -1 -354 -145 -307 -314 -325 -222 -126 -172 -279 -112 0
335 -142 -1 -145 -307 -325 -355 -229 -19 -259 -208 -115 -84 -336 -286 -22 -214 -25 -28 0
294 -279 -213 -25 -115 -262 -229 0
338 -172 -113 -38 -28 -175 -229 -355 -253 -208 -307 -142 -325 -259 -124 0
-279 -293 -355 -286 -253 -307 -142 -325 -259 -38 -28 -175 -229 -208 -55 -213 -152 -25 -115 -262 0
279 -38 -322 -307 -152 -253 -28 -355 -202 -105 -22 -106 -229 -214 -127 0
-142 -336 -355 -229 -286 -307 -325 -259 -28 -208 -25 -115 -322 -202 -22 -106 -268 -84 -214 -1 -145 -19 0
335 -352 -307 -214 -325 -25 -217 -28 0
231 -68 -152 -10 -355 -175 0
230 -38 -256 -352 -28 -307 -217 -253 -10 -355 -202 -175 0
-336 -214 -355 -229 -256 -28 -307 -202 -25 -115 -268 -322 -22 -106 -280 -84 -286 -19 -325 -259 -208 -1 -145 0
217 -67 -196 -172 -114 -259 -188 -337 -124 -325 -307 -286 -18 0
213 -172 -114 -305 -251 -145 -208 -315 -222 -353 -337 -307 -124 -325 -280 -218 -196 -259 -188 -286 -57 -331 0
231 -188 -325 -13 -307 -256 -139 -28 215 -208 -89 -305 -259 -331 -114 -211 -251 -145 -315 -124 -280 -218 -196 -286 -57 -293 0
277 -305 -251 -145 -208 -315 -307 -325 -280 -218 -259 -286 -57 -293 -202 -229 -13 -256 -139 -28 215 -89 -115 -186 0
212 -275 -161 -67 -186 -57 -115 -333 -112 0
-214 -229 -1 -19 -115 -202 -208 -145 -307 -325 -280 -259 -286 -13 -256 -139 -28 -22 -247 -25 -106 -268 -322 -84 0
113 -186 -247 -25 -106 -58 -129 -320 -225 -115 0
230 -16 -280 -352 -286 -307 -325 -115 -112 -247 -25 -106 -58 -331 -355 -277 0
211 -58 -13 -115 -256 -247 -106 -28 -84 -268 -103 -4 -355 -277 -229 -280 -352 -286 -307 -325 -25 0
114 -17 -280 -352 -286 -307 -325 -126 -339 -186 -115 0
294 -58 -13 -247 -259 -106 -208 -28 -280 -352 -286 -307 -325 -115 -139 -4 -103 -355 -202 -277 -268 -229 -211 -19 0
112 -352 -256 -37 -305 -173 0
-229 -84 -325 -115 -256 -322 -307 -202 -268 -19 -13 -247 -259 -106 -208 -28 -280 -286 -139 -25 -1 -145 -22 0
213 -338 -342 -352 -286 -307 -325 -280 -188 -186 -277 0
278 -16 -280 -342 -352 -286 -307 -325 -338 -188 -186 0
337 -16 -256 -13 -352 -286 -307 -325 -188 -126 0
293 -186 -307 -256 -286 -13 -25 -352 -188 -325 -277 -280 -342 -212 0
354 -144 -16 -325 -286 -13 -307 -256 -34 0
113 -352 -256 -13 -325 -286 -307 -259 -277 -25 -292 -280 -115 0
353 -175 -208 -28 -325 -286 -13 -307 -256 0
354 -175 -208 -28 -325 -286 -13 -307 -256 0
338 -159 -115 -25 -208 -262 -19 -142 -292 -259 0
339 -188 -75 -259 -142 -125 0
278 -186 -214 -161 0
279 -338 -25 -292 -214 -125 0
188 -296 -347 -75 -1 -183 -266 -13 -256 -70 0
309 -16 -142 -1 -13 -256 -70 -19 -292 -25 -214 -277 -115 -208 -280 -259 -325 -286 0
337 -188 -1 -19 -292 -267 -13 -25 -256 -214 -70 -277 -74 -126 0
338 -74 -142 -208 -259 -126 0
-188 -158 -115 -25 -208 -19 -142 -292 -259 -1 -267 -13 -256 -214 -70 -277 -74 -126 0
339 -242 -25 -208 -262 -19 -142 -292 -259 0
-16 -214 -277 -25 -208 -19 -142 -292 -259 -115 -1 -13 -256 -70 -280 -325 -286 -307 0
-126 337 -280 -325 -1 -19 -292 -188 -13 -25 -256 -214 -70 -277 -217 0
337 -188 -307 -214 -325 -277 -280 -1 -19 -292 -286 -13 -25 -256 -70 -217 0
338 -126 -277 -217 -211 -19 -142 -292 -259 -208 -115 -25 -262 0
339 -188 -277 -211 -292 -115 0
338 -211 -277 -292 -217 -19 -142 -259 -208 -115 -25 -262 0
-188 -338 -277 -211 -292 -115 -307 -214 -325 -280 -1 -19 -286 -13 -25 -256 -70 -217 0
125 -214 -307 -286 -185 -325 -277 0
-84 -25 -268 -325 -28 -307 -286 -208 -19 -259 -115 -280 -1 -13 -256 -322 -202 -247 -106 -139 -145 -22 0
-214 -16 -28 -325 -286 -13 -307 -256 -336 -25 -215 -277 -19 -208 -292 -259 -115 -1 -70 -280 0
339 -215 -106 -336 -247 -25 -325 -286 -13 -307 -256 -28 -277 -19 -208 -292 -259 -115 -1 -280 -185 -188 0
-214 278 -307 -286 -325 -188 -339 -292 -25 0
214 -336 -13 -247 -106 -139 -28 -256 -355 -104 -25 0
279 -70 -28 -325 -286 -13 -307 -256 -336 -214 -25 -277 -19 -292 -259 -115 -1 -208 -280 -212 0
278 -188 -336 -247 -25 -325 -286 -13 -307 -256 -28 -277 -19 -208 -292 -259 -115 -1 -280 -106 -214 0
-188 -277 -13 -325 -286 -307 -259 -256 -25 -292 -280 -115 -212 -28 -336 -214 -19 -1 -208 -247 -106 0
-70 -125 -338 -25 -208 -242 -19 -292 -259 -39 -256 -28 -325 -286 -13 -307 -336 -277 -115 -1 -214 -280 -71 0
-277 -292 -28 -325 -286 -13 -307 -256 -25 -19 -208 -259 -39 -336 -115 -1 -214 -280 -104 -212 -247 -106 0
-292 -25 -115 -212 -28 -325 -286 -13 -307 -256 -19 -208 -259 -39 -336 -1 -214 -280 -104 -247 -106 0
278 -89 -355 -25 -229 -214 0
186 -188 -114 -115 0
-185 279 -277 -19 -259 -208 -115 -25 -214 -1 -256 -70 -280 -325 -286 -307 -292 0
279 -1 -325 -286 -307 -259 -277 -25 -292 -280 -115 -208 -19 -214 -256 -70 0
353 -70 -256 0
-1 -70 -25 -208 -19 -214 -292 -259 -115 -256 -277 -280 -325 -286 -307 -188 0
278 -181 -208 -115 -25 -19 -292 -259 -188 -353 -277 -214 -307 -286 -325 0
-142 -213 -115 -208 -259 -126 -25 -262 -19 -292 -339 -186 -188 -241 -144 0
-70 -280 -115 -208 -259 -25 -19 -292 -188 -214 -277 -307 -286 -325 -256 0
-280 -188 -214 -277 -307 -286 -325 -292 -25 -256 -259 -115 -208 -19 0
354 -70 -256 0
-211 279 -277 -307 -214 -325 -286 -25 -292 -115 -217 -19 -142 -259 -208 0
338 -126 -142 -208 -259 -16 -115 -25 -262 -19 -292 0
279 -70 -340 -115 -188 -277 -307 -214 -325 -286 -25 -292 -142 -208 -259 -16 -19 0
-70 -188 -208 -19 -292 -259 -25 -307 -286 -325 -214 -277 -115 -256 0
-188 -208 -286 -307 -256 -325 -259 -115 -25 -19 -292 -214 -277 0
-70 -208 -325 -286 -307 -256 -25 -19 -277 -292 -259 -115 -214 0
-208 -259 -286 -307 -256 -25 -19 -277 -292 -325 -115 -214 0
278 -16 -169 -94 -373 -304 -250 -79 -115 -188 -19 -142 -256 -292 -259 -214 -307 -286 -325 -25 0
-338 -16 -250 -304 -188 -19 -214 -292 -25 -256 -70 -277 -142 -286 -307 -115 -325 279 0
184 -333 -213 -115 -112 -188 0
243 -63 -66 -231 -300 -312 -104 -227 -307 -11 -159 -206 -182 -286 -218 -123 -94 -16 -79 -73 0
219 -280 -16 0
228 -255 -119 -49 -63 -300 -66 -110 0
Solved
