263 -74 -427 -199 -204 -58 0
559 -251 -130 -528 -499 -25 -55 -427 -538 -490 -199 -271 -40 -262 -142 -455 -220 -20 0
429 -559 -20 -455 -31 -334 -217 -199 -25 0
563 -425 -163 -334 -217 -199 -25 -427 -20 -455 -31 -130 -528 -499 -55 -538 -490 -271 -40 -262 -142 -220 0
-58 -59 -199 -220 -20 -455 -31 -334 -217 -25 -262 -29 -427 0
58 -20 -25 -427 -334 -455 -31 -217 -199 0
566 -217 -25 -40 -427 -262 -199 -220 -455 -31 -334 -29 -562 -163 -130 -528 -499 -55 -538 -490 -271 -142 0
428 -490 -538 -55 -130 -499 -528 -334 -199 -25 0
568 -199 -40 -262 -163 -25 -427 -538 -55 -130 -499 -528 -565 -220 -455 -31 -29 -562 -271 -142 0
429 -58 -142 -79 -568 -199 -25 0
-58 -79 -142 -568 -199 -25 -427 0
200 -490 -308 -102 -568 -436 -427 -157 0
571 -522 -499 -442 -55 -528 -487 -142 -183 -25 -436 -538 -427 -308 -29 -40 -262 -163 -565 -220 -455 -31 -562 -271 0
201 -58 -538 -219 -31 -472 -196 -29 -163 -373 -436 -40 -495 -528 -336 -310 -262 -48 -571 -562 0
335 -58 -74 -538 -499 -40 -262 -29 -220 -157 -169 -517 -373 -183 -48 0
-58 -48 -436 -262 -29 -528 -271 -336 -74 -538 -499 -40 -220 -169 -517 -373 -183 -200 -219 -31 -472 -196 -163 -495 -310 -571 -562 0
58 -200 -436 -571 -310 0
60 -424 -427 -220 -25 -538 -528 -499 -571 -310 -271 -436 -455 -262 -157 -29 0
48 -485 -55 -499 -204 -39 -95 -80 -522 -142 -487 -270 -479 -183 -495 -427 -25 0
428 -157 -538 -499 -40 -262 -29 -220 -58 -169 -517 -183 -48 -334 -25 0
203 -416 -562 -485 -137 -76 -404 -55 -95 -499 -142 0
199 -58 -29 -142 -565 -220 -562 -55 -479 -25 -427 -538 -40 -262 -499 -169 -517 -183 -522 -487 -571 -310 -271 -436 -528 -455 0
-200 -571 -31 -472 -29 -163 -436 -40 -528 -310 -262 -538 -562 -25 -427 -142 -565 -220 -55 -479 -499 -169 -517 -183 -522 -487 -271 -455 0
574 -29 -436 -310 -427 -31 -472 -163 -40 -528 -262 -538 -562 -142 -565 -220 -55 -479 -499 -169 -517 -487 -271 -455 -308 -215 0
199 -537 -169 -517 -482 -479 -562 -416 -137 -76 -404 -55 -499 -142 -40 -494 -436 -262 -269 -58 -427 -220 -25 -538 -528 -310 -271 -455 -29 -565 -183 -487 0
-25 -201 -58 -29 -169 -517 -479 -562 -55 -499 -142 -40 -436 -262 -427 -220 -538 -528 -310 -271 -455 -565 -487 -215 -574 -54 -48 -27 0
429 -48 -562 -55 -499 -436 -271 -40 -262 -29 -528 -58 -169 -517 -479 -142 -427 -220 -538 -310 -455 -565 -487 -215 -574 0
159 -293 -562 -220 -417 -74 -204 -76 -142 -55 -569 -538 -499 -491 -4 -308 -196 -81 -137 -29 -405 -310 -436 -200 0
-199 -25 -262 -163 -40 -427 -538 -55 -499 -528 -565 -220 -455 -31 -29 -562 -271 -142 -58 -472 -373 -219 -436 -495 -336 -310 -48 -196 -200 0
-25 -74 -220 -562 -142 -55 -569 -538 -499 -308 -29 -310 -436 -200 -40 -528 -262 -48 -58 -427 -271 -455 -163 -565 -31 -472 -53 -26 0
-48 -58 -271 -262 -29 -528 -436 -220 -562 -142 -55 -538 -499 -308 -310 -40 -427 -455 -163 -565 -31 -472 -169 -517 -479 -487 -215 0
403 -485 -472 -68 -163 -444 -293 -131 -491 -562 -358 -308 -250 -196 -101 -137 -29 0
26 -491 -308 -55 -499 -29 -472 -163 -293 -562 -137 -310 -95 -436 -142 -158 -200 -574 -427 -336 0
404 -268 -182 -215 -481 -415 -78 -55 -499 -436 0
405 -491 -308 -55 -499 -436 -29 0
201 -182 -215 -78 -55 -499 -436 -405 -374 -52 -427 -158 0
-58 -29 -308 -427 -436 -215 -55 -499 -472 -163 -562 -310 -142 -271 -40 -262 -528 -220 -538 -455 -565 -31 -169 -517 -479 -487 0
138 -236 -203 -86 -262 -21 -271 -196 0
-25 -136 -40 -262 -271 -487 -21 -468 -486 -77 -38 -55 -79 -490 -142 -330 -574 -538 -199 -499 -528 428 -130 -163 -427 -565 -220 -455 -31 -29 -562 0
138 -360 -472 -217 -31 -212 -198 -86 -21 -220 -74 -203 -262 -271 0
81 -550 -74 -220 -21 -198 -136 -472 -217 -31 -212 -262 -271 -142 0
47 -130 -308 -126 -490 -55 -499 -405 -79 -220 -21 -472 -31 -262 -271 -142 -479 -163 -494 -40 -487 -468 -486 -38 -330 -574 -538 -199 -528 428 -427 -565 -455 -29 -562 0
158 -55 -499 -215 -436 -308 -220 -472 -31 -262 -271 -142 -479 -163 -40 -487 -574 -538 -528 -427 -565 -455 -29 -562 58 -310 0
580 -308 -310 -215 -220 -31 -262 -271 -142 -163 -40 -538 -427 -565 -562 -169 -517 -223 -230 0
-200 -472 -562 -142 -55 -25 -538 -499 -308 -29 -310 -436 -58 -40 -528 -262 -427 -271 -455 -163 -565 -31 -220 -199 0
405 -436 -55 -580 -308 -499 -29 0
200 -58 -25 -29 -427 -405 0
582 -55 -499 0
-55 -499 -580 0
59 -157 -405 -308 -436 -490 -29 0
429 -405 -29 -58 -308 -436 -490 -200 -25 0
30 -219 -538 -580 -436 -499 -163 -569 -308 -40 -495 -262 -48 -405 -29 -58 0
46 -296 -392 -533 -488 -538 -499 -40 -262 -29 -220 -58 -169 -517 -25 428 -157 -6 0
21 -181 -344 -486 -483 -488 -417 -535 -269 -550 -509 -424 -192 -358 -565 -196 0
-157 -417 -486 -473 -31 -223 -10 -344 -483 -488 -509 -565 -81 -142 -6 -392 -538 -499 -40 -262 -29 -220 -58 -169 -517 -25 428 -271 -204 -200 -159 -405 -308 -436 -490 0
-405 -58 -142 -25 -538 -427 -40 -163 -262 -31 -223 -565 -499 -29 -220 -169 -517 -271 -308 -436 -580 -310 0
532 -293 -393 -562 0
-157 -48 -25 -538 -499 -40 -262 -29 -220 -58 -169 -517 -375 -427 -393 -562 -203 -5 -158 0
429 -199 -562 -538 -142 -25 -393 -58 -427 -163 -5 -573 -493 -48 0
-48 -375 -58 -25 -427 -562 -538 -142 -393 -163 -5 -573 -499 -40 -262 -29 -220 -169 -517 -203 -158 0
473 -191 -270 -565 -181 -424 -482 -422 -485 -218 -466 -31 0
484 -250 -109 -93 -562 -371 -416 -68 0
-58 -25 -109 -562 -565 -31 -220 -142 -271 -40 -262 -427 -163 -538 -499 -29 -169 -517 -230 -580 -310 -436 -223 -308 0
47 -479 -499 -580 -436 -142 58 -310 -427 -25 0
-25 -436 -308 -427 -499 -580 -142 -310 -223 -29 -109 -562 -565 -31 -220 -271 -40 -262 -163 -538 -169 -517 -230 0
158 -192 -565 -169 -517 -230 -203 -5 -527 -499 -375 -138 -163 -403 -310 -493 -436 -201 0
404 -572 -79 -5 -527 -197 -499 -138 0
47 -58 -163 -217 -31 -517 -565 -220 -427 -562 -142 -538 -230 -580 -310 -436 -499 -52 -169 -493 -271 -262 -29 -334 0
80 -283 -182 -488 -93 -372 -95 -67 -142 -37 0
404 -358 -562 -415 -268 -217 -169 -31 -517 -426 -565 -333 -220 -538 -74 -198 -204 -293 -142 -79 -182 -93 -95 -37 -573 -580 -485 -310 -499 -436 0
-358 -573 -79 -528 -198 -137 -403 -562 -415 -268 -217 -169 -31 -517 -426 -565 -333 -220 -538 -74 -204 -293 -142 -182 -93 -95 -37 -580 -485 -310 -499 -436 0
201 -293 -562 -220 -204 -142 -182 -93 -95 -485 -310 -436 -580 -538 -499 -6 -528 -137 -217 -169 -31 -517 -565 -333 -374 -52 -427 -158 0
-58 -493 -169 -517 -230 -163 -580 -310 -499 -565 -436 -308 -29 -562 -220 -142 -538 -217 -31 -52 -427 -271 -40 -262 -334 -46 0
437 -102 -308 -310 -490 0
81 -217 -538 -509 -6 -31 -198 -21 -220 -74 -204 -142 0
202 -21 -220 -87 -74 -45 0
-436 -29 -538 -40 -262 -220 -142 -427 -499 -310 -580 -308 -223 -31 -169 -517 -230 -163 -565 -562 -271 -109 0
159 -292 -40 -163 -262 -493 -58 0
75 -425 -163 -262 -58 -157 -510 -310 -572 -40 -570 -201 -427 -220 0
200 -58 -157 0
360 -21 -54 -565 -27 -424 -48 -550 -5 0
358 -132 -538 -5 0
60 -58 -5 -427 -220 -163 -262 -565 -157 -310 -572 -40 -570 -359 -538 -204 -490 0
202 -75 -562 -293 -421 -424 -220 -552 -250 0
203 -318 -163 -87 -205 -483 -293 -562 -250 -542 -285 -109 -15 -489 -93 -580 -371 -499 0
-58 -572 -262 -157 -310 -163 -40 -570 -427 -220 -562 -204 -87 -109 -580 -499 -484 -5 -359 -538 -96 -308 -38 -565 0
201 58 -427 -455 -31 -479 -87 -552 -45 -204 -570 -220 -157 0
202 -495 -163 -262 -40 -271 -27 -425 -31 -137 -54 -565 -198 -21 -87 -220 -45 0
80 -204 -40 -262 -484 -163 -271 -31 -565 -220 -427 -157 -5 -499 -403 -223 -29 -310 -562 -109 -580 -538 -308 -142 0
522 -430 -10 0
203 -58 -169 -215 -10 -484 -37 -76 -373 -157 -403 -5 -517 -40 -499 -262 -142 0
219 -422 -533 0
46 -219 -569 -335 0
158 -533 -220 202 -345 -10 -416 -323 -412 -489 -537 -371 -466 -484 -76 -48 -335 -565 -40 -426 -490 -262 -200 -66 -58 -37 0
6 -58 -538 -499 -40 -262 -29 -220 -157 -169 -517 -427 -562 -203 -5 202 -484 -565 -37 -373 -580 -403 -358 0
426 -250 -455 -562 -218 -535 -358 -565 202 -424 -293 -220 -75 0
26 -483 -10 -215 -517 -169 -270 -191 -565 -424 -455 -562 -535 -358 202 -293 -220 -95 -142 -570 -427 -336 0
159 202 -358 -565 -562 -220 -10 -169 -499 -427 -517 -403 -163 -373 -40 -262 -58 -215 -142 -484 -271 -76 -490 -46 -200 -37 0
426 -474 -562 -163 -294 -482 -517 -96 -169 -269 -192 -358 -565 -550 0
483 -398 -416 -370 -269 -499 -169 -403 -517 -373 0
-58 -373 -499 -169 -403 -517 -562 -163 -358 -565 -484 -271 -40 -262 -29 -37 -157 -220 -427 -215 -142 -5 -538 -580 -204 0
334 -374 -269 -416 -182 0
482 -416 -269 -335 0
94 -196 -499 -358 -332 -269 -553 -169 -517 -481 -335 -193 -296 -393 -562 -85 -401 -251 -144 0
-533 -332 -358 -481 -335 -517 -590 -169 -144 -96 -499 -269 -562 -401 -21 -422 -220 -532 0
375 -392 -562 -437 -30 -269 -335 -481 -404 0
-10 -430 -520 0
94 -520 -345 -215 -404 -437 -513 -499 -26 -323 -218 -401 -251 0
374 -297 -499 -590 -535 -144 -96 -404 -437 -26 -218 -401 -562 -269 -169 -517 -481 0
47 -157 -499 -169 -517 -220 -358 -21 -422 -551 -293 -202 -40 -262 -562 -58 0
373 -595 -562 -169 -415 -517 -438 -181 -405 -336 0
-416 -335 -169 -438 -595 -405 -562 -373 -415 -269 -517 0
416 -595 -169 -517 -293 -562 -373 0
-269 -438 -169 -405 -562 -517 -293 -336 -273 -192 -270 0
375 -27 -495 -81 -39 -582 -521 -438 -372 -405 -93 -137 -109 -250 -562 -293 -182 -482 -416 0
374 -250 -293 -562 -482 -137 -182 -405 -336 0
-157 -46 -293 -562 -517 -192 -169 -202 -40 -262 -58 -499 -220 -358 -21 -422 -551 0
417 -528 -573 -358 -137 -79 -143 -95 -169 -562 -268 0
-46 -427 -169 -562 -499 -202 -40 -262 -358 -58 -200 -293 -517 -192 -220 -21 -422 -551 0
26 -52 -427 0
-52 -427 -25 0
270 -436 -202 -262 -58 -200 -499 -76 -484 -483 -182 0
403 -483 -562 -40 -293 -262 -517 -192 -169 -268 -202 -58 -200 -499 -76 -484 -182 0
481 -582 -437 -158 -372 -95 -495 -522 -169 -562 -163 -268 -293 -182 0
375 -416 -517 -562 -293 -58 -40 -262 -202 -499 -192 -200 -76 -594 -427 -25 -169 -334 0
438 -540 -532 -131 -392 -526 -138 -30 -404 0
268 -96 46 -335 -323 -499 -532 -404 -358 -157 -202 -58 -262 -597 -562 -416 -192 0
483 -404 -562 -416 -499 -202 -40 -262 -58 -192 -157 46 -335 -323 -358 -169 -517 -293 0
-416 46 -562 -517 -192 -499 -202 -58 -262 -40 -293 -169 -358 -200 -427 -594 0
59 -101 -4 -532 -499 -393 -202 -538 -262 -28 0
403 -438 -58 -4 -532 -499 -393 -202 -538 -262 -200 0
-438 -269 -169 -262 -562 -517 -293 -405 -336 -192 -202 -48 -373 -499 -40 335 -220 -58 -74 -538 -4 -393 -200 0
263 -136 -252 -95 -271 -40 0
403 -532 -220 -21 -538 -196 -4 -393 -192 -499 -202 -262 -271 -58 -252 -95 -40 0
-427 -40 -21 -262 -358 -202 -499 -192 -58 -220 -169 -594 -517 -293 -562 -200 -422 -551 0
218 -335 -219 -47 -25 0
217 -533 -422 0
427 -422 -358 -21 -220 -499 -202 -262 -58 -200 0
-517 -95 -169 -438 -562 -270 -293 -405 -192 -273 -335 -374 -21 -262 -358 -202 -499 -58 -220 -594 -200 -422 -551 0
373 -335 -47 -427 0
111 -106 -16 0
-416 -319 -575 -81 -39 -327 -93 -69 -372 -273 -232 -192 -169 -344 -335 482 -417 0
-95 -402 -169 -324 -273 -10 -192 -562 -270 -575 -81 -39 -93 -69 -372 -344 -335 -417 -488 -181 -483 -438 -293 -405 -374 -21 -262 -358 -202 -499 -58 -220 -594 -200 -422 -551 0
-335 -169 -372 -273 -192 -93 -344 -562 -293 -42 -405 -374 -21 -262 -358 -202 -499 -58 -220 -594 -200 -422 -551 -582 -437 -158 -47 0
-438 -269 -182 -169 -336 -562 -416 -293 -405 -192 -273 -158 -437 0
-269 -416 -374 -182 -158 -169 -336 -562 -293 -405 -192 -273 -437 0
481 -225 -230 -220 -297 -591 -488 -214 -519 -21 -262 -358 -202 -499 -192 -58 -594 -169 -293 -562 -200 -422 -551 -182 0
436 -600 -96 -47 -26 -29 -44 -591 -519 -220 -21 -262 -358 -202 -499 -192 -58 -594 -169 -293 -562 -200 -422 -551 -182 -290 -374 -93 -416 -372 -344 -455 -521 -143 -236 -569 -329 -491 -582 -158 0
483 -573 -47 -358 -137 -143 -169 -562 -268 -416 -427 -42 -374 -293 0
482 -87 -21 -137 -57 -47 -53 -427 -521 -374 -344 -591 -416 -519 -486 0
-416 -169 -293 -21 -137 -57 -47 -344 -591 -358 -143 -374 -562 -42 -594 -236 -200 -158 -437 -29 -44 -220 -262 -202 -499 -192 -58 -422 -551 -93 -372 -455 -491 -582 -405 -273 0
483 -95 -93 -372 -182 -143 -569 -582 -491 -57 -47 -158 -427 -269 -485 -374 0
-25 -324 -485 -437 -499 -95 -491 -143 -74 -569 -194 -393 -220 -21 -532 -358 -594 -6 -427 -47 -26 0
375 -95 -499 -437 -269 -143 -158 -569 -200 -427 -47 -485 -491 -74 -194 -393 -220 -21 -532 -358 -594 -6 -26 0
436 -512 -455 -74 -220 -21 -143 -247 -194 -236 -569 -163 -182 -329 -491 -493 -269 -200 -582 -499 -158 0
-169 -437 -372 -143 -582 -491 -57 -158 -93 -455 -74 -220 -21 -236 -200 -499 -47 -374 -358 -594 -6 -591 -42 -262 -202 -192 -58 -293 -562 -422 -551 -137 -344 -29 -44 -405 -273 0
-25 -269 -437 -499 -143 -158 -200 -427 -47 -491 -74 -220 -21 -358 -594 -6 -562 -42 -293 -202 -262 -58 270 -374 0
-269 -94 -143 -491 -42 -57 -293 -562 -374 -47 -437 -499 -158 -200 -427 -74 -220 -21 -358 -594 -6 -202 -262 -58 -268 0
96 -196 -274 -21 -137 -591 -251 -143 0
26 -342 -165 -582 -437 -17 -158 -326 -200 -182 -427 -336 0
-25 -377 -582 -437 -158 -551 -358 -594 -6 -427 -47 -200 -182 -293 -42 -94 -274 -21 -137 -591 -251 -143 -111 -93 -372 -521 -344 -416 -374 0
96 -87 -21 -143 -274 -137 -591 -251 0
438 -78 -21 -57 -333 -137 -47 -416 -427 -521 -374 -344 -591 -293 -42 -94 -143 -274 -251 -52 -236 -329 -200 -158 0
404 -143 -236 -491 -200 -499 -158 -21 -57 -333 -47 -591 -293 -42 -582 -551 -358 -594 -6 -93 -372 -562 -273 -192 -74 -220 -202 -262 -58 -455 -422 -29 -44 -405 0
48 -182 -196 -21 -591 -143 -293 -562 374 -405 -95 -273 -192 -270 -416 -485 -77 0
46 -196 -404 -416 -485 203 -55 -95 -499 -562 -80 -358 0
-196 374 -485 -270 -21 -591 -293 -562 -416 -95 -273 -192 -47 -404 203 -55 -499 -358 0
374 -95 -427 -485 -270 -21 -591 -293 -562 -416 -47 -273 -192 -404 203 -55 -499 -358 0
432 -521 -11 0
197 -194 -304 -21 0
375 -11 -427 -85 -21 -143 -136 -273 -192 -270 -416 0
159 -416 -273 -427 -192 -47 -21 -293 -42 -591 -562 -404 203 -499 -358 -85 0
375 -416 -236 -427 -21 -143 -136 -273 -192 -85 -330 -202 -262 -58 -200 -499 -436 -569 -47 -26 -53 0
48 -335 -26 0
-416 -47 -427 -21 -273 -192 -85 -202 -262 -58 -200 -499 -158 -293 -42 -591 -562 -404 203 -358 0
46 -25 -499 -143 -158 -200 -47 -491 -74 -220 -21 -358 -594 -6 -562 -42 -293 -202 -262 -58 -269 -374 -372 -582 -57 -93 -455 -236 -591 -192 -422 -551 -344 -29 -44 -405 -273 403 -393 0
26 -393 -422 -102 -372 -273 -192 -93 -374 -562 -293 -42 -405 -344 -21 -262 -358 -202 -499 -58 -220 -594 -200 -551 -582 -158 -47 -269 -182 -336 0
-25 -47 -26 -499 -143 -158 -200 -491 -74 -220 -21 -358 -594 -6 -562 -42 -293 -202 -262 -58 -269 -374 -372 -582 -57 -93 -455 -236 -591 -192 -422 -551 -344 -29 -44 -405 -273 403 -393 0
264 -422 -200 -499 -220 -21 -358 -594 -562 -293 -202 -262 -58 -192 -551 0
46 -568 -404 -562 -422 -437 -56 -499 -492 -30 -571 -79 -358 -427 -5 0
-374 -464 334 -269 -90 -77 -456 -195 -56 -21 -581 -45 -196 -437 -30 -358 -404 -79 -373 0
438 -67 -41 -535 -293 -94 -219 -77 -422 -56 -509 -581 -311 0
-25 -195 -562 -220 -293 -535 -371 -422 -77 -581 -499 -437 -41 -94 -56 -571 -358 -38 -79 -269 -90 -456 -21 -45 -30 -404 -427 -335 -26 0
142 -404 -437 -499 -492 -427 -562 -220 -293 -535 -371 -422 -581 -41 -56 -571 -358 -38 -269 -90 -456 -21 -45 -30 -48 -5 -590 0
334 -507 -21 -422 -456 -166 -95 -17 -562 -41 -92 -293 -487 -371 -374 -269 -69 -486 -494 -427 -78 -25 -569 -48 0
-25 -374 -562 -535 -358 -5 -48 -21 -422 -456 -41 -92 -293 -371 -95 -269 -494 -427 -569 -90 -56 -581 -45 -437 -30 -38 -404 -80 0
-374 -422 -293 -499 -437 -571 -358 -404 -80 -48 -562 -535 -5 -21 -456 -41 -92 -371 -95 -269 -494 -427 -569 -90 -56 -581 -45 -30 -38 0
46 -196 -571 -30 -404 -437 -358 -422 -5 -569 -335 0
415 -312 -590 -272 -220 -21 -456 -571 -332 -422 -464 -453 -507 -166 -284 -92 -371 -17 -535 -487 -181 -269 0
438 -464 -571 -358 -80 -535 -38 -371 -269 -416 -590 -272 -220 -21 -456 -332 -422 -453 -92 -181 -90 -77 -45 -56 -30 -581 -404 0
417 -163 -293 -41 -95 -401 -323 -140 -10 -562 -269 0
-25 -478 -456 -41 -21 -293 -220 -422 -92 -371 -269 -95 -562 -581 -499 -404 -437 -571 -358 -80 -535 -38 -590 -272 -332 -90 -45 -56 -30 -569 -494 -427 -48 -5 0
251 -296 -220 -422 -562 -217 0
432 -95 -251 -401 -212 -323 -140 0
-10 -269 -432 -416 -12 -293 -41 -95 -401 -323 -163 -140 -562 0
425 -293 -220 -499 -358 -562 -202 -58 -262 -565 0
48 -335 -427 -58 -199 0
47 -427 -199 -58 -25 0
-335 -373 -550 -202 -262 -58 -199 -358 -427 -219 -47 0
-427 -25 -202 -262 -499 -269 -199 -416 -58 -550 -358 -219 0
-25 -416 -95 -562 -293 -21 -219 -269 -358 -550 -499 -202 -262 -58 -220 -422 -199 0
199 -159 -60 0
-159 48 -335 -427 0
-533 -422 -218 0
437 -100 -405 -29 0
-499 -95 -69 -81 -143 -39 -402 -489 -324 -580 -520 -500 0
42 -82 -275 -432 -137 -324 -272 -402 -263 -95 0
96 -535 -69 -81 -39 -143 0
217 -445 -512 -520 -75 -324 -402 -143 -69 -81 -39 -455 -21 -196 -358 -6 -489 -580 -500 -424 -422 -252 0
360 -295 -489 -455 -221 -21 -508 -196 0
-422 -489 -81 -143 -39 -402 -252 -324 -520 -196 -6 -358 -455 -21 -218 -512 -75 -424 -485 -405 -438 -29 -516 -393 0
-580 -499 -81 -143 -39 -402 -489 -324 -95 -520 -485 -405 -438 -509 -571 -358 0
580 -509 -455 -358 -21 -196 -137 -405 -489 -438 0
-293 -571 -594 -196 -358 -6 -81 -143 -39 -402 -324 -520 -485 -405 -438 -21 -455 -252 -218 -424 -75 -29 -393 -181 -483 -562 -294 0
-499 -580 -69 -81 -39 -143 -95 -402 -520 -324 -344 -398 -233 -181 -485 -405 -438 -509 -571 -358 0
-580 -95 -41 -263 -134 -143 -81 -13 -571 -491 -472 -468 -29 -393 -533 -594 -567 -21 -196 -438 -358 -405 -6 -69 -39 -402 -520 -324 -344 -398 -233 -181 -485 -509 0
137 -95 -69 -81 -39 -143 -552 -358 -252 -196 0
-95 -69 -134 -39 -81 -571 -509 -358 -196 -143 -552 -252 -520 -344 -405 -438 -41 -263 -13 -491 -472 -468 -29 -393 -533 -594 -567 -21 -6 -402 -324 -398 -233 -181 -485 0
-580 -55 -491 -472 -468 -29 -571 -101 -438 -134 -358 -405 -371 -6 0
359 -499 -371 -69 -143 -39 -552 -81 0
-58 -81 -358 -21 -196 -405 -143 -491 -520 -393 -324 -252 -344 -398 -181 -485 -483 -562 -294 -427 -335 48 0
204 -271 -405 -137 -499 -262 0
-580 -499 -438 -81 -39 -143 -552 -485 -405 -137 -262 -597 -169 -95 -402 -324 -520 0
94 -227 -575 -289 -215 -193 -181 -431 -487 -324 -536 -402 0
-499 -552 -143 -81 -39 -95 -575 -289 -193 -181 -324 -402 -520 -344 -485 -405 -78 -438 -57 -137 -262 -597 -169 0
360 -95 -21 -594 -196 -358 -6 -81 -143 -39 -402 -324 -520 -485 -405 -438 -252 -218 -75 -393 -181 -483 -562 -294 -528 -309 -28 -57 -262 -575 -289 -344 -78 -597 -169 0
-95 -438 -520 -405 -324 -402 -252 -143 -196 -81 -6 -358 -21 -594 -39 -485 -218 -75 -393 -181 -483 -562 -294 -528 -309 -28 -57 -262 -575 -289 -344 -78 -597 -169 0
359 -528 -136 -572 -196 -81 0
533 -296 -393 -220 0
293 -139 -485 -211 -483 -163 0
-293 197 -21 -262 -393 -41 -534 -562 -294 0
437 -528 -188 -132 -344 -572 -405 -310 0
375 -196 -562 -21 -358 -427 -335 -269 -47 0
484 46 -535 -335 -499 -37 -250 -159 -562 -269 -416 0
491 -132 -136 -250 -125 -335 46 -307 0
157 -57 -591 -136 -95 -40 -562 -250 -358 -499 -21 -335 46 -102 -169 -571 -25 -427 -405 -269 0
198 438 -526 -30 -404 -562 -218 -4 -250 -358 -136 0
438 -250 -269 -562 -21 -87 -358 -37 -591 -95 -40 -335 -169 -571 -25 -427 -405 -535 -47 0
138 -581 -499 -47 -335 -427 -485 -269 -416 -562 -358 -250 -196 0
4 -392 -405 437 -532 -201 -136 359 -196 -81 -527 -47 0
144 -95 -562 -269 -47 -405 -81 -427 -25 -358 -21 -335 0
48 -217 -569 -335 0
46 -237 -427 -405 -25 -45 -203 -499 -335 -6 -569 0
48 -569 -427 -335 0
360 46 -405 -25 -427 -203 -499 -335 -569 -86 -21 0
484 -292 -562 -482 -416 0
486 -86 -56 -25 -427 -58 -405 -581 -203 -201 -520 -551 -183 -269 -537 -37 -482 -436 -416 -67 0
-95 -81 -427 -405 -269 -562 -358 -335 -21 -47 -25 0
4 359 -136 -405 -196 -81 -47 -562 -482 -416 -436 -269 -335 -427 0
359 -87 -21 -269 -427 -323 -25 -204 -401 -335 -499 -47 -136 -405 -81 -562 -482 -416 -436 0
48 -536 -482 -562 -416 -343 -436 -269 -37 -217 -335 -427 0
437 -183 -423 -343 -269 -534 -416 -562 -482 -76 -57 -582 0
484 -430 -499 -183 -423 -343 -269 -534 -416 -562 -482 0
268 -536 -68 -499 -37 -430 -183 -159 0
431 197 -21 -84 0
-81 -405 -427 -25 -21 -269 -562 -335 -47 -358 0
438 -484 -5 -47 -499 -335 -427 0
-484 -573 -427 -131 -25 -527 -335 -47 -269 -416 -436 -5 -499 0
48 -499 -372 -131 -436 -527 -76 -5 -335 -427 0
-405 -25 -427 -335 -47 -269 -358 -21 -562 0
-580 -110 -468 -16 -317 -233 -442 -488 -492 -581 -499 0
437 -484 -317 -581 -499 -575 -58 -371 -201 -183 -345 -269 -482 -416 -56 0
486 -580 -317 -581 -499 -575 -371 199 -183 -345 -269 -482 -416 0
270 -140 -562 -10 -138 -594 -203 -371 -196 -404 -437 -358 46 -30 -5 -335 -345 -490 -416 199 0
-569 -293 -594 -213 -251 -196 -404 -571 -437 -358 46 -30 -5 -335 0
-484 -218 -562 -203 -75 -494 -594 -196 -404 -358 46 -30 -5 -335 -323 -416 -269 -138 -371 -345 -581 -499 -575 -482 -201 -438 -56 0
-533 -95 -203 -251 -551 -335 46 -218 -424 -532 0
-95 -139 -496 -67 -75 -39 -203 -80 -335 46 -251 -138 -163 -124 -594 -131 -540 -551 -218 -424 -532 0
46 -499 -203 -323 -80 -335 -138 -30 -562 -269 -438 -416 -482 -404 -358 -5 -371 -345 -581 -56 -427 -25 0
436 -78 -499 -486 0
202 -90 -153 -66 -339 -412 -237 -44 0
-199 -162 -196 -193 -513 -358 -93 -96 -80 -203 -153 -339 -412 -466 -30 -427 -335 48 0
-533 -10 -513 -93 -203 -562 -293 -21 -30 -196 -193 -358 -80 -153 -412 -466 -427 -335 48 -251 -538 -392 -232 -532 0
204 -132 -93 -169 -60 -251 -201 -138 -528 -596 -358 -80 -143 0
-580 -190 -138 -499 48 -436 -76 -5 -335 -427 -358 -93 -371 -67 -80 -203 -169 -251 -596 -513 -562 -293 -21 -30 -196 -153 -466 -392 -532 -488 -520 -581 0
-499 -25 -358 -335 -427 -21 -269 -47 -562 0
48 -532 -370 -263 -251 -138 -21 -562 -551 -196 -416 -358 -269 -4 -335 -427 0
534 -306 -323 -575 -400 -143 -263 -370 -482 -562 -21 -251 -220 -218 0
264 -522 -297 -234 -82 -345 -274 -496 -416 -69 -30 -269 -37 -271 -58 199 0
-159 -522 -345 -234 -580 -432 -55 -76 -482 -164 -494 -496 -220 533 -36 -491 -438 199 0
372 -37 -234 -345 -416 -30 -269 -58 -496 -580 -55 -76 -482 -164 -494 -220 533 -36 -491 -438 199 -306 -591 -263 -82 -274 -271 0
-159 -226 -230 -465 -575 -418 -416 -183 -494 -30 -269 -496 -126 -345 -234 -580 -55 -76 -482 -164 -220 533 -36 -491 -438 199 -306 -591 -92 -263 0
144 -274 -566 -82 -21 -465 -575 -418 -416 -183 -269 -230 -494 -30 -496 -126 -345 -234 -580 -55 -76 -482 -164 -220 533 -491 -438 -306 -263 -370 -58 -271 -310 -201 -573 -80 0
200 -293 -41 -164 -263 -494 -58 0
-159 -230 -370 -465 -575 -418 -416 -183 -494 -30 -269 -496 -126 -345 -234 -580 -55 -76 -482 -164 -220 533 199 -491 -438 -36 -306 -263 -146 -41 -39 0
6 -465 -263 -416 -30 -494 -269 -370 -575 -496 -345 -580 -55 -482 -220 -438 -201 -80 -143 -21 -562 -335 46 -218 -251 -138 -594 -532 -323 -196 -358 0
200 -510 -421 -438 -571 -424 -58 0
-159 -575 -318 -473 -580 -55 -383 -76 -482 -553 -220 -532 -323 -400 -143 -263 -370 -562 -21 -251 -218 -193 -241 -591 -438 -37 -491 -454 199 0
-533 -594 -565 -539 -424 -532 -218 0
-532 -251 -143 -263 -562 -21 -269 -335 -551 -358 -74 -427 -25 -47 0
437 -76 -55 -580 -484 0
-159 -292 -482 -269 -263 -438 -55 -580 -484 -370 -538 -4 -358 -138 -251 -427 -217 -533 -25 -335 -47 0
78 -424 -551 -66 -533 -90 -25 -414 -335 -55 -47 0
-251 -551 -335 -47 -358 -25 -44 -562 -269 -263 -427 -143 -21 -74 0
488 -284 -91 -397 -370 -535 -183 0
296 -533 -393 -220 0
485 -193 -296 -430 -580 -521 -55 -91 -397 -370 -535 -183 -76 0
221 -296 -589 -10 -55 -482 -76 -484 -430 -580 -521 -91 -397 -370 -535 -183 -331 -21 0
-533 -430 -589 -10 -143 -55 -95 -76 -40 -484 -580 -521 -91 -397 -370 -183 -393 -562 -220 -482 -331 -21 -551 -424 -218 0
203 -25 -562 -21 -427 -358 -335 -47 -269 0
534 -40 -562 -144 -292 -335 46 -218 0
-263 -517 -171 -144 -292 -562 -482 -269 -438 -55 -580 -484 -370 -159 -4 -358 -138 -427 -533 -25 -335 -47 -264 0
137 -305 -196 -84 0
486 -484 -21 -533 -335 -269 -562 -358 -427 -25 -47 -76 0
262 -143 -85 -533 -21 -551 -55 -589 -76 -484 -580 -521 -370 -562 -95 -482 -393 -424 -218 -11 -269 -416 -203 46 -335 -42 0
-159 -575 -264 -85 -533 -21 -55 -76 -484 -580 -370 -562 -482 -218 -11 -269 -416 -203 46 -335 -100 -489 -310 -552 -196 -68 -358 -80 -144 -491 199 -157 0
-532 -143 -223 -511 -515 -562 -335 46 -251 -269 -263 -455 -21 -496 -358 -427 -25 -47 -533 -424 0
-143 -190 -251 -223 -511 -515 -562 -335 46 -269 -263 -455 -21 -496 -358 -427 -25 -47 -533 -424 0
-484 -76 -335 -562 -269 -21 -358 -427 -25 -47 -533 0
-76 -533 -335 -269 -21 -358 -427 -25 -47 -562 0
48 -80 -358 -144 -4 -427 -335 0
-251 -484 -269 -263 -143 -562 -335 -358 -21 -427 -25 -47 0
-484 -263 -269 -562 -143 -335 -358 -21 -427 -25 -47 0
-263 -143 -269 -562 -335 -358 -21 -427 -25 -47 0
-484 -230 -482 -55 -580 -76 -287 -585 -392 -307 -34 -237 -573 -330 -64 -201 -159 -58 -438 0
-143 -25 -562 -335 -358 -21 -427 -269 -47 0
197 -264 -590 -21 -422 -217 -562 -252 -221 -138 0
-25 -562 -335 -358 -21 -427 -269 -47 0
25 -47 -335 0
142 -271 -222 -498 -21 -494 -567 -157 -190 -75 -68 -595 -535 -169 -96 -80 0
262 -222 -21 -195 -75 -202 -143 -498 -494 -567 -157 -190 -68 -595 -535 -169 -96 -80 0
-533 78 -335 -55 -47 -467 -30 -202 199 -263 -21 -75 -143 -157 -190 -68 -595 -535 -169 -96 -80 -295 -391 -218 -532 0
498 -165 -213 -494 -140 0
417 -76 -263 -143 -213 -391 -292 -335 -55 -47 -21 -595 -427 -580 -219 -96 -484 -269 0
-76 -263 -21 -427 -335 -358 -269 -55 -138 -47 -484 -143 -213 -580 -219 -96 0
48 -213 -484 -55 -580 -415 -421 -292 -532 -138 -196 -358 -269 -335 -427 0
252 -484 -358 -143 -335 -21 -427 -269 -55 -47 -580 0
-532 -40 -292 -335 -55 -47 -263 -533 -202 -467 78 -21 -30 -143 -157 -190 -68 -595 -535 -169 -75 -80 -295 -391 -218 199 0
294 -194 -331 -295 -220 -21 -567 -594 -518 -482 -341 0
360 -164 -594 -567 -212 -21 -317 -196 0
144 -538 -140 -21 -212 -567 -594 -295 -4 -358 -196 -292 -331 -220 -482 -474 -33 -384 -68 -75 -38 -589 -202 -80 0
-159 -594 -370 -292 -4 -68 -358 -95 -80 -143 -140 -21 -212 -295 -196 -482 -474 -75 -202 -515 -218 -335 -55 -47 -263 -533 -467 78 -30 -157 -190 -595 -535 -169 -391 199 0
-532 -43 -202 -533 78 -66 -90 -335 -55 -47 -263 -535 -292 -467 -21 -30 -143 -157 -190 -68 -595 -169 -75 -80 -295 -391 -218 199 0
203 78 -533 -424 -66 -90 -335 -55 -47 -43 0
-416 -533 -143 -263 -335 -55 -47 -21 -358 -427 -580 -76 -484 -269 0
293 -430 -193 -141 -591 -212 -263 -163 -40 0
139 -124 -580 -405 -571 -491 -438 -134 -358 -468 -472 -6 -307 -93 -55 -285 -382 -396 -212 0
28 -93 -181 -193 -285 -496 -430 -141 -580 -405 -571 -491 -438 -134 -358 -468 -472 -6 -307 -488 -55 -382 -212 -44 0
-93 -430 -21 197 -137 -488 -273 -181 -595 -285 -110 -13 -571 -310 -391 -34 -100 -496 -141 -580 -405 -491 -438 -134 -358 -468 -472 -6 -307 -55 -382 -212 -44 0
-80 -307 -100 -212 -137 -34 -141 -21 197 -310 -571 -488 -273 -181 -595 -285 -110 -391 -580 -405 -438 -134 -358 -468 -55 -292 -263 -12 -69 -95 48 -427 -335 -81 0
-533 -76 -580 -358 -55 -263 -427 -335 -269 -47 -21 -484 -143 0
77 -141 -212 -137 -100 -80 -21 197 -310 -488 -110 -580 -438 -358 -55 -263 -95 -427 -335 -81 -570 -47 -269 -432 -11 -484 0
296 -591 -137 -263 -169 -21 197 -483 -484 -76 -212 -80 -110 -580 -438 -358 -55 -95 -427 -335 -81 -570 -47 -269 -11 -333 -496 0
77 -141 -310 -165 -35 -335 -427 -570 -47 -11 -212 -137 -100 -80 -21 197 -342 -110 -580 -438 -358 -55 -263 -95 -81 -269 -484 -487 0
78 -487 -483 -580 -335 -484 -55 -47 0
360 -438 -335 -427 -47 -80 -21 -580 -484 -358 -55 -263 -269 -76 -143 0
-438 -80 -427 -335 -47 -358 -484 -21 -580 -55 -263 -269 -76 -143 0
438 -403 -47 -335 -427 0
-422 -455 -358 -489 -295 -21 -196 -437 -569 -404 46 -30 -571 -335 0
139 -407 -128 -395 -212 0
46 -140 -212 -358 -21 -437 -404 -335 -427 -580 -181 -55 -77 -47 -263 -269 -80 -484 0
422 -295 -341 -169 -220 -21 -482 -594 294 -595 197 -271 -430 -190 -11 -370 -424 -133 0
28 -472 -580 -55 -89 -467 -44 0
340 -110 -595 -271 -571 -263 -201 -60 -30 -580 -55 -89 -467 -44 0
-141 -340 -163 -292 -591 -193 -212 -263 -40 -140 0
297 -520 -370 -11 -133 -432 -218 -296 -220 -193 0
431 -487 -181 -382 -484 -55 -580 -415 -213 -292 48 -138 -196 -358 -269 -335 -427 -33 -89 -467 -44 -127 -30 -396 -284 -263 -110 -595 -271 -133 -190 -274 -520 -21 0
485 -484 -55 -580 -358 -269 -335 -427 -263 -21 -212 -80 -47 0
211 -571 -13 -220 -218 -285 -21 197 -472 -181 -595 -110 -391 -496 -141 -580 -405 -491 -438 -358 -468 -430 -6 -55 -382 -212 -44 -263 -591 -11 0
-393 -371 -580 -405 -571 -491 -438 -472 -358 -468 -55 -6 -218 -296 -220 -391 0
421 -35 -472 -55 -89 -44 -491 -29 -580 -125 -310 -132 -510 -135 0
432 -285 -13 -181 -571 -515 -534 -423 -472 -55 -89 -44 -491 -580 -125 -405 -438 -358 -468 -6 -218 -220 -391 -193 -11 0
-484 -212 -80 -21 -580 -358 -55 -263 -427 -335 -269 -47 0
-212 -80 -55 -47 -358 -21 -427 -269 -580 -335 -263 0
404 -213 -47 -55 -580 -415 -138 -292 -421 -532 -358 -269 -335 -427 0
-484 252 -47 -358 -335 -21 -427 -269 -55 -580 -213 0
212 -580 -47 -55 -335 -358 -21 -427 -269 0
211 -169 -143 -483 -95 -181 -227 -324 -193 -289 -536 -215 -431 -575 -402 -491 -11 -55 -580 -472 -496 -318 -141 0
57 -181 -285 -13 -580 -405 -371 -438 -472 -358 -468 -55 -6 -218 -220 -391 -572 -193 -427 -335 48 -431 -11 0
80 -472 -580 -55 -358 -427 -335 -269 -484 -47 -21 0
-80 -484 -358 -335 -21 -427 -269 -55 -47 -580 0
182 -489 -398 -536 -327 0
488 -297 -319 -506 0
-297 -489 -431 -402 -193 -95 -81 -69 -39 -143 -324 -319 -506 0
164 -340 -292 0
-484 -580 -427 -47 -335 -55 -358 -269 -21 0
-580 -55 -269 -47 -358 -21 -427 -335 0
-484 -520 -21 -358 -345 -55 -499 -47 -335 -427 -436 -76 -486 0
56 -404 -196 -358 -21 -4 -432 -499 -12 0
46 -55 -358 -21 -47 -335 -427 -269 0
144 -45 -203 -85 0
57 -136 -169 -292 -250 -229 -21 -311 -196 -358 -81 -28 -427 -335 48 -431 -499 -11 0
486 -487 -250 -21 -196 -358 -499 -55 -169 -292 -229 -311 -427 -335 48 -520 -404 -373 -415 0
403 -372 -499 48 -436 -250 -76 -5 -335 -427 -571 -442 -91 -283 -512 -292 -472 -481 -269 -466 -345 -29 0
11 -499 48 -436 -76 -335 -427 -229 -283 -292 -481 -373 -55 -250 -472 -269 -466 0
293 -552 -358 -79 -487 -373 -181 -94 -481 -40 0
403 -229 -250 -292 -21 -311 -196 -358 57 -11 -427 -335 48 -499 -373 -269 -481 -487 0
-55 -47 -427 -21 -358 -269 -335 0
592 -30 -58 -570 -490 -87 -21 -203 -551 -424 -218 -540 0
12 -293 199 -490 -594 -196 -404 -213 -437 -358 46 -335 -494 -165 -21 -218 -499 -345 -520 0
-293 -215 -575 -520 -10 199 -490 -594 -196 -404 -358 46 -335 -494 -21 -218 -499 -345 -486 -482 -292 0
12 -236 -21 -567 -594 -58 -570 -490 -424 -218 -552 -358 -4 -499 -404 -345 -520 0
500 46 -335 -250 -80 -571 -341 -164 -594 -160 -233 -552 -488 -326 -134 -358 -580 -372 0
46 -250 -335 -490 -358 -580 -499 -10 -21 -292 -269 -415 -427 -373 -25 0
374 -483 -485 -415 0
359 -318 -94 -212 -143 -250 -81 0
522 -94 -250 -81 -39 -143 -218 -21 -196 -358 -212 -472 -580 -499 -78 -438 -405 -344 -10 0
403 -510 -528 -248 -139 -236 -44 -405 -344 -132 -444 -212 -218 -81 -318 -33 -143 -499 -472 -94 -580 -250 -438 -137 0
202 -220 -478 -94 -42 -29 -552 -143 -75 -44 0
360 -42 -250 -169 -595 -94 -81 -39 -143 -478 -75 -499 -78 -438 -405 -528 -248 -139 -344 -444 -212 -218 -472 -580 -87 -21 -196 0
294 -201 -196 -47 -438 -218 -250 -499 -580 -143 -6 -358 -169 -595 -39 -478 -75 -78 -528 -444 -21 -10 -520 -402 -415 -373 -485 -292 -163 0
142 -5 404 -490 -138 -499 -197 -335 -54 -80 0
-427 -140 -306 -87 -82 -10 -324 -21 -401 -499 -437 -46 -403 -335 -25 -428 0
485 -587 -488 -532 -41 -234 -507 -564 -483 -468 -417 0
474 -532 -488 -437 -41 -564 -483 -417 -36 -309 -344 -230 -29 -146 -526 -76 -60 -46 -25 -335 -54 -306 -87 -82 -10 -324 -21 -401 -499 -403 -428 -444 -94 359 -143 -250 -81 0
-427 -131 -538 -421 -532 -204 -551 -488 -536 -372 -37 -499 -335 -437 -46 -403 -25 -306 -87 -82 -10 -324 -21 -401 -428 0
359 -94 -335 -488 -499 -403 -10 -21 -473 -230 -76 -143 -250 -490 -218 404 -196 0
144 -26 -427 -218 -250 -94 0
375 -522 -374 -416 -372 -398 -432 -335 -322 0
373 -568 -427 -335 -53 0
96 -263 -589 -193 -292 -374 -416 -372 375 -522 -335 -535 -401 -250 0
-486 -46 -488 -250 -94 -193 -374 -372 -335 -218 -344 -53 -427 -552 -204 -81 -143 -220 -499 436 0
142 -146 -575 197 -21 -444 -318 -496 -213 -141 -10 -488 -372 -536 -69 -552 -39 -204 -81 0
95 -444 -344 -218 -488 -196 -201 -438 -250 -499 -580 -143 -6 -358 -39 -478 -75 -78 -528 -21 -402 -485 -163 -318 -270 -335 -427 -496 -141 -575 197 -372 -69 -552 -204 -81 -324 -137 0
-46 -438 -552 -143 -81 -94 -344 -218 -488 -196 -204 -250 -499 -580 -6 -358 -21 -318 -335 -427 197 -372 -137 -374 436 0
46 -427 -335 -374 0
-438 -427 -143 -81 -94 -344 -218 -488 -196 -204 -250 -499 -580 -6 -358 -21 -318 -335 -552 197 -372 -137 -374 -437 0
-292 -522 -31 -495 -532 -159 -38 -486 -263 -193 -589 -374 96 -372 375 -473 -335 -535 -401 -250 0
-522 96 -486 -31 -495 -532 -159 -38 -263 -193 -589 -374 -372 375 -473 -335 -535 -401 -250 0
96 -424 -565 -263 -200 -159 -59 -29 -486 -44 -85 -344 -10 -31 -495 -532 -38 -193 -589 -374 -372 375 -473 -335 -535 -401 -250 0
484 -263 -41 -181 -564 -372 -483 -417 -69 0
-427 -94 -499 -358 -218 -344 -372 -230 -488 -137 -250 -29 -374 -473 -335 -552 -204 -81 -143 -403 -196 -580 -6 -21 -318 197 -437 0
-94 -196 -250 -143 -335 -499 -358 -403 -218 -580 -21 404 0
485 -157 -59 -264 -493 -204 -164 -552 -212 -535 -139 -67 0
-416 -74 -193 -454 -591 -59 -513 -493 -91 -437 -486 -204 -552 -212 -535 -139 -67 -488 -534 -218 -40 -183 -563 -344 -269 -481 -415 -335 0
533 -297 -507 -498 -234 -74 -423 -220 0
181 -454 -159 -200 -510 -218 -74 -423 -220 -493 -38 -552 -67 -145 -535 -574 -488 -215 0
157 -200 -59 0
532 -74 -498 -454 -178 -139 -59 -212 -263 -165 -40 -515 -294 0
373 -427 -218 -145 -535 -488 -437 -591 -204 -344 -335 -372 -10 -40 -87 -21 -196 -250 -358 -400 -76 -81 0
-292 -16 -473 -597 -250 -562 -163 -293 0
58 -512 -541 -161 -310 -478 -92 -571 -223 -263 -201 -29 0
132 -539 -6 -358 0
252 -134 -132 -422 -528 -218 -137 0
91 -226 -319 -575 -506 -512 -16 -161 -110 0
-427 -196 -21 -87 -137 -10 -250 -218 -6 -358 -591 -372 -95 -169 -582 -437 -81 -488 -344 -400 -499 -335 -403 -570 -374 -145 -535 -204 -40 -76 0
26 -495 -335 -159 -374 -60 -52 0
-495 -159 -87 -218 -73 -204 -199 -230 -21 -29 -60 -358 -137 -196 -335 -52 -25 -374 0
-159 -263 -40 -488 -372 -535 -204 -230 -437 -199 -60 -335 -81 -358 -21 -374 -196 -52 -25 -87 -218 -73 -29 -137 0
48 -52 -374 -335 0
-159 -60 -25 -40 -488 -372 -535 -204 -230 -437 -199 -335 -81 -358 -21 -374 -196 -52 -87 -218 -73 -29 -137 0
-196 -335 -218 -358 -21 -250 -499 -403 -143 -580 404 0
-47 -58 -490 -374 -6 -358 -528 -335 -52 0
373 -585 -194 -308 -84 -124 -276 -130 -185 -358 -401 -26 -218 -250 -143 -569 -335 0
-58 -86 -204 -143 -335 -374 -194 -84 -276 -358 -218 -250 -230 -490 -29 -528 -6 -52 0
131 -36 -437 -102 -309 -573 -126 0
539 -426 -566 -592 -218 0
430 -304 -194 -84 0
158 -592 -532 -483 -538 -181 -566 -218 -495 -268 -199 0
375 -234 -218 -563 -488 -486 -417 -437 -268 -157 -538 -566 -199 -26 -52 -335 0
-335 -250 -218 -358 -143 -21 -499 -403 -580 404 0
-25 -58 -29 -358 -21 -204 -6 -490 -143 -52 -47 -569 -26 0
-58 -159 -182 -372 -488 -358 -79 -437 -143 -204 -569 -250 -76 -218 -47 -29 -21 -6 -490 -52 -26 0
422 -74 -204 -45 -87 -21 -552 -534 -426 0
-159 -79 -204 -218 -358 -21 -26 -250 -143 -569 -47 -29 -182 -372 -488 -437 -76 -6 -490 -52 0
-58 -39 -358 -10 -182 -79 -270 -26 -218 -250 -143 -481 -415 -569 -499 436 -329 -495 -47 -201 -157 -60 -29 -21 -204 -6 -490 -52 0
373 -569 -21 -358 -10 -143 -137 -218 -499 -26 -47 -182 -250 -329 -29 -204 -6 -490 -437 -372 -488 -76 0
360 -226 -110 -326 -214 -234 -182 -488 375 -372 -27 -438 -582 -405 -39 -137 -495 -250 -521 -416 -535 -92 -40 -263 -204 -237 -87 -21 -197 0
213 -294 -473 -317 -164 0
-58 -52 -182 -204 -473 -358 375 -372 -582 -405 -137 -250 -21 -344 -10 -499 -437 -329 -26 -218 -143 -569 -47 -29 -6 -490 -488 0
-52 -26 -10 -499 -437 -372 -218 -250 -143 -569 -47 -29 -182 -204 -473 -358 375 -582 -405 -137 -21 -344 -329 -6 -490 -488 0
415 -312 -510 -437 -440 -488 -483 -182 -269 0
268 484 -483 -263 -372 -417 -535 -250 -94 -400 -324 -10 0
484 -324 -432 -400 -193 -94 -589 -535 -583 -488 -182 -269 -483 -263 -372 -417 -250 -10 -576 -513 0
-250 -580 -143 -358 -218 -499 -405 -403 -21 0
201 -170 -109 -562 -263 -591 -534 -309 -423 -230 -36 -528 -372 -358 -81 -374 -485 -52 -437 -427 -158 0
269 -290 -182 -574 -488 -81 -536 -39 -21 -69 -198 -372 -322 -52 -374 -344 -417 0
-47 -58 -211 -84 -562 -488 -10 -182 -574 -21 -198 -372 -52 -374 -344 -499 -493 -437 -109 -534 -423 -230 -528 -358 -427 -94 -490 -143 -76 -473 -570 -46 -6 0
-58 -334 -344 -10 -84 -198 -21 -94 -143 -488 -570 -230 -374 -182 -490 -29 -528 -372 -211 -562 -574 -52 -499 -493 -437 -109 -534 -423 -358 -427 -76 -473 -46 -6 0
-417 -416 -182 -574 -488 -81 -290 -536 -21 -69 -198 -372 -322 -52 -374 -344 -270 -157 0
417 -170 -262 -273 -270 -372 -157 -285 -69 -437 -562 -485 -499 -78 0
158 -383 -211 -516 -294 -218 -204 -45 -87 -21 -552 -534 -427 -493 -199 0
183 -81 -211 -102 -499 -493 -437 -157 -218 -204 -45 -21 -427 -199 -372 -10 -562 -182 -574 -488 -534 -198 -52 -374 -344 -262 -273 -94 -143 -76 -570 -46 -334 0
201 -537 -204 -45 -21 -534 -423 -358 -94 -81 -143 -374 -570 -52 -427 0
-81 -52 -372 -344 -10 -84 -21 -198 -374 -437 -427 -157 -199 -204 -45 -534 -423 -358 -94 -143 -570 -488 -182 -211 -102 -499 -493 -218 -562 -574 -262 -273 -76 -46 -334 0
25 -182 -198 -570 -204 -358 -143 -372 -344 -10 -84 -374 -437 -534 -423 -94 -488 -21 -211 -499 -218 -562 -273 -76 -29 -230 -490 -528 -109 -473 -6 0
-52 -47 -490 -374 -6 -358 -528 -335 0
-182 -488 -218 -344 -21 -84 -562 -358 -374 -198 -490 -6 -528 -27 -570 -204 -143 -372 -10 -437 -534 -423 -94 -211 -499 -273 -76 -29 -230 -109 -473 0
200 -67 -10 -21 -372 -198 -84 -52 -38 -427 -159 0
60 -192 -198 -276 -21 -84 -143 -273 -204 -225 -262 -29 0
520 -200 -21 -534 -423 -358 -94 -81 -143 -374 -570 -52 -427 -29 -204 -159 -59 -198 -276 -84 -273 -225 -93 -67 -372 -269 0
20 430 -84 -198 0
416 -594 -21 -562 -294 -534 -249 -94 -519 -143 -427 373 -335 -52 -198 -84 -10 -423 -358 -81 -374 -570 -29 -204 -59 -276 -273 -225 -372 -269 -493 -437 -284 -486 0
417 -225 -29 -59 -204 -94 -143 -427 373 -335 -52 -198 -534 -21 -84 -294 -10 -562 -269 0
520 -427 -570 -143 -21 -534 -423 -358 -94 -374 -52 -29 -204 -159 -59 -198 -276 -84 -273 -225 -93 -67 -372 -269 0
-52 -562 -21 -534 -94 -143 -335 -198 -84 -10 -423 -358 -374 -570 -29 -204 -276 -273 -372 -269 -437 -284 -482 -230 -528 -76 -27 -6 -490 0
-580 -405 -358 -143 -218 -499 -21 -403 0
197 -269 -77 -436 -405 -29 -437 -491 -570 -427 -374 -358 -52 0
-10 -94 -486 -374 -273 -276 -334 -218 -26 -427 -84 -143 -269 -430 -86 -11 0
87 -427 -29 -159 -334 -570 -204 -143 0
-335 -323 -374 -400 -334 -403 438 -427 0
196 -269 -77 -46 -334 -403 438 -427 -374 -218 -26 -143 -11 -87 -137 -21 0
-94 -269 -11 -574 -306 -229 404 -138 -5 -499 -197 -54 -80 -334 -403 438 -427 -570 -143 -95 -218 -26 0
-269 -427 -499 -403 -143 -218 -358 -52 -21 -405 0
-335 -87 -21 -11 -521 404 -499 -427 -416 -491 157 -334 -403 438 0
-427 -52 -358 -499 -405 -143 -21 -403 -218 0
196 -94 -532 -538 -372 -11 -358 -324 -81 -401 -143 -421 -527 -250 -137 -21 0
-200 -124 -102 -491 -29 -571 -436 -59 -199 0
-94 -417 -486 -483 -102 -181 -491 -29 -269 -59 -159 -436 -199 -250 -143 -229 -81 -527 -358 -137 -197 -532 -538 -372 -11 -324 -401 -421 -21 0
198 -200 -491 -29 -102 -436 -59 -199 -131 -81 -527 -358 -137 0
-200 -483 -592 -532 -181 -538 -218 -495 -199 -87 -137 -21 -197 -491 -29 -436 -59 -81 -527 -358 -437 0
375 -269 -358 -372 -472 -487 -491 -29 -6 -592 -218 -199 -137 -21 -436 -437 -143 -229 -11 -48 -25 -335 -52 0
144 -374 -45 -74 -21 -593 -427 -269 -143 -358 -405 -5 -573 -81 -494 -437 -26 -335 -569 -94 0
-218 -372 -269 334 -495 -565 -335 -159 -59 -29 -200 -85 -193 -589 -374 375 -486 -401 -94 -585 -137 -552 -262 -143 -358 -499 -405 -21 -582 -202 -56 -134 -421 -534 -219 0
-372 -582 197 -21 -589 -262 -585 -202 -56 -499 -134 -534 -421 -269 334 -495 -335 -159 -59 -29 -200 -85 -374 375 -486 -401 -94 -552 -143 -358 -405 -219 0
438 -552 -207 -468 -374 -269 334 -77 -56 -262 -202 -499 197 -21 -589 -585 -134 -534 -495 -335 -159 -59 -29 -200 -85 375 -401 -94 -143 -358 -405 -219 -510 -310 0
-374 -198 -262 -269 -335 -159 -59 -29 -200 -401 -94 -143 -358 -405 -77 -468 -126 -21 -26 -5 -53 -490 -573 -569 -427 -81 -45 -74 -593 0
-218 -295 -343 -194 -416 -482 -499 -183 -269 -486 -69 -550 -426 -532 -427 144 -26 -94 -217 0
20 -372 -416 -486 -343 -69 -426 -482 -499 -183 -269 -427 144 -26 -94 -217 -45 -74 -21 0
197 -131 -527 -358 -136 0
-198 -77 -426 -269 -427 -26 -94 -45 -74 -21 -527 -358 -335 -569 -573 -143 -405 -81 -262 -159 -59 -29 -200 -401 -468 -126 -5 -53 -490 -593 0
-335 -94 -143 -81 -26 -358 -53 -426 -269 -427 -569 -45 -74 -21 -573 -405 -262 -159 -59 -29 -200 -468 -126 -490 -593 -46 0
532 -562 -182 -415 -269 -382 -211 -165 -593 -539 0
142 -235 -74 -21 -593 -426 -539 -182 -415 -269 -382 -165 -252 -217 -569 0
-218 -562 -41 -262 -204 201 -81 -21 -374 -45 -358 -94 -143 -570 -52 -427 -87 -532 -269 -405 -217 0
-94 -45 -21 -262 201 -81 -358 -143 -427 -269 -405 -126 -46 -59 -29 -200 -468 -490 0
373 -5 -358 -427 -269 -143 -218 -52 -21 -405 -81 0
47 -566 -169 -269 -563 -593 -87 -539 -21 -198 -358 -137 -573 -405 -81 -375 -427 -143 -218 -52 -400 0
533 -480 -225 -40 -87 -21 -262 -45 -204 -358 -427 -269 -143 -218 -405 -81 -375 25 -169 -563 -593 -198 -137 -573 -400 -426 -423 0
-218 -87 -21 -45 -204 -358 -74 -426 -225 -40 -262 -427 -269 -143 -405 -81 -169 -593 -573 -400 -494 -53 -250 -26 -217 0
-374 -52 -405 -29 -437 -269 -358 -427 -225 -480 144 -45 -46 -21 -198 -138 -573 -81 -375 0
-52 -95 -251 -564 -533 -21 -32 -269 -437 -138 -400 58 -200 -81 -29 -358 -427 144 -494 0
58 -269 -21 -200 -81 -29 -358 -427 -143 -59 0
-405 -375 -358 -427 -269 -143 -218 -52 -21 -5 -81 -403 0
373 -252 -165 -269 -534 -484 -423 -77 -580 -310 -5 -571 -358 -81 0
196 -220 -498 -204 -74 -264 -21 0
-533 -183 -482 -269 -264 -74 -323 -580 -501 -401 -5 -427 -218 -26 144 -456 -358 -138 -21 -198 -498 -534 0
19 -501 -204 -5 -74 -358 -221 -198 0
202 -539 -593 -5 -165 -358 -211 -536 -498 -69 -295 -484 -194 -77 -591 -580 -264 0
-52 -218 -358 -264 -21 -269 -427 -223 -456 -492 -143 -38 -81 -571 -437 -403 -494 -48 0
359 -568 -427 -25 -143 -48 -81 -6 0
-499 -87 -358 -466 -223 -456 -218 -65 -21 -551 -196 -427 -25 -143 -48 -81 -124 -100 -492 -414 -437 -403 -500 0
-533 -11 -370 -324 -535 -400 -94 -250 -383 -483 -124 -132 -163 -539 -532 -565 -424 -218 0
485 -535 -370 -91 -269 -440 -437 -312 -182 -483 -510 -417 0
486 197 -21 -192 -269 -297 -182 -440 -510 -580 -11 -312 -55 -437 -76 0
138 -67 -535 -370 -94 -11 -430 -250 -21 197 0
252 -293 -40 -563 -94 0
360 -370 -40 -55 -580 -437 -21 -269 -91 -424 -124 -218 -571 -81 -143 -494 -456 -87 -373 -25 -427 -358 -48 -551 -196 -4 0
26 -55 -21 -358 -427 -269 0
203 -218 -427 -25 -21 -358 -269 -143 -81 -437 -424 -124 -571 -494 -456 -373 -48 -196 -466 -223 -65 -100 -492 -403 -264 -43 0
-26 -94 -427 144 -218 -25 0
26 -499 -358 -21 -427 -269 -373 -25 -48 0
144 -218 -427 -25 -358 -21 -269 -373 -48 -203 0
96 -82 -274 -191 -193 -269 -296 -182 -489 -324 -535 -400 0
-533 -417 -269 -94 -250 -193 -182 -324 -535 -400 -137 -526 -600 -132 -588 -440 -312 -565 -163 -539 -220 -510 -532 -424 -218 0
181 -171 -589 -430 -21 197 -600 -476 -312 -348 -510 -301 -440 -515 -488 -483 0
96 197 -21 -297 -192 -269 -182 -589 -600 -476 -312 -348 -510 -440 -515 -483 -324 -186 -535 -400 0
270 -580 -437 -312 -489 -600 -182 -170 0
-218 -269 -437 -21 -424 -494 -427 -358 -48 -223 -456 -403 -43 -571 -81 -143 -124 -466 -65 -100 -492 -264 -38 0
-25 -499 -403 -48 -569 -143 -81 -358 -197 -26 -427 0
374 -487 -591 -498 -204 -264 -21 -517 -499 -437 -427 -197 -481 -403 -52 0
-499 -138 -403 -197 -437 -81 -264 -21 -427 -170 -143 -269 -569 -182 -494 -48 -358 -26 0
-25 252 -94 -269 -21 -55 -328 -492 -264 -569 -202 -143 -81 -358 -197 -26 -427 0
252 -182 -143 -269 -81 -569 -264 -358 -48 -94 -21 -328 -492 -197 -26 -427 -403 -437 -494 0
-25 -136 -143 -81 -403 -358 -569 -197 -26 -427 0
374 -591 -264 -517 -204 -481 -487 -498 -21 -437 -427 -197 -403 -52 0
-182 -94 -21 -143 -29 -197 -437 -81 -427 -269 -569 -494 -358 -26 60 -251 -328 0
-25 -94 -251 -269 -21 -328 -492 -264 -569 -143 -81 -358 -197 -26 -427 -403 -48 0
-55 -499 -437 -403 -56 0
404 -519 -591 -170 60 -21 -143 -204 -198 -29 -269 -10 -580 -527 -499 -197 -572 -79 -5 0
373 -499 -422 -204 -424 -437 -591 -170 60 -21 -143 -29 -269 -10 -580 -527 -197 -5 -571 -358 -482 -81 0
-499 -326 -32 -591 -87 -204 -498 -21 -437 -38 -427 -197 -81 -52 -375 -422 -424 -170 60 -143 -29 -269 -527 -5 -571 -358 -482 -77 -56 0
-94 -197 -533 -21 -32 -81 -358 -437 -38 -427 -422 -424 60 -143 -29 -269 -571 -569 -494 -251 -328 -26 -219 0
-79 -499 -422 -204 -424 -437 -403 -197 -138 -527 -5 -571 -358 -81 0
-499 -591 -564 -264 -169 -533 -204 -269 -21 -427 -197 -403 -422 -424 -437 -138 -571 -358 -81 -400 -334 -494 -48 -56 -569 -143 -26 0
360 -197 -48 -427 -4 0
196 -564 -213 -269 -317 -473 -533 -32 -373 -74 -204 -264 -21 -400 -403 -494 -48 -87 -138 -427 0
-25 -488 -533 -303 -269 -223 -456 -194 -21 -12 -87 -236 -328 -334 -143 -81 -403 -358 -569 -197 -26 -427 0
-197 -533 -269 -21 -328 -143 -81 -358 -569 -26 -427 -32 -494 -38 -422 -424 -437 -571 -251 60 -29 -219 0
-55 334 -269 -374 -535 -263 -417 -372 -483 -94 -251 -382 197 -358 -527 -124 -100 -437 -492 -499 -57 0
47 -40 -483 -417 -251 -466 -472 -231 -582 -269 -374 -535 -263 -372 -382 197 -358 -124 -100 -437 -492 -499 -57 -143 -569 -336 0
-55 -417 -483 -533 -539 -40 -132 -124 -251 -137 -143 -100 -526 -569 -437 -231 -492 -76 -499 -57 0
-94 252 -182 -247 -483 -163 -563 -40 -269 0
481 -216 -522 -576 -269 -513 -182 0
252 -15 -506 -91 -422 -576 -533 -163 -513 -483 -522 -269 -182 -583 -589 -143 -247 -563 -40 0
573 -539 -533 -483 -485 -163 -132 -432 -526 -21 197 -251 -506 -91 -422 -576 -513 -522 -269 -182 -583 -589 -143 -247 -40 -417 -440 -437 -488 -510 0
203 -163 -269 -143 -81 -571 -21 197 -440 -437 -466 -231 -492 -124 -100 -499 218 -25 -48 -535 -358 -373 -403 -264 -43 0
-25 -499 -81 -403 -143 -269 -571 -21 197 -440 -437 -466 -231 -492 -124 -100 218 -48 -358 -264 -43 -480 -494 -427 0
482 -165 -593 -65 -565 -552 -424 -422 -286 -533 -251 -137 -527 -231 -580 -100 -437 -486 -269 -335 0
481 -443 -318 -472 -574 -466 -513 -486 0
138 -580 -231 -499 -527 -403 0
416 -472 -165 -580 -294 -437 -564 -486 0
292 -472 -318 -213 -165 0
-499 -264 -269 -437 -231 -403 -466 -65 -424 -100 -492 -143 -427 -494 -48 -81 -571 -21 197 -440 -124 218 -358 -43 -480 0
-292 -213 -269 -485 -85 -43 -55 -90 -580 -466 -318 -129 -422 -182 -533 -163 -293 0
252 -485 -437 -182 -483 -510 -269 -571 -344 -132 -417 -539 -422 -533 -440 -85 -43 -55 -90 -580 -466 -318 -129 -163 -293 0
482 -43 -90 -55 -466 -76 -182 -269 -417 -163 -422 -533 -539 -231 -132 -526 -137 -251 -437 -483 -510 -571 -344 -440 -85 -580 -318 -129 -153 0
-269 -81 -21 -358 -143 -427 -29 -200 -59 0
159 -59 -200 0
484 -416 -427 -269 -48 -375 -483 -485 0
415 -182 -336 -375 -269 0
373 -53 -427 -568 -48 0
218 -293 -163 -67 -533 -29 -485 -375 -269 -483 -427 -48 -403 -568 0
415 -182 -483 -375 -269 0
-182 -293 -580 -485 -67 -94 -551 -55 -533 -269 -200 -218 -48 -427 -483 -568 -375 0
-293 -485 -568 -26 -533 -375 -483 -580 -427 -67 -94 -551 -55 -269 -200 -48 -163 -29 0
-485 -483 -509 -580 -317 -573 -427 -29 -269 -437 -67 -55 -375 -358 -21 -494 -163 -568 -533 -94 -551 -200 -48 0
-340 -292 -163 0
-483 -55 -589 -202 -85 -580 -163 -573 -200 -59 -29 -375 -67 -509 -317 -427 -358 -21 -568 -533 -94 -551 -48 0
374 -334 -568 -26 -427 0
181 -55 -580 -437 -486 -48 -427 -375 -568 -26 -269 0
373 -294 -533 -163 -568 -494 -335 -427 0
47 -29 -42 -468 -202 -472 -81 -538 -212 -137 -568 -250 -217 -25 -4 0
197 -370 -161 -520 -511 -517 -12 -431 -333 -194 -21 0
-55 -520 -48 -427 -81 -511 -517 -220 -533 -141 -212 -489 -472 -421 -250 -580 -494 -217 -568 -25 -78 -405 -374 -42 -468 -538 -438 0
481 -48 -427 -568 -25 -374 -405 -81 -533 -580 -417 -163 -269 -485 -293 -182 0
-292 47 -580 -485 -29 -437 -202 -81 -137 -568 -25 -4 -563 -533 -163 -293 0
498 -295 -393 -533 -74 0
581 -141 -527 -137 -252 -196 -496 -393 -533 -74 -540 -593 -163 -340 -489 -472 0
486 -472 -59 -492 -29 -55 -580 -527 -137 -252 -196 -496 -393 -533 -74 -540 -593 -163 -340 -489 0
484 -77 -55 -437 -580 0
359 -442 -344 -216 -576 -527 -520 -137 -316 -196 0
490 -100 -310 -81 -360 -344 -216 -520 -137 -316 -29 -427 -25 47 0
359 -252 -211 -137 -316 -196 0
251 -597 -169 -111 -94 0
-335 -137 -81 -533 -580 -55 -344 -29 -427 -25 -437 -163 -485 -568 -293 -269 -182 -48 482 -336 -374 0
582 -76 -485 -437 -55 0
294 -382 -414 -370 -206 -29 -488 -285 -58 -182 -157 -69 -269 -202 -100 -417 -211 -293 -562 -533 -163 0
474 -285 -359 -593 -211 -163 -533 -293 -414 -370 -206 -29 -488 -4 -58 -182 -157 -69 -269 -202 -100 -417 -562 -32 0
360 -540 -131 -4 0
486 -131 -200 -58 -81 -359 -4 -533 -163 -473 -593 -211 -293 -414 -370 -206 -29 -488 -182 -269 -202 -417 -562 -32 -437 0
250 -12 -593 -163 -202 -495 -329 -58 -200 -144 -81 -4 -533 -293 -437 -417 -485 -473 -414 -370 -206 -29 -488 -182 -269 -526 -196 -219 -137 0
484 -211 -393 -58 -533 -74 -495 -163 -29 -250 -562 -437 -417 0
270 -16 -69 -370 -384 -110 -516 -597 -182 -169 0
164 -506 -141 -144 -496 -393 -533 -74 -488 -182 -269 -69 -370 -516 -518 -230 -137 -526 -540 -4 -48 -427 -424 -358 -211 -196 -562 -473 -250 -340 0
-59 -211 -182 -269 -393 -533 -74 -417 -562 -250 -488 -163 -141 -144 -69 -370 -516 -518 -230 -137 -526 -540 -4 -48 -427 -358 -196 -473 -340 -468 -495 -200 -29 -157 -58 0
-211 -358 -393 -533 -74 -488 -182 -269 -370 -516 -518 -230 -137 -526 -540 -4 -48 -427 -144 -196 -562 -473 -250 -340 -495 -163 -417 -200 -29 -58 -437 -485 0
359 -139 -485 -437 -393 -533 -74 -488 -269 -182 -516 -382 -222 -202 -473 -144 -316 -196 -81 0
438 -552 -488 -152 -182 -339 -516 -288 -382 -393 -125 -29 -58 -485 -157 0
-358 -516 -370 -182 -269 -250 -29 -488 -393 -533 -74 -485 -437 -152 -288 -58 -518 -495 292 -163 -593 -230 -540 -526 -4 -222 -202 -473 -144 -196 -81 -137 -48 -427 -417 -200 0
165 -157 -58 -200 -269 -572 -417 358 -40 -293 -94 -540 -250 -593 -211 0
268 -233 -506 -488 -16 -182 -94 251 -597 0
-211 -516 -370 -58 -182 -269 -488 -94 -40 -562 -533 -473 -250 -340 -163 -200 -572 -417 358 -293 -540 -593 -437 -485 -393 -74 -495 -29 0
563 -139 -437 -495 -485 -269 -393 -533 -74 -417 0
270 -157 -572 -382 -200 -29 -516 -58 -182 -130 0
-157 -425 -200 -58 -550 -537 -488 -182 -269 -572 -382 -29 -516 -130 0
534 -12 -512 -417 -163 -485 -182 -329 -495 -437 -269 -200 -58 -488 -29 -533 -250 -293 -74 -370 -473 -593 -144 -81 -152 -288 -518 -230 -526 -4 -202 -196 -137 -48 -427 0
-393 -100 -437 -139 -485 -496 -295 -533 -74 -391 0
-59 -295 -202 -165 -494 -213 -496 -414 -437 -139 -485 -533 -74 -391 -426 -408 -468 -200 -127 -29 -157 -58 0
268 -144 -96 -370 -12 -48 -427 -4 -458 -359 -598 -510 -220 -139 -485 -437 -496 -533 -74 -391 -492 -157 -202 -165 -494 -213 -414 -426 -408 -468 -200 -127 -29 -58 -234 -488 -182 0
44 -65 -89 -551 -414 -202 0
-55 -48 -269 -427 -485 -533 -182 -163 -293 -417 -81 -580 -25 -405 -568 482 -336 -374 0
211 -141 -400 -10 -293 -264 -144 -43 -204 -74 -496 -324 -437 -495 -485 -269 -393 -533 -417 0
203 -141 -171 -308 -100 -214 -400 -393 -522 -324 -533 -74 -496 -10 -518 -395 -144 -43 0
486 -393 -372 -10 -359 -81 -496 -144 -74 -204 -171 -308 -100 -214 -400 -537 -522 -324 -533 -518 -43 -283 0
-393 -297 -533 -74 -496 -100 -437 -485 -372 -10 -359 -81 -144 -204 -171 -308 -214 -400 -537 -522 -324 -518 -43 -283 0
203 -563 -293 252 -264 -144 0
202 -359 -81 -551 -144 0
270 -137 -264 -269 -81 -59 -427 -29 -200 -144 -204 -424 -593 -293 -219 -533 -74 -496 -100 -437 -485 -372 -10 -308 -324 -518 -43 -6 -48 -488 -336 -182 0
203 -540 -6 -48 -593 -163 -196 -213 -137 -252 -169 -597 -571 -92 -81 -264 -144 0
-393 -456 -223 -478 -219 -535 -58 -533 -74 -495 -163 -29 -437 -417 -38 -81 -264 -144 -204 -6 -48 -593 -196 -137 -169 -571 -285 -193 -485 -293 -295 -139 -563 -496 -100 0
-59 -437 -533 -58 -163 -29 -293 -417 -81 -48 -485 -10 -182 -269 -427 -324 -518 -336 -25 -580 -499 -568 -405 -490 -157 0
59 -490 -427 -374 -568 -48 0
500 -437 -580 -405 0
250 -29 -572 -48 -533 -59 -163 -437 -293 -417 -81 -485 -10 -182 -269 -427 -324 -518 -336 -25 -580 -499 -568 -405 -490 -359 -393 0
-58 -29 -533 -163 -437 -293 -417 -81 -48 -485 -10 -182 -269 -427 -324 -518 -336 -25 -580 -499 -568 -405 -490 -59 0
-29 -143 -269 -81 -10 -427 -59 -182 -589 -336 -25 -263 -48 -533 -163 -437 -293 -417 -485 -324 -518 -580 -499 -568 -405 -490 0
60 -507 -393 -533 -74 -234 -496 -423 -139 -219 -252 -136 -163 -48 -6 -540 -572 -427 -125 -568 -307 -490 0
203 -496 -59 -393 -533 -74 -48 -163 -427 -568 -490 -293 -417 -485 -437 -405 -269 -81 -10 -182 -336 -25 -324 -518 -580 -499 -144 0
-29 -288 -393 -437 -485 -496 -533 -74 -308 -152 -206 -235 -182 -412 -336 -76 -43 -200 -48 -163 -293 -417 -81 -10 -269 -427 -324 -518 -25 -580 -499 -568 -405 -490 -59 0
-496 -437 -485 -412 -405 -393 -533 -74 -152 -206 -182 -336 -76 -48 -163 -293 -417 -81 -10 -269 -427 -324 -518 -25 -580 -499 -568 -490 -59 -144 0
496 -74 -25 -427 -59 0
-200 -158 -59 0
26 -48 -374 -427 0
-29 -74 -269 -81 -59 -427 -200 -220 -297 -10 -182 -336 -48 -533 -163 -293 -417 -485 -324 -518 -25 -580 -499 -568 -405 -490 0
-48 -568 -269 -81 -427 -182 -336 -533 -163 -293 -417 -324 -25 -580 -485 -405 -374 -483 0
-393 -74 -163 -6 -324 -143 -39 -580 -489 -402 -81 -500 -520 -69 -141 -218 -496 -563 -533 -594 -392 0
393 -225 -454 -528 -269 -335 -47 -427 -580 -131 -57 -6 -324 -143 -39 -489 -402 -81 -500 -520 -69 -218 -563 -533 0
-437 -454 -81 -39 -324 -580 -489 -402 -520 -218 -496 -563 -533 -163 -6 -594 -143 -528 -269 -335 -47 -427 -57 -309 -28 -485 -405 -438 0
-59 -528 -81 -405 -344 -575 -216 -489 -6 -196 -580 -324 -402 -218 -496 -563 -533 -163 -594 -143 -269 -335 -47 -427 -485 -491 159 -60 0
-499 -393 -100 -437 -485 -496 -489 -533 -74 -391 -580 -520 -500 0
430 -473 -81 -575 -218 -216 -533 -293 -563 -520 -163 -344 -143 -580 -506 -402 -489 -324 -100 -437 -485 -496 -393 -74 -391 0
80 -473 -483 -163 -511 -580 -575 -55 -216 -491 -520 -36 -370 -310 -69 -571 -39 0
492 -511 -575 -483 -163 -318 -473 -580 -55 0
-393 -74 -516 -571 -310 -491 -575 -483 -163 -580 -69 -39 -81 -216 -520 -218 -293 -563 -344 -143 -402 -489 -324 -100 -437 -485 -496 -533 -6 -500 -468 -29 -141 -594 0
492 -359 -132 -212 -383 -33 -472 -580 -308 -55 0
-358 -212 -383 -33 -472 -580 -489 -297 -220 -427 -335 -47 -484 -269 -55 -359 0
-74 -484 -39 -552 -81 -580 -489 -427 -335 -47 -263 -269 -571 -310 -491 -6 -324 -143 -402 -500 -520 -516 -163 -218 -563 -533 -100 -575 -483 -216 -293 -344 -437 -485 -496 -29 -594 -75 0
-499 -358 -221 -520 -218 -143 -580 -405 -403 -297 0
-358 -69 -143 -39 -81 -218 -489 -293 -563 -533 -297 -263 -221 -203 -427 -335 -47 -580 -484 -269 -520 -405 -403 0
250 -563 -533 -293 -218 0
95 -218 -293 -533 -563 0
-358 -496 -143 -39 -81 -218 -489 -293 -563 -533 -263 -427 -335 -47 -580 -269 -520 -405 -552 -571 -491 -6 -324 -402 -516 -163 -575 -483 -216 -344 -485 -29 -594 -75 -438 0
-499 -438 -580 -78 -500 -324 -143 -39 -489 -402 -81 -95 -520 0
48 -293 -533 -81 -580 -427 -269 -324 -483 -163 -485 -405 -182 -374 -336 -25 0
100 -29 -58 -437 -157 0
532 -496 -329 -200 -87 -490 -157 -20 -269 -81 -143 -427 -358 -286 -74 -499 -485 -437 -489 -533 -576 -580 -520 -58 -318 -405 -137 -251 -563 -163 -516 -293 0
534 -137 -251 -526 -563 -4 360 -293 0
-358 -157 -495 -293 -329 -200 -87 -490 -163 -269 -81 -143 -427 -286 -74 -499 -485 -437 -489 -533 -576 -580 -520 -58 -405 -251 -563 -516 -526 -4 -48 0
532 -157 -405 -58 -344 -38 -520 -372 -32 -130 -473 -539 -516 -422 -163 0
-489 -520 -163 -251 -593 -74 -533 -293 -405 -58 -495 -32 -422 -81 -329 -200 -87 -490 -269 -143 -427 -286 -499 -485 -437 -576 -580 -526 -4 -48 -417 -182 0
-358 -563 -81 -143 -427 -200 -405 -58 -159 -251 -495 -593 -269 -163 -539 -422 -293 -533 -526 -4 -48 -359 0
534 -563 -171 -91 -96 -163 -160 -251 -593 -234 -473 -539 -422 -293 0
-563 -133 -539 -422 -533 -171 -91 -96 -163 -160 -251 -593 -234 -473 -293 -81 -143 -427 -200 -405 -58 -159 -495 -269 -526 -4 -48 -359 0
-520 -437 -58 -200 -422 -485 -533 -417 -495 -269 -74 -96 -163 -251 -593 -293 -81 -143 -427 -405 -526 -4 -48 -483 -182 -32 -329 -87 -490 -286 -499 -576 -580 0
532 -572 -591 -286 -518 -490 -200 -58 -230 -159 -526 -251 -495 -130 -508 -563 -163 -539 -422 -293 0
-563 -518 -230 -171 -526 -96 -163 -251 -593 -134 -539 -422 -293 -533 -591 -286 -490 -200 -58 -159 -495 -81 -143 -427 -405 -269 -4 -48 -359 0
-437 -499 -417 -526 -96 -163 -251 -593 -422 -293 -533 -591 -286 -490 -200 -58 -495 -81 -143 -427 -405 -269 -4 -48 -483 -182 -74 -32 -329 -87 -485 -576 -580 0
292 -563 -96 -251 -42 0
-563 -136 -196 -251 -87 -74 -45 202 -533 -293 -96 -42 0
-499 -87 -163 -293 -269 -533 -417 -196 -251 -495 -74 -96 -204 -405 -580 -200 -526 -593 -422 -591 -286 -490 -58 -81 -143 -427 -4 -48 -483 -182 -32 -329 -485 -576 0
534 -563 -81 -526 -196 -137 -251 -571 -293 -4 0
-563 -591 -286 -518 -490 -200 -58 -230 -526 -251 -495 -163 -422 -293 -81 -269 -143 -427 -29 -59 -560 -32 -473 -533 -196 -137 -4 0
-143 -286 -485 -269 -417 -182 -490 -200 -58 -526 -251 -495 -163 -422 -293 -81 -427 -32 -533 -196 -4 -329 -580 -76 -405 -74 -593 -48 -483 -576 -142 0
501 -157 -200 -58 -426 -263 -81 -144 -203 -4 0
158 -472 -580 -426 -405 -203 -485 -76 -490 -200 -501 -58 0
-292 -563 -358 -490 -405 -4 -580 -76 -485 -182 -269 -37 -200 -203 -58 -81 -144 -95 -251 -422 -495 -526 -533 -163 -293 0
137 -490 -405 -200 -580 -4 -358 -526 -48 -427 0
-563 -526 -81 -533 -196 -137 -251 -571 -293 -4 -358 -490 -405 -580 -76 -485 -182 -269 -37 -200 -203 -58 -144 -95 -422 -495 -163 0
-292 -144 -269 -81 270 -427 -200 -137 -593 -293 -219 -533 -74 -485 -324 -518 -48 -336 -182 -490 -58 -580 -203 -4 -438 -405 -76 -422 -495 -562 -163 0
-59 -232 -343 -487 -405 -295 -438 -498 -25 -427 -74 -200 0
-293 -182 -25 -427 -533 -269 -81 -485 -324 -336 -405 -580 -163 -483 -417 -374 0
501 -144 -551 -81 -203 -4 0
143 -551 -65 -89 -43 -56 -500 -81 -4 0
532 -571 -81 -269 -427 -200 -29 -59 -89 -43 -56 -500 -4 -565 -124 -424 -33 -516 -219 0
-59 -58 -81 -427 -200 -4 -213 -141 -533 -516 -489 -580 -472 -468 -594 -405 -25 -495 -438 -374 -269 0
27 -57 -500 -540 -4 -594 -78 -427 -47 0
26 -251 -540 -137 -358 -4 -219 -374 -427 0
27 -358 -81 -4 -540 -143 -594 -491 -427 -500 -78 -47 0
-358 -143 -81 -39 -69 -489 -472 -580 -427 -47 -484 -269 -141 -128 -213 -500 -324 -78 -438 -520 -4 -495 -219 -533 -540 -137 -374 -25 -594 -491 0
-143 -500 -580 -39 -263 -324 -78 -489 -438 -81 -520 -137 -424 -219 -533 -374 -427 -25 -594 -540 -13 -69 -571 -472 -47 -484 -269 -141 -128 -213 -4 -495 -491 0
27 -590 -196 -517 -222 -358 -4 -540 -263 -203 -594 -580 -427 -500 -78 -47 0
-437 -222 -4 -374 -25 -517 -427 -540 -263 -594 -580 -78 -47 -81 -39 -324 -489 -438 -520 -424 -219 -533 -13 -69 -571 -472 -484 -269 -141 -128 -213 -495 -491 -405 0
437 -4 -269 -182 -25 -374 -427 481 -580 -344 -405 0
-499 -143 -200 -157 -427 -374 -48 -533 -81 -4 -516 -489 -580 -405 -25 -269 -500 -483 -485 293 -163 -358 -520 -403 0
-540 -143 -4 27 -358 -594 -81 -427 -500 -78 -269 -200 -29 -196 0
-143 -48 -81 -200 -489 -157 -580 -485 -437 -427 -4 -533 -516 -405 -25 -374 -269 -169 -358 -483 293 -163 -520 0
58 -250 -563 -13 -533 -271 -571 -424 -264 -200 0
-540 -590 -489 -580 -517 27 -358 -4 -203 -594 -427 -500 -78 -81 -200 -213 -141 -533 -516 -472 -468 -405 -25 -495 -438 -374 -269 -563 -13 -571 -137 0
-48 -358 -580 -485 -437 -200 -157 -81 -4 -427 -533 -516 -405 -25 -374 -269 -489 -169 -483 293 -163 -520 0
-540 -358 -81 -533 -69 -489 -472 -580 -427 -39 -484 -269 -141 -47 -213 -500 -324 -78 -438 -520 -4 -495 -143 -128 -137 -374 -25 -594 -491 -539 0
-499 -252 -485 293 -163 -483 -520 -580 -500 -402 -324 -143 -489 -81 -39 0
204 -370 -13 -69 -571 -263 48 -335 -358 -427 -4 0
-144 -218 -472 -405 -580 -358 -438 -468 -55 -296 -571 -220 -391 -563 -69 -252 -96 48 -335 -427 -4 0
250 -6 -398 -580 -472 -327 -405 -218 -358 -438 -468 -491 -55 -296 -571 -220 -391 -535 -563 -96 0
-358 -437 -485 -533 -580 -489 -427 -269 -398 -327 -405 -81 -4 293 -163 -483 -520 -324 -516 -374 -25 -200 -157 -169 0
-5 -48 -141 -213 -489 -472 -580 -137 -336 -533 -25 -427 -81 -200 -4 -516 -468 -594 -405 -495 -438 -374 -269 -157 -500 358 0
-48 -310 -200 -157 -533 -81 -427 -4 -213 -141 -516 -489 -580 -472 -468 -594 -405 -25 -495 -438 -374 -269 -137 -336 -500 358 0
-4 -200 293 -163 -483 -580 -324 -81 -485 -427 -533 -25 -405 -374 -269 -336 -398 -182 -344 0
-200 -398 -533 -81 -580 -324 -344 -485 -405 -427 -25 -483 293 -163 -374 -269 -336 -182 0
-182 -533 -405 -580 -324 -81 -163 -269 -427 -485 -374 -25 -483 -336 -417 0
-218 -489 -81 -427 -59 -4 -200 -141 -533 -163 -580 -468 -594 -405 -25 -495 -438 -374 -269 -292 -424 -219 0
294 -217 -472 47 -29 -137 -81 -468 -202 -538 -568 -163 -250 -25 -4 0
28 143 -472 -580 -551 -65 -500 -81 -4 -468 0
-48 -500 -81 -468 -568 -163 -25 -4 -292 -580 -533 -405 -358 -427 -46 -374 0
252 -489 -218 -81 -69 -4 -472 -580 -427 -358 -484 -269 -141 -500 -47 -39 -324 -78 -438 -520 -533 -495 -143 -128 -137 -374 -25 -594 -491 -539 0
534 -437 -4 -374 -25 -517 -427 -47 -163 -580 -78 -594 -81 -263 -324 -489 -438 -520 -39 -424 -533 -69 -571 -484 -269 -141 -128 -495 -491 -405 -292 0
-95 -33 -384 -69 -580 -472 -6 -405 -358 -218 -438 -468 -491 -571 -220 -391 -520 -295 -324 -402 -269 -47 -335 -427 -96 -500 -489 -81 -39 -143 0
-489 -571 -324 -483 -485 -163 -500 -580 -402 -143 -81 -39 182 -398 -218 -533 -563 -6 -405 -358 -491 -520 -269 -47 -427 -4 -374 -25 -594 -263 -424 -128 -495 -344 0
-499 -252 -485 -163 -483 -520 -218 -533 -563 -571 -69 -81 -580 -402 -398 -324 -344 -438 -39 -181 -405 -143 -358 0
532 -431 -580 -472 -181 -285 -358 -438 -468 -13 -405 -427 -335 48 -371 -11 -132 -297 -56 -269 -485 -163 -483 -533 -563 -571 -69 -81 -398 -324 -344 0
-200 -563 -163 -483 -533 -485 -81 -580 -398 -324 -344 -405 -358 -4 -374 -427 48 -269 -500 182 -25 0
-437 -218 -580 -405 -358 -143 -57 -454 -439 -81 -39 -324 -520 -496 -28 -563 -533 -163 -6 -594 -528 -269 -335 -47 -427 -309 -402 -485 -438 0
-500 -358 -405 -580 -81 -324 -533 -163 -269 -427 -485 -483 -4 -374 182 -25 -417 -568 0
500 -4 -78 -46 -580 0
-499 -520 -500 -163 -483 -485 -580 -402 -324 -143 -81 -39 -218 -533 -563 -536 -69 -528 -405 -398 -130 -438 -326 -371 0
48 -572 -427 -580 182 -500 -163 -483 -485 -324 -143 -81 -533 -405 -130 -417 -269 -38 0
534 47 -141 -427 -25 -533 358 -580 -48 -336 -81 -4 -468 -405 -438 -374 -269 -500 -163 -292 0
-4 -533 -417 -580 -427 -25 -269 -336 -81 -405 -374 -163 -483 -485 -324 0
501 -94 -81 -143 -69 -39 -488 -358 -297 -75 -196 -499 -218 -580 -405 -520 -438 0
-533 -580 -405 -81 -324 -417 -269 -427 -25 -336 -374 -163 -483 -485 0
-48 496 -427 -25 -374 -490 -218 0
496 -490 -25 -374 -427 -218 0
-48 -488 -269 -10 -295 -141 -496 -73 -427 -374 -25 -47 0
501 -4 -358 -218 -143 -580 -405 -499 -269 -427 -25 -374 -485 -438 -221 0
-4 -499 -25 -218 -358 -269 -373 -143 -427 -580 -374 -485 -438 -221 0
-48 -76 -485 -427 -438 -25 -46 -374 0
436 -496 -221 -358 -218 -143 -580 -405 -499 -520 -78 0
131 -317 -189 -444 -528 -358 0
59 -124 -28 -157 -490 -405 -436 0
296 -505 -289 -489 -193 0
-21 -499 -358 -293 -201 -218 -39 -580 -143 -6 -478 -47 -438 -169 -520 -75 -78 -528 -444 -402 -415 -373 -485 -163 -335 -427 -269 -25 0
-499 -358 -580 -143 -438 -373 -485 -163 -427 -269 -25 -374 0
95 -327 -473 -163 -398 -563 -293 -94 -535 -250 -169 0
487 -288 -230 -392 -526 -4 360 -163 -593 -74 -329 -221 -85 -200 -426 -269 -81 -358 -427 -143 -29 -58 -25 -157 -69 -94 -473 -293 -250 -417 -182 0
-48 -358 -269 -81 -221 -427 -143 -29 -25 -157 -392 -4 -163 -69 -293 -417 -580 -485 -55 -437 -374 -422 -218 0
-358 -143 -427 -269 -25 -163 -580 -485 -374 -438 -373 0
55 -311 -572 -438 -427 -374 -48 -568 -485 -25 0
487 -297 -74 -454 -496 -195 -440 -221 0
-297 -195 -137 -221 -527 -74 -230 -496 -248 -196 -589 -262 -93 -483 -285 -181 -488 -454 -440 0
68 -520 -202 -74 -488 -221 -137 -527 -230 -496 -248 -196 -589 -262 -483 -285 -181 -454 -440 -12 -550 -370 0
-489 -297 -535 -550 -576 -202 -227 -262 -589 -289 -94 -74 -454 -496 -440 -221 -488 0
-297 -520 -196 -527 -137 -370 -12 -230 -221 -74 -496 -248 -589 -262 -483 -285 -181 -488 -454 -440 -225 -324 -478 -202 -401 -550 -94 -535 -576 -227 -289 0
297 -408 -293 -483 -65 -250 -127 -550 -212 -202 -141 -288 -74 -496 -392 -221 0
-489 -297 -550 -576 -202 -227 -262 -589 -289 -94 -74 -454 -496 -440 -221 -488 0
-520 -69 -196 -527 -137 -370 -12 -230 -221 -74 -496 -248 -589 -262 -483 -285 -181 -488 -454 -440 -225 -324 -478 -202 -401 -550 -94 -297 -576 -227 -289 0
-48 -550 -483 -269 -324 -221 -227 -163 -293 -392 -580 -539 -336 -4 -25 -427 -572 -485 -438 -405 -374 -143 -508 -422 -218 0
-499 -535 -550 -202 -580 -489 -500 -324 -143 -78 -39 -438 -81 -402 -520 0
487 -489 -289 -196 -21 -575 -143 -202 -181 -550 -520 -398 -67 -81 -39 -485 -438 -405 -580 -500 -324 -78 -402 -297 0
488 -220 -67 -594 -485 -580 -163 -405 -500 -563 533 -130 -181 0
-489 -488 -289 -196 -21 -575 -143 -202 -181 -550 -520 -398 -67 -81 -39 -485 -438 -405 -580 -500 -324 -78 -402 -297 0
489 48 -335 -427 -572 -483 -163 -575 -580 -500 -398 -67 -485 -181 0
-499 -297 -575 -289 -489 -227 -580 -520 -500 -324 -143 -78 -39 -438 -81 -402 0
-488 -513 -483 -143 -293 -202 -520 -550 -221 -196 -81 -39 -69 -297 -289 -489 -575 -181 -398 -67 -485 -438 -405 -580 -500 -324 -78 -402 0
-297 -67 -594 -485 -580 -163 -405 -500 -563 533 -130 -181 -483 -143 -520 -550 -196 -81 -39 -289 -489 -575 -398 -438 -324 -78 -402 -227 0
-143 -438 -580 -163 -485 -427 -269 -25 -374 -373 0
429 -569 -336 -25 0
-499 -488 -48 -269 -295 -427 -374 -25 -497 -203 -218 -485 -438 -500 -580 0
551 -157 -48 -200 -4 -426 -358 0
262 -194 -196 -21 -590 -333 0
-488 -500 -539 -358 -48 -427 -590 -426 -200 -221 -438 -74 -405 -203 -269 -374 -25 -218 -485 -593 -580 -297 -489 0
-500 -181 -580 -81 -200 -48 -163 -485 -492 -405 -417 -426 533 -269 -297 143 -427 -438 -74 -374 -25 -593 -489 0
500 -48 -374 -427 -568 -200 -580 -405 0
158 -143 -580 -438 -485 -427 -495 -25 -374 0
-269 430 -533 296 -137 -251 -212 -417 -580 -438 -485 -427 -143 -25 -374 -270 0
-520 -533 -417 -344 296 -137 -251 -580 -438 -485 -427 -143 -25 -374 -270 -141 -10 0
-220 -163 -382 -430 -516 -562 -533 -74 197 296 0
-163 -533 -57 -4 -78 -500 -427 27 -47 -382 -430 -516 -562 197 296 0
-143 -516 -427 -500 296 -499 -48 -270 -216 -580 -438 -485 0
-48 -427 -500 296 -499 -580 -438 -485 -181 0
-25 -143 -221 -194 -403 -499 -580 -405 -204 -69 -372 -232 -417 -181 -438 -485 -427 -535 48 0
-292 -81 -485 -163 -489 -580 -520 -402 -143 -499 -500 -39 -202 -438 -52 -316 -294 0
-81 -520 -427 -52 -21 -143 -499 -534 -485 -163 -489 -580 -39 -402 -500 -202 -438 -316 -294 0
81 -294 -534 -217 -483 -569 -374 -143 0
-533 -39 -163 -427 -52 -21 -143 -499 -534 -489 -580 -485 -402 -500 -202 -438 -81 -294 -270 498 -74 0
-74 -21 -52 -427 -143 -499 -534 -485 -163 -489 -580 -402 -500 -438 -270 -217 -569 -493 -497 -75 0
-358 -212 -318 -197 -383 -33 -403 -499 -580 -405 -143 -21 0
358 -538 -137 -528 -197 -6 0
-533 -197 -270 -163 -141 -417 -403 -499 -580 -405 -143 -528 -6 -473 -516 296 -220 0
-220 -163 -427 -143 -499 -580 296 -485 -489 -500 -438 0
-198 430 -137 20 0
430 -81 -473 -143 -32 -251 -358 -137 20 -141 0
-81 20 -251 -473 -32 -506 -319 -143 -535 -69 -327 -157 -574 -372 -270 -216 -10 -358 -137 -562 -141 0
20 -251 -10 -52 -270 -427 -417 -569 -374 -143 -137 -473 -32 -506 -319 -535 -69 -327 -157 -574 -372 -216 -358 -562 -141 0
193 -574 -69 -417 -157 -374 -372 -270 -216 -319 -10 -290 0
430 -358 296 -427 -143 -499 -580 -485 -489 -500 -438 -81 0
-358 -81 -143 -499 -580 296 -485 -489 -500 -438 -427 0
520 -38 -69 -157 -372 -270 0
-163 -419 -38 -572 -427 358 -143 -499 -580 296 -485 -489 -500 -438 0
-198 -592 -493 -550 -497 -204 -157 -427 -221 -52 -21 -196 -137 430 0
163 358 -372 -516 -217 -528 -137 -69 -6 -493 -497 -204 -157 -427 -221 -52 -21 430 -212 0
-81 -143 -427 -499 -580 296 -485 -489 -500 -438 0
-143 -427 -499 -580 296 -485 -489 -500 -438 0
-430 -516 -473 -535 -550 -306 -506 -319 -569 -427 -80 -528 -73 -21 -374 -230 -493 -497 -86 -327 -232 -417 -583 -574 -157 -141 -10 -372 -344 -270 -216 -69 -432 0
-198 -197 -21 -137 430 0
19 -317 -541 -506 -310 -319 -147 -599 -473 -306 -33 -555 -221 -86 0
332 -94 -182 -488 -506 -16 268 251 -512 -319 -226 -147 -92 -306 -262 0
-81 -60 -221 -182 -488 -506 -319 -306 -21 -541 -310 -473 -86 -217 -137 430 -517 -270 -417 -344 -10 -327 -372 -144 202 -69 -535 -95 -402 -427 -52 -374 -80 0
-198 -555 -221 -194 -21 -137 430 0
19 -164 -293 -516 -594 -302 -346 -190 -475 -274 430 -194 -555 -221 0
565 -509 -310 -134 -573 -131 -6 -358 -201 -594 -426 0
-358 -293 -221 -29 -563 -60 -596 -262 -271 -190 -310 -573 -131 -6 -201 -594 -555 -21 -516 -346 -274 430 -194 -493 -157 -372 -39 -69 -535 -550 -360 0
-427 -485 -499 -580 296 -438 -489 -500 0
335 520 -490 -69 -372 -157 -47 -568 -181 -25 0
-58 -199 -157 0
-485 -499 -580 296 -438 -489 -500 0
25 -336 -48 0
197 -358 -140 -499 -562 -200 -292 -422 -194 -21 -196 -517 -403 -580 -405 -497 -204 -74 -430 -221 0
-358 -427 -25 -497 -48 -6 -204 -81 -499 -403 -140 -562 -292 -422 -194 -21 -517 -580 -405 -430 -221 0
-427 -21 -48 -535 -284 -157 -372 -181 -81 -6 -25 -497 -204 -499 -403 -140 -562 -292 -422 -194 -517 -580 -405 -430 -221 0
-143 -86 -560 -568 -33 -403 -499 -580 -405 -358 -21 0
-200 -395 -284 -92 -140 -497 -292 -495 -571 -59 -199 0
-21 -257 -181 -157 -284 -140 -292 -204 -81 -403 -499 -580 -405 296 -489 -473 -336 -6 -467 -48 -54 -535 -372 -562 -422 -517 -430 0
-427 -358 -430 -48 -532 -140 -25 -490 -374 -497 -73 -137 -304 -198 0
427 -562 -292 -532 -422 -418 -319 -506 -439 -467 -137 -456 -29 -198 -25 -157 -54 0
-430 -310 -157 -48 -6 -140 -319 -439 -467 -181 -284 -204 -403 -499 -580 -405 296 -489 -473 -535 -372 -482 -416 -232 0
-25 -59 -26 496 -427 0
-198 -52 -427 -221 -73 -21 430 -137 0
-59 -427 -473 -467 -204 -310 -499 404 -490 -21 -358 -221 430 -48 496 0
-427 -358 -21 430 -221 -6 -48 -473 -467 -204 -310 -499 404 -490 496 0
427 -193 296 -489 -467 -48 -29 -157 0
-499 -438 -580 -489 -500 -297 0
-472 -473 -580 143 -65 -500 28 -4 -551 -81 0
-485 143 -65 -4 -43 -500 -81 -551 -466 -580 -484 -76 -437 -55 0
197 -484 -500 -580 -4 -55 -478 -59 -427 -358 -21 -200 -403 -373 -48 0
-81 -143 -373 -569 -403 -336 -59 -427 -358 -21 -200 -80 0
483 -533 -219 -421 -74 -133 -496 -370 -297 -67 -489 -484 -181 0
-182 -93 -370 -67 374 -483 -181 -269 -336 -375 0
130 -67 -74 -297 -489 -370 -496 374 -181 -336 -375 -163 -100 -55 -59 -202 -580 -200 -589 -85 -573 -509 -317 -427 -358 -21 -568 -94 -551 -48 -219 -484 -310 -540 0
183 -514 -55 -59 -202 -580 -163 -375 -200 -589 -85 -573 -67 -509 -317 -427 -358 -21 -568 -29 -94 -551 -48 0
69 -29 498 -55 -59 -202 -580 -163 -375 -200 -589 -85 -573 -67 -509 -317 -427 -358 -21 -568 -74 -94 -551 -48 -534 -219 -251 -489 -181 -383 0
-29 498 -345 -370 -67 374 -181 -336 -375 -55 -59 -202 -580 -163 -200 -589 -85 -573 -509 -317 -427 -358 -21 -568 -94 -551 -48 -484 -489 -74 -534 -219 -251 -310 -126 -30 0
-533 -14 -67 374 -181 -269 -336 -375 -370 -489 -163 -74 498 -393 -534 0
498 -345 -484 -593 -251 -489 -540 -219 -67 374 -181 -336 -375 -370 -163 -74 -509 -573 -310 -492 -126 -100 -55 -59 -202 -580 -200 -589 -85 -317 -427 -358 -21 -568 -94 -551 -48 -30 -221 0
-143 -163 -55 -370 -336 -580 -489 -297 -496 -484 -593 -540 -219 -74 -509 -310 -100 -59 -202 -200 -317 -427 -358 -21 -551 -48 -221 -138 -131 -403 -80 -26 -569 -373 0
-485 -181 -297 -163 -48 -200 -580 -269 -500 143 -427 -438 -74 -374 -25 -593 -489 -569 -219 -336 0
-181 -250 -534 -540 -496 -131 -297 -526 -489 -358 -21 -427 -269 -484 -580 -80 -69 -163 -48 -200 -500 143 -438 -74 -374 -25 -593 -569 -219 -336 0
-374 -437 -580 -48 -489 -336 -534 -540 -496 -131 -297 -358 -21 -427 -269 -80 -163 -200 -500 143 -438 -74 -25 -593 -569 -219 -138 -38 0
415 -483 -489 -345 -269 -375 -234 0
296 -284 -135 -370 -13 -131 -157 -45 -30 -140 -100 -264 -496 -590 -21 -196 -333 -220 -533 0
-483 -13 -131 -135 -80 -370 -38 -345 -535 -234 -181 -489 -297 -157 -45 -30 -100 -264 -496 -590 -21 -196 -333 -220 -533 -269 374 0
-533 -131 -489 -370 -297 -157 -45 -30 -100 -264 -496 -590 -21 -196 -333 -220 -484 -181 -80 -38 -345 -535 -269 374 -163 -219 -534 0
-26 -59 -489 -21 -358 -427 -580 -500 -438 -25 -221 -297 0
-374 -199 -21 -221 -430 -580 -196 -55 -358 -403 -4 -427 -202 -373 26 0
183 -218 374 -138 -21 -580 -55 -575 -572 -358 -202 -494 -4 -335 -427 -199 -329 -47 429 -25 0
532 -213 -165 -482 484 -416 -294 -218 0
-59 -221 -430 -580 -438 -358 -297 -489 -21 -427 -25 -500 0
-163 -269 -438 -427 -25 -580 -485 -374 -297 -48 -200 -500 -181 -489 -569 0
534 -211 -137 -196 -358 -473 -427 -48 -4 -563 -340 -21 -392 -292 -221 0
532 -194 -263 -21 -196 -202 -144 -81 -358 -4 -540 -221 0
-269 -48 -358 -427 -571 -21 -424 -263 -221 -438 -25 -580 -374 -297 -200 -500 -489 -569 -491 -76 -270 0
581 -10 -196 -21 -430 -297 -137 -489 -55 0
138 431 -21 -196 0
252 -497 -140 -495 -163 -292 -562 0
487 -163 -562 -250 -140 -495 -292 -297 -234 0
-163 -458 -310 -571 -290 -91 -194 -161 -297 -234 -489 -562 -250 -140 -495 -292 0
488 -194 -21 -196 -202 -263 -81 -358 -4 -540 -221 -157 -48 -200 -479 -458 -68 -370 -290 -91 -161 -297 -234 0
532 -87 -21 -567 -237 -424 -202 -422 -263 -196 -194 -81 -358 -4 -540 -221 0
-533 -562 -292 -250 -532 -422 0
-48 -374 -358 -221 -489 -297 -430 -580 -427 -438 -25 -21 -500 0
-292 -218 -510 -33 -441 -234 -474 -489 -163 -562 -140 -495 -250 -297 0
-374 -221 -21 -427 -297 -430 -580 -489 -358 -25 -438 -500 0
46 -13 -370 -521 -80 -21 -263 -43 -202 -47 -335 -55 -430 -466 -472 -221 -60 -580 -297 -292 -200 -489 -482 -427 -182 -25 0
-292 -163 -430 -21 -221 -455 -489 -297 -580 374 -55 28 -138 -358 -427 -202 -4 -47 -370 -263 -60 -200 -25 0
-219 -142 -455 -223 -236 -478 -153 -66 -90 -413 -43 -202 -157 -48 -358 -200 -4 -288 -21 -422 -335 46 -218 0
137 -539 -4 -358 -526 -427 -48 0
292 -263 -455 -223 -43 -202 -358 -200 -4 -21 -335 -138 -427 -466 -55 -100 -430 -60 -221 -580 -297 -47 -25 -489 -482 0
26 -60 -200 -493 -427 0
-221 -358 -427 -430 -21 -489 -297 -580 -25 -438 -500 0
-374 -269 -427 -25 -580 -163 -438 -297 -48 -200 -500 -489 -569 334 -182 0
563 -131 -370 -520 -571 -345 -310 -233 -34 -422 -100 -533 -391 -292 0
534 -310 -34 -509 -100 -422 -391 0
-335 -422 -233 -13 -533 -391 -427 -25 -580 -163 -438 -297 -48 -200 -500 -489 -182 -491 -358 0
-422 -163 -297 -489 -292 -21 -430 -438 -48 -427 -25 -580 -200 -500 -358 0
-374 -134 -370 -467 -182 -533 -218 -565 -163 -491 -391 -292 -55 -77 -580 -438 -427 -403 -25 -48 0
183 -425 -536 -565 -370 -163 -491 -391 -292 -533 -32 374 -438 -182 -427 -218 -358 -200 -25 -4 -48 0
-163 -200 -430 -427 -48 -21 -358 -292 -25 -438 -580 -297 -489 -500 0
-374 -200 -85 -233 -440 582 -55 -454 -48 -565 -358 -592 -438 -493 -427 -403 -25 0
-422 -493 -200 -25 -335 -533 0
27 -200 -48 -493 -335 0
-200 -292 -21 -358 -25 -48 -438 -430 -427 -580 -297 -489 -500 0
-292 -48 -438 -430 -580 -427 -21 -358 -25 -297 -489 -500 0
-374 -200 -48 -533 -580 -25 -427 -4 -163 -417 582 -55 -481 -403 0
-200 -532 -370 -202 -533 -55 -358 -4 -565 488 -427 -48 -21 -25 -438 -481 -417 -403 -580 -163 0
-48 -358 -580 -21 -427 -438 -25 -430 -297 -489 -500 0
-358 -25 -580 -427 -21 -430 -438 -297 -489 -500 0
-269 -163 -580 -533 -182 -25 -427 -374 0
-163 -290 -310 -571 -297 -489 -250 -430 -182 -55 -76 -48 -200 -580 -25 -427 -4 -533 -374 -403 -21 0
-485 -74 -202 -550 -393 -533 -297 -489 -67 -580 -484 -437 -76 -55 0
-374 46 -55 -370 -202 -550 -297 -489 -580 -430 -48 -200 -25 -427 -4 -403 -21 -130 -438 -79 -533 0
46 -533 -430 -55 -580 -200 -438 -202 -550 -508 -427 -370 -25 -403 -79 -297 -489 -48 -4 -21 -130 0
-374 -533 -430 -297 -489 -580 -21 -25 -427 -438 -48 -200 -500 0
-485 -533 -67 -48 -375 -163 -269 -427 -403 -568 -219 -74 -496 -297 -489 -345 -416 -484 0
-182 -13 -580 -492 -489 -157 -537 -573 -55 -326 -370 374 -67 -483 -181 -269 -336 0
182 -401 -301 -30 -144 -533 -100 -478 -202 -74 -550 -496 -537 -297 -489 0
-533 -200 -489 -297 -48 -427 -430 -21 -25 -438 -580 -500 0
-374 -221 -297 -550 -489 -202 -580 -438 -427 -25 -48 -200 -508 -422 -218 -403 -79 0
-483 -485 374 -182 -269 0
-485 -269 -182 374 0
-483 -157 -489 -580 -573 -55 -370 374 -182 -269 -39 -427 -48 -200 -25 0
-269 -182 -55 533 -48 -580 -297 -25 -489 -573 -370 374 -39 -427 -200 -438 0
-182 -138 -370 -55 -130 533 -573 -580 -297 -489 -427 -200 -25 -48 -30 374 -39 -438 0
-483 -485 -573 -200 -138 -427 -48 -25 -218 -422 -293 -489 -345 -269 374 -130 0
484 -194 -21 -430 -138 -497 -200 -427 -25 -130 -335 -573 -48 -269 -438 -416 0
-485 -484 -573 -200 -138 -427 -48 -25 -218 -422 -293 -489 -345 -269 374 -130 0
27 -292 -467 -100 -392 -316 487 -30 -297 -140 -165 -422 -218 -48 -200 -335 0
-292 -68 -550 -202 -39 -427 -25 -157 -200 -539 -130 -573 -48 -467 -100 -392 -316 487 -30 -297 -140 -422 -218 -335 -293 0
26 -535 -550 -144 -422 -335 -218 -140 -497 -163 -138 -539 -130 -573 -157 -427 -48 0
-200 -48 -427 -25 -297 -438 -489 -21 -430 -580 -500 0
-48 -25 -489 -430 -427 -297 -580 -438 -21 -500 0
-374 -415 -580 -438 -427 -25 -163 -143 -269 0
484 -78 -55 -438 -580 0
-269 -424 -478 -370 -550 -263 -202 -21 -455 -489 -181 -465 -218 -163 -508 -594 -539 -438 -130 -484 -29 -571 -403 -79 -430 -580 -427 -25 -143 -270 0
375 -521 -430 -55 -21 -196 -580 -297 -489 -528 -130 -571 -416 -403 -79 0
-200 -478 -202 -550 -21 -539 -594 -218 -163 -130 -403 -79 -430 -55 -580 -297 -489 -528 -181 -370 -465 -508 -438 -484 -427 -25 -143 159 0
533 -213 -297 -496 -494 -140 -393 -292 0
-293 -533 -138 -130 -539 -218 -393 -528 -292 0
431 -91 -262 -370 -589 -520 -193 0
183 -589 -262 -370 -11 -430 -520 -297 -393 -564 -138 -130 -539 -218 -528 -496 -494 -140 -316 -474 -163 -482 -284 0
-533 -13 498 -494 -140 -251 -262 -511 -218 -202 -482 -232 -532 -295 -393 -138 -130 -539 -528 -293 0
-292 -140 -474 -297 -496 -494 -316 -393 533 -163 0
213 -535 -550 -68 -425 -422 -474 -218 -316 -251 0
217 -194 -21 -589 -454 -262 -439 -40 -508 -94 -422 -251 0
-269 -218 -21 -454 -262 -508 -474 -494 -550 -425 -316 -297 -496 -163 -202 -130 -539 -528 -489 -181 -370 -11 -430 -438 -484 -28 -572 -143 -403 -79 -580 -427 -25 -270 0
375 -292 -297 -539 -489 -130 -140 -533 -163 -495 -309 -36 -438 -138 -28 -416 -403 -430 -55 -21 -196 -580 -528 -521 -79 0
520 -250 -213 -218 -140 -32 -496 -349 -21 -469 -85 -345 -11 0
-520 -589 -370 -11 -430 183 -297 -262 -393 -138 -130 -539 -218 -528 -496 -494 -316 -474 -163 374 -416 -420 -465 -452 -17 -521 0
-292 -420 -297 -489 -465 -170 -452 -533 -416 -218 -11 -21 -370 -430 183 -262 -130 -539 -528 -494 -316 -474 -521 -36 -312 -28 -572 -143 -403 -79 -373 -495 -309 -438 -55 -196 -580 0
-533 -28 -489 -438 -297 -416 -403 -373 -465 -170 -452 -218 -11 -21 -370 -430 183 -262 -130 -539 -528 -494 -316 -474 -521 -36 -572 -143 -79 -495 -309 -55 -196 -580 -508 0
-292 -28 -403 -138 -438 -528 -484 -130 -140 -539 -594 -316 -163 -474 -297 -496 -494 533 0
-25 -21 -438 -297 -489 -430 -580 -427 -500 0
-393 -199 -438 -403 -391 -533 -130 -539 -218 -292 -528 -293 0
137 -483 -484 -374 -218 -293 -533 -403 -252 0
495 -484 -489 -140 -580 -297 -55 -490 -374 -52 -125 -427 -438 -403 -136 -218 -533 -252 -391 -130 -539 -292 -528 -163 -60 0
404 -101 -438 -28 0
-393 -484 -482 -374 -403 -438 -125 -563 -252 -33 -213 -472 -140 -580 -497 -489 -297 -533 -220 -391 0
-539 -140 -297 -489 -403 -438 -580 -533 -292 -163 -55 -427 -218 -130 25 -4 0
482 -467 -55 -77 -580 -438 -101 -403 -136 -252 -218 -563 -533 0
-393 -415 -252 -140 -493 -163 -292 -481 -55 -77 -580 -438 -403 -136 -218 -533 -489 -297 -220 -391 0
483 -485 -252 -403 -564 -55 -77 -580 -136 -292 0
137 -212 -140 -252 -483 -374 -218 -293 -533 -403 0
-485 -102 -59 -140 -126 -55 -77 -580 -438 -403 -136 -252 -374 -218 -533 -33 -163 -489 -292 -183 -481 -564 0
-374 -140 -297 -403 -136 -59 -252 -493 -163 -292 -438 -126 -55 -77 -580 -218 -533 -33 -489 -183 -220 -391 -375 0
-140 -163 -297 -292 -489 -21 -427 -403 -438 -55 -580 -218 -533 25 -130 -4 0
164 -483 25 -425 -427 -21 -489 -220 -195 -297 -497 0
Solved
