545 -216 -301 -506 -460 -142 -385 -79 0
505 -105 -139 -502 -499 -322 -247 -475 -212 -262 -219 -246 -271 -256 -327 -150 -33 -59 -420 -187 -495 -216 0
214 -564 -541 -531 -246 -271 -256 -532 -166 -266 -68 -41 -311 -247 -457 -327 -33 -420 0
569 -262 -427 -421 -502 -139 -541 -334 -256 -166 -247 -16 -506 -499 -322 -475 -532 -1 -301 -124 -460 -424 -118 -142 -385 -79 -544 -160 -52 0
216 -213 -139 -499 -322 -247 -475 -502 -262 -256 -326 -351 -301 -460 -424 -118 -234 -385 -1 -544 -124 -79 -506 -142 0
272 -448 -194 -247 -97 -459 -408 -246 -72 0
450 -222 -459 -286 -247 0
458 -187 -25 -309 -444 -318 -513 -272 -222 -72 0
-262 -499 -286 -421 -379 -304 -490 -403 -1 -124 -460 -424 -118 -142 -301 -16 -385 -79 -506 -544 -139 -247 -322 -475 -502 -256 -160 -52 -568 -427 -541 -334 -166 -532 0
326 -33 -385 -544 -214 -301 -506 -460 -142 -79 -52 -118 0
-33 -187 -272 -301 -246 -460 -160 -217 -385 -52 -1 -544 -214 -506 -142 -79 -124 -256 -309 -327 -118 0
-187 -309 -327 -52 -214 -142 -272 -301 -246 -460 -160 -217 -385 -1 -544 -506 -79 -124 -256 -118 0
-309 -327 -217 -424 -385 -506 -460 -301 -532 -427 -502 -139 -433 -1 -52 -214 -142 -272 -246 -160 -544 -79 -124 -256 -118 0
216 -117 -16 -313 -322 -312 -475 -68 -499 -388 -79 -235 -142 -52 0
459 -246 -124 -160 -142 -52 -214 -16 -313 -322 -475 -499 -388 -79 -235 -532 -427 -502 -139 -433 -217 -424 -385 -506 -460 -301 -272 -1 -544 -256 -118 0
215 -325 -544 -214 -301 -506 -460 -142 -79 -52 -118 -385 0
-325 -214 -385 -544 -235 -142 -52 -118 -301 -506 -460 -79 0
246 -217 -424 0
-216 -214 -229 -313 -506 -256 -52 -532 -142 -301 -246 -460 -160 -217 -385 -1 -544 -79 -124 -118 -322 -475 -499 -388 -235 0
-214 -313 -16 -322 -475 -499 -388 -79 -235 -142 -52 -247 -532 -229 -1 -124 -160 -506 -256 -301 -246 -460 -217 -385 -544 -118 0
574 -506 -256 -532 -247 -1 -160 -124 -424 -118 -52 -142 -385 -79 -301 -16 -544 -541 -460 -322 -475 -388 -286 -421 -379 -304 -490 -403 -139 -502 -427 -334 0
507 -68 -532 -427 -421 -502 -139 -434 -294 -449 -368 -296 -352 -541 -5 -530 -16 0
-499 -216 -214 -506 -256 -52 -532 -142 -301 -246 -460 -160 -385 -1 -544 -79 -124 -118 -322 -475 -388 -139 -502 -247 505 -219 0
321 -313 -444 -39 -27 -263 -431 -230 0
-313 -116 -416 -285 -239 -139 -478 -502 -39 -427 -68 -532 -319 -444 -27 -263 -431 -230 0
-216 -214 -322 -139 -475 -572 -286 -247 -427 -532 -388 -502 -506 -256 -52 -142 -301 -460 -160 -385 -1 -544 -79 -124 -118 -421 -541 -16 -334 -424 0
-499 -500 -139 216 -322 -247 -475 -502 -213 -256 -326 -351 -301 -460 -424 -118 -234 -385 -1 -544 -124 -79 -506 -142 -236 0
67 -313 -569 -421 -388 -236 -139 216 -322 -247 -475 -502 -213 -256 -326 -351 -301 -460 -424 -118 -234 -385 -1 -544 -124 -79 -506 -142 -574 0
68 -457 -247 -213 -432 -231 -319 -532 0
216 -506 -139 -247 -421 -388 -322 -475 -256 -301 -460 -424 -118 -385 -1 -544 -124 -79 -502 -142 -574 -532 -160 -52 0
568 -27 -444 -39 -187 -59 -172 -150 -256 -271 -267 -72 0
500 -19 -376 -397 -105 -475 -75 0
4 -564 -531 0
53 -313 -388 -286 -421 -379 -304 -490 -403 -1 -124 -460 -424 -118 -142 -301 -16 -385 -79 -506 -544 -139 -247 -322 -475 -502 -256 -160 -52 -427 -541 -334 -532 -498 -311 -41 -448 -325 0
5 -564 -531 0
54 -499 -475 -574 -286 -421 -379 -304 -490 -403 -1 -124 -460 -424 -118 -142 -301 -16 -385 -79 -506 -544 -139 -247 -322 -502 -256 -160 -52 -427 -541 -334 -262 -532 -444 -187 -59 -172 -271 -68 -41 -311 -62 -457 -351 -325 0
578 -388 -247 -421 -286 -379 -304 -490 -403 -1 -124 -460 -424 -118 -142 -301 -16 -385 -79 -544 -139 -322 -475 -502 -256 -160 -52 -427 -541 -334 -532 0
-506 -322 -475 -139 -502 -427 -532 -256 -388 -1 -301 -52 -142 -460 -160 -385 -544 -79 -124 -118 -247 -424 -286 -421 -541 -16 -334 -507 -379 -304 -490 -403 0
53 -325 -497 -458 -233 -221 -160 0
376 -20 -350 0
220 -14 -376 -551 -448 -247 -458 0
54 -37 -147 -388 -407 -24 -497 -221 -376 -551 -247 -458 -403 -379 -76 -32 -281 -419 -360 -236 -215 -160 0
67 -502 -563 -427 -60 -532 -320 -247 -221 -160 -497 -233 -52 -147 -388 -407 -24 -403 -379 -32 -281 -419 -360 -236 -215 -350 -42 -312 0
442 -149 -256 -60 -271 -187 -131 -26 0
58 -478 -114 -172 -530 -256 -563 -149 0
273 -478 -530 -114 -563 -541 -172 -353 -256 -245 0
5 -376 -104 -15 -74 -102 -500 -484 -236 -541 -388 0
562 -5 -530 0
-5 -530 -563 0
564 -123 -98 -247 -469 -511 -550 -354 -363 -266 -478 -334 -114 -553 -530 0
580 -52 -256 -541 -247 -334 -427 -532 -160 -403 -1 -124 -142 -79 -544 -118 -385 -460 -301 -16 -475 -139 -286 -421 -304 -490 -577 0
-531 -502 -475 -532 -262 -427 -219 -334 -234 -247 -425 -554 -498 -580 -408 -541 -388 -506 -5 -564 -530 0
-214 -325 -544 -301 -506 -460 -142 -79 -52 -118 -385 -216 0
248 -98 -465 -122 -457 -195 0
-325 -388 -247 -122 -296 -475 -219 -334 -234 -222 -164 -425 -554 -498 -532 -427 -580 -408 -541 -351 -506 -5 -564 -530 -237 -16 -544 -301 -460 -142 -79 -52 -118 -385 -216 0
504 -311 -68 -532 -551 -427 -164 0
249 -478 -116 -105 -131 -384 -444 -368 -469 -27 -431 -421 -68 -41 -164 -532 -427 -285 -139 -434 -511 -457 -449 0
325 -5 -564 -541 -506 -532 -68 -41 -421 -384 -490 -304 -155 -444 -247 -164 -427 -285 -139 -334 -256 -554 -408 -222 -59 -62 -498 -351 -234 -160 -52 -216 -420 -33 0
563 -564 -52 -247 -475 -334 -532 -427 -580 -541 -160 -16 -544 -301 -460 -142 -79 -118 -385 -421 -490 -304 -139 -256 -1 -124 0
-216 -485 -475 -160 -52 -580 -325 -247 -390 -458 -1 -124 -58 -460 -142 -577 -301 -16 -385 -79 -506 -544 -118 0
216 -325 -385 -544 -79 -118 -142 -52 0
-325 -506 -475 -160 -52 -580 -1 -124 -58 -460 -142 -577 -301 -16 -385 -79 -247 -544 -118 -541 -4 -564 0
-216 -31 -52 -58 -1 -301 -124 -160 -460 -118 -142 -385 -79 -544 -506 0
216 -58 -301 -460 -385 -1 -544 -124 -79 -160 -142 -52 0
-506 -58 -52 -1 -301 -124 -160 -460 -118 -142 -385 -79 -544 -475 -580 -577 -16 -247 -541 -4 -564 0
-564 -52 -160 -541 -247 -475 -580 -1 -124 -142 -79 -544 -118 -385 -532 -460 -577 -301 -16 -334 -427 -421 -490 -304 -139 -256 0
53 -354 -247 -123 564 -334 -530 -407 -221 -532 -497 -69 -42 -233 -312 -160 -325 0
-216 -221 -247 -304 -281 -490 -160 -52 -123 564 -334 -532 -233 -541 -419 -16 -301 545 -460 -142 -385 -79 0
459 -231 -104 -106 -383 -85 -469 -372 -165 -139 -435 -421 -42 -511 -450 -310 -247 0
505 -469 -383 -369 -104 -376 -421 -19 -247 -457 -106 -85 -372 -165 -139 -435 -42 -511 -450 -69 -213 -432 -532 -494 0
583 -139 -475 -541 -16 -421 -247 -334 -256 -160 -301 -460 -385 -1 -544 -124 -79 -142 -118 -304 -490 -577 -427 -403 0
-532 -498 -408 -222 -390 -256 -541 -247 -334 -427 -52 -160 -403 -1 -124 -142 -79 -544 -118 -385 -460 -301 -16 -475 -139 -421 -304 -490 -577 -564 0
-506 -325 -247 -52 -160 -1 -301 -124 -460 -118 -142 -385 -79 -544 -475 -577 -16 -541 -256 -334 -427 -403 -139 -421 -304 -490 -216 0
-532 -286 -541 -247 -334 -427 -52 -160 -403 -1 -124 -142 -79 -544 -118 -385 -460 -301 -16 -475 -139 -256 -421 -304 -490 -577 -564 0
-564 5 -102 -236 -541 -63 -350 -52 -256 -160 -172 -42 -443 -312 -320 -69 -247 -334 -427 -403 -1 -124 -142 -79 -544 -118 -385 -460 -301 -16 -475 -139 -421 -304 -490 -577 -407 -221 -497 -233 -187 -60 -563 0
506 -216 -52 -160 -247 -304 -334 -490 -541 -16 -301 -460 -142 -385 -79 -256 -427 -403 -1 -124 -544 -118 -475 -139 -421 -577 0
-216 -52 -421 -490 -304 -247 -427 -139 -334 -256 -160 -541 -1 -301 -124 -460 -118 -142 -385 -79 -544 -475 -577 -16 -403 0
-52 -544 -385 -460 -334 -79 -160 -142 -301 -1 -124 -421 -490 -304 -247 -427 -139 -256 -541 -118 -475 -577 -16 -403 0
496 -122 -564 -334 -583 -95 -285 -421 -347 -139 -275 -16 -459 -506 -408 -222 0
-216 -564 -334 -583 -421 -139 -16 -403 -325 -301 -460 -118 -1 -385 -124 -544 -142 -79 -214 0
-564 -583 -139 -334 -403 -325 -301 -460 -118 -385 -1 -544 -124 -79 -142 -421 -16 -214 0
406 -583 -334 -555 -96 0
586 -247 -16 -334 -403 -1 -124 -460 -142 -385 -79 -301 -490 -304 -421 -427 -541 -475 -577 0
-325 -585 -276 -311 -68 -458 -287 -531 -435 -564 -59 -188 -327 -385 -544 -52 -142 -235 -118 -301 -506 -460 -79 0
73 -245 -272 -425 -72 -580 -570 -242 -168 -206 -399 -211 -475 -500 0
-52 -287 -357 -188 -59 -272 -425 -580 -242 -475 -500 -219 -263 -146 -470 -384 -62 -444 -37 -68 -311 -247 -458 -276 -531 -435 -564 -385 -544 -142 -235 -118 -301 -506 -460 -79 -351 -161 -53 0
52 -118 -334 -403 -139 -301 -460 -564 -385 -1 -544 -124 -79 -142 -421 -16 0
-506 -160 -304 -490 -403 -325 -1 -52 -124 -247 -139 -460 -118 -142 -564 -301 -16 -586 -385 -79 -544 0
-160 -325 -403 -1 -247 -124 -52 -142 -139 -564 -79 -586 -544 -118 -385 -460 -301 -304 -490 -16 0
-506 -325 -564 -52 -385 -544 -142 -118 -301 -460 -79 -232 -1 -124 -139 -16 -586 0
-325 -52 -124 -142 -564 -79 -544 -385 -460 -301 -1 -118 -139 -16 -586 -403 -247 -304 -490 0
-216 -506 -475 -247 -564 -385 -544 -142 -118 -301 -52 -460 -79 -541 -16 -1 -124 -31 -139 -586 0
-506 -52 -460 -385 -1 -544 -124 -79 -301 -142 -564 -475 -247 -118 -541 -16 -31 -139 -586 0
-118 -139 -247 -301 -460 -385 -1 -544 -124 -79 -142 -541 -564 -475 -16 -334 -586 -403 -304 -490 -421 0
26 -38 -68 -311 -442 -432 0
327 -187 -26 -155 -435 -304 -448 -490 -222 -286 -247 0
459 -229 -495 -117 -213 -146 -475 -469 -499 -384 -75 -62 -351 -442 -13 -353 -286 -511 -448 -311 -247 0
310 -480 -442 -351 -62 -440 -13 -38 -551 -68 -41 0
60 -353 -296 -442 -469 -38 -421 -68 -41 -311 -351 -62 -13 -511 -276 -247 -448 -222 -286 -457 -495 -213 -146 -475 -499 -384 -321 -307 -532 -187 0
312 -195 -353 -368 -442 -296 -38 -98 -551 -421 -68 -41 0
-459 -532 -112 -68 -442 -351 -62 -13 -38 -41 -311 -353 -368 -296 -421 -511 -247 -448 -222 -286 -457 0
162 -122 -296 -247 -68 -442 -351 -62 -41 -421 -222 -334 -564 -59 -276 -495 -475 -384 -33 -155 -435 -304 -490 -498 -408 -541 -16 -506 -237 -216 -52 0
-325 -187 -195 -553 -357 -564 -430 -286 -363 -160 -450 -307 -52 -544 -301 -460 -142 -79 -506 -118 -385 -216 -326 0
-124 -202 -16 -506 -535 -430 -307 -52 -216 -564 -534 -118 -301 -1 -460 -142 -385 -79 -544 -15 -195 -553 -357 -286 -363 -450 -326 -233 0
-325 -233 -195 -553 -357 -564 -430 -286 -363 -450 -307 -52 -544 -301 -460 -142 -79 -506 -118 -385 -216 -326 0
161 -195 -421 -196 -357 -535 -25 -377 -430 -351 0
310 -475 -421 -52 -216 -564 -544 -301 -460 -142 -79 -506 -118 -385 -139 -16 -247 -222 -459 -68 0
54 -234 -498 -459 -222 -325 -160 0
189 -440 -21 -351 -552 -68 -311 -432 -513 -222 -155 -498 -76 -408 -282 -390 -359 -585 -325 -237 -160 -52 -459 -564 -59 0
-234 -513 -318 -308 -222 -325 -498 -52 -233 -459 -160 0
234 -160 -564 -59 -532 -403 -321 -325 -459 -432 -52 -222 -531 -2 0
-160 -187 -21 -351 -552 -68 -311 -432 -222 -155 -498 -76 -408 -282 -359 -325 -237 -52 -459 -564 -59 -318 -247 -448 -532 -403 -321 -531 -2 0
-325 -194 -97 -532 -146 -485 -564 -166 -473 -475 -459 -222 -139 -21 -52 -385 -544 -142 -118 -301 -460 -79 -506 -124 -16 -432 -552 -68 -311 -76 -247 -216 0
-475 -139 -68 -421 -564 -52 -118 -506 -301 -460 -142 -385 -79 -544 -216 -247 -222 -459 -16 -311 0
53 -160 -296 -421 -68 -41 -397 -336 -247 -448 -459 -222 -498 -408 -282 -390 -359 -237 -311 0
-160 -321 -59 -403 -564 -325 -459 -52 -222 -531 -68 -311 -498 -296 -421 -41 -397 -336 -247 -448 -408 -282 -359 -237 0
220 -187 -435 -232 -325 -448 -498 -459 -222 -247 0
-325 -139 -118 -68 -564 -385 -544 -52 -142 -301 -506 -460 -79 -311 -16 -421 -459 -222 -247 -216 0
430 -116 -444 249 -173 -431 -469 -27 -421 -68 -41 -164 -532 -285 -139 -434 -511 -457 -449 -256 -1 -271 -126 -98 -376 -19 -311 0
189 -231 -506 -68 -311 -431 -444 249 -173 -469 -421 -41 -285 -139 -511 -457 -449 -256 -1 -271 -126 -98 -376 -19 -564 -307 -59 0
-160 -224 -421 -371 -13 -98 -311 -68 -52 -118 -506 -301 -31 -460 -1 -142 -385 -79 -544 -216 249 -469 -139 -511 -457 -271 -564 -307 -211 0
-139 -216 -68 -421 -52 -118 -506 -301 -460 -142 -385 -79 -544 -311 -564 -247 -222 -459 -16 0
-160 -114 -351 -68 -311 -222 -155 -498 -408 -282 -359 -237 -52 -459 -564 -59 -318 -247 -403 -126 -41 -513 -233 -33 -506 -420 -585 -216 -161 0
335 -473 -357 -388 -195 -39 -444 -352 -363 -267 -570 -499 -477 -168 -399 0
458 -502 -257 -444 -59 -52 -216 -41 -16 -311 -596 -593 -68 -126 -351 -222 -155 -498 -408 -282 -359 -237 -459 -564 -318 -247 -403 -33 -506 -420 -161 -95 -274 0
-188 -113 -527 -531 -194 -564 -247 -59 -448 -187 -311 -118 -68 -585 -325 -276 -287 -458 -385 -544 -52 -142 -235 -327 -301 -506 -460 -79 0
-216 -421 -247 -311 -118 -68 -385 -544 -52 -142 -301 -506 -460 -79 -222 -459 -564 -16 0
216 -68 -460 -385 -544 -79 -52 -142 -564 -301 -222 -459 -506 -118 0
-68 -506 -385 -79 -544 -247 -311 -118 -52 -301 -142 -460 -222 -459 -564 -16 0
162 -375 -230 -319 -430 0
534 -219 -426 -381 -230 -375 -323 -211 -476 -398 -335 -503 -584 -428 0
-506 -459 -16 -247 -222 -301 -311 -460 -118 -52 -385 -544 -79 -142 -564 0
477 -243 -530 -563 -478 -172 -256 -353 -271 -114 -426 -192 -167 -582 -398 -322 0
20 -322 -597 -530 -563 -478 -172 -256 -353 -271 -114 -426 -167 -582 -334 -499 -74 -538 -104 -291 -376 -333 0
212 -452 -149 -172 -485 -91 -421 -108 -198 -256 -536 -229 -205 0
477 -485 -256 -172 -569 -91 -71 -108 -313 -262 -229 -375 -213 -149 -167 -421 -198 -536 -205 -499 -322 0
-475 -124 506 -247 -216 -256 -334 -16 -301 -460 -142 -385 -79 -160 -1 -52 -544 -118 -139 -421 -485 -492 -538 -74 -291 -499 -399 -477 0
-124 -139 -275 -114 -291 -229 -149 -91 -421 -108 -198 -256 -205 -213 506 -247 -216 -334 -16 -301 -460 -142 -385 -79 -160 -1 -52 -544 -118 -492 -538 -74 -499 -569 -71 -313 -262 -375 -167 -15 -376 -19 -478 -353 -271 -582 -104 -333 -234 -125 0
-485 477 -149 -582 -486 -256 -172 -569 -91 -71 -108 -313 -262 -229 -375 -213 -167 -421 -198 -536 -205 -499 -64 0
378 -172 -530 -563 -478 -597 -256 -353 -271 -114 -426 -167 -582 -334 -499 -74 -538 -104 -291 -376 -333 -536 -19 0
-325 -160 -582 -71 -313 -262 -375 -167 -421 -198 -205 -499 -15 -478 -271 -114 -74 -291 -19 -503 -275 506 -247 -16 -301 -460 -142 -385 -79 -149 -1 -52 -544 -118 -234 -125 -533 -63 -441 -286 -450 -326 0
-160 -430 -27 -188 -52 -582 -71 -313 -262 -375 -167 -421 -198 -205 -499 -15 -478 -271 -114 -74 -291 -19 -503 -275 506 -247 -16 -301 -460 -142 -385 -79 -149 -1 -544 -118 -234 -125 -533 -63 -441 -286 -450 -326 0
-459 -118 -247 -16 -301 -460 -142 -385 -79 -544 -52 -564 -222 -311 0
-124 -499 -421 -397 -19 -256 -574 -39 -72 -267 -458 -247 -222 -430 -4 -564 -234 -160 -506 -449 -52 -544 -301 -460 -142 -79 -118 -385 -216 -327 -1 -58 -126 0
-325 -499 -72 -39 -150 -267 -574 -256 -430 -234 -75 -160 -189 -492 -52 -544 -301 -460 -142 -79 -506 -118 -385 -216 -327 0
215 -189 -160 -234 -52 0
562 -574 -39 -267 -72 -256 -430 -234 -160 -52 -544 -301 -460 -142 -79 -506 -118 -385 -216 -327 -421 -397 -19 -458 -247 -222 -564 -449 -1 -126 0
-325 -188 -39 -534 -234 -5 -530 -564 -160 -506 -256 -52 -544 -301 -460 -142 -79 -118 -385 -216 -327 0
325 -397 -19 -554 -408 -550 -498 -512 -351 -234 -318 -534 -160 -59 -52 -216 -420 -33 0
166 -39 -19 -256 -421 -72 -267 -458 -247 -222 -430 -564 -234 -160 -506 -449 -52 -544 -301 -460 -142 -79 -118 -385 -216 -327 -1 -126 -534 -550 -512 0
377 -124 -564 -256 -532 -266 -327 -311 -247 -271 -457 -58 -52 -160 -325 -216 -1 -166 -458 -460 -142 -301 -16 -385 -79 -506 -544 -118 -538 -290 -398 -332 -105 -19 0
484 -581 -425 -64 -166 -564 -256 214 -531 -532 -266 -327 -68 -41 -311 -247 -271 -457 -33 -420 -150 0
378 -484 -421 -197 -101 -536 -14 0
-325 -216 -256 -311 -247 -52 -160 -564 -1 -460 -142 -301 -16 -385 -79 -506 -544 -118 -222 -234 0
-216 -256 -564 -16 -506 -234 -160 -52 -1 -311 -247 -460 -142 -301 -385 -79 -544 -118 -222 0
216 -1 -16 -40 -301 -460 -385 -160 -544 -79 -52 -142 -99 -118 -564 -67 -430 -506 0
377 -398 -324 -477 -537 -19 0
214 -271 -425 -256 -14 -376 -324 -477 -19 -421 -336 -196 -61 -388 -585 -444 -577 -564 -440 -286 -27 -506 -449 -189 0
-256 -1 -301 -52 -460 -142 -79 -506 -118 -385 -564 -16 -222 -160 -544 -311 -247 0
-1 -506 -160 -301 -460 -142 -79 -52 -118 -385 -564 -16 -222 -544 -311 -247 0
552 -112 -276 -479 -318 -267 -512 -361 0
-216 -287 -276 -512 -449 -550 -194 -544 -301 -52 -460 -142 -79 -506 -118 -385 -430 -232 -421 -160 -564 -16 -40 -497 -124 -67 0
-506 -160 -79 -247 -142 -52 -544 -301 -460 -118 -385 -564 -16 -222 -311 0
214 -156 -194 -77 -370 -222 -281 -497 -512 -360 -317 -160 -52 -327 -32 -449 -419 -188 0
-160 -118 -52 -142 -564 -79 -544 -222 -385 -460 -301 -16 -247 -311 0
568 -477 -321 -25 -534 -357 -585 -194 -287 -596 -449 -430 -439 -399 -550 -168 -361 -576 -267 0
569 -479 -257 -173 -272 -267 -72 0
496 -173 -194 -449 -439 -550 -267 -570 -257 -430 -72 -103 -62 -444 -237 -39 -564 -16 -506 -408 -222 0
244 -218 -425 0
442 -244 -352 -271 -362 -132 0
497 -535 -211 -39 -444 -425 -449 -596 -439 -126 -550 -512 -408 -232 -222 0
-216 -506 -327 -449 -194 -430 -72 -564 -16 -550 -222 -52 -211 -512 -232 -19 -40 -349 -301 -460 -118 -142 -67 -586 -385 -79 -544 0
472 -581 -276 -141 -186 -512 -439 -163 -550 -361 -149 -352 -543 -356 0
442 -125 -421 -194 -597 -356 -16 -276 -141 -512 -439 -163 -550 -149 -352 -4 -103 -388 -63 -38 0
288 -543 -106 -93 -481 -352 -174 -169 -50 -553 -478 -238 -297 -473 -202 -465 -356 -584 248 -98 -457 0
389 -539 -16 -421 -439 -597 -198 -550 -125 -2 -222 -286 -106 -93 -481 -352 -174 -169 -50 -553 -478 -238 -297 -202 -465 -356 -584 248 -98 -457 -4 0
1 -352 -553 -582 -106 -381 -93 -262 -481 -174 -313 -169 -50 -478 -238 -297 -202 -465 -584 248 -98 -457 -286 -222 0
-506 -211 248 -457 -222 -16 -421 -550 -276 -99 -232 -19 -40 -349 -301 -460 -118 -586 -564 -385 -544 -358 -67 -79 -142 -52 -327 -430 -72 0
2 -497 -232 -222 0
37 -476 -211 -323 -535 -196 -443 0
39 -266 -202 -238 -72 -147 -469 -52 -407 -236 -389 0
124 -597 -211 37 -535 -323 -443 0
214 -13 -550 -327 -439 -32 -449 -419 0
-118 -544 -52 -142 -564 -79 -222 -385 -460 -301 -16 -247 -311 0
25 -532 -114 -68 -531 -311 -564 -41 -59 -77 -188 -155 0
355 -485 -421 -195 0
480 -59 -188 -68 -531 -311 -564 -41 -77 -155 -27 -357 -421 -195 -148 -257 -173 0
187 -421 -195 -148 -357 -59 -27 0
26 -458 -247 -311 -195 -430 -357 0
54 -39 -247 -564 -442 -311 -389 -16 -286 -280 -506 -222 -497 -301 -460 -124 -586 -385 -79 -142 -544 -214 0
53 -506 -286 -222 -280 -497 -301 -586 -564 -385 -460 -544 -124 -79 -311 -142 -214 0
-506 -497 -550 -311 -460 -385 -79 -544 -301 -142 -247 -564 -389 -16 -286 -222 -439 -124 -214 -52 0
-497 -124 -222 -564 -544 -286 -79 -460 -142 -52 -311 -301 -214 -16 -550 -385 -247 -389 -439 0
-124 -389 -214 -142 -79 -544 -385 -460 -222 -564 -286 -311 -301 -16 -550 -247 -52 -439 0
-216 -497 -439 -550 -564 -16 -222 -247 -61 -449 -301 -311 -460 -592 -67 -385 -79 -544 -142 -52 -214 0
-497 124 -222 -311 -460 -16 -385 -544 -79 -142 -52 -439 -550 -564 -247 -449 -301 -214 0
124 -214 -52 -311 -142 -79 -544 -385 -301 -460 -222 -16 -439 -550 -564 -247 -449 0
462 -497 -407 0
-497 -286 -301 -460 -142 -385 -79 -52 -222 -280 -124 -586 -564 -544 -311 -214 -5 -407 0
448 -439 -142 -79 -544 -385 -460 -222 -301 -564 -311 -16 -550 -247 -52 -449 0
-214 -439 -449 -550 -564 -16 -222 -301 -460 -385 -79 -544 -142 -52 -311 -247 0
461 -95 -327 -435 -142 -586 -237 -79 -544 -505 -385 -316 -301 0
54 -485 -539 -354 552 -276 -512 -442 -280 -67 -586 -79 -564 -544 -505 -40 -385 -301 -497 -460 -327 -435 -142 -583 0
69 -444 -419 -325 -119 -458 -33 -311 -37 0
67 -439 -470 -169 -146 -564 -59 -370 -122 -357 -583 -421 -287 -449 -348 -550 -41 -311 0
69 -311 -583 -33 -325 -321 -458 -432 -95 0
377 -21 -351 0
376 -21 -351 0
551 -532 -583 -274 -95 -403 -33 -325 -92 -173 -265 -223 -97 -370 -122 -543 -194 -485 -222 -459 -247 -449 -101 -441 -15 0
-311 -323 -472 -370 -543 -580 -59 -583 -421 -287 -449 -318 -285 -140 -403 -325 -95 -33 -92 -173 -222 -101 -351 -458 -41 -126 -68 -321 -432 0
372 -148 -257 -92 -173 -108 -421 -195 -356 -223 0
-485 -356 -543 -472 -486 -421 -195 0
534 -411 -92 -173 -257 -472 -486 -421 -195 -539 -593 -169 -22 -470 -370 -325 -458 -403 -274 -62 -442 -531 -165 -25 -564 -188 -59 0
532 -62 -472 -486 -421 -195 -543 -25 -442 -37 -68 -59 0
125 -274 -173 -257 -472 -486 -421 -195 -593 -169 -22 -470 -370 -325 -458 -403 -92 -531 -165 -25 -564 -188 -59 -554 -336 -583 -533 -37 -68 -198 0
552 -257 -173 -472 -486 -421 -195 -25 -37 -68 -59 -119 -419 -403 -33 -325 -188 -533 -126 -593 -169 -22 -470 -370 -458 -92 -531 -564 -554 -336 -583 -198 -318 -512 0
-485 -163 -593 -126 -5 -198 -140 -472 -486 -421 -195 -543 -25 -37 -68 -59 -533 -458 -403 -449 -325 -287 -188 -13 -101 0
534 -442 -195 -568 -352 -361 -37 -145 -272 -173 -531 -25 -257 -336 -126 -564 -188 -149 -583 -68 -59 0
-442 -439 -580 -425 -272 -352 -257 -361 -20 -2 -149 -351 -126 -59 -472 -486 -421 -195 -25 -37 -68 -533 -568 -145 -173 -531 -336 -564 -188 -583 0
587 -325 -403 -458 -593 -68 -33 -126 -419 -119 -580 -425 -272 -2 -351 -59 -472 -421 -37 -568 -173 -531 -564 -188 -583 -449 -287 -101 -169 -22 -470 -370 -554 -318 -512 -321 -596 -18 -285 -95 -222 -41 -232 -160 0
443 -114 -68 -531 -564 -41 -59 -188 -155 -282 -359 -160 -232 -533 -37 0
532 -160 -359 -282 -232 -289 -2 -126 -495 -196 -415 -309 -421 -526 -37 -188 -419 -325 -119 -458 -33 -444 -321 -114 -68 -59 0
52 -2 -421 -531 -126 -564 -68 -59 -359 -232 -472 -495 -37 -119 -458 -33 -321 -41 -155 -95 -285 -403 -588 -593 -580 -425 -272 -351 -287 -101 -169 -22 -470 -370 -554 -318 -512 -596 -18 -222 -216 0
-485 -486 -351 -310 -352 -442 -430 -543 -25 -439 -472 -195 -421 0
485 -442 -430 -25 -310 -62 -421 -150 0
486 -310 -458 -351 -327 -421 -101 0
-442 -310 -351 -352 -486 -430 -543 -25 -439 -472 -195 -421 -62 -150 0
-310 -197 -458 -421 -544 -301 -52 -460 -142 -79 -214 -506 -385 -216 -351 -352 -430 -543 -25 -439 -472 -195 -62 -150 -327 -101 0
-124 -214 -564 -544 -497 -79 -460 -142 -222 -52 -301 -286 -389 -385 -247 -439 -458 -421 -506 -216 -351 -352 -430 -543 -25 -472 -195 -150 -327 -101 -126 0
187 -75 -195 -470 -458 -544 -301 -52 -460 -142 -79 -506 -385 -216 -351 -334 -37 -189 -596 -593 -68 -2 -564 -497 -222 -286 -389 -421 -430 -543 -472 -150 -327 -101 -126 -450 0
431 -324 -580 -150 -370 -440 -543 -472 -195 -421 -351 -458 -327 -101 -248 -375 -213 -162 0
310 -355 -195 -248 -472 -458 -18 0
550 -442 -353 -62 -543 -150 -472 -195 -421 -486 -248 -512 0
356 -62 -351 -442 -376 -363 -535 -353 -223 -368 -370 -195 0
60 -532 -370 -543 -472 -195 -421 -351 -458 -512 -596 -18 -327 -101 -580 -162 -495 -126 -232 -216 -544 -301 -52 -460 -142 -79 -506 -385 -37 -593 -68 -564 -497 -222 -389 -287 -585 -321 -470 0
-150 -486 -580 -370 -472 -195 -421 -351 -458 -327 -101 -162 -564 -59 -403 -532 -52 -222 -531 -2 -495 -232 -216 -287 -187 -25 -321 -148 0
310 -282 -119 -442 -166 -37 -68 -20 0
457 -477 -495 -470 -211 -2 -370 -500 -103 -421 -197 -101 -484 -377 -166 -351 -397 -336 -585 -321 -532 -112 -403 -570 -327 -72 0
193 -145 -470 -99 -370 -356 -122 0
-356 -122 -195 -470 -370 -512 -458 -495 -211 -2 -500 -103 -421 -197 -101 -377 -166 -351 -585 -321 -532 -112 -403 -570 -327 -72 -282 -119 -442 -25 -596 -430 -18 -310 -543 -472 -486 0
-486 -62 -216 -287 -442 -187 -195 -25 -470 -370 -458 -495 -2 -500 -421 -101 -351 -585 -321 -532 -112 -403 -570 -327 -119 -596 -18 -472 -37 -68 -272 -588 -359 -162 -126 -512 -580 -564 -59 -52 -222 -531 -232 -148 0
486 -25 -37 -442 -68 -421 -195 -458 -351 -327 -101 0
62 -162 -232 -2 -351 -126 0
-25 -442 -564 -216 -287 -531 -195 -470 -370 -458 -495 -500 -421 -101 -351 -585 -321 -403 -570 -327 -119 -596 -18 -68 -272 -588 -359 -162 -126 -512 -59 -52 -222 -232 -544 -301 -460 -142 -79 -506 -385 -593 -497 -389 0
97 -239 -315 -145 -470 0
443 -98 -458 -195 -145 -470 -425 -352 -551 -512 -272 -588 -162 -351 -531 -564 -149 -59 -370 -421 -596 -18 -327 -101 -495 -126 -232 -216 -544 -301 -52 -460 -142 -79 -506 -385 -593 -68 -497 -222 -389 -287 -585 -321 0
-356 -486 -195 -470 -370 -458 -495 -500 -421 -101 -351 -585 -321 -403 -570 -327 -41 -78 -531 -272 -359 -564 -162 -59 -588 -126 -119 -442 -425 -596 -18 -232 -216 -544 -301 -52 -460 -142 -79 -506 -385 -593 -68 -497 -222 -389 -287 -512 0
459 -551 -512 -112 -318 -532 -363 -585 -267 -336 -570 -367 -257 -479 -272 -353 -216 -450 -247 0
457 -377 -15 -535 -327 -225 0
311 -363 -512 -112 -318 -532 -596 -585 -267 459 -570 -367 -257 -479 -272 -353 -216 -450 -247 -18 0
444 -112 -564 54 -247 -286 -497 -222 -506 -301 -460 -442 -385 -79 -142 -544 -512 -389 -318 -532 -596 -367 -272 -353 -216 -450 -18 -458 -15 -225 -41 -78 -359 -588 -351 -126 -119 -62 -37 0
457 -315 -263 -321 -470 -532 -526 -112 -169 -480 -239 -403 -204 -327 -99 0
-532 -367 -99 -596 -470 -353 -18 -247 -458 -263 -321 -526 -169 -403 -121 -126 -68 -442 -564 54 -286 -497 -222 -506 -301 -460 -385 -79 -142 -544 -512 -389 -318 -272 -216 -15 -225 -41 -78 -359 -588 -351 -119 -531 -59 -370 -195 -421 -101 -495 -232 -52 -593 -287 0
-486 -442 -351 -126 -458 -232 -216 -68 -59 -596 -470 -18 -263 -321 -169 -403 -564 54 -497 -222 -506 -301 -460 -385 -79 -142 -544 -512 -389 -318 -272 -41 -78 -359 -588 -119 -531 -370 -195 -421 -101 -495 -52 -593 -287 -500 -425 0
-442 -195 -79 -544 -385 -460 -222 -301 -564 -52 -287 -142 -458 -18 -351 -421 -101 -126 -232 -216 -68 -59 -596 -470 -263 -321 -169 -403 54 -497 -506 -512 -389 -318 -272 -41 -359 -588 -119 -531 -370 -495 -593 -500 -425 -155 0
-532 -118 -142 -564 -79 -222 -385 -460 -301 -52 -544 -195 -458 -18 -421 -351 -327 -101 -370 -162 -59 -403 -25 -531 -495 -232 -216 -287 -150 -321 -512 -596 -126 -506 -593 -68 -497 -389 -585 -470 0
457 -196 -126 -232 -2 -189 -421 -544 -301 -52 -460 -142 -79 -118 -506 -385 -216 -312 0
311 -204 -99 -370 -470 193 -25 -431 -52 -189 215 -2 -126 -196 -421 -18 0
-247 -118 -142 -564 -79 -222 -385 -460 -301 -52 -544 -312 -99 -370 -470 -25 -431 -189 -2 -126 -196 -421 -18 -294 -216 -287 -195 -249 0
-195 -52 -544 -301 -470 -460 -142 -79 -506 -385 -216 -232 -596 -593 -126 -421 -564 -222 -370 -18 -287 -458 -321 -68 -59 -351 -101 -403 -531 -495 -512 -497 -389 -263 -169 54 -318 -272 -41 -359 -588 -119 -500 -425 -155 0
534 -327 -403 -458 -531 -311 -564 -68 -59 0
-247 -550 54 -485 -276 -512 -67 -79 -564 -544 -505 -40 -385 -301 -497 -460 -142 -583 -19 -351 -62 -443 -448 -222 -52 -311 -16 -249 0
-442 -373 -230 -263 -2 -232 -189 -272 -216 -448 -119 310 -37 -68 -440 -359 -162 -351 -150 -362 -62 -443 0
-222 -460 -301 -544 -142 -79 -506 -385 -232 -421 -216 -564 -497 -351 -263 -272 -119 -68 -359 -505 -59 -403 -470 -596 -593 -126 -370 -101 -389 -169 -318 -41 -588 -500 -425 -155 -53 -33 -95 -285 -22 -554 -220 0
-458 -230 -442 -162 -327 -37 -370 -321 -472 -195 -421 -310 -351 -101 -403 -531 -311 -564 -68 -59 -459 0
-310 -162 -195 -421 -370 -442 -472 -327 -37 -321 -351 -101 -403 -531 -311 -564 -68 -59 -459 -495 -3 -126 -41 0
-162 -195 -442 -37 -68 -272 -359 -351 -588 -470 -459 -41 -18 -119 -421 -370 -472 -327 -321 -101 -403 -531 -311 -564 -59 -495 -3 -126 0
162 -311 -68 -33 -95 -321 -403 -327 -531 -564 -59 -53 0
-458 -162 -232 -544 -301 -460 -142 -79 -506 -385 -216 -37 -327 -370 -580 -288 -472 -495 -321 -3 -95 -126 -33 -421 -68 -351 -101 -311 -403 -531 -564 -59 -459 0
312 -195 -472 -543 -421 -355 -370 -98 -41 0
-311 -247 -588 -470 -37 -472 -68 -41 -18 -421 -370 -288 -216 -119 -53 -33 -359 -351 -459 -327 -321 -101 -403 -531 -564 -59 -495 -3 -126 -272 -232 -544 -301 -460 -142 -79 -506 -385 -580 -95 0
533 -117 -103 -145 -377 -351 -572 -314 -331 -263 -288 -230 -585 -321 0
69 -162 -543 -472 -421 -486 -288 -585 -59 -145 -351 -572 -263 -321 -495 -3 -126 -359 -195 -588 -119 -442 -37 0
286 -352 -336 -247 -585 -195 0
448 -76 -155 -351 -442 -486 -543 -310 -472 -195 -421 -62 -352 -359 -162 -91 -588 -544 -301 -325 -460 -142 -79 -52 -506 -385 -216 0
443 -76 -282 -155 -291 -27 0
-356 -570 -470 457 -166 -370 -500 -477 -421 -197 -101 -2 -351 -336 -585 -321 -532 -403 -495 -327 -531 -272 -564 -59 -62 -442 -155 -359 -162 -20 -551 -513 -247 -486 -310 -472 -195 -588 -544 -301 -460 -142 -79 -52 -506 -385 -216 -535 -41 -122 -145 -288 0
356 -62 -442 -351 -535 -223 -370 -195 -551 -336 -14 -585 -543 -101 -288 -486 0
-162 -442 457 -370 -500 -477 -421 -101 -351 -336 -585 -321 -403 -495 -327 -531 -272 -564 -59 -470 -155 -359 -20 -551 -513 -247 -486 -310 -472 -195 -588 -544 -301 -460 -142 -79 -506 -385 -216 -41 -145 -288 -53 -198 -126 -68 -572 -263 -3 -119 -37 0
52 -247 -195 -288 -585 -216 0
-247 -327 -321 -37 -495 -232 -68 -3 -126 -544 -301 -460 -142 -79 -506 -385 -216 -370 -500 -421 -101 -403 -351 -531 -272 -564 -59 -470 -155 -359 -513 -472 -588 -41 -288 -53 -572 -263 -119 -95 -33 -596 -459 -18 -580 0
-195 -448 -216 -551 -419 -472 -421 -311 -119 -37 -68 -272 -359 -351 -588 -470 -459 -41 -18 -370 -327 -321 -101 -403 -531 -162 -564 -59 -495 -3 -126 -193 0
286 -289 -442 -21 -37 -227 -315 -412 -263 -285 -230 -528 -163 -564 -59 -532 -585 0
312 -442 -419 -119 -588 -272 -162 -71 -351 -570 -216 -37 -169 -22 -18 -596 -585 -288 -263 -285 -528 -564 -59 -543 -465 -485 -495 -369 -357 -448 -123 -3 -470 -370 -126 -98 -551 -68 -41 0
-442 -162 -37 -68 -359 -351 -119 -272 -588 -131 -311 -419 -71 -570 -216 -169 -22 -18 -596 -585 -288 -263 -285 -528 -564 -59 -543 -465 -485 -495 -369 -357 -448 -123 -3 -470 -370 -126 -98 -551 -41 0
257 -432 -321 -532 -162 -59 -588 -150 0
312 -528 -564 -554 -531 -169 -263 -315 -37 -173 -256 -321 -162 -59 -588 -485 -495 -357 -123 -61 -3 -370 -441 -126 -98 -551 -68 -41 0
-327 -470 -37 -68 -41 -18 -564 -554 -531 -169 -263 -321 -59 -588 -495 -3 -370 -126 -216 -272 -119 -359 -351 -22 -596 -288 -285 -421 -472 -459 -101 -403 -53 -33 -95 -513 -232 -544 -301 -460 -142 -79 -506 -385 -500 -155 -572 -580 0
443 -534 -321 -68 -431 -37 -25 0
584 -70 -41 -18 -470 -459 -37 -248 -68 -449 -534 -288 0
-195 -354 -361 -543 -551 -472 -421 -311 -193 0
-162 -470 -37 -68 -41 -18 -564 -554 -531 -169 -263 -173 -321 -59 -588 -495 -3 -370 -126 -421 -472 -449 -459 -275 -285 -95 -583 -288 -272 -513 -318 -309 -119 -188 -351 -232 -160 0
247 -310 -421 -459 -195 0
312 -527 -230 -321 -195 -534 -421 -68 0
-310 -195 -472 -442 -421 -62 -543 -321 -37 -68 -59 -432 -230 -285 -95 52 -288 -216 -459 0
-195 -442 -95 -230 -285 -321 -37 -472 -432 -68 -18 -421 -62 -543 -59 52 -288 -216 -459 0
444 -354 -552 -513 -369 -470 -522 -382 -105 -62 0
584 -552 -173 -137 -588 -119 -37 -68 -531 -564 -41 -59 -188 -155 -359 -160 -232 -442 -272 -513 -369 -470 -382 -105 -62 -572 -263 -285 -230 -528 -449 -532 -288 0
312 -442 -309 -37 -318 -513 -369 -470 -382 -62 -449 -202 -249 -459 -572 -275 -263 -230 -528 -321 -285 -95 -583 -173 -137 -588 -119 -68 -531 -564 -41 -59 -188 -155 -359 -160 -232 -272 -288 -351 0
-442 -108 -323 -370 -309 -318 -513 -470 -230 -321 -37 -459 -432 -68 -41 -18 -382 -62 -572 -275 -263 -285 -95 -137 -588 -119 -531 -564 -59 -155 -359 -232 -272 -288 -351 -421 -122 -472 52 -216 0
-195 -321 -432 -230 -311 -421 -68 -285 -95 52 -288 -216 -194 0
584 -552 -513 -15 -130 -101 -272 -485 -357 -166 -25 -399 -188 -150 -21 -59 -333 -532 -288 0
312 -470 -202 -115 -309 -459 -188 -275 -25 -432 -528 -321 -285 -95 -583 -513 -15 -130 -101 -272 -485 -357 -399 -150 -59 -333 -288 -68 -41 0
546 -544 -564 -301 -142 -79 -385 -497 0
527 -440 -551 -335 -363 -585 -265 -288 -479 -195 -114 0
526 -325 -32 -585 -403 -288 -274 -284 -195 -114 0
583 -325 -442 -215 -156 -76 -238 -551 -169 -20 -403 -587 -360 -350 -37 -236 -431 -563 -321 -553 -470 -272 -507 -407 -497 -123 -220 -195 -288 0
-459 -272 -37 -442 -97 -497 -470 -236 -407 -284 -123 -195 -288 -585 -215 -156 -76 -238 -551 -169 -20 -403 -587 -360 -350 -431 -563 -321 -553 -507 -32 -114 -421 -310 -458 0
584 -371 -37 -442 -215 -188 -236 -497 -327 -407 -32 -284 -317 -238 -203 -249 -123 -222 -195 -288 0
378 -20 -350 0
-222 -52 -460 -385 -544 -124 -79 -58 -142 -301 -215 -497 -3 -376 -551 -458 -14 -247 -221 0
583 -442 -486 -551 -215 -156 -76 -238 -169 -20 -403 -587 -360 -350 -37 -236 -431 -563 -321 -553 -507 -407 -497 -123 -195 -288 -577 -458 -460 -385 -544 -124 -79 -58 -142 -301 -3 0
54 -220 -3 -497 -95 -442 -37 -188 -301 545 -142 -385 -79 0
285 -202 -97 -458 -238 -32 -585 -403 -288 -325 -284 -195 -114 -527 -412 0
-442 -97 -497 -458 -238 -585 -288 -195 -114 -37 -301 545 -142 -385 -79 -486 -551 -76 -20 -431 -321 -553 -544 -124 -58 0
584 -52 -587 -458 -3 -317 -403 -497 -188 -195 -407 -32 -215 -288 -94 -139 0
-52 -94 -20 -350 -431 -188 -321 -215 -507 -385 -544 -79 -118 -142 -497 -458 -460 -124 -58 -301 -3 -551 -195 -335 -288 -585 -587 -317 -403 -407 -32 -289 -139 0
283 -419 -32 -585 -215 -20 -350 -431 -188 -321 -507 -385 -544 -79 -118 -142 -497 -458 -460 -124 -58 -301 -3 -551 -195 -335 -288 -587 -317 -403 -407 -289 0
-216 -52 -385 -544 -124 -79 -58 -142 -301 -551 -458 -497 -195 -288 -585 -114 -20 -431 -321 -118 -335 -289 545 0
-52 -458 -497 -585 -288 -385 -544 -79 -118 -142 -124 -58 -301 -551 -195 -114 -20 -431 -321 -335 -289 545 0
311 -288 -585 -238 -114 -497 -385 -544 -79 -142 -124 -58 -301 -321 545 -553 -37 0
-216 -203 -37 -442 -463 -52 -3 -552 -367 -459 -334 -497 -247 -286 -449 -188 -321 -18 -301 545 -142 -385 -79 0
457 -352 -149 -63 -485 -442 -367 -25 -334 -432 -563 -553 -507 -407 -587 -497 -385 -544 -79 -52 -142 216 -221 0
-325 -13 -149 -577 -63 -507 -442 -321 -25 -432 -485 -587 -385 -544 -79 -52 -142 216 0
430 -221 -507 -497 -321 -301 -460 -385 -52 -544 -124 -79 -58 -142 216 0
-195 -485 -18 -442 -321 -432 -497 -301 -385 -544 -124 -79 -58 -142 -37 -552 -459 545 -585 -288 -194 -310 0
-216 -52 -86 -552 -528 -442 -3 -288 -63 -585 -149 -497 -163 -485 -357 -432 -188 -321 -18 -301 545 -142 -385 -79 0
-52 -357 -485 -18 -442 -321 -432 -497 -301 -385 -544 -124 -79 -58 -142 -288 -585 -552 -528 -163 545 0
-288 -585 -497 -321 -301 -385 -544 -124 -79 -58 -142 -163 545 -37 -310 -238 -114 -553 0
247 -325 -52 -123 -293 -97 -195 -421 -310 0
-247 -104 -74 -536 -37 -442 -353 -542 -149 -486 -102 -440 -14 -229 -162 -551 -494 -234 -3 -460 -385 -544 -124 -79 -58 -142 -301 -215 -497 -222 -458 -52 -376 -248 0
432 -442 -284 -52 -293 -238 -123 -195 -421 -310 -74 -37 -229 -353 -542 -149 -102 -440 -494 -234 -3 -460 -385 -544 -124 -79 -58 -142 -301 -215 -497 -222 -248 -42 -350 0
457 -535 -403 -587 -350 -476 -161 -284 -526 -375 -229 -552 -494 -234 -513 -3 -222 0
431 -440 -497 -222 -3 -403 -587 -350 -284 -229 -494 -234 -198 -195 -597 -248 -421 -310 -17 0
-216 -52 -333 -385 -544 -124 -79 -58 -142 -301 -497 -222 -37 -195 -310 -238 -450 -321 545 0
484 -246 -426 -582 -353 -64 -542 -149 0
231 -262 -416 -136 -217 -493 -116 0
213 -323 -166 -174 -397 -93 -108 -258 -223 -536 -206 0
231 -389 -497 -407 -507 -236 -493 -416 -136 -217 -116 0
505 -211 -166 -174 -397 -93 -108 -258 -223 -536 -206 -375 -232 -231 -497 -321 0
-325 -431 -421 -195 -74 -442 -37 -247 -149 -551 -3 -460 -385 -544 -124 -79 -58 -142 -301 -215 -222 -52 -577 -563 -321 -507 -166 -232 -407 -236 -450 -333 -350 -310 -25 -497 -360 -307 -587 216 0
162 -106 -174 -225 -371 -265 -497 -361 -37 -507 -442 -321 -63 -587 -431 -350 0
-431 -247 -421 -195 -37 -442 -333 -25 -350 -497 -507 -321 -63 -587 -551 -42 -450 -310 -4 -74 -149 -3 -460 -385 -544 -124 -79 -58 -142 -301 -215 -222 -52 -577 -563 -166 -232 -407 -236 -360 -307 216 0
431 -551 -577 -63 -507 -52 -321 -25 -442 -587 -385 -544 -79 -142 216 -149 -458 -421 -310 0
-551 -442 -37 -333 -284 -25 -587 -350 -238 -497 -507 -321 -63 -42 -123 -310 -195 -421 -450 -4 -74 -149 -3 -460 -385 -544 -124 -79 -58 -142 -301 -215 -222 -52 -577 -563 -166 -232 -407 -236 -360 -307 216 0
-442 -52 -222 -286 -124 -301 -564 -385 -544 -79 -142 -497 -195 -310 -37 -333 -321 -450 -166 0
248 -230 -493 -453 -342 -289 -540 -307 -486 -284 -147 -139 -474 -276 -388 -72 -114 -37 -569 -478 -265 -361 -369 -450 -195 0
430 -342 -276 -284 -114 -37 -203 -123 -195 -249 -493 -289 -540 -307 -486 -72 -569 -265 -361 -369 -450 -174 -106 -272 -225 -407 -371 -497 -17 -507 -587 377 -321 -161 0
248 -104 -74 -476 -521 -393 -493 -342 -289 -540 -307 -486 -284 -276 -72 -114 -37 -569 -265 -361 -369 -450 -195 -203 -238 -169 -410 -576 -481 -470 -50 -407 -232 -106 -297 -497 -225 -371 -293 -356 0
-52 -114 -37 -497 -166 -321 -310 -385 -544 -79 -142 -124 -301 -564 -585 0
496 -431 -37 -42 -442 -114 -403 -307 -310 -25 -264 -325 -458 -284 -32 -493 -321 -95 -507 -407 0
498 -442 -63 -37 -350 -390 -160 -407 -232 0
-442 -63 -350 -160 -25 -37 -42 -114 -403 -307 -310 -264 -325 -458 -284 -32 -493 -321 -95 -507 -407 -497 -390 -232 0
67 -544 -385 -497 -79 -142 -301 -564 0
234 -431 -321 -507 -26 -497 -188 0
160 -458 39 -301 545 -142 -385 -79 -238 -188 -311 -26 -431 0
232 -390 -301 545 -142 -385 -79 -497 -188 0
443 -431 -533 -553 -321 -301 545 -142 -385 -79 -188 -311 -390 -497 0
-216 -61 -74 -553 -497 -311 -390 -533 -431 -419 -188 -321 -301 545 -142 -385 -79 0
430 -196 -125 -597 -507 -421 -321 -311 0
498 -196 -384 -130 -361 -550 -439 -450 -544 -142 -564 -79 -118 -385 -301 -52 -16 -497 -232 0
-431 -321 -142 -564 -79 -385 -301 -480 -390 -544 -497 -444 0
-216 -310 -385 -544 -52 -79 -58 -142 -301 -497 -37 -238 -321 545 -585 -163 -114 -553 -161 -444 -26 0
162 -310 -497 -52 -321 -385 -544 -79 -142 -37 -301 -564 0
61 -357 -542 -472 -485 -497 -321 -301 -385 -544 -585 -79 -58 -142 -163 545 -37 -310 -238 -114 -553 0
-310 -52 -544 -79 -385 -142 -497 -321 -301 -37 -564 0
443 -399 -19 -360 -350 -161 -587 -120 0
-247 -193 -457 -286 -544 -142 -564 -79 -118 -385 -460 -301 -311 -52 -16 0
-52 -321 -142 -564 -79 -385 -301 -497 -544 -37 0
-321 -37 -564 -79 -385 -301 -497 -544 -142 0
195 -247 -293 -448 -367 -297 0
457 -471 -169 -238 -202 -125 -2 -220 -288 -194 -293 -448 -367 -297 -403 -275 0
-216 -310 -459 -194 -485 -149 -444 -197 -238 -583 -497 -52 -480 -390 -112 -188 -529 -18 -301 545 -142 -385 -79 0
-222 -221 -563 -18 -390 -597 -407 -125 -497 -507 -232 0
193 -459 -403 -169 -238 -480 -112 -529 -18 -507 -407 -497 -563 -390 -597 -125 -232 -293 -450 -288 0
221 -249 -450 -459 -288 0
-310 -52 -231 -86 -112 -529 -497 -390 -238 -480 -583 -163 -149 -444 -188 -301 545 -142 -385 -79 -311 0
220 -222 -79 -544 -385 -52 -301 -564 -16 -550 -142 -583 -390 -497 0
506 -72 39 -52 -238 -202 -469 -407 -236 -266 -563 -16 0
221 -437 -86 -163 -583 -550 -16 -112 -26 -497 -188 -52 -301 545 -142 -385 -79 39 -238 -266 -98 -457 0
-222 -221 -79 -544 -385 -52 -301 -564 -16 -550 -142 -583 -390 -497 0
214 -195 -363 -367 -444 -288 -26 -450 -188 0
249 -476 -207 -161 -397 -350 -550 -444 -363 -367 -288 -421 -102 -356 -26 -188 -215 0
-195 -376 -161 -476 -350 -397 -207 -15 -538 -102 -444 -421 -356 -363 -26 -353 -188 -367 -215 -193 -288 -450 0
469 -202 -147 -98 0
-52 -231 -583 -112 -497 -79 -544 -385 -301 -564 -142 39 -432 0
-221 -372 -25 -432 -42 -458 -473 -311 -222 -563 -390 -597 -407 -125 -497 -507 -232 0
498 -195 -86 -311 -450 -288 -163 -25 -432 -42 -222 -563 -390 -597 -407 -125 -497 -507 -232 -317 -307 -325 -32 -420 -112 -120 -587 -160 0
-195 -222 -120 -587 -160 -432 -42 -311 -480 -421 -112 -529 -288 -507 -444 -497 -86 -450 -163 -25 -563 -390 -597 -407 -125 -232 -317 -307 -325 -32 -420 0
-221 -222 -432 -42 -311 -25 -563 -390 -597 -407 -125 -497 -507 -232 -249 -450 -288 0
-222 -288 -407 -264 -231 -125 -86 -444 -163 -120 -587 -160 -432 -42 -450 -311 -426 -25 -563 -390 -597 -497 -507 -232 -421 -480 -112 -529 -317 -307 -325 -32 -420 0
457 -195 -370 -444 -120 -202 -420 -32 -403 -169 -238 -480 -112 -529 -459 -507 -407 -497 -563 -390 -597 -125 -232 -450 -288 -421 -25 -325 -311 -275 0
-195 -472 -542 -421 -311 -149 -432 -257 -160 -25 -587 -444 -120 -420 -32 -325 -459 -370 -202 -403 -169 -238 -480 -112 -529 -507 -407 -497 -563 -390 -597 -125 -232 -450 -288 -275 0
-288 -444 -149 -125 -238 -315 -264 -231 -421 -311 -432 -160 -25 -587 -120 -420 -32 -325 -403 -169 -480 -112 -529 -507 -407 -497 -563 -390 -597 -232 -450 -174 -86 -163 -42 -426 -317 -307 0
161 -112 -284 -195 -529 -95 -421 -507 -407 -311 -497 -432 -232 0
-37 -544 -79 -497 -385 -301 -564 -142 0
312 -222 -288 -421 -563 -195 -390 -597 -407 -125 -497 -507 -232 0
458 -161 -319 -430 -16 -550 -385 -544 -79 -142 -222 -564 -214 -301 -497 -450 -195 -493 -288 -2 0
-221 -535 37 -533 -553 -301 545 -142 -385 -79 -188 -311 -390 -497 -458 -232 0
-390 -232 -288 -301 -142 -385 -79 -497 -195 -544 -564 -450 0
-118 -196 -421 -311 -442 -544 -142 -564 -79 -222 -385 -460 -301 -247 -52 -120 0
220 -323 -597 37 -311 -350 -161 -587 -421 -544 -142 -564 -79 -222 -385 -460 -301 -52 -120 -188 -215 -450 -195 -125 -288 -2 0
162 -327 -215 -442 -32 -120 -188 -587 -430 -52 0
-232 -450 -288 -544 -142 -564 -79 -385 -301 -195 -497 0
-450 -195 -288 -497 -544 -142 -564 -79 -385 -301 0
81 -586 -118 -257 -149 -58 -288 -421 312 -195 -222 -390 -407 -125 -497 -232 0
387 -204 -463 -292 -52 -5 -584 -347 -542 -533 -24 -485 -320 -18 -149 -507 -257 -586 -599 -544 -118 0
160 -315 -257 -480 -292 -214 -118 -288 -421 312 -195 -222 -390 -407 -125 -497 -232 -361 -352 -25 0
216 -426 -522 -219 -105 -417 -323 -581 -491 -65 -326 -150 -60 -419 -188 -142 0
387 -522 -323 -105 -581 -384 -65 -469 -417 -533 -94 -326 -195 -288 -247 -142 -54 -214 -219 -188 -592 -24 -302 -18 -507 -5 -257 -588 -599 -118 0
505 -236 -219 -417 -480 -167 -361 -257 -352 -463 -367 -292 -522 -61 -469 -54 -105 -98 -326 -372 -355 -306 -25 -592 -154 -58 -579 -302 -18 0
-310 -443 -288 -421 -222 -407 -125 -497 -232 -195 -450 -311 0
220 -216 -52 -160 -450 -232 -288 -2 0
189 -160 -430 -232 -25 0
161 -214 -497 -507 -232 -52 0
287 -301 -430 162 -40 -507 -457 -563 -390 -407 -497 -2 -357 -222 -195 0
-301 -80 -563 -67 -37 -407 -390 -16 -289 -361 -58 -40 -550 -130 -326 -599 -421 -195 -457 -357 -584 -450 -222 -288 -430 162 -507 -497 -2 0
-160 -563 -550 -125 -450 -457 -288 -195 -222 -421 -497 -407 -390 -118 -40 -16 -385 -507 -67 -430 -443 -142 -25 -52 -232 -188 0
460 -407 -497 0
459 -25 -266 -38 -113 -532 -319 -430 -443 -550 -355 -511 -372 -204 -247 -98 0
369 -25 -355 -473 -5 -443 -531 -363 -553 -352 -334 0
368 -532 -113 -204 -38 -98 -211 -323 124 -443 -535 -469 -334 0
215 -355 -430 -156 -319 -491 -473 -75 -60 -5 -563 -553 -352 -367 -38 -98 -211 -323 124 -443 -535 -469 -463 -599 -584 -292 -52 0
99 -169 -531 -5 -541 -24 -352 -16 -367 -469 -203 0
244 -426 -219 0
442 -363 -352 -271 -244 -131 0
444 -546 -586 -342 -106 -323 -174 -12 -80 -535 -480 -211 124 -443 -38 0
245 -426 -219 0
357 -511 -550 -352 -271 -219 -443 -586 -342 -106 -323 -174 -12 -80 -535 -211 124 -38 -203 -98 -531 -5 -24 -16 -367 -469 -599 -386 -156 -473 -25 0
220 -586 -211 -156 -60 -52 -430 -563 -378 -507 -42 -21 -288 -421 -222 -407 -125 -497 -232 -195 -450 -311 -390 -594 -63 0
442 -398 -16 -67 -507 -497 -407 -202 -122 -232 -426 -125 -2 -469 -368 -353 -266 -535 -586 -103 -362 -198 -132 -120 -63 0
126 -334 -497 -195 -450 -142 -385 -301 -563 -288 -583 -407 -52 -215 -507 -390 -39 -67 0
444 -142 -125 -497 -195 -450 -2 -385 -301 -563 -288 -583 -407 -52 -215 -507 -390 -67 -368 -353 -362 0
354 -555 -407 -507 -497 -563 -336 -541 -368 0
505 -187 -232 -497 -215 0
160 -301 -232 -497 -407 -563 -421 -195 -125 -450 -507 -288 -52 -390 -311 -222 0
-301 -563 -311 -288 -421 -195 -222 -390 -407 -125 -497 -507 -232 -450 -52 -162 0
126 -384 -347 -327 -471 -492 -403 -592 -2 0
442 -597 -232 -2 -125 -347 -327 -471 -492 -403 -592 -19 -350 -368 -162 -353 -430 -362 -198 -26 0
126 -58 -215 -307 -52 -327 -442 -492 -37 -592 -67 -347 -471 -403 -2 0
-563 -52 -125 -232 -162 -311 -421 -450 -195 -288 -222 -497 -407 -390 -507 0
-597 -79 -39 -323 -211 124 -443 -535 0
124 -442 -545 -421 -507 -288 -222 -407 -125 -497 -232 -195 -450 -311 -162 0
53 -304 -594 -156 -302 -59 -533 -583 -327 0
-442 -52 -390 -407 -311 -421 -195 -288 -222 -125 -507 -497 -232 -450 -162 0
126 -52 -390 -407 -545 -302 -59 -118 -386 -450 -599 -457 -288 -421 -222 -196 -67 -2 0
406 -533 -304 -302 -59 -156 -594 -327 -52 -335 -235 -554 -390 0
-597 -354 -450 -195 -288 -222 -554 -497 -407 -304 -59 -156 -327 -52 -235 -390 -79 -67 124 -323 -211 -443 -535 0
387 -327 -16 -450 -195 -288 -222 -554 -497 -407 -59 -507 -52 -390 -67 124 -323 -211 -443 -535 -545 -219 0
600 -16 -507 -149 -59 -390 -188 -52 -407 -497 -450 -222 -288 -195 -421 -142 0
-52 -421 -195 -288 -222 -497 -407 -507 -390 -450 -162 -232 -125 -311 0
-421 -390 -450 -195 -288 -507 -407 -222 -125 -497 -232 -162 -311 0
408 -323 -536 -107 -231 -223 -527 -372 -284 -497 -95 0
326 -536 -544 -232 -497 -390 -407 -162 -223 -527 -97 -202 -493 -18 -464 -144 -507 -434 -215 -583 -293 -309 -52 0
17 -418 -118 -544 -586 -80 -215 -597 -507 0
406 -492 -594 -306 -154 -544 -26 -356 -507 -18 -118 -586 -215 -597 -144 -33 -390 -96 0
126 -52 -353 -368 -18 -507 -497 -407 -306 -154 -544 -356 -118 -215 -144 -390 -432 -583 -162 -424 -325 -232 -223 -527 -97 -464 -434 -293 -309 -196 -122 -2 0
326 -96 -443 -32 -26 -118 -188 -583 -215 -309 -52 0
596 -263 -424 -219 -236 -390 -530 -353 -323 -555 -368 -477 -336 0
27 -58 -323 -104 -536 -530 -571 -223 -390 -263 -370 -236 -97 -544 -42 -586 -302 -118 -592 -418 -492 -309 -215 -306 -188 -154 0
25 -472 -38 -390 -443 -356 0
506 -323 -104 -223 -390 -97 -544 -42 -586 -302 -118 -592 -309 -215 -306 -188 -154 -320 -378 -533 -32 -14 -583 -325 -52 -356 -26 -38 -443 -579 -495 -18 0
-52 -306 -325 -154 -309 -232 -497 -215 -507 -223 -390 -97 -544 -42 -118 -14 -583 -356 -579 -18 -432 -162 -144 -69 -2 -125 -353 -368 -407 -424 -527 -464 -434 -293 -196 -122 0
211 -375 -231 0
245 -424 -217 0
-390 -162 -125 -497 -232 -407 -507 -288 -450 -222 -311 -195 0
126 -457 -497 -195 -450 -544 -301 -599 -156 -25 -311 -443 -288 406 -583 -96 -39 -222 -596 -67 -2 0
444 -219 -262 -39 -146 -582 -522 -323 -271 -378 -21 -311 -386 -430 -156 -196 -25 0
356 -361 -550 -469 -457 -450 -222 -98 -288 -372 -195 0
449 -513 -457 -222 -288 0
325 -67 -288 -450 -386 -156 -25 -355 -195 -42 -311 -222 -39 -443 -262 -146 -582 -323 -378 -21 -430 -74 -594 -63 -2 -125 -497 -544 -301 -599 406 -583 -96 -596 0
-118 -492 -599 -156 -594 -386 -80 -119 -586 -544 -418 -215 17 -507 0
-583 17 -39 -582 -378 -21 -311 -430 -25 -63 -125 -497 -195 -450 -544 -301 -443 -288 406 -222 -407 -232 -586 -215 -262 -507 -420 -144 -326 -355 -74 -533 -584 0
17 -262 -39 -582 -378 -21 -311 -430 -25 -443 -63 -125 -288 -222 -407 -497 -232 -195 -450 -533 -544 -301 406 -586 -215 -507 -420 -144 -326 -74 -584 -474 0
442 -336 -550 -439 -386 -156 -450 -25 -288 -421 -195 -535 -323 -398 -271 -597 -2 -125 -67 -98 -469 -457 -222 -372 -39 0
1 -363 -550 -457 -222 -288 -450 -195 -336 -497 -544 -301 -599 -156 -25 -311 -443 406 -583 -39 -96 -67 -2 -125 0
-583 -398 -323 -535 -597 -125 -2 -550 -457 -222 -288 -450 -195 -497 -544 -301 -599 -156 -25 -311 -443 406 -39 -67 -439 -386 -421 -98 -584 0
505 -544 -211 -443 -39 -222 -288 -450 -195 -497 -125 -311 406 -378 -21 -582 -430 -63 -407 -232 -586 -215 -507 -474 -237 -52 0
286 -457 -323 -386 -599 -196 -378 -595 -21 -17 -311 -219 -450 -222 -195 0
-457 -583 -156 -450 -25 -288 -195 -323 -271 -125 -67 -469 -222 -39 -443 -196 -378 -595 -21 -17 -407 -497 -232 -311 -372 -219 0
312 -25 -443 -39 -430 -67 0
-25 124 -52 -215 -39 -188 -323 -211 -443 -450 -195 -378 -288 -156 -271 -125 -469 -222 -21 -17 -407 -497 -232 -311 -372 -219 -430 0
3 -156 -271 -39 -24 -17 -288 -443 -222 -407 -125 -497 -232 -195 -450 -311 -323 -378 -21 -215 -188 -52 -211 -469 -372 -430 0
-67 -25 -231 -320 -430 -211 -248 -443 449 -222 -288 -39 -311 -69 0
-25 -217 -443 -288 -450 221 -430 -222 -407 -125 -497 -232 -195 -311 -231 -320 -211 -39 -69 0
-457 -142 -497 -195 -450 -544 -288 406 -583 -594 -368 -305 -32 -363 -599 -422 -309 -311 -317 -458 449 -222 0
-156 -578 -195 -52 -497 -407 -215 406 -21 -378 -288 -17 -443 -222 -125 -232 -450 -311 -544 -430 -320 -211 -39 -494 0
26 -58 -39 -63 -323 -211 -443 -125 -2 -222 -288 -195 -378 -423 -21 -17 -320 -311 -430 0
-544 -443 -288 -450 -311 -222 -195 -586 -215 -39 -63 -211 -125 -378 -21 -430 -52 -497 -407 406 -232 -507 -582 -474 -237 0
-443 -215 -39 -288 -222 -407 -497 -232 -195 -450 -311 -378 -21 -125 -52 -211 -430 -507 -237 -586 -63 406 -582 -474 0
-215 406 -507 -232 -497 -195 -378 -222 -288 -21 -311 -450 -125 -63 -39 -407 -52 -211 -430 -237 -586 -582 -474 0
-162 -232 -288 -222 -407 -125 -497 -311 -195 -450 -507 0
442 -424 -2 -125 -353 -69 -362 -39 0
-231 -375 -213 0
26 -321 -507 -302 -432 -154 0
-310 -39 -507 -232 -497 -443 -125 -288 -450 -222 -195 -407 -311 0
448 -361 -550 -457 -450 -222 -288 -195 -407 -497 -357 0
-25 -39 -450 -222 -195 -507 -497 -125 -288 -443 -407 -232 -311 0
287 -309 -317 -457 -213 -320 -507 -216 -160 -450 -232 -288 -2 -222 -195 0
-39 -443 -288 -450 -195 -507 -232 -222 -497 -125 -407 -311 0
-457 -368 -407 -125 -450 -288 -195 -222 -443 -507 -232 -497 -356 -422 -311 -458 449 0
286 -443 -407 -507 -288 -125 -222 -497 -232 -195 -450 -311 0
-443 -232 -222 -288 -195 -407 -497 -125 -450 -311 -507 0
319 -18 -473 -58 -388 -533 -507 0
312 -156 -271 -599 -131 -386 -119 -388 -473 -290 -485 -150 -58 -302 -507 -125 -421 -196 -311 162 -105 -352 -384 -367 -469 -439 -247 -97 -376 -457 -67 -19 0
312 -407 -443 -430 -25 -125 -457 -450 -222 -288 -195 -507 -497 448 -160 0
37 -595 -322 -350 -377 -12 -384 -469 -367 -363 -352 -40 -219 -302 -386 -507 -599 -160 -214 -421 -430 -187 -196 -61 -25 -443 0
27 -550 -443 -457 -450 -222 -288 -195 -407 -497 448 0
-219 -246 -426 0
362 -536 -60 -533 -53 -584 -322 -491 -350 -104 -493 -1 -426 -457 -247 -469 -511 -439 -367 -550 -352 0
354 -326 -60 -491 -533 -53 -584 -322 -536 -350 -377 -375 -104 -493 -469 -1 -367 -426 0
38 -53 -584 -236 -533 -388 -67 0
552 -12 -322 -350 -595 -38 -384 -469 -367 -352 -40 -219 -302 -386 -507 -599 -160 -214 -421 -430 -187 -196 -61 -25 -443 -439 -244 -271 -131 0
3 -362 -292 -53 -266 -98 -463 -38 -309 -457 -443 -317 -247 -352 -271 -511 -550 -322 -350 -595 -469 -367 -40 -302 -386 -507 -599 -160 -214 -421 -430 -187 -196 -61 -25 -439 -426 0
54 -291 -120 -271 -282 -426 -587 -262 -138 -313 -116 -168 -146 -67 -203 -533 -463 -584 -292 0
353 -378 -236 -53 -120 -271 -282 -426 -587 -67 -533 -463 -584 -292 -322 -196 -61 -38 -350 -491 -443 -266 -439 -550 -511 -457 -247 -212 -230 -493 -1 -98 -309 -317 -352 -595 -469 -367 -40 -302 -386 -507 -599 -160 -214 -421 -430 -187 -25 0
-378 -271 -352 -443 -322 -196 -60 -491 -533 -53 -584 -350 -493 -469 -1 -367 -426 -61 -439 -550 -511 -457 -247 -381 -212 -230 -236 -120 -282 -587 -67 -463 -292 -38 -266 -98 -309 -317 -595 -40 -302 -386 -507 -599 -160 -214 -421 -430 -187 -25 0
54 -73 -60 -553 -563 -336 -491 -584 -326 0
Solved
