195 -37 -1 0
-37 -193 -1 0
547 -76 -583 -519 -516 -451 -257 -150 -13 -105 -358 -102 -286 -261 -339 -57 0
127 -429 -300 -391 -105 -22 -102 -363 -261 0
299 -391 -22 -425 -334 0
287 -76 -261 -509 -208 -13 -358 -416 -339 -22 -425 -334 -516 -583 -519 0
259 -76 -13 -358 -498 -477 -150 -451 -164 -316 -472 -141 -257 -145 -105 -547 -102 -57 0
-76 -105 -425 -205 -477 -349 -316 -145 -472 -22 -102 -261 -13 -358 -150 -451 -257 -57 -583 -286 -509 -208 -416 -339 -334 -516 -519 0
260 -342 -63 -110 -327 -94 -46 -105 -142 -102 0
129 -353 -369 -232 -85 -451 -373 -427 -165 -332 -257 -105 -102 -261 -63 -110 -327 -94 -46 -509 -416 -358 -13 0
557 -63 -327 -373 -85 -316 -229 -472 -102 -477 -261 -369 -232 -451 -257 -94 -46 -509 -416 -358 -13 -516 -583 -519 -286 -334 -339 -425 -205 -349 -145 -22 -150 -57 -208 -499 0
559 -321 -499 -556 -327 -373 -85 -316 -102 -477 -261 -232 -451 -257 -94 -46 -509 -416 -358 -13 -516 -583 -519 -286 -334 -339 -425 -205 -349 -145 -22 -150 -57 -208 -434 0
-105 -281 -403 -244 -449 -172 -232 -509 -247 -416 -208 -85 -358 -161 -373 -13 -451 -127 -88 -516 -583 -519 -286 -339 -362 -425 -205 -477 -349 -316 -145 -22 -102 -261 -150 -257 -57 -334 -104 0
101 -425 -205 -349 -519 -509 -516 -477 -13 -22 -556 -499 -257 -403 -244 -449 -172 -232 -247 -416 -208 -85 -358 -161 -373 -451 -583 -286 -339 -316 -145 -102 -261 -150 -57 -334 0
210 -416 -143 -509 -13 -358 0
63 -94 -7 0
62 -94 -7 0
518 -339 -207 -22 -425 -334 -548 -299 -486 -150 -451 -163 -583 -286 0
484 -425 -22 -349 -207 0
565 -47 -572 -1 0
-583 -334 -1 -39 -207 -22 -425 518 -548 -299 -486 -150 -451 -163 -195 -286 0
583 -463 -392 -1 -299 -39 0
103 -129 -22 -451 -286 -349 -112 -416 -509 -13 -358 -208 -541 -1 -261 -257 -102 0
585 -547 -22 -205 -361 -541 -485 -428 -339 -354 -299 -286 0
497 -339 -78 0
496 -339 -78 0
-339 -299 -485 -349 -565 -205 -541 -257 -1 -428 -56 -583 -286 -78 0
-299 -205 -564 -1 -257 -428 -485 -349 -565 -433 -541 -56 -583 -286 -78 0
299 -334 -519 -583 -22 -425 -286 0
-334 -583 -361 -22 -286 -78 -1 -347 -564 -588 -151 -7 -94 -109 -280 -485 -257 -428 -349 -565 -56 -519 -425 0
-339 -583 -286 -298 -337 -78 0
-583 -564 -1 -286 -78 -361 -22 -347 -588 -151 -7 -94 -109 -280 -485 -257 -428 -349 -565 -56 -519 -425 0
-129 -22 -105 -102 -261 -451 -257 -1 -286 -7 -94 -349 -509 -416 -358 -208 -13 -112 -499 0
-428 -427 -286 -78 -564 -22 -347 -583 -151 -7 -94 -485 -257 -349 -519 -425 -261 -499 -342 -102 -105 -1 0
428 -89 -261 -485 -22 -349 -425 -102 -541 -105 0
-339 -583 -519 -22 -425 -286 -78 -564 -347 -151 -7 -94 -485 -257 -349 -261 -499 -342 -102 -105 -1 -516 0
427 -38 -583 -194 -300 -257 0
-583 -22 -519 -485 -349 -425 -257 -102 -516 -261 -105 -286 -78 -564 -347 -151 -7 -94 -499 -342 -1 0
300 -485 -349 -575 -425 -73 -22 -516 -519 -286 -78 0
-22 -451 -105 -349 -286 -257 -1 -261 -7 -94 -499 -112 -509 -416 -208 -358 -13 -102 0
-428 -353 -373 -7 -94 -463 -509 -349 -416 -13 -145 -421 -358 -548 -485 -208 -583 -339 -257 -1 -299 -286 -78 -261 -102 -195 -105 -427 0
103 -361 -257 -102 0
22 -257 -373 -7 -94 -509 -349 -416 -13 -145 -358 -208 -1 -286 -261 -102 -105 -112 -499 0
-339 -78 -22 -349 -425 -544 -541 -257 -102 -568 -299 -163 -583 -112 -286 -148 -485 0
-78 -485 -102 -105 -286 -22 -583 -7 -94 -257 -349 -425 -261 -499 -1 -112 -509 -416 -13 -358 -208 -299 0
-485 -425 -105 -102 -261 -22 -349 -257 -416 -509 -13 -358 -208 -286 -583 -7 -94 -499 -1 -112 -299 0
485 -148 -286 -349 -325 -541 -112 -257 -416 -105 -509 -102 -13 -261 -1 -358 -208 0
-299 -583 -105 -102 -261 -349 -257 -416 -509 -13 -358 -208 -286 -7 -94 -499 -1 -112 -22 0
429 -518 -416 -112 -509 -261 -102 -362 -105 -544 -257 0
-583 -257 -102 -105 -416 -112 -509 -261 -286 -349 -13 -358 -208 -7 -94 -499 -1 -22 0
100 300 -349 -73 -485 -22 -286 -217 -13 -358 -568 -148 -208 -163 -416 -509 -112 -363 -261 0
-425 300 -349 -485 -73 -112 -22 -286 -148 -127 -13 -358 -208 -207 0
300 -568 -22 -349 -485 -73 -112 -286 -148 -13 -358 -208 -541 -429 -261 -105 -102 -217 -163 -416 -509 -363 0
-257 -416 -358 -208 -509 -13 -112 -261 -102 -105 -349 -286 -1 -7 -94 -499 -373 -145 0
363 -391 -22 -349 -425 -208 -358 -13 -485 -127 0
486 -519 -546 -340 -509 -127 -416 -13 -358 -281 -208 -88 0
484 -391 -425 -22 -349 0
486 -416 -509 -358 -112 -208 -546 -340 -127 -13 -281 -88 0
487 -416 -509 0
484 -425 -566 -1 -22 -55 -286 -112 -487 -300 -349 0
-425 -22 -229 -145 -472 -300 -286 -1 -112 -416 -194 -55 -509 -127 -566 -13 -358 -208 -88 -486 -349 0
489 -416 -509 0
-416 -509 -373 -286 -13 -358 -208 -145 -1 -112 -349 -261 -102 -105 -7 -94 -499 0
113 -90 -128 -519 -261 0
-391 -519 -425 -488 -112 -128 -22 -261 -485 -349 0
-339 -498 -78 0
-519 -425 -286 -22 -78 -488 -112 -128 -261 -485 -349 0
298 -472 -151 -94 -7 -425 -281 -163 -22 -485 -584 -393 -349 0
-391 -163 -7 -94 -151 -472 -149 -78 -425 -281 -298 -22 -485 -393 -349 0
484 -544 -504 -427 -110 -541 -281 -22 -349 -425 0
-425 -22 -485 -112 -349 -286 -13 -358 -208 -504 -509 -488 -7 -94 -151 -78 -105 -128 -102 -261 0
339 -334 -298 0
207 -423 -485 -349 0
-22 -156 -432 -78 -145 -349 -485 -105 -128 -102 -261 -112 -286 -13 -358 -208 -504 -509 -488 -7 -94 -151 0
429 -528 -473 -369 -106 -433 -75 -63 -110 -342 -94 -142 -105 -102 -262 -195 -1 -282 -261 -12 -160 -452 -447 -545 0
428 -361 -102 -105 0
503 429 -473 -106 -433 -369 -63 -342 -94 -142 -105 -102 -262 -195 -1 -261 -160 -452 -447 -349 -421 -575 -485 -583 -78 -541 -339 -299 -286 -428 0
298 -342 -128 -361 -261 -447 -112 -518 -504 -473 -433 -63 -94 -142 -105 -102 -262 -1 -160 -349 -421 -575 -485 -78 -541 -299 -286 -413 -308 -568 -335 0
426 -347 -7 -413 -151 -361 -499 -1 -105 -286 -78 -128 -261 -112 -504 -94 -142 -102 -349 -421 -575 -485 -568 -509 -488 -391 -295 0
-193 -564 -433 -194 -1 0
257 -128 -261 -102 -361 -105 0
298 -564 -433 -1 -257 -428 -336 0
-509 -105 -1 -112 -261 -499 -102 -373 -7 -286 -94 -349 -145 -13 -358 -208 0
260 -416 -488 -142 -112 0
429 484 -566 -572 -1 -142 -416 -22 -55 -349 -286 -112 -485 -541 0
-485 -472 -145 -476 -11 -22 -349 -541 -427 -566 -572 -1 -142 -416 -55 -286 -112 -486 0
300 -339 -94 -151 -111 -142 -572 -566 -292 -1 -7 -286 -517 -22 -476 -73 -576 -206 -427 0
298 -546 -447 -22 -142 -517 -286 -572 -566 -194 -1 -339 0
299 -339 -229 -476 -1 -472 -145 -142 -572 -55 -416 -566 -488 -112 -517 -286 -77 -22 0
429 298 -22 -142 -517 -286 -572 -566 -447 -1 -339 -256 0
-193 -563 -433 -195 -1 0
-339 -572 -566 -1 -142 -111 -94 -163 -286 -112 -517 -22 -206 -427 -447 -256 -476 -472 -145 -55 -416 -488 -77 -151 -292 -7 -73 -576 0
-105 -261 -112 -286 -94 -145 -7 -349 -102 -1 -208 -358 -13 -499 -373 0
300 -334 -391 -22 0
-334 -391 -22 -298 0
-391 -298 -342 -13 -102 -261 -112 -320 -389 -433 -229 -474 -22 -358 -1 -339 0
-193 -416 -76 -358 -496 -489 -286 -112 -584 -433 -194 -1 0
114 -590 -557 -451 -544 -404 -94 -7 -153 -208 -358 -339 -286 -389 -425 -334 -22 299 -517 -320 0
193 -56 -102 -261 -112 -557 -451 -544 -94 -7 -208 -358 -339 -286 -389 -425 -334 -22 299 -517 -320 -172 -587 0
299 -476 -13 -261 -307 -358 -112 -1 -489 -286 -102 -557 -94 -7 -208 -339 -389 -425 -334 -22 -517 -320 -172 -587 -258 -549 -569 -429 0
62 -94 -596 0
101 -103 -363 -257 0
259 -142 -599 -504 -516 -445 -347 -353 -178 -165 -370 -363 -587 -320 -257 -501 -427 -22 -425 -391 -14 -103 -11 -128 0
-416 -347 -353 -110 -165 -504 -516 -363 -128 -260 -599 -445 -178 -370 -587 -320 -257 -501 -427 -22 -425 -391 -103 -11 489 0
100 -224 -410 -264 -143 -282 -260 0
-94 -412 -566 -260 -320 -587 -388 -46 -353 -165 -504 -516 -363 -599 -445 -178 -370 -257 -427 -22 -425 -391 489 -473 -559 -463 -596 -450 -229 -61 0
261 -142 -525 -346 -353 -394 -165 489 -516 -363 -174 -128 -101 0
102 -140 -412 -441 -152 -388 -363 -587 -320 -257 -501 -427 -103 -11 0
519 -388 -260 -587 -320 -257 -427 -559 -463 -450 -61 -566 -46 -599 -370 -22 -425 -391 -488 -297 -309 -583 -286 0
426 -391 -22 0
-94 -499 -587 -388 -412 -450 62 0
103 -587 -286 -388 -412 -450 -61 -229 -559 -473 0
-7 -94 -61 0
288 -352 -320 -412 -501 -367 -595 -388 0
-352 -501 -559 -463 -111 -229 -94 -440 -367 -61 -583 -286 -320 -412 -341 -388 0
-501 -327 -463 -475 -229 -587 -61 -94 -149 -497 -339 -286 -583 -347 -164 -559 -111 -440 -367 -320 -412 -341 -388 0
501 -94 -61 -587 -388 -412 -450 0
-499 -94 -417 -502 -412 -463 -475 -229 -587 -61 -144 -149 -497 -339 -286 -583 -164 -559 -440 -367 -320 -341 -388 -450 0
111 -410 100 -264 -502 -224 -260 0
-94 -573 -417 -46 -463 -475 -229 -587 -61 -149 -497 -339 -286 -583 -164 -559 -440 -367 -320 -412 -341 -388 100 -264 -502 -260 -450 0
500 -164 -583 -367 -286 -412 -595 -388 0
111 -144 -417 -510 -502 -341 0
100 -473 -286 -587 -417 -510 -502 -583 -367 -412 -388 -46 -463 -229 -61 -149 -497 -339 -559 -320 -264 -260 -450 -178 -566 -363 0
-111 -410 -339 -286 -224 -583 -486 -264 -347 -164 -282 -559 -463 -501 -229 -94 -440 -367 -61 -320 -412 -341 -388 -110 0
-94 -566 -286 -583 -260 -320 -587 -388 -46 -412 -516 -363 -599 -178 -370 -257 -427 -22 -425 -391 489 -473 -559 -463 -450 -229 -61 -339 -486 -164 -282 -440 -367 -341 -558 -500 0
499 -15 -599 -571 -510 -46 -341 -417 -502 -109 -558 -320 0
-391 -193 -22 -425 -339 113 -286 -1 -334 0
-193 113 -299 -22 -425 -339 -286 -1 -334 0
63 -111 -441 -178 -283 -557 -463 -363 -229 -94 0
163 -111 -264 -560 -260 -473 -341 -518 -104 -557 -190 -256 -178 -445 -368 -363 -353 0
597 -7 -94 0
109 -315 -339 -142 -358 -125 -14 -153 -94 -127 -7 -448 -346 -404 -190 -590 -178 -557 -444 0
-111 -142 -497 -423 -518 -260 -149 -60 -427 -206 -448 -140 -94 -339 -358 -14 -153 -190 -178 -557 -174 -596 -353 -368 -560 -473 -283 -445 -104 -441 -341 -363 -165 -264 -256 -463 -229 0
500 -363 -256 -497 -423 -518 -260 -149 -427 -206 -140 -94 -339 -178 -596 -353 -473 -445 -441 -165 -463 -229 -437 -5 489 -371 -433 -412 -586 -388 0
287 -583 -388 -94 -320 -501 -256 -518 -260 -149 -339 -412 -586 -22 -488 -334 -425 -1 -299 -37 -433 0
-583 -501 -339 -37 -22 -334 -518 -286 -388 -94 -320 -1 -256 -260 -149 -412 -586 -488 -425 -299 -433 0
464 -229 -307 0
147 -493 -365 -551 -184 -444 -547 -140 0
-7 -475 -362 -472 -365 -551 -184 -547 -140 -359 487 -412 -586 -388 -501 -596 -94 0
-229 -111 -260 -359 -501 487 -37 -320 -412 -1 -504 -388 -307 -565 -433 -94 -362 -472 -365 -551 -547 -140 -586 -596 -465 0
-111 -359 -260 -565 487 -472 -504 -412 -307 -433 -94 583 -1 -299 -392 -501 -37 -320 -388 -362 -365 -551 -547 -140 -586 -596 0
-229 -451 -429 -163 -256 -447 -362 -342 -501 487 -320 -412 -388 -307 -433 -472 -365 -551 -547 -140 -359 -586 -596 -94 -465 0
-501 -412 -256 -433 -320 -388 -586 -94 -260 -565 -1 -299 -37 -149 -339 -286 -488 -22 -334 -518 -425 0
-298 -463 -229 -299 -22 -334 0
104 -427 -256 0
360 -142 -125 -94 -140 -7 -318 -152 -159 -244 -122 -314 -14 0
96 -503 -53 -16 -255 -518 -534 -73 -355 -545 -535 -427 -541 -206 -448 -125 -7 0
95 -140 -443 -152 -111 -7 0
4 -503 96 -255 -518 -534 -73 -355 -545 -53 -427 -541 -206 -448 -125 -7 0
110 -345 -140 -152 -229 -463 -284 -437 -5 96 -255 -518 -534 -73 -355 -545 -53 -427 -541 -206 -448 -125 -7 -358 -314 -331 -127 -405 -591 -558 0
4 -536 -355 -255 -534 -18 0
361 -5 -371 -73 -355 -255 -534 -53 -405 -591 -178 -558 -111 -140 -152 -229 -463 -437 96 -518 -545 -427 -541 -206 -448 -7 -314 -331 -77 -497 -149 -441 -165 0
-463 -405 -599 -541 -565 -260 -256 -371 -73 -355 -591 -558 -152 -229 -518 -448 -7 -314 -149 -94 -443 -145 -341 -105 -309 -286 -22 -37 -334 -1 -425 -339 -299 0
426 -341 -105 -256 -417 -488 -22 0
-341 -229 -565 -260 -256 -371 -73 -355 -558 -152 -599 -518 -448 -149 -94 -105 -309 -286 -22 -37 -334 -1 -425 -339 -299 -173 -63 -597 -417 -488 0
Solved
