455 -4 -7 -301 -241 0
466 -7 -301 -241 0
24 -43 -415 0
-43 -415 -22 0
6 -17 -380 -19 -436 -344 -55 -183 -1 -167 -208 -456 -439 -241 0
255 -187 -238 0
-187 -238 -253 0
250 -503 -348 -1 -338 -231 -488 -438 -380 0
347 -30 -218 -236 -297 -341 -439 -446 -208 -1 0
2 -202 -236 -218 -297 -341 -30 -307 -155 -439 -384 -208 0
-30 -236 -341 -218 -297 -439 -446 -208 -1 -307 -155 -384 -348 0
415 -338 -349 -475 -49 -1 -348 -488 -341 -297 -439 -446 -307 -384 -358 -480 -380 -231 -232 -168 -44 0
346 -219 -480 -358 -170 -235 -376 -134 -310 -386 -344 -221 0
-218 -219 -480 -30 347 -297 -341 -439 -446 -208 -1 0
-30 -208 -380 -168 -480 -297 -439 -446 -341 -1 -348 -358 -170 -376 -310 -19 -495 -423 -442 -349 -475 -49 -183 -231 -436 -55 -28 0
3 -246 -366 -70 -211 -127 -272 -103 -175 -480 -161 -495 -358 -341 -384 -442 -349 -297 -475 -49 -348 -488 -380 -168 -439 -446 -1 -310 -19 -423 -231 -436 -101 -338 0
23 -231 -297 -488 -348 -1 -366 -70 -211 -127 -272 -103 -175 -480 -161 -358 -341 -384 -442 -349 -475 -49 -380 -168 -439 -446 -310 -19 -423 -101 -22 -307 -232 0
217 -208 -427 -470 -307 -434 -341 -30 -297 -439 -446 -34 -1 -218 -384 -348 -79 -480 -363 0
203 -30 -297 0
202 -30 -297 0
-218 -149 -446 -341 -1 -235 -339 -480 -427 -470 -307 -434 -30 -297 -439 -34 -384 -348 -79 -363 0
171 -208 -56 -168 -339 -417 -328 -16 0
170 -275 -488 -149 -348 -175 -343 -19 0
295 -30 -45 -417 -488 -348 -175 -343 -19 -480 -363 -446 -341 -1 -339 -427 -470 -307 -434 -168 -297 -439 -34 -384 -79 0
-218 -55 -417 -168 -339 -480 -363 -427 -470 -307 -434 -341 -30 -297 -439 -446 -34 -1 -384 -348 -79 0
210 -58 -439 0
209 -58 -439 0
-30 -126 -475 -349 -380 -417 -168 -339 -439 -358 -480 -363 -427 -470 -307 -434 -341 -297 -446 -34 -1 -384 -348 -79 -45 -488 -175 -343 -19 0
456 -297 -475 -49 -175 -19 -349 -1 -488 -380 -439 -358 -427 -307 -434 -446 -34 -79 -22 -366 -70 -211 -127 -103 -442 -310 -101 -232 -7 -466 -301 0
372 -40 -34 0
-208 -231 -427 -470 -307 -232 -22 -30 -341 -297 -439 -446 -218 -1 -384 -434 -34 -79 -480 0
296 -218 -480 -427 -470 -307 -434 -341 -30 -297 -439 -446 -34 -1 -384 -79 -22 -337 -246 -221 -488 -310 0
-218 -480 -34 -358 -341 -30 -297 -22 -427 -307 -434 -439 -446 -1 -79 -488 -310 -19 -232 -301 -7 0
167 -397 -7 -160 -301 -390 -464 -39 -232 -307 -384 -475 -109 -26 -349 -380 -216 -56 -328 0
170 -149 -348 -208 -488 -275 -175 -1 -19 0
150 -230 -7 -301 -160 -34 -31 -41 -141 -175 -37 0
295 -208 -341 -275 -7 -301 -160 -34 -41 -175 -438 -380 -166 -328 -446 -1 -235 -169 -348 -488 -19 -30 0
-208 -275 -30 -297 -341 -439 -7 -301 -160 -34 -41 -175 -380 -166 -328 -446 -1 -235 -169 -488 -19 0
57 150 -362 -7 -301 -160 -34 -169 -41 -230 -175 -22 -453 -337 -61 0
237 -373 -169 -19 -307 -232 -384 -442 -109 -26 -349 -56 -362 -7 -301 -160 -34 -41 -175 -22 -337 -61 -438 -380 -328 -166 -475 -275 -149 -358 -341 0
343 -337 -301 -22 -7 -1 -348 0
-56 -57 -442 -235 -169 -19 -307 -232 -384 -26 -362 -7 -301 -160 -34 -41 -175 -22 -337 -380 -328 -166 -475 -275 -358 -341 -101 -297 -488 -343 -58 -30 -349 0
56 -384 -169 -19 -343 -310 -1 -297 -337 -30 0
57 -275 -30 -488 -297 -175 -343 -19 -169 -380 -362 -22 -166 -337 -328 0
-384 -235 -442 -169 -19 -307 -232 -26 -362 -7 -301 -160 -34 -41 -175 -22 -337 -380 -328 -166 -475 -275 -358 -341 -101 -297 -488 -58 -30 -349 -310 -1 0
171 -111 -297 -310 -343 -220 -19 0
-480 -341 -297 -30 -19 -488 -175 -310 -1 -442 -307 -232 -26 -7 -301 -34 -22 -380 -166 -475 -358 -421 -101 -349 -439 -446 -427 -434 -79 0
296 -384 -19 -343 -310 -1 -297 -337 -30 -349 -439 -237 -109 0
170 -109 -261 -419 -310 -42 -34 -343 -220 -219 -19 -488 -149 -348 -175 0
40 -453 -275 -175 -307 -343 -149 -19 -32 -151 -427 -91 -372 -219 0
55 -275 -22 -434 -273 -219 -42 -79 -175 -307 -343 -149 -19 -427 -162 -366 -230 -183 -380 -282 -49 -475 -442 -166 -349 -330 -215 0
338 -208 -1 0
-208 -337 -1 0
-275 -193 -366 -143 -183 -385 -419 -1 -421 -383 -34 -111 -40 -297 -30 -276 -488 170 -175 -343 -19 0
170 -237 -358 -419 -310 -34 -343 -220 -19 -488 -175 -297 -30 -366 -183 -385 -1 -421 -383 -116 -357 0
110 -135 -166 -380 -307 -452 -458 -304 -501 -127 -92 -152 -49 -94 -475 -442 -26 -116 -349 -330 0
350 -448 -65 -152 -366 -92 -49 -475 -442 0
181 -92 -19 -343 -49 -166 -380 -307 -452 -458 -127 -152 -94 -475 -442 -26 -116 -349 -330 -109 -65 -366 -47 -34 -370 -230 0
40 -152 -127 -94 -116 -139 -366 -175 -149 -442 -109 -385 -275 -349 -377 -475 -446 -49 -1 -183 -19 -343 -166 -380 -307 -452 -458 -26 -330 -65 -47 -34 -230 -219 0
295 -149 -366 -22 -127 -446 -79 -434 -275 -219 -34 -94 -116 -139 -175 -273 -442 -385 -349 -475 -49 -1 -183 -19 -343 -166 -380 -307 -26 -330 -230 -358 -55 -237 -30 0
-58 -208 -439 0
480 -30 -366 -34 -358 -307 -127 -446 -79 -434 -94 -116 -175 -442 -349 -475 -49 -1 -19 -166 -380 -26 -22 -297 -439 -310 -488 -421 -301 -7 0
217 -275 -475 -442 -349 -26 -166 -380 -22 -79 -434 -34 -358 -236 -297 -30 -7 -307 -149 -480 -19 0
29 -300 -273 -92 -152 -366 -49 -475 -442 -158 -1 -210 -328 -30 -488 -297 -175 -343 -19 -169 -380 -275 -22 -166 -362 -281 -216 -349 -110 0
-275 -343 -488 -297 -149 -30 -366 -49 -475 -442 -158 -1 -175 -310 -19 -380 -22 -166 -349 -358 -236 -480 -26 -79 -434 -34 -7 -307 0
275 -236 -1 -446 -297 -30 -232 -439 -22 -79 -434 -427 -301 -7 -480 -34 -307 0
-30 -166 -70 -211 -301 -7 -439 -22 -1 -488 -297 -366 -49 -475 -442 -175 -310 -19 -380 -349 -358 -26 -79 -434 -34 -307 -446 -232 -427 -421 -101 -127 -94 -116 0
370 -329 -436 -479 -7 -166 -502 -380 -452 -37 -388 -434 0
328 -370 -62 -452 -141 -380 -41 -34 -362 -49 -427 -475 -442 -181 -349 -1 -470 -378 -215 -346 -301 -236 -7 -479 0
337 -62 -166 -380 -452 -141 -41 -34 -362 -49 -427 -475 -442 -181 -349 -1 -470 -378 -346 -301 -236 -7 -479 -436 -37 -388 -434 -57 0
329 -236 -49 -475 -442 -349 -26 -380 -278 -166 -57 0
-40 -370 -34 -41 0
140 -169 -19 -175 -343 0
171 -337 -1 -346 -22 -343 -362 -19 -17 0
296 -149 -7 -1 -488 -343 -181 -175 -275 -19 -346 -22 -452 -380 -166 -37 -388 -434 -34 -49 -475 -442 -349 -26 -278 -57 -427 -470 -378 -301 -219 -310 -204 0
-149 -343 -181 -7 -1 -346 -204 -297 -488 -34 -175 -275 -19 -22 -380 -166 -434 -49 -475 -442 -349 -26 -57 -427 -301 -310 -307 -150 0
453 -180 -471 -389 -307 -38 0
207 -389 -38 0
385 -122 -103 -404 -411 -83 0
Solved
