554 -157 -358 -202 -118 -454 -547 -115 -196 -145 -511 -133 -427 -514 -346 -505 0
-157 -511 -358 -202 -118 -454 -547 -115 -196 -145 -346 -133 -427 -514 -505 -553 0
348 -110 -553 -454 -70 -505 -547 -514 -196 -511 -325 -421 -358 -556 -55 0
513 -460 -553 -514 -505 0
-460 -511 -553 -514 -505 0
507 -511 -358 -553 -454 -70 -505 -547 -514 -196 -346 -325 -421 -556 -55 -202 -118 -481 -115 -220 -133 0
-511 -346 -358 -202 -118 -481 -454 -547 -115 -196 -220 -133 -553 -514 -505 -70 -325 -421 -55 -145 -427 0
554 -346 -55 -421 -358 -286 -325 -559 -187 -85 -310 -430 -460 -220 0
562 -421 -55 -358 -325 -187 -85 -310 -430 -220 -553 -202 -118 -454 -547 -115 -196 -133 -514 -505 -70 -145 -427 0
-460 -447 -478 -325 -1 -338 -381 -259 -187 -409 -85 -310 -430 -235 -462 -553 -514 -505 0
445 -528 -557 -310 -214 -409 -372 -259 -168 -98 -45 0
555 -421 -454 -70 -505 -547 -514 -196 -325 -553 -358 -55 -202 -118 -115 -145 -133 -427 -310 -409 -259 -544 -52 -478 -1 -187 -85 -430 -235 -220 0
-460 -421 -202 -325 -187 -85 -310 -430 -55 -358 554 -220 -553 -514 -505 0
445 -527 -558 -310 -214 -409 -371 -259 -167 -99 -44 0
565 -202 -553 -454 -70 -505 -547 -514 -196 -325 -55 -118 -145 -133 -427 -310 -409 -259 -544 -52 -187 -85 -430 -478 -1 -235 0
555 -460 -478 -325 -187 -85 -1 -484 -259 -409 -310 -430 -235 -553 -514 -505 0
287 -219 -478 -559 -484 -325 0
-460 -235 -1 -325 -484 -187 -85 -310 -514 -430 -478 -505 -553 -259 -409 0
327 -438 -447 -283 -109 -25 -202 -118 -98 -424 -477 -169 -5 -124 -55 -439 -275 0
446 -41 -275 -55 -235 -423 -169 -424 -118 -202 -466 -109 0
203 -423 -502 -29 -118 -43 0
311 -109 -222 -190 -214 -310 -372 -409 -259 -98 -331 -544 -118 -202 -29 -447 -275 -55 -235 -169 -424 -101 -484 -325 -283 -25 -124 -381 -187 -430 -85 0
286 -275 -55 -235 -169 -424 -118 -202 -254 -565 -334 -65 -124 -544 -447 -98 -259 -409 -310 -222 -190 -214 -372 -331 -29 -101 -484 -325 -25 -381 -187 -430 -85 0
110 -422 -29 -13 -503 -562 -447 -346 0
204 -297 -190 -254 -29 -447 -111 -13 -360 -80 -565 -41 -235 -124 -169 -424 -118 0
555 -287 -565 -334 -235 -124 -169 -544 -424 -118 -202 -190 -13 -325 -55 -259 -409 -310 -214 -331 -484 -25 -187 -430 -85 -454 -547 -52 -196 -511 -133 -514 -505 0
447 -276 -55 -255 -565 -334 -66 -235 -124 -169 -544 -424 -118 -202 -109 0
203 -102 -315 -240 -221 -190 -214 -310 -99 -409 -371 -259 445 -331 -544 -316 -118 0
-287 -565 -235 -169 -424 -118 -202 -190 -214 -310 -409 -259 -331 -544 -187 -85 -55 -334 -124 -454 -547 -52 -196 -511 -514 -505 -553 -13 -325 -484 -25 -430 -133 0
43 -504 -190 -255 -296 -74 -423 -167 -30 0
120 -110 -118 -13 -446 -190 -255 -296 -30 -359 -81 -565 -42 -235 -124 -169 -424 -202 0
568 -334 -55 -124 -169 -544 -118 -13 -505 -133 -547 -514 -196 -325 -310 -409 -259 -331 -187 -85 -454 -52 -553 -484 -25 -430 -1 -478 -70 -145 -427 0
202 -443 -513 -478 -467 -462 -70 -430 -310 -211 -124 -568 -55 -423 -29 -110 -44 0
446 -203 -331 -70 -61 -13 -211 -124 -55 -568 -172 -478 -430 -310 -423 -553 -505 -514 0
109 -45 -331 -325 -478 -553 -450 -168 -505 -423 -210 -514 -503 -446 0
447 -566 -358 -440 -75 -45 -553 -450 -168 -487 -505 -210 -144 -514 -503 0
422 -42 -70 -484 -478 -325 -450 -210 -168 -45 -446 -358 -75 -553 -487 -505 -144 -514 -503 0
-202 -482 -118 -310 -409 -259 -331 -544 -187 -85 -55 -334 -124 -454 -547 -52 -196 -514 -505 -553 -13 -325 -484 -25 -430 -133 -169 -446 -503 -423 -70 -478 -144 -5 -211 -568 -203 0
312 -513 -52 -196 -97 -462 -259 -430 -409 0
506 -317 -196 -478 -325 -187 -85 -1 -484 -259 -409 -310 -430 -553 -514 -505 -331 -52 -425 -547 -97 -169 -75 -124 -528 -112 0
57 -442 -478 -70 -466 -187 -430 -85 -310 -112 -124 -568 -5 0
445 -425 -1 -484 -187 -85 -310 -514 -430 -478 -505 -553 -259 -409 -325 -169 -211 -124 -568 -423 -55 -70 -112 -5 -503 0
119 -423 -55 -505 -553 -514 -1 -484 -187 -85 -310 -430 -478 -259 -409 -325 -169 -211 -124 -568 -70 -118 -331 -544 -334 -454 -547 -52 -196 -13 -25 -133 -61 -172 0
421 -445 -172 -70 -61 -124 -55 -568 -204 -13 -505 -514 -331 -504 0
-445 -204 -553 -514 -505 -334 -211 -325 -331 -70 -61 -13 -124 -55 -568 -172 -478 -430 -310 -423 -143 -504 0
44 -112 -143 -6 -169 -259 -124 -187 -430 -409 -466 -85 -310 -52 -196 -97 -133 -553 -514 -209 -505 -166 -28 0
126 -442 -466 -70 -209 -1 -325 -484 -187 -85 -310 -514 -430 -478 -505 -553 -259 -409 -211 -55 -426 -568 -169 0
45 -230 -430 -466 -310 -442 -409 -475 -259 -449 -97 -61 -52 -196 -222 -511 -553 -514 -505 -28 0
44 -143 -6 -169 -259 -124 -187 -430 -409 -466 -85 -310 -52 -196 -97 -133 -553 -514 -209 -505 -28 -204 0
311 -512 -52 -196 -97 -461 -259 -430 -409 0
-423 -568 -310 -52 -196 -259 -409 -553 -514 -505 -169 -124 -187 -85 -133 -211 -55 -430 -70 -1 -325 -484 -478 -334 -331 -61 -13 -172 -544 -118 -454 -547 -25 0
202 -445 -5 -331 -41 -325 -441 -553 -449 -187 -505 -133 -209 -430 -85 -514 -504 -310 -145 -113 -44 0
515 -167 -172 -331 -70 -61 -344 -449 -209 -13 -192 -30 -44 -445 0
-445 -44 -484 -325 -331 -41 -441 -449 -478 -209 -553 -30 -504 -505 -514 -172 -70 -61 -344 -13 -192 -204 -5 -187 -133 -430 -85 -310 -145 -113 0
311 -442 -478 -70 -466 -475 -187 -430 -85 0
-44 -77 -74 -204 -192 -430 -113 -310 -478 -70 -187 -85 -5 -118 -504 -484 -325 -331 -41 -441 -449 -209 -553 -30 -505 -514 -172 -61 -344 -13 -133 -145 0
447 -225 -325 -484 -218 -467 -109 0
571 -430 -70 -187 -478 -85 -325 -484 -118 -310 -553 -505 -514 -61 -13 -133 -145 -211 -124 -55 -52 -196 -259 -409 -169 -1 -544 -454 -547 -25 -427 0
468 -286 -325 -423 -55 -478 -448 -443 -70 0
450 -286 -513 -1 -325 -484 -187 -85 -310 -514 -430 -478 -505 -553 -259 -409 -570 -439 -55 0
504 -202 -478 -70 -61 -55 -513 -1 -325 -484 -187 -85 -310 -514 -430 -505 -553 -259 -409 -381 -443 -467 -110 -44 -401 -209 -118 0
444 -421 -325 -55 -569 -124 -169 -544 -118 -13 -505 -133 -547 -514 -196 -310 -409 -259 -187 -85 -454 -52 -553 -484 -25 -430 -1 -478 -70 -145 -427 -80 -158 -381 -77 0
423 -331 -571 -484 -381 -325 -44 -439 -29 0
422 -229 -553 -454 -70 -505 -547 -514 -196 -325 -55 -118 -145 -133 -427 -310 -409 -259 -544 -52 -187 -85 -430 -478 -1 -202 -569 -439 0
-202 -29 -44 -55 -118 -484 -381 -325 -553 -454 -70 -505 -547 -514 -196 -145 -133 -427 -310 -409 -259 -544 -52 -187 -85 -430 -478 -1 -467 -443 -124 -169 -13 -25 -80 -158 -211 -209 -503 -61 -513 -110 -401 0
446 -209 -514 -505 -118 -325 -169 -44 -445 -187 -133 -553 -430 -85 -310 -145 -124 -55 -478 -70 -211 -484 -454 -547 -196 -427 -409 -259 -544 -52 -1 -13 -25 -61 0
450 -331 -444 -402 -478 -468 -316 -70 -61 0
-331 -569 -169 -66 -1 -325 -484 -187 -85 -310 -514 -430 -478 -505 -553 -259 -409 -544 -55 -118 -13 -133 -547 -196 -454 -52 -25 -70 -145 -427 -124 -202 -166 -209 -449 -444 -402 -468 -316 -61 0
56 -66 -169 -124 -166 -544 -504 -202 -118 -1 -325 -484 -187 -85 -310 -514 -430 -478 -505 -553 -259 -409 -55 -13 -133 -547 -196 -454 -52 -25 -70 -145 -427 -209 -444 -402 -468 -316 -61 0
-209 -445 -547 -118 -13 -124 -169 -1 -325 -484 -187 -85 -310 -514 -430 -478 -505 -553 -259 -409 -55 -544 -133 -454 -52 -25 -70 -145 -427 -61 -44 -196 -211 0
204 -167 -44 0
-202 -331 -454 -70 -505 -547 -514 -196 -325 -55 -118 -145 -133 -427 -310 -409 -259 -544 -52 -187 -85 -430 -478 -1 -449 -503 -124 -169 -13 -553 -484 -25 -570 -204 0
202 -167 -44 0
209 -44 -454 -70 -505 -547 -514 -196 -325 -55 -118 -145 -133 -427 -310 -409 -259 -544 -52 -187 -85 -430 -478 -1 -124 -169 -13 -484 -25 -553 -211 0
57 -331 -288 -70 -118 -13 -446 -30 -124 -169 -202 -466 -133 -442 -514 -77 -1 -325 -484 -187 -85 -310 -430 -505 -553 -259 -409 -55 -544 -547 -196 -478 -454 -52 -25 -145 -427 -43 -502 203 0
-475 -442 -478 -70 -466 -187 -430 -85 -310 0
-202 445 -70 -478 -310 -409 -259 -44 -454 -118 -13 -124 -169 -547 -133 -196 -514 -52 -1 -325 -484 -187 -85 -430 -505 -553 -55 -544 -25 -145 -427 -211 0
-5 445 -484 -187 -85 -310 -514 -430 -478 -505 -553 -259 -409 -325 -169 -211 -124 -1 -568 -55 -70 -112 -118 0
-44 -430 -70 -1 -325 -484 -187 -85 -310 -514 -124 -478 -505 -553 -259 -409 -211 -55 -169 -118 -454 -13 -547 -133 -196 -52 -544 -25 -145 -427 -61 0
421 -361 -482 -148 -79 -133 -478 -70 -187 -430 -85 -310 -111 -514 -446 -505 -13 -503 -29 0
56 -331 -1 -478 -70 -61 -553 -505 -514 -446 -503 -482 -148 -133 -187 -430 -85 -310 -111 -13 -29 -124 -169 -425 -144 -325 -484 -259 -409 -55 -544 -118 -547 -196 -454 -52 -25 -145 -427 -570 0
445 -475 -70 -478 -187 -430 -85 -310 0
379 -331 -571 -325 -484 -440 -317 0
565 -202 -454 -70 -505 -547 -514 -196 -325 -55 -118 -145 -133 -427 -310 -409 -259 -544 -52 -187 -85 -430 -478 -1 -553 0
-331 -565 -553 -317 -571 -325 -484 -505 -514 -503 -446 -70 -478 -187 -430 -85 -310 -5 -55 -1 -61 -482 -148 -133 -111 -13 -29 -124 -169 -425 -144 -259 -409 -544 -118 -547 -196 -454 -52 -25 -145 -427 -570 0
504 -172 -239 -571 -102 -52 -144 -98 -258 -482 -148 -79 -133 -478 -70 -187 -430 -85 -310 -111 -514 -446 -505 -13 -503 -29 -422 -394 0
-202 -571 -145 -484 -133 -325 -514 -446 -52 -148 -478 -70 -187 -430 -85 -310 -505 -13 -29 -124 -169 -1 -553 -259 -409 -55 -317 -61 -544 -118 -547 -196 -454 -25 -427 -203 0
502 -423 -505 -514 -571 -325 -484 -331 -317 -55 -446 -553 -210 0
-423 -331 -166 -169 -259 -124 -187 -430 -409 -85 -310 -52 -196 -133 -553 -514 -505 -112 -118 -504 -571 -325 -484 44 -55 0
56 -109 -484 -325 -478 -187 -70 -85 -310 -210 -112 -211 -124 -446 -568 -514 -430 -505 -553 -259 -409 -169 -1 -55 -118 0
447 -423 -553 -514 -505 -325 -450 -425 -61 -118 -6 -166 -169 -259 -124 -187 -430 -409 -85 -310 -52 -196 -133 -112 -571 -484 44 -55 0
574 -409 -1 -325 -484 -187 -85 -310 -514 -478 -505 -553 -259 -70 -211 -55 -169 -118 -124 -61 -52 -196 -133 -145 -148 -13 -544 -547 -25 -427 0
503 -445 -52 -196 -259 -430 -409 -310 -574 -70 -1 -325 -484 -187 -85 -514 -124 -478 -505 -553 -211 -55 -169 -118 -13 -547 -133 -544 -25 -145 -427 -61 -139 -423 0
204 -570 -1 -325 -484 -187 -85 -310 -514 -430 -478 -505 -553 -259 -409 -513 -139 -211 -370 -208 -110 -44 0
202 -44 -478 -110 -423 -70 -430 -310 -211 -124 -462 -55 -513 -29 -467 -443 0
502 -130 -70 -478 -547 -52 -124 -196 -169 -65 -513 -1 -325 -484 -187 -85 -310 -514 -430 -505 -553 -259 -409 -544 -118 -202 -139 -211 -370 -110 -44 -55 -423 0
446 -503 -478 -70 -61 -55 -1 -325 -484 -187 -85 -310 -514 -430 -505 -553 -259 -409 -118 -547 -52 -124 -196 -169 -544 -139 -211 -423 -13 -133 -25 -145 -427 0
569 -168 447 -553 -450 -505 -144 -514 -503 -348 -446 -325 -478 -331 -423 -211 -124 0
204 -570 -1 -325 -484 -187 -85 -310 -514 -430 -478 -505 -553 -259 -409 -196 447 -450 -503 -348 -446 -423 -211 -124 -544 -6 -118 0
-445 -423 -514 -505 -553 -211 -325 -70 -61 -13 -124 -55 -478 -430 -310 -187 -85 -484 -118 -133 -145 -52 -196 -259 -409 -169 -1 -544 -547 -25 -427 -139 -574 0
445 -44 -187 -85 -310 -514 -430 -478 -505 -553 -259 -409 -325 -169 -211 -124 -1 -55 -70 -118 -503 -484 0
-44 -211 -423 -514 -503 -446 -187 -85 -310 -430 -478 -553 -259 -409 -325 -169 -505 -124 -1 -55 -70 -118 -484 0
504 -211 -478 -409 -325 -484 -187 -85 -310 -514 -505 -553 -259 -1 -55 -169 -118 -124 -70 -52 -196 -133 -430 -29 -423 -446 0
-544 -331 -310 -52 -196 -259 -409 -553 -514 -505 -169 -124 -187 -85 -133 -211 -55 -430 -70 -1 -484 -478 -423 -325 -118 -503 -446 -545 0
119 -211 -553 -514 -505 -325 -484 -478 -310 -52 -259 -409 -169 -124 -187 -85 -133 -196 -55 -430 -70 -1 -423 -118 -503 -446 0
-211 -133 -553 -514 -505 -423 -325 -70 -124 -55 -478 -430 -310 -118 -169 -259 -187 -409 -85 -52 -196 -484 -1 -503 -446 0
445 -44 -208 -118 -503 0
-44 -208 -423 -514 -503 -446 -505 -118 0
502 -580 -553 -124 -505 -568 -514 -55 -446 -423 0
211 -503 -505 -55 -553 -70 -478 -187 -430 -85 -310 -446 -118 -423 -124 -514 0
447 -586 -484 -259 -430 -409 -52 -196 -310 -187 -85 -325 -553 -55 -505 -423 -514 -503 0
-503 -169 -505 -310 -409 -423 -259 -55 -118 -70 -478 -187 -430 -446 -484 -52 -196 -325 -553 -514 -124 -85 -1 0
29 -528 -478 -70 -409 -325 -484 -187 -85 -310 -514 -505 -553 -259 -1 -55 -169 -118 -124 -145 -52 -196 -575 -338 -582 -381 -587 0
445 -28 -196 -259 -430 -409 -553 -514 -505 -52 -478 -70 -325 -484 -187 -85 -310 -1 -55 -169 -118 -124 -582 -6 0
57 -286 -512 -325 -1 -484 -187 -85 -310 -514 -430 -478 -505 -553 -259 -409 -439 -569 -448 0
-169 -446 -70 -55 -325 -1 -484 -187 -85 -310 -514 -430 -505 -553 -259 -409 -478 -196 -52 -118 -124 -423 0
202 -317 -380 -221 -440 -566 -450 -235 -208 -570 -167 0
447 -503 -484 -424 -118 -1 -187 -85 -310 -514 -430 -478 -505 -553 -259 -409 -196 -325 -446 -423 -211 -124 -235 -55 0
-503 -446 -409 -259 -70 -478 -553 -505 -187 -514 -430 -85 -196 -52 -423 -55 -118 -310 -484 -1 -325 -124 0
445 -99 -310 -409 -259 -214 -44 -70 -478 -204 -102 -235 -143 -221 -257 -395 -456 -380 -576 -187 -55 -430 -85 -6 -52 -196 -512 -461 0
507 -6 -70 -478 -55 -439 -325 -1 -484 -187 -85 -310 -514 -430 -505 -553 -259 -409 -209 -204 -446 -235 -143 -395 -52 -196 -582 -28 0
-446 -52 -409 -310 -259 -196 -430 -70 -478 -187 -85 -514 -505 -55 -325 -1 -484 -553 -423 -118 -124 0
421 -467 -70 -478 -55 -1 -325 -484 -187 -85 -310 -514 -430 -505 -553 -259 -409 -110 -513 -381 -443 -44 -401 -118 -582 -503 -29 0
448 -275 -325 -42 -440 -230 0
203 -401 -325 -484 -381 -1 -44 -443 -478 -467 -70 -450 -42 -440 -566 -196 -513 -187 -85 -310 -514 -430 -505 -553 -259 -409 -503 -570 -118 0
120 -566 -222 -462 -187 -258 -430 -85 -310 -65 -124 -570 -44 -503 -203 0
446 -196 -325 -484 -187 -85 -310 -514 -430 -478 -505 -553 -259 -409 -70 -55 -118 -423 -124 -1 0
-44 -503 -325 -478 -70 -423 -55 -187 -430 -85 -310 -118 -484 -1 -514 -505 -553 -259 -409 -196 -124 0
502 -97 -1 -325 -484 -187 -85 -310 -514 -430 -505 -553 -259 -409 -478 -55 -446 -423 0
-503 -196 -478 -70 -187 -430 -85 -310 -514 -505 -1 -325 -484 -553 -259 -409 -423 -55 -118 -124 0
447 -44 -70 -6 -55 -325 -1 -484 -187 -85 -310 -514 -430 -505 -553 -259 -409 -439 -582 -209 -204 -478 0
-44 -483 -196 -1 -325 -484 -187 -85 -310 -514 -430 -478 -505 -553 -259 -409 -204 -209 -100 -395 -582 -55 -28 -6 -70 -446 -439 0
-196 -1 -325 -478 -70 -55 -187 -430 -85 -310 -514 -505 -484 -553 -259 -409 -423 -118 -124 0
445 -29 -478 -70 -187 -430 -85 -310 -124 -55 -423 -118 -44 0
380 -475 -430 -310 -467 -85 -443 -187 -1 0
143 -557 -158 -587 -310 -85 -187 -600 -314 -546 -258 0
203 -381 -44 -430 -310 -467 -85 -443 -187 -1 -70 -450 -325 -440 -42 -275 -235 -158 -587 -600 -258 -222 -566 -115 -503 -424 -118 0
506 -447 -70 -55 -1 -325 -484 -187 -85 -310 -514 -430 -505 -553 -259 -409 -44 -118 -423 -124 -478 0
-503 -257 -187 -85 -221 -310 -235 -565 -409 -115 -259 -55 -424 -4 -204 -118 -168 -502 -423 -514 -446 -44 -505 0
-447 -44 -310 -409 -259 -55 -118 -187 -423 -514 -85 -505 -478 -70 -430 -124 -553 -1 -325 -484 0
-44 -1 -55 -325 -70 -484 -187 -85 -310 -514 -430 -505 -553 -259 -409 -478 -118 -423 -124 0
504 -566 -85 -235 -505 -310 -553 -29 -409 -423 -259 -55 -5 -70 -478 -187 -430 -446 0
144 -221 -317 -187 -380 -440 -325 -484 -599 -545 -257 0
119 -503 -317 -235 -187 -325 -484 -553 -505 -514 -55 -446 -423 -1 -85 -310 -29 -409 -259 -70 -478 -430 -115 -424 0
-503 -317 -235 -167 -553 -505 -514 -55 -446 -423 -203 -118 -187 -325 -484 -1 -85 -310 -29 -409 -259 -70 -478 -430 -115 -424 0
-1 -118 -310 -187 -124 -553 -505 -423 -85 -514 -55 -325 -484 -409 -259 -70 -478 -430 0
-446 -440 -379 -450 -553 -208 -505 -514 -204 -445 -423 -503 -118 0
446 -559 -430 -409 -310 -478 -259 -484 -325 -85 -187 -379 -553 -505 -514 -442 0
507 -118 -70 -478 -559 -259 -430 -409 -310 -85 -187 -379 -553 -514 0
-118 -55 -423 -259 -430 -409 -310 -85 -187 -70 -478 -553 -514 -505 -484 -325 -124 0
203 -1 -478 -466 -442 -325 -42 -55 -513 -210 -423 -70 -484 -187 -85 -310 -514 -430 -505 -553 -259 -409 -29 -570 -109 -43 0
422 -168 -484 -478 -325 -446 -70 -75 -42 -45 -553 -210 -505 -144 -514 -503 -347 -55 0
56 -449 -439 -62 -325 -317 -222 -513 -85 504 -505 -310 -553 -29 -409 -423 -259 -55 -70 -478 -187 -430 -446 -1 -484 -514 -570 -42 0
-1 504 -401 -381 -97 -62 -259 -4 -55 -325 -222 -513 -85 -442 -505 -310 -553 -29 -409 -423 -70 -478 -187 -430 -446 -484 -514 -570 -42 -75 -503 -493 -109 -43 -202 -466 0
-503 -97 -222 -55 -513 -4 -462 -259 -430 -409 -310 -85 -187 -381 -401 -258 -62 -325 -442 -505 -553 -29 -423 -70 -478 -446 -484 -514 -570 -42 -75 -493 -109 -43 -202 -466 -502 0
-446 -462 -430 -310 -409 -259 -4 -55 -570 -212 -202 -29 -423 -222 -513 -85 -187 -381 -401 -258 -62 -325 -505 -553 -70 -478 -484 -514 -42 -75 -502 -447 0
204 -476 -467 -283 -325 -55 -478 -423 -443 -70 -287 -210 -110 -44 0
468 -194 -424 -197 -548 -488 -158 -116 -78 -556 -478 -443 -70 0
295 -283 -42 -453 -287 -325 -484 -443 -219 -467 -424 -197 -548 -488 -158 -116 -78 -556 -478 -70 -345 0
57 -401 -70 -478 -60 -345 -210 -297 -42 -453 -325 -484 -443 -467 -424 -548 -158 -212 -570 -114 -202 -55 -423 -110 -44 -222 -144 -258 -513 -396 -462 -187 -430 -85 -310 -409 -98 -259 -4 0
506 -55 -484 -325 -187 -85 -310 -514 -430 -478 -505 -553 -259 -409 -70 -423 -124 0
504 -565 -235 -569 -288 -213 -347 -202 -98 -44 -70 -478 -187 -430 -85 -310 -446 0
208 -167 -77 -478 -446 -74 -504 -423 -30 -190 -159 -296 -230 -70 -44 -449 0
-167 -77 -63 -44 -449 -209 -316 -478 -446 -74 -504 -423 -30 -190 -159 -296 -230 -70 0
442 -195 -393 -47 -549 -177 -371 -7 -214 -102 -14 -556 -239 -70 -172 -468 -576 -77 0
-467 -283 -288 -325 -484 -218 447 -477 0
568 -172 -344 -393 -549 -177 -7 -214 -102 -14 -556 -239 -70 -576 -288 -325 -484 -218 -477 -98 -446 -44 -202 -63 -449 -209 -316 -478 -74 -504 -423 -30 -159 -296 -230 -213 0
45 -449 -63 -209 -316 -167 0
56 -446 -325 -484 -70 -63 -202 -569 -344 -393 -549 -478 -74 -423 -30 -159 -296 -213 -221 -257 -502 -187 -430 -85 -310 -512 -461 -409 -259 -4 0
-55 -70 -478 -484 -325 -187 -85 -310 -514 -430 -505 -553 -259 -409 -423 -124 0
-167 -442 -325 -466 -40 -70 -124 -448 -568 -210 -204 -44 -168 0
445 -44 -325 -70 -40 -592 -124 -187 -85 -310 -409 -259 -4 -568 -448 -503 0
-44 -446 -514 -423 -503 -505 -325 -70 -40 -592 -124 -187 -85 -310 -409 -259 -4 -568 -448 0
204 -592 -310 -85 -187 -553 -478 -70 -448 -566 -514 -505 -484 -440 -325 -40 -124 -568 0
449 -443 -325 -484 -187 -40 -592 -467 -70 0
446 -592 -187 -440 -70 -448 -325 -484 -40 -553 -505 -514 0
71 -446 -325 -484 -109 -187 -592 -478 0
-70 -423 -409 -310 -85 -187 -325 -484 -478 -514 -259 -505 -124 -553 -430 0
-167 -568 -325 -423 -274 -514 -314 -505 -553 -462 -235 -124 -502 -446 -44 -57 -210 -204 -168 0
503 -566 -318 -505 -63 -553 -30 -581 -423 -118 0
42 -274 -325 0
-167 -568 -592 -423 -57 -553 -42 -235 -124 -502 -514 -446 -44 -505 -187 -210 -204 -168 0
189 -5 -259 -409 -57 -310 -592 -85 0
504 -568 -423 -235 -57 -553 -42 -124 -112 -310 -85 -187 -259 -409 -592 -118 0
-568 -318 -505 -63 -553 -30 -423 -235 -57 -502 -42 -124 -310 -85 -187 -259 -409 -592 -204 -514 -446 -44 -210 -168 0
468 -44 -423 -514 -446 -553 -505 -210 -57 -63 -124 -310 -85 -187 -259 -409 -592 -325 -231 0
56 -568 -63 -553 -505 -423 -57 -124 -310 -85 -187 -259 -409 -592 -514 -446 -44 -210 -443 -231 -325 -441 0
202 -42 -423 -514 -446 -44 -505 -568 -57 -553 -503 -124 -235 -310 -85 -187 -259 -409 -592 0
204 -503 -446 -210 -44 0
-42 -568 -514 -446 -44 -505 -423 -57 -553 -503 -124 -310 -85 -187 -259 -409 -592 -204 -325 -40 0
-568 -44 -514 -505 -231 -124 -325 -446 -553 -423 -57 -310 -85 -187 -259 -409 -592 -210 -63 -443 -441 0
-44 -210 -553 -505 -446 -231 -430 -310 -325 -85 -441 -187 -423 -259 -409 -57 -592 -514 -124 -63 -466 0
502 -112 -187 -310 -85 -553 -124 -505 -42 -514 -441 -57 -446 -423 0
56 -42 -484 -187 -85 -310 -514 -430 -478 -505 -553 -259 -409 -231 -441 -29 -423 -325 -57 -592 0
202 -503 -423 -568 -57 -553 -42 -124 -235 -310 -85 -187 -259 -409 -592 -505 -514 -441 -446 0
-118 -195 -345 -296 -353 -191 -424 -423 -568 -57 -553 -42 -124 -235 -310 -85 -187 -259 -409 -592 504 -120 0
504 -511 -561 -514 -505 -379 -553 -582 -345 -296 -191 -423 -568 -57 -42 -124 -310 -85 -187 -259 -409 -592 -120 -358 -346 -443 -111 -446 0
-42 -568 -187 -259 -409 -57 -310 -553 -124 -505 -514 -441 -446 -423 -85 -210 -167 -203 -231 -325 -484 -430 -478 -29 0
-568 -231 -514 -505 -553 -124 -325 -187 -259 -409 -57 -310 -441 -446 -423 -85 -210 -167 -203 -484 -430 -478 -29 0
450 -446 -423 -484 -187 -85 -310 -514 -430 -478 -505 -553 -259 -409 -124 -325 0
55 -235 -187 -259 -409 -57 -310 -592 -446 -553 -124 -505 -42 -514 -423 -568 -85 -325 0
-504 -118 -44 -446 -568 -124 -55 -514 -423 -553 -57 -210 -310 -85 -187 -259 -409 -592 -325 -505 0
-118 -210 -514 -446 -235 -505 -568 -57 -553 -44 -124 -42 -310 -85 -187 -259 -409 -592 -423 -325 0
-210 -44 -514 -505 -568 -124 -446 -553 -423 -57 -310 -85 -187 -259 -409 -592 -325 -42 -235 0
202 -25 -288 -248 -438 -475 -467 -98 -446 -44 0
120 -248 -438 -467 -98 -446 -44 -168 -204 -288 -581 -5 0
-44 -235 -446 -325 -514 -505 -568 -124 -423 -57 -310 -85 -187 -259 -409 -592 -42 -553 0
-235 -592 -553 -514 -423 -568 -57 -42 -124 -310 -85 -187 -259 -409 -325 -505 -446 0
-118 -210 -44 -446 -568 -124 -55 -514 -423 -553 -57 -119 -310 -85 -187 -259 -409 -592 -325 -505 0
450 -210 -505 -568 -124 -325 -446 -553 -423 -57 -310 -85 -187 -259 -409 -592 -44 -514 -63 -229 0
-210 -110 -325 -446 -142 -505 -568 -124 -553 -423 -57 -310 -85 -187 -259 -409 -592 -44 -514 -229 -460 -581 -426 -55 -119 0
203 -44 -446 -325 -505 -568 -124 -553 -423 -57 -310 -85 -187 -259 -409 -592 -514 -42 0
55 -210 -44 -446 -42 -514 -505 -423 -57 -553 -568 -124 -310 -85 -187 -259 -409 -592 -325 0
-210 -44 -568 -124 -325 -446 -553 -423 -57 -310 -85 -187 -259 -409 -592 -505 -514 -42 0
56 -44 -286 -325 -446 -259 -409 -310 -85 -203 -124 -504 -187 -592 -568 -450 -423 -57 0
-44 -592 -57 -325 -446 -259 -409 -310 -85 -124 -187 -42 -568 -423 -553 -505 -514 0
56 -504 -142 -505 -203 -124 -167 -29 -568 -423 0
41 -274 -325 0
-592 -325 -514 -505 -85 -124 -187 -568 -423 -259 -409 -57 -310 -42 -553 -446 0
202 -566 -505 -63 -553 -581 -423 503 -44 0
120 -224 -187 -239 -316 -468 -402 -444 -70 450 -344 -445 -192 -172 -44 -209 -449 -30 515 -167 -581 -5 0
208 503 -5 -187 -70 -344 -192 -44 -449 -581 -17 -553 -505 -347 -514 -446 -204 -423 -259 -565 -237 -274 -325 -439 0
231 -438 -44 -168 -439 -446 -98 -204 120 -581 -5 -325 -442 -274 0
202 -229 -70 -44 -168 -439 -446 -204 -581 -5 -325 -274 -395 -259 -187 -17 -553 -213 -409 -85 -505 -310 -28 -119 -113 0
120 -358 -565 -237 -143 -487 -541 -495 -325 -274 -466 -229 -195 -442 -76 -213 -332 -581 -5 0
503 -44 -581 -5 -565 -237 -325 -274 -213 -344 -192 -347 -514 -505 -446 -28 -74 -449 -204 -70 -439 -259 -187 -17 -553 -409 -85 -310 -113 -423 0
316 -255 -239 -192 -314 -333 -221 0
203 -221 -565 -237 -442 -325 -466 -439 -70 -402 -449 -318 -192 -187 -85 -310 -409 -259 -74 -581 -5 -168 -120 0
-44 -70 -187 -344 -85 -449 -310 -423 -514 -446 -505 -113 -204 -565 -237 -325 -439 -192 -409 -259 -74 -581 -5 -553 -28 -502 -274 -213 -347 -17 0
-325 -124 -85 -446 -310 -553 -514 -505 -423 -409 -259 -187 -568 -42 -57 0
-44 -124 -514 -446 -505 -568 -57 -553 -423 -42 -310 -85 -187 -259 -409 0
202 -209 -503 -167 -423 -568 -57 -553 -42 -124 -592 -310 -85 -187 -259 -409 -235 0
-124 -568 -423 -57 -553 -42 -310 -85 -187 -259 -409 -514 -446 -505 0
-118 -202 -503 -446 -44 -423 -514 -505 0
-202 -229 -448 -235 -568 -44 -446 -503 -423 -514 -505 0
274 -44 -169 -580 -503 -423 -514 -446 -568 -505 -448 -553 0
-202 -44 -446 -209 -503 -423 -514 -505 0
-44 -343 -514 -505 -568 -553 -580 -503 -73 -423 -446 -448 -440 41 -169 0
204 41 -505 -553 -514 -440 -446 -503 -259 -409 -57 -310 -85 -187 -167 -112 0
502 -424 -169 -235 -346 -288 -229 -109 -379 -204 -553 -446 -505 -514 -440 -423 -503 -118 0
-325 -112 -514 -317 -310 -505 -85 -553 -169 -259 -187 -580 -409 -57 -446 -118 -109 -204 -423 41 0
-568 -514 -553 -505 -310 -85 -259 -187 -409 -57 -446 -423 -42 0
312 -249 -25 -494 -476 -97 -5 -259 -409 -85 0
230 -70 -600 -422 -29 110 -503 -447 -482 -144 -79 -258 -135 -396 -587 -17 -85 -310 -25 -97 -5 -259 -409 -158 -439 -466 -325 -565 -442 -274 -235 0
231 -513 -462 -274 -235 0
230 -600 -325 -449 -274 -439 -422 -29 110 -503 -447 -482 -144 -79 -258 -135 -396 -587 -17 -85 -310 -25 -97 -5 -259 -409 -158 -466 -565 -442 -235 0
-503 -118 -325 -449 -422 -79 -17 -85 -310 -5 -259 -409 -235 -553 -514 -505 -202 -446 -274 -423 0
231 -168 120 -44 -439 -446 -259 -581 -5 -325 -442 -274 -409 -85 -310 -553 -514 -505 -288 -358 -466 -565 -235 0
210 -229 -235 -274 120 -439 -446 -259 -5 -325 -409 -85 -310 -553 -514 -505 -565 -347 -118 203 -502 -423 -211 0
-229 -209 -274 -439 -449 -325 -235 120 -446 -259 -5 -409 -85 -310 -553 -514 -505 -565 -347 -118 203 -502 -423 -211 0
-118 -190 -553 -505 -514 -446 -449 -274 -325 -235 -259 -5 -409 -85 -310 -347 -423 -211 -202 -422 -79 -17 0
-503 -44 -553 -28 -580 -505 -211 -446 -202 -423 -514 -502 0
-204 -213 -5 -565 -44 -325 -274 503 -581 -74 -347 -514 -505 -446 -28 -344 -449 -237 -439 -259 -187 -17 -553 -409 -85 -310 -113 -423 -77 -190 -30 -296 -316 -63 -202 0
231 -283 -111 -477 -468 -444 -218 -47 -393 -549 -177 -371 -7 -102 -14 -556 -239 -172 -77 -55 -325 -187 -85 -310 -514 -505 -553 -259 -409 -423 -124 -431 -344 -296 -560 -209 -449 -274 0
-581 -44 -325 -477 -439 -449 -239 -172 -55 -187 -85 -310 -514 -505 -553 -259 -409 -423 -124 -431 -274 -98 -446 -218 -5 -565 503 -347 -28 -17 -113 -190 -202 -339 -235 -314 -258 -211 -580 0
-44 -514 -446 -28 -505 -553 -325 -477 -439 -449 -239 -172 -55 -187 -85 -310 -259 -409 -423 -124 -431 -274 -98 -218 -5 -565 -347 -17 -113 -190 -202 -339 -235 -314 -211 -580 -394 -502 0
-514 -259 -553 -505 -187 -85 -310 -446 -409 -423 -42 -57 0
507 -459 -304 -187 -217 -224 -553 -444 -331 -468 -316 450 -70 -61 0
219 -388 -145 -88 -598 -459 -587 -479 -453 -85 -224 -187 0
460 -572 -493 -415 -310 -475 -85 -486 -187 -217 -145 -88 -598 -459 -587 -479 -453 -224 -194 -352 -426 0
120 -194 -295 -352 -489 -569 -143 -235 -462 -493 -415 -310 -475 -85 -486 -187 -217 -88 -598 -224 -553 -505 -304 -444 -468 -316 450 -70 -2 -380 -581 -5 0
203 -581 -259 -5 -119 -295 -569 -143 -235 -310 -85 -187 -88 -598 -553 -505 -444 -468 -316 -99 -511 -274 -325 -439 -449 -209 -347 -166 -111 0
296 -239 -14 -190 -7 0
-581 -235 -325 -444 -439 -449 -209 -295 -598 -468 -143 -395 -187 -17 -85 -28 -310 -505 -409 -553 -259 -5 -569 -119 -202 -88 -316 -99 -511 -274 -347 -166 -111 0
-235 -202 -85 -187 -88 -598 -111 -310 -119 -5 -565 -316 -468 -444 -274 -325 -439 -449 -209 -505 -569 -553 -124 -295 -143 -395 -17 -28 -409 -259 -99 -511 -347 -166 0
43 -274 -325 -439 -449 -209 -569 -85 -187 -88 -598 -111 -310 -119 -5 -565 -468 -444 -505 -553 -124 -295 -143 -395 -17 -28 -409 -259 -99 -511 -347 0
210 -582 -569 -119 -203 -167 0
-274 -325 -468 -85 -444 -310 -187 -504 -505 -423 -111 -553 -45 -598 -295 -409 -259 -99 -511 -57 -42 0
188 -29 -45 -505 -394 -553 -16 -379 -85 0
570 -114 -190 -125 0
-325 -45 -295 -553 -310 -85 -259 -409 -57 -187 -505 -504 -423 -42 -468 -444 -111 -598 -99 -511 0
-259 -409 -505 -553 -85 -423 -57 -42 -310 -187 -446 0
-440 -213 -167 -569 -44 -235 -317 -325 448 -42 -380 -439 0
43 -167 -208 -446 -502 0
203 -235 -274 -565 -325 -569 448 -42 -439 -553 -505 -28 -446 -502 -120 0
-44 -513 -17 -28 -85 -221 -505 -462 -553 -61 -144 -120 -502 -211 -446 -208 204 0
460 -531 -406 -587 -359 -195 -532 -600 -560 -480 -458 -225 -453 -340 -88 -285 -48 -370 -425 -215 0
-440 -235 -85 -310 -553 -505 -477 -446 -502 -120 -339 -28 -17 -569 -565 -422 -589 -325 448 -42 -274 -439 0
-167 -44 -203 0
87 -340 -70 -7 -556 -14 -214 -273 -481 -79 -284 -88 -593 -333 -360 -111 -248 -452 -402 -288 -477 -468 -444 -47 -549 -393 -371 -195 -77 -430 -313 -310 -187 -17 0
515 -549 -360 -406 -79 -530 -14 -430 -588 -310 -85 -70 -7 -556 -214 -273 -481 -284 -88 -593 -333 -111 -248 -452 -402 -288 -477 -468 -444 -47 -393 -371 -77 -313 -187 -17 -344 -297 0
-44 -360 -187 -85 -79 -530 -310 -70 -88 -593 -333 -248 -288 -477 -444 -17 -461 -512 -561 -28 -339 -380 -505 -222 -553 -124 -61 -97 -446 -569 -203 -120 -502 -208 0
-235 448 -502 -446 -274 -553 -505 -28 -187 -85 -310 -593 -333 -477 -17 -339 -97 -569 -565 -589 -325 -422 -120 -42 -439 0
-203 -44 -208 -120 -502 -204 0
-44 -192 -333 -187 -74 -553 -61 -581 -208 -446 -502 -120 -204 0
448 56 -505 -553 -423 -333 -187 -446 -120 -274 -85 -310 -477 -339 -97 -589 -325 -42 0
-208 -44 -288 -339 -442 -565 -72 -235 -553 -347 -124 -423 -57 -561 -42 -446 -505 -187 -502 -210 -569 -28 -120 0
202 -44 -85 -310 -553 -565 -505 -235 -124 -502 -28 -569 -120 -187 0
220 -66 -347 -481 -111 -79 -288 -344 -461 -224 -380 -295 -14 -190 -512 -479 -2 -304 -561 -557 -339 0
554 -395 -17 -310 -85 -431 -143 -235 -565 -347 -481 -111 -79 -288 -224 -380 -295 -190 -512 -479 -2 -304 -561 -557 -339 -124 -28 -580 -505 0
204 -211 -339 -505 -380 -553 -17 -310 -85 -235 -565 -347 -79 -288 -295 -512 -561 -124 -28 -477 -72 -442 -446 -120 -569 -44 -210 0
555 -557 -77 -211 -339 -580 -505 -380 0
-44 -333 -85 -310 -187 -505 -17 -235 -565 -347 -79 -288 -380 -512 -561 -339 -124 -28 -553 -477 -72 -502 -442 -446 -120 -569 -210 -423 -57 -42 0
-274 -325 -446 -553 -85 -310 -187 -423 -57 -42 -505 -97 -589 -4 0
554 -44 274 -503 -423 -446 -568 -505 -448 -553 -125 -310 -85 -29 -187 -379 0
43 -119 -114 -568 -4 -125 -503 -446 -317 0
-119 -44 -448 -568 -229 -446 -503 -423 -505 -553 -511 -114 -4 -125 -317 0
-44 -503 -446 -568 -561 -125 -4 -448 -423 -505 -553 -310 -85 -187 -379 274 -29 0
506 -235 -203 -568 -120 -229 -4 -442 -561 -379 -511 -553 -514 0
118 -113 -125 -581 -203 0
582 -304 -466 -239 -442 -191 -229 -113 -448 -125 -61 0
504 -229 -568 -125 -448 -4 -203 -409 -566 -310 -16 -592 -85 -317 -187 -379 -511 -553 -505 -561 -446 0
-325 -409 -553 -310 -85 -187 -446 -505 -423 -57 -42 0
447 -515 -187 -592 -286 -71 -513 -484 -442 0
-511 -557 -71 -466 -158 -78 -300 -164 -80 -437 -38 -49 -477 -2 -358 -109 -432 -559 -286 -553 -514 -505 -513 0
555 -118 -71 -80 -559 -286 -553 -505 -513 -310 -85 -187 -381 -566 -235 -568 -125 -62 -4 -209 -442 -503 -446 -592 -484 0
120 -581 -125 -209 -568 -503 0
-118 -125 -568 -235 -513 -209 -503 -446 -442 -559 -4 -505 -381 -553 -71 -80 -286 -310 -85 -187 -566 -62 -592 -484 0
-409 -57 -423 -505 -553 -310 -85 -187 -446 -42 0
570 -125 -514 -505 -144 -503 -423 -446 -568 -57 -581 -42 -203 -553 0
237 -402 -581 -466 -442 -191 -448 -125 -285 -310 -333 -85 -187 -477 -446 -568 -503 -4 -423 -505 -553 -29 -380 -440 -54 -326 -275 -221 -512 -425 -566 -461 0
235 -448 -440 41 -553 -514 -505 0
554 -461 -581 -466 -442 -191 -448 -125 -285 -310 -333 -85 -187 -477 -446 -568 -503 -4 -423 -505 -553 -29 237 -440 -54 -326 -275 -425 -566 -514 0
-511 -80 -118 -553 -505 -310 -85 -187 -566 -235 -568 -125 -4 -442 -503 -446 -592 -448 -440 -326 -514 -339 -581 -466 -191 -285 -333 -477 -423 -29 237 -54 -275 -425 0
-125 -442 -553 -505 -310 -85 -187 -568 -118 -503 -446 -514 -581 -466 -423 -425 -97 -42 -5 -57 -144 -203 0
-235 -257 -505 -553 -28 -144 -85 -310 -565 202 -502 -124 -569 -120 -187 -237 0
450 -325 -274 -439 -229 0
-502 -568 -505 -85 -310 -187 -423 -57 -553 -42 -118 -503 -446 0
-379 -380 -16 -505 -394 -553 -29 -45 -85 -187 0
-514 -568 -118 -503 -446 -4 -505 -553 -310 -85 -187 -566 -592 -448 -440 -16 -394 -29 -45 41 -516 0
441 -442 -568 -125 -235 -503 -446 -118 -4 -505 -381 -553 -80 -310 -85 -187 -566 -592 -275 -448 -326 0
-442 -381 -568 -448 -235 -446 -503 -4 -423 -505 -553 -310 -85 -187 -29 41 -440 -118 -208 -566 -592 -444 0
-379 -222 -568 -235 -4 -566 -125 -258 -394 -310 -16 -85 -187 -505 -553 -29 -45 -381 0
555 -235 -440 -568 -448 -4 -566 -394 -310 -16 -85 -187 -505 -553 -29 -45 -446 -503 -423 41 -118 -208 -592 -444 0
-235 -448 -440 -568 -446 -503 -4 -423 -505 -553 -310 -85 -187 -29 41 -118 -208 -566 -592 -444 -16 -394 -45 0
231 -381 -118 -553 -446 -503 -125 -4 -448 -423 -505 -310 -85 -187 -29 -568 -440 -208 -326 -275 0
-381 -222 -4 -598 -394 -310 -16 -505 -460 -85 -553 -187 -29 -45 -326 -440 -468 -448 -444 -229 -118 -446 -503 -125 -423 -568 -208 -275 0
-568 -503 -553 -85 -187 -310 -118 -446 -505 -423 -42 -57 0
327 -513 -287 -274 0
18 -571 -218 -485 -187 -172 -85 0
460 -335 -571 -362 -172 -15 -482 -587 -305 -215 -359 -406 -195 -532 -600 -560 -480 -458 -225 -453 -340 -88 -285 -48 -370 -425 0
6 -172 -482 -135 -422 110 -29 -503 -447 -587 -85 -310 -359 -462 -553 -514 -505 -79 -15 -305 -215 -195 -600 -560 -480 -225 -453 -340 -88 -48 -370 -425 -144 -258 -396 -17 -218 -485 -187 -416 -148 -3 -381 -97 -476 -337 -259 0
126 -305 -15 -3 -587 -381 -337 -158 -600 -560 -480 -453 -225 -218 -485 -416 -190 -476 -333 -5 -482 -135 -422 110 -29 -503 -447 -85 -310 -359 -462 -553 -514 -505 -79 -215 -195 -340 -88 -48 -370 -425 -144 -258 -396 -17 -187 -148 -97 -259 -12 -343 -73 0
380 -560 -337 -3 0
-4 -359 -187 -354 -85 -195 -17 -482 -422 110 -29 -503 -310 -553 -505 -79 -305 -215 -480 -225 -340 -88 -48 -370 -425 -218 -416 -148 -3 -476 -337 -446 -423 -57 -42 -274 -325 -5 0
173 -340 -88 -419 -389 -240 -195 0
288 -195 -389 -354 -88 -359 -283 0
-503 -118 -85 -310 -553 -505 -446 -423 -57 -42 -187 0
450 -581 -204 -259 -5 -119 -187 -569 -143 -310 -85 -88 -553 -505 -316 -274 -325 -439 -449 -209 -347 -446 -515 -113 -192 -331 -462 -237 -61 0
-43 210 -569 -119 -45 -118 -502 -29 -423 0
-208 -45 -446 -569 -119 -502 -118 -29 -423 -209 0
570 450 -259 -5 -119 -187 -569 -143 -310 -85 -88 -553 -505 -204 -274 -325 -439 -449 -209 -347 -446 -515 -316 -331 -462 -582 -124 0
-29 -381 -85 -187 -88 -565 -259 -5 -119 -569 -143 -553 -505 -274 -325 -439 -449 -209 -347 -446 -118 -502 -423 -124 -310 -28 0
202 -388 -88 -459 -452 120 -168 -439 -446 -44 231 -581 -5 -325 -442 -274 -187 -70 -85 -310 -113 0
-442 -229 120 -565 -237 -325 -274 -143 -195 -213 -332 -581 -5 -347 -254 -446 -74 -44 -502 -208 -168 -88 -452 -439 231 -187 -70 -85 -310 -113 -1 0
448 -230 -446 -44 120 -565 -237 -325 -274 -143 -213 -581 -5 -347 -74 -88 -452 -439 -187 -85 -310 -113 -1 -344 -192 -296 -502 -209 0
236 -514 -44 -259 -187 -5 -192 503 -449 -17 -553 -505 -347 -344 -446 -423 -237 -581 -274 -325 -118 -30 -213 -74 -88 -452 -85 -310 -113 -1 -296 0
76 -599 -480 -485 -225 -573 -336 -254 -159 0
-514 -568 -124 -505 -159 -344 -192 -325 -17 -274 -446 -44 -237 -213 -581 -5 -347 -74 -88 -452 -187 -85 -310 -113 -1 -257 -449 -553 -259 503 -423 -118 -30 -516 0
514 -581 -274 -439 -325 -502 -446 -259 -5 -119 -449 -569 -143 -310 -85 -187 -88 -553 -505 -316 -209 -347 -204 -44 0
567 -487 -143 -257 -543 -395 -254 -17 -547 -85 -310 -431 -426 -553 -514 -505 327 -274 -358 0
125 -230 -44 120 -565 448 -325 -274 -143 -213 -581 -5 -347 -237 -88 -452 -439 -187 -85 -310 -113 -1 -446 -192 -296 -502 -209 0
443 -237 -257 -395 -254 -17 -85 -310 -553 -514 -505 -274 -347 -565 -109 -143 -569 -113 -124 -44 120 448 -325 -213 -581 -5 -88 -452 -439 -187 -1 -446 -192 -296 -502 -209 -466 0
-237 -573 -599 -254 -159 -325 -143 -274 -466 -442 -257 -395 -17 -85 -310 -553 -514 -505 -347 -565 -109 -569 -113 -124 -44 120 448 -213 -581 -5 -88 -452 -439 -187 -1 -446 -192 -296 -502 -209 0
237 -229 -274 -461 -512 0
445 -113 -395 -237 -17 -85 -310 -553 -514 -505 -274 -347 -565 443 -143 -569 -257 -124 -44 120 448 -325 -213 -581 -5 -88 -452 -439 -187 -1 -446 -296 -502 -209 -190 -316 0
43 -208 -502 -446 -204 0
-208 -599 -159 -325 -143 -274 -257 -395 -17 -85 -310 -553 -514 -505 -347 -565 -569 -124 -44 120 -581 -5 -88 -452 -439 -187 -1 -446 -296 -502 -209 -316 -461 -512 -449 0
-381 -274 -553 -446 -187 -439 -325 -449 -143 -395 -17 -85 -310 -505 -347 -565 -569 -124 -5 -88 -502 -209 -259 -119 -118 -423 -28 0
-118 -57 -310 -553 -505 -187 -446 -423 -42 -85 0
450 -380 -310 -187 -505 -85 -44 -553 -446 -423 -57 -42 -274 -325 0
-204 448 -120 -274 -325 -565 -42 -439 -553 -505 -28 -446 -502 -569 -187 -333 -74 -581 -44 -202 0
443 -288 -187 -481 -14 -70 -7 -273 -556 -340 -79 -214 -88 -593 -333 -360 -111 -248 -452 -402 -477 -468 -444 -47 -549 -393 -371 -195 -77 -430 -313 -310 -17 -85 0
-514 -283 -88 -549 -47 -371 -159 -556 -70 -468 -77 -444 -187 -481 -14 -7 -273 -79 -593 -333 -111 -452 -402 -477 -393 -313 -310 -17 -85 -553 -505 -560 -439 -325 -274 -565 -229 -344 -235 -461 -297 -516 0
-581 -325 -187 -310 -553 -505 -85 -274 -446 -42 -423 -57 0
-44 -325 -187 -505 -85 -553 -446 -423 -57 -42 -274 -310 0
-325 -274 -42 -446 -187 -505 -85 -553 -423 -57 -310 0
325 -202 -446 -423 -505 -502 -57 -42 0
-57 -505 -310 -187 -553 -85 -446 -423 -42 0
-204 -28 -235 -287 -513 -553 -514 -505 -446 -570 -44 -502 -208 0
-208 -581 -381 -513 -553 -514 -442 -560 -446 -44 -235 -287 -505 -570 -502 -423 -209 0
447 -514 -560 -553 -513 -505 -381 -442 0
-208 -514 -502 -235 -287 -513 -553 -423 -505 -446 -570 -44 -204 -209 0
507 -462 -513 -553 -514 0
-514 -513 -423 -553 -505 -502 -187 -18 -85 -310 -235 -124 -570 -287 -446 -44 -209 -560 -381 -442 0
554 -8 -558 -598 -480 -560 -28 -338 -2 -505 -381 0
-208 -194 -18 -12 -85 -310 -124 -461 -553 -558 -598 -480 -560 -2 -505 -381 -475 -6 -119 -295 -502 -446 43 -209 0
354 -65 -75 -143 -488 0
555 -488 -49 -143 -249 -571 -85 -415 -310 -77 -493 -211 -475 -6 -119 -352 -75 -505 -461 0
255 -159 -541 -77 0
118 -255 43 -423 -167 -504 -190 -124 -558 -598 -480 -560 554 -2 -505 -381 -6 0
74 -426 -235 -143 -352 -124 -66 -75 -488 0
203 -558 -6 -598 -480 -560 -2 -505 -381 43 -423 -504 -235 -143 -124 -119 -77 -553 -249 -85 -415 -310 -211 -475 -461 -485 -224 -348 -287 -570 -111 0
555 -544 -598 -480 -558 -224 -332 -143 -438 -187 -85 -77 -74 -310 -211 -124 -432 -580 -505 -461 0
449 -44 -505 -553 -187 -85 -310 -6 -124 -423 -348 -570 -18 -502 -446 -274 -325 -439 0
-287 -196 -325 -274 -229 -581 -5 -172 -254 -208 -159 -257 -599 -85 -310 -553 -505 -124 -44 -514 -88 -452 -439 -187 -1 -446 -296 -502 -316 -461 -512 -449 -348 120 -235 -423 -570 -204 0
126 -5 -124 -66 -348 -325 -274 -229 -581 -235 -172 -254 -208 -159 -257 -599 -85 -310 -553 -505 -44 -514 -88 -452 -439 -187 -1 -446 -296 -502 -316 -461 -512 -449 120 -423 -570 -204 0
-5 -1 -44 120 -325 -274 448 -581 -452 -439 -187 -85 -310 -88 -446 -296 -502 -124 -66 -348 -235 -159 -257 -599 -553 -505 -514 -316 -461 -512 -449 -423 -570 -204 -6 0
286 -532 -66 -159 -343 -194 -143 -599 -561 -459 -348 -88 -479 -452 -360 -284 -224 0
214 -430 -85 -134 -310 -79 -588 -483 -461 0
-1 -216 -266 -88 -14 -452 -85 -134 -310 -79 -588 -461 -348 -66 -159 -599 -44 120 -325 -274 448 -581 -439 -187 -446 -296 -502 -124 -235 -257 -553 -505 -514 -316 -512 -449 -423 -570 -204 -6 0
1 -337 -561 -380 0
-204 -556 -446 -266 -14 -452 -85 -134 -310 -588 -461 -66 -159 -599 -44 -1 -325 -274 -581 -439 -187 -296 -502 -235 -257 -553 -505 -514 -316 -512 -423 -42 0
557 -562 -549 -14 -481 -371 -543 -159 -77 -214 0
-287 -468 -85 -187 -588 -70 -556 -549 -14 -481 -371 -159 -77 -406 -348 -360 -224 -111 -553 -514 -505 -274 327 0
559 -480 -549 -571 -79 -273 -481 515 -588 -310 -85 -70 -7 -556 -406 -360 -284 -88 -333 -111 -248 -452 -402 -288 -468 -444 -47 -393 -371 -77 -313 -187 -344 -297 -486 -155 -49 -159 -553 -514 -505 -14 0
157 -130 -549 -102 -14 -588 -543 -159 -77 -429 0
-480 -49 -79 -488 -159 -549 -14 -588 -77 -452 -224 -37 -1 -561 -571 -273 -481 515 -310 -85 -70 -7 -556 -406 -360 -284 -88 -333 -111 -248 -402 -288 -468 -444 -47 -393 -371 -313 -187 -344 -297 -486 -155 -553 -514 -505 0
-235 515 -588 -452 -159 -310 -85 -402 -393 -187 -553 -514 -505 -274 -380 -581 -446 -44 -423 -461 -66 -325 -439 -502 -257 -42 -221 -30 0
569 -581 -208 -44 -124 0
-325 -202 -44 -446 -423 -514 -505 -274 -187 -85 -553 -310 -235 -452 -159 -402 -393 -380 -581 -461 -66 -588 515 -502 -257 -221 -30 0
-209 -512 -274 -235 -461 -359 -348 -57 -423 -514 -44 -446 -202 -505 -208 0
55 -439 -449 -423 0
-120 -204 -235 -274 -461 -514 -44 -446 -505 -208 -187 -85 -553 -310 -452 -159 -581 -502 -124 -423 0
-325 -439 -452 -159 -310 -85 -235 -393 -187 -553 -514 -505 -274 -402 -581 -446 -44 -423 -461 -66 -588 515 -502 -257 -380 -221 -30 0
231 -360 -109 -286 -452 -340 -88 -55 -40 -442 -274 0
359 -231 -450 -55 -235 -514 -208 -553 -204 -505 -446 -28 -44 -502 -565 -286 0
-229 -231 -235 -274 -512 -461 0
-360 -143 -235 -426 -124 -204 -569 -40 -55 -450 -274 -461 -514 -208 -553 -505 -446 -28 -44 -502 -565 -286 -452 -340 -88 0
-204 -452 -235 -461 -423 -514 -44 -446 -505 -208 -553 -124 -502 -274 -88 -159 -310 -85 -187 -581 0
-452 -423 -310 -514 -553 -505 -159 -235 -187 -274 -581 -446 -44 -85 -461 -502 -124 -208 -88 0
-423 -461 -208 -502 -44 -505 -514 -581 -553 -310 -159 -235 -187 -274 -85 -446 -124 -88 0
-287 -220 -17 -85 -187 -380 -395 -553 -479 -505 -224 -514 -274 327 0
188 -315 -257 -17 -395 -85 0
507 -588 -581 -209 45 -167 -449 -119 -310 -380 -85 -187 -257 -17 -395 -159 -557 -220 -553 -514 0
506 231 -274 -235 -553 -514 0
275 -204 -124 -85 -569 -187 -310 -17 -395 -581 -209 45 -449 -119 -380 -159 -553 -514 -505 -274 -235 -70 -466 -567 -442 -229 -461 0
276 -326 -41 0
440 -395 -85 -187 -310 -124 -581 -209 -119 -159 -553 -514 -505 -274 -235 -567 -461 -446 -44 -502 -208 -57 0
-461 -235 -85 -187 -310 -124 -581 -159 -553 -514 -505 -274 -446 -44 -502 -208 -88 0
-235 -208 -502 -44 -446 -514 -159 -581 -505 -553 -274 -85 -187 -310 -124 -88 0
42 -347 -195 -489 -442 -286 -452 -340 -88 -55 -109 -274 -229 0
448 -489 -195 -442 -109 -229 -274 -513 -41 -565 -505 -310 -553 -85 -187 -446 -57 -286 -452 -340 -88 0
210 -452 -41 -57 -442 -109 -229 -513 -565 -505 -310 -553 -85 -187 -446 -286 -274 -88 -142 -344 -502 -296 0
209 -208 -187 -581 -553 -204 -192 -74 -446 -502 -44 -57 -229 -274 -505 -310 -85 0
507 -41 -57 -442 -109 -229 -513 -565 -505 -310 -553 -85 -187 -446 -286 -274 -88 -142 -344 -502 210 -514 0
-208 -274 -553 -159 -505 -310 -85 -187 -446 -581 -88 -502 -514 -44 -124 0
-423 -57 -514 -44 -209 -505 -502 -553 -446 -448 -274 -235 -229 -310 -85 -187 0
450 -441 -274 -57 -166 -581 -44 -553 -30 -505 -514 -235 -229 0
-57 -235 -448 -166 -581 -44 -553 -505 -514 -274 -229 -209 -502 -446 -310 -85 -187 0
-235 -229 -446 -514 -505 -274 -187 -85 -553 -310 -159 -581 -502 -44 -448 -166 -209 0
-423 -57 -187 -85 -310 -446 -514 -44 -209 -505 -502 -559 -448 -229 -274 -124 -553 0
554 -225 -443 -446 -111 -204 -5 -119 -581 -63 -221 -17 -395 -85 -187 -505 -379 0
56 450 -553 -446 -119 -581 -395 -85 -187 -505 -559 -286 -274 -229 -221 -568 0
450 -119 -85 -310 -44 -187 -581 -124 -514 235 -553 -448 -505 -57 -446 -395 -274 -229 -221 0
-57 235 -514 -274 -553 -448 -505 -85 -310 -44 -187 -581 -124 -446 -229 -502 -209 0
-229 -274 -505 -446 -502 -553 -187 -85 -310 -44 -124 -159 -211 -514 -448 -581 -209 -166 0
449 -42 -274 -441 -57 0
555 -380 -63 -30 -581 -505 -44 0
109 -184 -66 -143 -235 -567 -347 -288 0
203 -316 -44 -209 -63 -446 -449 -109 0
202 -316 -581 -63 -119 -44 0
379 -380 -85 -187 -72 -395 -553 -17 -505 -514 -274 327 -44 -295 -310 -512 -79 -347 -235 -124 -442 -446 -569 -211 -210 -5 -119 -581 -63 -209 -449 -66 -143 -567 0
440 -17 -143 -567 -235 -395 -85 -187 -72 -553 -505 -514 -274 -44 -295 -310 -79 -347 -124 -442 -446 -569 -211 -210 -5 -119 -581 -63 -209 -449 -30 -325 0
-380 -17 -143 -567 -235 -395 -85 -187 -553 -379 -63 -30 -581 -505 -44 0
-325 -119 -166 -44 -124 -310 -581 -505 -85 -553 -187 -143 -235 -395 -63 -72 -514 -274 -295 -442 -446 -211 -210 -209 -57 -42 0
-42 -57 -553 -235 -505 -581 -44 -274 -124 -514 -166 -310 -85 -187 -295 -442 -446 -211 -210 -209 -448 -502 0
-395 -431 -225 -72 -514 -553 507 -559 -5 -63 -505 -581 -502 -221 -143 -17 -235 -379 -85 -187 -380 -44 0
-503 -119 -44 -446 -209 -505 -514 -502 0
506 -28 -44 -514 -446 0
-379 507 -310 -187 -395 -72 -514 -553 -85 -559 -5 -63 -505 -581 -502 -143 -17 -235 -225 -380 -44 0
120 -402 -225 -442 -316 -446 -63 -44 -209 -449 -581 -202 -5 0
-423 -119 -209 -63 -446 -449 -514 -553 -442 -505 -559 -44 -581 -310 -187 -72 -85 -502 -235 -380 -341 -295 -57 -422 -439 0
6 -77 -159 -225 -192 -442 -446 -318 -74 -44 -166 -204 -119 0
447 -3 -389 -459 -225 -193 -72 -442 0
444 -558 -72 -159 -466 -77 0
-379 -225 -442 -72 -159 -446 -389 -459 -193 -567 -235 -211 -569 -57 -187 -143 -395 -85 -553 -380 -63 -30 -581 -505 -44 0
445 -202 -44 -209 -63 -446 -449 -316 0
-119 -72 -389 -559 -442 -235 -446 -44 -209 -63 -449 -581 -159 -211 -569 -57 -187 -85 -553 -380 -505 -344 -341 -295 -514 -310 -502 -422 -439 0
-449 -569 -310 -553 -235 -505 -85 -502 -124 -44 -187 -446 -210 -389 -559 -442 -209 -581 -159 -211 -57 -344 -341 -295 -514 -439 -448 0
-57 -274 -187 -85 -310 -44 -514 -446 -505 -502 -553 -124 -581 -88 -159 0
582 -380 -44 -446 -235 -505 -274 -187 -85 -553 -310 -423 -514 -159 -581 -502 -570 -42 -124 0
-202 -380 -423 -235 -124 -348 -442 -514 -553 -505 -446 -274 -44 -159 -42 -570 -166 -187 -85 -310 449 -18 -502 -6 -118 -209 0
-380 -423 -553 -44 -514 -446 -505 -274 -42 -187 -85 -310 -124 -570 449 -18 -502 -348 -6 -235 -442 -159 -166 -209 -581 0
-274 -88 -44 -514 -446 -581 -505 -85 -553 -187 -310 -124 -159 -502 0
381 -66 -235 -296 -63 -505 -423 -553 503 -30 -581 -209 -449 -124 -310 -85 -187 -446 -40 -325 0
-423 -63 -187 -310 -430 -325 -40 -124 -581 -502 -446 -449 -229 -442 -44 -209 -202 -85 -380 -235 -505 -553 -514 -462 0
41 -119 -202 -581 -124 -57 0
-63 -202 -229 -449 -85 -187 -553 -380 -581 -505 -44 -325 -124 -40 -235 -502 -310 -430 -446 -442 -209 -514 -462 0
-57 -561 -430 -70 -187 445 -85 -310 -325 -6 -505 -553 -446 -423 -55 0
-423 -25 -47 -483 -370 -214 -70 -442 -229 -235 -143 -439 -73 -325 -124 -88 -40 -430 -187 445 -85 -310 -6 -505 -553 -446 -55 -514 -462 203 -502 -118 -43 -422 0
-202 -449 -40 -581 -124 -214 -442 -229 -235 -88 -430 -187 -85 -310 -505 -553 -446 -514 -462 -502 -44 -209 -325 -380 0
-57 -423 -430 -380 -187 445 -85 -310 -325 -505 -553 -446 -204 -203 -502 -44 -449 -442 -229 -235 -568 -124 0
57 -568 -44 -124 -581 -449 0
41 -567 -85 -395 -235 -143 -187 -553 -380 -581 -505 -44 -310 202 -119 -449 -124 0
-449 -442 -235 -325 -124 -40 -85 -187 -553 -380 -581 -505 -44 -310 -502 -430 -446 -229 -214 -88 -514 -462 -209 0
-423 -95 -590 -284 -155 -287 -485 -224 -187 -16 -85 -310 -467 -113 -44 -4 -446 -204 -502 -514 -209 -505 -421 0
55 -2 -553 -462 -505 -514 -380 -440 -224 -187 -85 -310 -467 -44 -446 -502 -209 -325 -88 -40 -124 -569 0
-442 -209 -44 -446 -514 -505 -325 -40 -553 -462 -380 -187 -85 -310 -502 -88 -124 -235 -229 -581 -430 -214 0
-57 -423 -119 -202 -111 -288 -325 -88 -505 -310 -553 -85 -187 -446 -476 -55 0
-423 43 -446 -502 -119 -581 -325 -124 -40 -111 -288 -88 -505 -310 -553 -85 -187 -476 -422 0
442 -380 -325 -88 -40 -581 -124 -446 -502 -505 -310 -553 -85 -187 -511 -514 -44 0
209 -430 -187 -85 -310 -325 -505 -553 -446 -581 -502 -44 -514 -462 -229 -235 -124 0
-380 -325 -446 -514 -505 -44 -40 -553 -187 -85 -310 -502 -88 -124 -229 -581 -511 0
-423 -17 -310 -553 -85 -187 -446 -505 -124 -395 -114 -502 -204 -421 -29 -118 -43 0
-202 -57 -185 -143 -448 -65 -209 -124 -79 -168 -109 -40 -204 -581 -119 0
-88 -502 -581 -124 -310 -553 -85 -187 -446 -505 -44 -514 -159 0
-204 -119 -423 -430 -187 -561 -85 -310 -325 -70 -505 -553 -446 -57 -55 -581 -44 -209 -316 -109 -202 -502 -208 0
-325 -202 -187 -310 -159 -124 -581 -502 -446 -44 -423 -85 -505 -553 -514 -57 0
447 -442 -344 507 -187 -61 -331 -553 -449 -296 -502 -446 -204 -388 -44 0
445 -235 -274 -57 -461 -209 -512 -423 -514 -44 -446 -202 -505 -286 -167 -110 0
120 447 507 -187 -344 -442 -553 -449 -296 -502 -446 -204 -388 -44 -581 -5 0
-235 -209 -553 -505 -310 -187 -559 -85 -581 -502 -44 -159 -446 -74 -204 -286 -283 -344 -388 -274 -514 -423 -57 -202 0
-209 -204 -44 -502 -446 -514 -57 -553 -505 -85 -310 -187 -581 -124 -159 -423 -202 0
-204 -202 -581 -553 -446 -502 -44 -57 -505 -310 -85 -423 -514 -159 -124 -187 0
318 -2 -559 -339 -380 -221 0
288 -442 -514 -553 -339 -505 447 -310 -187 -559 -395 -85 -17 -5 507 -581 -502 -143 -63 -235 -72 -44 0
-442 -111 -283 -286 -514 -553 -339 -505 447 -310 -187 -559 -395 -85 -17 -5 507 -581 -502 -143 -63 -235 -44 -449 -316 -477 0
-202 -423 -310 -514 -553 -505 -446 -502 -187 -44 -124 -159 -581 -85 -57 0
506 -449 -423 -57 -380 -553 -44 -514 -446 0
-209 -442 -218 -230 -449 42 -502 -446 -204 -44 -63 -202 -221 -4 -566 -57 -423 -514 -505 0
-503 -169 -514 -44 42 -423 -580 -446 -505 -568 -553 -449 -57 -566 -221 -314 -257 -143 -502 0
507 -449 -446 -204 -44 -502 -202 -57 -423 -514 -505 -553 -187 -85 -235 -310 -581 0
506 203 -423 -502 -581 -553 -44 -514 -446 0
449 -202 -514 -44 -446 -423 -505 -57 0
421 -202 -514 -553 -505 -446 -502 -187 -44 -423 -310 -581 -85 -57 -235 0
-202 -235 -44 -446 -423 -514 -505 -57 -553 -502 -187 -310 -581 -85 0
450 -66 -296 -85 -310 -553 202 -505 -235 -28 -502 -565 -569 -44 -187 -423 -581 -316 0
56 -449 -187 -85 -310 -126 -581 -327 -553 202 -505 -235 -502 -44 -423 -514 -446 0
-449 -235 -44 -423 -446 -505 -553 -514 -57 -187 -85 -310 -581 -502 0
506 -402 -380 -333 -553 -318 0
-325 -77 -334 -556 -173 -314 -344 -256 -295 -553 -514 -505 -380 -333 -318 -218 -466 -442 -230 42 0
125 -477 -466 -442 -339 -440 -295 -553 -514 -505 -333 -318 -230 42 -545 -187 -16 -144 -85 -235 -211 -310 -568 -112 0
-235 -423 -505 -553 -581 -187 -85 -310 -44 -446 -502 -514 -57 0
-202 -423 -44 -514 -505 -446 -553 -502 -85 -187 -310 -581 -57 0
-449 -109 -286 -224 -219 -194 -187 -85 -310 -514 -112 -505 -126 -44 -446 -142 -581 -423 -209 -118 445 -203 -204 -502 -57 -439 -450 0
-423 -514 -581 -57 -553 -505 -85 -310 -44 -187 -446 -502 0
582 -63 -514 -553 -442 -505 -446 -502 -581 -310 -85 -187 -44 -124 -441 -209 -202 -41 -449 -395 -567 -235 -143 -17 -30 -5 -119 0
450 -442 -567 -235 -143 -85 -187 -553 -17 -30 -581 -505 -44 -347 -395 -446 -5 -209 -449 -202 -514 -119 -502 -310 -124 -441 -41 0
274 -326 -41 0
448 -124 -187 -310 -581 -85 -235 -553 -514 -505 -446 -44 -502 -57 -41 0
45 -166 -202 0
56 -442 -235 -143 -85 -187 -553 450 -30 -581 -505 -44 -567 -395 -446 -209 -449 -202 -514 -119 -502 -310 -124 -441 -41 0
-442 -124 -187 -235 -202 -57 -553 -581 -505 -44 -446 -449 -514 -502 -310 -85 0
-124 -235 -57 -85 -187 -553 -581 -505 -44 -514 -202 -446 -449 -502 -310 0
208 -257 -85 -187 -221 -310 -143 -567 -112 -66 -235 -202 -343 -568 -296 -213 0
-235 -202 -502 -446 -85 -187 -553 -581 -505 -57 -449 -310 -44 -514 0
-124 -202 -44 -502 -446 -581 -57 -514 -553 -505 -85 -310 -187 235 0
55 -489 -359 -353 -446 -343 -44 -296 -202 -229 -209 -449 0
-202 -449 -44 -502 -446 -553 -581 -85 -187 -505 -57 -514 -310 0
56 -235 -57 -505 -581 -44 -553 -514 -310 -85 -187 -446 -502 -449 0
570 -573 -514 -553 -476 -39 -466 -295 -442 -502 -581 -310 -85 -187 -446 -505 -44 -124 -72 -220 -379 -63 -30 -16 -441 -231 -112 -40 -235 -211 0
-235 -449 -505 -553 -85 -187 -581 -44 -310 -514 -57 -446 -502 0
-449 -514 -85 -310 -581 -44 -57 -187 -553 -505 -446 -502 0
487 -354 -330 0
507 -2 -379 -560 -553 -514 -462 0
443 -214 -71 -119 -57 -202 -143 -124 -209 -448 -40 -204 -581 -379 -220 -446 -44 -553 -514 -505 -560 -462 0
-124 -235 -446 -71 -119 -57 -202 -143 -209 -448 -40 -581 -379 -44 -553 -505 -567 -514 -568 -230 -325 0
-274 -441 -57 449 0
-202 -514 -44 -502 -85 -187 -310 -446 -505 -553 -581 -57 0
-514 -57 -553 -85 -505 -310 -581 -446 -44 -502 -187 0
506 -568 -166 -235 -44 -209 -449 -446 -316 -63 -202 -511 -194 -119 -57 -274 -124 -581 -422 -505 -310 -553 -85 -187 -28 0
569 -41 -124 -57 0
55 -475 -310 -119 -166 -74 -204 -446 -442 -44 -159 -192 -77 -461 -217 -85 -221 -511 -187 -566 -274 -593 -422 -41 0
-42 -441 -66 -143 -235 -347 109 -395 -17 -85 -187 -553 -380 -63 -30 -581 -505 -44 -310 -446 -57 -41 0
-568 -449 -187 -553 -235 -85 -505 -44 -310 -446 -57 -581 -124 -502 0
-204 -42 -235 -347 -17 -85 -187 -553 -581 -505 -44 -310 -446 -57 -41 -449 -502 0
-42 -274 -187 -310 -217 -224 -85 -235 -347 -17 -553 -581 -505 -44 -446 -57 -41 -475 -5 -449 -502 0
488 -328 -352 0
-204 -74 -190 43 -504 -304 -553 -77 -565 -505 -235 -489 -352 -70 -449 -502 -446 0
-274 -304 -187 -553 -581 -85 -77 -505 -235 -70 -449 -502 -446 -124 -310 -217 -224 -44 -57 -475 0
443 -449 -187 -505 -553 -581 -502 -446 -85 -235 -124 -310 -44 -57 0
-204 -17 -235 -85 -187 -553 -581 -505 -44 -41 -593 -229 -71 -449 -347 -310 -446 -57 -502 0
-42 -274 -235 -229 -461 -221 -316 -63 -41 -449 -395 -17 -143 -85 -187 -553 -30 -380 -581 -505 -44 -310 -446 -57 0
-274 -380 -316 -339 -221 -63 -449 -511 -229 -235 -461 -41 -395 -17 -143 -85 -187 -553 -30 -581 -505 -44 -310 -446 -57 0
450 -17 -395 -235 -143 -85 -187 -553 -63 -30 -380 -581 -505 -44 -440 -229 0
-449 -235 -187 -85 -553 -581 -505 -44 -310 -446 -57 -502 -124 0
-235 -124 -187 -553 -505 -57 -85 -581 -44 -310 -446 -502 0
450 -380 -581 -316 -119 -546 -327 -598 -560 -468 -225 -444 -229 0
-124 -57 -187 -85 -310 -581 -553 -505 -502 -446 -44 0
-204 42 -468 -511 -544 -444 -598 -143 -187 -66 -85 -235 -73 -310 -568 -112 -449 -502 -446 43 0
569 -449 -209 -213 -57 0
-449 -235 -187 -85 -221 -310 -143 -14 -112 -257 -343 -568 -66 -213 -505 -553 -446 -57 -468 -511 -544 -444 -598 -73 -502 43 -209 0
-235 -14 -85 -187 -310 -143 -112 -257 -221 -343 -568 -66 -213 -502 -446 43 -380 -57 -422 -505 -553 -468 -511 -544 -444 -598 -73 -209 0
-449 -119 -581 -380 -229 -598 -468 -546 -444 -560 -287 -44 -209 -446 -63 -502 43 -568 -213 -57 0
-57 -581 -187 -85 -310 -44 -446 -502 -505 -553 0
-202 -204 -85 -70 -553 -505 -229 -235 -143 -44 -208 -581 -502 -310 -446 -187 0
-204 -143 -44 -449 -502 -85 -553 -505 -235 -581 -310 -446 -187 0
569 -395 -18 -257 -85 -143 -310 -235 -203 -581 118 0
-143 -235 -187 -44 -446 -581 -505 -553 -310 -502 -85 -449 0
-503 -208 -570 -44 -581 -502 -446 0
-449 -581 -505 -85 -446 -310 -44 -553 -502 -187 0
569 -208 -204 -581 -502 -44 0
-208 -204 -143 -553 -235 -44 -446 -505 -187 -85 -310 -581 -502 0
40 -439 -553 -187 -85 -310 -44 449 -505 -124 -423 -18 -502 -446 -570 -348 -6 0
568 -166 -553 -44 -446 -187 -85 -310 -505 -502 -235 -581 0
439 -256 -310 -553 -85 -187 -446 -505 -423 -114 -204 -502 -124 -17 -118 -43 -381 0
-204 -143 -553 -85 -187 -446 -505 -502 -44 -310 -581 -235 0
-143 -235 -581 -553 -85 -310 -502 -446 -44 -187 -505 0
-235 -581 -553 -44 -446 -85 -505 -310 -187 -502 0
-204 -581 -505 -446 -502 -187 -85 -310 -44 -553 0
-581 -310 -446 -44 -505 -187 -85 -502 -553 0
-230 448 -42 -440 506 -235 -553 -514 0
-423 -449 -187 -235 -42 -553 -446 -502 -44 -204 -210 -85 -505 -310 0
423 -202 -210 -44 -502 -29 0
568 -124 -505 -235 -187 -553 -85 -310 -44 -502 -446 -204 0
-124 -204 -85 -502 -310 -44 -235 -187 -505 -553 -446 0
45 -423 -44 -446 -505 -553 -187 -235 -502 -204 -85 -310 0
43 -568 -212 -204 -502 -446 0
569 -143 -65 -73 -235 -44 0
-204 -235 -85 -187 -310 -44 -502 -446 -505 -553 0
569 -114 -310 -85 -187 -222 -258 -565 -143 -235 -65 -44 0
-235 -310 -85 -187 -505 -553 -44 -502 -446 0
-423 -57 -446 -505 -514 -502 -44 -310 -553 -85 -187 -421 0
570 -109 -442 -318 -502 -446 -505 -514 -44 -310 -553 -85 -187 -421 0
-204 -310 -446 -505 -502 -44 -553 -85 -187 0
-310 -502 -446 -44 -505 -553 -85 -187 0
-570 -569 -503 -44 -502 -446 -204 45 -112 0
55 -274 -423 -449 0
-208 -57 -44 -235 -553 -423 -446 -505 -187 -502 -569 -274 -449 -360 -204 -74 -192 -503 445 0
-569 -503 -44 -446 -505 -449 -502 -235 -553 -423 -187 -274 -204 -85 45 0
-503 -274 -204 -502 -44 -446 -505 -235 -553 -423 -187 -449 -85 45 0
-503 -274 -44 -204 -502 -505 -235 -553 -423 -187 -449 -85 -446 0
568 -224 -489 -360 -204 43 -504 -553 -565 -304 -505 -235 -77 -70 -449 -502 -446 -192 -126 0
-325 -545 -489 -328 -360 -286 -423 -187 208 -449 -204 503 -237 -44 -553 -505 -446 -344 -70 -514 -581 -274 -192 0
118 -159 -119 -166 -204 -442 -446 -74 -44 -479 -192 -77 -599 -380 -559 -2 -221 -545 -5 0
-514 -74 -553 -468 -316 -444 -581 -423 -505 503 -566 -166 -204 -446 -187 -44 -192 -489 -328 -360 -286 208 -449 -237 -344 -274 -526 -516 0
125 -581 -446 -44 -449 -526 -202 -316 -553 -505 -489 -360 -286 -468 -444 -423 503 -566 -166 -204 -187 -192 208 -237 -274 -516 0
43 -569 -505 -553 -446 -44 -449 -423 503 -204 -187 -274 -235 -502 -526 -112 0
4 -429 -32 -489 -473 -543 -497 -547 -117 -483 -343 -2 -426 -216 -337 -559 -124 507 -553 -514 -112 -430 -190 -477 -332 0
210 -14 -112 -109 -204 45 -44 -449 -55 507 -553 -514 -430 -143 -119 -526 -466 -565 -442 -235 -274 0
-569 503 -423 -505 -235 -553 -449 -112 -204 -44 -430 -526 -274 -446 -187 -502 0
-274 -449 -204 -44 -505 -553 -235 -446 -502 -423 -187 -85 0
203 -503 -505 -44 -446 -423 274 -235 -553 -502 -204 -112 0
-503 -449 -553 -505 -235 -423 -526 -44 -446 -502 -204 274 -112 0
570 -70 -466 -442 -561 -288 274 -235 -55 0
-208 -561 -288 274 -112 -204 -235 -55 -446 -449 -296 -44 -581 -502 -209 0
450 274 -439 -55 0
-449 -423 -235 -446 -44 -502 -553 -505 -204 -187 -85 0
506 -18 -396 -85 -187 -318 -567 -423 -553 -44 -514 -446 0
57 -466 -442 -187 -423 -440 -526 -545 -295 -144 -274 -553 -514 -505 -396 -85 -318 -44 -446 -74 -581 -235 -211 -568 -5 0
507 -77 -442 -274 -192 -40 -333 -126 -339 -318 -381 -295 -553 -514 -64 0
570 -40 -274 -74 -553 -514 -505 -442 -333 -339 -318 -381 -295 -144 -235 -211 0
443 -557 -71 -158 -466 -78 0
-503 -274 -85 -553 -423 -44 -446 -505 -187 -235 449 -502 0
326 -442 -44 -235 -446 -381 -553 -514 -505 -570 -204 -28 -502 -274 0
41 507 -204 -570 -235 -112 -553 -514 -274 0
-514 -274 -230 -44 -235 -446 -381 -553 -505 -570 -204 -28 -502 -327 -42 -112 0
-274 -423 -204 -44 -446 -235 -553 -502 -505 -85 -187 0
506 -514 -235 -187 -553 274 -71 -56 -143 -204 -502 -44 -444 -505 -446 -423 -112 -209 -569 0
568 -40 -112 -204 -56 0
-423 -235 -505 -553 -187 -204 -502 -44 -446 -85 0
569 -65 -41 -235 -57 -143 -44 0
506 -570 -274 423 -44 -502 -41 -235 -553 -514 0
43 -347 -235 -66 -159 -254 -17 -85 -187 -553 -380 -581 -505 -44 -442 -110 -74 -449 -446 -167 -502 -204 0
568 -599 -588 -380 -85 -159 -187 -257 -221 -442 -235 -274 -461 -512 -446 -44 -66 -553 -581 -505 -502 -204 0
-570 -41 -85 -187 -442 -235 -274 -446 -44 -553 -505 -502 -204 -514 0
-208 -167 -553 -514 -505 -581 -339 -358 -588 -380 -85 -187 -442 -315 -257 -235 -274 -512 -461 -344 -192 -446 -296 -44 -502 -204 0
56 109 -567 -235 -143 -66 -119 -318 -204 -442 -446 -166 -74 -44 -159 -192 -77 -395 -63 -85 -187 -553 -30 -380 -581 -505 -4 0
-202 -159 -315 -257 -85 -187 -235 -66 -318 -204 -442 -446 -74 -44 -192 -553 -380 -581 -505 -344 -296 -213 -514 -339 -358 -588 -274 -512 -461 -502 0
210 -426 -358 -461 -430 -588 -380 -85 -466 -187 -442 -395 -315 -257 -6 -235 -274 -512 -57 -344 -192 -449 -296 0
507 -581 -187 -235 -85 -553 -41 -505 -44 -442 -344 -274 -446 -204 -74 -514 -502 0
125 -41 -187 -274 -505 -44 -446 -553 -514 -235 -85 -442 -204 -502 0
-581 -347 -553 -442 -505 -235 -567 -143 -514 -446 -44 -449 -209 -204 -5 -119 -395 -380 -85 -187 -30 -17 -580 0
581 -380 -220 -44 -553 -204 -568 -502 -446 0
447 -559 -339 -380 -187 -315 -257 -143 -66 -73 -167 -442 -44 0
-41 -442 -85 -187 -553 -505 -44 -446 -235 -204 -502 -274 -514 0
-581 -380 -446 -187 -143 -442 -44 -166 -204 -119 -567 -235 -274 -112 -553 -514 41 -505 -30 -63 0
-442 -514 -187 -235 -446 -505 -44 -553 -204 -502 -274 -85 0
-514 -274 -235 -553 -44 -505 -502 -446 -204 -187 -85 0
56 -41 -274 -511 -441 -235 -567 109 -143 -66 -395 -380 -85 -187 -553 -30 -63 -581 -505 -44 0
-41 -479 -598 -224 -217 -187 -274 -593 -57 -511 -441 -235 -567 109 -143 -66 -395 -380 -85 -553 -30 -63 -581 -505 -44 0
443 -511 -274 -598 -187 -57 -441 -235 -567 109 -143 -66 -395 -380 -85 -553 -30 -63 -581 -505 -44 -72 -468 0
-274 -235 -85 -187 -553 -505 -44 -204 -502 -446 0
-514 -440 -57 -209 -235 -380 -143 -85 -187 -553 -395 -30 -119 -581 -505 -44 -229 -448 -446 -442 -560 -379 -511 0
326 -442 -229 -57 -446 -209 -235 -380 -143 -85 -187 -553 -395 -30 -119 -581 -505 -44 -511 -441 0
450 -514 -561 -187 -4 -567 -395 -235 -380 -85 -553 -143 -30 -581 -505 -44 -119 -204 -486 -446 -568 -442 -229 -209 0
-514 -592 -187 -57 -209 -235 -380 -143 -85 -553 -395 -30 -119 -581 -505 -44 -229 -448 -446 -442 -511 -441 -561 -4 -567 -204 -486 -568 0
-442 -380 -187 -441 -446 -57 -209 -235 -143 -85 -553 -395 -30 -119 -581 -505 -44 -567 -204 -112 274 0
-514 109 -567 -235 -143 -193 -75 -112 -204 -57 -202 -581 -119 274 -295 507 -553 -516 -505 0
450 -380 -395 -235 -567 -85 -187 -553 -143 -30 -581 -505 -44 274 -112 -204 -569 0
-380 -581 -235 -204 -502 -446 -85 -553 -187 -505 -44 0
443 -71 -600 -526 -557 -546 -158 -466 -223 0
55 -448 -560 -229 380 -442 -600 -526 -557 -546 -158 -466 -401 -331 -594 -6 0
-581 -235 -44 -505 -553 -187 -446 -204 -502 -85 0
379 -158 -600 -453 -297 -119 -65 -209 -44 445 -446 -143 -235 -287 -57 -567 274 -222 -441 -318 0
-546 -119 -560 -229 380 -442 -600 -526 -448 -557 -158 -466 -401 -331 -594 55 -545 0
-235 -204 -502 -44 -187 -446 -553 -505 -85 0
444 -297 -192 -213 -336 -581 -5 -204 -208 -502 -44 -505 -380 -449 -57 -553 -446 -439 -286 -41 -70 -274 -229 0
381 -61 -581 -5 -119 -477 -318 -430 -460 -395 -17 -85 -553 -187 0
448 -274 -489 -505 -553 -5 -380 -581 -119 -395 -17 -85 -187 -442 -192 -213 -336 -204 -502 -44 -449 -57 -446 -41 -347 -209 0
-274 56 -446 -581 -85 -187 -505 -119 -395 -553 -380 -442 -489 -336 -204 -502 -44 -57 -209 0
56 -57 -446 -204 -546 -581 -380 -119 -44 -209 -502 -553 -505 -85 -187 -395 -442 -489 -336 0
450 -221 -187 -85 -581 -119 -44 -16 -395 -446 -258 -442 -553 -229 -209 -380 -30 -505 0
-57 -119 -446 -380 -442 -553 -505 -85 -581 -187 -44 -395 -258 -209 -422 -204 -546 -502 -489 -336 0
144 -581 -505 -446 -44 -204 -502 -553 -380 -442 -85 -187 0
-119 -581 -187 -553 -204 -446 -502 -44 -229 -274 -488 -286 -513 -505 -503 0
-449 -57 -274 -423 -229 -448 0
-57 -559 -442 -5 -380 -229 -274 -423 -448 0
-581 -380 -442 -553 -505 -44 -187 -204 -446 -502 -85 0
450 -326 -559 -57 -1 -337 -442 -274 -119 -229 -44 -316 445 -446 -209 -449 0
-449 -57 -332 -119 -526 -215 -556 -337 -559 -1 -274 -442 -229 -125 -212 -568 -286 -44 -316 445 -446 -142 -502 -439 -380 506 -553 0
-57 -421 -44 -446 -119 -505 -502 -274 -332 -526 -215 -556 -337 -559 -1 -442 -229 -125 -212 -568 -286 -316 445 -142 -439 -380 506 -553 0
-380 -442 -446 -505 -502 -44 -553 -204 -187 -85 0
28 -422 -565 -317 -222 -44 0
30 -449 -446 -204 -57 -274 -229 -502 -44 0
-449 -274 -57 -565 -317 -222 -44 -29 -446 -204 -229 -502 0
504 -222 -317 -315 -44 -258 -446 -142 0
380 -568 -204 -502 -446 -44 -565 -142 -505 -553 -187 0
55 -359 -202 -446 -489 -44 -449 -209 -229 -426 -192 -119 -255 -581 -75 -57 -42 0
-274 -449 -44 -446 -502 -553 -505 -85 -187 -204 0
326 -449 -581 -546 -229 -380 -119 -568 -63 -468 -44 -209 -446 -444 -502 43 -598 -213 -57 0
-449 -204 -446 -44 -502 -505 -85 -187 -553 0
-204 -85 -553 -505 -44 -502 -446 -187 0
582 -449 -57 -570 -209 -125 0
-449 -57 -580 -505 -444 -468 -209 -74 -191 -125 -570 -4 -422 -28 -553 0
-57 -4 -209 -316 -187 -553 -505 -143 -580 -28 -570 -422 -444 -468 -74 -191 -125 0
582 -380 -111 -70 -516 -143 -468 -229 -274 -444 -191 -338 -28 -348 -332 -505 -74 -42 -316 -553 -125 -61 0
443 -462 -430 -476 -236 -468 -229 0
326 -223 -480 -218 -561 -486 0
-41 -65 -143 -236 -74 -229 -125 -274 -326 -42 0
-380 -274 -143 -74 -229 -125 -42 -544 -526 -70 -468 -444 -430 -476 -338 -44 -28 -446 -505 -570 -316 -553 -213 -61 -580 -111 -516 -191 -348 -332 0
380 -61 -580 -553 -316 0
443 554 -338 -28 -505 -381 -224 -190 -7 -288 -297 -511 -553 -468 -430 -476 -236 -229 0
-514 -169 -565 -424 -197 -236 507 -553 -511 -505 0
582 -297 -565 -424 -553 -511 -505 -486 -70 -468 -444 -338 -28 -288 -430 -476 -229 -332 -570 -74 -316 -125 -61 0
254 -173 -191 -332 -239 -334 -102 -76 0
-235 -80 -248 -463 -108 -332 -300 -548 -191 -76 -429 -587 -85 -187 -313 -12 -258 -344 -184 -143 -65 569 -44 0
448 -74 -424 -143 -332 -191 -85 -187 -44 -544 -526 -468 -444 -430 -476 -28 -446 -505 -570 -316 -553 -580 -565 -338 -125 -439 -42 -111 -516 -348 -209 0
275 -327 -42 0
274 -327 -42 0
-514 -125 -570 -580 -235 -553 -513 -505 -44 -28 -446 0
220 -253 -191 -304 -187 -558 -314 0
379 -224 -191 -332 -558 -316 -304 -187 -143 -505 -553 -580 -74 -125 -42 -274 -560 -338 -2 0
-85 -505 -553 -187 -44 -446 -502 0
-235 -565 -274 -44 -502 506 -41 -553 -514 -421 -229 -462 0
57 -581 -439 -229 -44 -568 -274 -124 0
40 -344 -332 -442 -351 -204 -581 -213 -297 -192 -502 -44 -505 -380 -57 -553 -446 -439 -286 -41 -274 -229 -65 -272 -142 -118 -209 -450 -421 0
448 -479 -600 -224 -429 -401 -158 -332 -556 -6 -72 -57 0
-581 -380 -446 -505 -514 -502 -229 -44 -274 -429 -41 -351 -553 -272 555 0
-449 -57 -556 -429 -337 -559 -1 -229 -274 -119 -44 -316 -446 -41 -502 -439 506 -514 -380 -553 0
-57 -119 -446 -44 -505 -514 -502 -274 -556 -429 -337 -559 -1 -229 -316 -41 -439 506 -380 -553 0
-380 -514 -446 -505 -44 -502 -274 -429 -229 -41 -553 -351 -272 555 0
-235 -57 -421 -274 -44 -502 506 -41 -553 -514 -229 -143 -462 0
235 -204 -502 -446 -44 380 -505 -553 -187 0
-514 -41 -553 -505 -446 -44 -502 -274 -229 -187 555 0
-57 -45 -446 -582 -119 -502 -29 -209 -274 -229 -44 -55 0
448 -406 -187 -531 -462 -565 -511 -51 -258 -274 -184 -143 -229 -41 -65 -42 -222 -570 -582 -483 -295 -119 -209 -502 -446 43 0
449 -42 -274 -439 -229 0
-41 555 -274 -229 -502 -446 -553 -44 -505 -187 0
-57 -326 -559 -274 -229 -44 -446 -449 -381 -502 -439 -29 -56 0
503 -381 -6 -559 -443 -502 -446 -208 -44 -513 506 -423 0
555 -274 -446 -502 -44 -229 -553 -505 -187 0
-204 -202 -51 -5 -360 -565 -274 -569 448 -553 -505 -28 -446 -502 -235 -326 -444 -461 -57 -423 -436 -514 -44 -512 -209 0
50 -202 -461 -57 -423 -209 -235 -274 -512 -514 -44 -446 -487 -505 -208 0
327 -477 -99 -436 -261 -247 -111 -589 -439 -287 0
-570 -556 -428 -159 -599 -581 -423 -553 -209 -235 -446 -44 -514 -505 -502 -381 -326 -436 -530 -406 -360 -51 -461 -57 -274 -512 -487 -337 -5 -119 -565 -569 448 -28 -444 0
-209 -119 -41 -5 -174 -502 -44 -565 -274 -569 448 -553 -505 -28 -446 -57 -423 -514 -347 -187 -229 -396 0
-119 -514 -553 -505 -187 -274 -446 -502 -44 -229 -41 -5 -423 -174 -565 -569 448 -28 -57 -347 -396 0
-514 -5 -446 -423 -505 -553 -187 -274 -502 -229 -41 -44 -174 -565 -569 448 -28 -57 -347 -396 0
443 -247 -439 -436 -42 -477 -274 -468 -229 0
442 -598 -428 -159 -556 -571 -219 -70 -334 -468 -77 0
-449 -41 -229 -274 -187 -502 -446 -44 -423 -505 -553 -57 0
449 -423 -446 -505 -502 -229 -57 -380 -274 -44 0
-423 -57 -229 -274 -187 -502 -446 -44 -505 -553 0
118 55 -449 -446 -229 -44 -489 -296 -209 -359 -426 -57 41 -581 -119 0
450 -296 -380 -221 -581 -119 -44 -57 -449 -446 -229 -187 -209 -16 -395 -257 -567 -461 -143 -274 -512 0
120 -288 -358 -70 -195 -553 -514 -505 -444 -561 -446 -339 -44 -502 -208 -5 0
-42 -599 -428 -14 -347 -444 -187 -402 -446 -581 -553 -61 -74 -208 -502 -44 -380 -318 -5 -119 -358 -70 -195 -514 -505 -339 275 -41 0
120 -214 -358 -286 -81 -224 -248 -235 -274 231 -479 -436 -559 -477 -339 -5 0
-204 -514 -553 507 -115 -358 -286 -44 -209 -446 -449 -581 -187 -61 -74 -208 -502 -5 -119 -81 -248 -235 -274 231 -436 -559 -339 -558 -70 -195 0
-514 -57 -553 -446 -187 -502 -274 -505 -229 -44 0
-208 -41 -221 -229 -274 -461 -567 -581 -441 -119 -57 -209 -502 -446 43 0
-41 -119 -221 -461 -143 -581 -257 -395 -187 -16 -380 -81 -57 -229 -274 -468 -444 -567 -441 -209 -502 -446 43 0
-57 -274 -44 -446 -502 -229 -187 -553 -505 0
443 -571 -70 -340 -556 -88 -159 -428 -599 -486 -452 -173 -37 -195 -1 0
-120 -360 -117 -348 -14 -77 -159 -512 -553 -514 -505 -561 -599 -428 -556 -444 -340 -88 -486 -452 -173 -1 -402 -343 -316 -446 -124 -44 -209 -202 -449 -581 -6 -325 -42 -274 -565 448 -569 -439 -28 -502 -235 -119 0
4 -340 -88 -459 -479 -452 -224 -219 -194 -486 -173 -417 -495 -190 -477 -332 0
-195 -147 -599 -340 -486 -190 -88 -571 -332 -479 -173 -70 -556 -159 -428 -452 443 -1 0
-75 -143 -66 -235 -124 -426 -352 -488 -73 0
-514 -88 -428 -173 -159 -452 -124 -66 -446 -44 -502 -14 -553 -505 -402 -209 -581 -325 -274 -119 -380 -221 -229 -461 57 -516 0
442 -556 -159 -487 -70 -143 -468 -224 -428 -571 -598 -219 -77 0
40 -209 -229 -187 -119 -502 -446 -274 -44 -553 -505 0
-568 -125 -274 -516 -229 -380 -505 -553 -446 -119 -44 -581 -502 57 -449 0
41 -119 -502 -446 -44 -516 -581 -229 -274 -461 -380 -505 -553 57 0
209 -581 -44 -570 -502 -446 0
-119 -274 -187 -502 -446 -229 -44 -553 -505 0
-274 -229 -505 -44 -502 -446 -553 -187 0
41 -208 -44 -446 -505 -553 -57 -581 -119 -502 274 -449 0
442 -468 -561 -223 -70 -174 -334 326 -195 -77 0
447 -487 -159 -358 -565 -70 -235 -229 -223 -195 -561 -174 -334 326 -221 -316 -61 -213 -581 -569 -119 -502 -446 -208 -44 0
-514 -5 -119 -581 -44 -209 -446 -449 -569 274 -229 -174 326 -502 -208 -256 -553 -505 0
-209 -208 -505 -553 -581 -119 -502 -446 -187 -44 -449 -229 -57 0
209 -581 -44 -229 -446 -505 -553 274 -502 0
449 -70 -466 -229 -442 0
-70 -466 -442 -229 -119 -553 -514 -581 -505 45 -44 -446 -502 -187 -208 0
554 -379 -219 -478 -187 -2 -514 -553 -224 -462 -505 0
55 -306 -214 -119 -586 -187 -556 -44 -514 -446 -581 -505 -553 -219 -478 -2 -224 -462 -566 -440 -422 0
445 -514 -187 -44 -119 -446 -581 -505 -553 -229 -502 -208 0
-449 -70 -553 -505 -430 582 -424 -444 -28 -288 -468 -229 -570 -74 -316 -4 -581 -502 -446 -187 -44 -119 -208 0
449 -126 -40 -570 -235 -229 0
-514 -208 -505 -229 -581 -502 -446 -187 -44 -119 -553 0
-449 -208 -505 -229 -581 -502 -446 -187 -44 -119 -553 0
-208 -119 -553 -505 -229 -581 -502 -446 -44 -187 0
466 -443 -446 0
-514 -218 -223 -76 -211 -581 -119 -202 -44 -209 -449 -446 -316 -63 -57 274 -143 -295 -236 -505 -28 -516 -553 0
580 -570 -592 -57 -441 -187 -316 274 -202 -581 -119 -63 0
-570 -218 -223 -316 -143 -236 274 450 -505 -76 -553 -449 -209 -211 -119 -581 -592 -187 -202 0
-444 -449 -553 -446 -44 -229 -119 -581 -502 -505 -187 0
-28 -575 -547 -371 -238 -253 -214 -187 -72 444 -466 -379 -220 -553 -505 -44 -446 0
-380 -13 -586 -238 -505 -187 -553 -379 -63 -581 -30 -44 0
-449 -119 -553 -187 -581 -44 -446 -505 -229 -502 0
445 -214 -119 -586 -187 -44 -514 -446 -581 -505 -553 55 -462 -566 -422 -229 449 0
-514 -57 -581 -119 -553 -505 -446 -44 -187 -229 -502 0
-570 -57 -119 -28 -187 -553 -505 -316 -143 -209 -422 -444 -468 -4 -202 -44 -568 0
313 -239 -192 -255 -75 -66 -143 -257 0
-57 -119 -446 -502 -187 -553 -505 -44 -581 -229 0
-119 -581 -44 -505 -502 -187 -553 -446 -229 0
-449 -57 -187 -553 -581 -44 -229 -505 -502 -446 0
-57 -581 -553 -505 -502 -44 -446 -229 -187 0
-581 -229 -44 -502 -446 -553 -505 -187 0
-209 -449 -62 -318 -381 -119 -600 445 -297 -453 -235 -44 -65 -446 -158 -287 -57 274 -222 -421 -505 -514 -502 0
209 -421 -125 -57 -505 -44 -446 274 -235 -553 -502 -204 -29 -297 0
-514 -57 -44 -187 -446 -502 -229 -505 -553 0
-57 -229 -446 -44 -187 -502 -505 -553 0
569 -581 -187 -274 -235 -44 -514 -119 -143 -166 -442 -553 -446 -505 -63 -441 -57 -449 -209 -570 0
203 -224 -77 -159 -254 -487 -74 -347 -166 -44 -209 -316 -446 -449 -63 0
223 -584 -198 -434 -549 -599 -254 -77 -159 -479 0
-462 -339 -187 -479 -217 -224 -434 -549 -599 -254 -77 -310 -431 -514 -553 507 0
220 447 -553 -442 -505 -514 -513 -187 -339 -315 0
-581 -166 -442 -505 -514 -187 -235 -310 -436 -119 -553 -44 -209 -446 -449 -63 -143 -72 -295 -395 -16 -57 -570 -274 -441 0
-209 -119 -57 -570 -187 -274 -44 -502 -553 -514 -446 -505 -449 0
209 -570 -57 -553 -44 -449 -446 -505 -63 -502 -514 0
-570 -449 -502 -446 -57 -274 -44 -187 -553 -514 -505 0
-423 -347 -77 -166 -44 -209 -446 -449 -63 -187 -72 -143 -256 -442 -553 -514 -505 -566 -581 -502 -204 503 0
43 -5 -442 -119 -166 -204 -446 -77 -44 -192 -63 -209 -449 -581 -143 -256 -220 -358 -553 -347 -505 -514 0
506 -30 -187 -295 -63 -581 -192 -505 -44 -586 -553 -514 -446 0
56 -119 -274 -553 -514 -505 -442 -187 -143 -72 -295 -63 -581 -192 -44 -446 -126 -77 -166 -204 -209 -449 -566 -502 0
45 507 -553 -514 -342 -310 -126 -187 -581 -4 -274 -442 -40 -72 -77 -558 -119 -446 -235 -44 -143 -166 -204 -567 -505 -30 -63 0
-119 -209 -446 -44 -553 -514 -274 -505 -449 -57 -187 -502 0
-209 -449 -553 -514 -505 -44 -446 -57 -274 -187 -502 0
-449 -514 -274 -553 -446 -505 -187 -502 -57 -44 0
-514 -502 -553 -505 -274 -57 -446 -44 -187 0
-190 -49 -184 -80 -65 -41 -124 -295 -235 -449 -504 -204 -553 -565 43 -505 -489 -77 -352 -70 -304 -502 -446 -191 0
506 -204 -235 -449 -504 -295 -553 43 -505 -77 -70 -304 -502 -446 -511 -274 -63 -441 -133 -581 -57 -586 -210 -44 0
-423 -75 -66 -286 -143 -511 -257 -274 -395 -346 -16 -441 -57 -422 -449 0
55 -75 -66 -143 -257 -77 -159 -224 -221 -217 -567 -187 -235 -593 -57 -468 -553 -505 -119 -209 -422 -316 -28 -202 -44 -444 0
-204 -581 -57 -187 -553 -505 -44 -449 -502 -446 -274 0
225 -561 -380 -339 -187 -479 -217 0
440 -155 -140 -415 -494 -598 -333 -111 -479 -402 -224 -380 -339 -187 -217 -511 -27 -274 -41 -249 0
-581 -449 -274 -505 -553 -57 -187 -44 -502 -446 0
-449 -502 -505 -553 -446 -44 -274 -57 -187 0
-502 -274 -57 -505 -553 -446 -44 -187 0
223 -514 -66 -235 -143 -184 -347 447 -553 -560 -505 -381 -567 0
224 -480 -358 -101 -240 -326 -190 -560 -332 -406 -402 0
253 -354 -489 -543 -74 0
191 -253 -101 -240 0
-514 -1 -539 -159 -547 -332 -190 -101 -240 -489 -74 -425 -560 -41 -553 -505 -326 -274 -452 -567 -66 -235 -143 -184 -347 -358 -406 -402 447 -381 -9 -598 -297 0
210 -452 -402 -41 -274 -461 -567 -66 -347 -159 -553 -505 447 -581 -593 -380 -187 -316 -221 -257 -142 -569 -118 -441 -202 -449 -166 0
144 -514 -402 -441 447 -553 -505 -190 -380 -187 -286 -337 -316 -360 -221 -567 -257 -235 0
143 -426 -461 -75 -489 -235 -66 0
56 -449 -274 447 -553 -505 -187 -142 -118 -446 -44 -503 -208 -421 0
-449 -274 -505 -446 -44 -553 -57 -187 0
-274 -187 -553 -505 -57 -446 -44 0
-119 -581 -316 -468 -444 -449 -421 -57 -516 -208 274 -202 -166 -111 -118 0
448 -421 274 -57 0
-449 -316 -57 -421 -28 -505 -553 -468 -444 -516 -208 274 -202 -166 -111 -118 -446 -44 -503 0
-187 -57 -553 -44 -505 -446 0
288 -37 -332 -75 -192 -101 -549 -428 -115 -457 -424 -323 -77 -479 -452 -514 -553 507 -358 -224 0
223 -81 -37 -192 -238 -332 -101 -51 -428 -488 -599 -457 -542 -479 -452 0
42 -479 -599 -217 -224 -37 -192 -238 -332 -101 -51 -428 -488 -457 -542 -452 -274 0
-209 -101 -170 -57 -119 -581 -202 -40 -217 -192 -238 -143 -452 -274 -346 -358 -115 -514 -553 507 -558 -72 -3 -442 -63 -446 -44 203 -449 -318 -213 -210 0
209 -213 -581 -504 -119 0
-325 -40 -274 0
225 -468 -72 -484 -599 -217 0
-442 -202 -57 -119 -581 -209 -40 -217 -238 -143 -452 -274 -346 -514 -553 507 -72 -3 -63 -446 -44 203 -449 -318 -210 -313 -221 -567 -237 -231 0
-202 -209 -3 -57 -119 -581 -72 -40 -217 -238 -143 -452 -274 -346 -514 -553 507 -63 -446 -44 -449 -318 -210 -313 -221 -567 -231 -568 0
-570 -235 -124 -274 -57 -514 507 -553 -112 -204 -568 0
287 -2 -514 -553 507 -379 -427 -20 -146 -81 -417 -49 -493 -358 -109 0
-235 -541 -165 -192 -547 -74 -426 -346 -514 -553 507 -109 -379 -476 -217 -39 -186 -466 -3 -442 -567 -299 -72 -558 -345 -112 -40 -211 -124 -274 -57 -204 -568 0
235 -573 -484 -217 -466 -72 -558 -159 -442 -231 -143 0
-209 -514 -72 -346 -217 -553 507 -379 -186 -3 -567 -299 -40 -274 -57 -568 -231 -581 -4 -446 -221 -119 -44 -63 -238 -452 -449 -318 -210 -313 -504 0
209 -119 -44 -581 -504 -568 0
223 -358 -346 -143 -286 -544 -511 -598 -559 -542 -479 0
191 -390 -90 -266 -340 -101 -14 -295 -253 0
236 -14 -271 -295 -16 -85 -588 -150 -493 -4 -332 -192 -266 -126 -186 -75 -66 -327 -274 -346 -143 -511 -544 -484 -452 -286 -72 -468 -217 -598 -559 -159 -313 -3 -221 -444 -567 -231 0
-119 -568 -449 -57 -63 -380 -44 -446 -16 -85 -4 -274 -346 -72 -217 -313 -567 -231 -30 -504 -553 507 -379 -40 -238 -210 0
55 -449 -44 -57 -446 -274 -553 -505 0
-159 -564 -79 -384 -135 -39 -587 -8 -331 -13 -401 -88 -224 -483 -547 -214 -253 -557 -77 -158 0
348 -353 -143 -65 -253 -478 443 -158 -466 -557 -79 -384 -135 -39 -587 -8 -331 -13 -401 -88 -483 -547 -214 -77 0
-159 -472 -532 -546 -600 -331 -478 -401 -224 -547 -102 -576 -271 -253 -13 -557 -77 -79 -384 -135 -39 -587 -8 -88 -483 -214 -158 0
-514 -119 -347 380 -5 -384 -44 -449 -274 -313 -41 506 -553 -422 -446 0
-119 380 -57 -274 -44 -55 -449 -446 -384 -313 506 -553 0
-514 -503 -422 -446 -44 506 0
506 -55 -446 -57 -274 -44 -449 -384 -313 -553 -379 0
224 -466 -72 -159 -221 -569 -581 -119 -44 45 -209 -449 -442 -217 0
568 445 -44 -449 -238 -446 -209 -306 -581 -119 -221 -5 -380 1 -485 -599 -480 -441 -72 0
208 -143 -395 -17 -347 -85 -109 -288 -379 507 -553 -514 -2 -126 -477 -237 -5 -230 -119 -44 -449 45 0
445 -223 -449 -446 -209 -119 -5 -72 -17 -347 -85 -379 507 -553 -514 -569 -238 -217 -44 -505 0
210 -62 -119 -581 -202 -449 -166 0
-223 -209 -85 -274 -72 -217 -238 -5 -119 -44 -446 -505 -514 -17 -449 -347 -379 507 -553 -569 0
208 120 -402 -442 -446 -209 -44 -202 -449 -581 -5 -225 0
580 -202 -238 -72 -342 -159 -541 -449 -296 -209 -402 -442 -446 -44 -478 -581 -5 -225 -332 -119 0
-202 -478 -221 -238 -380 -313 -296 -72 -459 -209 -3 -449 -442 -446 -44 -318 -332 -5 -119 -581 -342 -159 -541 -402 -225 0
450 -478 -85 -72 -274 -17 -347 -237 -395 -379 507 -553 -514 -143 -126 -5 -119 -44 -449 -466 -442 -77 -209 202 0
-209 -119 -449 -85 -274 -17 -347 -379 507 -553 -514 -5 -72 -44 -446 -505 -569 -238 -313 -217 0
118 -479 -599 -237 -402 -221 -318 -444 -61 -446 -422 -581 -503 -5 0
448 -119 -3 -347 -446 -44 -581 -380 209 -5 -514 -505 -599 -402 -221 -318 -422 -274 -41 -441 -512 -461 -72 0
-118 -63 -318 -44 -581 -446 -208 -503 -119 0
-119 -514 -553 -505 -446 -274 -57 -449 -44 0
-208 -425 -553 -514 -505 -274 -66 -347 -186 -5 -380 -85 -588 -72 -599 -217 -159 -221 -545 -3 -446 -569 -203 -441 -512 -461 -44 -449 -503 -118 0
331 -225 -77 -101 -159 -238 -402 -192 0
224 -39 -427 -159 -573 -3 -560 -380 -337 -77 -484 -466 -478 -442 -217 0
-561 -286 -193 -425 -360 -442 -553 -514 -505 -326 -3 -560 -380 -337 0
444 -534 -96 -90 -39 -3 -27 -459 -248 -539 -49 -107 -487 -549 -541 -427 -352 -159 -193 -77 0
353 -487 -347 -360 0
443 -353 -425 -193 -379 507 -553 -514 -560 0
-514 -449 -505 -274 -44 -446 -57 -553 0
-443 -119 -5 -332 -581 -402 -62 -449 -217 -72 -468 -444 -446 0
-225 -77 -57 -449 -159 -238 -402 -581 -504 -461 -557 -313 -475 -332 -119 -511 -221 -5 -598 -380 1 -479 -224 0
120 -288 -511 -111 -380 1 -202 -5 0
222 -141 -14 -295 -340 -283 -88 -371 -79 -549 -133 -588 -429 -159 -557 0
220 -567 -85 -395 -588 -257 -14 -143 -238 -235 -304 -17 -557 0
-599 -155 -14 -295 -340 -283 -88 -371 -79 -549 -133 -588 222 -159 -557 -72 -468 225 -217 -598 0
512 -549 -424 -235 -14 -461 -588 -431 -85 -544 -295 -340 -133 -159 -557 -72 -468 225 -217 -598 -221 -395 -257 -143 -238 -304 -17 -422 -126 -202 -44 -441 -209 -63 -446 -449 -316 -41 -274 0
-599 -214 -14 -295 -340 -549 -133 -588 222 -159 -557 -72 -468 225 -217 -598 -481 -126 -274 0
-119 -449 -57 -14 -588 -85 -17 -257 -295 -133 -159 -72 -468 -217 -598 -274 -313 -221 -380 -461 -511 -238 -422 -202 -44 -441 -446 -316 -41 -332 -581 -504 -5 -111 -452 -402 -3 -62 -444 -166 0
287 -347 -358 -111 0
-449 -274 -446 -44 -57 -505 -553 0
467 -109 -346 -144 -513 -258 -396 -547 -541 -16 -85 -112 -74 -124 -164 -568 -274 -381 -553 -505 -442 -514 -339 -295 -318 -333 -40 -211 -300 -600 -230 -76 -477 -217 0
580 -466 -381 -553 -505 -40 -568 -71 -274 -158 -217 -346 -258 -541 -16 -85 -300 -230 -76 -4 -44 -446 -209 -503 -423 -515 -29 -222 -317 -62 0
442 -225 -286 -559 -446 -515 -2 0
-443 -442 -446 -209 -505 -503 -582 -381 -553 -40 -568 -71 -274 -158 -217 -346 -258 -541 -16 -85 -300 -230 -76 -4 -423 -515 -29 -222 -317 -62 -44 0
-514 -541 -44 -446 -209 -505 -503 -381 -553 -40 -568 -71 -274 -158 -217 -346 -258 -582 -16 -85 -300 -230 -76 -4 -423 -515 -29 -222 -317 -62 0
447 -582 -62 -209 -317 -503 -44 0
157 -209 -446 -44 -505 -503 -381 -553 -40 -568 -71 -274 -158 -217 -346 -258 -582 -16 -85 -300 -230 -4 -423 -515 -29 -222 -317 -62 0
-274 -57 -44 -505 -553 -446 0
-119 -503 -446 -209 -505 -514 -44 0
230 -4 -553 -120 -568 -379 -442 -514 -505 -203 -222 274 -57 -423 -581 -209 0
-4 -225 -74 -553 -120 -568 -379 -442 -514 -203 -109 -505 274 -57 -313 -171 -144 -466 -448 -222 -423 -581 -209 0
-55 -448 274 -423 -57 0
-222 -466 -74 -318 -553 -333 -120 -568 -379 -442 -514 -203 -505 -144 -448 -109 274 -57 -313 -171 -423 -581 -209 0
-449 -402 -333 -192 -568 -558 -466 -159 -442 -235 -553 -505 274 -503 -502 -44 -446 -112 -204 -448 0
445 -503 -553 -505 -514 -44 -446 -57 -209 0
-503 -209 -57 -505 -553 -446 -514 -44 0
421 -514 -505 -57 -44 -553 -446 0
-444 -125 -514 -44 -449 -446 -57 -505 -553 -209 -74 -4 -191 0
555 -581 -561 -514 -3 -505 -63 -511 -30 -44 0
-581 -253 -561 444 -72 -466 -338 -313 -505 -553 -514 -63 -511 -30 -44 -119 202 0
569 -449 -505 -514 -44 -446 -553 -57 -209 0
-449 -209 -514 -44 -446 -57 -505 -553 0
-442 507 -325 -466 -379 -514 -553 -462 -217 -229 449 0
-202 -466 -57 -581 -553 -505 -446 -44 -514 -209 0
-466 -581 -514 -505 -553 -446 -44 -57 -209 0
-581 -209 -57 -553 -505 -446 -44 -514 0
347 -73 -65 -143 -353 -358 0
-209 -514 -446 -505 -553 -57 -44 0
-514 -57 -505 -553 -446 -44 0
-119 -423 -504 -209 274 -57 -166 -71 -202 -218 -486 -223 -561 -118 -581 -124 0
506 -71 -505 -553 -449 -446 -44 -209 -57 -218 -223 -581 -1 0
-119 -560 -339 -479 -449 -62 -332 -402 -581 -443 -217 -468 -444 -446 -71 -209 -202 -166 0
119 -449 -505 -553 -57 -446 -44 0
210 -581 -553 -119 -379 -202 -166 -449 -316 0
-581 -449 -446 -209 -553 -505 -44 -57 0
581 -209 -57 274 447 -44 -553 -505 -379 0
333 -14 -575 -8 -549 -221 -255 -339 -191 -4 0
467 -224 -444 -217 0
-208 -119 -446 -468 -444 -217 -85 -16 -511 -316 -505 -379 -440 -28 -58 -553 -421 -237 -581 -504 -44 -568 -4 -202 -295 -166 -209 0
120 -9 -14 -271 -476 -85 -16 -395 -257 -143 -165 -335 -299 -287 -126 -76 -111 -581 43 -568 -502 -446 0
-443 -271 -266 -14 -99 -85 -16 -395 -257 -111 -143 -299 -568 -211 -581 -119 43 -502 -446 -592 -71 274 -313 -221 -339 -4 -332 -402 -217 -3 -444 -468 0
204 -211 -581 -568 -119 0
120 -159 -588 -14 -271 -85 -16 -395 -257 -143 -299 -126 -111 -581 43 -568 -502 -446 -598 -480 -332 -192 -402 -238 -77 -224 -415 -313 -286 -493 -221 274 -57 -119 -475 -339 -4 0
-288 -424 -143 -66 109 -567 -237 -75 -461 -57 -581 -119 -202 274 0
-74 -271 -266 -14 -99 -285 -197 -108 -493 -221 -549 -475 -339 -255 -4 -442 -119 -166 -159 -446 -204 -192 -44 -77 -318 -225 -75 0
-119 -209 -44 -57 -553 -505 -446 0
-209 -57 -505 -553 -44 -446 0
-57 -553 -505 -446 -44 0
-449 -166 -581 -202 -553 -119 -44 -505 -502 -446 -209 0
569 -332 -274 -316 -513 -580 -558 -74 -143 -505 -553 -304 379 -224 -338 -2 -28 -235 -44 -446 0
-208 -381 -558 -480 -505 -2 -553 -442 276 -274 -304 -224 -235 -44 -446 -581 -119 -502 43 -209 0
582 -480 -558 447 -553 -381 -505 -442 276 -44 -446 -502 -2 -211 -119 0
-514 -158 -586 -480 -505 447 -553 -381 -442 -513 -44 -28 -446 0
506 -461 -426 -352 -553 -143 -75 -488 0
-158 -586 -505 -426 -553 -143 -75 -488 -480 -359 -561 -286 -513 447 -381 -442 -44 -28 -446 0
-166 -502 -505 -44 -446 -553 -202 -119 -581 -274 -209 -444 0
448 -502 -505 -581 -44 -553 -446 -119 -72 0
-502 -209 -505 -446 -44 -274 -581 -119 -444 -202 -553 0
-209 -444 -202 -446 -119 -505 -274 -581 -44 -553 0
209 -274 -348 -42 -446 -423 -44 -505 -581 -119 -450 -570 0
-274 -119 -505 -446 -44 -581 -202 -553 0
445 -502 -581 -44 -553 -446 -119 -505 -202 0
-502 -119 -202 -553 -581 -44 -505 -446 0
-119 -202 -44 -446 -553 -581 -505 0
-202 -581 -44 -446 -553 -505 0
421 -112 -44 -446 -502 -553 -505 -514 -204 449 0
-229 -274 -475 -109 -466 -78 -553 -514 -505 -144 -442 449 57 -581 -44 -568 -124 0
506 443 -553 -78 -466 -71 -220 0
443 -220 -553 -505 -78 -466 -71 0
157 -38 -79 -331 -532 -49 -402 -416 -487 -225 -572 -334 -253 -78 0
507 444 -442 -425 -553 -505 -337 -514 -466 -331 -253 -78 -440 -545 -42 -220 -345 -144 -274 -64 -112 -570 -235 -204 -462 0
85 -574 -547 -191 -253 -13 -587 -188 0
-274 -581 -446 -553 -505 -44 0
-581 -553 -505 -446 -44 0
-514 -502 -505 -44 -553 -446 -274 0
448 -502 -44 -505 -446 -553 -274 0
-204 -415 -249 555 -143 -77 -475 -6 -119 -505 -461 -598 -553 -480 -224 -348 -287 -111 -212 -125 -502 43 -446 0
569 -287 -224 -332 -316 -565 -143 -235 -44 -274 -513 -558 -74 -505 -553 -304 -338 -2 -28 -446 0
380 -575 -548 -487 -253 -543 -224 -401 -332 -316 -186 0
-502 -274 -505 -553 -44 -446 0
-274 -553 -446 -505 -44 0
448 -235 -446 -44 -502 -505 -553 0
449 -502 -62 -582 -44 -119 -505 -446 -423 -381 -441 0
-502 -553 -44 -446 -505 0
-553 -446 -44 -505 0
450 -423 -440 -55 0
422 -229 -188 -235 -505 -331 -274 -208 -502 -44 -327 -446 445 -119 -55 0
569 -296 -338 -220 -331 -565 -208 -235 -44 -55 0
570 -213 -188 -588 -298 -14 -580 -7 -466 -119 -220 -442 -565 -229 -331 -235 -190 -55 0
236 -202 -274 -423 -209 -512 -44 -446 445 -505 -235 -327 -229 0
-209 -512 -274 -229 -235 -423 -44 -446 445 -505 -327 -569 -188 -588 -14 -119 -565 -331 -55 -296 -208 0
-570 -402 -188 -331 -70 -466 -256 -288 -442 -235 -185 -512 -229 -66 -274 -73 -327 -44 -502 209 -446 -569 0
-423 -119 -188 -331 -185 -274 -44 -502 -446 445 -505 -235 -338 -440 -449 0
-119 -235 -449 -502 -440 -188 -331 -185 -274 -44 -446 445 -505 -61 -338 0
119 -440 -449 -274 -502 -204 -44 0
569 -70 -159 -466 -220 -442 -338 -229 -274 -331 -327 -213 -190 -449 -209 0
-423 -209 -442 -188 -229 -274 -338 -119 -331 -568 -449 -466 -514 -505 -440 -44 -446 -30 -422 0
-209 -61 45 -449 -440 -442 -188 -229 -274 -338 -331 -568 -466 -514 -505 -44 -446 -502 0
380 445 -505 -446 -44 -449 -274 -502 0
568 -273 -14 -7 -274 -209 -423 -512 -44 -446 445 -505 -235 -565 -229 -326 -119 -213 0
-581 -190 -331 -55 -119 -568 -502 -208 -204 -44 -580 0
570 -190 -220 -565 -331 -235 -339 -55 0
210 -331 -274 -402 -565 -229 -326 -235 -449 -209 -339 -14 -423 -512 -44 -446 445 -505 -119 -296 0
-448 -423 -449 -274 -229 0
-235 -326 -274 -229 -143 -565 -402 -449 -209 -339 -14 -423 -512 -44 -446 445 -505 -119 -296 0
-57 -76 -220 -70 -380 -339 -466 -159 -3 -442 -331 -229 -190 -274 -326 -568 -449 -213 -209 -55 0
231 -337 -380 -3 -42 -442 -274 0
-331 -326 -109 -442 -274 -229 -380 -3 -565 -220 -339 -402 -190 -568 -70 -466 -159 -449 -209 -55 -119 -502 -208 -204 -44 -580 0
-57 -224 -218 -489 -466 -76 -442 -109 -229 -204 -208 -502 -44 -190 -274 -326 -4 -568 -449 -209 -55 0
230 -576 -476 -248 -311 -86 -18 -172 -559 -571 -107 -163 -548 -70 -218 -298 -255 -466 -224 -76 -326 -442 -274 0
-423 -229 -274 -44 -502 -449 -209 -119 -446 445 -505 0
-570 -297 -505 -514 -194 -512 -119 -57 -449 -209 -567 -460 -580 -109 -237 -213 45 -569 0
-581 -358 -194 -126 -505 -286 -514 -109 -426 45 -297 -208 -502 -44 -119 -568 -55 -331 -580 0
236 -331 -479 -219 -224 -256 -186 -143 -505 -194 -514 -220 -57 -380 -339 -466 -70 -3 -442 -189 -229 -274 -326 -568 -449 -209 -55 -77 -126 -109 45 -208 -502 -44 -119 -580 -512 -567 -460 0
-331 -77 -109 -442 -274 -229 -380 -3 -326 -220 -339 -70 -466 -449 -209 -55 -119 -502 -208 -44 -580 -457 -479 -451 -224 -219 -189 -256 -567 -143 -237 -186 -505 -194 -514 -57 45 -512 -460 0
275 -57 -189 -466 -442 -109 -229 -502 -44 -274 -449 -209 -505 -580 -220 -380 -3 -339 -119 -451 -256 -567 -143 -186 -514 45 -460 0
56 -190 -331 -580 -119 -568 -42 0
-190 -331 -568 -580 -119 45 -209 -449 -57 -42 0
448 276 -441 -57 0
223 -253 -74 -143 -274 -229 -426 -514 -231 -72 -558 -484 -466 -573 -442 -505 -402 0
-235 -253 -72 -466 -558 -505 444 569 -143 -44 -74 -489 -426 -274 -229 -231 -512 0
-331 -315 -408 -189 -256 -567 -143 -72 -466 -558 -505 569 -44 -74 -426 -274 -229 -231 -3 -109 -451 -514 -442 -332 -568 -580 -119 45 -209 -449 -57 -42 0
-235 -72 -466 -558 -505 444 569 -143 -44 -74 -426 -274 -229 -231 -460 -65 0
-229 -119 -44 -274 -505 -209 -449 -502 -446 445 0
-73 -295 -514 -505 -125 -235 569 -143 -44 -74 0
-119 -209 -44 -505 -449 -274 -502 -446 445 0
119 -466 -442 -339 -318 -514 -30 -505 -449 -274 -446 -44 -502 -204 0
570 -235 -512 -565 -460 -348 -288 -55 0
455 -574 -14 -139 -588 -370 0
371 -284 -139 -48 0
-235 -464 -159 -134 -588 -370 -288 -466 -326 -220 -442 -274 -599 -565 -229 -512 -544 -186 -66 -73 -44 -502 209 -446 -460 -348 -55 0
-229 -189 -466 -442 -4 -274 -441 -544 -370 -288 -186 -73 -44 -502 209 -446 -348 -514 -505 -449 0
445 -449 -502 -446 -274 -505 -44 0
570 -229 -449 -235 -502 -446 43 0
276 -512 -57 -71 -379 -1 -223 -449 -41 0
515 -57 -379 -220 -476 -1 -449 -209 -119 -580 -5 -211 -502 -446 43 -71 -460 -235 -229 -274 -223 -41 0
-512 -511 -229 -460 -274 -235 -57 -71 -379 -1 -223 -449 -41 0
512 -229 -235 -460 -274 0
Solved
