198 -148 -13 0
353 -130 -172 -76 -295 -4 -94 -283 -322 -190 -133 -120 -241 -325 -82 0
355 -283 -266 -190 -241 -352 -172 -76 -295 -4 -94 -322 -133 -120 -185 0
284 -166 -190 0
-166 -283 -190 0
289 -156 -51 -302 -251 -29 0
363 -29 -347 -302 -251 -133 0
30 -269 -179 -281 -133 -251 -347 -302 -1 0
130 -289 -185 -220 -327 0
192 -266 -185 -220 -352 -349 -179 -281 -262 -133 -347 -302 -1 -283 0
135 -164 -185 -349 -352 -340 -58 -22 -155 -179 -362 -281 -131 0
325 -164 -61 -362 -155 -281 -1 -30 -302 -257 -120 -127 -131 0
151 -355 -185 0
132 -325 -151 0
153 130 -281 -227 -1 -349 -355 -30 -352 -185 -220 -252 -325 0
361 -24 -172 -76 -159 -295 -58 -4 -27 -252 -51 0
280 -363 -241 -340 -214 -58 -165 -252 -133 -51 -83 -172 -76 -295 -4 -27 -179 0
-363 -27 -51 -347 -270 -30 -179 -133 -1 -281 -241 -340 -214 -58 -165 -252 -83 -172 -76 -295 -4 0
49 -329 -270 -165 -1 -266 -252 -30 -71 -4 -291 -214 -156 -27 0
-27 -83 -241 -214 -302 -4 -30 -347 -133 -291 -51 -270 -165 -1 -266 -252 -71 -179 -281 -340 -58 -172 -76 -295 0
-325 -227 -1 -30 -355 -220 -185 -241 -214 -302 -4 -347 -133 -270 -266 -252 -179 -281 -340 -58 -172 -76 -295 -349 -352 -131 0
251 -259 325 -362 -61 -281 -1 -30 -302 -155 -120 -127 -131 -4 0
-51 -270 -1 -347 -302 -133 -252 325 -281 -30 -120 -127 -131 -4 -179 -241 -340 -214 -58 -172 -76 -295 -355 -185 0
150 -97 -1 -133 -127 -241 -340 -172 -220 -349 -190 -322 -4 -198 -223 -211 -13 0
327 -289 -220 -186 -131 0
326 -18 -137 -241 -340 -158 -163 -214 -58 -349 -156 -352 -51 0
250 -51 -172 -119 -186 -127 -76 -241 -340 -214 -58 -349 -352 -220 -180 -282 -133 -348 -30 -303 0
251 -30 -282 -133 -348 -1 -180 -303 -283 0
50 -363 -156 0
-51 -251 -4 -214 -172 -119 -186 -127 -76 -241 -340 -58 -349 -352 -220 -180 -282 -133 -348 -30 -303 0
250 -330 -30 -348 -303 0
135 -327 -127 -352 -119 -303 -241 -30 -214 -283 -4 -251 -348 0
-30 -283 -190 -340 -220 -180 -282 -133 -127 -352 -119 -303 -241 -4 -348 -172 -186 -76 -349 -1 0
49 -363 -156 0
154 -63 -119 -127 -165 -137 -132 -187 -327 -363 -291 0
252 -124 -7 -278 -352 -340 -291 -58 -119 -127 -137 -132 -187 -235 -158 -23 -241 -214 -274 -4 0
362 -269 -137 -328 -187 -133 0
364 -220 -349 -241 -340 -133 -7 -127 -4 -190 -1 -172 -223 -13 -322 0
353 -257 -30 -137 -302 -164 -1 -349 -84 0
286 -356 -185 0
-356 -185 -287 0
152 -137 -26 -164 -261 -349 -30 -62 -302 -1 -84 -354 0
192 -167 -284 0
163 -185 -220 -131 -30 -151 -1 -286 -137 -62 0
-185 -186 -164 -261 -349 -30 -62 -302 -1 -84 -137 -326 -291 -90 -220 -131 -26 0
185 -131 -326 -291 -30 -302 -223 0
83 -153 -71 -266 -185 -102 0
-137 -131 -362 -1 -30 -155 -164 -127 -302 -326 -84 -71 -102 -349 -261 -223 -26 -62 -291 -90 -220 0
325 -153 -302 -84 -309 -30 -185 -133 -291 -261 -131 0
-153 -343 -103 -295 -261 -349 -26 -102 -124 -84 -185 -131 -326 -302 -309 -30 -133 -291 0
215 -261 -103 -326 -349 -26 -302 -30 -133 -291 -1 -362 -155 -164 -127 -223 -62 -90 -220 -190 -284 -241 0
-137 -267 -331 -223 -302 -354 -349 -241 -164 -26 -261 -30 -62 -1 152 -138 0
152 -185 -166 -282 -347 -133 -329 -268 -331 -223 -302 -354 -349 -241 -164 -26 -261 -30 -62 -1 -138 -60 -70 0
-185 -138 -164 -349 -268 -13 -232 -282 -261 -329 -223 -26 -133 -132 -153 -166 -347 -331 -302 -354 -241 -30 -62 -1 -60 -70 0
251 -218 -349 -13 -262 -62 -190 -133 -326 -291 -30 -223 -26 -241 -1 -60 -216 -103 -362 -155 -127 -220 -4 0
151 -185 -232 -241 -256 -260 -223 -26 -133 -172 -132 0
259 -287 -247 -241 -13 -232 -62 -354 -228 -185 -26 0
-185 -354 -241 -13 -232 -62 -223 -256 -26 -260 -247 -228 -153 -133 -172 -132 0
243 -100 -82 0
-155 -30 -349 -262 -220 -190 -241 -223 -13 -247 -133 -172 -1 -4 -250 -103 -362 -127 -49 -154 0
260 -196 -349 -13 -163 -178 -250 -91 -4 0
83 -163 -250 -4 -259 -349 -13 -302 -178 -118 -43 -172 -106 -266 -82 -241 0
151 -259 -250 -4 -349 -13 -302 -172 -106 -266 -241 -281 -1 -30 -290 -220 -63 -327 -288 -185 0
260 -256 -34 -172 -103 -76 -343 -295 -106 0
-256 -106 -34 -172 -103 -76 -343 -295 -259 0
25 -185 -241 -103 -190 -290 -63 -327 -172 -127 -250 -4 -349 -13 -1 -30 -220 -223 0
152 -43 -250 -215 -190 -30 -1 -125 -4 -172 -118 -327 -127 0
61 -307 -247 -295 -349 -352 -1 -327 -30 -125 -290 -355 -220 -151 -250 -215 -190 -4 -172 -127 0
153 -287 -185 0
353 -281 -13 -314 -223 -267 -66 -293 -107 -333 -125 -35 -161 -77 -349 0
259 -352 -349 -13 -314 -223 -107 -125 -100 -247 -241 -322 -133 -290 -327 -127 -185 -63 -1 -30 -355 -220 -250 -215 -190 -4 -172 0
152 -256 -172 -103 -259 -13 -232 -125 -59 -347 -297 -228 -166 -330 -309 -282 -190 -133 -327 -127 0
82 -302 -349 -290 -220 -63 -185 -172 -103 -13 -125 -59 -190 -133 -127 -1 -30 -327 -250 -4 -260 -314 -223 -107 -247 -241 -322 -215 0
-287 -152 -185 0
261 -295 -353 -349 -284 -163 -250 -13 -4 0
151 -331 -43 -82 -247 -241 -260 -353 -349 -284 -163 -250 -13 -4 -228 -190 -133 -125 -131 -185 0
261 -257 -250 -302 -4 0
-152 -302 -260 -250 -247 -4 -107 -215 -82 -241 -125 -185 -349 -13 -190 -133 -1 -327 -30 -290 -220 -63 0
259 -143 -190 -107 -161 -110 -76 -165 -247 -64 -63 -308 -352 -349 -355 -1 -327 -30 -125 -290 -220 -151 -250 -215 -4 -172 -127 -258 0
-302 -260 -250 -4 -30 -190 -107 -247 -63 -349 -1 -327 -125 -290 -220 -215 -172 -127 -133 -241 -185 -13 -103 -59 -314 -223 -322 0
-185 -327 -220 -190 -290 -250 -30 -4 -247 -63 -349 -1 -215 -172 -127 -133 -241 -13 -103 -59 -223 -322 -27 0
260 -227 -99 -119 -1 -30 -303 -190 -250 -215 -4 0
-302 -227 -150 -13 -349 -1 -84 -30 -250 261 -4 -303 0
286 -215 -241 -190 -30 -150 -13 -349 -1 -250 -4 -303 -259 -99 -124 -356 -63 0
260 -302 -250 -4 -349 -13 -178 -106 -172 -259 -82 -241 -63 -99 -227 -1 -30 -303 -190 -215 0
-302 -335 -329 -250 -241 -4 -150 -13 -349 -1 -227 -30 -303 -259 -178 -106 -172 -82 -63 -99 -190 -215 0
-30 -250 -241 -4 -13 -349 -1 -172 -190 -133 -220 -223 -247 -127 -103 -322 -49 -262 -362 -154 0
287 -185 -198 -233 -77 -223 -172 -13 -119 -357 -63 0
325 -12 -198 -333 -354 -291 -77 0
-185 -63 -27 -49 -198 -333 -354 -291 -77 -127 -233 -223 -172 -13 -119 -357 0
225 -198 -13 -93 -273 -281 -265 0
261 -82 -215 -363 -49 -291 -127 -223 -172 -13 -281 -349 -358 -241 -190 -250 -302 -4 0
-82 -215 -172 -13 -349 -227 -358 -241 -190 -49 -256 -4 -259 -363 -291 -127 -223 -281 -250 -302 0
61 -164 -349 -172 -198 -120 0
62 -185 -154 -291 -49 0
326 -25 -4 -163 -259 -349 -250 -352 -49 0
-120 -198 -259 -250 -302 -349 -172 61 -4 0
197 -352 -349 0
62 -148 -232 -13 -223 -120 -154 -291 -49 0
255 -345 -227 -190 -205 -166 0
350 -354 -198 0
352 -71 -216 -172 -362 -26 -302 -119 -50 -13 -257 -326 -198 -83 0
256 -223 -216 -372 -71 -302 -83 0
214 -300 -85 -190 -71 0
-256 -76 -362 -172 -259 -50 -26 -125 -227 -333 -296 -308 -360 -242 -302 -83 -257 0
-354 -63 -172 -185 -119 -216 -302 -362 -259 -296 -308 -257 -190 -284 -198 -349 -13 -26 -164 0
61 -76 -172 -349 -198 -164 0
-63 -119 -216 -190 -362 -26 -257 -185 -172 -349 -198 -164 -302 -259 -296 -308 -284 -13 0
214 -82 -198 -97 -13 -349 -358 -296 -66 -308 -223 -242 -190 0
243 -178 -303 251 -13 -172 -148 -97 -227 -76 -223 -296 -267 -308 -82 0
196 -242 -97 -223 -296 -308 -13 -303 251 -172 -227 -82 -92 -271 -349 -353 0
-82 -45 -308 -66 -358 -349 -13 -198 -97 -223 -296 -303 251 -172 -92 -271 -190 -216 -84 0
214 -290 -51 -326 -151 -85 -190 -300 0
225 -71 -151 -288 -266 -185 0
351 -84 -164 -257 -349 -302 -284 -190 -13 -148 -223 -151 -288 -185 -296 -308 -241 -216 -51 -85 -66 -109 -306 -358 -352 -271 0
214 -327 -26 -185 -190 -288 -151 -85 -345 -299 -207 0
-119 -198 -296 -308 -216 -26 -185 -190 -172 -349 -257 -302 -13 -306 251 -92 -259 0
325 -152 -131 0
49 -155 -362 0
-152 -131 -326 0
215 -82 -308 -26 -185 -296 -288 -51 -362 -190 -284 0
242 -152 -362 -154 -181 -51 -306 -26 -298 -272 -185 -302 -349 -198 -257 -82 0
350 -87 -152 -70 -326 -198 0
-326 -152 -306 -298 -272 -349 -181 -70 -198 -20 -51 -362 -284 -190 -133 0
-152 -28 -302 -190 -284 -298 -45 -349 -78 -198 -181 -306 -272 -205 -70 -185 -362 -26 -51 -13 -232 -296 -308 -82 -241 -154 -257 0
-82 -108 -26 -185 -288 -302 -190 -284 -45 -349 -78 -198 -306 -272 -362 -51 -13 -296 -308 -257 -216 0
-326 -72 -109 -349 -85 -352 -216 -161 -284 -51 -11 -190 -327 -152 0
-152 -85 -190 -216 -349 -362 -352 -51 -109 -161 -284 -11 -151 0
-198 -92 -190 -257 -349 -302 -13 -185 -296 -308 -216 -306 -26 -172 -259 -250 -4 251 0
131 -308 -296 -233 -374 -284 -190 0
-51 -356 -82 -296 -308 -233 -185 -190 -26 -216 -50 -288 -362 -284 0
-152 -78 -172 -296 -233 -190 -216 -362 -82 -308 -185 -26 -284 -131 0
215 327 -131 -109 -369 -164 -133 -64 -308 -102 -243 -362 -26 -185 -296 -82 -190 -284 0
260 -259 -190 -302 -172 -349 -13 -185 -250 -4 0
241 -371 -165 -349 -363 -62 -215 0
84 287 -119 -223 -172 -13 -185 -349 -232 -358 -297 -65 -309 -165 -363 -215 0
354 -86 -298 -349 -197 0
295 -160 -172 -259 -250 -302 -349 -4 -62 -50 -327 -352 -298 -72 -215 -241 -309 0
-152 -298 -349 -166 -190 -172 -259 -250 -302 -4 -185 -13 -232 0
243 -198 -349 -71 -190 -300 -215 -83 0
216 -131 -326 -190 -166 -363 0
84 -71 -190 214 -13 -349 -232 -358 -297 -65 -309 0
351 -71 -190 214 -197 0
283 -259 -190 -349 -13 -172 -185 -250 -302 -4 0
152 -327 -132 0
-259 -190 -172 -13 -185 -349 -250 -302 -4 0
216 -164 -185 -190 -250 -4 0
51 -362 -155 0
215 -256 -307 -295 -185 -25 -190 -250 -4 0
216 49 -250 -185 -190 -4 0
14 -232 -134 -295 -375 -307 0
49 -326 -256 -307 -295 -349 -13 -190 -215 -250 -185 -4 -152 -302 0
214 -223 -172 -295 -349 -13 -352 -134 -375 -307 -190 -72 0
-326 -152 -185 -190 -4 -172 -349 -13 -250 -51 -302 0
297 350 -152 -172 -295 -349 -13 214 -307 -190 -185 0
354 -83 -185 -70 -152 -298 -349 -197 0
350 -120 -185 -256 -13 -353 -152 -349 -307 -295 -172 214 -190 0
-152 -51 -13 -349 -185 -172 -190 -250 -4 -302 0
216 -51 -250 -185 -190 -4 0
351 -71 -307 -13 -349 -295 -190 -83 -215 214 0
-198 -287 -185 -25 -51 -172 -349 -326 350 0
-51 -190 -13 -185 -172 -349 -302 -250 -4 0
353 -152 -307 -243 -125 -185 -295 -190 -327 0
242 287 -63 -223 -198 -172 -13 -77 -185 -295 -256 -307 -82 0
-152 -35 -107 -172 -65 -256 -125 -185 -223 -165 -349 -62 -363 -215 -243 -63 -198 -13 -295 -307 -110 -354 -190 -327 0
216 -190 -172 -185 -349 -13 -302 -250 -4 0
-243 -152 -185 -70 -298 -349 -198 -13 -232 -295 -307 -125 -190 -327 -241 0
-152 -198 -4 -250 -349 -172 -13 -190 -185 -302 0
152 -219 -13 -262 -295 -307 -349 -290 -190 214 -215 -133 -327 -185 0
-190 -302 -250 -172 -185 -13 -349 -4 0
216 -283 -250 -166 -4 0
82 -70 -172 -25 -77 -327 -340 -152 -198 -185 -354 -349 -101 0
355 -25 -185 -126 0
296 -83 -216 -198 -349 -130 -172 -152 -185 -307 -226 0
215 -283 -250 -166 -4 0
-83 -327 -302 -13 -154 -373 -283 -172 -130 -70 -185 -152 -198 -349 -241 -307 -226 -295 -216 0
83 -295 -185 -13 -198 -349 -172 -302 -152 -307 -250 -4 0
-295 -307 -185 -152 -302 -13 -172 -198 -349 -250 -4 0
84 -76 -13 -198 -232 -172 -283 -250 -4 -259 -185 -307 -349 -356 -241 0
242 -259 -250 -130 -4 -185 -152 -154 -307 -84 0
-307 -198 -152 -302 -250 -4 -13 -185 -172 -349 0
297 -289 -363 -65 -49 -256 -25 -126 -259 -226 -76 0
243 -83 -259 -295 -226 -247 -373 -133 -130 -185 -152 -198 -349 -172 0
326 -354 -373 -198 -133 -13 -130 0
228 -269 -8 -108 -279 -185 355 -1 0
Solved
