302 -463 -550 -547 -343 -514 -526 -400 -211 0
-463 -526 -550 -547 -343 -514 -400 -211 -301 0
401 -208 -265 -280 -220 -562 -253 -382 -70 -301 -511 -211 -526 -343 -313 -514 -550 -547 0
568 -280 -265 -220 -253 -562 -511 -301 -211 -343 -313 -514 -550 -547 -400 0
132 -240 -261 -335 -391 -265 -507 -536 -287 -208 -1 -220 -115 -168 -152 -434 -410 0
5 -532 -233 -410 -89 -316 -240 -157 0
239 -359 -256 -562 -87 -311 -415 -335 -508 -289 -371 -178 -230 -502 -525 -325 0
411 -5 -335 -240 -256 -562 -415 -508 -289 -178 -502 -325 -454 -82 -316 -168 -532 -233 0
513 -324 -319 -280 -415 -265 -508 -124 -331 -178 -502 -325 -233 -410 -335 -256 -562 -289 -454 -82 -157 -261 -391 -507 -536 -287 -208 -1 -220 -115 -434 -59 -384 -568 -466 0
240 -341 -415 -178 -121 -502 -508 -325 -59 0
-5 -418 -49 -115 -261 -335 -391 -265 -507 -536 -287 -208 -1 -220 -240 -168 -434 -410 -88 -256 -233 -562 -415 -508 -289 -178 -502 -325 -454 -82 -532 -384 -157 -4 0
238 -233 -410 -432 -532 -220 -287 -284 -562 -507 -157 -49 -115 -261 -335 -391 -265 -536 -208 -1 -240 -434 -256 -415 -508 -289 -178 -502 -325 -454 -82 -384 -59 0
409 -395 -261 -202 -485 -391 -524 -521 0
515 -415 -384 -256 -562 -508 -289 -178 -502 -325 -454 -82 -449 -61 -202 -391 -319 -124 -220 -49 -115 -265 -1 -121 -424 -568 -466 -511 -280 -331 -343 -313 -550 -400 -97 -173 -547 -465 0
410 -418 -415 -364 -508 -115 -178 -319 -454 -124 -49 -82 -316 -506 -157 -4 -336 -112 -167 -523 -234 0
238 -316 -202 -82 -391 -336 -157 -506 -115 -288 -220 -167 -435 -130 -234 -411 -415 -364 -508 -178 -319 -454 -124 -49 0
433 -442 -454 -86 -397 -53 -531 -56 0
266 -128 -173 -435 -454 -397 -22 -541 -225 -311 -167 -90 -234 -130 -411 -525 -486 -396 -331 -280 0
526 -173 -265 -280 -454 -541 -331 -379 -148 -319 -508 -124 -178 -502 -325 -202 -82 -391 -115 -220 -364 -49 -384 -343 -313 -550 -400 -97 -547 -449 -514 -256 -562 -289 -61 -1 -121 -424 -568 -511 -465 0
232 -335 -5 -331 -319 -507 -280 -148 -265 -20 -536 -324 -100 -202 -146 -454 -82 -541 -316 -61 -22 -532 -403 -410 -168 -89 0
303 -202 -454 -391 -124 -178 -502 -325 -331 -319 -280 -148 -265 -100 -82 -541 -61 -1 -220 -115 -256 -562 -508 -289 -49 -121 -424 -568 -511 -343 -313 -550 -400 -97 -547 -514 -211 -301 -379 -364 0
334 -435 -130 -383 -148 -457 -82 -454 -506 -157 -260 -5 0
-316 -404 -89 -202 -82 -391 -288 -157 -506 -115 -336 -220 -167 -435 -130 -234 -411 -364 -508 -178 -319 -454 -124 -49 -240 -60 -383 -317 0
505 -435 -130 -383 -89 -202 -82 -391 -288 -157 -506 -115 -336 -220 -167 -234 -411 -364 -508 -178 -319 -454 -124 -49 -60 -208 -5 0
239 -371 -167 -523 -60 0
-234 -232 -331 -280 -265 -5 -383 -202 -82 -391 -115 -220 -411 -364 -508 -178 -319 -124 -49 -148 -174 -464 -514 -97 -547 -400 -343 -550 -313 -454 0
435 -415 -280 -319 -265 -331 -507 -508 -178 -49 -502 -523 -325 -240 -90 -130 0
88 -22 -174 -562 -5 -202 -415 -335 -391 -508 -371 -520 -178 -502 -523 -325 -240 0
234 -5 -115 -391 -265 -1 -220 -49 -256 -562 -508 -289 -178 -502 -325 -454 -82 -174 -202 -280 -319 -331 -383 -450 -514 -97 -547 -411 -528 -400 -343 -550 -313 0
238 -22 -435 -115 410 -364 -508 -178 -319 -454 -124 -49 -82 -506 -157 -336 -234 -208 -220 -288 -285 -166 -562 -60 -5 0
58 -533 -511 -61 -568 -450 -383 0
9 -348 -120 -134 -20 -323 -469 -296 -128 0
416 -435 -454 -53 -86 -33 -120 -134 -323 -469 -296 -22 -537 -541 -104 -395 -379 -148 -225 -528 -319 -312 0
-5 -411 -528 -454 -469 -541 -104 -379 -148 -319 -508 -124 -178 -502 -325 -511 -61 -568 -450 -383 -115 -364 -49 -82 -220 -562 -174 -464 -343 -313 -514 -97 -550 -547 -400 -256 -331 -280 -265 -202 -391 -1 -289 0
524 -86 -256 -48 -486 -411 0
240 -234 -411 -256 -454 -82 -335 -316 -97 -158 -547 -124 -400 -313 -178 -550 -502 -343 -325 -58 0
409 -486 -256 -454 -174 -158 -124 -323 -178 -202 -550 -502 -391 -313 -521 -234 0
525 -234 -335 -343 -97 -550 -547 -400 -58 -411 -256 -454 -174 -158 -124 -178 -202 -502 -391 -313 -112 0
-234 -411 -256 -454 -174 -158 -124 -178 -202 -550 -502 -391 -313 -335 -343 -97 -547 -400 -58 -239 -82 -316 -325 0
-411 -280 -514 -220 -319 -265 -331 -508 -178 -49 -502 -325 -547 -528 -400 -343 -550 -313 -256 -454 -174 -124 -202 -391 -97 -82 -383 -562 -469 -541 -104 -379 -148 -511 -61 -568 -450 -115 -364 -464 -1 -289 0
524 -415 -319 -364 -508 -115 -178 -454 -124 -49 -82 -316 -507 -157 -335 -371 -240 0
84 -442 -397 -454 -229 0
571 -454 -82 -379 -319 -508 -124 -178 -502 -325 -364 -115 -49 -343 -313 -514 -97 -550 -547 -400 -220 -265 -331 -256 -391 -562 -469 -541 -511 -61 -1 -289 -211 -100 -424 -253 0
59 -370 -114 -240 -166 0
410 -114 -562 -157 -240 -316 -335 -343 -97 -550 -547 -400 -234 0
238 -435 -130 -114 -240 -370 -89 -60 0
-114 -316 -562 -157 -240 -335 -514 -97 -547 -400 -343 -550 -313 -234 -411 0
523 -486 -502 -124 -325 -178 -240 0
552 -411 -234 -400 -313 0
409 -485 -336 -506 239 -60 -234 0
239 -240 -60 -502 -124 -325 -178 -336 -506 -288 -220 -435 -234 -411 0
232 -370 -411 59 -240 -523 0
-370 238 -391 -506 -288 -336 -115 -157 -220 -82 -435 -234 -411 -364 -508 -178 -319 -454 -124 -49 -562 -265 -240 -60 0
131 -531 -435 0
233 -131 -411 -88 0
-240 -506 -547 -343 -514 -400 -211 -364 -508 -115 -178 -319 -454 -124 -49 -82 -550 -157 -336 -234 -435 -220 -288 -285 -562 -60 -22 -411 -391 -265 -502 -325 0
5 -382 -316 -562 -157 0
-383 -312 -154 -417 -73 -562 -528 -511 -61 58 -450 -533 0
383 -174 -454 -260 -82 -465 -316 -303 0
58 -533 -154 -417 -73 -528 -511 -61 -450 -562 -454 -260 -82 -465 -211 0
257 -531 -454 -229 -319 -395 -417 -435 -528 -82 -466 -86 -497 -134 -28 -305 -412 -141 -109 0
258 -312 -417 -528 -73 -154 -562 -436 -53 -478 -86 0
410 -22 -319 -349 -73 -134 -435 -220 -454 -417 -528 -82 -466 -28 -256 -154 -562 -506 -6 -336 -60 -511 -61 -450 -465 -211 -486 -114 -90 -525 -522 -234 0
261 -444 -454 -374 0
-411 -234 -1 -256 -562 -157 -82 -454 -265 -391 -115 -319 -349 -220 -511 -61 -211 -508 -124 -178 -502 -325 -547 -343 -514 -400 -364 -49 -550 -97 -313 0
524 -5 -335 -59 -166 -240 0
58 -54 -154 -87 -256 -534 -478 -61 -562 -449 -383 0
563 -5 -335 -256 -562 411 -508 -289 -178 -502 -325 -454 -82 -168 -240 -316 -233 -154 -527 -54 -73 -87 -436 -478 0
-5 -240 -335 -256 -562 -508 -289 -178 -502 -325 -454 -82 411 -233 -527 -511 -466 -73 -507 -383 -166 -59 -61 -449 -557 -88 -124 0
-240 -383 -466 -527 -319 -364 -508 -115 -178 -454 -124 -49 -82 -507 -157 -335 -166 -511 -59 -284 -562 -256 -289 -502 -325 411 -233 -73 -61 -449 -557 -88 0
-383 -464 -265 -507 -335 -166 -434 -211 -562 -449 -88 -59 -466 -527 -319 -364 -508 -115 -178 -454 -124 -49 -82 -157 -511 -284 -256 -289 -502 -325 411 -233 -73 -61 -557 0
397 -375 -391 -100 -536 -444 0
-240 -28 -498 -454 -522 -256 -82 -502 -480 -231 -124 -325 -178 -525 -335 -59 -166 -5 -238 0
-234 -157 -178 -502 -325 -454 -256 -82 -391 -100 -265 -220 -562 -349 -211 -319 -364 -508 -115 -49 -124 -511 -289 -61 -343 -313 -514 -97 -550 -547 -400 -1 0
4 -240 -391 -520 -502 -265 -523 -325 -507 -335 -454 0
239 -486 -17 -544 -289 -259 -265 -496 -454 -507 -86 -457 -110 -124 -520 -178 -502 -325 -114 0
525 -86 -259 -454 -82 -434 -317 -370 -130 -383 -90 -59 -240 -17 -544 -289 -265 -496 -507 -457 -110 -124 -520 -178 -502 -325 -479 0
-5 -240 -90 -434 -130 -335 -59 -523 -454 -82 -544 -289 -265 -507 -457 -124 -520 -178 -502 -325 -256 -46 -562 -157 -4 0
-240 -434 -220 -130 -287 -90 -507 -335 -59 -523 -454 -82 -544 -289 -265 -457 -124 -520 -178 -502 -325 -256 -46 -562 -157 -391 0
-157 -124 -178 -502 -325 -220 -454 -82 -544 -289 -265 -256 -562 -391 -514 -97 -547 -400 -343 -550 -313 -100 -349 -211 -319 -364 -508 -115 -49 -511 -61 -1 0
552 -298 -313 0
-298 -313 -550 0
524 -576 -547 -402 -130 -88 -233 -240 -335 -59 -5 0
238 -523 -507 -256 -547 -240 -335 -59 -5 -454 -82 -313 -550 -343 -562 0
-523 -59 -82 -454 -256 -220 -240 -507 -335 -289 -265 -124 -178 -502 -325 -562 -391 -313 -550 -547 -5 -343 0
6 -229 -82 -256 -454 -478 -372 -261 -562 -335 0
-59 -124 -100 -454 -82 -240 -256 -502 -391 -325 -178 -335 -5 -562 -508 -289 -511 -507 -61 -343 -313 -550 -547 -265 -97 -49 -220 0
575 -124 -178 0
506 -401 -575 -547 -265 0
524 -401 -502 -178 -124 -484 -112 0
-124 -5 -178 -240 -507 -547 -265 -313 -335 -550 -502 -343 -100 -454 -82 -256 -391 -325 -562 -508 -289 -511 -61 -97 -49 -220 0
485 -59 -325 -240 -502 -178 -574 -82 -454 -562 -335 -157 -5 -507 0
-523 -525 -240 -507 -256 -547 -335 -59 -5 -454 -82 -313 -550 -343 -562 0
-59 -574 -82 -454 -547 -289 -507 -178 -5 -502 -256 -562 -335 -325 -240 -313 -550 -343 -484 0
524 -401 -391 -100 -502 -265 -178 -574 -454 -259 -49 -484 -112 0
-5 -507 -240 -391 -100 -502 -265 -178 -49 -313 -335 -550 -343 -82 -547 -289 -454 -256 -562 -325 -508 -511 -61 -97 -220 0
-124 -411 -521 -402 -502 -178 -125 0
576 -537 -379 -88 -319 -233 -402 -538 -168 -411 -177 -521 -219 -508 -502 -265 -178 0
485 -402 -454 -100 -265 -379 -88 -319 -233 -168 -177 -219 -508 -502 -178 -112 -523 -49 0
409 -261 -454 -126 -433 -436 -178 -130 -139 -502 -88 -256 -522 -402 -233 -48 0
60 -177 -88 -454 -178 -139 -502 -256 -48 -37 -480 -112 -418 -523 -49 -484 -100 -265 -379 -319 -508 -313 -220 -550 -286 -343 0
400 -124 -411 -402 -502 -178 0
456 -140 -256 -231 -85 -82 0
550 -430 -220 -208 -152 -404 -539 -175 -599 -219 0
379 -49 -536 -492 0
113 -168 -582 -599 -551 -587 -539 -219 -548 -532 -159 -514 -379 -318 -383 -93 -130 -436 -174 -326 -90 -370 -324 -240 0
298 -168 -436 -370 -93 -130 -59 -383 -318 -9 -159 -24 0
-325 -319 -393 -486 -17 239 -259 -265 -496 -454 -507 -86 -457 -110 -124 -520 -178 -502 -114 -443 -394 -20 -591 -119 -379 -347 -595 -134 -326 0
-550 -211 -383 -17 -130 -20 -463 -119 -514 -347 -393 -486 239 -259 -265 -496 -454 -507 -86 -457 -110 -124 -520 -178 -502 -114 -443 -394 -591 -379 -326 -78 -155 -359 -587 -532 -548 -318 -9 -97 -159 -24 -582 -599 -298 -551 0
167 -435 -436 -93 -370 0
-435 -597 -211 -471 -9 -463 -514 -130 -383 -59 -168 -436 -93 -370 0
-325 -273 -264 -17 -359 -24 -486 239 -259 -265 -496 -454 -507 -86 -457 -110 -124 -520 -178 -502 -114 -155 -9 -224 -514 -130 -56 -211 -471 -463 -383 -168 -436 -93 -370 -326 0
-435 -24 -9 -264 -273 -130 -321 -379 -168 -211 -471 -463 -514 -383 -59 -436 -93 -370 0
234 -591 -393 -454 84 -290 -514 -130 -379 -383 -436 -93 -370 -17 -359 -486 -259 -265 -496 -507 -86 -457 -110 -124 -520 -178 -502 -114 -224 -326 -587 -548 -193 -97 -599 -219 -108 -119 -443 -394 -532 -159 -551 -296 -54 -174 -324 -240 -539 0
-131 -59 -130 -379 -514 -383 -435 -436 -93 -370 -587 -599 -219 -548 -17 -119 -393 -486 -259 -265 -496 -454 -507 -86 -457 -110 -124 -520 -178 -502 -114 -443 -394 -591 -326 -359 -532 -318 -97 -159 -582 -551 -296 -174 -324 -240 -54 -411 233 0
552 -469 -587 -548 -9 -97 -24 -582 -411 -400 -234 0
550 -177 -159 -314 -219 0
-59 -435 -326 -159 -599 -587 -548 -97 -582 -411 -400 -234 -551 -219 -379 -394 -296 -536 -443 -174 -324 -231 -114 -140 -370 -436 -93 -276 -130 -514 -383 -17 -119 -393 -486 -259 -265 -496 -454 -507 -86 -457 -110 -124 -520 -178 -502 -591 -359 -532 -318 -240 -54 233 0
-435 -587 -114 -130 -370 -326 -159 -599 -240 -548 -97 -582 -411 -400 -234 -551 -219 -379 -394 -296 -536 -443 -174 -324 -231 -140 -436 -93 -276 -514 -383 -17 -119 -393 -486 -259 -265 -496 -454 -507 -86 -457 -110 -124 -520 -178 -502 -591 -359 -532 -318 -54 233 0
238 -408 -93 -290 -436 -276 -557 -370 -403 -326 -114 -89 0
60 -296 -17 -174 -324 -114 -240 -93 -290 -436 -276 -557 -370 -326 -89 -539 -159 -314 -219 -582 -532 -318 -449 -383 0
552 -519 -394 -220 -321 -287 -582 -599 -344 -411 -400 -234 0
6 -93 -539 -290 -436 -370 -326 -114 -159 -551 -394 -599 -411 -400 -240 -17 -174 -532 -514 -130 -548 -97 -379 -536 -443 -231 -140 -119 -393 -486 -259 -265 -496 -454 -86 -457 -110 -124 -520 -178 -502 -54 -232 84 -224 -193 -108 -562 -505 0
455 -82 -49 -536 -454 -265 -114 -505 -240 -539 -326 -551 -394 -411 -400 -532 -514 -548 -379 -231 -119 -393 -486 -259 -457 -124 -520 -178 -502 -232 -224 -108 -480 -111 -46 -335 -256 -85 -130 0
434 -329 -358 -419 -562 -53 -382 -89 -130 0
438 -370 -53 -108 -97 -317 -335 -158 -6 -240 -114 -130 -92 0
17 -473 -546 -349 0
132 -383 -108 -551 -275 -514 -435 -240 -114 -370 -305 -18 -457 -453 -150 -207 -289 -497 -335 -6 -532 -158 -317 -414 0
238 -166 -232 -89 -114 -130 -240 -435 -370 0
-383 -563 -317 -158 -6 -240 -232 -114 -130 -435 -370 -108 -551 -275 -514 -305 -18 -457 -453 -150 -207 -289 -497 -335 -532 -414 0
433 -23 -403 -263 -305 -59 -167 0
239 -59 -305 -224 -96 -435 -218 -551 -108 -173 -370 -97 -323 -53 -563 -335 -158 -114 -90 -6 0
-370 -586 -173 -510 -323 -119 -53 -397 -394 -393 -444 -457 -453 -289 -497 -335 -18 -305 -326 -114 -240 -224 -218 -551 -108 -97 -158 -6 -130 -317 -232 -275 -514 -532 -414 -480 -92 -437 0
434 -166 -232 -411 -88 0
-82 -394 -130 -411 -240 -114 -510 -119 -232 -393 -457 -335 -326 -224 -551 -108 -514 -532 -414 -480 -548 -265 -46 -505 -256 -231 -259 -85 -454 -49 -536 -539 -400 -379 -486 -124 -520 -178 -502 -111 0
436 -480 -256 -140 0
-166 -496 -290 -140 -539 -256 -85 -454 -259 -436 -370 -435 -232 -114 -130 -240 238 -411 0
304 -298 -551 -175 -404 -430 -152 -220 -539 -265 -505 -256 -140 0
291 -466 -298 -24 -263 -323 -337 -265 -454 -444 -259 -85 -148 -496 -205 0
550 -97 -580 -315 -108 0
299 -115 -1 -580 -457 -97 -148 -108 -17 -496 -256 -414 -85 -111 -454 -259 -444 -252 -219 -337 -175 -263 -466 -24 0
87 -407 -263 -175 -337 -157 -454 -444 -259 -46 -256 0
405 -24 -259 -454 -85 -175 -337 -444 -46 -256 -74 -108 -97 -580 -7 -315 -323 -300 -1 -457 -148 -496 -414 -111 -252 -219 -306 -274 -152 0
-24 -148 -220 -430 -586 -562 -4 -580 -315 -175 -300 -7 -539 -152 -404 -259 -454 -85 -337 -444 -46 -256 -74 -108 -97 -323 -1 -457 -597 -496 -414 -111 -252 -219 -306 -274 0
8 -323 -265 -505 -379 -4 -597 -562 -586 -510 -33 0
159 -528 -172 -597 -259 -510 -471 -310 -454 -444 -586 -265 -562 -505 -284 -4 0
23 -404 -274 -539 -175 -597 -259 -510 -471 -310 -454 -444 -586 -265 -562 -505 -4 -74 -108 -97 -580 -315 -300 -297 0
238 -435 -539 -259 -454 -85 -46 -256 -108 -457 -414 -111 -274 -379 -510 -265 -505 -551 -536 -398 -548 -232 -514 -411 -130 -580 -290 -140 -370 -114 -240 -480 -335 -326 0
300 -97 -580 -551 -108 0
276 -9 -24 -435 -130 -273 -379 -211 -463 -514 -383 -59 -436 -370 -587 -548 -175 -290 -262 -530 -591 -337 -259 -398 -375 -536 -444 -393 -203 0
264 -20 -467 -153 -140 -256 -85 -454 -259 -444 -337 0
260 -305 -59 -140 -383 -256 -349 -85 -444 -454 -375 0
6 -262 -59 -370 -259 -140 -256 -85 -444 -454 -175 -435 -467 -403 -274 -24 -130 -379 -514 -548 -290 -398 -536 -393 -7 -322 -480 -295 -265 -562 -505 0
-24 -175 -89 -130 -435 -85 -108 -532 -256 -370 -259 -97 -316 -46 -335 -5 -59 -140 -444 -454 -419 -274 -379 -514 -548 -290 -398 -536 -393 -322 -480 -265 -562 -505 -300 -23 0
261 -297 -562 -322 -5 -265 -335 -454 -444 0
4 -405 -130 -89 -435 -274 -92 -436 -264 -370 -175 -335 -158 0
-175 -562 -523 -435 -232 -130 -274 -322 -265 -505 -370 -335 -46 -256 -85 -454 -259 239 -444 -108 -532 -97 -316 -140 -379 -514 -548 -290 -398 -536 -393 -480 -300 -23 0
260 -562 -419 -435 -89 -130 -59 -436 -166 -108 -370 -97 -335 -5 -157 -46 -256 -85 -454 0
-562 -444 -23 -335 -322 -265 -454 -300 -259 -435 -130 -108 -370 -97 -46 -256 -85 -523 -232 -274 -505 239 -532 -316 -140 -379 -514 -548 -290 -398 -536 -393 -480 0
562 -23 -59 -89 -274 -130 -435 -259 -454 -322 -370 -140 -85 -46 -265 -256 -505 -480 -5 0
-23 -300 -435 -130 -274 -322 -265 -505 -480 -46 -335 -370 -256 -259 -85 -454 -398 -108 -97 -523 -232 239 -532 -316 -140 -379 -514 -548 -290 -536 -393 0
261 -562 -157 -175 -407 -263 -454 -444 -259 -46 -256 -85 -480 -322 -5 -265 -335 0
-562 -444 -316 -284 -157 -224 -46 -256 -52 -85 -435 -454 -419 -89 -130 -59 -436 -108 -370 -97 -335 -5 -259 -175 -407 -263 -532 -480 -322 -265 0
562 -157 -256 -46 -480 -5 0
-97 -435 -130 -370 -259 -454 -398 -316 -224 -46 -256 -85 -108 -335 -532 -480 -322 -265 -539 -274 -580 -411 -400 -551 -505 -523 -232 239 -140 -379 -514 -548 -290 -536 -393 0
-435 -370 -514 -259 -548 -335 -130 -454 -398 -316 -224 -46 -256 -85 -108 -532 -480 -265 -539 -274 -580 -411 -400 -551 -505 -523 -232 -140 -379 -290 -536 -393 -114 -240 -457 -414 -111 -510 -326 0
159 -5 -173 -457 -580 -148 -153 -18 -205 -449 -304 -290 -497 -418 -114 -532 -168 -335 -240 -316 -175 -464 0
177 -296 -23 -383 -140 260 -256 -59 -85 -444 -454 -375 -404 -264 -539 -407 0
-5 -175 -168 -153 -383 -140 260 -256 -85 -444 -454 -539 -274 -259 -114 -240 -326 -557 -290 -480 -265 -580 -551 -108 -562 -505 -335 -158 -457 -148 -205 -449 -418 -532 -316 -464 0
238 -497 -290 -335 -557 -370 -326 -114 0
260 -562 -370 -168 -153 -383 -140 -256 -85 -444 -454 -539 -274 -259 -114 -240 -326 -557 -290 -480 -265 -580 -551 -108 -335 -505 -457 -449 -418 -532 -316 -464 -46 -93 0
158 -59 -580 -449 -532 -383 -551 -316 -300 0
-322 -59 -449 -153 -580 -467 -17 -200 -486 -289 -259 -265 -325 -454 -457 -110 -124 -520 -178 -502 -114 -464 -240 -264 -33 -23 -7 -444 261 -5 -335 -562 0
-59 -175 -264 -539 -153 -89 -274 -240 -114 -449 -580 -17 -200 -486 -289 -259 -265 -325 -454 -457 -110 -124 -520 -178 -502 -464 -33 -7 -444 261 -5 -335 -562 -300 -532 -383 -551 -316 0
59 -287 -220 -430 -599 -551 -159 -219 -539 -153 -274 -203 -324 -232 -114 -89 -240 0
-562 -153 -539 -89 -274 -240 -114 -449 -580 -486 -259 -265 -454 -457 -124 -520 -178 -502 -464 -33 -7 -444 -335 -532 -383 -551 -316 -220 -430 -232 -557 -290 -480 -256 -393 -505 -85 -108 -370 -168 -140 -326 -418 -46 -93 0
-370 -290 -240 -335 -326 -114 -85 -256 -480 -539 -274 -580 -486 -259 -265 -454 -457 -124 -520 -178 -502 -532 -551 -316 -232 -393 -505 -108 -140 -46 -398 -514 -130 -548 -224 -411 -400 -523 -379 -536 -414 -111 -510 0
60 -300 -88 -539 -158 -232 -175 -304 -166 0
525 -240 -232 -539 -393 -551 -108 -548 -265 -454 -411 -335 -114 -326 -256 -457 -124 -520 -178 -502 -532 -46 -514 -130 -224 -400 -523 -536 -111 -510 -119 -492 -485 0
-240 -335 -523 -232 -539 -393 -551 -108 -548 -265 -454 -411 -114 -326 -256 -457 -124 -520 -178 -502 -532 -46 -514 -130 -224 -400 -536 -111 -510 -119 -492 -485 0
4 -85 -304 -119 -256 -133 -420 -556 -382 -514 -130 -479 -90 -232 -175 -166 -454 -370 -259 -335 0
261 -506 -265 -485 -454 -444 0
167 -379 -595 -288 -536 -343 -399 -551 -531 -218 -435 -175 0
168 -154 -556 -435 -514 -92 -53 -436 -411 -131 -370 -232 0
167 -531 -536 -343 -551 -595 -435 -175 -265 -492 -506 -230 -420 -141 -436 -370 0
-85 -562 -133 -322 -119 -265 -420 -548 -514 -370 -556 -411 -232 -166 -536 -343 -551 -595 -175 -492 -230 -256 -454 -259 -485 -444 -130 -479 -382 -457 -6 -304 -90 -335 0
506 -437 -435 -92 -230 -130 -256 -444 -46 -374 -158 -265 -6 0
168 -435 -92 -479 -514 -562 -548 -6 -507 -230 -130 -256 -444 -46 -374 -265 -370 -175 0
-435 -562 -536 -343 -551 -595 -175 -265 -492 -230 -420 -370 -130 -479 -382 -304 -149 -6 -92 -335 -166 -514 -548 -507 -256 -444 -46 -374 0
-562 -175 -335 -370 -382 -166 -130 -536 -343 -551 -595 -6 -265 -492 -230 -420 -479 -304 -514 -548 -256 -444 -46 -457 -259 -485 -133 -322 -119 -556 -411 -232 -454 -90 0
562 -444 -448 -514 -230 -548 -485 -413 -454 -111 -46 -259 -256 -265 -532 -479 -6 0
552 -505 -435 -92 -230 -130 -256 -444 -46 -374 -437 -265 -6 -217 -411 -400 -234 0
4 -435 -230 -130 -256 -444 -46 -265 -6 -548 -108 -551 -217 -411 -400 -232 -166 -370 -259 -335 0
505 -435 -92 -514 -436 -548 -141 0
-435 -217 -556 -514 -411 -370 -232 -166 -335 -108 -551 -532 -548 -256 524 -265 -454 -382 -46 -259 -562 -485 -444 -157 -6 -130 -400 0
-444 -259 -335 -370 -382 -166 -130 -556 -514 -411 -232 -108 -551 -532 -548 -256 524 -265 -454 -46 -6 -485 -400 -536 -343 -595 -492 -420 -304 -457 -133 -322 -119 -90 -448 -111 0
-259 -166 -370 -382 -514 -532 -448 -551 -108 -322 -265 -111 -256 -6 524 -411 -485 -335 -454 -130 -556 -232 -548 -46 -400 -536 -343 -595 -492 -420 -304 -457 -133 -119 -90 0
564 -158 -532 -99 -108 -156 -119 -52 -87 -498 -291 -177 -539 -403 -151 -133 -304 -420 -139 -91 -529 -437 -130 -479 -382 0
5 -498 -230 -87 -256 -479 -532 -99 -108 -119 -52 -177 -539 -403 -133 -304 -420 -91 -437 -130 -382 -556 -435 -514 -548 -507 0
258 -349 -452 -20 -149 -382 -52 -130 -87 -498 -435 -397 -289 -91 -230 -437 -256 -140 0
-159 -234 -400 -411 -551 -219 -177 -314 -157 0
-92 506 -435 -261 -230 -130 -256 -444 -46 -158 -437 -265 -6 -93 0
478 -151 -300 -315 -149 -324 -234 -206 -113 -89 -407 -238 -263 -525 -338 0
506 -407 -113 -562 -480 -300 -238 -263 -130 -444 -167 -435 -261 -230 -256 -46 -158 -437 -265 -6 -93 -551 -218 -141 0
139 -148 -323 -263 -113 -407 -18 -238 -205 -523 -289 -230 0
317 -58 -418 -450 -238 -558 -310 -523 -289 -358 -230 -532 -84 0
166 -532 -407 -487 -263 -562 -358 434 -53 -130 -305 -238 -84 -318 -450 -558 -523 -289 -230 0
382 -156 -358 -418 -532 -450 -238 -558 -523 -289 -230 -84 -318 -60 0
91 -581 -300 -551 -263 -358 -562 -238 -230 -318 -167 -407 -487 -130 -141 -323 -113 -18 -498 -410 -87 -514 -486 -454 -435 -261 0
525 -149 -206 -458 -290 -410 -230 0
176 -454 -130 -238 -480 -410 -113 -230 -498 -87 -167 -435 -261 -93 -300 -551 -318 -141 -18 -514 -562 -285 -99 -548 -265 -505 -444 -256 -46 -158 -437 -6 0
260 -382 -562 -60 -285 -551 -435 -437 -230 -130 -256 -444 -46 -217 -505 -265 -6 -410 -234 -99 -514 -548 -158 -93 0
485 -523 -206 -149 -410 -230 -498 -87 0
384 -206 -406 -382 -149 -130 -498 -435 258 -91 -230 -437 -256 -262 -444 -113 -373 -238 -265 -505 -484 -410 -480 -562 0
-382 -406 -230 -265 -505 -410 -498 -130 -444 -435 258 -437 -256 -262 -113 -238 -480 -562 -93 -261 -60 -285 -551 -46 -217 -6 -234 -99 -514 -548 -158 0
507 -83 -300 -454 -551 -99 -87 -217 -548 -485 -265 0
-454 -261 -444 -265 -435 -230 -130 -256 -46 -158 -437 -6 -93 -505 -300 -551 -99 -548 -113 -238 -318 -410 -498 258 -480 -562 -285 -514 -167 -177 0
-436 -6 -265 -435 -505 -230 -130 -256 -444 -46 -158 -437 -514 -300 -551 -548 -238 -318 -410 258 -480 -562 -285 -177 -334 -370 0
433 -22 -218 -411 -400 -551 -300 -177 -7 -96 0
168 -315 -435 -437 -230 -130 -256 -444 -46 -92 -505 -265 -6 -411 -374 -400 -551 -262 -177 -305 -232 -59 0
98 -167 -305 -59 -18 -435 -437 -230 -130 -256 -444 -46 -92 -505 -265 -6 -411 -374 -400 -551 -262 -177 -232 -62 -532 -360 -285 0
259 -207 -177 -289 -218 -551 -334 -97 -305 -59 -18 -435 -437 -230 -130 -256 -444 -46 -92 -505 -265 -6 -411 -374 -400 -232 -532 -360 -285 -302 -575 -514 -300 -96 -87 -338 -297 -486 -174 0
434 -543 -323 239 -435 -218 -551 -305 -173 -370 -97 -53 -563 -335 -158 -114 -6 -73 -382 -562 -358 -130 0
62 -173 -323 239 -435 -218 -551 -305 -73 -370 -97 -53 -563 -335 -158 -114 -6 -167 -382 -562 -358 -130 -487 0
-92 239 -323 -435 -218 -551 -305 -370 -97 -563 -158 -114 -6 -73 -382 -562 -130 -18 -437 -230 -256 -444 -46 -505 -265 -374 -400 -177 -232 -532 -285 -87 -486 -334 -289 -575 -514 -300 -338 -91 0
-167 -260 -444 -265 -435 -230 -130 -256 -46 -158 -437 -6 -93 -505 -300 -551 -548 -238 -318 -410 258 -480 -562 -285 -514 -177 -334 239 -523 -166 0
-382 -300 -551 -177 -444 -265 -435 -230 -130 -256 -46 -158 -437 -6 -505 -548 -238 -318 -410 258 -480 -562 -285 -514 -334 -370 0
168 -524 -238 -370 -58 0
166 -305 -58 -83 -238 -230 -524 -410 -130 -435 -177 0
-6 -548 -370 -230 -130 -435 -444 -265 -256 -46 -158 -437 -505 -551 -480 -514 -5 0
-562 -59 -5 -265 -335 -259 -375 -399 -130 -304 -113 -435 -444 -240 -525 -480 -564 0
479 -93 -435 -130 -259 -485 -46 -525 -256 0
433 -400 -291 -576 -496 -551 -159 -219 -264 -485 -232 -175 -259 -167 -93 0
-411 -18 -256 524 -324 -259 -375 -444 -399 -383 -514 -130 -93 -435 -291 -576 -496 -551 -159 -219 -264 -485 -175 -167 -522 59 -240 -370 -523 0
6 -437 -256 -130 -46 -444 -514 -551 -370 -5 -265 -480 -230 -435 -505 -158 0
259 -403 -23 -582 -323 -98 -106 -562 -238 -230 -178 -480 -523 -124 -437 -486 -374 -92 0
434 -450 -238 -532 -523 -318 -230 -582 -98 -454 -334 -261 -23 -323 -106 -562 -178 -480 -124 -437 -486 -374 233 -411 -130 0
-92 -261 -23 -582 -323 -98 -106 -562 -238 -230 -178 -480 -523 -124 -437 -486 -374 -454 233 -411 -83 168 -370 -91 0
-437 -230 -480 -370 -435 -130 -551 -444 -256 -265 -46 -514 -505 -158 -5 0
525 -148 -205 -152 -558 -430 -220 -436 -435 -514 -130 -168 -93 -370 -384 -465 -562 -174 -5 -158 -549 -486 -265 -46 -505 -256 -114 -140 -238 -230 0
261 -238 -140 -256 -411 -46 -158 -5 -230 -523 -436 -435 -514 -130 -168 -370 -562 -265 -505 -114 -92 0
-238 -259 -130 -514 -435 -256 -444 -140 -230 -265 -523 -114 -562 -505 -158 -5 -336 -551 -411 -46 -436 -168 -370 -92 0
260 -457 -92 -175 -17 -219 -54 -551 -383 -88 -130 -548 -435 -514 -397 -394 -289 -576 -444 -498 -296 -456 -375 -336 -172 0
176 -533 -310 -404 -148 -411 -205 -582 -599 -400 -298 -551 -430 -152 -220 -208 -175 -219 -264 0
206 -264 -349 -152 -17 -306 -565 -457 -19 -408 -148 0
-454 -521 -411 -400 -110 -551 -501 -17 -457 -19 -148 -205 -349 -152 -306 -565 -175 -310 -404 -599 -298 -430 -220 -208 -219 -316 -82 -337 -456 261 -444 0
-259 -411 -444 -551 -337 -514 -130 -435 -168 -92 -370 -436 -336 -256 -140 -230 -265 -523 -562 -505 -158 -114 -5 -46 0
485 -230 -140 -523 -505 0
166 -382 -130 -435 -60 0
-382 -297 -562 -130 -273 -530 -264 -435 -177 -168 -60 0
-411 -168 -435 -514 -562 -130 -230 -140 -256 -46 -158 -5 -444 -337 -114 -265 -523 -505 -92 -551 -370 -436 -336 0
-230 -46 -130 -514 -256 -435 -158 -5 -444 -265 -505 -551 -370 -480 0
4 -337 -207 -290 -265 -505 -486 -256 -261 -176 -46 -336 -158 0
384 -573 -173 -321 -150 -514 -296 -548 -282 -587 -254 -233 -411 -350 -316 -130 -59 0
148 -8 -296 -264 -273 -408 -321 -207 0
132 -276 -256 -83 -85 -333 -551 -496 -282 -408 -290 -573 -321 -207 -150 -296 -264 -273 -233 -94 -89 0
149 -400 -576 -535 -455 -102 -256 -140 -231 -85 -342 -276 -282 -408 -573 -207 0
239 -311 -408 -321 -207 -296 -264 -150 -576 -455 -256 -140 -231 -85 -282 -233 -398 -411 -435 -130 -83 -333 -551 -496 -290 -94 -350 -59 -383 -173 -514 -548 -587 -316 -591 -392 -202 -324 -114 0
433 -92 -551 -130 -435 -514 -444 -114 -240 -256 -411 -486 -265 -562 -505 -158 -5 -46 -480 -370 0
207 -149 -92 0
-149 -206 -92 0
4 -498 -256 -486 -261 -46 -336 -158 0
205 -320 -551 -264 -256 -444 -458 -384 -486 -265 -562 -505 -5 -46 -158 -370 -436 -290 -92 0
86 -177 -167 -551 -370 -400 -265 -334 -576 -496 -456 0
383 -259 -444 -505 -265 -486 -167 -551 -370 -576 -496 -83 -411 -256 -46 -158 -5 -562 0
87 -455 -546 -505 -265 -349 -576 -444 -453 -256 0
260 -546 -430 -220 -518 -152 -320 -394 -349 -444 -453 -265 -505 -5 -140 -496 -256 -85 -576 0
455 261 -301 -572 -589 -265 -444 -465 -485 0
-485 -58 -450 -453 -411 -505 -140 -46 -265 -349 -316 -256 -576 -444 -83 -301 -572 -589 -465 -259 -430 -220 -518 -152 -320 -5 -496 -458 -486 0
-206 -264 -444 -265 -505 -450 -411 -140 -46 -256 -83 -465 -430 -220 -152 -5 -486 -384 -167 -551 -370 -158 -562 -290 -92 -576 -436 0
319 -510 -240 -259 -370 -398 -414 -46 -256 -454 -457 -85 -435 -274 -90 -265 -505 -551 -111 -548 -232 -514 -411 -130 -580 -290 -140 -114 -480 -335 -326 -400 -298 -219 -175 -407 -264 -273 0
-496 -454 -324 -240 260 -114 -256 -85 -444 -375 -264 -321 -259 -370 -414 -46 -457 -435 -90 -265 -505 -551 -548 -514 -411 -130 -480 -400 -219 -407 -586 -562 -158 -5 -558 -384 -486 -167 -576 0
-454 260 -256 -85 -444 -375 -92 -324 -114 -240 -158 -370 -5 -264 -321 -259 -414 -46 -457 -435 -265 -505 -551 -548 -514 -411 -130 -480 -219 -562 -486 0
257 -58 -324 -240 -173 -114 -273 -264 -407 -562 -176 -5 -158 -46 -18 0
262 -176 -407 0
382 -598 -321 -256 -324 -240 -173 -114 -264 -407 -562 -176 -5 -158 -46 -350 0
260 -259 -5 -158 -562 -444 -505 -265 -486 -551 -370 -411 -256 -46 -324 -240 -114 -264 -219 -85 -375 -92 -414 -457 -435 -548 -514 -130 -480 -394 0
239 -168 -321 -264 -130 -471 -435 -514 -383 -436 -370 -537 -49 -444 261 -5 -265 -335 -454 -562 -324 -418 -114 0
177 -335 -287 -220 -298 -152 -264 206 -17 -457 -148 -465 -324 -114 -131 -411 -240 -130 -471 -435 -514 -383 -436 -370 -537 -49 -444 261 -5 -265 -551 -454 -562 -418 0
-335 -454 261 -5 -265 -444 -562 -7 -537 -599 -400 -298 -551 -264 -219 -175 -287 -220 -152 206 -17 -457 -148 -465 -324 -114 -131 -411 -240 -130 -471 -435 -514 -383 -436 -370 -49 -418 0
176 -4 -505 -562 -265 -586 -510 -33 -174 -296 -7 -321 -537 -599 -400 -298 -551 -264 -219 0
172 -471 -537 -418 -435 -321 -264 -130 -49 -168 -514 -383 -436 -93 -370 -240 -114 -324 -296 0
-454 -287 -551 -220 -152 -435 -130 -370 -114 -240 -264 206 -457 -148 -465 -324 -537 -418 -49 -514 -436 -505 -562 -265 -586 -33 -7 -400 -219 261 -5 -444 -131 -411 -158 -46 -256 -85 0
382 -598 -184 -450 -7 -321 -21 -324 -350 -256 -240 -114 -264 -407 -562 -176 -5 -158 -46 0
267 -264 -158 -444 -505 -265 -486 -551 -411 -256 -46 -5 -562 -240 -114 -370 -435 -130 -514 -92 -414 -480 0
-335 -22 -7 -130 4 -92 -435 -175 -436 -264 -370 -89 -158 -83 -454 -174 -261 0
-58 -321 -330 -124 -149 -486 -92 -261 -7 -130 4 -435 -436 -264 -370 -89 -158 -83 -454 -174 -21 -18 -304 -167 -524 -59 0
58 -454 -261 -83 -92 -318 -436 -384 -167 -523 239 0
-264 -92 -130 -435 -370 -158 -523 -411 -256 -46 -444 -5 -505 -265 -551 -562 -514 -480 0
6 -175 -5 -130 -435 -454 -59 -256 -370 -335 -562 -316 -46 -259 -85 -532 -274 -24 -514 -480 -265 -324 -505 -444 -173 -240 -414 -457 -539 -551 -111 -232 -411 -580 -114 -537 -400 -558 -374 -218 -549 -497 -158 0
-175 -19 -92 -324 -497 -370 -114 -335 -240 -5 -130 -435 -454 -59 -256 -562 -316 -46 -259 -85 -532 -274 -24 -514 -480 -265 -505 -444 -173 -414 -457 -551 -111 -232 -411 -580 -537 -400 -558 -374 -549 -158 -408 -177 0
-259 -324 -92 -261 -523 -411 -158 -454 -370 -335 -5 -130 -435 -256 -562 -46 -514 -480 -265 -505 -444 -551 0
259 -335 -436 -370 -92 0
-335 -261 -92 -370 -411 -158 -46 -5 -256 -505 -265 -454 -551 -523 -130 -435 -562 -514 -480 -444 0
-261 -321 -551 -256 -46 -158 -265 -5 -505 -92 -370 -411 -454 -523 -130 -435 -562 -514 -480 -444 0
261 -454 -486 -480 -505 -339 -265 -256 -444 0
-454 -92 -46 -158 -265 -5 -444 -505 -256 -370 -551 -411 -523 -130 -435 -562 -514 -480 0
-92 -523 -370 -158 -551 -505 -265 -444 -46 -5 -256 -411 -562 -130 -435 -514 -480 0
261 -454 -435 -382 -398 -562 -444 -335 -5 -265 -322 -130 0
22 -349 -444 -398 -382 -529 -562 -296 0
264 -467 -151 -300 -304 -22 0
176 -408 -264 0
259 -177 -151 -304 -444 -398 -382 -529 -562 -206 -149 -411 -256 -322 -46 -265 -158 -505 -5 -486 -335 0
-523 -411 -551 -130 -265 -562 -505 -158 -5 -435 -444 -256 -46 -370 -514 -480 0
-411 -562 -46 -480 -551 -130 -265 -256 -505 -158 -5 -435 -444 -370 -514 0
-562 -46 -435 -480 -130 -370 -551 -265 -256 -505 -158 -5 -444 -514 0
-454 562 -435 -130 -5 -370 -140 -46 -265 -256 -505 -480 -231 0
-46 -370 -551 -130 -444 -5 -435 -265 -256 -505 -480 -158 -514 0
176 -264 -401 -549 -265 -505 -485 -458 -148 -205 -551 0
240 -113 -524 0
-264 176 -401 -265 -505 -485 -458 -549 -551 -92 -437 -256 -480 -306 0
484 -148 -24 -265 -152 -403 -505 -306 -274 -256 456 -205 -113 -300 -498 -524 -458 0
486 -339 -374 -480 -265 -524 -505 0
336 -259 -505 -256 -480 -524 -300 -458 -401 -551 -514 -435 -177 -233 -90 -238 -454 -370 -265 0
-259 -401 -265 -505 -458 -551 -177 -435 -370 -256 -480 -454 -444 -334 -524 -300 -514 -233 -90 -238 0
175 -166 -384 -370 -524 -238 -90 -86 -233 -453 -149 -256 -206 -480 -300 -339 -551 -264 -218 0
168 -524 -238 -90 -370 -233 0
92 -86 -384 -370 -524 -238 -90 -177 -233 -453 -256 -480 -300 -339 -551 -264 -218 -435 0
166 -575 -551 -401 -300 -514 -435 -233 0
266 -264 -384 -524 -238 -90 -233 -256 -480 -401 -300 -551 -334 -318 -370 -177 -514 -435 -91 -484 -505 -373 0
506 -168 -435 -370 -91 -480 -524 -484 -256 0
410 -454 -300 -551 -435 -177 -514 -256 -480 -334 -318 -370 -505 -265 -238 -444 -130 0
-524 -166 -370 -238 -383 -562 -480 -525 0
176 -525 -551 -151 -234 -238 -149 -206 -113 -89 478 -324 -300 -338 -219 0
411 -177 -551 -238 -300 -265 -505 -334 -370 -480 -562 -435 -130 0
166 -401 -551 -505 -514 -265 -177 -300 -435 -233 0
-370 -505 -265 -551 -256 -480 -435 -514 -130 -444 -5 -158 0
239 -21 -305 -562 -256 -480 -59 -524 -323 -130 -112 -88 0
92 -272 -598 -256 -486 -480 -130 -524 -88 -59 -238 -305 -562 -323 -112 -453 -207 0
525 -238 -112 0
239 -59 -151 -562 -256 -480 -38 -524 -323 -130 -112 -88 -288 -149 -343 -458 -409 -384 -435 0
263 -59 -598 -256 -486 -480 -130 -524 92 -406 -238 -88 -562 -323 -112 -453 0
167 -524 -467 -262 -598 -256 -486 -480 -130 -300 92 -406 -238 -562 -323 -112 -453 -288 -343 -435 -234 0
-59 -90 -300 -467 -262 -598 -256 -486 -480 -130 -524 92 -406 -238 -562 -323 -112 -453 -151 -234 -60 0
411 -83 -229 -444 -406 -349 -262 -312 -285 -412 -320 -360 -111 -149 -435 -533 -521 -458 -130 0
263 -327 -156 -360 -348 -312 -120 -305 -18 -514 -349 -357 -458 -320 -149 -206 -406 0
240 -312 -406 -23 -262 -141 -514 -575 -400 -234 -130 -444 -285 -435 -318 -300 -467 -598 -256 -486 -480 -524 92 -238 -562 -323 -112 -453 -60 0
-524 -300 -467 -262 -598 -256 -486 -480 -130 -406 -238 -562 -323 -112 -453 -234 -288 -343 -435 -23 -141 -514 -575 -400 -444 -285 -318 -166 -374 -436 0
507 -176 -256 -480 -130 -435 -514 -444 -166 -436 -551 -112 -158 -265 -5 0
434 -89 -409 -166 -130 0
233 -59 -130 -384 -409 -166 0
-92 -321 -551 -600 -313 -411 -234 -273 -548 -262 -514 -406 -435 -149 -93 0
-149 -313 -300 -444 -382 -562 -262 -396 -531 -375 -435 -261 -551 -600 -304 -411 -234 -548 -514 -406 -93 -350 -18 -19 -148 0
149 -262 486 -480 -265 -524 -505 -406 -93 0
-92 -300 -444 -149 -562 -262 -396 -375 -435 -261 -551 -600 -304 -548 -514 -406 -93 -18 -324 -524 -238 -166 -130 -409 0
-411 -234 -304 -262 -300 -151 -538 -126 -576 -551 -297 -514 -51 -324 -229 -524 -206 -238 -397 -149 -529 -94 -459 -130 -409 0
263 -522 -111 -412 -524 -487 -238 -274 -58 -406 -304 0
-234 -146 -75 -551 -130 -384 -409 -166 -406 -304 -262 -111 -412 -524 -238 -285 -360 -229 -318 -397 -435 -300 -151 -538 -126 -576 -297 -514 -51 -324 -206 -149 -529 -94 -459 0
264 -21 -304 -300 -151 -18 -297 -271 0
-562 -304 -18 -409 -166 -75 -551 -130 -111 -412 -524 -238 -229 -435 -576 -514 -324 -444 -375 -600 -548 -93 486 -480 -265 -505 -176 -158 -5 -563 0
-238 -524 -444 -130 -176 -256 -158 -5 -551 -435 -514 -480 -265 -505 0
410 -290 -497 -206 -85 -149 -256 -457 -46 0
-524 -176 -256 -444 -435 -158 -5 -130 -551 -514 -480 -265 -505 0
299 -595 -514 -450 -548 -587 -568 -9 -527 -296 -468 -22 0
232 -260 -485 -540 -298 -514 -450 -548 -587 -568 -296 -264 -151 -306 -140 -576 -88 -256 -435 -130 -46 -345 -410 0
397 -400 -51 -576 -485 -444 -260 -375 0
-176 -505 -444 -130 -514 -435 -158 -5 -480 -551 -265 -256 0
485 -375 -444 -265 -505 -87 0
506 -401 -265 -514 -313 -411 -234 -551 -218 0
305 -300 -551 -24 -250 -404 -546 -151 -18 0
-238 -411 -407 -435 -263 -444 -265 -505 -514 -551 -234 -218 -524 -158 -436 -256 -130 -480 -112 0
-411 -524 -551 -265 -505 -158 -435 -5 -444 -514 -256 -130 -480 0
261 -484 -444 -265 -505 -87 0
485 -206 -407 -263 -149 -338 -459 -444 -265 -505 -87 0
90 -276 -534 -84 -55 -22 -312 -158 -5 -474 -271 -18 -563 -349 -383 -60 -238 0
-264 -345 -60 -304 -151 -300 -315 -234 -89 -534 -84 -55 -312 -158 -5 -18 -563 -349 -383 -238 -320 -452 -149 -206 176 0
-524 -505 -5 -444 -551 -265 -158 -256 -480 -435 -130 -514 0
261 -392 -203 -324 -444 -172 -454 0
409 -415 -312 -329 -271 -149 -324 -203 -50 -444 -485 -375 -260 -172 -454 -126 -576 -522 -402 0
574 -180 -126 0
-180 -126 -576 0
259 -510 -587 -383 -526 -467 -415 -271 -492 -399 -50 -444 -485 -375 0
-264 -149 -265 -505 -260 -587 -383 -526 -467 -399 -50 -485 -375 -576 -256 -46 -410 -312 -329 -444 -324 -522 -402 -405 -230 -151 -140 -296 -305 -23 176 0
264 -399 -444 -230 -375 -140 -337 -305 0
-505 -551 -265 -256 -435 -130 -444 -158 -5 -480 -514 0
239 -276 -145 -331 -18 -350 -316 -437 -149 -153 -435 -130 -525 -46 -485 -259 -256 -480 -410 -230 -60 0
262 -437 -130 -319 -435 -149 -92 -350 -480 -525 -60 -240 -145 -331 -18 -316 -153 -46 -485 -259 -256 -410 -230 0
523 -168 -370 -60 -240 0
306 -149 -319 -130 -551 -435 -514 505 -480 -240 -370 -175 -264 -350 -145 -331 -316 -46 -485 -259 -256 0
239 -306 -130 -139 -46 -564 -256 -480 -525 0
-149 -319 -130 -551 -256 -435 -514 505 -370 -480 -240 -46 -564 -175 -264 -350 -145 -331 -316 -485 -259 0
523 -97 -126 -551 -455 -298 -316 -273 -130 -264 -409 -175 -46 -139 -370 -240 -564 -256 -480 -525 0
-259 -264 -130 -480 -240 -551 -298 -316 -435 -175 -46 -564 -256 -514 505 -485 -444 -375 -336 0
273 -566 -303 -424 -580 -448 -172 -61 -295 -43 0
239 -576 -126 -298 -175 -264 -172 -349 -316 -130 -46 -397 -435 -564 -256 -480 -139 -525 0
-131 -149 -139 -436 -264 -22 -58 -7 -166 -94 -232 -88 -411 -130 0
-411 -324 -203 -444 -485 -375 -260 -172 -454 -126 -576 -522 -264 -175 -166 -51 -418 -397 -88 -435 -139 -436 -58 -130 -296 -391 -459 -410 0
-264 -375 -175 -256 -435 -130 -46 -444 -485 -514 -564 -480 -240 -298 -316 -265 -336 -551 505 0
-375 -485 -130 -256 -435 -514 505 -336 -444 -480 -240 -46 -564 -175 -551 -298 -316 -265 0
437 -168 262 -372 -149 0
409 -149 -435 -500 -256 -139 -264 -323 -339 -411 -131 -480 -240 -525 -459 0
410 -525 -256 -480 -46 0
166 -572 -281 -149 -451 -436 -435 -372 0
-131 -166 -175 -411 -435 -500 -256 -139 -149 -323 -339 409 -480 -240 -525 -459 0
-264 -548 -514 505 -435 -436 -205 -305 176 -263 0
-92 -372 -87 -336 -256 -230 -436 -435 -514 505 -548 -91 -149 0
-411 -149 -500 -256 -87 -336 -435 -514 505 -316 -281 -175 -51 -323 -339 -480 -240 -525 -459 -204 -564 -410 0
436 -264 -175 -383 -240 -564 -525 -339 -480 0
177 -234 -298 -218 -166 0
-264 -89 -323 -204 -240 -525 -480 -151 -339 -305 176 0
384 -254 -243 -111 -522 -120 -392 -126 -508 -590 -575 -133 -454 -399 -71 -444 -569 -350 0
546 -195 -218 -111 -551 -500 -251 0
-149 -126 -551 -590 -575 -444 -218 -500 -514 -281 -459 -261 -204 -564 -339 -323 -480 -51 -525 -240 -130 -46 -256 -175 -298 -435 -87 -336 505 -316 0
-485 -240 -480 -175 -298 -435 -256 -130 -46 -551 -444 -514 -564 -336 505 -316 -265 0
485 -455 -259 -87 0
375 -589 -391 -265 -202 0
443 -536 -49 -126 -265 -321 -589 -399 -396 -391 0
140 -21 -18 -324 -54 -87 -391 -49 -126 -321 -399 -202 -452 -259 -484 -290 -82 -229 0
-265 -381 -321 -49 -444 -126 -374 -505 -480 486 -524 0
486 -444 -324 -321 -49 -202 -126 -505 -480 -524 -401 -515 -355 -259 0
-444 -399 -229 -82 -259 -87 -484 -324 -321 -49 -202 -126 -505 -480 -524 -401 -515 -355 0
486 -265 -23 -313 -56 -401 -502 -54 -126 -87 -515 -542 -456 -355 -505 -259 -49 0
485 -351 -18 -382 -544 -563 -452 -5 -54 -505 -87 0
91 -502 -23 -87 -484 -18 -563 -452 -5 -229 -324 -480 -524 -141 -391 -290 -489 -407 -305 -419 -176 -59 -166 -411 -89 -409 -435 -149 0
-524 -240 -525 -166 -480 -435 -305 -131 -176 -256 -149 -92 -23 -411 -272 0
335 -86 -485 -498 -261 0
-240 -166 -256 -305 -92 -435 -411 -131 -480 -525 -176 -149 -23 -272 0
523 -485 -90 -166 -435 -92 -305 -6 -149 -505 -256 -23 -480 -411 0
231 -398 -322 -265 -149 -505 -92 -6 -435 -176 -46 -256 -261 -486 -337 -158 -531 -497 -202 0
443 -111 -194 -520 -176 -166 -265 -435 -370 -436 -505 -141 -230 -322 -149 -92 -6 -46 -256 -261 -486 -337 -158 -531 -497 -202 0
576 -202 -149 -435 -92 -505 -322 -400 -265 0
-486 -265 -520 -176 -166 -194 -435 -370 -436 -505 -230 -322 -149 -92 -6 -46 -256 -261 -337 -531 -202 -442 -455 -576 -178 -87 -485 0
-261 -259 -400 -370 -46 -130 -256 -435 -230 -6 -87 -232 -411 -166 -176 -436 -505 -520 -194 -322 -149 -92 -337 -531 -485 -126 -375 0
261 -126 -531 -457 -420 -87 -435 -149 -485 -92 0
259 -46 -256 -230 -531 -384 -305 -435 -60 -166 -436 -370 -6 -375 -92 0
-261 -230 -176 -46 -505 -256 -337 -6 -520 -166 -194 -435 -370 -436 -322 -149 -92 -531 -87 -485 -375 -259 -400 -130 -232 -411 0
-485 -87 -92 -411 -131 -23 -6 -420 -256 -176 -166 -435 -149 -505 -194 -305 -60 -338 -480 -114 -525 -90 0
324 -350 -272 -297 -18 -172 -19 0
259 -280 -267 -323 -272 -18 -525 -238 -524 -166 -480 -6 -371 -149 -92 0
444 -404 -23 -152 -313 -305 -600 -60 -321 -384 -395 -350 0
-87 -505 -272 -23 -305 -166 -435 -149 -92 -525 -480 -256 -411 -131 -176 -194 -338 0
-261 -159 -411 -400 -232 -176 -166 -370 -6 -505 -149 -435 -92 -322 -456 -375 -86 -498 -485 -259 0
-505 -166 -176 -435 -411 -149 -92 -256 -525 -338 -480 -272 -23 -305 -131 -194 0
456 -600 -217 -321 -400 -265 -396 -574 -442 0
575 -442 -321 -396 -600 -397 -535 -217 -400 -265 0
371 -573 -282 -265 -321 -396 -217 -515 -51 -374 -530 -256 -338 -459 -131 -139 -480 -411 -436 240 0
266 -321 -272 -600 -108 -51 -495 -99 -355 -111 -435 505 -436 -92 -141 -515 -401 -194 -576 -217 0
91 -436 -305 -396 -374 -272 -51 -435 -23 -92 -194 -126 -455 -87 -256 -459 -480 -411 -525 -338 -131 -176 -166 -149 0
437 -166 -114 -60 -525 -305 -480 -139 0
371 -321 -265 -282 -573 -217 -515 -530 -256 -338 -459 -131 -139 -480 -411 -436 240 -259 -484 0
-436 -166 -272 -435 -23 -92 -194 -256 -480 -411 -525 -338 -131 -176 -305 -149 0
-166 -131 -525 -149 -480 -92 -272 -435 -23 -194 -256 -338 -411 -176 -305 0
260 -397 -230 -265 -140 -505 -149 -435 -92 -400 -322 -6 -375 -336 0
372 -261 -505 -265 -515 -149 -435 -92 -530 -131 -411 -525 -338 -480 -436 0
-524 -141 -505 -305 -485 -168 -370 -525 -113 0
139 -239 -265 -90 -149 166 -436 -435 -372 -202 -274 -545 -21 -455 -442 -130 -397 -305 -230 0
456 -550 -252 -545 -500 -413 -111 -520 -75 -145 -590 -497 -274 -290 -230 -397 -442 0
-261 -505 -219 -265 -256 -411 -274 -149 166 -436 -435 -305 -338 -131 -480 -525 -92 0
267 -139 -49 -174 -21 -418 166 -435 -130 -239 -113 -545 -436 -305 -256 -356 -505 0
-139 -400 -456 -256 524 -486 -411 -505 -265 -49 -174 -21 -418 166 -435 -130 -545 -436 -305 -356 0
266 -545 -18 -349 -452 -443 -505 -375 0
6 -324 -21 -18 261 -392 -256 -394 -85 -321 -272 -84 -274 -23 -403 -90 -562 -239 0
484 -21 -159 -256 261 -321 -272 -274 -23 -505 -265 -452 166 -435 -290 -305 -411 -436 -131 -480 -525 -459 0
-505 -265 -436 -256 -480 -525 -411 -272 -274 -23 -159 166 -435 -305 -131 -149 -92 -219 -338 0
523 -484 -282 -265 -274 -530 -131 -152 -305 -168 -370 -149 -4 -92 -139 -159 -436 -256 -232 -480 -525 -411 0
141 -130 -435 166 -239 -474 -113 -545 -436 -305 -256 0
204 -511 -532 -384 -255 -316 -591 -82 -392 -274 0
203 -404 -18 -152 -21 -305 -324 -274 0
153 -466 -23 -298 -404 0
19 -83 -298 -230 -600 -61 -397 -321 -442 -272 166 -435 -130 -305 -23 -404 -18 0
401 -576 -435 505 -436 -92 -141 0
304 -324 -202 -23 -298 -274 -21 -152 -18 0
20 -552 -411 -131 -232 -239 -298 -113 -466 -324 0
267 -87 -455 -290 -230 -600 -321 -274 -442 -272 -202 -18 -21 -411 -131 -239 -298 -113 166 -435 -130 -305 -23 -400 505 -436 -92 -141 -126 0
-265 -436 166 -149 -435 -274 -272 -411 -131 -305 -23 -92 -159 -256 -338 -480 -525 -219 0
16 -173 -280 166 -435 -131 -411 -373 -525 -338 -113 -480 -436 -92 -149 -305 -20 0
260 -141 -338 -505 -305 -480 -168 -370 -525 -113 -373 0
-60 -130 -525 -256 -486 -48 -411 -456 -443 -350 166 -435 -113 0
-130 -466 -23 -159 -336 -505 -436 -141 -305 -525 -256 -486 -48 -411 -456 -443 -350 166 -435 -113 -131 0
130 -113 -525 -232 -411 -131 0
-524 -239 -113 -525 0
114 -443 -159 -505 -436 -305 -525 -256 -411 -23 166 -435 -113 -131 -149 -92 -260 -18 -280 -373 -338 -480 -322 0
484 -116 -499 -152 -305 -18 -397 -349 -443 -574 -515 -457 -149 -92 -260 -50 0
-239 -113 -540 -274 -305 -18 -256 -159 -436 -149 -92 -505 -499 -574 166 -435 -551 -525 -411 -23 -131 -280 -373 -338 -480 -322 0
-113 -18 -505 -436 -305 -525 -256 -411 -23 166 -435 -131 -149 -92 -159 -280 -373 -338 -480 -322 -540 -274 -499 -574 -551 0
113 -436 -480 -525 -370 0
-436 -274 -159 166 -435 -525 -338 -480 -305 -256 -411 -23 -131 -149 -92 -540 -219 -272 0
-113 -299 -272 -23 -219 -454 -125 -540 -563 -506 -50 -5 -152 -18 -399 -334 -305 -530 -95 -370 -168 -131 -524 -525 -232 -411 0
17 -349 -272 -45 0
173 -403 -220 -23 -595 -465 -297 -211 0
-131 -411 -305 -272 -525 -23 -256 -480 -149 -92 -435 -338 -176 -194 0
372 -413 -256 -46 -532 -457 -485 -375 -272 -261 -23 -562 -151 -230 -383 -305 -89 -166 437 -525 -480 -239 -113 0
159 -496 524 -411 -256 -505 -334 -4 0
306 -505 -217 -19 -400 -411 -234 -324 -4 -157 524 -256 -334 -23 -290 -405 -151 -140 0
304 -18 -140 -256 0
306 -140 -217 -19 -400 -411 -234 -324 -4 -157 524 -256 -334 -23 -290 -405 -151 0
-411 -305 -256 -23 -176 -272 -525 -480 -338 -149 -92 -435 -194 0
304 -505 -132 -435 -92 -149 -459 -87 -484 -89 -18 -256 0
6 -19 -448 -328 -343 -126 -217 -466 -324 -515 -149 -92 -437 -484 -256 -480 -505 -157 0
91 -444 -399 -49 -126 -505 -480 -524 -484 -87 -324 -319 -19 -149 0
93 -505 -484 -459 -256 -480 -437 -149 0
444 -284 -23 -54 486 -56 -265 -126 -87 -515 -505 -259 -49 -487 -299 -360 -551 -312 -402 -44 -272 -350 0
-444 -442 -399 -49 486 -265 -126 -374 -505 -480 -321 -524 0
323 -455 -75 -416 -522 -321 -343 -56 -312 -402 -54 -87 -272 -328 -399 -49 486 -126 -374 -505 -480 -524 -217 -18 -202 -21 0
486 -382 -399 -49 -126 -505 -480 -321 -524 -563 -18 -5 -21 -448 -328 -343 -217 -466 -324 -515 -149 -92 -437 -484 -256 -157 -75 -416 -522 -56 -312 -402 -54 -87 -272 -202 -259 0
-505 -5 -18 -563 -87 -459 -484 -480 -524 -324 -149 -92 -437 -256 -522 -402 -272 -419 -176 -89 -409 -435 -59 -305 -132 0
266 -405 -23 -274 -295 -174 -573 -324 -282 0
485 505 -435 -402 -92 -141 -23 -295 -324 -89 -132 -84 -87 -149 -459 0
323 -328 -75 -519 -54 -222 -474 -556 -272 -326 -321 -522 -536 -49 -402 -589 -126 -435 505 -436 -92 -141 -374 -18 -21 0
-436 -126 -402 -435 505 -92 -141 -194 -111 -522 -87 -18 -324 -159 -176 -23 -240 523 -59 -305 -295 -272 -326 -51 -419 -89 -132 -336 -261 -149 -437 0
401 -442 -132 -349 -435 -382 -455 -576 -547 0
267 -536 -153 -448 -213 -467 -23 -319 -343 -299 -435 -402 -132 -349 -382 -455 -547 -49 -126 -374 -217 0
266 -166 -409 -89 -435 -465 -87 -474 -382 -455 -349 -571 -202 -374 -589 -265 -522 -111 -501 0
-130 -153 -51 -448 -213 267 -23 -319 -343 -299 -435 -402 -132 -349 -382 -455 -547 -126 -374 -217 -419 -409 -89 -166 0
16 -213 -19 -319 -23 -435 -402 -132 -382 -455 -547 -126 -374 -51 -419 -409 -89 -8 -265 -465 -87 -474 -571 -202 -589 -522 -111 -159 -176 -240 523 -370 -59 -545 -305 0
525 -405 -23 -313 -298 -232 -131 -435 -370 -130 -166 -239 0
88 -113 -598 -150 -257 -18 -323 -151 -321 -59 -405 -239 0
-405 -232 -23 -313 -298 -131 -598 -150 -257 -18 -323 -151 -321 -59 -239 -523 -435 -370 -130 -166 0
443 -18 433 -177 -539 -313 -298 -598 -150 -257 -23 -323 -239 -523 -435 -370 -130 -410 -382 -394 -349 0
-131 -321 -313 -298 -405 -598 -150 -257 -18 -323 -151 -23 -239 -523 -435 -370 -130 -166 -382 -89 0
384 -306 -438 -257 -18 -563 -349 0
404 -405 -523 -397 -239 -23 -313 -298 -141 -435 -370 -130 -166 -529 -382 -438 -257 -18 -563 -349 -151 0
-131 -234 -88 -410 -130 0
403 -18 -239 -257 -435 -370 -130 -563 -349 -382 -410 -313 -298 -23 0
-405 -403 -523 -397 -239 -23 -313 -298 -141 -435 -370 -130 -166 -529 -382 -438 -257 -18 -563 -349 -151 0
-18 -382 -257 -563 -349 -438 -23 433 -177 -539 -523 -239 -313 -298 -141 -435 -370 -130 -410 -444 -598 -150 -323 -394 0
322 -391 -92 -291 375 -265 -21 0
-382 -291 -514 -92 -298 -453 -313 -53 -412 -173 -370 -323 -265 -74 -435 -374 -130 -444 -141 -349 -257 -563 -23 433 -177 -539 -523 -239 -410 -598 -394 0
524 -58 -239 -166 -370 -438 -480 0
219 433 -23 -435 -130 -410 -523 -514 -92 -453 -53 -173 -323 -265 -374 -444 -141 -349 -257 -539 -394 -497 -6 -335 -97 -108 -551 0
88 -405 -563 -510 -46 -259 -485 -548 -454 -514 -444 -265 -532 -6 -257 -18 -467 -345 -151 -523 -59 -586 -239 0
-405 -131 -175 -166 -539 -410 -130 -563 -510 -259 -485 -548 -454 -514 -444 -265 -6 -257 -18 -467 -345 -151 -523 -59 -586 -239 0
525 -88 -300 -539 -232 -158 -166 -175 -59 -141 -239 -229 0
-88 -398 -444 -323 -523 -300 -539 -232 -158 -166 -175 -59 -141 -239 -590 -276 -207 -497 -335 -262 -370 -131 -410 -130 0
-131 -232 -18 -141 260 -370 -505 -150 -207 -175 -323 -523 -239 -444 -300 -539 -257 -158 -166 -590 -497 -410 -130 -151 -23 -510 -259 -485 -548 -454 -514 -265 -6 -467 -345 -586 -529 -382 0
-298 -382 -370 -130 -166 -239 -523 -505 -551 -265 -444 -514 -257 -18 -349 -435 -141 260 -150 -207 -175 -323 -539 -590 -497 -410 -151 -23 -510 -259 -485 -548 -454 -6 -586 -529 -550 0
167 -157 -335 -6 -370 -175 0
-382 -239 -257 -349 -438 -523 -410 -130 -370 -400 -166 -6 -175 -18 -505 -551 -265 -444 -514 -435 -141 260 -150 -207 -323 -539 -590 -497 -151 -23 -510 -259 -485 -548 -454 -586 -529 -550 0
-88 -131 -166 -539 -410 -130 -510 -259 -485 -548 -454 -514 -444 -265 -6 -257 -18 -175 -345 -151 -523 -586 -239 -323 -300 -398 -141 -590 -207 -497 -335 -370 -58 0
-131 -562 -173 -323 -23 -239 -166 -370 -438 -58 -523 -539 -410 -130 -510 -259 -485 -548 -454 -514 -444 -265 -6 -257 -18 -175 -345 -151 -586 -300 -141 -590 -207 -497 -335 -529 -94 0
90 -89 552 -435 -370 -400 -130 -166 -523 -239 -438 -58 -562 -6 0
-239 -18 -23 -150 -207 -323 -175 -257 -166 -370 -438 -523 -435 -400 -130 -6 -539 -410 -510 -259 -485 -548 -454 -514 -444 -265 -151 -586 -141 -590 -497 -529 -94 -349 -505 -551 260 -550 0
239 -370 -130 -23 433 -141 -438 -175 -410 -335 -6 -523 0
-88 -398 -444 -323 -523 -300 -262 -166 -175 -539 -141 -239 -590 -207 -497 -335 -370 -131 -410 -130 -6 0
-131 -239 -175 -166 -6 -370 -438 -58 -523 -444 -323 -300 -262 -539 -141 -590 -207 -497 -335 -410 -130 -84 -230 -397 -529 -383 0
90 -9 -23 -262 -173 -175 -323 -166 -435 -370 -89 -130 -58 -383 -239 552 -400 -523 -438 -6 0
-370 -175 -453 -53 -23 -323 -435 -130 -400 -523 -6 -444 -539 -141 -590 -497 -410 -84 -349 -257 -510 -259 -485 -548 -454 -514 -265 -586 -505 -551 260 -550 433 0
-88 -158 -239 -523 -300 -539 -229 -166 -175 -141 -112 -304 -131 -410 -130 0
-238 -239 -523 -112 0
-239 -112 -323 -92 -265 -374 -523 -444 -229 -119 -536 -330 -49 -435 -300 -539 -166 -175 -141 -304 -410 -130 -6 0
433 -536 -323 -265 -374 -444 -119 -523 -49 -435 -539 -141 -410 -130 -6 -108 -97 -453 -53 -23 -400 -590 -497 -84 -349 -257 -510 -259 -485 -548 -454 -514 -586 -505 -551 260 -218 -394 0
262 -273 -295 -23 0
58 -263 -551 -500 -474 -453 -479 -92 -257 -21 -218 -295 -23 -349 -384 0
-438 -18 -263 -295 -23 -21 -407 -562 -257 -92 -370 -166 -239 524 -58 -437 0
564 -305 -152 -379 -403 -596 -263 -23 -510 -7 -586 -295 0
176 -238 -418 -450 -156 -230 -558 -523 -532 -60 -84 -497 -97 -335 -6 -152 -379 -403 -23 -510 -7 -586 -295 -211 -302 -384 -551 -500 -474 -453 -479 -92 -257 -21 -218 -349 0
-58 -74 -370 -166 -239 524 -211 -563 -302 -384 -343 -60 0
-166 -239 -349 -384 -551 -500 -453 -92 -257 -218 -23 -84 -6 -335 -97 -108 -539 -418 -450 -558 -523 -532 -497 -379 -510 -7 -586 -536 -465 -49 -173 -323 -53 -232 434 -411 0
305 -18 -370 -259 -454 -414 -46 -379 -457 -85 -435 -539 -510 -265 -505 -551 -536 -111 -548 -232 -514 -411 -130 -108 -114 -240 -480 238 -231 456 -141 -558 0
304 -404 -539 -23 -175 -152 0
305 -414 -370 -259 -454 -141 -46 -379 -457 -85 -435 -539 -510 -265 -505 -551 -536 -111 -548 -232 -514 -411 -130 -108 -114 -240 -480 238 -231 456 -558 0
525 166 -218 -510 -23 -586 -152 -130 -435 -551 -259 -454 -141 -46 -379 -457 -85 -539 -265 -505 -536 -548 -232 -514 -411 -108 456 -558 -520 -90 -6 -239 0
564 -344 -551 -288 -218 -220 -175 -596 -152 -379 -305 -23 -510 -7 -586 -295 0
-238 166 -220 -551 -108 -97 -7 -335 -586 -6 -218 -152 -379 -23 -510 -465 -173 -130 -435 -288 -323 -239 -523 0
-305 -213 -288 -218 -220 -152 -379 -23 -510 -7 -586 -551 -404 -450 -563 -130 -435 166 -304 0
-239 -586 -23 -510 -265 -539 -374 -141 -288 -218 -379 -551 -130 -435 -323 -6 -108 -97 -523 -259 -454 -46 -457 -85 -505 -536 -548 -232 -514 456 -520 -349 -500 -453 -532 -49 434 0
168 -295 -23 -141 -349 -505 -551 -265 -5 -562 -46 -92 -444 -411 -523 -130 -435 -454 -514 -384 -175 -524 -238 0
-563 -305 -218 -96 -435 -323 -551 -173 239 -97 -370 -53 -108 -335 -114 -90 -6 -310 -416 -23 -510 -7 -586 -295 0
-305 -548 -505 -265 -435 -551 -370 -480 -130 -444 -6 -46 -514 -23 -295 -218 -96 -323 -173 239 -97 -53 -108 -335 -114 -90 -310 -510 -7 -586 -141 -539 -152 -306 0
401 -514 -130 -435 -265 -505 -141 -6 -23 -218 -323 -108 -510 -539 -349 -523 -454 -374 -288 -259 -457 -85 456 -500 -453 -49 -119 -400 -590 -485 -394 -549 -492 0
-480 -563 -514 -370 -74 -239 -166 524 -211 -58 -463 -343 -60 -435 -92 0
-563 -58 -263 -453 -305 -474 -349 -92 -437 -257 -514 -370 -74 -239 -166 524 -211 -407 -463 -343 -60 -435 0
-58 -582 -29 -514 -549 -497 -98 -335 -158 -6 -263 -453 -305 -474 -349 -92 -437 -257 -370 -74 -239 -166 524 -211 -407 -463 -343 -60 -435 0
-238 -166 -435 -305 -167 -23 -263 -551 -500 -453 -92 -257 -218 -349 -29 -514 -549 -497 -98 -335 -158 -6 -370 -74 -239 -130 -407 -343 -53 -313 -173 -411 -323 -523 0
-166 219 -514 -370 -239 -549 -92 -23 -435 -130 -84 -523 -453 -53 -173 -323 -265 -374 -444 -141 -349 -257 -539 -394 -497 -6 -335 -108 -551 -411 -313 -305 -167 -263 -500 -218 -29 -98 -158 -74 -407 -343 0
-88 -551 -23 -539 -175 -401 -505 -305 -265 -514 -177 -435 166 -90 -411 0
-551 -305 -539 -175 -23 -504 -173 -130 -435 -323 -239 -523 -53 -401 -505 -265 -514 -411 -370 -549 -92 -84 -453 -374 -444 -141 -349 -257 -394 -497 -6 -335 -108 -500 -218 -552 0
-480 -563 -349 -305 -299 -550 -263 -23 -463 -449 -514 -130 -435 -295 -92 -21 -257 -370 -239 -166 524 -58 0
-563 -474 -263 -453 -305 -407 -349 -383 -92 -437 -257 -299 -550 -23 -463 -449 -514 -130 -435 -295 -21 -370 -239 -166 524 -58 0
-238 -158 -23 -299 -6 -263 -453 -305 -407 -349 -383 -92 -257 -550 -449 -514 -130 -435 -370 -239 -166 -58 -53 -173 -411 -323 168 -523 0
59 -58 -23 -349 -257 -370 -239 -166 -305 -173 -92 -435 -411 -523 -323 -6 -299 -453 -550 -514 -130 -53 -175 0
60 -166 -523 -92 -335 -141 -435 -370 -175 -305 -239 -497 0
-58 -60 -23 -349 -257 -370 -239 -166 -305 -173 -92 -435 -411 -523 -323 -6 -299 -453 -550 -514 -130 -53 -175 0
273 -479 -257 -382 -18 -349 -295 0
-166 -305 -141 -257 260 -370 -505 -299 -435 -6 -175 -539 -23 -349 -323 -239 -523 -411 -453 -550 -514 -130 -53 -497 0
525 -97 -175 -28 -23 -450 -497 -299 -152 -58 -335 -314 -305 -370 -539 -232 -131 -411 -90 -6 -239 0
262 -295 -7 -23 0
-238 -263 -257 -479 -6 -299 -550 -305 -175 -23 -349 -465 -450 -173 -130 -435 166 -323 -239 -523 0
-263 -299 -23 -305 -314 -539 -175 -410 -130 -257 -479 -6 -550 -349 -465 -450 -173 -435 166 -323 -239 -523 0
598 -525 -444 -394 -141 -338 -305 260 -370 -168 -113 -505 -23 -411 -176 -272 -435 -194 -257 0
-305 -175 -539 -23 -53 -349 -453 -323 -141 -257 -444 -394 260 -370 -505 -411 -435 -218 -130 -6 -239 -523 -497 -514 -108 -504 -401 -265 -549 -84 -374 -500 -552 0
60 -166 -304 -175 -539 -23 -263 -218 -335 -6 -370 -239 0
-166 -263 -500 -453 -92 -257 -218 -23 -349 -53 -435 -370 -514 -411 -436 -6 -335 -175 -497 -18 -48 -173 -19 -480 -229 -323 -239 -523 -59 -304 -539 0
372 -466 -345 -298 -108 -552 -580 -315 -436 -335 0
264 -397 -444 -374 -229 -523 -323 -112 -370 -345 -108 -552 -315 -436 -335 -84 -152 -404 -175 -23 0
-175 -239 -401 -575 -435 -23 -444 -374 -523 -323 -370 -108 -552 -84 -411 -130 -514 -500 -453 -257 -218 -349 -53 -6 -497 -539 -141 -394 260 -505 -504 -265 -549 0
-238 -546 -349 -16 -453 -206 -273 -92 -437 -257 -552 -157 -298 -468 -166 -411 -89 -58 -323 -239 -523 0
264 -305 -323 -435 -166 -130 -370 -411 -349 -453 -92 -257 -552 -157 -239 -523 -457 -141 -405 -406 -173 -23 0
306 -46 -272 -257 -349 -532 -157 -317 -449 -383 -514 -130 -435 -152 0
299 -410 -23 -130 219 -523 -514 -92 -453 -53 -173 -323 -265 -374 -444 -141 -349 -257 -539 -394 -497 -6 -335 -435 -108 -581 -383 -314 -317 -552 -157 0
-480 -525 -305 -23 -207 -411 -176 -338 -272 -92 -435 -194 -370 -239 -166 -58 524 0
24 -520 -504 -117 -392 -444 -344 -349 -528 -581 -383 -468 -314 -564 -299 -295 0
-238 -58 -453 -349 -92 -257 -552 -157 -166 -411 -281 -323 -239 -523 -6 -23 -504 -444 -374 -338 -305 -207 -176 -272 -435 -194 -370 -130 219 -514 -53 -173 -265 -141 -539 -394 -497 -335 -108 -84 -276 -405 0
306 -466 -257 -435 -305 -23 -207 -411 -176 -338 -272 -92 -194 -370 -239 -166 -58 -523 -323 -88 -240 0
525 -230 -88 -405 -318 -276 -84 -58 -130 -166 -370 -240 0
298 -563 -276 -257 -405 -349 -374 -323 -338 -88 -130 -112 -305 -23 -207 -411 -176 -272 -92 -435 -194 -370 -239 -166 -58 -523 -318 -84 -240 -141 -552 0
525 -58 -141 -305 -166 -370 -240 -88 -405 -318 -276 -84 -130 0
-58 -276 -84 -374 -23 -435 -130 219 -523 -514 -92 -453 -53 -173 -323 -265 -444 -141 -349 -257 -539 -394 -497 -6 -335 -108 -338 -305 -207 -411 -176 -272 -194 -370 -239 -166 -405 -552 -157 -281 -504 0
-88 -276 -6 -335 -84 -370 -157 -166 -382 -405 -410 -130 -90 0
-305 -405 -457 -92 -453 -281 -514 -130 -435 -349 -6 -335 -84 -370 -157 -166 -173 -323 -239 -523 -374 -23 219 -53 -265 -444 -141 -257 -539 -394 -497 -108 -411 -176 -552 -504 -406 -262 0
-239 -370 -130 -523 -323 -23 -257 -141 -457 -453 -281 -514 -349 -6 -84 -435 -374 -53 -265 -444 -539 -394 -497 -108 -411 -552 -504 -218 -401 -575 -500 260 -505 -549 0
131 -382 -480 -92 -562 -435 -437 0
306 -319 -92 -453 -340 -281 -537 -302 -49 -211 -419 -448 -531 -514 -204 -435 -403 -539 -177 -262 0
-166 -157 -92 239 -454 -167 -523 -85 456 -141 -453 -281 -537 -49 -211 -514 -204 -435 -539 -295 -23 -562 -349 -130 -370 -437 0
177 -416 -310 -223 -23 -510 -7 -295 -562 -414 -480 -257 -39 -430 -220 -549 -288 -99 -275 -345 -108 -552 -218 0
304 -21 -349 -384 -23 -157 -175 -310 -223 -510 -7 -295 -562 -414 -480 -257 -430 -220 -549 -288 -99 -345 -108 -552 -218 -84 -231 -152 -141 -539 0
-370 -514 -505 -435 -265 -411 -130 -23 -141 -349 -510 -549 -288 -108 -552 -218 -539 -454 -523 -85 456 -453 -281 -537 -49 -323 -6 -457 -374 -394 -504 -401 -575 -500 260 0
59 -131 -523 -88 -370 -130 -166 0
264 -539 -404 -176 -23 0
158 -319 -417 -444 -311 -456 -349 -272 -16 -261 -486 -384 -506 -318 -4 0
405 -272 -349 -311 -16 -444 -486 -261 -336 -4 -563 -384 -506 -82 -150 -207 -407 -176 -539 0
260 -391 -521 -537 -411 -126 -51 -444 -486 -456 0
259 -203 -126 -323 -486 -456 -173 0
-539 -444 -349 -16 -521 -537 -411 -51 -486 -261 -323 -82 -33 -176 -8 -23 -404 -311 -336 -4 -563 -384 -506 -150 -207 -262 0
301 -502 -223 -325 -543 -489 -221 -63 -208 -450 -465 -213 0
83 -213 -450 -384 -63 -223 -325 -543 -221 -208 -465 -411 -521 -571 -391 -202 -274 0
403 -415 -73 -517 -345 -319 -537 -51 -486 -336 -323 -265 -261 -444 -571 -202 -274 -82 -450 -384 -63 -223 -325 -221 -411 -521 -201 -172 -33 -295 -8 -23 0
17 -517 -221 -73 -117 -8 -151 -23 -404 -345 -319 -537 -51 -486 -336 -323 -261 -444 -571 -274 -82 -450 -384 -325 -411 -521 -33 -311 -272 -349 -19 0
-175 -272 -92 -305 -523 -435 -166 -141 60 -239 -563 -444 -384 -349 -257 -221 -117 -8 -23 -404 -537 -51 -486 -82 -411 -33 -370 -407 0
-417 -319 -486 -456 -261 -336 -4 -444 -157 -311 -349 -272 -16 -384 -506 -318 -415 0
351 -274 -73 -117 -8 -151 -23 -404 -345 -537 -51 -486 -336 -323 -261 -444 -221 -82 -450 -384 -325 -411 -521 -33 -311 -272 -349 -150 -456 -4 -157 -16 -506 -318 0
-274 -272 -261 -4 -563 -444 -384 -349 -73 -117 -8 -151 -23 -404 -345 -537 -51 -486 -323 -221 -82 -450 -325 -411 -521 -33 -311 -336 -150 -157 -16 -506 -276 0
260 -456 -537 -349 -125 -51 -444 -486 -272 0
-456 -272 -349 -384 -417 -444 -311 -16 -261 -486 -506 -4 -563 -157 -82 -336 -537 -125 -51 0
259 -298 -73 -581 -417 -577 -311 -349 -467 -272 -16 -384 -257 -563 -157 -87 -4 -486 -336 0
263 -289 -384 -92 -349 -486 -257 -563 -82 -444 -537 -51 -117 -23 -404 -8 -221 -411 -33 -305 -523 -435 -166 -141 60 -239 -370 0
-141 -384 -349 -486 -257 -117 -51 -92 -404 -8 -23 -221 -411 -305 -523 -435 -166 60 -239 -370 -480 -398 -231 0
350 -456 -261 -4 -336 -563 -444 -384 0
5 -486 -261 -507 -336 0
260 -456 -514 -349 -51 -444 -486 -272 -323 -20 -150 -319 -507 0
-456 -319 -133 -586 -317 -8 -514 -221 -73 -117 -151 -23 -404 -345 17 -51 -486 -336 -323 -261 -444 -325 -450 -384 -411 -521 -311 -272 -349 -150 -398 -53 -507 -85 0
290 -266 -342 -374 -444 -415 -394 -452 -319 -207 -92 0
393 -223 -302 -325 -543 -221 -63 -208 -450 -465 -213 -571 -274 -521 -202 0
-272 -59 -23 -150 -151 -18 -257 -323 -598 -131 -239 -523 -435 -370 -130 -166 -398 -109 -521 -302 -325 -221 -450 -8 -404 -444 -231 -207 -342 -92 -336 -507 -261 -51 -486 -85 -133 -586 -317 -514 -73 -117 -345 17 -311 -349 -53 -273 0
-131 -523 -257 -239 -23 -435 -370 -130 -166 -92 -349 -480 -305 -58 -88 0
-523 -480 -130 -166 -370 -239 -435 -58 -92 -88 -257 -23 -349 -305 0
523 -58 -166 -370 -239 0
322 -295 -58 -564 -166 -384 -370 -173 -113 0
60 -113 -370 -239 -166 0
484 -444 -410 -496 -85 -455 -374 -522 -399 -230 -139 -507 -50 0
454 -511 -568 -254 -341 -589 -282 -532 -265 -316 -575 -84 0
-411 -126 -177 -159 -234 -329 -455 -568 -316 -16 -349 -587 -97 -472 -507 -139 -30 -230 -413 -514 -291 -109 -355 -150 -92 -522 -459 59 -370 -240 -523 -410 0
271 -275 -374 -265 -407 -324 -58 -564 -166 -384 -370 -173 -113 -263 0
-264 -275 -151 -405 -305 176 0
454 176 -324 -58 -564 -166 -384 -370 -173 -113 -23 -151 -405 -305 -374 -507 -139 -230 -399 -444 0
322 -510 -587 -568 -73 -349 -374 -16 -405 -305 -380 -298 -151 176 -23 -9 -58 -564 -166 -384 -370 -173 -113 0
373 -274 -23 -272 -405 -349 -263 -444 -203 0
265 -402 -514 -576 -507 0
-444 -97 -405 -305 -23 -151 -173 -514 -150 -507 -207 -413 -139 -109 -230 -399 -374 -73 -349 -16 -9 -58 -564 -166 -384 -370 -113 -455 -159 -46 -329 -92 59 -240 -523 -410 -496 -54 -85 -50 -485 0
-384 -58 -92 -564 -166 -370 -113 -405 -23 -305 -339 -16 -349 -151 -514 -150 -207 -413 -139 -109 -230 -399 -73 -9 -46 -329 59 -240 -523 -410 -54 -85 -50 -485 -261 -4 0
297 -416 -324 -485 -21 -394 -150 -261 -312 -45 -272 0
322 -202 -391 -522 -373 -145 -325 -73 -126 -514 -303 -209 -222 -432 -567 -426 -468 -21 0
-264 -275 -473 -85 -485 -261 -207 -373 -150 -265 -21 -324 -391 -522 -325 -73 -514 -303 -222 -432 -578 -116 -151 -405 -54 -177 -305 -262 0
22 -394 -485 -21 -324 -150 -261 -312 -45 -272 -405 -9 0
322 -265 -473 -85 -485 -54 -261 -373 -150 -92 -203 -21 0
-265 -250 -344 -222 -473 -546 -54 -394 -85 -4 -485 -335 -261 -207 -373 -150 -21 -324 -92 -264 -391 -522 -325 -73 -514 -303 -432 -578 -116 -151 -405 -177 -305 -262 0
453 -454 -261 -335 -85 -4 -54 -505 -473 0
442 -261 -485 -335 -85 -4 -54 -473 -207 -150 -21 -324 -344 -222 -546 -92 -522 -325 -73 -514 -303 -432 -578 -116 -151 -405 -177 -305 -262 -339 -23 -312 -45 -272 -9 0
259 -85 -485 -456 0
-58 -88 -92 -305 -349 -166 -370 -239 -435 -23 -130 -257 0
149 17 -349 -453 -457 -207 0
-486 403 -239 -257 -435 -370 -130 -382 -349 -18 -343 -23 -467 -150 -207 -328 -438 -261 -272 -6 -141 -166 -478 -88 -131 -525 -485 0
148 -507 -267 -322 -18 -6 -257 -335 -478 -370 -525 -166 -88 -131 -130 -459 0
403 -322 -335 -327 -370 -135 -239 -525 -150 -267 -6 -18 -257 -166 -88 -131 -130 -435 -382 -349 -343 -23 -261 -141 -485 -339 -264 -420 -92 -153 0
524 -438 -420 -417 -19 -349 -272 -153 -141 -18 -435 -257 -166 -88 -478 -131 -130 0
148 -417 -525 -420 -485 -349 -272 -153 -141 -18 -435 -257 -166 -88 -478 -131 -130 -92 0
-19 -478 -420 -417 -349 -272 -153 -141 -18 -435 -257 -166 -88 -131 -130 -239 -525 -322 -20 0
-486 149 -349 17 -261 -92 -6 -370 -435 -563 -166 -88 -478 -131 -130 -525 -485 0
-322 -150 -92 -335 -435 -370 -166 -238 -239 -349 -261 -88 -130 -485 -18 -153 -141 -257 -267 -339 -264 -23 -135 -382 -343 0
-150 -267 -153 -435 -166 -485 -238 -370 -340 -204 -173 -239 -92 -335 -349 -261 -88 -130 -18 -141 -257 -339 -264 -23 -135 -382 -343 0
-93 -88 -130 -238 -370 -90 -166 -435 -92 0
-486 -19 -435 -92 -166 -305 -257 -370 -239 -349 -88 -130 -485 -23 0
5 -266 -479 -438 -338 -141 -261 -507 -336 0
4 -149 -435 -525 -338 -92 -131 -411 -176 -272 -23 -305 -166 -194 -141 -563 -507 0
-410 -507 -92 -435 -23 -305 -166 -257 -370 -88 -130 -459 -239 -349 -485 0
5 -217 -265 -575 -401 -548 -298 -507 -157 0
4 -168 -435 -91 -370 -524 -484 -141 -563 -507 0
-19 -485 -370 -166 -239 -92 -23 -305 -257 -88 -130 -349 -435 0
-524 -507 -23 -264 -92 -435 -370 -166 -238 -239 -349 -88 -130 -485 -18 -153 -141 -257 -322 -135 -382 -343 17 149 0
-507 -485 -370 -166 -92 -435 -23 -305 -257 -88 -130 -239 -349 0
-485 -88 -370 -166 -92 -435 -23 -305 -257 -349 -130 -239 0
-88 -305 -92 -435 -23 -166 -370 -239 -257 -349 -130 0
-524 -485 -232 -92 -166 -435 -370 -149 -130 -89 -239 -525 0
5 -18 -479 -257 -438 -19 -141 -322 -507 -338 -261 -336 0
167 -141 -23 -525 -149 -92 -435 -257 -305 -507 -6 -479 -322 -261 -370 -232 -60 0
4 -437 -420 -435 -130 -92 -6 -261 -51 -230 -87 -166 -89 -290 -370 -335 -257 -141 -507 0
148 -18 -305 -349 -23 -257 -479 -60 5 -141 -322 -507 -261 -336 -437 -92 0
20 -480 -305 -525 -23 -149 -131 -256 -92 -435 -411 -297 -7 -173 -322 -18 0
-272 -264 -23 -525 -149 -256 -480 -411 -92 -435 -305 -273 0
272 -444 -265 -374 -322 -396 -173 -321 -297 0
-18 -374 -23 -60 -305 -525 -149 -92 -435 -349 -322 -396 -173 -51 -420 -459 -479 -130 -166 -89 -437 -257 5 -141 -507 -261 -336 0
18 -437 -459 -92 -149 -474 -479 -349 -257 0
-480 -282 -265 -23 -60 -305 -349 -525 -149 -92 -435 -322 -396 -18 -420 -130 -166 -89 -261 -563 -437 -370 -335 -479 0
-141 -396 -485 -261 -230 -305 -322 -60 -349 -23 -257 -479 -507 -92 -149 -87 -525 -435 -420 -130 -166 -89 -370 -459 -6 -51 -232 0
263 -397 -435 -444 -151 -455 -403 -82 -203 -261 -173 -23 -296 -407 -339 -273 -177 0
486 -322 -23 -403 -6 -435 -149 -349 -92 -479 -257 -370 -166 -52 -60 -305 -230 -485 -507 -525 -420 -130 -89 -232 0
258 -498 -230 -290 -140 -85 0
17 -397 -435 -23 304 -455 -82 -157 -177 -296 -407 -403 -261 -173 -339 -383 -322 -349 -19 0
-261 -85 -52 -520 -266 -322 -349 -435 -23 -157 -403 -149 -92 -562 -305 -230 -479 -140 -257 -166 -370 -334 -259 0
-485 -149 -370 -435 -92 -349 -23 -166 -305 -257 -507 -130 -239 0
485 -507 -92 -435 -370 -130 -166 -89 -6 -239 -525 0
4 -256 -458 -435 -480 -91 -370 -232 -166 -485 -261 -507 -336 0
-256 -480 -6 -370 -525 -23 -403 -232 -166 -20 -305 -322 -239 -435 -130 -89 -438 -114 -60 -458 -507 -261 -336 -91 -485 0
-480 -336 -23 -261 -166 -232 -406 -305 -130 -370 -322 -6 -239 -525 -507 -349 -141 -18 -403 -20 -435 -89 -438 -114 -60 -458 -91 -485 0
480 -18 -166 -305 -232 -130 -60 -23 -458 -485 -6 -507 -349 -141 -406 -257 0
-18 -141 -239 -525 -370 -23 -261 -166 -232 -406 -305 -130 -322 -6 -507 -349 -438 -403 -20 -435 -89 -114 -60 -458 -91 -485 -257 0
263 -107 -402 -126 -455 -443 -339 -479 -336 -438 -141 -261 -507 5 -177 0
264 -344 -466 -503 -224 -158 -312 -177 -320 -45 -406 -272 -23 0
-336 -28 -497 -402 -126 -455 -443 -339 -479 263 -438 -141 -261 -507 5 -177 0
271 -344 -23 -403 -503 -552 -224 -598 -312 -320 -45 0
-141 -406 -403 -23 -320 -518 -435 -130 -166 -89 -52 -458 -485 -370 -239 -438 -507 -238 -349 -305 -257 -20 -261 -232 -322 -91 0
409 -276 -548 -73 -99 -266 -444 -435 -397 -151 263 -403 -82 -261 -23 -296 -339 -273 -177 -396 -485 -458 0
263 -444 -82 -85 -316 -397 -485 -157 -458 -46 -435 -410 -130 -166 -89 -548 -73 -99 -266 -151 -403 -261 -23 -296 -339 -273 -177 -320 -406 0
442 -575 -266 -455 -374 0
153 -400 -548 -587 -314 -298 -344 -73 -518 -320 -394 -444 -266 -455 -374 -282 -124 -341 -538 -143 -403 -116 0
484 -444 -73 -548 -266 -99 -397 -530 -275 -435 -403 -151 -587 -314 -298 -344 -518 -320 -282 -341 -538 -579 -545 -410 -458 -261 0
17 -157 -397 -82 -46 -435 -410 -130 -166 -89 -458 -85 -485 -73 -548 -266 -99 -403 -151 -587 -314 -344 -518 -320 -282 -341 -261 -177 -296 -406 -23 -262 -339 -383 -349 0
264 -118 -133 -587 -99 -548 -287 -344 -466 -435 -151 -23 -403 -598 -312 -320 -45 -296 -272 0
-273 -548 -507 -410 -73 -99 -266 263 -435 -397 -151 -276 -403 -82 -261 -23 -296 -339 -177 -485 -458 -287 -344 -466 -552 -598 -312 -320 -45 -272 0
4 -410 -458 -485 -520 -109 -151 -403 -23 -507 -73 -435 -397 -82 -261 -339 -177 -344 -598 -312 -320 -406 -262 -133 -349 -20 -16 -46 -130 -166 -89 -85 -314 -518 -341 -383 -451 -564 -335 0
-91 -322 -23 -435 -349 -130 -257 -507 -261 -166 -370 -239 -305 -92 0
91 -507 -305 -485 -458 -370 -130 -166 -89 -435 -206 0
-507 -305 -23 -435 -370 -166 -130 -349 -257 -239 -92 0
-264 -7 -322 -403 -173 -177 -23 -204 -263 0
576 -515 -549 -400 0
93 -84 -455 -85 -316 -335 -158 -6 -562 -370 -239 -166 524 -58 -205 0
159 -329 -44 -75 -344 -425 -532 -84 -552 -468 -316 -298 0
434 -444 -520 -394 -349 -6 -52 524 -411 -486 -257 -150 -92 -455 -85 -335 -370 -239 -166 -177 -124 -574 -549 -403 -60 -305 -23 -322 -173 -204 -263 -420 -130 0
-264 -151 -403 -305 -177 -23 -263 0
-206 -204 -85 -124 -52 -455 -266 -374 -444 -273 -280 -349 -453 -16 -207 -457 -92 0
17 304 -23 -435 -19 -407 -177 -403 -261 -173 -339 -383 -322 -349 -455 -6 -85 93 -335 -158 -370 -239 -166 524 -205 0
-266 -150 -455 -349 -23 -435 -177 -261 -173 -322 -335 -370 -239 -166 524 -85 -124 -374 -457 -92 -305 -263 -520 -394 -411 -257 -130 0
-264 -204 -435 -403 -305 -177 -23 -263 -322 -173 -130 0
-176 -55 -85 264 -177 -23 -455 -575 -349 -124 -207 -457 -92 -239 -435 -166 -130 -370 -257 -411 -323 -305 -523 -173 -546 -218 0
433 -281 -85 -374 -349 -455 -23 -435 -177 -261 -173 -335 -370 -239 -166 -150 264 -575 -124 -457 -92 -130 -257 -411 -323 -305 -523 -546 -218 0
175 264 -435 -166 -130 -370 -349 -239 -92 -257 -411 -323 -305 -523 -457 -405 -173 -23 -218 0
459 -177 -166 -305 -263 -349 -92 -257 -130 -435 -370 -239 -173 -523 -455 -85 -335 -23 -457 -374 -261 -124 -394 0
204 -374 -267 -322 0
404 -150 -349 -453 -207 -457 -16 -444 -266 -455 -374 -322 -124 -204 -538 -276 0
454 -465 -210 -566 -38 -598 -529 -319 -394 -230 -444 -83 0
82 -384 -564 -157 -6 -335 -497 -290 -230 0
17 -210 -598 -394 -230 -444 -515 -153 -435 -417 -502 -520 -455 -564 -157 -6 -335 -276 -85 -204 -52 -322 -453 -150 -92 -349 -272 -207 -457 0
-266 -157 -92 -453 -52 -85 -455 -349 -394 -230 -435 -520 -6 -335 -276 -322 -272 -207 -457 -124 -538 -403 -374 -141 -257 -479 -338 -267 0
-256 -149 -305 -23 -525 -176 -338 -520 -272 -92 -435 -194 -109 -257 0
-149 -18 -21 -479 -141 -92 -305 -23 -525 -176 -338 -520 -272 -435 -194 -109 -257 0
-18 -21 -349 -453 -207 -457 -479 -141 -92 -305 -23 -525 -176 -338 -520 -272 -435 -194 -109 -257 0
-405 -281 -92 -335 -239 -130 -435 -349 219 -323 -370 -166 -173 -457 -305 -523 -374 -23 -84 -53 -265 -444 -257 -394 -497 -157 -411 -176 -406 -262 574 -538 0
263 -177 -435 -23 -124 -92 -335 -239 -349 -370 -166 -173 -457 -305 -523 -374 -257 -394 -85 -455 -130 0
404 -467 -20 -92 -455 -85 -335 -58 -6 -562 -370 -239 -166 524 -158 -316 -149 -274 -151 0
93 -18 -166 -23 -263 -407 -257 -92 -370 -239 524 -295 -437 -435 304 -177 -403 -261 -173 -339 -383 -322 -349 -455 -6 -85 -158 -335 -205 0
-18 168 -370 -435 -92 -232 -327 -349 -295 -356 -6 -49 -420 -298 -455 -85 -335 -239 -166 524 -149 -274 -23 304 -175 -130 -89 -263 -257 -437 -177 -403 -261 -173 -339 -383 -322 -472 0
-177 -374 -92 -455 -85 -349 -257 -370 -435 -49 -335 -239 -166 -23 -130 -261 -173 -305 -457 -523 -124 -394 0
484 -261 -349 -92 -305 -23 -435 -257 -370 -166 -239 -130 0
-261 -305 -23 -92 -435 -370 -349 -130 -166 -239 -257 0
-305 -239 -92 -257 -370 -130 -166 -435 -23 -349 0
-176 -177 -263 -407 0
176 -6 -455 -349 -322 -457 -19 -134 -130 -435 -149 -92 -335 -140 258 -85 -436 -239 -370 -59 -166 -304 -23 -263 0
-176 -407 -263 0
-436 -457 -349 -130 -435 -149 -92 -455 -85 -239 -370 -166 -23 -257 0
505 18 -92 -149 -437 -479 -349 -257 -485 0
-264 -261 -485 -443 -177 -204 -322 -403 -23 -263 -373 -319 -296 -339 -272 0
436 -312 -485 -322 -23 -263 -335 -6 -92 -149 -437 -479 -349 -257 -152 -234 -435 -90 -130 -382 -17 -230 -140 0
-149 -455 -130 -92 -166 -370 -257 -349 -435 -239 -23 0
91 -575 -400 -266 -505 -451 -435 -206 0
459 -53 -203 -266 -322 -261 -6 -335 -370 -436 -92 -505 -435 -206 -572 -538 -90 -403 -152 -468 -298 -157 -48 -544 -485 -410 0
457 -256 -435 -458 -485 -370 -166 -480 -261 -6 -90 -92 -562 -382 -505 -130 -410 0
16 -261 -322 -6 -335 -370 -92 -435 -206 -572 -538 -403 -152 -298 -157 -458 -166 -130 -239 -59 -455 -140 -257 -20 0
4 -466 -23 -298 -152 -417 -435 -311 -130 -166 -383 -370 -59 -335 -239 0
18 -298 -166 -130 -435 -152 -59 -157 -6 -23 -370 -335 -239 -320 -273 -349 -20 0
175 -6 -130 -370 -239 -166 -349 -435 -322 -455 -335 -92 -257 -23 0
-6 -176 -257 -92 -335 -23 -435 -370 -166 -322 -130 -239 -349 -455 0
6 -335 -257 -17 -20 -322 -370 -239 -166 -59 -349 0
434 -261 -206 -92 -230 -437 -140 -322 -340 -257 -20 -485 -17 -420 -458 -349 -410 -382 -130 0
-173 -172 -211 -572 -303 -177 -264 -322 -403 -23 -7 -263 0
173 -266 -458 -507 -514 -410 -485 -85 -322 -261 0
295 -173 -572 -303 -177 -264 -322 -403 -23 -211 -263 0
-266 -303 -567 -572 -432 -209 -202 -222 -322 -288 -507 -6 -564 -177 -264 -403 -23 -211 -263 -458 -514 -410 -485 -85 -261 0
-261 -410 -23 -458 -485 -6 -322 -572 -177 -263 -343 -234 -90 -435 -130 -320 -382 -349 -20 -17 -257 -230 -479 -140 -407 -437 -206 -152 -92 -340 -420 0
-335 -322 -166 -435 -455 -370 -92 -23 -130 -349 -257 -239 0
486 -402 -411 -576 -458 -124 0
404 -550 -525 -257 -140 -239 -87 -92 -435 -130 -166 -6 -484 -576 -458 -370 -313 -233 -540 -90 0
262 -382 -349 -23 -94 -130 -90 -405 -525 -257 -239 -87 -92 -435 -166 -6 -484 -576 -458 -370 -233 -157 -176 0
410 -382 -172 -562 -444 -529 22 -349 -322 -239 -525 -130 0
-6 -484 -458 -172 -444 -529 -349 -322 -239 -130 -233 -405 -23 -94 -257 -87 -92 -435 -166 -576 -370 -176 -5 0
-322 -455 -239 -349 -130 -23 -92 -435 -166 -370 -257 0
484 -261 -229 -370 -435 -436 -480 -166 -239 -59 -112 -206 -87 0
486 -6 -239 -112 -370 -480 -436 -505 0
259 -6 -239 -112 -436 -480 -92 -370 0
484 -436 -59 -435 -370 -166 -239 -112 -229 -480 -206 -87 0
-6 -455 -87 -484 -239 -112 -436 -480 -92 -370 -505 0
-455 -239 -370 -166 -92 -435 -257 -349 -130 -23 0
112 -524 -239 0
-524 -436 -370 -59 -166 -435 -239 -260 -6 -480 -92 0
-436 -480 -370 -166 -435 -6 -92 -130 -263 -140 -239 -260 -257 -59 -484 0
-480 -484 -370 -6 -456 -260 -86 -140 -92 -166 -435 -130 -263 -257 -59 -239 0
-484 -6 -370 -239 -130 -92 -435 -166 -349 -140 -86 -17 -257 -456 -260 -263 -59 0
484 -140 -166 -435 -370 -92 -257 -260 -86 0
-239 -130 -257 -370 -166 -349 -92 -435 -23 0
131 -574 -454 -50 -443 -419 -398 -411 -435 0
259 -436 -89 -130 -419 -435 -59 -257 -505 485 -524 -480 -166 -113 -349 -370 -92 0
-436 485 -166 -334 -435 -89 -130 -419 -59 -257 -505 -370 -524 -480 -113 -349 -92 0
-525 -384 -238 -524 -370 -130 -166 -59 -113 -480 -562 0
296 -444 -267 -572 -322 -281 -395 -320 -273 -172 0
17 -281 -297 -267 -322 -23 -395 -172 -94 -130 -411 -349 -453 -207 149 0
167 -18 -562 -349 -267 -322 -395 -172 -89 -130 -384 -92 -480 -435 -437 -59 -305 -23 -297 -411 -453 -207 -289 -496 -334 -370 0
16 -444 -322 -267 -591 -435 -305 -264 -403 -23 -177 -130 -273 -297 -395 -172 -92 -453 -474 -546 0
204 -444 -392 -322 -267 0
258 -125 -454 -82 -435 -305 -23 -130 -267 -150 -92 -349 -453 -207 -297 -395 -172 -458 -289 -166 -384 -370 -334 -562 -480 -437 239 -86 0
-6 -21 -17 -92 -349 -176 -444 -336 -261 -384 -4 -306 -86 -140 -486 -370 -480 -166 -435 -239 -59 -524 -436 0
484 -454 -261 -86 0
131 -411 -435 238 -114 -130 -240 -166 -370 0
-484 -8 -23 -296 -444 -349 -17 -21 -92 -176 -337 -267 -261 -507 -435 -524 -480 -256 -370 -168 -91 -486 0
-23 -444 -349 -92 -435 -524 -480 -370 -130 -166 -239 -59 -322 0
-238 -384 -17 -263 -349 -166 -92 -90 -524 -370 -322 -130 -59 -239 0
238 -334 -370 -239 -166 -59 -6 0
-334 -6 -524 -480 -370 -166 -17 -263 -349 -92 -322 -130 -59 -239 0
-525 -17 -166 -130 -263 -349 -92 -524 -370 -322 -59 -239 0
-17 -261 -444 -349 -92 -435 -370 -239 -166 -59 -480 -322 -130 -484 -524 0
-238 -261 -370 -299 -444 -435 -130 -263 -20 -166 -384 -305 -524 -322 -480 -59 -239 0
437 -18 -480 304 0
319 -401 -575 -125 -552 -490 -600 -380 0
-256 -44 -330 -118 -125 -575 -454 -444 -395 -320 -552 -490 -380 -31 -398 -53 -411 -231 -86 562 -5 -157 -480 436 -257 0
-261 -484 -480 -370 -239 -166 -59 -92 -435 -130 -322 -444 -524 -349 0
261 -524 -239 -166 -435 -370 -480 -59 -92 0
-238 -524 -130 -349 -92 -166 -370 -322 -59 -239 -435 -480 0
-17 484 -20 -370 -239 -166 -59 -349 -4 -261 -322 -564 -444 -384 -16 0
-444 149 -349 -480 -370 -239 -166 -59 -322 -92 -435 -130 -524 0
373 -591 -393 -267 -204 0
-206 -524 -480 -370 -239 -166 -59 -322 -92 -435 -130 -349 0
-484 -375 -267 -261 -507 -435 -524 -480 -256 -370 -168 -91 -486 0
-524 -349 -480 -370 -435 -92 -130 -166 -239 -59 -322 0
-458 -505 -256 -6 -370 -166 -480 -485 -562 -261 -92 -90 -382 -435 -130 -410 -459 0
335 -459 -130 -525 -256 -480 -92 -435 -6 -370 -166 -485 -562 -261 -382 -410 -90 0
167 -459 -410 -92 -130 -382 -166 -525 -114 -480 -60 -562 -507 -6 -335 -436 -370 -435 0
4 -158 -46 -507 -435 -130 -92 -6 -437 -261 -420 -87 -166 -141 -335 -370 -230 -89 -290 -51 0
-263 -273 -304 -396 -374 -322 -321 -173 -444 -297 -141 -507 -6 -46 -435 -130 -92 -437 -261 -420 -87 -166 -335 -370 -230 -89 -290 -51 -407 0
486 -261 -480 -92 -435 -256 -304 -322 -444 -6 -130 -525 -420 -166 -370 -230 -562 -349 -410 -382 -436 -114 -60 -485 -90 0
-507 -261 -370 -130 -166 -435 -230 -92 -485 -322 -340 -420 -349 -410 -382 -256 484 -444 -480 -562 -436 -6 0
-264 -329 -360 -312 -52 -474 -453 -148 -205 -403 -273 -177 -263 -322 -204 -173 -7 0
168 -263 -92 -261 -322 -340 -485 -420 -349 -410 -382 -130 -370 -166 -239 -435 484 -444 -141 -304 -453 -230 -204 -562 -480 -436 0
-263 -267 -322 -444 -349 -130 -382 -562 -230 -6 -141 -453 -92 -436 -435 -370 -166 -261 -340 -485 -420 -410 -239 484 -304 -480 0
-261 -444 -166 -92 -256 -435 -480 -130 -382 -322 -349 -525 -337 -304 -370 -239 -562 -230 -6 -436 -340 -485 -420 -410 -114 -60 -90 0
454 -267 -375 -576 -444 0
-444 -485 -370 -130 -166 -435 -436 -238 -92 -256 -480 -382 -322 -349 -525 -337 -304 -239 -562 -230 -340 -410 -60 0
-349 -59 -480 -92 -435 -370 -166 -322 -239 -130 0
-485 -263 -322 -444 -6 -435 -130 -92 -261 -166 -370 -562 -480 -436 -239 -59 -484 0
485 -436 -480 -166 -435 -239 -59 -6 -370 -92 0
-484 -436 -92 -480 -435 -562 -166 -130 -6 -370 -261 -239 -59 -322 -444 0
-525 -549 -400 -588 -415 -360 -532 -317 -577 -335 167 -370 -6 -263 -151 -304 -16 -256 -54 -25 -85 -496 -419 -398 -289 -239 -229 -114 -523 -480 -436 0
372 -256 -261 484 -59 -435 -370 -166 -239 -436 -480 -577 -6 -263 -16 -398 -130 -472 -410 -382 -321 -562 -92 0
-256 -410 -322 -263 -435 -130 -374 -398 -562 -392 -239 -92 -59 -480 -436 -166 -370 -261 484 -6 -321 0
479 -523 -370 -239 -436 0
-263 -436 -6 -92 -435 -370 -166 -322 -261 -562 -59 -239 -130 -374 -398 -392 -480 484 -321 0
-524 -436 -305 -370 -261 -486 -59 -6 -239 -166 -523 0
371 -407 -338 -435 -23 -92 -525 -166 -256 -272 -480 -194 -176 -305 -436 -130 -382 -562 0
-436 -562 -370 -435 -92 -166 -480 -130 -322 -444 -261 -6 -239 -59 0
-263 -157 -176 -370 -524 -444 -435 -130 -261 -384 -166 -238 -305 -20 -322 -480 -59 -239 -264 0
-256 -311 -395 -455 -271 -176 -370 -444 -435 -130 -261 -384 -166 -322 -480 -59 -239 -221 -431 -577 -150 -115 -151 -16 -525 410 436 0
-305 -320 -484 -395 -261 -374 -8 -338 -263 -370 -524 -444 -435 -130 -384 -166 -238 -20 -322 -480 -59 -239 -304 0
-486 -507 -6 -261 -336 -484 0
-263 -336 -6 -458 -85 -261 -484 -229 -139 -8 -338 -370 -524 -444 -435 -130 -384 -166 -238 -322 -480 -59 -239 -304 -207 -92 -176 0
-525 -384 -6 -370 -444 -435 -130 -261 -166 -322 -480 -59 -239 -92 436 -531 -96 -90 -411 0
17 -133 -53 -77 -472 -356 -453 -457 -207 -330 -150 -45 -21 0
-149 -491 -261 484 -379 -496 -321 -289 -150 -92 0
-562 -6 -92 -435 -166 -322 -59 -261 -370 -239 -444 -130 -480 0
-436 479 -480 -239 -370 0
168 -524 -239 -370 -59 0
306 -466 167 -370 -6 -335 -295 -273 -263 -151 0
-263 -87 -229 436 -480 -304 167 -370 -6 -335 -295 -151 -319 -21 -92 0
486 -21 -16 -271 436 -480 167 -370 -6 -335 -295 -151 -92 -166 -239 -524 -395 0
264 -598 -257 -267 -521 -124 -118 -491 -346 -325 -379 -133 -129 -493 -76 -8 -421 -295 -158 -271 -176 0
-6 -444 -92 -130 -59 -435 -166 -370 -239 -480 -322 -261 0
-256 -44 -330 -118 -444 -395 -320 -380 -31 -398 -53 -411 -231 562 -5 -157 -480 436 -51 -217 -455 -486 -267 -507 0
485 -85 -261 -455 0
304 -518 -221 -325 -451 -267 -320 -507 -458 -395 -51 -486 -261 -455 -330 -118 -444 -398 -53 -411 -231 562 -5 -480 436 -129 -8 -271 -176 -263 0
-263 -330 -271 -374 -267 -507 -395 -486 -261 -455 436 -480 -16 -306 -221 -325 -51 -444 -398 -53 -411 -231 562 -5 -129 -8 -176 -21 -207 -92 0
43 -552 -574 -176 -217 -124 -345 -404 -73 -416 -330 -311 0
148 525 -239 -166 -23 -131 -435 -370 -130 -311 -358 -317 -398 -536 -450 -491 -514 -455 -574 -124 -330 -45 -176 -217 -345 -404 -73 -598 -321 -21 0
-444 -261 -166 -435 -370 -130 -480 -239 -92 -322 -59 0
-486 -484 -375 -261 -435 -322 -480 -370 -239 -59 -166 -436 -92 0
486 -458 -370 -92 -130 -382 -480 -436 -435 -261 -239 -59 -166 0
-524 -6 373 -322 -206 -261 -486 -393 -435 -370 -436 -239 -166 -59 -523 0
-507 -410 -411 -16 -485 -370 -130 -166 -435 -206 -92 -256 -176 -382 -480 -562 -436 -335 -265 -6 -505 0
-6 -263 -370 -436 -92 -435 -322 -130 -166 -176 -480 -261 -239 -59 0
6 -562 -59 -382 -239 0
506 -332 -320 -49 -399 -82 -435 -382 -92 -130 -480 -436 -202 -370 -59 -124 -239 -574 -322 -335 -265 0
-524 -486 -436 -370 -261 -6 -59 -166 -239 -523 -322 373 -393 -435 0
-176 -420 -463 -516 -119 -435 -21 -166 -370 -525 -92 -480 -436 -130 -304 -322 -261 -239 -59 0
-486 -436 -92 -130 -480 -435 -370 -166 -322 -261 -239 -59 0
-436 -261 -435 -92 -130 -322 -166 -370 -480 -239 -59 0
-256 -229 -204 -375 -207 -261 -150 -336 -6 -486 -21 -16 -267 436 -480 0
-507 -486 -112 -6 -261 -239 -336 0
-523 -230 -399 -130 -435 -114 -166 -370 -529 -239 -524 0
-486 -6 -150 -267 -204 -21 -375 -16 -261 -166 -370 -239 -399 -130 -435 -114 -529 -524 -139 -207 -336 0
-256 -459 -577 -456 -174 -514 -261 -150 -336 -21 -151 -267 -6 -16 -304 -435 -370 -484 -507 -168 -480 436 0
-6 -393 -267 -204 -16 -271 436 -480 -370 -21 -92 -166 -239 -375 -174 -456 -261 -577 -435 -168 -399 -130 0
485 -267 -375 -507 -261 0
-261 -59 -130 -435 -166 -370 -239 -92 -322 -480 0
266 -569 -340 -317 -158 -537 -254 524 -256 -411 -397 -267 261 -576 -322 0
306 -75 -92 -106 -97 -82 -220 -314 -430 -552 -496 -577 -598 524 -486 -256 -411 -116 -152 -16 0
-59 -239 -92 -370 -130 -322 -166 -435 -480 0
-524 -113 -523 -239 0
375 -498 -230 -205 -140 -264 -256 -177 -261 484 -443 -337 0
-507 484 -485 -305 -370 -130 -166 -89 -435 -349 -322 -374 -230 -256 -177 -261 91 -337 -335 -141 -6 0
-140 -16 -6 -312 -204 -52 -453 -148 -205 -403 -329 -177 -322 -173 -7 -335 -349 -230 375 -256 -261 484 -337 -562 -397 -305 -141 0
-16 375 -316 -562 -532 -312 -204 -52 -453 -148 -205 -403 -329 -177 -322 -173 -7 -305 -152 -349 -46 -130 -370 -166 -239 -92 -435 -256 -335 -230 -6 -261 484 -337 -397 -141 0
375 -204 -148 -173 -205 -7 -177 -435 -305 -403 -322 -130 -316 -562 -532 -312 -52 -453 -329 -152 -349 -46 -370 -166 -239 -92 -256 -335 -230 -6 -261 484 -337 -397 -141 0
484 -261 -370 -166 -239 -92 -435 -349 -130 -173 -322 -374 -177 -305 -403 -316 -562 -532 -312 -52 -329 -46 -256 -335 -230 -6 -337 -141 -400 -485 -89 91 0
-267 -202 -573 -507 -452 -265 -322 -374 0
373 -396 -374 -322 -321 -173 -130 -370 -166 -239 -92 -435 -349 -562 -141 -6 -507 -397 -547 -535 -400 -574 -573 -452 0
-261 -239 -130 -370 -166 -322 -92 -435 -349 -141 -562 -6 -437 -420 -46 -335 -230 -89 -337 -400 -457 -485 -177 -305 -403 -316 -532 -312 -52 -256 91 -259 0
266 -305 -397 -141 -177 -256 -158 524 -486 -411 -456 -576 -322 -267 -375 0
139 -177 -264 -158 -205 -316 -152 -349 -260 484 -305 -574 -397 -116 -443 -457 -515 -92 -499 -50 -82 -230 0
-239 -322 -130 -370 -166 -435 -92 -480 0
-525 -562 -238 -370 -130 -166 -59 -524 -480 -113 0
444 -400 -549 -435 -574 -531 -454 -397 0
168 258 -395 -82 -435 -305 -125 -130 -267 -150 -92 -454 -453 -207 -297 -172 -458 -289 -166 -384 -370 -334 -562 -480 -437 239 -86 -443 -549 -574 -397 -157 0
211 -107 -98 -549 -551 -588 -299 -471 -467 -597 -527 0
306 -588 -549 -213 -73 -146 -600 -276 -297 -395 -89 -305 -322 -172 -267 -18 -130 -384 -92 -480 -435 -437 -59 -562 167 -411 -453 -207 -289 -496 -334 -370 -443 -397 -121 -102 -342 0
-349 -588 -549 -213 -450 -600 -397 -73 -128 -146 -111 -395 -276 -338 -499 -443 -297 -262 17 -89 -305 -322 -172 -267 -18 -130 -384 -92 -480 -435 -437 -59 -562 167 -411 -453 -207 -289 -496 -334 -370 0
-230 -443 -130 -562 -92 -480 -435 -146 -338 -499 -322 -172 -267 -207 -334 -370 -203 -280 -166 -150 -454 -574 -157 -438 -256 -505 485 0
407 -276 -267 -322 -444 -203 -290 -589 -207 0
306 -321 -453 -150 -92 -458 -176 -267 -322 -444 -203 -290 -589 -207 -349 -403 -384 -151 -59 -17 0
-444 -280 -203 -92 -267 -322 -290 -589 -304 -403 -384 -130 -435 259 -505 485 -480 -166 -436 -370 -443 0
374 259 -267 -322 -130 -435 -92 -505 485 -480 -166 -370 -256 -562 -334 -157 0
304 -349 -322 -204 -130 -267 -207 -92 -435 -305 -150 -454 -172 -166 -370 -334 -562 -480 -339 485 -505 -256 0
-263 -153 -322 -130 -435 -204 -92 -397 -18 -505 485 -523 -60 259 -480 -166 -349 -370 -339 -264 0
-349 -305 -435 -130 -267 -92 -166 -370 -334 -562 -480 -256 485 -505 -339 -322 -204 -397 259 0
-230 -263 -576 -267 -302 -172 -322 -204 -147 -531 -92 -403 -435 -232 -588 -166 -238 -370 -524 -297 -305 -271 -339 -480 -16 -84 -438 -256 -231 -505 485 -523 0
-263 -496 -157 -305 -317 -92 -370 259 -256 -480 -84 -576 -267 -302 -322 -204 -147 -531 -403 -435 -232 -588 -166 -238 -524 -297 -271 -339 -16 -231 -505 485 -523 0
-206 -96 -370 -524 -166 -435 -238 -267 -403 -576 -23 -125 -297 -172 -328 -272 -350 -18 -322 -73 -204 -147 -275 -453 -407 -321 -207 -92 0
-305 -397 -370 -334 -322 -435 -267 -92 -256 -480 -157 -505 485 -562 -130 -261 -166 0
323 -304 -92 -267 -322 -444 -436 -290 -403 -384 -130 -435 259 -505 485 -480 -166 -370 -443 0
-397 485 -92 -267 -130 -435 -505 -322 -480 -166 -370 -261 -256 -334 -157 -562 0
485 -267 -480 -370 -92 -261 -256 -166 -130 -435 -505 -322 -334 -157 -562 0
-206 -207 -204 -322 -457 -267 -52 -85 -505 -256 -480 -437 -92 0
551 -574 -379 -124 -321 -491 -600 -400 0
298 -551 -234 -411 -400 0
-263 -379 -491 -321 260 -486 -51 -444 -537 -297 -177 -322 -204 -403 -7 -234 -411 -400 -124 -256 -92 239 -261 -167 58 -436 -384 -523 -83 -46 -157 -407 0
454 -178 -575 260 -486 -51 -444 -349 -537 -272 0
-454 -83 -157 -256 -92 239 -261 -167 58 -436 -384 -523 -46 484 0
-349 -379 -491 -321 454 260 -486 -51 -444 -537 -272 -350 0
230 -545 -495 -256 -321 -486 -51 -157 -92 239 -261 -167 58 -436 -384 -523 -46 484 -117 -152 -297 -177 -322 -204 -403 -7 -234 -411 -400 -407 -397 0
-263 -273 -321 -234 -411 -400 -300 -600 -173 -177 -322 -204 -403 -264 -7 0
-273 -444 -400 -435 -130 -59 -6 -256 -230 -505 -46 168 -437 -92 -411 -374 -576 -305 -232 -300 -600 -7 -321 -297 -173 -322 -204 -403 -264 0
43 -156 -360 -330 -312 0
273 -18 -350 -43 0
-436 -290 -400 -435 -130 -6 -256 -46 168 -437 -92 -411 -232 -322 -403 -52 -267 -231 -486 239 -261 -167 58 -384 -523 484 -407 -531 -96 -149 0
-263 -338 -204 -173 -374 -297 -322 -435 -264 -177 -403 -305 -130 0
7 -153 -435 -403 -96 -23 0
576 -153 -403 -538 -435 -124 -549 -400 0
-321 -444 -435 -531 -517 -419 -73 -360 -156 -600 -350 -18 -400 -130 -59 -6 -256 -230 -505 -46 168 -437 -92 -411 -374 -7 -305 -232 -300 -576 -153 -297 -173 -322 -204 -403 -264 -319 0
-444 -280 -99 -400 -124 -374 -455 -314 -571 -73 -204 -276 -300 -82 -23 -7 -297 -394 -272 -435 -531 -517 -419 -360 -156 -600 -350 -18 -130 -59 -6 -256 -230 -505 -46 168 -437 -92 -411 -305 -232 -576 -153 -173 -322 -403 -264 -319 0
206 -267 -400 -314 -435 -130 -6 -256 -46 168 -437 -92 -411 -322 -231 -480 -486 239 -261 -167 58 -523 484 0
-264 -408 -177 0
-267 -256 -322 -92 -261 -435 -480 -130 -6 -166 -370 0
-256 -6 -261 -130 -166 -435 -480 -370 -322 -92 0
-436 -263 -204 -264 -297 -322 -435 -338 -403 -305 -130 -261 -166 -370 -92 -437 0
167 -375 -403 -204 -153 -261 -435 -263 -157 -6 -370 -175 0
-374 -263 -338 -204 -264 -297 -322 -435 -261 -177 -403 -305 -130 0
-263 -444 -261 -204 -264 -322 -435 -403 -305 -130 -166 -370 -6 -92 -480 0
271 -466 -314 -519 -565 -220 -430 -37 -23 -578 -598 -394 -7 -350 -321 -297 0
-436 -52 -261 -360 -312 -350 -18 -272 -314 -23 -598 -7 -297 -419 -20 -531 -153 -403 -538 -435 -549 -400 -207 -486 -92 -370 -335 -437 0
271 260 -360 -272 -486 -419 -444 -312 -82 -576 -276 -403 -16 -150 -453 -457 -207 -374 -322 -204 -538 -267 -52 -7 -92 17 -350 -321 -297 0
320 -328 -99 -588 -73 -549 -154 -7 -326 -297 -23 -520 -403 -124 -576 -392 -276 -267 -204 -322 -20 -289 -150 -92 0
260 -321 -52 -538 -453 -403 -207 -150 -261 -99 -588 -73 -549 -7 -326 -297 -23 -520 -276 -267 -204 -322 -289 -92 -360 -444 -312 -272 -350 -18 -486 -419 -82 -16 -457 -374 -435 -153 -400 0
485 17 -52 -444 -457 -85 -261 0
-167 -374 -322 -82 -444 -272 -403 -261 -588 -297 -23 -289 -92 -360 -16 -204 -435 -400 -85 -598 -370 -437 -166 -384 -130 -505 -139 -334 -562 -480 -305 -176 -264 0
574 -538 -23 -172 -403 -322 -297 -267 -125 0
273 -321 -403 -598 -23 -311 -582 -98 -549 -400 -125 -575 -172 -322 -297 -267 -411 -176 -46 -157 -318 -59 -384 -349 0
-374 -444 -403 -261 -204 -322 -400 -82 -6 -92 -435 -370 -289 -166 -130 -480 -305 -264 0
-444 -305 -261 -400 -403 -82 -92 -204 -322 -6 -435 -370 -289 -166 -130 -480 -264 0
373 -267 -530 -562 -92 -480 -435 -437 -238 -370 -524 -166 -400 -505 -456 -334 -130 -261 0
-267 -375 -289 -92 -261 -393 -456 -85 -204 -530 -562 -480 -435 -437 -238 -370 -524 -166 -400 -505 -334 -130 0
444 -289 -85 -204 -505 -322 -261 -92 -562 -480 -435 -437 -370 -166 -400 -334 -130 -397 0
259 -230 -92 -166 -370 -261 -400 -403 -322 -6 -435 -130 -480 -204 0
-264 -262 -261 -400 -403 -82 -92 -204 -322 -6 -435 -370 -289 -166 -130 -480 -444 0
264 -312 -403 -394 -297 -444 -350 -16 -304 0
-230 -400 -204 -261 -322 -403 -92 -6 -435 -370 -166 -130 -480 0
373 -266 -322 -204 0
141 -204 -297 -16 -338 -322 -403 -384 -238 -370 -524 -166 -334 -261 -486 -505 0
-204 -403 -370 -166 -130 -435 -322 -261 -92 -6 -480 0
259 -444 -403 -598 -400 -322 -297 -411 -46 -157 -59 -384 -370 -166 -238 -524 -16 -92 -231 -266 -139 -393 -505 -334 -261 -85 -486 -375 0
-444 -400 -435 -411 -157 -16 -92 -384 -437 -238 -370 -524 -139 -166 -505 -338 -486 -322 204 -334 -261 -403 -598 -297 -46 -59 -231 -85 0
260 -351 -16 -92 -384 -437 -238 -370 -524 -400 -139 -166 -505 -338 -456 -322 204 -334 0
-400 204 -562 -92 -480 -435 -437 -130 -139 -505 -85 -261 -384 -370 -166 -338 -322 -16 -334 -157 -403 -598 -297 -46 0
400 -85 -261 -6 -486 -334 -370 -166 -524 -238 -130 -435 -411 -89 -384 -59 0
90 -411 -238 -370 -524 -166 -562 -92 -480 -435 -437 -130 0
-6 -261 -480 -435 -130 -92 -370 -166 -322 0
259 -485 -524 -370 -113 -336 0
-384 168 -5 -480 -339 -166 -130 -59 -524 -140 -370 -238 -564 -403 -444 -297 -394 -16 0
-167 -16 -339 -92 -480 -297 -435 -130 -166 -370 -564 -403 -444 -394 -140 239 -523 0
410 -391 -106 -330 -120 -496 -85 -201 -414 -52 -73 -109 17 -349 -520 -457 0
320 -391 -520 -109 -201 -493 -421 -8 -23 -216 -345 -315 -552 -217 -264 -274 -508 -403 -415 0
21 -579 -315 -586 -151 -261 484 -455 -552 -508 -403 -444 -598 -415 -319 -520 -109 -201 -493 -421 -8 -23 -216 -345 -217 -264 -204 -322 0
-349 -537 484 -496 -486 260 -272 -261 -125 -419 -207 -150 -315 -586 -151 -552 -508 -403 -598 -520 -109 -493 -8 -23 -216 -345 -264 -204 -322 -452 -266 -342 -92 -311 -16 -350 0
-108 -580 -315 -97 -552 -106 0
410 -290 -231 -317 -147 -496 -97 -73 -315 -552 -106 -333 -280 -571 -204 -414 -392 -109 -520 0
405 -39 -221 -431 -209 -151 0
Solved
