82 -296 -178 -249 0
350 -316 -194 -178 -334 -313 -214 -175 -1 -16 -328 -238 0
249 -297 -178 -83 0
-316 -194 -313 -178 -13 -121 -79 -334 -214 -175 -145 -1 -16 -328 -238 -349 -304 0
215 -148 -334 0
-148 -334 -214 0
176 -27 -156 -287 -304 -313 -118 -113 -262 0
83 -177 -118 -156 -304 -313 -113 -173 -249 0
-178 -177 -118 82 -249 0
305 -136 -23 -55 -40 -278 -102 -7 -45 -213 -333 -90 0
25 -62 -38 0
119 -286 -304 -23 -55 -40 -278 -102 -7 -45 -169 -236 -193 -113 -263 -313 -139 0
336 -118 -304 -313 -349 -238 -316 -16 -13 -1 -121 -214 -79 0
263 -13 -313 -121 -79 -334 -214 -145 -1 -16 -238 -349 0
229 -181 -304 -332 -255 -40 -74 -24 -279 -55 -136 -357 -192 -261 0
331 -309 -101 -255 -44 0
88 -357 -281 -261 -250 -72 -189 -233 -340 -320 -155 -74 -279 -304 -91 -332 -101 -44 -230 -40 -24 -55 -136 -244 -276 -257 -212 0
120 -340 -250 -313 -13 -121 -79 -334 -214 -145 -1 -16 -238 -349 0
264 -176 -140 0
367 -214 -313 -79 -250 -145 -1 -16 -349 0
316 -168 -163 -366 -332 -107 -10 -304 -155 -29 -353 -150 -214 0
229 -102 -123 -40 -15 -309 -261 0
-44 -40 -168 331 -211 -169 -230 -123 -276 -15 -261 -189 -86 -349 -366 -328 -7 0
231 -61 -37 0
212 -321 -307 -74 -253 -169 0
44 -86 -250 -189 -253 -227 -211 -169 -181 -261 -69 -230 -155 -288 -107 -83 -328 -7 0
180 331 -123 -202 -15 -366 -24 -7 -168 -276 -211 -230 -261 -189 -349 -328 -250 -227 -181 -69 -155 -288 -107 -247 -194 0
-44 -40 -233 -189 -163 -143 -168 331 -211 -169 -230 -123 -276 -15 -261 -10 -349 -366 -328 -7 0
44 -169 -328 -250 -189 -253 -227 -211 -349 -181 -261 -69 -230 -155 -288 -107 -83 -7 0
-169 331 -24 -233 -189 -163 -168 -202 -211 -230 -123 -276 -15 -261 -10 -349 -366 -328 -7 -250 -227 -181 -69 -155 -288 -107 -83 -171 0
101 -244 -192 -15 -261 -123 0
306 -276 -15 -168 -123 -261 -250 -189 -349 -366 -328 -247 -7 -24 -233 -163 -202 -230 -10 -227 -155 -107 -297 -194 -179 -332 -89 0
67 -25 -230 -155 0
333 -211 -169 -349 -328 -107 -155 -68 -230 -189 -250 -10 -29 -342 -276 -244 -34 -123 -202 -15 -24 -279 -91 -44 0
-40 -211 -276 -169 -233 -189 -163 -168 -44 331 -230 -123 -15 -261 -10 -349 -366 -328 -7 0
-211 -44 -244 -34 -123 -202 -15 -24 -169 -233 -189 -163 -168 -276 -230 -261 -10 -349 -366 -328 -7 -332 -107 -155 -68 -250 -29 -342 -279 -91 0
92 -40 -15 -24 -279 -123 0
22 -55 -279 -206 0
262 -332 -202 -163 -230 -10 -349 -250 -79 -304 -179 -214 -145 -16 -1 -313 -176 -119 0
306 -7 -44 -364 -332 0
-7 -282 -169 -230 -261 -1 -214 -364 -148 -304 -44 -332 0
108 -154 -145 0
-7 -44 -313 -114 -367 -145 -16 -1 -214 -364 -148 -304 -10 -332 0
107 -154 -145 0
140 -304 -145 -16 -1 -214 -79 -349 -313 -10 -202 -163 -250 0
333 -155 -230 -304 -140 0
305 -366 -1 -230 -7 -140 -44 -155 -333 0
154 -175 -313 -230 -140 -90 -1 -214 -107 0
-175 -107 -90 -313 -169 -230 -140 -1 -16 -145 -155 -214 -288 0
175 -338 -1 -214 -44 -150 -69 -7 -230 -366 -140 0
231 -175 -349 -155 -145 -313 -230 -140 -90 -1 -214 -288 -16 0
332 -366 -10 -349 -79 -44 -214 -16 -250 -145 -7 -1 -90 -313 -230 -140 -155 -288 -150 -69 0
-366 -155 -230 -140 -1 -16 -145 -313 -214 -7 -349 -44 -10 -79 -250 -304 0
-155 -230 -214 -1 -140 -304 -7 -16 -145 -313 -349 -44 -10 -79 -250 0
27 -61 -37 0
121 -40 -307 -102 -14 0
229 -23 -14 -122 -26 -260 0
-230 -7 -140 -1 -16 -145 -214 -304 -313 -349 -44 -10 -79 -250 0
-176 -175 -140 -120 0
176 -155 -44 -90 -7 -304 -214 -68 -140 -145 -16 -1 0
-155 -30 -145 -10 -367 -214 -120 -140 -44 -90 -7 -304 -68 -16 -1 0
-7 -44 -10 -214 -140 -145 -304 -16 -1 -313 -349 -79 -250 0
-175 -176 -230 -140 -1 -214 -145 -304 -106 -364 -313 0
-154 -106 -145 0
-176 -230 -140 -1 -214 -145 -304 -106 -364 -313 0
3 -352 -316 0
7 -214 -1 -145 0
-83 -248 -84 -178 -297 0
-175 -286 -7 -88 -230 -364 -313 -140 -176 0
29 -233 -342 -10 0
304 -175 -7 -230 -313 -140 -176 0
-175 -176 -155 -140 -1 -16 -145 -214 -313 -349 -10 -79 -250 -230 0
-304 -317 -113 -353 -89 -305 -1 -16 -145 -214 -140 -313 -349 -230 -10 -79 -250 0
-176 -155 -16 -145 -214 -140 -313 -349 -230 -10 -79 -250 -1 0
-155 -230 -140 -1 -16 -145 -214 -313 -349 -10 -79 -250 0
-230 -140 -313 -1 -16 -145 -214 -349 -10 -79 -250 0
146 29 -367 -10 0
27 -62 -38 0
334 -155 -367 -10 -145 -30 0
-176 -263 -140 -120 0
22 -55 -278 -207 0
-140 -202 -313 -79 -145 -214 -16 -1 -10 -349 -250 0
13 -278 -302 -79 -205 -123 -24 0
92 -123 -24 -15 -302 -79 -205 0
13 -24 -302 -79 -205 -123 0
156 -230 -302 -79 -205 -93 -367 -16 -145 0
370 -145 -79 -1 -313 -250 0
147 -176 -1 -140 -145 -214 -230 -313 -155 -16 0
154 -304 -1 -230 -140 -155 -313 -107 -214 -145 -176 0
-175 -304 -214 -317 -30 -333 -313 -140 -176 0
334 -30 -10 -145 -155 0
-176 -16 -214 -313 -230 -155 -10 -145 -370 -1 -140 0
-16 -155 -79 -230 -140 -214 -10 -145 -1 -313 -250 0
-175 -333 -370 -214 -176 -10 -313 -140 -304 -1 0
-304 -176 -370 -10 -145 -155 -230 -1 -140 -214 -313 0
24 -71 -6 -192 -103 -246 -344 -137 -303 -55 -205 0
-176 -22 -259 -1 -214 -370 -145 -230 -313 -10 -155 -140 0
-155 -10 -145 -313 -140 -230 -214 -1 -79 -250 0
-334 -176 -140 -1 -214 -335 0
-175 -304 -148 -370 -214 -176 -10 -313 -140 -1 0
-304 -14 -122 -26 -214 -148 -68 -230 -140 -370 -176 -10 -313 -1 0
-148 -145 -230 -175 -313 -140 -1 -214 -304 -176 -10 0
148 -89 -304 -331 -230 -140 -113 -336 -317 0
15 -40 -26 -178 -297 -248 -288 -240 -367 -122 0
212 -349 -240 -248 -178 -195 -171 0
25 231 0
-175 -230 -304 -313 -140 -1 -214 -176 -10 0
-155 -113 -313 -10 -1 -214 -364 -148 -304 -67 0
-230 -304 -214 -1 -313 -10 -140 -176 0
-304 -10 -1 -214 -313 -140 -176 0
2 -338 -280 -259 -316 -214 0
-145 -155 -1 -214 -176 -313 -10 -140 0
30 -266 -364 -338 -8 3 -113 -88 -313 0
-155 -10 -313 -140 -176 -1 -214 0
2 -7 -169 -113 -295 -180 -248 -239 -18 0
-145 229 -10 -26 -28 -214 -1 -113 -295 -180 -248 -367 -146 0
29 -254 -286 -169 -267 -338 -281 -183 -187 -373 -88 -232 -313 -10 0
229 -10 -313 -214 -1 -140 -176 0
-10 -313 -214 -1 -140 -176 0
156 -7 -28 -364 3 -113 -231 -333 -306 -313 -295 -180 -248 -351 -187 -260 -367 -232 -145 0
229 -252 -375 -228 -79 -122 -14 -26 -260 0
-145 -231 -79 -187 -367 -232 -154 -28 -364 3 -113 -333 -306 -313 -295 -180 -248 -351 -214 -1 0
14 -172 -248 -367 -239 0
122 -212 -169 -254 -248 -307 -8 -239 -228 -44 -367 -282 -102 0
-26 229 -367 -239 -23 -260 -248 -122 -27 0
229 -367 -239 -23 -260 -248 -27 -8 -313 -28 -364 3 -113 -333 -306 -69 0
3 -313 -214 -1 -140 -176 0
-230 -304 -155 -229 -1 -140 -176 -313 -26 -214 -145 0
230 -26 0
213 -105 -195 -73 -171 -355 -256 -254 0
Solved
