404 -359 -298 -217 -166 -67 -271 -235 -106 -176 -391 -34 -313 0
62 -313 -136 -217 -166 -235 -106 -391 -34 -124 -403 -298 -67 -271 0
107 -155 -136 -166 -67 0
-313 -298 -124 -235 -34 -403 -136 -391 -166 -67 -106 -400 -415 -412 -61 -217 -271 0
168 -415 -412 -406 -235 -34 -400 -109 -391 -67 -136 -166 -298 -106 0
421 -166 -235 -34 -124 -391 -67 -136 -106 -217 -412 -406 -109 -403 -61 -271 0
108 -166 -412 -406 -109 -250 -271 -70 -217 -235 -34 -136 -391 -43 -67 0
-166 -250 -412 -406 -43 -70 -271 -190 -235 -34 -109 -391 -67 -136 -106 -217 0
68 -100 -124 -109 -298 -190 -217 -235 -34 -391 -106 0
427 -109 -190 -217 -235 -34 -391 -106 -67 -412 -406 -43 -70 -271 -136 0
69 -109 -412 -406 -61 -190 -271 -217 -235 -34 -391 -106 0
-109 -391 -412 -406 -190 -271 -217 -235 -34 -61 -106 -67 0
236 -187 -190 -271 -97 -67 -25 -106 -34 -184 -391 -217 0
-391 -67 -271 -97 -190 -25 -106 -34 -217 -235 -412 -406 -61 0
304 -317 -61 -286 -342 -424 0
350 -342 -185 -150 -122 -159 -61 -286 -424 -223 -19 -433 -259 -136 0
300 -49 -112 -58 -390 -61 -286 -10 -412 -73 -406 -301 -122 -153 -111 -324 -351 -185 -150 -159 -223 -19 -433 -167 0
397 -390 -433 -185 -61 -19 -159 -223 -167 -112 -58 -351 -286 -412 -73 -406 -301 -122 -153 -324 -326 -190 -271 -206 0
199 -300 -326 -190 -73 -271 -301 -159 -206 -122 0
299 -155 -351 -167 -433 -324 -110 -380 -185 -301 -73 -358 -49 -61 -159 -340 -150 -105 0
-300 -380 -159 -167 -351 -433 -324 -185 -301 -73 -61 -326 -271 -153 -190 -122 -200 -206 0
35 -153 -58 -61 -286 -412 -73 -406 -301 -112 -324 -351 -185 -159 -223 -19 -433 -167 -190 -271 -206 -399 -97 -25 0
192 -103 -412 -406 -61 -283 -271 -242 -109 0
298 -283 -334 -366 -185 -271 -190 -412 -406 -61 -327 -155 107 -67 0
191 -111 -351 -412 -324 -61 -327 -340 -167 -55 -298 -185 -155 -271 -199 -406 0
192 -122 -324 -185 -351 -159 -61 -286 -223 -19 -433 -327 -167 -298 -271 -199 0
-122 -327 -412 -406 -61 -55 -185 -271 -190 -286 -223 -19 -433 -334 -366 107 -67 -153 -123 0
109 -189 -204 -317 -79 -395 -374 -406 -195 -284 -286 0
177 -358 -61 0
111 -295 -226 -177 -334 -185 0
191 -300 -395 -406 -284 -286 -226 -334 -185 -61 -351 -112 -324 -58 -389 -327 -50 -11 -271 0
110 -149 -185 -159 -346 -223 -4 -19 -433 -125 -260 -137 -230 -167 -334 -154 0
-300 -198 -286 -406 -284 -185 -159 -346 -223 -4 -19 -433 -230 -167 -334 -154 -351 -112 -324 -58 -389 -327 -50 -11 -271 -200 -190 -395 -226 -61 0
237 107 -19 -433 -190 -271 -286 -406 -4 -334 -112 -58 -226 -61 -73 -301 -412 -223 -67 -97 -25 -34 -217 0
-185 -110 -226 -295 -334 -177 -186 0
168 -352 -154 0
150 -154 -19 -305 -433 -167 -223 -351 -324 -325 0
109 -105 -300 -148 -19 -305 -433 -167 -223 -351 -324 -325 0
149 -305 -61 -358 -223 -105 -300 -189 0
299 -315 -403 -40 -419 -96 -124 -105 0
107 -403 -61 -34 -25 -97 -67 -19 -433 -223 -226 -334 -190 -271 -217 -235 -286 -406 -4 -112 -58 -73 -301 -412 0
349 -340 -61 -148 -190 -271 -103 -223 -19 -433 -323 -260 -137 0
272 -122 -185 -340 -304 -61 -412 -406 -103 -271 -109 -243 -190 0
327 -185 -226 -61 -334 -109 -190 -271 -340 -304 -412 -406 -103 -34 -25 -97 0
-185 -340 -304 -61 -412 -406 -103 -271 -109 -190 -199 -158 -148 -325 -226 -334 -34 -25 -97 0
298 -412 -271 -190 -61 -406 -158 -226 -334 -34 -25 -97 -323 -350 -223 -19 -433 -168 0
273 -185 -235 -217 -226 -398 -334 -61 -190 0
199 -206 -398 0
341 -126 -350 -19 -323 -223 -433 -325 -150 -158 -185 -358 -61 0
-185 -350 -61 -323 -58 -97 -73 -25 -301 -34 -19 -223 -433 -158 -298 -398 -190 -271 -235 -217 -226 -334 0
326 -138 -433 -44 -168 -154 -301 -152 -73 -122 -49 -34 -158 -25 -150 -97 0
167 -352 -154 0
137 -150 -223 -305 -19 -53 -433 -126 0
401 -49 -301 -73 -122 -58 -152 -373 -154 0
408 -401 -423 -117 -197 -79 -430 -412 0
192 -412 -61 -406 -197 -301 -73 -58 -152 -176 -298 -398 -271 -110 0
104 -150 -73 -152 -323 -79 -53 -350 -168 -197 -305 -433 -4 -61 -200 -223 -19 -301 -358 -298 0
201 -342 -298 -122 0
306 -122 -40 -4 -19 -433 -223 -305 -53 -150 -168 -154 -350 -323 -325 -97 -25 -34 -94 -200 -298 -309 0
304 -94 -168 -433 -19 -4 -350 -40 -403 -223 -305 -53 -150 0
-122 -150 -200 -298 -40 -4 -19 -433 -223 -305 -53 -152 -168 306 -350 -323 -325 -97 -25 -34 -94 -309 0
-150 -158 -325 -49 -97 -73 -25 -301 -34 -200 -298 -40 -4 -19 -433 -223 -305 -53 -152 -168 -350 -323 -309 -403 -105 -79 -197 -61 -358 0
121 -286 -19 -305 -433 150 -223 -167 -154 -325 -424 -352 -61 -341 -152 0
52 -136 -369 -125 0
439 -406 -4 -61 -112 -58 -301 -19 -223 -34 -97 -271 -190 -235 -217 -334 -106 0
173 -78 -254 -223 -150 0
-53 -136 -368 -54 -223 -150 -19 -305 -433 -126 0
166 -105 -271 -190 -61 -186 -368 -54 -223 -150 -19 -305 -433 -126 -188 -342 -142 -261 0
255 -223 -19 0
306 -126 -136 -53 -223 -19 -305 -433 -150 0
123 -325 -439 -414 -351 -44 -150 -379 -369 -301 -76 0
148 -76 -369 -83 0
349 -295 -334 -226 -221 -439 -106 -70 -324 0
-325 -79 -131 -61 -342 304 -371 -351 -334 -226 -221 -439 -106 -70 -18 -194 -188 -110 -190 -201 -242 -122 -326 -414 -44 -150 -379 -369 -301 -76 0
243 -271 -190 0
121 -358 -105 -61 -342 -122 -200 0
306 -184 -136 -126 -223 -19 -305 -433 -150 0
349 -69 -324 0
191 -324 -190 -61 -223 -150 -19 -305 -433 -342 -136 -350 -271 -301 -122 0
173 -368 -150 -254 -223 0
351 -104 -190 -61 -223 -150 -19 -305 -433 -342 -271 -136 0
304 -188 -194 -150 -433 -19 -4 -350 -223 -305 -117 -104 -111 -61 -342 -299 -334 -295 349 -106 -70 -324 -136 -358 -173 0
149 -194 -342 -136 -223 -19 -305 -433 -150 -61 -4 -350 -117 -104 -111 -334 -295 349 -106 -70 -324 -358 0
306 -185 -223 -19 -150 -172 0
-324 -136 -223 -150 -433 -4 -350 -305 -61 -342 -334 -106 -70 -19 -190 -271 -301 -122 0
304 148 -223 -19 -433 -136 -150 -305 -186 0
-136 -122 -223 -19 -305 -433 -350 -325 -4 -61 -342 -334 -106 -70 -190 -271 -301 -150 0
323 -414 -428 -44 -251 -441 -70 -69 0
111 -194 -271 -190 -188 0
125 -319 -307 -61 -403 -176 -342 -86 -301 -122 -221 -158 -279 -70 -69 -392 -324 -154 -106 -166 -100 0
21 -279 -307 -218 -190 -69 -324 -271 -106 -166 -299 -124 -61 -403 -176 -342 -301 -122 -158 -70 -188 -110 -78 -255 -433 -223 -4 0
103 -246 -319 -419 -403 -45 -176 -61 -307 -96 0
300 -419 -279 -110 -188 -45 -161 -96 -105 -319 -324 -403 -176 -61 -307 -166 0
-300 149 -61 -176 -223 -305 -105 -342 0
149 -110 -124 -324 -403 -176 -61 -307 -166 -223 -305 -342 -433 -4 -19 -218 -190 -69 -271 -106 -301 -122 -158 -70 -367 0
52 -174 -124 -271 -190 -122 -433 -223 -150 -4 -19 -342 -61 -324 -166 -305 -69 -106 -301 -70 -367 -186 0
242 -271 -190 0
299 -105 -150 -172 -301 -305 -122 -342 -358 -61 -223 0
20 -254 -61 -190 -342 -168 -358 -122 -105 -334 -295 -324 -223 -150 -172 -82 -433 0
-254 -126 -305 148 -433 -223 -19 -61 -190 -342 -168 -358 -122 -105 -334 -295 -324 -150 0
254 -223 -19 0
109 -381 -150 -433 -19 -4 -94 -168 304 -223 -305 -350 -40 -18 -122 -194 -152 -188 -155 0
167 -277 -111 -150 -433 -19 -4 -94 -168 304 -223 -305 -40 -122 -194 -188 -392 -79 -324 -131 -351 -198 -371 -426 0
54 -351 -301 -324 -319 -277 -248 -251 -325 -61 -342 304 -371 -79 -326 -226 -221 -106 -194 -188 -190 -201 -242 -122 -131 -44 -150 -369 -76 -111 -404 0
-350 -346 -404 -221 -223 -150 -433 -4 -324 -305 -61 -342 -136 -106 -19 -190 -271 -122 -111 -154 -352 -126 -185 -158 341 -351 0
Solved
