502 -235 -244 -472 -1 -478 -388 -497 -91 -88 -205 -97 -425 -164 0
445 -150 -338 -191 -247 -38 -353 -416 -62 0
261 -187 -57 -363 -416 -6 -247 -224 -273 0
417 -187 -338 -247 -38 0
-187 -247 -468 -338 -116 -38 -416 -57 -363 -6 -224 -273 0
351 -38 -338 -468 -416 -363 -447 -191 -353 -62 -497 -209 -49 -439 -1 -370 -235 0
260 -117 -49 -382 -468 -277 -247 -398 -187 -150 0
-247 -187 -497 -209 -363 -416 -49 -382 -468 -277 -370 -439 -338 -447 -38 0
247 -38 -49 -1 -468 -416 -209 0
505 -439 -49 -382 -468 -370 -1 -198 -138 -394 -88 -97 -91 -330 -472 -400 -164 -503 -244 -478 -388 -444 0
361 -431 -400 -330 -61 -494 -6 0
38 -187 -191 -439 -400 -330 -16 -505 -1 -49 -444 -468 -370 -247 -244 -478 -388 -394 -91 -88 -97 -164 -503 -472 0
99 -432 -330 -400 -503 -365 -164 0
338 -260 -164 -244 -478 -388 -91 -97 -330 -400 -503 -416 -38 -191 -370 -382 -1 -187 -49 0
396 -338 -187 -247 -416 -49 -382 -468 -209 -370 -439 -38 -164 -97 -88 0
-338 -416 -503 -244 -400 -478 -330 -388 -91 -97 -88 -394 -187 -247 -164 -49 -382 -468 -370 -439 -38 -472 0
-416 -38 -244 -478 -388 -91 -97 -330 -400 -503 -164 -191 -370 -382 -1 -187 -49 -88 -394 -247 -468 -439 -472 0
37 -365 -91 -97 -330 -400 -503 -320 -164 -172 -191 -1 -260 -49 -338 0
-187 -247 -164 -503 -79 -400 -330 -444 -295 -394 -91 -88 -97 -472 -320 -191 -1 -49 -52 -385 -138 -16 -198 -244 -478 -388 -370 -382 -468 -439 0
5 -241 -481 -374 -439 -171 0
339 -481 -477 -320 -370 -439 -16 -374 -444 -468 -247 -244 -198 -478 -138 -388 -394 -91 -88 -97 -164 -503 -472 -382 -1 -259 -49 0
415 -182 -503 -244 -400 -478 -330 -388 -164 -91 -97 -365 -138 -198 0
-247 -94 -52 -385 -138 -198 -503 -244 -400 -478 -330 -388 -164 -91 -97 -472 -79 -382 -1 -49 -477 -320 -370 -439 -16 -374 -444 -468 -394 -88 -295 -191 0
-416 -38 -295 -244 -505 -478 -444 -388 -91 -88 -191 -97 -164 -382 -503 -49 -472 -1 -16 -468 247 0
39 -75 -1 -382 -208 -49 -472 -116 0
-38 -505 -16 -295 -121 -478 -444 -388 -394 -91 -88 -97 -164 -330 -400 -503 -191 -472 -320 -1 -49 -382 -106 -52 -385 -138 -198 -244 -468 247 0
508 -444 -88 -97 -164 -1 -503 -472 -16 -295 -121 -478 -388 -91 -330 -400 -191 -320 -49 -382 -52 -385 -138 -198 -244 -468 -79 -477 -370 -374 0
37 -416 -247 -338 -38 -260 0
2 -250 -69 -501 -506 -477 -407 -113 -370 -419 -277 -73 -382 -150 -49 0
-416 -260 -382 -49 -1 -477 -370 -16 -444 -330 -244 -400 -478 -503 -388 -164 -91 -97 -191 -138 -198 -320 -472 -338 -38 -247 0
-260 -338 -164 -503 -400 -478 -330 -388 -91 -97 -472 -382 -38 -320 -191 -1 -49 -52 -385 -138 -247 -198 -477 -370 -16 -444 -244 0
39 -416 -370 -382 -49 -16 -444 -330 -244 -1 -400 -478 -503 -388 -164 -91 -468 -97 -52 -247 -138 -198 -188 -472 -477 -338 0
37 -338 -1 -49 -149 0
-338 -38 -370 -382 -49 -16 -444 -330 -244 -1 -400 -478 -503 -388 -164 -91 -468 -97 -52 -138 -198 -472 -477 -247 -320 -191 -385 0
-416 -38 -244 -400 -478 -330 -388 -164 -91 -97 -138 -198 -472 -503 338 -191 -370 -382 -1 -49 0
-38 -247 -91 -388 -244 -478 -79 -472 -52 -385 -138 -330 -198 -400 -164 -97 -503 -191 -370 -382 -1 -49 -16 -444 -468 -477 -320 0
261 -338 -188 0
-187 -247 -191 -400 -330 -16 38 -1 -49 -444 -468 -370 -244 -478 -388 -91 -88 -97 -164 -503 -472 0
-247 -330 -320 -121 -508 -370 -477 -16 -374 -444 -468 -244 -198 -478 -138 -388 -91 -88 -97 -164 -503 -472 -382 -1 -49 -191 -400 -22 -79 -52 -385 0
39 -138 -385 -52 -198 -103 -415 -1 -382 -208 -49 -472 -116 0
-38 -416 -472 -1 -478 -388 -91 -88 -97 -164 -503 -444 -295 247 -191 -382 -49 -16 -468 -244 0
38 -338 -187 -444 -88 -97 -164 -1 -503 -208 -472 0
-338 -444 -16 -478 -295 -388 -164 -91 -88 -503 -97 -52 -330 -400 -472 -385 -191 -382 -138 -49 -1 -198 247 -468 -244 0
512 -16 -49 -478 -295 -388 -91 -88 -97 -52 -400 -472 -385 -382 -1 -244 -121 -370 -22 -79 -304 -448 -232 0
37 -430 -425 -192 -365 -338 -1 -49 0
249 -68 -331 -177 -172 -500 -286 -507 -340 -239 -408 -377 -114 -420 -382 -1 -73 -49 -116 -467 -104 0
117 -340 -68 -231 -500 -507 -351 -408 -78 -370 -114 -469 -65 -277 -149 -420 -126 -382 -1 -73 -49 0
3 -340 -193 -154 -147 -463 -441 -142 -114 -370 -158 -231 -420 -277 -178 -73 -382 -149 -49 0
190 -204 -331 -321 -335 -277 -382 -49 -1 -463 -441 -114 -370 -158 -420 -149 -467 -116 -507 -351 -408 -78 -414 -187 -247 -177 -239 -377 -104 -162 -405 -30 -324 -354 0
163 -338 -467 -192 -321 -382 -49 -1 -370 -16 -443 -137 -52 -197 -244 -478 -388 -97 -91 -329 -472 -400 -504 0
190 -409 -41 -20 -240 -56 -476 -182 -273 -102 -329 -363 -400 -495 -61 -432 -353 0
39 -247 -192 -20 -240 -476 -182 -400 -486 -302 -167 -121 -256 -395 -1 -22 -49 -16 -497 -443 -280 -467 -424 -447 -329 -366 -472 -415 -338 -149 0
-247 -149 -382 -79 -161 -486 -52 -349 -385 -329 -140 -137 -182 -197 -472 -415 -192 -20 -240 -476 -400 -302 -167 -121 -256 -395 -1 -22 -49 -16 -497 -443 -280 -467 -424 -447 -366 -338 -157 0
473 -208 -443 -366 -497 -338 -424 -37 0
-149 -349 -49 -382 -1 -140 -182 -472 -443 -366 -497 -338 -424 -467 -79 -161 -486 -52 -385 -329 -137 -197 -415 -192 -20 -240 -476 -400 -302 -167 -121 -256 -395 -22 -16 -280 -447 -157 0
-338 -443 -382 -49 -1 -472 -370 -467 -79 -52 -385 -329 -137 -197 -192 -476 -400 -121 -22 -16 -244 -478 -388 -91 -88 -504 -97 -165 -321 0
37 -247 -478 -165 -388 -97 -91 -321 -332 -52 -385 -137 -197 -244 -192 -188 -260 -149 0
328 -464 -155 -486 -322 -96 -404 -369 -439 -128 -76 -370 -121 -397 -414 -278 -47 -20 -182 0
-247 -121 -192 -47 -400 -329 -370 -278 -22 -117 -467 -52 -244 -385 -197 -478 -118 -137 -388 -365 -91 -97 -165 -504 -260 -472 -149 -38 -321 -332 -188 0
514 -295 -52 -244 -385 -478 -388 -91 -88 -472 -400 -370 -22 -118 -382 -1 -49 -304 -448 -232 -511 0
50 -164 -417 -244 -478 -388 -182 -52 -364 -91 -385 -97 -514 -382 0
515 -97 -388 -404 -91 -385 -295 -478 0
-97 -417 -244 -478 -388 -182 -52 -364 -91 -385 -514 -382 -49 -404 -295 0
51 -424 -187 -429 -247 -364 -417 -138 -198 -52 -385 -514 -382 0
365 -123 -414 -256 -9 -330 -18 -430 -281 -424 -324 0
165 -364 -353 -417 -259 -187 -247 -385 -295 -209 -514 -117 -1 -49 -52 -382 -448 -232 -511 -503 0
50 -197 -417 -52 -247 -385 -467 -514 -117 0
39 -247 -338 -400 -91 -388 -478 -52 -385 -295 -514 -382 -49 -304 -448 -232 -511 -1 -244 -472 -149 0
99 -278 -244 -416 -197 -478 -138 -388 -183 -364 -91 0
415 -324 -122 -354 -17 -259 -338 -247 -426 -466 -504 -448 -163 -511 -232 -197 0
417 -466 -448 -138 -247 -197 0
366 -122 -354 -17 -259 -338 -247 415 -466 -504 -448 -163 -511 -232 -197 0
51 -354 -338 -247 -504 -448 -511 -232 -416 -244 -478 -388 -183 -91 -52 -385 -295 -210 -514 -382 -116 -1 0
196 -18 -334 -429 -504 -486 -75 -163 -400 -105 -511 -328 -247 -448 -364 -416 -137 0
103 -378 -240 -288 -418 -270 -174 -75 0
-247 -338 -400 -448 -511 -304 -232 -91 -388 -244 -478 -52 -385 -295 -149 -514 -382 -1 -49 -472 0
198 -366 -244 -478 -388 -52 -91 -385 -514 -382 -49 -295 -400 -472 -338 -448 -37 -511 -304 -415 -232 0
339 -187 -1 -149 -49 0
138 -103 -49 -382 -466 -514 -52 -448 -385 0
-366 -338 -91 -388 -478 -149 -382 -1 -295 -49 -472 -448 -370 -88 -514 -511 -304 -385 -232 -52 -244 -400 0
137 -103 -49 -382 -466 -514 -52 -448 -385 0
50 -338 -91 -448 -400 -88 -1 -187 -208 -472 -388 -511 -304 -478 -232 -324 -196 -415 -52 -37 -385 -295 -382 -49 -514 0
-338 -149 -91 -448 -388 -511 -304 -478 -232 -1 -382 -49 -472 -370 -52 -385 -295 -514 -400 -88 -244 0
-97 -503 -472 -164 -388 515 -91 -385 -295 -478 0
73 -247 -368 -415 -405 -445 -162 -117 -104 0
417 -268 -324 -69 -256 -122 -400 -330 -431 -191 -260 -500 -149 -117 -445 -247 -38 -448 -138 -197 0
-247 -157 -91 -388 -244 -478 -162 -472 -38 -149 -260 -198 -424 -364 -429 51 -52 -385 -514 -382 -324 -256 -400 -431 -191 -500 -445 -448 0
-198 -38 -382 -514 -52 -448 -385 -91 -388 -244 -478 -472 -49 -149 -260 51 -400 -365 -295 -304 -232 -511 0
-415 -247 -431 -329 -91 -388 -478 -324 -162 -405 -472 -38 -149 -117 -260 -467 -188 -104 -192 -74 -368 -445 -417 0
-247 -157 -74 -104 -8 -329 -47 -91 -388 -368 -17 -478 -405 -281 -244 -472 -428 -38 -431 -324 -162 -149 -117 -260 -467 -188 -192 -445 -417 0
-149 -478 -388 -472 -91 -244 -448 -511 -304 -232 -382 -514 -52 -385 -49 -400 -295 -1 -370 -88 0
104 -247 -91 -388 -369 -338 -99 -38 -260 -478 -404 -161 -116 -75 0
-117 -417 -511 -247 -338 -244 -478 -388 -404 -52 -448 -91 -385 -514 -382 -49 -295 -1 -232 -260 -472 -116 -75 -38 0
474 -329 -400 -446 -99 -91 -388 -478 -161 -404 -353 0
117 -419 -18 -335 -400 -506 -99 -472 -91 -388 -478 -161 -404 -304 -232 -511 -448 -137 -260 -247 -198 -338 -38 -268 0
-247 -38 -511 -338 -244 -478 -388 -404 -52 -448 -91 -385 -514 -382 -49 -295 -1 -232 -260 -472 -116 -75 -18 -400 -506 -99 -161 -304 -137 -198 -105 -369 0
517 -511 -388 -232 -472 -385 -52 -1 -382 -49 -448 -244 -91 -304 -88 -22 0
486 -8 -330 -413 -298 -143 0
37 -75 -388 -478 -244 -304 -232 -511 -448 -404 -385 -52 -247 -260 -382 -1 -91 -49 -117 0
183 -397 -320 -312 -279 -111 -335 -91 0
-97 -506 -444 -517 -503 -430 -400 -330 -182 -320 -312 -279 -111 -335 -91 -382 -49 -164 -247 -38 -244 -1 -478 -388 -468 -52 -138 -198 -472 -477 -191 -385 -417 50 -364 0
-116 -400 -511 -247 -117 -244 -478 -388 -52 -448 -91 -385 -382 -49 -1 -232 -260 -472 -75 -38 -517 -404 39 0
183 -295 -478 -97 -388 -91 -49 512 -52 -400 -472 -385 -382 -1 -244 -121 -16 -79 -304 -448 -525 -312 -279 -111 -335 0
115 -97 -417 -244 -400 -478 -388 -91 -330 -198 -49 -52 -472 -385 -382 -448 -247 -338 -260 -75 -38 0
365 -324 -160 -388 -404 -91 -478 -97 0
-365 415 -182 -244 -400 -478 -503 -388 -97 -91 -330 -138 -198 -364 0
-138 -524 -511 -388 -192 -91 -353 -97 -160 -404 -478 -182 -244 -400 -503 -330 -198 -364 -417 -137 0
-97 -244 -91 -330 -404 -478 -448 -388 -400 -198 -417 -385 -52 -247 -472 -338 -260 -38 -382 -75 -49 -117 0
513 -232 -198 -448 -138 0
-232 -511 -417 -247 -198 -187 -364 -138 -52 -385 -514 -382 -400 -117 -244 -478 -388 -448 -91 -49 -260 -472 -75 -38 -1 -404 39 -503 -259 -163 0
525 -388 -91 0
365 -75 -38 -260 -198 -91 -244 -97 -478 -448 -388 -400 -404 -385 -52 -472 -417 -330 -382 -49 -247 -138 0
-75 -260 -52 -478 -385 -388 -138 -91 -247 -198 -97 -417 -244 -400 -503 -182 -330 -364 -38 -404 -448 -472 -382 -49 0
-365 -110 -420 -444 -164 -503 -244 -400 -404 -52 -478 -336 -330 -385 -388 -182 -138 -516 -91 -198 -97 -417 -364 0
-260 -182 -97 -382 -49 -244 -400 -478 -503 -388 -330 -91 -138 -198 -472 -38 -385 -417 -52 -404 -247 -364 -232 -448 0
-365 -188 -247 -338 -417 -97 -244 -400 -478 -503 -388 -182 -91 -330 -138 -198 -364 0
-182 -364 -382 -247 -400 -448 -503 -97 -478 -388 -91 -52 -472 -385 -244 -232 -38 -417 -198 -138 -330 -49 -404 0
-364 -38 -49 -503 -382 -97 -472 -91 -247 -400 -448 -478 -388 -52 -385 -244 -232 -417 -198 -138 -330 -404 0
93 -182 -189 -337 -49 -382 -73 -503 -244 -160 -400 -298 -478 -330 -388 -66 0
92 -521 -513 -382 -428 -73 -244 -160 -478 -388 -97 0
364 -330 -503 -478 -472 -388 -97 -49 -244 -400 -382 -91 -513 -247 -404 -52 -417 -385 -198 -138 0
38 -503 -388 -244 -91 -97 -513 -232 -478 -198 -472 -417 0
-49 -330 -478 -472 -388 -97 -503 -244 -400 -382 -91 -247 -404 -52 -417 -385 -198 -138 -448 -232 0
386 -520 -417 -472 -198 -38 -138 -52 0
49 -38 -382 -244 -478 -388 -97 -247 -91 -417 -198 -404 -52 -385 -472 -513 -138 0
-503 -417 -385 -52 -472 -198 -138 -448 -478 -388 -97 -244 -400 -382 -91 -247 -404 -232 0
520 -305 -513 -232 0
-417 -472 -138 -97 -198 -52 -385 -382 -232 -448 -478 -388 -244 -400 -91 -247 -404 0
366 -76 -65 -413 -330 -183 -21 -279 -515 -382 -280 -49 -424 -337 0
511 -192 -247 37 -38 -416 -521 -49 0
329 -507 -16 -280 -424 -232 -513 -247 37 -38 -416 -521 -49 -470 -485 -400 -298 0
98 -330 -382 -413 -49 -232 -513 -247 37 -38 -416 -400 -404 -52 -385 -198 -138 -65 -503 -429 -244 -478 -388 -447 -91 0
-338 -258 -378 -388 -404 -91 -478 -97 -240 -159 -336 -385 -52 -198 -138 -366 -281 -426 -203 -444 -497 -277 -516 -382 -49 -247 -38 417 0
512 -366 -138 -198 -378 -388 -404 -91 -478 -97 -240 -385 -52 -203 -497 -516 -382 -49 -247 -38 417 -182 -330 -400 -503 -232 -165 0
50 -520 -382 0
-520 -49 -382 0
-49 -38 -198 -388 -404 -91 -478 -97 -385 -52 -382 -247 -138 417 -400 -503 -232 -244 -448 0
365 -514 -385 -198 -52 -138 -97 0
426 -497 -209 -443 -206 0
-338 -236 -179 -133 -270 -57 -497 -78 -316 -443 -141 -447 -232 -165 -62 -513 -353 -174 -192 -247 37 -38 -416 0
196 -330 -503 -413 -57 -447 -232 -247 37 -38 -416 -209 -513 -104 -400 -478 -388 -365 -91 -472 -382 -97 -520 -404 -385 -514 -52 -138 0
197 -520 -472 -503 -232 -52 0
-38 -503 -138 -448 -232 -247 -400 -478 -388 -91 -472 -382 -97 -404 -385 -52 -198 -244 0
-49 -367 -65 -413 -198 -354 -52 -104 -400 -388 -1 -472 -385 -382 -448 -244 -91 -232 -304 -160 -478 -116 -447 -467 -97 -163 -513 0
-503 -472 -138 -52 -198 -385 -232 -400 -388 -382 -448 -244 -91 -478 -97 -404 -247 0
-472 -52 -478 -91 -97 -382 -388 -404 -232 -138 -198 -385 -400 -448 -244 -247 0
-52 -382 -478 -388 -91 -97 -198 -138 -385 -244 -404 -232 -400 -448 -247 0
415 -503 -478 -388 -513 -91 -448 -97 -400 -244 -364 -138 -198 -472 -337 -38 0
502 -12 -224 -22 -240 -378 -342 -195 -15 -129 -407 -494 -122 -471 -30 -65 -17 -418 -7 -158 -86 0
9 -316 -57 -241 -481 -203 -409 -174 -288 -272 -240 -378 -342 -195 -129 -258 -30 -17 -112 -471 -447 -270 -77 0
328 -481 -241 -22 -57 -224 -373 -333 -174 -288 -195 -129 -471 -30 -65 -17 -447 -270 -15 -407 -367 -236 -505 -444 -425 -503 -122 -86 -62 -513 -382 92 -428 -244 -160 -478 -388 -97 -354 -472 -432 -299 0
99 -373 -75 -299 -174 -270 -367 -444 -503 -86 -513 -382 -244 -478 -388 -97 -472 -400 -1 -190 -404 -91 -385 -247 -38 -416 417 -337 -514 -364 -163 0
511 -75 -400 -472 -382 -520 -306 -86 -478 -503 -388 -364 -91 -97 -299 -174 -270 -367 -444 -513 -244 -404 -385 -247 -38 -416 417 0
93 -413 -86 -503 -400 -337 -330 -364 -182 -97 0
420 -409 -43 -316 -12 -242 -333 -203 -174 -288 -240 -378 -379 -112 -471 -346 -65 0
362 -224 -22 -6 0
-503 -472 -299 -444 -400 -86 -385 -247 -38 -416 -388 -404 -91 -97 -478 -364 -367 -382 -520 -448 -513 -306 -244 -103 -138 -198 0
-472 -38 -388 -364 -91 -97 -247 -513 -416 -520 -444 -299 -400 -86 -385 -404 -478 -367 -382 -448 -306 -244 -103 -138 -198 0
-38 -299 -444 -448 -513 -247 -103 -244 -478 -388 -91 -97 -364 -385 -367 -416 -404 -520 -400 -86 -382 -306 -138 -198 0
-382 -232 -404 -478 -385 -388 -91 -97 -448 -247 -244 -138 -198 -400 0
-338 -416 -448 -164 -97 -244 -400 -478 -388 -503 -91 -365 -138 -198 -428 -472 -513 -247 -38 -339 0
-416 -364 -404 -472 -446 -247 -38 -520 -49 -478 -388 -513 -91 -448 -97 -400 -244 -138 -198 -73 -503 -164 -365 -428 0
416 -164 -503 -400 -277 -21 -183 -472 -520 -448 -385 -138 -38 -198 0
98 -503 -49 -520 -138 -448 -247 -404 -385 -198 -472 -38 -478 -388 -513 -91 -97 -400 -244 -73 -277 0
-365 -416 -400 -503 99 -49 -247 -38 -429 -73 -161 -520 -404 -448 -385 -198 -138 0
415 -191 -378 -323 -404 -240 -419 -161 -73 -103 -247 -468 -116 -38 -478 -388 -513 -91 -448 -97 -400 -244 -138 -198 -472 -364 -503 0
163 365 -378 -388 -404 -91 -478 -97 -486 -73 -247 -38 -416 -240 -161 -103 -513 -448 -400 -244 -138 -198 -472 -503 -516 -182 -49 -520 -429 0
-416 -503 -38 -388 -404 -91 -478 -97 -448 -400 -244 -138 -198 -472 -247 -232 -385 0
-503 -38 -404 -385 -138 -472 -198 -247 -388 -91 -478 -97 -448 -400 -244 -232 0
417 -367 -269 -53 -105 -446 -247 0
-38 -472 -385 -198 -138 -247 -97 -404 -388 -91 -478 -448 -400 -244 -232 0
-503 -305 -232 -138 -448 -466 -247 -388 -244 -91 -97 -478 -198 38 -472 0
-472 -232 -247 -138 -448 -244 -478 -388 -91 -97 -198 -385 -404 -400 0
98 -426 -463 -324 -159 -444 -73 -515 -208 -247 -258 -128 -117 -299 -427 -53 -49 -329 -518 -244 -520 -448 -478 -513 -388 -181 -165 -91 -88 0
504 -117 -247 -73 -53 -49 -520 -448 -513 -427 -244 -478 -339 -324 -388 -515 -364 -91 -97 -463 -444 -208 -128 -299 -181 -88 -400 0
366 -154 -324 -128 -257 -463 -408 -158 -506 -268 -73 -208 -187 -103 -247 -466 -448 -513 -164 -427 -244 -299 -478 -330 -77 -388 -181 -445 -91 -425 -97 0
522 -319 -247 -448 -73 -513 -388 -164 -91 -324 -97 -364 -128 -257 -463 -408 -158 -208 -427 -244 -299 -478 -330 -181 -445 -425 -369 -339 -117 -53 -49 0
39 -513 -388 -244 -91 -97 -478 -520 -247 -448 -73 -324 -364 -128 -208 -299 -181 -369 -53 -49 -400 -306 -502 -515 -444 -88 -416 0
98 -445 -324 -430 -191 -12 -258 -128 -427 -338 -518 -244 -247 -478 -103 -77 -388 -73 -426 -364 -91 -159 -444 -515 -208 -463 -299 -53 -49 -329 -520 -448 -513 -181 -165 -88 0
256 -508 -395 -362 -121 -494 -128 0
Solved
