150 -61 -307 -298 -213 -232 -139 -310 -253 -214 0
306 -155 -331 -213 0
-61 -214 -298 -310 -331 -213 -307 -148 -232 -139 -253 0
255 -174 -222 -153 -231 -139 -37 0
155 -7 -19 -139 -253 -222 -37 -112 -175 -304 -298 -213 -100 0
168 -213 -274 -19 0
304 -145 -222 -65 -158 -155 0
212 -222 -289 -226 -19 -112 -171 -109 -49 -98 -331 -274 -213 0
305 -230 -37 -59 -253 -271 -289 -112 -49 -161 -176 -331 -168 -63 0
167 -163 -19 0
-155 -271 -253 -37 -289 -112 -49 -331 -168 -298 -100 -304 -154 -213 0
349 -37 -253 -19 -112 -298 -100 -331 -289 -226 -109 -98 -274 -125 0
304 -213 -130 -85 -223 -226 -310 -232 -98 -307 -1 -274 -19 -298 -100 -155 0
156 -163 -19 -274 -98 -213 -125 -226 -349 -289 -112 -160 -298 -100 -62 0
-213 -155 -223 -226 -98 -19 -274 -232 -289 -125 -349 -112 -298 -100 -130 -85 -310 -307 -1 -331 0
162 -273 -253 -251 -140 -289 -8 0
-155 -226 -295 -85 -98 -223 -25 -289 -112 -253 -19 -331 -274 -232 -125 -349 -298 -100 -130 -310 -307 -1 0
-213 155 -19 -223 -253 -37 -112 -298 -100 -226 -289 -125 -274 0
306 -251 -130 -140 -112 -162 -177 -167 -62 0
352 -125 -25 -19 -130 -112 -331 -274 -232 -253 -223 -289 -310 -307 -295 -85 -98 -1 -109 0
140 -184 -85 -31 -25 -253 -82 0
101 -157 -221 -238 -231 0
160 -155 -253 -148 -17 -203 -310 -352 -307 -85 -63 -98 -306 -274 -19 -314 -168 0
190 -174 -121 -274 -130 -75 0
-155 -162 -98 -19 -274 -213 -121 -130 -109 -331 -63 -289 -112 -247 -253 -148 -17 -203 -310 -352 -307 -85 -314 0
-162 -63 -43 -289 -109 -331 -125 -213 -19 -98 -274 -121 -130 -112 -247 -253 -148 -17 -203 -310 -352 -307 -85 -314 0
101 -269 -51 -158 -266 -84 -17 -98 -203 -77 -227 -352 0
275 -222 -66 -43 -147 -272 -345 -213 0
20 -152 -66 -98 -274 -43 -272 -213 -191 -121 -130 -75 -173 -102 -51 -158 -266 -84 -17 -203 -227 -352 -163 0
166 -155 -253 -289 -112 -176 -331 -63 -43 -350 -272 -125 -213 -19 -98 -274 -121 -130 -173 -266 -84 -17 -203 -227 -352 -161 0
-155 -9 -253 -232 -63 -213 -19 -289 -112 -176 -331 -43 -350 -272 -125 -98 -274 -121 -130 -173 -266 -84 -17 -203 -227 -352 -161 0
-63 -213 -331 -125 -274 -253 -232 -19 -289 -112 -43 -98 -121 -130 -17 -203 -352 -109 -247 -148 -310 -307 -85 -314 0
162 -100 -352 -51 -158 -266 -269 -17 -98 -203 -77 -298 -289 0
154 -213 -253 -310 -331 -61 -307 -148 -232 -9 -352 -17 -98 -203 -289 -19 -109 -168 -306 0
-213 -352 -253 -310 -331 -307 -148 -232 -19 -17 -98 -203 -289 -109 -125 -274 -112 -43 -121 -130 -247 -85 -314 0
160 -32 -85 -216 -79 -310 -307 -299 0
-32 -79 -216 -133 -151 -251 -140 -9 -162 -85 -310 -307 -299 0
304 -140 -253 -85 -251 -310 -307 -165 -19 -167 -156 0
62 -251 -148 -253 -140 -50 -159 -17 -203 -352 -295 -85 -98 -223 -25 -289 -112 -19 -331 -274 -232 -125 -349 -130 -310 -307 -1 -160 -156 -273 0
162 -344 -130 -50 -349 -112 0
356 -85 -130 -148 -253 -295 -112 -223 -25 -289 -19 -331 -274 -232 -310 -307 -1 -109 -43 -121 -247 0
-213 -298 -169 -18 -204 -310 -307 -187 -109 -331 -25 -19 -130 -112 -274 -232 -253 -223 -289 -295 -85 -98 -1 -76 -166 0
160 -169 -85 -310 -307 -19 -331 -274 -232 -253 -18 -204 -187 -109 -25 -130 -112 -223 -289 -295 -98 -1 -76 0
154 -214 -213 -310 -331 -8 -307 -148 -232 -253 -62 0
270 -62 -177 -187 -155 -213 -310 -331 -8 -307 -148 -232 -253 -163 -80 -19 0
269 -228 -76 -204 -19 0
-155 -62 -109 -269 -331 -177 -187 -267 -213 -310 -8 -307 -148 -232 -253 -163 -19 -304 0
-62 -163 -19 -8 -43 -273 -126 -304 -213 -109 -269 -331 -177 -187 -267 -310 -307 -148 -232 -253 0
-213 -8 -19 -331 -43 -273 -126 -109 -269 -177 -187 -267 -310 -307 -148 -232 -253 -167 -274 0
-98 -162 -18 -204 -19 -130 -43 -112 -253 -85 -310 -307 -331 -232 -126 -109 -148 -274 -289 -25 -223 -295 -1 -99 0
200 -261 -253 -148 -258 -103 0
-155 -62 -109 -331 -213 -310 -307 -148 -232 -253 -19 -304 -204 -201 -258 -121 -274 -130 -75 -315 -289 -112 -162 -168 0
155 -304 -112 -162 -75 -168 -331 -19 -126 -188 -345 -213 -66 0
-304 -213 -331 -109 -310 -307 -148 -232 -253 -19 -204 -201 -258 -121 -274 -130 -75 -315 -289 -112 -162 -168 -126 -188 -345 -66 0
-162 -204 -1 -19 -331 -109 -310 -307 -148 -232 -253 -130 -121 -274 -315 -289 -112 -126 -295 -88 -18 -43 -85 -25 -223 -99 0
-8 -62 -232 -213 -310 -331 -307 -148 -253 -155 -9 0
234 -251 -179 -84 -130 -140 0
-155 -304 -266 -43 -272 -126 -213 -232 -179 -84 -130 -310 -331 -307 -148 -253 -9 -19 0
-304 -213 -173 -266 -109 -176 -331 -272 -126 -19 -43 -232 -179 -84 -130 -310 -307 -148 -253 -9 0
-213 -9 -253 -232 -19 -168 -173 -266 -109 -176 -331 -272 -126 -43 -179 -84 -130 -310 -307 -148 0
-85 -130 -112 -253 -310 -307 -19 -289 -331 -274 -232 -109 -43 -148 -1 -121 -295 -88 -25 -223 -355 -247 0
9 -160 -31 -289 -184 -112 -130 -62 0
305 -155 -232 -31 -130 -289 -184 -112 -310 -331 -307 -148 -253 -213 -168 0
83 -119 -130 -51 0
84 -157 -51 -345 -130 -25 0
139 -300 -161 -130 -51 -84 -8 0
-155 -213 -31 -253 -130 -25 -331 -232 -184 -274 -19 -289 -112 -310 -307 -148 0
-213 -31 -289 -184 -112 -130 -19 -253 -25 -331 -232 -274 -310 -307 -148 0
154 -130 -251 -140 -253 -31 -184 -112 -273 -289 -167 -305 0
162 -143 -31 -50 -299 -184 -130 -344 -112 0
306 -162 -112 -167 -130 -62 -251 -140 0
7 -31 -253 -251 -140 0
83 -157 -130 -344 -94 -25 0
361 -253 -310 -307 -25 -112 -331 -274 -19 -148 -109 -43 -1 -121 -295 -88 -223 -355 0
-232 -180 -361 -130 -83 -140 -213 -155 -310 -331 -307 -148 -253 -62 -8 0
305 -155 -213 -140 -361 -130 -19 -310 -331 -307 -148 -253 -62 -112 -109 -162 -168 0
-155 -140 -213 -62 -361 -130 -19 -310 -331 -307 -148 -253 -112 -109 -162 -168 0
-140 -168 -361 -112 -162 -62 -130 -19 -213 -310 -331 -307 -148 -253 -109 0
-232 -155 -331 -83 -162 -130 -62 -361 -213 -310 -307 -148 -253 -8 -233 0
304 -155 -62 0
-155 -168 -62 -19 -112 -162 -43 -109 -331 -213 -130 -361 -310 -307 -148 -253 0
230 -65 -295 -328 -145 0
-213 -162 -295 -121 -331 -112 -130 -43 -361 -19 -62 -109 -310 -307 -148 -253 -274 0
-155 -305 -62 -156 0
233 306 -162 -130 -62 -167 -112 0
306 -65 -295 -253 -234 -162 -130 -62 -167 -112 -19 -165 0
233 -140 -299 -162 -9 -130 -253 -50 -361 -167 304 -310 -307 -165 -19 -156 0
-140 -344 -50 -130 -25 -216 -253 -234 -299 -162 -9 -361 -167 304 -310 -307 -165 -19 -156 0
-162 -62 -148 -253 -130 -25 -361 -310 -307 -19 -43 -295 -112 -109 -331 -274 -121 0
230 -271 -60 -43 -102 -295 -145 -328 0
233 -191 -43 -295 -121 -274 -130 -75 -173 -155 -361 -213 0
154 -191 -173 -148 -295 -253 -152 -140 -51 -19 -84 -130 -274 -163 -300 -213 0
305 -155 -130 -43 -186 -148 -253 -140 -179 -84 -9 -62 -361 -173 -295 -19 -274 -163 -300 -121 -331 0
-155 -163 -62 -130 -43 -186 -148 -253 -140 -179 -84 -9 -361 -173 -295 -19 -274 -304 -300 -121 -331 0
131 -50 -118 -84 0
155 -304 -291 -361 -130 -84 -179 -140 -9 -331 -62 -43 -300 0
-304 -140 -168 -130 -43 -186 -148 -253 -62 -179 -84 -9 -361 -173 -295 -19 -274 -300 -121 -331 -291 0
304 -168 -19 -274 -62 0
-62 -130 -274 -43 -331 -148 -253 -295 -361 -19 -121 -112 -25 -310 -307 -109 0
141 -160 -130 -361 -112 -64 -267 -273 -43 -270 -81 -215 -148 -253 0
306 -140 -112 -361 -8 -130 -43 -215 -148 -253 -19 -109 -274 -331 -155 0
-140 -215 -43 -148 -253 -8 -130 -109 -25 -331 -274 -19 -155 -305 -112 -361 0
-274 -162 -125 -111 -366 -253 -51 -140 -19 -84 -9 -164 -129 -167 -275 -213 0
7 -112 -370 -366 -111 -253 -162 -140 0
160 -230 -253 -148 -216 -142 -361 -343 -158 -130 -51 -84 0
-162 -9 -366 -148 -253 -140 -111 -216 -142 -361 -158 -130 -51 -84 -19 -167 -125 -164 -129 -275 -213 0
154 -84 -148 -152 -253 -191 -51 -19 -140 -130 -213 -111 -366 -167 -361 -158 -129 -62 0
161 -84 -140 -7 0
160 -300 -51 -130 -84 0
371 -366 -253 -148 -111 0
139 -234 -130 -361 -84 0
Solved
