276 -185 -301 -157 -310 -242 -82 0
431 -316 -310 -4 -298 -31 -301 -157 -82 -1 -19 -220 -46 -37 -355 0
273 -423 -157 -310 -301 0
13 -276 -243 0
275 -186 -273 -157 -301 -310 -82 -13 0
433 -310 -301 -157 -31 -82 -1 -19 -220 -46 -37 -355 -4 0
274 -306 -157 -310 -379 -349 -433 -355 -37 -242 0
303 -13 -349 -157 -433 -310 -82 -301 -355 -37 -379 0
275 -183 -379 -349 -157 -433 -310 -82 0
-13 -310 -379 -349 -433 -157 -301 -355 -37 -82 0
304 -238 -4 -426 -318 0
6 -399 -352 -402 -90 -249 -332 -238 0
311 -139 -31 -4 -280 -1 -19 -46 -379 -355 -220 -349 -37 -433 -241 -82 -181 -274 -157 0
5 -401 -352 -398 -89 -248 -333 -238 0
279 -96 -107 -139 -36 -31 -352 -398 -414 -335 -4 -89 -248 -333 -238 -280 0
436 -4 -31 -280 -1 -19 -349 -46 -82 -37 -157 -301 0
242 -352 -380 -430 -423 -273 -301 -182 -37 -13 0
181 -89 -289 -380 -387 -137 0
-352 -430 -349 -380 -182 -387 -31 -286 -273 -423 -305 -301 -37 -13 -241 0
-89 -190 -70 -387 -380 -182 -221 -4 -430 -273 -423 -305 -1 -301 -346 -13 -241 -37 -88 0
274 -380 -212 -399 -46 -423 -305 -19 -273 -387 -1 -301 -182 -4 -231 -278 -221 -37 -70 -176 -349 -31 -286 -132 0
-310 -311 -31 -37 -157 -301 -82 -349 -46 -19 -1 -4 -70 -286 -319 -280 0
15 -341 -148 -214 -240 -4 -421 -271 -157 -301 -181 0
182 -207 -194 -341 -214 -240 -286 -4 -360 -317 -305 -278 -157 0
306 -96 -139 -36 -31 -398 -414 -4 -89 -280 -180 -348 -1 -240 -151 -278 -425 -391 -317 0
380 -89 -31 -286 -4 -280 -1 -214 -157 -271 -421 -37 -148 -301 -82 -319 -274 -436 -349 -130 0
275 -434 -432 -82 0
317 -352 -31 -286 -358 -436 -386 -37 -319 -130 -82 -274 -14 -301 -271 -421 0
275 -137 -380 -130 -82 0
182 -380 -31 -421 -286 -89 -436 -37 -319 -130 -274 -82 0
432 -352 -70 -4 -37 -89 -436 -380 -319 -130 -82 -421 -280 -274 0
276 -184 -4 -380 -10 -280 -31 -271 -352 -301 -46 -37 -355 -436 -349 -319 -433 -130 -82 0
-352 -431 -89 -436 -380 -319 -130 -274 -4 -10 -280 -31 -271 -301 -46 -349 -82 -37 -70 -421 0
-431 -380 -1 -70 -4 -436 -319 -130 -349 -82 -421 -274 -37 -89 -10 -280 -31 -271 -301 -46 0
354 -195 -4 -70 -318 -126 -426 -306 -157 -182 -380 -89 -387 -137 0
-89 -271 -10 -31 -280 -37 -4 -70 -157 -301 -319 -349 -130 -82 -421 -274 -1 -436 -46 -286 -214 -148 0
276 -384 -280 -1 -279 -421 -4 -432 -332 -357 -222 -436 -319 -130 -82 0
354 -271 -301 -380 -130 -82 -243 -274 -280 -1 -279 -421 -4 -332 -357 -222 -436 -319 0
432 -190 -349 -10 -382 -279 -290 -280 -319 -243 -130 -82 -380 -421 -274 0
310 -349 -1 -4 -436 -319 -280 -82 -10 -301 -37 -31 -70 -157 -46 -286 -214 -148 0
315 -370 -325 0
314 -370 -325 0
423 -340 -10 -31 -70 -13 -241 -37 -88 -306 -4 -121 -386 -180 -74 -183 -82 -136 -357 -430 -272 0
-423 -272 -422 -157 -310 -301 0
379 423 -31 -70 -10 -37 -306 -4 -121 -386 -74 -183 -82 -357 -272 -275 -131 0
274 -89 -31 -286 -45 -37 -306 -183 -318 -137 -435 -184 -432 0
439 -37 -286 -31 -70 -10 -121 -301 -319 -46 -19 -1 -214 -148 0
276 -277 -37 -159 -311 -14 0
340 -36 -31 -299 -293 -360 -214 -286 -211 -393 -205 -70 -194 0
182 -75 -319 -173 -385 -178 0
316 -432 -31 -286 -10 -214 -70 -4 -439 -82 -319 -37 -301 -423 0
-432 -423 -301 -37 -82 -439 -4 -317 -31 -286 -10 -214 -70 -319 0
422 -271 -310 0
305 -241 -37 -13 -279 -301 -159 0
318 -435 -37 -301 -82 -46 -19 -1 -4 -70 -286 -319 -31 -276 -439 0
130 182 -286 -194 -211 -341 -31 -299 -36 -214 -393 -205 -70 -240 -319 -173 -75 -360 0
131 -341 -379 -240 0
-423 -317 -31 -214 -286 -70 -319 -10 -4 -439 -301 -82 -37 -46 -19 -1 0
274 -217 -10 -439 -4 -82 -433 -273 -432 -425 -312 0
14 -195 -359 -214 -286 -392 -319 -273 -312 -158 -4 -439 -433 -425 -82 -274 0
159 13 -82 -37 -439 -277 0
-317 -4 -439 -82 -214 -286 -319 -37 -10 -301 -31 -70 -46 -19 -1 0
275 -13 -422 -301 -434 -82 0
15 -271 -310 -301 -278 -37 -241 0
-271 -310 -158 -305 -301 -13 -278 -37 -241 0
-13 -435 -286 -31 -37 -318 -381 -70 -10 -4 -121 -82 -1 -19 -46 -301 -319 -278 -158 -305 -422 -276 -434 0
-4 -82 -301 -286 -31 -37 -70 -10 -121 -1 -19 -46 -319 -439 -214 0
273 -310 -301 -271 -37 -316 -13 0
-310 -271 -37 -13 -301 -316 0
275 -421 -286 -46 -19 -37 -1 -214 -157 -271 -319 -238 -439 -301 -130 -82 -13 0
-271 -13 -286 -46 -19 -37 -1 -319 -238 -439 -301 -82 -214 -316 0
-89 -101 -387 -380 -137 -10 -182 -342 -88 0
-423 -13 -334 -37 -10 -1 -31 -286 -273 -301 -184 -319 -238 -82 -439 -316 -310 -421 0
14 -356 -368 -437 -121 -381 -37 -180 -138 -241 -183 0
-13 -238 -31 -286 -37 -121 -319 -10 -82 -439 -316 -334 -1 -301 -46 -19 -214 0
272 -422 -37 -316 13 -310 -301 0
273 -310 -241 -316 -274 -37 -301 0
-422 -423 -37 -316 13 -310 -301 0
422 -310 -82 -274 -316 -439 0
-310 -82 -439 -316 -37 13 -301 0
433 -8 -334 -1 -348 -354 -139 -36 -31 -350 -299 0
340 -369 -414 -251 -31 -135 -267 -22 -370 -8 -96 -142 -70 -29 -254 -194 0
342 -102 -354 -139 -291 -76 -31 -373 -10 0
351 -251 -31 -135 -267 -22 -370 -8 -142 -70 -254 -194 -341 -354 -139 -291 -76 -373 -10 0
57 -384 -354 -409 -31 0
96 -57 -106 -8 0
-276 -267 -148 -260 -207 -376 -194 -166 -31 -70 -10 -435 -334 -1 -219 -286 -186 -431 -358 -436 -157 -279 -319 -238 -439 -37 -130 -82 13 0
422 -82 -148 -376 -166 -31 -70 -10 -334 -1 -286 -319 -238 -439 -37 13 -301 -316 0
352 -383 -399 -19 -401 -1 -46 -347 0
-383 -112 -1 -334 -151 -401 -391 -31 -286 -14 -274 -436 -37 -319 -130 -82 317 -358 -301 -271 -421 -353 -399 -19 -46 -347 0
-82 -37 -31 -286 -1 -319 -301 -19 -46 -148 -376 -166 -70 -10 -121 -214 0
353 -401 -46 -334 -19 -1 -346 0
352 -438 -37 -379 -136 -184 -431 0
304 -438 -319 -37 -46 -265 -19 -1 -125 -141 -34 -431 -346 -176 -31 -352 -6 -351 -282 -238 -433 -278 -425 -317 0
437 -194 -70 -360 -286 -332 -393 -89 -385 -379 -319 0
-310 -157 -286 -319 -37 -305 -46 -19 -1 -125 -141 -34 -431 -346 -31 -433 -425 -136 -439 -183 -272 -70 -301 -131 -311 0
306 -240 -439 -425 -317 -157 0
-157 -183 -121 -433 -305 -439 -425 -73 -319 -272 -131 -286 -37 -46 -19 -1 -125 -141 -34 -431 -346 -31 -136 -70 -301 -311 0
39 -238 -70 -194 -4 -297 -161 -220 -89 0
275 -13 -31 -46 -1 -37 -70 -136 -121 -433 -439 -73 -286 -19 -34 -301 -319 0
305 -301 -316 -37 -423 0
-433 -352 -37 304 -265 -438 -1 -46 -19 -431 -176 -31 -319 -6 -351 -282 -238 -278 -317 -301 -242 -13 -276 -84 -435 0
-352 -19 -13 -31 -286 -182 -273 -301 -37 -351 -310 -316 -439 -1 -46 -319 -176 -282 -238 -278 -317 -242 -84 0
352 -238 -182 -89 -351 -132 -319 -438 -219 -356 -184 -431 0
131 -352 -423 -435 -13 -31 -286 -305 -182 -273 -301 -37 -84 -319 -276 0
381 -297 -248 -141 -100 -401 -184 -291 -341 -136 -89 0
384 -398 -401 0
320 -94 -141 -34 -31 -409 -352 -401 -173 -73 0
381 -290 -286 -194 -358 -341 -89 0
-238 -401 -286 -358 -89 -356 -221 -391 -443 -319 -31 -409 -6 -182 -351 -424 -13 -435 422 -310 -316 -439 -423 -273 -301 -37 -84 -219 0
-439 -13 -423 -273 -182 -221 -1 -301 -89 -70 -37 -319 -435 -31 -286 -358 -356 -391 -443 -409 -6 -424 422 -310 -316 -219 -280 -440 0
274 -387 -349 -352 -13 -31 -286 -305 -182 -273 -301 -37 -423 -132 0
275 -239 -424 -132 0
-13 -286 -423 -273 -182 -221 -1 -301 -89 -37 -31 -70 -319 -424 -6 -435 -358 -356 -391 -443 -409 422 -310 -316 -219 -280 -440 0
-286 -70 -358 422 -310 -316 -6 -424 -182 -423 -273 -221 -1 -301 -37 -31 -89 -319 -435 -356 -391 -443 -409 -219 -280 -440 0
15 -94 -319 -182 -386 -34 -31 -409 -352 -401 -173 -73 0
130 -70 -221 -89 -182 -319 -386 -31 -409 -435 -219 -356 -280 422 -310 -316 -440 -6 -424 0
83 -300 -358 -200 -435 -75 0
-70 -200 -435 -6 -440 -358 -89 -31 -301 -182 -242 -319 -221 -409 -219 -356 -280 422 -310 -316 -424 -391 -212 -423 -273 -1 -37 -443 0
131 -13 -435 -286 -31 -423 -305 -182 -273 -301 -37 -319 -276 -328 -342 -268 -62 -116 -265 -216 -163 -260 -124 -219 -184 -443 -431 -242 0
-13 -291 -89 -387 -332 -182 -6 -424 -132 -276 -435 -286 -31 -423 -305 -273 -301 -37 -319 -328 -342 -268 -62 -116 -265 -216 -163 -260 -124 -219 -184 -443 -431 -242 0
38 -310 422 -316 -6 -424 -182 -435 -31 -423 -273 -301 -37 -319 -328 -268 -163 -219 -212 -391 -358 -440 -409 -280 -1 0
-89 -136 -358 -222 -184 -286 -438 -194 -290 -379 -341 -90 0
-274 -286 -358 -31 -222 -90 -319 -182 -409 -435 -280 -37 422 -310 -316 -440 -6 -243 -424 0
274 -357 -435 -438 -37 -184 -431 -1 -182 -90 -13 -423 -273 -301 -243 -132 0
-310 422 -31 -435 -37 -319 -316 -391 -6 -424 -358 -1 -423 -301 -268 -219 -279 -157 0
75 -352 -398 -282 -346 -279 -1 -113 -173 -152 0
-352 -282 -279 -398 -37 -431 -381 -186 -136 -173 -83 -74 -346 -1 -113 -152 0
90 -8 -1 -113 -125 -152 -175 -435 -74 -157 -83 -240 -354 -31 -398 -6 -282 -279 -222 -37 0
82 -282 -279 -1 -113 -349 -152 -435 -74 0
15 -182 -6 -186 -274 -279 -319 -130 -421 -1 -435 -37 -125 -157 -31 -431 -391 -436 -44 -219 0
276 -82 -431 -435 0
-82 -352 -31 -449 -431 -358 -436 -387 -319 -37 -130 13 -274 -435 0
82 -440 -274 -431 -186 -130 -435 -138 0
-182 -436 -6 -319 -37 -130 -274 -31 -449 -431 -358 -435 -186 -157 -14 -279 -421 -1 -125 -391 -44 -219 0
241 -334 -194 -31 -358 -161 -352 -8 -106 -199 -89 -350 -409 -37 -1 -279 -281 -44 0
440 -352 -1 -435 -112 -172 -31 -350 -431 -358 -391 -357 -449 -436 -82 -319 -37 -130 -274 -44 -14 -194 -161 -106 -89 -409 -279 -6 0
439 -106 -8 -76 -373 -10 -341 -240 -350 -6 0
-82 -213 -31 -391 -435 -1 -14 -44 -358 -279 -37 -177 -6 -431 -449 -436 -319 -130 -274 -194 -441 -219 -186 -179 -137 0
132 -73 -173 -319 -179 0
-301 -319 -37 -435 -31 -1 -279 -6 -219 -157 -316 -423 -306 0
434 -215 -279 -267 -43 -259 -241 -398 -124 -37 -383 -287 -359 -74 -300 -82 0
39 -71 -250 -396 -29 -143 -283 -43 -241 -89 0
360 -172 -183 -180 -13 -74 -241 -37 -250 -396 -43 -89 -287 -193 0
38 -349 -381 -89 -8 -244 -213 -383 -392 -172 -386 -180 -285 -183 -141 -437 -43 -13 -357 -279 -241 0
353 -381 -279 -219 -43 -1 -443 -241 -37 -8 -213 -392 -386 -180 -183 -437 -13 -357 -359 -74 -193 -435 -267 -259 -398 -124 -82 -448 -177 -31 0
38 -72 -193 -392 -63 -386 -180 -267 -1 -183 -165 -346 -13 -357 -279 -241 0
387 -81 -72 -332 -193 -31 -29 -141 -392 -290 0
-431 -82 -392 -183 -31 -267 -279 -1 -43 -13 -37 -124 -177 -219 -213 -437 -359 -435 -259 -193 -448 -319 -131 -275 -430 0
380 -240 -441 -6 -82 -342 -136 0
289 -192 -54 -349 -57 -141 -102 0
242 -77 -136 -183 -155 -349 -410 -279 -441 -6 -193 -160 -82 -11 -319 -131 -275 -43 -37 -13 0
39 -353 -448 -193 -31 -359 -392 -6 -441 -183 -319 -131 -82 -13 -437 -275 -356 -242 0
-241 -82 -136 -441 -6 -437 -193 -392 38 -267 -1 -183 -13 -279 -124 -384 -177 -353 -31 -448 -359 -213 -172 -319 -131 -275 -43 -242 0
88 -385 -102 -319 -57 -437 -31 -221 -353 -332 0
-82 -319 -437 -31 -6 -441 -183 -131 -13 -275 -193 -392 -267 -1 -279 -124 -177 -448 -359 -213 -43 -37 -219 -435 -186 -259 -430 0
-319 -435 -31 -6 -1 -279 -37 -219 -423 -157 -306 -316 0
4 -402 -12 -219 -381 -295 -186 -136 -82 -441 -240 0
132 -136 -6 -82 -89 -12 -219 -280 -221 -45 -436 -423 -157 -310 0
Solved
