476 -118 -280 -356 -325 -448 -373 -457 -322 -1 0
-118 -10 -280 -356 -325 -340 -373 -262 -457 -322 -1 -475 -448 0
323 -10 -1 -373 -457 -325 -262 -280 -52 0
-10 -262 -1 -373 -325 -457 -280 -322 -356 -340 -475 -448 0
458 -43 -206 -178 -187 -373 -1 0
10 -418 -469 -304 -169 -352 -325 -178 -475 -448 -373 -1 -457 -206 -187 0
375 -472 -340 -88 -448 -58 -352 -206 -178 -187 -373 -1 -457 -325 0
150 -312 -304 -110 0
502 -206 -88 -304 -469 -475 -448 -58 -1 -352 -457 -325 -178 -373 -340 -187 0
148 -472 -340 -194 -502 -176 -169 -152 -110 0
459 -41 -469 -298 -364 -304 -340 -502 -352 -316 -325 -178 -475 -187 -448 -373 -58 -1 0
506 -178 -340 -88 -448 -58 -352 -187 -373 -1 -457 -325 -469 -298 -364 -304 -316 -475 0
374 -207 -88 -340 -187 -448 -58 -1 -352 -457 -325 -178 0
149 -426 -364 -411 -113 -419 -219 -469 -298 -42 -304 -198 -111 0
-178 -373 -88 -364 -469 -298 -304 -316 -475 -187 -448 -58 -1 -352 -457 -325 -340 -505 0
148 -472 -340 -88 -195 -177 -153 0
458 -7 -469 -307 -304 -340 -88 -61 -259 -352 -280 -325 -187 -22 -448 -373 -58 -1 0
150 -472 -102 -249 -483 -22 -307 -86 -171 -469 -41 -197 -110 -304 0
-373 -22 -88 -340 -307 -469 -304 -61 -259 -352 -280 -325 -187 -448 -58 -1 -457 -364 -298 -316 -475 -505 0
28 149 -364 -411 -426 -505 -219 -469 -298 -304 -198 -111 -205 -31 -43 -488 -399 0
326 -9 -472 -61 -399 -259 -364 -411 -426 -505 -219 -469 -298 -304 -198 -205 -31 -22 -307 -150 -340 -88 -195 -177 -352 -280 0
474 -229 -177 -340 -195 0
398 -103 -119 -31 -224 -17 -29 -372 -39 -417 -264 -123 -12 -171 -94 -45 -9 0
148 -6 -364 -323 -357 -39 -505 -205 -12 -17 -178 -29 -9 -399 -119 -31 -350 -195 -22 -88 -340 -472 -177 -198 -110 0
229 -345 -215 -404 -483 -152 -19 -22 -43 -362 -12 -110 -264 -75 -39 -223 -101 -195 -422 -177 0
40 -182 -219 -283 0
-182 -147 -510 -117 -505 -41 -219 -283 0
397 -50 -323 -31 -386 -357 -119 -505 -219 -283 -503 -110 -364 -177 -362 -195 -22 -422 -88 -230 -483 -152 -19 -12 -264 -39 -61 -15 -199 -259 -17 -178 -239 -29 -9 0
231 398 -283 -259 -505 -29 -364 -205 -17 -6 -119 -31 -219 -39 -264 -12 -9 -386 -323 -110 -177 -362 -350 -195 -22 -422 -88 0
473 -119 -323 -347 -12 -39 -422 -177 -230 -283 -259 -505 -29 -364 -205 -17 -6 -31 -219 -9 -386 -110 -362 -350 -195 -22 -88 -399 -357 -483 -152 -19 -61 -15 -199 -178 -340 0
3 -472 -298 -259 -61 -22 -340 -265 -505 -364 -31 -88 -199 -178 -307 -304 -352 -280 -325 -469 -448 -58 -316 -475 -457 -187 0
151 -40 -505 -205 -304 -110 -149 -45 0
152 -73 -38 -96 -263 -350 -11 -352 -45 0
28 -45 -364 -410 -31 -325 -280 -209 -307 -362 -469 -298 -197 -110 -218 -304 -149 -505 -205 -425 -153 -38 -96 -263 -350 -11 -352 0
354 -362 -197 -280 -307 -149 -325 -110 0
-40 -29 -259 -398 -505 -205 -304 -110 -149 151 0
230 -110 -410 -31 -325 -280 -307 -469 -298 -197 -364 -218 -304 -149 -505 -205 -425 -153 -38 -11 -352 -398 -8 -259 -340 -22 -472 -88 0
30 -41 150 -22 -307 -469 -472 -197 -110 -304 -280 -8 -325 -61 -398 -352 -259 0
-29 151 -280 -364 -325 -356 -340 -11 -348 -370 -121 -38 -101 -8 -398 150 -22 -307 -469 -472 -197 -110 -304 -61 -352 -259 -218 -505 -205 -149 -5 0
151 -110 -356 -387 -472 -340 -218 -505 -205 -304 -402 -149 -11 -348 -364 -248 -370 -121 -280 -22 -325 -224 -197 -307 -352 -18 -38 -101 -8 -398 150 -469 -61 -259 -5 0
28 -226 -356 -472 -340 -162 -209 -38 -120 -11 -101 -31 -44 -8 -488 -398 0
-110 -153 -356 -340 -162 -38 -8 -398 -11 -348 -18 -120 -31 -425 -410 -307 -22 -325 -197 -280 -149 -352 -472 -387 -218 -505 -205 -304 -402 -364 -469 -61 -259 -5 -298 -231 -88 0
148 -96 -120 -103 -18 -30 -38 -31 -11 -352 -45 -340 -416 -22 -472 -123 -88 -231 -153 0
342 -419 -410 -402 -46 -425 -387 -123 -504 -231 -162 -472 -356 -209 0
121 -224 -423 -416 -231 0
28 -100 -38 -324 -423 -402 -231 -123 -416 -340 -410 -46 -425 -387 -504 -162 -472 -356 -209 -120 -31 -488 -18 0
229 -263 -120 -38 -324 -223 -100 -402 -423 -123 0
39 -256 -31 -103 -120 -134 -158 -74 0
-263 -405 -153 -38 -96 -11 -352 -45 -31 -103 -120 -74 -498 -351 -416 -22 -423 -231 -123 -88 -324 -223 -100 -402 0
399 -488 -120 -231 -498 -31 -472 -410 -402 -425 -387 -162 -356 -340 -153 -38 -11 -352 -103 -351 -416 -22 -88 -324 -14 -18 -30 -87 -197 -149 -170 -8 0
151 -157 -410 -298 -255 -248 -265 -64 -422 -405 -149 0
37 -146 -364 -402 -5 -324 -387 -51 -509 -356 -505 -205 -38 -350 -263 -11 -352 -153 -410 -298 -255 -248 -265 -422 -405 -149 -498 -94 -74 0
230 -461 -31 -103 -76 -19 -482 -364 -218 -298 -344 -248 -42 -265 -197 -505 -405 -149 -205 -153 -43 -11 -38 -402 -5 -324 -387 -509 -356 -352 -410 -498 -94 -74 -199 -502 -340 -238 -22 -472 -88 0
193 -149 -31 -76 -19 -364 -218 -298 -265 -197 -505 -205 -11 -38 -5 -387 -356 -352 -410 -498 -199 -340 -22 -472 -88 -61 -14 -259 -18 -178 -8 -398 -120 -425 -162 -280 -325 -348 -307 -304 -469 -176 0
-472 -505 -88 -76 -364 -298 -265 -340 -352 -199 -22 -61 -259 -280 -325 -307 -304 -469 -448 -58 -316 -475 -457 -187 -1 0
2 -235 -187 0
-235 -187 -1 0
231 -352 -76 -364 -298 -265 -340 -199 -88 -259 -325 -307 -304 -58 -316 -475 -457 -187 -1 -149 0
152 -194 -76 -364 -298 -265 -340 -199 -352 -22 -259 -505 -325 -307 -304 -58 -316 -475 -457 -187 -1 -450 -88 -175 0
37 -8 -364 -410 -31 -325 -280 -307 -45 -469 -298 -197 -209 -304 -149 -505 -153 -38 -263 -11 -352 -187 -22 -1 -398 -515 -248 -457 -316 -88 -76 -265 -340 -199 -259 -58 -475 -450 -101 0
514 -280 -76 -364 -298 -265 -340 -199 -352 -22 -259 -505 -325 -307 -304 -469 -88 -58 -316 -475 -457 -187 -1 0
448 -514 -22 -505 -88 -356 -194 0
-280 -469 -209 -38 -364 -31 -325 -307 -101 -298 -304 -149 -505 -153 -263 -11 -352 -187 -22 -1 -248 -457 -316 -88 -76 -265 -340 -199 -259 -58 -475 -450 -198 -356 -194 0
280 -356 -475 -198 -352 -22 -1 -457 -450 -505 -88 -325 -194 0
341 -11 -101 -316 -259 -505 -304 -149 -111 -325 -198 -187 -352 -1 -457 -450 -22 -88 -38 -364 -31 -307 -298 -153 -370 -248 -76 -265 -340 -199 -58 -475 -175 0
-469 -283 -224 -370 -265 -369 -298 -222 -259 -505 -304 151 -149 150 -364 -352 -248 -88 -76 -340 -199 -22 -325 -307 -280 -448 -58 -316 -475 -457 -187 -1 0
355 -280 -222 -224 -364 -248 -369 -259 -505 -304 -149 -325 -265 -352 -370 -22 -298 150 -88 -76 -340 -199 -307 -58 -316 -475 -457 -187 -1 -175 0
356 -195 -88 -22 -505 -450 0
342 -505 -352 -22 -1 -457 -475 -88 -325 -224 -364 -248 -259 -304 -149 -265 -370 -298 150 -76 -340 -199 -307 -58 -316 -187 -175 0
-505 -101 -88 -457 -1 -22 -316 -259 -304 -149 -325 -187 -352 -38 -364 -31 -307 -298 -370 -248 -76 -265 -340 -199 -58 -475 -175 -224 150 0
449 -101 -370 -307 -325 -111 -198 -352 -22 -1 -340 -514 -457 -355 0
458 -121 -111 -415 -224 -7 -18 -1 0
229 -22 -304 -352 -259 -88 -58 -1 -457 -38 -307 -325 -340 -316 -149 -187 -364 -31 -298 -76 -265 -199 -475 0
516 -505 -402 -387 -31 -498 -218 -259 -19 -398 -205 -304 151 -149 230 -325 -410 -307 -280 -298 -197 -364 -425 -153 -38 -11 -352 -8 -340 -22 -472 -88 0
-505 -22 -364 -298 -265 -340 -199 -352 -76 -259 -325 -307 -304 -88 -58 -316 -475 -457 -187 -1 -31 -149 -38 0
-22 -352 -31 -259 -304 -149 -325 -76 -364 -298 -265 -340 -199 -307 -88 -58 -316 -475 -457 -187 -1 -38 0
515 -356 -340 -88 -472 -457 -149 -58 -505 -352 0
341 -469 -398 -498 -29 -364 -410 -31 -325 -280 -362 -307 -45 -298 -197 -96 -110 -304 -149 -505 -205 -425 -153 -38 -218 -350 -11 -352 -210 0
342 -257 -415 -168 -423 -337 -231 -465 -472 -367 -356 0
-280 -423 -415 -231 -31 -155 -222 -398 -498 -29 -364 -410 -325 -307 -45 -298 -197 -96 -110 -304 -149 -505 -205 -425 -153 -38 -218 -350 -11 -352 -340 -168 -465 -472 -367 -356 -103 -19 -186 -360 -82 -68 -319 -243 -85 -282 0
417 -370 -169 -423 -231 -8 0
366 -314 -410 -425 -248 0
-370 -415 -372 -169 -423 -231 -8 0
-153 -8 -472 -231 -340 -387 -222 -364 -410 -425 -248 -243 -31 -398 -498 -29 -325 -307 -45 -298 -197 -96 -110 -304 -149 -505 -205 -38 -218 -350 -11 -352 -168 -356 -19 -360 -68 -282 -265 -194 -176 -152 0
449 -222 -231 -149 -340 -88 -364 -248 -31 -29 -325 -307 -45 -298 -96 -110 -304 -505 -38 -350 -352 -168 -356 -68 -282 -265 -152 -316 -475 -187 -58 -1 -457 0
-356 -505 -1 -58 -340 -149 -38 -231 -88 -364 -31 -325 -307 -298 -304 -457 -352 -265 -316 -475 -187 -481 -349 -514 0
-505 -481 -457 -259 -38 -1 -304 -325 -149 -352 -231 -514 -340 -58 -88 -364 -31 -307 -298 -265 -316 -475 -187 -349 0
148 -153 -352 -450 -514 0
448 -16 -231 -457 -88 -58 -194 -14 0
-110 -29 -231 -481 -221 -285 -325 -475 -352 -58 -1 -514 -457 -450 -88 -194 -255 -259 -298 -40 -304 150 0
-29 150 -231 -457 -88 -58 -194 -514 -352 -481 -221 -285 -325 -475 -1 -255 -259 -298 -40 -304 -450 0
150 -194 -88 -231 -450 -481 -514 -325 -352 -259 -457 -58 -221 -285 -475 -1 -255 -298 -40 -304 0
357 -231 -340 -88 -352 -514 -149 -481 -325 -259 -457 -58 -475 -1 -298 -40 -304 -472 0
-352 -149 -199 -475 -1 -457 -38 -304 -340 -88 -325 -259 -58 -298 -364 -31 -307 -265 -316 -187 -76 0
506 -122 -109 -371 -31 -103 -120 -304 -225 -14 -259 -18 -102 -38 -28 -8 -263 -398 -11 -44 -205 0
30 -417 -371 -102 -38 -221 -263 -364 -285 -11 -249 -218 -44 -63 -40 -398 -259 0
483 -84 -243 -282 -325 0
327 -419 -364 -425 -182 -31 -285 -120 -156 -488 -221 0
111 -285 -425 -221 -364 -249 -483 -325 -31 -120 -471 -371 -40 -225 -259 -18 -28 -102 -38 -263 -11 -218 -44 -63 -398 0
30 -170 -8 -122 -398 -371 -102 -38 -221 -263 -364 -285 -11 -249 -218 -44 -63 -40 -259 0
148 -514 -88 -352 -231 -110 0
18 -1 -398 -457 -29 0
449 -370 -221 -231 -285 -325 -352 -1 -514 -457 -148 0
450 -514 -352 -18 -29 -457 0
448 -176 -340 -285 -231 -148 -318 -304 -110 -522 -40 -259 -29 -398 -8 0
459 -340 -259 -304 -31 -325 -364 -298 -352 -88 -58 -457 -1 -38 -231 -221 -285 -110 -29 -514 -40 -489 -398 -519 0
516 -514 -231 -304 -40 -259 -38 -29 -58 -1 -457 -31 -325 -364 -298 -352 -221 -285 -88 -398 0
-514 -1 -398 -29 -352 -231 -304 -40 -259 -38 -58 -457 -31 -325 -364 -298 -221 -285 -88 0
148 -110 -194 -88 -352 -231 -176 0
229 -207 -45 -236 -11 -340 -38 -221 -100 -155 -423 -169 -415 -231 -8 0
-110 -73 -38 -45 -11 -352 -96 -40 -505 -304 -149 -1 -518 -22 -88 -231 -236 -221 -100 -169 -8 -356 -285 -197 -194 -176 0
230 -123 -18 -352 -120 -38 -31 -11 -30 -96 -416 -22 -45 -88 -231 -153 -1 -149 -518 -194 -224 0
-30 -22 -231 -31 -38 -352 -88 -285 -1 -280 -325 -40 -505 -304 -221 -448 -58 -457 -398 -29 0
229 -7 -38 -448 -150 0
-1 -58 -88 -352 -231 -304 -40 -398 -259 -31 -285 -325 -221 -38 -457 -29 -364 -298 0
150 -422 -101 -449 -38 0
230 -101 -38 -449 0
-150 -170 -285 -31 -487 -352 -325 -221 -457 -96 -16 -73 -101 -235 -38 -304 -7 229 0
-58 -285 -221 -457 -38 -231 -88 -304 -364 -31 -352 -325 -29 -398 -40 -259 -298 0
230 -150 -325 -517 -175 -352 -88 0
-448 -150 -398 -38 -457 229 0
30 -237 -285 -472 -355 -364 -193 -249 -88 -517 -221 -514 -325 -40 -352 -259 0
-150 -285 -31 -352 -325 -221 -457 -38 -304 -398 -29 -364 -88 -517 -40 -259 -231 -175 0
Solved
