431 -185 -67 -129 -159 -62 -269 -59 -443 -242 -379 -187 0
484 -135 -162 -238 -292 -62 -385 -178 -199 -338 -432 -67 -129 -159 -269 -242 -379 -187 -479 -325 -285 -278 0
63 -162 -19 -135 -142 -385 -67 0
488 -138 -154 -142 -385 -308 -398 -131 -115 -376 -1 -76 -64 -472 0
490 -281 -274 -406 -5 -64 -472 -487 -154 -385 -308 -398 -131 -115 -376 -1 -76 -350 0
473 -63 -365 -455 -67 -100 -118 -457 -406 -274 -281 -376 -5 -64 0
-63 -67 -118 -479 -178 -112 -199 -385 -238 -350 -365 -409 -455 -154 -308 -398 -131 -115 -376 -1 -487 -104 -76 -64 -472 -278 -100 -457 -406 -274 -281 -5 0
63 -308 -409 -238 -154 -398 -131 -115 -1 -76 -64 -472 -487 -385 0
14 -131 -1 -409 -76 -64 -238 -472 -398 -487 -385 -118 -479 -178 -350 -365 -455 -154 -115 -104 -100 -457 -406 -274 -5 -360 -257 -469 0
65 -63 -187 -241 -223 -115 -487 -76 -472 -1 0
66 -241 -223 -187 -385 -487 -76 -472 -1 0
497 -223 -238 -154 -487 -385 -115 -1 -76 -64 -472 -187 -409 -118 -178 -100 -457 -406 -274 -469 -439 -334 -298 -232 0
20 -67 -321 -333 -480 -324 -178 -112 -253 -199 -385 -292 -451 -158 -238 -366 -409 -456 -154 0
489 -63 -385 -480 -178 -253 -238 -366 -409 -456 -154 -258 -399 -469 -132 -14 -115 -1 -223 -187 -487 -76 -472 -105 -64 0
-63 -366 -456 -100 -118 -457 -406 -274 -359 -469 -14 -6 -187 -223 -115 -487 -76 -472 -1 -64 -385 -480 -178 -253 -238 -409 -154 -258 -399 -132 -105 0
499 -118 -154 -409 -238 -1 -76 -64 -472 -487 -385 -100 -187 -457 -406 -274 -469 -115 -178 -253 -439 -334 -232 -496 0
225 -263 -432 -187 0
387 -20 -67 -175 -406 -412 -224 -432 -187 -238 -451 -292 0
65 -63 -412 -154 -409 -238 -385 -187 -274 -457 -118 -100 -406 -115 -499 -487 -76 -472 -1 0
19 -13 -232 -67 -439 -175 -456 0
224 -264 -431 -187 0
386 -67 -406 -175 -412 -225 -431 -187 -232 -439 -243 -238 -451 -161 -292 -63 0
387 -451 -81 -165 -282 -333 -321 -154 -409 -238 -225 -292 0
-451 -63 -406 -175 -412 -225 -431 -187 -232 -439 -243 -238 -161 -292 -385 -81 -165 -282 -333 -321 -154 -409 0
-63 -118 -412 -187 -232 -439 -238 -385 -154 -409 -274 -457 -406 -100 -115 -499 -487 -76 -472 -1 -64 0
-118 -409 -154 -238 -100 -1 -76 -64 -472 -487 -385 -412 -187 -232 -439 -274 -457 -406 -115 -469 -178 -253 -334 -496 0
473 -456 -63 -178 -253 -238 -385 -409 -154 -469 -115 -1 -187 -487 -76 -472 -64 -439 -334 -232 -131 -496 -242 -505 0
386 -292 -232 -496 -115 -505 -1 -76 -64 -472 -63 -178 -253 -238 -385 -409 -154 -469 -187 -487 -334 -451 -439 0
66 -455 -20 -439 -232 -115 -496 -76 -135 -505 -472 -1 0
-292 -63 -247 -478 -439 -334 -232 -433 -496 -487 -505 -472 -64 -115 -76 -1 -154 -409 -238 -451 -253 -385 -178 -469 -187 0
474 -316 -1 -76 -64 0
-316 -76 -1 -64 -472 0
-63 -162 -135 -62 -247 -478 -439 -334 -232 -433 -496 -487 -505 -472 -64 -115 -76 -1 -154 -409 -238 -253 -385 -178 -469 -187 0
65 -409 -385 -238 -154 -115 -1 -76 -64 -472 -487 -247 -478 -439 -334 -232 -433 -496 -505 -253 -178 -469 -187 -91 -73 0
508 -334 -247 -439 -385 -232 -496 -487 -472 -115 -1 -154 -238 -253 -178 -469 -187 -73 -100 -412 -274 -457 -406 0
-409 -64 -63 -439 -334 -232 -451 -496 -487 -472 -247 -115 -76 -1 -154 -238 -253 -385 -178 -469 -187 -100 -412 -274 -457 -406 0
281 -174 -412 -406 -81 0
387 -455 -100 -365 -118 -457 -406 -274 -280 -412 -81 -197 -451 -292 0
66 -292 -412 -187 -232 -439 -238 -451 -406 -63 -385 -100 -457 -274 -334 -496 -130 -115 -487 -76 -472 -1 0
13 -173 -235 -187 -63 65 -115 -487 -76 -472 -1 -108 0
386 -480 -178 -258 -469 -307 -14 -235 -187 -63 65 -115 -487 -76 -472 -1 -238 -451 -292 -253 0
-64 -451 -412 -187 -238 -406 -385 -178 -469 -63 -115 -487 -76 -472 -1 -253 -439 -334 -232 -496 -100 -457 -274 -247 -154 0
410 -88 -439 -292 -187 -451 -331 -20 -238 -154 -132 0
453 -88 -331 -67 -154 -307 -20 -14 -456 -242 -238 0
309 -236 -173 -206 -437 -187 -267 -242 -67 -14 0
474 -292 -187 -253 -385 -412 -238 -451 -331 -154 -4 -439 -334 -232 -496 -63 -508 -268 -115 -487 -76 0
452 -243 -406 -412 -187 -232 -439 -238 -451 -161 -292 -63 -469 -496 -131 -385 -410 0
307 -131 -439 -496 -232 -410 -154 -21 0
155 -281 -232 -4 -439 -334 -455 -321 -21 0
-292 -4 -100 -439 -334 -505 -232 -496 -331 -154 -253 -412 -406 -385 -238 -451 -187 -63 -469 -508 -268 -115 -487 -76 -472 0
453 -409 -63 -412 -385 -406 -232 -4 -439 -334 -487 -472 -115 -76 -331 -508 -154 -253 -238 0
-409 -331 -232 -439 -115 -76 -187 -508 -154 -238 -451 -63 -412 -385 -406 -4 -334 -487 -472 -253 0
440 -175 -406 -412 -469 -274 -242 -197 -487 -1 -508 -472 -316 -76 -115 -505 -130 -496 -364 -232 0
454 -134 -154 -63 -331 -115 -130 -496 -232 -439 -406 -412 -469 -274 -242 -197 -487 -1 -508 -472 -316 -76 -505 0
452 -331 -412 -154 -406 -63 -487 -472 -268 -76 -115 -130 -4 -496 -334 -232 -439 -469 -274 -1 -508 -316 -505 -238 0
441 -331 -63 -154 -115 -130 -496 -232 -439 -406 -412 -469 -274 -487 -1 -508 -472 -316 -76 -505 -455 0
454 -350 -406 -282 -385 -412 -321 -63 -448 -158 -185 -331 -307 -154 -365 -21 0
241 -158 -418 -350 -185 -426 -53 -412 -59 -448 -207 -402 -237 -469 -15 0
392 -81 -45 0
447 -225 -392 -352 0
-451 -63 -406 -232 -439 -334 -154 -187 -418 -469 -385 -412 -487 -472 -76 -115 -496 -274 -1 -508 -238 -253 -100 -178 -457 -247 0
410 -20 -115 -76 -133 -508 -154 0
117 -63 -487 -472 -133 -76 0
-63 -76 -115 -487 -472 -385 -406 -232 -439 -334 -154 -187 -418 -469 -412 -496 -274 -1 -508 -238 -253 -100 -178 -457 -247 0
234 -399 -132 -496 -439 0
156 -76 -1 474 -200 -293 -178 -238 -187 -242 -439 -334 -232 -132 -496 -417 -69 -389 -320 -20 0
67 -224 -352 -332 -445 -66 -173 -6 -412 -406 -320 -176 0
243 -264 -100 -501 -389 -307 -69 -352 -332 -445 -66 -173 -6 -412 -406 -320 -176 -187 0
308 -445 -332 -352 -66 -173 -6 -412 -406 -320 -176 -69 0
455 -437 -173 -187 -242 -14 -6 -1 -76 474 -352 -332 -412 -406 -320 -293 -100 -389 -307 -69 -451 -366 -238 0
453 -352 -457 -224 -274 -173 -476 -1 -507 -332 -6 -469 -76 474 -14 -293 -242 0
223 -264 -442 -235 -58 -173 0
349 -210 -175 -448 -491 -137 0
139 -84 -437 -412 -206 -173 0
-76 -406 -274 -412 -457 -469 -187 -1 -100 -238 -439 -334 -232 -496 -154 -178 -508 -115 -472 -253 -487 -385 -418 -247 0
309 -224 -412 -79 -173 -321 -406 -67 0
410 -65 -332 -508 -154 0
233 -456 -176 -406 -238 -280 -410 -132 -298 -397 -469 -496 -439 -13 0
234 -64 473 -63 -100 -67 -457 -406 -274 -298 -469 -496 -439 -334 -13 0
233 -176 -406 -238 -280 -410 -298 -397 -469 -496 -439 -13 0
68 -280 -469 -496 -334 -13 473 -63 -100 -67 -457 -406 -274 -439 -232 -238 -410 -224 -309 0
398 -40 -280 -358 -366 -300 -456 -500 -173 -238 -224 -410 -309 -132 0
282 -300 -173 -500 -412 -224 -406 -358 0
498 -273 -267 -268 -412 -173 -65 -406 -79 -280 -500 -224 -238 -410 -309 -469 -439 -334 -13 -232 -104 0
-280 -13 -224 -439 -496 -232 -410 -154 -469 -309 -406 -268 -412 -173 -79 -238 -334 -67 473 -63 -100 -457 -274 0
241 -224 -469 -496 -439 -232 -334 -268 -410 -332 -154 -67 -321 -238 -406 -412 -173 -79 473 -63 -100 -457 -274 0
-224 -67 -332 -321 -390 -406 -253 -63 -100 -268 -412 -385 -79 -173 -187 -243 -469 -496 -439 -232 -334 -410 -154 -238 473 -457 -274 0
497 -139 -42 -469 -439 -232 -496 -410 -154 307 0
282 -280 -238 -190 -410 -154 -247 -439 -496 -232 307 -100 -469 -500 -406 -432 -104 -173 -412 -457 -274 0
440 -455 -445 -238 -410 -268 -154 -139 -439 -496 -232 307 -243 -469 -449 0
-455 -41 -139 -104 -496 -232 -439 -445 -238 -410 -268 -154 307 -243 -469 -449 0
455 -397 -496 -232 -410 -439 -238 0
441 307 -79 -104 -496 -232 -439 -238 -410 -268 -154 -173 -243 -469 -190 -247 -100 -500 -406 -432 -412 -457 -274 -353 -321 0
307 -432 -496 -232 -439 -238 -410 -268 -154 -243 -469 -412 -173 -406 -79 -190 -247 -100 -500 -104 -457 -274 -353 -321 0
454 -506 -457 -274 -165 -65 -280 -332 -406 -154 -176 -21 0
276 -285 -444 -350 -198 -490 -475 -121 0
234 -455 -100 -457 -280 -274 224 -187 -381 -272 -238 -176 -65 -332 -406 -154 -21 -160 -410 -115 -496 -439 -334 -399 0
-455 -160 -410 -115 -154 -21 -496 -439 -232 -100 -457 -280 -274 224 -187 -381 -272 -238 -176 -65 -332 -406 -334 -399 0
-67 -243 -115 -496 -232 -439 -238 -410 -154 -100 -457 -274 -187 -332 -406 -334 -321 -63 -268 -469 -412 -173 -79 -190 -247 -390 -253 -385 473 0
473 -332 -274 -457 -406 -154 -439 -334 -232 -496 -115 -1 -385 -238 -100 -187 -268 -469 -412 -173 -79 -190 -247 -253 -508 -487 0
276 -457 -523 0
-457 -274 -523 0
281 -412 -452 -346 -450 -436 -475 -139 -406 -274 -40 0
282 -142 -177 -68 -406 -320 -274 0
19 -274 -158 -515 -75 -137 -523 -350 -450 -100 -452 -346 -436 -406 -280 -320 -469 -365 -13 -455 -309 0
241 -59 -206 -452 -443 0
242 -443 -196 -22 -346 -354 -389 -224 -487 -187 0
69 -243 -436 -346 -196 -452 -22 -354 -389 -224 -187 -283 -184 -320 -271 0
273 -268 -436 -173 -265 -386 -235 -254 -184 -83 0
-268 -224 -354 -187 -22 -243 -346 -452 -436 -265 -283 -184 -271 -173 -386 -235 -254 -83 0
223 -206 -196 -452 -346 -58 -22 -235 -354 -173 0
225 -489 -61 -243 -386 -187 -173 0
308 -173 -196 -452 -346 -22 -354 -386 -187 -436 -283 -184 -271 -254 -83 -320 -68 -389 -108 -469 -13 0
-224 -386 -452 -173 -432 -187 -436 -346 -196 -22 -354 -389 69 -283 -184 -320 -271 -223 0
Solved
