371 -73 -40 0
-73 -40 -370 0
481 -123 -21 -131 -220 -294 -204 -138 -63 -395 -82 -273 -343 -474 -284 0
309 -429 -252 -404 -496 -188 -346 -204 -21 -438 -294 -25 -64 0
78 -423 -350 -211 -220 -280 -307 -252 -404 -496 -188 -346 -204 -21 -294 -25 -64 0
322 -469 -406 -168 -378 -252 -199 -457 -404 -188 -124 -314 0
429 -303 -474 -252 -404 -484 -192 -367 -205 -343 -294 -82 -406 -188 -63 -326 -25 -59 -64 -168 -307 -78 -496 -280 -21 -346 -220 0
199 -314 -294 -429 -188 -78 -404 -21 0
347 -429 -496 -350 0
428 -313 -252 -201 -21 -294 -78 0
162 -294 -64 -25 -252 -21 -404 -188 -346 -496 -350 -474 -484 -192 -367 -205 -343 -82 -406 -63 -326 -59 -168 -307 -280 -220 -211 -204 0
427 -421 -211 -148 -350 -294 0
429 -247 -367 -484 -205 -139 -474 -454 -343 -307 -326 -496 -82 -280 -21 -430 -406 -59 -346 -322 -220 -252 -404 -192 -294 -188 -63 -25 -64 -168 0
-429 -252 -404 -496 -188 -346 -204 -21 -294 -25 -64 -307 -280 -220 -427 -350 0
490 -63 -484 -204 -454 -64 -307 -496 -280 -346 -220 -205 -406 -367 -326 -25 -168 -211 -148 -161 -233 -7 -100 -1 -312 0
-427 -188 -496 -252 -346 -204 -21 -294 -25 -64 -307 -280 -220 -404 -429 0
-188 -404 -496 -429 -1 -346 -252 -25 -64 -294 -204 -21 -307 -280 -220 -7 0
428 -201 -352 -317 -252 -294 -78 -21 0
-404 -252 -21 -294 -78 -429 -352 -317 -312 -496 -1 -346 -25 -64 -204 -307 -280 -220 -7 0
-252 -78 -64 -1 -294 -7 -429 -496 -346 -312 -21 -25 -352 -317 -204 -307 -280 -220 0
-78 -429 -294 -204 -64 -21 -1 -7 -496 -346 -312 -25 -352 -317 -307 -280 -220 0
-188 -189 -312 -496 -429 -1 -346 -252 -25 -64 -294 -204 -21 -307 -280 -220 -7 0
343 -179 -484 -168 -381 -401 -406 -471 -358 -326 -59 -503 -107 0
368 -131 -205 -123 0
83 -343 -490 0
470 -225 -460 -91 -352 -305 -131 -474 -123 -273 -45 -401 -406 -154 0
428 -252 -123 -406 -303 -326 -352 -305 -490 -484 -367 -205 -168 -107 -7 -1 -447 -312 -496 -429 -346 -25 -64 -294 -204 -21 -307 -280 -220 -438 0
-252 -429 -148 -294 -7 -1 -220 -280 -307 -25 -64 -211 -123 -406 -303 -326 -352 -305 -490 -484 -367 -205 -168 -107 -447 -312 -496 -346 -204 -21 -438 0
-429 -21 -496 -64 -346 -204 -312 -307 -1 -148 -294 -7 -220 -280 -25 -211 -406 -326 -352 -305 -490 -484 -367 -205 -168 -107 -317 0
315 -83 -128 -252 -227 -199 -191 -490 -404 -312 -188 -124 0
292 -404 -312 -100 -188 -314 -128 -252 -227 -199 -490 -124 -367 -205 -132 -122 -324 -248 0
-404 -128 -252 -161 -199 -302 -59 -188 -326 -314 -406 -168 -378 -457 -124 -324 -294 -312 -100 -227 -490 -367 -205 -132 -122 -248 0
84 -343 -490 0
106 -87 -457 -104 -446 -110 -36 -504 0
271 -469 -406 -401 -89 0
301 -474 -49 -446 -124 -104 -272 -406 -401 -89 -421 -326 -161 -59 0
-21 -294 -406 -161 -484 -367 -205 -326 -1 -312 -168 -100 -490 -204 -63 -25 -64 -307 -496 -280 -346 -220 -148 -7 -211 -352 -305 -107 -317 0
348 -421 -148 -211 -294 -496 -428 0
472 -124 -482 -272 0
-294 -63 -161 -406 -168 -496 -346 -148 -211 -204 -463 -25 -64 -307 -317 -280 -312 -7 -220 -1 -484 -367 -205 -326 -100 -490 -352 -305 -107 0
294 -312 -367 -205 -1 -7 -346 -496 -211 -220 -280 -463 -307 -25 -148 -100 -64 0
125 -288 -470 -155 -446 -263 -474 -104 -273 0
369 -132 -205 -122 0
200 -402 -168 -378 -252 0
403 -191 -312 -100 0
-21 -188 -406 -252 -312 -168 -1 -404 -100 -367 -205 -204 -25 -64 -307 -496 -280 -346 -220 -294 -7 0
-188 -404 -312 -1 -406 -252 -168 -100 -367 -205 -204 -25 -64 -307 -496 -280 -346 -220 -294 -7 0
272 -247 -447 -358 -45 -218 -409 -205 369 -474 -124 -88 0
251 -59 -303 -406 -447 -218 -205 -470 -396 -204 -62 -438 -25 -294 -64 -148 -211 -496 348 -367 -307 -123 -280 -220 -21 -201 -1 0
282 348 -211 -294 -496 -148 -220 0
-404 -252 -406 -205 -204 -25 -294 -64 -148 -211 -496 -367 -307 -280 -220 -1 -151 -493 -346 -312 -7 -352 -305 -484 -168 -107 -317 -100 0
314 -428 -294 -64 -25 0
445 -165 -463 -191 -100 -156 -474 -406 -401 -89 -244 -272 -450 -104 0
-252 -161 -406 -484 -367 -205 -1 -312 -168 -100 -204 -25 -64 -307 -496 -280 -346 -220 -148 -7 -211 -352 -305 -107 -317 -151 -493 -463 0
-21 -294 -307 -280 -64 -204 -1 -7 -496 -346 -312 -25 -352 -317 -220 -211 -148 -187 -403 -399 -201 -20 0
42 -496 -151 -406 -493 -346 -148 -211 -463 -25 -64 -307 -317 -280 -7 -220 -1 -484 -367 -205 -100 -352 -370 0
310 -188 -404 0
-188 -404 -311 0
110 -34 -463 0
-404 -252 -162 -406 -484 -167 -203 -367 -205 -352 -317 -463 -294 -21 -311 -7 -1 -25 -148 -211 -496 -64 -307 -220 -280 -346 0
189 -252 -203 -307 -280 -21 -220 -496 -7 -1 -64 -294 -25 -346 0
347 -397 -203 -337 -307 -64 -280 -25 -220 -76 -313 -496 -427 -294 0
-252 -21 -484 -367 -64 -167 -205 -307 -280 -496 -211 -294 -148 -220 -346 -25 -203 -100 -1 -311 -7 -162 -406 -352 -317 -463 0
166 -155 -90 -406 -273 -43 -402 -377 0
271 -164 -463 -192 -100 -447 -473 -105 0
325 -421 -110 -162 -33 -303 -219 -60 0
-21 -294 -162 -493 -463 -100 -205 -203 -367 -406 -64 -307 -220 -280 -496 -211 -148 -346 -311 -7 -1 -484 -167 -25 -352 -317 0
-429 -446 -463 -124 -272 -473 -421 -322 -100 -211 -294 -496 347 -428 0
111 -458 -90 -137 -205 368 -468 -44 -463 -185 0
273 -504 -108 -289 -393 -134 -463 -137 -205 368 -44 -15 -83 -105 -490 -446 -285 -124 -473 -355 0
-294 -393 -100 -406 -108 -289 -463 -205 -211 -496 -311 -484 -203 -367 -25 -64 -346 -307 -317 -148 -220 -280 -7 -1 -162 -493 -167 -352 0
505 -346 -100 -367 -205 -463 -211 -317 -280 -7 -1 -148 -64 -406 -289 -493 -352 -370 -151 0
348 -428 -280 -148 -211 -294 -496 -220 0
506 -25 -64 0
-25 -64 -505 0
-428 -421 -454 -61 -273 -370 -41 -313 -230 -1 -100 -7 -496 -294 -211 -148 -131 -346 -429 -280 -220 0
428 -131 -454 -273 -61 -230 -100 -370 -41 -313 -496 -346 -294 0
-220 -273 -61 -454 -370 -41 -313 -230 -1 -100 -7 -496 -294 -211 -148 -131 -346 -280 -221 0
315 -124 -133 -324 -127 -352 -289 -317 -392 -78 -230 -19 -100 -1 -312 -188 -294 0
-124 -230 -392 -100 -319 -294 -61 -324 -313 -133 -127 -352 -289 -317 -78 -19 -1 -312 -188 0
102 -131 -305 -89 -454 -268 -61 -319 -136 -392 -233 -230 0
66 -496 -294 -100 -454 -61 -133 -352 -289 -317 -1 -370 -313 -346 -7 -211 -148 -280 -205 -367 -505 0
429 -132 -454 -272 -61 -231 -100 -370 -42 -496 -313 -346 -322 0
-496 -294 -7 -1 -346 -454 -100 -370 -205 -367 -505 -317 -64 -352 -289 -211 -148 -280 0
-350 -428 -505 -64 -294 -211 -148 -280 -349 0
-428 -323 -294 -100 -310 -1 -7 -505 -64 -211 -148 -280 -349 0
314 -188 -493 -151 -289 -205 -406 -367 -505 -376 -352 -317 -294 -100 -1 -370 -7 -214 -181 -73 -349 -346 -64 -211 -148 -280 0
-428 -126 -493 -151 -181 -289 -205 -406 -367 -505 -370 -376 -214 -73 -100 -346 -188 -252 -317 -1 -294 -7 -64 -211 -148 -280 -349 0
-188 -294 -493 -151 -181 -289 -205 -406 -367 -505 -370 -376 -214 -73 -100 -346 -317 -1 -7 -64 -211 -148 -280 -349 -352 0
-294 -346 -100 -1 -7 -493 -151 -289 -205 -406 -367 -505 -370 -317 -64 -211 -148 -280 -352 -454 0
427 -132 -454 -61 -391 -233 -346 -370 -272 -42 -473 -311 -1 -7 -211 -422 -313 -280 -324 -222 0
2 -77 -317 -19 -7 0
508 -7 -100 -1 -317 -370 -454 -211 -280 -205 -367 -148 -493 -151 -289 -406 -463 0
-64 -315 -280 -428 -294 -66 0
27 -185 -289 -423 -358 -231 -205 -280 -20 -370 -367 -307 -220 -40 -505 0
-429 -220 -100 -211 -294 347 -428 -317 -7 -280 -200 -367 -463 -505 -315 -25 -289 -423 -231 -205 -370 -307 -40 -382 -277 -1 0
-220 -25 -315 -505 -323 -100 -211 -294 347 -428 -317 -7 -280 -200 -367 -463 -289 -423 -231 -205 -370 -307 -40 -382 -277 -1 0
3 -358 -123 -194 -382 -78 -426 -277 -251 -19 -7 0
-311 -312 -317 -1 -382 -454 -205 -280 -370 -367 -428 -100 -211 -294 -463 -289 -148 -508 -346 -188 -7 0
222 -145 -280 0
-145 -220 -280 0
-220 -404 -1 -406 -252 -188 -100 -367 -205 -312 -280 -346 -294 -7 -41 -350 -428 -211 -148 0
-312 -346 -382 -7 -205 -294 -367 -370 -508 -454 -428 -1 -406 -188 -100 -280 -211 -148 -317 -463 -289 0
-346 -188 -1 -7 -493 -151 -289 -205 -406 -367 -294 -370 -317 -211 -148 -280 -454 -463 -382 -428 -100 0
-64 -188 -220 -1 -100 -7 -294 -211 -280 -205 -428 -505 427 -367 0
221 -436 -421 -100 -211 -294 -428 -429 -1 -7 -188 -205 -367 -25 -307 -505 -280 0
-188 -367 -205 -280 -220 -505 -1 -7 -211 -294 -100 -428 -429 0
-496 -367 -205 -505 -220 -201 -250 -1 -7 -349 -280 348 -211 -294 -428 0
-367 -429 -220 -1 -505 -7 -205 -280 -294 -428 -100 -211 0
2 -39 -180 -421 -505 -211 -346 -315 -41 -349 -474 -404 -312 -21 -7 0
136 -61 -319 -392 -125 0
206 -87 -39 -182 -204 -155 -259 -458 -61 -319 -407 -392 -517 -231 0
408 -441 -103 -245 -271 -239 -400 -263 0
393 -407 -39 -182 -204 -155 -259 -271 -239 -400 -127 -226 -87 -72 -458 -125 -61 -133 -319 -289 0
469 -352 -182 -92 -155 -114 0
408 -88 -271 -469 -400 0
273 -443 -259 -92 -204 -182 -461 -155 -469 -88 0
137 -461 -259 -92 -204 -182 -271 -155 -400 -131 -317 -305 -243 -76 -456 -57 -301 -268 -430 0
187 -286 -474 -308 -271 -505 -319 -392 -138 -259 -92 -204 -182 -131 -317 -305 -243 -76 -456 -57 -301 -268 -430 -252 -404 -315 0
-496 -39 -317 -76 -21 -308 -252 -505 -404 -315 -312 -474 -271 -138 -92 -131 -430 -162 -370 -41 -180 -346 -429 -350 -498 0
215 -360 -248 -142 0
203 -199 -121 -111 -76 -50 -474 -271 -376 -194 -46 -181 -92 -73 -475 -346 -214 -248 -397 -39 0
391 -89 -131 -205 -457 -231 -138 0
348 -438 -131 -505 -121 -76 -125 -138 -205 -231 -474 -105 -271 -400 -376 -199 -404 -370 -188 -73 0
110 -261 -194 -450 -105 -235 -44 -447 -184 0
314 -131 -425 -194 -505 -376 -289 -474 -205 -231 -138 -271 -342 -111 -317 -76 -121 -248 -59 -162 -370 -214 -73 -346 -404 -188 -50 -46 -181 -92 -475 -39 -252 0
77 -202 -121 -111 -76 -50 -474 -271 -376 -194 -46 -181 -92 -73 -475 -346 -214 -248 -199 -39 -436 -21 0
222 -517 -205 -76 -121 -50 -474 -271 -46 -92 -475 -346 -248 -404 -505 -315 -231 -138 -342 -312 -429 -421 -211 -349 -234 -7 -1 -484 -525 -280 0
347 -73 -138 -124 -76 -62 -436 -421 -211 -338 -349 -250 -20 -7 -179 -404 -42 -1 -187 -271 0
-73 -312 -42 -187 -346 -138 -124 -76 -62 -436 -421 -211 -338 -349 -250 -20 -7 -179 -404 -1 -271 0
-429 -505 -7 -211 -1 -280 -220 -205 -294 -428 -100 0
-315 -324 -294 -27 -280 -428 -66 0
136 -110 -446 -463 -409 -468 -126 0
-188 -446 -205 -369 -126 -271 -294 -100 -428 -1 -7 -505 -211 -280 -73 -252 -421 -351 -348 -189 0
251 -199 -311 -404 -1 0
136 -473 -446 -271 -61 -126 0
445 -407 -271 -400 -205 -156 -369 -183 -486 -245 -247 -122 -132 -90 -459 -202 -105 0
273 -31 -61 -289 -459 -214 -133 -496 -73 -235 -224 -462 -46 -393 -49 -446 -271 -400 -205 -156 -369 -183 -486 -245 -247 -122 -132 -202 0
103 -143 -379 -214 -165 -197 -492 -38 -340 -284 -83 -245 -481 -61 -449 -409 -459 -446 0
472 -462 -245 -446 -379 -214 -165 -492 -83 -61 -459 -247 -166 -486 -122 -468 -400 -369 -271 -289 -133 -496 -73 -235 -224 -46 -393 -49 -205 -156 -183 -132 -202 0
201 -400 -446 -214 -133 -46 -224 -83 -247 -486 -122 -61 -369 -126 -271 -379 -165 -496 -73 -49 -205 -132 -137 -91 -354 -317 -525 -7 -100 -1 -311 -404 0
353 -441 -38 -461 -246 -91 0
272 -103 -461 -317 -354 -91 -247 -486 -122 -446 -369 -224 0
248 -38 -245 -450 -144 0
459 -137 -126 -61 0
246 -440 -91 -446 -214 -133 -46 -83 -247 -486 -122 -61 -369 -126 -271 -379 -165 -496 -73 -49 -205 -132 -137 -354 -317 -525 -7 -100 -1 -311 -404 -252 -224 -127 0
244 -155 -304 -7 -359 -85 -317 -214 -470 -496 -224 -73 -461 -259 -91 -440 -354 0
-400 -259 -88 -302 -46 -359 -224 -474 -214 -100 -496 -271 -73 -42 -311 -1 -7 -317 -354 -246 -304 -85 -470 -91 -440 -252 -402 -446 -133 -83 -247 -486 -122 -61 -369 -126 -379 -165 -49 -205 -132 -137 -525 -404 0
251 -311 -1 -20 -404 0
462 -236 -324 -294 -46 0
237 -353 -294 -91 -324 -317 -223 0
-353 -223 -46 -400 -302 -271 -205 -324 -369 -294 -100 -404 -73 -311 -1 -7 -317 -236 -91 0
235 -182 -400 -271 -92 -352 -126 -324 -505 -294 -154 -100 -105 -199 -204 -404 -73 -42 -311 -1 -7 -317 -258 0
260 -302 -400 -1 -271 -7 -199 -404 -73 -42 -311 -100 -66 -294 -324 -46 -126 -505 -317 -205 -369 0
310 -462 -260 -199 -73 -404 -42 0
-91 -92 -317 -486 -122 -446 -369 -214 -496 -73 -260 -199 -126 -400 -46 -379 -165 -205 -132 -525 -7 -100 -1 -311 -404 -324 -505 -294 -42 -271 0
293 -260 -294 -46 -324 -199 -73 -404 -42 -311 -100 0
77 -73 -42 -1 -7 -477 -486 -369 -126 -46 -165 -205 -132 -525 -100 -324 -505 -294 -271 -66 -252 -20 -348 -428 -211 -280 -421 -351 -189 0
-260 -203 -436 -42 -66 -73 -294 -259 -46 -324 -199 -404 -311 -100 0
-73 -271 -126 -324 -294 -66 -505 -309 -42 -46 -100 -348 -252 -7 -1 -20 -78 -477 -486 -369 -165 -205 -132 -525 -428 -211 -280 -421 -351 -189 0
461 -257 -224 -91 -46 0
261 -57 -127 -203 -180 -456 -486 -426 -306 -369 -132 -205 -230 -393 -289 -133 -462 -224 -91 -46 -235 0
-271 -486 -369 -132 -205 -46 -126 -78 -20 -324 -505 -525 -294 -252 -7 -100 -1 -189 -348 -42 -66 -309 -477 -165 -428 -211 -280 -421 -351 0
460 -202 -103 -37 -260 0
-462 -49 -103 -354 -260 -78 -20 -224 -199 -91 -46 -37 -73 -410 -472 -7 -100 -1 -311 -404 -42 0
-260 -214 -37 -496 -477 -103 -78 -20 -199 -46 -73 -410 -472 -7 -100 -1 -311 -404 -42 -508 -324 -66 -294 0
8 -232 -472 -100 -1 0
-232 -472 -100 -1 -7 0
-311 -260 -37 -477 -103 -78 -20 -46 -73 -410 -472 -7 -100 -1 -404 -42 -324 -66 -294 -348 -252 0
311 -404 -220 -367 -1 -100 -252 -205 -280 -406 -294 -7 -41 -428 -211 -148 -189 0
260 -202 -103 -324 -294 -46 -37 0
-404 -73 -477 -103 -78 -20 -37 -410 -472 -7 -100 -1 -42 -324 -66 -294 -348 -252 -220 -367 -205 -280 -406 -428 -211 -148 -189 0
-73 -505 -294 -100 -1 -7 -220 -205 -280 -428 -211 0
-505 -205 -100 -1 -7 -220 -294 -280 -428 -211 0
292 -103 -438 -203 -78 -31 -439 -46 -460 -93 0
293 -251 -314 -324 -294 -46 -260 -73 -404 -42 -311 -100 0
-42 -324 -294 -314 -31 -260 -73 -404 -311 -100 -64 -307 -280 -1 -220 -428 -40 0
460 -78 -205 -132 -367 -271 -49 -103 -31 -439 -46 -260 -224 0
292 -461 -260 -205 -367 -271 -103 -31 -439 -497 -280 -347 -220 -428 -324 0
200 -439 -205 -367 -271 -168 -497 -347 -7 -280 -428 -314 -232 -307 -324 -100 -64 -294 -260 -103 -31 -484 -220 0
322 -250 -404 -311 -220 -1 -428 -314 0
-439 -103 -428 -294 -64 -204 -1 -404 -311 -280 -220 -260 -205 -367 -497 -324 -314 -201 -168 -7 -232 -307 -100 -484 0
439 -324 -294 -46 -404 -311 -220 -1 -428 -314 -201 -260 0
293 -168 -271 -367 -497 -205 -280 -201 -428 -437 -307 -404 -311 -220 -1 -314 -324 -64 0
-324 -260 -367 -205 -64 -307 -280 -1 -404 -311 -220 -428 -294 -314 -7 -100 -484 -73 -40 0
324 -404 -211 -7 -1 -205 -311 -220 -73 -100 -280 -294 -428 0
104 -137 -409 -446 -449 -205 -247 -144 -38 -484 -367 -271 0
250 -399 -271 -404 -236 -205 -324 -91 -294 -100 -73 -311 -1 -7 -223 -353 -132 -78 -20 -338 -360 -46 0
292 -199 -128 -271 -404 -236 -205 -324 -91 -294 -100 -73 -311 -1 -7 -223 -353 -132 -78 -20 -338 -360 -46 -481 -409 -203 -105 -144 -38 -484 -367 -246 -182 -385 -31 0
-404 -311 -205 -294 -100 -73 -7 -1 -220 -428 -280 -211 0
293 -324 -314 -311 -188 -100 0
201 -250 -314 -188 -367 -311 -438 -205 -132 -1 -78 472 -20 0
368 -439 -244 -260 -103 -484 -271 0
-439 -103 -324 -294 -46 -460 -19 2 -7 -271 -205 -132 -367 -244 -260 -484 0
261 -460 -46 -91 -224 0
368 -460 -324 -294 -46 -439 -19 2 -7 -244 -445 -37 -484 472 -124 0
-250 -260 -78 -484 -205 -132 -367 -324 -294 -46 -7 472 -438 -91 -224 -314 -128 -1 -20 -200 -188 -311 0
312 -232 -7 -100 -1 0
-311 -324 -294 -205 -7 -1 -280 -220 -428 -100 -73 -211 0
311 -232 -7 -100 -1 0
-73 -205 -211 -1 -7 -220 -100 -280 -294 -428 0
348 -324 -294 -428 -280 -496 -211 -220 0
-271 -59 -302 -104 -89 -124 -446 -474 -49 -401 -137 -25 -64 -352 -346 -211 -148 -496 42 -317 -280 -7 -220 -1 -307 -367 -205 -100 -484 -370 -341 -482 -395 -410 368 -260 -439 -244 0
-260 -165 -100 -25 -64 -352 -346 -211 -496 -280 -7 -220 -1 -307 -367 -205 -484 -370 -314 -324 -132 -78 -294 -438 -128 -20 -188 -311 -40 -142 -358 -338 -259 0
-324 -311 -294 -100 -211 -280 -7 -220 -1 -205 -428 0
-404 -348 -367 -205 -260 -307 -280 -1 -311 -324 -220 -428 -294 -314 -7 -100 -484 -64 -40 0
-20 -280 -100 -1 -7 -46 -324 -205 -132 -367 -78 -294 -311 -260 -220 -507 -77 0
428 -294 -324 0
201 -506 -484 -367 -41 -205 -132 -311 -78 -404 -20 0
507 -484 -367 0
427 -294 -324 0
369 -132 -205 -260 -404 -1 -311 -324 -294 -7 -100 -484 -64 -367 0
-77 -251 -260 -73 -404 310 -314 368 -271 -484 -439 -461 -324 -294 -46 -7 -409 -247 -1 -446 -20 0
-460 -39 -496 -477 -214 -91 -260 -461 -46 -224 0
-132 -49 -404 -205 -367 -46 -260 -224 -91 -294 -311 -1 -324 -100 -7 -484 -64 0
-460 292 -78 -31 -439 -46 -40 -508 -73 -496 -461 -38 -260 -477 -214 -224 0
Solved
