150 -154 -139 0
-154 -139 -148 0
54 -21 -142 -136 0
140 -79 -142 -136 -157 -94 -34 -133 -130 -187 -148 0
111 -54 -68 -59 -55 -174 -82 -79 0
214 -124 -82 -157 -94 -142 -133 -61 -187 -148 -136 0
81 -167 -214 -140 -59 -54 -155 -68 0
173 -68 -54 -148 -136 -214 -140 -155 0
67 -121 -54 0
149 -54 -157 -61 -148 -136 -214 -187 0
53 -173 -54 -142 -69 0
-54 -214 -136 -142 -187 -148 -157 -61 0
217 -187 -136 -142 -157 -61 -82 -94 -133 0
149 -173 -157 -60 -217 -187 0
174 -78 -54 -142 0
172 -117 -157 -61 -81 -60 0
141 -99 -133 -132 -215 -154 0
66 -56 -41 0
151 -66 -178 -23 0
140 -154 -151 0
137 -140 -133 -132 -154 -54 -43 0
69 -54 -136 -133 -43 -178 -82 -187 -142 -157 -61 0
52 -140 -43 -136 -178 -69 0
53 -54 -142 -187 -136 -157 -61 -69 0
99 -34 -94 0
-54 -157 -136 -142 -94 -133 -187 -43 -178 -61 -82 0
220 -142 -136 -61 -82 0
174 -35 -97 -157 -22 -220 -116 -187 -59 0
215 -157 -186 -59 -173 -97 -22 -220 -116 -187 0
172 -70 -168 -59 0
-157 -191 -61 -22 -220 -97 -187 -59 -116 -173 -168 -216 -186 0
Solved
