568 -559 -247 -535 -91 -547 -67 -436 -268 -475 -454 -52 -433 -398 -81 0
455 -157 -433 -436 -52 0
-157 -454 -436 -52 -433 0
186 -140 -281 -46 -253 -19 -120 -242 -81 -95 -568 -398 -173 -311 -224 -506 0
434 -568 -88 -43 -46 -253 -19 -81 -398 -559 -535 -247 -328 -91 -547 -511 -67 -268 -475 -454 -52 0
574 -253 -535 -547 -67 -268 -566 -52 -433 -88 -43 -46 -496 -19 -81 -398 -247 -91 -475 -436 0
548 -330 -452 -67 0
154 -33 -231 -36 -422 -373 -380 -356 -149 -56 0
329 -494 -561 -540 -282 -140 -155 -231 -36 -422 -373 -380 -149 -56 -535 0
280 -272 -325 -81 -56 -274 -155 -540 -140 0
159 -140 -125 -289 -115 -561 -325 -81 -247 -317 -386 -422 -373 -380 -535 -120 -431 -277 -268 -67 -547 -452 -19 -253 -46 0
451 -284 -325 -81 -9 0
397 -281 -506 -311 -185 -140 -46 -253 -19 -120 -242 -81 -95 -224 -398 -173 0
560 -395 -43 -88 -275 -224 -311 -50 -173 -95 -398 -506 -185 -140 -46 -253 -19 -120 -242 -81 0
-281 -345 -275 -50 -173 -95 -526 -253 -398 -280 -506 -311 -185 -140 -46 -19 -120 -242 -81 -224 0
54 -115 -253 -526 -398 -46 -81 -561 -43 -88 -289 -247 -19 -91 -268 -547 -67 -325 -9 -125 -386 -373 -380 -535 -277 -475 -433 0
282 -453 -67 -81 -547 -119 -113 -19 -253 0
139 -541 -119 -380 -113 -46 -253 -282 0
118 -285 -325 -464 -277 -432 0
539 -174 -398 -408 -325 -81 -9 -453 -273 -19 -253 0
53 -253 -46 -398 -325 -81 -9 -19 -113 -277 -535 -561 -380 -67 -547 -566 -475 -433 -168 0
-280 -275 -289 -398 -506 -311 -281 -140 -46 -253 -19 -120 -81 -173 -50 -526 -247 -91 -513 -158 0
255 280 -43 -46 -253 -19 -81 -398 434 -535 -247 -91 -547 -67 -268 -475 -52 -436 -433 -561 -140 -36 -380 -330 -325 -88 -120 -431 -277 -450 0
-275 -281 -253 -43 -46 -19 -81 -398 434 -535 -247 -91 -547 -67 -268 -475 -52 -436 -433 -561 -140 -36 -380 -330 -325 -88 -120 -431 -277 -450 -289 -506 -311 -113 -50 -526 -513 0
-157 -125 -289 -140 -561 -325 -81 -247 -317 -386 -422 -380 -535 -120 -431 -277 -268 -67 -547 -452 -19 -253 -46 -158 -436 -52 -433 0
577 -398 -46 -81 -43 -535 -247 -91 -547 -67 -268 -475 -52 -436 -433 -325 -88 -277 -289 -113 -386 -566 -322 -301 -575 -496 0
-19 -253 -577 -322 -301 -575 -535 -547 -67 -268 -566 -52 -433 -88 -43 -46 -496 -81 -398 -247 -91 -475 -436 0
579 -10 -547 -67 -436 -52 -433 -268 -575 -535 -301 -517 -322 0
280 -140 548 -67 -52 -535 -475 -561 -433 0
-140 -380 -113 -46 -253 -282 -566 -475 -433 -52 -496 -35 -374 -455 -575 -561 548 -67 -535 0
-253 -535 -433 -52 -475 -113 -46 -566 -496 -575 -67 -409 -547 -268 -301 -517 -322 -577 -436 -88 -43 -81 -398 -247 -91 0
435 -120 -154 -436 -46 -330 -547 -67 -268 -490 -325 -277 -33 -475 -332 -566 -52 0
302 -120 -284 -431 -325 -277 -123 -463 -528 -577 -322 -12 0
-120 -275 -81 -388 -277 -463 -19 -547 -67 -436 -52 -433 -268 -575 -535 -301 -517 -322 -247 -91 -475 -559 -398 -577 -325 -528 -330 -154 -46 -490 -33 -332 -566 0
68 -528 -577 -322 -122 -301 -325 -575 -81 -455 -453 -268 0
-559 -561 -46 -436 -52 -433 -547 -67 -577 -322 -301 -325 -575 -81 -268 -388 -277 -19 -535 -517 -247 -91 -475 -398 -490 -566 -228 -538 -140 -280 -289 0
435 -452 -330 -157 0
328 -36 -380 -373 -155 -165 -134 -38 -317 -386 0
282 -123 -120 -325 -277 302 -284 -431 -577 -322 -12 -140 0
68 -330 -120 -113 -538 -280 -325 -277 302 -577 -322 -12 -140 -273 -386 -436 -46 -475 -52 -433 -268 0
-330 -120 -569 -433 -81 -67 -547 -52 -113 -538 -280 -325 -277 302 -577 -322 -12 -140 -273 -386 -436 -46 -475 -268 0
434 -453 -325 -81 -9 -475 -52 0
-120 -569 -325 -277 -475 -566 -52 -433 -81 -268 -67 -547 -535 -490 -113 -538 -280 302 -577 -322 -12 -140 -273 -386 -436 -46 0
559 -140 -280 -325 -81 -538 -475 -433 -52 -277 -566 -268 -67 -547 -535 -490 -113 -577 -322 -386 -436 -46 -19 -301 -575 0
561 -496 -566 -433 -52 -268 -67 -547 -436 -575 -535 0
-140 -577 -436 -52 -433 -547 -67 -46 -322 -301 -325 -575 -81 -268 -388 -277 -19 -535 -517 -247 -91 -475 -398 -490 -566 -228 -538 -561 -280 -289 -113 -386 0
-157 -541 -167 -57 -322 -155 -301 -46 -575 -159 -436 -52 -433 0
580 -81 -322 -301 -46 -436 -52 -433 -547 -67 -325 -475 -517 -247 -91 -490 -228 -289 -409 -88 -43 -393 0
435 -120 -547 -67 -393 -268 -580 -490 -475 -289 -52 0
302 -577 -540 -254 -280 -322 -12 -120 -325 -123 -277 -284 -431 -140 0
-577 -280 -105 -254 -247 -561 -242 -574 -322 -125 -301 -540 -50 -12 -120 -325 -123 -277 -284 -431 -140 0
-280 -561 -504 -373 -36 -33 -272 -81 -149 -325 -155 -56 -234 -395 -43 -50 -105 -497 -529 -111 -254 -247 -242 -574 -322 -125 -301 -540 -12 -120 -123 -277 -284 -431 -140 0
280 -155 -81 -56 -325 -414 -272 -140 -540 0
561 -385 -317 -322 -168 -301 -330 -574 -536 0
-577 -280 -330 -158 -540 -46 -105 -561 -247 -272 -242 -574 -322 -125 -301 -50 -12 -120 -325 -123 -277 -284 -431 -140 0
303 -280 -561 -36 -33 -272 -81 -149 -325 -504 -56 -395 -43 -50 -105 -497 -529 -111 -247 -242 -574 -322 -125 -301 -540 -12 -120 -123 -277 -284 -431 -140 -46 -158 -330 -385 -116 -317 -456 -168 0
-157 -280 -561 -36 -33 -272 -81 -149 -325 -504 -56 -395 -43 -50 -105 -497 -529 -111 -247 -242 -574 -322 -125 -301 -540 -12 -120 -123 -277 -284 -431 -140 -46 -116 -158 -436 -52 -433 0
-280 -36 -46 -149 -422 -33 -56 -177 -140 -465 -317 -385 -513 -330 -561 -272 -81 -325 -504 -395 -43 -50 -105 -497 -529 -111 -247 -242 -574 -322 -125 -301 -540 -12 -120 -123 -277 -284 -431 -116 -158 -436 -52 -433 -456 -168 0
-330 -422 -317 -81 -325 -140 -301 -46 -504 -43 -247 -322 -120 -123 -284 -431 -158 -436 -52 -433 -456 -168 -289 -566 -490 -393 -580 -268 -67 -547 -452 0
-120 -140 -393 -268 -301 -67 -322 -547 -325 -81 -475 -52 -289 -46 -43 -247 -436 -433 -490 -580 0
-157 -330 -580 -57 -268 -332 -154 -67 -436 -289 -46 435 -52 -433 0
-330 -455 -393 -580 -289 -268 -67 -547 -57 -332 -154 -436 -46 435 -52 -433 0
-140 -268 -91 -46 -436 -52 -433 -490 -580 -247 -67 -547 -393 -289 -228 -475 -301 -322 -325 -81 -43 0
282 -498 -236 -503 -409 -373 -206 -396 -43 -51 -495 -560 -526 0
-157 -330 -236 -503 -409 -43 -122 -325 -580 -57 -273 -268 -155 -81 -67 -281 -46 435 -436 -52 -433 0
-330 -455 -393 -580 -289 -268 -67 -547 -236 -503 -409 -43 -122 -325 -57 -273 -155 -81 -281 -46 435 -436 -52 -433 0
-157 -480 -507 -464 -176 -35 -122 -325 -357 -57 -155 -46 -159 -436 -52 -433 0
154 -375 -176 -35 -186 -357 -57 0
539 -318 -81 -387 -273 -393 -276 -114 0
282 -254 -539 0
-254 -539 -281 0
-268 -81 -46 -325 -393 -247 -91 -436 -52 -433 -490 -580 -67 -547 -289 -409 -43 -475 -228 -301 -322 0
55 -163 -381 -293 -536 -490 -580 -332 -34 -436 -373 -475 -454 -150 -52 -120 0
156 -57 -490 -393 -289 -475 -433 -50 -52 -454 -436 -247 -120 -580 -536 -34 -228 -356 -140 -46 0
-57 -155 -395 -247 -43 -91 -511 -454 -433 -52 -475 -325 -120 -356 -140 -311 -490 -393 -289 -50 -436 -580 -536 -34 -228 -46 0
538 -254 -111 -205 -271 -275 -395 0
281 -254 -10 -322 -301 -538 -526 0
272 -390 -395 -111 -205 -21 0
414 -422 -379 -301 -322 -168 -234 -317 -116 0
-254 -205 -111 -395 -81 -155 -325 -56 -414 -140 -282 -10 -322 -301 -526 -271 -275 0
-155 -120 -393 -395 -311 -275 -111 -81 -325 -140 -10 -322 -301 -454 -433 -52 -452 -475 -356 -247 -43 -91 -511 -490 -289 -50 -436 -580 -536 -34 -228 -46 0
327 -407 -284 0
119 -528 -322 -10 -577 -19 -301 -81 -325 -475 -52 0
579 -19 -10 -322 -301 0
253 -10 -301 -322 0
303 -579 -21 -322 -10 0
-57 -56 -393 -289 -475 -433 -52 -454 -436 -247 -120 -580 -34 -228 -140 -46 -67 -325 -81 -9 -155 -490 0
57 -464 -52 -293 -475 -433 -380 -140 -325 -155 0
20 -254 -454 -52 -433 -325 -81 -475 -10 -322 -301 -393 -140 -120 -289 -436 -247 -580 -34 -228 -46 -67 -490 0
56 -9 -325 -81 -328 -475 -52 -433 -163 -313 -140 -293 -155 -380 -186 0
-254 -120 -393 -81 -325 -140 -10 -322 -301 -454 -433 -52 -475 -247 -43 -91 -511 -490 -289 -436 -580 -34 -228 -46 -547 -67 0
453 -155 -120 -393 -81 -325 -140 -10 -322 -301 -454 -433 -52 -475 -247 -43 -91 -511 -490 -289 -436 -580 -34 -228 -46 -547 -67 0
-155 -120 -393 -301 -325 -322 -81 -475 -52 -140 -10 -454 -433 -247 -43 -91 -511 -490 -289 -436 -580 -34 -228 -46 -547 -67 0
119 -275 -317 -322 -578 -168 -20 -81 -325 -284 0
324 -20 -10 -578 -301 0
358 -317 -120 -322 -578 -168 -20 -81 -325 -284 -56 -328 -184 -356 -247 -374 -91 -409 -511 -429 -221 0
-275 -559 -281 -539 -104 -113 -120 -317 -322 -578 -168 -20 -81 -325 -284 0
54 -120 -325 -81 -281 -539 -104 -322 -578 -20 303 -10 -56 -328 -184 -356 -247 -91 -409 -511 -393 -475 -454 0
-120 -140 -580 -81 -490 -325 -393 -475 -433 -52 -322 -247 -91 -409 -301 -43 -289 -436 -228 -46 -547 -67 0
255 303 -322 -10 0
303 -273 -81 -453 -469 -289 -567 -393 -423 -114 -150 -154 -280 -46 -253 -322 -10 0
-140 -393 -46 -301 -81 -289 -322 -475 -433 -52 -580 -490 -325 -247 -91 -409 -43 -436 -228 -547 -67 0
53 -271 -325 -81 -9 -564 -293 -540 -380 -282 -155 -140 -158 -475 -433 -120 0
156 -274 -173 -81 -271 -106 -284 -564 -293 -325 -380 -55 0
154 -55 -325 -81 -163 -475 -52 -433 -9 -140 -293 -155 -380 -158 -512 -270 -452 -330 -69 -109 -390 -230 -279 -422 -463 0
118 -282 -540 -140 -173 -81 -271 -106 -284 -564 -293 -325 -380 -155 -163 -475 -52 -433 -9 -158 -512 -270 -452 -330 -69 -109 -390 -422 -463 -529 -431 0
538 -158 -469 -330 -345 -276 0
-20 -433 -322 -81 -325 -140 -10 -380 -120 -475 -52 -301 -270 -428 -222 -46 -360 -21 324 0
55 -246 -279 -390 -270 -511 -357 -158 -330 -274 -272 -343 -123 -81 -325 -449 -591 -285 -480 -421 -9 -475 -52 -433 -543 -120 0
156 -330 -158 -325 -81 -9 -475 -52 -433 -449 -272 -120 -57 -270 -511 -591 -526 -10 -322 -301 -254 -293 -464 -380 -140 0
154 -464 -475 -325 -140 -57 0
-433 -140 -475 -120 -52 -10 -322 -301 -325 -81 -380 -575 -270 -222 -360 -46 -428 -21 324 0
254 324 -10 -301 0
280 -456 -575 -330 -69 -270 -21 -513 -579 -222 -390 -360 -279 -463 -140 0
329 -348 -180 -234 -38 -356 -134 -163 -583 -479 -1 -463 -393 -279 -581 -547 -535 0
434 -180 -568 -543 -234 -186 -356 -330 -38 -583 -1 -463 -575 -270 -428 -222 -360 -10 324 -301 -271 -275 -322 -21 -140 -430 -475 -122 -157 -52 -325 -81 0
118 -275 -234 -575 -428 -568 -360 -10 324 -301 -271 -140 -356 -1 -475 -330 -157 -52 -433 -543 -186 -38 -583 -270 -222 -322 -21 -122 -325 -81 -284 -407 -149 0
-275 -186 -360 -428 -380 -543 -140 -10 -322 -301 -330 -187 -475 -433 -122 -271 -52 -120 -234 -575 -568 324 -356 -1 -38 -583 -270 -222 -21 -325 -81 -284 -407 -149 0
477 -568 -556 -9 -209 -157 -330 -407 -433 -168 -284 -52 0
-578 -441 -88 -286 -390 -547 -452 -330 -270 -479 -513 -445 -222 -483 -360 -450 -10 324 -301 0
57 -330 -270 -428 -222 -360 -21 -575 -10 324 -301 -325 -81 -475 -52 -433 -380 -140 -322 -120 -38 0
463 -446 -123 -325 -479 -284 0
271 -284 -325 -120 -81 0
119 -355 -88 -578 -547 -452 -330 -270 -479 -513 -222 -360 -450 -10 324 -301 -154 -325 -81 -475 -52 -433 -158 -120 -57 -322 -380 -140 -123 -284 0
-578 -88 -57 -120 -154 -452 -330 -270 -479 -513 -222 -360 -450 -10 324 -301 -325 -81 -475 -52 -433 -158 -322 -380 -140 -123 -284 -575 -456 -21 -69 0
118 -275 -38 -115 -317 -540 -356 -282 -529 -575 -330 -456 -270 -21 -513 -579 -222 -390 -360 -69 -463 -140 -154 -431 -57 0
329 -88 -353 -115 -575 -330 -456 -270 -21 -513 -579 -222 -390 -360 -69 -463 -140 -282 -540 -81 -325 -284 -57 -120 -38 -317 -529 -154 -431 0
-275 -106 -173 -380 -284 -325 -154 -57 -38 -115 -317 -540 -282 -529 -575 -330 -456 -270 -21 -513 -579 -222 -390 -360 -69 -463 -140 -431 -120 -81 -274 0
119 -355 -154 -233 -148 -57 0
476 -330 -120 -325 -38 -575 -380 -270 -21 -222 -360 -140 -81 -428 -10 324 -301 -475 -52 -433 -322 0
-330 -433 -380 -81 -575 -120 -140 -52 -475 -325 -38 -270 -21 -222 -360 -428 -10 324 -301 -322 0
393 -494 -560 -105 -575 -112 0
-433 -140 -380 -325 -575 -81 -475 -120 -52 -38 -270 -21 -222 -360 -428 -10 324 -301 -322 0
248 -94 -241 0
272 -357 -451 -157 -330 -270 -249 -241 -376 -172 -108 -428 -222 -360 -81 -10 324 -301 0
570 -241 -249 -251 -172 0
-578 -315 -556 -542 -376 -445 -570 -478 -81 -463 -451 -360 -448 -10 324 -301 0
159 -177 -463 -478 -565 -445 -542 -179 -27 -164 -270 -562 -428 -222 -360 -556 -376 -570 -81 -451 -448 -10 324 -301 0
-578 -241 -249 -251 -172 -86 -233 -81 -179 -451 -164 -448 -556 -542 -376 -445 -478 -463 -360 -10 324 -301 0
118 -154 -565 -428 -360 -172 -81 -451 -10 324 -301 -157 -270 -222 -330 -540 -483 -282 -380 -140 -325 -478 -57 0
569 -247 -506 -184 -224 -511 -115 -413 -317 -226 -385 -1 -393 -172 0
359 -463 -413 -317 -1 -172 -568 -506 -184 -242 -125 -290 -330 -565 -276 -113 -541 -10 -322 -301 -254 -526 -445 -478 -140 -232 -222 0
543 -193 -540 -105 -113 -276 -391 -483 -478 -565 -445 0
569 -463 -140 -1 -125 -242 -290 -478 -565 -445 -541 -540 -105 -113 -276 -483 -184 -172 -106 0
-463 -207 -456 -270 -504 -541 -113 -276 -478 -565 -445 -506 -184 -172 -568 -140 -1 -125 -242 -290 -526 -579 -428 -222 -360 -413 -317 -330 -10 -322 -301 -254 -232 0
274 -511 -115 -157 -413 -330 0
-154 -57 -330 -157 -565 -451 -10 324 -301 -222 -360 -140 -270 -478 -125 -428 -322 -81 -325 -120 -586 -475 -172 -52 -380 0
-57 -330 -270 -21 -52 -428 -222 -421 -475 -120 -157 -360 -380 -140 -325 -38 -565 -451 -10 324 -301 -478 -125 -322 -81 -586 -172 0
512 -313 -560 -494 -246 -514 -202 -517 -595 -88 -547 -286 -197 -556 -165 -575 -270 -157 0
569 -248 -413 -52 -120 -226 -385 -1 -393 -475 -252 -172 0
185 -377 -449 -194 -451 -494 -59 -9 -560 -83 -483 -568 -413 -52 -120 -226 -385 -1 -393 -475 -252 -172 0
108 -194 -59 -568 -83 0
541 -160 -428 -380 -186 -449 -194 -451 -494 -59 -9 -560 -83 -483 -568 -413 -52 -120 -226 -385 -1 -393 -475 -252 -172 -556 -157 -511 -246 -514 -202 -517 -595 -88 -547 -286 -197 -165 -575 -270 -27 0
-578 -511 -568 -52 -120 -1 -475 -172 -186 -380 -565 -543 -428 -157 -451 -202 -88 -575 -270 -330 -122 -10 -322 -301 -407 -156 -478 -284 -140 -463 -187 -360 -271 324 0
570 -393 -117 -38 -586 -52 -475 -225 -543 -565 -385 -421 -292 -234 -380 -186 -172 -106 0
249 -561 -254 -291 -274 -586 -271 -52 -120 -94 0
-393 -225 -543 -586 -292 -52 -380 -120 -186 -93 -254 -274 -271 -565 -252 -172 -106 -568 -117 -38 -475 -385 -421 -234 0
-511 -463 -234 -270 -38 -593 -583 -575 -1 -543 -586 -52 -380 -120 -186 -271 -565 -172 -568 -475 -421 -156 -330 -157 -428 -222 -360 -451 -202 -88 -122 -10 -322 -301 -407 -478 -284 -140 -555 -187 324 0
119 -541 -463 -125 -1 569 -478 -565 -140 -540 -105 -113 -483 -184 -172 -106 -586 -122 -271 -52 0
275 -33 -35 -455 -575 -234 -163 -561 -357 -254 -330 0
54 -318 -156 -234 -140 -115 -190 -463 -529 -414 -38 -478 -430 -148 -446 -475 -122 0
-318 -446 -228 -414 -140 -475 -168 -52 -156 -234 -115 -190 -463 -529 -38 -478 -430 -148 -216 -122 0
-446 -495 -193 -561 -478 -483 -282 -448 -575 -330 -513 -270 -21 -579 -222 -390 -360 -463 -140 -122 -451 -430 -52 -475 -386 -228 -414 -168 -156 -234 -115 -190 -529 -38 -148 -216 0
53 -317 -475 -168 0
185 -274 -581 -527 -475 -122 -52 -168 -455 -115 -463 -478 -483 -282 -448 -575 -330 -513 -270 -21 -579 -222 -390 -360 -140 -451 -156 -234 -529 -38 -120 -271 -35 -163 -254 -586 -583 -565 -1 -393 -172 -568 -106 0
570 -373 -91 -411 -247 -254 -561 -274 -586 -271 -52 -120 -35 -565 -504 -393 -372 -172 -106 0
54 -230 -330 -38 -451 -393 -68 -172 -568 -91 -411 -247 -254 -274 -586 -271 -52 -120 -35 -565 -106 -223 -505 -575 -527 -475 -455 -122 0
-274 -393 -390 -35 -223 -529 -475 -120 -52 -330 -38 -451 -325 -68 -172 -568 -91 -411 -254 -586 -271 -565 -106 -575 -527 -455 -122 -421 -380 -186 -581 -168 -115 -463 -478 -483 -282 -448 -513 -270 -21 -579 -222 -360 -140 -156 -234 -163 -583 -1 0
274 -163 -88 -543 -575 -330 -513 -270 -21 -579 -222 -390 -360 -463 -140 -455 -52 -478 -475 -483 -448 -282 -451 -157 -540 0
-463 -330 -157 -234 -475 -52 -593 -543 -583 -575 -565 -1 -120 -38 -451 -325 -172 -568 -586 -271 -122 -421 -380 -186 -478 -270 -21 -222 -360 -140 -156 -88 -428 -202 -10 -322 -301 -407 -284 -555 -187 324 0
275 -543 -586 -52 -475 -38 -565 -421 -234 -380 -186 -172 -48 -157 -575 -511 -456 -413 -290 -317 -568 -105 -540 -254 -330 -208 0
-330 -140 -475 -38 -380 -575 -10 324 -301 -222 -360 -52 -593 -120 -325 -270 -21 -428 -322 -555 -81 -125 0
454 -165 -357 -380 -292 -33 -537 -491 -560 -593 -332 -575 -437 -270 0
107 -234 -357 -241 -172 -55 -568 -184 0
185 -160 -428 -165 -360 -357 -463 -154 -175 -55 0
-234 -180 -148 -154 -55 -184 -428 -165 -360 -357 -463 -175 -108 -241 -172 -568 0
53 -68 -512 -222 -360 -357 -428 -154 -172 -568 -390 -380 -292 -593 -575 -437 -537 -270 -565 -1 -105 -271 -276 -540 -282 -140 -314 -387 -475 -168 -120 0
184 -106 -568 -292 -38 -586 -52 -475 -393 -565 -172 -421 -234 -380 -186 -290 -470 -23 -449 -21 -579 -428 -163 -314 -27 -506 -56 0
-106 -393 -149 -125 -179 -290 -565 -120 -250 -172 -537 -568 -560 -186 -292 -38 -586 -52 -475 -421 -234 -380 -470 -23 -449 -21 -579 -428 -163 -314 -27 -506 -56 0
275 -186 -512 -290 -270 -565 -456 -575 -149 -125 -179 -120 -250 -172 -537 -568 -116 -292 -38 -586 -52 -475 -421 -234 -380 -470 -449 -21 -579 -428 -163 -314 -506 -56 -105 -187 -540 -254 -271 0
289 -106 -568 -372 -357 -234 -172 -380 -237 -120 -421 -271 -171 -187 -344 -412 -470 -116 0
274 -250 -568 -575 -504 -68 -373 -270 -512 -456 -565 -116 -290 -357 -234 -172 -380 -120 -421 -271 -187 -470 -449 -21 -579 -428 -360 -463 -140 -282 -540 0
570 -242 -125 -565 -290 -393 -249 -250 -172 0
155 -234 -290 -270 -565 -456 -575 -172 -463 -125 -1 -478 -140 -540 -105 -483 -586 -271 -52 -568 -325 -284 -120 -254 -537 -292 -38 -475 -421 -512 -380 -470 -449 -21 -579 -428 -314 -506 -187 -276 -504 -68 -357 -360 -282 0
289 -234 -512 -57 -222 -120 -360 -150 -579 -483 -21 -449 -343 -23 -470 0
569 -397 -172 0
-397 -172 -568 0
156 -561 -120 -254 -291 -243 -586 -271 -52 -94 -540 -186 -282 -380 -140 0
285 -406 -325 0
-234 -290 -512 -222 -120 -360 -579 -483 -21 -449 -470 -565 -187 -105 -575 -271 -276 -540 -282 -140 -154 -270 -456 -172 -463 -125 -1 -478 -586 -52 -568 -325 -284 -254 -537 -292 -38 -475 -421 -380 -428 -314 -506 -504 -68 -357 0
392 -187 -540 -271 -276 -421 -231 -470 -117 -38 -290 -317 -565 -387 0
-140 -555 -125 -270 -575 -38 -222 -120 -360 -21 -52 -325 -475 -380 -428 -593 -81 -10 324 -301 -322 0
117 -291 -360 -185 -10 324 -301 -248 -559 -428 -586 -271 -52 -120 -94 -575 -275 -455 -413 0
249 -94 -241 0
-568 -234 -241 -172 -428 -222 -360 -81 -10 324 -301 -271 -275 -434 -325 -406 -155 -270 -380 -55 -177 -491 -580 -393 0
-234 -172 -325 -81 -406 -55 -275 -271 -241 -434 -428 -222 -360 -10 324 -301 -155 -270 -380 -177 -491 -580 -393 0
276 -108 -434 -357 -376 -270 -241 -451 -172 -249 -428 -222 -360 -81 -10 324 -301 -271 0
-568 -357 -455 -354 -271 -81 -227 -395 -241 -172 -413 -209 -275 -434 -376 -270 -451 -428 -222 -360 -10 324 -301 -180 -148 -155 -593 -380 -491 -185 -580 -393 0
-172 -428 -380 -155 -313 -480 -434 -275 -271 -81 -455 -354 -227 -395 -241 -413 -270 -222 -360 -10 324 -301 -148 -593 -491 -580 -393 -325 -406 -122 -55 -177 0
276 -48 -159 -155 -55 -453 -325 -81 -406 -271 -208 0
452 -48 -159 -380 -313 -177 -567 -491 -393 -507 -580 -386 -225 -270 -328 -219 -69 0
-301 -475 -81 -10 -120 -325 -52 -322 -303 0
54 -308 -107 -560 -35 -575 -374 -527 -455 -122 0
328 -107 -451 -207 -575 -270 -413 -222 -360 -539 -380 -209 -172 -81 -56 -568 -241 -234 -386 -357 0
356 -434 -159 -172 -568 -241 -234 0
117 -308 -314 -543 -107 -163 -122 -52 -478 -475 -463 -428 -140 -360 -228 -222 -216 -512 -413 0
569 -52 -506 -598 -91 -316 -512 -413 -116 -314 -543 -107 -163 -122 -68 -428 -140 -360 -228 -222 -284 -325 -434 -209 -250 -172 0
115 -475 -314 -160 -543 -428 -506 -598 -163 -91 -373 -316 -512 -455 -413 0
117 -160 -228 -543 -314 -179 -163 -449 -140 -21 -428 -539 -360 -559 -194 -222 -575 -437 -215 -512 -455 -413 0
-52 -284 -325 -120 -455 -314 -543 -428 -506 -163 -373 -316 -512 -413 -116 -228 -179 -449 -140 -21 -539 -360 -222 -575 -437 -107 -241 -172 -568 -122 -68 -434 -209 0
57 -455 -568 -314 -428 -506 -163 -373 -316 -512 -107 -413 -116 -172 -434 -325 -120 -228 -179 -449 -21 -539 -360 -222 -575 -437 -241 -68 -209 -154 0
-52 -475 -120 -455 -314 -428 -506 -163 -373 -316 -512 -413 -116 -228 -179 -449 -21 -539 -360 -222 -575 -437 -107 -241 -172 -568 -68 -434 -209 -407 -566 -325 -53 0
52 -50 -68 -91 -598 -512 -116 -566 -455 -434 0
-455 -512 -116 -566 -506 -434 -120 -314 -428 -163 -373 -316 -413 -228 -179 -449 -21 -539 -360 -222 -575 -437 -107 -241 -172 -568 -68 -209 -325 -56 -154 0
158 -68 -270 -116 -566 -506 -434 -120 -428 -163 -373 -316 -413 -228 -179 -449 -21 -539 -360 -222 -575 -107 -241 -172 -568 -209 -325 -56 -154 0
513 -455 -120 -56 -558 -541 -480 -313 -179 -163 -160 -428 -194 -549 -373 -215 -68 -539 -413 -598 -116 -91 0
-455 -163 -313 -541 -506 -373 -311 -68 -270 -511 -120 -56 -558 -480 -179 -160 -428 -194 -549 -215 -539 -413 -598 -116 -91 0
185 -451 -270 -120 -428 -539 -568 -566 -172 -21 -360 -222 -575 -241 -209 -234 -357 -2 -81 -413 -386 -329 -207 -380 0
55 -157 -291 -329 -125 -357 -241 -52 -234 -120 0
454 -52 -234 -154 -120 -108 -57 -172 -357 -568 -241 -329 -163 -428 -360 -222 -301 -512 -575 -116 0
-52 -512 -234 -120 -116 -455 -154 -108 -172 -357 -568 -241 -329 -163 -428 -360 -222 -301 -57 -575 0
-512 -68 -329 -455 -451 -116 -566 -357 -234 -241 -57 -120 -154 -108 -172 -568 -163 -428 -360 -222 -301 -575 0
512 -116 -211 -314 -329 -357 -234 -163 -455 -270 0
-116 -314 -451 -270 -455 -566 -357 -234 -241 -57 -120 -154 -108 -172 -568 -163 -428 -360 -222 -301 -575 -211 -329 0
232 -163 -154 -120 -357 -57 0
-163 -455 -329 -451 -566 -357 -234 -241 -57 -120 -154 -108 -172 -568 -428 -360 -222 -301 -575 -507 -211 -270 0
117 -158 -333 -228 -270 -216 -455 -413 0
-159 356 -329 -451 -172 -568 -241 -234 0
-455 -562 -27 -566 -451 -428 -360 -222 -329 -172 -568 -241 -234 -270 -413 -2 -120 -81 -57 -154 -357 -108 -301 -575 -507 -211 0
-163 -511 -494 -211 -67 -94 -34 -451 -241 -374 -329 -120 -357 -57 -234 -154 0
-451 -222 -120 -386 -81 -329 -568 -241 -172 -234 -357 -494 -270 -27 -566 -428 -360 -413 -2 -575 -380 -539 -21 -209 -207 0
513 -559 -184 -217 -113 -539 -380 -494 -289 -588 -476 -54 -497 -581 -35 -270 -67 -598 -91 0
456 -167 -541 -54 -311 -67 -581 -598 -270 -159 -91 -511 -184 -217 -113 -539 -380 -494 -289 -588 -476 -575 -373 0
211 -507 -184 -380 0
451 -357 -234 -172 -568 -241 -209 -380 -494 -581 -120 -270 -113 -539 -575 -566 -413 -386 -189 -329 -81 0
117 -83 -568 -59 -172 -234 -357 -241 -157 -329 -120 -560 -301 -575 -455 -413 0
106 -52 -380 -464 -155 -149 -35 -435 -120 -374 -184 -455 -575 -59 -560 -308 -83 0
-52 -35 -107 -575 -374 -455 -308 -435 -325 -566 -55 275 -357 -163 -234 -330 -254 -184 -380 -464 -155 -149 -120 -83 0
511 -163 -575 -566 275 -357 -120 -234 -380 -172 -81 -568 -241 -451 -360 -21 -12 -270 0
512 -451 -539 -172 -113 -184 -380 -575 -428 -566 -360 -21 -12 -598 -270 -91 0
-52 -406 -7 -285 -451 -464 -449 -479 -483 -435 -380 -155 106 -35 -120 -374 -184 -455 -575 -59 -560 -308 -83 0
-357 -234 -380 -575 -172 -81 -120 -568 -241 -360 -21 -270 -566 275 -113 -428 -386 -27 -2 -207 -581 -189 0
36 -476 -21 -360 -428 -161 -108 -539 -184 -380 -212 0
373 -512 -156 -566 -434 -330 -157 -598 -535 -91 -581 -179 -270 -21 -360 -428 -161 -108 -539 -184 -380 -212 -113 -120 -575 -52 -455 0
513 -115 -380 -184 -108 -161 -428 -410 -234 -598 -156 -91 0
106 -561 -539 -21 -161 0
576 -586 570 -393 -565 -249 -250 -172 -52 -120 -156 -380 -184 -539 -21 -161 0
433 -497 -581 -535 -35 -21 -360 -428 -161 -539 -184 -380 -212 -52 -455 -575 570 -393 -249 -250 -172 -120 -156 -566 0
374 -161 -428 -360 -184 -156 -380 -212 -21 -539 -120 -81 -52 -330 -157 -581 -535 -455 -575 570 -393 -249 -250 -172 -566 0
164 -52 -535 -21 -360 -428 -539 -184 -380 -581 -86 -575 -494 -270 -157 -455 -156 -566 -330 -598 -91 -113 -120 -375 -81 570 -393 -249 -250 -172 0
186 -55 -380 -156 0
452 -7 -406 -81 -327 0
576 -579 -539 -21 -559 570 -393 -565 -249 -250 -172 -52 -120 -156 -380 -184 -586 0
155 -476 -430 -455 -575 -539 -21 -559 570 -393 -249 -250 -172 -52 -120 -156 -380 -184 -176 -35 -406 -566 -330 -157 -451 -81 -327 -556 -167 -313 -86 -234 -178 -148 0
34 -46 -157 -253 -434 -280 -566 -559 -535 -581 -503 -375 0
158 -406 -451 -81 -327 -378 -21 -556 -167 -253 -313 -46 0
53 -35 -157 -451 -81 -21 -556 -380 -156 -455 -575 -539 570 -393 -249 -250 -172 -52 -120 -184 -313 -566 -330 -86 -234 -178 -113 0
316 -230 -115 -234 -413 -38 0
154 -594 -490 -303 -120 -324 -477 -451 -81 158 -378 -21 -556 -253 -313 -168 -318 -115 -234 -413 -38 -421 -184 -380 -156 0
322 -38 -120 -477 -115 -234 -413 -529 570 -393 -565 -290 -249 -250 -172 -318 -303 -168 0
158 -421 -189 -448 -81 -380 -451 -303 -324 -120 -477 -115 -234 -413 -529 570 -393 -565 -290 -249 -250 -172 -318 -168 -133 -556 -469 -436 -313 0
54 -133 -318 -313 -157 -189 -81 -380 -451 -120 -234 -413 570 -393 -249 -250 -172 -556 -21 -539 -52 -156 -184 -575 -566 -455 0
-52 -455 -360 -535 -156 -539 -581 -380 -184 -113 -270 -120 -157 -451 -81 -21 -556 -428 -575 570 -393 -249 -250 -172 -566 -330 -86 -234 -318 -189 -413 -165 -494 -598 -91 -375 0
-455 -547 -539 -21 -494 -94 -575 -566 -241 -330 -157 -120 -360 -535 -156 -581 -380 -113 -270 -451 -81 -556 -428 570 -393 -172 -86 -234 -318 -189 -413 -165 -375 0
54 -156 -380 -184 -157 -318 -511 -413 -116 -566 -434 0
-234 -241 -270 -21 -380 -120 -360 -81 -428 -393 -172 -189 -568 275 -27 -207 0
-55 -156 -57 -380 -184 0
569 -303 -380 -184 -35 -126 -123 -541 -290 -87 -325 -566 -159 -515 -407 -435 -209 -453 -172 -81 0
454 -168 -539 -21 -393 -172 -52 -120 -156 -380 -163 -242 -159 -435 -87 -241 -568 -123 -541 -325 -407 -209 -453 -81 -270 -117 0
-157 54 -184 -156 -380 -511 -413 -116 -566 -318 -159 0
-52 -453 -568 -81 -241 -172 -87 -156 -380 -413 -159 -117 -539 -21 -393 -120 -163 -242 -541 -325 -407 -209 -270 -53 0
452 -136 -209 -407 -184 -380 -163 -21 -539 -561 -108 -207 -575 -373 -454 -270 -117 -512 -91 -598 -311 -67 0
456 -401 -507 -423 -231 -163 -59 -539 -21 -561 -280 -108 -67 -207 -270 -575 -373 -311 -54 -541 -581 -598 -217 -91 -167 -184 -159 -113 -380 -494 -289 -588 -476 0
158 -373 -270 -454 -231 -163 -539 -21 -207 -575 -54 -541 -581 -598 -91 -184 -159 -113 -380 -494 -558 -515 -166 -140 -209 -316 -475 -407 -413 -325 -189 -81 -453 -117 -50 -568 -586 -566 -172 -433 -87 0
-156 -241 -81 -568 -172 -87 -270 -231 -539 -21 -207 -380 -494 -209 -413 -189 -117 -393 -120 -329 -357 -57 0
118 -478 -360 -539 -21 -428 -562 -308 -314 -27 -406 -107 -180 -543 -325 -184 -150 -113 -57 0
569 -314 -301 -117 -241 -120 -360 -539 -21 -428 -562 -575 -27 -180 -184 -150 -113 -57 -566 -434 -209 -172 -81 0
53 -202 -108 -309 -373 -265 -575 -494 -141 -539 -21 -360 -428 -184 -380 -537 -163 -562 -33 -314 -27 -180 -543 -150 -57 -120 0
433 -470 -271 -117 392 -276 -421 -231 -387 -57 -120 570 -393 -249 -250 -172 -301 -437 -373 -265 -494 -141 -539 -21 -360 -428 -184 -380 -537 -163 -562 -314 -27 -180 -150 -81 -453 0
165 -447 -480 -549 -122 -7 -81 -406 -453 -394 -219 -225 -507 -211 0
-52 -480 -365 -581 -309 -108 -539 -21 -289 -575 -270 -117 -437 -157 -433 -360 -428 -184 -380 -163 -549 -81 -453 -394 -211 -301 -37 -378 -316 -558 -314 -180 -541 -150 -113 -57 -120 -54 0
-157 -434 -231 -539 -21 -207 -270 -159 -380 -494 -81 -117 -413 -189 -568 -172 -87 -180 -241 -57 -120 -360 -428 -209 -271 -276 -393 -27 -329 -357 0
-434 -159 -172 -241 -87 -231 -539 -21 -207 -270 -568 -380 -494 -81 -117 -413 -189 -180 -57 -120 -360 -428 -209 -271 -276 -393 -27 -329 -357 0
-159 -241 -568 -329 -172 -81 -87 -231 -539 -21 -207 -270 -380 -494 -117 -413 -189 -180 -57 -120 -360 -428 -209 -271 -276 -393 -27 -357 0
-434 -141 -228 -216 -581 -535 -180 -360 -150 -428 -184 -120 -562 -57 -27 -566 -301 -117 -241 -539 -21 -575 -113 569 -209 -172 -81 -435 0
373 -502 -69 -270 -581 -541 -566 -513 -32 -207 -35 0
52 -32 -35 -374 -69 -581 -541 -566 -513 -270 -207 0
119 -541 -535 -374 -559 -69 -270 -581 -566 -513 -207 -35 -372 -141 -53 -578 -519 -202 -514 -325 -94 -180 -406 -241 -233 -57 -154 -355 0
224 -69 -270 -513 -312 0
455 -598 -91 -69 -513 -270 -117 0
54 -541 -241 -57 -94 -120 -224 -69 -513 -270 -117 -587 0
268 -91 -598 -513 -69 0
-241 275 -360 -428 -172 -568 -380 -271 -276 -393 -270 0
435 -290 -49 -247 -568 -87 -566 -172 -157 0
-513 52 -35 -69 -581 -541 -566 -270 -207 119 -57 -329 -49 -247 -568 -172 -117 -512 0
434 -159 -451 -329 0
52 -451 -11 -124 -566 -360 -329 -35 -69 -581 -541 -270 -207 119 -57 -49 -247 -568 -172 -117 -512 -575 -455 0
511 -250 -247 -598 -568 -172 -310 -224 0
569 -505 -477 -325 -184 -407 -247 -209 -250 -172 0
-159 -547 -494 -49 -21 -329 -561 -274 -271 -52 -120 -357 -247 -568 -477 -325 -184 -407 -209 -172 -512 -598 -310 -541 -87 -566 -435 -451 0
-69 -117 -124 -35 -380 119 -57 -329 -494 -21 -274 -271 -120 -247 -568 -184 -209 -172 -512 -541 -575 -566 -455 -11 -360 -581 -270 -207 -68 0
433 -52 -120 -81 -303 -325 -21 -539 -407 -209 -561 -477 -172 -184 -247 -568 -380 -51 -290 -87 -566 -453 -159 0
434 -159 -81 -172 -568 -329 0
-52 -159 -81 -325 -21 -539 -407 -209 -172 -184 -247 -568 -380 -51 -566 -453 -120 -232 -575 -117 -455 -434 -53 0
-159 -117 -247 -568 -566 -172 -232 -494 -512 -539 -360 -21 -11 -124 -575 -455 -81 -325 -407 -209 -184 -380 -51 -453 -120 -53 -329 0
-117 -57 -455 -566 119 -35 -512 -329 -247 -568 -172 -494 -539 -360 -21 -11 -124 -575 -81 -209 -184 -380 -120 -274 -271 -541 -581 -270 -207 -68 0
69 -87 -81 -303 -325 -21 -539 -407 -209 -561 -52 -172 -184 -247 -568 -380 433 -290 -477 -566 -120 -159 0
-87 -224 -568 -172 -247 511 -68 -81 -303 -325 -21 -539 -407 -209 -561 -52 -184 -380 433 -290 -477 -566 -120 -159 -86 0
67 -224 -316 -325 -386 -407 -329 -209 -356 -172 -247 -568 -477 511 0
-159 -477 -168 -316 -585 -386 -329 -303 -356 -380 -184 -247 -68 -325 -407 -209 -172 -568 511 -81 -21 -539 -561 -52 -566 -120 -86 -291 -541 -588 -436 -435 0
-57 -541 -566 -172 -568 -386 -329 -380 -184 -247 -68 -209 -81 -21 -539 -120 -2 -575 -189 -512 -455 -413 119 -35 -494 -360 -11 -124 -274 -271 -581 -270 -207 0
-52 -434 -149 -446 -234 -329 -539 -512 -113 -494 -68 -21 -274 249 -271 -120 -94 -575 -566 -455 -35 -53 0
-434 -446 -539 -11 -494 -124 -575 -566 -455 -149 -21 -234 -329 -512 -113 -68 -274 249 -271 -120 -94 -35 -53 0
-541 -68 -512 -329 -81 -172 -568 -539 -11 -494 -124 -575 -566 -455 -21 -113 -274 -271 -120 -35 -247 -184 -386 -380 -209 -2 -189 -413 119 -360 -581 -270 -207 0
-159 -563 -360 -428 -380 -107 -568 -172 -234 -329 -223 -539 -512 -113 -494 -68 -21 -291 -274 249 -271 -120 -575 -313 -455 -53 -435 -81 0
269 -184 -360 -428 -380 -568 -172 -539 -113 -494 -21 -274 -271 -120 -575 -81 -247 -329 -566 -27 -124 -386 -209 -2 -189 -413 119 -581 -270 -207 0
54 -159 -566 -511 -454 -434 0
303 -10 -428 -360 0
-159 -498 -34 -184 -380 -386 -329 -537 -413 -454 -575 -303 -124 -568 -566 -172 -53 -511 -81 0
-434 -116 -355 -56 -380 -184 -318 -157 -413 -566 -511 -53 -435 0
-52 -450 -21 -539 -81 -475 -120 -10 -303 -325 -380 119 -355 -198 -479 -543 -116 -315 -413 -318 -122 0
249 -599 -92 0
-184 -494 -247 -568 -172 -380 -413 -566 -386 -329 -575 -124 -81 -428 -360 -581 -270 -539 -113 -21 -274 -271 -120 -27 -209 -2 -189 119 -207 0
570 -483 -149 -333 -178 -228 -255 -214 -389 -194 -310 -172 -106 0
-325 -214 -477 -209 -172 -106 -568 -149 -333 -178 -255 -389 -310 -478 -446 -2 -123 -81 -327 0
248 -556 -81 -451 -327 -21 158 -168 -318 -477 -172 -568 -407 -209 -106 -149 -333 -178 -478 -2 -123 -294 -543 -225 -396 -68 -252 -93 0
249 -396 -68 -225 -49 -543 -94 -539 -434 -494 -124 -575 -566 -455 -149 -21 -234 -329 -512 -113 -274 -11 -271 -120 -35 -53 0
-511 -230 -327 -21 -172 -568 -407 -209 -106 -149 -2 -294 -543 -329 -413 -189 -247 -539 -434 -494 -124 -575 -566 -234 -113 -274 -271 -120 -53 -81 -270 -159 54 0
248 -598 -91 0
-598 -91 -247 0
54 -159 -564 -106 -568 -27 -543 -294 -360 -539 -21 -327 -189 -81 -247 -270 -172 -407 -209 -149 -2 -329 -413 -434 -494 -124 -575 -566 -234 -113 -274 -271 -120 -53 -428 -423 0
68 -92 -252 -329 -247 -356 -453 0
225 -592 -492 -437 -431 -159 -475 -511 -505 0
-159 -434 -386 -327 -329 -81 -431 -505 -581 -413 -270 -575 -303 -124 -543 -566 -172 -407 -53 -564 -106 -568 -27 -294 -360 -539 -21 -189 -247 -209 -149 -2 -494 -234 -113 -274 -271 -120 -428 -423 0
512 -355 -156 -213 -48 -505 -294 -543 -315 -168 -318 -413 -115 0
542 -318 -477 -168 -505 -315 -223 0
-434 -156 -428 -564 -294 -27 -543 -505 -270 -247 -213 -413 -566 -53 -386 -329 -327 -81 -431 -581 -575 -303 -124 -172 -407 -106 -568 -360 -539 -21 -189 -209 -149 -2 -494 -234 -113 -274 -271 -120 -423 0
268 -175 -463 -431 -475 -505 -224 -312 -581 -69 0
-274 -568 -270 -172 -428 -360 -271 -380 -276 -393 0
475 -449 -21 -23 -380 -38 -566 -159 -324 -575 -117 -434 -167 -511 -431 -53 0
-241 -247 -94 0
-69 -325 -360 -329 -581 -270 -207 119 -247 -568 -172 -575 -566 -434 -283 -21 -380 -159 -511 -316 -412 -189 -81 -7 -453 -68 0
54 -475 -316 -117 -412 -566 -159 -511 -434 0
476 -325 -81 -412 -189 -316 -407 0
116 -229 -302 -423 -575 -380 -454 -232 0
231 -302 -360 -21 -428 -529 -38 0
301 -141 -108 -282 -184 -154 -575 -380 0
-475 -38 -380 -108 -282 -575 -360 -21 -428 -124 -56 -566 -325 -434 -431 -283 -53 -476 -316 -117 -412 -159 -511 0
414 -7 -21 -380 -566 -159 -575 -434 -511 -431 -53 -81 -189 -453 -108 -282 -360 -428 -124 -56 -325 -283 -476 -316 -412 0
210 -124 -53 -453 -81 -316 -189 -412 -21 -380 -566 -159 -575 -511 -431 -282 -360 -428 -434 -56 -407 -568 -172 0
174 -407 -21 -380 -566 -159 -575 -434 -511 -431 -53 -316 -412 -81 -189 -453 -568 0
477 -91 -511 -159 -598 -311 -68 -50 -289 -566 -434 -316 -53 0
540 -68 -172 -434 -511 -159 -393 -316 -81 -412 -453 -21 -380 -360 -428 -568 -208 -271 -120 0
-247 -402 -51 -380 -138 -423 -184 -231 -507 -225 -311 -360 -329 -581 -270 -207 119 -7 -568 -172 -575 -566 -434 -325 -21 -159 -511 -316 -412 -189 -81 -283 -453 -68 0
247 477 -511 -159 -94 -311 -68 -289 -566 -434 -316 -53 -242 0
303 -423 -231 -380 -38 0
52 -53 -357 -575 -380 -360 -21 -428 -94 -511 -159 -68 -566 -434 -316 -270 -81 -412 -208 -172 -271 -120 0
119 -8 -208 -172 -21 475 -380 -23 -566 -159 -449 -575 -117 -434 -167 -511 -38 -53 -316 -412 -81 -189 -453 -568 0
-53 -68 -208 -172 -21 -380 -566 -159 -575 -434 -511 -316 -412 -81 -453 -568 -270 -357 -360 -428 -120 -271 0
433 -325 -281 -141 -55 -380 -254 -216 -406 -241 -172 -568 -208 -68 -2 -219 -81 -511 -453 -159 0
-325 -141 -2 -453 -68 -81 -281 -254 -511 -159 -380 -55 -357 -216 -406 -241 -172 -568 -208 -566 -434 -219 0
477 -406 -172 -208 -568 -81 -2 -453 -68 -281 -254 -511 -159 -380 -55 -357 -241 -566 -434 -219 -412 -316 0
-325 -406 -283 0
-68 -120 -434 -568 -453 -81 -208 -511 -159 -380 -357 -412 -316 -172 -21 -270 -360 -428 -271 -538 -393 0
-53 -591 -480 -196 -541 -357 -69 268 -303 570 -172 -279 -159 -380 -386 -329 -537 -498 -575 -568 -566 -511 -81 -316 -412 -189 -325 -57 -123 -120 -54 0
-325 -217 -357 -380 -541 570 -172 -113 -120 -480 -196 -69 268 -303 -279 -159 -386 -329 -537 -498 -575 -568 -566 -511 -81 -316 -412 -189 -54 -326 0
-120 -357 -172 -380 -159 -329 -537 -568 -511 -81 -316 -412 -208 -271 -434 -428 -360 -549 -453 -270 -21 -538 -393 0
67 -528 -577 -253 -575 -103 -454 -493 -270 -51 0
-407 -311 -225 -511 -68 -577 -253 -575 -103 -454 -493 -270 -51 -94 -126 -303 -323 -121 -8 -325 -284 -408 0
52 -103 -428 -538 -493 -360 -253 -577 -325 -225 -511 -68 -575 -270 -303 -8 -408 -568 -566 -172 -477 -434 -168 0
-329 -81 -428 -538 -493 -360 -511 -270 -568 -172 -434 -412 -380 -21 -271 -159 -208 -393 -328 0
52 -254 -109 -21 -388 -46 -156 327 -81 -412 -189 -316 -325 -120 0
-316 -109 -120 -54 -380 -21 -388 -46 327 -81 -412 -189 -325 -538 -434 -568 -453 -208 -511 -159 -68 -172 -270 -360 -428 -271 -393 0
-241 -527 -538 -360 -21 -109 -388 -277 -581 -270 -511 -232 -85 -600 -242 570 -172 -94 0
301 -490 -581 -436 -270 -454 -575 0
10 -511 -360 -270 0
-68 -316 -54 -380 -21 -120 -46 327 -81 -412 -189 -325 -538 -434 -568 -453 -208 -511 -159 -172 -270 -360 -428 -271 -393 -548 -311 -67 0
52 -395 -46 -356 -480 -85 -599 -591 570 -172 -94 -541 -313 -303 -581 -436 -270 -454 -575 -279 -412 -316 -289 -81 -189 -325 -57 -588 -123 -120 0
118 -356 -85 -57 -380 570 -172 -94 0
-316 -46 -356 -480 -85 570 -172 -541 -313 -436 -270 -412 -289 -81 -189 -325 -588 -120 -54 -380 -21 327 -538 -434 -568 -453 -208 -511 -159 -360 -428 -271 -393 -548 -311 -67 0
69 -527 -360 -21 -538 -241 -277 -581 -270 -511 -232 -85 -388 -242 570 -172 -94 -548 0
-81 -325 -360 -21 -538 -511 -172 -412 -270 -380 -434 -568 -208 -159 -428 -271 -393 -493 -328 0
67 -478 -122 -360 -284 -577 -538 -407 -253 -119 -113 -543 -218 -109 -225 -549 -312 0
247 -600 -93 0
255 -537 -581 -278 -493 -538 -389 -103 0
-325 -511 -493 -538 -360 -328 -159 -434 -172 -21 -568 -271 -412 -270 -380 -208 -428 -393 0
-81 -511 -380 -172 -208 -434 -568 -271 -159 -428 -538 -493 -360 -270 -412 -21 -393 -328 0
-511 -434 -159 -208 -172 -568 -271 -380 -428 -538 -493 -360 -270 -412 -21 -393 -328 0
118 -216 -437 -228 -455 -412 -115 -357 -232 -241 -172 -568 -159 -434 -325 -407 0
-241 -137 -223 -270 -513 -312 -8 -325 -291 -316 -412 -81 -407 -586 -271 -52 -120 -437 -228 -455 -115 -357 -172 -568 -159 -434 -86 -251 0
569 -120 -316 -115 -325 -412 -575 -81 -455 -68 -271 -91 -380 -223 -270 -513 -437 -357 -172 -568 -159 -434 -86 -566 -208 -453 -2 0
54 -50 -380 -493 -184 570 -393 -242 -249 -250 -172 -575 -566 -455 -434 0
-407 -163 -2 -558 -138 -68 -314 -470 -380 -316 -575 -437 -373 -566 -232 -455 -434 -91 -512 -493 570 -393 -172 -412 -81 -325 -94 -271 -241 -120 -408 0
-241 -120 -68 -453 -81 -2 -325 -316 -412 -115 -380 -47 -538 -113 -434 -558 -138 -314 -470 -575 -437 -566 -455 -91 -512 -493 570 -393 -172 -94 -271 -408 -357 0
52 -124 -360 -21 -428 -380 -431 -316 -575 -566 -476 -455 -434 0
-120 -325 -316 -115 -412 -81 -453 -455 -434 -360 -21 -428 -380 -86 -68 -271 -91 -47 -538 -558 -314 -470 -437 -512 -493 -393 -172 -357 -208 -568 -223 -270 -513 -159 0
-325 -81 -455 -223 -316 -115 -412 -453 -314 -271 -434 -360 -21 -428 -380 -86 -68 -91 -47 -538 -558 -470 -437 -512 -493 -393 -172 -357 -208 -568 -270 -513 -159 0
-81 -223 -208 -172 -434 -568 -453 -271 -455 -316 -115 -412 -314 -360 -21 -428 -380 -86 -68 -91 -47 -538 -558 -470 -437 -512 -493 -393 -357 -270 -513 -159 0
118 -325 -407 -455 -412 -115 -357 -172 -568 -159 -434 -437 -253 -251 -538 -113 -56 0
-325 -223 -218 -543 -113 -119 -407 -455 -412 -115 -357 -172 -568 -159 -434 -437 -253 -251 -538 -327 0
-434 -159 -412 -172 -568 -538 -428 -360 -208 -21 -271 -380 -493 -393 -270 -328 0
-406 -167 -581 -436 -270 -575 -303 -431 -53 -325 -476 -407 0
-566 -232 -557 -356 -315 -329 -159 -434 -455 -68 -50 -94 -53 -316 247 477 -311 -242 0
-232 -86 -159 -315 -557 -356 -329 -226 -386 -1 -391 -434 -455 -68 -50 -94 -53 -316 247 477 -311 -242 0
-316 -538 -56 -434 -455 -53 -242 -113 -159 -276 -241 -172 -568 -81 -406 -412 -407 -189 -325 0
567 -329 -56 -241 -172 -568 -159 -451 -380 -357 -574 -385 -126 -290 0
452 -377 -470 -21 -460 -421 -359 -594 -380 -11 -415 -302 -23 -323 -81 -327 -406 0
569 -154 -140 -538 -390 -357 -276 -329 -68 -451 -470 -21 -460 -421 -359 -594 -380 -11 -415 -302 -23 -323 -81 -327 -406 -172 0
55 -470 -21 -421 -594 -380 -11 -302 -23 -323 -81 -327 -406 -451 -329 -357 -241 -172 -568 -140 -538 -276 -68 -431 -277 -463 -478 -445 -314 -542 0
54 -140 -241 -172 -568 -159 -434 -56 -21 -380 -23 -81 -327 -406 -451 -357 -538 -276 -68 -431 -463 -385 -126 -270 -117 -455 -166 -122 0
-140 -357 -21 -1 -385 -538 -380 -216 -276 -241 -172 -568 -210 -81 -327 -406 -451 -434 -53 -159 -56 -23 -68 -431 -463 -126 -270 -117 -455 -166 -122 0
-357 -68 -21 -276 -241 -172 -568 -210 -451 -434 -53 -475 -1 -385 -538 -380 -216 -81 -327 -406 -159 -56 -23 -149 -431 -463 -126 -270 -117 -455 -166 -122 0
-452 570 -156 -249 -556 -380 -184 -113 -270 -120 -250 -539 -81 -21 -157 -451 -455 -535 -172 -330 -86 -234 -318 -189 -413 -165 -494 -598 -91 -375 -463 -391 -56 -117 -122 -53 -217 -68 -434 0
-55 -290 -494 -50 -161 -21 -539 -567 -108 -541 -184 -380 -156 -56 0
52 -68 247 -50 -512 -117 -234 -494 -161 -21 -539 -108 -541 -380 -156 -56 -434 0
-68 -538 -120 -380 -21 -50 -56 -117 -455 -434 -53 -81 -327 -406 -113 -270 -451 -318 -189 -413 -463 -122 -159 -172 -276 -210 -568 -241 -475 -1 -385 -216 -23 -149 -431 -126 -166 0
68 -455 -434 -53 -451 -270 0
54 -357 -56 -241 -172 -568 -159 -380 -113 -126 -21 -276 -434 -53 -81 -406 -149 -431 -270 -455 -412 -407 -189 -325 0
-538 -166 -380 -21 -56 -455 -434 -53 -81 -406 -113 -270 -189 -159 -172 -276 -568 -241 -149 -431 -120 -242 -412 -407 -325 0
-357 -455 -434 -159 -53 -242 -81 -412 -407 -189 -325 -113 -380 -21 -56 -406 -270 -172 -276 -568 -241 -149 -431 -120 0
-538 -455 -380 -21 -56 -120 -434 -53 -81 -406 -113 -270 -189 -159 -172 -276 -568 -241 -149 -431 -242 -412 -407 -325 0
435 -314 -556 -165 -378 247 -50 -68 -117 -234 -494 -512 -21 -539 -108 -380 -156 -56 -434 -81 -327 -406 -566 -53 -330 -157 0
-455 -21 -172 -120 -380 -242 -434 -53 -56 -81 -406 -113 -270 -189 -159 -276 -568 -241 -149 -431 -412 -407 -325 0
69 -34 -374 -380 -202 -515 -276 -241 -172 -568 -210 -434 -159 -511 -451 -50 0
-406 -241 -159 -434 -53 -380 -113 -172 -568 -270 -120 -242 -56 -81 -149 -431 -412 -407 -325 -272 0
328 -357 -568 -241 -208 -172 -276 0
-566 -137 -270 -241 -81 -412 -325 -407 -586 -271 -52 -120 -437 -455 -357 -172 -568 -159 -434 -86 -380 -431 -21 174 -53 -189 -453 -1 -56 -451 -329 -126 -565 0
209 -324 -21 -270 -318 -314 -241 -81 -412 -325 -407 -586 -271 -52 -120 -437 -455 -357 -172 -568 -159 -434 -86 -380 -431 -53 -189 -453 -1 -56 -451 -329 -126 -565 -233 0
-566 -311 -68 -21 -324 -380 -431 -159 -449 -23 -434 -117 -53 -477 -50 -318 -81 -412 -407 -189 -325 -541 -290 -56 -241 -172 -568 -451 -329 -574 -357 -126 -565 0
-357 -465 -21 -318 -314 -1 -68 -380 -431 -159 -23 -434 -117 -53 -50 -81 -412 -407 -189 -325 -56 -241 -172 -568 -451 -329 -126 -565 -216 -208 -270 -586 -271 -52 -120 -437 -455 -86 -7 -276 0
-566 570 -156 -249 -556 -52 -380 -184 -113 -270 -120 -250 -539 -81 -21 -157 -581 -451 -455 -535 -172 -330 -86 -234 -318 -189 -413 -165 -494 -598 -91 -375 -565 -586 -559 -574 -391 0
326 -52 -380 -113 -270 -120 -81 -21 -157 -451 -455 -172 -565 -586 -478 -568 -68 -431 -159 -434 -53 -50 -412 -407 -325 -56 -241 -126 -208 -7 -272 -283 0
567 -357 -7 -451 -574 -126 -329 -290 -56 -241 -172 -568 -159 -380 -323 0
566 -512 -50 -270 -290 -21 -115 -323 -11 -412 -316 -594 -168 -492 -279 -314 -581 -574 -541 -391 0
433 -455 -7 -451 -126 -56 -241 -172 -568 -159 -380 -50 -270 -21 -431 -407 -325 -113 -120 -81 -412 -68 -434 -53 -208 -272 -283 0
-357 -493 -407 -68 -138 570 -380 -241 -455 -434 -393 -172 -412 -81 -325 -271 -120 -408 -159 -53 -50 -289 -311 -475 -189 -329 -568 -208 -276 0
-393 -455 -434 52 -68 -50 -276 -159 -329 -407 -138 570 -380 -241 -172 -412 -81 -325 -271 -120 -408 -53 -311 -189 -568 -208 -290 -226 -567 -1 0
69 -394 -225 -311 0
-316 -175 -184 -380 -463 -302 -283 -423 -231 -475 -318 -81 -412 -407 -189 -325 0
464 -211 -380 -302 -163 -592 -197 -490 -480 -175 0
-357 -324 -21 -103 -380 -325 -283 -480 -423 -475 -318 -81 -412 -407 -189 -141 -149 -333 -438 -159 -86 -567 -126 -117 -582 -290 -311 -270 -50 -68 -225 -207 -375 -329 -568 -241 -208 -172 -276 -356 0
-566 -225 -311 -68 -56 -50 -234 -290 -434 -598 -91 -455 52 -512 -567 0
115 -512 247 -50 -68 -290 0
-455 -451 -283 -149 -325 -144 -380 -56 -50 -68 -434 -159 -81 -412 -407 -126 -270 -568 -241 -208 -172 -113 -120 -408 -53 -272 -7 -21 -431 0
-451 -21 -159 -53 -68 -242 -113 -172 -380 -241 -568 -272 -81 -270 -149 -325 -56 -412 -407 -120 -434 -431 0
-329 -393 -68 -493 -138 -380 -241 570 -434 -455 -172 -412 -81 -325 -407 -120 -408 -159 -53 -50 -289 -311 -475 -568 -208 -276 -188 -318 -328 0
-393 -455 -232 -600 -21 -527 -241 -277 -388 -242 570 -172 -549 -452 435 -68 -493 -380 -434 -270 -412 -81 -325 -407 -120 -408 -159 -53 -289 -568 -208 -188 -318 -328 0
-394 -35 -380 -184 -490 -438 -21 -159 -583 -31 -513 -591 -537 -270 -582 -439 -277 -541 69 -311 0
271 -276 -412 -188 0
330 -438 -541 -380 -184 -490 -567 -21 -159 -583 -513 -591 -270 -582 -277 69 -311 -207 -375 -356 0
-455 -541 -434 -159 -53 477 -68 -242 -328 -452 435 -380 -490 -21 -591 -270 -277 69 -207 -2 -232 -527 -241 570 -172 -412 -81 -325 -407 -120 -408 -568 -208 -188 0
-330 -10 -600 -21 -527 -241 -277 -511 -270 -232 -85 -388 -242 570 -172 -94 -580 -391 -385 -276 -549 -67 -452 -328 0
-21 -68 -270 -242 -172 -434 -159 -53 -241 -380 -412 -81 -325 -407 -120 -568 -272 -431 -56 -113 -149 0
271 -208 -172 -568 -412 -81 0
-393 -330 -172 -412 -159 -568 -208 -21 -380 -270 -10 -454 -144 -431 -56 -407 -325 -276 -241 -81 -434 -452 -53 -580 -511 0
-566 -278 -380 -431 -56 -81 -412 -407 -189 -325 -387 -330 -452 -434 -53 -567 -454 -159 -511 0
329 -542 -380 -56 -278 -325 -431 -283 -81 -452 -53 -412 -407 -189 -434 -387 -159 0
-330 -50 -434 -53 68 -270 -276 -380 -56 -325 -431 -283 -81 -412 -407 -189 -159 -113 -172 -568 -208 -21 -144 -241 0
392 -566 -232 -423 -380 -69 268 -329 -53 -196 -480 -591 570 -172 -541 -159 -357 -537 -568 -144 -81 -412 -189 -325 -57 -123 -120 -54 -318 -387 0
581 -163 -211 -196 -34 -480 -464 -490 -277 0
-241 -270 -53 -172 -159 -568 -81 -412 -325 -120 -431 -56 -407 -434 -380 -113 -242 -272 -149 0
569 -11 -247 -81 -124 -172 -568 -329 -512 -380 -566 -455 -21 -274 -120 -35 -68 -189 119 -270 -393 -276 -478 -123 -543 -325 -225 -407 -310 0
51 -541 -247 -21 -329 -274 -271 -120 -547 -494 -568 -325 -407 -209 -172 -512 -49 -310 -159 -598 -566 -435 -451 -108 -434 -539 -124 -575 -455 -149 -113 -68 -11 -35 -53 0
-541 -323 -325 -56 -318 -233 -86 -252 -401 -247 -138 -49 -21 -329 -274 -271 -120 -547 -494 -568 -407 -209 -172 -512 -310 -159 -598 -566 -435 -451 -108 -434 -539 -124 -575 -455 -149 -113 -68 -11 -35 -53 0
541 -345 -24 -421 -539 -189 -113 -81 -394 -219 -325 -233 -225 -56 0
234 -252 -355 -86 0
-452 -68 -247 -172 -568 -21 -407 -329 -189 -434 -124 -566 -120 -81 -270 -380 -159 -325 119 -393 -276 -117 -330 0
-11 -528 -539 -21 -12 -124 -568 -247 -172 -159 -494 -566 -232 -512 -51 -575 -455 -81 -184 -407 -209 -325 -380 -117 -453 -120 -53 -329 0
326 -441 -225 -311 -581 -68 -270 -222 -21 -539 -12 -124 -568 -247 -172 -159 -494 -566 -232 -512 -51 -575 -455 -81 -184 -407 -209 -325 -380 -117 -453 -120 -53 -329 -589 -121 0
233 -232 -581 -124 -568 -247 -172 -159 -494 -566 -539 -270 -21 -512 -575 -455 -81 -407 -209 -325 -380 -117 -453 -120 -53 -329 -431 -68 -585 -434 -437 -355 0
-232 -455 -81 -539 -21 -566 -407 -453 -172 -209 -568 -380 -117 -159 -120 -325 -575 -247 -434 -53 -56 -355 -86 -581 -124 -494 -270 -512 -329 -431 -68 -585 -437 0
-52 249 -455 -271 -149 -434 -329 -539 -446 -113 -494 -512 -21 -274 -68 -234 -120 -94 -575 -566 -270 -53 0
-184 -55 -568 -172 -270 -393 -271 -380 -276 -274 -541 -21 -290 -56 -566 -455 -434 -149 -329 -113 -512 -68 -234 -120 -53 -247 0
-455 -541 -568 -172 -270 -393 -271 -380 -276 -274 -47 -21 -56 -566 -434 -149 -329 -113 -512 -68 -120 -53 -247 -27 -117 -81 -407 -453 -159 -325 -355 -86 -124 -431 -585 -437 0
-541 -68 -159 -124 -380 -329 -53 -568 -566 -172 -81 -56 -434 -535 -247 -512 -270 -117 -393 -271 -276 -274 -47 -21 -149 -113 -120 -27 -407 -453 -325 -355 -86 -431 -585 -437 0
19 -421 -380 -303 -169 -568 -172 -270 -393 -271 -276 -274 -449 -11 0
-68 -276 -247 -172 -568 -21 -407 -329 -189 -434 -124 -566 -120 -81 -270 -380 -393 -159 -117 -325 119 -330 0
68 -330 -566 -159 -434 -53 -157 -270 -451 0
273 -393 -172 -568 -21 -407 -329 -434 -566 -120 -81 -270 -380 -412 -159 -325 119 -330 0
271 -81 -172 -568 -412 -325 -120 0
54 -316 -172 -68 -568 -247 -120 -81 -380 -412 -325 -455 -270 -575 -357 -159 -434 -566 -453 -2 119 -476 0
-393 -575 -68 -270 -380 -512 -566 -172 -455 -434 -568 -120 -81 -412 -325 -159 119 -407 -329 0
10 -511 -21 -255 -270 0
-511 -255 -21 -12 -270 -512 0
275 -230 -124 -568 -247 -172 -159 -184 -566 -21 -512 -51 -575 -455 -81 -407 -209 -325 -380 -117 -453 -120 -53 -329 -431 -594 -582 -12 -438 -270 -538 0
-511 -357 -56 -541 -375 -230 -207 -311 -68 -270 -582 -537 -559 -493 -103 -21 -12 -512 0
-575 -512 -159 -68 -270 -329 -568 -172 -566 -455 -81 -407 -325 -380 -120 -434 -412 119 0
255 -560 -276 -538 -103 0
185 -494 -51 -94 -560 -247 -108 0
356 -35 -31 -375 -234 -163 0
184 -213 -560 -31 -538 -471 -276 -159 -423 -329 -375 -252 -247 -582 -94 -270 -51 -427 -480 -68 -225 -311 -564 -189 -27 -121 -81 -309 -541 -325 -108 -56 0
-511 -541 -56 -375 -207 -311 -329 -68 -276 -51 -94 -560 -247 -108 -31 -538 -471 -159 -423 -252 -582 -270 -480 -189 -27 -121 -81 -309 -325 -380 -302 -21 -255 -512 0
186 -252 -86 -233 -247 -56 0
57 -217 -453 -223 -81 -541 -325 0
-512 -455 -81 -325 -270 -159 -68 -380 -568 -329 -172 -434 -566 -407 -120 -412 119 0
303 -357 -232 -375 -207 -396 -388 -46 -423 -293 -21 -380 -10 0
-455 -68 -325 -380 -566 -172 -159 -434 -81 -329 -270 -568 -407 -120 -412 119 0
-330 -512 -270 -511 -302 -575 -172 -568 -407 -434 -566 -120 -81 -329 -380 -412 -159 -325 119 0
301 -282 -81 -412 -407 -189 -325 -391 -475 -575 -108 -184 -154 -387 -380 0
-12 -154 -407 -325 -121 -475 -149 -309 -108 -502 -31 -184 -34 -247 -374 -252 -357 -232 -229 -423 -380 -302 -81 -412 -189 -391 -575 -387 -21 -511 -270 -512 -10 0
-512 -575 -380 -329 -159 -454 -34 -568 -566 -172 -511 -81 -412 -407 -325 -580 -374 -232 -270 -10 -434 -120 119 69 0
301 -575 -434 -380 -511 -21 52 -120 -159 -357 -566 -68 -270 -81 -412 -172 -271 -53 -568 -276 -387 -562 0
-68 -270 -434 -120 -159 -566 -380 -81 -412 -172 -568 -329 -407 -325 119 0
54 -107 -566 -52 -184 -250 -380 -156 -270 -120 -249 -81 -21 -581 -451 -455 -172 -234 -598 -91 -568 -511 -329 -356 -412 -159 -575 -117 -475 0
-68 -412 -325 -159 -172 -568 -566 -225 -380 -270 -120 -81 -21 -511 -329 -575 -117 -93 -407 0
582 -423 -21 -511 -270 -512 -395 -380 -325 -120 -69 -172 268 -113 -217 -329 -196 -480 570 -541 -159 -357 -537 -575 -568 -566 -81 -412 -189 -326 -318 -387 -277 0
52 -412 -511 -270 -512 -380 -325 -120 -172 -329 -159 -575 -568 -566 -81 -21 -407 0
-412 -329 -511 -270 -512 -120 -81 -325 -575 -407 -380 -172 -21 -159 -568 -566 0
229 -431 -477 -316 -530 -38 0
476 -231 -540 -421 392 -470 -187 -290 -565 -117 -38 -272 -316 -325 -120 -81 0
234 -110 -390 -591 -477 -540 -421 392 -470 -187 -290 -565 -117 -38 -272 -316 -325 -120 -81 -394 -530 -581 -553 -243 -56 0
-12 -56 -357 -233 -477 -421 392 -470 -187 -290 -565 -316 -325 -120 -81 -394 -581 -124 -47 -303 -21 -511 -270 -512 -11 0
-234 -33 -35 -120 -373 -329 -172 -568 -159 -451 -357 -56 -233 0
-355 -33 -35 -180 -373 -233 -57 119 -154 -357 0
54 -541 -568 -172 -270 -274 -81 -329 -233 -357 -120 -159 -187 -290 -316 -325 -21 -511 -512 -380 -566 -575 0
-234 -301 -380 -126 -172 -568 -159 -434 -357 -56 -233 0
-355 -311 -225 -68 -270 -231 -423 -31 -380 -180 -375 -233 -57 119 -357 0
-241 -51 -68 -94 -93 -242 0
52 -68 -225 116 -575 -380 -568 -566 -172 -93 -270 -357 -159 -434 -120 0
-234 356 -57 -120 -172 -568 -159 -434 -233 0
118 -57 -407 -325 0
-57 -52 -172 -270 -81 -329 -357 -120 -159 -325 -21 -511 -512 -380 -566 -575 -568 -407 0
-52 -357 -329 -172 -568 -159 -120 -566 -270 -81 -325 -21 -511 -512 -380 -575 -407 0
-357 -329 -21 -81 -575 -566 -270 -120 -380 -568 -172 -159 -325 -511 -512 -407 0
-57 -55 -120 -407 -325 0
-565 570 -250 -290 -249 -172 -94 -380 -136 -9 -384 -58 -556 -314 -543 -225 -590 -506 -475 -316 -385 -434 -391 -566 0
118 -543 -225 -434 -290 -172 -380 -556 -314 -590 -316 -385 -566 -568 -214 -252 -186 -93 -407 -325 0
-565 -330 -566 -156 -189 -380 -539 -270 -120 -81 -21 -455 -172 -234 -413 -165 -375 -494 -568 -252 -93 -511 -159 -407 -329 -276 -325 119 -117 -290 0
-329 -120 -511 -270 -512 -575 -172 -568 -407 -566 -21 -81 -380 -159 -325 0
355 -302 -511 -270 -512 -21 -166 -313 -7 -541 -138 -507 -108 -51 -184 -94 -247 -252 0
-434 -120 -270 -21 -511 -512 -172 -159 -568 -81 -325 -575 -407 -380 -566 0
118 -356 -85 -251 -94 -407 -325 0
542 -231 -422 -380 -46 -479 -154 -149 -548 -180 -69 -163 -312 -313 -225 0
-247 -303 -380 -184 -126 -249 -94 0
291 -213 -154 -380 -538 -46 -113 -219 -373 -225 -312 -270 -242 -94 -93 -184 -249 -9 -325 -81 -412 -407 -189 -167 -53 -587 0
248 -169 -9 -450 -21 -46 -270 -422 -294 -137 -69 -213 -184 -380 -50 -94 0
-68 -301 -9 -162 -213 -107 -411 -167 -266 -575 -373 -53 -420 -225 -454 -493 -137 -312 -270 -242 -94 -93 -241 -69 0
-52 -303 -436 -301 -120 -81 -10 -585 -325 -454 -167 -53 0
456 -528 -520 -308 -100 -107 -479 -244 -447 -151 -281 -90 -254 -46 -368 -154 -279 -493 -149 -388 -420 -180 -395 -502 -266 -176 -31 -207 -34 -436 -373 0
Solved
