75 -104 -292 -430 -319 0
560 -319 -241 -120 -52 -292 -332 -234 -96 -430 -60 -73 -330 0
320 -424 -292 0
-424 -319 -292 0
530 -175 -241 -120 -52 -234 -96 -60 0
53 -443 -163 -96 0
58 -530 -332 0
562 -536 -556 -65 -510 -337 -234 -96 -60 -332 -397 -120 -375 -241 -52 -395 -292 -36 -430 -290 -193 -73 -559 -330 0
432 -477 -292 -239 -241 -120 -52 -234 -96 -60 -332 -166 -73 0
232 -420 -556 -513 -84 -536 -450 -90 -388 -65 -386 -245 -510 -39 -21 0
566 -559 -65 -397 -241 -52 -96 -36 -290 -292 -73 -430 -239 -60 -166 -139 -193 -556 -330 -169 -106 -296 -271 -436 -101 -406 -250 -334 -262 0
568 -60 -166 -430 -292 -193 -73 -106 -271 -436 -239 -406 -250 -334 -262 -565 -65 -397 -241 -52 -96 -36 -290 -139 -556 -330 -169 -296 -101 0
407 -96 -397 -241 -52 -65 -36 -290 -292 -73 -430 -239 -60 -166 -139 -193 -556 -330 -169 -106 -296 -271 -436 -101 -406 -250 -334 -262 -565 0
75 -156 -241 -206 -52 -96 -568 -417 -36 -559 -451 -290 -292 -430 -319 0
571 -36 -73 -241 -52 -451 -290 -292 -430 -296 -106 -334 -271 -565 -250 -262 -239 -406 -397 -65 -166 -139 -556 -330 -169 -101 -221 0
74 -60 -241 -571 -52 -166 -221 -96 -430 -103 -397 0
59 -332 -450 -90 -65 -386 -39 -21 -119 -169 -334 -296 -271 -565 -262 -563 -250 -346 -416 -192 -556 -478 -571 -443 -221 -96 0
-332 -478 -571 -221 -60 -450 -90 -65 -386 -39 -21 -119 -169 -334 -296 -271 -565 -262 -563 -250 -346 -416 -192 -556 -443 -96 0
-60 -319 -334 -565 -406 -571 -262 -250 -221 -65 -169 -296 -271 -556 -96 -397 -241 -52 -139 -292 -166 -36 -451 -430 -290 -73 0
331 -370 -172 -565 -504 -556 -262 -366 -330 -418 -250 -346 -195 -531 -417 -21 0
-319 -96 -172 -565 -556 -262 -330 -250 -290 -397 -239 -515 -241 -52 -292 -166 -571 -451 -430 -221 -73 -334 -406 -65 -169 -296 -271 -139 -36 0
20 -480 -221 -571 -96 -290 -60 -397 -234 0
-480 -21 -397 -241 -571 -52 -221 -96 -60 -234 -290 0
-21 -60 -241 -52 -65 -36 -290 -292 -73 -430 -239 -96 -166 -139 407 -556 -330 -169 -106 -296 -271 -397 -101 -406 -250 -334 -262 -565 -424 -562 -571 -221 0
-60 -96 -36 -290 -52 -73 -241 -397 -65 -292 -430 -239 -166 -139 407 -556 -330 -169 -106 -296 -271 -101 -406 -250 -334 -262 -565 -424 -562 -571 -221 0
-96 -36 -73 -451 -290 -52 -241 -397 -65 -292 -430 -239 -166 -139 -556 -330 -169 -106 -296 -271 -101 -406 -250 -334 -262 -565 -221 -172 -515 0
575 -271 -334 -565 -406 -262 -553 -250 -292 -166 -451 -430 -73 -397 -241 -52 -139 -556 -169 -106 -172 -400 -97 -67 0
58 -96 -222 0
59 -96 -222 0
95 -320 -334 -271 -565 -406 -297 -425 -262 -104 -553 -250 -346 -417 -191 -333 -531 -329 -397 -241 -444 -52 0
437 -388 -66 -225 -387 -246 -395 -510 -271 0
331 -387 -66 -550 -395 -271 -38 -234 -120 -449 -334 -565 -406 -504 -262 -180 -250 -346 -531 -417 -20 0
-96 -271 -169 -406 -329 -113 -262 -250 -66 -550 -334 -565 -397 -516 -241 -52 -222 -297 -553 -292 -166 -35 -451 -430 -291 -73 0
59 -331 -334 -262 -250 -20 -565 0
-332 58 -169 -156 -449 -139 -120 -32 -292 -334 -387 -240 -565 -406 -262 -416 -250 -66 -331 0
-331 -346 -292 -169 -120 -271 -334 -565 -406 -329 -416 -262 -478 -250 -156 -449 -139 -32 -387 -240 -66 -222 -60 -20 0
577 -334 -172 -406 -166 -262 -430 -250 -73 -292 -169 -139 -397 -241 -52 -550 -553 -451 -400 -97 -67 -574 -556 -106 0
333 -59 -565 -406 -262 -553 -250 -292 -166 -451 -430 -73 -397 -241 -52 -139 -556 -169 -106 -172 -400 -97 -67 -574 -96 -334 0
-271 -272 -406 -96 -262 -250 -550 -334 -565 -397 -241 -52 -553 -292 -166 -451 -430 -73 -400 -97 -67 -574 -169 -139 -556 -106 -172 0
60 -330 -397 -20 -530 -233 0
-20 -96 -52 -397 -292 -574 -67 -400 -406 -262 -250 -550 -334 -565 -241 -553 -166 -451 -430 -73 -97 -169 -139 -556 -106 -172 -331 0
-96 -565 -334 -406 -262 -553 -250 -292 -166 -451 -430 -73 -397 -241 -52 -139 -556 -169 -106 -172 -400 -97 -67 -574 -331 -550 0
-565 -331 -262 -250 -292 -169 -406 -334 -139 -574 -67 -400 -397 -241 -52 -553 -166 -451 -430 -73 -556 -106 -172 -97 -550 0
-234 -346 -184 -564 -556 -536 -65 -193 -510 -96 -60 -332 -397 -375 -337 -241 -52 -395 -292 -36 -430 -290 -73 -559 -330 -82 -334 -232 0
264 -59 -139 -334 -556 -96 -397 -241 -52 -430 -73 -157 -169 -106 -271 -97 -574 -67 -400 -292 -20 -331 -406 -250 0
436 -124 -537 -166 -191 -169 -106 -430 -193 -271 -73 -241 -96 -52 -60 -221 -103 -397 -573 -296 0
-60 -360 -181 -206 -106 -271 -438 -537 -166 -191 -169 -430 -73 -241 -96 -52 -397 -313 -387 -483 -20 -292 -574 -240 -67 -400 -59 0
329 -559 -240 -104 -400 -292 -67 0
437 -81 -479 -52 -290 -241 -574 -400 -397 -67 -328 -240 -104 -292 -169 -271 0
401 -571 -479 -290 -20 -104 -397 -292 -328 -240 -67 0
-59 -20 -52 -241 -397 -67 -400 -96 -292 -574 -169 -271 -430 -73 -106 -166 -331 -406 -250 -262 -139 -334 -556 -157 -97 0
59 -271 -169 -52 -241 -97 -397 -406 -574 -262 -67 -250 -430 -400 -331 -73 -96 0
-271 -96 -73 -292 -139 -169 -67 -406 -334 -400 -262 -430 -250 -397 -331 -52 -241 -574 -106 -166 -556 -157 -97 0
-104 -224 -521 -394 -362 -292 -366 -430 -193 -73 -319 0
58 -20 -430 -73 -394 -292 -550 -556 -331 -250 -262 -166 -406 -397 -436 -574 -241 -295 -67 -52 -400 -96 0
59 -436 -406 -262 -295 -250 -400 -331 -96 0
333 -436 -295 -406 -400 -262 -96 -250 -59 0
-96 -331 -292 -67 -400 -406 -73 -262 -250 -430 -550 -556 -397 -166 -574 -241 -52 -139 -169 -334 -106 -157 -97 0
272 -359 -444 -197 -464 -356 -32 -370 -181 -207 -156 -22 -297 -106 0
104 -225 -522 -394 -363 -292 -365 -430 -193 -73 0
438 -297 -166 -430 -73 -292 -365 -32 -444 -156 -106 -404 -550 -60 -222 -556 -387 -478 -416 -20 -331 -525 -250 -262 -240 -406 0
332 -571 -222 -478 -60 0
402 -437 -430 -73 -292 -406 -262 -250 -20 -331 -222 -60 -169 -106 -166 -365 -32 -444 -156 -550 -556 -546 -164 -515 -574 -290 -67 0
401 -331 -60 -329 -222 -67 0
432 -471 -32 -120 -139 -477 -387 -542 -537 -56 -349 -166 -79 0
-331 -169 -430 -166 -73 -139 -556 -250 -292 -106 -262 -574 -406 -67 -550 -400 -397 -241 -52 -334 -157 -97 0
59 -222 -19 -553 -250 -190 -397 -415 -292 -166 -241 -451 -430 -52 -529 -73 -262 0
295 -271 -556 -270 -363 -38 -81 -66 -387 -395 -225 -136 -375 -543 -169 -106 -438 -338 0
296 -185 -104 -329 -425 -82 -320 -139 -563 -438 0
21 -270 -556 -38 -81 -395 -169 -106 -438 -104 -329 -425 -320 -139 -520 -504 -179 -96 -290 -400 -545 -222 -52 -241 -397 0
-222 -19 -397 -241 -556 -169 -106 -139 -520 -400 -52 -406 -262 -553 -250 -190 -415 -292 -166 -451 -430 -529 -73 -58 0
436 -330 -105 -186 -426 -82 -321 -139 -564 -296 0
580 -397 -106 -139 -556 -241 -52 -406 -262 -250 -97 -292 -574 -451 -430 -67 -73 -400 -553 -166 -157 0
331 -169 -241 -556 -222 -106 -139 -397 -400 -52 -406 -262 -553 -250 -292 -166 -451 -430 -73 -58 0
332 -240 -104 -290 401 -571 -397 -292 -531 -67 0
-240 -561 -106 -553 -273 -531 -417 -241 -556 -222 -139 -397 -400 -52 -406 -262 -250 -292 -166 -451 -430 -73 -58 -333 -104 -290 401 -67 0
251 -417 -333 0
402 -479 -52 -290 -241 -574 -400 -397 -67 -240 -104 -328 -292 -169 -81 -438 -222 -96 0
-169 -96 -397 -292 -67 -400 -52 -241 -574 -222 -556 -106 -139 -406 -262 -553 -250 -166 -451 -430 -73 0
402 -521 -106 -271 -504 -438 -178 -373 -222 -96 -485 -52 -241 -97 -397 -479 -574 -328 -290 -67 0
332 -104 -222 -290 -240 -397 -292 -67 -400 -106 -271 -504 -438 -373 -96 -485 -52 -241 -97 -574 0
330 -520 -106 -271 -504 -438 -179 -373 -104 -329 -425 -320 -139 -96 -52 -97 -290 -241 -19 -574 -400 -397 -67 0
401 -182 -106 -570 -553 -241 -556 -222 -139 -397 -400 -52 -406 -262 -250 -292 -166 -451 -430 -73 -67 -559 -96 0
53 -542 -520 -504 -519 -179 -373 -516 -163 -96 0
437 -346 -19 -349 -397 -373 -241 -163 -52 -520 -504 -179 -516 -96 -106 -271 0
-96 -222 -241 -52 -106 -97 -574 -67 -400 -553 -556 -397 -139 -406 -262 -250 -292 -166 -451 -430 -73 0
74 -542 -240 -406 -262 -396 -250 -20 -292 -166 -332 -430 -60 0
436 -416 -250 -262 -406 -240 -292 -430 -104 -73 -20 -166 -60 -106 -271 -222 -478 -297 0
522 -184 -139 -580 -346 -171 -20 -375 -483 -519 -542 -449 0
402 -438 -139 -120 -32 -166 -430 -580 -449 -329 -556 -60 -250 -262 -106 -406 -271 -20 -292 -104 -73 -222 -546 -164 -515 -574 -290 -67 0
331 -60 -222 -553 -250 -397 -292 -166 -241 -451 -430 -52 -73 -262 0
-271 -104 -331 -156 -250 -292 -262 -106 -406 -139 -120 -32 -166 -430 -580 -449 -329 -556 -60 402 -20 -73 -222 -546 -164 -515 -574 -290 -67 0
-104 -32 -166 -430 -60 -73 -250 -292 -262 -406 -20 -222 402 -106 -365 -444 -156 -331 -556 -546 -164 -515 -574 -290 -67 -139 -120 -580 -449 -329 0
333 -271 -32 -370 -197 -156 -22 -297 -106 -508 -444 -418 -406 -262 -194 -478 -416 -250 -20 0
332 -80 -556 -418 -365 -113 -262 -194 -478 -250 -222 -60 0
-222 -292 -556 -430 -73 -262 -250 -106 -406 -166 -574 -67 -139 -580 -400 -553 -397 -241 -451 -52 -97 0
252 -332 -73 -60 -451 0
-319 -363 -52 -114 -96 -480 -193 -430 -60 -241 -166 -221 -397 -104 -73 -292 0
59 -562 -346 -437 -296 -573 -114 -480 -36 -330 -430 -290 -104 -531 -96 -73 0
333 -437 -106 -271 -139 -573 -290 -397 -241 -52 -330 -96 -332 -60 -296 -114 -36 -430 -104 -73 -239 -166 -221 -292 -556 -420 -416 -20 0
331 -104 -430 -166 -73 -60 -20 0
75 -164 -356 -226 -515 -444 -179 -386 -584 -292 -166 -401 -430 -290 -104 0
-406 -240 -250 -262 -104 -292 -430 -416 -73 -20 -166 -60 -106 -271 -222 -290 -401 -438 -408 0
437 -485 -444 -164 -386 -125 -522 -290 -225 -401 -395 -106 -271 0
53 -241 -515 -444 -346 -290 -386 -193 -401 -572 -250 -262 -104 -292 -430 -416 -73 -20 -166 -60 -106 -271 -222 -438 -408 -522 -225 -356 -226 -179 -593 -397 -470 0
33 -448 -241 -397 -89 -23 -66 -425 -244 -176 -337 -207 -470 -463 -181 0
74 -563 -337 -346 -31 -241 -397 -23 -66 -207 -470 -181 -232 -509 -476 -386 -125 -542 -522 -225 -396 -292 -430 0
-240 -31 -470 -232 -386 -337 -346 -292 -166 -430 -104 -73 -241 -397 -207 -181 -476 -522 -225 -401 -106 -271 -438 -250 -262 -416 -20 -60 -222 -290 -408 0
-241 -438 -106 -386 -408 -271 -292 -166 -430 -346 -588 -290 -401 -470 -232 -104 -73 -397 -207 -181 -476 -522 -225 -250 -262 -416 -20 -60 -222 -444 -515 -54 -193 -572 -356 -226 -179 -593 0
431 -509 -470 -32 -232 -386 -563 -125 -356 -226 -515 -444 -179 -164 -292 -166 -401 -430 -290 -104 -73 0
-240 -164 -444 -386 -522 -290 -225 -401 -106 -271 -292 -73 -430 -470 -32 -232 -356 -226 -515 -179 -166 -104 -438 -250 -262 -416 -20 -60 -222 -408 0
469 -338 -464 -245 -32 0
-438 -290 -386 -444 -522 -470 -225 -401 -106 -271 -292 -166 -430 -346 -73 -588 -232 -356 -226 -515 -179 -104 -250 -262 -416 -20 -60 -222 -408 -54 -397 -207 -181 -476 -193 -572 -593 0
238 -164 -241 -181 -54 -383 -515 -207 -104 -24 -386 -292 -125 0
-338 -32 -464 -470 -337 -245 0
33 -156 -24 -292 -207 -564 -181 -139 0
424 -427 -146 -207 -130 -559 -156 -285 -104 -24 0
520 -543 -225 0
-543 -225 -522 0
-262 -588 -106 -241 -271 -292 -166 -430 -346 -418 -290 -401 -470 -232 -104 -73 -397 -181 -476 -522 -225 -250 -416 -20 -60 -222 -444 -515 -54 -193 -572 -356 -226 -179 -593 -263 0
436 -552 -54 -444 -470 -203 -404 -165 -510 -297 0
536 -386 -346 -397 74 -207 -470 -181 -232 -476 -241 -125 -522 -225 -292 -430 -54 -395 -444 -290 -401 -106 -271 -203 -404 -270 -138 -557 -301 0
240 -155 -241 -397 -23 -290 -425 -401 -320 0
31 -82 -397 -448 -241 -141 -54 0
52 -164 -515 0
243 -155 -89 -397 -448 0
206 -141 -584 -397 -54 -241 -89 -448 -181 0
437 -465 -244 -64 -401 -297 0
245 -508 -138 -535 -418 -270 -57 -385 -38 -149 -301 -64 0
33 -64 -138 -535 -418 -270 -57 -385 -38 -149 -301 -32 -297 -438 -401 -470 0
508 -64 -297 -401 -438 -246 0
510 -511 -57 -301 -171 -535 -138 -418 -270 -385 -38 0
-64 -470 -297 -32 -438 -57 -301 -171 -535 -138 -418 -270 -385 -38 -149 -401 -397 -448 -241 -141 -54 0
432 -271 -106 -241 -292 -166 -430 -290 -104 -73 -250 -20 -60 -222 -332 0
402 -591 -222 -60 -599 -585 -356 -71 -204 -176 -232 -39 -346 -562 -297 -438 -418 -263 -126 -587 -238 0
508 -185 -328 -34 -397 -486 -444 -241 -141 -54 -469 -465 -386 -246 0
31 -50 -23 -492 -512 -90 -134 -397 -241 -141 -557 -185 -599 -328 -60 -222 -331 401 0
53 -90 -185 -336 -328 -207 -397 -469 -181 -241 -31 0
-271 -241 -222 -60 -290 -292 -430 -104 -166 -73 -106 -250 -20 -332 0
297 -337 -346 -401 -290 0
469 -141 -397 -126 -292 -166 -232 -430 -104 -73 -522 -480 -346 -436 -295 -401 -290 52 -544 -222 -60 -531 0
470 -401 -60 -599 -356 -232 -346 -418 -263 -126 -292 -166 -480 -222 -430 -290 -104 -73 -332 0
-96 -222 -60 0
400 -205 -262 -156 -528 -430 -346 -73 -290 0
436 -183 -73 -290 -401 -156 -164 -515 -430 -572 -222 -60 -241 -292 -104 -166 -106 -20 -332 0
33 -470 -73 -164 -515 -290 -222 -60 -241 -292 -104 -166 -106 -20 -332 -401 -297 -438 -156 -430 0
271 -438 -297 0
75 -588 -452 -430 0
163 -34 -485 -444 0
139 -450 -223 -522 -542 -397 -125 -584 -476 0
64 -140 -542 -522 -125 -476 -535 -223 -397 -584 -89 0
124 -556 -504 -364 -522 -599 -223 -140 -542 -476 0
471 -375 -171 -519 -542 -476 -125 -504 -364 -522 -599 -223 -138 -403 -270 -203 -38 -509 -401 -297 -438 -66 -535 -397 -584 -89 -31 0
124 -156 -425 -590 -226 -23 -575 -584 -241 -397 -450 -314 -522 -481 -223 -542 -387 0
64 -575 -542 -522 -125 -425 -590 -226 -23 -535 -584 -241 -397 -314 -481 -223 -387 -89 0
165 -542 -522 -125 -504 -476 -179 -444 -346 -401 437 -297 -425 -590 -226 -23 -535 -584 -241 -397 -314 -481 -223 -89 -470 -599 -138 -403 -270 -203 -38 -438 -54 -514 0
126 -171 -292 -232 -31 -403 -470 -203 -401 437 -297 -535 -301 -138 -270 -38 -419 -522 -476 -386 0
437 -419 -401 -297 -522 -301 -292 -232 -403 -138 -54 -444 -346 -241 -397 -314 -481 -438 -514 -192 -166 -332 -430 -60 -73 -452 -290 -106 0
75 -290 -401 -452 -430 0
386 -244 -290 -222 -60 -241 -292 -104 -166 -106 -20 -332 -401 -297 -438 -430 -140 124 -64 -73 0
-244 -140 124 -290 -222 -60 -241 -292 -104 -166 -106 -20 -332 -401 -297 -438 -430 -64 -73 0
556 -385 -38 -508 -270 -419 -138 0
-140 -64 -290 -222 -60 -241 -292 -104 -166 -106 -20 -332 -401 -297 -438 -430 124 -73 0
66 -78 -134 -238 -556 -89 -397 -448 -241 -406 -301 -262 -535 -588 -290 -57 -401 -149 0
-64 -164 -241 -246 -290 -401 -104 -438 -297 -222 -60 -292 -166 -106 -20 -332 -430 124 -73 0
510 124 -401 -241 -104 -438 -297 -222 -60 -292 -166 -106 -20 -332 -430 -290 -73 0
-32 -245 -470 -464 -338 0
124 -290 -222 -60 -241 -292 -104 -166 -106 -20 -332 -401 -297 -438 -430 -73 0
141 -32 -444 -290 -514 -346 -54 -562 -485 0
564 -55 -535 -350 -406 -240 -346 -320 0
-290 -438 -60 -241 -292 -104 -166 -106 -20 -332 -401 -297 -222 -430 -73 0
-438 -241 -401 -430 -106 -297 -166 -222 -292 -104 -73 -60 -20 -332 0
126 -164 -444 -290 -401 -515 -297 -546 -273 -417 -252 -292 -73 -481 -430 -522 -166 0
125 -290 -401 -292 -430 -104 -73 -166 0
246 -32 -535 -55 -375 -600 -444 -290 -401 126 -297 -546 -273 -417 -252 -292 -73 -481 -430 -522 -166 -139 -12 -301 -470 0
53 126 -290 -401 -444 -297 -546 -273 -417 -252 -292 -73 -481 -430 -522 -166 0
541 -155 -346 -317 -244 -535 -32 -375 -600 -444 -290 -401 126 -297 -546 -273 -417 -252 -292 -73 -481 -430 -522 -166 -139 -301 -470 -11 -179 0
-32 -375 -510 -535 -301 -241 -397 -522 -346 -232 -600 -444 -290 -401 126 -297 -546 -273 -417 -252 -292 -73 -481 -430 -166 -139 -470 -11 -179 -364 -193 -104 -24 -564 -31 0
-542 -244 -444 -179 -337 -504 -11 -522 -66 -125 -140 -476 -535 -397 -584 -89 -543 0
57 -349 -375 -170 0
542 -464 -387 -600 -510 -69 -419 -329 -397 -84 -89 -66 -150 -375 -170 -214 -113 -81 -364 -504 -522 0
-164 -179 -346 -408 -444 -241 -510 -522 -476 -535 -397 -600 -329 -113 -364 -301 -232 -290 -401 126 -297 -546 -273 -417 -252 -292 -73 -481 -430 -166 -470 -193 -104 -24 -564 -31 0
541 -600 -558 -69 -301 -329 -535 -170 -374 -518 0
126 -290 -522 -301 -408 -510 -346 -241 -397 -232 -401 -297 -273 -417 -252 -292 -73 -481 -430 -166 -193 -104 -564 -480 -106 -573 -222 -332 -60 -192 0
415 -556 -301 -408 -535 -419 -252 0
33 -371 -71 -176 -206 -470 -182 0
420 -592 -179 -241 -444 -504 -397 -338 -522 -584 -463 124 -556 -599 -542 -476 -71 -176 -470 -182 -54 -514 -164 -485 -290 -401 -588 -262 0
-515 -362 -81 -169 -57 -374 -364 -164 -54 -514 0
521 -32 -320 -425 -71 -176 -470 -238 -54 -81 -169 -57 -374 -164 -514 -179 -504 0
-515 -149 -535 -408 -588 -57 -401 -278 -169 -290 -485 -374 -444 -164 -54 -514 0
-32 -89 -71 -176 -470 -182 124 -590 -226 -23 -425 -584 -241 -397 -387 -314 -522 -481 -542 -320 -292 -564 -556 -599 -504 -476 -54 -535 -408 -588 -401 -278 -169 -290 -485 -374 -444 -514 -81 -179 0
-556 -387 -134 -401 -290 -346 -522 -564 124 -599 -542 -470 -241 -397 -23 -481 -292 -535 -408 -169 -374 -480 -573 -222 -232 -332 -430 -60 -37 -73 -417 -301 -252 0
366 -515 -401 -408 -290 -264 -252 -417 -546 -164 -535 -238 -57 -169 -374 -444 -54 -73 -430 -225 -480 -522 -573 -361 -193 0
520 -449 -564 -141 -336 -475 -232 -332 -60 -37 -73 -430 -292 -394 -346 -225 0
-515 -141 -564 -292 -430 -104 -73 -522 -336 -475 -232 -332 -60 -37 -394 -346 -225 -401 -408 -290 -264 -252 -417 -546 -164 -535 -238 -57 -169 -374 -444 -54 -480 -573 -361 -193 -397 -241 0
-387 -470 -397 -346 -338 -564 -241 -480 -401 -573 -292 -222 -232 -430 -60 -73 -290 -252 -417 -104 -522 -332 -394 -408 -535 -169 -374 -193 -599 -134 124 -542 -23 -481 -301 -510 0
-364 -362 -484 -290 -480 -73 -573 -430 -193 -515 -169 -57 -374 -35 -164 -54 -514 -365 0
504 -329 -104 -560 -73 -531 -430 -178 0
74 163 -238 -564 -480 -401 -346 -573 -290 -292 -222 -408 -430 -60 0
-164 -165 -290 -480 -73 -573 -430 -193 -169 -57 -374 -238 -564 -401 -346 -292 -222 -408 -60 -104 -560 -531 -397 -241 -522 0
164 -244 -564 -475 -232 -332 -60 -73 -430 -292 -394 -346 -225 -238 -397 -480 -573 -560 -193 -104 -510 -522 -338 -444 -54 0
59 -290 -573 -480 -222 -73 0
563 -535 -290 -73 -430 -193 -515 -57 -362 -164 -54 -34 -444 -364 -252 -407 -262 -125 -167 -416 -351 -332 -346 0
564 -57 402 -591 -176 -585 -39 -346 -562 -587 -238 -114 -252 -478 -416 -20 -332 -430 -104 -73 -167 -224 -542 -60 -351 0
-57 -351 -346 -290 -73 -430 -193 -515 -362 -164 -34 -444 -364 -252 -167 -416 -332 -562 402 -591 -176 -585 -39 -587 -238 -114 -478 -104 -224 -542 -60 0
502 -176 -478 -585 -397 -416 -60 -591 -167 -522 -346 -290 -73 -430 -193 -515 -164 -34 -444 -562 402 -39 -587 -238 -104 -80 -451 0
-573 -21 -444 -125 -32 -522 -39 -164 -176 -262 -71 -252 -371 -416 -180 -332 -437 -60 -572 -290 -480 -222 -73 0
563 -252 -416 -262 -332 -407 -193 -444 -125 -32 -522 -39 -164 -176 -71 -371 -180 -60 -572 -290 -480 -222 -73 -346 0
-573 -563 431 -125 -515 -444 -164 -292 -401 -430 -290 -104 -73 -522 -262 -252 -416 -20 -332 -438 -60 -572 -480 -222 0
415 -141 -39 -32 -176 -338 -60 402 -438 -591 -585 -346 -562 -71 -587 -238 -167 -191 -20 -332 -252 0
-480 -57 -522 -430 -73 -60 -416 -39 402 -591 -346 -587 -238 -193 431 -515 -444 -164 -292 -401 -290 -180 -451 -478 0
-332 -279 -259 -444 -297 -32 -23 -34 -90 -486 -242 -371 -397 -346 -69 -157 -562 -114 -596 -193 -80 -407 -573 -361 -262 -222 -522 -416 -60 -333 -73 -451 0
-543 -149 -57 -541 -522 0
449 -185 -468 -141 -477 -125 -57 -541 -522 -66 -90 0
564 -191 -57 -541 -522 -167 -125 -80 -477 -114 -69 -585 -330 -397 -448 -66 -90 -346 0
-57 -259 -444 -522 -397 -34 -486 -346 -60 -478 -164 -193 -416 -73 -451 -430 -39 402 -591 -587 -238 431 -515 -292 -401 -290 0
-480 -573 -125 -515 -444 -164 -292 -401 -430 -290 -104 -73 -522 -262 -332 -416 431 -252 -60 -222 -346 -562 -407 -193 -39 -176 -371 -180 -478 0
-573 -332 -444 -297 -23 -34 -486 -371 -397 -346 -69 -157 -562 -259 -193 -407 -361 -262 -222 -522 -416 -60 -73 -451 -125 -515 -164 -292 -401 -430 -290 -104 431 -39 -176 -180 -478 0
-332 -238 -591 -60 -430 -73 -416 -39 402 -346 -587 -397 -193 -444 -522 -164 -290 -478 -34 -486 -259 -451 -515 -292 -401 431 0
563 -114 -486 -34 -279 -69 -157 -330 -596 -351 -407 -436 -346 0
-238 -515 -444 -164 -346 -486 -522 -478 -60 -591 -430 -73 -416 -39 402 -587 -397 -290 -451 -34 -292 -401 431 -105 0
58 -575 -444 -523 -350 -32 -515 -254 -164 -397 -387 -436 -21 -406 -483 -262 -252 -416 -332 0
126 -21 -262 -406 -252 -436 -194 -290 -480 -222 -73 -60 -444 -523 -350 -515 -164 -397 -416 -332 -591 -522 -167 0
250 -332 -416 0
-438 -572 -80 -585 -522 -60 -482 -397 -332 -365 -194 -346 -536 -563 -297 -437 0
177 -110 -260 -359 -560 -444 -297 -470 -32 -181 -510 -39 -232 0
349 -225 -273 104 -522 -297 -292 -365 -430 -193 -73 -329 -80 0
347 -181 -383 -207 -22 -273 -396 -90 -66 -536 104 -522 -297 -292 -365 -430 -193 -73 -329 -80 -482 -391 0
337 -575 -457 -515 -10 -444 0
483 -359 -522 -515 -396 -523 -164 -273 -444 -297 -339 -10 -69 -329 -350 -313 104 -292 -365 -430 -193 -73 -80 0
224 -575 -523 -515 -359 -164 -444 -339 -297 -273 -522 -396 0
-480 -252 -66 -522 -523 -515 -164 -444 -297 -396 -69 -397 104 -292 -430 -73 -80 -124 -262 -406 -90 -290 -222 -60 -416 -332 -591 -167 -346 -22 -503 -563 -585 -478 0
195 -224 -396 -542 -32 -183 -384 -260 -109 -102 -22 -69 -114 -90 -593 -437 -80 -449 -242 -563 -362 -397 -346 -365 -19 0
-225 -273 -396 -107 -224 -522 0
348 -174 -542 -396 -224 -522 -78 -22 -69 -330 -90 -351 -449 -242 -437 -397 -563 -19 0
-332 -22 -585 -397 -346 -396 -522 -69 -90 -563 -370 -80 -503 -102 -222 -60 -66 -523 -515 -164 -444 -297 104 -292 -430 -73 -124 -262 -406 -290 -416 -591 -167 -478 -451 0
437 -330 -69 -114 -80 -361 -164 -386 -301 -57 -420 -535 -262 -406 -271 0
-329 -114 -80 -69 -350 -193 104 -522 -297 -292 -365 -430 -225 -73 -273 -330 0
348 -170 -204 -546 -510 -420 -515 -386 -4 -598 -164 -144 -139 -444 -83 -337 -185 0
-515 -164 -444 -522 -292 -430 -73 -290 75 -401 0
328 -350 -396 -225 -273 -333 -297 -478 -563 -392 -80 -522 -69 0
-350 -563 75 -430 -292 -273 -297 -392 -375 -329 -225 -333 -478 -522 -69 0
347 -273 -193 -522 75 -430 -292 -225 -297 -333 -375 -329 -478 -69 0
331 -573 -350 -69 -329 -397 -290 -80 -222 -73 -60 -21 0
195 -350 -80 -329 -522 -478 -60 -333 -69 -397 -290 -222 -73 -21 -364 0
194 -21 -503 -333 -364 -522 0
-273 -193 -69 -157 -290 -222 -73 -420 -333 -387 -522 -444 -225 -240 -297 -375 -329 -364 -575 75 -430 -292 0
-21 -350 -80 -329 -522 -478 -60 -333 -69 -397 -290 -222 -73 -193 -364 -503 0
21 -193 -430 -73 -522 -126 -240 -364 75 -292 -333 0
-332 -438 -321 -240 -573 -392 -222 -346 -262 -60 -21 -252 -333 -416 0
-193 -329 -69 -522 -240 -222 -262 -252 -333 -416 -364 -290 -73 -430 75 -292 -157 -420 -387 -444 -225 -297 -375 -575 0
-329 -225 -290 -222 -73 -240 -69 -262 -522 -252 -333 -416 -364 -430 75 -292 -157 -420 -387 -444 -297 -375 -575 0
562 -437 -339 -387 -598 -297 -396 -225 -224 -522 -240 -31 -321 0
-573 -332 -420 -387 -297 -525 -426 -240 -321 -444 -222 -346 -262 -60 -21 -252 -333 -416 -598 -396 -225 -522 -31 -571 0
-332 -598 -387 -297 -396 -225 -522 -240 -31 -321 -426 -105 -194 -420 -525 -444 -222 -346 -262 -60 -21 -252 -333 -416 -530 0
564 -361 -69 -240 -80 -114 -164 -301 -57 -420 -535 -262 -330 -271 -436 -191 -541 -522 -167 -477 -585 -397 -448 -66 -90 -346 0
437 -361 -69 -80 -114 -164 -301 -57 -420 -535 -262 -330 -271 -126 -240 -321 -564 0
-225 -420 -444 -387 -240 -297 -69 -164 -262 -522 -66 -364 -222 -31 -252 -333 -416 -241 -575 -290 -73 -430 75 -292 -157 -375 0
-332 -21 -375 -80 -69 -397 -290 -222 -73 -60 -321 -240 -150 -66 -90 -543 -346 -262 -522 -252 -333 -416 0
-21 -543 -522 -69 -420 -387 -80 -167 -364 -478 -60 -222 -375 -397 -290 -73 -321 -240 -150 -66 -90 -346 -262 -252 -333 -416 -503 0
351 -384 -183 -426 -207 -105 -156 -195 -90 -364 -66 -362 -150 -80 -55 0
-193 -356 -227 -175 -253 -478 -240 -571 75 -430 -292 -73 -522 21 -364 -333 0
-332 -338 -420 -387 -253 -527 -156 -66 -150 -595 -240 -478 75 -430 -292 -73 -522 21 -364 -333 -183 -329 -315 -543 -222 -594 -483 -262 -252 -416 0
-164 -522 75 -430 -292 -73 -290 -444 -401 0
-273 -332 -80 -69 -397 -290 -222 -73 -60 -321 -240 -21 -66 -90 -346 -262 -522 -252 -333 -416 -396 -271 0
-332 -333 -240 -80 -69 -397 -290 -222 -73 -60 -21 -66 -90 -346 -262 -522 -321 -416 -396 -297 -337 -451 0
-333 -21 -346 -102 -522 -66 -90 -241 -374 -397 -69 -80 -364 -317 -478 -60 -222 -240 -290 -73 -396 -262 -321 -416 -297 -337 -451 -503 0
194 -542 -346 402 -587 -478 -416 -252 -332 -430 -73 -337 -224 -522 -362 -364 75 -292 -21 0
-238 -394 -232 -332 -60 -73 -430 -292 164 -346 -225 -397 -480 -573 -193 -522 -444 -199 402 -591 -585 -356 -39 -71 -418 -263 -587 -90 -458 -449 -470 -254 -426 -167 -372 -321 0
-225 -526 -593 -396 -224 -522 -436 -292 -232 -332 -60 -73 -430 164 -346 -397 -480 -573 -193 -444 -199 402 -591 -585 -39 -71 -418 -263 -587 -90 -449 -470 -426 -167 -321 -226 -355 -313 -482 0
521 -329 -21 -522 -292 -332 -73 -430 164 -480 -193 -444 402 -418 -587 -313 -290 -416 -252 75 0
239 -271 -526 -474 -346 -337 -39 -222 -60 -241 -292 -430 -102 -73 -250 -290 -332 -470 -232 -105 -71 -426 -386 -370 -321 -126 0
-225 -436 -297 -288 -377 -569 -524 -408 75 -430 -292 -240 -526 -474 -337 -222 -241 -102 -73 -250 -290 -332 -470 -232 -71 -386 -370 -223 -522 0
-329 -193 -569 75 -430 -292 -73 -290 -332 -522 -21 -531 164 -480 -444 402 -418 -587 -313 -416 -252 0
-193 -480 -290 -522 -73 -531 -332 -569 75 -430 -292 -21 164 -444 402 -418 -587 -313 -416 -252 0
-21 -522 -290 -73 75 -430 -292 164 -444 402 -587 -416 -451 0
-332 -576 -253 -69 -338 -527 -156 -66 -595 -240 -478 75 -430 -292 -73 -522 21 -364 -329 -222 -594 -262 -416 -451 0
-522 -292 -430 75 -73 -290 -444 -401 0
-329 -536 -396 -90 -225 -66 -543 -450 -240 -321 -333 -332 -222 -346 -262 -60 -21 -252 -573 -416 -69 -397 -290 -80 -73 0
272 -174 -598 -4 -144 -543 -444 -225 -339 -396 -297 0
195 -21 -225 -396 -4 -144 -444 -297 -486 -157 -371 -240 -321 -69 -90 -66 -450 -333 -332 -222 -346 -262 -60 -543 -252 -416 -397 -290 -80 -73 -363 -364 0
-21 -332 -225 -396 -4 -144 -444 -297 -69 -90 -66 -450 -240 -321 -333 -543 -222 -346 -262 -60 -252 -416 -397 -290 -80 -73 -371 -426 -105 -486 -157 -363 -364 0
-332 -543 -66 -90 -225 -585 -450 -397 -346 -396 -4 -144 -444 -297 -69 -240 -321 -333 -222 -262 -60 -416 -290 -80 -73 -426 -105 -486 -157 -363 -364 -178 -451 0
-319 -125 -191 -240 -193 75 -430 -292 0
347 -259 -371 -599 -23 -107 -272 -297 -562 0
223 -214 -34 -444 -599 -297 -54 -436 -279 -69 -157 -330 -351 -114 -346 -184 -371 -240 -191 -193 75 -430 -292 -543 0
-319 -106 -154 -271 -243 -436 -54 -407 -364 -240 -193 75 -430 -292 0
372 -164 -581 -102 -552 -527 -154 -546 -243 -334 -54 -595 -157 -311 -41 -308 -110 -284 -354 -524 -85 -575 -202 -458 -174 -29 -540 -456 -162 -487 -356 0
242 -405 -552 -334 -581 -102 -546 -527 -164 -154 -54 0
-164 -174 -524 -387 -157 -388 -595 -119 -54 -243 -552 -334 -581 -102 -546 -527 -154 -311 -41 -308 -110 -284 -354 -85 -202 -575 -371 -458 -29 -540 -456 -162 -487 -356 0
164 -11 -444 -54 0
-319 -481 -4 -543 -444 -225 -297 -69 -330 -436 -262 -416 -251 -164 -471 -363 -54 -371 -364 -191 -477 -240 -193 75 -430 -292 0
52 -558 -102 -50 -363 -527 -23 -134 -154 -164 -524 -157 -387 -552 -388 -54 -243 -119 -334 -581 -546 -311 -41 -308 -110 -284 -354 -85 -202 -575 -371 -458 -29 -540 -456 -162 -487 -356 0
328 -420 -524 -157 -54 -102 -546 -41 -110 -284 -354 -85 -371 -407 -262 -164 -363 -23 -226 -585 -477 -397 -450 -301 -471 -90 437 -66 -225 -271 -401 -297 -591 -167 -125 -543 -80 347 -259 -562 -114 -69 0
542 -375 -171 -519 -57 0
351 -171 -519 -543 0
437 -271 -225 -34 -444 -297 -54 -436 -279 -69 -157 -330 -114 -346 -371 -240 -191 -193 75 -430 -292 -543 -251 -416 -524 -102 -546 -110 -284 -354 -85 -407 -262 -164 -363 -23 -226 -477 -397 -450 -301 -471 -66 -481 -401 -125 -259 -562 0
-271 -125 -191 -543 -225 -346 -562 -407 -436 -34 -444 -297 -54 -279 -69 -157 -330 -114 -371 -240 -193 75 -430 -292 -251 -416 -524 -102 -546 -110 -284 -354 -85 -262 -164 -363 -23 -226 -477 -397 -450 -301 -471 -66 -481 -401 -259 0
84 -32 -463 -247 -140 0
53 -46 -371 -154 -90 -450 -463 -600 -330 -216 -69 -114 -80 -486 -34 -279 -157 563 -407 -436 -346 0
328 223 -444 -34 -297 -54 -436 -279 -69 -157 -330 -114 -346 -371 -240 -191 -193 75 -430 -292 -543 0
19 -232 -471 -371 -226 -198 -114 -400 -292 -330 -444 -34 -436 -279 -157 -346 -191 -193 75 -430 -543 -164 -450 -225 -251 -416 -110 -354 -85 -262 -363 -477 -397 -401 -4 -364 0
-292 75 -430 -444 -401 -290 -73 0
272 -407 -333 -124 -21 -69 -329 -397 -290 -80 -222 -73 -60 -240 -55 -349 -167 -517 -436 0
-350 -535 -190 -55 -333 -21 -69 -329 -397 -290 -80 -222 -73 -60 -573 -349 0
-407 -188 -157 -486 -34 -69 -330 -436 -346 -106 -478 -333 -21 -193 -66 -564 -149 -393 -55 -329 -397 -290 -80 -222 -73 -60 -4 -424 -167 -142 -319 -124 -444 -240 -339 -297 -273 -517 0
57 -536 -149 0
-329 -21 -80 -333 -478 -69 -397 -290 -222 -73 -60 -55 -149 -436 -157 -486 -34 -330 -346 -106 -193 -66 -564 -393 -4 -424 -167 -142 -319 -124 -444 -240 -339 -297 -273 -517 -186 0
-332 -407 -106 -140 -564 -393 -88 -350 -66 -424 -80 -243 -149 -319 -363 -54 -536 -240 -364 -598 -193 -262 -21 -333 -416 -73 -60 -451 0
-438 -273 -436 -297 0
59 -349 -55 -190 -149 -193 -80 -573 -113 -222 -290 -73 0
141 -241 -156 -259 -23 -384 -397 -183 -583 -31 0
140 -84 -450 -583 -397 0
598 -338 -142 -444 -4 -202 -245 -510 -387 -420 -558 0
562 -141 -346 -450 -583 -397 -392 -184 0
-21 -329 -333 -478 -69 -397 -290 -222 -73 -60 -55 -149 -436 -157 -486 -34 -330 -346 -106 -193 -66 -80 -4 -424 -167 -142 -319 -124 -444 -240 -297 -273 -517 -450 -583 -416 -482 -407 0
-329 -407 -450 -583 -397 -333 -478 -69 -290 -222 -73 -60 -55 -149 -436 -157 -486 -34 -330 -106 -193 -66 -80 -4 -424 -167 -142 -319 -124 -444 -240 -297 -273 -517 -416 -482 -346 0
563 -190 -106 -407 -564 -140 -88 -350 -66 -424 -80 -243 -149 -319 -363 -54 -240 -364 -598 -193 -262 -21 -333 -416 -73 -60 -451 -535 -55 -346 0
351 -190 -106 -407 -564 -140 -88 -350 -66 -424 -80 -243 -149 -319 -363 -54 -240 -364 -598 -193 -262 -21 -333 -416 -73 -60 -451 -535 -55 0
-536 -21 -346 -106 -407 -564 -140 -88 -350 -66 -424 -80 -243 -149 -319 -363 -54 -240 -364 -598 -193 -262 -333 -416 -73 -60 -451 -190 -535 0
-407 -482 -157 -416 -60 -486 -333 -88 -66 -193 -149 -55 -346 -106 -424 -80 -319 -363 -240 -364 -262 -73 -451 -478 -583 -397 -69 -450 -290 -222 -436 -34 -330 -4 -167 -142 -124 -444 -297 -273 -517 -105 -591 0
-332 -21 -66 -397 -583 -149 -536 -78 -174 -106 -564 -350 -80 -363 -364 -346 -193 -69 -530 -88 -333 -290 -222 -73 -60 -573 -252 -416 0
516 -386 -591 -254 -574 -164 0
348 -516 -193 -11 -364 -54 -243 -156 -24 -49 0
155 -338 -444 -215 -34 -84 -510 -335 -386 -164 -471 -516 -33 -54 -183 -243 -207 0
537 -215 -471 -110 -183 -424 -207 -444 -354 -34 -510 -164 -54 -243 -346 -193 -11 -364 -591 -254 -574 -78 -174 -106 -598 -140 -477 -124 -88 -167 -66 -191 -149 0
52 -23 -34 -110 -486 -11 -259 -279 -317 -450 -384 -157 -527 -88 -592 -183 -596 -215 141 -397 -583 -243 0
513 -490 -273 -170 0
-23 -513 -420 -444 -215 -34 -338 -510 -335 -164 -471 -516 -54 -183 -243 -207 -527 -317 -11 -110 -486 -259 -279 -450 -384 -157 -88 -592 -596 141 -397 -583 -24 0
53 -527 -317 -11 -155 -516 -243 0
347 -254 -226 -420 -459 -201 -486 -279 -157 -471 -596 -243 -164 -54 -317 -11 -516 -444 -215 -34 -510 -183 -207 -110 -259 -450 -384 -88 -592 -397 -583 -273 -170 -78 -174 -106 -598 -140 -564 0
242 -335 -471 -102 -34 -110 -486 -11 -259 -279 -317 -450 -384 -157 -23 -88 -592 -183 -596 -215 141 -397 -583 -243 -54 0
349 -471 -102 -11 -54 -34 -110 -486 -279 -450 -384 -157 -88 -592 -183 -596 -397 -583 -193 -364 -78 -174 -106 -564 -346 -226 -420 -164 -444 -510 -207 -273 -170 -105 -591 -167 -191 -536 -424 -354 -477 -124 -66 -149 -114 -69 -330 0
139 -471 -140 -232 -82 -39 -510 -215 -34 -254 -486 -226 -201 -459 -30 -315 -357 -198 -454 -525 -489 -424 -393 -319 -124 -564 -477 0
-21 -11 -102 -34 -486 -450 -157 -88 -596 -397 -583 -193 -364 -78 -174 -106 -39 -510 -357 -198 -489 -424 -319 -124 -564 -346 -420 -164 -444 -207 -273 -170 -591 -167 -536 -66 -149 -105 -330 -69 -363 -80 -350 -416 -530 -482 -222 -478 -252 -60 -333 -290 -73 -573 0
224 -330 -450 -583 -397 -346 -102 -34 -486 -157 -88 -193 -364 -39 -198 -424 -319 -164 -444 -591 -167 -66 -105 -69 -363 -80 -416 -222 -478 -60 -333 -290 -73 -178 -371 -262 -240 -451 -436 -4 -142 -297 -543 -394 0
385 -376 -157 -312 -279 -486 -403 -201 -459 -244 -226 -167 -510 -254 -125 0
52 -286 -371 -4 -142 -34 -444 -39 -510 -157 -312 -486 -167 -125 -478 -60 -333 -193 -364 -363 -80 -198 -105 -330 -424 -69 -346 -319 -600 -564 -141 -66 -583 -88 -397 -154 -546 -243 -164 0
-386 -390 -335 -102 -164 53 -317 -11 -155 -243 -591 -254 -574 0
150 -155 53 -154 -450 563 -600 -330 -69 -114 -80 -486 -34 -279 -157 -436 -346 -262 -510 -102 -164 -317 -11 -371 -243 -591 -254 -574 -135 -557 -408 -301 -535 0
-386 -385 -515 -164 -591 -254 -574 0
-155 -429 -444 -371 53 -154 -450 563 -600 -330 -69 -114 -80 -486 -34 -279 -157 -436 -346 -465 -510 -164 -591 -254 -574 -408 -240 -125 -167 -191 -535 -148 -262 -102 -317 -11 -243 -135 -557 -301 0
139 -286 -371 -226 -4 -142 -34 -591 -444 -510 -164 -11 -193 -49 -364 -54 -243 -24 53 -154 -450 -600 -330 -69 -114 -80 -486 -279 -157 -436 -346 -408 -240 -125 -167 -148 -262 -102 -135 -583 -56 -559 -397 -564 0
22 -600 -346 -450 -583 -397 -141 -330 -69 -80 -564 -371 -4 -142 -34 -591 -444 -510 -164 -193 -364 -243 -24 -486 -157 -436 -408 -240 -125 -167 -148 -262 -102 -135 -56 -178 -478 -333 -60 -222 -573 -105 -39 -312 -363 -198 -424 -319 -66 -88 0
108 -564 -193 -364 -346 -450 -583 -397 -141 -330 -243 -167 -125 -56 -240 -319 -424 -69 -80 -371 -4 -142 -34 -591 -444 -164 -486 -157 -436 -148 -262 -102 -178 -478 -333 -60 -222 -105 -39 -363 -198 -66 -88 -297 0
52 -22 -330 -102 -56 -105 -262 -271 -424 -436 -346 -319 -564 -141 -583 -416 -397 -546 -243 -164 0
562 -20 -333 -80 -478 -346 -450 -583 -397 -141 -69 -330 0
-564 -141 -444 -60 -297 -333 -424 -436 -346 -319 -80 -478 -450 -583 -397 -178 -69 -330 -193 -364 -243 -102 -56 -105 -262 -416 -164 -107 -167 -125 -240 -371 -4 -142 -34 -591 -486 -157 -148 -222 -39 -363 -198 -66 -88 0
564 -330 -164 -69 -178 -54 -371 -543 -518 -297 -240 -436 -346 -319 0
-350 -113 -478 -80 -333 -329 -69 -573 -397 -290 -222 -73 -60 -21 -349 0
-329 -466 -375 -56 -92 -41 -105 -193 -167 -119 -125 -470 -382 -222 -477 -60 -478 -582 -333 -21 -346 -391 -80 -69 -397 -290 -73 -436 -297 -107 -600 -330 0
351 -112 -444 -11 -102 -119 -470 -34 -593 -530 -222 -568 -478 -252 -60 -560 -333 -105 -21 -84 -193 -185 -364 -346 -363 -391 -80 0
20 -557 -363 -364 -301 -193 0
562 -205 -436 -262 -371 -420 -387 -84 -119 -105 -470 -382 -193 -60 -333 -21 -363 -364 -582 -148 -375 -56 -444 -11 -102 -34 -593 -222 -568 -478 -252 -346 -80 -600 -69 -92 -41 -167 -125 -477 -397 -290 -73 -297 -107 -330 0
328 -516 -193 -364 -54 -243 348 -11 -88 -23 -450 -107 -84 -600 -69 0
52 141 -157 -486 -167 -125 -478 -60 -333 -66 -88 -193 -39 -397 -583 -364 -363 -80 -69 -330 -243 -450 -107 -105 -424 -436 -346 -319 -564 -262 -371 -148 -56 -444 -102 -34 -222 -41 -290 -73 -297 -416 -164 0
337 -202 -172 -142 -4 -444 -245 0
339 -510 -463 -245 0
347 -172 -477 -167 -125 -142 -4 -444 -245 -564 -339 -184 0
328 -154 -88 -102 -450 -336 -84 -346 -477 -167 -125 -142 -4 -444 -245 -564 -463 -436 -297 -107 -600 -69 0
348 -254 -107 -436 -297 -591 -262 -574 -164 -515 -444 -11 -317 -582 -102 -336 -84 -185 0
-243 -518 -436 -297 -66 -148 -56 -564 -346 -107 -591 -262 -164 -444 -102 -69 -330 -88 -450 -167 -125 -142 -4 -178 -60 -333 -193 -364 -157 -486 -478 -39 -397 -583 -363 -80 -105 -424 -319 -371 -34 -222 -41 -290 -73 -416 -240 -198 0
-330 -178 -39 -193 -102 -164 -444 -167 -297 -478 -80 -69 -397 -290 -222 -73 -60 -424 -436 -346 -319 -583 -66 -591 -262 -88 -142 -4 -364 -157 -486 -105 -371 -34 -41 -416 -240 -543 -225 -451 -394 0
58 -531 -333 0
-225 -436 -39 -193 -102 -164 -444 -167 -297 -478 -80 -69 -397 -290 -222 -73 -424 -60 -346 -319 -583 -66 -591 -262 -88 -142 -4 -157 -486 -105 -371 -34 -41 -416 -240 -543 -451 -394 -503 0
-332 -330 -333 -80 -478 -346 -88 -583 -397 -20 -69 -66 -563 -150 -319 -240 -436 -222 -193 -262 -60 -416 -73 -451 0
-450 -351 -56 -164 -69 -330 -88 -102 -346 -477 -167 -125 -142 -4 -444 -564 -436 -297 -107 -471 -54 -503 -522 -333 -193 -591 -191 -185 -397 -448 -80 -478 -583 -20 562 0
241 -509 -436 -297 -424 -107 -39 -471 -232 -334 -102 -527 -155 0
163 -10 -515 -444 0
-564 -107 -240 -371 -272 -436 -297 -518 -164 -444 -527 -424 -39 -471 -232 -102 -56 -193 -54 -591 -191 -366 -167 -361 -125 -80 -477 -114 -69 -150 -583 -330 -66 -397 -88 -346 -142 -4 -503 -522 -333 -185 -448 -478 -20 -392 -563 0
-330 -392 -164 -543 -436 -297 -444 -69 -371 -240 -346 -319 -272 -527 -424 -39 -102 -193 -591 -167 -80 -150 -583 -66 -397 -88 -142 -4 -503 -522 -333 -185 -478 -20 -563 -60 -222 -262 -416 -73 -451 0
-531 -333 -60 0
108 -185 -164 -591 -420 -227 -197 -356 -371 -4 -142 -69 -444 -330 -583 -54 -397 -346 -19 -193 -297 -571 -272 -436 0
437 -332 -333 -80 -478 -346 -88 -583 -397 -69 -66 -193 -150 -319 -240 -436 -222 -262 -60 -416 -73 -451 0
-185 -420 -359 -302 -197 -536 -150 -55 -591 -424 -167 -393 -319 -124 -564 -477 -140 -69 -330 -106 -186 -164 -227 -356 -371 -4 -142 -444 -583 -54 -397 -346 -19 -193 -297 -571 -272 -436 0
-332 -564 -80 -69 -397 -290 -222 -73 -60 -150 -591 -424 -167 -319 -193 -164 -371 -4 -142 -444 -583 -346 -297 -272 -436 -333 -478 -88 -66 -240 -262 -416 -451 -543 -483 -522 0
-438 -185 -543 -436 -297 -444 -69 -371 -240 -346 -319 -272 -424 -39 -102 -193 -591 -167 -80 -150 -583 -66 -397 -88 -142 -4 -503 -522 -333 -20 -478 -164 -60 -222 -262 -416 -73 -451 -564 -191 -107 -56 -125 -448 0
347 -185 -543 -436 -297 -444 -69 -371 -240 -346 -319 -272 -424 -39 -102 -193 -591 -167 -80 -150 -583 -66 -397 -88 -142 -4 -503 -522 -333 -20 -478 -164 -60 -222 -262 -416 -73 -451 0
-185 -448 -164 -371 -88 -4 -193 -114 -142 -34 -397 -69 -444 -346 -543 -436 -297 -240 -319 -272 -424 -39 -102 -591 -167 -80 -150 -583 -66 -503 -522 -333 -20 -478 -60 -222 -262 -416 -73 -451 -107 -564 -191 -56 -125 0
-564 -333 -240 -486 -34 -69 -157 -436 -346 -272 -424 -319 -80 -478 -371 -397 -290 -222 -73 -60 -164 -88 -4 -193 -142 -444 -543 -297 -39 -102 -591 -167 -150 -583 -66 -503 -522 -262 -416 -451 -483 0
-333 -436 -543 -297 -444 -69 -371 -240 -346 -319 -272 -424 -39 -102 -193 -591 -167 -80 -150 -583 -66 -397 -88 -142 -4 -503 -522 -478 -164 -60 -222 -262 -416 -73 -451 -486 -34 -157 -290 -483 0
-436 -193 -424 -371 -503 -60 -583 -290 -222 -73 -397 -346 -319 -164 -478 -416 -543 -297 -444 -69 -240 -39 -102 -591 -167 -80 -66 -88 -142 -4 -262 -451 -486 -34 -157 -394 -105 -41 0
-20 -185 -102 -583 -397 -420 -108 -543 -424 -88 -69 -319 -508 -536 -591 -224 -330 -562 -39 -430 331 -73 -60 -482 -346 -193 0
-185 -330 -351 -562 -346 -102 -583 -397 -420 -108 -543 -424 -88 -69 -319 -508 -536 -591 -224 -39 -430 331 -73 -60 -482 -193 0
-333 -224 -543 -596 -519 -157 -164 -34 -444 -486 -80 -290 -222 -73 -193 -338 -351 -69 -346 -562 -102 -583 -397 -420 -108 -424 -88 -319 -508 -536 -591 -39 -430 -60 -482 -332 0
-193 -164 -478 -157 -543 -34 -444 -486 -80 -290 -222 -73 -69 -346 -102 -583 -397 -424 -88 -319 -591 -39 -430 -60 -262 -394 -416 -451 -297 -371 -503 -240 -167 -66 -142 -4 -105 -41 0
438 -599 -174 -78 -303 -536 -543 -394 -80 -349 -84 -520 -113 -392 -141 -333 -478 -346 -330 -583 -397 -20 -69 -290 59 -222 -73 -563 0
598 -527 -102 -154 -474 -88 -362 -84 -583 -397 -557 -141 0
-20 -420 -102 -88 -583 -397 -24 -536 -543 -66 -394 -297 -437 -174 -78 -80 -478 -346 -69 -290 -222 -73 -563 -177 -39 -60 -482 -332 -19 0
-522 -164 -54 -591 -574 -254 -420 -444 -227 -339 -357 -297 -315 -273 -482 -394 -520 -543 0
271 -164 -54 -591 -574 -254 -510 -33 -420 -248 -215 -109 -34 -260 -444 -78 -339 -133 -297 -107 0
-164 -371 -34 -66 -486 -444 -297 -591 -503 -394 -543 -69 -397 -290 -80 -222 -73 -60 -478 -583 -346 -102 -39 -88 -240 -262 -319 -424 -416 -451 -105 -157 -430 -167 -142 -4 -41 0
-333 -193 -591 -397 -576 -69 -386 -80 -543 -167 -478 -20 -583 -364 -503 -179 -60 0
333 -20 -543 -416 0
-20 -371 -88 -583 -397 -543 -66 -394 -297 -80 -478 -346 -69 -290 -222 -73 -39 -60 -240 -262 -319 -424 -102 -416 -451 -105 -179 -591 -576 -386 -167 -364 -503 0
-333 -332 -424 -240 -105 -80 -478 -346 -88 -583 -397 -69 -66 -319 -436 -222 -262 -60 -416 -73 -451 -271 -394 -543 -503 -179 0
-371 -543 -80 -69 -394 -478 -424 -240 -105 -346 -88 -583 -397 -66 -319 -222 -262 -60 -416 -73 -451 -503 -297 -290 -39 -102 -591 -167 -444 -34 -486 -157 -430 -142 -4 -41 0
-332 -193 -583 -397 -102 -20 -543 -424 -88 -69 -319 -224 -591 -39 -430 -73 -60 -346 -272 -333 -80 -478 -66 -240 -150 -222 -262 -416 -451 -406 0
-273 -350 -375 -56 -537 -406 -272 -436 -297 0
562 -564 -191 -56 -69 -330 -88 -102 -346 -477 -167 -164 -142 -4 -444 -397 -436 -297 -107 -471 -54 -503 -522 -333 -193 -591 -125 -448 -80 -478 -583 -20 -543 -375 -537 -406 -272 -393 0
348 -202 -142 -4 -444 -39 -69 -232 -330 -297 -107 -175 -375 -56 -537 -406 -272 -436 -424 -319 -191 -88 -102 -346 -477 -167 -164 -397 -471 -54 -503 -522 -333 -193 -591 -125 -448 -80 -478 -583 -20 -543 0
-273 -317 -444 53 -527 -516 -173 -206 -88 -69 -559 -262 -191 -56 -330 -102 -346 -477 -167 -142 -4 -185 -436 -297 -107 -471 -54 -503 -522 -333 -193 -591 -125 -397 -448 -80 -478 -583 -20 -563 -406 -375 -537 -272 0
-193 -20 -88 -102 -346 -167 -142 -4 -444 -297 -503 -522 -333 -591 -397 -80 -478 -583 -69 -543 -173 -206 -262 -406 -272 -39 -424 -319 -10 -366 -105 -124 -71 -60 -222 -430 -73 -66 -240 -416 -451 0
-20 -333 -88 -583 -397 -543 -66 -394 -297 -80 -478 -346 -69 -290 -222 -73 -39 -60 -406 -206 -262 -102 -424 -416 -451 -366 -105 -167 -142 -4 -444 -503 -522 -591 -173 -319 -10 -124 -71 -430 -240 0
-332 -290 -573 -401 -193 -73 -20 -60 -333 0
-185 -164 -273 -88 -69 -559 -330 -102 -346 -167 -142 -436 -297 -522 -333 -193 -591 -397 -80 -478 -583 -20 -563 -272 -444 -424 -73 -60 -430 -543 -113 -349 -184 0
348 -391 -80 -478 -349 -333 -113 -20 0
-332 -290 -105 -20 -573 -401 -193 -60 -333 0
-563 -113 -430 -80 -60 -273 -88 -69 -559 -330 -102 -346 -167 -142 -436 -297 -522 -333 -193 -591 -397 -478 -583 -20 -272 -444 -424 -543 -349 -184 0
328 -424 -88 -397 -583 -80 -543 -522 -478 -60 -444 -333 -20 -102 -346 -319 -273 -69 -330 -167 -436 -297 -193 -591 -272 0
349 -375 -169 -56 0
-424 -319 -346 -193 -88 -436 -397 -69 -543 -297 -444 -272 -102 -591 -167 -80 -583 -522 -333 -20 -478 -60 -330 -273 0
294 -522 -333 -20 -397 -583 -88 0
-430 -73 -80 -193 -346 -88 -583 -397 -478 -69 -332 -20 -150 -436 -60 -333 -522 -444 0
430 -365 -362 -503 -80 0
73 -401 -297 -559 -290 -104 0
-60 -332 -397 -20 -193 -543 -102 -88 -69 -583 -591 -346 -272 -333 -80 -478 -522 -297 0
432 -365 -362 -503 -80 0
328 73 -297 -290 -104 -69 0
-273 -250 -415 -451 -587 -240 -402 -297 -272 -436 0
-332 -522 -297 -272 -591 -80 -397 -20 -193 -543 -102 -88 -583 -346 -333 -478 -69 0
-273 -432 -346 -193 -88 -60 -397 -69 -543 -297 -436 -272 -102 -591 -80 -583 -522 -333 -20 -478 -444 0
371 -4 -88 -346 -193 -102 -444 -297 -522 -333 -591 -397 -80 -478 -583 -69 -543 -20 -503 -262 -272 -424 -319 -60 -222 -73 -66 -240 -451 0
-290 -262 -69 -543 -478 -105 -424 -80 -346 -88 -583 -397 -371 -66 -222 -240 -60 -416 -73 -451 -503 -297 -319 -39 -102 -591 -167 -444 -486 -157 -4 -41 -291 0
290 -351 -330 -20 -80 -478 -346 -333 -583 -397 -69 -448 -563 0
-222 -319 -543 -478 -290 -424 -80 -346 -88 -583 -397 -60 -73 -503 -297 -69 -102 -591 -444 -193 -522 -333 -20 -272 -400 0
-319 -424 -337 -509 -88 -583 -20 -80 -397 -351 -102 -69 -444 -400 -543 -478 -290 -133 -346 -60 -73 -503 -297 -591 -193 -522 -333 -272 0
293 -448 -397 -583 -88 0
-290 -503 -583 -20 -80 -397 -102 -69 -444 -543 -478 -346 -60 -88 -297 -591 -193 -522 -333 -272 0
-436 290 -80 -478 -346 -333 -583 -397 -69 -20 -543 -193 -88 -60 -297 -432 -272 -102 -591 -522 -444 0
-503 -444 -60 -478 -297 -80 -346 -333 -583 -397 -69 -20 -543 -193 -88 -272 -102 -591 -522 0
415 -262 -471 -354 -243 -338 -244 -85 -156 -203 -173 -135 -370 -557 -240 -162 -408 -356 -54 -314 -251 0
347 -564 -393 0
36 -485 -215 0
-273 -436 -346 -297 -393 -272 -337 0
273 351 -543 0
-444 -60 -297 -272 -543 -69 -80 -346 -478 -333 -583 -397 -20 -193 -88 -102 -591 -522 0
401 -436 -80 -478 -346 -333 -583 -397 -330 -69 -448 -20 -339 -272 -297 0
-436 -165 -518 -272 -80 -73 -36 -330 -114 -297 -291 -69 -402 -478 -346 -333 -583 -397 -448 -20 -339 0
-60 -522 -80 -397 -69 -297 -272 -478 -346 -333 -583 -20 -543 -193 -102 -591 -88 0
442 -104 -193 -328 -573 -349 -222 -346 -297 -436 -272 -273 -96 0
264 -30 -454 -314 -487 -416 -372 -251 -206 0
-330 -485 -443 -215 -140 -463 -416 -251 -372 -135 -102 -564 -20 -80 -478 -346 -333 -583 -397 -69 -88 -483 -448 -349 -530 60 0
289 -24 -483 -20 -346 -416 -573 -424 -193 -88 -583 -448 -375 -397 -349 -251 -135 -102 -80 -478 -333 -69 -530 60 -297 -436 -272 -273 -600 -114 -502 -430 0
-273 -436 -102 -20 -80 -478 -346 -333 -583 -397 -69 -543 -522 -591 -88 -297 -193 -272 0
-330 -351 -80 -75 -430 -291 -20 -478 -346 -333 -583 -397 -69 -448 -563 -328 0
-436 -522 -80 -297 -397 -20 -478 -333 -583 -69 -543 -102 -346 -591 -88 -193 -272 0
-330 -351 -346 -80 -75 -430 -291 -20 -478 -333 -583 -397 -69 -448 -328 0
-522 -272 -346 -80 -20 -478 -333 -583 -69 -193 -543 -297 -397 -102 -591 -88 0
-448 -73 -351 -20 -80 -478 -333 -583 -397 -69 -330 -543 -88 -66 -222 -240 -346 -297 -102 -591 -588 -504 -328 -450 0
-430 -290 -543 -478 -69 -80 -346 -88 -583 -397 -66 -222 -240 -416 -73 -297 -102 -591 -291 -401 -333 -588 -504 -432 0
542 -517 349 -169 0
89 -201 -226 -254 -574 -54 -486 -102 -11 -335 -243 -591 -193 -420 -364 -157 -471 -110 -384 -88 -279 -183 -450 -397 -583 -592 349 -78 -174 -564 -346 -106 -444 -510 -207 -273 -105 -167 -191 -424 -354 -477 -124 -66 -149 -114 -69 -330 -408 -512 -490 0
516 -164 -591 -124 -574 -254 -167 0
-73 -149 -193 -102 -591 -420 -88 -183 -450 -397 -583 -592 -564 -346 -106 -510 -273 -424 -124 -69 -330 -408 -490 -142 -20 -80 -478 -333 -338 -543 -430 -297 -401 -504 -351 -328 0
-273 -328 -591 -193 -20 -80 -478 -346 -333 -583 -397 -330 -69 -351 -102 -88 -543 -297 -436 -272 0
-222 -448 -20 -80 -478 -333 -583 -397 -69 -330 -543 -88 -73 -351 -346 -297 -102 -591 -240 -504 -328 -450 -220 0
-448 -471 -80 -478 -346 -333 -583 -397 -330 -69 -20 -371 -543 -178 -297 -436 -11 -102 -272 -94 -88 -73 -351 -591 -328 -364 -193 0
-222 -430 -478 -69 -80 -346 -88 -583 -397 -73 -290 -416 -543 -297 -102 -591 -291 -333 -504 -432 -400 -220 0
141 -244 -364 -243 -193 -191 -471 -53 -148 -509 -55 -39 -543 -232 -108 -334 -598 -82 0
564 -391 -346 0
-222 -248 -215 -509 -337 -65 -346 -400 -478 -69 -80 -88 -583 -397 -73 -430 -416 -543 -297 -102 -591 -291 -333 -504 -432 -220 0
-328 -351 -543 -102 -346 -478 -69 -80 -88 -583 -397 -297 -591 -333 -330 -20 -436 -272 -193 0
-290 -291 -69 -80 -346 -88 -583 -397 -73 -222 -430 -543 -297 -102 -591 -478 -333 -504 -416 -432 -220 0
139 -262 -528 -102 -510 -156 -188 -371 -416 -444 -142 337 -4 -251 -66 -481 -167 -169 -225 -56 -543 -106 -599 -477 -83 0
-149 -150 -167 -408 -543 -444 -142 337 -4 -172 -225 -66 -56 -240 0
542 -84 -164 -517 -193 328 -450 -54 -243 -364 -88 -11 348 -23 -374 -600 -69 0
586 -167 -408 -543 -444 -142 337 -225 -66 -56 -240 -517 -193 328 -450 -54 -243 -364 -88 -11 348 -23 -374 -69 -140 -102 -510 -156 -371 -416 -251 -481 -169 -106 -477 -83 0
-448 -430 -193 -102 -88 -69 -346 -297 -436 -272 -351 -20 -80 -478 -333 -583 -397 -330 -73 -222 -543 -591 0
347 -291 -225 -583 -397 -529 -416 -20 -430 -73 -333 -478 -113 -591 -80 -69 -346 -88 -401 -66 -297 -102 -543 -222 -504 -450 -184 0
-291 -66 -444 -543 -56 -193 328 -88 -374 -69 -102 -416 -397 -80 -346 -583 -73 -222 -430 -297 -591 -478 -333 -436 -272 -82 -20 0
291 -401 -20 -80 -478 -346 -333 -583 -397 -330 -69 -450 -297 -436 0
-66 -430 -20 -222 -346 -583 -397 -291 -416 -73 -478 -591 -80 -69 -88 -333 -297 -102 -543 -56 -193 328 -374 -436 -272 -82 0
-430 -416 -583 -333 -80 -478 -20 -436 -397 -346 -73 -297 -222 -102 -88 -272 -591 -69 -543 -193 -351 -330 0
124 -562 -73 -34 -444 347 -591 -272 -297 -599 -214 -583 -248 -292 -456 -374 -396 -487 -519 -225 -370 -543 -240 0
Solved
