375 -502 -205 -91 -1 -232 -190 0
-502 -91 -205 -1 -232 -190 -373 0
2 -550 -403 -259 -253 -274 -292 -154 -232 -370 -181 -151 -91 0
-91 -181 -403 -253 -274 -292 -154 -232 -259 -1 -205 -190 -373 0
453 -220 -334 0
99 -453 -481 0
-220 -334 -481 -97 0
212 -102 -419 -70 -524 -569 -448 -364 0
319 -580 -255 -83 0
-502 -503 -230 -419 -70 -448 -364 -211 -320 -255 -298 -190 -296 -267 -441 -91 -1 -232 -205 0
192 -271 -400 -559 -73 0
502 -190 -400 -559 -383 -403 -350 -448 -274 -372 0
191 -190 -559 -350 -448 -419 -70 -364 -211 -298 -320 -255 -296 -230 -400 -267 -441 -91 -1 -232 -502 -375 0
-271 -571 -394 -441 -171 -400 -403 -559 -383 192 0
351 -448 -211 0
451 -97 0
350 -448 -211 0
206 -417 -428 -91 -553 -1 0
68 -462 -345 0
320 -382 -552 -274 -67 -345 -97 -232 -390 -203 -573 -207 -428 -91 -553 -1 -148 -171 -40 0
403 -535 -177 -57 -219 -229 -305 -50 -451 -430 -67 -18 -345 -200 -60 -274 -436 -552 -414 -260 0
551 -60 -4 -97 -18 -593 -200 -403 -274 0
246 -508 -97 0
439 -395 -97 -257 0
402 -553 -4 -18 -274 -177 -67 -345 -552 -207 -153 -1 -91 -390 -232 -203 -83 -374 -154 -321 -428 -97 -148 -40 -74 0
-255 319 -232 -374 -83 0
98 -246 -569 -589 -552 -153 -274 -553 -1 -91 -390 -232 -203 -83 -321 -18 -532 -451 -105 -374 -4 0
276 -580 -246 -510 -571 -210 -18 -390 -51 -215 0
375 -265 -411 -238 -392 -484 0
394 -33 -83 -580 -495 -258 0
186 -54 -162 -28 -265 -431 -238 -167 -231 -338 -236 -95 0
230 -25 -507 -305 -269 -431 -55 -28 0
245 -238 -231 -507 -305 -269 -18 -210 -571 -83 -580 -392 -374 -411 -484 -194 -440 -569 -510 -483 -366 0
229 -324 -266 -70 -374 -553 -580 -238 -428 -309 -162 0
441 -210 -571 -394 -261 -238 -266 -231 -70 -374 -553 -580 -428 -309 0
-255 -483 -374 -553 -428 -571 -366 -246 -18 -83 -411 -484 -569 -510 -589 -552 -274 -390 -67 -207 -221 -203 -345 -91 -1 -148 -451 -169 -40 -321 -232 0
396 -439 -411 -50 -67 -593 -345 -291 -374 -59 -274 -154 -148 -169 -208 -571 0
581 -593 -291 -374 -59 -154 -589 -169 -11 -274 -208 -353 -483 -246 -411 -50 -67 -345 -148 -571 -97 0
-246 -571 -274 -18 -169 -154 -374 -83 -291 -589 -411 -67 -345 -148 -97 -553 -91 -390 -232 -203 -428 -366 -484 -569 -552 -207 -221 -1 -40 -321 -4 -153 -532 -105 0
560 -232 -274 -1 -91 -390 -153 -203 -83 -374 -321 -18 -97 -154 -291 -67 -345 -148 -428 -366 -484 -569 -552 -207 -40 -4 -105 -74 -177 -492 0
-580 -590 -1 -207 -443 -170 -554 -210 -428 -309 -291 -323 -552 -274 -571 -18 -390 -97 -366 -105 -67 -245 -220 -203 -345 -148 -40 -321 -374 -257 -232 -83 -581 0
-571 -245 -97 -220 -323 -428 -203 -554 -91 -153 -232 -154 -1 -190 -502 -374 -257 -83 -207 -443 -291 -552 -274 -18 -390 -366 -105 -67 -345 -148 -40 -321 -581 -400 -572 0
395 -232 -321 -203 -374 -83 -91 -1 -190 -502 -97 -220 -428 -554 -153 -154 -207 -291 -552 -274 -18 -390 -366 -105 -67 -345 -148 -40 -400 0
210 -580 -232 -374 -83 -321 -97 -395 -274 -67 -345 -148 -40 -428 -4 -18 -177 -552 -207 -153 -1 -91 -390 -203 -154 -74 -400 -571 0
209 -441 -395 -571 -97 0
-441 -210 -345 -148 -390 -40 -321 -274 -232 -374 -83 -203 -18 -67 -395 -571 -97 0
208 -162 -324 -258 -395 -571 -400 -321 -232 -374 -83 -451 -203 -18 0
-580 -571 -83 -366 -148 -40 -321 -374 -232 -395 -569 -400 -203 -18 -345 -390 -274 -67 -97 -428 -4 -177 -552 -207 -153 -1 -91 -154 -74 0
-571 -232 -40 -381 -321 -4 -18 -274 -177 -67 -345 -552 -207 -153 -1 -91 -390 -148 -203 -83 -374 -154 -428 -97 -74 -400 -395 -366 -569 0
-232 -91 -345 -428 -67 -1 -148 -40 -321 -374 -83 -190 -502 -207 -381 -4 -18 -274 -177 -552 -153 -390 -203 -154 -97 -74 -366 -569 -291 -105 -492 -561 -484 0
-441 -50 -67 -345 -148 -40 -321 -170 -274 -208 -439 -571 -395 -97 0
581 -395 -571 -67 -345 -148 -40 -321 -170 -274 -97 -390 -203 -253 0
-395 -571 -428 -170 -321 -40 -291 -148 -27 -44 -381 -207 -267 -115 -83 -582 -67 -345 -274 -97 -390 -203 -253 0
320 -481 -24 -390 -393 -67 -33 -203 -345 -148 -451 -253 -40 0
442 -543 -180 0
-543 -140 -592 -109 -59 -345 -524 -479 -67 -488 -180 -188 -443 0
344 -182 -561 -494 -492 -569 -555 -102 -70 -218 -462 0
209 -24 -484 -97 -592 -4 -59 -345 -561 -494 -492 -569 -33 -393 -40 -443 -148 -109 -524 -479 -67 -180 -188 -294 -321 -390 -203 -253 -267 -366 -245 -323 -441 0
-571 -592 -18 -484 -97 -4 -59 -345 -561 -492 -569 -393 -40 -148 -109 -524 -67 -321 -390 -203 -253 -267 -366 -83 -582 -428 -170 -291 -27 -44 -381 -207 -115 -274 0
210 -441 -83 -582 -97 -395 -115 -569 -274 -495 -393 -67 -345 -428 -91 206 -1 -148 -292 -40 -390 -321 -203 -170 0
-441 -246 -366 -578 -44 -67 -444 -345 -381 -357 -115 -83 -582 -324 -97 -395 -208 -569 -274 -495 -393 -428 -91 206 -1 -148 -292 -40 -390 -321 -203 -170 0
355 -178 -215 -148 -50 -189 -67 -444 -345 -381 -218 0
256 -444 -91 206 -1 -40 -321 -428 -83 -381 -115 -357 -215 -148 -67 -345 -218 -390 -203 -307 -253 -582 0
-395 -352 -97 -366 -390 -148 -67 -345 -381 -115 -83 -582 -91 206 -1 -40 -321 -428 -203 -307 -253 -274 -208 -578 -44 -569 -393 -292 -170 -394 0
-543 -187 -102 -494 -57 -33 -230 -307 -180 -569 -443 0
56 -193 -569 -102 0
439 -554 -428 -569 -292 -183 -561 -400 -170 -321 -24 -390 -393 -67 -33 -203 -345 -148 -253 -40 -245 -97 -323 0
-91 -390 -67 -203 -345 -148 -40 -321 -428 -569 -561 -97 -83 -366 -381 -1 -274 -207 -18 -484 -4 -492 -109 -524 -291 -153 -154 -374 -190 -502 -177 -552 -74 -105 0
244 -483 -509 -97 0
319 -509 -291 -374 -154 -274 -67 -345 -148 -97 -484 -74 -4 -177 -18 -552 -207 -153 -1 -201 -390 -209 -580 -232 -203 -83 0
440 -580 -203 -390 -67 -345 -148 -40 -321 -291 -374 -154 -274 -97 -484 -74 -4 -177 -552 -207 -153 -1 -18 -232 -83 0
582 -441 -345 -148 -390 -40 -321 -274 -232 -374 -83 -18 -67 -395 -203 -97 0
-210 -441 -67 -345 -381 -274 -390 -203 -153 -232 -154 -374 -83 -97 -395 -148 -18 -40 -321 0
-580 -441 -395 -97 -203 -390 -67 -345 -148 -40 -321 -291 -374 -154 -274 -484 -74 -4 -177 -552 -207 -153 -1 -18 -232 -83 0
-441 -395 -207 -321 -428 -1 -40 -291 -148 -381 -83 -67 -345 -274 -97 -390 -203 -153 -232 -154 -374 -484 -74 -4 -177 -552 -18 0
-571 -231 -553 441 -374 -580 -428 -489 -483 -366 -336 -18 -83 -392 -484 -194 -569 -222 -561 -74 -170 -417 -395 -321 -232 -203 -207 -67 -345 -148 -40 581 -274 -97 -390 0
320 581 -366 -74 -561 -492 -553 -428 -1 -207 441 -374 -580 -18 -83 -484 -395 -321 -232 -203 -67 -345 -148 -40 -569 -274 -97 -390 0
581 -580 -67 -345 -381 -153 -154 -395 -40 -321 -274 -97 -390 -203 -83 -232 -374 -366 -74 -561 -492 -553 -428 -1 -207 441 -148 -18 -484 -569 0
-580 -395 -83 -366 -148 -40 -321 -569 -374 -232 -67 -345 -381 -153 -154 -274 -97 -390 -203 -74 -561 -492 -553 -428 -1 -207 441 -18 -484 0
-395 -390 -67 -345 -381 -148 -203 -428 -321 -40 -291 -207 -83 -274 -97 -153 -232 -154 -374 -366 -569 -74 -561 -492 -553 -1 -18 -484 -4 -177 -552 0
-580 -561 -1 -207 -572 -492 -553 -428 -374 -245 -203 -323 -40 -321 -257 -232 -83 -581 -390 -67 -345 -148 -291 -154 -274 -97 -484 -74 -4 -177 -552 -153 -18 0
229 -70 -557 -553 -446 -428 -56 0
209 -59 -345 -67 -4 -97 -553 -446 -428 -569 -321 -24 -390 -393 -33 -203 -148 -253 -40 -245 -323 -441 0
-190 -502 -345 -148 -321 -4 -97 -154 -1 -291 -484 -18 -381 -366 -109 -524 -67 -371 -271 -192 0
581 -441 -345 -148 -390 -40 -321 -274 -83 -203 -18 -67 -210 -97 -255 0
-395 -44 -366 -568 -193 -97 -27 -578 -291 -261 -441 -210 -256 -394 0
208 -245 -97 -441 -18 0
-553 -496 -238 -484 -434 -409 -24 -298 -592 -59 -352 -345 -462 -1 -91 -390 -555 -67 -4 -97 209 -428 -569 -321 -393 -33 -203 -148 -253 -40 -245 -323 -441 0
-453 -591 -496 -428 -569 -24 -292 -554 -170 -321 439 -390 -393 -67 -33 -203 -345 -148 -253 -40 -245 -97 -323 -238 -247 -438 -59 -4 -336 0
573 -428 -409 -402 -484 -238 -434 -24 -73 -569 -292 -170 -321 -390 -393 -67 -33 -203 -345 -148 -253 -40 -245 -97 -323 -247 -438 -59 -4 -592 -352 -1 -91 -555 209 -441 -488 -443 -291 -109 -524 -180 -140 -158 -27 -307 -305 0
-428 -542 -443 -434 -502 -238 -484 -274 -409 -73 -158 -402 -572 -24 -569 -292 -170 -321 -390 -393 -67 -33 -203 -345 -148 -253 -40 -245 -97 -323 -247 -59 -4 -592 -352 -1 -91 209 -441 -488 -291 -109 -524 -180 -140 -27 -307 -430 -56 -427 0
555 -297 -592 -390 -59 -345 -557 -67 -307 -488 -109 -524 -180 -140 -443 -56 -1 -102 -542 -91 -70 0
-374 -307 -73 -484 -303 -40 -148 -390 -345 -67 -291 -109 -524 -1 -502 -274 -321 -33 -203 -253 -97 -4 -441 -427 -568 -366 -18 -210 -256 -394 -154 -255 -83 -373 0
-441 -274 -18 -210 -154 -73 -484 -303 -40 -148 -390 -345 -67 -291 -109 -524 -1 -502 -97 -321 -33 -203 -4 -427 -568 -366 -255 -83 -373 -582 0
-569 -57 -324 -231 -162 -193 -568 0
254 -217 -162 -231 -117 -28 -483 -246 -366 -324 -568 -571 -258 -582 -321 0
24 -444 -381 -357 -498 -117 -434 -28 0
208 -324 -291 -484 -303 -162 -510 -366 -167 -381 -117 -33 -67 -590 -345 -148 -258 -321 -83 -451 -203 -18 -373 -40 -582 -255 -568 0
254 -245 -590 -430 -291 -29 -324 -162 -97 -568 -510 -366 -572 -15 -373 -154 -258 -170 -582 -321 0
-245 -162 -29 -373 -258 -582 -321 -255 -590 -430 -291 -324 -97 -568 -510 -366 -572 -15 -154 -170 0
453 -509 -97 -245 0
246 -275 -17 -390 -209 -203 -230 -580 319 -161 -569 -323 -257 -395 -97 0
-257 -580 -203 -395 -97 -245 -390 -569 -321 -441 0
-580 -395 -245 -97 -441 -203 -390 -569 -321 0
-154 -190 -148 -321 -345 -97 -4 -1 -484 -502 -18 -366 -109 -524 -67 -371 -271 -192 -146 -600 -156 0
320 -208 -148 -321 -345 -97 -67 -253 -390 -203 -481 -40 -373 -245 -82 0
216 -33 -393 -433 -148 0
84 -551 -444 -193 -55 -371 -495 -101 -569 -350 -364 -148 -211 -40 -345 -67 -50 -215 -433 -155 -373 -190 0
210 -350 -148 -211 -40 -82 -444 -193 -55 -495 -101 -569 -364 -345 -67 -433 -373 -274 -390 -203 -169 -17 0
155 -488 -67 -345 -33 -70 -441 -193 -27 -97 -395 -366 -261 -210 -256 -394 -146 -600 0
45 -538 -307 -558 -187 -13 -444 -577 -179 0
44 -159 -590 -577 -13 -27 0
-366 -44 -67 -307 -156 -345 -33 -70 -441 -193 -27 -97 -395 -261 -210 -256 -394 -350 -211 -364 0
366 -33 -148 -596 -5 -350 -373 -59 -495 -192 -345 -569 -211 0
84 -590 -67 -307 -156 -345 -70 -441 -193 -97 -395 -261 -210 -256 -394 -350 -211 -364 -432 -17 -148 -596 -5 -373 -59 -569 0
190 -497 -403 -239 -412 -101 -253 -569 -203 -74 0
-366 -191 -203 -390 -239 -253 -569 -74 -433 -67 -307 -156 -345 -70 -441 -193 -97 -395 -261 -210 -256 -394 -350 -211 -364 -590 -432 -17 0
-453 -373 -569 -203 -390 -253 -67 -307 -345 -70 -441 -193 -97 -395 -256 -394 -211 -364 -82 -148 -169 -40 -481 0
-180 -543 -444 -179 0
43 -27 -158 -304 0
-44 -43 -148 -67 -307 -156 -345 -33 -70 -441 -193 -366 -97 -395 -261 -210 -256 -394 -27 -211 -364 0
-27 -158 -238 -6 -307 -597 -67 -430 -590 -156 -148 -345 -70 -441 -193 -366 -97 -395 -261 -210 -256 -394 -211 -364 -33 0
27 -33 -179 -590 -444 -488 -13 -307 -67 -577 -231 -23 -600 -29 -156 -430 -373 -304 0
-33 -156 -6 -597 -569 -238 -211 -193 -148 -67 -307 -345 -70 -441 -366 -97 -395 -261 -210 -256 -394 -364 -430 -590 -373 0
43 -27 -569 -373 -193 -191 -304 0
44 -218 -70 -40 -558 -148 -543 -444 -189 -488 -67 -13 -600 -577 -156 0
-210 -366 -569 -193 -70 -40 -148 -67 -82 -6 -597 -238 -211 -307 -345 -441 -373 -97 -395 -256 -394 -364 -169 -18 0
-448 -462 -478 -219 -307 -357 -231 -238 -30 -436 -82 -58 -190 -6 -272 -597 -351 -450 -211 0
154 -219 -40 -148 -351 -274 -307 -357 -231 -238 -30 -82 -190 -6 -272 -597 -450 -211 -260 -558 -13 -444 -179 -488 -50 -67 -600 0
-366 -373 -569 -193 -227 -345 -425 -6 -40 -597 -238 -70 -148 -211 -351 -307 -82 -67 -390 -203 -169 -441 -97 -395 -256 -394 -364 -18 0
155 -260 -437 -169 -58 0
154 -44 -307 -558 -13 -444 -179 -67 -599 -489 0
156 -271 -390 -203 -190 -208 -373 -169 0
-395 -441 -40 -345 -67 -390 -203 -569 -148 -97 -245 -253 -321 0
180 -307 -581 -257 -187 0
229 -552 -274 -572 -402 -159 -193 -430 -56 -29 0
231 -437 -102 -238 -56 -29 0
45 -298 -496 -409 -59 -192 -193 -502 -274 -56 -29 -572 -402 -430 -230 -102 -238 -261 -578 0
231 -218 -63 -462 -557 -345 -70 -508 -102 -97 -481 -56 0
-190 -1 -321 -345 -97 -154 -148 -502 -18 -366 -109 -524 -67 -371 -271 -192 -146 -156 -596 -508 -63 -557 -70 -298 -592 -494 -218 -462 -569 -182 -102 -555 0
595 -274 -441 -210 -18 -154 -73 -40 -148 -390 -345 -67 -291 -109 -524 -1 -502 -97 -321 -33 -203 -303 -427 -568 -366 -255 -83 -373 -582 0
487 -210 -409 -97 -441 -557 -154 -40 -148 -390 -345 -67 -321 -33 -203 -366 -83 -582 -156 -63 -462 -569 -555 -230 -253 -24 -193 -245 -372 -350 -141 -479 0
-210 -193 -230 -24 -441 -97 -569 -245 -366 -489 -409 -154 -40 -148 -390 -345 -67 -321 -33 -203 -83 -582 -156 -63 -462 -555 -253 -557 -372 -350 -141 -479 0
210 -373 -148 -321 -345 -97 -67 -253 -390 -203 -40 -245 -82 -170 0
320 -24 -451 -253 -390 -245 -67 -33 -203 -345 -148 -393 -40 0
-102 -55 -449 -272 -145 -390 -379 -356 -557 -218 -70 -350 -100 -193 -569 0
-55 -210 -572 -441 -292 -323 -449 -272 -145 -390 -379 -356 -557 -218 -70 -350 -100 -193 -569 0
258 -154 -63 -462 -557 -345 -97 -230 -441 -390 -379 -350 -569 -245 -489 -555 -40 -148 -67 -321 -33 -203 -156 -253 -372 -141 -479 -392 0
-154 -156 -321 -253 -441 -63 -462 -557 -345 -97 -230 -390 -379 -350 -569 -245 -489 -555 -40 -148 -67 -33 -203 -372 -141 -479 -392 0
229 -190 -203 -390 -159 -572 -193 -56 -372 -441 -169 -210 -350 -97 -245 -212 -321 0
231 -102 -462 -557 -345 -70 -63 -97 -56 -210 -245 -441 -212 -321 0
-102 -70 -489 -58 -245 -97 -323 -159 -572 -193 -260 -441 -169 -210 -212 -321 -569 -203 -390 -372 -350 -230 -462 -557 -345 -479 -63 0
322 -210 -321 -97 -245 -441 -212 -169 -260 0
246 -210 -245 -441 -212 -97 -321 0
-210 -373 -321 -345 -97 -67 -253 -390 -203 -40 -148 -245 -441 -489 -58 -159 -260 -169 -212 -569 -372 -350 -230 -462 -557 -479 -63 0
154 -33 -148 -372 -215 -350 -390 -321 -203 -345 -97 -67 -253 -40 -245 -441 -489 -569 -230 -462 -557 -479 -63 -44 0
100 -161 -230 -323 -56 0
102 -161 -230 -323 -56 0
319 -210 -494 -230 -569 -557 -245 -323 -356 -462 -345 -572 -441 -97 -33 -171 0
-210 -171 -321 -345 -97 -67 -253 -390 -203 -40 -245 -441 -148 -230 -569 -557 -462 -33 0
320 -208 -321 -345 -97 -67 -253 -390 -203 -40 -148 -245 -581 0
-271 -82 -190 -581 -272 -390 -203 156 -208 -169 0
-307 442 -569 -441 -345 -203 -321 -97 -67 -253 -40 -148 -245 -390 0
442 -441 -40 -148 -97 -245 -569 -345 -203 -390 -321 -253 -67 0
-462 -117 -82 -569 -494 -102 -356 -70 -218 -40 -148 -543 -180 -189 -488 -67 -345 0
-372 -428 -91 -543 -180 -205 -44 -503 -203 -390 -56 -572 229 -193 -190 -441 -169 -210 -350 -97 -245 -212 -321 -371 0
-190 -422 -307 -180 -543 -140 -189 -299 -182 -291 -27 -402 -572 -413 -305 -404 -274 -91 -44 -203 -390 -56 229 -193 -441 -169 -210 -350 -97 -245 -212 -321 -371 -416 -271 -192 0
72 -109 -44 -572 -27 -416 -307 -291 -543 -180 -59 -345 -402 -524 -67 -488 -140 -443 -33 -494 -569 -189 -182 -305 -274 -203 -390 -56 229 -193 -441 -169 -210 -350 -97 -245 -212 -321 -371 -271 -192 -594 -234 -253 -557 0
-350 -33 -277 -180 -390 -59 -345 -297 -67 -307 -488 -557 -140 -443 -102 -70 -572 -374 319 -203 -192 -189 -543 -48 -152 -494 -569 -420 -44 -27 -416 -291 -402 -305 -274 229 -441 -210 -97 -245 -212 -321 -371 -594 -234 -253 0
542 -63 -189 -557 -180 -307 0
-428 -354 -374 319 -83 -121 -203 -333 -390 -416 -553 -70 -56 229 -557 0
-33 -535 -594 -374 319 -203 -192 -390 -416 229 -557 -189 -180 -543 -307 -24 -226 244 -97 -371 -277 -59 -345 -297 -67 -443 -102 -572 -48 -152 -494 -569 -420 -44 -27 -291 -402 -305 -274 -441 -210 -245 -212 -321 -234 -253 0
178 -352 -73 -390 -402 -97 -245 -572 -404 -557 -226 -307 -274 229 -193 -430 -56 -29 -189 -180 -543 -44 0
229 -430 -402 -274 -29 -291 -390 -97 -245 -557 -307 -253 -203 319 -24 244 -345 -67 -102 -569 -441 -210 -212 -321 -373 -156 -218 -40 -148 0
-212 -402 -148 -40 -345 -67 -97 -29 -102 -218 -266 -307 -230 -274 -291 -390 -245 -557 -253 -203 319 -24 244 -569 -441 -210 -321 -373 -156 -17 0
231 -535 319 -203 -13 -261 -58 -156 -40 -239 -29 -102 -599 -508 -481 -557 -345 -218 -70 -97 -460 -190 -266 -67 -489 -117 -24 -494 -543 -230 -33 -307 -180 -569 -443 0
541 -303 -417 -535 -10 -432 -24 -352 -17 -481 -97 -597 -425 -486 -291 -156 -147 -599 -67 -489 -91 -189 -393 -555 -180 -141 -33 0
-208 -210 -321 -390 -67 -203 -345 -148 -253 -40 -245 -97 -441 -569 0
231 -557 -498 -169 -239 -192 319 -255 -581 -180 -257 -482 -97 -245 -71 -306 -402 -432 -161 -56 -28 0
-557 -365 -67 -460 -245 -217 -71 -189 -309 -161 -230 -498 -169 -239 -192 319 -255 -581 -180 -257 -482 -97 -306 -402 -432 -56 -28 0
307 -257 -180 -581 -189 0
320 -441 -245 -97 -321 -345 -67 -253 -390 -203 -40 -148 -581 0
208 -557 -67 -245 -189 -498 319 -581 -180 -257 -97 -56 -323 -345 -572 -441 -203 0
364 -70 -323 -441 -56 -97 -569 -245 0
213 -487 -67 -598 -364 0
-487 -364 -598 -67 -211 0
309 -446 -323 -97 -245 -56 -441 -557 0
231 -349 -148 -211 -40 -97 -245 -441 -200 -557 -18 -446 -56 0
-70 -553 -569 -190 -56 -446 -557 -230 -148 -211 -40 -97 -245 -441 -200 -18 -82 -581 -390 -203 -272 -208 -169 -155 -487 -67 -323 0
-557 -56 -441 -97 -245 -569 -148 -40 -390 -203 -67 -321 -345 -253 0
230 -481 -24 -451 -30 0
244 -200 -18 -97 -245 -441 -323 -446 -161 -56 -30 -231 -24 0
-56 -441 -245 -97 -390 -203 -321 -67 -345 -148 -253 -40 -569 0
-441 -569 -390 -203 -245 -97 -321 -67 -148 -253 -40 -345 0
160 -396 -203 -390 -258 -569 -445 -82 -100 -557 -324 0
192 -350 -211 -366 -390 -569 -203 0
209 -543 -148 -40 -443 -178 -345 -436 -259 -155 -217 -169 0
246 -169 -30 -17 -210 -148 -40 -345 -445 -557 -100 -569 -211 -390 -203 -82 -258 -324 -162 -482 -97 0
231 -557 -510 -245 -210 -148 -40 -345 -97 -569 -390 -203 -258 -324 -162 -321 -56 0
-481 -453 -245 -97 -510 0
-161 -210 -307 -581 -350 -427 -148 -67 -40 -569 -228 -364 -345 -211 -203 -97 -245 -441 -394 -70 -557 -323 -102 -56 -230 -160 0
-321 -67 -245 -97 -56 -203 -390 -441 -345 -148 -320 -40 -569 0
-161 -210 -230 -581 -350 -148 -67 -40 -569 -228 -364 -345 -211 -203 -97 -245 -441 -394 -70 -557 -323 -56 -100 0
-210 -581 -393 -84 -493 -155 -394 -171 -323 -441 -267 -230 -350 -148 -67 -40 -569 -228 -364 -345 -211 -203 -97 -245 -70 -557 -56 -100 0
-581 -323 -394 -84 -441 -190 -274 -271 -390 -203 -17 -393 -493 -155 -171 -267 -230 -350 -148 -67 -40 -569 -228 -364 -345 -211 -97 -245 -70 -557 -56 -100 0
-323 -416 -502 -230 -190 -203 -441 -97 -394 -255 -84 -274 -271 -390 -17 -393 -493 -155 -171 -267 -350 -148 -67 -40 -569 -228 -364 -345 -211 -245 -70 -557 -56 -100 0
-67 -394 -56 -441 -203 -97 -230 -390 -17 -267 -350 -148 -40 -569 -228 -364 -345 -245 -70 -557 -5 -596 -320 0
229 -27 -577 -13 -140 -180 -543 -307 -190 -291 -189 -402 -572 -274 -203 -390 -56 -441 -210 -350 -97 -245 -212 -321 -371 -416 -271 -192 -594 319 -426 -445 -430 -29 0
-190 -445 -524 -393 -109 -140 -481 -97 -48 -543 -480 -180 -307 -102 -230 -494 -569 -443 -577 -13 -291 -189 -572 -274 -203 -390 -56 -441 -210 -350 -245 -212 -321 -371 -416 -271 -192 -594 319 -426 -402 -430 -29 -373 0
231 -555 -180 -543 -189 -427 -307 0
72 -337 -426 -430 -56 -29 -230 -180 -543 -189 -307 -248 -494 -569 -524 -393 -109 -140 -481 -97 -48 -480 -102 -443 -577 -13 -291 -572 -274 -203 -390 -441 -210 -350 -245 -212 -321 -371 -416 -271 -192 -594 319 -402 -373 -557 0
-210 -581 -97 -245 -557 -441 -323 -426 -480 -48 -109 -524 -70 -430 -230 -543 -189 -248 -569 -393 -140 -481 -203 -390 -350 -212 -321 -371 -416 -271 -192 319 -56 -596 -5 -394 -59 -155 -208 0
-581 -323 -394 -416 -441 -230 -56 -557 -70 -524 -109 -481 -97 -48 -480 -189 -59 -103 -155 -245 -199 -271 -390 -203 -208 -192 -426 -430 -543 -248 -569 -393 -140 -350 -212 -321 -371 319 -596 -5 0
581 -321 -97 -441 -203 -390 -569 -245 0
-481 -148 -390 -56 -557 -97 -441 -245 -569 -203 -40 -345 -453 0
-321 246 -245 -441 -345 -97 -210 -56 -203 -390 -148 -320 -40 -569 0
191 -10 -123 -506 -300 -26 -410 -375 -73 0
-148 -40 -345 -569 -245 -441 -97 -56 -203 -390 -557 -453 0
-70 -447 -390 -557 -273 -192 -102 -569 -365 -323 -441 -56 -97 -245 0
229 -323 -97 -557 -245 -390 -273 -192 -569 -365 -441 -56 0
-70 -323 -441 -541 -557 -390 -273 -226 -192 -245 -97 -453 -569 -365 -56 0
-323 -192 319 -581 -391 -273 -203 -210 -390 -569 -441 -365 -97 -557 -245 -541 -226 -453 -56 0
323 -365 -56 -569 -230 -245 -97 -441 0
-350 319 -557 -441 -245 -97 -453 -390 -210 -203 -569 -581 -391 -541 -56 -345 -349 0
-321 -210 -453 -441 -97 -245 -557 -390 -203 -569 -391 -541 -56 -345 -349 0
-187 -179 -307 -394 -571 -543 -257 -581 0
-543 -307 -394 -571 -257 -581 -541 0
440 -70 -569 -84 -192 -390 -56 -349 -97 -453 -557 -245 -541 -210 -323 0
439 -192 -541 -390 -569 -345 -294 -213 -56 -84 -97 -557 -245 -323 -441 -349 -453 -171 -210 0
-192 -323 -569 -84 -390 -56 -349 -97 -557 -245 -210 -453 -541 -391 -441 -345 -294 -213 -171 0
-323 -210 -557 -245 -97 -441 -390 -56 -569 -203 -349 -453 -541 -391 -345 0
-210 -40 -56 -245 -97 -453 -557 -441 -569 -203 -345 -390 0
-161 -100 -557 -56 -230 -323 -97 -245 -441 -18 244 -200 -30 -446 -24 0
244 -323 -446 -557 -573 -40 -391 -569 -441 -56 -97 -245 -18 -200 -30 -541 -390 -453 -345 -349 0
-323 -40 -557 -97 -245 -390 -569 -441 -453 -203 -56 -345 0
-40 -453 -97 -245 -441 -56 -569 -557 -390 -203 -345 0
-349 -541 -192 -375 -350 -557 -245 -97 -441 -390 -56 -569 -203 -323 -453 -210 -345 0
542 -2 -569 -193 -304 -123 -577 -10 -155 -506 -338 -182 -164 -9 -84 -192 -26 -410 -375 -73 -178 -139 0
-541 -182 -164 -10 -338 -155 -375 -123 -506 -26 -410 -73 -192 -569 -193 -304 -577 -9 -178 -494 -366 -350 -557 -245 -97 -441 -390 -56 -203 -323 -453 -210 -345 0
246 -323 -557 -245 -97 -441 -390 -56 -203 -569 -453 -345 0
556 -446 -171 -323 -210 -441 -267 -230 -56 0
100 -541 -84 -390 -569 -345 -294 -56 -323 -97 -557 -245 -192 -441 -213 -453 -171 -210 -364 0
-161 -541 -364 -70 -569 -415 -394 -84 -24 -5 -192 -596 -228 -460 -345 -213 -210 -390 -56 -97 -453 -557 -245 -323 -441 -171 -267 -100 0
-541 -210 -192 -569 -364 -394 -213 -323 -390 -345 -294 -56 -97 -557 -245 -441 -453 -171 -84 -70 -415 -24 -5 -596 -228 -460 -267 0
351 -571 -394 -442 -505 -206 -14 -77 -481 -97 -289 -544 -69 -345 -347 -213 -139 -103 -48 -390 -557 -70 -323 -192 -569 -447 -102 -441 -56 -245 -271 -148 -110 0
443 -187 -178 0
-187 -178 -442 0
-161 -487 -364 -345 -213 -350 -394 -442 -481 -97 -139 -103 -390 -557 -70 -323 -192 -569 -441 -56 -245 -148 -460 -210 -415 -203 -230 -426 -171 -267 -553 0
439 -192 -390 -350 -17 -213 -364 -569 -370 -84 -394 -323 0
-192 -323 -97 -390 -557 -345 -569 -441 -56 -245 -203 -453 0
-210 -100 -323 -70 -441 -557 -171 -446 -267 -230 -56 -208 0
-323 -453 -345 -441 -56 -97 -245 -390 -569 -203 -557 0
-453 -441 -97 -56 -557 -245 -390 -569 -345 -203 0
320 -541 -394 -581 -307 -257 -149 -294 -42 0
-543 -541 -63 -557 -180 -307 -443 0
543 -149 -433 -215 -31 0
350 -272 -377 -481 -97 -103 -479 -192 -488 -56 -446 -70 229 -557 -140 -443 -180 -433 -215 -31 -486 -597 -211 0
-446 -438 -261 -6 -597 -103 -351 -377 -481 -97 -192 -56 -70 229 -557 -443 -180 -433 -211 -494 -364 -569 -102 -274 -241 -199 -425 -390 -245 -441 -323 0
571 -535 -545 -109 -210 -180 -140 -481 -97 -393 -543 -48 -524 -102 -230 -445 -569 -443 -577 -13 -291 -189 -572 -274 -203 -390 -56 -441 -494 -350 -245 -212 -321 -371 -416 -271 -192 -480 319 -594 -402 -430 -29 -373 -425 -241 -261 -43 229 0
-350 -210 -257 -572 -97 -102 -230 -445 -569 -443 -291 -203 -390 -56 -441 -494 -245 -271 -192 319 -261 -345 -557 0
-543 -541 -255 -413 -192 -569 -494 -422 -58 -561 -430 -572 -402 -274 229 -56 -29 -345 -180 -227 -443 319 -394 -581 -257 -557 0
215 -67 -345 -370 -40 -274 -49 0
543 -218 -70 -40 -102 -370 -569 -274 -49 -494 -433 -149 -345 -488 -180 -443 0
-210 -192 -345 -97 -245 -557 -569 -441 -390 -203 -56 -323 0
-192 -323 -557 -56 -390 -203 -345 -97 -245 -441 -569 0
-323 -441 -390 -569 -203 -56 -345 -97 -245 -557 0
349 -379 -192 -233 -29 -430 -304 -577 -590 -436 -74 -59 -45 -156 -218 -600 -461 -450 -149 -56 -97 -245 -557 -569 -441 -390 -203 -345 -40 0
542 -45 -560 -271 -211 -192 -233 -29 -430 -304 -577 -590 -74 -436 -156 -218 -600 -450 -56 -97 -245 -557 -569 -441 -390 -203 -345 -40 0
-543 -74 -192 -577 -590 -436 -40 -156 -600 -345 -56 -97 -245 -557 -569 -441 -390 -203 -140 -560 -271 -211 -233 -29 -430 -304 -218 -450 0
100 -192 -345 -56 -97 -245 -557 -569 -441 -390 -203 0
154 -170 -437 -260 -59 0
155 -600 -488 -13 -68 -540 -45 0
154 -59 -437 -208 -29 -260 0
-543 -156 -260 -18 -13 -208 -437 -29 -345 -189 -227 -444 -61 -541 -179 0
-192 -441 -569 -56 -97 -245 -557 -345 -390 -203 0
-441 -345 -56 -390 -569 -203 -97 -245 -557 0
-180 -229 -192 -569 -203 -324 -258 -557 -56 -390 -162 -97 -245 -543 -179 0
344 -462 -245 -345 -97 -569 -390 -203 231 -56 -557 -211 0
213 231 -245 -345 -97 -569 -390 -203 -557 -56 0
231 -211 -569 -488 -345 -245 -97 -390 -203 -557 -56 -308 -29 0
230 -308 -258 -210 -29 -394 -245 -557 -324 -451 -162 0
-229 -443 -97 -245 -557 -56 -29 -569 -345 -203 -390 -192 -543 -179 0
556 -211 -32 -149 -239 -438 -259 -432 -210 -294 -195 -443 -543 -179 -394 -258 -345 -24 -97 -203 -510 -245 -390 -447 -71 -62 0
558 -307 -543 -557 -541 0
-541 -29 -245 -97 -390 -543 -345 -557 -56 -203 -569 -192 0
231 -70 -100 -569 -245 -211 -97 -345 -390 -203 -557 -56 0
-70 -100 -97 -245 -22 -56 -29 -230 -569 -211 -345 -390 -203 -557 0
319 -599 -67 -156 -345 -171 -41 0
389 -300 -383 -410 -392 -375 -192 -273 0
212 -59 -31 -375 -84 -192 -390 -383 -148 -350 -484 -596 -418 -5 -434 -345 0
437 -383 -320 -17 -211 -31 -375 -84 -192 -390 -210 -148 -350 -484 -596 -418 -5 -434 -345 -259 0
238 -44 -345 -31 -375 -84 -192 -390 -148 -350 -596 -418 -5 -211 -217 -245 -97 -569 -203 -557 -56 -230 -259 -29 -320 -17 -498 0
444 -211 -245 -345 -97 -569 -390 -203 -557 -56 -31 -192 -148 -29 -178 0
230 -307 -557 -162 0
213 -211 -487 -345 -45 -203 -390 -56 -553 -557 -97 -245 -29 -230 -569 -395 0
396 -320 -192 -31 -569 -245 -97 -510 -365 0
-211 -31 -569 -245 -192 -56 -97 -345 -203 -390 -553 -557 -29 -178 -442 -148 0
246 -259 -210 -15 -438 -461 -239 -178 -68 -61 -266 -319 -442 -227 -245 -97 -510 -394 -364 -71 0
229 -319 -203 -210 -258 -16 -245 -97 -510 -15 -461 -178 -68 -61 -442 -227 -364 -324 -162 -56 -29 0
-29 -543 -192 -569 -97 -245 -56 -203 -345 -557 -390 0
-67 -540 -15 -61 -44 -227 -155 -345 -211 -364 -487 -69 0
319 -270 -276 -461 -345 -15 -61 -227 -211 -364 -427 -488 -192 -555 -255 -23 -307 -394 -571 -543 -258 -294 -195 0
395 -67 -345 -324 229 -266 -70 -580 -162 -156 -437 -192 -211 -364 -488 -83 -555 -571 -394 -543 -258 0
-67 -41 -345 -156 -211 -364 -488 -336 -222 -181 -271 -192 -83 -402 -116 -571 -356 -394 -324 229 -266 -70 -580 -162 -437 -555 -543 -258 0
396 -26 -373 -306 -580 -571 0
244 -211 -543 -258 -345 -571 -192 -116 -324 -162 -437 -255 -169 -276 -15 -23 -390 -557 -217 -56 -230 -16 -510 -245 -97 0
231 -320 -255 -169 -58 -437 -166 -265 -424 -396 -557 -102 -211 -569 -245 -97 -345 -390 -203 -56 0
-211 -543 -557 -569 -245 -97 -345 -390 -203 -56 -192 0
-453 -375 -569 -192 -100 -59 -437 -259 -169 -266 -319 -245 -97 -510 0
395 -394 -324 -162 -192 -349 -303 -571 -543 -97 -319 -245 -230 -569 -59 -437 -169 -510 -258 0
396 -303 -276 -461 -68 -192 -116 -217 -23 -390 -364 -258 -569 -448 -557 -324 -349 -255 -169 -162 -56 -97 -319 -230 -510 -245 -571 0
-394 -396 -324 -162 -192 -349 -303 -571 -543 -97 -319 -245 -230 -569 -59 -437 -169 -510 -258 0
-543 -192 -390 -203 -569 -557 -56 -97 -245 -345 0
231 -289 -375 -494 -100 -390 -192 -569 -489 -97 -345 -266 -557 -245 -211 -56 -203 0
246 -364 -211 -451 -319 0
-364 -239 -97 -192 -211 -345 -266 -489 -375 -390 -84 -447 -319 -557 -245 -56 -100 -22 -569 -230 -203 -71 0
395 -211 -192 -345 -203 -319 -245 -97 -569 -390 -557 -56 0
229 -582 -180 -258 -444 -254 -203 -210 -573 -293 -56 0
244 -395 -210 -245 -557 -324 -162 -180 -444 -203 -56 -319 -97 -510 -258 0
-211 -319 -569 -56 -245 -557 -203 -97 -192 -345 -390 0
70 -445 -390 -192 -273 -429 -557 -555 0
231 -72 -569 -555 -192 -390 -273 -557 -56 0
191 -410 -276 -496 -201 -391 -300 -375 -192 -273 -561 -390 -33 -84 0
-453 -461 -569 -192 -276 -390 -150 -33 -68 -180 -557 -444 -258 -324 -162 -56 -555 -448 -141 -349 -364 -97 -245 -319 -16 -510 0
-319 -192 -97 -245 -557 -203 -56 -569 -390 -345 0
-453 -231 -324 -169 -162 -210 -102 -18 -245 -97 -510 0
396 -558 -298 -444 -233 -373 -289 -10 -488 -239 -158 -73 -259 -180 -169 -97 -245 -211 -56 -70 -100 -569 -230 -345 -390 -203 -557 -28 -18 -581 -572 0
395 -255 319 -33 -495 -258 0
-100 -233 -444 -390 -373 -73 -180 -169 -97 -245 -211 -56 -569 -345 -203 -557 -581 -292 -141 -193 -568 -395 0
230 -258 -451 -245 -210 -557 -324 -162 0
-231 -453 -33 -258 -569 -324 -162 -210 319 -245 -97 -510 -56 -230 0
-453 -192 -245 -345 -97 -569 -390 -203 -56 -557 0
190 -373 -390 -100 -233 -180 -169 -97 -245 -211 -56 -569 -345 -203 -557 -581 -292 -141 -193 -444 -395 0
-395 -192 -390 -97 -245 -56 -569 -345 -203 -557 0
-192 -345 -390 -97 -245 -56 -569 -203 -557 0
323 -446 -557 -56 -162 -100 0
229 -16 -210 -258 -29 -245 -97 -510 -15 -203 -461 -319 -68 -227 -364 -324 -162 -56 -178 -557 -72 -446 -100 -429 0
-453 -345 -245 -97 -203 -557 -56 -390 -569 0
-345 -569 -56 -245 -97 -203 -390 -557 0
323 -350 -319 -451 246 -192 -569 -390 -203 -324 -258 -445 -100 -557 -162 -56 0
170 -436 -30 -259 -210 0
179 -25 -158 -289 -400 -276 -74 -372 -410 -42 -391 -148 -139 -31 -541 0
191 -487 -168 -182 -15 -538 -400 -276 -572 -541 -557 558 -443 -178 -158 -289 -410 -42 -139 -31 -268 -449 -416 -350 -9 -429 -375 -271 -84 0
-211 -400 -572 -410 -541 -557 558 -375 -84 -192 -168 -182 -15 -538 -276 -443 -178 -158 -289 -42 -268 -416 -350 -9 -429 -271 -494 -569 -319 -451 246 -213 0
101 -276 -17 -572 -557 -375 -84 -192 -182 -15 -443 -178 -158 -289 -42 -268 -350 -429 -494 -569 -319 -451 246 -213 -30 -210 -171 -259 -203 -424 -390 -445 -62 -240 0
481 231 -42 -390 -569 -192 -557 -56 -17 -84 -319 -100 -572 -182 -158 -210 -171 -203 -258 -162 -324 -97 -245 0
322 -441 -162 0
-441 -324 -162 0
84 -28 -356 -23 -394 -258 -580 0
-395 -115 -434 -422 -2 -31 -258 -541 -561 -245 -557 -324 -162 -319 -203 -56 244 -97 208 -374 0
244 -319 -245 -557 -324 -162 -258 -203 -56 -97 -192 -390 -569 -100 0
323 -319 -451 246 -192 -569 -390 -203 -324 -258 -350 -100 -557 -162 -56 0
445 -449 -596 -276 -5 -60 -42 -599 -462 -69 -375 -487 -192 -84 -443 -31 558 -557 -541 -309 -230 -390 -56 0
231 -182 -390 -569 -192 -557 -319 -100 -56 -203 -258 -162 -324 -97 -245 0
-211 -319 -390 -569 -192 -557 -100 -56 -203 -258 -162 -324 -97 -245 0
229 -375 -192 -60 -276 -201 -273 -390 -84 -524 -111 -150 -221 -42 -335 -598 -462 -69 -488 -443 -140 -557 -62 -240 -72 -100 -309 -56 0
-319 -192 -390 -569 -56 -557 -100 -203 -258 -162 -324 -97 -245 0
-84 -192 -557 -390 -56 -258 -245 -97 -162 -324 -100 -569 -203 0
244 -217 -100 -56 -210 -230 -17 -245 -97 -510 0
395 -582 -258 0
-231 -72 -100 -245 -56 319 -258 -569 -324 -162 -33 -97 -230 0
231 -82 -162 -203 -390 -569 -258 -324 -100 -557 -395 -245 -97 -56 0
-192 -324 -569 -390 -245 -97 -100 -56 -557 -258 -203 -162 0
229 -319 -557 -97 -245 -510 -228 -446 -193 -100 -429 -56 0
180 -443 -581 -307 -257 0
-319 -259 -60 -258 -228 -394 -364 -103 -253 -170 -557 -97 -245 -446 -510 -313 -56 -29 -230 -193 -100 -429 0
-324 -100 -245 -390 -569 -203 -258 -557 -56 -97 -162 0
244 -441 -162 -258 -557 -396 -71 0
351 -494 -569 -375 -192 -541 -271 231 -390 -72 -557 -56 0
-543 -155 -569 -193 -304 -10 -338 -164 -268 -577 -123 -182 -9 -84 -192 -26 -410 -375 -73 -178 -139 -416 -372 -42 -462 -48 -487 -541 558 -557 0
321 -599 -69 -375 -462 -192 -84 -148 -31 -569 -193 -304 -10 -338 -164 -268 -123 -182 -9 -26 -410 -178 -139 -372 -48 -487 -541 558 -557 -303 -239 -437 -402 -261 -169 0
-100 -162 -557 -258 -390 -56 -97 -245 -203 -569 0
246 -322 -162 -231 -97 0
-324 -231 -162 -451 -245 -258 -557 -322 0
-162 -258 -245 -56 -97 -557 -390 -203 -569 0
396 -371 -213 -416 -350 -427 -271 -192 -84 -580 -571 0
-541 -149 -569 -70 -390 -56 -84 -97 440 -557 -245 -192 -210 -323 -307 -581 -394 0
321 -364 -213 -488 -350 -178 -569 -70 -390 -56 -97 440 -557 -245 -192 -210 -323 -307 -394 -427 -271 -580 -40 0
229 -100 -390 -56 -97 -557 -245 -258 -203 -569 0
209 -156 -13 -117 -69 -503 -29 -61 -462 -437 -541 -260 -149 -364 -351 -321 -213 -18 0
191 -357 -218 -29 -208 -13 -69 -61 -462 -437 -260 -364 -351 -321 -213 -18 -32 -373 -82 0
-100 -258 -203 -569 -97 -245 -390 -56 -557 0
-258 -569 -245 -203 -390 -97 -56 -557 0
395 -100 -569 -390 -56 -84 -557 -245 -192 -97 -203 -324 0
-395 -324 -441 -396 -97 -257 0
-324 -192 -203 -245 -97 -569 -390 -557 -56 0
244 -71 -323 -213 -192 -569 -84 -97 -462 -203 -441 -162 -582 -557 -396 -390 0
-71 -84 -390 -557 -56 -245 -97 -192 -569 -203 0
-84 -192 -390 -569 -97 -203 -56 -557 -245 0
246 -482 -390 -557 -56 -323 -97 -569 -245 -203 -365 -322 -162 0
229 -210 -390 -272 -557 -100 -70 -569 -141 -353 319 -374 -486 -203 -426 -56 -97 -245 -192 0
-210 -141 -596 -5 -428 -56 -238 -390 -272 -557 -100 -70 -569 -353 319 -374 -203 -426 -97 -245 -192 0
-453 -192 -390 -557 -569 -203 -97 -245 -56 0
442 -158 -506 -27 -291 -498 -55 -70 -218 -390 -356 -102 -557 -350 -449 -272 -100 -193 -569 -180 0
154 -438 -261 -60 -44 0
-210 -192 -557 -569 -390 -56 -245 -97 -203 0
-192 -569 -557 -390 -203 -56 -245 -97 0
209 -70 -446 -557 -56 -84 -100 -582 -97 -257 -441 0
57 -70 -557 -446 -100 0
308 -171 -180 -60 -97 -349 -245 -213 -18 -441 -100 -375 -396 -160 -582 -573 -229 0
323 -441 -396 -97 -257 0
-210 -394 -481 -97 -103 -390 -557 -70 -323 -192 -569 -441 -56 -245 -555 556 -219 0
58 -535 -356 -219 -116 -205 -3 -182 -247 -345 -155 0
57 -31 -49 -274 -61 -356 -219 -205 -247 -10 -97 -245 -234 244 -373 -302 -266 -239 -73 -400 -261 -212 -171 -24 -321 -30 -292 -230 0
-162 -555 -427 -307 -302 -239 -212 -97 -195 -56 -49 -61 -219 -10 -245 244 -373 -73 -171 -30 -254 -573 -495 -441 -71 -557 -160 0
-192 -323 -70 -100 -56 -97 -245 -441 -557 -390 -569 0
-229 -213 -171 -97 -245 -441 -100 -267 -323 -230 -56 -390 -569 -557 -255 244 -70 0
-162 -580 -441 -71 -557 244 0
372 -507 -122 -591 -10 -275 -1 0
396 -432 -158 -166 -275 -10 -250 -401 -221 -560 -490 -504 -541 -155 -28 -375 -84 -24 -580 -571 -493 -356 -257 0
208 -489 -335 -344 -221 -228 -560 -61 -307 -541 -394 -257 -158 -166 -275 -10 -250 -490 -504 -28 -375 -84 -24 -580 -493 -219 -171 -97 -245 -441 0
-213 -319 -245 -441 -323 -557 -70 -390 -100 -56 -569 -97 -211 0
320 -323 -441 -56 -97 -245 -193 0
209 -582 -204 -70 -557 -56 -84 -100 -390 -97 -257 -441 0
-203 -213 -390 -171 308 -97 -18 -245 -273 -180 -441 -100 -375 -396 -160 -582 -573 -229 -204 -569 -56 -557 0
-349 -446 -171 319 -391 -557 -18 -30 -323 -569 -441 -56 -97 -245 -453 -573 -274 -390 244 -541 308 -213 -180 -100 -375 -396 -160 -582 -229 0
349 -489 -426 -344 -205 -486 -61 -461 -415 -596 -541 -40 -449 -150 0
-213 -211 -171 -274 -150 308 -97 -18 -245 -180 -441 -100 -396 -160 -582 -573 -229 -350 -426 -205 -486 -61 -596 -541 -390 -303 -569 -56 -557 -219 -356 -433 -116 -24 -30 -438 -261 -323 -70 0
-229 -205 -233 -150 -390 -253 -56 -569 -441 -97 -245 -557 -171 -274 -18 -180 -100 -396 -160 -582 -573 -61 -541 -219 -356 -433 -116 -24 -30 -261 -323 -70 -239 -266 -481 -307 -230 0
59 212 -592 -298 -102 -70 -569 -364 -448 0
212 -489 -539 -13 -577 -155 -60 -592 -298 -102 -70 -569 -364 -448 0
-162 -323 -569 -97 -245 -390 -557 -100 -56 -441 -70 0
580 -180 -166 -541 -24 -443 -28 -17 -209 -259 -572 -560 -275 -350 -75 -416 -484 -302 -10 -239 -294 -353 -267 -320 -33 -7 -375 -254 -84 0
154 -387 -250 -298 -524 -589 -111 -496 -484 -239 -596 -267 -5 -375 -59 -44 0
395 -323 -245 -441 -97 -557 -70 -390 -100 -56 -569 0
-323 -441 -245 -97 -557 -70 -390 -100 -56 -569 0
-541 -13 -577 -29 -260 -18 -208 -437 -189 -227 -444 -61 -543 -179 -268 -274 -460 -415 -370 -497 -40 -148 0
366 -401 -560 -75 -481 -97 -409 -480 -298 -487 -139 0
-441 -390 -245 -97 -100 -569 -56 -557 -70 0
321 -582 -245 -258 -97 -510 -254 0
394 -582 -258 0
374 -578 -44 -156 -27 0
154 -578 -44 0
350 -498 -444 -541 -10 -354 -41 -234 -594 -502 -404 -551 -276 -166 -338 -173 -144 -422 -181 -559 -271 0
-582 -541 -10 -276 -271 -28 -258 -254 -191 -569 -169 -217 -70 -100 -557 -56 -97 -162 -245 -324 -510 -210 -571 0
170 -494 -271 -28 -541 -319 -191 -294 -230 -356 -569 -56 -217 -100 -276 -97 -70 -199 -245 -16 -510 -402 0
395 -84 -56 -191 -569 -319 -169 -271 -28 -541 -230 -217 -100 -276 -97 -70 -199 -245 -16 -510 -571 0
-541 -10 -271 -571 -276 -191 -169 -199 -569 -16 -217 -56 -100 -245 -97 -510 -70 -162 -258 -557 -324 -28 -254 -210 0
320 -302 -28 -571 -543 -258 -191 -553 -217 -569 -70 -100 -56 -245 -230 -162 -451 -557 -324 -16 -169 0
-582 -230 -56 -245 -97 -510 -571 -320 -258 -254 0
-390 -245 -56 -100 -97 -70 -569 -557 0
29 -165 -155 -166 -171 -261 -17 -438 -208 0
55 -441 -17 -171 -56 -201 -267 -204 -255 -84 -557 244 -70 -100 -426 -447 -294 -230 0
30 -400 -42 -541 -195 -154 -484 -569 -239 -267 -84 -259 -160 -441 244 -557 -71 -582 -323 -255 -204 -208 0
-258 -256 -441 -394 -323 -582 0
169 -7 -84 -582 -441 -323 -569 -166 -213 -17 -24 -28 -42 -541 -195 -484 -239 -267 -160 244 -557 -71 -255 -204 0
276 -305 -158 -432 -551 -166 0
-258 -166 -195 -155 -569 -204 -209 -255 -84 -28 -582 -441 -24 -394 -323 0
-481 -171 -541 -294 -195 -569 -255 -84 -582 -213 -42 -557 -70 -100 -56 -245 -97 -453 0
321 -541 -56 -100 -70 -245 -582 -569 -557 -97 0
42 -460 -343 -351 -211 -149 0
210 -290 -26 -541 -260 -29 -208 -13 -18 -437 -189 -227 -444 -61 -543 -179 -40 -351 -211 -357 -218 0
83 -61 -211 -541 -40 -204 -169 -97 -245 -307 -569 -70 -56 -441 -100 -258 -582 0
208 -192 -364 -569 -211 -204 -97 -245 -441 0
209 -18 -541 -61 -211 -97 -245 -33 -307 -569 -56 -100 -273 -582 -258 -441 -192 -201 -204 -169 0
28 -219 -258 -441 -582 -70 -100 -97 -245 -117 0
29 -441 -97 244 -258 -582 -100 -56 0
229 -441 -258 -582 -100 -208 -56 -29 0
-441 -258 -582 -70 -100 -97 -245 -541 -211 -569 -56 -169 -82 -40 -557 0
-258 -541 -82 -211 -582 -169 -292 -100 -56 -97 -245 -557 -70 -569 -40 0
209 -372 -40 -211 -350 -429 -273 -82 -115 -356 -303 -219 -204 0
190 -561 -180 -188 -350 -479 -40 -211 -481 -97 -364 -443 -303 -569 -429 -273 -204 0
191 -372 -40 -211 -350 -303 -429 -273 -204 0
276 -350 319 -596 -5 -59 -219 -356 -115 -7 -303 -429 -273 -204 -180 -188 -479 -481 -97 -364 -443 -569 -572 -208 -166 0
-230 -208 -29 -557 -70 -97 -24 -494 -307 -180 -569 -443 -356 -364 319 -572 -56 -441 -245 -100 -229 0
230 -307 -323 -97 -245 -557 -441 0
-29 -30 -230 -557 -70 -97 -24 -494 -307 -180 -569 -443 -356 -364 319 -572 -56 -441 -245 -100 -208 0
231 -437 -557 -70 -481 -260 -100 -451 -441 0
191 -484 -12 -591 -158 -541 -260 -443 -323 -121 -364 -596 -211 -356 -155 -304 -26 -350 -116 -373 -273 -82 -75 0
-453 -219 -40 -364 -307 -211 -205 -350 -180 -12 -541 -557 -443 -121 -591 -158 -155 29 -171 -208 -182 -239 -494 -569 -373 -82 -190 -260 -323 -356 -304 -273 -75 -425 -481 -18 -97 -245 0
210 -350 -569 -307 -180 -443 -541 -494 -97 -373 -190 -323 -70 -441 -245 -557 -208 -356 -100 -56 -24 319 -572 0
349 -13 -180 -270 -443 -541 -40 -494 -156 -569 -427 -373 -82 -190 -273 0
192 -402 -581 -307 -394 -257 -443 -541 -381 -145 -410 -599 -156 -33 -373 -82 0
-543 -274 -506 -166 -13 -164 -182 -489 -559 -402 -180 -443 -541 -557 -307 -581 -394 -257 0
-350 -190 -443 -541 -557 -307 -581 -394 -257 -180 -373 -494 -569 -97 -356 -70 -100 -245 -323 -56 -441 -24 319 -572 -208 0
191 -490 -533 -523 -559 -110 -182 -485 -248 -239 -494 -266 -32 -373 -82 0
-543 -261 -557 -70 -97 -24 -494 -307 -180 -569 -443 -356 -364 319 -572 -56 -441 -245 -100 -208 -230 -559 -182 -190 -533 -523 -110 -485 -239 -266 -373 -58 -345 -227 -555 -541 -581 -394 -257 0
156 -578 -44 0
-190 -208 -307 -180 -443 -557 -70 -97 -24 -494 -569 -356 319 -572 -56 -441 -245 -100 -373 -541 -581 -394 -257 -323 0
542 -67 -51 -460 -40 -433 -148 -31 0
-208 -443 -180 -541 -56 -557 -70 -100 -441 -24 -572 -97 -494 -307 -569 -356 319 -245 -373 -581 -394 -257 -323 0
-394 -541 -97 -100 -56 -245 -70 -557 -569 319 -582 0
-541 -320 -100 -245 -97 -56 -557 -569 -582 -70 0
83 -208 -24 -56 -572 -230 -557 -70 -97 -494 -307 -180 -569 -443 -356 -364 -441 -245 -100 -498 -320 -543 -189 -553 -487 -211 -31 0
-229 -208 -70 -100 -441 -557 -24 -230 -97 -494 -307 -180 -569 -443 -356 -364 319 -572 -56 -245 0
212 -27 -44 -158 -432 -402 -274 -9 -425 -331 -40 -508 -487 -148 -97 -211 -364 -349 0
30 -40 -148 -201 -211 -44 -158 -9 -425 -508 -487 -97 -364 -417 -239 -160 -373 -273 -323 -192 -441 -204 -169 -208 0
191 -351 -591 -40 244 -97 -158 -148 -44 -211 -304 -441 -373 -273 0
213 -155 -487 -211 -364 -151 -491 -182 -494 -561 -569 -273 -192 -591 -40 244 -97 -158 -148 -44 -304 -441 -373 0
-208 -44 -148 -97 -211 -373 -441 -569 -487 -494 -572 -24 -557 -70 -307 -180 -443 -356 -56 -245 -100 -323 -553 -320 -82 -498 -543 -189 -31 0
-443 -394 -82 -211 -97 -245 -441 -557 -70 -56 -100 -320 -582 -569 0
212 -401 -480 -75 -481 -97 -273 -409 -298 -487 -139 -364 -351 0
43 -351 -597 -485 -409 -139 -364 -211 -480 -75 -481 -97 -273 -487 -169 -290 -155 -26 0
349 -300 -409 -485 -347 -597 -103 -450 -273 0
213 -437 -29 -208 -51 -204 -302 -274 -415 -6 -40 -597 -148 -211 -351 -409 -485 -347 -103 -273 -487 -139 -364 0
-208 -373 -481 -97 -487 -139 -364 -347 -103 -211 -29 -40 -148 -362 -82 -31 -495 -553 -267 -569 -70 -441 -100 -245 -307 -557 -231 -582 -258 -56 0
208 -258 -582 -82 -441 -364 -569 -211 -204 -97 -245 0
-394 -211 -97 -82 -569 -70 -441 -100 -245 -557 -582 -56 -320 0
394 -441 -70 -100 -97 -245 -582 0
-211 -441 -582 -569 -100 -56 -97 -245 -557 -320 -70 0
-208 -441 -97 -582 -100 -56 -569 -31 -255 -294 -557 -70 -171 -84 -245 -453 -210 0
-441 -320 -582 -100 -56 -97 -569 -557 -245 -70 0
-320 -582 -100 -56 -97 -245 -557 -70 -569 0
-582 -192 -204 -208 -441 -557 -569 -100 -56 -230 -97 -245 -211 -82 -364 -70 0
-192 -230 -364 -569 -204 -82 -208 -441 -557 -100 -56 -211 -97 -245 -70 0
-162 -580 -441 -245 -557 -70 -100 0
-230 -82 -208 -441 -245 -70 -100 -56 -557 -569 -97 -364 -204 -211 0
-82 -364 -211 -100 -56 -97 -245 -557 -70 -569 -441 -208 -204 0
229 244 -100 -56 -97 -569 -557 -245 -70 -441 -208 -324 0
-364 -56 -441 -245 -557 -100 -97 -569 -70 -208 -211 -204 0
-56 -204 -569 -70 -441 -97 -245 -557 -208 -211 -100 0
246 -582 -441 -245 -321 -97 -28 -394 -364 0
191 -460 -211 -249 -596 -342 -183 -485 -40 -426 -168 -269 -275 -506 -199 -155 -26 -390 -427 -373 -204 -82 0
213 -228 -61 -460 -541 -40 -150 -350 0
149 -26 -43 -506 -180 -269 -443 -416 -541 -40 0
-323 -82 -211 -269 -364 -61 -427 -426 -190 -390 -204 -159 -240 -582 -493 -394 -441 -293 -321 -97 -218 -28 -245 -208 -324 0
30 -169 -260 -437 -208 0
150 -60 -592 -298 -344 -411 -460 -392 -40 0
-453 -141 -61 -592 -344 -489 -460 -416 -40 -148 -392 -525 -109 -485 -23 -10 -597 -481 -352 -97 -245 0
212 -351 -504 -419 -155 -183 -274 -296 -485 -8 -426 -97 -245 -61 -460 -416 -40 -392 -23 -481 -233 -253 -204 -390 -273 -431 -364 -75 -18 0
442 -45 -507 -159 -26 -290 -146 -497 -380 0
-597 -409 -401 -26 -75 -290 -507 -159 -300 -485 -45 -450 349 -103 -273 -480 -351 -139 -364 -211 -481 -97 -487 -169 -155 -596 0
598 -512 -416 -531 -535 -302 -96 -337 -278 -155 0
150 -531 -437 -155 -345 -211 -364 -416 -260 -535 -302 -168 -426 -485 -5 -401 -26 -75 -290 -507 -159 -450 349 -103 -273 -351 -481 -97 -169 -596 -91 -554 -140 -488 -444 -497 -380 -433 -32 -179 -392 0
-453 213 -40 -61 -460 -437 -155 -211 -364 -416 -260 -535 -302 -426 -485 -401 -26 -290 -159 -103 -351 -481 -97 -169 -554 -444 -497 -380 -32 -179 -392 -233 -390 -253 -23 -431 192 -569 -18 -245 0
41 -214 -401 -307 -159 -444 -179 -541 -61 -155 -227 -600 -345 -50 -573 -274 -460 -370 0
42 -541 -179 -307 -444 -61 -488 -46 -227 -345 -460 -351 -211 -149 0
-541 -507 -159 -26 -290 -497 -380 -600 -179 -441 -569 -395 -203 -6 -597 -373 -425 -40 -70 -366 -211 -351 -307 -82 -193 -390 -345 -169 -238 -97 -227 -256 -394 -364 -18 -149 -401 -61 -155 -50 -274 -460 -370 -46 0
350 -411 -290 -600 -392 -441 -569 -395 -6 -597 -373 -425 -40 -70 -366 -211 -351 -307 -82 -193 -390 -345 -169 -238 -97 -227 -256 -394 -364 -18 -32 -159 -26 -497 -380 -179 -401 -61 -155 -274 -460 -269 -416 -302 -204 -273 -111 0
150 -541 -26 -298 -146 -159 -497 -380 -444 -411 -290 -179 -392 0
370 -560 -490 -183 -504 -3 0
-351 -497 -159 -380 -290 -179 -40 -183 -107 -390 -253 192 -211 -569 -441 -395 -373 -70 -307 -82 -193 -169 -238 -97 -256 -394 -364 -18 -32 -401 -61 -274 -460 -269 -416 -302 -204 -485 -426 -245 -437 -260 -535 -103 -481 -554 -23 -431 -419 -8 0
542 -409 -392 -300 -150 -141 0
543 -489 -233 -186 -348 -460 -58 -300 -344 -409 -228 -392 -61 -32 0
83 -107 -554 -348 -61 -32 -364 -508 -211 -97 -159 -290 -179 -390 -253 -569 -441 -395 -373 -70 -307 -82 -193 -256 -394 -274 -269 -204 -426 -245 -260 -103 -481 -23 -419 -218 -208 -28 -240 -267 -293 -427 -321 -190 0
350 -524 -486 -97 -211 0
299 -40 -290 -211 -357 -390 -203 -245 -97 -569 -441 -321 -159 -253 -218 -269 -444 -460 -417 -541 -179 -149 -351 -486 -382 -11 -297 0
350 -486 -426 244 -97 -211 0
411 -300 -267 -426 -97 -245 -321 -290 -211 -357 -390 -203 -569 -441 -159 -253 -218 -269 -444 -460 -417 -541 -179 -149 -351 -11 -297 -240 -348 -272 244 -74 0
-486 -40 -569 -193 -390 -441 -203 -395 -256 -307 -97 -70 -253 -394 -211 -364 -82 -373 -123 -23 -460 -417 -321 -541 -179 -267 -149 -240 -351 -484 -426 244 0
-148 -40 -159 -27 -156 -123 -211 -569 -441 -390 -203 -321 -97 -253 -13 -307 -245 -269 -444 -61 -460 -417 -541 -179 -149 0
-40 -524 -50 -307 -159 -179 -541 -61 -274 -460 -28 -260 -321 -240 -267 -149 -351 -211 -419 -364 244 -97 -208 -27 -156 -123 -569 -441 -390 -203 -253 -13 -245 -269 -417 -193 -395 -256 -70 -394 -82 -373 -23 -484 -426 0
40 -156 -260 -13 -240 -267 -481 -364 -61 -97 -245 -211 -541 -444 -179 -321 -149 0
-148 -460 -290 -13 -27 -156 -211 -357 -569 -441 -390 -203 -321 -97 -253 -40 -307 -245 -218 -444 -61 -159 -417 -541 -179 -269 -149 0
-351 -45 -50 -307 -159 -444 -179 -541 -61 -214 -345 -573 -274 -460 -156 -13 -260 -540 -488 -240 -40 -267 -228 -149 -211 244 -97 -426 -349 0
41 -67 -307 -179 -558 -444 -13 -599 -489 -159 -156 -260 -58 -169 -240 -496 -486 -433 -111 -214 -47 -274 -460 -370 0
-543 -345 -13 -156 -40 -307 -179 -558 -444 -159 -260 -240 -433 -214 -274 -460 -364 -321 -211 -97 -50 -541 -61 -573 -267 -149 244 -426 -349 0
42 -227 -307 -444 -61 -541 -149 -179 -345 -460 -211 -364 -426 244 -97 -349 0
351 -227 -345 -508 -211 -97 0
-345 -349 -260 -240 -267 -364 -211 -97 -426 244 -156 -460 -321 -40 -307 -444 -61 -541 -149 -179 -13 -558 -159 -433 -214 -274 -50 -573 0
-460 -260 -28 -208 -200 -274 -97 -211 -321 -240 -267 -364 -426 244 -156 -307 -444 -61 -541 -149 -179 -13 -558 -159 -433 -50 -573 -290 -27 -357 -569 -441 -390 -203 -253 -245 -218 -417 -269 0
-345 -260 -321 30 -208 -40 -240 -267 -274 -481 -200 -97 -211 -17 -508 -390 -203 -245 -569 -441 -67 -253 -343 0
-82 -394 -159 -307 -208 -364 -321 -211 -240 -97 -390 -245 -569 -441 -28 -218 -426 -269 -427 -204 -190 -554 -348 -70 -193 -61 -419 -293 -582 -493 -324 0
-582 -321 -97 -245 -441 -159 -307 -208 -364 -211 -240 -390 -569 -28 -218 -426 -269 -427 -204 -190 -554 -348 -70 -193 -61 -419 -293 -493 -324 -100 0
395 -179 -307 -581 -258 0
-395 -572 -208 -245 -97 -441 -390 -580 -569 -321 -396 0
-204 -557 -569 -97 -245 -208 -441 -70 -100 -211 0
-460 -345 -272 244 -240 -267 -364 -211 -97 -426 -260 -156 -390 -321 -40 -307 -444 -61 -541 -149 -179 -13 -558 -159 -433 -274 -573 -350 -290 -27 -357 -569 -441 -203 -253 -245 -218 -417 -269 0
-345 -395 -441 -211 -44 -307 -70 -350 -33 -261 -156 -97 -193 -210 -256 -27 -364 -272 244 -240 -267 -426 -260 -390 -321 -40 -61 -541 -149 -179 -13 -558 -159 -433 -274 -573 -290 -569 -203 -245 -218 -417 -269 0
-557 -70 -569 -441 -97 -245 -211 -208 -100 0
-258 -231 -245 -441 -97 -208 -100 -56 -582 -323 244 0
212 -203 -484 -446 -102 -543 -187 -494 -307 -180 -569 -443 -97 -211 -245 -228 -56 -390 -345 -441 -426 -321 -40 -364 0
-483 -265 -161 -441 244 -97 0
229 -390 -97 -245 -441 -56 244 -323 -231 -161 -24 -208 -446 0
453 -323 -161 -441 244 -97 -245 0
213 -190 -503 -372 -273 -40 -350 -61 -228 -460 -541 0
212 542 -409 -373 -171 -345 319 -109 -372 -350 -450 -364 0
178 -579 -158 -552 -337 -205 -163 -182 -372 -561 -450 -273 -350 -211 -409 -373 -171 -345 319 -109 -364 -443 0
349 -155 -163 -337 -182 -211 -561 -487 -192 -494 -569 -273 -491 -591 -40 244 -97 -158 -148 -44 -304 -441 -373 -450 0
319 -345 -569 -171 -373 -211 -97 -350 -163 -337 -182 -494 -273 -591 244 -158 -304 -441 -427 -555 -443 -189 -180 -552 -205 -372 -596 -485 -239 -437 -400 -259 0
442 -189 -180 0
321 -372 -211 -350 -543 -373 -494 -569 -204 -364 -253 -82 0
542 -342 -121 -8 -12 -82 -489 -190 -189 -300 -373 -180 -141 -409 -150 0
309 -420 -239 -569 -211 -97 244 -441 -555 -208 -323 -446 -161 -56 -245 -100 0
-70 -100 -441 -569 -211 -97 -245 -208 0
543 -151 -82 246 -97 -356 -30 -441 -22 -371 -40 -553 -179 -148 0
-444 -443 -179 -396 -573 -543 0
191 581 -97 -321 -441 -271 -569 -245 0
159 -27 -305 -43 0
154 -179 -193 -569 -97 -321 -441 -271 -245 -82 -573 -30 -430 -541 246 -356 -371 -40 -553 -148 0
178 -444 -441 -396 -97 -257 -579 -260 -45 0
-444 -179 -396 -573 -541 -441 -97 -257 -579 -260 -45 0
-179 -541 -30 -260 -573 -441 -97 -155 -193 -569 -321 -271 -245 -82 -430 246 -356 -371 -40 -553 -148 0
-541 -271 -77 -524 -193 -569 -109 246 -97 -441 -556 -573 -461 -371 -488 -40 -553 -148 -30 -260 -155 -321 -245 -82 -430 -356 0
180 -442 -396 -257 0
-395 -307 246 -97 -573 -441 0
162 -307 -441 -245 246 -97 -321 -394 -364 -556 0
154 -403 -275 -371 -10 -507 -122 -591 -383 -182 -498 -247 -345 -158 -487 -211 -364 -44 0
Solved
