162 -127 -301 -223 -343 -22 -250 -196 -124 0
-127 -223 -301 -196 -343 -22 -250 -124 -160 0
198 -22 -250 -212 -343 -124 -105 -337 -301 -223 -154 0
355 -124 -250 -343 -337 -301 -196 -212 -105 0
126 -224 -105 -155 -196 -301 -343 -349 -250 -160 0
22 -11 -266 -70 -280 -143 -61 -4 -25 -274 -145 -129 -60 0
358 -70 -61 -280 -25 -274 -307 -301 -343 -212 -250 -160 -105 -357 -337 0
225 -144 -25 -70 -61 -280 -43 -22 0
24 -225 -197 -12 -358 -70 -61 -280 -43 0
302 -22 -357 -358 -70 -61 -280 -25 -212 -343 -307 0
23 -11 -70 -61 -280 -357 -43 0
-22 -70 -25 -61 -280 -315 -357 -212 -250 -343 -307 -301 -358 0
281 -40 -198 -358 -31 -70 -61 0
344 -70 -280 -198 -358 -31 -61 -34 -307 -58 -301 0
361 -357 -61 -34 -307 -301 -343 -280 -25 -315 -212 -250 -274 -105 -337 0
196 -266 -25 -61 -280 -315 -212 -250 -343 -307 -301 -70 -357 0
-22 -128 -357 -250 -343 -337 -301 -196 -212 -105 -61 -280 -25 -274 -307 -70 -315 0
282 -70 -301 -357 -250 -337 -212 -105 -61 -280 -25 -274 -307 -343 -315 -305 0
213 -343 -250 0
-358 -296 -12 -144 -280 -225 -70 -22 -197 -61 -43 -360 0
169 -255 -144 -12 0
281 -169 -70 0
-169 -280 -70 0
345 -301 -32 -70 -61 -280 -22 -45 -369 -307 -213 -337 -250 0
223 -358 -61 -280 -22 -357 -212 -250 -343 -307 -301 -70 -5 -7 -268 -198 0
27 -143 -5 0
-301 -22 -307 -343 -32 -70 -61 -280 -26 -45 -369 -337 -250 0
12 -351 -45 -258 -250 -201 -343 -298 0
360 -144 -343 169 -250 -45 -258 -201 0
344 -127 -22 -45 -250 -213 0
-25 -22 -32 -337 -70 -61 -280 -45 -250 -343 -275 -26 0
5 -142 -253 0
25 -253 0
-45 -43 -343 -22 -70 -61 -280 -337 -250 -307 0
345 -144 -61 -280 -343 -22 -70 -337 -250 -307 0
-144 -22 -7 -61 -70 -280 -337 -343 -250 -307 0
212 -343 -250 0
344 -118 -337 -257 -360 -296 -315 -7 -29 -250 -70 -61 -280 23 -43 0
-280 -22 -343 -337 -7 -250 -70 -61 -34 -307 0
6 -255 -311 -354 -145 -125 -129 -28 -70 -92 -169 -367 -144 -298 -25 0
-255 -5 -144 -311 -354 -145 -125 -129 -28 -70 -92 -169 -367 -298 -25 0
-5 -298 -225 -303 -33 -367 -25 -337 -235 -144 -169 -28 -311 -354 -145 -125 -129 -70 -92 0
10 -33 -235 -61 -144 -25 -225 -303 -367 -337 -169 -311 -354 -145 -125 -129 -70 -92 0
143 -4 -25 0
44 -144 -337 -92 -145 -367 -25 -303 -70 -169 -12 -235 -61 -354 -125 -22 0
26 -274 -367 0
-274 -25 -367 0
45 -127 -145 -92 -22 0
-25 -125 -12 -70 -34 -169 -303 -307 -22 -337 -92 -145 -367 -235 -61 -354 -43 0
24 -165 -115 -184 -94 -125 -303 -359 -120 -351 -256 -92 -312 -43 0
299 -120 -295 -337 -88 -145 -92 -43 -22 -115 -303 -125 -256 -181 -70 -207 -199 -169 -12 0
143 -354 -7 -226 -22 -115 -61 -34 -295 -337 -303 -70 -235 -125 -169 -28 -12 -88 -145 -92 -43 -256 -181 -199 -307 -4 0
23 -225 -12 -196 -206 -88 -337 -181 -145 -295 -34 -92 -28 -58 -43 0
11 -51 -145 -311 -305 -186 -169 0
-225 -351 -125 -199 -180 -299 -12 -145 -169 -364 -7 -196 -334 -337 -204 -295 -38 -34 -58 -43 -22 -206 -88 -181 -92 -28 0
345 -22 -34 -145 -169 -364 -7 -337 -43 -181 -307 -226 -115 -61 -70 -235 -367 -250 0
-45 -298 -169 -70 -225 -307 -337 -205 -184 -181 -145 -367 -310 -22 344 -250 -213 -43 0
-12 -225 -145 -92 -43 -22 -115 -181 -70 -169 -307 -337 -367 344 -250 -213 0
-127 -92 -145 -22 344 -250 -213 0
44 -186 -178 -115 -322 -240 -321 -145 -68 -310 0
6 -38 -307 -204 -142 -118 0
-225 -92 -115 -61 -307 -34 -364 -7 -337 -145 -22 -43 -70 -235 -169 -226 -181 -367 344 -250 -213 0
-92 -115 -70 -169 -145 -337 -43 -22 -61 -307 -34 -364 -7 -235 -226 -181 -367 344 -250 -213 0
185 -156 -196 -104 -337 -13 0
223 -166 -115 -184 -337 -7 -356 0
197 -15 -184 -337 -154 0
186 -268 -235 -143 -26 -297 -337 -11 0
-22 -70 -337 -307 -7 -61 -34 -364 -181 -250 -343 0
93 -310 -43 0
224 -115 -31 -233 -178 -61 -89 -322 -168 -162 -13 0
-115 -328 -122 -61 -322 -7 -355 -13 -223 -31 -233 -178 -89 -168 -162 0
312 -13 -250 -343 -70 -61 -322 -7 -355 -223 -31 -178 -127 -93 -181 0
14 -161 -31 -178 -61 -322 -167 -234 -90 -355 -223 -123 0
184 -355 -7 -61 -223 -31 -127 -181 -250 -343 -70 0
265 -14 -223 -184 -337 0
310 -11 -343 -263 -250 -167 -92 -69 0
-4 -142 -5 -25 0
124 -118 -246 -179 0
185 -358 -246 -314 -263 -159 -127 -167 -311 -343 -250 -92 -69 -296 -337 0
267 -121 -34 -58 -263 -343 -250 -184 -314 -127 -296 -337 -70 -156 -197 -115 0
126 -92 -282 -121 -43 -12 -312 -168 -164 -263 0
166 -164 -263 0
-92 -324 -235 -180 -121 -250 -43 -282 -12 -312 -168 -164 -263 0
13 -263 -250 -343 -184 -337 -197 -156 -265 -34 -58 -314 -127 -296 -70 0
224 -265 -14 -250 -343 -184 -337 -34 -58 -127 -70 -7 -355 0
44 -312 -263 -250 -92 -184 -115 -337 -265 -198 -155 -343 -121 0
311 -166 -198 -265 -337 -115 -184 -155 0
45 -311 -92 0
-263 -92 -198 -115 -155 -121 -250 -265 -184 -337 -343 -264 0
-311 -125 -343 -250 -92 -167 -184 -164 -337 -265 -198 -155 -121 0
124 -118 -245 -180 0
-92 -315 -297 -198 -337 -127 -121 -184 -265 -115 -155 -343 -250 -264 0
196 -126 -70 -264 -166 -115 -58 -265 -31 344 -198 -61 -34 -307 -155 0
262 -11 -169 -30 -165 -126 0
-14 -184 -337 -70 -58 -31 -61 -34 -307 -343 -250 -127 -7 -355 -223 0
-70 -337 -61 -34 -307 -343 -250 -7 -181 -364 0
186 126 -121 -43 -92 -12 -164 -225 -116 -14 0
126 -92 -280 -169 -185 -121 -61 -164 -225 -116 -14 -343 -250 0
186 -92 -235 -121 -250 -43 -164 -225 -116 -14 0
15 -225 -355 -43 -7 -121 -103 0
198 -164 -250 -343 -116 -14 -7 -358 -337 -155 0
266 -198 -156 0
-263 -264 -126 -212 -250 -92 -115 -198 -121 -265 -184 -337 -155 0
-155 -337 -311 -11 -250 -92 -184 -69 -265 -198 -121 -126 -212 -115 -223 -156 0
125 -263 -337 -250 -9 -356 -288 -159 -90 -43 -167 -311 -92 -358 0
-263 -297 -92 -43 -159 -223 -167 -323 -179 -246 -126 -337 -250 -9 -356 -288 -90 -311 -358 0
-337 -223 -92 -43 -323 -179 -126 -250 -311 -103 -11 -184 -265 -121 -115 -338 0
-198 -263 -311 -250 -126 -92 -115 -223 -265 -196 -156 0
124 -238 -250 -212 -319 -148 -109 -127 -255 -169 -367 -349 -70 -192 -303 -360 -246 -179 0
-263 -246 -250 -92 -126 -212 -109 -179 -23 -159 -323 -281 -156 -115 -295 -265 -223 -311 -196 0
-184 -126 -92 -250 -43 -121 -186 0
-311 -198 -92 -250 -213 -152 -29 -10 -345 -263 -13 -121 -43 -310 0
311 -116 -263 -13 -121 -43 0
125 -263 -121 -43 -92 -250 -10 -13 -310 -322 -178 0
44 -165 -256 -10 -358 -337 -168 -225 -13 -121 0
-263 -13 -121 -43 -92 -10 -337 -126 -250 -310 -322 -178 0
267 -310 -43 -167 -121 -164 -13 0
44 -224 -267 -13 -121 0
-126 -186 -43 -92 -250 -121 0
-198 266 -43 -186 -92 -121 0
13 -116 -186 -180 0
266 -162 -92 -180 -186 -121 -43 -212 -246 0
-263 -225 -250 -121 -186 -180 -360 -266 -198 -92 -264 0
267 -13 -186 -43 -164 -121 -167 0
-225 -198 -121 -186 -43 -250 -92 0
-13 -224 -264 -121 -43 -186 -15 0
-263 -127 -153 -30 -212 -69 -92 -250 -11 -167 -311 -264 0
-198 -186 -250 -121 -43 -92 0
-186 -250 -43 -121 -92 0
-13 -250 -92 -121 -43 0
266 -263 -121 -92 -43 -250 0
Solved
