413 -97 -355 -112 -154 -274 -196 -88 -79 0
-97 -355 -274 -112 -154 -196 -88 -79 -412 0
182 -334 -193 0
81 -347 -321 -7 -98 -190 -88 -418 -412 0
183 -334 -193 0
99 -334 -109 -160 -409 -373 -190 -352 -115 -274 -112 0
357 -347 -190 -352 -115 -274 0
276 -396 -4 -331 -347 -190 -99 -352 -112 0
335 -352 -160 -373 -190 -409 -112 -274 -4 -331 -99 -115 -22 -337 -193 0
-347 -8 -160 -409 -373 -167 -419 -356 -348 -190 -352 -115 -274 0
275 -395 -4 -331 -99 -160 -409 -373 -167 -348 -190 -352 -115 -274 0
424 -160 -274 -4 -331 -112 -409 -373 -190 -22 -337 -193 0
394 -318 -234 0
-348 -352 -22 -289 -37 -160 -373 -409 -328 -347 -190 -34 -274 -112 -99 0
12 -238 -220 0
10 -203 -372 -214 -272 -323 -130 -183 -193 -108 0
-352 -99 -220 -214 -130 -193 -412 -280 -154 -190 -274 -4 -331 -347 -112 -22 -337 -103 -289 -37 -160 -373 -409 -328 -34 0
420 -189 -172 -280 -229 -226 -4 -356 394 -190 0
346 -226 -409 -373 -280 -160 -4 -190 -22 -37 -424 -337 -193 -274 -181 -112 -99 0
416 -316 -264 -396 -237 -331 -99 0
418 -140 -160 -256 -101 -190 -415 -264 -396 -237 -331 -99 -154 -356 0
-99 -347 -373 -190 -160 -256 -331 -154 -37 -220 -274 -112 -193 -22 -337 -103 -409 -280 -4 -214 -130 -412 -289 -328 -34 0
191 -7 -111 -409 -193 -373 -182 -418 -354 -160 0
-334 -324 -103 -10 -182 -336 -193 0
-7 -182 -193 -337 -111 -103 -336 -237 -37 -245 -289 -160 -409 -373 -418 -190 -354 0
-347 -160 -193 -409 -373 -190 -337 -103 -37 -289 -274 -112 -256 -331 -154 -220 -22 -280 -4 -214 -130 -412 -328 -34 0
275 -354 -182 -112 0
162 -306 -12 -373 -220 -409 -289 -256 -100 0
192 -182 -193 -324 -160 -12 -373 -220 -409 -289 -256 -154 -112 -274 -419 0
181 -12 -98 -14 -373 -112 -409 -289 -274 -424 -160 -353 -335 -324 0
430 -4 -37 -220 -112 -193 -373 -409 -289 -274 -256 -154 -22 -103 -331 -280 -214 -130 -412 -34 0
-334 -181 -193 0
432 -259 -224 -237 -373 -128 -409 -289 -160 -82 0
-259 -323 -409 -373 -289 -160 -82 -430 -224 -237 -128 0
161 -309 -424 -88 -412 -203 -94 -372 -82 -373 -214 -430 -409 -289 -256 0
182 -424 -82 -373 -430 -409 -160 -412 -214 -289 -256 -340 -37 -244 -193 -112 0
97 -134 -354 -122 -260 -417 -236 0
162 -129 -225 -236 -98 -354 -331 -255 -1 -14 -325 -82 -373 -430 -409 -289 0
-181 -160 -82 -373 -430 -409 -289 -340 -331 -1 -325 -37 -274 -112 -412 -214 -256 -193 0
375 -421 -340 -154 -373 -220 -409 -289 -256 -112 -274 -193 -103 -334 -182 -82 -214 -430 -322 -160 0
-160 -193 -274 -112 -331 -220 -1 -325 -82 -103 -430 -289 -409 -373 -340 -154 -256 -214 -37 -412 0
133 -11 -220 0
83 -403 -412 -363 -272 -328 -191 -430 0
236 -133 -278 -255 -14 -82 -412 -191 -430 -343 -227 -70 -4 -175 -245 -223 -75 -37 0
314 97 -1 -122 -331 -260 -354 -325 -255 -430 -14 -82 -223 -278 -412 -191 -227 -4 -245 -37 -220 -289 0
213 -45 -71 -67 0
84 -211 -103 -322 -214 -245 -223 -37 -122 97 -260 -354 -331 -1 -325 -255 -430 -14 0
97 -334 -193 -255 -14 -220 -103 -420 -430 -82 -322 -214 -245 -37 -122 -354 -331 -1 -325 -315 -412 -4 -289 0
432 -417 -1 -331 -325 -191 0
135 -10 -393 -103 -278 -90 0
133 -220 0
162 -313 -373 -409 -289 0
315 -322 -97 -214 -112 -103 -439 -289 0
135 -97 -112 -13 -439 -289 -354 -214 -161 -373 -409 -11 0
181 -336 -195 0
160 -197 -391 -278 -345 -108 -405 -336 -425 -195 -117 -140 -370 -348 -164 -214 -105 -69 -324 0
104 -102 -140 -191 -417 -197 -122 -357 -81 -43 -420 -69 -348 -324 0
290 -315 -266 -329 -191 -140 -373 -409 -161 -391 -278 -214 -94 -412 -254 -97 -13 -220 -326 -112 -11 -439 -43 0
323 -89 -266 -43 -278 -220 -11 -37 -104 -236 -347 -246 -261 -338 -354 -194 -183 0
291 -278 -329 -266 -331 -1 -326 -94 -412 -338 -220 -11 -214 -43 -37 -354 -97 -13 -112 -439 -161 0
-97 -11 -112 -439 -289 -161 -214 -373 -409 -329 -191 -391 -94 -412 -13 -220 -326 -43 -331 -1 -338 -37 -354 0
105 -11 -133 -43 -354 -409 -112 -373 -13 -161 -289 -439 -391 0
104 -370 -214 -300 -195 -338 -69 -346 -324 0
162 -88 -94 -329 -412 -43 -191 -346 -338 -214 -105 -13 -326 -112 -133 -373 -439 -11 -409 -289 0
-195 -193 -183 -336 0
-334 -5 -202 -391 -278 -266 -47 -261 -276 -354 -112 -193 0
334 -261 -235 -37 -354 -246 -183 0
230 -202 -391 -278 -266 -334 -261 -276 -354 -112 -193 0
348 -230 -173 0
314 -121 -43 -409 -69 -373 -213 0
-193 -140 -340 -391 -235 -299 -69 -315 -43 -409 -373 -278 -266 -354 -112 -37 -183 -289 -439 -371 -13 -336 0
12 -183 -340 -391 -235 -299 -69 -43 -409 -373 -354 -112 -37 -289 -439 -371 -13 -133 0
324 -415 -191 -373 -289 -439 -346 -105 -11 -340 -391 -235 -43 -409 -354 -112 -37 -13 -133 -214 0
237 -262 -37 0
-262 -235 -37 0
-334 -193 -163 -300 -213 -71 -391 -278 -266 -122 -289 -439 -112 -13 -354 -336 -140 0
-193 -372 -326 -439 -112 -182 -163 -300 -213 -71 -391 -278 -266 -122 -289 -13 -354 -336 -140 0
-11 -439 -289 -112 -326 -391 -13 -354 -43 -37 -214 -191 -373 -340 -409 -161 -94 -329 -412 -338 -220 -331 -1 0
211 -299 -397 -43 -329 -69 0
181 -260 -37 -122 -94 -412 -397 -88 -391 -141 -43 -329 -214 -326 -289 -104 -439 -112 -13 -193 -335 0
183 -193 -326 -104 -439 -214 -112 0
-181 -183 -354 -37 -267 -289 -279 -191 -439 -112 -193 0
-193 -94 -37 -412 -88 -391 -141 -43 -329 -214 -326 -289 -104 -439 -112 -13 -335 -267 -279 -354 -191 0
82 -191 -289 -354 -112 -37 -412 -329 -214 -326 -373 -340 -409 -161 -338 -220 -331 -1 0
-181 -99 -37 -338 -191 -354 -322 -246 -193 -183 -261 0
-43 -242 -121 -289 -112 -326 -439 -13 -354 -11 -37 -214 -191 -373 -340 -409 -161 -391 -329 -412 -338 -220 -331 -1 -45 0
-391 -140 -425 -110 -412 -329 -278 -96 -266 -121 -409 -373 -315 -213 -289 -112 -326 -439 -13 -354 -11 -37 -214 -191 -340 -161 -338 -220 -331 -1 -45 -127 -223 -175 -393 0
-13 -104 -99 -115 -191 -329 -100 -278 -412 -96 -121 -409 -373 -315 -213 -289 -112 -326 -439 -354 -37 -214 -340 -161 -338 -220 -331 -1 -45 -223 -175 -393 -246 -334 -253 -193 -15 0
44 -266 -96 -329 -242 -121 -72 0
-266 -140 -99 -340 -191 -421 -137 -412 -198 -329 -278 -96 -242 -121 -409 -373 -344 -315 -213 -72 -45 0
392 -355 -191 -412 -373 -96 -278 -409 -133 -121 -46 -99 -340 -421 -329 -315 -213 -45 -246 -37 -235 -223 -175 0
-439 -193 -96 -409 -133 -393 -191 -412 -373 -329 -45 -37 -354 -112 -338 -340 -161 -289 -326 -214 -441 0
114 -213 -412 -373 -96 -278 -409 -133 392 -121 -46 -340 -329 -315 -191 -45 -37 -223 -261 -354 -112 -193 -98 0
-213 -11 -103 -173 -405 -367 -318 -191 -340 -412 -266 -329 -278 -96 -121 -409 -373 -315 -45 -133 392 -46 -37 -223 -420 -138 -81 -197 -261 -354 -254 -15 -112 -193 -98 0
-121 392 -289 -318 -191 -340 -412 -266 -329 -278 -96 -409 -373 -45 -133 -103 -37 -354 -15 -112 -193 -417 -122 0
211 -361 -214 -161 -373 -409 -289 -71 -68 0
392 -122 -338 -193 -103 -45 -214 -161 -373 -409 -289 -354 -329 -278 -133 -266 -318 -191 -340 -412 -96 -37 -15 -112 -417 0
212 -98 -338 -37 -193 -103 -11 -161 -315 -289 0
-122 -266 -289 -45 -338 -193 -103 -161 -373 -96 -409 -417 -329 -37 -133 -278 -393 -214 -354 -318 -191 -340 -412 -15 -112 0
135 -266 -278 0
212 -104 -409 -133 -393 -191 -412 -373 -329 -45 -37 -354 -112 -96 -340 -161 -289 -214 -193 -432 -11 -315 0
-104 -96 -191 -412 -373 -193 -278 -409 -133 -121 -46 -340 -329 -315 -213 -45 -37 -235 -393 -266 -289 -122 -354 -112 -415 -363 -432 0
290 -213 -315 0
-122 -235 -412 -373 -193 -278 -409 -96 -121 -104 -340 -329 -315 -213 -45 -37 -133 -191 -266 -289 -354 -112 0
-235 -133 -104 -409 -191 -412 -373 -329 -45 -37 -354 -112 -96 -340 -289 -214 -193 -11 -315 -213 -278 -121 -266 0
-133 -104 -409 -191 -412 -373 -329 -45 -37 -354 -112 -96 -340 -289 -214 -193 -11 -278 -121 -315 -213 -266 0
133 -266 -278 0
411 -448 -373 0
-448 -373 -409 0
123 -421 -340 -140 -213 -325 -214 -67 -323 -162 -329 -409 -266 0
262 -103 -162 -112 -193 -323 -213 -11 -315 -373 -354 -409 -261 -45 -121 -140 -325 -329 -266 0
104 -121 -162 -191 -409 -266 -354 -112 -261 -37 -193 -213 -11 -315 -373 -45 -140 -329 -441 0
-122 -322 -373 -289 -409 -354 -112 -37 -191 -261 -193 -213 -278 -266 -104 -441 -161 -45 -84 -430 -329 -121 0
122 -104 -11 -315 -441 -373 -84 -409 -45 0
-121 -45 -289 -409 -354 -112 -37 -191 -193 -213 -278 -266 -373 -329 -315 0
121 -261 -354 -266 -278 0
-213 -329 -315 -409 -373 -289 -354 -112 -191 -193 -278 -266 -37 0
123 -45 -10 -214 213 -193 -329 -278 -354 -37 -266 -260 0
122 -45 -440 -329 -140 -214 -193 -336 -161 213 -105 -409 0
441 -127 -223 -193 -336 -112 -83 0
-45 -440 -193 -112 -37 -329 -266 -214 -161 213 -409 -10 -278 -354 -260 0
-235 -322 -300 -52 -214 -140 -73 -69 -237 -37 0
103 -182 -340 -161 -241 -430 -391 -193 -336 -112 -214 -72 -300 -397 -140 -412 -88 -52 -73 -69 -237 -37 -440 0
324 -391 -440 -84 -112 -140 -300 -214 -193 -336 0
121 -329 -191 -112 -373 -409 -289 -266 -278 -315 -193 -37 -354 0
391 -100 -168 -140 0
-329 -191 -37 -193 -409 -112 -373 -289 -266 -278 -315 -354 0
-104 -418 -213 -373 -67 -315 -409 -322 -11 -121 -103 -45 -441 -84 0
432 -103 -398 -140 -213 -441 -322 -373 -315 -409 -11 -121 -278 -45 -37 -261 -354 -191 0
161 -45 -315 -213 -373 -121 -409 -322 0
-45 -213 -112 -193 -278 -266 -289 -354 -322 -191 -373 -409 -37 -315 0
-213 -322 -315 -409 -373 -112 -193 -278 -266 -289 -354 -37 -191 0
323 -45 -193 -336 -112 -440 -37 -72 -105 -69 0
-45 -105 -69 -373 -398 -409 -278 -140 -191 -300 -440 -112 -193 -336 -431 -161 -322 -37 -72 0
104 -300 -278 -140 -398 -440 -112 -84 -214 -193 -336 -322 0
324 -123 -409 -266 -278 -161 -300 -440 -112 -84 -214 -193 -336 0
-322 -191 -409 -266 -278 -112 -193 -373 -37 -315 -289 -354 0
-213 -212 -373 -160 -315 -289 -409 0
68 -45 -266 -191 -431 -409 -160 -289 -373 -315 -347 0
-45 -244 -112 -181 -362 -354 -409 -266 -278 -160 -289 -373 -315 -67 -191 -431 -347 0
-191 -289 -266 -409 -278 -373 -315 -112 -354 -193 -37 0
291 -105 -181 -112 -244 -37 -328 -431 -409 -121 -259 0
-289 -315 -112 -409 -266 -278 -193 -37 -354 -373 0
323 -181 -439 -214 -112 -193 -45 -72 -37 -105 -69 0
123 -439 213 -324 -214 -112 -193 -37 -278 -354 -266 -259 0
441 -104 -11 -83 -193 -127 -112 -223 0
44 -52 -140 -102 -420 -142 -191 -48 -417 -275 -112 -439 -11 -193 -324 -37 -72 -69 0
-440 -97 -330 -340 -161 -52 -241 -391 -193 -182 -112 -214 -72 -300 -140 -412 -73 -69 -237 -37 -239 -397 -11 -104 -439 0
-322 -104 -193 -275 -432 -112 -84 -330 -340 -161 -52 -241 -391 -182 -214 -72 -300 -140 -412 -73 -69 -237 -37 -239 -397 -11 -48 -439 -324 0
-104 -275 -193 -11 -432 -112 -84 -330 -340 -161 -52 -241 -391 -182 -214 -72 -300 -140 -412 -73 -69 -237 -37 -239 -397 -48 -439 -324 0
-315 -266 -193 -112 -354 -278 -37 -409 -373 0
83 -305 -421 -419 -412 -191 -140 -123 -430 -391 -45 0
-336 -235 -74 -398 -329 -165 -37 -90 -406 -338 -109 181 -334 0
336 -398 -90 -165 -406 -109 0
-398 -406 -37 -264 -338 -109 -74 -329 -165 -90 181 -334 0
122 -321 -278 -334 -100 -266 -109 -329 -165 211 -373 -409 -289 -161 -68 -37 -338 -90 181 0
105 -266 -409 -373 -123 -278 -334 -37 -90 181 -168 -419 -191 -213 -291 -162 0
160 -371 315 -214 -112 -103 -322 -191 -340 -419 -421 -347 -140 -299 -69 -257 0
-266 -373 -193 -37 -112 -409 -278 -354 0
441 -104 -416 -97 -112 -229 0
323 -163 -211 -278 -373 -71 -134 -290 -420 -140 -259 -192 -299 -354 -214 -183 0
103 -326 -193 -183 -354 -259 -290 -214 -161 -322 -211 -278 -373 -71 -134 -140 -416 -229 -347 0
-104 -229 -134 -409 -140 -161 -373 -259 -47 -354 -112 -322 -193 -211 -278 -71 -416 -97 -439 0
67 -45 -112 -439 -354 -161 -373 -409 -322 -140 -278 -37 -193 0
-181 -263 -37 -183 -354 -261 -112 -193 0
-441 -299 -140 -193 -409 -45 -439 -191 -373 -329 -37 -354 -112 -161 -289 -212 -430 -82 0
-45 -439 -140 -193 -409 -278 -373 -37 -354 -112 -161 -322 -69 0
324 -244 -134 -278 -140 -354 -112 -181 -161 0
-181 -439 -112 -416 -37 -193 -214 -69 -322 -134 -278 -140 -354 -161 0
323 -439 -112 -278 -409 -140 -161 -373 -354 -322 -193 -37 -69 0
-300 -104 441 -112 -416 -299 -322 -69 -214 -140 -52 -237 -73 -37 0
300 -43 -134 -278 -299 -329 -69 -212 -140 0
-439 -161 -322 -140 -69 -37 -278 -112 -409 -373 -354 -193 0
-181 324 -278 -140 -354 -112 -134 -161 -193 0
324 -300 -440 -112 -140 -214 -193 -340 -278 -354 -134 -161 -412 -103 0
162 -393 -82 -43 -176 -70 -259 -289 -373 -409 0
298 -70 -43 -82 -18 -423 -258 -161 -176 -259 -289 -373 -409 -140 0
-181 -259 -82 -122 -43 -289 -211 -300 -258 -161 -373 -409 -140 -152 -223 -112 -182 -193 0
141 -392 -340 -202 -177 -421 -52 0
139 -275 -112 -97 -47 -229 -239 -300 -165 -134 0
-300 -161 -140 -112 -193 -354 -278 -373 -409 -37 -69 -322 0
-161 -322 -278 -140 -354 -112 -193 -373 -409 -37 -69 0
-181 -211 -10 -7 -314 -290 -155 -259 -175 -322 -69 -214 -140 -52 -300 -73 -37 -244 -371 -354 -112 -193 -183 0
-300 -299 -416 -112 -322 -69 -214 -140 -52 -73 -37 -241 -314 -290 -340 -259 -354 -371 -193 -183 -168 -134 -101 0
-104 -84 -431 -419 -191 -347 -439 -416 -229 -112 -97 -105 0
99 -191 -419 -416 -347 0
-322 -69 -112 -354 -278 -37 -193 -140 -373 -409 0
-71 -90 -258 -122 -289 -82 -211 -300 -181 -161 -373 -409 -140 -152 -193 -112 -165 -260 -75 -399 -67 213 0
141 -95 -152 -363 -258 -122 -289 -82 -211 -300 -181 -161 -373 -409 -140 -193 -112 -165 -260 -75 -399 -67 213 -167 -239 -392 -134 0
105 -84 -134 -140 -152 -258 -122 -300 -181 -161 -373 -409 -193 -112 -67 -167 -329 -432 -278 -291 -212 -315 0
-84 -167 -44 -122 -278 -140 -134 -103 -152 -258 -300 -181 -161 -373 -409 -193 -112 -67 -329 -432 -291 -212 -315 0
-161 -300 -67 -373 -160 -212 -409 -112 -263 -354 -181 -193 -44 -278 -140 -103 -37 0
-289 -290 -160 -212 -409 -373 0
161 -212 -160 -409 -373 0
-69 -140 -409 -112 -354 -193 -278 -373 -37 0
211 -181 -134 -354 -264 -37 -193 -112 -122 -47 -324 -231 -161 -373 -409 -289 -300 0
-181 -289 -37 -112 -324 -231 -140 -161 -300 -264 -213 -134 -354 -193 -122 -47 -373 -409 0
-103 -84 -441 -112 -430 -193 -347 -324 -334 -10 -182 -104 0
103 -8 -191 -416 -329 -173 -399 -347 -165 0
212 -191 -416 -104 -329 -373 -278 -409 -134 -122 -258 -231 -140 -260 -161 -300 -289 0
-290 -212 -10 -300 -103 -289 -409 -373 0
-213 -212 -112 -409 -193 -134 -181 -103 -161 -289 -300 -373 0
-322 -224 -181 -324 -69 -237 -214 -140 -52 -300 -73 -37 0
-354 -82 -181 -432 -112 -69 -324 -140 -300 -134 -122 -260 -409 -193 -373 0
354 -167 -340 -102 213 -244 -37 -122 -324 -112 -260 -181 0
162 -440 -103 -140 -134 -181 -112 -300 -260 -409 -193 -373 213 0
323 -260 -140 -134 -112 -409 -193 -69 -373 -181 -103 0
-212 -103 -300 -112 -181 -134 -409 -193 -373 -140 -161 -289 0
-260 -103 -112 -409 -193 -289 -181 -140 -161 -300 -134 -373 0
-278 -213 -289 -181 -140 -161 -300 -112 -324 -134 -354 -193 -122 -373 -409 -322 0
-103 -134 -289 -181 -140 -161 -300 -112 -193 -373 -409 0
-213 -354 -112 -409 -193 -373 -236 -263 -68 290 0
-324 -134 -161 -181 -112 -140 -300 -409 -193 -373 -289 0
324 -244 -140 -300 -112 -214 -181 -161 0
-181 -289 -409 -112 -161 -373 -193 -140 -300 0
113 -290 -134 -260 -354 -278 -70 -343 -191 -430 -227 -4 -223 -172 -346 -212 -300 -122 -289 -409 -373 -104 0
347 -99 -172 -416 0
-290 -45 -223 -442 -416 -191 -430 -362 -329 -305 -100 -278 -140 -134 -115 -104 -230 -346 -172 -112 -260 -354 -70 -343 -227 -4 -212 -300 -122 -289 -409 -373 -313 0
-354 -213 -112 -409 -193 -373 -140 -68 -289 -161 -104 -300 -258 0
-278 -231 -258 -161 -373 -409 -289 -104 -213 -300 -121 -140 -134 -279 0
123 -175 -258 -421 -161 -392 -289 -213 -140 -373 -134 -409 -266 0
259 -134 -300 -140 -258 -373 -161 -409 -289 -213 -421 -104 -279 -68 0
-278 -236 -104 -315 -68 -421 -213 -305 -300 -140 -134 -279 0
139 -176 -340 -421 -392 -305 0
336 -71 -111 -82 -96 -198 -421 -398 -18 -340 -43 -204 -128 -372 -245 -193 0
67 -417 -192 -430 -112 -82 -441 -334 -193 -324 -10 -182 -111 -96 -198 -421 -398 -18 -340 -43 -204 -128 -372 -245 -37 -213 0
-134 -213 -112 -324 -193 -161 -289 -140 -373 -409 -300 0
67 -315 -165 -239 -104 -11 -417 -37 -213 0
211 -71 -330 -397 -68 -373 -409 -289 -161 0
121 -165 -276 -334 -239 -104 -48 -11 -300 -213 -330 -397 -68 -373 -409 -289 -161 -417 -261 0
141 -330 -68 -223 -161 -409 -261 -123 -276 -334 -239 -104 -48 -11 -300 -213 -397 -373 -289 -417 -391 0
-213 -324 -373 -161 -289 -300 -140 -112 -409 -193 0
-324 -289 -112 -193 -373 -409 -161 -140 -300 0
-278 -192 -193 -289 -161 -409 -300 324 -112 141 -223 -276 -334 -213 -373 -279 0
440 -417 -192 -97 -430 -112 -82 0
-213 -289 -140 -193 -112 -161 -409 -300 -373 0
-278 213 -440 -140 -193 -161 -409 -300 -112 324 -10 -260 -373 0
-289 -300 -140 -193 -161 -409 -112 -373 0
135 -276 -432 -193 -112 -397 -439 -37 -69 -324 -300 -140 -11 -278 0
-104 -230 -11 -340 -161 -69 -239 -330 -193 -73 -214 -52 -300 -140 -412 -72 -37 -391 -241 -397 -439 -112 -324 -105 0
104 -183 -112 -439 -324 0
-105 -417 -37 -69 -11 -340 -161 -239 -330 -193 -73 -214 -52 -300 -140 -412 -72 -391 -241 -397 -439 -112 -324 -104 0
-278 -300 -193 -161 -112 -140 -409 -373 0
441 -380 -73 -353 -420 -330 -346 -432 -97 -112 -82 -229 -104 0
12 -229 -97 -112 -439 -73 -353 -420 -432 -104 -122 -392 -266 -140 -134 0
67 -104 -122 -300 -266 -140 -134 -11 -112 -439 -353 -420 -432 -72 -392 -37 0
-104 -11 -193 -324 -69 -122 -300 -266 -140 -134 -112 -439 -353 -420 -432 -72 -392 -37 0
-300 -193 -140 -112 -161 -409 -373 0
322 -104 -373 -409 -193 -161 -213 0
12 -422 -231 -69 -430 -112 -439 -371 -140 -409 -193 -373 -289 -183 -213 -133 0
315 -121 -422 -52 -183 -155 -112 -409 -439 -373 -289 0
-121 -21 -88 -346 -231 -112 -69 -439 -213 -289 -314 -422 -52 -183 -155 -409 -373 0
345 -422 -340 -183 -136 -223 -228 -176 -5 0
-104 -193 -112 -409 -140 -373 -161 0
-439 -289 -409 -373 -112 -140 -193 -161 0
10 -82 -90 -347 -391 -112 -325 -193 -371 -304 -257 -161 -373 -409 -289 0
99 -48 -231 -276 -347 -112 0
-289 -193 -161 -373 -409 -112 -140 0
-193 -409 -373 -161 -112 -140 0
11 -300 -140 -37 -337 -69 -213 -161 -289 -439 -112 -181 -334 0
12 -439 -112 -181 -289 -334 -213 0
-315 -439 -112 -213 -289 -409 -373 -140 -161 0
-439 -213 -161 -289 -373 -409 -112 -140 0
323 -430 -82 -325 -13 -370 -112 -214 -181 0
160 -82 -325 -13 -370 -112 -214 -181 0
-213 -289 -373 -409 -161 -112 -140 0
-104 -420 -345 -412 -432 -122 -260 -225 441 -112 -370 -37 -214 -69 -324 0
-346 -432 -370 -300 -327 -214 -69 -195 -324 104 0
239 -164 -140 -135 -90 0
-160 -135 -373 -112 -140 -69 -409 -240 -300 -345 -260 441 -161 0
-439 -315 290 -373 -409 -161 -140 -112 -69 -300 -345 0
182 213 -340 -260 -102 -37 -167 -324 -112 -122 -181 -82 -13 0
348 -122 -275 -260 -354 -190 -230 -98 0
-289 -409 -112 -373 -140 -161 0
-260 -236 -167 -37 -337 -263 -432 -44 -111 -122 -340 213 -102 -324 -112 -181 182 -13 -259 0
139 -128 -224 -243 -246 -393 -102 0
84 -48 -276 -353 -133 -140 -224 -246 -102 -122 213 -67 0
95 -176 -80 -224 -412 -241 0
98 -246 -102 -140 -412 -122 -83 -276 -133 213 -67 -167 -37 -337 -432 -111 -340 -324 -112 -181 182 -13 -259 -420 -348 0
-260 -190 -140 -102 -432 -175 -122 -167 -37 -337 -263 -44 -111 -340 213 -324 -112 -181 182 -13 -259 0
322 -104 -102 -432 -122 -167 -37 -337 -340 213 -324 -112 -181 -13 -259 -420 -412 -334 -439 -11 -140 0
-104 -412 -122 -420 -432 -112 -370 -37 -214 -324 -439 -334 -181 -102 -167 -337 -340 213 -13 -259 -11 -140 0
83 -177 -37 -225 -423 -140 -300 -258 -214 -370 -327 -432 0
223 -329 -102 -9 -140 -73 -391 -237 -177 0
261 -255 -48 -275 104 -191 -140 -122 -417 -102 -420 -69 -348 -324 -225 -9 -237 -432 -84 -37 -423 -300 -258 -214 -370 -327 0
-409 -373 -112 -140 -161 0
259 -223 -181 -37 -448 -373 -213 -291 0
225 -68 -263 -324 -236 -181 0
-235 -12 -391 -105 -166 -102 -48 -357 -267 -419 -190 -432 -84 -94 -342 -98 -423 -236 -37 0
-223 -181 -166 -102 -267 -432 -37 -112 -243 -324 -448 -373 -213 -291 -261 0
139 -392 -166 -102 0
68 -215 -448 -213 -373 -291 -324 0
-260 -348 -354 -95 -98 -197 -235 -122 -341 -37 -231 -448 -300 -373 -213 -291 -261 0
260 -341 -448 -37 -197 -235 -175 0
-182 -300 -122 -373 -213 -291 -95 -235 -37 -448 -261 -175 -324 -258 -306 -112 -181 0
278 -135 -267 0
-181 -261 -373 -448 -324 -213 -37 -291 -112 -267 -122 -258 -140 -166 -102 -243 -432 0
229 -348 -437 -108 -104 -137 -12 -278 -267 -99 -70 0
139 -198 -421 -305 -54 0
-260 -231 -112 -104 -267 -122 -140 -421 -54 -243 -223 -258 -235 -215 -37 -448 -373 -213 -291 -261 0
-235 -267 -112 -421 -54 -166 -102 -140 -258 -215 -243 -448 -213 -223 -37 -352 -291 -104 -122 -373 -261 -68 0
-122 -213 -166 -102 -140 -258 -37 -448 -373 -112 -291 -324 -432 -121 0
192 -108 -12 -135 -266 -321 -352 -8 0
-223 -191 -432 -328 -12 -266 -321 -140 -305 -421 -70 -166 -343 -102 -4 -245 -195 259 -37 -448 -373 -213 -291 -225 0
347 -182 -421 -342 -432 -328 -12 -266 -140 -305 -70 -166 -343 -102 -4 -245 259 -37 -448 -373 -213 -291 -225 -370 -385 -172 -99 0
299 -440 -432 -385 -104 -421 -342 -328 -12 -266 -140 -70 -166 -343 -102 -245 259 -37 -448 -373 -213 -291 -225 -99 -44 -324 -258 -67 -216 0
290 -104 -266 -53 -166 -102 -140 -432 -37 -448 -373 -213 -291 -44 -324 -258 -260 -74 -235 0
289 -235 -37 -373 -448 -260 -213 0
346 -198 -156 -414 -320 -90 -419 -173 -99 0
-235 -266 -432 -140 -112 -53 -166 -102 -260 -74 -37 -448 -324 -373 -213 -291 -44 -258 0
421 -342 -198 0
264 -198 -448 -37 0
-315 -213 -291 0
114 -182 -291 -213 -44 -216 -69 -324 -96 0
211 -14 -440 -266 -348 -166 -102 -140 -324 -448 -213 -373 -291 -69 0
113 -69 -291 -324 -213 -266 -166 -102 -140 -448 -373 -97 0
-213 -37 -448 -373 -291 -324 -102 -112 -140 -166 -432 -258 -121 0
176 -335 -181 -372 -421 -341 -198 0
105 -440 -166 -102 -242 -224 -198 -177 -181 -372 -421 -341 -140 -10 0
196 -242 -112 -181 -140 -166 -102 -372 -421 -341 -198 -177 0
-392 -391 -140 -166 -102 0
-235 -215 -112 -324 -266 -166 -140 -102 -181 -198 -121 -259 -37 -448 -72 -69 0
235 -181 -140 -166 -102 -259 -121 -72 -432 -198 -112 -324 -69 -37 -264 0
-181 -259 -291 -315 -373 -37 -448 -112 -324 -266 -166 -140 -102 -198 -121 -72 -69 -432 0
177 -248 -345 -202 0
181 -198 -121 -72 -166 -140 -102 -345 -432 -448 -37 -69 -324 0
38 -203 -277 -352 -5 -154 -181 -230 -306 -421 -300 -258 -340 -214 -224 -448 -235 0
-177 391 213 -140 -121 -112 -181 -166 -102 -198 -214 -448 -37 -352 -306 -258 -235 -175 0
39 -135 -230 -277 -347 -37 -181 -261 -112 -371 -214 -448 -235 0
-392 -181 -112 -198 -448 -37 -261 -214 -235 -103 -10 213 -140 -121 -166 -102 -352 -258 -175 0
449 -111 213 -181 -371 -428 -135 -347 -37 -261 -112 -214 -448 -235 0
-198 -266 -37 -448 -112 -166 -140 -121 -102 -258 -324 -291 -373 -432 0
215 -305 -140 -300 -258 0
-235 -181 -315 -291 -345 -156 -37 -300 -423 -258 -177 -432 -166 -102 -140 -448 -112 -324 -69 0
422 -97 -266 -166 -345 -373 -140 -102 -448 -177 -315 -37 -223 -112 -262 -181 0
176 -242 -140 -166 -102 -223 0
214 -97 -112 -440 -387 -105 -69 -372 -324 -300 0
-181 -266 -258 -112 -324 -140 -166 -102 -121 -291 -373 -448 -37 -432 0
-266 -37 -324 -121 -291 -373 -448 -112 -258 -140 -166 -102 -432 0
450 -421 -261 -134 -181 -291 -140 -278 -315 -300 -258 -373 -214 0
-235 -181 -112 -140 -243 -102 -278 -291 -329 -261 -75 -37 -448 -134 -258 -373 -324 213 -45 0
-181 -37 -166 -102 -121 -432 -112 -324 -140 -448 -373 -291 -258 0
-37 -373 -291 -448 -324 -121 -166 -140 -102 -432 -112 -258 0
423 -69 -324 -262 -181 0
-198 -108 -345 -230 -278 -69 -300 -214 104 -324 -195 -372 -266 -440 -432 -361 -84 -341 -96 -112 -181 -140 -166 -102 -242 -421 -197 0
-67 -214 -432 -278 -140 -166 -102 -249 -175 -191 -324 -195 -372 -440 -341 -112 -181 -421 -197 -10 -241 -121 213 -71 0
242 -94 -140 -166 -102 -121 -43 0
-94 -214 -427 183 -104 -112 -166 -432 -140 -102 -43 -121 -241 0
-214 -278 -121 -10 -241 -369 -136 -140 -166 -102 -341 -175 -197 -427 183 -112 -432 -324 -249 -191 -181 -421 213 -71 -215 0
279 -330 -74 -121 -397 0
259 -420 -275 -432 -121 -241 -140 -166 -102 -74 -324 -369 -136 -341 -175 -197 -427 183 -112 -249 -181 -421 -71 -215 -315 -291 0
-278 -103 -420 -121 -214 -241 -369 -136 -140 -166 -102 -341 -175 -197 -427 183 -112 -432 -324 -249 -181 -421 213 -71 -215 -230 -111 -408 -74 -135 -277 -266 0
278 -320 -199 -359 -328 -136 -135 0
449 -421 -140 -166 -102 -427 -112 -432 -324 -181 -121 -291 -244 -235 -262 -373 0
-69 215 -102 -140 -235 -342 -166 -258 -181 -262 -421 -324 0
215 -414 -112 -419 -140 -166 -102 -121 -324 -291 -244 -181 -421 -235 -262 -342 -258 0
-421 -181 -432 -140 -166 -102 -112 -121 -324 -258 -291 -373 -448 0
259 -315 -346 -415 -103 -135 -278 -230 -353 -291 0
-215 -278 -155 -276 -54 -353 -121 -260 -346 -415 -103 -135 -381 -291 -373 -448 68 -324 -214 0
-278 -54 -121 -260 -155 -346 -415 -103 -135 -353 -291 421 -448 -300 -276 -381 -373 68 -324 -214 0
182 -69 -448 421 -121 -140 -166 -102 -291 -324 -235 -262 -373 -244 -112 0
67 -230 -278 -14 -267 -140 -166 -102 -225 -440 -129 -17 -103 -72 -324 -181 -45 0
-67 -45 -235 -129 -262 -225 213 -69 0
-45 -413 -181 -307 -278 -140 -427 183 -214 -112 -166 -432 -102 -121 -129 -17 -324 -235 -262 213 -69 0
223 -266 -278 -140 -166 -102 -84 -17 -95 -72 -242 -129 0
449 -135 -307 -304 -291 -262 -235 -129 -278 -140 -166 -102 -258 -121 -181 -427 183 -214 -112 -432 -324 -69 -196 -373 -340 0
450 -214 -235 -129 -262 -225 -69 -140 -258 -166 -102 -324 421 -121 0
-214 -278 -181 -140 -112 -166 -432 -102 -121 -324 -69 -291 -373 -258 -448 0
-213 -370 -195 -336 -176 -104 421 -440 -448 -291 -373 -211 0
71 -52 -235 -262 -225 -121 -129 -43 0
214 -225 -129 -235 -262 -121 -195 -336 421 -440 -448 -291 -373 -166 -102 -140 -69 -324 -258 0
-69 -181 -140 -166 -102 -448 -121 -112 -432 -324 -291 -373 -258 0
-392 -299 -213 -261 -291 -177 -140 -166 -102 0
215 -181 -112 -291 -261 -225 -203 -177 -213 -140 -166 -102 -324 0
-181 -291 -448 -373 -166 -102 -112 -140 -324 -258 -121 -432 0
-278 229 -12 -437 -104 -137 -108 -99 -70 -135 -266 -277 0
-392 -12 -334 -432 -193 -352 -437 -104 -121 -223 -235 -262 -68 -213 -298 -140 -166 -102 0
212 -83 181 -112 -244 -102 -140 -298 -291 0
103 -440 -112 -334 -244 -12 0
-213 -432 -121 -104 -112 -244 -140 -235 -262 -291 -68 181 -102 -166 -258 -215 -448 -373 0
224 -82 -43 -421 -345 -121 -262 -241 -235 -175 0
391 -324 -193 -334 -182 -244 -315 -291 -72 -43 -121 -223 -421 -345 -262 -235 0
177 -334 -140 -244 -315 -300 -258 -72 -373 -215 -18 -448 -345 -421 -262 -235 -223 0
237 -18 -72 -196 -43 -421 -121 -262 -259 0
71 -364 -334 -13 -426 -112 -111 -193 -408 -92 -399 -18 0
-127 -244 -112 -439 -193 -223 -104 -83 -11 -129 0
-373 -161 -112 -140 0
224 -166 -102 -140 -421 -121 -262 -112 -235 -177 0
223 -368 -203 -342 -244 -421 -112 -182 -138 0
-291 -322 279 -121 -74 -69 -361 -212 -392 -261 -177 -140 -166 -102 -112 -334 -244 -313 -289 0
123 -392 -102 -161 -121 -112 -177 -140 -166 -203 -197 -421 -248 -262 -235 -260 0
176 -166 -161 -121 -102 -112 -177 -140 -421 -262 -235 0
-166 -177 -235 -140 -102 -121 -161 -112 -421 -262 0
175 -94 -84 -14 -336 -421 -182 -262 -223 -235 -260 0
122 -133 -275 -8 -163 -112 -440 -313 -84 -421 -109 -14 -262 -336 -235 -182 -177 -448 -161 -409 -243 -52 0
236 -380 -262 -75 0
393 -109 -177 -14 -336 -182 -421 -262 -235 -121 -275 -8 -112 -440 -161 -140 0
225 -440 -313 -421 -109 -14 -336 -182 -262 -235 175 -242 0
-177 -235 -121 -262 -421 -112 -161 -140 -102 0
-336 -278 -343 -6 -418 -137 -204 -342 -198 -414 -94 -83 -99 -367 -112 -401 -244 -111 181 0
123 -166 -6 -137 -99 -68 -112 -244 -289 -161 -140 -102 -204 -342 -198 -401 181 -343 -393 -242 0
-166 -289 -161 -121 -6 -137 -99 -68 -112 -244 -102 -140 -204 -342 -198 -401 181 -343 -393 -242 0
225 -235 -421 -262 -181 0
-177 -372 -44 -410 -96 -140 -166 -102 -198 -289 -181 -421 -335 -72 -175 -235 -121 -112 -262 0
391 -83 -342 -300 -204 -323 -124 -72 -68 -136 -44 -279 -448 0
-83 -424 -44 -165 -328 -441 -10 -266 -109 -135 -279 -166 -140 -102 -342 -300 -204 -323 -124 -72 -68 -136 -448 0
-336 -124 -342 -279 -198 -140 -102 -96 -44 -328 -266 -68 -410 -289 -181 -421 -235 -121 -112 -262 -183 0
-177 -83 -300 -342 -323 -124 -72 -68 -136 -44 -279 -140 -166 -102 -410 -96 -198 -289 -181 -421 -335 -175 -235 -121 -112 -262 0
122 -121 -68 -112 -140 -102 -198 -181 -421 -235 -342 -262 -183 -261 -75 0
43 -408 -309 -109 -399 -424 -72 0
Solved
