491 -250 -343 -241 -187 -151 -400 -217 0
-250 -490 -241 -187 -151 -400 -217 -343 0
257 -442 -28 -88 -475 -172 -262 -130 -397 -241 -325 -151 -217 -490 -1 -400 -187 -418 -343 0
505 -397 -88 -172 -262 -130 -28 -241 -325 -151 -217 -1 -400 -187 -418 -343 0
272 -249 -71 -109 -182 -407 -56 -12 0
183 -214 -52 -302 -272 -407 -179 -290 -285 -336 -109 -439 -474 -340 -249 -12 -313 -56 0
-214 -392 -313 -307 -359 -285 -348 -249 -78 -130 -71 -56 -182 -52 -302 -407 -179 -290 -336 -109 -439 -474 -340 -12 0
330 -313 -340 -348 -302 -78 -52 -130 -288 -71 -182 -407 -109 -439 -474 -12 -498 -252 -187 -343 0
72 -336 -214 -348 -78 -130 -71 -182 -52 -302 -407 -313 -109 -439 -474 -340 -12 -187 -343 -256 -252 -498 0
247 -267 -139 -184 -284 -98 0
188 -139 -288 -214 -154 -184 -98 -495 -46 -130 -407 -498 -12 -252 -1 -256 -400 -343 0
131 183 -302 -214 -407 -52 -272 -285 -336 -109 -439 -474 -340 -249 -12 -313 -56 -252 -348 -498 -78 0
251 183 -302 -214 -407 -52 -272 -285 -336 -109 -439 -474 -340 -249 -12 -313 -56 0
-336 -308 -348 -178 -37 -184 -252 -302 -214 -407 -52 -109 -439 -474 -340 -12 -313 -81 -364 -262 -130 -498 -78 -502 -371 -71 -182 -343 -187 -288 -154 -98 -495 -1 -256 -400 -334 0
314 -214 -252 -130 -256 -71 -343 -288 -498 -154 -184 -98 -495 -407 -12 -1 -400 -187 -109 -439 -348 -37 -302 -52 -474 -340 -313 -81 -364 -262 -78 -502 -182 -334 0
315 -348 -498 -78 -130 -71 -182 0
-313 -336 -348 -184 -252 -302 -214 -407 -52 -109 -439 -474 -340 -12 -81 -364 -262 -130 -498 -78 -71 -182 -343 -187 -288 -98 -495 -1 -400 -492 -329 0
-336 -276 -305 -439 -62 -245 -505 -498 -88 -492 -241 -187 -151 -400 -217 -343 -474 -348 -184 -252 -302 -214 -407 -52 -109 -340 -12 -81 -364 -262 -130 -78 -71 -182 -288 -98 -495 -1 -329 0
132 -214 -505 -492 -252 -184 -98 -288 -495 -130 -407 -498 -12 -1 -400 -343 -187 -439 -329 -88 -241 -151 -217 -474 -348 -302 -52 -109 -340 -81 -364 -262 -78 -71 -182 -172 0
-214 -252 -130 -71 -343 -288 -498 -184 -98 -495 -407 -12 -1 -400 -187 -109 -439 -348 -302 -52 -474 -340 -81 -364 -262 -78 -182 -329 -492 -241 -151 -217 -505 -88 -172 0
243 -343 -52 -130 -340 -184 -1 -400 -187 -109 -439 -364 -262 -241 -151 -217 -505 -88 -172 -397 -325 -373 0
182 -140 -265 -52 -368 -303 -335 -273 -291 -284 -214 -109 -340 -248 -313 -57 0
252 -178 -184 -284 -99 -248 -214 -72 -183 -52 -368 -303 -335 -273 -109 -340 -313 -57 -265 0
-178 -37 -347 -502 -184 -265 -284 -214 -80 -248 -364 -313 -57 -262 -183 -368 -72 -335 -130 -330 -497 -258 -251 -99 -52 -303 -273 -109 -340 0
406 -214 -473 -347 -251 -184 -497 -80 -364 -262 -183 -72 -130 -330 -99 -52 -303 -109 -340 -343 -491 -187 -400 -439 -1 -11 0
272 -138 -224 -470 -149 -142 -129 0
181 -313 -249 -439 -11 -224 -149 -52 -303 -340 -343 -251 -347 -494 -287 -497 -77 -214 -130 -72 0
335 -443 -505 -477 -332 -481 -177 -439 -255 0
247 -139 -266 -184 -285 -99 0
367 -59 -271 -285 -214 -249 -266 -184 -99 -52 -502 -372 0
216 -271 -154 -287 -124 0
10 -124 -52 -287 -372 -154 -266 -184 -99 -249 -214 -187 -343 -56 0
12 -56 -249 -400 -187 -1 0
-313 -266 -497 -130 -330 -343 -494 -52 -287 -251 -184 -99 -249 -214 -187 -11 -400 -1 -491 -72 -183 -439 -224 -149 -303 -340 -347 -77 0
-214 -99 -418 -364 -172 -262 -343 -187 -130 -505 -400 -497 -88 -72 -491 -241 -151 -217 -473 -183 -330 -494 -52 -287 -251 -184 -11 -1 -439 -224 -149 -303 -340 -347 -77 -109 -408 -80 0
508 -418 -52 -130 -340 -364 -172 -262 -187 -88 -241 -151 -217 -184 -1 -439 -109 -325 -373 -28 0
-252 -250 -508 -340 -313 -52 -130 -71 -182 -109 -439 -498 -187 -325 -373 -217 -151 -241 -343 0
153 -182 -71 -217 -325 0
248 -124 -288 -52 -502 -481 -58 -508 -371 -343 -214 -187 -109 0
-182 -71 -109 -214 -184 -130 -498 -1 -343 -508 -187 -249 -52 -439 -88 -241 -151 -217 -340 -364 -262 -481 -172 -313 -325 -373 0
-71 -343 -249 -184 -52 -439 -262 -481 -508 -187 -214 -1 -325 -373 -241 -217 -313 -151 -109 -130 -498 -88 -340 -364 -172 0
10 -149 -439 -249 -214 -11 -52 -303 -340 -343 -251 181 -494 -287 -77 -313 -130 -72 -399 -99 -28 -13 -112 -138 -154 -408 -273 0
-343 -498 -508 -439 -249 -214 -52 -340 -313 -130 -28 -112 -373 -241 -151 -217 -325 -184 -262 -187 -1 -109 -481 -88 -364 -172 0
-287 -124 -154 -271 -214 -288 0
-182 -71 -214 -52 -184 -249 -358 -313 -55 -262 -439 -130 -498 -256 -325 -373 -328 -241 -217 -151 0
-71 -358 -184 -277 -249 -52 -172 -262 -130 -498 -109 -256 -325 -328 -241 -217 -313 -151 -55 -214 -439 -373 0
10 -99 -223 -28 -13 -112 -138 -154 -408 -273 0
-498 -249 -313 -508 -481 -184 -439 -1 -28 -112 -373 -241 -151 -217 -325 -214 -130 -277 -52 -172 -262 -109 -340 -187 -88 -364 0
248 -57 -508 -439 -343 -12 -187 -481 -288 -52 -502 -58 -371 -214 -109 0
70 -288 -249 -508 -439 -12 -187 -481 -343 -52 -214 -109 -492 -309 -172 -313 -262 -182 -47 0
56 -436 -49 -481 -98 -184 247 -109 -508 -187 -407 -343 -12 0
-182 -12 -262 -508 -187 -343 -184 -109 -481 -249 -214 -47 -71 -439 -52 -309 -172 -313 -77 -325 -373 -241 -217 -151 0
-12 -343 -52 -184 -249 -214 -187 -47 -71 -325 -373 -241 -217 -313 -151 -262 -508 -109 -481 -439 -309 -172 -77 0
12 -249 -313 -187 -1 -217 -71 -325 -151 -241 0
-139 -98 -184 247 -267 0
-182 -183 -382 -481 -439 -184 -252 -249 -256 -77 -325 -214 -47 -373 -328 -241 -217 -71 -151 -88 0
182 -249 -439 -52 -214 -358 -262 -47 -71 -252 -12 -325 -373 -328 -241 -217 -313 -151 0
-249 -313 -184 -109 -172 -262 -325 -217 -52 -151 -382 -481 -439 -214 -373 -241 -88 -187 -508 -1 -130 -28 -112 -277 -340 -364 0
345 -492 -12 -52 -1 -401 -272 -370 -313 -439 -126 -382 -176 -481 -508 -329 0
343 -12 -487 -272 -360 -57 0
152 -12 -287 -464 -52 -1 -401 -272 -370 -313 -439 345 -382 -176 -481 -508 -373 -217 0
-12 -57 -241 -71 -217 -325 -151 -287 -464 -52 -1 -401 -272 -370 -313 -439 -382 -176 -481 -508 -373 -344 -487 -360 0
-313 -214 -481 -184 -382 -52 -109 -340 -508 -325 -217 -151 -439 -241 -1 -373 -187 -172 -262 -88 -130 -28 -112 -277 -364 0
248 -300 -46 -130 -112 -252 -506 -361 -302 -52 -288 -51 -481 -398 -155 -508 -272 -343 -214 -187 0
55 -343 -495 -262 -364 -387 -481 -508 -329 -288 -46 -214 -187 -109 -130 -112 -252 -506 -361 -302 -52 -398 -155 -439 -12 0
247 -476 -28 -387 -364 -324 -267 -8 -262 -184 -5 -360 -284 -98 0
-343 -155 -288 -214 -28 -387 -364 -262 -184 -98 -418 -481 -109 -508 -329 -187 -407 -12 -57 -495 -46 -130 -112 -252 -506 -361 -302 -52 -398 -439 0
247 -336 -439 -387 -267 -184 -98 0
183 -12 -214 -187 -439 -184 -28 -364 -262 -418 -481 -109 -508 -130 -112 -361 -52 -88 -490 -472 -325 -373 -241 -217 -151 0
216 -126 -156 -287 -271 0
344 -386 -364 -28 -262 -6 -266 -99 -184 -249 -214 -156 -287 -271 -177 -418 -251 -481 -508 -330 -187 0
248 -271 -358 -214 -187 0
-12 -214 -439 -184 -187 -364 -28 -262 -418 -481 -508 -109 -88 -490 -472 -325 -373 -241 -217 -151 -181 -130 -112 -361 -52 0
249 -299 -46 -130 -112 -251 -507 -361 -303 -52 -287 -50 -481 -399 -156 -508 -273 -343 -214 -187 0
-214 -325 -364 -481 -187 -109 -130 -112 -52 -88 -262 -373 -217 -151 -439 -241 -184 -28 -418 -382 -340 -1 -172 -277 0
344 -99 -28 10 -112 -13 -138 -408 -154 -128 -399 -74 -498 -382 -251 -481 -508 -330 0
288 -12 -112 -382 -481 -508 -187 -247 -109 -130 -70 -28 -325 -241 -217 -151 -463 -373 -52 0
248 -343 -439 -481 -12 -508 -407 -49 -109 -55 0
-343 -75 -382 -129 -481 -12 -52 -1 -492 -126 -313 -439 -508 -329 -187 -109 -55 -247 -407 -49 0
249 -13 -28 -112 -358 -187 -98 0
-12 -508 -481 -439 -271 -187 -109 -247 -28 -112 -382 -52 -1 -130 -70 -325 -217 -151 -463 -373 -286 -241 0
511 -28 -130 -373 -151 -1 -187 -109 -481 -112 -382 -52 -364 -88 -262 -184 -340 -172 -277 0
483 -287 -373 -151 -511 -439 -126 -172 -262 -283 -12 -358 -187 -55 -343 -508 0
334 -426 -88 -246 0
441 -63 -277 -140 -306 -222 -334 -50 0
482 -283 -439 -88 -364 -172 -262 -277 -358 -187 -343 -508 -382 0
-126 -214 -373 -151 -511 -439 483 -172 -262 -283 -12 -358 -187 -55 -343 -508 0
334 -425 -88 -245 0
440 -62 -277 -141 -305 -221 -334 -51 0
247 -343 -439 -88 -364 -172 -262 -187 -277 -508 -382 -481 0
-49 -75 -262 -52 -130 -253 -257 -373 -329 -399 -151 -439 -481 -12 -508 -343 248 -109 -511 -50 0
216 -287 -464 0
-287 -464 -215 0
181 -58 -218 -262 248 -52 -124 -481 -364 -508 -343 -214 -187 -109 -168 -315 0
335 -326 -12 -182 -218 -262 248 -52 -124 -481 -364 -508 -343 -214 -187 -109 -469 -369 0
334 -246 -172 -364 -262 -88 0
71 -214 -182 -218 -262 248 -52 -124 -481 -364 -508 -343 -12 -187 -109 -469 -334 -439 -511 -130 0
-214 -182 -12 -218 -262 248 -52 -124 -481 -364 -508 -343 -187 -109 -469 -511 -334 -439 -130 0
217 -168 -462 -262 -70 -364 -326 -81 0
441 -182 -155 -56 -12 -408 -98 -218 -462 -262 -70 -364 -81 -469 -253 -511 -334 0
-343 -249 -12 -439 -262 -364 -52 -481 -508 -187 -109 -130 -172 -88 -151 -373 -382 -511 -277 0
72 -494 -218 -326 -47 0
327 -218 -512 0
57 -5 -139 -267 -187 -98 -343 -248 0
72 -521 -262 -364 -52 -465 -153 -214 -182 -167 0
216 -470 -104 -98 -271 -248 0
203 -220 -449 -349 -8 -452 -179 -5 -267 -139 0
219 -327 -139 -52 -271 -214 -262 -364 -124 -255 -50 -481 -508 -187 -343 -55 -109 -406 -248 -512 0
-218 -124 -52 -255 -481 -214 -508 -262 -343 -364 -55 -139 -187 -248 -109 -241 -406 -512 -271 -50 0
344 -175 -481 -508 -187 0
-175 -481 -508 -187 -343 0
247 -132 -258 -498 -330 -524 -153 -242 -262 -183 -12 -360 -57 0
130 -48 -524 -262 0
181 -250 -258 -242 -330 -12 -153 -57 0
525 -364 -262 0
273 -449 -112 -275 -426 -50 -222 -477 -52 -371 -461 -313 -253 -100 -108 -130 -47 -70 -214 0
325 -439 -126 -50 -493 -513 -218 0
152 -126 -426 -50 -253 -100 -108 -47 -130 -214 -12 -271 -112 -275 -222 -477 -52 -371 -461 -183 0
440 -408 -325 -218 -12 0
70 -156 -490 -126 -313 -493 -183 -47 0
326 -6 -461 -253 -100 -52 -108 -9 -47 -112 -275 -426 -50 -222 -477 -371 -130 -214 -490 -126 -493 -183 -252 -271 -243 -12 -408 -399 -97 0
-218 -9 -477 -222 -399 -173 -334 -100 -253 -96 -69 -192 -275 -50 -126 -371 -47 -183 -214 -271 -252 -12 -243 -97 -461 -52 -108 -112 -426 -130 -109 -81 -219 0
11 -70 -100 -522 -108 -275 -109 -47 -50 -399 -253 -326 -214 -512 -271 -243 0
71 -415 -477 10 -112 -450 -491 -371 -253 -326 -100 -399 -108 -496 -47 -214 -183 -130 0
-70 -383 -203 -52 -140 -461 -334 -253 -100 -512 -108 -326 -214 -47 -477 -112 -450 -491 -371 -399 -183 -130 -252 -243 -12 -522 -275 -109 -50 -271 0
215 -439 -334 -149 -137 247 -285 -99 -266 -446 -155 -451 -271 0
221 -415 -349 0
57 -52 -12 -47 -461 -130 -522 -275 -173 -426 -81 -151 -481 -508 -187 -359 -343 -248 0
327 -242 -151 -217 0
325 -71 -8 -5 -51 -125 -242 -217 -151 -181 -130 -47 -407 -99 -370 0
215 -220 -51 -125 -130 -426 -47 -258 -440 -242 -373 -330 -181 -151 -217 -8 -5 -407 -99 -370 0
326 -151 -181 -217 -70 0
263 -248 -508 -343 -187 -481 -12 -56 -525 -364 0
57 -360 -343 -248 0
325 -71 -5 -51 -125 -242 -8 -151 -181 -130 -47 -407 -99 -370 0
182 -70 -272 -123 -258 -330 -202 -139 -5 -51 -440 -99 -125 -242 -8 -151 -181 -130 -407 -370 -216 0
49 -167 -462 -52 -253 -286 -334 -463 -440 -125 0
335 -223 -5 -476 -389 -123 -425 -8 -144 -469 -101 -253 0
336 -363 -315 -425 -253 0
-70 -5 -123 -99 -398 -253 -476 -425 -8 -51 -462 -52 -440 -125 -360 -487 -272 -330 -216 -48 -151 -181 -258 -202 -139 -242 -130 -407 -370 0
241 -392 -308 -346 -251 -78 0
254 -308 -181 -251 -151 -242 -346 -78 -211 -166 0
182 -346 -78 -308 -242 -315 -151 0
250 -386 -102 -292 -5 -308 -437 -315 -78 -472 -346 -139 -202 -265 -452 0
327 -8 -476 -370 -174 -78 -242 -5 -139 -202 -452 -258 -330 -151 -181 -253 -211 -166 -287 -276 -464 -51 -125 -498 -494 -407 -398 0
314 -300 -14 -476 -5 -208 -8 -503 -449 -492 -370 0
243 -202 -272 -139 -14 -476 -5 -208 -8 -370 -52 -287 -464 -125 -494 -258 -440 -218 -330 -181 -512 -151 0
-346 -315 -498 -347 -78 182 -242 -398 -151 0
335 -178 -250 -139 -258 -367 -330 0
-178 -452 -250 -34 -202 -139 -425 -367 -334 -258 -330 0
-248 -56 -508 -343 -187 -12 -481 -262 -364 0
51 -436 -399 -139 -498 -130 -336 -76 -440 -180 0
4 -218 -98 -12 -408 -182 -56 -262 -81 -364 -253 -511 -302 -151 -242 -325 -52 -215 -440 -126 -50 -399 -139 -498 -130 -336 -76 -180 -477 -9 0
252 -182 -202 -139 -6 -12 -408 -98 -56 -262 -81 -364 -253 -151 -242 -215 -126 -50 -399 -477 -9 -329 -257 0
-439 -168 -262 -70 -364 -491 -219 -60 -126 -511 -368 248 -481 -12 -508 -343 -55 -109 -407 -440 0
335 -34 -364 153 -182 -130 -202 -76 -139 -436 -50 -262 -491 -126 -511 248 -481 -12 -508 -343 -109 -407 -440 -370 -253 0
-217 -325 -151 -242 -219 0
-439 -70 -262 -364 217 -253 -126 -511 -334 248 -481 -12 -508 -343 -55 -109 -407 -440 0
327 -265 -202 -139 -6 -438 -76 -130 -98 -70 0
153 -130 -139 -202 -334 -50 -262 -364 -253 -126 248 -481 -12 -508 -343 -109 -440 -151 -242 -252 -182 0
-70 -494 -130 -218 -56 -98 -12 -408 -182 -334 -462 -262 -81 -364 441 -253 -469 -155 0
441 -52 -56 -182 -12 -262 -252 -218 -481 -364 -508 -343 -187 -130 -334 -302 0
336 -150 -138 -421 -65 -265 -202 -419 -139 -257 -367 -329 0
327 -70 -202 -139 -367 -334 -257 -329 -9 -6 -364 -130 -438 -242 -81 -98 -265 -218 -151 0
-70 -367 -334 -6 -139 -202 -265 -364 -252 -81 -242 -218 -215 -511 -325 -257 -329 -9 -130 -438 -98 -151 0
-217 -511 -325 -151 -242 -218 0
335 -34 -265 -202 -139 -426 -367 0
327 -265 -6 -202 -211 -139 -257 -166 -367 -329 -253 -334 -426 -98 -218 0
-130 -440 -334 -262 -364 -151 -56 -182 -12 -242 -481 -508 -343 -187 0
524 -364 -262 0
141 -265 -406 -248 -109 -284 -202 0
424 -487 -271 -75 -370 -476 -449 -65 -8 -5 -35 -386 0
-265 -423 -386 -20 -425 -271 -476 -449 -8 -284 -202 -139 -406 -248 -109 0
140 -20 -425 -423 -386 -34 -97 -248 -284 -202 0
325 -70 -202 -139 -449 -474 -481 -334 -508 -329 -187 -242 -343 -12 -262 -364 -182 -513 0
336 -478 -65 -75 -370 -487 -5 -35 -7 -398 -481 -497 -324 -508 -153 181 -12 -421 -343 -98 -267 -187 -139 -262 -364 -168 -218 -325 -439 0
36 -65 -487 -492 -370 -368 -12 -439 -262 -364 -334 -481 -508 -343 -187 -75 -5 -35 -398 -497 -324 -153 181 -98 -267 -139 -168 -218 -325 0
34 -247 -109 -98 -5 0
-35 -7 -398 -497 -153 181 -12 -343 -98 -267 -187 -139 -5 -508 -481 -407 -13 -487 -492 -370 -368 -439 -262 -364 -334 -75 -324 -168 -218 -325 -34 0
-7 -247 -398 -481 -497 -508 -153 181 -12 -98 -343 -13 -267 -187 -139 -5 -262 -364 -407 -487 -492 -370 -368 -439 -334 -75 -324 -168 -218 -325 0
204 181 -153 -334 -12 -343 -98 -187 -139 -508 -481 -262 -364 -398 -497 -13 -407 -492 -439 -168 -218 -325 0
-267 -7 -323 -398 -418 -481 -497 -508 -153 181 -12 -343 -98 -187 -139 -5 -262 -364 -407 -266 0
-408 -407 -262 -364 -334 -182 -242 -481 -508 -343 -187 -12 -218 -325 0
-70 -202 -508 -12 -343 -187 -139 -262 -364 -334 -218 -481 -217 -327 0
266 -156 -125 -492 -464 -12 -217 -325 -241 -1 -71 -370 -52 -272 -57 -401 -151 -439 -287 -176 -481 -508 -344 -487 -360 -129 -202 -66 0
36 -415 -267 -125 -492 -12 -217 -325 -241 -1 -71 -52 -57 -401 -151 -439 -176 -481 -508 -344 -360 -202 -271 -284 -214 -449 -248 -8 -98 -5 0
9 -220 -415 -129 -64 0
265 -415 -449 -8 -360 -271 -284 -214 -248 -98 -267 -139 0
-202 -217 -12 -139 -481 -508 -187 -343 -262 -364 -334 -218 -327 0
-325 -35 -5 -98 -267 -139 -481 -283 -508 -187 -343 -12 -262 -364 -334 -218 -407 -217 0
-267 -5 -343 -12 -98 -508 -262 -364 -334 -481 -187 -139 -283 -218 -217 -265 0
-325 -408 -364 -334 -182 -242 -481 -508 -343 -187 -12 -218 -262 -327 0
-5 -98 -262 -508 -187 -334 -343 -364 -12 -481 -218 -327 -139 -217 0
284 -364 -508 -187 -12 -481 -262 -343 0
-327 -513 -262 -508 -187 -98 -343 -364 -12 -481 -5 -218 -139 -334 -325 0
-248 -242 -262 -508 -187 -343 -364 -12 -481 -5 -139 -325 -98 0
-218 -334 -6 -202 -139 -257 -329 -98 -325 -399 -421 -505 -350 -172 -262 -408 -364 -12 -81 -449 -242 -56 -481 -508 -343 -187 0
218 -242 -151 -325 0
-242 -5 -262 -139 -98 -325 -12 -481 -508 -343 -187 -364 0
-255 -462 -465 -168 -512 -139 -481 -508 -262 -343 -364 -218 -124 -187 -248 -55 -406 -241 -271 -50 0
-218 -251 -330 -512 -139 -481 -508 -262 -343 -364 -187 -55 -406 -241 -271 -183 -12 -439 -325 -219 0
-242 -98 -325 -262 -364 -481 -12 -508 -218 -343 -334 -139 0
242 -343 -139 -481 -508 -262 -218 -364 -12 -325 0
-334 -343 -364 -262 -325 -481 -508 -12 -218 -139 0
-98 -343 -12 -262 -364 -481 -508 -139 -218 -325 0
-343 -139 -508 -481 -262 -364 -12 -218 -325 0
-50 -100 -461 -108 -52 -6 -112 -47 326 -275 -426 -222 -477 -371 -130 -214 -490 -493 -183 -252 -271 -243 -12 -408 -97 -508 -177 -481 -49 0
4 -408 -6 326 -426 -371 -214 -490 -493 -183 -252 -243 -12 -76 -97 -508 -177 -481 -49 -488 -358 -262 -364 -387 -36 0
21 -308 -192 -392 -96 -497 -194 0
72 -194 -96 -148 -192 -120 -422 -322 -19 -392 -497 -346 -76 -130 -47 0
5 -148 -96 -192 -120 -322 -392 -497 -346 -76 -71 -262 -364 -426 -79 -387 -109 -36 0
329 -36 326 -214 -183 -12 -97 -508 -481 -358 -262 -364 -96 -192 -109 -283 -139 -242 -218 -334 -256 0
243 -5 -425 -139 -386 -283 -36 -265 -419 -497 -452 -512 -251 0
-5 -265 -262 -364 -109 -254 -283 -481 -139 -508 -368 -398 -440 -497 -512 -325 -242 -218 -251 -77 -425 -386 -36 -358 -419 -452 0
5 -497 -251 -419 -242 -512 -440 -425 -368 -283 -386 -139 -36 0
57 -334 -139 -262 -364 -481 -508 -325 -242 -218 -98 -12 -248 0
407 -109 -248 -325 -98 0
-265 -283 -262 -364 -5 -254 -109 -481 -139 -508 -368 -398 -440 -497 -512 -325 -242 -218 -251 -77 -425 -386 -36 -358 -419 -267 0
-283 -36 -98 -267 -139 -262 -364 -5 -254 -109 -481 -508 -368 -398 -440 -497 -512 -325 -242 -218 -251 -77 -425 -386 -248 -358 -419 0
142 -123 -150 0
283 -47 -302 -254 -150 -151 326 -217 -52 -262 -12 343 -57 -98 -248 0
-497 -109 -98 -139 -262 -364 -5 -254 -248 -481 -508 -368 -440 -325 -242 -218 -425 -386 -12 -57 0
249 -283 -187 0
143 -123 -150 0
-109 -5 -139 -248 -262 -364 -98 -254 -481 -508 -368 -440 -325 -242 -218 -425 -386 -12 -57 0
109 -150 -254 -262 -12 343 -57 -187 -98 -248 0
-334 -248 -139 -262 -364 -98 -481 -508 -325 -242 -218 -12 0
441 -71 -214 -55 -12 -407 -256 -328 -36 -151 -283 -5 -242 -325 -139 -512 -367 0
255 -313 -105 -447 -156 -492 -144 0
124 -401 -508 -492 -481 -156 -50 0
498 -495 -124 -262 -364 -214 -153 -521 -71 -253 -105 -447 -156 -492 -144 -348 -398 0
-283 -5 -364 -508 -481 -242 -325 -139 -98 -109 -12 -218 -262 -248 0
283 -407 -151 -262 -12 343 -98 -248 -130 -325 -52 -242 0
482 -125 -177 -51 0
-109 -248 -481 -98 -139 -242 -325 -12 -218 -508 -364 -262 0
-248 -98 -242 -325 -218 -12 -262 -481 -139 -508 -364 0
144 -254 -251 -78 241 -508 -213 -481 -313 -167 -177 -51 -399 -154 -445 -103 0
-254 241 -490 -154 -445 -103 -142 -251 -78 -313 -508 -213 -481 -167 -177 -51 -399 0
254 -316 -444 -302 -202 -103 -139 -445 -154 -440 -426 -490 -336 -313 0
250 -316 -444 -213 -421 -167 -302 -254 -142 -103 -445 -154 -490 -313 -472 -139 -202 -265 -453 0
152 -154 -436 -130 -440 -139 -445 -142 -508 -213 -481 -177 -242 -444 -421 -202 -265 -453 -426 -98 -47 -151 -325 -256 -72 -328 -183 0
-70 -313 -490 -254 -154 -177 -481 -508 -497 -202 -139 -98 -265 -6 -130 -76 -325 -72 0
-313 -254 -481 -335 -177 -436 -440 -76 -130 -183 -47 -490 -154 -508 -497 -202 -139 -98 -265 -6 -325 -72 0
-254 -76 -436 -222 -130 -440 -426 -47 -335 -101 -72 -183 -481 -177 -490 -154 -508 -497 -202 -139 -98 -265 -6 -325 0
315 -232 -7 -222 -444 -416 -450 -490 -370 0
49 -335 -426 -361 -440 -222 0
-214 -7 -139 -421 -192 -481 -275 -426 -436 -130 -47 -183 -508 -98 -6 -325 -256 -328 -242 -218 -151 -213 -408 -12 -358 248 -187 0
329 -251 -242 -256 -151 0
203 -519 -113 -165 -13 -184 -129 -265 -75 0
483 -180 -451 -265 -139 -202 -113 -165 -13 -184 -129 -75 -498 -399 -508 0
482 -51 -262 -70 -364 217 -326 -254 -215 -177 -81 0
314 483 -265 -139 -202 -113 -451 -13 -184 -129 -498 -399 -508 -472 -370 0
483 -13 -101 -254 -313 -265 -139 -202 -113 -451 -426 -184 -129 -498 -399 -508 -472 -370 -328 -242 -256 -151 0
71 -265 -202 -139 -426 -34 -254 -440 -177 -262 -70 -364 -215 -81 -481 -101 -313 -113 -451 -129 -508 -370 -328 -242 -256 -98 -47 -325 0
255 -265 -202 -139 -426 -34 -440 -512 -218 -490 -313 0
335 -387 -426 0
-265 -313 -242 -440 -328 -426 -481 -177 -101 -254 -202 -139 -34 -218 -490 -436 -325 -70 -262 -364 -215 -81 -113 -451 -129 -508 -370 -256 -98 -47 0
253 -336 -426 -101 0
-313 -490 -262 -70 -364 -254 -242 -325 -12 -408 -481 -139 -34 -218 -129 -436 -451 -508 -98 0
313 -254 -328 -218 -325 -151 -70 -440 -183 0
490 -156 -177 -508 -440 -402 -325 -151 -242 -218 -481 0
-254 -70 -262 -364 -490 -242 -325 -12 -408 -481 -139 -34 -218 -129 -436 -451 -508 -98 0
439 -265 -202 -451 -139 -242 -256 -151 -328 -335 0
-217 -498 -130 -251 -70 -242 -325 -151 -218 0
-265 -74 -129 -52 -144 -122 -242 -98 -325 -474 -130 -70 -151 -218 -328 -256 -421 -451 -202 -139 -426 -335 -440 0
315 -335 -256 -328 -139 -151 -242 -325 -12 -408 -129 -52 -144 -122 -98 -130 -70 -218 -421 -451 -202 -426 -370 0
-5 -109 -242 -218 -325 -12 -98 -262 -364 -481 -508 -139 0
511 -253 -74 -52 -144 -122 -242 -98 -325 -265 -130 -70 -151 -218 -328 -256 -129 -451 -202 -139 -426 -440 -313 -323 -490 -419 0
-70 -265 -202 -369 -139 -242 -256 -151 -328 -440 -512 -74 -52 -122 -98 -325 -130 -218 -426 -323 -183 -101 -177 -508 -402 -481 -453 -272 -215 -71 0
-265 5 -192 -96 -262 -364 -109 -440 -242 -256 -328 -218 -358 248 -183 -139 -98 -325 -508 -481 0
-109 -98 -262 -364 -242 -218 -139 -12 -325 -508 -481 0
441 -313 -98 -218 -4 -490 -139 -325 -426 -254 -335 -101 0
-70 -335 -406 -215 -12 -202 -265 -139 -242 -256 -151 -328 -325 -440 -98 -218 -4 -490 -426 -254 -101 -183 0
-335 -440 -139 -325 -265 -406 -218 -12 -151 -358 248 -187 -183 -242 -256 -328 -98 -4 -490 -426 -254 0
-440 -265 -98 -51 -218 -4 -490 -7 -475 -183 -151 -254 -426 -328 -139 -325 -406 -12 -358 248 -187 -242 -256 0
440 -254 -490 -426 -101 -151 -242 -325 -328 -183 -12 0
439 -335 -122 -34 -4 -242 -139 -151 -328 -118 -222 -268 -51 0
313 -451 -256 -151 -328 -242 -215 -183 -218 -325 -254 -440 0
-335 -440 -98 -218 -4 -490 -139 -325 -426 -254 -313 -101 -122 -34 -242 -151 -328 -118 -222 -268 -51 0
-98 -242 -139 -325 -218 -12 -508 -481 -262 -364 0
441 -313 -358 -35 -262 -364 -139 -248 -426 -254 -335 0
439 -254 -493 -262 -399 -364 -508 -79 -481 -242 -139 -248 -256 -328 -358 -408 -55 -335 -12 0
-254 -426 -328 -242 -399 -508 -481 -248 -256 -440 -335 -358 -35 -262 -364 -139 -493 -79 -408 -55 -12 0
334 -101 -358 -139 -248 -262 -364 -440 -426 0
225 -65 -445 -104 -470 -148 0
-65 -8 -6 -480 -224 -445 -104 -470 -148 0
315 -387 -192 -96 -120 -109 -497 -392 -76 -148 -262 -364 -426 -79 -322 -346 -6 -35 -265 -445 -104 -470 -298 -209 -450 -59 -490 -371 0
347 -497 -399 -307 0
-426 -335 -364 -262 -242 -399 -72 -35 -104 -209 -490 -248 -139 -408 -55 -419 -12 -256 -440 -328 -79 -358 -508 -481 -493 0
153 -308 -130 -180 -72 -242 -256 -151 -328 -182 0
109 -177 -248 -187 0
255 -362 -221 -72 -51 -276 -118 -55 -12 -35 -408 -6 -111 -248 -187 0
11 -411 -209 -503 -59 -35 -372 -6 -285 -111 -248 -408 -55 0
315 -59 -328 -151 -242 -12 -209 -256 -35 -6 -285 -111 -248 -408 -55 -180 -221 -490 -472 -362 0
-335 -35 -408 -248 -481 -328 -242 -12 -209 -256 -55 -490 -472 -72 -139 -358 -262 -79 -440 -364 -399 -104 -419 -508 -493 0
111 -308 -399 -437 -102 -51 -220 -358 -262 -285 -364 -248 -79 0
109 -8 -388 -358 -481 -187 -248 0
5 -313 -399 -102 -358 -262 -364 -248 -79 -363 -182 -72 -388 -481 -440 -368 -139 0
110 -284 -72 -248 -182 -358 -55 -262 -12 -364 -408 -79 0
6 -265 -408 -248 -72 -182 -358 -55 -262 -12 -364 -79 -139 0
-426 -248 -262 -364 -358 -79 -139 -481 -399 -182 -72 -440 -408 -55 -12 -35 335 0
249 -119 -267 -72 -254 -6 -408 -248 -111 -12 343 -360 -182 -262 -364 -79 0
-242 -139 -12 -262 -364 -481 -508 -218 -325 0
118 -20 -322 -425 -423 -335 0
-150 -144 -123 0
247 -496 -335 -358 -271 -139 -262 -364 -451 -79 -267 -111 -98 0
-265 -109 -123 -137 -303 -52 -128 -370 -313 -472 -178 -202 -139 -406 -248 -103 -284 -267 0
141 -102 -425 -313 -335 -472 -368 -178 0
249 -335 -472 -178 -139 -368 -364 -71 -262 -183 -12 343 0
-139 -12 -262 -364 -481 -218 -325 -508 0
424 -276 -221 -313 -48 -55 -508 -248 -12 -481 -262 -364 -107 -100 -367 -335 0
359 -313 -266 -4 -109 -218 -508 -248 -481 -262 -364 -12 -335 -55 -367 -489 0
314 -273 -489 -74 -81 -262 -70 -364 -326 217 -101 -372 -253 0
488 -89 -479 -399 -508 -481 -74 -13 -138 -185 -266 -408 -155 -12 -273 0
-70 -72 -12 -508 -481 -313 -262 -364 -248 -284 -335 -218 -325 0
334 -387 -426 0
487 -101 -4 -109 -266 -313 -47 70 -81 -408 -218 -12 -151 -440 -328 -335 -426 -222 0
-387 -408 -222 -176 -4 -109 -266 -81 -313 -481 -218 -181 -12 -151 -440 -328 -335 -426 0
315 -51 -222 -270 -36 -77 -4 -90 -109 -513 -81 -218 -151 -181 0
-408 -77 -74 -372 -313 -222 -270 -52 -4 -109 -81 -218 -151 -181 -335 -176 -266 -481 -12 -328 -426 -325 0
70 -426 -323 -335 -256 -328 -52 -249 -325 -358 -313 -262 -214 -130 -55 -151 -218 -522 -81 -266 -109 -74 -372 -222 -270 -4 -176 -481 -12 -47 0
336 -222 -52 -481 -461 -168 -313 -36 -176 -4 -178 -109 -256 -151 -81 -12 -218 -367 -328 0
314 -363 -74 -372 -52 0
-217 -20 -323 -130 -70 -325 -151 -218 -256 -328 -512 0
-313 -284 -325 -12 -335 -481 -508 -262 -364 -248 -218 0
-217 -20 -323 -130 -256 -47 -178 -328 -325 -151 -218 -181 -472 0
-426 334 -178 -472 -214 -481 -270 -266 -367 -218 -325 -12 -176 -4 -109 -323 -328 -181 -344 -358 -262 -364 -361 0
219 -35 -12 -266 -55 -97 -181 -325 -151 0
334 -328 -323 -12 -266 -4 -109 -218 -55 -97 -181 -325 -489 -358 -361 -262 -364 -178 -472 -481 -270 -367 -176 -214 -344 0
110 -222 -358 -262 -351 -364 -7 -79 -4 0
-328 -307 -361 -508 -270 -481 -266 -176 -262 -364 -248 -12 -449 -218 -181 -335 -323 -325 -489 -472 -344 0
328 -335 -367 -508 -248 -481 -262 -364 -12 0
-266 -181 -481 -262 -364 -248 -12 -218 -508 -335 -325 -489 -472 -344 -265 0
221 -304 -411 -332 0
313 -294 -348 -508 -481 -177 -392 -275 -192 -96 -194 -445 -156 -493 -47 -71 -522 -464 -375 -461 -287 -52 -75 -129 -416 -222 -411 -332 -59 -371 -255 0
34 -75 -129 -371 -314 -348 -508 -481 -177 -392 -275 -192 -96 -445 -156 -493 -47 -71 -522 -464 -375 -461 -287 -52 -416 -222 -332 -59 -255 -100 -387 -269 0
-313 -287 -52 -75 -464 -371 -156 -47 70 -183 -493 -490 -314 0
-181 -177 -348 -508 -481 -387 -392 -275 -192 -96 -445 -493 -47 -522 -375 -461 -416 -222 -332 -59 -255 -89 -6 -148 -497 -183 -490 -314 -325 -272 -489 -262 -364 -248 -12 -218 -335 -472 -344 -265 0
111 217 -364 -262 -314 -348 -508 -481 -392 -192 -96 -375 -416 -332 -59 -255 -387 -272 -325 -12 -335 -248 -218 -89 -148 -497 -183 -344 -407 0
-222 -298 -268 -59 -481 -262 -364 -248 -12 -218 -508 -335 -325 -472 -344 -265 -272 -450 110 -79 -314 -416 -362 0
336 -335 -12 -325 -481 -508 -262 -364 -248 -218 0
315 -488 -358 -364 -262 -424 -385 -75 -371 -253 0
266 -241 -328 -256 -151 -182 -72 -325 -453 -406 0
265 -80 -218 -325 -4 247 -336 -267 -387 -439 -35 0
81 -409 -269 -89 -35 -473 -4 -218 -109 0
-387 -256 -481 -508 -12 -402 -328 -325 -218 -491 -269 -473 -267 247 -336 -222 -488 -262 -102 -364 334 0
-313 -222 -262 -218 -12 -364 -481 -508 -325 -335 -248 0
-217 -344 -328 -151 -325 -12 -214 -55 -123 -218 -181 -118 -97 -35 0
-266 -344 -262 -364 -248 -12 -218 -508 -335 -325 -472 -181 -481 -265 0
487 -355 -442 -475 -214 -390 -273 0
182 -252 -393 -241 -190 -151 -55 0
-387 -222 -12 -364 -262 -218 -508 -481 -248 -335 -325 0
-217 -307 -345 -130 -55 -47 -178 -328 -325 -151 -218 -181 -472 0
-222 -335 -325 -12 -262 -364 -248 -508 -218 -481 0
183 -328 266 -151 -182 -325 -214 -12 -487 343 -360 -55 0
219 -51 -177 -481 -48 -508 -130 -402 -70 -491 -325 0
10 -511 -325 -407 -242 0
-335 -248 -481 -325 -12 -218 -364 -262 -508 0
-387 -222 -419 -242 -214 -511 -70 -325 -97 -251 -4 -358 -109 -262 -79 -364 335 0
267 -363 -248 -182 -262 -12 -364 -251 -178 -472 -254 -313 -79 -283 -202 0
265 -251 -242 -214 -511 -70 -325 -407 0
363 -419 -242 -214 -511 -70 -325 -97 -251 -4 -358 -109 -262 -79 -364 335 0
216 -222 -363 -472 -313 -178 -358 -251 -488 -452 -272 0
-222 -49 -481 -363 -508 -313 -472 -178 -251 -242 -511 -325 -130 -70 -214 -358 -488 -452 -272 0
-248 -12 -262 -481 -508 -325 -364 -218 0
-12 -325 -481 -508 -262 -364 -218 0
71 -487 -358 -187 -242 -251 -151 -328 -335 -57 -441 -248 -218 -325 -214 0
220 -127 -417 -363 0
271 -328 -364 -4 -262 -358 -222 -363 -481 -508 -325 -70 -242 -251 -109 -335 -248 -218 -214 0
-328 -248 -508 -481 -242 -251 -335 -218 -325 -358 -214 -70 -364 -4 -262 -222 -363 -109 0
328 -335 -363 -262 -222 -358 -364 -258 0
-335 -109 -325 -70 -214 -508 -481 -242 -251 -358 -364 -4 -262 -222 -363 -218 0
359 -388 -481 -245 -90 -109 -302 -472 -254 -79 -316 -313 -364 -444 -417 -363 -262 -222 0
-326 -248 -70 -262 -364 -313 -358 -481 -109 -302 -417 -363 -222 -242 -214 -511 -325 335 -251 -4 -273 -218 0
326 -49 -481 -508 -222 -417 -363 -273 -498 -214 -130 -70 0
360 -326 -70 -262 -364 -273 217 -141 -4 -313 -109 335 -106 0
-109 -313 -363 -70 -262 -364 -358 -481 -222 -242 -214 -325 -251 -4 -218 -508 0
109 -214 -70 -325 -57 -408 -508 -481 -187 0
-251 -344 -283 -242 -330 -140 -363 -262 -222 -358 -364 -335 -325 -70 -214 -508 -481 -218 0
359 -426 -387 -364 -363 -262 -222 0
-251 -345 -242 -330 -363 -262 -222 -358 -364 -335 -250 0
329 -17 -387 -101 -59 -292 -490 -307 -190 -314 -57 -448 -182 -345 -151 0
-335 -334 -70 -367 -215 -364 -242 -218 -325 -249 -182 -437 -49 -481 -508 -399 -498 -453 -363 -262 -222 -358 -109 -106 0
397 -307 -498 -347 0
360 -102 -488 -106 0
-4 -251 -70 -364 -326 -358 -222 -242 -214 -325 -262 -363 -481 -218 -508 0
-251 -326 -214 -363 -481 -222 -70 -364 -358 -242 -325 -262 -218 -508 0
343 -329 -257 0
-326 -363 -364 -242 -218 -325 -358 -508 -481 -214 -70 -222 -262 0
-251 -363 -508 -325 -70 -214 -242 -358 -364 -262 -222 -481 -218 0
359 -257 -187 -248 -151 -98 -290 -445 -137 -316 -443 -127 -363 -487 -262 -222 0
5 -137 -148 -95 -191 -392 -445 -212 -154 -168 -490 -253 -313 -265 -372 -363 -52 -204 -141 0
221 -497 -398 -13 -426 -248 -358 -101 -262 -364 -139 -210 -335 -478 -386 -409 -363 0
-363 -214 -222 -358 -262 -364 -508 -325 -70 -481 -242 -218 0
360 -251 -242 -335 -387 -364 -57 -262 -248 0
-343 -498 -325 -70 -180 -315 -151 -449 -5 -335 -9 -441 -49 -481 -508 -344 -187 0
-251 -335 -70 -481 -325 -218 -508 -242 -315 -109 -364 -262 -222 -358 -387 -248 0
327 -343 -508 -57 -248 -497 -214 -130 -70 0
220 -350 -416 0
-343 -416 -248 -358 -222 -57 -129 -273 -214 -70 -325 -508 -497 -130 0
251 -248 -358 -222 -52 -129 -273 -214 -130 -242 -151 -472 -315 -57 -70 -325 -508 0
416 -8 -450 -349 0
-242 -214 -248 -488 -123 -303 -48 -57 -70 -325 -343 -508 -250 220 -450 -176 -222 -358 -262 -364 -363 -243 0
249 -271 -488 -214 -187 0
327 -469 -225 -103 -398 -97 0
-214 -398 -325 -70 -521 -303 -488 -183 -284 -57 -248 -450 -363 220 -250 -123 -48 -343 -508 -176 -222 -358 -262 -364 -243 0
252 -408 -508 -187 -248 -111 -343 -450 -451 -363 220 0
336 359 -364 -363 -262 -222 0
359 -335 -364 -363 -262 -222 0
439 -422 -160 -213 -70 -214 -127 -363 -262 -222 -358 -364 -335 -329 -254 -271 -12 0
221 -335 -363 -262 -222 -358 -364 -70 -329 -325 -12 -408 -213 -214 -254 -271 -96 -192 -49 0
71 247 -285 -408 -386 -426 -12 -254 360 -314 -47 -325 -183 -130 0
-335 -363 -70 -325 -222 -262 -358 -364 -508 -343 -248 0
221 -106 -187 -386 -343 -248 -363 -358 0
249 -218 -262 -364 -343 -508 -325 -254 -407 -137 220 -363 -214 -358 -98 0
360 -106 -283 335 -364 -343 -262 0
-71 -214 -343 -262 -248 -358 -364 -508 -363 -325 -222 -70 0
-387 -214 -248 -70 -325 -343 -508 -222 -358 -262 -364 -363 0
-214 -363 -70 -325 -343 -508 -222 -358 -262 -364 -248 0
-12 -242 -123 -254 -103 -176 -11 -325 -343 -262 -364 -334 -508 -218 -98 -139 0
-242 -407 -139 -451 -368 -251 -440 -202 -123 -254 -103 -176 -11 -325 -343 -262 -364 -334 -508 -218 -98 0
72 -88 -245 -174 -398 -251 -139 -508 -248 -343 -111 -451 -363 220 -368 -11 -440 -202 -123 -254 -176 -325 -262 -364 -334 -99 0
-12 -472 -386 -202 -34 -425 -248 -284 -20 -139 -276 -314 -49 -251 -123 -254 -440 -242 -57 -176 -11 -262 -508 -325 -364 0
-242 -34 -370 -139 -363 220 -508 -248 -343 -111 -451 -368 -251 -440 -386 -202 -425 -284 -20 -276 -123 -254 -57 -176 -11 -262 -325 -364 327 0
-387 -111 -139 -202 -11 -440 -419 -370 -363 -508 -248 -343 -451 -368 -251 -386 -425 -284 -254 -57 -176 -262 -325 -364 -398 -70 -245 -334 -99 359 -222 0
-12 -242 -80 -325 -99 -370 -314 -276 -336 -426 -254 -368 -49 -123 -176 -440 -139 -262 -364 -508 -11 0
-242 -202 -370 -139 -363 220 -508 -248 -343 -111 -451 -368 -251 -440 -80 -325 -99 -276 -336 -426 -254 -123 -176 -262 -364 -11 0
10 -111 -77 -130 -325 -254 153 -276 -314 -512 -49 -440 -57 0
-363 -364 -508 -248 -343 -262 -325 -70 -222 -358 0
-176 -216 -248 -98 -150 -242 -254 -325 -343 -262 -364 -508 -12 -369 -358 -55 -336 0
326 -336 -254 -364 -343 -262 -358 -248 -242 -325 -508 -12 -369 -70 -513 0
177 -304 -382 -275 -79 -262 -106 -364 -369 -490 -358 -387 -336 -315 -343 -254 0
441 -254 -343 -262 -358 -248 -364 -70 -242 -325 -508 -12 -222 0
327 -488 -187 -248 -57 -12 -441 -218 -325 -70 0
177 -441 -387 -12 -70 -325 -248 -218 -364 -262 -358 -315 -343 -254 0
-254 -12 -248 -262 -364 -242 -325 -70 -343 -508 -358 -222 0
326 -488 -129 220 -187 -8 -248 -151 -57 -12 -181 -325 -242 -70 0
-12 -242 -248 -325 -70 -222 -358 -343 -262 -364 -508 0
360 -57 -343 -248 0
336 -102 -387 -425 -254 0
327 -254 -409 -304 -387 -425 -174 -472 -315 -76 -107 -130 -48 -441 -398 -70 -218 0
334 -254 -49 -176 -441 -482 0
-254 -123 -242 -176 -11 -325 -343 -262 -364 -508 -248 -442 -250 -258 -330 -387 -49 -441 -482 -425 -107 -48 -511 -70 -409 -304 -174 -315 -76 -398 0
326 -35 -148 -176 -482 -49 -409 -488 -470 -187 -248 -57 -76 -48 -111 -181 -130 -408 -70 0
327 -307 -76 -130 -398 -70 0
-242 -364 -70 -325 -343 -262 -248 -508 -222 -358 0
-12 -407 -248 -387 -254 -70 -325 -441 -364 -262 -358 -315 -343 -218 -11 -508 0
247 -488 -273 -284 -216 0
326 -441 -248 -358 -254 -508 -364 -343 -262 -222 -70 -325 0
-57 -176 -387 -254 -335 -441 -364 -508 -262 -222 -106 -343 -358 -55 -248 0
-176 -110 -248 -508 -343 -12 -262 -364 -387 -254 -335 -441 -222 -106 -358 -55 0
-12 -99 -436 -248 -50 -325 -343 -508 -262 -364 -387 -254 -335 -441 -222 -106 -358 -55 -408 -11 0
-441 -254 -343 -364 -508 -262 -222 -358 -248 -325 -70 0
334 -176 -358 -508 -364 -12 -262 -343 -110 -248 -387 -330 -254 0
335 -266 -498 -399 -418 -436 -508 -51 -343 -222 -55 -248 -358 -262 -364 -369 -330 -387 0
-254 -364 -358 -508 -343 -262 -248 -222 -70 -325 0
-12 -176 -343 -56 -508 -248 -262 -364 -11 0
-364 -358 -262 -222 -248 -343 -508 -325 -70 0
359 -187 -523 -343 -262 0
-187 -523 -343 -262 -358 0
-71 -180 -313 -492 -415 -8 -349 -241 -182 -325 -152 -70 0
56 -441 -325 -313 -492 -415 -8 -349 -152 -70 -203 -387 -140 -424 -334 -111 -12 0
72 -272 -125 -492 -361 -53 -511 -313 -462 -48 -325 -181 -166 -131 0
-441 -387 -325 -70 -125 -492 -361 -53 -313 -462 -48 -166 -131 -12 -57 -415 -8 -349 -203 -152 -140 -424 -334 -111 0
441 -12 -325 -57 -166 -415 -203 -8 -349 -140 -258 -152 -330 -276 -334 -49 0
387 -334 -424 0
-12 -125 -70 -325 -492 -361 -53 -313 -462 -48 -166 -131 -57 -415 -8 -349 -203 -152 -140 -424 -334 -111 -258 -330 -276 -49 0
72 -125 -123 -492 -79 -111 -408 -99 -48 -325 -131 0
511 -369 397 -304 -174 -415 -476 -8 -349 -140 -498 -49 -78 -441 -243 0
512 -8 -415 -349 -251 -152 -243 -219 0
177 -254 -174 -415 -349 -140 -49 -152 -398 -131 -325 -48 -70 -123 -492 -79 -111 -99 -361 -53 -462 -57 -203 -424 -258 -330 -276 -482 -304 0
10 -369 -4 -140 -325 -12 -492 -415 -313 -349 -152 -70 -203 -387 -424 -334 -111 -441 -57 0
336 -334 -361 -53 -462 -48 -131 -492 -325 -70 -441 -406 -57 -12 -4 -140 -415 -349 -152 -203 -387 -424 -123 -111 -254 0
335 -387 -4 -349 -415 -203 -325 -140 -406 -12 -258 -152 -441 -123 -330 0
-334 -335 -361 -53 -462 -48 -131 -492 -325 -70 -441 -406 -57 -12 -4 -140 -415 -349 -152 -203 -387 -424 -123 -111 -254 0
490 -8 -371 -349 -415 -60 -506 -504 0
-387 -441 -325 -492 -371 -349 -415 -174 -53 -203 -233 -140 -482 -57 -488 -49 -12 -361 -70 -254 -462 -48 -131 -406 -4 -152 -424 -123 -111 -258 -330 0
-441 -12 -325 -57 -492 -70 -254 -361 -424 -371 -349 -415 -174 -53 -203 -233 -140 -482 -488 -49 -462 -48 -131 -406 -4 -152 -123 -111 -258 -330 0
335 -387 -406 -513 -415 -349 -152 -203 -4 -140 -258 -325 -369 -330 0
327 -194 -442 -492 -415 -203 -250 -21 -129 -273 -131 -12 -216 -48 -406 -398 -70 0
-387 -12 -492 -57 -125 -152 -48 -131 -513 -70 -325 -442 -415 -203 -216 -406 -398 -488 -361 -258 -330 -254 -336 -349 -4 -140 -369 0
326 -90 -472 -4 -218 -210 -36 -513 -99 0
-12 -4 -70 -325 -152 -99 -492 -371 -254 -361 -424 -57 -48 -131 -442 -415 -203 -216 -406 -398 -488 -258 -330 -349 -140 -49 -174 -53 -233 -482 -462 -123 -111 0
-218 -130 -371 327 -398 -70 -492 -152 -243 -415 -349 -251 0
-254 -361 -203 -140 -49 -492 -371 -398 -70 -152 -415 -349 -131 -48 -325 -99 -424 -57 -442 -216 -488 -258 -330 -174 -53 -482 -462 -123 -111 -175 -79 -276 -304 0
-334 -441 -57 -325 -492 -415 -349 -152 -70 -203 -387 -140 -424 -8 -111 -12 -136 -476 -488 -101 -335 0
-441 -387 -57 -314 -12 -361 -183 -325 -492 -415 -349 -152 -70 -203 -140 -424 -8 -111 -136 -476 -488 -101 -335 0
-387 -183 220 -8 -492 -371 -314 -335 -57 -12 -53 -325 -152 -70 -203 -140 -424 -111 -136 -476 -488 -101 0
10 -250 -71 -492 -415 -8 -349 -325 -152 -70 -57 0
326 -12 220 -398 -492 -8 -325 -152 -70 -57 -140 -203 -258 -488 -330 -101 -424 -371 -314 -335 -53 -111 -476 -48 -131 -123 -79 -125 -99 0
386 327 -258 -335 -442 -492 -415 -203 -330 -273 -131 -12 -216 -48 -398 -70 -424 -361 0
-12 -492 -371 -398 -70 -152 -476 -258 -330 -424 -335 -203 -131 -216 -48 -488 -101 -107 -325 220 -8 -57 -140 -314 -53 -111 -123 -79 -125 -99 0
-358 -262 -325 -508 -343 -70 -222 -248 0
130 -183 -57 -12 -315 -272 -255 -487 -100 -285 -106 -189 -48 -262 0
72 -315 -57 -12 -255 -272 -100 -487 -112 -136 -285 -106 -189 -262 0
283 -140 -203 0
-364 -523 -262 0
363 -313 -57 -216 -12 -273 -70 -127 0
386 -424 -334 0
-283 -334 -152 -343 -508 -12 -252 -492 -127 -57 -70 -362 -387 -262 -487 249 0
363 -58 -492 -370 -75 -313 -127 0
271 -53 -372 -503 -283 -59 -488 -128 0
130 -488 -190 -79 -94 -407 -193 -450 -221 -372 -49 -503 -247 -155 -128 -272 -283 -59 -493 -405 -525 -48 0
-187 -247 -283 0
285 -140 -203 0
11 -48 -193 -221 -372 -128 -283 -488 -492 -152 -325 -70 -369 -183 -441 -57 0
10 -140 -12 -492 -415 -334 -313 -152 -70 -203 -387 -349 -424 -325 -441 -448 -369 -183 -57 0
-140 -128 -70 -57 -372 -183 -492 -152 -325 -369 -441 -12 -415 -334 -313 -203 -387 -349 -424 0
285 -99 -34 -266 -248 -203 0
327 -365 -525 -248 -284 -34 -203 -406 -512 0
285 -34 -98 -267 -248 -203 0
-424 -349 -372 -203 -12 -325 -152 -183 -57 -441 -369 -70 -492 -415 -334 -313 -387 -363 -426 0
-349 -203 -363 -387 -372 -415 -12 -325 -152 -183 -57 -441 -369 -70 -492 -334 -313 -426 0
-283 -285 -221 -372 -128 -492 -152 -325 -70 -369 -183 -441 -57 -12 -449 -193 0
283 -193 -20 -444 -12 -325 -492 -273 -57 -51 -54 -441 -75 -369 -372 -203 0
-424 -203 -152 -57 -12 -372 -441 -369 -183 -492 -325 -70 -415 -220 -127 -363 -387 -426 -334 0
11 -283 -152 -220 -372 -57 -325 -415 -203 -364 -70 -369 -183 -441 0
284 -406 -35 -325 -219 -89 -474 -251 -220 -415 -450 -203 -372 -139 0
449 -525 -325 -248 -284 -203 -406 -512 -97 -262 -35 -358 -387 -426 -363 -364 -5 -415 -7 0
-283 -127 -372 -325 -203 -35 -387 -426 -363 -364 -415 -7 -89 -474 -220 -152 -369 -183 -441 -57 -12 -70 0
129 -168 -425 336 -487 -462 -271 -52 0
326 -7 -220 -415 -388 -112 -487 -271 -127 -425 336 -52 -262 -364 -111 -5 -35 -130 -99 153 -182 -325 -70 0
-203 -183 -415 336 -70 -152 -325 -57 -12 -372 -363 -474 -492 -334 -313 0
370 -183 -152 -325 -70 -492 -57 -12 -441 -369 -140 -284 -74 0
-283 -266 -120 -492 -474 -152 -325 -70 -183 -57 -12 -441 -369 -140 -284 0
327 -271 -50 -74 -52 -6 -77 -504 -111 -130 -492 -406 -70 -512 0
-182 -309 -180 -474 -325 -70 -74 -6 -492 -59 -369 -187 -441 -247 -12 -152 -57 -183 0
188 -7 -506 -12 -325 -139 -218 -242 -98 -415 -398 -250 -309 -346 -76 -132 -525 0
315 -325 -12 -415 -492 -152 -70 -57 336 -334 -313 0
-247 -36 -387 -334 -80 -6 -110 -525 -248 -283 0
-140 -418 -421 -330 -344 -99 -387 -334 -80 -110 -525 -248 -266 -203 -139 0
285 -110 -5 -248 -99 -266 -203 0
153 -248 -120 -203 -330 -344 -387 -334 -139 -512 -406 -212 -325 -166 -217 -182 0
-283 -442 -505 -415 -451 -266 -421 -257 -203 -4 -344 -139 249 0
249 -421 -120 -266 -203 -505 -415 -257 -344 -139 -215 -110 0
10 -203 -387 -334 -330 -175 -120 -505 -415 -325 -166 -70 -182 -152 -217 -369 -441 -57 0
11 -217 -325 -70 -182 -441 -57 0
-325 336 -313 -334 -415 -70 -152 -57 -12 -492 0
110 -483 -371 -182 -313 -152 -255 -177 -6 0
247 -182 -415 -152 -371 -387 -313 -70 -406 -255 -397 -492 -203 -217 -140 -511 -369 -330 -441 -12 -188 -57 0
72 -443 -415 -73 -303 -50 -53 -471 -437 -462 -255 -77 -48 -166 -131 0
-110 -251 -180 -77 -70 -415 -73 -303 -50 -255 -104 -95 -322 -212 -191 -387 -334 -406 -120 -265 -80 -6 -247 -525 -248 -283 0
372 -144 -104 -271 -303 -53 -255 -502 -313 -73 -58 0
181 -180 -255 -397 -104 -313 -415 -371 -73 -120 -265 -406 -6 -70 -322 -387 -334 -247 -248 -283 -369 -492 -441 -217 -12 -152 -57 0
-266 -110 -12 -213 -406 -120 -203 249 -505 -415 -257 -344 -139 -215 -57 -265 0
251 -473 -511 -217 -241 -180 0
-139 -6 -12 -120 -203 -415 -57 -511 -217 -492 -255 -330 -313 -152 -70 -182 -397 -104 -406 -387 -334 -283 -369 -441 -140 0
11 -104 -343 -492 -255 -330 -216 -313 -152 -70 -182 -406 -57 0
-182 -140 -120 -203 -415 -57 -511 -217 -492 -255 -330 -313 -152 -70 -397 -406 -387 -334 -283 -369 -441 -12 -97 0
142 -470 -104 0
144 -470 -104 0
141 -422 -474 -448 -217 -152 -242 -104 -255 -168 -211 -415 -120 -267 -203 0
-470 -224 -479 -150 -469 -104 0
253 -365 -520 -342 -53 -290 -301 -142 -479 -150 -104 -397 -497 -48 -132 -78 -348 -309 -392 -211 -168 0
151 -64 -163 -397 -8 -298 -209 -479 -104 -175 -255 -520 -342 -53 -48 -132 -309 -211 -168 -178 -79 -217 -343 -511 -149 -330 -242 0
153 -324 -360 -343 -363 -387 -426 -334 -132 -415 -511 -79 -523 -448 -242 -217 0
-149 -8 -267 -163 -397 -120 -298 -209 -479 -104 -175 -255 -520 -342 -53 -48 -132 -309 -211 -168 -178 -79 -217 -343 -511 151 -330 -242 0
109 -6 -255 -168 -211 -120 -267 -163 -397 -298 -209 -175 -342 -48 -132 -309 -217 -343 -511 -330 -242 -152 -360 -363 -387 -426 -334 -415 -523 -448 -73 -203 -140 -474 -104 0
153 -180 -415 -474 -448 -242 -217 0
141 -343 -511 -330 -242 -152 -415 -474 -448 -217 -203 -104 -255 -168 -211 -120 -267 0
-6 -111 -255 -168 -211 -120 -267 -163 -397 -298 -209 -175 -342 -48 -132 -309 -217 -343 -511 -330 -242 -152 -360 -363 -387 -426 -334 -415 -523 -448 -73 -203 -140 -474 -104 0
-140 -283 -334 -387 -255 -397 -217 -511 -330 -152 -426 -415 -203 -97 -441 -406 -57 -120 -12 -313 -70 -492 -369 0
151 118 -322 -335 -420 -251 -258 -70 -187 -343 -358 -524 -330 -182 0
523 -107 -70 -100 -387 -426 -263 0
-343 -109 -176 -406 -255 -265 -313 -120 -182 -322 -335 -420 -251 -70 -187 -358 -524 -330 -152 -387 -426 -489 -344 -57 -248 0
183 -109 -406 -265 -176 -451 -255 -214 -313 -70 0
-283 -203 -152 -313 -335 -57 -492 -12 -70 -334 -415 0
252 -162 -492 -370 -58 -313 -75 -52 -258 -502 -420 -324 -216 -505 -473 -451 -415 -179 0
265 -137 -149 -104 -324 -420 -497 -258 -251 -492 -370 -58 -313 -75 -52 -502 -216 -505 -473 -415 -179 -255 -168 -95 -212 -191 -406 -111 -5 -120 -35 0
153 -132 -104 -271 -255 -502 -313 -58 -75 -154 -149 -406 -120 -267 -324 -420 -258 -251 -492 -216 -505 -473 -415 -179 -95 -212 -191 -111 -5 -35 -70 -370 -524 0
151 -258 -251 -370 -415 -313 -330 -182 0
372 -65 -13 -299 -75 -209 -52 -502 -58 0
266 -222 -387 -271 -154 -52 -335 -364 -258 328 -262 -502 -313 -75 -58 -370 -13 -299 -209 -95 -191 -422 -406 -120 0
74 -52 -502 -370 -58 0
-372 -13 -415 -505 -442 -324 -334 -387 -487 -420 -363 -271 -498 -258 -127 -251 -52 -179 -502 -473 -58 -313 -370 0
-258 -487 -387 -271 -255 -313 -299 -75 -209 -502 -58 -415 -505 -324 -334 -420 -251 -179 -473 -370 -492 -216 -70 -524 -104 -154 -149 -406 -120 -267 -95 -212 -191 -111 -5 -35 -152 -330 -182 0
371 -128 -502 -75 -58 0
-203 -335 -313 -12 -57 -415 -334 -492 -152 -70 0
-182 -111 -194 -154 -406 -17 -272 -81 -12 -217 -57 -152 -183 -258 -251 -415 -313 -330 -370 0
249 -188 -284 0
-188 -248 -284 0
265 -89 -505 -415 -251 -258 -323 -255 -511 -474 -449 -217 -152 -525 -284 -454 -97 -120 -65 -129 -220 -35 0
54 -154 -97 -397 -406 -12 -217 -57 -152 -258 -251 -415 -313 -330 -370 -284 -202 -140 -400 -511 -369 -441 -266 -505 -323 -255 -120 -334 -387 -502 371 -58 -74 0
151 -370 -12 -258 -57 -330 -415 -313 -251 0
-370 -58 -12 -57 -284 -217 -152 -258 -330 -415 -313 -251 -334 -387 -74 -97 -397 -202 -140 -511 -369 -441 -266 -323 -255 -120 -502 -406 -492 -372 0
-58 -502 -152 -313 -387 -97 -266 -406 -57 -12 -330 -441 -369 -140 -284 -74 -217 -258 -415 -251 -334 -397 -202 -511 -323 -255 -120 -492 -372 0
58 -372 -415 -70 -266 -251 -406 -57 -492 -12 -217 -313 -441 -152 -258 -330 -120 -369 0
219 -251 -258 -330 -511 -152 0
-58 -370 -387 -441 -255 -492 -12 -313 -369 -284 -74 -152 -97 -266 -406 -57 -330 -140 -217 -258 -415 -251 -334 -397 -202 -511 -323 -120 0
-370 -251 -12 -441 -313 -369 -415 -70 -266 -57 -406 -492 -217 -152 -258 -330 -120 -387 -255 -284 -74 -97 -140 -334 -397 -202 -511 -323 0
-251 -258 -313 -387 -97 -266 -406 -57 -12 -330 -441 -369 -140 -284 -74 -217 -152 -415 -334 -397 -202 -511 -323 -255 -120 -492 -70 0
371 -222 -387 -360 -97 -284 -266 -140 -406 -57 -179 -12 -242 -217 -152 -450 -313 0
372 -343 -255 -330 -313 -152 -70 -492 -406 -57 -97 -12 -511 -217 251 -189 -140 -284 0
-258 -266 -415 -406 -57 -12 -441 -369 -140 -284 -74 -255 -330 -313 -152 -70 -492 -97 -511 -217 -387 -334 -397 -202 -323 -120 0
10 371 -12 -57 -492 -284 -217 -140 -152 -511 -369 -345 -183 -441 0
11 -241 -152 -345 -330 -57 0
250 336 -313 -397 -12 -57 -492 -284 -217 -140 -511 -345 -152 0
10 -511 -441 -242 0
-335 -152 -492 -57 -12 -415 -313 -70 -334 0
252 -272 -267 -216 -247 -372 335 -367 -330 -415 153 -474 -242 -217 0
-140 142 -119 -366 -267 -525 -284 -247 -141 0
-12 -10 -57 -415 -313 -70 -330 -217 -251 -441 -406 -243 -152 0
56 -154 -273 -494 -140 -284 -70 -258 -251 -415 -313 -330 151 0
-283 -477 -313 -181 -70 -441 -9 -273 -350 -523 -221 -360 -247 -284 0
490 151 -140 -313 -70 -441 -273 -284 -57 -494 -258 -251 -415 -330 -110 0
358 -367 -441 -58 -504 -372 314 -74 -523 -221 0
151 -446 -273 -494 -140 -284 -70 -258 -251 -415 -313 -330 -57 -441 -491 -110 0
344 -258 -330 0
-70 -71 -272 -215 -57 -415 -313 -10 -330 -217 -251 -441 -406 -243 -152 0
153 -277 -113 -220 -415 -251 -258 -330 -211 -367 -441 -101 -106 -272 -215 -57 -313 -10 -217 -152 -110 -262 -523 -181 0
-70 -367 -441 -74 -313 -258 -251 -415 -330 151 -181 -247 -273 -283 -284 0
-283 -247 -441 -258 -251 -415 -330 -313 -284 -152 -57 -217 -140 0
-188 -187 -57 -344 -284 0
271 -149 -176 -202 141 -248 -284 -9 -266 -506 -323 -350 -453 -221 -216 -363 -417 0
407 151 -70 -140 -284 -273 -258 -251 -415 -313 -330 -57 -441 -217 -152 -327 0
525 -70 -258 -330 -251 -152 -217 -247 -441 -140 -284 -415 -313 -57 0
182 -298 -52 -415 -209 -479 -8 -89 -450 -48 -491 -473 -370 -362 -130 -313 -70 0
315 -19 -415 -194 -52 -18 -298 -209 -479 -8 -89 -450 -491 -473 -370 -362 0
222 -477 -234 -174 -126 -304 -49 0
368 -209 -415 -70 -216 -273 -360 -487 523 -370 -313 -251 -6 -248 -187 -111 -406 -57 -330 -217 -441 -152 0
-492 -100 -487 -6 -303 -246 -334 -111 -209 -52 -387 -406 -503 -362 -58 -370 -313 -75 -441 -258 -415 -369 -266 -57 -70 -217 -152 -251 -330 -120 -255 -284 -74 -97 -140 -397 -202 -511 -323 -491 0
-12 -100 -487 -387 -273 -362 -57 -127 -313 -70 -216 -11 0
314 -104 -273 -487 -360 336 -70 523 -6 -111 -406 -57 -313 -216 -11 -299 -209 -401 -334 -58 -370 -441 -258 -415 -369 -266 -217 -152 -251 -330 -284 -74 -140 -202 -511 -323 0
-511 -273 -6 -111 -406 -370 -441 -313 -258 -415 -369 -266 -57 -70 -217 -152 -251 -330 -284 -74 -140 -202 -323 -487 -360 523 -216 -187 -99 0
-273 -406 -6 -111 -74 -70 -313 -487 -216 -369 -441 -370 -258 -415 -266 -57 -217 -152 -251 -330 -284 -140 -202 -323 -360 523 -187 -99 0
-406 -70 -187 -370 -313 -152 -57 -415 -369 -360 -441 -487 -330 -217 -251 -6 -111 -74 -216 -258 -266 -284 -140 -202 -323 523 -99 0
-70 -247 -217 -313 -152 -57 -415 -330 -251 -258 -284 -140 -441 0
-12 -10 -325 -152 -217 -258 -251 -57 -330 -415 -313 -370 0
151 -149 -202 141 -248 -284 -176 -266 271 -323 -216 -415 -251 -370 -258 -313 -330 0
271 -406 -370 -46 -313 -524 -71 -217 -325 -152 -202 141 -248 -284 -176 -266 -323 -216 -251 -258 -330 -441 -111 -415 -57 0
-12 -71 -57 -217 -325 -152 -258 -251 -330 -415 -313 -370 0
151 -243 -202 141 -248 -284 -176 -266 271 -323 -216 -415 -251 -370 -258 -313 -330 0
-247 -441 -313 -57 -284 -217 -152 -415 -251 -258 -330 -140 0
-12 -364 -505 -489 -262 -363 -415 -358 -57 -248 -251 -258 -59 -330 -367 -152 -492 -313 -70 -441 -11 0
343 -258 -330 0
-441 -370 -415 -57 -251 -258 -330 -152 -313 -217 -284 -140 0
335 -59 327 -52 -77 -74 -111 -130 -6 -492 -70 -512 -369 -325 10 -314 153 -276 -440 -57 0
-314 -74 -215 327 -77 -52 -111 -130 -6 -70 -512 -126 -234 -364 -262 -425 -152 -57 -415 -313 -12 -369 -325 10 153 -276 -440 -473 -370 0
-247 327 -52 -77 -130 -70 -512 -401 -215 -187 -343 -126 -51 -167 -364 -262 -152 -57 -415 -313 -12 -369 -325 10 153 -440 -473 -370 -80 -140 0
-370 -251 -284 -152 -57 -415 -140 -217 -258 -313 -330 0
252 -183 -57 -12 -152 -448 -415 0
315 -12 -367 -152 -57 -415 -313 -70 -330 -258 -251 -448 0
11 -182 -251 -330 -152 -258 -57 0
151 -100 314 -372 -74 -54 -129 -271 -214 -70 -187 -358 -343 -330 0
-12 -70 -330 -367 -258 -372 -74 -251 -57 -152 -448 -415 -54 -129 -489 -249 -284 -313 0
153 216 -287 -271 -47 -221 -131 -415 -524 -448 -217 0
-70 -251 -330 -152 -415 -217 -284 -57 -313 -258 -140 0
334 -100 -425 -254 0
-12 -335 -367 -489 -360 -523 -343 -249 -284 -313 -57 252 -152 -448 -415 -11 0
151 -251 -258 -330 -217 -152 -313 -57 -284 -415 -140 0
-251 -415 -57 -284 -217 -152 -313 -258 -330 -140 0
-151 -70 -152 -57 -335 -415 -313 -12 -242 -217 0
315 -441 -12 -57 -152 -335 -415 -313 -70 -181 0
11 -441 -152 -57 -335 -415 -313 -70 -12 -513 -217 -182 0
-441 -70 -57 -313 -12 -335 -371 -140 -284 -179 -392 -497 -78 -523 -152 -415 -513 -217 -181 0
56 -131 -497 -308 -523 -392 -284 -211 0
-248 -407 -326 251 -217 -241 -473 -140 -215 -247 -284 0
183 -8 -415 -371 -140 -284 -360 -189 251 -217 -241 -12 -57 -523 -253 -313 -70 0
-70 -12 -360 -140 -284 -313 -57 -189 251 -217 -415 -335 -152 0
-151 -511 -217 -325 -242 0
512 -325 -217 0
-511 -325 -217 -242 0
283 -54 -271 -214 -187 -371 -248 -140 0
440 -523 -335 -343 -360 -140 -284 -214 -371 -46 -130 -313 -181 -57 -12 0
55 -346 -497 -392 -325 -166 -217 -253 -313 -179 -371 -140 -187 0
-248 334 -523 -343 -360 -313 -214 -371 -140 -181 -12 -57 -497 -392 -325 -166 -217 -179 -78 -46 -130 -284 0
-12 -415 -140 -284 -360 -189 -57 -343 -313 -217 -335 -152 251 0
315 -187 -140 -179 -360 -473 -335 -262 -222 -364 0
-247 -254 -303 -222 -360 -415 -70 523 -335 -473 -179 -80 -187 -248 -371 -140 -110 0
-248 -335 -70 -222 -360 -284 -303 -415 -473 -179 -80 -140 -110 -313 -525 0
-415 -258 -57 -140 -313 -217 -152 -330 -284 0
336 -439 -367 0
52 -128 -74 0
-283 -524 -258 -330 -284 -217 -152 -313 -57 -140 -187 0
314 -363 336 -102 0
-358 336 -12 -57 -111 -187 -343 -524 -6 -152 -448 -370 -313 -217 -349 -487 -220 -360 0
315 -441 -217 -220 -74 -323 -12 -387 -334 -262 -258 -57 -524 -330 -152 -448 -370 0
-54 -11 -387 -57 -362 -313 -100 -12 283 -187 -371 -248 -140 0
-11 -8 -217 -505 -491 -349 -524 -57 -362 -313 -100 -12 283 -187 -371 -248 -140 336 0
-334 -335 -217 -57 -330 -258 -505 -349 -524 -313 -12 283 -187 -248 -140 -448 -220 -152 0
372 -244 -220 -349 -6 -111 -187 -248 -176 -253 -448 -313 -74 -59 0
-358 -9 -111 -6 -81 -349 -366 -220 -523 -187 -343 -360 0
334 -12 -220 -268 -266 -6 -187 -248 -111 -343 -360 -217 -180 -250 -349 -57 -524 -152 -448 -313 -370 -176 -74 -369 0
-12 -187 -250 -217 -57 -313 -524 -448 -258 -152 -330 -505 -349 283 -248 -140 -220 -176 0
-334 -424 -385 0
334 372 -220 -349 -6 -111 -187 -248 -176 -369 -448 -313 -74 0
-523 -334 -487 -360 314 -330 -127 -152 -52 -524 0
335 -441 -369 0
385 -9 -216 -453 -266 -187 -248 -111 -6 -505 -349 -220 -363 0
315 -366 -217 -487 -220 -111 -6 -349 -523 -187 -343 -360 -387 -334 -216 -453 -266 -248 -505 -448 -370 0
-523 -334 -360 -487 -330 -152 -524 -74 -370 -313 -217 -220 -111 -6 -349 -187 -343 -387 -216 -266 -248 -505 -448 -250 -243 0
359 -387 -426 523 -70 -100 0
7 336 -487 -254 -364 -80 -111 -234 -6 0
-334 -180 -250 -111 -408 -217 -216 -273 -487 -220 -349 -6 -176 -313 -74 -370 -448 -152 -360 -330 -524 -187 -343 -266 -248 -505 -243 -335 0
-248 -258 -313 -152 -330 -57 -217 -140 -284 0
513 -325 -217 0
-439 -334 -367 0
-325 -511 -217 0
221 -306 -409 -332 0
370 -332 -10 -523 -272 -70 -74 -438 -181 -349 -49 -313 -372 358 -367 -441 -220 -409 -152 -59 0
-370 -441 -220 -74 -323 -217 -387 -334 -262 -258 -57 -330 -152 -448 -272 -215 -47 -70 -181 -313 -372 0
368 -70 -523 -272 -10 -74 -438 -181 -349 -49 -313 -372 358 -367 -441 -220 -409 -152 370 0
-334 -74 -313 -523 -181 -152 -330 -367 -272 -10 -349 -372 358 -220 -323 -217 -258 -57 -448 -215 -270 -4 -98 -101 0
12 -9 -323 -385 -4 -424 -234 -483 -510 -309 -98 -211 -167 -71 -178 -215 -250 -406 -272 -241 0
371 -505 -220 -510 -262 -272 -215 -178 -266 -250 -439 -10 -323 -385 -4 -424 -98 -211 -110 -175 -152 -253 -181 -448 -313 0
-524 -319 -355 -4 221 -9 -292 -65 -308 -163 -21 -347 -13 -498 -77 -262 -131 -523 0
71 -9 -384 -355 -277 -333 -63 -262 -4 221 -65 -163 -21 -13 -523 -178 -175 -101 -250 -253 -243 -313 -152 -181 0
131 -9 -266 -98 -389 -385 -65 -424 -163 -21 -13 -498 -46 0
440 -323 -385 -4 -510 -98 -211 -178 -215 -250 -272 -110 -175 -253 -262 -266 -389 -163 -217 -384 -277 -523 -101 -313 -152 -181 -67 -220 -113 -349 -54 -129 -367 -10 0
314 -70 -497 -78 -132 -348 -181 0
-70 -173 -505 -244 -220 -384 -51 -510 -497 -348 -78 -132 -215 -262 -524 -175 -253 -181 -313 0
-524 -4 -110 -407 -349 -266 -129 -272 -215 -505 -244 -220 -384 -51 -510 -262 -175 -253 -181 -313 -178 -250 -242 -152 -523 0
-258 -140 -152 -217 -330 -57 -313 -284 0
251 -70 314 -132 -181 -241 -178 0
-70 -122 -241 -11 -129 221 -252 314 -132 -181 -178 -301 -262 -524 -214 -72 0
110 -406 -217 -325 -79 0
-406 -325 -79 -109 -217 0
-523 -524 -181 -262 -217 -140 -284 -313 -220 -57 -330 -152 0
72 -303 -289 -149 -154 -408 -98 -273 -326 -215 -130 0
523 -181 -217 -152 -330 -57 -284 -140 -313 -220 0
72 -487 -140 -284 -4 -100 -34 -106 -98 -48 -326 -131 0
-181 -220 -140 -217 -284 -313 -152 -330 -57 -262 0
315 -216 -176 -358 -284 -220 -187 -406 -140 -11 -511 -441 -252 -497 -182 -71 -130 -397 -508 -401 -491 -473 0
222 -273 -248 -313 -140 -335 314 -284 -216 -220 -106 -416 -358 0
-242 314 -52 -140 -364 -284 -262 -248 -358 -220 -313 -216 -106 -406 -11 -511 -441 -151 329 -256 0
10 -273 314 -220 -140 -358 -248 -284 -216 -335 -441 0
222 -110 -248 -335 314 -284 -216 -273 -106 -358 0
-273 314 -52 -335 -140 -364 -284 -262 -248 -358 -220 -216 -106 -406 -11 -441 0
221 -371 -284 -52 -248 -129 -358 -415 0
131 343 -284 -57 -220 -248 -140 -262 -11 -252 -313 -151 329 -256 -182 -70 -217 153 0
-216 222 -126 -174 -215 -502 -52 -138 -450 -505 -488 -372 -273 -187 -284 0
222 -273 -284 -248 -126 -215 -502 -52 -138 -450 -505 -372 -335 -364 -262 -106 -358 0
439 -109 -176 -482 -217 -50 -11 0
-222 -88 -482 -217 -11 -140 -364 -284 -262 -248 -358 -363 -335 -220 0
315 -215 343 -57 -284 -248 -126 -52 -138 -450 -335 -364 -262 -106 -217 -11 -140 -220 -491 -473 0
221 -11 -217 -335 -284 -52 -248 -358 -450 314 -140 -364 -262 0
-220 -262 -284 -217 -140 -313 -57 -152 -330 0
359 -335 -313 -182 -262 -222 -152 -524 -489 0
215 -255 -212 -176 -4 -109 -323 -11 -442 -273 -70 -182 -217 153 0
315 -273 -109 -217 -11 -367 360 -4 329 -256 -176 220 -47 -214 -212 -323 -182 -508 -401 -365 -524 -152 0
215 -54 -217 -266 -182 -152 -252 -524 -262 220 -109 -129 -273 0
523 -448 -415 -47 -221 216 -524 -217 -182 -129 -152 -54 0
-334 -254 -176 -217 -11 -109 -367 -335 0
-273 -401 -367 -508 -176 -11 360 -217 -109 -74 -372 -313 -4 329 -256 220 -47 -214 -212 -323 -182 -365 -524 -152 0
315 -19 -424 -252 -262 -524 -385 -152 -57 -415 -12 -313 -335 -217 -71 -361 -182 0
-248 -323 -217 -313 -252 -262 -57 -152 -367 -74 -372 -4 -256 220 -489 -257 -345 -249 -284 0
-283 -262 -330 -152 -217 -313 -57 -284 -140 0
359 -273 -57 -313 -369 -74 -370 -152 -262 -222 -257 -487 -345 -247 -284 0
-273 220 -313 -217 -152 -262 -187 -57 -487 -247 -369 -74 -370 -257 -345 -284 0
-262 -140 -152 -57 -313 -330 -284 -217 0
-247 -425 -220 -313 -140 -248 -335 -284 -273 314 222 -358 -448 -488 0
359 -220 -140 -284 -217 -313 -273 -358 -364 -152 -57 -523 -257 -345 0
-248 221 -252 -273 360 -217 -313 -140 -364 -152 -284 -57 -523 -257 0
487 -53 -127 -140 -284 -273 0
-220 -273 -217 -140 -284 -313 -152 -330 -57 0
-283 -334 -217 -254 -11 -176 -335 -140 -187 -284 0
-334 -248 -358 -217 -254 -11 -335 -140 -284 -425 -387 0
73 -129 -54 0
283 -73 -371 -140 0
-248 -304 -172 -49 -273 -284 -140 -358 -217 -361 -313 -364 -152 -57 -257 -523 -345 0
-74 -128 -53 0
74 -140 -284 0
-273 -283 -152 -330 -57 -313 -284 -140 -217 0
-415 -220 -129 -137 -448 -113 221 0
-220 -301 -74 -475 -337 -172 334 -425 -137 -473 -113 -178 -252 -129 -448 -222 0
128 -137 -266 -452 -113 -252 220 0
-248 -178 -252 -172 -74 -266 -129 -272 -57 -12 -489 -46 -313 -367 -364 -152 -216 -523 -345 -249 -284 0
-283 -140 -152 -330 -57 -313 -284 -217 0
273 -180 -313 -217 -252 -152 -345 -330 -57 -187 -284 -247 -358 -487 0
-140 -57 -152 -330 -313 -284 -217 0
315 -349 -330 -284 -248 -126 -505 -215 -52 -138 -450 -273 -372 -502 -364 -262 -106 -358 -179 -220 -473 -361 0
-74 -358 -330 -262 -57 -248 -364 -220 -52 -372 -313 -284 -450 -273 -179 -473 -491 -494 -375 -130 -70 -214 -303 -73 0
221 -11 -243 -217 -219 -151 -109 -5 -330 -8 -57 -248 -358 -349 0
-283 -52 -284 -248 -330 -450 -273 -364 -262 -179 -220 -313 -243 -217 -219 -151 -5 -57 -130 -375 -303 -183 -203 0
-71 -496 -398 -130 153 -217 -182 0
250 -258 -66 -48 -130 153 -217 -182 -308 -306 -174 -337 -390 -114 -385 -336 -351 -330 -417 -267 -179 0
-258 -66 222 -284 -273 314 -216 -358 -425 -336 -330 -11 -217 -151 -252 -248 -48 153 -174 -337 -390 -114 -267 -179 0
-128 -252 -57 -360 153 -217 -248 222 -284 -273 314 -216 -358 -368 -330 -151 -487 -267 -179 -74 0
-252 -74 -217 -179 -216 -273 -57 -360 -248 222 -284 314 -358 -368 -330 -151 -487 -267 153 0
-334 -66 -267 -324 -453 -444 -216 -48 -130 153 -217 -182 -498 -308 -306 -174 -337 -258 -390 -330 -385 -336 0
-128 -498 -308 -276 -130 -51 -368 -254 -425 -267 -324 -453 -444 -216 -48 153 -217 -182 -306 -174 -258 -390 -330 -385 -336 -462 -127 -74 0
-74 314 153 -217 -216 -273 -368 -324 -330 -179 -57 -360 -248 222 -284 -267 -358 -151 -487 0
314 222 -217 -216 -273 -368 -324 -330 -179 -57 -360 -248 153 -284 -267 -358 -151 -487 0
58 -182 153 -217 -99 -130 -5 -268 -496 -7 -411 -309 -477 -174 -368 -306 0
-182 -496 -324 -444 -130 153 -217 -216 -368 -363 -273 371 -75 -502 -99 -5 -268 -411 -309 -477 -174 -306 0
58 -7 -111 -5 -408 -477 -217 -174 -334 -306 0
-358 -216 -141 -368 -273 -75 -111 -5 -217 -330 -57 -324 153 -99 -268 -179 -370 -313 -360 -248 -284 -267 -151 -487 -220 0
439 -11 -267 -111 -99 -217 -5 0
315 -58 -75 -128 -491 -370 0
325 -362 -267 -111 -127 -70 -487 -57 -5 -313 -273 -216 -11 -254 -425 -334 -369 -512 -99 0
-334 -287 -111 -487 -273 -5 -216 -130 -217 -151 153 -182 -267 -127 -57 -313 -99 -75 -128 -370 0
315 -335 -267 -111 -99 -152 -57 -5 -151 -313 -70 -217 -250 -179 -370 0
-12 -308 -176 334 -254 -441 -262 -364 -127 -70 -487 -57 -362 -313 -273 -216 -11 -5 -324 -66 -418 -267 -512 -99 -326 -250 -407 -243 0
-74 -128 -217 -151 -182 -267 -176 -262 -364 -487 -57 -313 -273 -5 -324 -99 -111 -248 -187 -152 -179 -370 -258 -368 -330 -130 -75 -216 0
-128 -182 -370 -176 -220 -216 -273 -313 -217 -151 -52 -267 -262 -364 -487 -57 -5 -324 -99 -111 -248 -187 -152 -179 -258 -368 -330 -130 -75 0
-182 -267 -5 -111 -99 -217 -216 -273 -370 -176 -220 -313 -151 -52 -262 -364 -487 -57 -324 -248 -187 -152 -179 -258 -368 -330 -130 -75 0
-334 -441 -10 -313 -57 -330 -217 -415 -243 -152 -139 -178 -258 -367 -267 -111 -99 -5 -336 0
334 -151 -217 -267 -111 -99 -152 -57 -5 -313 315 -179 -370 -258 -330 0
407 -35 -5 -267 -111 0
-325 -324 -220 -348 -5 -267 -111 -334 -273 -216 -258 -75 315 -370 -71 -252 -10 -217 -219 -151 0
-151 -220 -313 -57 -152 -217 -330 -273 -248 -284 0
-130 -387 -12 -415 -70 -100 -57 -362 -313 -273 -216 -11 -248 -343 -325 -50 -126 -398 -48 -217 -151 -242 -251 -218 -132 0
336 -362 -57 -273 -12 -313 -70 -216 -5 -88 -34 -126 -254 -524 -48 -415 -11 -248 -343 -325 -398 -217 -151 -242 -251 -218 -132 0
-130 -362 -70 -57 -12 -313 -273 -216 -88 -254 -325 -242 -343 -334 -336 326 -406 -217 -111 -5 -126 -151 -251 0
314 -524 -5 -267 -70 -57 -12 -313 -273 -216 -325 -242 -343 -334 326 -406 -217 -111 -151 -251 -415 0
6 -220 -49 -415 -436 -8 0
30 -13 -205 0
29 -13 -205 0
4 -475 -325 -218 -248 -262 -508 -12 -406 -217 -111 0
-130 -343 -255 -334 -248 -267 -34 -5 -325 -218 -12 -406 -217 -111 -324 -205 -398 -48 -70 -151 -242 -251 -132 0
346 -496 -398 -309 0
222 -343 -508 -334 -217 -248 -11 -140 -358 -425 -255 -143 -121 -88 -22 -447 -478 -155 -223 -124 -215 -267 -128 -204 -324 -442 -415 0
408 -70 -217 -267 -5 -325 -12 -406 -111 -334 -151 -313 -57 -273 -216 -330 -182 0
407 -330 -331 -313 -151 -57 -217 -58 -273 -139 -5 -325 -267 -111 -12 0
10 -330 -217 -267 -5 -325 -12 -111 -334 -151 -313 -57 -273 -216 0
6 -127 -502 -449 -58 -371 -285 -267 -139 -34 0
129 -300 -208 -478 -267 -88 -34 -386 -362 0
75 -202 -371 -285 0
73 -502 -58 -371 -129 0
11 -313 -111 -5 -267 -57 -334 -216 -151 -325 -273 -217 0
Solved
