168 -175 -130 0
427 -166 0
421 -174 -309 -91 -280 -365 -386 -37 -378 0
92 -30 -280 -284 -309 -174 -51 -421 0
282 -421 -277 -302 -232 -304 -186 -37 -386 -309 -9 -365 -146 0
172 -314 -284 0
97 -4 -277 -302 -392 -304 -222 -9 -171 -71 0
38 -202 -1 -316 -392 -299 -224 -171 -277 -302 -304 -222 -9 -365 -262 -386 -341 -378 -186 -63 0
420 -41 -171 -262 -365 -186 -309 -386 -37 -1 -316 -392 -299 -224 -277 -302 -304 -9 -341 -378 -280 -232 -146 -91 -239 0
296 -205 -171 -4 -299 -304 -415 -64 0
364 -284 -173 -171 -299 -304 -280 -277 -302 -232 -186 -37 -386 -309 -9 -365 -146 -378 0
175 -132 -280 -304 -418 -1 -316 -178 -166 -262 0
366 -38 -51 -178 -31 -9 -260 -15 -5 -186 -145 -385 -280 0
-38 -15 -186 -200 -385 -364 -51 -178 -31 -9 -260 -5 -145 -280 0
303 -364 -280 -355 -385 -378 -186 -31 -51 -178 -9 -145 -304 0
386 -271 -66 -164 -355 -178 -31 -280 -6 -364 -186 0
37 -295 -415 -252 -186 0
-132 -177 -178 -280 -406 -304 -166 -355 -418 -1 -316 -262 0
7 -15 -303 0
5 -62 -342 -262 -42 -260 -65 -327 -304 0
66 -370 -316 -15 -109 -303 -262 -304 -70 0
14 -62 -342 -418 -262 -172 -109 -103 -316 -67 -370 -199 0
186 -91 -262 -285 -436 -406 -304 -303 -342 -418 -316 -42 -260 -393 -277 -8 -308 -280 -366 -387 -37 0
305 -421 -280 -170 -252 -300 -415 -393 -232 -277 -8 -303 -64 0
-177 -406 -1 -316 -304 -280 -262 -418 -178 -166 -355 0
71 -260 -364 -385 -178 -186 -15 -200 -31 -9 -5 -145 -280 -37 -340 -355 -262 0
66 -37 -165 -355 -178 -252 -31 -271 -385 -364 0
39 -415 -252 -397 -280 -364 -355 -385 -377 -31 0
387 -325 -40 -304 -271 -165 -355 -178 -31 -39 -252 -385 -364 -185 0
7 -252 -280 -364 -385 -40 -304 -165 -355 -178 -31 -185 -397 -377 -234 -279 0
9 -385 -185 -304 -301 0
442 -280 -304 -355 -1 -316 -262 -418 0
306 -9 -15 -200 0
180 -299 -168 -147 -394 -442 -308 -170 0
305 -168 -98 -121 -147 -394 -442 -308 -376 -31 -423 -417 -355 -296 -64 -6 0
82 -178 -429 -1 -316 -304 -280 -262 -418 -406 -394 -355 -168 0
-178 -429 -394 -168 -147 -308 -31 -83 -1 -316 -304 -280 -262 -418 -406 -355 0
422 -314 -173 -92 -373 -30 0
440 -341 -331 -77 -140 -418 -405 -291 0
32 -331 -173 -418 -291 -423 -373 -30 -262 -109 -275 -267 -169 -327 -98 -6 -71 -355 0
82 -388 -429 -168 0
37 -252 -355 -83 -394 -1 -316 -304 -280 -262 -385 -185 -200 -64 -98 -121 -418 0
168 -178 -280 -304 -418 -1 -316 -394 -166 -262 -83 0
-178 -252 -1 -121 -316 -415 -98 -64 -4 -304 -280 -394 -385 -185 -262 -418 -166 -355 -378 -83 -33 0
295 -285 -92 -373 -307 -280 -252 0
429 -176 -131 0
-168 -151 -4 -200 -304 -72 -64 -373 -415 -233 -378 -83 -388 -92 -307 -280 -252 -166 0
-252 -64 -200 -304 -83 -280 -355 -1 -121 -316 -98 -394 -385 -185 -262 -418 -38 0
84 -429 -168 -442 -178 -31 0
-429 -178 -15 -385 -304 -185 -168 -394 -1 -316 -280 -262 -418 -355 -83 -31 0
-178 -168 -304 -418 -1 -316 -262 -280 -83 -15 -385 -185 -394 -355 -31 0
-166 -92 -174 -373 -29 -422 -376 -189 -388 -429 -168 0
131 -429 -189 0
8 -303 -15 0
423 -327 -304 -297 -6 -417 -64 -399 -49 -198 -92 -376 -29 0
-429 -169 -124 -29 -422 -304 -297 -6 -417 -64 -376 -15 -388 -394 -174 -373 -168 -355 -31 -83 0
364 -83 -124 -304 -355 -418 -1 -316 -262 -280 -385 -185 -38 -200 -98 0
-178 -31 -385 -304 -185 -422 -429 -168 -1 -316 -280 -262 -418 -355 -83 -8 -377 -251 -38 -188 -180 0
187 -176 -396 -131 0
-166 -168 -304 -185 -422 -429 -385 -1 -316 -280 -262 -418 -355 -83 -251 -38 -396 0
166 -429 -396 -83 0
-429 -185 -304 -422 -385 -1 -316 -280 -262 -418 -355 -83 -251 -38 -396 0
-385 -387 -280 -304 -1 -316 -262 -418 -124 -355 0
-166 -131 -304 -262 -280 -1 -316 -418 -355 -364 -199 -37 -184 -82 -429 -168 0
-15 -322 -220 -416 -393 -233 -278 -7 -14 -303 0
-31 -285 -418 -122 -49 -262 -97 -304 -199 -7 -393 -233 -278 -303 -399 -423 -376 -184 -355 -37 -164 -168 -442 -429 84 0
186 -315 -262 -423 -91 -49 -42 -308 -252 -260 -342 -65 -304 -7 -37 -303 0
-131 -168 -184 -262 -304 -418 -97 -199 -355 -37 -429 -280 -364 -82 -1 -316 0
277 -169 -299 -220 -417 -392 -234 0
33 -284 -418 -123 -49 -262 -97 -304 -251 -199 -302 -234 -7 -279 -299 -392 -422 -376 -184 -355 -179 -37 0
186 -15 -407 -302 -299 277 -392 -234 -165 -422 -398 -376 -416 -37 0
13 -398 -416 -299 -171 -165 -225 -261 -407 -304 -372 -302 0
-15 -13 -184 -407 -302 -299 277 -392 -234 -165 -422 -398 -376 -416 -37 0
-168 -429 -280 -37 -304 -199 -184 -418 -262 -97 -355 -364 -82 -386 -1 -316 0
-429 -82 -280 -37 -304 -199 -184 -418 -262 -97 -355 -364 -386 -1 -316 0
385 -280 -304 -418 -1 -316 -262 -355 0
38 -168 -304 -355 -366 -418 -1 -316 -262 -429 -280 -84 -186 0
13 -302 -304 -201 0
-252 -422 37 -299 -169 277 -392 -234 -186 -280 0
421 -174 -418 -20 -41 -326 -259 -201 -5 -304 -71 -64 -297 -299 -169 277 -392 -234 0
-422 -284 -93 -373 -418 -20 -41 -326 -259 -201 -304 -71 -64 -299 -169 277 -392 -234 -307 37 -186 -280 0
-168 -429 -262 -418 -201 -304 -186 -280 -366 -355 -99 -84 -39 -1 -316 0
-429 -262 -418 -201 -304 -186 -280 -366 -355 -99 -84 -39 -1 -316 0
167 429 0
166 -177 -132 0
-131 -355 -304 -39 -280 -385 -186 -366 -179 -84 429 0
38 -407 -302 -13 -220 -398 -370 -422 -197 -416 -378 -186 0
-421 -93 -280 -51 -284 -124 -250 -169 -220 -422 0
174 -314 -284 0
445 -418 -304 -1 -316 -124 0
-166 -84 -304 -355 -186 -429 -131 -280 0
-84 -355 -131 -304 -429 -186 -280 0
-170 -98 -205 -70 -4 -304 -280 -415 -393 -232 -252 -303 -421 -300 -8 -277 -64 0
-166 -355 -304 -280 -131 -1 -316 -418 -124 -186 -429 0
-355 -131 -429 -304 -418 -1 -316 -186 -280 -124 0
39 -283 -280 -374 -364 -178 -385 -377 -31 0
422 -298 -415 -170 -295 -222 0
82 -166 -124 -280 -31 -304 -186 -429 -70 -131 0
-166 -70 -124 -280 -304 -131 -186 -31 -429 0
-131 -429 -304 -280 -418 -186 -124 -1 -316 0
84 -39 -186 -166 0
-39 -166 -304 -186 -429 -280 -131 0
82 -385 39 -280 -377 -429 -176 -131 -188 0
Solved
