344 -176 -319 -49 -274 -52 -85 -209 -35 -304 -265 -193 0
87 -317 -295 -334 -79 -319 -215 0
206 -258 -186 0
345 -265 -85 -295 -334 -79 -319 -277 -1 -202 -193 0
86 -318 -295 -334 -79 -319 -216 0
207 -257 -185 0
-265 -295 -85 -202 -334 -79 -319 -277 -1 -193 -343 0
207 -214 -121 -226 -10 -319 -100 -85 -202 0
87 -207 -10 -214 -202 0
-214 -226 -121 -100 -10 -319 -202 -85 0
205 -186 -343 0
86 -274 -49 -319 -52 -85 -304 -265 -220 -196 -325 -283 -100 -343 -82 -298 -202 0
205 -343 0
207 -343 -220 -283 -304 -100 -325 -82 -319 -298 -85 -202 0
361 -319 -100 -202 -85 -49 -304 -220 -196 -325 -283 -82 -298 0
275 -116 -177 -145 0
102 -7 -315 -116 -49 -312 -96 -145 -275 -208 -358 -196 -283 0
-214 -208 -177 -220 -196 -283 -100 -315 -116 -49 -120 -254 -207 87 -202 0
285 -208 -275 -359 -196 0
-208 -123 -361 -196 -283 -177 -220 -100 -315 -116 -49 -120 -254 -207 87 -202 0
87 -207 -49 -283 -100 -361 -196 -220 -325 -202 -82 -298 -319 0
284 -275 -255 -72 -207 -237 -14 -220 -196 -100 0
-208 -26 -167 -68 -314 -192 -265 -169 -215 -49 -11 -275 -145 -14 -226 285 -196 0
-275 -117 -192 -215 -49 -14 -196 -186 -72 -207 -237 -361 -220 -100 -283 -255 0
210 -207 -237 -146 -14 0
-207 -361 -196 -283 -49 -100 -220 -82 -298 -319 -202 -85 -325 0
364 -202 -304 -100 -325 -85 -220 -196 -49 0
284 -175 -117 -236 -320 -14 -364 -100 0
237 -117 -320 -175 0
206 -145 -100 -85 -275 -49 -202 -325 0
321 -208 -22 -181 -325 -119 -122 -361 -304 -196 -176 -167 -145 -49 -286 -187 -37 -202 -364 -85 0
-146 -286 -361 -176 -26 -196 -275 -49 -208 -207 -237 -14 -145 0
13 -26 -176 -361 -275 -196 -49 -207 -237 -14 -145 -320 -22 -181 -325 -119 -122 -304 -167 -187 -37 -202 -364 -85 0
-208 -11 -265 -325 -215 -220 -1 -193 -167 -176 -361 -26 -275 -49 -304 -196 -207 -237 -14 -145 -210 0
Solved
