165 -334 -343 -358 -206 -292 -110 0
477 -223 -95 -419 -1 0
110 -352 -493 -25 -502 -165 0
207 -298 -325 -431 -292 -365 -343 0
465 -13 -415 -22 -296 -228 -60 -246 -161 -211 -157 0
225 -480 -199 -385 -157 -463 -296 -228 -161 -443 -235 -261 -461 -393 -278 -343 -457 -292 -431 -358 -365 -206 -273 -1 0
345 -358 -365 -292 -206 0
494 -82 -206 -447 -19 -343 -385 -81 -281 -194 -184 -1 -223 -199 -157 -463 -161 -461 -393 -457 -431 -85 -165 -356 -188 -376 -232 -313 -127 -502 -352 -130 -64 -25 0
292 -300 -447 -333 -152 0
506 -447 -343 -85 -206 -285 -502 -493 -19 -81 -194 -184 -1 -157 -463 -457 -356 -376 -313 -127 -64 -100 -95 -419 -489 0
-365 345 -64 -194 -493 -100 -95 -419 -502 -376 -356 -313 -292 -206 0
496 -482 -362 0
335 -281 -194 -496 -451 0
163 -326 -1 -194 -313 -502 -189 -64 -7 -493 -451 -362 -285 -168 -100 -95 -419 0
325 -362 -285 -107 -273 0
293 -292 -64 -172 -100 -493 -194 -451 -7 -285 -1 -477 -502 -419 -313 -189 -95 -376 -356 -168 -206 -343 0
26 -496 -363 -172 -310 -194 -313 -232 -64 -502 -493 0
361 -441 -82 -385 -467 -81 -147 -281 -480 -194 -138 -351 -75 -45 -329 -310 -157 -172 -212 -496 -143 -482 -278 0
-325 -363 -81 -194 -310 -157 -172 -212 -143 -482 -85 -206 -298 -292 -365 -343 -100 -335 -419 -95 -127 -64 -502 -493 -313 -153 -7 -327 0
65 -370 -172 -100 -310 -281 -194 -313 0
-362 -111 -206 -365 -1 -194 -313 -502 -189 -64 -7 -493 -451 -326 -285 -168 -100 -95 -419 -363 0
504 -496 -335 -271 -95 -206 -365 -1 -194 -313 -502 -189 -64 -7 -493 -451 -326 -285 -168 -100 -419 -363 -172 -310 -281 -26 0
273 -233 -95 -477 -419 -1 0
-496 -281 -95 -64 -313 -194 -335 -493 -285 -107 325 -477 -419 -1 -502 -206 -365 -189 -7 -451 -168 -100 -363 -172 -310 -26 0
-281 -26 -493 -64 -172 -310 -194 -100 -335 -95 -313 -285 -107 325 -477 -419 -1 -502 -206 -365 -189 -7 -451 -168 -363 0
-292 -95 -64 -7 -85 -451 -127 -477 -419 -1 -172 -100 -493 -194 -313 -285 -502 -206 -189 -168 -81 -157 -343 -162 -457 -356 -376 0
498 -131 -419 -95 -370 -335 -172 0
497 -370 -95 -477 -419 -1 -234 -172 0
-370 -496 -172 -100 -281 -194 -313 -493 -335 -419 -95 -64 -477 -1 -234 0
-496 -281 -447 292 -365 -172 -194 -313 -64 -502 -493 -285 -168 -100 -419 -234 -27 -85 -335 -95 -477 -1 0
-281 -27 -85 -247 -447 292 -95 -477 -419 -1 -172 -285 -7 -168 -451 -100 -335 -365 -194 -313 -64 -502 -493 -234 0
509 -451 -7 -1 -172 -100 -85 -313 -64 -502 -493 -376 -127 -157 -343 -457 -505 -19 -184 -463 -103 0
166 -300 -327 -83 -7 -85 -468 -451 -163 -127 -334 -176 -64 -172 -100 -370 -281 -194 -313 -311 -284 0
-281 -194 -83 -127 -64 -493 -207 -343 -284 -7 -85 -451 -163 -172 -100 -370 -446 -313 -1 -475 -505 -233 -19 -386 -80 -280 0
507 -224 -1 -488 -475 0
281 -233 -272 -172 -284 -370 -167 -100 0
-194 -83 -127 -64 -493 -207 -343 -284 -7 -85 -451 -163 -172 -100 -370 -446 -313 -1 -475 -505 -233 -19 -386 -80 -281 -195 0
498 -233 -370 -272 -172 0
418 -172 -284 -100 -493 -7 -64 -451 -313 -127 -207 -343 -85 -446 -1 -505 -19 -80 -195 -488 -96 0
271 -204 -184 -268 -474 -410 -74 -323 -333 -479 -215 -292 -147 -326 -300 0
280 -284 -168 -172 -184 -357 -376 -232 -446 -502 -82 -130 -25 -493 -127 -7 -64 -19 -451 -313 -385 -195 -80 0
3 -136 -85 -428 -164 -353 -488 -385 -505 -19 -189 -92 -32 0
2 -110 -343 -207 -164 -153 -428 -353 -299 -488 -273 -223 0
234 -164 -85 -488 -505 -385 -19 -92 -1 -343 -207 -223 -82 -284 -73 -177 -130 -64 -493 -25 -502 0
-496 -194 -172 26 -313 -232 -64 -502 -493 -335 -497 0
511 -493 -502 -1 -313 -64 -85 -505 -19 -343 -127 -7 -100 -457 -463 0
272 -233 -493 -64 -172 -100 -370 -194 -313 -496 -1 -505 -85 -511 0
-233 -496 -100 -511 -370 -172 -194 -273 -493 -64 -313 -1 -505 -85 0
-365 -356 -325 -298 -431 -343 -359 -206 -366 0
507 -143 -225 -235 -487 -460 0
-496 -370 -505 -37 -343 -85 -1 -172 -493 -127 -64 -313 -194 -511 -100 -273 0
282 -334 -505 -477 -511 -172 -370 -194 -100 0
-370 -273 -85 -194 -511 -172 -100 -505 -1 -343 -37 -493 -127 -64 -313 0
173 -325 -7 -502 -335 -25 -511 -172 -194 -313 -496 -64 -493 -232 0
166 -447 -298 -325 -411 -6 -185 -473 -75 -202 -312 -285 0
420 -362 -505 -343 -298 -325 -185 -312 -127 -64 -502 -313 -281 -232 -194 -104 -509 -100 0
271 -335 -25 -232 -493 -64 -313 -194 -281 -100 -418 -505 -343 -127 -511 -496 -172 -7 -502 0
-335 -281 -7 -502 -25 -172 -194 -313 -496 -64 -493 -232 -273 -511 -100 -418 -505 -343 -127 0
419 -510 -96 0
94 -176 -284 -105 -510 -84 0
-281 -496 -100 -418 -232 -502 -25 -493 -127 -64 -511 -313 -172 -194 -343 -7 -273 -505 0
-496 -25 -64 -493 -313 -502 -194 -232 -511 -172 -418 -100 -127 -343 -7 -273 -505 0
282 -334 -131 -511 -96 -418 -194 -100 0
-273 -194 -172 -511 -505 -100 -64 -493 -502 -1 -313 -127 -343 -7 -85 -37 0
370 -419 -509 -234 0
-419 -509 -194 -281 -100 -372 -234 0
497 -194 -64 -313 -502 -493 -234 -100 -511 -172 0
232 -167 -508 -451 -511 -172 496 -371 -339 0
-509 -508 -172 -511 -194 -419 -100 -281 -234 0
-281 -419 -511 -172 -194 -100 -505 -224 -343 -92 -234 496 0
-419 -194 -511 -505 -172 -476 -100 -224 -343 -92 -234 496 0
-194 -172 -313 -64 -493 -502 -100 -505 -511 -343 -1 -127 -7 -85 -37 0
510 -370 -297 -505 -85 -1 -281 -100 -27 -177 -234 -132 -172 -511 -419 0
-234 -419 -100 -509 -297 -505 -85 -1 -281 -27 -177 -132 -172 -511 0
167 -357 -360 -365 -362 -482 -343 -283 0
363 -357 -360 -365 0
506 -144 -224 -235 -487 -460 0
-419 -444 -505 -1 -37 -177 -297 -343 -85 -132 -509 -511 -281 -172 -100 -27 -502 0
-165 -322 -214 -277 -168 -225 -343 -489 -205 -493 -502 -25 -111 -164 0
174 -355 -168 -225 -343 -205 -493 -502 -25 -111 -164 -387 -79 -103 -363 -511 -496 0
166 -325 -298 -446 -410 -5 -186 -474 -74 -202 -311 -284 0
-510 -363 -111 -505 -343 -168 -410 -5 -474 -74 -272 -511 -496 -172 -493 -502 -25 -79 -83 419 -509 0
-172 -511 -505 -343 -493 -502 -100 -1 -37 -85 -127 -64 -313 -7 0
420 -370 -100 0
498 -444 -380 -391 -37 -5 -274 -19 -409 -187 -262 -505 -85 -475 -224 -163 -1 -334 -271 0
-281 -409 -177 -224 -283 -83 -487 -50 -505 -357 -85 -475 -91 -310 -163 -1 -271 -496 -380 -391 -37 -19 -187 -131 -26 -493 -127 -64 -313 -282 -419 -509 -100 -372 -234 0
27 -142 -163 -391 -207 -85 -343 -326 -299 -432 -24 -310 -437 -313 -73 -177 -64 -502 -493 0
132 -138 -85 -83 -44 -467 -158 -6 -445 -299 -432 -24 -310 -437 -313 -73 -177 -64 -493 0
-234 -131 -85 -310 -163 -391 -83 -158 -445 -432 -313 -177 -64 -493 -19 -505 -475 -91 -1 -7 -452 -386 -496 -195 -79 -224 -283 -487 -50 -357 -380 -37 -26 -127 -282 -419 -509 -100 -372 -233 0
280 -336 -110 -496 -163 -207 -131 -493 -64 -313 -339 -195 0
312 -207 -391 -163 -85 -343 -432 -310 -313 -177 -64 -502 -493 -273 -26 -224 -1 -411 -91 -357 -131 -7 -452 -386 -496 -339 -195 -79 -282 -110 0
497 -357 -328 -411 -177 -283 -26 -493 -64 -85 -313 -163 -131 -195 -110 -496 -207 -339 -282 -273 0
512 -282 -493 -64 -496 -163 -313 -328 -177 -26 -85 -310 -391 -343 -432 -502 -1 -7 -19 -505 -475 -50 -37 -127 -419 -100 -372 -233 -94 -508 0
361 -279 -236 -162 -283 -142 -121 -483 -462 -50 0
335 -363 -356 -236 -162 -283 -142 -121 -483 -462 -50 -163 0
498 -282 -445 -194 -313 -127 -64 -7 -493 -453 -132 -356 -283 -50 -163 -225 -19 -487 -187 -505 -475 -1 -271 0
102 -419 -85 -493 -19 -64 -313 -505 -1 -502 -127 -7 -511 -343 -37 -100 0
164 -104 -505 -475 -508 -1 -511 -272 -234 -502 -343 -245 -457 -388 -358 -364 -277 0
284 -388 -475 -419 -1 -94 -508 -511 -502 -343 -505 -358 -364 -277 -163 -272 -234 -457 0
283 -130 -194 -94 -508 -64 -493 -310 -176 -167 0
131 -313 -420 -310 -509 -194 -496 -64 -493 0
-510 -96 -420 -509 0
282 -233 -111 -358 -207 -366 -22 -105 -513 -357 -26 -174 -370 -496 -100 0
418 -357 -111 -358 -207 -366 -22 -105 -513 -174 -496 -100 -280 -26 -96 0
233 -153 -366 -358 -207 -111 -299 -504 -273 0
271 -389 -87 -264 -357 -411 -358 -153 -446 -299 0
359 -246 -160 -505 -524 -168 -344 -357 0
-313 -358 -505 -87 -366 -279 -111 -283 -496 -420 -310 -194 -509 -64 -493 -130 0
356 -143 -279 -363 -344 -358 0
334 -283 -366 -505 -64 -279 -493 -420 -509 -194 -87 -111 0
-419 -372 -111 -357 -358 -366 -207 -105 -513 -174 -496 -100 -280 -22 -96 -509 -234 -420 0
-100 -204 -73 -366 -358 -207 -111 -273 -177 -64 -493 -234 -131 -96 -357 -105 -513 -174 -496 -280 -509 -420 -431 -101 0
-496 -96 -493 -420 -73 -366 -358 -207 -111 -64 -357 -105 -513 -280 -509 -283 -362 -194 335 -451 0
272 -375 -351 -334 -358 -292 165 -343 -479 -265 -431 -33 -298 -3 0
460 -237 -144 0
127 -58 -246 -463 -459 -525 0
-234 -419 -194 -163 -334 -64 -172 -100 -284 -246 -271 -358 -292 165 -298 -505 -493 -204 -177 -168 -248 -509 -508 -339 0
495 -525 -492 -518 -144 -87 -459 -226 -248 -246 -332 -513 -447 -121 -267 -105 -224 -475 507 -73 -352 -131 -64 0
345 -147 -246 -375 -295 -437 -204 -313 -177 -64 -493 -492 -518 -87 -459 -226 -248 -332 -513 -447 -121 -267 -105 -224 -475 507 -73 -352 -131 0
494 -192 -391 -200 -142 -147 -375 -295 -437 -204 -313 -73 -177 -64 0
-419 -100 -246 -64 -493 -204 -177 -505 -168 -339 -172 -248 -51 -298 -271 -194 -163 -334 -284 -358 -292 165 -509 -508 0
327 -298 -271 0
66 -246 -64 -493 -204 -177 -505 -168 -339 -172 -248 -51 -298 -271 -194 -163 -334 -284 -358 -292 165 -509 -508 0
-357 -356 -493 -505 -194 -163 165 -509 -283 -64 0
65 -332 -248 -139 -387 -279 -362 -152 -497 -326 -234 -392 -429 -142 -225 -511 -476 -107 -103 -431 -505 -283 -135 -101 -166 -311 -493 -315 -75 0
102 -332 -248 -139 -7 -326 -84 -152 -234 -26 -283 -135 -431 -371 -176 -166 0
357 -497 -283 -493 -64 -279 -429 -505 -311 -452 -131 -420 -194 -366 -509 -359 0
285 -513 -331 -105 -83 -146 -354 -429 -325 -474 -266 -233 -361 -497 -172 -27 -370 -280 -505 -100 -166 0
418 -331 -283 -100 -354 -429 -325 -361 -497 -27 -505 -478 -311 -74 -194 -94 -509 0
419 -100 -194 -521 -509 -314 -94 0
101 -419 -194 -172 -509 -100 -508 -283 -370 -166 0
-100 -354 -283 -429 -497 -27 -505 -478 -311 -74 -194 -94 -509 -293 -359 -389 -420 -521 -314 0
363 -273 -234 -497 -338 0
272 -327 -300 0
495 -177 -279 356 -497 -505 -194 -509 -283 -420 -366 -429 -311 -359 -131 -64 0
-358 -372 -296 -111 -357 -366 -419 -311 -100 -280 -509 -234 -420 -497 -483 -363 -389 -359 0
102 -483 -9 -497 -111 -389 -366 -293 -296 -357 -419 -311 -100 -280 -509 -234 -420 -87 -359 0
285 -234 -368 -505 -366 -19 -293 -111 -389 -377 -296 -194 -419 -129 -509 -100 335 -357 -420 -87 0
-496 -234 -111 -389 -366 -293 -296 -357 -419 -509 -100 -420 -87 -194 335 0
-234 -419 -194 -100 -509 -111 -389 -366 -293 -296 -357 -420 -87 335 -283 -368 -505 -19 -377 -129 0
-496 -207 -357 -111 -366 -105 -513 418 -26 -100 -280 -96 -296 -311 -361 -173 -497 0
122 -373 -83 -145 -467 -129 -144 -525 -462 -459 -246 -162 0
-419 -129 -293 -389 -202 -505 -283 -357 -111 -366 -26 -100 -194 -509 -420 -87 335 -377 -522 -315 0
-496 -513 -87 -153 -293 -389 -493 -420 -366 -111 -64 -357 -105 -436 -509 -283 -194 335 -75 -202 -206 -95 -272 -172 0
292 -327 -153 0
233 -105 -366 -293 -153 -87 -493 -420 -111 -64 -357 -389 -436 -509 -283 -194 335 -75 -202 -95 -172 -377 -504 0
-496 -223 -505 -476 -273 -168 -279 356 -87 -357 -264 -411 -153 -432 -366 -111 -283 -420 -313 -194 -509 -64 -493 -130 -207 -105 -513 -361 -172 -497 0
-363 -489 -505 -476 -105 -2 -283 -223 -481 -279 356 -344 -358 -361 0
447 -422 -215 -98 -41 -385 -411 -247 -19 -331 -4 0
-358 -385 -80 -19 -105 -411 -228 -129 -467 -145 -82 -202 -283 496 -505 -476 -2 -223 -279 356 -361 -353 -429 -504 -111 -207 -366 -432 -153 -359 0
-105 -228 -366 -129 -202 -283 -505 -476 -279 356 -353 -429 -504 -111 -432 -153 -168 -87 -264 -420 -194 -509 -64 -493 -172 -522 -315 -282 -75 -95 -232 -436 335 0
-177 -283 -509 -366 -505 -279 356 -429 -111 -87 -420 -194 -64 -493 335 0
314 -389 -509 -111 -194 -366 -293 -357 -420 -87 335 -283 -505 -377 -129 -102 -522 0
-283 -505 -194 -509 -64 -493 -163 165 0
511 -345 -166 -206 -100 -509 -194 -496 335 0
508 -100 -194 -509 -64 -493 -175 -420 0
101 -496 283 -508 -64 -493 -336 -420 -451 -194 0
-496 -172 -64 -194 -493 -100 -509 -420 -429 -488 -505 283 -336 0
-363 -323 -386 -125 -414 -391 -481 -279 -344 -358 356 -361 0
-358 -293 -151 -270 -213 -300 -271 -266 -162 -233 -156 -123 -338 -50 -386 -125 -414 -391 -481 -279 -344 -361 -216 -446 -432 -366 -207 -111 -502 -376 -357 -389 -139 -359 0
358 -361 -389 -366 0
-363 -271 -481 -279 -361 -446 -366 -111 -376 -357 -389 -359 -92 -488 -420 -194 -100 -509 -131 -64 -493 -202 -175 -505 -166 0
102 -271 -481 -279 -361 -446 -366 -111 -376 -357 -389 -359 -92 -488 -429 -420 -194 -100 -509 -131 -64 -493 -202 -505 -175 -166 0
-100 -357 -493 -420 -279 -446 -366 -111 -389 -92 -488 -429 -194 -509 -64 -505 -336 283 -512 0
-363 -223 -512 -95 -420 -509 -111 -234 -279 -344 -358 -357 -293 -336 -481 -366 -361 0
510 -377 -493 -27 -234 -131 -512 -95 0
167 -293 -280 -194 -420 -509 -493 -27 -512 -95 -336 -357 -481 -389 -111 -279 -358 -234 -366 -361 -488 -476 -505 0
362 -161 -202 -175 -493 -64 -512 -194 -420 -509 -27 -234 -95 -357 -345 -293 -358 -312 -336 -174 -481 -279 -51 0
Solved
