217 -92 -1 -94 -73 -206 0
74 -37 -160 -107 -173 -171 -206 -177 -94 -41 -43 -122 0
-37 -177 -206 -173 -107 -171 -73 -160 -94 -41 -43 -122 0
174 -203 -113 -71 -190 -23 -10 0
156 -173 -1 -10 -122 -160 -206 -107 -73 -94 -41 -43 0
171 -61 -1 -160 -22 0
172 -169 -160 -1 0
170 -191 -175 -24 0
188 -160 -10 -1 -122 -206 -73 -94 -43 0
61 -170 -73 -24 -10 -174 0
169 -61 -1 -108 -24 0
-170 -24 -206 -73 -94 -10 -160 -1 -174 -108 -43 0
170 -174 -160 -108 -1 0
72 -5 -18 -113 -202 -83 0
63 -146 -122 -43 -217 -192 -73 -206 -48 -160 -94 0
165 -185 -217 -206 -122 -48 -37 -73 0
162 -138 -122 -28 0
91 -122 -94 -217 -43 -206 -73 -10 -1 0
171 -36 -144 -217 -73 -206 -164 -48 -189 -107 0
62 -217 -10 -73 -206 -189 -122 -162 -94 -1 0
164 -46 -73 0
23 -172 -206 -62 -73 -1 0
163 -48 -62 -94 0
194 -138 -66 0
193 -138 -66 0
-160 -171 -217 -206 -122 -73 -10 -1 -94 -189 -162 -43 0
-171 -206 -94 -189 -122 -217 -73 -10 -1 -162 -43 0
165 -48 -206 -73 -170 -10 -24 -62 0
164 -122 -217 -206 -73 -94 -10 -108 -1 -170 -24 -43 0
-48 -164 -206 -73 -170 -10 -24 -62 -94 0
221 -73 -94 -10 -1 -43 0
-206 -48 -73 -94 -1 -10 -43 -207 0
121 -153 -144 0
-153 -144 -123 0
172 -170 -191 -1 -62 0
-170 -39 -93 -184 -62 -173 -191 -1 0
-48 -94 -123 -1 -93 -73 -10 -43 -207 0
-206 -170 -123 -174 -73 -94 -10 -108 -1 -114 -43 -23 -177 -190 -207 0
-170 -177 -23 -1 -62 -174 -123 -73 -94 -10 -108 -114 -43 -190 -207 0
223 -1 0
-10 -24 -174 -94 -1 -62 -73 -170 0
-46 -48 -163 -73 0
46 -92 -73 -223 -163 -188 -190 -156 -206 -177 0
61 -188 -223 -73 -190 -156 -206 -177 -162 0
-24 -94 -62 -206 -73 -170 -1 -174 0
163 -175 -192 -62 -94 0
165 -217 -192 -206 -37 -213 -48 -73 -223 -174 -62 0
176 -139 -18 -89 -213 -14 -159 -154 -117 0
Solved
