202 -76 -172 -191 0
174 -122 -10 -136 -70 -36 -52 -30 -76 0
206 -70 -10 -136 -172 -52 -160 -31 -40 -13 -7 -1 -115 0
77 -102 -198 -62 -186 -172 0
208 -10 -136 -172 -160 -31 -40 -13 -7 -1 -115 -205 0
-52 -122 -19 -135 -70 -205 -10 -136 -172 -160 -31 -40 -13 -7 -1 -115 0
52 -36 -70 -189 -19 -115 -25 -135 -62 0
122 -81 -10 -62 -136 -25 0
63 -52 -205 -135 -115 -122 0
-52 -186 -13 -7 -1 -115 -205 -160 -106 -136 -202 -10 -81 -62 -135 -122 -19 -172 -31 -40 0
78 -47 -31 -13 -7 -1 -115 -62 -205 -160 -106 -136 -10 -172 -40 -25 -131 0
116 -187 -7 -13 -1 0
-187 -13 -7 -1 -115 0
196 -114 -51 0
70 -63 -25 -101 -197 -51 -155 -36 0
117 -10 -172 -136 -160 -31 -40 -13 -7 -1 -115 -25 -205 0
211 -31 -7 -1 -115 -205 -160 -106 -136 -172 -40 -25 0
-13 -62 -7 -1 -115 -31 -205 -160 -106 -136 -172 -40 -25 0
61 -80 -69 -50 -196 -102 -45 0
-80 -78 -172 -62 -69 -50 -196 -102 -45 0
116 -62 -172 -106 -196 -40 -7 -205 -187 -1 0
78 -64 -124 -44 -127 -185 -79 0
-62 -106 -40 -7 -205 -1 -115 -172 -31 -160 -136 -25 0
76 -191 -132 -80 0
214 -172 -40 -1 -115 -25 0
77 -51 -198 -15 -202 -191 -189 -79 0
117 -76 -214 -40 -172 -7 -62 -1 0
78 -189 -156 -115 -25 -62 -50 -198 -192 -184 -172 -80 0
-13 -80 -50 -102 -156 -62 -43 -172 -76 -115 -25 -192 -184 -14 -7 -1 0
13 -102 -62 -184 -172 -76 -188 0
-76 -7 -62 -115 -25 -172 -1 -40 0
198 -120 -115 -214 -1 -7 -160 -40 -100 0
81 -7 -1 -115 -40 -196 -214 -160 -62 0
63 -191 -203 -1 -130 -115 -25 0
197 -160 -115 -214 -1 -7 -119 -40 -100 0
-7 -62 -25 -115 -1 -40 -172 0
81 -84 -191 0
204 -121 -98 -25 -130 0
Solved
