479 -191 -259 -193 -256 -124 -352 -280 -148 -445 -270 -58 0
447 -427 -70 -91 -394 -256 -124 -352 -280 -148 0
-427 -148 -91 -394 -256 -124 -352 -280 -70 -445 0
258 -292 -112 -352 -103 -364 -94 -91 -1 0
-292 -103 -112 -352 -364 -94 -91 -1 -256 0
353 -103 -124 -112 -94 -394 -91 -1 -70 -256 -61 -280 -445 -364 0
-103 -70 -124 -94 -394 -91 -1 -112 -256 -280 -445 -364 -352 0
296 -443 -112 -357 -227 -183 -434 -310 -217 -322 -184 0
257 -70 -25 -259 -124 -91 -394 -256 -352 -280 -193 -445 -112 -310 -217 -322 -184 -475 -364 -478 -58 -94 -1 0
185 -325 -217 0
-325 -217 -184 0
352 -108 -435 -73 -472 -25 -175 -412 -372 -181 -355 -310 -475 -184 -478 -58 -427 -62 -446 -293 0
258 -181 -138 -242 -25 -346 -472 -355 -175 -124 -112 -412 -226 -364 -353 -73 -310 -475 -184 -478 -58 -427 -391 -280 -1 0
356 -39 -242 -175 -443 -412 -371 -181 -310 -184 -295 -58 -478 -475 0
293 -166 -242 -214 -25 -18 -107 -58 -478 -475 -395 -355 -175 -443 -412 -371 -181 -310 -184 -427 -63 0
357 -50 -472 -206 -458 -116 -478 -300 -475 -358 0
354 -317 -214 -242 -355 -472 -206 -478 -475 -371 -7 -412 -63 -294 -25 -107 -58 -175 -181 -310 -184 -427 -96 -491 -124 -112 -447 -226 -505 -364 0
91 -353 -355 -478 -242 -175 -412 -310 -184 -58 -475 -214 -472 -25 -124 -112 -226 -364 -280 -1 -138 -346 -73 0
292 -503 -73 -208 -472 -257 -91 -124 -112 -226 -446 -364 -353 0
352 -8 -91 -478 -58 -446 0
63 -91 -346 -112 -226 -364 -353 -478 -58 -1 -73 -208 -472 -124 -412 -280 0
293 -238 -183 -492 -393 -467 -242 -146 -132 -489 -429 -63 0
354 -446 -73 -208 -472 -91 -124 -112 -226 -1 -364 -353 -242 -247 -63 0
-446 -63 -112 -124 -214 -217 -208 -184 -475 -1 -478 -280 -58 -412 -91 -353 -73 -472 -364 -242 0
92 -443 -359 -1 -112 -124 -49 -99 -217 -214 -184 -208 -297 -63 -412 -258 -7 0
505 -454 -138 -25 -49 -124 -395 0
21 -226 -112 0
228 -63 -1 -112 -124 -217 -214 -184 -208 -412 -138 -25 -475 -478 -280 -58 -73 -472 -364 -242 -175 -310 -346 0
-353 -446 -124 -214 -217 -208 -184 -475 -1 -478 -280 -58 -412 -63 -112 -73 -472 -364 -242 -175 -310 -25 -138 -346 0
505 -314 -265 -468 -147 -63 -242 -280 -25 -446 -396 -261 0
92 -504 -94 -443 -258 -183 0
62 -408 -25 -147 -131 -242 -488 -346 -472 -402 -238 -443 -293 -1 -93 -94 -412 -280 0
182 -119 -138 -25 -298 -318 -469 -51 -166 -475 -214 -478 -431 -58 -98 -295 -217 -175 -7 -184 -412 -372 -310 0
91 -181 -175 -242 -412 -443 -310 -184 -295 -58 -478 -475 -408 -138 -25 -298 -469 -51 -214 -431 -217 -491 -280 -429 -392 -257 0
-446 -443 -412 -310 -175 -242 -184 -58 -478 -475 -138 -25 -214 -217 -280 -1 -63 -346 -472 -124 -208 -112 -73 -364 0
446 -464 -175 -412 -478 -354 -355 -242 -310 -184 -58 -475 -214 -472 -25 -124 -112 -226 -364 -280 -1 -138 -346 -73 -150 0
413 -428 -166 -184 -488 -310 -108 -182 -293 -372 -63 0
181 -431 -214 -436 -166 -342 -299 -261 -138 -25 -242 -468 -265 -314 -128 -376 -372 0
-63 -138 -58 -175 -184 -310 -412 -214 -25 -242 -376 -1 -481 -280 -478 -475 -217 -346 -472 -124 -208 -112 -73 -364 0
-353 -226 -112 -346 -364 63 -478 -58 -1 -73 -208 -472 -124 -412 -280 -355 -242 -175 -310 -184 -475 -214 -25 -138 0
487 -108 -297 -207 -408 -318 -166 -397 -471 -131 0
183 -198 -288 -25 -242 -147 -427 -131 -488 -297 -408 -471 -257 -503 -1 -491 -94 -211 -442 -371 -310 0
444 -261 -25 -506 -242 -488 -247 -214 -208 -503 -257 -402 -1 -238 -94 0
508 -112 -242 -214 -310 -124 -1 -346 -478 -58 -472 -412 -280 -175 -475 -376 -481 -221 0
295 -92 -391 -257 -280 -122 -63 0
182 -257 -346 -124 -472 -63 -280 -397 -1 -391 -475 -478 -58 -221 -25 -508 -184 -310 0
-257 -391 -1 -25 -508 -63 -184 -412 -310 -181 -346 -124 -472 -280 -397 -475 -478 -58 -221 0
185 -297 -107 -508 -25 0
-297 -434 -294 -63 -99 -242 -443 -412 -92 -25 -181 -508 -310 -184 -107 0
370 -443 -508 -184 -63 -242 -25 -412 -310 -280 -1 -346 -124 -472 -475 -478 -58 -221 0
57 -433 -340 0
296 -258 -91 -8 -25 -475 -508 -478 -184 -58 0
-443 -63 -58 -25 -475 -508 -184 -1 -478 -412 -371 -242 -310 -280 -346 -124 -472 -221 0
-91 -92 -63 -25 -475 -508 -478 -184 -58 -412 -371 -182 -297 0
91 -293 -1 -63 -25 -508 -184 -412 -310 -346 -124 -472 -280 -475 -478 -58 -221 -371 -182 0
-181 -257 -25 -508 -63 -184 -412 -310 -1 -346 -124 -472 -280 -475 -478 -58 -221 -371 -182 0
-297 -91 -475 -508 -478 -280 -184 -58 -214 -25 -63 -412 -376 -371 -310 -1 -346 -124 -472 -221 -182 0
-63 -371 -112 -175 -478 -58 -412 -124 -25 -508 -310 -184 -475 -280 -214 -376 -1 -346 -472 -221 -242 0
92 -123 -297 -342 -201 -198 -37 -294 -1 -391 0
183 -297 -214 -294 -503 -1 -257 -198 -98 -242 -25 -508 -184 -371 -310 0
392 -360 -223 -98 -242 -25 -503 -508 -297 -91 -8 -475 -478 -184 -58 -257 -1 0
296 -98 -242 -214 -25 -475 -294 -508 -478 -503 -91 -1 -184 -58 -8 0
122 -300 -386 -223 -360 -98 -57 -242 -342 -205 -25 0
256 -106 -472 -184 -508 -221 -25 -121 -223 -360 -98 -242 -322 -503 0
123 -174 -465 -346 -472 -490 -239 -435 -299 -471 -221 -399 -419 -39 -310 -198 -184 -508 -288 -106 -25 0
-371 -184 -508 -242 -214 -25 -346 -472 -221 -310 -1 -223 -475 -478 -58 -376 -175 -412 -280 -112 -124 0
-433 -340 -55 0
121 -97 -199 -280 -359 -91 -357 -9 -475 -478 -58 -296 0
256 -55 -223 -382 -346 -433 -386 -472 -322 -283 -504 -207 0
26 -442 -472 -504 -1 -223 -382 -346 -280 -63 -508 -25 -199 -359 -91 -9 -475 -478 -58 -221 -184 0
256 -433 -74 -300 -255 -472 -322 -504 -206 0
340 -192 -112 -408 -398 -442 -37 -209 -55 -504 -1 -258 -74 -300 -255 -472 -322 -206 0
122 -199 -300 -55 -112 -398 -442 -37 -209 -504 -1 -74 -472 -466 -392 -469 -280 -63 -297 0
-184 -25 -1 -475 -478 -58 -112 -472 -310 -508 -242 -280 -223 -382 -346 -221 -412 -376 -214 -175 -124 0
-433 -92 -200 -25 -175 -7 -508 -412 -217 -503 -325 -323 -357 -434 -340 0
27 -287 -214 -298 -208 -200 -206 -508 -239 -242 -122 0
93 -70 -345 -124 -49 -221 -430 -325 -214 -217 -208 -508 -25 -298 -200 -206 -239 -242 -122 -264 -175 -412 -7 0
123 -285 -333 -206 -107 0
121 -298 -443 -239 -401 -171 -253 -206 -107 0
257 -239 -508 -49 -25 -333 -107 -122 -214 -171 -454 -323 -56 -200 -175 -7 -412 -217 -325 -357 -434 -340 -98 -62 -280 -1 0
442 -372 -393 -1 -183 -95 0
293 -469 -76 -252 -300 -117 -239 -442 -429 0
503 -166 -124 -395 -273 -345 -242 -359 -200 -318 -300 -393 -1 -117 -239 -262 -91 -175 -62 -7 -412 -376 -210 0
207 -239 -376 -502 -200 -25 -175 -7 -508 -412 -217 -433 -325 -323 -357 -434 -340 -124 -273 -345 -242 -1 -91 -62 -107 -122 0
503 -431 -112 -98 -223 -200 -37 -399 -251 -391 -262 -294 -91 -175 -62 -7 -77 -54 -412 -376 -210 -96 0
444 -391 -376 -502 -200 -25 -175 -7 -508 -412 -217 -433 -325 -323 -357 -434 -340 -112 -98 -223 -251 -91 -62 -49 -346 -454 -124 -472 -400 -116 -239 0
-503 -94 -1 -391 -502 -200 -25 -175 -7 -508 -412 -217 -433 -325 -323 -357 -434 -340 0
106 -443 -258 -91 -1 -412 -376 -502 -200 -25 -175 -7 -508 -217 -433 -325 -323 -357 -434 -340 -112 -98 -223 -251 -62 -49 -346 -454 -124 -472 -116 -239 -171 0
-503 -443 -49 -472 -214 -124 -116 -239 -273 -242 -454 -350 -175 -412 -376 -393 -7 -502 -200 -25 -508 -217 -433 -325 -323 -357 -434 -340 0
299 -317 -376 -502 -200 -25 -175 -7 -508 -412 -217 -433 -325 -323 -357 -434 -340 -112 -98 -223 -91 -62 -49 -346 -454 -124 -472 -116 -239 -1 -214 -273 -242 -350 -107 -258 -171 0
341 -340 -175 -124 -242 -376 -25 -7 -508 -217 -325 -323 -357 -412 -112 -223 -62 -49 -346 -454 -472 -1 -214 -107 -258 -171 -345 -122 -221 -333 -280 0
504 -452 -252 -262 -91 -175 -7 -412 -89 0
-433 -490 -175 -7 -412 -62 -280 -447 -18 -112 -166 -214 -382 -49 -124 -508 -99 -400 -217 -171 -325 -258 -255 -357 -435 -340 0
238 -205 -454 -258 -57 -175 -7 -412 -62 -280 -447 -18 -112 -166 -214 -382 -49 -124 -508 -99 -217 -171 -325 -255 -357 -435 -340 0
-433 -393 -443 -201 -175 -7 -412 -62 -280 -447 -18 -112 -166 -214 -382 -49 -124 -508 -99 -217 -171 -325 -258 -255 -357 -435 -340 -116 -472 -25 0
-340 -258 -454 -175 -7 -412 -62 -280 -447 -112 -214 -382 -49 -124 -508 -217 -325 -171 -357 -472 -25 -107 -122 -242 -376 -323 -223 -346 -1 -345 -221 -333 0
93 -253 -171 -433 -55 -454 -436 -153 -238 -199 -210 -1 -502 -175 -62 -412 -391 -7 0
-258 -7 -1 -412 -112 -171 -454 -175 -62 -447 -280 -325 -217 -508 -107 -25 -122 -214 -382 -49 -124 -357 -472 -242 -376 -323 -223 -346 -345 -221 -333 0
-340 -254 -174 -25 -505 -508 -93 -221 -217 -392 -436 -325 -107 -357 -122 -433 -341 0
-433 -93 -7 -412 -175 -436 -25 -454 -223 -122 -98 -174 -505 -508 -221 -217 -392 -325 -107 -357 -435 0
-503 -124 -490 -469 -316 -252 -442 -429 -518 -292 -106 -280 -1 -258 -433 -25 -175 -7 -508 -412 -217 -92 -325 -357 -434 -340 -504 0
240 -166 -252 -469 -300 -490 -442 0
293 -400 -76 -316 -469 -205 -429 -252 -300 -239 -442 0
-107 -323 -25 -175 -7 -508 -412 -217 -433 -325 -434 -357 -502 -340 -124 -273 -1 -91 -62 -205 -214 -316 -469 -252 -442 -292 -76 -429 -490 -106 0
-124 -321 -316 -490 -442 -472 -25 -175 -7 -508 -412 -217 -433 -325 -434 -357 -340 -1 -91 -62 -106 -92 0
-434 -316 -490 -442 -25 -175 -7 -508 -412 -217 -433 -325 -357 -340 -1 -91 -62 -106 -92 -199 0
298 -124 -76 -400 -115 -430 -205 -214 -316 -166 -242 -469 -359 -252 0
300 -400 -469 -37 -76 -316 -242 -429 -205 -359 -115 0
238 -430 -52 -454 -260 -228 -76 -205 -214 -316 -166 -242 -469 -359 -252 -299 -37 -429 0
391 -62 -25 -175 -7 -508 -412 -217 -433 -325 -357 -91 -340 -92 0
297 -107 -122 0
237 -82 -228 -19 0
503 -239 -98 -223 -391 -37 -91 -175 -62 -7 -412 -210 -228 -195 -59 -507 -458 -260 -454 -124 -400 -429 -262 -252 -469 -300 -292 -393 -372 -183 -258 0
-503 -200 -433 -25 -175 -7 -508 -412 -217 -92 -325 -258 -357 -323 -340 -504 0
342 -300 -433 -200 0
-62 -92 -175 -7 -412 -340 -433 -25 -508 -217 -91 -325 -357 0
240 -117 -300 -442 -400 0
-200 -124 -332 -476 -458 -137 -400 -300 -442 -60 -179 -75 -254 -433 -287 -340 -199 0
342 -458 -454 -151 -137 -60 -332 -210 -476 -504 -518 -258 -281 -433 -98 0
-400 -112 -228 -239 -442 -117 -332 -476 -458 -137 -200 -60 -179 -75 -254 -433 -287 -340 -199 0
-92 -91 -340 -175 -7 -412 -25 -508 -217 -433 -325 -357 0
-200 -240 -359 -117 -371 -300 -182 -340 -433 -199 0
200 -300 -392 -272 -371 -122 -359 -251 -340 -137 0
-300 -506 -195 -425 -260 -24 -75 -472 -359 -371 -182 -340 -433 -199 -242 -503 -392 -257 -272 -122 -251 -137 0
92 -75 -137 -122 -242 -340 -433 -359 -195 -425 -260 -287 -175 -412 -7 0
238 -332 -310 -228 -476 -137 -200 -300 -60 -179 -75 -254 -433 -287 -340 -181 -492 -117 0
443 -200 -300 -181 0
-200 -300 -433 -340 -25 -175 -7 -508 -412 -217 -325 -357 0
-300 -357 -175 -433 -412 -25 -7 -508 -217 -325 -340 0
414 -370 -181 0
-357 -325 -175 -433 -25 -7 -508 -217 -412 -340 0
414 -181 -138 -255 -74 -117 -200 -300 -288 -262 -360 -175 -106 0
-181 -117 -300 -200 -412 -138 -255 -74 -360 -288 -262 -175 -106 0
299 -442 -239 -117 0
-117 -151 -454 -138 -477 -295 -280 -209 -258 -262 -175 -7 -412 -205 -360 -300 -239 -200 -255 -74 -288 -106 0
-181 -321 -138 -250 -106 -262 -175 -412 -91 -183 0
136 -51 -474 -459 -125 -180 -477 -514 -363 -333 -221 0
298 -459 -454 -138 -295 -25 -477 -363 -151 -474 -125 -180 -221 -490 -166 -223 -430 -202 -54 -209 -262 -91 -502 -175 -7 -412 -106 -243 -360 -200 0
-181 -370 -412 -183 0
413 -146 -321 -223 -430 -202 -77 -54 -429 -209 -262 -91 -502 -175 -7 0
-200 -300 -288 -175 -7 -412 -209 -243 -360 -138 -295 -25 -477 -180 -221 -74 -433 -123 -99 -340 0
116 -521 -125 -472 -400 0
136 -82 -512 -227 -58 -125 -333 -514 -459 -180 -477 -474 -363 -221 0
183 -257 -25 -454 -138 -227 -323 -295 -477 -514 -180 -221 -472 -115 -145 -320 -250 -262 -240 -175 -7 -442 -412 -310 0
402 -125 -454 -261 0
116 -402 -240 0
476 -478 -72 -295 -396 -58 -506 -62 -343 0
126 -466 -316 -240 -207 -402 -123 -454 -295 -514 -459 -125 -180 -477 -474 -333 -221 -138 -58 -72 -396 -506 -62 -465 -365 -521 -227 0
-300 -295 -396 -227 -123 -180 -477 -221 -138 -365 -261 -175 -7 -412 -25 -310 -243 -433 -360 -340 -288 -209 -74 -99 0
236 -82 -227 -19 0
238 -181 -223 -37 -99 -227 -257 -209 -323 -295 -138 -252 -262 -175 -7 -412 -454 -201 -261 -240 -444 -117 0
182 -288 -175 -412 -201 0
199 -295 -194 -138 -254 -243 -396 -261 -74 -454 -252 -37 -360 -262 -7 -117 -175 -412 -240 -288 -223 -99 -227 -257 -209 -323 -201 -444 0
-181 -93 -257 -503 -323 -295 -60 -459 -454 -444 -117 -371 -240 -182 -223 -37 -99 -227 -209 -138 -252 -262 -175 -7 -412 -201 -261 0
413 -209 -323 -295 -123 -240 -117 -444 -257 -454 -182 -223 -37 -99 -227 -138 -252 -262 -175 -7 -412 -201 -261 -320 0
-325 -25 -412 -175 -340 -433 -7 -508 -217 0
-240 -238 -117 -402 0
185 -217 -508 0
297 -7 -175 -340 -433 -412 -508 -217 -122 0
503 -92 442 -372 -183 -258 0
502 -297 -122 -205 -324 -258 0
-183 -502 -412 442 -258 0
-25 -26 -508 -217 -412 -175 -340 -433 -7 0
-7 -205 -258 -122 -508 -217 -412 -175 -340 -433 -200 442 -324 0
-183 -91 -122 -205 -324 -258 -412 442 0
115 240 -508 -217 -175 -340 -433 -412 -117 0
-7 -9 -217 -412 -175 -340 -433 -288 -508 0
503 -243 -25 -508 -75 -255 -122 -63 240 -442 -300 -252 -490 -206 -324 -258 0
414 -393 -508 -255 -122 240 -442 -300 -206 -324 -473 -258 -358 -288 -262 -370 -175 0
391 -210 -36 -76 -242 -37 -429 -293 -62 -166 -471 -492 -318 0
256 -512 -84 -333 -36 -477 -242 -519 -37 -429 -62 -471 -293 -122 -393 -76 -492 -95 -503 -206 0
218 -327 -508 -185 0
93 -324 -122 -98 -217 -508 -258 -37 -76 -206 -355 -250 -358 -262 -370 -175 -412 -255 240 -442 -300 -473 -288 0
504 -36 -25 -508 -217 -166 -492 -355 -392 -358 -370 -412 0
240 -402 -175 -217 -412 -340 -433 -508 -117 0
-402 -117 -175 -217 -412 -340 -433 -508 0
325 -217 -508 0
115 -240 -442 -340 -199 0
207 -300 -280 -62 -333 -59 -360 -251 -457 -519 -316 -115 -175 -217 -412 -340 -433 -508 0
250 -474 -25 -508 -217 -255 -457 -59 -512 -402 -240 -340 -433 -300 -199 -333 0
243 -220 -522 -508 -217 -474 -288 -25 0
509 -488 -82 -430 -325 -77 -54 -217 -210 0
58 -82 -355 -508 -217 -25 -360 -77 -54 -210 -474 -288 -471 -98 -62 -272 -280 -321 -519 -223 -512 -479 -333 0
26 -520 -125 -474 -261 -180 0
341 -474 -355 -217 -210 -508 -25 -333 -59 -360 -288 -471 -62 -272 -280 -321 -519 -223 -512 -457 -454 -402 -240 0
-300 -333 -59 -25 -508 -272 -360 -255 -288 -433 -340 -217 -210 -62 -280 -519 -512 -240 -251 -199 -316 -115 -205 -175 -412 0
391 -59 -272 -288 -251 -199 -115 -175 -217 -412 -340 -433 -508 -360 -210 -62 -280 -519 -512 -240 -205 -122 -107 0
-402 -474 -59 -243 -180 -272 -360 -457 -240 -288 -491 -433 -166 -340 -217 -210 -508 -25 -333 -62 -280 -519 -512 -251 -255 -199 -115 -205 -175 -412 0
-474 -333 -59 -457 -205 -115 -243 -180 -272 -360 -240 -288 -491 -433 -166 -340 -217 -210 -508 -25 -62 -280 -519 -512 -251 -255 -199 -175 -412 0
27 -25 -175 -217 -412 -340 -433 -508 -59 -205 -115 -272 -360 -240 -288 -491 -210 -457 -62 -280 -519 -512 -251 -199 -107 -122 0
-25 -59 -217 -210 -508 -251 -360 -288 -62 -272 -280 -519 -512 -457 -240 -340 -433 -199 -205 -442 -294 -429 -175 -412 -491 -107 -122 0
296 -122 -198 -240 -340 -205 -288 -272 -217 -210 -508 -251 -360 -62 -280 -519 -512 -433 -199 -442 -175 -412 -91 -1 -393 0
331 -490 -240 -205 -115 -316 -166 -454 -469 -457 -251 -60 0
-402 -457 -60 -512 -240 -319 -340 -433 -199 -298 -175 -217 -412 -508 0
-122 -205 -508 -272 -340 -199 -512 -240 -433 -175 -217 -412 -251 -210 -393 -62 -198 -288 -360 -280 -519 -442 -91 -1 0
256 -210 -442 -508 -412 -175 -340 -433 -217 -91 -288 -393 -199 -62 -272 -512 -240 -251 -198 -360 -519 0
26 -74 -399 -360 -355 -173 -508 -217 -37 -474 -288 0
-402 -82 -217 -210 -98 -34 -508 -198 -288 -399 -360 -173 -393 -255 -122 -206 -400 -175 -412 -340 -433 0
504 -240 -62 -508 -217 -251 -442 -512 -371 -182 -340 -433 -199 -198 -288 -399 -360 -393 -175 -412 -91 -272 -519 0
510 -25 -256 -300 -399 -360 -355 -508 -217 -37 -474 -288 -433 0
-117 -175 -240 -217 -412 -402 -433 -508 0
472 -272 -25 -508 -59 -210 -333 -360 -288 -474 -62 -217 -280 -519 -512 -457 -402 -240 -340 -251 -433 -300 -199 -74 0
-272 -519 -288 -251 -199 -175 -217 -412 -340 -433 -508 -360 -59 -62 -210 -280 -512 -240 -205 -25 27 -333 -402 -74 0
272 -333 -106 -508 -217 -25 -457 -59 -512 -300 -240 -340 -433 -402 -199 -474 -251 -138 0
264 -333 -138 -272 -251 0
-333 -251 -288 -502 -199 -175 -217 -412 -340 -433 -508 -360 -59 -62 -210 -512 -240 -205 -25 27 -402 -74 0
-251 -205 -512 -240 -340 -433 -199 -175 -217 -412 -508 -288 -502 -360 -59 -62 -210 -402 -25 27 -74 0
-205 -199 -412 -175 -360 -512 -240 -340 -433 -288 -217 -508 -502 -59 -62 -210 -402 -25 27 -74 0
122 -180 -474 -288 -59 -433 -300 -340 -295 0
62 -512 -59 -412 -295 0
-210 -199 -175 -360 -240 -340 -433 -288 -217 -508 -512 -59 -412 -402 -25 27 -74 -209 0
-333 -504 -240 -123 -402 -180 -459 -221 -138 -396 -365 -227 -243 -288 -360 -251 -433 -340 -477 -412 -175 -508 -217 -25 -512 -199 0
-199 -512 -402 -240 -340 -433 -175 -217 -412 -508 -251 -459 -221 -396 -365 -227 -288 -360 -477 -25 27 -74 -209 0
199 -340 -240 -288 -412 -175 -300 -433 0
510 -333 -360 -508 -217 -288 -433 -59 -210 -25 -512 -402 -240 -412 -175 -251 -340 0
509 -210 -360 -240 -340 -433 -288 -217 -508 -59 -412 -402 -25 -512 -175 0
333 -251 -199 -240 -457 -340 -433 -512 -175 -217 -412 -508 -402 0
-210 -251 -360 -217 -288 -433 -59 -25 -512 -402 -240 -412 -175 -508 -340 0
-251 -512 -340 -288 -240 -402 -59 -175 -217 -412 -508 -433 -360 -25 0
-512 -25 -412 -175 -508 -288 -59 -217 -360 -340 -240 -402 -433 0
-333 -210 -54 -50 -504 -125 -34 -324 -261 -241 -295 -25 -122 264 -272 -251 0
333 -136 -179 -25 -59 0
-251 -25 -508 -504 -295 264 -179 -59 -457 -402 -240 -340 -433 -360 -300 -321 0
-25 -59 -412 -340 -508 -433 -217 -360 -175 -402 -240 -288 0
25 -340 -508 -217 -240 -433 -288 -360 -175 -412 -300 0
-340 -175 -412 -508 -433 -217 -288 -240 -360 -402 0
299 -357 -55 -433 -360 0
459 -366 -453 -294 -282 -172 -257 -347 -391 -39 -371 -197 -183 -175 -412 -512 -59 0
26 -333 -512 -59 -175 -454 -55 -433 -169 -443 -360 -251 -300 -412 -97 -508 -217 -474 -288 -121 0
-333 -512 -288 -412 -474 -199 -97 -59 -217 -207 -508 -121 -25 -175 -454 -55 -433 -169 -443 -360 -251 -300 0
-512 -251 -55 -412 -433 -360 -300 -175 -59 -288 -474 -199 -97 -217 -207 -508 -121 -25 -454 -169 -443 0
226 -113 -83 0
58 -333 -300 -55 -433 -360 -226 -97 -508 -63 -217 -25 -443 -179 0
60 -226 -360 -124 -300 -55 -433 -443 -97 -508 -217 -25 -121 -63 0
-251 -59 -217 -55 -433 -360 -300 -25 -97 -443 -508 -124 -121 -83 -474 -288 -175 -412 -199 -207 -454 -169 0
331 -59 -295 -121 0
26 -384 -35 -242 -503 -508 -217 -474 -288 -25 -519 -478 -91 -477 -207 -393 -356 -97 -285 -108 -138 -121 0
-512 -470 -207 -108 -121 -25 -35 -242 -508 -217 -474 -288 -478 -477 -356 -97 -285 -138 -371 -183 -175 -412 -511 -59 0
-59 -25 -508 -217 -454 -55 -124 -474 -288 -412 -175 -83 -207 -121 -35 -97 -443 -360 -300 -433 -199 -169 0
-25 -474 -207 -121 -508 -217 -454 -55 -124 -288 -412 -175 -83 -35 -97 -443 -360 -300 -433 -199 -169 0
56 -225 -321 -264 -273 0
455 -51 -124 -363 -259 0
332 -59 -121 -295 -169 -520 -512 -124 -433 -321 -264 -259 -55 -454 -283 -136 0
56 -252 -321 -264 -225 0
-59 -300 -360 -454 -55 -433 -321 -264 -512 -121 -295 -169 -520 -124 -259 -283 -136 0
-175 -240 -360 -412 -288 -508 -217 -402 -433 0
122 -342 -365 -261 -412 -402 -512 -240 -200 -99 -59 -227 -295 0
-342 -512 -59 -243 -180 -221 -138 -517 -74 -473 -402 -433 -240 -356 -123 -365 -261 -412 -200 -99 -227 -295 0
-117 -240 -402 0
27 -512 -59 -517 -473 -402 -433 -240 -412 -200 -217 -508 0
-55 332 -520 -325 -433 -360 -259 -454 -59 -295 -121 -512 -241 -283 -136 -402 -240 -200 0
332 -454 -436 -217 -508 -457 -259 -503 -73 -445 -323 -253 -402 -433 -240 -520 -360 -59 -121 -512 -241 -283 -136 -200 0
-55 -50 -362 -259 -454 -360 -59 -433 -512 -121 -295 -520 -283 -136 -402 -240 -200 0
-454 -503 -508 -217 -73 -323 -253 -402 -433 -240 -259 -360 -59 -512 -121 -520 -283 -136 -200 -436 -457 -445 -241 0
454 -240 -402 -433 0
-55 -259 -360 -59 -433 -512 -121 -295 -520 -283 -136 -402 -240 -200 -325 -241 0
333 -259 -217 -73 -402 -433 -240 -508 -360 -59 -512 -121 -520 -283 -136 -200 -436 -241 0
58 -512 -412 -217 -508 -436 -259 -73 -402 -433 -240 -520 -360 -59 -121 -241 -283 -136 -200 0
-512 -59 -412 -217 -508 -402 -433 -240 -360 -200 -152 -26 -517 -473 0
260 -362 -50 -454 -124 0
228 -83 -113 0
-55 -331 -262 -26 -360 -508 -433 -217 -520 -113 -402 -240 0
272 -251 -321 -262 0
126 -514 -241 -520 -145 0
-121 -113 -520 -262 -283 -217 -508 -73 -504 -402 -26 -433 -240 -342 -224 -360 -59 0
-59 -517 -402 -217 -433 -240 -508 -152 -26 -262 -360 -412 -200 -473 0
-240 -402 -360 -433 -217 -508 -412 -288 0
201 -478 -457 -477 -454 -55 -225 -360 -252 -239 -117 -182 0
56 -272 -264 -252 -225 0
333 -512 -454 -433 -55 -217 -508 -121 -288 -360 -412 -402 -136 -59 0
442 -300 -360 -412 -183 0
60 -321 -295 -121 -512 -59 -433 -124 -169 -264 -55 -454 -136 -473 -333 -206 0
201 -512 -55 -454 -59 -295 -121 -433 -136 -333 -360 240 -412 0
56 -299 240 -253 -476 -433 -357 0
-512 -136 -454 -55 -433 -508 -217 -121 -288 -59 -402 -360 -412 0
-400 -183 -360 -412 240 -433 -55 -454 -402 0
-300 -372 -183 -360 -444 -412 -299 0
-136 -55 -288 -433 -360 -412 -454 -402 -508 -217 -121 -59 0
-400 -55 -433 -454 -360 -412 240 -402 0
26 -333 -206 -473 -107 -288 -121 0
-333 -254 -84 -293 -512 -97 -323 -62 -59 -217 -36 -508 -242 -121 -25 -206 -473 -288 0
57 -512 -84 -293 -59 -97 -62 -217 -36 -508 -242 -121 -25 -206 -473 -288 -454 -433 -356 0
-333 -50 -124 -473 56 -220 -512 -459 -59 -217 -508 -242 -121 -25 -250 -206 -288 0
-512 -293 -124 -217 -36 -508 -121 -242 -25 -473 -271 -288 -412 -454 -55 -360 -239 -117 -182 -250 -59 -220 -206 -361 -84 -433 -356 0
-300 -299 -444 -412 -360 -124 -217 -36 -508 -121 -25 -473 -271 -288 -454 -55 -239 -117 -59 -220 -206 -361 -84 -433 0
250 -271 -320 -264 0
-55 -454 -508 -59 -217 -288 -433 -412 -360 -121 -402 0
298 -37 -241 -196 -360 -200 0
55 -121 -360 -288 -433 -412 -402 -217 -508 0
-300 -199 -360 -412 -298 240 -400 0
332 -257 -52 -59 -84 -457 -170 -97 -254 -508 -217 -125 -259 -121 -361 -151 -25 -320 -264 -252 0
27 -182 -125 -492 -412 -511 -225 -457 -36 -478 -360 -477 -357 -39 -170 -97 -323 -257 -197 -254 -217 -472 -205 -151 -108 -508 -178 -121 0
-121 -59 -360 -217 -508 -412 -288 -433 -402 0
442 -300 -412 -360 0
58 -333 -215 -209 -202 -503 -205 -122 -258 -324 -223 -512 -430 0
504 -62 -166 -293 -215 -318 -209 -95 -492 -508 -217 -25 -355 -358 -36 -370 -412 0
121 -402 -217 -412 -360 -288 -433 -508 0
372 -470 -167 -63 -492 -412 -391 0
-300 -356 -55 -209 -167 -446 -281 -152 -63 -288 -412 -360 -391 -243 -252 240 0
27 -402 -360 -412 -433 -288 -217 -508 0
-402 -433 -360 -288 -412 -217 -508 0
27 -370 -412 -263 -251 -443 -183 -258 -209 -477 -171 -255 -83 -227 -126 -295 -259 -121 0
-55 -121 -288 -412 -508 -217 -433 -360 -300 0
341 -27 -360 -508 -217 -433 -288 -340 -412 -300 -37 -355 0
-27 -121 -288 -433 -300 -360 -508 -217 -412 0
-121 -300 -360 -433 -508 -217 -412 -288 0
-27 -300 -508 -217 -360 -433 -288 -412 0
286 -255 -171 -477 -521 -74 -458 -473 -412 -340 -25 -433 -508 -217 0
251 -333 -273 -138 -321 0
331 -255 -295 -122 -458 -171 -477 0
-333 -273 -138 -262 -321 -331 0
-200 -300 -288 -433 -508 -217 -360 -412 0
-300 -433 -412 -508 -217 -360 -288 0
332 -123 -295 -254 -117 -74 -473 -50 -362 -138 0
-183 -206 -117 -240 -412 -502 -444 -181 0
Solved
