273 -528 -40 -460 -91 -154 -196 -178 -94 -484 -346 0
538 -97 -85 -373 -343 -438 -487 -460 -154 -196 -94 -484 -346 -271 -40 -91 -178 -101 0
198 -101 -91 -52 -178 -94 -223 -385 -346 -226 -40 -460 -154 -196 -484 -271 -193 -137 0
548 -532 -43 -385 -229 -40 -91 -481 -178 -94 -430 -346 -271 -484 -196 -52 -223 -226 -460 -154 -193 -517 -457 -109 0
272 -437 -19 -223 -226 -58 -229 -40 -193 -138 -91 -481 -196 -178 -94 -484 -346 0
-532 -178 -223 -43 -58 -7 -229 -349 -91 -481 -454 -106 -52 -94 -130 -346 -40 -460 -154 -196 -484 -271 -19 -226 -193 -517 -457 -109 -547 -385 -430 0
95 -178 -91 -58 -229 -502 -346 0
556 -346 -91 -58 -229 -94 -223 -43 -7 -349 -481 -454 -106 -52 -130 -40 -460 -154 -196 -484 -271 -226 -193 -517 -457 -109 -547 -385 -430 0
348 -178 -547 -223 -43 -58 -7 -229 -349 -91 -481 -454 -106 -52 -94 -130 -346 -40 -460 -154 -484 -271 -196 -226 -193 -517 -457 -109 -385 -430 0
-178 -346 -277 -460 -130 -484 -40 -91 -154 -196 -94 -106 -271 -547 -223 -43 -58 -7 -229 -349 -481 -454 -52 -226 -193 -517 -457 -109 -385 -430 0
92 -404 -277 -556 -7 -476 -430 -52 -349 -380 -43 -454 -106 -130 -504 -527 -58 -353 -281 -229 -40 0
224 -490 -123 -494 -174 -30 0
503 -138 -343 -496 -556 -43 -52 -223 -174 -30 -319 -517 -547 -457 -109 -447 -554 -534 -427 0
53 -19 -343 -353 -138 -447 -496 -37 -13 -556 -43 0
54 -13 -468 -37 -47 -83 -43 0
-13 -37 -447 -43 -343 -353 -138 -496 -556 -52 -468 -47 -83 0
347 -556 -52 -43 -277 -106 -130 -343 -496 -223 -319 -517 -547 -457 -109 -427 -58 -385 -229 -91 -7 -430 -349 -454 -40 -460 -196 -484 -481 -154 -271 -94 0
53 -325 -229 -91 -58 -40 -282 -517 -528 -457 -467 -130 -109 -411 -106 -547 -381 -137 -477 -189 -277 -226 -556 -223 0
136 -14 -528 -496 -130 -343 -106 -354 -363 -189 0
559 -43 -496 -517 -457 -319 -109 -547 -130 -106 -175 -343 -52 -229 -91 -58 -40 -277 -226 -223 -460 -193 -196 -484 -481 -154 -271 -94 -385 -7 -430 -349 -454 0
96 -213 -556 -7 -430 -52 -349 -43 -454 -106 -130 -58 -229 -40 -484 -460 -196 -91 -277 -179 -481 -347 -154 0
461 -282 -528 0
54 -528 -271 -277 -460 -130 -484 -40 -91 -154 -196 -94 -106 -547 -223 -43 -58 -7 -229 -349 -481 -454 -52 -226 -193 -517 -457 -109 -385 -430 -175 -496 -343 -138 -556 -559 0
197 -188 -193 -138 0
53 -556 -52 -43 -277 -106 -130 -343 -496 -223 -319 -517 -547 -457 -109 -94 -58 -385 -229 -91 -7 -430 -349 -454 -40 -460 -196 -484 -481 -154 -271 -193 -138 -559 -226 0
-556 -138 -196 -106 -277 -460 -130 -271 -40 -91 -154 -94 -547 -223 -43 -58 -7 -229 -349 -481 -454 -52 -226 -193 -517 -457 -109 -385 -430 -175 -496 -343 -484 -319 0
198 -528 -517 -7 -349 -454 -433 -175 -130 -58 -106 -385 -229 -178 -94 -91 -154 -40 -271 -277 -406 -484 -460 -211 -193 0
-528 -211 -496 -130 -343 -106 -43 -52 -223 -271 -277 -226 -484 -460 -175 -138 -193 -196 -517 -7 -349 -454 -433 -58 -385 -229 -178 -94 -91 -154 -40 -406 0
-138 -43 -484 -196 -106 -460 -130 -496 -343 -277 -52 -223 -271 -226 -175 -193 -517 -7 -349 -454 -433 -58 -385 -229 -94 -91 -154 -40 -406 -481 -457 -109 -547 -430 -319 0
-178 -556 -209 -239 -477 -277 -212 -460 -130 -484 -40 -91 -154 -196 -94 -106 -271 -547 -223 -43 -58 -7 -229 -349 -481 -454 -52 -226 -193 -517 -457 -109 -385 -430 0
-556 -438 -343 -496 -21 -393 -15 -52 -43 -229 -91 -58 -40 -282 -517 -528 -457 -130 -109 -106 -547 -381 -137 -477 -189 -277 -226 -223 -430 -154 -559 -94 -347 -209 -239 -212 -460 -484 -196 -271 -7 -349 -481 -454 -193 -385 0
562 -58 -52 -223 -229 -91 -130 -106 -277 -7 -349 -481 -454 -40 -460 -154 -196 -484 -271 -226 -193 -517 -457 -109 -547 -385 -430 -343 -496 -319 -175 -433 -406 0
-94 -43 -154 -130 -106 -277 -91 -58 -229 -223 -7 -349 -481 -454 -52 -40 -460 -196 -484 -271 -226 -193 -517 -457 -109 -547 -385 -430 -343 -496 -319 -175 -433 -406 0
197 -178 -556 -52 -346 -223 -271 -226 -484 -193 -138 0
-178 -138 -346 -40 -271 -528 -484 -460 -196 -556 -52 -223 -226 -193 -91 0
198 -138 -43 -343 -496 -556 -52 -223 -430 -319 -517 -547 -457 -109 -502 -58 -229 -91 -346 -40 -271 -528 -484 -460 0
-138 -528 -496 -130 -343 -106 -175 -43 -52 -223 -271 -226 -484 -193 -196 -556 -430 -319 -517 -547 -457 -109 -502 -58 -229 -91 -346 -40 -460 0
179 -381 -130 -106 -528 -477 -282 -277 -40 -556 -91 0
475 -393 -91 -154 -40 -385 -7 -282 -101 -15 -349 -528 -454 -130 -175 -106 -184 -381 -209 0
-528 -556 -343 -43 -52 -496 -277 -91 -154 -40 -385 -7 -349 -454 -130 -175 -106 -517 -346 -457 -271 -319 -109 -484 -460 -547 -196 -223 -226 -193 -430 -502 -58 -229 0
-556 -346 -517 -109 -547 -175 -52 -277 -457 -271 -7 -484 -193 -349 -196 -454 -106 -460 -130 -343 -43 -496 -91 -154 -40 -385 -319 -223 -226 -430 -502 -58 -229 0
486 -138 -223 -178 -226 -346 -193 -52 -271 -196 0
485 -528 -40 -178 -91 -346 -460 -271 -196 0
486 -43 -52 -223 -502 -58 -229 -517 -91 -457 -178 -109 -346 -547 -19 -271 -226 -193 -196 0
54 -138 -19 -188 -446 -226 -39 -223 -43 0
-43 -58 -226 -223 -52 -229 -91 -193 -271 -196 -484 -517 -457 -109 -547 -175 -277 -7 -349 -454 -106 -460 -130 -343 -496 -154 -40 -385 -319 -430 -481 -433 -406 0
-178 -346 -223 -226 -91 -52 -37 -385 -40 -460 -154 -196 -484 -271 -193 -58 -457 -229 -138 -109 -547 -319 -13 0
344 -539 -80 -329 -287 -373 -1 0
53 -541 -31 -433 -153 -184 -20 -210 -556 -240 0
282 -188 -277 -226 -556 -223 -52 -31 -433 -184 -210 -240 -37 -487 -373 -343 -1 -58 -385 -229 -91 -154 -40 0
485 -184 -433 -31 -52 -223 -556 -226 -277 -457 -7 -138 -109 -349 -547 -454 -106 -319 -130 -13 -37 -487 -373 -343 -1 -58 -385 -229 -91 -154 -40 -460 -193 -271 -196 0
178 -138 -373 -1 -91 -154 -343 -40 -496 -130 -106 -175 -52 -223 -226 -460 -385 -193 -271 -196 -484 -433 -31 -277 -457 -7 -109 -349 -547 -454 -319 -13 -37 -487 -58 -229 0
-528 -556 -178 -130 -106 -277 -40 -91 -484 -460 -211 -196 -517 -7 -349 -454 -433 -175 -58 -385 -229 -94 -154 -271 -406 -193 0
528 -211 -484 -277 -196 -106 -460 -130 0
-138 -343 -1 -154 -7 -349 -496 -130 -106 -454 -175 -52 -223 -271 -277 -226 -484 -460 -193 -196 -517 -433 -58 -385 -229 -91 -40 -406 -37 -457 -109 -547 -319 -13 -373 -31 -487 0
565 -223 -22 -373 -385 -229 -91 -154 -40 -517 -457 -109 -460 -547 -1 -7 -349 -130 -106 -454 -175 -52 -496 -271 -277 -226 -484 -193 -433 -406 -31 -487 -430 -481 0
353 -361 -175 0
59 -353 -40 -345 -91 -438 -229 -174 0
197 -528 -31 -175 -154 -433 -130 -76 -454 -7 -349 -22 -496 -373 -1 -406 -40 -91 -229 -517 -457 -109 -52 -547 -223 -193 -226 -271 -565 -484 -460 0
354 -361 -175 0
-528 -196 -31 -175 -130 -76 -454 -7 -349 -406 -22 -496 -373 -517 -457 -109 -547 -385 -52 -91 -223 -154 -40 -226 -271 -565 -484 -460 -193 -433 -1 -229 0
-196 -223 -52 -175 -496 -277 -226 -271 -565 -484 -193 -106 -460 -130 -31 -76 -454 -7 -349 -406 -22 -373 -517 -457 -109 -547 -385 -91 -154 -40 -433 -1 -229 0
224 -437 -343 -58 -565 -226 0
137 -343 -496 -40 -229 -91 -58 -565 -322 -226 -52 -223 -517 -457 -109 -547 0
54 -343 -229 -58 -496 -565 -91 -209 -322 -226 -239 -223 0
-343 -58 -91 -229 -40 -175 -565 -226 -223 -52 -496 -209 -322 -239 -517 -457 -109 -547 -136 0
53 -436 -517 -7 -349 -454 -130 -106 -175 -352 -40 -91 -229 -58 -565 -226 -223 0
-58 -209 -91 -229 -175 -565 -40 -226 -239 -223 -52 -517 -7 -349 -454 -130 -106 -496 -322 -457 -109 -547 -136 0
93 -437 -517 -457 -353 -109 -175 -547 -188 -136 -393 -330 -385 0
225 -343 -16 -154 -528 -130 -517 -457 -109 -547 -136 -347 -385 -229 -40 -91 -496 -373 -175 -565 -406 -322 -226 -172 -52 -28 0
-343 -209 -528 -385 -40 -91 -433 -175 -496 -460 -565 -406 -239 -322 -226 -172 -52 -223 -16 -154 -130 -517 -457 -109 -547 -136 -347 -229 -373 -28 0
225 -477 -277 -136 -106 -460 -547 -130 -109 -454 -457 -349 -517 -7 -436 -322 -172 -52 0
486 -528 -175 -517 -406 -52 -223 -277 -136 -106 -460 -547 -130 -109 -454 -457 -349 -7 -322 -433 -385 -40 -91 -496 -565 -226 -154 -229 -373 -271 0
-58 -343 -91 -229 -136 -558 224 -565 -226 -496 -40 -322 -52 -223 -517 -457 -109 -547 0
387 -124 -528 -109 -130 -547 -457 -136 -392 -329 0
527 -539 -517 -457 93 -109 -175 -547 -188 -136 -353 -437 -385 -102 -13 0
-343 -558 -154 -528 -517 -457 -109 -547 -136 -385 -175 -348 -229 -40 -91 -130 224 -565 -226 -496 -322 -52 -223 -84 -373 -1 0
60 -436 -517 -7 -349 -454 -130 -189 -106 -175 -352 -40 -91 -150 -229 -173 -29 0
54 -528 -40 -106 -460 -130 -454 -349 -7 -517 -175 -91 -229 -154 -457 -109 -547 -136 -385 -348 -565 -226 -496 -322 -52 -223 -373 -1 0
344 -180 -91 -365 -517 -457 -188 -109 -175 -547 -136 -353 -385 -496 -373 0
-528 -565 -193 -406 -175 -7 -349 -454 -130 -106 -40 -91 -229 -517 -226 -223 -457 -109 -547 -136 -385 -496 -373 -433 -322 -52 -460 -154 -1 -271 -484 -277 0
-58 -172 -226 -565 -223 -343 -437 0
225 -19 -15 -457 -109 -547 -136 -102 -91 -496 -373 -354 -125 -517 -175 -385 -343 -565 -406 -322 -226 -172 -52 0
92 -445 -392 -19 -329 -136 -385 0
93 -495 -517 -102 -457 -540 -327 -385 -178 0
-437 -136 -175 -354 -385 -91 -517 -102 -457 -496 -373 -125 -565 -406 -322 -226 -52 -223 -15 -109 -547 -438 0
330 -538 -385 0
345 -393 -330 -496 -373 0
-223 -229 -385 -52 -226 -91 -175 -40 -496 -373 -547 -109 -457 -517 -406 -7 -349 -454 -106 -460 -130 -193 -433 -154 -1 -271 -484 -277 -31 -76 -22 -487 -430 -481 0
-138 -423 -271 -277 -179 -244 -330 -557 -152 -393 -21 -198 -193 -188 -136 0
-329 -79 -130 -154 -124 -282 -13 92 -445 -19 -136 -385 0
59 -206 -301 -454 -285 -27 -63 -406 -149 -394 -40 -353 -91 -345 -229 -438 0
227 -149 -454 -406 -154 -40 -353 -91 -229 -433 -31 -466 -511 -130 -124 92 -136 -385 -437 -517 -457 -109 -547 -271 -277 -244 -557 -193 -487 -496 -373 -1 -343 -565 0
345 -445 92 -136 -385 -437 -373 -496 0
-13 -34 -130 -406 -454 -154 -79 -282 -329 92 -445 -19 -136 -385 0
-329 -438 -406 -460 -40 -353 -91 -345 -229 -130 -566 -320 -454 -154 -79 92 -19 -136 -385 -288 0
59 -202 -147 -257 -285 -495 -470 -63 -406 -394 -28 -206 -454 -27 -301 -40 -353 -91 -345 -229 -438 0
131 -16 -48 -341 -39 -232 -76 -166 -568 -7 -282 -349 -528 -454 0
-565 -63 -172 -406 -454 -154 -40 -353 -91 -229 -433 -31 -511 -130 -124 92 -136 -385 -437 -517 -457 -109 -547 -271 -277 -244 -193 -487 -496 -373 -1 -343 -341 -232 -76 -166 -568 -7 -349 -528 -147 -257 -28 -206 -301 -438 -226 0
-438 -353 -271 -484 -28 -172 -406 -454 -154 -40 -175 -91 -229 -433 -31 -511 -130 92 -136 -385 -437 -517 -457 -109 -547 -277 -244 -193 -487 -496 -373 -1 -343 -232 -76 -166 -568 -7 -349 -257 -226 -460 0
-353 92 -136 -31 -547 -433 -109 -457 -406 -517 -172 -271 -484 -28 -454 -40 -175 -91 -229 -511 -130 -154 -385 -437 -277 -244 -193 -487 -496 -373 -1 -343 -232 -76 -568 -7 -349 -226 -460 -22 0
92 -437 -232 -568 -226 -349 -454 -136 -154 -373 -130 -385 -496 -481 -343 -106 -175 -31 -547 -433 -109 -457 -406 -517 -172 -271 -484 -28 -40 -91 -229 -511 -277 -244 -193 -487 -1 -76 -7 -460 -22 0
328 -154 -59 -566 -7 -576 -454 -130 -572 -26 -83 -517 -2 -457 -353 -599 -109 -447 -47 -547 -19 -79 -136 -539 -423 -393 0
287 -154 -79 0
178 -389 -466 -47 -513 -253 -224 -277 -322 -557 -366 0
273 -532 -95 -502 -347 0
272 -240 -210 0
408 -460 -502 -184 -180 -47 -513 -224 -277 -557 -366 -198 -555 -95 -281 -128 -528 -220 -13 -287 -2 -83 -61 0
466 -154 -79 -2 -95 -83 0
280 -16 -466 -513 -224 -172 -406 -141 -502 -184 -180 -47 -277 -557 -366 -198 -555 -95 -281 -528 -220 -13 -287 -2 -83 -61 -454 -34 -130 0
455 -16 -466 -513 -224 -172 -61 -406 -502 -184 -180 -47 -277 -557 -366 -198 -555 -95 -281 -528 -220 -13 -287 -2 -83 -7 -576 -141 0
567 -34 -557 -47 -180 -142 -495 -76 -7 -470 -576 -528 -124 -130 -454 -513 -172 -61 -406 -366 -198 -555 -95 -281 -2 -83 -141 -79 -154 -277 354 -189 -320 -226 -59 0
526 -461 -281 0
-34 -513 -304 -189 -424 -142 -576 -454 -124 -130 -528 -281 -495 -401 -61 -406 -172 -198 -59 -566 -557 -47 -180 -76 -7 -470 -366 -555 -95 -2 -83 -141 -79 -154 -277 354 -320 -226 0
-154 -406 -304 -424 -576 -454 -130 -281 -79 -172 -59 -566 -47 -180 -7 -366 -2 -83 -353 -447 -19 -585 -136 -572 -26 -547 -594 -517 -109 -457 -590 -374 -385 -329 -599 -539 -423 -393 0
288 -188 -19 -394 -517 -315 -428 -564 -38 -13 -402 -28 -284 -172 -61 -406 -52 -83 -79 -2 0
196 -226 -447 -380 -19 -409 -136 -468 -547 -83 -109 -457 -130 -590 -454 -374 -349 -329 -539 -237 -79 -286 -517 -564 -13 -402 -284 -172 -61 -406 -2 -594 -504 -353 -59 -566 -195 0
137 -547 -457 -374 -109 -329 -590 -393 0
461 -13 -226 -19 -409 -136 -468 -547 -83 -109 -457 -130 -590 -454 -374 -329 -539 -237 -79 -286 -517 -564 -447 -284 -172 -61 -406 -2 -594 -504 -353 -59 -566 -195 -576 -424 -198 0
-461 -528 -130 -576 -454 -462 -281 0
-406 -547 -136 -19 -83 -109 -457 -130 -590 -454 -374 -329 -539 -79 -517 -447 -284 -172 -2 -594 -353 -59 -566 -576 -424 -281 -599 -98 -304 -47 -180 -7 -366 -585 -572 -26 -385 -423 -393 0
-547 -109 -130 -454 -576 -136 -19 -83 -281 -457 -590 -374 -329 -539 -79 -517 -447 -284 -172 -2 -594 -353 -59 -566 -424 -599 -98 -304 -47 -180 -7 -366 -585 -572 -26 -385 -423 -393 0
81 -202 -284 -145 -61 -36 -287 0
187 -557 -172 -61 -180 -47 -277 455 -366 -198 -555 -95 -281 -528 -13 -2 -83 -7 -576 -59 -284 -36 -154 -79 -145 -109 -457 -101 -385 -329 -423 -222 354 0
138 -95 -36 -83 -172 -222 -59 -566 -226 -61 -180 -47 -277 455 -366 -198 -555 -2 -281 -528 -13 -7 -576 -284 -154 -79 -145 -109 -457 -101 -385 -329 -423 -353 -447 -19 0
288 -154 -79 0
80 -466 -457 -329 -109 -423 -140 -128 -530 -385 -304 -59 -172 -406 -284 -61 -34 -69 -13 -424 -528 -130 -576 -454 -281 -154 0
60 -198 -34 -528 -281 -61 -13 -406 -566 -172 0
58 -466 -513 -530 -442 -172 -406 -61 -34 -13 -319 -226 -566 0
-178 -471 -410 -389 -380 -290 -47 -18 -277 -466 -213 -95 -40 -196 -91 -528 -460 -532 -486 -579 -226 -52 -224 -434 -513 -31 -304 -146 -69 -324 -366 -180 0
-154 -226 -47 -40 -91 -528 -460 -366 -304 -69 -180 -13 -61 -19 -406 -136 -172 -281 -59 -530 -319 -572 -140 -594 -517 -109 -457 -590 -488 -539 -329 344 -79 -423 -128 -385 -284 -424 -130 -576 -454 -83 0
408 -34 -378 -286 -195 -237 -335 -61 0
-34 -100 -572 -517 -304 -543 -457 -590 -488 -374 -329 -423 -128 -432 -237 -378 -195 -83 -226 -197 -2 -566 -286 -13 -59 -26 -172 -61 -406 -335 0
407 -237 -378 -286 -195 -79 -197 -566 -29 -59 -284 -172 -61 0
-226 -13 -83 -406 -79 -59 -284 -172 -61 -572 -517 -304 -457 -590 -488 -329 -423 -128 -378 -26 -528 -424 -460 -599 -281 -47 -40 -91 -366 -69 -180 -19 -136 -530 -319 -140 -594 -109 -539 344 -385 -130 -576 -454 0
-13 -61 -19 -136 -423 -393 -488 -329 -590 -457 -319 -594 -83 -406 -79 -59 -284 -172 -128 -572 -517 -304 -378 -26 -528 -424 -460 -599 -281 -47 -40 -91 -366 -69 -180 -530 -140 -109 -539 344 -385 -130 -576 -454 0
407 -226 -530 -304 -152 -145 -189 -466 -566 -59 -34 -172 -61 0
512 -233 -122 -177 -434 -363 -37 -189 -504 -204 -95 -145 -466 -304 0
60 -122 -388 -466 -47 -177 -434 -363 -37 -189 -204 -95 -145 -304 -570 -224 -322 -198 -566 0
511 -122 -502 -37 -140 -43 -109 -52 -457 -224 -101 0
-226 -388 -329 -423 -385 -466 -101 -37 -140 -43 -109 -52 -457 -304 -145 -189 -566 -59 -47 -177 -363 -570 -322 -198 -483 -401 -34 -172 -61 -406 -530 -152 0
-61 -140 -539 344 -590 -517 -457 -594 -423 -385 -329 -109 -304 -59 -47 -570 -172 -406 -530 -83 -353 -69 -79 -447 -424 -281 -19 -130 -576 -454 -528 -136 -393 -488 -319 -284 -128 -572 -378 -26 -460 -599 -40 -91 -366 -180 0
15 -128 -221 -34 0
-109 -576 -599 -281 -130 -47 -454 -447 -19 -79 -136 -539 -423 -393 -329 -590 -457 -517 -26 344 -594 -385 -304 -59 -172 -83 -353 -424 -284 -572 -40 -91 -366 -180 -7 -585 0
14 -226 -136 -566 -547 -577 -23 -374 -329 -281 -528 -393 0
-226 -528 -447 -19 -136 -423 -393 -329 -374 -23 -577 -566 -59 -172 -406 -61 -34 -13 -547 -281 -353 0
459 -13 -34 -7 -423 -393 -576 -329 -454 -374 -139 -590 -517 0
-13 -406 -385 -393 -447 -19 -136 -423 -374 -23 -577 -566 -59 -172 -329 -61 -34 -547 -281 -353 -594 -457 -7 -576 -454 -139 -590 -517 0
-528 -388 -177 -47 60 -122 -363 -37 -189 -434 -466 -204 -304 -224 -198 -566 -483 -576 -402 -454 -424 -130 -461 -281 -526 0
-406 -34 -47 -304 -566 -576 -454 -424 -130 -281 -83 -61 -172 -59 -353 -447 -547 -19 -136 -393 -385 -423 -374 -23 -577 -329 -594 -457 -7 -139 -590 -517 0
575 -130 -281 -454 0
527 -576 -34 -566 -406 -454 -304 -130 -281 -83 -61 -172 -59 -353 -447 -47 -136 -385 -423 -329 -594 -457 -590 -517 -599 -539 -26 -284 -572 -40 -91 -180 -585 -345 -438 -13 0
328 -361 -353 -447 -19 -222 -136 -423 -393 0
330 -109 -281 -130 -47 -454 -447 -576 -599 -136 -539 -423 -393 -329 -590 -457 -517 -26 -19 -594 -385 -304 -59 -172 -83 -353 -284 -572 -40 -91 -180 -585 -438 -345 -374 0
328 -188 -136 -393 -353 -447 -19 -222 -423 0
330 -19 -385 -406 -447 -13 -136 -423 -393 -345 -374 -566 -59 -172 -329 -61 -34 -281 -353 -594 -457 -576 -454 -590 -517 -130 -47 -599 -539 -26 -304 -83 -284 -572 -40 -91 -180 -585 -438 0
-19 -393 -226 -197 -136 -566 -353 -447 -423 -13 -329 -385 -406 -345 -374 -59 -172 -61 -34 -281 -594 -457 -576 -454 -590 -517 -130 -47 -599 -539 -26 -304 -83 -284 -572 -40 -91 -180 -585 -438 0
437 -374 -100 -329 -457 -539 -517 -345 0
-374 -197 -226 -345 -136 -566 -353 -447 -423 -13 -329 -385 -406 -59 -172 -61 -34 -281 -594 -457 -576 -454 -590 -517 -130 -47 -599 -539 -26 -304 -83 -284 -572 -40 -91 -180 -585 -438 -100 0
-576 -226 -539 -284 -130 -61 -454 -457 -406 -517 -304 -172 -438 -345 -585 -136 -566 -353 -447 -423 -13 -329 -385 -59 -34 -281 -594 -590 -47 -599 -26 -83 -572 -40 -91 -180 -528 0
576 -423 -345 -438 -34 -13 -61 -454 -406 0
-304 -374 -13 -423 -329 -454 -34 -590 -517 -599 -281 -130 -47 -447 -136 -539 -457 -26 -594 -385 -59 -172 -83 -353 -284 -572 -40 -91 -180 -585 -345 -438 -528 -61 -406 -566 0
-374 -423 -130 -528 -329 -457 -539 -517 -345 -438 -13 -454 -34 -590 -599 -281 -47 -447 -136 -26 -594 -385 -59 -172 -83 -353 -284 -572 -40 -91 -180 -585 -61 -406 -566 0
-423 -457 -61 -539 -281 -585 -528 -130 -454 -284 -406 -517 -172 -438 -345 -136 -566 -353 -447 -13 -329 -385 -59 -34 -594 -590 -47 -599 -26 -83 -572 -40 -91 -180 0
497 -374 -528 -329 -457 -539 -517 -345 -13 -438 -391 0
496 -243 -47 -83 -136 -205 -391 -303 -13 -59 -284 -34 -172 -61 -81 -454 -406 -438 -575 -345 0
423 -13 -406 -34 -172 -61 -438 -345 -47 -83 -136 -59 -284 -454 -575 -539 -329 0
152 -530 -291 -47 -16 -390 -443 -420 -507 -86 -487 0
527 -443 -585 -136 -487 -109 -19 -291 -47 -16 -390 -420 -323 -284 -36 -61 -287 81 -424 -454 -130 -528 -576 -281 0
137 -327 -142 15 -34 -495 -523 -262 -32 -256 -22 -98 -577 -235 -109 -151 -547 -19 0
456 -481 -577 -353 -109 -447 -19 -136 -142 15 -34 -495 -523 -22 -98 -304 -284 -61 81 -146 -69 -7 -585 -124 -349 -130 0
138 -176 -353 -447 -187 -19 0
15 -22 -517 -572 -98 -304 -47 -487 -19 -136 -353 -447 -34 -454 -109 -284 -61 -585 -124 -130 -424 -281 -528 -576 -79 -227 -566 -59 -172 -406 -26 0
373 -423 -47 -284 -278 -180 -136 -59 -566 -227 -53 -172 -83 -406 -61 -281 -528 -34 -13 -517 -572 -353 -447 -454 -109 -585 -130 -26 -438 -385 -345 -329 0
-13 -406 -585 -528 -284 -34 -130 -61 -454 -572 -281 -59 -517 -172 -566 -438 -353 -345 -47 -180 -136 -83 -447 -26 -385 -329 -594 -590 -539 -599 -40 -91 0
35 -128 -220 -353 -447 138 -19 -304 -466 -530 -145 -566 -59 -34 -172 -61 -406 0
-576 -19 -599 -281 -130 -47 -454 -447 -136 -539 -329 -590 -517 -26 -594 -385 -59 -172 -83 -353 -284 -572 -40 -91 -180 -585 -566 -528 -406 -61 -34 -345 -438 0
-19 -406 -447 -136 -566 -59 -26 -172 -61 -353 -599 -281 -130 -47 -454 -539 -329 -590 -517 -594 -385 -83 -284 -572 -40 -91 -180 -585 -528 -34 -345 -438 0
-406 -172 -517 -438 -447 -136 -566 -59 -26 -61 -353 -599 -281 -130 -47 -454 -539 -329 -590 -594 -385 -83 -284 -572 -40 -91 -180 -585 -528 -34 -345 0
14 -79 -539 -329 -286 -391 -34 0
15 -67 -77 -424 -585 -462 -374 -599 -19 -79 -329 -353 -447 -136 -286 -421 -391 -34 -128 0
449 -140 -517 -585 -19 -136 -391 -374 -329 -101 -539 -98 -79 -286 -553 -34 0
137 -291 -47 -530 -403 -301 -421 -220 -128 -449 -89 -101 -172 -539 -59 -329 -566 -391 -196 0
222 -449 -128 0
-172 -61 -447 -136 -47 -539 -59 -329 -566 -284 -353 -34 -599 -517 -585 -281 -528 -345 -438 -454 -83 -26 -130 -590 -594 -385 -572 -40 -91 -180 0
172 -566 -345 -438 -59 0
138 -423 -385 -447 -19 -136 -594 -345 -566 -59 -329 -61 -34 -281 -353 -454 -590 -517 -130 -47 -599 -539 -26 -83 -284 -572 -40 -91 -180 -585 -438 0
393 -423 -496 -329 0
-423 -61 -385 -447 -19 -136 -345 -566 -59 -329 -594 -34 -281 -353 -454 -590 -517 -130 -47 -599 -539 -26 -83 -284 -572 -40 -91 -180 -585 -438 0
-61 -19 -284 -34 -59 -517 -566 -438 -353 -136 -345 -47 -83 -454 -539 -329 -385 -447 -594 -281 -590 -130 -599 -26 -572 -40 -91 -180 -585 0
567 -399 -390 -47 -188 -17 -227 -59 0
137 -128 -59 -566 -47 -289 -530 -594 -303 -458 -423 -590 -172 -34 -374 -14 -329 -393 -136 -19 -353 -447 -222 0
15 138 -566 -47 -594 -458 -289 -590 -530 -374 -329 -303 -423 -353 -447 -59 -19 -128 -34 0
-128 -393 -566 -47 -594 -289 -458 -530 -385 -329 -303 -423 -353 -447 -19 -528 -14 -590 -374 -34 -136 -172 -59 -449 0
9 -350 -575 0
137 -366 -128 -34 -47 -423 -303 -530 -180 -289 -396 -224 -149 -226 -52 -594 -458 -590 -374 -329 -393 -196 -19 0
565 -393 -599 -281 -130 -47 -454 -447 -136 -539 -423 -304 -329 -590 -424 -517 -26 -19 -594 -385 -59 -172 -83 -353 -79 -284 -572 -40 -91 344 -180 -7 -585 -34 -566 -289 -458 -530 -303 -528 -350 -144 -335 -406 0
-457 -549 -281 -130 -47 -454 -447 -136 -539 -423 -393 -329 -590 -424 -517 -26 -19 -594 -385 -304 -59 -172 -83 -353 -79 -284 -572 -40 -91 344 -180 -7 -585 -599 -528 -321 -34 -15 -566 -289 -458 -530 -303 -128 0
138 -394 -172 -599 -406 -494 -335 -47 -126 -525 -144 -385 -353 -447 -19 -329 -228 -594 -590 -281 -130 -454 -136 -539 -423 -393 -424 -517 -26 -304 -59 -83 -79 -284 -572 -40 -91 344 -180 -7 -585 -528 -321 -34 -566 -289 -458 -530 -303 -128 0
173 -53 -83 -406 -223 0
-393 -423 -144 -47 -281 -528 -34 -79 -303 -530 -494 -172 -83 -406 -594 -458 -590 -329 -136 -599 -335 -126 -525 -385 -353 -447 -19 -130 -454 -539 -424 -517 -26 -304 -59 -284 -572 -40 -91 344 -180 -7 -585 -566 -289 -350 0
-423 -79 -329 -539 -34 -528 -566 -59 -172 -406 -136 -144 -47 -281 -303 -530 -494 -83 -594 -458 -590 -599 -335 -126 -525 -385 -353 -447 -19 -130 -454 -424 -517 -26 -304 -284 -572 -40 -91 344 -180 -7 -585 -289 -350 0
226 173 -83 -406 -594 0
-79 -97 -237 -154 -288 -81 0
145 -572 -483 -402 -31 -426 -306 -69 0
343 -88 -483 -402 -288 -81 -204 -189 -83 -406 -594 -152 -489 -126 -585 -549 -281 -350 -319 -59 -130 -528 -454 -461 -517 -172 -566 -497 -437 0
174 -290 -489 -585 -530 -549 -152 -319 -63 -566 -406 -59 0
-304 -305 -437 -457 -281 -130 -47 -454 -447 -576 -366 -136 -539 -423 -393 -329 -590 -109 -517 -26 -19 -594 -385 -599 -59 -172 -83 -353 -79 -284 -572 -40 -91 344 -180 -7 -585 0
291 -32 -170 -269 -437 -457 -281 -130 -47 -454 -447 -576 -366 -136 -539 -423 -393 -329 -590 -109 -517 -26 -19 -594 -385 -599 -59 -172 -83 -353 -79 -284 -572 -40 -91 344 -180 -7 -585 -184 -557 -277 -253 -394 -511 -470 -466 -530 -242 -16 0
-79 -184 -180 -269 -557 -170 -277 -253 -437 -457 -281 -130 -47 -454 -447 -576 -366 -136 -539 -423 -393 -329 -590 -109 -517 -26 -19 -594 -385 -599 -59 -172 -83 -353 -284 -572 -40 -91 344 -7 -585 -381 -394 -511 -466 -470 -388 -530 -242 -290 -16 -543 -154 -237 -288 -81 0
567 -572 -329 -539 -1 -373 344 -180 -269 -557 -253 -437 -457 -281 -130 -47 -454 -447 -576 -366 -136 -423 -393 -590 -109 -517 -26 -19 -594 -385 -59 -172 -83 -353 -284 -154 -40 -91 -7 -585 -381 -511 -466 -470 -388 -530 -242 -290 -288 -81 -152 -489 -201 354 -549 -189 -319 -226 0
-304 -79 -30 -511 -402 -437 -457 -281 -130 -47 -454 -447 -576 -366 -136 -539 -423 -393 -329 -590 -109 -517 -26 -19 -594 -385 -599 -59 -172 -83 -353 -224 -284 -572 -40 -91 344 -180 -7 -585 0
-79 -572 -457 -281 -130 -47 -454 -447 -576 -136 -539 -423 -393 -329 -590 -109 -517 -19 -594 -59 -172 -83 -353 -284 -253 -40 344 -7 -381 -511 -466 -388 -530 -290 -154 -288 -52 -43 -201 -504 -336 -30 -402 -224 -489 -88 -566 328 0
79 -109 -489 -549 -152 -585 -457 -517 -154 -437 -329 -539 -1 -373 344 0
-572 -576 -281 -130 -47 -454 -447 -457 -136 -539 -423 -393 -329 -590 -109 -517 -19 -594 -59 -172 -83 -353 -284 -253 -40 344 -7 -381 -511 -466 -388 -530 -290 -154 -288 -52 -43 -201 -336 -402 -224 -489 -88 -566 328 -1 -319 -226 0
-128 -530 -281 -130 -47 -454 -447 -457 -136 -539 -423 -393 -329 -590 -19 -594 -59 -172 -83 -353 -284 -388 -517 -43 -489 -566 328 -319 -406 -526 -34 222 0
343 -8 -575 -497 -437 0
9 -2 -281 -83 -526 -126 -130 -81 -454 -437 0
7 -575 -172 -406 -437 0
8 -349 -454 -281 -130 -47 -447 -457 -136 -539 -423 -393 -329 -590 -19 -594 -59 -172 -83 -353 -284 -388 -517 -43 -489 -566 328 -319 -406 -526 -34 222 0
-8 -281 -83 -526 -126 -130 -81 -454 -437 -345 -7 -497 0
-281 -130 -454 -47 -447 -457 -136 -539 -423 -393 -329 -590 -19 -594 -59 -172 -83 -353 -284 -388 -517 -43 -489 -566 328 -319 -406 -526 -34 222 0
-130 -284 -83 -454 -526 -47 -447 -457 -136 -539 -423 -393 -329 -590 -19 -594 -59 -172 -353 -406 -388 -517 -43 -489 -566 328 -319 -34 222 0
-79 -288 -237 -97 -81 0
343 -7 -483 -543 -237 -81 -204 -189 -34 -406 -576 222 -83 -594 -59 -517 -172 -326 -566 -437 0
565 -402 -122 -367 -96 -483 -466 -102 -37 -411 -526 -424 -380 -460 -198 -59 0
-528 -523 -170 -32 -304 -16 -466 -218 -411 -89 -380 -102 -460 -282 -526 0
476 -184 -180 -557 -484 -277 0
475 -523 -47 -43 -388 -430 -415 -37 -506 -77 -322 -338 -69 -146 -28 -275 -166 -284 -380 -302 0
-128 -226 -388 -466 -47 -411 -380 -43 -430 -37 -77 -338 -275 -166 -284 -302 -180 -557 -85 -424 -198 -460 -32 -304 -89 -102 -282 -526 354 -204 -594 -189 -319 -415 -59 -566 -122 -367 -96 -34 222 0
173 -424 -204 -460 -526 -102 -26 -89 -338 -454 -77 -575 -7 -388 -466 -47 -411 -380 -43 -430 -37 -275 -166 -284 -302 -180 -557 -85 -198 -32 -304 -282 354 -594 -189 -319 -415 -59 -566 -367 -96 -34 222 -83 -406 0
174 -530 -585 -489 -549 -152 -319 -566 -406 -59 -34 222 -7 -575 -454 -444 0
-304 -305 -437 -204 -460 -526 -102 -26 -89 -338 -454 -77 -575 -7 -388 -466 -47 -411 -380 -43 -430 -37 -275 -166 -284 -302 -180 -557 -85 -198 -32 173 -282 354 -594 -189 -319 -415 -59 -566 -367 -96 -34 222 -83 -406 0
-528 -523 -430 -43 -77 -338 -319 -204 -566 -353 -447 138 -19 -367 -96 -466 -102 -411 -526 -402 -380 -460 -59 -517 -572 -32 -26 -89 -454 -575 -7 -388 -47 -275 -166 -284 -302 -180 -85 173 -282 -594 -415 -34 222 -83 -406 0
-304 -28 -96 -466 -402 -437 -204 -460 -526 -102 -26 -89 -338 -454 -77 -575 -7 -388 -47 -411 -380 -43 -430 -37 -275 -166 -284 -302 -180 -557 -85 -198 -32 173 -282 354 -594 -189 -319 -415 -59 -566 -367 -34 222 -83 -406 0
-128 173 -32 -96 -466 -204 -460 -526 -102 -26 -89 -338 -454 -77 -575 -7 -388 -47 -411 -380 -43 -430 -275 -166 -284 -302 -180 -85 -572 -282 -594 -319 -415 -59 -566 -367 -34 222 -83 -406 -353 -447 138 -19 -517 0
173 -466 -460 -526 -102 -26 -89 -338 -454 -77 -575 -7 -388 -204 -47 -411 -380 -43 -430 -275 -166 -284 -302 -180 -85 -32 -282 -594 -319 -415 -59 -566 -367 -96 -34 222 -83 -406 -572 -353 -447 138 -19 -517 0
174 -575 -26 -302 -454 -205 -406 -585 -489 -549 -152 -319 -566 -59 -34 222 -7 -284 -444 0
-575 -572 -102 -26 -454 -77 -7 -388 -204 -47 -380 -43 -284 -302 -180 -85 -594 -319 -415 -59 -566 -367 -34 222 -83 -406 -526 -353 -447 138 -19 -517 -281 -543 -237 -79 -81 -2 -172 -205 -585 -489 -444 -576 0
575 -79 -388 -47 -380 -43 -37 -77 -284 -302 -180 -557 -85 -198 -526 354 -204 -594 -189 -319 -415 -59 -566 -367 -34 222 -281 -543 -237 -102 -81 -2 -83 -406 -172 -437 -7 0
-79 -7 -102 -526 -380 -59 -34 -566 -388 -83 -26 -47 -406 -517 -231 -172 -454 -77 -367 -204 -43 -284 -302 -180 -85 -594 -319 -415 222 -353 -447 138 -19 -281 -543 -237 -81 -2 -205 -585 -489 -444 -576 0
-7 -576 -172 -83 -489 -585 -457 -517 -109 -329 -539 -373 -102 -526 -380 -59 -34 -566 -388 -26 -47 -231 -454 -77 -367 -204 -43 -284 -302 -180 -85 -594 -319 -415 222 -353 -447 138 -19 -281 -543 -237 -81 -205 -444 -406 -326 0
7 -454 -172 -406 -437 0
-222 -526 -454 -575 -7 -329 -34 -423 -353 -447 328 -136 -19 -393 0
-585 -489 -152 -575 -302 -454 -205 -406 222 174 -549 -319 -566 -59 -34 -26 -7 -284 0
174 -26 -284 -385 -42 -91 -152 -575 -302 -454 -205 -406 222 -549 -319 -566 -59 -34 -7 -373 -345 -437 0
-282 -204 -575 -526 -102 -26 -454 -47 -380 -424 -284 -180 -304 -594 -319 -59 -566 -34 -83 -406 -585 -329 344 -447 -457 -136 -423 -393 -590 -19 -172 -353 -517 328 -79 -281 0
282 -460 -526 0
-281 -304 -454 -284 -47 -447 -457 -136 -526 -423 -393 -329 -590 -19 -594 -59 -172 -353 -406 -517 -566 328 -319 -34 -585 -575 -26 -102 -380 -180 -83 344 -79 -424 0
281 -460 -526 0
-489 -204 -59 -34 -566 -83 -26 -47 -406 -517 -380 -172 -454 -231 -526 -284 -180 -594 -319 222 -353 -447 -19 -281 -585 -444 -576 -1 -457 -329 -539 -154 -326 -136 -423 -393 -590 328 0
-204 -517 -380 -460 -360 -457 -319 -226 -526 -566 -34 -59 -83 -26 -47 -406 -172 -454 -284 -180 -594 222 -353 -447 -19 -444 -576 -1 -329 -326 -136 -423 -393 -590 328 0
35 -26 -575 -7 -454 222 -63 0
517 -201 -37 -129 -526 -177 -47 -7 -460 -437 -336 -26 0
80 -394 -253 -530 -277 -290 -476 -242 -302 -470 -284 -410 -276 -154 0
-26 -180 -594 -457 -566 -454 -83 -526 -47 -447 -136 -423 -393 -329 -590 -19 -59 -172 -353 328 -319 -406 -34 -284 -575 0
26 -526 -42 -575 -91 -454 -385 0
-526 -319 -406 -172 -594 -457 -566 -454 -83 -47 -447 -136 -423 -393 -329 -590 -19 -59 -353 328 -575 -34 -284 0
-319 -575 -83 -594 -454 -566 -423 -19 -353 -447 -136 -393 328 -34 -406 -172 -457 -47 -329 -590 -59 -284 0
-575 -284 -423 -329 -454 -393 -590 -457 -594 -19 -353 -447 -136 328 -566 -83 -406 -172 -47 -59 -34 0
-222 -63 -47 -59 -34 -566 -129 -226 -423 -19 -353 -447 -136 -393 328 0
280 -281 -34 -566 -83 -47 -406 -26 -172 -454 -284 -594 -353 -447 -19 -59 -457 -329 -136 -423 -393 -590 328 0
-281 -26 -59 -284 -594 -457 -47 -34 -83 -406 -566 -172 -454 -353 -447 -19 -329 -136 -423 -393 -590 328 0
-26 -284 -59 -594 -457 -47 -566 -34 -83 -406 -172 -454 -353 -447 -19 -329 -136 -423 -393 -590 328 0
-128 -255 -566 -531 -319 -444 -549 -141 -470 -110 -242 -59 -553 -289 -129 222 0
-281 -466 -156 -388 -47 -566 -319 -444 -549 -470 -110 -242 -59 -289 -129 222 -179 -557 -277 -475 -198 -108 -526 -280 575 -454 0
-128 -409 -379 -470 -475 -242 -277 -289 -566 -531 -319 -444 -549 -141 -110 -59 -553 -129 222 0
381 -179 -557 -212 -94 -277 -466 -475 -409 0
-284 -454 -566 -59 -47 -594 -457 -34 -83 -406 -172 -353 -447 -19 -329 -136 -423 -393 -590 328 0
408 -222 -406 -594 -172 -47 -59 -34 -566 -83 -423 -19 -353 -447 -136 -393 328 0
-222 -454 -47 -566 -594 -59 -172 -406 -34 -83 -423 -19 -353 -447 -136 -393 328 0
576 -26 -91 -385 -319 -549 -152 -566 -406 -59 -62 -373 -34 -345 -172 222 -497 -454 -7 0
-460 -280 -526 0
-26 -62 -454 -406 -574 -91 -385 -319 -549 -152 -566 -59 -373 -34 -345 -172 222 -497 -7 0
253 -230 -59 354 -189 -143 -47 0
206 -194 -189 -598 -59 -156 -230 -47 -253 222 -553 -110 -141 -444 -531 0
-454 -457 -566 -59 -47 -594 -83 -406 -34 -172 -423 -19 -353 -447 -136 -393 328 -329 -590 0
-222 -574 -172 -406 -34 -594 -47 -59 -566 -83 -423 -19 -353 -447 -136 -393 328 0
576 -7 -349 0
-7 -349 -574 0
27 -90 -47 -37 -526 -130 -124 -538 -524 -385 0
454 -406 -47 -59 -83 -172 -34 -594 -566 -423 -19 -353 -447 -136 -393 328 0
-406 -83 -594 -172 -566 -590 -59 -47 -34 -423 -19 -353 -447 -136 -393 328 -329 0
-222 -81 -172 -59 -334 -47 -26 -61 -34 -423 -19 -353 -447 -136 -393 328 0
-575 -7 -585 -152 -81 -373 -3 -34 -345 222 -497 -454 -526 -574 0
-281 -142 -447 138 -19 -353 -203 -89 -102 -489 -526 -585 -280 -454 575 0
144 -457 -517 -102 -334 -89 0
-7 -454 -353 -447 138 -19 -102 -526 -590 -373 -3 -81 -26 -334 -585 -34 222 -497 -574 0
576 -454 -349 0
-454 -574 -353 -447 138 -19 -102 -526 -590 -373 -3 -81 -26 -334 -585 -34 222 -497 0
-83 328 -172 -34 -353 -447 -19 -590 -59 -423 -136 -393 -47 -594 -566 -329 0
-222 -230 -47 -59 -566 -34 -226 -423 -19 -353 -447 -136 -393 328 0
328 -594 -59 -47 -34 -423 -19 -353 -447 -136 -393 -566 -172 -590 -329 0
576 -282 -423 -393 -566 -437 -59 -172 -222 -460 -406 0
174 -395 -143 -227 -197 -89 -566 -335 -317 -59 0
173 -466 -59 -143 -47 -566 -335 -512 -227 -406 -83 -53 -594 0
344 -242 -389 -290 -47 -63 -255 -406 -143 -197 -89 -566 -335 -317 -59 -172 -512 -83 -594 -458 -590 -375 -1 0
14 -1 -83 -406 -594 -172 -19 -566 -437 -353 -47 -143 -59 -590 -375 -136 -496 -460 -100 -423 -128 -526 -222 -34 0
-221 -14 -128 -34 -222 0
226 -487 -47 -143 -424 -335 -460 -282 -34 -14 -394 -393 -198 -19 -28 -136 -225 -353 -447 -176 0
174 -176 -353 -143 -447 -136 -47 -539 -59 -329 -566 -172 -34 -454 -83 -26 -590 -594 -385 -460 -526 -100 -92 -14 -393 -19 -375 -1 -437 -406 0
142 -336 -437 -447 -353 -19 -176 -26 0
-460 -385 -47 -26 -143 -437 -447 -353 -19 -83 -406 -172 -136 -59 -329 -566 -454 -590 -594 -34 -526 -393 -423 -128 -222 -575 0
460 -437 -34 -222 -393 -353 -447 -19 -136 -566 -128 -59 -172 -406 -575 0
-437 -143 -454 -406 -83 -26 -47 -447 -353 -19 -172 -136 -59 -329 -566 -590 -594 -34 -526 -393 -423 -128 -222 -575 0
437 -128 -526 330 -26 -566 -393 -222 -454 -59 -136 -575 -353 -172 -19 -7 0
-143 -176 -447 -353 -19 -437 -26 -406 -454 -47 -172 -136 -59 -329 -566 -590 -594 -34 -526 -393 -423 -128 -222 -575 0
62 -466 -47 -241 -449 -14 -34 0
567 -466 -241 -289 -530 -207 -14 -301 -526 -283 -100 -40 -458 -92 -594 -226 -59 0
392 -283 -40 -566 -47 -594 -128 -14 -449 -385 -329 -289 -530 -353 -447 -19 -458 -423 -590 -34 -136 -172 -59 -393 -460 -343 -196 -496 0
173 -83 -47 -594 -128 -590 -329 -423 -353 -447 -59 -19 -34 -136 -460 -14 -393 -449 -172 -496 -241 -301 -526 -454 -26 -335 -566 -406 0
13 -381 -487 -517 -466 -437 -304 -281 -47 -454 -447 -576 -366 -136 -539 -423 -393 -329 -590 -26 -19 -594 -385 -59 -172 -83 -353 -79 -40 344 -7 -229 -459 -513 -92 -225 -228 -176 -321 0
352 -523 -47 -119 -170 -200 -447 -176 0
227 -266 -98 -381 -176 -353 -47 -119 -200 -447 -13 -172 -34 -528 -454 -281 -59 -517 -406 -566 -438 -345 -136 -83 -26 -385 -329 -594 -590 -539 -40 -229 -466 -304 -459 -92 -513 -225 0
-528 -16 -454 -349 -449 -7 -128 -241 -47 -443 -394 -198 -19 -28 -136 -225 -353 -447 -176 -228 -172 -34 -59 -406 -566 -438 -345 -83 -26 -329 -594 -590 -229 -14 -437 -576 -366 -423 -393 -321 -460 -526 0
-83 -176 -447 -353 -19 -594 -136 -393 -14 -454 -349 -449 -7 -128 -241 -47 -172 -34 -59 -406 -566 -26 -329 -590 -437 -576 -423 -460 -526 -496 -301 -335 0
15 -374 -566 -47 -594 -128 -136 -590 -458 -329 -289 -423 -353 -447 -59 -19 -530 -34 -222 -14 -172 -393 -284 -63 0
-14 -406 -59 -566 -447 -19 -353 -136 -393 -594 -128 -590 -329 -423 -34 -222 -172 -454 -26 -47 -7 -460 -526 -575 0
-83 -290 -242 -389 -47 -44 -594 -102 -288 -154 -437 -590 -19 -447 -345 -353 -175 -454 -406 -26 -172 -136 -59 -329 -566 -34 -526 -393 -423 -128 -222 -575 0
-406 -460 -26 -47 -594 -19 -447 -353 -454 -172 -136 -59 -329 -566 -34 -526 -393 -423 -128 -222 -575 -590 -7 0
-14 -498 -393 -423 -15 -128 -34 -222 0
-460 -128 -393 -222 -423 -34 -575 -26 -47 -594 -19 -447 -353 -454 -172 -136 -59 -329 -566 -526 -590 -7 0
343 -176 -447 -353 -19 -334 -136 -196 -517 -566 -437 0
-14 -128 -172 -59 -47 -447 -566 -353 -19 -334 -136 -196 -437 330 -26 -61 -498 -526 -34 -423 -393 -222 0
-128 -26 -393 -222 -172 -59 -47 -447 -566 -353 -19 -136 -423 -526 -34 -575 -594 -454 -329 -590 -7 0
-176 -86 -435 -123 -98 -487 -235 -203 -19 -513 -447 -225 -47 -523 -119 -200 -353 -228 -266 -381 -13 -172 -34 -528 -454 -281 -59 -517 -406 -566 -438 -345 -136 -83 -26 -385 -329 -594 -590 -539 -40 -229 -466 -304 -459 -92 -175 0
-437 -40 -285 -92 -594 -79 -228 -154 -28 -225 -513 -207 -531 -123 -291 -16 -502 -394 -390 -312 -254 -47 -142 -435 -235 -203 -19 -447 -523 -119 -200 -353 -266 -381 -13 -172 -34 -528 -454 -281 -59 -517 -406 -566 -438 -345 -136 -83 -26 -385 -329 -590 -539 -229 -459 -175 -375 -1 -426 -575 -8 -497 0
-26 -575 -594 -47 -19 -447 -172 -34 -454 -59 -566 -136 -329 -590 -353 -526 -423 -222 -7 -393 0
84 -343 -393 -423 -14 -128 -34 -222 -132 -526 -125 -1 0
42 -91 -353 -447 0
61 -301 -531 -207 -291 -284 0
127 -459 -460 -101 -585 -526 -566 -132 -59 -125 -172 -82 -406 -62 -531 -207 -284 -423 -222 0
142 -29 -59 -495 -17 -327 -47 0
-575 -7 -47 -172 -526 -34 -423 -222 -566 -353 -447 -59 -590 -454 -594 -19 -136 -329 -393 0
-128 -79 -454 575 -353 -526 -47 -540 -447 -84 -387 -207 -63 -34 -423 -14 -222 -129 0
-29 -419 -59 -390 -254 -17 -47 -143 -495 -327 0
-460 -339 -78 -145 -583 -67 -91 -424 -42 -461 -526 0
584 -203 -145 -152 -339 -487 -78 0
408 -14 -47 -353 -447 -78 -67 -526 -375 -540 -387 -34 -59 -222 -454 575 -207 -423 -129 -438 -172 0
-460 -326 -59 -566 -438 -345 -401 -3 -517 -142 -287 -334 -79 -461 -526 0
197 -237 -376 -203 -19 -353 -447 -176 -136 0
288 -100 -318 -526 -172 -14 -59 -393 -566 -136 -196 -376 -203 -19 -353 -447 -176 -79 0
25 -176 -19 -566 -447 -353 -334 -136 -345 -287 -318 -526 -172 -14 -59 -393 -376 -203 -438 -401 -461 -82 330 0
13 -225 -432 -53 -599 -228 -194 -353 -447 -176 -19 -136 -393 0
144 -420 -376 -505 -194 -189 -550 -381 -106 -353 -390 -176 -47 0
58 -495 -531 -253 -291 -327 -47 -59 -29 -143 -376 -505 -194 -189 -550 -381 -106 -353 -176 -14 -432 -53 -599 -447 -19 -136 -393 -566 0
436 -53 -594 -566 -172 -59 -531 -253 -291 -327 -47 -143 -376 -194 -106 -353 -176 -14 -432 -447 -19 -136 -393 -203 -375 -78 -91 -460 -67 -583 -461 -526 -274 -518 -345 -80 0
-460 -80 -287 -401 -59 -345 -172 -438 -594 -566 -253 -291 -47 -143 -376 -353 -176 -14 -432 -447 -19 -136 -393 -203 -375 -78 -91 -67 -526 -518 -82 -285 -125 -334 -454 575 0
144 -396 -203 -235 -253 -98 -404 -266 -442 -207 -379 -531 -106 -291 -353 -18 -176 -47 0
60 -285 -42 -353 -176 -143 -203 -253 -442 -207 -379 -291 -47 -526 -125 -280 -454 575 -287 -518 -80 -345 -438 -566 -172 0
-128 -14 -454 575 -353 -447 -19 -136 -376 -566 -59 -47 -438 -172 -594 -526 -393 -78 -67 330 -34 -423 -222 -129 0
-176 -285 -461 -566 -59 -67 -124 -353 -447 -438 -27 -19 -334 -136 -287 -318 -526 -172 -14 -393 -376 -203 -401 -82 330 -497 -175 0
343 -28 -401 -285 -426 -79 -40 -438 -353 0
Solved
