337 -225 -48 -184 -176 -188 -283 -43 -40 -202 -62 0
61 -261 -73 -281 -197 -48 0
236 -58 -328 0
48 -118 -281 -91 -352 -184 -73 -4 0
62 -126 -51 -328 -149 -288 -347 -58 -9 0
7 -191 -58 -328 -51 -149 -347 0
329 -32 -40 -43 -264 -188 -126 -288 -130 0
282 -261 -328 -40 -43 -130 -61 -51 -118 -58 -73 -349 -91 -1 0
74 -173 -214 -325 -288 -91 0
330 -214 -142 -4 -43 -40 -64 -91 -73 -352 -261 -51 -130 -58 0
93 -124 -196 -4 -61 -352 -333 -187 -43 -40 -51 -64 -67 -118 -349 -200 -171 -73 0
286 -261 -91 -196 -4 -61 -352 -333 -43 -40 -51 -64 -67 -118 -349 -200 -171 -73 -214 -174 0
-261 -61 -4 -352 -43 -40 -51 -64 -118 -349 -91 -73 -130 -58 -328 -142 -281 -1 0
-61 -40 -64 -4 -352 -51 -58 -281 -328 -349 -73 -130 -118 -91 -43 -142 -1 0
361 -281 -73 -352 -184 -4 -328 -349 -130 -43 -142 -1 -113 0
-58 -118 -236 -40 -4 -352 -51 -61 -281 -349 -73 -130 -328 -91 -43 -142 -1 0
259 -61 -43 -264 -288 -130 -361 -349 -281 -328 -236 -4 -352 -51 -40 -73 -91 -142 -1 -326 -180 0
330 -236 -113 -361 0
75 -91 -130 -361 -349 -281 -328 -4 -352 -51 -40 -73 -43 -142 -1 -113 0
329 -61 -4 -352 -43 -40 -51 -361 -113 -281 -349 -73 -130 -328 -91 -142 -1 0
330 74 -214 -91 -130 0
-91 -40 -43 -184 -4 -352 -51 -113 -281 -349 -73 -130 -328 -142 -1 0
329 -347 -73 -40 -361 -119 -69 -51 -259 -235 -130 0
-40 -51 -328 -130 -113 -73 -349 -281 -43 -184 -4 -352 -142 -1 0
260 -347 -202 -333 -4 -352 -51 -1 -69 -171 -48 -281 -73 -91 -61 0
75 -48 -184 -176 -243 -174 -31 -287 -178 0
248 -191 -1 -158 -238 -308 -252 -352 -168 0
-118 -61 -1 -158 -308 -352 -202 -218 -315 -51 -90 -31 -281 -171 -91 -73 -184 -174 -287 -261 -333 -4 -243 -349 -119 0
286 -156 -72 -334 -168 -179 -249 -210 -360 -43 -243 -188 0
50 -192 -162 -150 -30 0
-61 -315 -51 -90 -31 -18 -19 -287 -43 -243 -202 -333 -107 -4 -352 -171 -281 -73 -301 -91 -261 -1 -158 -308 -218 -184 -174 -349 -119 0
-58 -91 -4 -73 -184 -51 -31 -19 -43 -202 -107 -352 -281 -1 -308 -349 -113 -361 -130 -328 0
74 -91 -130 -328 -281 -235 0
-91 -202 -113 -328 -361 -73 -281 -130 -51 -4 -184 -31 -19 -43 -107 -352 -1 -308 -349 0
330 -69 -119 -51 -259 -328 -130 -113 -361 0
-51 -113 -130 -328 -349 -281 -73 -4 -184 -19 -43 -107 -352 -1 -308 -142 0
-91 -230 -349 -150 -130 -60 -328 -113 -361 -73 -281 -235 0
329 -347 -73 -150 -253 -230 -259 -233 -130 -60 0
346 -33 -180 -40 -150 -65 0
365 -352 -4 -73 -130 -328 -349 -184 -19 -43 -1 -142 0
5 -63 -196 -352 -48 0
160 -52 -359 -1 -248 -192 0
62 -294 -28 -160 -48 0
61 -8 -184 -48 -288 0
-63 -248 -1 -192 -28 -48 -202 -332 -146 -4 -61 -196 -352 0
330 -180 -67 -352 -142 -4 -43 -91 -73 -214 -51 -130 -260 -196 -1 -48 -146 -184 -288 -349 -171 -114 -236 0
75 -214 -130 -328 -67 -352 -142 -4 -43 -91 -73 -51 -196 -1 -184 -349 -114 0
-281 -51 -352 -184 -73 -4 -43 -91 -349 -130 -328 -142 -1 -114 -282 0
329 -170 -237 -201 0
-51 -91 -130 -328 -73 -349 -231 -1 -352 -184 -4 -43 -142 -114 -282 0
74 -48 -349 -282 -178 -184 330 -91 -130 0
75 -118 -201 -349 -69 -60 -282 -237 -91 0
259 330 -184 -91 -352 -73 -4 -282 -349 -130 -69 -60 0
330 -30 -150 -184 -349 -352 -4 -60 -69 -282 -91 -73 -130 0
-91 -282 -73 -130 -328 -184 -349 -352 -4 -231 -1 -43 -142 -114 0
46 -287 -184 -7 -95 -62 0
48 -62 -352 -197 -4 0
329 -130 -43 -184 -73 -352 -197 -4 -13 -114 -215 -68 -325 -120 -259 -235 0
149 -203 -180 -33 -150 -65 -348 -49 0
367 -43 -328 -184 -4 -349 -1 -142 -19 0
74 -91 -349 -184 -130 -4 -328 -352 -367 0
282 -309 -365 -349 0
75 -174 -282 -261 -287 -91 0
329 -91 -349 -1 -43 -184 -74 -4 -352 -367 -130 0
281 -308 -366 -349 0
-91 -130 -1 -43 -184 -4 -352 -367 -349 -328 0
-281 -130 -328 -349 -4 -184 -19 -43 -352 -1 -142 0
369 281 -349 -352 0
-130 -352 -4 -328 -43 -349 -184 -19 -1 -142 0
74 -196 -73 -281 -352 -4 -259 -367 -91 0
-196 -73 -352 -259 -367 -91 -4 -281 0
-73 -91 -367 -232 -349 -352 -281 -259 -4 0
260 -126 -286 -262 -241 -62 -197 -335 -281 -178 -91 0
47 -286 -274 -241 -142 -91 -259 -262 -281 -178 -352 -184 -4 0
-91 -281 -172 -142 -241 -349 -367 -232 -352 -184 -4 -274 -259 0
-58 -60 -235 -328 0
62 -292 -332 -235 -328 -248 -170 -347 -69 -119 -259 0
330 -33 -88 -41 -150 -347 -332 -170 -235 -328 0
180 -41 -289 -241 -270 -321 -248 -292 -347 -332 -170 -302 -235 -328 -88 -334 -209 0
50 -71 -141 -88 -154 -31 -285 -41 -191 -204 -148 -114 0
237 -129 -323 -24 -154 -31 -41 -241 -270 -321 -29 -141 -88 -285 -191 -148 -248 -347 -332 -170 -302 -235 -328 0
286 -270 -248 -347 -332 -170 -328 -235 -323 -241 -88 -191 -302 -292 -179 -289 -334 -15 -43 -94 -184 -142 -126 0
-281 -241 -328 -172 -88 -289 -43 -184 -142 -259 -367 -4 -352 -232 -349 -1 -274 0
93 -352 -197 -4 -47 -259 -74 0
-58 -235 -328 0
287 -319 -334 -264 -219 -269 -203 -35 -359 -257 -215 -241 -172 0
28 -72 -324 -289 -113 -361 -128 -42 -241 -203 -359 -14 -269 -94 -184 -189 -125 -288 -334 -264 -219 -257 -215 -172 -316 -161 0
261 -159 -172 -125 -334 -128 -288 -241 -215 -359 -192 -120 -180 -65 -203 -348 -49 -148 -68 -30 -324 -289 -113 -361 -42 -14 -269 -94 -184 -264 -257 -316 -161 -167 -7 -302 -61 0
260 -210 -43 -125 -7 -180 -61 0
204 -320 -269 -30 -359 -49 0
188 -172 -125 -334 -128 -288 -241 -215 -359 -192 -120 -180 261 -203 -348 -49 -148 -68 -30 -324 -289 -361 -14 -269 -94 -184 -264 -257 -316 -161 -167 -7 -61 -235 -64 -43 0
-352 -43 -184 -328 -289 -142 -4 -349 -1 -19 0
236 -28 -235 -328 -49 -347 -40 -319 -43 -142 -126 -261 -287 -131 0
259 -180 -43 -288 -188 -40 -126 -73 329 -281 -328 -235 0
-180 -149 -1 -190 -281 -93 -261 -43 -288 -188 -40 -126 -73 329 -328 -235 0
-288 -190 -1 -347 -281 -93 -261 -43 -40 -126 329 -328 -235 -49 -28 -319 -287 0
74 -209 -28 -190 -1 -49 -281 -180 -93 -48 0
125 -180 -131 -261 -93 -48 -75 -28 -190 -1 -49 -281 -367 -82 -174 -36 -356 -300 -184 -142 0
-180 -75 -36 -319 -43 -300 -189 -126 -131 -261 -93 -48 -28 -190 -1 -49 -281 -367 -82 -174 -356 -184 -142 0
74 -189 -70 -167 -184 -62 -287 -9 -303 -347 -261 -336 -367 -169 -93 -48 0
-62 -61 -349 -232 -131 -80 -261 -70 -167 -184 -287 -367 -319 -43 -1 -49 -356 -142 -40 -328 -235 -196 -161 -347 0
259 -131 -347 -235 -349 -328 -232 -40 0
124 -43 -328 -288 -264 -180 260 -125 -7 -331 0
126 -184 -48 -62 0
330 -200 -253 -49 -366 -351 -369 -235 -148 -131 0
-130 -294 -331 -48 -166 -334 -343 -31 -288 329 -264 -188 -43 -233 -88 -131 0
-43 -233 -48 -361 -49 -114 -366 -369 -62 -331 -166 -334 -343 -31 -288 329 -264 -188 -88 -131 -208 0
-130 -349 282 -369 -73 -253 -347 -259 329 -60 -119 -361 -235 -40 -131 0
186 -347 -48 -62 -31 -361 -49 -369 282 -73 -253 -259 329 -60 -119 -235 -131 -331 -166 -334 -288 -264 -188 -208 0
-328 -188 282 -119 -49 -369 -131 -334 -48 -62 -31 -73 -253 -259 -235 -288 -264 -145 -208 -302 -148 -171 0
124 -40 -295 -31 -79 -43 -264 -188 0
-40 -43 -208 -31 -295 -264 -79 -334 -48 -62 -125 -188 0
46 -283 -351 -211 -31 -373 -295 -208 -79 -43 -264 -188 -125 -48 -62 0
-43 -355 -148 282 -253 -234 -211 -261 -281 -73 -48 -62 -31 -125 -295 -264 -79 -334 -373 -208 -188 0
350 -203 -49 -28 -256 -292 -94 -208 -184 -284 -373 -177 0
50 -35 -222 -208 -153 -292 -69 -28 0
-188 -49 -208 -48 -31 -334 -264 -148 282 -253 -261 -281 -73 -288 -369 -259 -235 -145 -171 0
-49 -145 -148 -253 -369 -235 -48 -261 -281 -73 -171 -288 -208 -31 -334 -264 282 -259 0
350 -354 -304 -94 -235 -369 -184 -65 -82 -373 -348 -234 0
249 -340 -234 -119 -351 -304 -94 -235 -369 -184 -65 -82 -373 -166 0
-259 -281 -261 -74 -180 0
92 -88 -198 -369 -5 -130 -281 -363 -331 -329 -235 0
42 -369 -375 -329 -130 -118 -281 -235 -74 -91 -198 -5 -331 -32 0
40 -285 -175 -32 0
288 -126 -264 -188 -74 0
-40 -324 -167 -352 -71 -5 -146 -332 -293 -209 -295 124 -31 -79 -264 -188 -42 0
124 -31 -293 -209 -66 -175 -32 -167 -5 -146 -162 -264 -188 -369 -13 -171 -335 -306 -60 -330 -243 -174 -288 0
-31 -174 -330 -91 75 -375 -261 -288 -126 -293 -209 -66 -175 -32 -167 -5 -162 -264 -188 -369 -13 -335 -306 -60 -243 0
132 -330 -126 -288 -264 -306 -91 75 -375 -261 -293 -209 -66 -175 -32 -167 -5 -162 -188 -369 -13 -335 -60 0
41 -268 -233 -350 -281 -162 -198 -28 -352 -50 -5 -146 -332 -293 -209 -45 0
208 -28 -162 -317 -293 -35 0
75 -369 -375 -130 -118 -281 -235 -74 -91 -198 -5 -32 -293 -175 -209 -162 -300 -264 -188 -126 -261 -13 -335 -301 0
-369 -375 -91 -235 -281 -130 -13 -74 -118 -198 -5 -32 -293 -175 -209 -162 -300 -264 -188 -126 -261 -335 -301 0
Solved
