431 -421 -250 -40 -319 -190 -31 -382 -196 0
-421 -319 -250 -40 -190 -31 -382 -196 -430 0
32 -301 -250 -30 -190 -382 0
-301 -30 -250 -190 -382 -31 0
44 -142 -190 -31 -10 -382 -73 -430 -358 -196 -250 -19 -424 -40 0
189 -31 -382 -190 0
291 -31 -382 0
302 -298 -250 0
430 -198 -441 0
-198 -441 -432 0
20 -217 -241 -328 -259 -322 -96 -48 -109 -99 0
42 -23 -99 -241 -395 -48 -82 -358 -34 -432 -125 -1 -421 0
4 -219 -241 -87 -392 -12 0
300 -99 -12 -241 -125 -276 -143 -28 -40 -395 -48 -82 -358 -432 -1 -320 -302 -250 0
6 -328 -241 -379 -115 0
29 -115 -99 -241 -379 -125 -426 -143 -395 -48 -82 -358 -34 -432 -1 -40 -24 0
441 -125 -241 -379 -12 -99 -54 -40 -28 -143 -395 -48 -82 -358 -34 -432 -1 -24 -351 0
126 -227 -54 -241 -12 -328 -5 0
98 -328 -351 -379 -241 -125 -54 -12 -417 -48 0
5 -226 -241 -328 -54 -379 -12 0
-328 -417 -379 -125 -54 -12 -241 -48 -99 -351 0
41 -237 -262 -432 -60 -441 -143 -1 -125 -379 -54 -12 -241 -48 -99 -351 -136 0
384 -358 -262 -1 -379 -241 -40 -250 -189 -291 -190 -31 0
46 -4 -241 -328 -379 -350 -98 0
53 -85 -328 -241 -354 -277 -358 -431 -126 -1 -321 -298 -40 -250 -19 0
243 -123 -258 -417 -138 -228 -401 -217 0
124 -23 -275 -4 -45 -379 -85 -328 -241 -258 -417 -138 -228 -262 -436 -321 -423 -144 0
10 -328 -241 -379 -350 -1 -126 -275 -258 -262 -321 -144 -40 -250 -358 -431 -298 -98 -47 0
125 -77 -379 -59 -328 -144 0
-328 -47 -379 -241 -350 -98 -126 -144 -427 -82 -11 -1 -275 -258 -262 -321 -40 -250 -358 -431 -298 0
12 -371 -58 -427 -82 0
445 -241 -40 -1 -379 -262 -382 0
42 -355 -180 -304 -327 -33 -291 -299 -302 -34 -422 -43 0
251 -358 -37 -275 -43 -40 -180 -304 -33 -291 -422 -96 -198 -75 -168 -445 0
45 -298 -404 -397 -348 -168 -103 -37 -192 -33 -445 -284 -83 -358 -428 -278 -75 -108 -96 -128 -22 0
257 -418 -157 -362 -397 -138 0
188 -170 -108 -310 -198 -35 -257 -192 -103 0
104 -33 -291 0
103 -33 -291 0
-358 -298 -198 -192 -168 -96 -362 -397 -144 -278 -422 -109 -40 -43 -404 -348 -37 -33 -445 -284 -83 -108 -428 -75 -128 -252 -275 -180 -304 -291 0
187 -137 -256 -396 -192 -168 0
358 -189 -144 -168 -201 -192 -428 -108 -40 -43 -109 -278 -96 -198 -83 -75 0
-5 -12 -40 -445 -201 -440 -328 -241 126 -422 -350 -382 0
-33 -105 -291 0
44 -52 -19 -107 -40 -24 0
21 -75 -44 -94 -425 -277 -440 0
42 -24 -44 -28 0
-12 -440 -40 -382 -350 -241 -328 -379 -445 126 -422 0
43 -256 -155 -431 -228 -440 -219 -425 -87 0
45 -224 -353 -47 -98 -54 -431 -440 -425 -40 0
324 -260 -212 0
24 -96 -279 -324 -311 -275 -251 -107 0
126 -328 -382 -445 -241 -40 -379 -1 0
383 -291 -33 0
441 -99 -379 -328 -241 -351 -126 -20 -1 0
-291 -33 -251 -169 -107 -34 -379 -328 -241 -126 -20 -1 -382 -445 0
291 -352 -241 -379 -328 -126 -85 -1 -382 0
196 -441 -73 -359 0
-115 -4 -241 -379 -328 0
351 -352 -328 -85 -126 -241 -1 0
94 -251 -85 -126 -241 -379 -1 -382 -328 -107 -34 -20 -445 0
329 -4 -189 -275 -168 -379 -241 -126 0
289 -302 -445 -251 -33 -29 0
-33 -291 -275 -379 -241 -328 -126 -445 -251 -29 -34 -20 -1 -382 0
97 -279 -109 -20 0
291 -97 -379 -328 -382 -241 -126 -85 -1 0
-4 -439 -424 -328 -1 -379 -350 -6 -241 0
23 -85 -424 -328 -1 -379 -241 -127 -20 -382 -126 -445 -29 -34 -109 0
-291 -441 -108 -4 -34 -379 -126 -20 -328 -382 -241 -289 0
350 -4 -108 -382 -34 -379 -126 -20 -328 -241 -289 -1 0
-291 -105 -382 -289 0
351 -424 -328 -20 -382 -241 -379 -126 -85 -1 -289 0
-291 -108 -126 -34 -379 -20 -328 -382 -241 -289 -351 -1 0
41 -45 -379 -126 -328 -241 -1 -445 -382 0
-289 -4 -126 -379 -241 -328 -382 -291 0
-105 -439 -45 -328 -1 -379 -4 -241 -97 -382 -103 -291 0
-20 -4 -45 -241 -328 -379 -126 -1 -382 -291 -21 0
-105 -302 -423 -126 -1 -349 -445 -103 -291 0
330 -277 -110 42 -28 -45 -424 -353 0
-4 -291 -126 -379 -328 42 -45 -1 -382 -241 -445 0
-105 -167 -276 -23 -441 -426 -218 -45 -97 -10 -354 -445 -382 -423 -126 -1 -302 -103 -291 0
-291 -45 -382 -445 -126 -1 -241 -328 -379 42 0
-4 -45 -379 -328 -241 -262 42 -126 291 -1 -382 0
166 -210 -216 -347 -35 -224 -279 -251 -107 -95 -23 -276 -37 -188 0
-45 -328 -379 -1 -382 -241 -262 -40 0
104 -416 -328 -426 -20 -241 -98 -126 -1 -379 -4 0
329 -12 -87 -4 -379 -241 -126 0
-4 -291 -445 -29 -87 -379 -241 -328 -126 -20 -422 -1 -382 -24 -426 -129 0
-105 -401 -36 -441 -426 -111 -276 -20 -354 -37 -97 -351 -187 -445 -382 -103 -291 0
323 -261 -213 0
274 -95 -312 -278 -252 -108 -323 -24 0
-291 -24 -87 -241 -445 -382 -36 -426 -111 -20 -422 -328 -1 -126 -29 -379 -129 0
-4 -129 -328 -426 -20 -241 104 -126 -1 -379 -98 0
308 -236 -401 -418 -364 0
-328 -379 -1 -382 -241 -40 -262 0
-105 -20 -241 -218 -117 -99 -12 -351 -382 -291 0
242 -87 -218 -12 -54 -445 -276 -33 -29 -393 -291 0
97 -276 -218 -241 -445 -12 -33 -393 -291 -352 -40 -48 -20 0
440 -65 -156 -432 -424 0
243 -20 -40 -12 -441 -156 -432 -424 -128 -415 -218 0
-4 -354 -167 -291 -382 -97 -241 -379 -328 -5 0
-105 -354 -85 -10 -351 -382 -103 -291 0
-328 -97 -382 -241 -449 -379 -219 -392 -167 -291 -85 -103 -116 -5 -329 0
187 -38 -167 0
-105 -424 -417 -167 -2 -85 -116 -20 -5 -97 -382 -103 -291 0
6 -299 -54 242 -276 -33 -445 -291 -85 -352 -351 0
-97 -379 -241 -219 -5 242 -291 -167 -2 -20 0
-33 -379 -241 97 -12 -393 -291 -20 -54 242 -143 -167 0
189 -396 -167 -82 0
Solved
