547 -249 -504 -309 -158 -47 -398 0
157 -176 -342 -443 -546 -86 -7 -421 -47 0
46 -225 -60 -49 -546 -97 -342 -415 -421 -398 -302 0
240 -504 -61 -443 -86 -7 -421 -47 -49 -97 -415 -260 -70 -182 -392 -369 -256 -266 -343 -123 -262 0
279 -97 -4 0
300 -121 -262 -151 -238 0
-121 -262 -238 -151 -298 0
301 -94 -298 -369 -151 -238 -436 -224 -500 -156 -58 -383 -259 -580 -267 0
262 -252 -535 -74 -87 -105 -444 -564 -70 -182 -64 -146 -122 0
239 -70 -369 -182 -580 -94 -267 -263 -238 -151 -298 -535 -74 -444 -564 -445 -246 -156 -14 -334 -355 -352 -574 -558 0
72 -271 -104 -226 -259 -564 -505 -182 0
99 -156 -580 -58 -564 -182 -390 -267 -334 -355 -298 -151 -238 -369 -74 -444 -445 -352 -558 -303 -436 -500 -567 -330 -279 -25 -4 0
299 -17 -390 -67 -202 -205 -297 -444 -327 -564 -93 -182 -369 -145 -558 -391 -238 -355 -352 -151 0
262 -259 -580 -58 -481 -50 -156 -391 -355 -151 -298 -390 -67 -202 -205 -297 -444 -327 -564 -93 -182 -369 -558 -238 -352 -303 0
85 -235 -202 -381 -327 -481 -67 -492 -453 -444 0
153 -297 -327 -564 -444 -202 -381 -481 -67 -500 -384 -459 -156 -369 -309 -469 -391 -94 -355 -352 -558 -262 -298 -238 0
48 -157 -298 -352 -580 -205 -415 -97 -445 -436 -25 -4 -421 -342 -546 -398 -355 -7 0
147 -67 -258 -97 -351 -415 -4 -222 -14 -392 -155 0
239 -369 -4 -234 -97 -149 -359 -236 -415 -205 -155 -398 -330 -292 -14 -258 -67 -351 -546 -153 0
151 -244 -445 -225 -25 -49 -4 -97 -415 -398 -258 -375 -351 0
393 -189 -436 -16 -580 -258 -351 -153 -445 -25 -4 -97 -415 -398 -14 -155 -147 -123 -262 -238 -234 -149 -359 -236 -205 -330 -292 -67 -546 0
300 -16 -258 -153 -398 -238 -415 -262 -222 -436 -351 -580 -445 -25 -4 -97 -155 -234 -359 -236 -205 -330 -292 -546 -390 -355 0
358 -337 -292 -546 -68 -342 -390 -74 -475 -473 -180 -101 0
562 -238 -155 -292 -546 -475 -234 -205 -25 -4 -222 -97 -415 -398 -177 -258 -351 -355 -352 -153 -298 -342 -262 -436 -580 -445 -302 -421 -444 0
-151 -183 -436 -546 -308 -342 -475 -155 -580 -258 -97 -351 -415 -4 -222 -370 -355 -352 -262 -489 -298 -238 -153 0
392 -147 -444 -36 -237 -288 -352 -342 -205 -298 -183 -155 -367 -355 -537 0
13 -225 151 -25 -445 -4 -97 -415 -398 -258 -351 -155 0
-147 -183 -342 -421 -155 151 -25 -445 -4 -97 -415 -398 -258 -351 -355 -391 -444 -352 -205 -298 0
-238 -153 -342 -580 -355 -262 -155 -421 -25 -445 -4 -97 -415 -398 -258 -351 -444 -352 -205 -298 -222 -436 -308 -475 -370 -546 -563 -292 -234 -177 -302 0
391 -237 -444 -563 -181 -368 -147 0
154 -566 -279 -4 -237 -444 -563 -181 -374 -147 0
562 -244 -445 -25 -4 -566 -234 -421 -360 -237 -444 0
235 -333 -413 -4 -421 -360 -566 -444 -234 0
6 -384 -473 -499 -73 -95 -537 -279 -566 -97 0
-153 -444 -262 -97 -4 -580 -421 -234 -563 -445 -25 -155 -258 -351 -415 -222 -355 -352 -342 -298 -546 -398 -205 -436 -308 -475 -370 -292 -177 -302 0
237 -267 -151 -298 -262 -258 -566 0
5 -224 -546 -384 -342 -15 -445 -25 -4 562 -234 -421 -360 -444 -151 -298 -262 -258 -580 -451 -93 -415 -97 0
392 -182 -398 -415 -97 -4 -546 -384 -342 -15 -445 -25 -234 -421 -360 -444 -151 -298 -262 -580 -177 -87 -563 -258 -147 0
391 -147 -563 -444 -342 -240 -546 -580 -258 -4 -398 -97 -122 -415 -262 -222 0
6 -566 -59 -224 -258 -71 -279 -580 -97 0
565 -259 -150 -580 -441 -380 -122 -499 -470 -94 -177 -368 -360 -87 -532 -444 -445 -246 -556 -15 -258 -71 -51 0
123 -537 -360 -87 -444 -237 -413 -4 -421 -566 -234 -563 -445 -25 -15 -51 -384 -499 -94 -470 -262 0
-566 -413 -444 -436 -15 -302 -262 -580 -122 -87 -4 -421 -234 -563 -445 -25 -499 -258 -147 392 -183 -352 -342 -205 -298 -155 -355 -150 -177 -556 -71 -415 -97 -59 0
566 -258 -398 -97 -415 -4 0
-147 -240 -436 -444 -302 -262 -580 -122 -87 -4 -421 -234 -563 -445 -25 -15 -258 392 -352 -342 -205 -298 -155 -355 -150 -177 -415 -97 -546 -398 -151 0
-262 -481 -546 -342 -94 -155 -436 -444 -302 -580 -4 -421 -234 -563 -445 -25 -258 -352 -205 -298 -355 -177 -415 -97 -398 -151 -391 -351 -222 -308 -475 -370 -292 0
5 -151 -298 -355 -563 -546 -444 -342 -421 -302 -155 -436 -580 -4 -234 -445 -25 -258 -352 -205 -177 -415 -97 -398 -351 -222 -308 -475 -370 -292 0
-262 -151 -546 -155 -563 -444 -580 -258 -4 -398 -97 -415 -222 -298 -436 -302 -421 -234 -445 -25 -352 -205 -355 -177 -342 -351 -308 -475 -370 -292 0
349 -444 -298 -258 -97 -351 -415 -4 -222 -155 -580 -563 -546 -355 -342 -421 -302 -398 -436 -234 -445 -25 -352 -205 -177 -308 -475 -370 -292 0
-444 -302 -342 -421 -546 -580 -355 -155 -25 -445 -4 -97 -415 -398 -258 -351 -352 -205 -298 -222 -436 -308 -475 -370 -563 -292 -234 -177 0
-238 -147 -499 -279 -483 -237 -580 -308 -87 -155 -258 -355 -352 -326 -487 -351 -298 -262 -151 -239 0
256 -392 -355 -222 -298 -415 -151 -398 -351 0
6 -548 -331 -445 -14 -398 -415 -566 -97 -25 0
384 -94 -262 -147 -499 -155 0
152 -368 -445 -59 -73 -155 -262 -147 -499 -205 -580 -308 -237 -392 -234 -222 -483 -415 -97 -25 -4 -331 -398 -566 -177 -87 -355 -352 -298 0
-392 -147 -97 -415 -262 -181 -222 -4 -355 -298 -151 -445 -59 -73 -155 -499 -205 -580 -308 -237 -234 -483 -25 -331 -398 -177 -87 -352 -556 -258 -351 0
264 -218 -530 -449 -580 -326 -470 -266 -513 -122 -94 0
582 -179 -467 -360 -517 -276 -252 -398 -407 -548 -271 -504 -505 -226 -457 -259 0
5 -67 -292 -580 -467 -360 -398 -271 -122 -470 -262 -326 -513 -10 -331 -41 -445 -216 -258 -368 -15 -532 -237 -384 -375 -234 -483 -279 -97 -25 0
-147 -151 -73 -331 -398 -483 -258 -237 -415 -181 -329 -97 -25 -59 -580 -4 -292 -467 -360 -262 -326 -513 -10 -445 -234 -352 -389 -298 -155 -355 -222 -394 -499 -205 -308 -177 -87 -351 -487 -239 0
6 -382 -483 -279 -566 -97 -71 -258 -59 -580 0
-151 -262 -355 -222 -483 -415 -97 -4 -258 -59 -580 -181 -155 -73 -331 -398 -237 -329 -25 -292 -467 -360 -298 -326 -513 -10 -445 -234 -352 -389 -394 -499 -205 -308 -177 -87 -351 -487 -239 0
151 -483 -279 -234 -4 -237 -566 -258 -351 -239 0
-157 -398 -415 -97 -4 -445 -436 -25 -355 -352 -298 -580 -292 -10 -394 -205 -546 -342 -421 -475 -370 -7 -46 0
545 -392 -327 -80 -155 -310 -4 -444 -147 -237 -563 -19 -352 -151 -537 -390 -298 -86 -355 5 -546 -342 -421 -436 -580 -234 -445 -25 -258 -205 -415 -97 -398 -351 -475 -370 -292 -512 -368 -46 -7 0
-392 -351 -444 -147 -237 -563 -355 -72 -298 -66 -151 -262 -240 -546 -327 -80 -155 -310 -4 -19 -352 -537 -390 -86 5 -342 -421 -436 -580 -234 -445 -25 -258 -205 -415 -97 -398 -368 -475 -370 -292 -512 -46 -7 0
34 -271 -394 -205 -288 0
392 -563 -546 -444 -342 -445 -25 -4 -384 -234 -421 -151 -298 -262 -258 -580 5 -415 -97 -394 -205 -390 -475 -537 -86 -352 -359 -155 -355 -147 0
-237 -155 -151 -7 -444 -147 -355 -298 -262 -80 -546 -4 -352 5 -342 -421 -436 -580 -234 -445 -25 -258 -205 -415 -97 -398 -368 -475 -370 -292 -46 -384 -394 -557 -236 0
393 -499 -342 -546 -94 -60 -469 -224 0
-155 -147 -444 -342 -546 -580 -355 -25 -445 -4 -97 -415 -398 -258 -352 -205 -298 -436 -475 -370 -292 -234 -7 -80 -46 -384 -262 -151 -557 -421 5 -368 -394 -236 0
-147 -444 -80 -355 -175 -580 -421 -266 -342 -262 -151 -298 -546 -398 -7 -384 -46 -25 -445 -4 -97 -415 -258 -352 -205 -436 -475 -370 -292 -234 -557 5 -368 -394 -236 0
154 -239 -342 -546 -501 -151 -384 -375 0
5 -151 -546 -7 -46 -342 -262 -80 -355 -175 -580 -421 -266 -298 -398 -25 -445 -4 -97 -415 -258 -352 -205 -436 -475 -370 -292 -234 -557 -368 -394 -236 -482 0
-224 -392 -342 -546 -94 -499 -469 -60 -225 0
-392 -302 -421 -436 -236 -580 -258 -351 -445 -25 -4 -97 -415 -398 -238 -155 -147 -123 -262 -234 -205 -330 -292 -67 -546 -444 -87 -355 -352 -298 -151 -60 -342 -94 -499 -225 0
-155 -147 -202 -235 -481 -421 -342 -499 -546 -94 -60 -225 -381 -436 -236 -580 -258 -445 -25 -4 -97 -415 -398 -238 -262 -234 -205 -330 -292 -355 -352 -298 -151 -222 -475 -370 -350 -7 -46 -154 0
155 -444 -352 -381 -202 -235 -481 -298 -94 -469 -355 -499 -421 -342 -546 -60 -225 -7 -80 -46 -15 0
-151 -236 -342 -546 -436 -421 -580 -258 -445 -25 -4 -97 -415 -398 -262 -234 -205 -292 -355 -352 -298 -475 -370 -350 -7 -46 -80 -557 -175 -266 -368 -394 -482 0
356 -50 -415 -97 -4 -566 -69 -482 -390 -13 0
278 -97 -4 0
-421 -398 -546 -436 -151 -580 -258 -445 -25 -4 -97 -415 -342 -262 -234 -205 -292 -355 -352 -298 -475 -370 -350 -7 -46 -80 -557 -266 -368 -394 -10 0
-398 -499 -580 -262 -151 -298 -546 -155 -342 -436 -258 -445 -25 -4 -97 -415 -234 -205 -292 -355 -352 -475 -370 -7 -394 -10 -50 -567 -399 0
95 -238 -155 -47 -444 -352 -7 -236 -298 -222 -556 -151 -392 -536 -262 0
-238 -392 -349 -546 -151 -342 -499 -262 -94 -155 -47 -444 -352 -236 -298 -222 -556 -7 -536 0
-392 -444 -381 -79 -202 -94 -262 -147 -355 -352 -298 -151 -155 -349 -47 -342 -7 -546 -499 -236 -222 -556 -536 0
392 -147 -205 -298 -367 -355 -151 0
444 -236 -481 -234 0
-392 -47 -7 -546 -155 -349 -151 -342 -499 -262 -94 -444 -352 -236 -298 -222 -556 -536 -381 -79 -202 -355 0
-499 -262 -151 -298 -155 -355 -205 -546 -342 -7 -352 -222 -381 -234 -567 -258 -580 -436 -445 -25 -4 -97 -415 -292 -475 -370 -394 -10 -50 -399 0
-566 -236 -382 -151 -298 -262 -258 -580 -50 -567 0
-236 -392 -205 -182 -222 -7 -355 -298 -151 -238 -262 -155 -444 -352 -258 -97 -415 -4 -382 -580 -50 -567 0
236 -444 -436 -151 -580 -258 -445 -25 -4 -97 -415 -342 -262 -234 -205 -292 -355 -352 -298 -475 -370 -7 -394 -10 -399 -567 -546 0
-444 -262 -205 -298 -355 -151 -258 -182 -222 -7 -238 -155 -352 -97 -415 -4 -382 -580 -50 -567 -436 -445 -25 -342 -234 -292 -475 -370 -394 -10 -399 -546 0
-262 -234 -567 -50 -205 -298 -355 -151 -258 -222 -7 -155 -352 -97 -415 -4 -580 -436 -445 -25 -342 -292 -475 -370 -394 -10 -399 -546 -381 0
544 -499 -67 -149 -460 -355 -151 -298 -121 -469 -481 -266 -94 -444 -580 -83 -423 -259 -342 -59 0
340 -563 -444 -423 -182 0
146 -70 -475 -93 -202 -547 -266 -580 -259 -481 -384 -444 -355 -151 -298 -121 -94 -342 -546 -301 -350 -46 -312 -7 -225 -222 -392 -205 -368 -534 0
565 -392 -259 -298 -580 -355 -155 -145 -475 -93 -202 -481 -444 -151 -94 -342 -546 -301 -7 -222 -121 -205 -399 -258 -236 -50 0
48 -499 -481 -342 -151 -546 -349 -155 -7 0
341 -415 -546 -155 -262 -151 -342 -392 -499 -94 -444 -352 -236 -298 -222 -355 -7 -258 -580 -205 -97 -4 0
240 -382 -94 -499 -155 -262 -258 -97 -222 -415 -4 -351 -392 -355 -298 -151 0
152 -50 -262 -151 -298 -236 -258 -580 -382 -155 -355 -375 -351 0
-147 -556 -7 -546 -155 -262 -151 -342 -392 -499 -94 -352 -236 -298 -222 -444 -202 -355 -48 -415 -181 -351 -258 -580 -382 -481 0
-382 -59 -4 -97 -258 -580 -415 -499 -222 -94 -48 -392 -262 -181 -155 -7 -546 -151 -342 -352 -236 -298 -444 -355 -351 -239 0
-398 -240 -262 -222 -342 -444 -546 -580 -258 -4 -147 -97 -48 -415 391 -122 0
153 -147 -546 -155 -262 -151 -342 -392 -499 -94 -444 -352 -236 -298 -222 -355 -258 -580 -4 -7 -97 -48 -415 -239 0
46 -181 -557 -444 -123 -236 -266 -151 -298 -262 -258 -566 -580 -259 -59 -392 -49 -222 -97 -415 -398 0
558 -225 -351 -392 -147 -355 -80 -298 -151 -262 -546 -563 -155 -4 -352 -86 -342 -421 -436 -580 -258 -205 -415 -97 -398 -368 -370 -46 -7 -523 -67 -594 -59 -444 -389 -49 -513 -566 -236 0
393 -566 -342 -546 -499 -392 -580 -94 -151 -298 -262 -258 -236 -557 -351 -147 -355 -80 -563 -155 -4 -352 -86 -421 -436 -205 -415 -97 -398 -368 -370 -46 -7 -523 -67 -594 -59 -444 -389 -49 -513 -308 0
-415 -222 -444 -392 -342 -546 -499 -580 -94 -151 -298 -258 -236 -355 -155 -4 -352 -205 -97 -7 -262 0
-382 -302 -355 -352 -258 -298 -262 -444 -151 -94 -236 -580 -155 -351 -499 -481 -566 -51 -384 0
152 -556 -302 -580 -259 -342 -546 -444 -224 -236 -392 -295 -369 -79 -258 -351 0
299 -67 -549 -379 -444 -202 -236 -580 -499 -566 -351 -158 -302 -94 -258 -262 -369 -147 -392 -599 -355 -352 0
47 -147 -546 -94 -499 -259 -392 -580 -369 -151 -298 -262 -258 -566 -236 -444 -295 -351 -549 -379 -202 -342 -599 -355 -352 -155 -51 -481 0
391 -157 -549 -562 -481 -352 -444 -298 -236 -151 -566 -351 -258 -369 -147 0
235 -360 -566 -4 -444 -234 -342 -181 -562 0
-147 -549 -546 -94 -499 -259 -151 -262 -298 -580 -258 -566 -236 -4 -444 -369 -351 -51 -150 -355 -392 -342 -481 -352 -155 -48 -295 -379 -202 -599 0
147 -566 -236 -258 -369 -392 0
-222 -4 -262 -342 -546 -444 -392 -355 -298 -236 -151 -155 -258 -94 -499 -580 -352 -205 -97 -7 0
-4 -97 -155 -580 -258 -355 -352 -298 -151 -262 -94 -499 -342 -546 -392 -7 -236 -205 -444 0
356 -598 -298 0
-598 -355 -298 0
237 -439 -389 -444 -538 -461 -149 -205 -592 -7 -546 -342 -4 -499 -277 -94 -262 -471 -155 -457 -239 -151 -298 -147 -580 -557 -532 -258 -566 0
393 -499 -444 -236 -389 -461 -149 -7 -546 -342 -566 -94 -262 -155 -239 -151 -298 -147 -580 -557 -258 -355 -392 -368 0
391 -147 -236 -239 -262 -368 -557 0
499 -147 -155 -580 -262 -266 -239 -151 -298 -546 -342 0
235 -225 -374 -67 -14 -4 -277 -80 -511 -566 -444 0
-147 -155 -86 -444 -80 -14 -262 -342 -239 -566 -557 -236 -374 -67 -580 -266 -123 -389 -461 -149 -7 -546 -151 -298 -258 -355 -392 -368 0
512 -279 -258 -14 -222 147 -4 -351 -67 -392 -155 -92 -452 -483 -86 -444 0
-567 -563 -488 -479 -542 -398 -92 -483 -4 -511 -258 -14 -222 147 -351 -67 -392 -155 -452 -86 -444 -260 -59 -413 -262 -151 -298 -236 -580 -566 0
500 -260 -483 -444 -236 -4 -488 -479 -398 -511 -258 -14 147 -351 -67 -392 -155 -86 -262 -151 -298 -580 -566 -502 -7 -546 -342 0
-155 -546 -488 -158 -236 -86 -444 -342 -398 -258 -14 -351 -67 -392 -262 -151 -298 -580 -566 -7 -42 -266 -80 -123 -374 -239 -557 -389 -461 -149 -355 -368 0
442 -471 -151 -262 -298 -566 -557 -359 -236 -86 0
340 -302 -7 -47 -546 -422 0
237 -563 -436 -398 -158 -47 -86 -181 -342 -7 -546 -422 -262 -457 -239 -580 -566 -557 -151 -298 -258 0
-147 -47 -123 -575 -389 -398 -266 -342 -7 -546 -4 -239 -566 -557 -236 -436 -158 -86 -262 -580 -151 -298 -258 -444 -359 -368 -392 -146 0
235 -546 -342 -239 -7 -47 -302 -557 -444 0
443 -531 -116 -16 -42 -398 -302 -158 -488 -47 -183 -342 -7 -546 0
341 -16 -453 -4 -277 -479 -540 -481 -234 -220 -342 -546 -47 -443 -7 -421 -86 -398 -158 -389 -302 -499 0
-546 -398 -7 -342 -86 -158 -389 -151 -262 -298 -566 -557 -236 -444 -42 -488 -239 -580 -266 -123 -392 -258 -575 -368 -14 -351 -67 -80 -374 -461 -149 -355 0
154 -181 -374 -67 -14 -4 235 -225 -566 -444 -147 -80 -237 0
17 -160 -189 -436 0
483 -543 -82 -189 -436 -55 -457 -580 -60 -225 -415 -51 -98 -383 -374 -278 0
48 -499 -374 -67 -14 -4 235 -80 -225 -566 -444 -82 -189 -436 -457 -580 -60 -415 -488 -147 -154 0
340 -471 -4 -123 -66 -42 -488 -415 -262 -398 -47 -374 -67 -14 235 -80 -225 -566 -444 -82 -189 -436 -457 -580 -60 -147 -237 -389 0
46 -147 -512 -80 -14 -414 -86 -182 -415 -563 -398 -158 0
-147 -593 -4 -374 -67 -14 -80 -566 -444 -580 -189 -436 -60 -488 -237 -47 -86 -398 -158 -342 -123 -66 -42 -262 -389 -368 -221 -392 -236 -239 -557 0
-351 356 -566 -342 -580 -123 -392 -262 -236 -258 -374 -444 -189 -488 -86 -42 -239 -151 -298 -575 -461 -355 -350 0
-47 -415 -189 -436 -18 -123 -575 -389 -147 -266 -342 -398 -546 -4 -239 -566 -557 -236 -158 -86 -262 -580 -151 -298 -258 -444 -368 -392 -146 -302 -46 0
-415 -46 -444 -436 -302 -18 -189 -342 -374 -546 -9 -123 -575 -389 -147 -266 -398 -4 -239 -566 -557 -236 -158 -262 -580 -151 -298 -258 -368 -392 -146 -86 0
-46 -383 -374 -342 -546 -469 -262 -147 -580 -266 -239 -151 -298 -260 -398 -4 -444 -436 -302 -18 -189 -9 -123 -575 -389 -566 -557 -236 -158 -258 -368 -392 -146 -86 0
237 -147 -86 -444 -262 -342 -239 -566 -236 -374 -580 -123 -389 -461 -149 -14 -151 -298 -258 -355 -392 -575 -189 -9 0
397 -156 -14 -4 -566 -444 -374 -147 -181 -237 -389 -342 -9 -546 -239 -392 -236 -262 -258 0
48 -546 -389 -342 -69 -9 -580 -4 -374 -258 -14 -566 -444 -147 -237 -239 -392 -236 -262 0
483 -415 -203 -98 -386 -278 0
-415 -398 -14 -4 -566 -444 -374 -147 -181 -237 -389 -342 -9 -546 -239 -392 -236 -262 -258 -203 -386 0
-546 -46 -436 -189 -374 -147 -4 -444 -237 -566 -14 -389 -342 -9 -239 -392 -236 -262 -258 -69 -149 -580 0
8 -96 -501 -342 -116 -528 -389 -204 -224 -4 -374 -147 -14 -237 -566 -444 -580 -189 -436 -60 -488 -86 -398 -123 -42 -262 -392 -236 -239 -258 -186 -46 0
48 -204 -389 -529 -69 -422 -458 -528 -415 -224 -220 -392 -236 -239 -262 -147 -258 -398 0
279 -398 -69 -389 -149 -461 -262 -147 -46 -415 -392 -236 -239 -258 -436 -9 -342 -4 -374 -14 -237 -566 -444 -580 -189 -488 -86 -123 -42 0
277 -415 -436 -580 -60 -189 -51 -98 -374 -278 -392 -488 -258 -147 -563 -46 -9 -232 -482 0
68 -411 -392 -217 -512 -224 -116 -528 -96 -199 -381 -385 -204 0
154 -272 -575 -329 -422 -336 -389 -69 -392 -217 -512 -224 -116 -528 -96 -381 -385 -204 -439 -338 -149 -468 -461 -108 -532 -522 -147 0
-415 -46 -461 -392 -147 -575 -389 -69 -488 -580 -374 -258 -149 -262 -236 -239 -436 -9 -342 -4 -14 -237 -566 -444 -189 -86 -123 -42 0
399 -526 -86 -392 -537 -379 -202 -384 -69 -51 -359 -14 -154 -46 0
-46 -147 -86 -392 -69 -14 -374 -4 -461 -258 -575 -389 -488 -580 -149 -262 -236 -239 -436 -9 -342 -237 -566 -444 -189 -123 -42 0
156 -415 -98 -278 -482 -69 -374 -14 0
-415 -593 -4 -278 -482 -98 -69 -389 -422 -342 -183 -147 -154 -374 -14 0
-147 -69 -389 -342 -374 -14 -9 -86 -392 -461 -258 -575 -488 -580 -149 -262 -236 -239 -566 -444 -189 -123 -42 -151 -298 -355 0
257 -531 -570 -386 -513 -481 -421 -580 -444 -151 -262 -298 -566 -359 -471 -236 -86 -265 0
256 -97 -4 -415 -566 -399 0
-97 -278 -580 -444 -151 -262 -298 -566 -359 -236 -86 -265 -69 -389 -258 -4 -415 -399 -95 -421 0
267 -475 -503 -459 -261 -305 -580 -521 0
-267 -483 -383 -444 -580 -236 -265 -151 -298 -262 -258 -566 0
482 -159 -258 -566 -236 -444 0
-97 -399 -444 -151 -262 -298 -566 -359 -236 -86 -265 -69 -389 -258 -4 -415 -580 -95 -421 0
279 -421 -575 -389 -223 -69 -49 -444 -383 -521 -482 -580 -236 -265 -151 -298 -262 -258 -566 -4 0
18 -546 -342 -183 -9 -220 -479 -415 -547 -63 -57 -436 0
48 -383 -374 -189 -436 -342 -183 -9 -220 -415 -57 -459 -239 -580 -151 -298 -262 -258 -566 -236 -4 -575 -389 -223 -69 -444 -521 -265 -359 -86 -95 -307 -302 0
-97 -482 -359 -423 -342 -383 -207 -444 -95 -593 -4 -98 0
483 -277 -151 -298 -262 -258 -566 -236 -459 -18 -189 -436 -4 -374 -580 0
-482 -92 -86 -183 -436 -342 -18 -423 -459 -444 -383 -580 -236 -265 -151 -298 -262 -258 -566 -189 -4 -374 -359 -207 -95 -593 -98 0
155 -415 -258 -342 -566 -236 -444 -86 -183 -436 -459 -580 -265 -151 -298 -262 -189 -4 -374 -207 -95 -239 -220 -302 -9 -57 -575 -389 -223 -69 -307 0
-97 -277 -4 0
279 -385 -415 -220 -69 -389 -422 -342 -512 -501 -95 0
416 -16 -189 -436 -86 -543 -502 -469 -116 -201 -467 -149 -107 -461 -488 -165 -42 -528 -424 -381 -280 0
481 -415 -149 -207 -220 -57 -189 -436 -86 -469 -461 -488 -42 -528 -69 -389 -183 -342 -95 -239 -81 -258 -236 -566 -4 -459 -520 -580 -483 -444 -265 -151 -298 -262 -382 -51 0
-415 -220 -239 -10 -42 -223 -258 -488 -262 -151 -298 -236 -580 -566 -459 -307 -9 -444 -149 -207 -57 -189 -436 -86 -469 -461 -69 -389 -183 -342 -95 -4 -265 -374 -14 -156 -302 -575 0
-483 -149 -10 -207 -42 -592 -488 -97 -307 -9 -262 -151 -298 -236 -258 -580 -566 -156 -239 -471 -86 -459 -444 -265 -481 0
443 -295 -17 -327 -302 -513 -421 0
300 -566 -258 -236 -151 -262 -298 -444 -342 -580 -392 -355 0
235 -97 -150 -367 -258 -351 -220 -415 -462 -4 -566 0
85 -158 -7 -22 -580 -258 -355 -298 -151 -262 -342 -155 -392 -205 -236 -97 -444 -500 -383 0
-97 -415 -151 -298 -236 -258 -580 -566 -444 -355 -342 -392 -262 0
482 -228 -398 -260 -176 -47 -277 -258 -566 -236 -444 0
442 -277 -188 -258 -566 -236 -444 -415 -592 -150 -462 -145 -262 -240 -367 -351 -580 -151 -298 -87 0
481 -383 -49 -15 -375 0
-383 -415 -592 -150 -15 -462 -512 -145 -262 -240 -580 -367 -351 -151 -298 -258 -566 -236 -4 -277 -482 -49 -375 0
-415 -566 -151 -298 -236 -258 -580 -262 -444 -355 -342 -392 0
-392 -393 -566 -415 -236 -258 -580 -262 -444 -298 -151 -342 0
240 -9 -531 -327 -86 -277 -4 -69 -415 -469 -357 -566 -236 -258 -580 -262 -444 -298 -151 -342 -116 -422 -501 -145 -96 -373 0
146 -368 -534 -566 -415 -236 -258 -580 -262 -444 -298 -151 -342 0
-392 -238 -86 -422 -262 -342 -298 -415 -501 -151 -373 -512 -156 -80 -224 -146 -14 -566 -236 -258 -580 -444 0
154 -350 -342 -422 -501 -531 -86 -277 -4 -415 -566 -236 -258 -580 -262 -444 -298 -151 -116 -96 -373 -238 -512 -356 -80 -146 -14 0
565 -342 -422 -86 -479 -501 -262 -298 -151 -373 -156 -277 -4 -415 -566 -236 -258 -580 -444 -116 -512 -14 -224 0
300 -342 -415 -236 -258 -580 -262 -444 -298 -151 -566 -599 0
393 -388 -69 -444 -563 -204 -342 -501 -492 -96 -122 -527 -262 -224 -145 0
-342 481 -479 -266 -501 -262 -566 -415 -236 -258 -580 -444 -298 -151 -224 -156 -383 -116 -260 -277 -4 -14 0
96 -189 -86 -162 -385 -388 -354 -357 -298 -415 -14 -42 -488 -258 -563 -566 -47 -266 -4 -301 -123 -512 -277 -262 0
567 -71 -573 -228 -575 -260 -591 -328 -277 -273 -4 0
145 -228 -258 -236 -566 -573 -458 -575 -260 -591 -328 -277 -273 -4 -307 -224 -392 -183 0
263 -573 -566 -258 -575 -260 -328 -277 -273 -4 -415 -183 -282 -92 -419 -479 -452 -86 -436 -189 -458 -236 -392 -146 -224 -563 -47 -266 -301 -123 0
565 -556 -258 -236 0
-355 -189 -162 -575 -328 -4 -260 -277 -566 -258 -236 -266 -123 -469 -224 -546 -392 -183 -301 -239 -146 -262 -415 -92 -479 -452 -86 -458 -563 -47 -388 -354 -357 -298 0
155 -95 -86 -566 -277 -4 -224 -392 -328 -260 -258 -266 -546 -183 -301 -262 -415 -479 -458 -563 -388 -298 -325 -512 -501 -236 -385 -14 -151 -373 0
147 -556 -258 -415 -298 -151 -392 -546 -58 -46 -224 -301 -262 0
146 -46 -301 -563 -262 -183 0
154 -392 -151 -388 -298 -301 -458 -385 -262 -236 -258 -566 -563 -183 -14 0
-392 -546 -298 -151 -258 -186 -224 -566 -236 -415 -183 -4 -277 -262 -373 -86 -328 -260 -266 -301 -479 -458 -563 -388 -325 -512 -501 -385 -14 -156 0
264 -356 -566 -4 -258 -236 -298 -151 -373 -156 -146 0
357 481 -298 -383 -49 -151 0
567 -18 -224 -479 -48 -116 -156 -546 -266 -86 -373 -239 -325 -122 -151 -512 -501 -470 -298 -260 -95 -598 -277 -236 -4 0
527 -450 -219 0
481 -224 -151 -262 -298 -258 -236 -566 -116 -479 -156 -266 -501 -260 -277 -4 -14 -383 -186 -415 -458 -580 -444 0
-86 -436 -26 -592 -415 -398 -548 -479 -326 -458 -501 -368 -96 -236 -262 -557 -392 -151 -298 -566 442 -238 -474 -75 -352 0
-355 -392 -298 -156 482 -260 -277 -258 -566 -236 -444 -26 -592 -415 -479 -458 -501 -262 -14 -151 -474 -580 0
393 -48 -156 -285 -534 -458 -312 -368 -224 0
-392 -393 -298 -156 482 -260 -277 -258 -566 -236 -444 -26 -592 -415 -479 -458 -501 -262 -14 -151 -474 -580 0
-355 482 -260 -228 -277 -258 -566 -236 -444 -156 -298 -14 -356 0
-277 -156 -262 -151 -298 -260 -258 -566 -236 -444 -415 -479 -458 -501 -474 -580 -4 -483 -116 -266 -383 -186 -51 0
46 -352 -298 -151 -262 -566 442 -557 -236 -238 -94 -302 -156 0
47 -392 -368 -258 -97 -14 -415 -4 -534 -350 -221 -156 -7 0
-355 46 -151 -262 -566 442 -236 -94 -298 -156 -415 -258 -580 -444 -97 -392 0
-392 -94 -151 -262 -298 -599 -566 442 -236 -156 -415 -258 -580 -444 -97 -48 -14 -4 -221 -7 0
-382 -151 -566 -4 -258 -236 -298 -262 -415 -580 -444 -383 0
48 -86 -258 -452 -151 -298 -262 -566 -236 -580 -4 -444 -277 -423 -481 -302 0
443 -307 -469 -258 -236 -566 -575 -277 -573 -4 -392 -183 -265 -146 -580 -374 -389 -151 -298 -262 -189 -18 -436 -562 -481 -423 0
263 -277 -4 -298 -156 -355 -392 -258 -566 -236 -444 -415 -262 -14 -151 -580 -481 -374 -359 -146 -47 -452 -238 0
264 -238 -355 -151 -392 -298 -146 0
48 -86 -151 -262 -298 -566 -444 -471 -236 -359 -423 -258 -4 -415 -97 -302 0
-267 -425 -282 -97 -415 -4 -566 -258 -236 -265 -151 -298 -262 0
565 -48 -156 393 -458 -224 -258 -236 -71 0
-238 -355 -4 -566 -156 -258 -236 -392 -146 -580 -151 -298 -262 -374 -481 -444 -415 -47 -359 -95 -14 -452 0
-355 -392 -298 -444 -236 -151 -262 -258 -566 -580 -415 -49 -14 -47 -359 -4 -481 -156 -146 -374 -499 0
567 -277 -444 -481 -236 -4 0
565 -562 -359 -151 -262 -298 -566 -236 -444 -472 -181 -503 -156 -48 393 -224 -258 -580 0
-238 -94 -262 -471 -240 -151 -298 0
68 -278 -415 483 -98 0
-48 -148 -258 -69 -415 -98 -262 -151 -298 -181 -481 -444 -598 -236 -4 -566 -359 -472 -156 393 -224 -580 -47 0
-277 -238 -69 -499 -388 -181 -472 -564 -359 -444 -160 -303 -262 -387 -151 -298 -580 -369 -310 -598 -258 -566 -236 -4 -279 -481 0
-238 -598 -298 -4 -151 -98 -262 -471 -69 -499 -388 -181 -472 -564 -359 -444 -160 -303 -387 -580 -369 -310 -258 -566 -236 -279 -481 0
-392 -359 -298 -258 -4 -415 -566 -444 -481 -236 -262 -499 -472 -151 -580 -374 -156 -47 -146 -49 -14 0
299 -511 -472 -535 -424 -359 -165 -444 -47 -534 -80 -146 -14 -262 -356 -238 -600 -151 0
443 -18 -519 -380 -218 -203 -116 -531 -511 -423 -85 0
87 -18 -189 -160 -296 -326 -452 0
46 -203 -224 -312 -304 -535 -492 -85 -189 -160 -499 -575 -330 -444 -116 -531 -511 -546 -592 -415 -184 -398 -302 0
443 -160 -189 -16 -415 -221 -398 -42 -47 -302 -488 -531 -546 -158 -116 -412 -479 -547 -175 -564 -421 -85 0
340 -91 -415 -9 -221 -546 -182 0
87 -160 -189 -16 -415 -592 -9 -546 -421 -221 -182 -499 -479 -547 -175 0
328 -203 -379 -526 -304 -224 -312 -575 -21 0
6 -304 -224 -312 -535 -492 -415 -592 -221 -499 -479 -444 -398 -47 -531 -158 -116 -412 -184 -262 -14 -238 -356 -151 -298 -472 -424 -359 -165 -534 -80 -146 -374 -481 -96 -277 0
-277 -492 -184 -298 -14 -47 -444 -356 -258 -566 -236 -156 -481 -4 -224 -415 -221 -499 -262 -238 -151 -472 -359 -146 -374 -96 -580 -521 0
442 -97 -415 -356 -49 -14 -351 -258 -462 -557 -532 -151 -298 -262 -566 -512 -236 0
-355 -116 -526 -532 -450 -236 -462 -325 -202 -492 -453 -67 -86 -388 -353 -356 -298 0
421 -278 -415 483 -49 -14 -526 -532 -450 -236 -462 -202 -492 -453 -86 -353 -356 -298 -580 -351 -265 -258 -4 -566 -97 -47 -563 -181 -342 0
-355 -147 -47 392 -298 -415 -151 -351 -4 -566 -97 -258 -512 -327 -453 -86 -14 -353 0
-238 -47 -4 -566 -444 -236 -472 -415 -258 -49 -14 -298 -151 -580 -481 -262 -146 -156 -499 -184 -359 -374 -521 0
257 -505 -259 -294 -580 -291 -478 -200 -451 -569 -327 -512 -351 -79 0
369 -462 -150 -532 -205 0
-355 -259 -580 -512 -258 -368 -532 -205 -529 -202 -151 -246 -68 -298 -14 -356 0
-342 -341 -4 -566 -444 235 -234 -562 -360 0
-156 -499 -262 -580 -4 -566 -444 -472 -258 -151 -298 -415 -481 -236 -49 -184 -154 0
256 -355 -415 -298 -151 -147 -481 -444 -15 -4 -566 -236 -49 0
237 -512 -80 -14 -147 -86 -415 -563 -398 -158 -48 -422 -325 -451 -566 -236 -258 -580 -262 -444 -298 -151 -368 -499 -94 -240 -557 0
-356 -86 -355 -258 -368 -151 -298 -14 -415 -4 -444 -481 -236 -566 -80 -147 -580 -398 -158 -48 -262 -499 -557 -513 0
235 -374 156 -415 -14 -389 -4 -423 -444 -481 -236 -566 0
417 -409 -436 -172 -55 -379 -295 0
416 -203 -531 -325 -379 -295 0
417 -172 -86 -436 -452 -55 -479 -295 -92 0
-86 -14 -580 -151 -298 -262 -258 -566 -236 156 -415 -4 -444 -481 -368 -557 -499 -355 -80 -398 -158 0
-14 -557 -566 -236 -444 -415 -262 -580 -151 -298 -4 -258 -355 156 -481 -368 -499 -80 -398 -158 0
416 -175 -479 -398 -158 -48 -531 -512 -7 -204 -96 -279 -99 0
85 -235 -481 -67 -444 -469 -499 -566 -415 -236 -258 -580 -262 -298 -151 -355 -545 -303 -7 -48 -398 -158 -204 -96 -99 0
-355 -151 -566 -236 -444 -415 -262 -580 -258 -298 -4 -481 -499 -49 156 0
-97 -86 -262 -350 -68 -238 -151 -48 -298 -398 -598 -415 -4 -99 0
67 -492 -391 -469 -222 -381 -8 -387 -350 0
443 -302 -531 -381 -68 -391 -469 -222 -8 -350 -86 -375 -151 -298 -245 -598 -26 -4 -277 -481 0
300 -26 -245 -354 -4 -489 -598 -151 0
417 -86 -534 -566 -415 -236 -258 -580 -262 -444 -298 -151 -368 -388 -68 -350 -245 -4 -598 -472 -535 -360 -147 -531 -391 -469 -375 -277 -481 -48 -592 -398 0
299 -86 -534 -566 -415 -236 -258 -580 -262 -444 -298 -151 -368 -472 -360 -70 -507 -535 -481 -260 -388 -147 -277 -68 -4 -350 -598 0
69 -421 -48 -302 -9 -388 -350 0
442 -160 -507 -388 -260 -70 -245 -4 300 -598 -151 -181 -546 -9 -48 -312 -535 -492 -499 -203 -444 -116 -531 -592 -415 -184 -398 -302 -225 -391 -469 -380 -387 -68 -350 -74 -472 -360 0
67 -477 -388 -422 -70 -531 -507 -116 -260 -546 -391 -469 -387 -492 -350 -9 -48 -312 -189 -575 -535 -85 -160 -499 -203 -330 -444 -592 -415 -184 -398 -302 -225 -512 -95 -380 0
-86 -531 -48 -388 -350 -68 -70 -507 -116 -260 -391 -312 -535 -499 -444 -415 -184 -398 -225 -360 -245 -4 -598 -151 -472 -481 -147 -262 -375 -238 -298 -534 -566 -236 -258 -580 -368 -99 0
299 -285 -504 -309 -312 -176 -260 -228 -398 -258 -566 -236 -444 -21 -481 -330 -4 -262 -471 -238 -151 -298 -598 0
69 -312 -258 -580 -566 -245 -4 -598 -151 -181 -504 -562 -309 -48 -421 -388 -350 -262 -238 -415 -236 -444 -298 -176 -260 -228 -398 -21 -481 -471 -475 0
47 -245 -415 -4 300 -598 -151 -222 -562 -9 0
-151 -298 -4 -262 -415 -258 -580 -566 -236 -444 -383 0
-277 -147 -460 -148 -580 -380 -154 -265 -385 -373 -258 -236 -481 -202 -566 -278 -444 -4 0
483 -51 -13 -154 -383 -373 0
423 -481 -148 -460 -236 -380 -444 -373 -438 -13 -154 -383 -307 -391 -98 -580 -258 -566 -278 -4 -122 -69 -262 -388 -301 0
-277 -177 -391 -307 -368 -146 -85 -534 -460 -326 -148 -580 -511 -383 -186 -195 -12 -344 -41 -366 -214 -386 -246 -531 -380 -501 -26 -203 -95 -593 -278 -4 0
68 -423 -438 -391 -487 -221 -41 -12 -380 -307 -85 -460 -148 -580 -383 -186 -214 -26 -593 -278 -4 -545 -238 -262 -258 -301 -566 -519 -236 -444 -373 -154 -481 -388 -13 -415 -98 0
-277 -423 -438 -296 -301 -519 -380 -444 -385 -373 -236 -481 -202 -566 -278 -4 0
327 -449 -471 -218 -391 -519 -48 -156 565 -258 -236 -224 -18 -183 -296 -92 0
-481 -519 -438 -391 -487 -221 -41 -12 -48 -258 -236 -296 -92 -545 -238 -262 -301 -566 -380 -444 -373 -13 -154 -383 -98 -278 -4 -69 -307 -85 -460 -148 -580 -186 -214 -26 -593 -388 -415 -122 0
94 -471 -200 -380 -221 -569 -492 -391 -512 -385 0
-471 -569 -262 -96 -200 -380 -221 -122 -492 -391 -512 -385 0
267 -335 -286 -34 -474 -207 -359 -545 -340 -231 -183 -232 -92 -157 -479 -333 -177 -107 -549 -521 -505 -226 0
202 -385 -380 -69 0
421 -286 -574 -34 -474 -207 -359 -545 267 -183 -232 -92 -157 -479 -333 -177 -107 -549 -521 -505 -226 -329 0
399 -188 -418 -574 -545 -157 -329 -122 -262 -221 -391 -69 -12 -41 -214 -487 -26 -13 -562 -85 -580 -154 -593 -444 -383 -278 -4 -438 -48 -258 -236 -238 -301 -566 -373 -98 -307 -460 -148 -388 -415 0
-399 -593 -4 -415 -566 -258 -397 0
483 -277 -471 -298 -380 -598 -186 -202 -4 -383 -373 -262 0
-277 -385 -236 -380 -444 -373 -481 -154 -383 -307 -98 -580 -258 -566 -4 -69 -262 -301 -296 -519 -460 -202 -298 -598 -471 -186 0
277 -481 -221 -519 -48 -258 -236 -296 -92 -545 -262 -301 -566 -380 -444 -154 -383 -98 -4 -69 -307 -580 -186 -593 -415 -298 -598 0
385 -202 -380 -69 0
-278 -41 -545 -157 -262 -221 -69 399 -562 -580 -154 -593 -444 -383 -4 -48 -258 -236 -301 -566 -307 -415 -298 -598 -277 0
-277 -202 -298 -258 -598 -566 -471 -4 -545 -157 -262 -221 -69 399 -562 -580 -154 -593 -444 -383 -48 -236 -301 -307 -415 0
277 -221 -519 -48 -258 -236 -296 -92 -545 -262 -301 -566 -380 -444 -154 -383 -98 -4 -69 -307 -580 -186 -593 -415 -298 -598 0
-278 -545 -298 -4 -598 -157 -262 -221 -69 399 -562 -580 -154 -593 -444 -383 -48 -258 -236 -301 -566 -307 -415 0
483 -307 -298 -258 -598 -566 -4 -545 -157 -262 -221 -69 399 -562 -580 -154 -593 -444 -383 -48 -236 -301 -415 0
46 -69 -298 -258 -598 -566 -4 -262 -580 -444 -383 -48 -236 -415 -9 0
-154 -278 -460 -148 -580 -380 -383 -265 -373 -258 -236 -277 -202 -566 -385 -444 -4 -155 0
-481 -526 -450 -373 -423 -296 -301 -438 -380 -444 -277 -236 -385 -202 -566 -278 -4 0
-278 -385 -84 -444 -373 -423 -296 -301 -380 -277 -236 -202 -566 -4 -224 -59 -580 -383 -460 -258 -155 -122 -298 -470 -598 -27 -95 0
483 -214 -563 -487 -398 -228 -42 -260 -116 -11 -59 -13 -224 -84 -155 -526 -385 -383 -373 0
-202 -224 -423 -444 -383 -563 -487 -398 -59 -84 -155 -373 -95 -580 -470 -122 -298 -258 -236 -380 -598 -566 -4 -296 -301 -277 -460 -27 -69 0
594 -122 -95 -277 -580 -525 -383 -258 -236 -155 -566 -444 -4 -69 -380 -423 -563 -487 -398 -59 -373 -298 -598 -301 -460 -220 -415 0
-301 -380 -8 -350 -298 -598 -4 -277 -383 -155 -258 -398 -415 -580 -236 -566 -444 -563 -262 -302 0
-385 -246 -592 -220 -26 -391 -415 -368 -214 -534 -41 -460 -195 -148 -186 -116 -528 -531 -380 -204 -386 -69 0
-481 -85 -391 -12 -277 -214 -460 -148 -580 -383 -41 -380 -278 -4 -262 -592 -220 -415 -388 -69 -13 -487 -563 -155 -258 -236 -444 -373 -566 0
222 -174 -188 -418 -177 -385 -116 -505 -226 -12 -479 -266 -41 -569 -453 -122 -214 -512 -501 -246 -96 -26 -262 -592 -145 -415 -391 0
-278 -380 -262 -415 -220 -592 -580 -155 -444 -69 -383 -277 -4 -563 -258 -236 -566 -298 -598 0
222 -360 -388 -490 -412 -421 -70 -85 -444 -447 -27 -563 -245 -148 -487 -214 -460 -42 -534 -11 -592 -147 -200 -415 -391 -83 0
483 -490 -388 -580 -421 -85 -444 -11 -42 -409 -214 -148 -27 -592 -368 -415 -391 -220 -412 -70 -563 -487 -460 -534 -13 -69 -155 -526 -385 -383 -373 0
-385 -266 -531 -123 -262 -391 -312 -48 -368 -534 -95 -80 -388 -13 -421 -85 -580 -155 -49 -444 -383 -482 -11 -42 -214 -148 -27 -592 -415 -220 -412 -70 -563 -487 -460 -69 -373 -380 -203 0
-380 -277 -262 -48 -580 -444 -415 -298 -258 -236 -598 -566 -4 -383 -350 0
-277 -350 -258 -415 -262 -48 -580 -444 -298 -236 -598 -566 -4 -383 0
98 -592 -415 0
-350 -48 -258 -262 -415 -580 -444 -298 -236 -598 -566 -4 -383 0
155 -474 267 -479 -505 -226 -262 -327 -380 -415 -592 -298 -258 -598 -566 -4 -580 -444 -383 -48 -236 -69 0
-277 -380 -48 -262 -415 -580 -444 -69 -383 -4 -258 -236 -566 -298 -598 0
483 -51 -13 -383 -373 0
-48 -598 -415 -580 -444 -383 -4 -258 -236 -566 -298 -262 0
279 -96 -385 -479 -266 -512 -501 -246 -116 -262 -592 -415 -221 -547 -175 -86 -42 -298 -570 -598 -260 -202 -4 0
-593 -479 -86 -298 -501 -598 -4 -277 -385 -266 -512 -246 -116 -262 -415 -260 -202 -159 -81 -258 -186 -566 -399 0
279 -471 -262 -490 -86 -298 -598 -4 0
155 -385 -258 -598 -566 -4 -277 -262 -380 -415 -9 -298 -202 -159 -399 -580 -444 -383 -482 -373 0
-385 -277 -236 -566 -4 -262 -415 -380 -258 -580 -444 -69 -383 -298 -598 0
385 -69 -383 -373 -482 -13 0
483 -156 -383 -373 0
565 -369 -533 -258 -236 0
-598 -298 -262 -444 -4 -566 -258 -236 -415 -580 -383 0
155 -391 -262 -490 -85 -421 -352 -96 -388 -298 -355 -48 -13 0
-391 -221 -13 -355 -49 -9 -383 -48 -156 -262 -490 -85 -421 -352 -96 -388 -298 0
416 527 -115 -409 -490 -85 -352 -388 -298 -355 -13 -49 -9 -383 -48 -156 -262 -421 -96 0
-481 -483 -487 -383 -415 -352 -298 -355 -262 -69 -349 -380 -258 -236 -444 -385 -373 -277 -566 -4 -10 0
154 -369 -501 -563 -262 -444 -422 -389 -69 -202 -277 -236 -4 -566 -479 -258 -147 0
417 -96 -512 -258 -186 -116 -453 -202 -218 -501 -277 -449 -81 -471 -492 -380 0
279 -281 -236 -174 -310 -189 -162 -573 -574 -419 -422 -116 -389 -69 -202 -4 0
-96 -492 -380 -471 -202 -277 -236 -174 -310 -189 -162 -573 -574 -419 -422 -116 -389 -69 -4 -415 -512 -258 -186 -453 -218 -501 -449 -81 0
96 -81 -566 -258 -4 -512 -277 0
161 -411 -149 -111 -439 -17 -436 -189 0
393 154 -563 -262 -444 -422 -389 -69 -202 -277 -236 -4 -566 -479 -258 -501 0
416 -530 -385 -116 -380 -236 -224 -392 -563 -262 -444 -422 -389 -69 -277 -4 -566 -479 -258 -501 -156 -373 -160 -149 -111 -436 -189 -166 -419 -282 0
161 -325 -297 -530 -17 -116 -436 -149 -111 -439 -189 0
279 -392 -224 -563 -262 -444 -422 -389 -69 -277 -236 -4 -566 -479 -258 -501 -156 -373 -116 -436 -149 -189 -380 -415 -385 -419 -573 -574 0
393 -331 -181 -547 -93 -175 -479 -23 -452 -86 -286 -490 -460 -206 -469 565 -258 -236 0
417 -146 -479 -392 -23 -452 -86 -490 -460 -469 565 -258 -236 -563 -27 -47 -592 0
87 527 -116 -531 -469 -327 -490 -452 0
174 -16 -436 0
-16 -172 -436 0
155 -189 -436 -236 -258 -566 -392 -458 -86 -116 -531 -469 -327 -490 -452 -592 -415 -479 -23 -460 565 -563 -27 -526 -373 0
15 -86 -436 -116 -458 -224 -563 -262 -444 -422 -69 -277 -236 -4 -566 -479 -258 -501 -156 -415 -460 -373 -380 -512 -385 -574 -370 -352 -298 -355 0
-172 -543 -487 -563 -162 -47 -436 -302 -173 0
481 -277 -262 -258 -566 -4 -380 -298 -385 -69 -383 -444 -236 -415 -580 0
392 -168 -200 -292 -116 -409 -476 -580 -420 -100 -266 -337 -490 -122 -312 -469 -225 0
391 -539 -457 -262 -368 -236 -147 -557 0
85 -469 -158 -422 -188 -161 -95 -572 -48 -200 -292 -116 -409 -476 -580 -420 -266 -490 -122 -312 -225 -393 -262 -368 -236 -147 -557 -150 -439 -360 -110 -444 -436 0
-469 -116 -398 -184 -312 -219 -225 -476 -450 -393 -360 -490 -444 -87 -158 -422 -188 -161 -95 -572 -200 -292 -48 -409 -580 -420 -266 -122 -262 -368 -236 -147 -557 -150 -439 -110 -436 0
469 -476 -312 -522 -70 -225 -266 -64 -393 -122 0
-277 -380 -444 -262 -236 -298 -383 -580 -69 -258 -385 -566 -415 -4 0
392 -490 -415 -566 -258 -97 -383 -373 -69 -385 -481 -444 -436 -262 -352 -4 -94 -298 -469 -355 0
391 -513 -202 -69 -415 -4 -355 -97 -298 -566 -352 -10 -236 -87 -526 -444 -385 -373 -481 -383 -146 0
470 -392 -385 -383 -373 -481 -444 -352 -298 -355 -69 -415 -4 -97 -566 -10 -236 -380 -262 -490 -94 0
-156 -189 -487 -436 -303 -444 -385 -373 -258 -566 -236 -481 -155 -383 0
300 -303 -481 -69 -373 -487 -436 -385 -444 -258 -566 -236 -155 -383 -355 0
-490 -469 -415 -566 -258 -97 -383 -373 -69 -385 -481 -444 -436 -352 -298 -487 -236 -355 -262 -94 -4 -10 -380 0
381 -97 -373 -383 -481 -69 -415 -385 -202 0
393 -13 -262 -391 -48 -85 -352 -421 -490 -298 -355 -84 -415 -97 -156 -121 -460 565 -258 -236 0
14 -156 -383 -49 0
-13 -14 -391 -355 -262 -48 -85 -352 -421 -490 -298 -84 -415 -97 -156 -121 -460 565 -258 -236 0
-156 -121 -10 -298 -262 -94 -202 -69 -391 -355 -352 -490 -415 -97 -460 -258 -236 -383 -566 -448 -526 -444 -385 -373 -481 0
-380 -69 -236 -298 -566 -383 -258 -385 -262 -415 -444 -4 -580 0
86 -13 -156 -383 -566 -355 -236 -298 -444 -352 0
393 -81 -399 -258 -186 -512 -201 -471 -84 -415 -422 -69 -385 -389 -501 -222 -277 -8 -4 -349 -566 -369 -236 -301 -563 -262 -147 -444 -479 -156 -373 -527 -224 0
-13 -471 -444 -69 -236 -4 -566 -258 -156 -262 -415 -385 -580 -383 -87 -298 0
392 -49 -594 -99 -9 -223 -222 0
-355 -356 -483 -383 -156 -298 -13 -566 -236 -444 0
600 -352 -298 0
-352 -598 -298 0
-4 -97 -122 -258 -566 -236 -415 -444 -373 -470 -383 -69 -385 -483 -6 -262 -298 -598 0
94 -380 -41 -148 -418 -310 -12 -224 -415 -51 -97 -277 -202 -529 -453 -512 -501 0
471 -380 -556 -512 -310 -152 -72 -224 -373 -529 -415 -51 -156 -453 -202 -97 -146 -501 -277 -262 -122 -94 0
-380 -582 -422 -368 -258 -529 -415 -81 -97 -512 -277 -262 -122 -470 -556 -310 -152 -72 -224 -373 -51 -156 -453 -146 -501 -41 -148 -418 -12 -385 -69 0
-97 -51 -388 -69 -224 -122 -258 -470 -221 -415 -385 -368 -81 -262 -152 -373 -156 -146 -41 -148 -12 -383 -444 -236 -566 -6 -298 -598 0
-481 -450 -592 -26 -186 -41 -214 -246 -572 -388 -595 -292 -418 -148 -569 -12 -115 -506 -227 -415 -265 -530 -380 -258 -236 -444 -385 -373 -566 -277 -4 -483 0
511 -327 -501 -453 -96 0
452 -327 -478 -92 0
411 -166 -242 -339 -418 -148 0
374 -61 -503 -55 -542 -146 -160 -156 0
150 -23 -286 -207 -368 -532 -460 -439 0
235 -398 -146 -308 -450 -156 -224 -258 -265 -506 -242 -148 -286 -207 -368 -439 -152 -373 -457 -438 -380 -174 -418 -501 -453 -478 -92 -385 -200 -569 -512 -96 -115 -530 0
416 -512 -569 -506 -292 -349 -265 -81 -258 -566 -530 -236 -146 -308 -450 -156 -224 -148 -368 -439 -152 -373 -457 -438 -380 -174 -418 -501 -453 -478 -385 -96 -115 -12 -41 -214 -246 -26 -592 0
-450 -349 -308 -156 -457 -368 -258 -373 -592 -380 -221 -415 -569 -506 -292 -265 -81 -566 -530 -236 -146 -224 -148 -439 -152 -438 -418 -501 -478 -385 -96 -115 -12 -41 -214 -246 -26 -85 -444 -186 -572 -388 -595 -227 -277 -4 -483 0
469 -96 -122 -262 0
-380 -457 -156 -308 -368 -258 -373 -592 -450 -221 -415 -506 -265 -81 -566 -236 -146 -224 -148 -439 -152 -438 -418 -501 -478 -385 -96 -115 -12 -41 -214 -246 -26 -85 -444 -186 -572 -388 -595 -227 -277 -4 -483 -69 -204 0
15 -152 -258 -236 -262 -156 -298 -373 -356 -146 -566 -221 -69 -415 -308 -368 -224 -148 -438 -385 -12 -41 -444 -572 -388 -122 -470 -383 -6 -598 0
299 -146 -444 -262 -236 -415 -566 -69 -224 -258 -470 -221 -385 -368 -373 -156 -383 -298 -13 -356 -308 0
417 -450 -526 -422 -373 -388 -153 -69 -350 -592 -398 -296 -221 0
154 -211 -250 -273 -171 -296 -111 -285 -17 -477 -301 -101 -262 -359 -146 0
527 -183 -70 -262 -563 -301 -158 -156 -250 -273 -111 -477 -101 -359 -146 -308 -457 -368 -207 -148 -409 -450 -469 -531 87 -452 -490 -327 0
390 -9 -262 -146 -156 -60 -373 -224 -526 -70 -563 -158 -101 -359 -308 -457 -368 -207 -148 -409 -450 -469 -531 87 -452 -490 -327 -74 -341 -422 0
Solved
