191 -49 -76 -40 -1 -55 -10 0
-49 -10 -76 -40 -1 -55 -190 0
12 -19 -1 -151 -76 0
-10 -151 -1 -76 -40 -55 -190 0
45 -187 -55 -190 -178 -127 -28 -148 -70 0
-187 -28 -55 -178 -127 -190 -148 -70 -43 0
56 -10 -76 -1 -55 -190 -28 -130 -178 -37 0
-28 -76 -1 -55 -130 -190 -178 -37 -127 -148 -70 -43 0
57 -7 -31 -100 -130 -178 -37 0
211 -130 -31 -178 -1 -148 -70 -43 0
56 -190 -211 0
-190 -55 -211 0
20 -49 -1 0
57 -20 -130 -211 -178 0
-55 -211 -1 -130 -178 0
131 -211 -106 -181 -103 -37 -31 0
214 -106 -103 -31 -1 -178 -148 -70 -43 0
211 -102 -30 -70 -43 -1 -38 -31 -178 -148 0
56 -55 -1 -178 -70 -43 -31 -148 0
38 -101 -29 -70 -43 -1 -31 -178 -148 -213 0
-55 -148 -178 -70 -43 -31 -1 0
131 -35 -135 -48 -31 -106 -211 -103 -37 0
39 -106 -103 -43 -1 -31 -211 -37 -190 -214 -22 0
132 -40 -78 -36 -134 -1 -52 -9 -50 -31 -20 0
217 -103 -43 -1 -31 -22 -178 -70 0
38 -40 -1 -31 -190 -211 -130 -22 0
-130 -37 -103 -211 -31 -43 -1 -22 -178 0
Solved
