464 -75 -21 -406 -170 -5 -94 -385 -207 -367 -22 0
91 -353 -394 -94 -310 -263 -274 -259 -151 -390 -366 0
171 -465 -400 -155 -5 -382 -366 -115 -259 -353 -367 -474 -258 -385 -40 0
20 -67 -460 0
170 -256 -145 -268 -424 -40 -28 0
147 -247 -333 -28 -424 0
352 -20 -40 -424 -268 -145 -333 -28 0
425 -352 -5 -274 -390 -58 -394 -382 -310 -259 -160 -94 -268 -83 -403 -145 -28 0
493 -151 -155 -5 -382 -259 -367 -474 -385 -40 -394 -94 -310 -274 -400 -390 -58 -268 -403 -145 -28 -160 -83 -333 -460 0
426 -352 -5 -382 -364 -259 -58 -403 0
365 -33 -457 -460 -439 -94 -121 -356 -274 -408 -390 -267 -403 -352 -259 -151 0
-352 -408 -390 -439 -403 -457 -274 -259 -5 -364 -460 -94 -121 -356 -151 -314 -425 -382 -58 0
32 -267 -264 -242 -403 -92 -128 0
6 -319 -400 0
4 -438 -408 0
262 -438 -408 -296 -457 -242 -128 0
261 -314 -128 -403 -425 -408 -457 -356 -293 -400 -5 -253 -151 -394 -364 -310 0
502 -5 -121 -361 -460 -342 -259 -128 -403 -457 -400 -394 -310 -390 -439 -274 -94 -382 -58 -83 -37 -160 -495 -155 -367 -474 -385 -40 -28 -333 0
260 -408 -5 -385 -207 -367 -403 -94 -309 -157 -28 -438 -155 -58 -83 -394 -382 -366 -310 0
407 -269 -210 -145 -277 -502 -151 -264 -296 -128 -11 -457 -438 0
405 -151 -460 -438 -408 -210 -277 -502 -94 -296 -128 -457 -495 -309 -390 -425 -91 0
406 -263 -296 -367 -277 -94 -210 -495 -468 -160 -37 -460 -489 -479 -438 0
364 -292 -333 -502 -309 -210 -439 -128 -457 -438 -408 -296 -367 -277 -94 -495 -160 -37 -460 -479 -354 -403 -390 -28 -83 0
404 -281 -26 -460 -94 -385 -367 -277 -210 -287 -7 -28 -425 -309 -10 -354 -262 0
407 -425 -390 -92 -403 -26 -460 -94 -385 -367 -277 -210 -7 -28 -274 -309 -354 -439 -128 -457 -438 0
405 -444 -187 -150 -393 -143 -280 -113 -94 -21 -425 -92 0
424 -256 -210 -502 -277 -139 -367 -196 -263 -11 -296 -113 -94 -460 -495 -21 0
264 -256 -139 -40 -170 -336 -444 -277 -113 -367 -456 -296 -196 -11 0
-425 -152 -408 -438 -457 -296 -128 -139 -40 -277 -367 -7 -28 -210 -502 -94 -460 -495 -354 -403 -187 -150 -393 -143 -92 -479 -390 -26 -385 -274 -309 -439 0
6 -502 -274 -390 -403 -457 -128 -139 -40 -367 -7 -28 -210 -94 -460 -495 -393 -385 -439 -333 -160 -37 -83 -157 -58 -394 -382 -310 -259 -5 -207 -155 -400 0
12 -253 -152 -128 -296 -263 0
278 -324 -199 -179 -139 -474 -256 -40 -170 -335 -7 -28 -247 -288 -210 0
258 -343 -69 -495 -269 -139 0
404 -69 -28 -7 -170 -40 -83 -495 -139 -210 -279 -199 -179 -474 -288 -37 -356 -342 -361 -444 -113 -128 -296 -11 -152 -354 0
-438 -425 -199 -279 -94 -460 -495 -179 -403 -28 -7 -170 -40 -83 -139 -210 -474 -37 -342 -361 -128 -259 -121 -310 -439 -394 -457 4 0
-425 -502 -333 -495 -157 -155 -58 -83 -382 -259 -310 -394 -199 -279 -94 -460 -179 -403 -28 -7 -170 -40 -139 -210 -474 -37 -342 -361 -128 -121 -439 -457 4 0
506 -28 -495 -460 -333 -157 -58 -83 -382 -259 -310 -394 -199 -94 -403 -7 -40 -139 -210 -474 -37 -342 -361 -128 -121 -439 -457 -385 -367 -207 -274 -390 -393 -160 -400 0
4 -170 -199 -425 -94 -460 -495 -438 -403 -28 -7 -385 -40 -83 -139 -210 -474 -37 -342 -361 -128 -259 -121 -310 -439 -394 -457 -367 -207 0
463 -24 -144 0
464 -24 -144 0
91 -112 -94 -477 -390 0
426 -20 -367 -385 -91 -170 -403 -144 0
114 -91 -403 -144 -367 -198 -157 -264 -58 -10 -460 -170 -308 -425 -385 -282 -94 0
405 -170 -139 -474 -40 -199 -7 -28 -288 -210 -150 -394 -385 -277 -144 -310 -367 -216 -259 -198 -382 -264 -443 -58 -10 -460 -308 -21 -425 -91 0
-170 -264 -367 -403 -139 -474 -40 -199 -7 -28 -210 -394 -385 -310 -259 -382 -58 -460 -425 -94 -157 -390 -439 -457 -438 -400 -6 -495 -83 -37 -342 -361 -128 -121 -207 0
-264 -438 -6 -460 -207 -367 -425 -385 -28 -403 -139 -474 -40 -199 -7 -210 -394 -310 -259 -382 -58 -94 -157 -390 -439 -457 -400 -495 -83 -37 -342 -361 -128 -121 0
424 -21 -183 -503 -382 -112 -468 -58 -94 -495 -308 -108 0
426 -118 -333 -108 -183 -503 -468 -112 -495 -94 -460 -367 -385 -91 -170 -403 -144 0
-170 -438 -156 -296 -157 -58 -460 -94 -183 -382 -495 -108 -425 -333 -385 -403 -83 -390 -439 -457 -367 -400 -6 -199 -28 -7 -40 -139 -210 -474 -37 -342 -361 -128 -259 -121 -310 -394 -207 0
-438 -296 -94 -390 -457 -6 -460 -207 -367 -425 -83 -385 -28 -156 -439 -157 -58 -183 -382 -495 -108 -333 -403 -400 -199 -7 -40 -139 -210 -474 -37 -342 -361 -128 -259 -121 -310 -394 0
-296 -425 -393 -6 -94 -310 -460 -394 -390 -457 -207 -367 -83 -385 -28 -156 -439 -157 -58 -183 -382 -495 -108 -333 -403 -400 -199 -7 -40 -139 -210 -474 -37 -342 -361 -128 -259 -121 0
424 -21 -11 -460 -308 -437 0
12 -170 -403 -139 -474 -40 -199 -7 -28 -210 -394 -385 -310 -259 -382 -58 -460 -425 -94 -157 -390 -439 -457 -367 -400 -6 -495 -83 -37 -342 -361 -128 -121 -207 0
10 -242 -128 -403 -274 -94 -390 -11 -460 -308 -437 -113 -425 0
-425 -6 -460 -207 -367 -385 -28 -403 -139 -474 -40 -199 -7 -210 -394 -310 -259 -382 -58 -94 -157 -390 -439 -457 -400 -495 -83 -37 -342 -361 -128 -121 -274 -393 -156 -183 -108 -333 0
170 -438 -160 -487 -354 -259 -268 -364 -6 -207 -367 -385 -40 0
21 -67 -460 0
508 -40 -58 -157 -333 -382 -259 -207 -367 -394 -385 -160 -460 -83 -495 -403 -139 -474 -199 -7 -210 -94 -390 -457 -400 -342 -361 -128 -121 -274 -393 -108 -505 0
-439 -310 -207 -367 -385 -425 -403 -139 -474 -40 -199 -7 -210 -394 -28 -259 -382 -58 -94 -157 -390 -460 -457 -400 -495 -83 -342 -361 -128 -121 -274 -393 -108 -333 -505 -160 -147 -270 -204 -288 -441 0
-310 426 -367 -385 -170 -400 -403 -94 -390 -438 -460 -274 -121 -21 -495 -160 -210 -207 -425 -139 -474 -40 -199 -7 -394 -28 -259 -382 -58 -157 -457 -83 -342 -361 -128 -393 -108 -333 -505 0
5 -408 -438 0
-20 407 -157 -382 -390 -425 -403 -460 -94 -385 -367 -439 -210 -7 -28 -274 -58 -277 -128 -457 -438 -155 -400 -115 -366 -5 -259 -474 -40 -23 -170 426 -91 -21 0
436 -439 -21 -94 -385 -207 -367 -460 -157 -382 -390 -425 -403 -170 -210 -7 -28 -274 -58 -128 -457 -438 -155 -400 -259 -474 -40 426 -393 -295 -408 -12 0
-439 426 -259 -382 -367 -58 -438 -21 -94 -385 -207 -460 -157 -390 -425 -403 -170 -7 -28 -274 -128 -457 -400 -474 -40 -210 -393 -295 -505 -441 0
275 -92 -475 -390 0
426 -28 -393 -199 -385 -170 -438 -21 -460 -94 -121 -274 -390 -259 -382 -367 -58 -207 -157 -425 -403 -7 -421 -128 -457 -400 -474 -40 -210 -505 -495 -160 -139 -394 -83 -342 -361 -108 -333 0
311 -92 -403 -477 -69 -495 -269 -139 -439 -40 -11 -508 -295 -259 0
12 -353 -40 -139 -508 -259 -418 -439 -382 -199 -457 -58 -128 -307 -295 -263 0
-408 -465 -150 -393 -73 -367 -282 -198 -400 -5 -407 -438 0
93 -113 -58 -170 -7 -28 -40 -83 -495 -139 -210 -199 -474 -342 -361 -444 -157 -128 -11 -69 -356 -382 -385 -259 -367 -439 -207 -457 -5 -150 -393 -282 -400 -407 -438 -243 -508 -418 -307 -295 -403 0
-408 -262 -210 424 -11 -139 -367 -113 -94 -460 -495 -21 -128 -243 -403 -393 -425 -92 -259 -294 -400 -364 -5 -407 -438 0
10 -294 -504 -385 -367 -160 -207 -487 -5 -210 424 -11 -139 -113 -94 -460 -495 -21 -128 -243 -403 -393 -425 -92 -259 -400 -364 -407 -438 -199 0
437 -439 -199 -157 -58 -385 -367 -160 -207 -210 424 -139 -94 -460 -495 -21 -128 -403 -425 -259 -400 -438 -356 -83 -28 -508 -393 -170 -7 -40 -474 -342 -361 -382 -457 -274 -390 0
408 -91 -403 -160 -269 -467 -83 -28 -508 -439 -21 -460 424 -437 -457 -4 0
-439 -28 -474 -40 -508 -128 -457 -400 -438 -403 -160 -83 -199 -21 -460 424 -94 -390 -157 -58 -385 -367 -207 -210 -139 -495 -425 -259 -356 -393 -170 -7 -342 -361 -382 -274 0
-28 -170 -474 -40 -128 -457 -400 -438 -403 -160 -83 -199 -21 -460 -94 -390 -157 -58 -385 -367 -207 -210 -139 -495 -425 -259 -393 -274 -7 -342 -361 -382 -121 -421 -505 -394 -108 -333 0
10 -376 -257 -139 -353 -259 -149 -382 -394 -58 -438 -309 0
459 -257 -438 -139 -353 -259 -149 -382 -394 -58 -309 -39 -468 -495 -117 -323 -400 -263 -128 0
-170 -21 -367 -385 -403 -94 -390 -438 -460 -121 -274 -457 -139 -259 -382 -394 -58 -495 -128 -199 -474 -40 -425 -83 -160 -400 -157 -207 -210 -393 -7 -342 -361 -421 -505 -108 -333 0
6 -407 -394 -263 -438 -197 -278 -311 -400 0
114 -183 -108 -144 -465 -382 -199 -259 -324 -311 -296 -94 0
383 -480 -77 -157 -156 -58 0
107 -183 -66 0
5 -77 -382 -108 -157 -58 -505 -438 0
-21 -425 -382 -58 -495 -157 -421 -393 -94 -160 -274 -390 -457 -394 -438 -400 -108 -505 -83 -207 -403 -367 -259 -385 -40 -460 -121 -139 -128 -199 -474 -210 -7 -342 -361 -333 0
6 -237 -160 -269 -508 -40 -139 -474 -418 -199 -128 -344 -457 -10 -116 -406 -307 -400 0
-425 -438 -58 -382 -108 -505 -157 -160 -40 -139 -474 -199 -128 -457 -400 -121 -495 -460 -94 -421 -393 -274 -390 -394 -83 -207 -403 -367 -259 -385 -210 -7 -342 -361 -333 0
30 -439 -150 -393 -280 -192 -94 -444 -390 -93 -103 -366 -508 -83 0
440 -196 -385 -367 -169 -264 -40 -128 -508 -457 0
-439 -150 -143 -393 -280 -155 -478 -157 -58 -382 -259 -354 -367 -268 -385 -160 -169 -487 -40 -83 -508 -29 -440 -192 -94 -444 -390 -93 -103 -366 0
406 -366 -83 -390 -274 -160 -143 -393 -155 -157 -58 -382 -259 -354 -367 -268 -385 -169 -40 -508 -29 -192 -94 -93 -103 -264 -128 -457 -121 -460 -394 -438 0
-92 -112 -390 -94 -274 -93 0
-408 -314 -333 -210 -160 -274 -268 -146 -466 -29 -83 -390 -94 -93 -264 -128 -457 -438 -393 -157 -58 -382 -259 -354 -367 -385 -169 -40 -508 -192 -121 -460 -394 -505 -400 -308 0
170 -6 -367 -207 -385 -382 -108 -157 -58 -505 -438 0
-438 -108 -382 -58 -157 -259 -505 -83 -40 -367 -207 -385 -333 -210 -160 -274 -390 -94 -128 -457 -393 -121 -460 -394 -400 -495 -403 -139 -474 -199 -421 -7 -342 -361 0
263 -425 -460 -495 -20 -419 -403 -12 0
19 -376 -94 -149 -108 -114 -210 -382 -139 -287 -58 -257 -248 -307 -364 -5 -259 -403 -425 -68 0
29 -419 -495 -460 -20 -94 -149 -108 -114 -210 -382 -139 -287 -58 -257 -307 -364 -5 -259 -403 -68 -323 -262 -12 0
440 -319 -357 -279 -495 -210 -333 -94 -149 -108 -114 -382 -139 -58 -307 -364 -5 -259 -403 -68 -262 -460 -20 -12 -170 -83 -199 -179 -474 -40 -508 0
-5 -199 -382 -259 -58 -403 -139 -474 -40 -311 -149 -20 -94 -83 -274 -160 -237 -357 -495 -210 -333 -108 -114 -68 -460 -12 -508 -128 -385 -457 -367 -408 -207 -6 0
441 -157 -367 -5 -210 -11 -139 -113 -94 -460 -495 -21 -128 -403 -425 -259 -400 -364 -407 -438 -525 -123 -515 -307 -58 -385 -480 -83 -170 -40 -508 0
309 -235 -123 -515 -489 -139 -83 -364 -259 -460 -495 -21 -382 -425 -58 -11 0
-157 -170 -205 -83 -489 -525 -123 -515 -364 -259 -382 -58 -307 -139 -460 -495 -21 -425 -11 -440 -5 -210 -113 -94 -128 -403 -400 -407 -438 -385 -480 -367 -40 -508 0
59 -160 -367 -385 -5 -210 -11 -139 -113 -94 -460 -495 -21 -128 -403 -425 -259 -400 -364 -407 -438 -517 -515 -38 -83 -525 -123 -489 -382 -58 -307 0
509 -30 -40 -170 0
84 -160 -382 -5 -259 -58 -403 -425 -69 -495 -139 -364 -236 -440 -40 -38 -508 -170 -367 -205 -184 -511 0
-160 -38 -139 -508 -259 -307 -382 -457 -58 -128 -11 -385 -367 -5 -210 -113 -94 -460 -495 -21 -403 -425 -400 -364 -407 -438 -40 -170 -440 -489 -83 -69 -205 -525 -123 -515 -517 0
160 -307 -58 -259 -382 -515 -123 -489 -139 -83 -364 -460 -495 -21 -425 -11 0
-170 -307 -508 -259 -139 -382 -457 -58 -128 -11 -385 -367 -5 -210 -113 -94 -460 -495 -21 -403 -425 -400 -364 -407 -438 -40 -440 -489 -83 -69 -205 -525 -123 -515 -480 0
4 -457 -403 -495 -382 -5 -259 -58 -367 -425 -385 -40 -21 -508 -139 -83 -128 -210 -94 -460 -438 0
426 -440 -460 -408 -487 -160 -516 -210 -139 -438 -40 -508 -28 -170 -364 -382 -5 -259 -58 -403 0
162 -235 -474 -111 -184 -292 -511 -145 -16 -516 -504 -123 -269 -180 0
514 -311 6 -394 -438 -407 -367 -400 -403 -425 -21 -444 -94 -150 -92 -210 -269 -145 -173 -525 -355 -123 0
42 -16 -184 -511 -145 -111 -516 -504 -123 -269 -180 -160 6 -394 -438 -407 -367 -400 -403 -425 -21 -444 -94 -150 -92 -210 -173 -525 -39 -508 0
122 -257 -418 -139 -354 -180 -403 -425 -21 -187 -143 -444 -113 -94 -280 -150 -92 -473 -184 -500 -173 -525 -516 0
-407 -269 -160 -139 -516 -123 -418 -354 -180 -403 -425 -21 -444 -94 -150 -92 -184 -173 -525 -40 -511 -145 -111 -504 6 -394 -438 -367 -400 -210 -39 -508 -114 0
-440 -487 -160 -457 -438 -139 -403 -425 -21 -94 -40 -511 6 -367 -210 -508 -466 -460 -495 -28 -170 -364 -382 -5 -259 -58 0
424 122 -139 -354 -113 -403 -425 -21 -187 -143 -444 -257 -94 -280 -150 -92 -473 -184 -500 -525 -516 -115 -460 -495 0
426 -69 -495 -139 -210 -11 -287 -262 -257 -248 -403 -364 -382 -5 -259 -58 0
-407 -123 -139 -160 -403 -425 -21 -94 -40 -511 6 -438 -367 -210 -39 -508 -466 -460 -495 -11 -287 -262 -257 -248 -364 -382 -5 -259 -58 0
405 -476 -21 -94 -425 -92 0
82 -11 -139 -160 -403 -425 -21 -94 -40 6 -438 -367 -210 -508 -495 -460 -364 -382 -5 -259 -58 -128 -457 -170 0
-269 -113 -257 -139 -354 -123 -403 -425 -21 -187 -143 -444 -94 -280 -150 -92 -473 -184 -500 -525 -516 -115 -69 -495 -210 -270 0
406 -123 -441 -184 -513 -92 -516 -139 -385 -257 -170 -39 -364 -382 -5 -259 -58 -403 -21 -468 -425 -460 -495 -210 -354 -187 -143 -94 -473 -500 -115 -160 -394 -489 -438 0
407 -11 -210 -495 -94 -425 -92 -21 -403 -128 -277 -457 -438 0
-11 -170 -438 -139 -385 -460 -364 -382 -5 -259 -58 -403 -21 -425 -495 -210 -94 -160 -128 -457 -40 -508 -83 -367 0
-269 -172 -500 -324 -210 258 -495 -69 -139 0
122 -217 -71 -455 -479 -39 -441 -502 -495 -210 -160 -500 -324 258 -139 -460 0
-170 -160 -495 -83 -210 -367 -385 -21 -460 -139 -40 -128 -508 -457 -364 -382 -5 -259 -58 -403 -425 -438 -94 0
-160 -364 -495 -128 -457 -438 -139 -210 -94 -425 -21 -403 -83 -460 -382 -5 -259 -58 -367 -508 -385 -40 0
-352 -355 -501 -152 -492 -523 -174 -504 -292 -460 -495 -147 -21 -425 -364 -382 -5 -259 -58 -403 -354 0
494 -523 -155 -507 -460 -143 -367 -286 -385 -210 -178 -174 -115 0
121 -504 -40 -425 -174 -495 -155 -507 -460 -143 -367 -210 -115 -441 -508 -473 -258 -501 -152 -492 -385 -292 -147 -21 -364 -382 -5 -259 -58 -403 -354 0
461 -258 -83 -40 -487 -364 -382 -5 -259 -58 -403 -408 -425 -438 -21 0
-364 -457 -425 -495 -460 -367 -210 -508 -385 -21 -382 -5 -259 -58 -403 -83 -438 -128 -40 -139 -94 0
270 -160 -385 -465 -366 -400 -382 -258 -5 -259 -353 -367 -115 -40 -169 -30 -249 -172 -184 -513 -515 -128 -457 -315 -408 -147 -489 -503 -507 0
406 -237 -441 -121 -385 -367 -169 -40 -128 -508 -457 -460 -10 -438 0
122 -441 -38 -508 -357 -237 0
-160 -158 -390 -94 -187 -477 -92 -367 -508 -385 -40 -169 -465 -366 -400 -382 -258 -5 -259 -353 -115 -156 -507 -460 -38 -438 -408 -128 -457 -10 -249 -172 -184 -513 -267 -515 -315 -210 -147 -268 -30 -489 -503 0
354 -38 -508 -40 -30 -147 -385 -503 -367 -151 -128 -263 -460 -438 -489 -390 -94 -477 -92 -169 -465 -382 -258 -5 -259 -353 -115 -457 -172 -513 -267 -315 -210 -268 6 -521 -58 0
161 -390 -94 -477 -92 -440 -457 -438 -408 -489 0
493 -258 -457 -489 -94 -438 -367 -385 -508 -139 -40 -128 -30 -151 -460 -382 -5 -259 -513 -210 6 -58 -91 -403 -21 -468 -425 0
406 -502 -259 -128 -403 -425 -151 -139 -269 -258 -40 -508 -30 -94 -21 -68 -460 -489 -438 0
270 -262 -403 -425 -151 -502 0
-258 -30 -425 -385 -21 -460 -40 -508 -210 -403 -151 -128 -457 -259 -139 -94 -489 -438 -468 -495 -367 -382 -5 -513 6 -58 -91 0
424 -476 -94 -425 -21 -403 -262 -113 258 -69 -210 -500 -495 -172 -139 0
162 -69 -441 -468 -495 258 -508 -210 -500 -139 -151 -91 -403 -425 -94 -21 -113 -128 -457 -525 -123 0
406 -91 -385 -170 -39 -403 -21 -468 -425 -460 -495 -441 258 -508 -210 -500 -139 -151 -94 -128 -457 -489 -438 0
268 -271 -118 -39 -460 -468 -315 -121 -479 -324 -217 -441 -71 -495 -210 -160 -500 -455 258 -139 -147 0
426 -185 -94 -112 -473 -367 -385 -479 -170 -39 -21 -468 -460 -495 -210 -118 -121 -217 -441 -71 -160 -500 258 -139 -197 -10 -262 -403 0
-457 -83 -128 -438 -382 -58 -94 -495 -21 -425 -367 -385 -460 -139 -403 -508 -40 -259 -5 -210 0
309 -10 -438 -5 0
510 -160 -460 -21 -385 -367 -438 -406 -382 -5 -259 -58 -403 -425 -264 -139 -514 -495 -269 -258 -40 0
161 -364 -5 -259 -438 -514 -487 0
424 -288 -382 -5 -438 -259 -225 -406 -210 -514 -269 -160 -83 -460 -495 -29 -21 0
494 -118 -288 -315 -210 -147 -382 -269 -259 -160 -514 -525 -460 -67 0
-160 -269 -258 -139 -514 -210 -495 -382 -259 -460 -438 -406 -367 -264 -83 -385 -21 -403 -40 -425 -5 -225 -439 -508 -58 0
170 -196 -406 -487 -367 -83 -385 -30 0
493 -487 -5 -382 -259 -58 -403 -367 -258 -385 -40 -406 -83 -264 -21 -425 -460 0
364 -487 -406 -83 -5 0
-408 -68 -58 -94 -514 -382 -21 -259 -385 -460 -5 -83 -40 -258 -487 -403 -425 -438 -406 0
160 -258 -264 -367 -385 -382 -94 -259 -225 -21 -58 -139 -83 -460 -495 -425 -438 -5 -514 -40 -403 -406 0
-258 -514 -259 -425 -403 -495 -139 -210 -382 -460 -438 -406 -367 -264 -83 -385 -21 -40 -5 -225 -439 -508 -58 -94 0
-408 258 -210 -500 -495 -139 -295 -367 -264 -403 -162 -83 -425 -406 -5 -365 -308 -438 -400 0
-83 -21 -259 -438 -58 -382 -139 -460 -495 -5 -425 -210 -367 -403 -508 -40 -385 -94 -128 0
-514 494 -210 -382 -269 -259 -160 -118 -460 -385 -21 -40 -425 -309 -508 -367 -438 -258 -5 -58 -403 -406 -139 -495 -128 -458 -515 0
405 -441 -508 -94 -29 -21 -425 -91 0
96 -223 -173 -186 -390 -521 -112 0
494 -269 -258 -40 -508 -112 -94 -10 -91 -403 -21 -425 -128 -458 -210 -382 -259 -160 -118 -460 -385 -309 -367 -438 -5 -58 -406 -139 -495 -515 0
-514 -267 -315 -403 -92 -128 -172 -210 -236 -479 -367 -39 -197 -247 -508 -460 -21 -385 -438 -258 -382 -5 -259 -58 -425 -406 -139 -269 -495 -160 -40 -263 -353 -458 -515 0
509 -121 -236 -357 -441 -39 0
161 -160 -382 -259 -258 -367 -385 -91 -403 -40 -508 -425 -151 -128 -458 -210 -479 -197 -460 -21 -438 -5 -58 -406 -139 -495 -118 -112 -94 -10 -309 0
-269 -515 -270 -258 -40 -508 -112 -94 -10 -91 -403 -21 -425 -128 -458 -210 -382 -259 -160 -118 -460 -385 -309 -367 -438 -5 -58 -406 -139 -495 0
-515 -270 -495 -258 -40 -508 -112 -94 -10 -91 -403 -21 -425 -128 -458 -210 -382 -259 -160 -118 -460 -385 -309 -367 -438 -5 -58 -406 -139 -151 -516 0
-441 -173 -521 -112 -94 -224 -128 -91 -458 -403 -440 -508 -29 -21 -425 0
426 494 -118 -21 -210 -525 -382 -269 -259 -160 -514 -460 -288 -40 509 0
-269 -160 -10 -94 -309 -21 -425 -118 -210 -382 -259 -112 -514 -460 -40 -521 -224 -128 -91 -458 -403 -508 -29 -312 -385 -367 -277 -495 -258 -270 0
-160 -10 -425 -495 -258 -403 -94 -21 -118 -210 -382 -259 -112 -460 -40 -128 -458 -508 -385 -367 6 -58 -438 -5 -406 -139 -479 -197 0
274 -477 -112 -94 -390 0
516 -274 -235 -479 -39 -508 -40 -169 -385 -367 -197 -263 -58 -128 -382 -458 -259 0
-441 -65 -403 -425 -151 270 -507 -295 -128 -525 -210 -495 -94 -277 -21 407 -92 -438 -521 -224 -91 -440 -508 -29 0
493 270 -235 -403 -425 -151 -128 -210 -495 -94 -21 407 -438 -91 -508 -29 -367 -385 6 -40 -58 -258 -382 -259 -139 -514 -467 -460 0
516 -274 -479 -235 -508 -40 -385 -367 -197 -263 -58 -128 -382 -458 -259 -29 -441 0
-441 -173 -40 -508 -259 -258 -112 -94 -128 -91 -458 -403 -29 -21 -425 -514 -479 -235 -385 -367 -197 -58 -382 0
516 -68 -460 -385 -21 -40 509 -425 -309 -58 -382 -259 -122 0
424 -295 -112 -10 -94 -309 -21 0
270 6 -58 -94 -460 -367 -385 -21 -403 -40 -425 -467 -382 -259 -139 -514 -128 -508 -235 -258 -91 -29 -495 -151 -210 407 -438 0
269 -467 -425 -495 0
514 -458 -259 -258 -367 -385 -91 -403 -40 -508 -425 -151 -128 -382 -210 -460 -21 -438 -5 -58 -139 -495 -112 -94 -10 -309 -408 -263 -162 0
-458 510 -21 -385 -367 -438 -258 -382 -5 -259 -58 -403 -425 -460 -139 -495 -40 -94 -128 -508 6 -91 -151 -210 -515 -112 -10 -309 -263 0
510 426 -112 -438 -441 -21 -385 -367 -258 -382 -5 -259 -58 -403 -425 -460 -139 -495 -40 -128 -508 -210 -94 0
-458 -235 -94 -460 -367 -385 -21 -403 -40 -425 -382 -259 -139 -58 -128 -508 -258 -495 -210 -438 -112 -5 -197 -263 -457 0
93 -407 -112 -438 -94 -5 -475 -365 0
426 -258 -382 -259 -5 -112 -438 -94 -460 -367 -385 -21 -403 -40 -425 -139 -128 -508 -58 -495 -210 -441 0
-258 -112 -94 -460 -367 -385 -21 -40 -425 -382 -259 -139 -58 -128 -508 -495 -210 -438 -403 -5 -441 0
522 -382 -58 0
4 -309 -259 -58 -365 -382 0
262 -139 -94 -460 -367 -385 -21 -403 -40 -425 -382 -259 -58 -128 -508 -258 -91 -495 -210 -438 -112 -458 -5 0
-139 -91 -382 -58 -112 -94 -21 -460 -438 -425 -403 -367 -385 -40 -128 -508 -258 -259 -495 -210 -458 -5 0
459 -100 -425 -438 -403 -112 -29 -94 -269 -495 -210 -91 -440 -128 -458 -508 -21 -5 -514 0
408 -264 -367 -403 -385 -425 -171 -21 -94 -112 -438 -5 0
424 -311 -259 -58 -382 -309 -112 -10 -94 -21 0
297 -335 -191 -465 -97 -281 -376 -94 -309 -322 -112 -10 0
-258 -91 -382 -259 -94 -112 -367 -58 -385 -403 -40 -425 -21 -438 -5 -128 -458 -495 -210 -508 -460 0
83 -400 -385 -210 -367 -170 -270 -5 -425 -495 -259 -58 -309 -382 -30 0
4 -514 -367 -403 -425 -21 -94 -112 -438 -5 -385 -128 -460 -259 -458 -58 -309 -382 0
-457 407 -218 -247 -71 -350 -39 -418 -367 -385 -170 -91 -403 426 -425 -495 -460 -270 -210 -500 -224 -128 -94 -292 -21 -277 -438 -458 0
407 -224 -170 -460 -385 -495 -367 -500 -21 -128 -218 -247 -71 -350 -39 -418 -91 -403 426 -425 -270 -210 -94 -292 -277 -438 -458 0
515 -408 -128 -460 -458 -438 -500 -170 -385 -495 -367 -21 -247 -71 -350 -39 -418 -91 -403 426 -425 -270 -210 -94 -292 -277 0
426 -309 -21 -385 -495 -367 -94 -58 -5 -128 -382 -458 -259 -460 -438 -91 -403 -425 -210 -112 -508 -40 0
-309 -91 -128 -438 -112 -94 -21 -259 -5 -382 -367 -403 -425 -385 -460 -458 -58 -495 -508 -40 -210 0
309 -5 -112 -21 -460 -425 -438 -94 0
424 -92 -495 -94 -425 -210 -21 -403 -128 -438 -508 -259 -58 -382 -309 -112 -5 -475 0
406 -122 -385 -460 -367 -438 -198 0
114 -501 -40 -508 -174 -312 -388 -296 0
268 -79 -271 -502 -292 -210 -147 0
269 -169 -241 -376 -218 -296 -324 -303 -455 -277 -479 -367 -385 -508 -253 -501 -40 -174 -256 -210 -425 -495 0
270 -408 -40 -460 -382 -5 -259 -58 -403 -364 -425 -438 -21 -122 -495 -441 -367 -210 -473 -115 -508 -174 -501 -143 -492 -385 -292 -147 -354 -161 0
-457 -253 -21 -495 -367 -385 -508 -460 -40 -256 -210 -425 -382 -5 -259 -58 -403 -364 -438 -147 -354 -94 -92 -128 -184 -400 -263 -458 0
-5 -460 -112 -367 -403 -425 -21 -438 -385 -128 -94 -259 -458 -58 -382 -495 -508 -40 -210 0
426 -243 -94 -112 -259 -439 -365 -508 -40 -385 -320 -367 -401 -198 -522 -264 -403 0
-460 -367 -385 -382 -58 -495 -21 -425 -94 -112 -259 -508 -40 -403 -128 -458 -438 -210 0
460 -438 -94 -112 -21 0
436 -407 -5 0
264 -196 -149 -259 -382 -394 -58 -353 -309 -515 -40 -169 -385 -367 -297 -438 -11 0
-197 6 -169 -508 -385 -407 -394 -438 -40 -400 -263 -367 -196 0
-408 -128 -5 -382 426 -259 -58 -403 -390 -476 -385 -367 -169 -40 -508 -457 -460 -438 -440 -407 -394 -400 -149 -309 -515 -297 0
-128 -5 -21 -58 -382 -438 -495 -259 -425 -210 -367 -403 -508 -40 -385 -94 -112 0
4 -5 -367 -403 -385 -425 -40 -21 -94 -112 -438 -495 -382 -259 -58 -458 0
274 -91 -477 -112 -94 0
515 -236 -160 -123 0
514 -184 -513 -224 0
424 -224 -112 -94 -367 -40 -508 -242 -263 -259 -58 -382 -309 -21 -5 -438 -495 0
-407 -196 -385 -367 -438 6 -508 -394 -40 -400 -263 -224 -21 -94 -112 -458 -5 0
-122 -73 -57 -242 -191 -274 -443 -237 -460 -385 -21 -40 516 -425 509 -58 -382 -259 -309 0
113 -237 -23 -191 -507 -525 -460 -57 -242 -274 -187 -385 -21 -40 516 -425 509 -58 -382 -259 -309 -281 -94 0
324 -77 -479 -38 -74 -466 -281 -259 -425 -403 -495 -264 -210 -382 -460 -438 -258 -367 -406 -514 -385 -21 -40 -5 -225 -439 -508 -58 -94 -97 -103 -180 -149 -200 0
19 516 -425 -403 -495 -264 -210 -382 -438 -367 -514 -385 -21 -40 -5 -508 -58 -94 -112 -259 0
516 -514 -495 -508 -21 -425 -403 -264 -210 -382 -438 -367 -40 -385 -5 -58 -94 -112 -259 0
20 -155 -23 -187 -143 -507 -191 -525 -122 -281 -112 -460 -94 0
462 -55 -112 -94 -274 -92 -73 -191 -525 -495 -443 -122 -67 0
493 -218 -273 -23 -155 -118 -191 -63 -357 -159 297 -281 -94 -309 -322 -112 -10 -55 -38 -518 -274 -92 -196 -406 -367 170 -385 -30 -237 -161 -269 0
515 -479 -191 -63 -281 -94 -309 -322 -112 -10 -92 -224 -495 -273 -23 -118 -518 -196 -406 -367 -385 -30 -525 -460 -242 -296 -508 -40 -171 -21 -187 -143 -507 -58 -382 -353 -259 0
-514 -264 -508 -21 -425 -403 -495 -210 -382 -438 -367 -40 -385 -5 -58 -94 -112 -259 0
123 -160 -441 -121 -425 -495 -508 -84 -210 -40 -30 -174 -171 -525 -21 -460 0
-264 -5 -94 -508 -40 -21 -495 -425 -210 -403 -382 -438 -367 -385 -112 -58 -259 0
171 -173 -224 -210 -277 -367 -385 -40 0
494 -479 -191 -281 -112 -94 -92 -242 -296 -224 -259 -122 -277 -514 -460 -385 -21 -40 -425 -58 -382 -309 -367 -508 -30 -169 -210 -67 0
139 -201 -324 -150 -103 -420 0
515 -139 -257 -259 -353 0
-139 -170 -5 -268 -385 -210 -367 -309 -406 -425 -495 -259 -58 -400 -382 -30 -403 -262 -17 -366 -100 -514 -257 -353 0
-170 -103 -187 -191 -193 -324 -455 -479 -425 -495 -268 -420 -5 -385 -210 -367 -309 -406 -259 -58 -400 -382 -30 -403 -262 -366 -514 -353 -281 -94 -242 -112 -296 -303 -277 -40 -508 -169 0
516 -296 -242 -112 -525 -191 -507 -23 -460 509 -187 -385 -21 -40 -425 -58 -382 -259 -309 -281 -94 -92 -366 -458 -122 0
-122 -514 -425 -112 -94 -495 -67 -382 -259 -403 -385 -21 -40 -58 -367 -508 -5 -210 -169 -438 0
-514 -169 -425 -508 -40 -495 -5 -385 -210 -367 -259 -58 -382 -94 -112 -403 -438 -67 -21 0
-270 -488 -160 -84 -268 -385 -210 -367 -309 -170 -5 -425 -495 -259 -58 -400 -382 -30 0
407 -257 -5 -382 426 -259 -58 -403 -153 -160 -84 -268 -385 -210 -367 -309 -170 -425 -495 -242 -295 -12 -438 0
-407 6 -367 -438 -385 -508 -394 -40 -400 -263 -224 -21 -94 -112 -458 -5 0
-67 -122 -425 -112 -94 -495 -514 -382 -259 -403 -385 -40 -58 -367 -508 -5 -210 -21 -438 0
-122 -270 -39 -495 -21 -425 -112 -94 -514 -382 -259 -403 -385 -40 -58 -367 -508 -5 -210 -438 0
-270 -514 -5 -259 -210 -495 -21 -425 -112 -94 -382 -403 -385 -40 -58 -367 -508 -438 -170 0
-352 -312 -242 -296 -259 -153 -5 -382 426 -58 -403 0
-170 -5 -385 -367 -210 -425 -495 -259 -58 -382 -21 -112 -94 -403 -40 -508 -438 0
-5 -40 -94 -425 -495 -508 -210 -112 -21 -385 -367 -259 -58 -382 -403 -438 0
269 -160 -259 -367 -385 -144 -170 -403 426 -460 -514 -495 -365 0
268 -122 -21 -460 -170 -385 -39 -367 -277 -292 -495 -210 -147 0
366 -276 -263 -295 -94 -112 -500 -419 -225 -21 -210 -460 -277 -523 -367 -385 -170 -30 -92 -82 0
-160 -122 -112 -495 -94 -460 -367 -385 -144 -170 -403 426 -365 -21 -210 -277 -312 -259 -500 -514 -489 -257 -268 0
-20 -122 -112 -210 -94 -277 -514 -312 -367 -259 -385 -365 -170 -144 -403 426 -21 0
-122 -257 -403 -425 -198 -514 -367 -365 -259 -385 -495 -460 -112 -210 -94 -277 -312 -170 -144 426 -21 -489 -500 -39 -292 0
173 -302 -263 -475 -295 -94 -112 -388 -225 0
106 -183 -66 0
-170 -514 -277 -385 -94 -112 -144 -403 426 -21 -460 -495 -382 -506 -259 -367 -425 -198 -365 -210 -489 -292 -40 -508 0
524 -151 -403 -425 -147 -262 -292 -269 -495 -340 -122 -67 -490 -460 0
515 -173 -67 -210 -315 -382 -259 -147 -514 -460 -525 -518 -438 5 -58 -77 -403 -425 -262 -292 -122 -153 -112 -94 -258 -440 -353 -501 -495 -225 0
269 -444 -191 -187 -112 -23 -94 -144 -255 -390 -92 -108 -153 -440 -431 -365 -287 -82 -210 -425 -495 0
-173 -225 -94 -403 -425 -262 -23 -82 -210 -495 -247 -258 -385 -21 -40 509 -122 -58 -382 -259 -309 -514 -67 -525 -518 -438 5 -77 -501 -112 0
-225 -122 -94 -403 -425 -262 -23 -82 -210 -495 -247 -258 -385 -21 -40 509 -501 -58 -382 -259 -309 -514 -67 -525 -518 -438 5 -77 -112 0
225 -247 -147 -315 -403 -425 -262 -210 -521 -112 -94 -92 -258 -296 -440 -365 -353 -311 -459 -259 -514 0
-514 -309 -259 -94 -403 -425 -210 -495 -385 -21 -40 -58 -382 -438 -112 -367 -508 0
-66 -108 -183 0
174 -20 -425 -198 -367 -385 -40 -144 -403 426 -365 -259 -382 -118 -183 0
-170 -286 -103 -392 -282 -187 -455 -489 -480 -193 -84 -241 -425 -495 -268 -296 -303 -160 -277 -144 -237 -259 -367 -112 -440 -40 -508 -174 -501 -365 -385 -20 -403 426 -169 0
123 -103 -94 -365 -403 -425 -495 -508 -210 -40 -21 -460 -112 -282 -187 -489 -480 -277 -144 -259 -367 -440 -385 426 -10 -128 -184 514 -198 -382 -118 -506 0
366 -232 -415 -144 -350 -103 -156 -480 -118 -39 -356 -315 -292 -147 -403 -425 -71 -276 -475 -353 -94 -10 -257 -139 -495 -269 -69 -112 -263 -277 -210 -500 -490 -128 -367 -385 -40 -223 -58 -184 -170 -382 -312 -511 -30 -259 -92 -82 0
-170 -92 -94 -112 -365 -144 -103 -156 -480 -118 -356 -315 -292 -147 -403 -425 -353 -10 -139 -495 -69 -263 -277 -210 -490 -128 -367 -385 -40 -223 -58 -184 -382 -511 -30 -259 -489 -160 -236 -440 -508 0
243 -376 -324 -139 -296 -100 0
-309 -40 -425 -495 -210 -367 -508 -385 -403 -259 -382 -94 -112 -58 -21 -438 0
270 -91 -353 -403 -389 -28 -173 -82 -66 -467 -17 -313 -145 0
364 -430 -508 -515 -21 -460 -385 -170 -367 -277 -292 -495 -210 -123 -66 -525 -118 -506 -173 -389 -145 -403 -263 -198 -269 -353 -28 -467 -17 -313 0
268 -28 -508 -40 -84 -489 -515 -123 -525 -173 -94 -112 -477 -93 -403 -263 -198 -367 -277 -210 0
-40 -495 -210 -508 -94 -112 -403 -21 -385 -367 -259 -382 -425 -58 -438 0
172 -279 -403 -425 -438 -21 -460 -522 -524 -210 0
-122 -365 -302 -24 -403 -425 270 -198 -522 -382 -112 -210 -94 -277 -170 -514 -367 -259 -385 -21 -438 -121 0
-365 -91 -24 -403 -425 -259 -58 -382 -112 -21 -438 -94 -505 -108 -514 -302 270 -198 -210 -277 -170 -367 -385 -121 0
-91 -302 -472 -184 -30 -367 -385 -170 -403 -425 -438 -21 -121 -514 -353 -259 -24 -58 -382 -112 -94 -505 -108 -179 270 -198 -210 -277 0
-365 -309 -382 -505 -259 -58 -108 -364 0
-277 -353 -438 -121 -514 -259 -382 -505 -58 -108 -425 -21 -403 -112 -94 -390 -472 -184 -30 -367 -385 -170 -198 -24 -179 270 -210 -279 0
123 -365 -522 -367 -385 -170 -403 -382 -319 -425 -259 -438 -21 -514 -460 0
-365 -319 -58 -382 -112 -21 -425 -438 -94 -259 -505 -108 -514 -121 -367 -385 -170 -403 0
-319 -121 -438 -514 -382 -259 -58 -112 -21 -425 -94 -505 -108 -367 -385 -170 -403 0
261 -365 -70 -94 -112 -302 -198 -24 -403 -367 -385 -170 -425 -438 -495 -256 -268 -121 -58 -259 -382 -21 -505 -108 -514 -210 -349 0
-365 -170 -385 -367 -403 -24 -382 -505 -259 -58 -108 -425 -495 -438 -121 -514 -21 -112 -94 -390 -472 -184 -30 -198 -179 -210 -279 -70 -256 -349 0
-170 -173 -367 -385 -403 -94 -112 -259 -425 -495 -438 -382 -58 -21 -472 -210 -70 -256 -499 -349 -169 0
269 364 -406 -5 -162 -425 -495 0
68 -303 -311 -103 -394 -263 -10 -335 -191 -281 -97 -94 -309 -465 -112 -141 -256 -499 -269 -173 -495 0
461 -123 -525 0
-5 -311 -103 -394 -263 -10 -335 -191 68 -97 -94 -309 -112 -141 -256 -499 -173 -495 -92 -278 -162 -425 -365 -400 -438 -197 -4 0
260 -514 -82 -210 -425 -495 -349 -256 -263 -197 -438 -394 -335 -191 -97 -94 -309 -112 -499 -173 -92 -278 -400 -4 -67 -460 -525 -58 -365 -382 0
-262 -362 -253 -151 -403 -425 -67 -147 -292 -269 -495 -122 524 -490 -460 -263 0
12 -149 -200 -394 -322 -312 -343 -296 0
357 -292 -315 -147 -267 0
-123 -269 -140 364 -5 -438 -394 -312 -303 -253 -403 -425 -67 -147 -292 -63 -495 -122 -460 -263 -465 -161 -499 -224 -23 -173 -155 -507 -525 -357 0
268 -333 -247 -315 -118 -210 -382 -67 -259 -269 -147 -514 -460 -525 -495 0
-262 -108 -118 -112 -333 -315 -243 -147 -127 -10 -403 -425 270 -151 -263 0
96 -273 -166 -349 -200 -191 -465 -187 -143 -23 -155 -118 -26 -281 0
-269 -187 -312 -477 -112 -94 -349 -191 -465 -508 -143 -23 -155 -303 -197 -315 -147 -403 -425 -263 -159 -518 -274 -161 -247 -210 -382 -67 -259 -514 -460 -525 -495 -499 -224 -173 -5 -438 -140 364 -394 -253 -292 -63 -122 -507 -357 0
264 -376 -94 -112 -335 -191 -77 -97 -309 -465 -57 -438 -243 -408 -385 -460 -367 -122 -127 0
121 -490 -340 -525 -357 0
-5 -312 -29 -112 -94 -521 -403 -173 -508 -21 -425 -309 -412 -335 -191 -97 -465 364 -438 -67 -525 -263 -77 -57 -385 -367 -253 -499 -495 515 -259 -353 -210 -147 -477 -349 -23 -155 -197 -315 -159 -518 -274 -247 -382 -514 -394 -267 -278 -400 -4 0
-514 -365 -112 -438 -94 -403 -508 -21 -425 -385 -367 -495 -259 -210 -382 -58 -173 0
174 -223 -499 0
172 -67 -460 -525 -495 0
270 -343 -394 -200 -312 -94 -278 -438 -400 -197 -263 -112 -5 -367 -403 -385 -425 -171 -21 -152 -489 -503 -161 0
68 -263 -200 -152 515 -259 -353 -147 -394 -312 -94 -278 -438 -400 -197 -112 -5 -367 -403 -385 -425 -171 -21 -489 -468 -495 0
-243 -376 -112 -335 -191 -77 -97 -309 -408 -94 -438 264 -385 -460 -367 -122 -127 -390 -92 0
264 -292 -357 -349 -420 -508 -394 -312 -112 -335 -191 -77 -97 -309 -408 -94 -438 -385 -460 -367 -127 -390 -92 515 -259 -353 -425 -495 -270 -147 -210 -197 -152 -10 0
-269 -247 -315 -118 -210 -382 -67 -259 -333 -147 -514 -460 -525 -495 -270 0
-173 -495 -382 -259 -210 -508 -112 -94 -438 -385 -367 -425 -403 -21 -58 0
-200 -312 -394 -296 -112 -94 -166 -349 -273 -191 -465 -187 -143 -23 -155 -118 -26 -281 -201 0
123 -5 -210 -495 -94 -425 -21 -403 -438 -322 -112 -196 -367 -385 -301 -58 -382 -508 -259 -162 0
-197 -312 -322 -94 -309 -112 -10 -92 -296 -394 -438 -400 -263 -191 -259 -140 -514 -123 -30 -524 -169 -385 -5 -367 -196 0
197 -5 -367 -385 -184 -403 -425 -438 -21 270 -514 -277 -259 -58 -382 -112 -94 -210 426 -20 -524 -389 -472 0
-5 -322 -259 -438 -508 -94 -112 -10 -385 -367 -196 -301 -403 -425 -21 270 -58 -382 -210 -495 0
262 270 -385 -403 -438 -259 -508 -94 -112 -425 -21 -367 -58 -382 -210 -495 0
365 -247 -107 -286 -182 -67 -30 -460 -121 -466 -514 -382 -504 -259 -153 0
352 -182 -107 -112 -118 -296 -332 -242 -315 -147 -153 -403 -425 270 -262 -366 -286 -67 -30 -460 -121 -466 -514 -382 -259 0
-525 -420 -67 -460 -140 -514 -259 -353 -107 -112 -118 -296 -332 -242 -315 -147 -153 -403 -425 270 -262 -366 -286 -30 -466 -382 -507 -524 0
-365 -484 -24 -17 -187 -403 -425 270 -262 -112 -210 -94 -122 -277 -514 -367 -259 -385 -312 426 -170 -20 -21 -366 0
11 -5 -385 426 -403 173 -225 -94 -112 -508 -425 270 -262 -210 -259 -21 -140 -201 -367 -382 -58 -67 -466 -438 -343 0
10 -514 -259 -524 -382 -460 -58 -438 -309 0
-5 -406 -4 -83 -365 -487 0
-122 -365 -508 -83 -112 -210 -94 -277 -514 -367 -259 -385 426 -403 -20 -21 -400 -4 -487 -438 -524 -123 0
-5 -365 -438 -94 -112 -441 -92 -459 -4 -83 -487 0
-91 -441 -508 -38 -92 -276 -356 -112 -94 -315 -147 -292 0
516 -83 -225 -94 -112 -367 -385 -508 -169 173 -38 -292 -210 -259 426 -403 -20 -21 -438 -58 -382 -161 0
-123 -187 -286 -201 -418 -94 -107 -67 -367 -385 426 -403 515 -524 -508 -83 -112 -210 -277 -514 -259 -21 -400 -365 -438 -4 0
-420 -312 -112 -394 -94 -201 139 -309 -10 -343 0
269 -495 -94 -259 -367 -385 -508 -210 -403 -21 -438 -58 -382 -425 -112 0
-312 -122 -94 -480 -58 -382 -365 -506 -112 -259 -162 -524 -367 -514 -385 -140 -210 -144 -277 426 -403 -20 -21 -201 -420 -10 -343 0
-122 -524 -367 -385 -277 -303 -514 -296 -259 -94 -480 -58 -382 -365 -506 -112 -162 -140 -210 -144 426 -403 -20 -21 -201 -420 -10 -343 0
-495 -210 -385 -259 -94 -58 -382 -112 -367 -403 -21 -438 -508 -425 0
516 -93 -365 -403 -197 -508 -438 -21 424 -40 -259 -58 -382 -112 -94 -499 -223 -160 0
524 -365 -94 -112 -259 -514 -403 -508 -438 -21 424 -58 -382 -270 -367 -210 -385 -174 0
523 -514 -385 -367 -468 -345 -438 -58 -21 424 -259 -382 -112 -94 -270 -210 -117 -174 0
-514 -210 -259 -58 -382 -112 -94 -21 -425 -438 -385 -403 -367 -508 0
261 -365 -224 -522 -83 -382 514 0
260 -286 -439 -457 -183 -438 -382 -259 -58 424 -112 -94 -21 0
-210 -367 -259 -438 -58 -112 -94 -21 -425 -385 -403 -382 -508 0
-20 -118 -65 -174 -281 -94 -112 -155 -302 -10 -24 -262 -91 -187 -403 -367 -385 -170 -425 -21 0
6 -122 -65 -174 -94 -112 -155 -91 -403 -367 -385 -425 -21 -438 -259 -514 -382 -58 -309 -279 -400 0
261 -365 -279 -403 -425 -174 -94 -112 -385 -21 -438 -259 -514 -382 -58 -367 0
-5 -263 -174 -225 -495 -459 -270 -162 -425 -385 -460 -367 -438 -122 -279 -365 -400 -4 0
172 -306 -10 -420 -150 -147 -179 -270 -115 -495 -225 0
-309 -10 -425 -311 -225 -94 -112 -508 -21 -365 -523 -385 -367 -400 -459 -162 -438 -122 -403 -259 -58 -382 0
-10 -523 -367 -385 -21 -400 -425 -438 -311 -225 -94 -112 -508 -365 -459 -162 -122 -403 -259 -58 -382 0
10 -308 -21 -425 -438 -94 -112 0
-5 -156 -385 -403 -367 -174 -225 -459 -270 -162 -425 -438 -279 -365 -400 -259 -58 -382 -311 -112 -10 -94 -21 0
-122 -400 -385 -21 -367 -425 -438 -311 -225 -94 -112 -508 -365 -459 -162 -10 -403 -259 -58 -382 -123 0
426 -311 -508 173 -225 -94 -112 -302 -365 -425 -270 -93 -403 0
405 -42 -508 -170 -311 -334 -296 -285 -302 -216 -263 -190 0
-365 -514 -112 -403 -508 -21 -425 -385 -367 -438 -259 -58 -382 -94 0
223 -263 -10 -152 -112 -312 -94 -394 -309 515 -259 -353 -147 -270 -495 -174 0
172 -295 -385 -367 -279 -94 -174 -112 -65 -155 -403 -425 -21 -438 -259 -514 -382 -58 -400 -5 -122 -10 -263 -152 -315 -147 -270 -495 0
-311 -10 -94 -112 -367 -508 -403 -385 -425 -21 -438 -259 -514 -382 -58 0
4 -10 -122 -367 -403 -425 -5 -21 -94 -112 -438 -385 0
-263 -39 -425 -42 -270 -94 -174 -385 -367 -279 -112 -65 -155 -403 -21 -438 -259 -514 -382 -58 -400 -5 -10 -152 -312 -394 515 -296 0
-10 -514 -425 -403 -94 -385 -367 -112 -438 -259 -21 -382 -58 -508 0
-514 -367 -21 -94 -112 -438 -259 -382 -58 -403 -385 -425 -508 0
123 -5 -425 -270 -522 -403 -174 514 -438 -21 -460 0
424 -356 -270 -5 514 -224 -438 -112 -382 -94 -508 -259 -494 -21 -58 -10 -309 0
-5 -10 -94 -508 -438 514 -425 -270 -403 -382 -259 -21 -58 -112 -174 0
123 -187 -489 -480 -170 -103 -282 -425 -160 -277 -144 -259 -367 -112 -440 -508 -174 -365 -385 -403 426 -10 -128 -94 -302 -270 -93 -21 -524 -460 0
-309 -480 -489 -282 -425 -160 -259 -367 -112 -440 -508 -174 -365 -385 -403 -10 -21 -270 -460 -128 -94 -382 -58 -121 -279 -320 -401 -308 0
-10 -367 -112 -403 -94 -21 -382 -425 -58 -259 -508 -385 -438 0
-367 -385 -259 -382 -58 -425 -403 -21 -94 -112 -508 -438 0
424 -174 -205 -5 -438 -112 -514 -382 -94 -259 -21 -58 -10 -309 0
523 -122 -259 -353 -425 -495 -270 -514 -460 -174 -304 0
172 -420 -322 -179 -115 -495 -225 0
525 -514 -259 -353 -5 -425 -495 -304 -147 -270 -174 -184 -263 -205 -196 -400 -438 -21 -460 -385 0
173 -92 -94 -112 -5 -438 -259 -58 -309 -382 -514 -425 -495 -270 -353 -460 -174 -304 -525 0
-174 -5 -438 -508 -112 -94 -385 -270 -21 -259 -58 -382 -425 -403 -10 0
515 -254 -353 -501 -525 121 -357 -259 -225 0
493 -447 -94 -112 -382 -438 -22 -259 -5 -425 -495 -514 -501 -525 121 -225 -506 -58 -10 -304 -171 -403 -21 -270 0
426 -355 6 -467 -522 -91 -502 -508 -403 -145 -170 -40 0
524 -122 -508 -259 -58 -382 -10 -112 -94 -21 -425 -403 -5 -438 -270 -514 -385 0
123 -514 -495 -259 -425 -270 -210 -333 -382 -304 -460 -525 -403 -438 -21 0
-122 -514 -259 -58 -382 -10 -112 -94 -21 -425 -403 -5 -438 -270 -508 -385 0
189 -465 0
96 -74 -191 -5 -444 -438 -112 0
-514 -5 -94 -112 -438 -425 -270 -21 -403 -58 -382 -259 -10 -508 -385 0
424 -122 -403 -525 -112 -94 -5 -438 -382 -58 -10 -259 -309 -21 0
-123 -170 -58 -5 -438 -112 -191 -94 -382 -21 -385 -68 -525 -122 0
123 -304 -259 -425 -270 -495 -382 -514 -460 -525 -403 -438 -21 -122 -353 0
-122 -68 -438 -112 -58 -94 -382 -21 -5 -525 -259 -425 -270 -495 -514 -403 -467 -502 -145 -10 0
494 -58 -438 -112 -94 -403 -5 -425 -382 -259 -10 -21 -525 -514 -270 -495 0
-385 -386 -30 -169 -94 -112 -438 -425 -270 -21 -5 -403 -514 -259 -382 -10 -58 0
516 -406 -259 -5 269 -366 -425 -495 0
436 -366 -277 -263 -343 -394 -149 -10 -501 -419 -259 -225 -353 -514 -5 269 -367 -425 -495 0
6 -149 -438 -394 -263 -400 -514 -367 -353 121 -525 -501 -225 -147 -315 -92 -428 -118 -10 -277 -343 -259 -419 -5 269 -425 -495 0
4 -108 -118 -506 -438 0
462 -122 -112 -5 -438 -514 -525 -10 -259 -425 -495 -270 -21 -403 -382 -58 -94 0
-122 -58 -259 -94 -112 -438 -425 -270 -21 -5 -403 -514 -382 -10 -495 -525 0
-58 -495 -94 -112 -5 -259 -382 -514 -425 -270 -21 -403 -10 -438 -525 0
461 -304 -425 -259 -270 -495 -382 -514 -460 -525 -438 -21 -122 -403 0
96 -297 -382 -438 -259 -520 -112 0
-123 -92 -147 -315 -366 -353 515 -525 -259 -151 -270 -495 -67 -460 0
-495 -10 -270 -425 -382 -514 -525 -403 -438 -21 -94 -112 -259 -5 0
-10 -382 -514 -259 -112 -94 -21 -403 -525 -5 -438 -425 -270 0
524 -199 -419 -353 -259 -257 -514 -153 -198 -407 -5 -119 -438 -204 -332 -209 -172 0
-382 -514 -259 -525 -438 -5 -270 -425 -403 -21 -94 -112 0
96 -311 -112 -10 -94 -309 -21 -425 -403 -438 -520 0
-499 -363 -525 121 -357 174 0
516 -10 -438 -94 -112 -5 -259 -425 -495 -270 -403 -58 -520 -21 -525 -122 0
11 -396 -312 -438 -297 0
268 -24 -464 -369 -92 -279 -366 -151 -172 -495 -147 0
426 -10 -94 -309 -112 -495 515 -259 -270 -316 -64 -154 -5 -525 -438 -21 -58 -520 -403 0
465 -142 -22 0
174 -150 -391 -465 -491 -93 -94 -112 -477 -224 0
-10 -122 -94 -5 -525 -403 -438 -112 -270 -495 -21 -425 -259 -514 0
10 -520 -94 -112 -58 -438 -21 -425 0
-495 -514 -94 -112 -5 -425 -270 -403 -21 -259 -438 -525 0
-160 -366 -84 -477 -112 -94 -276 -488 -123 515 0
-514 -525 -112 -94 -270 -5 -403 -438 -259 -21 -425 0
268 -316 -334 -385 -283 -169 -197 -64 -207 -263 -118 -186 -129 -223 -172 -315 -495 -147 0
-367 -107 -64 -283 -182 -334 -316 -169 -385 -20 -91 426 -403 -368 0
173 -311 -334 -169 -297 -103 -149 -321 -343 -305 -197 -24 -64 -283 -182 -316 -385 -20 426 -403 -368 -441 -476 -390 0
522 407 -495 -457 -94 -425 -21 -403 -297 -438 -223 -172 -334 -149 -321 -283 -182 -385 -20 -476 -390 -207 -511 -160 -270 -118 -309 -155 -394 -58 0
123 -297 -495 -112 -94 -438 -425 -403 -21 -58 -259 -521 -270 -5 -149 -20 -476 -390 -215 -525 -444 0
82 -263 -10 -438 -5 -153 -489 -366 0
224 -433 -217 -340 -209 -438 -94 -112 -5 -487 -365 -4 -92 -83 -490 -172 -127 0
437 -340 -217 -490 -223 -209 -438 -94 -112 -5 -92 -83 -172 -489 -480 -281 -366 -153 -263 -10 0
-224 -305 -368 -230 -149 -189 -74 -281 -26 -155 -58 -490 -521 514 -513 0
95 -58 -5 -438 -94 -112 -10 -425 -495 -270 -525 -403 -21 -259 0
-224 -30 -270 -488 -495 -94 514 -438 -10 -425 -403 -382 -259 -21 -58 -112 -5 -172 -184 0
19 -92 -5 -21 -495 -94 -58 -438 -403 -425 -112 -525 -259 -172 -270 -10 0
-92 -172 -438 -112 -403 -94 -5 -495 -21 -58 -425 -525 -259 -270 -10 0
-172 -58 -438 -94 -495 -525 -270 -21 -403 -112 -5 -425 -259 -10 0
-58 -10 -425 -270 -403 -5 -438 -21 -94 -495 -112 -259 -525 0
173 -215 -191 -281 -149 514 -104 -253 -10 -438 -5 -263 -366 -151 -322 -256 -147 -425 -495 -345 -270 -92 -127 -525 -390 0
-10 -495 -270 -438 -5 -425 -525 -259 -403 -112 -21 -94 0
-58 10 -139 -438 -259 -257 -376 -353 -309 -94 -112 -21 -425 0
-495 -525 -438 -94 -112 -21 -425 -270 -403 -5 -259 0
269 -92 514 -224 -403 -21 -94 -425 -522 -441 -468 -488 -236 -145 0
-520 -92 -190 -73 -321 -155 -403 -402 96 -438 -259 -297 -112 0
-92 -58 -21 -94 -425 -270 -5 514 424 -438 -112 -224 -259 -494 -403 -155 -209 -468 0
382 -283 -334 -170 -118 -78 -25 -155 0
-58 -155 514 -224 -259 -438 -112 424 -94 -21 -403 -425 -270 -5 -494 -209 -468 0
-525 -403 -259 -112 -94 -21 -438 -425 -270 -5 0
95 -338 -281 -492 -187 -355 -147 -315 -292 -376 -336 -191 -92 -324 -443 -389 -296 -150 -112 0
183 -107 -65 0
493 -187 -118 -507 -281 -112 -94 -492 -479 -355 -147 -315 -292 -191 -92 -443 -169 -10 -382 -420 -309 -394 -259 -353 -514 -5 -406 -366 -425 -495 -270 -174 0
-465 -367 -304 -403 -425 -438 -21 172 -524 -448 -447 -247 -94 -514 -10 -112 -259 -382 -58 -41 -118 -169 -65 -334 -317 -432 -283 -143 -155 -26 -281 -75 -187 0
225 -390 -112 -94 -92 -143 -304 -403 -425 -438 -21 172 -524 -448 -514 -10 -259 -382 -58 -118 -169 -334 -432 -283 -281 -75 -187 -157 -353 -160 -207 -184 0
95 -160 -94 -92 -366 -235 -259 -112 -514 -143 -304 -403 -425 -438 -21 172 -524 -10 -382 -58 -118 -169 -432 -281 -187 -157 -353 -207 -184 -191 -443 0
-382 -58 -94 -259 -403 -425 -438 -21 -112 -270 -5 0
493 -396 -10 -438 -297 -420 -259 -353 -514 -5 -406 -366 -425 -495 -270 0
225 -187 -116 -321 -387 -92 -366 -197 -153 -263 -297 -10 -396 -438 -311 -259 -514 -499 0
516 -390 -94 -112 -92 -275 -366 -235 -259 -160 0
522 -92 -366 -263 -10 -353 -438 -321 -387 -197 -259 -514 -94 -112 -235 -147 -270 -174 -495 -420 -5 -406 -425 -191 -443 -394 0
-403 -5 -259 -425 -438 -21 -112 -270 -94 0
-382 -58 -520 0
260 -458 -10 -262 -296 -514 -366 -352 -312 0
173 364 -257 -274 -150 -103 -324 -200 -241 -129 -185 -5 -406 -495 -425 515 -21 -344 -270 -116 -460 0
268 -333 -271 -118 -509 -293 -41 -315 -503 -495 -257 -210 515 -236 -147 0
364 -367 -507 -22 -154 -460 -278 515 -5 -406 -495 -425 -270 -271 -118 -509 -293 -315 -257 -147 -274 -241 -129 -172 -150 -103 -324 -200 -185 -21 -344 -116 -153 0
264 -241 -465 -17 -22 -270 -207 -495 -185 -172 -150 -254 -366 -507 -154 -460 -278 515 -5 -406 -425 -118 -509 -293 -315 -257 -147 -274 -21 -116 -309 -322 -197 -10 0
269 -61 -460 -122 -224 -378 -112 -312 -94 -201 -309 -10 -394 -140 -150 -241 -465 -254 -486 -152 -17 -172 -147 -315 -267 -495 -208 -425 0
295 -197 -22 -154 -25 -118 -172 -315 -495 -257 -147 -270 -460 -112 -312 -94 -309 -10 -394 -150 -465 -254 -17 -267 -425 -278 -262 -207 -185 -366 -507 515 -5 -406 -293 -274 -21 -116 0
268 -293 -479 -271 -159 -25 -118 -267 -172 -315 -495 -257 -147 0
174 -507 -460 -122 -357 -154 -254 -22 -243 -367 -129 -278 -224 -209 0
223 -142 -107 -54 -38 -479 -455 515 -67 -391 -229 -524 -420 -350 -150 -180 -169 -488 -257 -83 -103 -324 -500 -185 0
521 -58 -465 -10 -438 -5 -366 -21 -267 -425 -270 -112 -94 -514 -259 -390 -274 0
516 -153 -262 -10 -366 -438 -259 -5 269 -425 -495 0
127 -122 -438 -460 -396 -312 -439 -297 -274 -458 -243 0
-123 -370 -103 -321 -15 -115 -30 -367 -83 -488 -274 -158 515 -479 -439 -38 -508 -169 -42 -257 -201 -112 -312 -94 -343 -309 -10 -394 -419 -444 -67 -460 -524 0
Solved
