258 -329 -34 -400 -235 -322 -313 -31 -220 0
36 -415 -271 -322 -269 -400 0
-415 -79 -142 -298 -269 -340 -31 -271 -322 -400 -34 0
324 -256 -235 -418 -34 -313 -220 -169 -400 -31 0
258 -418 -34 -400 -235 -322 -313 -31 -220 0
33 -418 -253 -247 -374 -319 -142 -298 -269 -340 -31 -271 -322 -400 -34 -258 -220 0
427 -269 -34 -313 -220 -400 -31 -322 -235 -253 -247 -374 -319 -142 -298 -340 0
32 -427 -235 -34 -313 -220 -400 -31 -322 -269 0
-418 -374 -247 -253 -319 -142 -298 -269 -340 -31 -322 -400 -34 -220 -235 -313 0
434 -253 -247 -319 -142 -298 -340 -31 -322 -400 -34 -220 -235 -313 0
324 -271 -34 -322 -269 -400 -235 -418 -313 -220 -169 -31 0
-269 -418 -142 -298 -340 -31 -322 -400 -34 -105 -159 -220 -235 -319 -313 -253 -247 -270 0
256 -359 -418 -151 -375 -319 -204 -350 -114 0
-418 -235 -34 -313 -220 -400 -31 -375 -319 -340 -253 -298 -322 -247 -142 -105 -159 -270 0
436 -34 -400 -31 -220 -313 -319 -340 -298 -247 -433 0
32 -235 -269 -322 -400 -34 -418 -313 -220 -31 0
-235 -269 -436 -400 -322 -31 -34 -418 -313 -220 0
44 -62 -351 -181 0
143 -271 -302 -365 -433 -418 -269 -171 -427 -16 -412 -319 -203 -416 -351 -113 -257 -181 -43 0
-271 -171 -178 -412 -1 -16 -325 -319 -351 -302 -181 -257 -161 -416 -380 -225 -433 -269 -144 -365 -418 -427 -203 -113 -43 0
323 -16 -412 -1 -178 -325 -319 -181 -433 -269 -418 -427 -34 -340 -313 -220 -436 -400 -31 0
-269 -418 -400 -34 -313 -220 -436 -31 -412 -1 -178 -325 -319 -433 -322 -340 0
118 -303 -178 -1 -325 -412 -159 -170 -366 -16 -181 -375 -319 -43 -204 -350 -114 -258 -162 -417 -381 -224 0
269 -322 -1 -325 -412 -319 -34 -340 -313 -220 -436 -400 -31 -433 -178 -247 0
-415 -271 -31 -256 -322 -400 -34 -269 -220 0
257 -169 -433 -436 -269 -373 -340 -322 -319 -34 -313 -220 -400 -31 -427 -202 0
-271 -269 -34 -436 -400 -322 -313 -202 -31 -220 -256 -433 -373 -340 -319 -427 0
-322 -31 -220 -34 -436 -400 -313 -433 -340 -319 -412 -1 -178 -325 -247 0
415 -273 -120 0
380 -139 -371 -123 -297 -87 0
414 -70 -394 0
-70 -394 -412 0
63 -302 -158 -178 -325 -10 0
33 -365 -158 -178 -325 -412 -144 -374 -203 -258 -340 -220 0
272 -374 -178 -412 -1 -52 -325 -104 -158 -220 -31 -144 -340 -34 -415 0
32 -202 -220 -171 0
270 -325 -178 -220 -412 -340 -31 -34 -1 -52 -433 -247 0
256 -171 -52 -105 -412 -159 -178 -34 -375 -272 -319 -203 -351 -113 0
33 -272 -52 -105 -412 -159 -178 -34 -375 -319 -220 0
-202 -415 -220 32 0
158 -10 -178 -63 -325 -303 0
-415 -37 -303 -159 -178 -325 -412 -34 -375 -272 -220 32 0
439 -52 -412 -220 -340 -178 -319 -433 -1 -400 -313 -298 0
204 -258 -220 0
-258 -271 -415 -220 -202 0
-271 -202 -415 -220 0
373 -63 -144 -6 -437 -21 -359 -419 -365 -249 0
-258 -202 -298 -439 -400 -34 -319 -415 -220 -244 0
358 -105 -178 -52 -80 -153 -387 0
-202 -34 -178 -52 -298 -319 -433 -400 -244 -415 -220 -439 0
182 -155 -285 -241 0
350 -438 -143 -237 -285 -241 -43 0
416 256 -178 -52 -319 -204 -418 -114 -298 -329 -373 -433 -170 -33 -439 -400 -271 -34 0
222 -258 -178 -412 -418 -373 -433 -319 -271 -34 -415 -204 -298 -439 -400 -52 -112 0
237 -63 -144 -437 -182 0
351 -284 -241 -236 -144 -437 -43 0
417 -349 -178 -298 -319 -52 -43 -330 -418 -373 -433 -171 -32 -439 -400 -271 -34 0
-258 -34 -412 -178 -52 -319 -220 -433 -271 -415 -298 -418 -373 -439 -400 -112 -204 0
-34 -415 -412 -178 -52 -319 -433 -220 -298 -439 -400 -244 0
438 -306 -298 -139 -127 -19 -253 -5 0
20 -139 -297 0
350 -127 -298 -19 -253 -437 -144 -297 -17 -319 0
143 -335 -178 -297 -19 -182 -298 -63 0
Solved
