155 -202 -541 0
-202 -154 -541 0
428 -178 -389 -381 -221 -111 -1 -499 0
110 -108 -160 -428 -468 -67 0
109 -70 -548 -389 -411 -221 0
307 -131 -233 0
497 -579 -279 -309 -233 -406 -329 -412 0
555 -487 -279 -309 -515 -531 -491 -449 -419 0
497 -279 -412 -406 -309 -233 -329 0
556 -510 -309 -386 -142 -400 -515 -187 -496 -412 -406 -233 -329 -289 -548 -52 -1 -468 -411 -381 -67 -160 -111 -389 -221 -499 0
-279 -131 -381 -160 -468 -67 -111 -454 -241 -180 -524 -400 -499 -329 -386 -233 -406 -38 -186 -496 -278 -412 -309 0
500 -108 -160 -111 -468 -67 -180 0
110 -108 -548 -389 -411 -160 -468 -67 0
-108 -468 -160 -389 -381 -221 -111 -1 -499 -548 -411 -67 -180 0
-131 -468 -381 -160 -412 -67 -111 -454 -241 -180 -524 -400 -499 -329 -386 -233 -406 -38 -279 -496 -309 0
559 -548 -535 -381 -160 -412 -67 -111 -454 -524 -400 -499 -329 -386 -233 -406 -38 -496 -52 -221 -1 -443 -411 -557 -142 -515 -187 -289 -121 -393 0
109 -468 -388 -160 -221 0
-468 -388 -160 -548 -411 -111 -221 0
-548 -412 -443 -253 -535 -51 -233 -499 -160 -550 -52 -411 -67 -111 -381 -121 -221 -393 -561 -454 -524 -400 -329 -386 -406 -38 -496 -1 -557 -142 -515 -187 -289 0
548 -111 -557 -67 -411 0
412 -164 -406 -496 -329 -443 -92 -477 -465 -210 -531 -309 0
-131 -477 -465 -210 -531 -443 -309 -132 -233 0
110 -465 -443 -535 -309 -233 -496 -406 -329 -92 -52 -1 -468 -381 -67 -548 -389 -411 -160 0
-468 -381 -1 -160 -111 -443 -535 -233 -496 -406 -329 -52 -67 -548 -411 -121 -393 -221 0
176 -242 -454 -19 -157 -367 -212 -197 -51 0
229 -333 -253 -176 0
569 -574 -454 -51 -160 -550 -411 -67 -393 -121 -1 -443 -535 -496 -406 -329 -52 -221 -557 -253 0
112 -549 -557 -411 0
390 -233 -557 -180 -113 -411 -428 -160 0
114 -501 -180 -557 -233 0
-233 -113 -569 -289 -557 -411 -237 -180 -428 -160 -388 0
505 -529 -34 -487 -322 -538 -253 -231 -121 -468 0
111 -309 -393 -160 -253 -121 -468 -443 -34 -569 -289 -557 -411 -237 -103 -574 -221 -67 0
-111 -110 -160 -121 -468 -411 -221 -1 -557 -67 0
111 -468 -443 -34 -393 -103 -569 -289 -557 -411 -237 -160 -121 -574 -221 -67 -253 0
-468 -569 -289 -237 -574 -160 -411 -221 -121 -1 -557 -67 -443 -34 -393 -103 -253 0
109 -509 -34 -51 -171 -484 -559 -103 -160 -574 -388 -507 -380 -221 0
-574 -237 -289 -411 -34 -51 -103 -160 -221 -393 -121 -557 -67 -1 -443 -253 -454 -550 -535 -496 -406 -329 -52 0
-111 -388 -468 -411 -160 -221 -557 -67 0
488 -137 -463 -475 -34 0
209 -229 -169 -158 -511 -132 -400 -24 -564 -142 -331 -298 -94 -34 -137 -475 -463 -355 0
506 -169 -463 -208 -475 -158 -511 -132 -400 -24 -564 -142 -298 -94 -34 -355 -468 0
464 -488 -495 -459 -475 -30 0
-488 -452 -264 -51 -230 -332 -329 -454 -94 -30 -459 -495 -529 -355 -319 -208 -463 -475 0
-233 -208 -463 -475 -51 -329 -454 -30 -355 -319 -472 -468 -507 -158 -400 -24 -142 -298 -34 -403 -289 -557 -411 -113 -180 -428 -108 -388 -160 0
-388 -468 -253 -121 -34 -443 -51 -329 -454 -355 -472 -400 -142 -403 -289 -557 -411 -160 -1 -550 -52 -379 -221 -67 0
388 -379 -121 -109 -393 -221 0
476 -465 -285 0
178 -233 -452 -435 -277 -223 -308 -164 -532 -557 -500 -245 0
229 -14 -454 -318 -242 -509 -559 -322 -196 -274 -333 -253 0
210 -488 -333 -175 -231 -454 -318 -242 -509 -559 -253 -443 -196 -475 -285 -355 0
-488 -509 -196 -253 -333 -231 -443 -308 -529 -208 -175 -454 -318 -242 -559 -475 -285 -355 0
543 -160 -253 -454 -355 -34 -550 -52 -67 -121 -472 -400 -142 -403 -289 -1 -103 -535 -496 -406 -82 -502 -154 0
-221 -5 -52 -209 -67 -464 -468 -388 -160 -411 -557 -222 0
489 -209 -52 -506 -67 -109 -468 -388 -160 -411 -557 -222 -475 -34 0
467 -322 -80 -274 -50 -253 -131 -308 -121 0
-111 -411 -388 -160 -468 -557 -67 -109 0
-209 -322 -559 -50 -253 -131 -308 -121 -488 -52 -506 -67 -109 -468 -388 -160 -411 -557 -222 -475 -34 0
220 -494 -444 -50 -253 -131 -308 -121 -488 -355 -559 -52 -506 -67 -109 -468 -388 -160 -411 -557 -222 -475 -34 0
487 -196 -323 -276 0
-411 -557 -67 -468 -388 -160 -52 -222 -475 -34 -488 -444 -50 -253 -121 -355 -392 -112 -410 0
-221 -137 -284 -468 -464 -111 -160 -388 -222 0
489 -111 -121 -392 -468 -388 -103 -160 -222 -475 -34 0
110 -131 -529 -112 -468 -67 0
-557 -388 -253 -121 -468 -67 -444 -488 -392 -50 -103 -160 -222 -475 -34 -52 -355 -410 -558 0
-233 -308 -232 -131 0
-111 -23 -169 -400 -563 -142 -34 -475 -355 -568 -506 -113 -52 -216 -444 -468 -222 -67 -160 -108 -488 -109 -121 -392 -388 -103 0
489 -6 -136 -529 -475 -34 0
208 -145 -216 -423 -332 -166 -230 -337 -34 -131 -233 -515 -30 -568 -103 -463 -576 -41 -475 -381 -182 -6 0
220 -337 -515 -100 -1 -381 -355 -6 -210 -216 -423 -332 -166 -230 -34 -131 -233 -30 -568 -103 -576 -41 -475 -182 0
409 -506 -253 -222 -1 -355 -34 -103 -475 -535 -444 -488 -121 -468 -550 -52 -50 -179 -67 -400 -142 -113 -160 -392 -388 -236 -289 -71 0
-506 -113 -253 -121 -468 -400 -142 -34 -475 -355 -50 -52 -444 -222 -67 -160 -488 -392 -388 -103 -236 -289 -71 -410 -1 -535 -550 -179 0
-388 -475 -468 -160 -253 -121 -400 -142 -34 -410 -355 -50 -52 -444 -222 -67 -488 -392 -103 -236 -289 -1 -535 -550 -558 0
-475 -468 -52 -67 -488 -121 -392 -222 -160 -253 -400 -142 -34 -410 -355 -50 -444 -103 -236 -289 -1 -535 -550 -558 0
110 -506 -392 -388 -581 -160 -137 -4 -103 -52 -468 -67 0
466 -506 -110 0
109 -484 -581 -103 -137 -506 -381 0
177 -213 -96 -276 -454 -330 -198 -523 -50 0
229 -332 -253 -177 0
-506 -388 -142 -571 -400 -74 -253 -276 -330 -50 -149 -25 -463 -581 -283 -4 -531 -137 -52 -67 -103 -392 -121 -468 -454 -160 0
-388 -468 -410 -67 -558 -160 -142 -571 -400 -74 -253 -276 -330 -50 -149 -25 -463 -581 -283 -4 -531 -137 -52 -103 -392 -121 -454 0
-468 -488 -67 -121 -392 -222 -410 -558 -160 -142 -571 -400 -253 -330 -50 -149 -25 -103 -454 -34 -52 -355 -444 -236 -289 -1 -535 -550 0
-233 -131 -308 0
487 -495 -558 -114 -308 -410 -444 0
233 -570 -289 -236 -558 -410 -114 0
6 -80 -509 -333 -253 -231 -308 -289 -236 -558 -410 -114 -136 -322 -34 -488 -444 -458 -29 -463 -575 -475 -380 0
530 -475 -231 -403 -333 -330 -429 -454 -388 -289 -114 -29 -308 -458 -1 -355 -444 -558 -410 -380 -488 -50 -529 -136 -34 -5 -509 -253 -236 -322 -463 -575 0
531 -5 -380 -463 -575 -29 -289 -236 -558 -410 -114 -308 -458 -444 -488 0
505 -509 -333 -253 -231 -308 -289 -236 -558 -410 -34 -380 -488 -403 -330 -454 -29 -458 -1 -355 -444 -50 -52 -222 -67 -111 0
-488 -222 -1 -160 -253 -289 -236 -558 -410 -34 -403 -330 -454 -355 -444 -50 -52 -67 -472 -121 -392 -142 -571 -400 -149 -25 -103 -535 -550 0
110 -381 -236 -558 -410 233 -289 -67 0
505 -463 -476 -222 -138 -34 -231 -487 -529 -253 -538 -121 -468 0
549 -70 -113 -558 0
111 -231 -138 -222 -34 -476 -487 -529 -253 -538 -121 -507 -160 -388 -113 -558 -410 0
-463 -468 -475 -34 -222 -231 -529 -253 -538 -121 488 0
-468 -475 -222 -111 -34 -231 -529 -253 -538 -121 488 0
464 -6 -52 -111 -67 -222 -210 0
221 -507 -160 -388 -111 0
-131 -308 -52 -67 -222 -236 -558 -410 -289 -160 -388 -138 -34 -487 -253 -538 -121 -530 -476 -130 0
110 -6 -530 -538 -52 -111 -67 -222 -230 -465 -323 0
109 -111 -121 -530 -160 -388 -308 -222 0
110 -468 -507 0
-468 -507 -111 0
-475 -213 -338 -146 -253 -333 -231 -127 -130 -232 -569 -265 -81 -34 -509 -137 -210 -323 -285 -6 -489 -463 -477 0
122 -34 -253 -333 -368 -178 -146 -137 -231 -210 -489 -285 -338 -127 -81 -323 -463 -477 -574 -2 -278 -393 -379 -309 -30 0
411 -558 -236 -442 -219 -131 -78 -233 -595 -549 -493 -458 -67 -474 -52 -434 -583 -224 -155 -50 -542 0
443 -558 -78 -219 -595 -236 -289 -286 -545 -131 -314 -231 -96 -333 -182 -540 -40 0
-558 -236 -52 -542 -67 -50 -177 -233 -231 -131 -442 -78 -219 -595 -155 -286 -545 -314 -96 -333 -182 -540 -40 -549 -409 -493 -458 -474 -434 -583 -224 0
230 -545 -13 -155 -542 -96 -314 -50 -333 -177 0
576 -13 -542 -549 -442 -233 -131 -231 -409 -155 -96 -314 -50 -333 -177 -52 -67 -78 -219 -595 -286 -182 -540 -40 -493 -458 -474 -434 -583 -224 -213 -568 -560 0
4 -74 -231 -333 -540 -442 -131 -165 -233 -2 -379 -105 -574 -542 -549 -409 -155 -96 -314 -50 -177 -67 -78 -219 -595 -286 -493 -458 -474 -583 -224 -213 -560 -266 -300 -210 0
53 -558 -542 -503 -155 -112 -67 0
541 -236 -595 -549 -493 -214 -458 -286 -474 -280 -583 -503 -155 0
159 -19 -22 0
229 -482 -595 -549 -493 541 -458 -286 -474 -583 -155 -545 -42 -570 -314 -442 -233 -96 -131 -253 -177 -333 0
-475 -266 -146 -155 -542 -333 -231 -595 -549 -458 -474 -583 -233 -131 -253 -22 -560 -574 -379 -2 -409 -67 -224 -210 -485 -323 -81 -34 -508 -137 -92 -285 -489 -463 -477 0
543 -329 -549 -563 -409 -155 0
541 -114 -549 -458 -494 -474 -558 -583 -504 -155 0
130 -558 -474 -428 -458 -67 -494 -549 -94 -409 -563 -155 -542 -595 -583 -443 -233 0
543 -112 -151 -490 -127 -338 -499 -67 -428 -595 -474 -458 -494 -549 -94 -409 -563 -155 0
291 -84 -595 -236 0
95 -594 -210 -321 -572 -266 -330 -13 0
516 -372 -566 -65 -455 -356 -594 -348 -470 0
-558 -236 -172 -470 -94 -210 -266 -483 -4 -379 -574 -146 -595 -178 -409 -549 -494 -458 -474 -583 -155 -542 -151 -490 -127 -338 -67 -428 -563 -443 -385 -233 -131 0
-411 -72 -549 -111 -67 -557 -409 0
95 -101 -298 -266 -4 -515 -560 -379 -104 -574 -570 -595 -236 -572 -290 -330 -216 0
14 -384 -188 -496 -600 -158 -537 -20 -346 -317 -593 -456 -357 -195 0
291 -15 -275 -483 -266 -176 -188 -496 -600 -20 -593 -195 -278 -146 -298 -470 -172 -101 -4 -515 -560 -379 -104 -574 -570 -595 -236 0
-236 -176 -368 -22 -146 -470 -485 -342 -323 -508 -81 -275 -483 -266 -20 -600 -278 -298 -172 -4 -560 -379 -574 -595 -94 -490 -450 -428 -131 -233 -549 -494 -458 -474 -583 -155 -542 -111 -67 -409 -178 -210 -151 -127 -338 -563 -443 -385 0
547 -290 -458 -595 -494 -474 0
571 -525 -330 0
-558 -15 -451 -92 -413 -572 -330 -172 -338 -483 -151 -368 -287 -266 -210 -4 -2 -379 -574 -127 -569 -443 -233 -178 -131 -556 -474 -428 -458 -67 -494 -549 -94 -409 -563 -155 -542 -595 -583 0
96 -451 -104 -485 -22 -20 -342 -49 -323 -572 -330 -508 -81 -490 -450 -404 -553 -428 -233 -502 -178 -113 -146 -92 -413 -172 -338 -483 -151 -368 -266 -210 -4 -2 -379 -574 -127 -569 -443 -131 -556 -474 -458 -67 -494 -549 -94 -409 -563 -155 -542 -595 -583 -214 0
289 -385 -368 -22 -20 -250 -560 -572 -563 -512 -330 -94 -104 -485 -342 -49 -323 -508 -81 -490 -450 -404 -553 -428 -233 -502 -178 -113 -146 -92 -413 -172 -338 -483 -151 -266 -210 -4 -2 -379 -574 -127 -569 -443 -131 -556 -474 -458 -67 -494 -549 -409 -155 -542 -595 -583 0
-96 -525 -176 -560 -401 -81 -490 -470 -347 -178 -113 -474 -428 -458 -67 -494 -549 -94 -409 -563 -155 -542 -595 -583 -443 -233 -502 -131 -553 -20 -330 -483 -248 -206 -216 -15 0
-558 -522 -20 -92 -413 -401 -15 -248 -298 -210 -4 -2 -379 -574 -127 -569 -443 -233 -178 -131 -556 -474 -428 -458 -67 -494 -549 -94 -409 -563 -155 -542 -595 -583 0
14 -593 -347 -146 -470 -101 -515 -104 -574 -379 -4 -42 -483 0
573 -15 -574 -413 -379 -4 -210 -20 -483 -266 -560 -347 -146 -470 -104 -490 -553 -67 -428 -443 -131 -233 -502 -178 -113 -92 -401 -298 -2 -127 -569 -556 -474 -458 -494 -549 -94 -409 -563 -155 -542 -595 -583 -385 -31 0
13 -213 -4 -379 -574 -560 -210 -483 -266 0
132 -316 -401 -20 -159 -589 -26 -194 -62 -92 -298 -210 -40 -4 -2 -186 -379 -413 -574 -565 -569 -501 -233 0
-15 -490 -359 -347 -146 -470 -104 -574 -379 -4 -483 -502 -178 -443 -474 -428 -458 -67 -494 -549 -94 -409 -563 -155 -542 -595 -583 -233 -131 -401 -20 -589 -62 -92 -298 -210 -2 -413 -569 -127 -560 -266 -81 -49 -323 -508 -275 -176 -148 -330 -572 -553 -113 -556 -385 -31 0
230 -560 -368 -22 -20 -94 -146 -470 -574 -379 -4 -483 -178 -443 -474 -428 -458 -67 -494 -549 -409 -563 -155 -542 -595 -583 -233 -131 -62 -92 -298 -210 -2 -413 -127 -266 -81 -323 -508 -275 -250 -485 -342 -450 -172 -338 -600 -278 -111 -333 -75 0
381 -92 -278 -470 -146 -20 -178 -205 -499 -15 -127 -266 -480 -375 -338 -210 -40 -491 -4 -2 0
-34 -549 -409 -155 -574 -379 -278 -146 -178 -127 -338 -210 -2 -333 -253 -231 -368 -22 -474 -428 -67 -583 -81 -323 -250 -342 -450 -111 -137 -489 -285 -463 -477 -393 -309 -30 -123 0
-19 -236 -65 -455 -594 -356 -470 -595 -499 -502 -178 -409 -112 -549 -494 -458 -474 -105 -583 -155 -402 -542 -387 -50 -206 -158 -20 -22 0
-131 -455 -356 -470 -595 -178 -409 -549 -494 -458 -474 -583 -155 -402 -50 -206 -20 -22 -546 -213 -574 -379 -4 -42 -393 -443 -233 -123 -130 0
122 -266 -4 -210 -379 -30 0
5 -131 -443 -231 -333 -481 -96 -15 -266 -210 0
14 -455 -470 -595 -178 -409 -549 -494 -458 -474 -583 -155 -131 -20 -22 -574 -379 -4 -42 -393 -443 -233 -123 -253 -333 -231 -481 -96 0
213 -318 -158 -241 -368 -311 0
-455 -432 -146 -595 -338 -250 -20 -158 -81 -241 -508 -211 -368 -311 -549 -494 -458 -474 -105 -583 -73 -155 -231 -542 -333 -563 -409 -266 -96 -15 -470 -178 -131 -22 -574 -379 -4 -42 -393 -443 -233 -123 -253 -481 0
-266 -15 -549 -563 -409 -96 -155 -146 -595 -338 -250 -20 -81 -368 -311 -494 -458 -474 -583 -73 -231 -333 -470 -178 -22 -574 -379 -4 -393 -443 -233 -123 -253 -481 -210 -309 -30 0
-15 -458 -233 -333 -123 -96 -30 -549 -563 -409 -155 -146 -595 -338 -250 -20 -81 -368 -311 -494 -231 -474 -583 -73 -470 -178 -22 -574 -379 -4 -393 -443 -253 -481 -210 -309 0
-329 -131 -357 -233 -210 -443 -4 -41 -409 -249 -549 -494 -456 -458 -474 -583 -155 -542 -563 0
454 -375 -338 -127 -172 -190 -97 -546 -524 0
-131 -212 -311 -368 -456 -338 -127 -172 -379 -4 -81 -41 -443 -253 -333 -231 -96 -357 -233 -210 -409 -249 -549 -494 -458 -474 -583 -155 -563 -267 -393 -30 -123 0
-458 -233 -210 -485 -92 -574 -4 -2 -393 -379 -96 -123 -333 -253 -309 -231 -311 -368 -338 -127 -172 -81 -443 -323 -409 -549 -494 -474 -583 -155 -563 -30 -481 -146 -595 -250 -20 -73 -470 -178 -22 0
-233 -595 -178 -172 -96 -210 -333 -470 -92 -4 -2 -231 -278 -393 -379 -309 -30 -123 -485 -574 -253 -311 -368 -338 -127 -81 -443 -323 -409 -549 -494 -474 -583 -155 -563 -481 -146 -250 -20 -73 -22 0
233 -96 -253 -333 -231 -73 -172 -275 -481 -210 -92 -574 -4 -2 -470 -443 -393 -379 -30 -278 -123 -309 0
-388 -463 -210 -574 -379 -309 -178 -253 -338 -81 -489 -137 -67 -450 -111 -409 -507 221 0
34 -393 -266 -549 -409 -563 -155 -146 -595 -338 -250 -20 -81 -368 -96 -494 -458 -474 -583 -15 -231 -333 -470 -178 -22 -574 -379 -4 -582 -443 -233 -123 -253 -481 -210 -309 -30 0
-393 -582 -158 -318 -368 -4 -379 -574 -266 -210 13 -137 -35 -549 -409 -563 -155 -146 -595 -338 -250 -20 -81 -96 -494 -458 -474 -583 -15 -231 -333 -470 -178 -22 -443 -233 -123 -253 -309 -30 -561 -391 0
580 -35 -137 0
-393 -329 -155 -158 -368 -4 -379 -574 -266 -210 13 -137 -35 -549 -409 -563 -146 -595 -338 -250 -20 -81 -96 -494 -458 -474 -583 -15 -231 -333 -470 -178 -22 -443 -233 -123 -253 -309 -30 -561 -391 -543 -484 0
582 -35 -137 0
-481 -15 -158 -368 -4 -379 -574 -210 -137 -35 -549 -409 -563 -146 -338 -250 -20 -81 -96 -494 -474 -583 -155 -231 -333 -470 -178 -22 -443 -233 -123 -253 -309 -30 -391 -543 -104 -131 0
-15 -96 -137 -35 -158 -368 -4 -379 -574 -210 -549 -409 -563 -146 -338 -250 -20 -81 -494 -474 -583 -155 -231 -333 -470 -178 -22 -443 -233 -123 -253 -309 -30 -391 -543 -104 -131 0
393 -212 -368 -158 -379 -574 -104 -485 0
482 -456 -357 -210 -4 -556 -368 -113 -158 -443 -233 -131 -253 -333 -231 -96 -249 -409 -549 -494 -458 -474 -583 -155 -563 -543 -391 -379 -574 -104 -485 0
-393 -13 -178 -113 -556 -210 -233 95 -4 -155 -131 -443 -249 -409 -357 -549 -494 -456 -474 -583 -563 -543 -574 -379 -278 -146 -338 -2 -333 -253 -231 -368 -22 -428 -67 -81 -323 -250 -342 -450 -111 -137 -489 -285 -463 -477 -34 -309 -30 -123 -391 0
-96 -583 -443 -210 -233 -4 -409 -549 -494 -474 -131 -155 -563 -158 -379 -574 -104 -178 -113 -556 -543 -278 -146 -338 -2 -333 -253 -231 -368 -22 -428 -67 -81 -323 -250 -342 -450 -111 -137 -489 -285 -463 -477 -309 -30 -123 -391 -35 -20 -470 0
-594 -592 -595 -65 -455 -356 -470 -514 -570 -499 -490 -233 -178 -359 -131 -556 -474 -428 -458 -67 -494 -549 -94 -409 -563 -155 -542 -583 -443 -281 -502 -290 0
558 -499 -233 -178 -113 0
515 -102 -172 -146 0
6 -594 -290 -372 -566 -470 -595 -84 -515 -568 -104 -15 -574 -483 -379 -40 0
289 -423 -404 -383 -216 0
521 -453 -545 -433 -455 -77 -566 -413 -533 -301 0
-393 -62 -20 -92 -298 -210 -4 -2 -379 -574 -233 -172 -330 -290 -404 -216 -167 -146 -483 -15 -368 -158 -470 -104 -443 -178 -131 -556 -474 -428 -67 -494 -549 -94 -409 -563 -155 -583 -113 -543 -278 -338 -333 -253 -231 -22 -81 -323 -250 -342 -450 -111 -137 -489 -285 -463 -477 -34 -309 -30 -123 -391 0
-583 -290 -129 -342 -178 -556 -233 -113 -167 -146 -131 -443 -20 -210 -158 -4 -379 -574 -368 -2 -474 -428 -67 -494 -549 -409 -563 -155 -543 -278 -338 -333 -253 -231 -22 -81 -323 -250 -450 -111 -137 -489 -285 -463 -477 -309 -30 -123 -391 -585 0
Solved
