554 -15 -445 -4 -348 -84 -467 -241 -340 -250 -274 -253 -247 -139 -449 -78 -369 -24 0
124 -340 -467 -54 0
252 -443 -323 -421 -185 -436 -193 -365 -24 -513 -78 -247 -143 0
519 -245 -357 -158 -104 0
366 -207 -9 -209 -158 -245 -94 -357 -436 -26 0
157 -269 -552 -165 -421 -519 -209 0
568 -400 -301 -421 -323 -439 -250 -193 -247 -415 -133 -328 -343 -91 -373 -565 -478 -61 -433 -1 -100 -67 -16 -406 -296 0
158 -519 -445 -160 -328 -343 -91 -379 -209 -565 -61 -296 -1 -406 -67 -16 -100 -433 -373 -463 -478 -301 0
355 -501 -185 -323 -78 -121 -365 -214 -26 0
-501 -449 -369 -540 -4 -521 -296 -451 -568 -246 -321 -138 -357 -185 -323 -78 -121 -365 -214 -26 0
356 -147 -451 -370 -508 -75 -540 -389 -296 -359 -568 -165 -321 -519 -138 -105 0
-519 -209 -379 -247 -508 -296 -568 -323 -121 -214 -133 -328 -343 -91 -415 -565 -61 -1 -67 -16 -100 -433 -373 -478 -301 -250 -157 -445 -160 -406 -463 0
357 -189 -186 -232 -7 -4 -347 -522 -323 -568 -121 -320 -313 -137 0
-209 -157 -568 -121 -133 -328 -343 -91 -415 -565 -61 -296 -1 -406 -67 -16 -100 -433 -373 -478 -301 -323 -379 -247 -508 -214 -250 -445 -160 -463 0
-157 -373 -1 -16 -100 -433 -67 -478 -301 -568 -121 -133 -328 -343 -91 -415 -565 -61 -296 -406 -323 -379 -247 -508 -214 -250 -445 -160 -463 0
125 -78 -323 -501 -121 355 -214 -133 -100 -16 -366 -67 -61 -54 -1 0
124 -54 -67 -61 -1 -565 -91 -343 -133 0
-501 355 -343 -565 -328 -61 -133 -1 -323 -121 -91 -214 -100 -16 -67 -126 -301 -244 0
3 -452 -9 -133 -328 -95 -343 -205 -91 -16 -565 -67 -61 0
2 -126 -133 -565 -67 -61 -1 -343 -91 0
112 -443 -214 -323 -185 0
105 -94 -9 -244 -4 -451 -370 -515 -304 -301 -359 -365 -165 -78 -517 -112 0
364 -105 -357 -343 -565 -328 -61 -133 -1 -323 -121 -91 -214 -100 -16 -67 -126 -301 -244 -9 -428 -443 0
210 -343 -328 -133 -91 -16 -565 -67 -61 -244 -1 -323 -121 -214 -100 -301 -517 -478 -433 -406 -421 0
2 -516 -8 -463 -176 -133 -478 -328 -296 -433 -343 -406 -100 -91 -16 -565 -67 -61 0
571 -67 -565 -91 -61 -1 -133 -463 -478 -328 -296 -433 -406 -100 -16 -421 -323 -121 -214 -301 -415 -379 -247 -508 -250 -445 -160 -439 -193 0
63 -343 -463 -133 -478 -328 -296 -433 -421 -406 -100 -91 -16 -565 -67 -61 -1 -301 -121 -415 -323 -379 -247 -508 -214 -250 -445 -160 0
210 -244 -328 -133 -91 -16 -565 -67 -61 -343 -1 -323 -121 -214 -100 -301 -158 -478 -433 -406 -421 0
-501 -343 -121 -133 -328 -296 -91 -415 -565 -61 -1 -406 -67 -16 -100 -433 -478 -301 -323 -379 -247 -508 -214 -250 -445 -160 -463 -421 0
245 -359 -487 -563 -529 -459 -451 -94 0
-343 -193 -323 -421 -250 -247 -301 -296 -121 -133 -328 -91 -415 -565 -61 -1 -406 -67 -16 -100 -433 -478 -379 -508 -214 -445 -160 -463 -487 0
62 -52 -133 -478 -433 -100 -16 -91 -67 -565 -1 0
574 -421 -478 -433 -100 -91 -565 -1 -61 -323 -133 -250 -247 -301 -296 -121 -328 -415 -406 -508 -214 -445 -160 -463 -487 0
68 -16 -574 0
-16 -67 -574 0
76 -244 -323 -121 -451 -4 -80 -539 -450 -356 -368 -301 -27 -553 -522 -366 -24 0
347 -24 -553 -368 -522 -450 0
-244 -451 -164 -487 -159 -537 -371 -146 -360 -4 -468 -340 -511 -250 -247 -77 -323 -121 -80 -539 -450 -356 -368 -301 -27 -553 -522 -366 -24 0
453 -90 -117 -70 -463 -264 -537 -308 -146 0
-343 -522 -180 -117 -70 -463 -264 -537 -159 -95 -487 -371 -360 -468 -511 -250 -247 -323 -121 -450 -368 -301 -553 -526 -133 -194 -328 -415 -53 -565 -67 -61 -1 2 -91 0
69 -67 -70 -463 -487 -250 -247 -323 -121 -301 -553 -133 -328 -415 -565 -541 -61 -1 -91 -478 -433 -100 -31 -508 -214 -574 0
452 -244 -369 -263 -207 -158 -357 -26 -323 -185 -121 -78 -214 -365 -372 -553 -147 0
264 -116 -463 -524 -70 0
256 -536 -88 -147 -160 -471 -242 0
-67 -574 -160 -445 -274 -463 -70 -478 -91 -433 -565 -100 -31 -508 -214 -61 -541 -1 -487 -250 -247 -323 -121 -301 -553 -133 -328 -415 0
18 -574 -100 0
-574 -100 -160 -445 -274 -463 -70 -478 -91 -433 -565 -31 -508 -214 -61 -541 -1 -487 -250 -247 -323 -121 -301 -553 -133 -328 -415 0
453 -244 -207 -487 -359 -357 -529 -563 -26 -323 -185 -121 -78 -365 -94 -451 -214 -4 0
-244 -84 -247 -513 -207 -158 -357 -26 -323 -185 -121 -78 -214 -365 -370 -147 -451 -487 -359 -529 -563 -94 -4 0
355 -165 -379 -247 -250 -78 -519 -321 -365 -138 -26 -323 -185 -121 -214 0
3 -343 -121 -379 -247 -250 -323 -214 -301 -487 -133 -478 -328 -433 -508 -415 -100 -91 -16 -565 -67 -1 -61 0
158 -533 -37 -529 -451 -94 -482 -244 -210 -138 0
246 -8 -360 -390 -4 -529 -451 -139 -94 0
245 -294 -445 -241 -85 -383 -274 -213 -139 0
-244 -245 -529 -451 -94 -482 -210 -193 -360 -4 -159 -323 -121 -80 -539 -450 -356 -368 -301 -27 -553 -522 -366 76 0
76 -456 -541 -368 -539 -83 -296 -206 -478 -433 -100 -91 -565 -1 -61 -323 -133 -250 -247 -301 -121 -328 -415 574 -508 -214 -445 -160 -463 -487 -210 -159 -529 -451 -94 -482 -360 -4 -80 -450 -356 -27 -553 -522 -366 -241 -85 -383 -274 0
245 -419 -160 -210 -159 -141 -94 0
-343 -100 -296 -478 -433 -463 -91 -565 -1 -61 -323 -133 -250 -247 -301 -121 -328 -415 574 -508 -214 -445 -160 -487 -553 -541 -274 0
580 -91 -478 -433 -133 -565 -1 -61 -296 -463 -323 -250 -301 -121 -328 -415 -508 -214 -445 -160 -553 -541 -274 -70 -31 0
-487 -258 -247 -478 -433 -100 -67 -491 -565 -1 -91 -61 -250 -133 -296 -463 -323 -301 -121 -328 -415 -508 -214 -445 -160 -553 -541 -274 -70 -31 0
2 -343 -214 -485 -180 -9 -565 -208 -61 -133 -67 -1 -523 -91 0
-343 -16 -419 -328 -176 -208 -91 -565 -478 -433 -100 -133 -67 -1 -61 -214 -485 -180 -9 -523 0
-16 -258 -247 -478 -580 -433 -100 -67 -491 -565 -1 -91 -61 -250 -133 -419 -328 -176 -208 -214 -485 -180 -9 -523 0
6 -67 -1 -508 -146 -218 -247 -478 -433 -100 -491 -565 -91 -61 -250 -133 -328 -208 -214 -485 -160 -89 -296 -463 -323 -301 -121 -415 -445 -553 -541 -274 -70 -31 0
62 -16 -91 -565 -133 -478 -433 -100 -256 -67 -1 0
-16 -256 -247 -478 -580 -433 -100 -491 -250 -91 -67 -565 -1 -61 -133 0
-67 -208 -1 -89 -508 -160 -445 -274 -463 -70 -478 -91 -433 -565 -100 -31 -214 -61 -541 -250 -247 -323 -121 -301 -553 -133 -328 -415 -218 -491 -5 -146 -485 -296 0
67 -100 0
-16 -368 -91 -565 -175 -61 -160 -1 -89 -296 -247 -478 -433 -100 -491 -250 -133 -463 -323 -301 -121 -328 -415 -508 -214 -445 -553 -541 -274 -70 -31 -421 -501 -18 0
-100 -218 -91 -565 -61 -160 -1 -89 -296 -247 -478 -433 -491 -250 -133 -463 -323 -301 -121 -328 -415 -508 -214 -445 -553 -541 -274 -70 -31 -501 -159 -5 -146 -485 0
246 -94 -565 -61 -1 -121 -323 -463 -70 -31 -508 -214 -160 -296 -247 -478 -433 -250 -133 -301 -328 -415 -445 -553 -541 -274 -451 -91 0
3 -16 -499 -247 -250 -323 -121 -214 -301 -157 -133 -478 -328 -580 -433 -415 -100 -91 -296 -463 -565 -1 -61 -445 -160 -553 -541 -274 -508 -67 0
-16 -100 -139 -91 -565 -61 -160 -1 -296 -247 -478 -433 -274 -250 -133 -463 -323 -301 -121 -328 -415 -508 -214 -445 -553 -541 -70 -31 -67 -157 -499 0
69 -88 -139 -274 -31 -94 -574 -217 0
-100 -67 -139 -31 -94 -274 -160 -445 -463 -70 -478 -91 -433 -565 -508 -214 -61 -541 -1 -250 -247 -323 -121 -301 -553 -133 -328 -415 -296 -157 -499 0
-67 -139 -31 -94 -274 -160 -445 -463 -70 -478 -91 -433 -565 -508 -214 -61 -541 -1 -250 -247 -323 -121 -301 -553 -133 -328 -415 -296 -157 -499 0
17 -146 -451 -358 -499 -139 -457 -206 -463 -70 -184 -31 -508 -214 -94 -574 -217 0
2 -466 -451 -301 -211 -323 -184 -508 -214 -94 -217 -16 -358 -499 -139 -457 -463 -70 -31 -574 -91 -565 -61 0
18 -207 -457 -499 -121 -323 -184 -31 -214 -94 -574 -217 0
-94 -247 -323 -463 -70 -31 -214 -565 -61 -1 -451 -301 -508 -91 -274 -160 -445 -478 -433 -541 -250 -121 -553 -133 -328 -415 -296 -245 0
17 -184 -91 -565 -484 -459 -501 -121 -529 -323 -308 -463 -70 -5 -31 -214 -574 -217 0
263 -117 -463 -525 -70 0
-574 -16 -91 -529 -565 -484 -308 -463 -70 -459 -501 -121 -323 -31 -214 -217 -5 0
18 -67 -217 0
-16 -217 -91 -529 -565 -484 -308 -463 -70 -459 -501 -121 -323 -31 -214 -5 0
219 -308 -70 -31 -463 -574 -358 -214 -67 0
-247 -451 -478 -91 -433 -463 -70 -565 -31 -61 -1 -214 -160 -445 -274 -508 -541 -250 -323 -121 -301 -133 -328 -415 -553 -245 -296 0
-94 -88 -245 -274 -31 69 -574 -217 -95 0
218 -574 -451 -245 -274 -31 -553 -478 -91 -433 -463 -70 -565 -61 -1 -214 -67 0
-574 -67 -160 -445 -274 -478 -91 -433 -463 -70 -565 -31 -61 -1 -508 -214 -541 -451 -245 -553 0
-217 -67 -16 0
216 -263 -245 -529 -140 -94 -31 -451 -185 0
-116 -179 -317 -147 256 -160 -445 -274 -236 -84 -524 -207 -263 -463 -70 0
-263 -207 -84 -449 -369 -274 -553 -445 -140 -196 -463 -160 -31 -317 -147 256 -236 -70 -214 -245 -94 -451 -185 0
68 -16 -245 -160 -463 -70 -553 -214 -274 -445 -31 -451 -76 -133 -328 -478 -91 -433 -565 -301 -100 -67 -1 -511 -61 0
89 -237 -274 -245 -160 -94 0
215 -180 -186 0
90 -263 -125 -53 -345 -258 -492 -451 -468 -214 -186 -360 -488 -94 0
524 -115 -31 0
-116 -524 -263 -463 -70 -115 0
145 -155 -511 -550 -316 -470 -261 0
434 -52 -301 -388 -149 -410 -478 -84 0
207 -388 -509 -378 -435 -544 -212 -322 -256 -591 -91 -500 -565 -458 0
453 -256 -500 -458 -553 -562 -76 -420 -194 -591 -177 -70 -544 -463 -91 -197 -565 -486 -205 -509 -378 -435 -212 -322 -360 -371 -307 0
324 -365 -63 -500 -113 -392 -65 -80 -120 -395 -383 -212 -121 0
454 -52 -342 -125 0
62 -355 -103 -158 -301 -190 -52 -164 -125 -3 0
499 -301 -190 -228 -52 -392 -347 -83 -448 -435 -367 -454 -509 -536 -260 -145 -3 -63 -158 -164 -125 0
147 -596 -435 -367 -454 -509 -536 -260 0
146 -164 -380 -471 -3 0
206 -552 -511 -166 -158 -392 -435 -509 -536 -145 -3 -500 -380 -232 -7 -420 -4 -591 -177 -490 -256 -463 -91 -197 -565 -486 0
-256 -7 -243 -166 -91 -500 -565 -458 -509 -378 -435 -544 -212 -322 -591 -205 -511 -158 -392 -536 -3 -380 -232 -420 -177 -463 -197 -486 -371 -452 -553 -562 -76 -194 -70 -360 -307 0
566 -357 -544 -105 -120 -395 -383 -212 -322 -52 -123 -343 -591 -91 0
501 -301 -395 -383 -562 -468 -212 -120 -52 -490 -343 -91 -565 -544 -322 -591 0
459 -591 -343 -463 -91 -197 -565 -486 -562 -205 0
567 -212 -395 -383 -562 -468 -120 501 -490 -343 -91 -565 -544 -322 -591 -420 -177 -463 -197 -486 -205 0
216 -565 -544 -91 -463 -205 -307 -553 -70 -160 -274 -88 -574 -235 -94 -31 -67 0
345 -52 -150 -561 -356 -544 -104 -372 -453 -396 -307 -382 -530 -242 -328 -257 -478 0
1 -341 -491 -453 -467 -125 0
-54 -496 -166 -411 -74 -7 -6 -453 -467 -2 -491 -301 -52 0
54 -150 -478 -434 -597 -301 0
-52 -411 -166 -242 -74 -7 -54 -453 -467 -2 -491 -301 -257 -344 -150 -561 -356 -544 -104 -372 -396 -307 -382 -530 -328 -478 0
92 -453 -307 -530 -166 -242 -7 -467 -2 -544 -372 -396 -434 -213 -322 -501 -459 -590 -205 -565 0
53 -301 -553 -510 -76 -537 -261 -62 -2 -208 -7 -195 -453 -258 -492 -345 -367 -135 0
344 -342 -467 -492 -372 -501 -453 -396 -459 -307 -382 -562 -530 -242 -328 -258 0
490 -126 -208 -427 -2 -437 -62 -532 -365 -307 -76 -453 -135 0
1 -158 -245 -501 -26 -517 -365 -165 -62 0
-301 -52 -501 -121 -84 -448 -434 -367 -553 -396 -393 -510 -110 -76 -537 -62 -2 -245 -232 -7 -467 -453 -135 -492 -208 -427 -437 -307 -195 -258 -345 -372 -459 -562 -530 -242 -328 -213 -159 -227 -261 0
-52 -185 -214 -406 -253 -114 -76 -166 -195 -345 -258 -467 -492 -372 -501 -453 -396 -459 -307 -562 -530 -242 -328 -367 -121 -448 -434 -149 -7 -553 -322 -478 -208 -599 -213 -159 -84 -393 -510 -110 -537 -62 -2 -245 -232 -135 -427 -437 -227 -261 0
-565 -91 -214 -553 -70 -463 -205 -307 -544 -160 -274 -88 -574 -235 -94 -67 -31 0
345 -256 -91 0
-54 -2 -67 -340 -146 -52 0
69 -245 -88 -274 -31 -94 -574 -217 0
452 -328 -589 -274 -235 -67 -52 -88 -31 -94 -574 -492 0
-245 -418 -501 -145 -2 -205 -125 -463 -9 -597 -589 -160 -274 -214 -88 -235 -94 -67 -244 -31 -574 0
245 -159 -125 -2 -214 -67 -217 -88 -9 -94 0
303 -501 -125 -463 -9 -589 -160 -214 -328 -88 -134 -94 -67 -348 -145 -2 -205 -274 -235 -244 -31 -574 0
-245 -501 -553 -134 -145 -2 -205 -125 -463 -9 -589 -160 -274 -214 -88 -235 -94 -67 -244 -31 -574 -598 -70 -194 -157 0
-501 -125 -589 -274 -235 -205 -67 -94 -553 -134 -145 -2 -463 -9 -160 -214 -88 -244 -31 -574 -70 -194 -302 -328 -348 0
53 -2 -274 -574 -235 -242 -67 -160 -88 -94 -589 -214 -9 -244 -205 -553 -134 -145 -463 -31 -70 -194 -328 -348 0
-245 -244 -205 -463 -589 -274 -214 -88 -235 -94 -67 -544 -31 -574 0
257 -345 -589 -274 -235 -214 -67 -88 -94 -205 -544 -31 -574 -453 -52 -463 -91 0
-245 -589 -274 -94 -235 -67 -205 -463 -88 -214 -544 -31 -574 0
-589 -574 -205 -463 -274 -235 -94 -31 -544 -88 -214 -67 0
53 -450 -478 -5 -561 -453 -544 -411 -70 -31 -463 -574 219 -214 -67 -74 -389 -301 0
486 -125 -453 -70 -31 -463 -574 219 -214 -67 -159 -467 -209 -5 -478 -544 -434 -213 -322 -121 -501 -565 -459 -253 -205 0
451 -597 -367 -434 -510 -343 -537 -256 -147 -5 0
-597 -301 -510 -537 124 -467 -147 -453 -367 -434 -343 -256 -5 0
-301 124 -562 -343 -459 -501 -121 -510 -537 -328 -467 -147 -453 -367 -434 -256 -5 0
-125 -5 -256 -343 -121 -434 -322 -478 -213 -159 -562 -459 -501 -537 -328 -467 -453 -2 -209 -176 -463 -485 -70 -31 -574 219 -214 -67 -544 -565 -253 -205 0
54 -301 -501 -70 -31 -463 -574 219 -214 -67 -459 -453 -562 -5 -328 -256 -159 -343 -165 0
452 -133 -455 -166 -121 -497 -501 -242 -459 -256 -562 -343 -328 -381 -537 -165 -490 -70 -31 -463 -574 219 -214 -67 0
-133 -209 -434 -159 -478 -553 -176 -419 -76 -328 -343 -195 -256 -5 -453 -455 -166 -121 -497 -501 -242 -459 -562 -381 -537 -165 -490 -70 -31 -463 -574 219 -214 -67 0
8 -501 -459 -121 -562 -322 -328 -213 -343 -70 -31 -463 -574 219 -214 -67 -453 -256 -159 -434 -478 -553 -176 -419 -76 -195 -166 -242 -381 -537 -490 -467 -2 -485 -544 -565 -253 -205 -232 0
344 -372 -467 -453 -6 -396 -553 -448 -367 -434 -537 -510 -121 -501 -166 -459 -498 -562 -242 -328 -256 0
-245 -256 -67 -343 -553 -463 -70 -31 -574 -214 -490 -544 -205 -160 -88 -274 -94 -235 0
479 -375 -150 0
499 -395 -392 -113 -406 -322 -121 -509 -536 -158 -478 -420 -177 -70 -463 -343 -197 -328 -565 -486 -562 -205 -458 0
451 -507 -105 -468 -395 -382 -435 -540 -596 -536 -509 -177 -75 -463 -166 -197 -496 -486 -7 -371 -5 0
535 -388 -197 -410 -486 -507 -7 -468 -54 -416 -314 -158 -395 -478 -382 -435 -596 -3 -540 -509 -147 0
345 -197 -382 -486 -410 -253 -301 -544 -596 -75 -509 -536 -7 -468 -416 -314 -158 -395 -478 -435 -3 -360 -307 -452 -105 -177 -463 -166 -371 -562 -243 -328 -256 0
453 -3 -468 -53 -135 -490 0
-574 -274 -94 -544 -307 -463 -70 -205 -235 -160 -31 -88 -214 -67 -553 0
457 -121 -120 -235 -346 -67 -85 -16 -214 -478 -100 -583 -243 -434 -37 -160 -596 -77 -486 -88 -27 -140 -94 -501 -245 0
-121 -140 -214 -434 -583 -596 -160 -88 -501 -100 -245 -458 -120 -235 -346 -67 -85 -16 -478 -243 -37 -77 -486 -27 -94 0
121 -486 -369 -196 -434 -478 -463 -596 -591 0
-140 -121 -564 -501 -214 -434 -583 -596 -160 -88 -100 -245 -120 -235 -346 -67 -85 -16 -478 -243 -37 -77 -486 -27 -94 0
140 -583 -16 -214 -67 -100 -235 -160 -274 -88 0
-486 -478 -501 -214 -434 -583 -596 -160 -88 -100 -245 -120 -235 -346 -67 -85 -16 -140 -243 -37 -77 -564 -27 -94 -369 -463 -591 0
486 -552 -514 -67 -16 -3 -100 -124 -214 -37 -583 -243 -77 -160 -140 -261 -463 -88 -205 -94 -7 0
52 -434 -235 -16 -274 -100 -67 -501 -214 -596 -160 -88 -94 -463 -514 -205 -307 -145 -453 -193 -5 -538 -328 -256 -345 0
452 -91 -159 -590 -303 -567 -390 -478 -359 -490 -307 0
68 -567 -560 -155 -145 -261 -437 -288 -214 -323 -455 -252 -168 -342 -193 -180 -256 -7 -5 -453 -159 -590 -303 -390 -478 -307 -345 -135 -328 -563 -141 -274 -100 -235 -16 0
433 -245 -342 -145 -256 -214 -274 -100 -235 -16 -67 -455 -193 -5 -453 -303 -478 -307 -345 -135 -328 -160 -205 -486 -88 -94 -544 -126 -74 -501 -121 -596 0
1 -517 -245 -158 -501 -136 -483 -188 -429 -185 -180 -7 -208 -126 0
157 -590 -74 -501 -121 -544 -567 -2 -245 -158 -483 -188 -185 -126 -365 -110 -396 -384 -486 -88 -212 -94 0
-245 -121 -205 -501 -74 -544 -126 -486 -88 -94 -274 -235 -67 -303 -16 -375 -596 -478 -100 -434 -342 -145 -256 -214 -455 -193 -5 -453 -307 -345 -135 -328 -160 0
69 -121 -596 -589 -434 -274 -100 -235 -16 0
-121 -478 -274 -235 -67 -596 -434 -100 -16 -455 -342 -135 -486 -345 -205 -544 -256 -160 -74 -5 -88 -501 -453 -94 -126 -303 -375 -145 -214 -193 -307 -328 0
591 -245 -303 -313 -356 -192 -135 -235 -375 -478 -328 -274 0
118 -227 -87 -382 -64 -395 -104 0
-478 -486 -135 -126 -256 -5 -453 -87 -544 -192 -67 -345 -235 -538 -463 -274 -434 -596 -303 -375 -328 -501 -100 -16 -455 -342 -205 -160 -74 -88 -94 -145 -214 -193 -307 0
-486 -303 -205 -5 -88 -453 -94 -501 -463 -274 -235 -67 -160 -596 -434 -100 -16 -135 -126 -256 -87 -544 -192 -345 -538 -375 -328 -455 -342 -74 -145 -214 -193 -307 0
275 -121 -596 -434 -501 -478 -375 -458 -566 -245 -591 -141 0
499 -458 -245 0
-121 -478 -596 -434 -274 -100 -235 -16 -67 54 -566 -501 -458 -245 -591 -141 0
121 -192 -135 -126 -566 -256 -5 -584 -453 -356 -214 -180 -104 -100 -16 -544 -87 -227 -67 -83 -235 -434 -274 -596 -591 0
-434 -345 -274 -100 -235 -16 -67 -501 -256 -5 -453 -214 -544 -160 -463 -88 -205 -94 -596 -538 -328 -455 -74 -145 -193 -307 -53 -514 0
567 -336 -512 -166 -370 -145 -496 -453 -200 -5 -256 -205 -91 0
590 -7 -3 -74 -514 -104 -34 -356 -150 -512 -370 -145 -453 -5 -256 -205 -91 -189 -186 -141 -242 -180 -383 -324 -458 -245 -159 -301 -53 -345 -553 -538 -368 -176 -463 -328 0
451 -136 -104 -356 -113 -261 -443 -407 -156 -297 -470 -538 -145 -368 -3 -245 -62 -501 -365 -158 -517 -176 -455 -192 -232 -208 -342 -135 -7 -492 -5 0
566 -135 -468 -328 -544 -74 -370 -453 -104 -356 -407 -156 -538 -145 -368 -3 -245 -501 -176 -455 -7 -5 -189 -186 -395 -242 -180 -383 -324 -159 -301 -53 -411 -378 -345 -458 -83 -256 -205 -91 0
-135 -253 -104 -141 -392 -65 -186 -74 -180 -544 -324 -395 -370 -301 -383 -453 -53 -242 -5 -345 -256 -91 -565 -468 -328 -356 -407 -156 -538 -145 -368 -3 -245 -501 -176 -455 -7 -189 -159 -411 -378 -458 -83 -205 0
135 -345 -328 -53 0
302 -566 -368 -176 -5 -256 -91 -485 -553 -141 -392 -65 -186 -74 -180 -544 -395 -370 -324 -383 -453 -53 -242 -345 -301 -468 -328 -407 -156 -538 -145 -3 -245 -501 -455 -189 -159 -411 -378 -458 -83 -205 -591 -514 -34 -150 -512 -463 0
344 -91 -256 0
258 -566 -368 -176 -5 -256 -91 -485 -553 -141 -392 -65 -186 -74 -180 -544 -395 -370 -479 -383 -453 -53 -242 -345 -468 -328 -407 -538 -145 -3 -245 -501 -455 -189 -378 -458 -83 -205 -591 -514 -34 -512 -463 -596 -41 0
123 -150 -176 -5 -256 -91 -485 -553 -141 -392 -65 -186 -74 -180 -544 -395 -370 -566 -383 -453 -53 -242 -345 -368 -468 -328 -407 -159 -538 -145 -3 -245 -501 -455 -189 -378 -458 -83 -205 -591 -514 -34 -512 -463 -596 0
480 -336 -514 -34 -370 -559 -544 -41 -176 -5 -256 -91 -485 -553 -141 -392 -65 -186 -74 -180 -395 -566 -383 -453 -53 -242 -345 -368 -468 -328 -407 -538 -145 -3 -245 -501 -455 -189 -378 -458 -83 -205 -591 -512 -463 -596 -528 -148 0
452 -259 -458 -468 -104 -205 -342 -119 -564 -492 -370 -145 0
158 -470 -485 -378 -205 -242 -145 -3 -126 -468 -347 -200 -5 -453 -458 -104 -342 -119 -564 -492 -370 -336 -156 -122 -599 -596 -303 -208 0
-566 -458 -453 -245 -485 -378 -205 -242 -145 -3 -5 -468 -370 -596 -544 -479 -514 -34 -41 -176 -256 -91 -553 -141 -392 -65 -186 -74 -180 -395 -383 -53 -345 -368 -328 -407 -538 -501 -455 -189 -83 -591 -512 -463 -70 0
-458 -245 -468 -328 -544 -74 -370 -453 -407 -538 -145 -368 -3 -596 -501 -176 -455 -5 -189 -186 -395 -242 -180 -383 -53 -378 -345 -83 -256 -205 -91 -479 -485 -591 -514 -34 -41 -553 -141 -392 -65 -512 -463 -70 0
451 -365 -356 -3 -126 -478 -328 -468 -192 -591 -342 -135 -566 -91 -256 -5 0
257 -156 -120 -562 -544 -468 -328 -342 -135 -104 -566 -491 -471 -91 0
565 -597 -544 -120 -104 -356 -301 54 -478 -74 -328 -591 0
118 -315 -356 -396 -104 0
112 -25 -192 -135 -365 -63 -285 0
123 -135 -3 -365 -356 -104 -74 -544 -120 -382 -301 54 -478 -566 -328 -591 -180 -322 0
105 -63 -192 -76 -365 -135 -3 -126 -468 -506 -356 0
103 -389 -74 -544 -506 -120 0
-301 -303 -356 -3 -468 -104 -74 -544 -328 -591 -122 -180 -370 -453 -91 -256 -5 -458 -245 -159 -345 -566 0
567 -259 -145 -5 -453 -256 -205 -91 0
457 -236 -395 -275 -382 -211 -564 -245 0
459 -259 -453 -145 -245 -205 0
546 -395 -510 -275 457 -211 -564 -245 -74 -40 0
103 -510 -91 -145 -256 -5 -453 -154 -370 -544 -275 -211 -564 -245 -74 -40 -458 -205 -566 -313 -137 -518 -356 0
-562 -126 -163 -3 -268 -468 -241 -507 -256 -120 -156 -544 -328 -342 -135 -104 -566 -491 -471 -91 -564 0
514 -537 -36 0
565 -395 -3 -468 -507 -256 -120 -544 -328 -342 -135 -104 -566 -491 -471 -91 -564 -163 -306 -483 -571 -52 -435 -479 -149 0
545 -83 -409 -395 -104 -87 -435 -243 -270 -402 -120 0
-395 -306 -483 -435 -507 -468 -52 -342 -510 -74 -544 -409 -104 -270 -120 -571 -479 -256 -335 -205 -149 -91 -145 -5 -453 -566 -3 -328 -135 -491 -471 -564 -163 0
567 -455 -435 -306 -507 -468 -571 -52 -342 -483 -479 -335 -149 -145 -5 -453 -256 -205 -91 0
546 -306 -149 -566 -435 -479 -507 -468 -571 -52 -342 -483 -335 -145 -5 -453 -256 -205 -91 -510 -74 0
480 -175 -209 -335 -571 -52 -435 -306 -507 -468 -342 -483 -479 -149 -145 -5 -453 -256 -205 -91 -566 0
452 -564 -180 -507 -483 -435 -479 -209 -571 -52 -468 -149 -145 -5 -453 -256 -205 -91 -566 -464 -275 -40 -544 -510 -74 -409 -104 -120 -3 -328 -135 -163 -36 -550 -370 0
301 -159 -145 -3 -544 -52 -468 -566 -91 -458 -256 -245 -5 -453 -571 -205 -74 -104 -328 -370 -356 -591 -122 -596 -180 0
-389 -120 -104 -390 -74 -544 -506 0
479 -82 -566 -205 -591 -433 0
150 -479 -374 0
103 -65 -544 -120 -74 0
480 -586 -125 -454 -3 -566 -591 -328 -366 -27 -356 -104 -544 -120 -74 -261 -205 -82 -433 -374 0
-120 -68 -245 -205 -458 -433 -453 -145 -544 -74 -104 -356 -328 -591 -159 -125 -454 -3 -566 -366 -374 -191 -134 -490 -370 -5 -347 -411 -390 -506 0
-342 -86 -145 -3 -125 -433 -508 -374 -74 -591 -390 -566 -411 -91 -458 -256 -245 -5 -42 -453 -356 -544 -370 -104 -205 -328 -159 -366 -191 -134 -468 -52 -341 0
-120 -138 -260 -159 -205 -479 -433 -411 -544 103 -74 -104 -390 -506 0
-159 -180 -370 -205 -74 -104 -356 -328 -591 -566 -91 -458 -256 -245 -5 -453 -3 -145 -468 -122 -596 -544 -345 0
382 -454 -334 -471 -156 -376 -508 -292 -413 -87 0
505 -41 -122 -356 118 -104 -383 -334 -471 -156 -292 -413 -87 -74 -485 -275 -210 -5 -139 -126 -52 -342 -256 -491 -120 -544 -468 -328 -135 -566 -91 -564 0
270 -510 -537 -455 -334 -552 -519 -163 0
382 -175 -464 -263 -180 -101 -67 -219 -455 -334 -156 -471 -256 -268 -537 -552 -519 -163 -413 0
434 -464 -94 -537 -334 -552 -519 -596 -122 -303 -356 -104 -211 -245 -263 -180 -219 -471 -256 -210 -3 -468 -74 -485 -275 -5 -139 -52 -342 -491 -120 -544 -328 -135 -566 -91 -564 -571 -479 -148 -528 0
505 -365 -61 -3 -227 -139 -126 -87 -564 -468 -122 -356 -41 -104 118 -334 -471 -156 -413 -74 -485 -275 -210 -5 -52 -342 -256 -491 -120 -544 -328 -135 -566 -91 0
-16 -102 -18 -67 0
-479 -139 -3 -468 -564 -122 -356 -104 -334 -471 -74 -485 -210 -5 -52 -342 -256 -491 -120 -544 -328 -566 -91 -303 -596 -83 -94 -537 -552 -519 -211 -245 -263 -180 -219 -571 -591 -480 0
-180 -544 -566 -122 -591 -3 -468 -356 -104 -74 -5 -256 -596 -328 -91 -245 -205 -370 -145 -453 -458 -345 0
149 -559 -3 -342 -433 -74 -591 -566 -91 -458 -256 -245 -5 -453 -356 -544 -370 -104 -205 -328 -468 -52 -122 -596 -120 -145 -528 -373 0
435 -61 -468 -3 -126 -87 -564 -122 -356 -41 -104 118 -334 -471 -156 -413 -74 -275 -5 -52 -342 -256 -120 -544 -328 -135 -566 -91 -205 -458 -453 -245 -291 -157 -303 -596 0
-491 -562 -383 -122 -324 -3 -126 -468 -507 -256 -120 -156 -544 -328 -342 -135 -104 -566 -268 -471 -91 -564 -596 -519 -303 -157 -208 -9 -5 0
505 -368 -334 -156 -543 -471 -256 -135 -91 -383 -122 -324 -3 -126 -468 -507 -120 -544 -328 -342 -104 -566 -268 -564 -596 -519 -303 -157 -9 -5 -61 0
121 -537 -90 -216 -256 -91 -219 -383 -455 -268 -334 -552 -519 -163 -211 -596 -324 -156 0
565 -471 -157 -291 -596 -356 -104 -122 -90 -216 -256 -91 -324 -370 -453 -245 -145 -3 -458 -342 -564 -468 -334 -135 -120 -544 -328 -566 -9 -5 -433 -74 -275 -52 -205 -571 -479 -148 -591 -528 -373 0
567 -433 -596 -157 -544 -120 -74 -104 -356 -52 -528 -373 -148 -145 -5 -453 -256 -205 -91 0
146 -126 -468 -342 -3 0
478 -479 -324 -596 -245 -458 -453 -145 -205 -291 -356 -104 -90 -216 -256 -91 -370 -3 -342 -468 -120 -544 -328 -566 -9 -5 -74 -52 -571 -122 -591 0
302 -135 -126 -3 105 -468 -356 -564 -458 -245 -566 -544 -478 -104 -597 -120 -301 -74 -328 -591 -159 -52 0
303 -433 -3 -342 -159 -145 -411 -74 -591 -566 -508 -91 -458 -256 -245 -5 -42 -453 -356 -544 -370 -104 -205 -328 -468 -52 0
-597 -126 -345 -328 -3 -468 -356 -564 -458 -245 -566 -544 -478 -104 -120 -74 -591 -159 -342 -145 -91 -256 -5 -453 -370 -205 -435 -122 -596 0
302 -192 -74 -90 -104 -120 -544 -564 -458 -370 -245 -453 -356 -3 -478 -126 -328 -468 -510 -591 -342 -135 -566 -91 -256 -5 -159 0
301 -409 -571 -52 -468 -342 -479 -145 -5 -453 -256 -205 -91 -566 480 -74 -544 -510 -104 -120 -3 -328 -135 -471 -564 -537 -334 -528 -370 -356 -245 -154 -275 -40 -458 -313 -212 0
-126 -471 -104 -120 -544 -564 -458 -370 -245 -453 -356 -3 -328 -468 -591 -342 -566 -91 -256 -5 -479 -145 -205 -74 -334 -122 -345 -596 0
303 -374 -205 -458 -159 -453 -145 -544 -74 -104 -356 -328 -591 -245 -125 -120 -3 -566 -454 -68 -191 -134 -490 -370 -5 -347 -506 -122 -596 0
126 -564 -104 -328 -91 -145 -256 -5 -453 -370 -544 -356 -245 -74 -458 -205 -566 -591 -122 -596 -159 -120 -3 -150 -468 -375 -342 -52 0
-564 -334 -104 -120 -544 -458 -370 -245 -453 -356 -3 -328 -468 -591 -342 -566 -91 -256 -5 -479 -205 -74 -145 -122 -345 -596 0
564 -159 -3 -120 -356 -104 -468 -370 -453 -74 -328 -345 -5 -544 -256 -342 -145 -591 -566 -91 -458 -245 -205 -435 -596 -122 0
-479 -342 -104 -120 -544 -458 -370 -245 -453 -356 -3 -328 -468 -591 -74 -566 -91 -256 -5 -122 -145 -205 -345 -596 0
-342 -120 -145 -74 -591 -566 -91 -458 -256 -245 -5 -453 -356 -544 -370 -104 -205 -328 -468 -596 -122 -3 -345 0
-120 -544 -370 -74 -205 -104 -356 -328 -591 -566 -91 -458 -256 -245 -5 -453 -145 -468 -596 -122 -3 -345 0
340 -510 -205 -156 -263 -536 -470 -216 -145 -186 -3 -69 -468 0
-544 -468 -3 -145 -205 -122 -328 -591 -566 -91 -458 -256 -245 -5 -453 -356 -370 -104 -74 -596 -345 0
302 -88 -324 -290 -226 -94 -411 -245 -390 -159 0
-126 -156 -559 -205 -390 -566 -411 -196 -226 -283 -104 -384 -64 -433 -16 -67 -3 -52 -301 -324 -290 -94 -245 -159 -536 -145 -468 -342 0
123 -159 -342 -559 -205 -390 -566 -226 -283 -104 -64 -3 -245 -52 -145 -468 -412 -219 -510 -596 -40 0
302 -471 -256 -115 -412 -219 -510 -537 -538 -79 -313 -356 -104 -275 -564 -458 -245 -390 -159 -52 0
357 -382 -290 -211 -537 -115 -40 -245 -538 -395 -275 -322 -564 -458 -79 -453 -145 -205 -313 -137 0
355 -537 -552 -435 -106 -518 -506 -64 -528 -137 -104 0
-126 -435 -3 -64 -52 -566 -145 -5 -453 -256 -205 -91 -283 -115 -40 -245 -538 -395 -275 -322 -564 -458 -79 -313 -356 -552 -528 -104 -226 -409 -390 -159 -303 -412 -219 -510 -468 -342 0
-159 -564 -458 -245 -453 -91 -256 -5 -219 -468 -390 -510 -342 -52 -3 -64 -566 -145 -205 -283 -115 -40 -538 -395 -79 -356 -552 -104 -226 -412 -328 -596 -591 -122 -559 0
301 -485 -52 -342 -412 -219 -510 -537 -538 -79 -552 -519 -356 -104 -64 -226 -83 -122 -596 -390 0
595 -511 -316 -139 -101 -275 -291 -237 -537 -219 -40 -510 -122 0
434 -320 -3 -342 -52 -79 -471 -334 -122 -596 -316 -139 -537 -219 -40 -510 -552 -571 -559 -226 -519 -591 -375 -395 -87 -104 -480 -384 -64 0
121 -434 -480 -596 -591 0
159 -342 -104 -3 -219 -510 -596 -122 -591 -552 -52 -79 -40 -571 -559 -226 -395 -64 -390 -412 -538 -356 -205 -145 -453 -245 -458 0
-342 -219 -328 -122 -458 -245 -453 -91 -256 -5 -591 -468 -390 -510 -52 -3 -64 -566 -145 -205 -283 -115 -40 -538 -395 -79 -356 -552 -104 -226 -412 -596 -559 -571 0
217 -210 -159 -9 -138 -260 -205 -585 -115 -88 -96 -67 0
119 -390 -596 -510 -205 -115 -356 -328 -591 -566 -91 -458 -245 -5 -453 -3 -145 -52 -122 -256 -468 -40 -538 -104 -412 -559 -571 -370 -57 0
123 -342 -9 -88 -470 -213 -96 -145 -468 -205 -3 -218 -454 -412 -396 -68 -510 -237 -596 -40 0
-342 -242 -218 -96 -88 -115 -237 -396 -596 -315 -122 -9 -470 -213 -145 -468 -205 -3 -412 -510 -40 -341 0
-468 -91 -122 -205 -3 -145 -328 -591 -566 -596 -458 -256 -245 -5 -453 -356 -370 -104 -74 -345 0
-597 -219 -591 -159 -52 -126 -3 -69 -566 -510 -596 0
302 -390 -458 -507 -245 -564 -159 0
218 -303 -507 -159 -104 -458 -245 -564 -74 -3 -510 -69 0
389 -150 -528 -566 -356 -205 -104 -82 -507 -409 0
301 -150 -566 -91 -528 -256 -356 -5 -104 -348 -145 -453 -370 -154 -510 -564 -245 -74 -40 -458 -205 -313 -275 -409 -389 -159 0
-219 -159 -566 -104 -91 -507 -256 -5 -458 -348 -245 -356 -145 -453 -370 -510 -74 -205 -596 -591 -69 -3 -328 -122 -52 -126 0
-159 -510 -596 -52 -356 -104 -507 -328 -591 -342 -566 -91 -458 -256 -245 -5 -453 -370 -348 -145 -69 -74 -205 -3 -122 -126 0
103 -359 -389 -74 -163 -546 -519 -120 0
388 -514 -552 -519 -304 -163 -507 -359 0
595 -389 -104 -120 -74 -356 -552 -519 -507 -566 -471 -91 -256 -5 -348 -482 -83 -3 -69 -537 -219 -510 -122 0
302 -219 -69 -3 -510 -52 -342 -334 -566 -571 -480 -596 -591 -122 -104 -120 -74 -356 -552 -519 -507 -471 -91 -256 -5 -348 -482 -83 -537 0
-67 -101 -219 -69 0
-510 -507 -74 -69 -596 -591 -122 -3 -52 -342 -566 -571 -104 -356 -91 -256 -5 -348 -205 -370 -145 -453 -245 -458 -328 -126 0
-478 54 -591 -301 -566 -597 -434 -480 0
-67 -315 -356 -104 -42 -544 -370 -566 -453 -245 -591 -301 -597 -52 -126 -433 -3 -219 -69 0
389 -480 -159 -104 -566 -205 -591 -433 -164 -507 -411 -358 0
-434 -159 -301 -566 -597 -591 -52 -388 -104 -205 -433 -164 -507 -411 -358 0
302 -519 -3 -120 -356 -104 -74 123 -301 -544 -566 -328 -591 -552 -145 -5 -453 -256 -205 -91 -513 -597 -245 -159 -345 0
-159 -91 -458 -453 -145 -74 -104 -356 -328 -591 -245 -3 -566 -370 -5 -122 -596 -256 -205 -345 0
-91 -591 -256 -205 -458 -453 -245 -145 -74 -104 -356 -328 -5 -3 -566 -370 -122 -596 -345 0
-507 -101 -135 -219 -63 -356 -3 -120 -104 -74 123 -301 54 -566 -328 -591 -56 -564 -597 -458 -245 -159 -52 0
-52 -508 -74 -104 -120 -135 -219 -63 -356 -3 123 -301 -566 -328 -591 -564 -597 -458 -245 -159 -150 -53 0
435 -507 -150 -356 -136 -159 -245 -458 -564 -528 -390 -411 -83 0
388 -482 -104 -552 -356 -136 -159 -245 -458 -537 -564 -508 -507 -74 0
-507 -390 -124 -219 -467 -3 -104 -552 -356 -136 -159 -245 -458 -537 -564 -508 -74 -433 -150 -528 -411 -83 0
435 -67 -219 -195 -508 -24 -74 -390 -346 -411 -478 -83 0
-390 -373 -561 -120 -74 -433 -219 -195 -508 -346 -411 -83 -77 -564 -458 -245 -159 -136 -356 -467 -104 -124 -3 -552 -537 -150 -528 0
-597 -159 -219 -3 -346 -564 -458 -245 -83 -561 -120 -74 -195 -136 -356 -104 -552 -537 -150 -528 -342 -135 -63 -566 -328 -591 -53 -122 -596 0
389 -507 -564 -510 -104 -458 -245 -159 -74 -3 -303 -219 -346 -435 -409 -528 -566 -356 -205 -150 0
-390 -389 -303 -458 -564 -245 -159 -507 0
368 -23 -3 -342 -303 -159 -63 -245 -458 -263 -564 -308 -507 -531 -88 -468 -94 -485 -455 -450 -334 0
95 -31 -583 -263 -214 -308 -186 -531 -88 0
-507 -303 -334 -552 -342 -136 -159 -245 -583 -263 -308 -531 -104 -120 -74 -435 -3 -63 -458 -564 -485 -195 -539 -537 -219 -346 -510 -409 -528 -566 -356 -205 -150 0
-159 -243 -552 -537 -572 -334 -256 -219 -471 -356 -104 -564 -458 -245 -561 -74 -120 -136 -342 -583 -263 -308 -531 -3 -63 -485 -195 -539 -346 -528 -566 -205 -150 -591 -122 -83 -135 -328 -53 -596 0
-375 -150 -480 0
-434 -435 -122 -480 -591 -596 0
595 -226 -409 -122 -101 -275 -139 -316 -511 -237 -537 -219 -40 -510 0
434 -409 -94 -485 -219 -346 -510 -537 -539 -122 -596 -139 -316 -552 -57 -519 -120 -74 -104 -356 -528 -591 -150 -480 -384 0
388 -507 -552 -519 -3 -537 -219 -596 -482 -122 -480 -591 -94 -485 -346 -539 -139 -316 -120 -74 -104 -356 -528 -150 -384 0
509 -249 -129 -308 -360 -552 -67 -195 -102 -516 -537 -219 0
100 -67 0
-16 -516 -537 -552 -249 -129 -263 -308 -360 -67 -195 -102 0
435 -360 -537 -552 -129 -263 -308 -219 -195 -507 -467 -346 -251 -411 -596 -482 -83 0
-507 -528 -356 -150 -104 -480 -120 -74 -122 -591 -596 -537 -552 -129 -263 -308 -219 -195 -467 -346 -251 -482 -83 -389 -519 -3 -94 -485 -539 -139 -316 -384 0
-591 -370 -122 -74 -104 -356 -3 -245 -256 -458 -566 -205 -328 -596 -145 -453 -5 -345 0
433 -159 -74 591 -245 -356 -313 -303 -328 -3 -61 -104 -345 -409 -148 0
389 -267 -518 -104 -83 -507 -409 0
560 -518 -276 -237 -104 -65 -74 -40 -537 -510 -388 -83 -507 -409 -154 0
-159 -537 -245 -458 -453 -145 -205 -507 -313 -104 -356 -154 -559 -40 -74 -510 -409 -303 -219 -67 -435 591 -328 -3 -61 -345 -148 0
388 -120 -61 -104 -356 -527 -480 -134 -52 -328 -345 -303 -74 0
-150 -467 -67 -219 -435 -342 -480 -52 -148 0
-537 -67 -559 -435 -74 -104 -356 -154 -219 -148 -510 -61 -328 -345 -303 -507 -205 -370 -145 -453 -245 -458 -313 -40 -409 591 -3 0
375 -96 -219 -90 -510 -180 -74 -9 -388 -518 -104 -83 -507 -409 -209 -154 -124 -559 -52 0
-67 -507 -219 -510 -74 -104 -3 -409 -154 -559 -322 -303 -435 591 -245 -356 -313 -328 -61 -345 -148 -5 -453 -145 -205 -370 -458 -40 0
-507 -219 -458 -104 -74 -61 -356 -328 -345 -303 -510 -370 -435 -245 -3 -409 -154 -559 -322 591 -313 -148 -5 -453 -145 -205 -40 0
-219 -61 -104 -122 -596 -74 -356 -328 -345 -370 -145 -453 -245 -205 -458 -3 -559 591 -148 -5 0
-67 -101 -217 -69 0
105 -423 -514 -482 -551 -137 -518 -356 0
509 -261 -551 -137 -518 -356 -104 -482 -209 -125 -537 -454 0
-370 -566 -74 -356 -145 -3 -458 -245 -328 -345 -453 -122 -596 -205 -5 -104 -256 0
103 -388 -480 -74 -435 -596 -509 -245 -507 0
73 -526 -566 -328 -480 -435 -122 -596 -545 -509 0
105 -435 -566 -328 -480 -122 -596 -74 -509 -356 -118 0
-67 -480 -537 -550 -3 -122 -596 -342 -509 -74 -507 -215 -245 -104 -566 -328 -356 -118 -217 -68 0
-435 -480 -145 -245 -205 -550 -458 -566 -453 -122 -596 -125 -509 -466 -74 -507 -104 -433 -328 -356 -118 0
103 -480 -566 -434 -597 -301 -591 -53 -544 -125 -118 -466 -55 -507 -66 0
52 -466 -342 -125 0
-480 -409 -342 -118 -104 -507 -74 -566 -509 -122 -596 -145 -245 -205 -550 -458 -453 -328 -356 -3 -537 -215 -217 -68 0
433 -159 -458 -245 -507 -150 -566 -356 -205 -104 -409 -328 -74 -591 -509 -122 -596 0
508 -65 -118 -104 -507 -159 -458 -245 -328 -591 -122 -596 -74 0
-120 -53 -345 -256 -478 -597 -104 -356 -544 -301 -74 -328 -591 -566 -205 -484 -197 -227 -55 -118 0
-409 -507 -328 -566 -356 -104 -345 -256 -74 -205 -197 -118 -458 -95 -245 -122 -596 -509 -342 -145 -550 -453 -3 -537 -215 -217 -68 0
-480 -82 -205 -245 -458 -566 -597 -591 -388 -104 -507 -411 -342 -145 -550 -453 -122 -596 -509 -74 -328 -356 -118 -3 -537 -215 -217 -68 0
302 -52 -3 -478 -356 -104 -74 123 -301 -544 -120 -566 -328 -114 -285 -25 -245 -86 -159 -215 -345 0
-52 -120 -3 -566 -544 -328 480 -433 -356 -104 -74 -261 -205 -82 -491 -342 -301 123 -114 -285 -25 -245 -86 -215 -345 0
105 -544 -3 -566 -471 -328 480 -433 -356 -104 -74 -261 -205 -82 -491 -342 -301 123 -245 -215 -345 -226 -55 -118 0
-507 -215 -328 -458 -245 -356 -74 -104 -3 -471 -261 -205 -491 -342 -566 -345 -118 -145 -550 -453 -122 -596 -509 -537 -217 -68 -256 -197 -95 0
595 -433 -256 -95 -491 -468 -120 -328 -104 -566 -342 -471 -550 -306 -245 -458 -591 -138 -453 -145 -205 -480 103 -5 -74 -390 -506 -301 -509 -122 0
597 -56 -566 -537 -256 -345 -550 -517 -528 -480 -64 -315 -509 -122 -591 -596 -301 0
-120 -301 -95 -491 -468 -328 -104 -566 -342 -471 -550 -306 -245 -458 -591 -138 -453 -145 -205 -480 103 -5 -74 -390 -506 -256 -509 -122 -596 -537 -345 -528 -315 -118 0
595 -433 -138 -205 -480 -566 -261 -591 -122 -596 -301 -64 -390 -57 -74 -509 0
597 -396 -245 -480 -315 -122 -591 -596 -301 0
-301 -480 -205 -138 -566 -261 -591 -122 -596 -390 -74 -509 -245 -315 -95 -491 -468 -328 -104 -342 -471 -550 -306 -458 -453 -145 103 -5 -506 -256 -537 -345 -528 -118 0
-259 -373 -454 -154 -368 -448 -345 -256 -95 -566 -245 -205 -458 -261 -453 -145 0
-120 -52 -345 -539 -373 -80 -561 103 -65 -74 -118 0
-480 -591 -5 -345 103 -74 -118 -205 -550 -458 -95 -245 -138 -256 -566 -261 -453 -145 -537 -315 -509 -122 -468 -596 -390 -491 -328 -104 -342 -471 -306 -506 -528 0
595 -120 103 -74 -509 -435 0
-120 -301 -345 -564 -458 -95 -245 -537 -74 -104 -506 -390 -159 -591 -315 -509 -256 -122 -596 103 -435 -118 0
595 -57 -458 -245 -95 -197 -205 -390 -564 -74 -509 -435 -122 0
-301 -435 -294 -345 -256 -217 -68 -471 -564 -458 -95 -261 -245 -138 -537 -159 -591 -315 -509 -122 -596 -197 -205 -390 -74 -104 -506 103 -118 0
-591 -564 -596 -245 -345 -256 -95 -566 -205 -458 -537 -74 -315 -261 -453 -145 -509 -122 -138 -390 -294 -217 -68 -471 -197 -104 -506 103 -118 -5 -550 -468 -491 -328 -342 -306 -528 0
218 -566 -453 -145 -205 -458 -345 -596 -245 -328 -122 -256 -74 -104 -5 -356 -3 0
-434 302 -261 -454 -342 -356 -3 -104 -69 -458 -390 -245 -550 -564 -122 -591 -435 -596 0
-480 -301 -566 -537 -256 -345 -550 -118 -509 -122 -591 -596 597 -245 -356 -104 -328 -74 0
-301 -89 -546 -412 -458 -245 -566 -537 -256 -345 -550 -118 -509 -122 -591 -596 597 -356 -104 -328 -74 -217 -69 -261 -454 -342 -3 -390 0
467 -348 -256 -5 -491 -345 -342 0
-480 -467 -217 -69 -435 -74 -596 -509 -245 -388 -104 -122 -591 -566 -328 -356 -118 0
433 -313 -275 -211 -564 -245 -458 -356 -205 -104 -69 -84 -159 -150 -566 -409 -328 -74 -591 -509 -122 -596 0
-509 -591 -69 -118 -104 -458 -245 -328 -217 -122 -596 -74 -356 -205 -566 -256 -5 -491 -345 -342 -537 -550 -261 -3 -510 0
158 -454 -205 -216 -368 -448 -345 -256 -373 -566 -245 -458 -261 -453 -145 509 -356 -104 -482 -125 -537 0
105 -479 -566 -148 -74 -528 -356 -118 -65 0
302 -155 -471 -294 -566 -383 -272 -373 -480 -211 -108 -52 0
-480 -435 -5 -345 -122 -596 -566 -356 -104 -74 -453 -145 -245 -205 -458 -328 -591 -3 -256 0
157 -232 -163 -7 -519 -209 0
105 -303 -34 -338 -159 -163 -188 -124 -216 -61 -205 -40 -566 -82 -308 -150 -409 -359 -74 -528 -458 -564 -245 -356 -104 -118 -64 0
302 -154 -471 -550 -381 -359 -74 103 -163 -395 -236 -275 -564 -458 -261 -245 -138 -159 0
433 -159 -145 -245 -205 -458 -453 -471 -550 -74 -261 -356 -104 -34 -338 -216 -566 -308 -150 -118 -328 -591 -3 -122 -217 -69 -596 0
158 105 -479 -74 -65 -356 -118 -566 -205 -104 -358 -261 -164 -482 509 -125 -537 -454 0
389 -561 -471 -381 -122 -375 -164 -596 -52 -358 -301 0
-597 -114 -184 -285 -135 -365 -25 -3 -478 -356 -104 -74 -120 -544 -301 -322 54 -566 -328 -591 -382 -122 -596 0
105 -235 -328 -591 -122 -184 -3 -478 -356 -104 -74 -566 -596 -52 -345 -471 -381 -375 -164 -358 -458 -245 -159 -479 -65 -118 -205 -261 -482 509 -125 -537 -454 -383 0
303 -156 -187 -184 -358 -112 -164 -381 -471 -74 -336 -261 -138 -159 -517 -512 -550 -514 -34 -528 -150 -491 -375 -342 -52 0
-156 -301 -566 -528 -34 -65 103 -74 -514 -413 -550 -383 -336 -261 -245 -138 -159 -150 -187 -184 -358 -164 -381 -471 -512 -491 -375 -342 -52 0
-301 -284 -184 -62 -187 -566 -74 -65 103 -512 -413 -550 -383 -336 -458 -261 -245 -138 -159 -328 -596 -591 -471 -381 -122 -375 -164 -52 -358 -528 -34 -514 -150 -491 -342 0
-435 -591 -5 -345 -328 -458 -256 -453 -145 -245 -205 -122 -596 -566 -74 -356 -104 -3 0
119 -471 -324 -485 -213 -292 -536 -141 -145 -253 -96 -266 -478 -83 -156 -433 -561 -413 -42 -227 -80 -66 -546 -57 0
-67 -102 -218 -68 0
67 -340 -145 -124 -467 0
-471 -344 -453 -134 -54 -347 -433 -467 -218 -145 -292 -455 -334 -274 -156 -561 -42 -546 -356 -315 -104 -120 -324 -485 -213 -536 -141 -253 -96 -266 -478 -83 -413 -227 -80 -66 -57 0
119 -263 -316 -463 -433 -42 -551 -218 -227 -66 -546 -370 -57 0
388 -120 -156 -433 -42 -551 -66 -453 -54 -292 -356 -315 -104 -324 -213 -141 -96 -266 -478 -80 -261 -205 -566 -591 -328 -562 -508 -507 -411 -74 0
335 -342 -375 -54 -561 -456 -156 0
-342 -219 -591 -82 -566 480 -328 -433 -356 -104 -544 -74 -261 -205 -366 -96 -120 -197 -245 -458 -453 -159 -411 -390 -506 -141 -254 -471 -266 -156 -561 -54 -466 -346 -551 -456 0
469 -86 -54 -375 -292 -561 -378 -156 0
133 -125 -591 -82 -566 480 -328 -120 -433 -356 -104 -544 -454 -74 -261 -205 -3 -366 -374 -191 0
-118 -471 -591 -82 -566 480 -328 -433 -356 -104 -544 -74 -261 -205 105 -54 -141 -254 -266 -156 -366 -226 0
155 -85 -453 -145 -466 -54 -328 -346 -292 -450 -378 -368 -471 -334 0
-471 -544 -82 -566 480 -328 -433 -356 -104 -591 -74 -261 -205 -366 -96 -245 -458 -453 -159 -411 -390 -506 -141 -254 -266 -156 -54 -346 -551 -226 -508 -562 -315 105 0
-456 -454 -63 -25 -191 -134 -490 -93 -258 -4 -346 -450 -368 -334 -366 -375 -54 -561 -342 -156 0
456 -237 -370 -120 -395 -356 -315 -104 -383 -414 -2 -508 -125 0
-342 -63 -25 -490 -93 -258 -4 -346 -450 -368 -334 -366 -375 -54 -561 -456 -156 -52 0
-52 -258 -4 -346 -490 -466 -25 -450 -368 -334 -366 -375 -54 -156 -370 -120 -395 -356 -315 -104 -383 -2 -508 -141 -254 -266 -544 -566 -591 -328 -526 -150 0
-544 -346 -566 -366 -54 -156 -356 -315 -104 -508 -141 -254 -266 -591 -328 -453 -82 480 -433 -74 -261 -205 -96 -245 -458 -159 -411 -390 -506 -551 -226 -562 105 0
105 -328 -566 -366 -54 -156 -356 -315 -104 -508 -141 -591 -74 -453 -433 -261 -205 -96 -245 -458 -159 -411 -390 -562 -478 -42 -324 -213 -517 0
-544 -120 -566 -205 -433 -591 -478 -390 -74 103 -411 0
-480 -375 -591 -566 -478 0
434 -265 -562 -141 -505 -13 -390 -411 -226 -86 -384 0
-52 -342 -528 -591 -566 -478 -433 -562 -141 -505 -13 -390 -411 -226 -384 -156 -334 -455 -328 -54 0
-375 -373 -559 -591 -478 -566 0
-342 -395 -366 -384 -226 -218 -566 -411 -156 -591 -433 -205 -559 -478 -145 -528 -562 -141 -505 -13 -390 -334 -455 -328 -54 0
-375 -485 -168 -196 -324 -226 -208 -248 -213 -16 -124 -562 -141 -505 -13 -390 -411 -384 -219 -67 -54 -433 -559 -591 -478 -566 0
-120 -328 -566 -528 -156 -478 -324 -208 -213 -562 -141 -390 -411 -54 -433 -591 -96 -453 -250 -145 -366 -205 -334 -508 -74 103 0
590 -215 -218 -584 -236 -115 -466 -89 -505 -141 -562 -328 0
147 -428 -442 -423 -112 -284 -35 -63 -536 -1 0
-67 -69 -101 0
544 -35 -145 -112 -101 -205 -566 -591 -505 -141 -562 -328 -315 -324 -57 -396 -213 -528 -478 -433 -13 -390 -411 -342 -52 -156 -334 -54 -383 -508 -74 -42 0
-3 -20 -284 -46 -61 -591 -435 -328 -458 -345 -453 -145 -245 -205 -122 -596 -566 -74 -356 -104 -256 -1 0
-52 -342 -145 -591 -328 -458 -453 -245 -205 -122 -596 -566 -74 -356 -104 -411 -390 -51 -517 -508 -156 -334 -286 -13 -294 -396 -141 -562 -42 -546 -505 -315 -324 -57 -213 -528 -478 -433 -112 -54 -108 -375 0
-342 -375 -96 -112 -372 -141 -453 -562 -591 -328 -458 -145 -245 -205 -122 -596 -566 -74 -356 -104 -528 -334 -156 -316 -478 -411 -390 -51 -517 -508 -286 -13 -294 -396 -42 -546 -505 -315 -324 -57 -213 -433 -54 -108 0
-91 -3 -453 -145 -74 -104 -356 -328 -591 -245 -370 -566 -159 -458 -122 -596 -205 -344 -92 0
91 -344 -468 -390 -505 -562 -4 -328 -411 0
53 -456 -508 -218 -101 -453 -145 -74 -104 -356 -328 -591 -245 -370 -566 -159 -458 -122 -596 -205 -92 -468 -390 -505 -562 -4 -411 0
-375 -505 -390 -562 -328 -411 -54 -508 -453 -145 -74 -104 -356 -591 -245 -566 -159 -458 -122 -596 -205 -372 -96 -112 -141 -528 -334 -156 -316 -478 -517 -286 -13 -294 -396 -42 -546 -315 -324 -57 -213 -433 -108 -64 0
-342 -369 -208 -421 -449 -515 -347 -536 -93 -468 -145 -384 -345 -135 -87 -528 -591 -566 -478 -433 -562 -141 -505 -13 -390 -411 -226 -156 -334 -455 -328 -54 0
-328 -54 -390 -562 -453 -208 -591 -566 -478 -141 -136 -356 -159 -245 -458 -205 -261 -122 -596 595 -301 -74 -104 -96 -517 -213 -108 -366 0
53 -342 -390 -505 -65 -104 -356 -566 -526 -150 -375 -343 -74 -133 0
382 -413 -263 -186 -531 -360 -96 -67 -390 -537 -219 -505 -508 -195 -74 -561 -411 -433 -83 -159 -373 -77 -552 -458 -245 -136 -356 -467 -104 -124 -3 -346 -150 -528 -583 -395 0
139 -89 -179 -112 -186 -77 0
217 -179 -583 -263 -186 -531 -508 -360 -74 -390 -505 -562 -141 -537 -112 -77 -96 -67 0
218 -57 -505 -74 -458 -245 -390 595 -205 -435 -122 0
-564 -512 -316 -552 -583 -263 -186 -531 -508 -360 -74 -390 -505 -562 -141 -537 217 -77 -96 -67 -104 -195 -219 -561 -411 -433 -83 -159 -373 -458 -245 -136 -356 -467 -124 -3 -346 -150 -528 0
217 -528 -583 -263 -186 -531 -508 -360 -74 -390 -505 -316 -552 -562 -141 -77 -96 -67 -104 -195 -219 -561 -411 -433 -83 -159 -373 -458 -245 -136 -356 -467 -124 -3 -346 -150 -537 -18 0
-528 -195 -390 -505 -74 -561 -159 -373 -77 -552 -458 -245 -136 -356 -467 -104 -124 -3 -537 -150 595 -205 -435 -122 -583 -263 -531 -316 -562 -141 -96 -67 0
344 -263 -96 -67 -537 -505 -74 -458 -245 -390 595 -205 -435 -122 -104 -356 -561 -159 -373 -552 -136 -467 -124 -3 -150 -316 -562 -141 -133 -491 -256 0
217 -263 -186 -308 -88 -583 -96 -67 0
-342 -505 -390 -104 -74 -458 -245 595 -205 -435 -122 -96 -453 -343 -356 -159 -136 -150 -562 -141 -133 -450 -261 -566 -145 -375 -591 -478 -54 -526 0
218 -505 -390 -104 -74 595 -435 -458 -245 -205 -122 0
506 -186 -78 -141 217 -96 -67 -366 -205 -61 -566 -92 -4 -307 -411 -360 -468 -390 0
507 -192 -54 -375 -366 -150 -78 -526 -141 -356 -562 -104 0
-505 -145 -96 -366 -205 -566 -390 -141 -54 -375 -150 -526 -356 -562 -104 -74 595 -435 -458 -245 -122 -133 -453 -343 -159 -136 -450 -261 -591 -478 0
-217 -163 157 -519 -189 -316 -582 -487 -141 -254 -74 -485 -508 -96 -219 -67 0
-373 -512 -254 -266 -133 -141 -453 -551 -250 -145 -334 -466 -125 -54 -156 -375 -591 -478 -566 0
491 -6 -258 -453 -93 0
-67 -254 -343 -133 -54 -453 -141 -250 -145 -334 -466 -156 -375 -591 -566 157 -519 -316 -74 -485 -508 -96 -346 -359 -101 0
52 -380 -164 -471 -145 -466 67 0
218 -334 -551 -250 -133 -54 -164 -145 -466 67 -266 -141 -254 -379 -485 -508 -96 0
-342 -125 -395 -356 -315 -104 -383 -508 -120 -145 -559 -470 -372 -566 -156 -453 -93 -334 -492 -455 -52 -341 0
-52 -1 -455 -145 -395 -356 -315 -104 -383 -508 -120 -470 -372 -566 -156 -453 -334 -343 -133 -254 -266 -141 -551 -250 -466 -512 -54 -375 -591 -478 0
-145 -133 -54 -375 -591 -566 -104 -343 157 -74 -261 -390 -366 -150 -526 595 -435 -458 -245 -122 -159 -450 0
303 595 -104 -566 -74 -591 -261 157 -390 -458 -245 -122 -159 -596 -301 0
-67 -435 -591 -458 -345 -453 -145 -245 -205 -122 -596 -566 -74 -356 -104 -168 -243 -179 -116 -536 -372 -96 -126 -342 -358 -218 -101 0
454 67 -145 -342 -52 0
134 -36 -208 -536 -591 -435 -328 -458 -345 -453 -145 -245 -205 -122 -596 -566 -74 -356 -104 -316 -512 -469 -168 -187 -179 -184 -91 -112 -490 -76 0
-52 -145 -179 -443 -208 -591 -458 -453 -96 -245 -205 -122 -596 -566 -74 -356 -104 -141 -390 -303 -159 -562 -478 -261 -136 -382 -597 -301 0
-69 -3 -104 -227 -517 -85 -382 -358 -57 -433 -67 0
-342 -67 -104 -74 -458 -245 595 -205 -145 -122 -96 -453 -54 -356 -159 -136 -343 -562 -141 -261 -566 -505 -591 -478 -133 -373 -347 -218 -390 -227 -517 -85 -382 -358 -57 -340 0
434 -67 -96 -205 -92 -566 -546 -307 -373 -591 -478 -413 -358 -218 -382 0
-67 -373 -53 -566 -347 -591 -478 -218 -96 -205 -546 -453 -413 -358 -382 -133 -145 -104 -74 -458 -245 595 -122 -54 -356 -159 -136 -343 -562 -141 -261 -505 -390 -227 -517 -85 -57 -340 0
-145 -382 -591 -478 -96 -205 -453 -566 -104 -74 -458 -245 -122 -356 -159 -136 -562 -141 -261 -390 -517 -179 -443 -208 -596 -303 -597 -301 0
-597 -390 -591 -566 -261 -74 -458 -245 -122 -159 -104 -596 -301 157 0
-466 -3 -313 -104 -245 -158 -517 -358 -237 -119 -67 -342 52 -467 0
68 -3 -313 -104 -245 -158 -517 -358 -237 -119 0
52 -218 -93 -96 -67 -510 -358 -263 -313 -104 -245 -158 -517 -237 -119 -145 -342 0
-3 -126 -591 -458 -435 -453 -145 -245 -205 -122 -596 -566 -74 -356 -104 -67 -316 -345 -96 -342 -218 -544 -390 -389 -562 -329 -93 -263 -510 -313 -158 -517 -237 0
-218 -93 -450 -329 -458 -390 -245 -159 302 -409 -464 -83 -342 -435 -237 -145 -67 -591 -122 -596 -566 -74 -104 -316 -544 -263 -510 -313 -158 0
559 -342 -435 -458 -145 -245 -122 -596 -566 -74 -104 -591 -409 -464 -510 -67 -450 -329 -390 -159 302 -313 -158 -261 -40 0
146 -3 -245 -158 -527 -329 -458 -390 -159 302 -67 -104 -342 -126 0
-91 -468 -342 -126 -3 -453 -164 -308 -379 -530 -471 344 0
359 344 -96 -67 -566 -342 -126 -3 -453 -471 -205 -537 -510 -218 0
344 -218 -87 -382 -57 -313 -104 -245 -158 -517 -358 -3 -275 -141 -562 -329 -107 -261 -527 -136 -67 -96 -566 -342 -126 -453 -471 -205 -510 -537 0
68 -256 302 -313 -159 -510 -52 -537 -471 -104 -538 -564 -458 -245 -390 -275 -370 -74 103 -158 -3 0
-218 -3 -458 -435 -145 -245 -122 -596 -566 -74 -104 -67 -591 -342 -390 -329 -510 -313 -158 302 -159 -52 -275 -261 -303 -527 0
343 -95 -509 -458 -345 -245 -537 -74 -104 -301 -390 -159 -591 -122 -596 -435 -356 -371 -303 -562 -527 -453 -329 -3 -145 -205 -566 0
526 -271 -288 -136 -261 -356 -107 0
256 -515 -382 -104 -35 -356 -107 -527 -288 -136 -261 -275 -237 -402 -117 -546 -559 -154 -471 0
-3 -342 -261 -566 -458 -245 -74 -301 -390 -159 -591 -122 -596 -145 -67 -104 -158 0
-342 -67 -104 -245 -158 -458 -390 -159 -145 -566 -261 -74 -301 -591 -122 -596 0
-218 -523 -116 -67 -263 -583 -308 -96 -68 0
-3 -256 146 -96 -67 -116 -263 -583 -307 -358 -313 -104 -245 -158 -517 -119 -237 0
-67 -145 -245 -158 -566 -591 -104 -458 -390 -159 -261 -74 -301 -122 -596 0
61 -76 -112 -365 -284 0
-328 -512 -164 -187 -243 -184 -537 -107 -135 -192 -150 -566 -365 -62 -261 -40 -252 -136 -49 -235 -342 -356 -65 -275 -466 -104 -141 -390 -458 -303 -245 -159 -389 -562 -591 -3 -435 -345 -453 -145 -205 -122 -596 -74 -256 -329 0
120 -539 -546 -510 -375 -591 -478 -566 -537 -150 -414 -526 -295 -356 -298 -104 0
118 -235 -40 -546 -396 0
545 -116 -464 -141 -365 -62 -368 -566 -256 -345 -164 -187 -243 -184 -537 -107 -135 -192 -150 -261 -40 -252 -136 -49 -235 -342 -356 -65 -275 -466 -104 -390 -458 -303 -245 -159 -389 -562 -591 -3 -435 -453 -145 -205 -122 -596 -74 -329 -16 -217 -510 -414 -118 0
-116 -256 -245 -158 -107 -329 -16 -243 -217 -537 -150 -510 -464 -375 -591 -566 -414 -365 -62 -368 -104 -345 -164 -187 -184 -135 -192 -261 -40 -252 -49 -235 -342 -65 -275 -466 -390 -458 -303 -159 -389 -3 -435 -145 -122 -596 -74 -118 0
105 -118 -57 -65 0
-301 -455 -342 -52 -551 -261 -517 -138 -566 -458 -245 -74 -67 -390 -159 -591 -122 -145 -3 -104 -596 0
509 -345 -468 -551 -261 -122 -517 -138 -596 -390 -159 -566 -458 -245 -74 -67 -591 -145 -3 -104 -435 -342 -453 -205 -356 -256 -214 -186 -116 -89 -537 0
510 -596 -261 -138 -435 -342 -566 -458 -245 -74 -67 -390 -159 -591 -122 -145 -3 -104 -205 0
-158 -596 -245 -342 -458 -390 -67 -145 -566 -159 -74 -261 -591 -122 -104 0
-301 -510 -596 -342 -52 -551 -261 -517 -138 -566 -458 -245 -74 -67 -390 -159 -591 -122 -145 -3 -104 0
-596 -435 -342 -67 -396 -315 -122 -390 -261 -517 -138 -566 -458 -245 -74 -159 -591 -145 -3 -104 -505 -372 -453 -218 -205 -356 -256 0
-52 -467 -124 -2 -67 -54 -146 0
506 -133 -491 -453 -528 -372 -108 -551 -35 -515 -562 -306 0
164 -243 -382 -85 -294 -515 -378 -551 -471 -517 -381 0
344 -155 -122 -253 -390 -359 -163 -382 -85 -294 -515 -551 -471 -517 -381 -13 -82 -205 -566 -256 0
508 -366 -396 -591 -566 -256 -122 -390 -382 -294 -517 -13 -82 -205 -141 -562 -505 -453 -528 -372 -108 -306 -334 -342 -67 -54 -3 -145 -537 -218 0
-52 -410 -591 -122 -478 -448 -367 -334 -468 -456 -342 -54 0
344 -392 -235 -354 -67 -218 -448 -180 -346 -214 -4 -584 -256 0
157 -478 -591 -256 -354 -67 -218 -342 -122 -367 -453 -505 -372 -96 -546 -390 -57 -74 -509 -396 -566 -382 -294 -517 -13 -82 -205 -528 -3 -145 -537 -458 -481 -261 -302 -245 -138 0
217 -367 -335 -450 -552 -486 -372 -96 0
-435 -315 -122 -342 -396 -67 -218 -372 -96 -505 -591 -256 -566 -245 -205 -145 -458 -261 -453 -517 -138 -159 -354 -546 -390 -57 -74 -294 -13 -528 -3 -537 -104 -356 0
-596 -52 -2 -67 -467 -124 -261 -138 -597 -245 -342 -458 -390 -145 -566 -159 -74 -591 -122 -104 0
-52 -163 -261 -517 -138 -566 -159 -480 -591 -124 -2 -67 -467 -145 -575 -537 -510 -597 -245 -342 -458 -390 -74 -122 -104 0
-91 -343 -256 0
103 -537 -159 -390 -245 -458 -122 -591 -342 -67 -145 -566 -74 -261 -104 -205 -256 -356 -3 -218 -96 -453 -119 0
468 -125 -3 -67 0
448 -228 -196 -410 -485 -347 0
-52 -266 -15 -205 -261 -591 -122 -54 -478 -342 -55 -66 -509 -96 -434 -218 -104 -120 -74 -390 -544 -67 -3 0
388 52 -342 -96 -218 -313 -67 -93 -104 -245 -158 -517 -119 -145 -263 -360 -74 0
508 -478 -122 -591 -434 -561 -66 -334 -544 -55 -455 -74 0
433 -85 -292 -410 -376 -55 -83 -66 0
-517 -292 -591 -122 -66 -67 -218 -74 -390 -342 -96 -313 -104 -245 -119 -145 -3 -25 -261 -205 -566 -256 -15 -120 -458 -159 -519 0
-259 -596 -104 -518 -122 -591 -507 -390 -458 -245 -159 -526 -302 -52 -67 -256 -342 -455 -566 -334 -205 -261 -453 -145 0
53 -8 -96 -88 -163 -218 -209 -3 -67 -455 -342 -52 0
-91 -435 355 -518 -537 -137 -104 -507 -514 -34 -591 -122 -596 -390 -302 -52 -96 -88 -163 -218 -209 -3 -67 -455 -342 -458 -245 -453 -145 -205 -74 -356 -256 -566 -370 0
53 -83 -104 -518 -507 -122 -120 -74 -390 -544 -145 -334 -3 -342 -256 -455 -343 -67 -52 0
-435 -455 -52 -342 -67 -334 -507 -104 -518 -122 -596 -390 -302 -120 -74 -544 -145 -3 -256 -205 -566 355 -537 -137 -514 -34 -591 -96 -88 -163 -218 -209 -458 -245 -453 -356 -370 0
509 -334 -52 -302 -3 -67 -218 -342 -507 -104 -518 -122 -390 -120 -74 -544 -145 -256 -205 -566 355 -537 -137 -591 -96 -163 -209 -458 -245 -453 -356 -370 0
508 -52 -302 -537 -526 -67 -550 -3 -66 -370 -55 -218 -74 0
567 -236 118 -104 -356 -122 -393 -410 -25 -82 -364 -205 -61 0
510 -435 -591 -256 -566 118 -104 -356 -122 -25 -205 -479 -66 -526 -67 -302 -507 -52 -3 -390 -342 -455 -74 0
-435 -455 -205 355 -518 -537 -137 -104 -507 -591 -122 -390 -302 -52 -96 -163 -218 -209 -3 -67 -566 -342 -458 -245 -453 -145 -74 -356 -256 -261 -120 -508 118 -479 -66 0
-125 -455 -124 -342 -52 0
-455 -508 -256 -245 -507 -566 -390 -302 -52 -342 -591 -3 -479 -67 -218 -205 355 -518 -537 -137 -104 -122 -96 -163 -209 -458 -453 -145 -74 -356 -261 -120 118 -66 0
-91 -7 -186 -433 -566 -3 -342 -82 -52 -356 -104 -74 -261 -205 -120 -544 -301 -114 -285 -25 -245 -86 123 -526 73 -509 -122 -596 -435 -545 -453 -145 -370 -591 -159 -458 -344 -256 0
-596 -68 -458 -159 -453 -120 -591 -74 -104 -356 -145 -245 -3 -566 -205 -125 -490 -454 -506 -122 -347 -256 -186 -342 -52 -261 -114 -25 -526 73 -509 -435 -485 -196 -414 -410 118 -302 -597 0
-52 -479 -256 -566 -205 -261 -591 -66 -458 -159 -453 -120 -74 -104 -356 -145 -245 -3 -122 -342 -114 118 -302 -96 -390 -67 -218 -507 355 -518 -537 -137 -163 -209 -550 0
595 -435 -583 -263 -96 -67 -74 -390 -507 -467 -218 -537 0
-435 -471 -122 -292 -85 -55 -83 -66 -390 -74 -373 -591 -566 -479 -561 -334 -544 -455 -597 -583 -263 -96 -67 -507 -467 -218 -537 0
123 -236 -390 -74 -409 -356 118 -104 0
-537 -119 -96 -390 -218 -74 -591 -122 -356 -104 -67 -566 -261 -205 -145 -256 -458 -159 -453 -245 -3 -342 0
125 118 -566 -256 -104 -356 -122 -25 -205 -591 -507 -66 -596 -390 -435 -302 -67 -3 -342 146 0
-125 -510 -67 -218 -466 -124 -342 -52 -3 0
-596 -435 -566 -256 -104 -356 -122 125 -205 -591 -390 -119 -67 -3 -342 146 -245 -458 -145 -159 -74 -261 0
-435 -119 -104 -74 -390 -213 -510 -566 -256 -356 -122 125 -205 -591 -67 -3 -342 146 -245 -458 -145 -159 -261 0
-119 -261 -104 -122 -566 -159 -591 -74 -390 -256 -205 -67 -3 -342 -245 -458 -145 -356 -218 -453 -96 0
-507 -336 -205 -261 -566 -552 -34 -518 -537 -137 -104 -514 -435 -591 -122 -596 -390 -302 -52 -96 -88 -218 -209 -3 -67 -455 -342 -458 -245 -453 -145 -74 -356 -256 -370 -506 0
-455 -596 -205 -458 -453 -245 -3 -74 -104 -356 -256 -145 -566 -591 -122 -261 -137 -518 -435 -390 -302 -52 -96 -218 -209 -67 -342 -371 -125 0
-596 -125 -458 -159 -453 -591 -74 -104 -356 -145 -245 -3 -566 -205 -122 -256 -342 -52 -261 -435 -390 -67 -96 -218 0
-455 -509 -67 -218 -3 -125 -342 -52 0
121 -328 -566 -356 -205 -104 -82 389 -478 -507 -591 0
123 -519 -552 -335 -254 -367 -485 -196 -347 -228 -410 0
-507 -82 -566 -205 -256 -356 -104 389 -478 -591 -122 -552 -335 -367 -485 -196 -347 -228 -506 0
121 -538 -407 -561 -254 -367 -566 -485 -448 -205 -13 -478 -347 -82 -591 -410 0
123 -561 -591 -122 -367 -52 -478 -456 -468 -410 -342 -125 -3 -347 -163 -552 -335 -254 -485 -196 -228 0
-125 -52 -205 -591 -122 -566 -342 -3 -356 -104 -256 -390 -74 -96 -218 -67 -435 -458 -159 -453 -145 -245 -261 0
-596 -507 -256 -205 -356 -104 -566 -591 -435 -67 -467 -122 -390 -303 -245 -342 -458 -145 -159 -74 -261 0
121 -82 -566 -205 -256 -356 -104 -507 389 -478 -591 0
565 -328 -526 -591 -150 0
567 -509 -218 -226 -74 -56 -393 -25 -484 -364 -205 -61 0
-507 -61 -591 -566 -218 -74 -56 -205 -256 -353 -122 -356 -104 -467 -375 -390 -435 -303 -67 -245 -342 -458 -145 -159 -261 0
302 -261 -342 -458 -390 -67 -145 -566 -159 -74 -245 -591 -122 -104 0
-303 -435 -591 -122 -566 -342 -3 -356 -104 -256 -390 -74 -96 -218 -67 -205 -458 -159 -453 -145 -245 -261 -596 -507 0
-52 -54 -205 -591 -122 -566 -342 -3 -356 -104 -256 -390 -74 -96 -218 -67 -435 -458 -159 -453 -145 -245 -261 0
-435 -507 -96 -67 -74 -390 -205 -218 -566 -145 -256 -342 -591 -122 -3 -356 -104 -458 -159 -453 -245 -261 -596 0
53 -467 -342 -3 -67 0
435 -137 -545 -56 -74 -356 -390 -256 -261 -205 -566 -145 -342 -3 -67 -302 -122 -596 -591 -218 0
-596 -261 -390 -67 -122 -245 -342 -458 -145 -566 -159 -74 -591 -104 -3 -453 -205 -356 -256 -96 -218 0
-52 -435 -67 -256 -218 -245 -591 -566 -205 -458 -261 -453 -145 -356 -3 -342 -104 -74 -122 -96 -390 -159 0
-125 -507 -509 -390 -74 -342 52 0
75 -392 -478 -334 -353 -591 -373 -566 -455 -367 -545 -509 -56 0
-507 -485 -353 -218 -411 -509 -390 -56 -74 -478 -334 -591 -566 -367 -545 -27 -366 -63 -3 -342 52 0
126 -284 -120 103 -74 -56 -509 -455 0
-435 -261 -390 -74 -591 -566 -3 -458 -245 -159 -356 -104 -218 -342 -122 -205 -256 -67 -453 -145 -96 0
315 -336 -145 -245 -205 -453 -458 -395 -211 -236 -275 -564 -156 -122 0
-52 -261 -480 -566 -159 -467 -591 -163 -2 -67 -124 -145 -575 -597 -245 -342 -458 -390 -74 -122 -104 -356 -205 -453 -395 -236 -371 -218 -509 -56 -545 -256 -53 0
-125 -120 -104 -284 -74 -56 -509 -390 -342 52 -124 0
508 -185 -188 -316 -334 -371 -455 -218 -67 -74 0
-261 -218 -356 -159 -591 -122 -96 -390 -104 -74 -67 -205 -566 -256 -342 -145 -245 -458 -453 -3 0
120 -345 -256 -470 -458 -245 -159 -509 -566 -356 -205 -104 -507 -74 -591 -122 -381 -434 -163 -595 -359 -303 -390 0
-455 -509 -591 -566 -138 -356 -104 -256 -458 -245 -159 -205 -74 -122 -390 -370 -218 -67 -3 -342 146 0
105 -242 -256 -4 -180 -318 -514 -512 -550 -163 -210 -159 -138 -356 0
455 -250 -318 -470 -256 -4 -485 -141 -562 -356 -104 -163 -159 -138 -263 -96 -67 -390 -218 -536 -74 -52 -466 -336 -124 -342 -3 0
-435 -375 -104 -245 -3 -591 -566 -159 146 -342 -458 -390 -67 -126 -303 -74 -205 -256 -356 -122 -596 0
-218 -122 -591 -566 -104 -245 -3 -342 -458 -390 -67 -74 -205 -256 -356 -159 -96 -453 -145 0
-596 -518 -591 -435 -566 -205 -256 -356 -104 -507 389 -122 -155 -595 0
158 -515 -304 -435 -591 -566 -205 -256 -356 -104 -507 389 -122 -155 -595 -208 -136 0
-125 -455 -566 -205 -256 -356 -104 -507 -591 -52 -435 -245 -342 -458 -390 -67 -145 -159 -74 -380 -360 -509 -468 -3 -122 0
125 -507 -342 -458 -67 -145 -566 -159 -74 -245 -591 -122 -104 -390 -468 -52 -3 0
301 -596 -487 -141 -582 -250 -591 -435 -566 -205 -256 -356 -104 -507 389 -122 -88 -519 -159 0
-158 -596 -453 -335 -145 -519 -245 -342 -458 -390 -67 -566 -159 -74 -371 -591 -122 -104 0
-596 105 -566 -356 -104 -591 -74 -205 -141 -509 -122 -435 -145 -453 -213 -186 -189 -511 -335 -245 -342 -458 -390 -67 -159 -371 -582 -487 -88 -484 -347 -52 -250 -256 -507 389 0
470 -508 -217 -189 -582 -487 -163 -519 -141 -254 -74 157 -205 -96 -219 -67 -566 -591 -134 -562 -490 -307 -529 -344 -194 -256 -156 0
471 -6 -453 -256 -145 0
157 -80 -56 -74 -256 -217 -189 -582 -487 -163 -519 -141 -254 -205 -96 -219 -67 -566 -591 -562 -490 -307 -529 -194 -156 -471 -380 -145 -3 -52 -302 0
-3 -467 -256 -205 -356 -104 -566 -591 -435 -67 -507 -122 -390 -596 -245 -342 -458 -159 -74 -145 -52 0
-389 -458 -566 -256 -245 -205 -159 -52 -356 -104 -435 -67 -507 -122 -390 -596 -342 -591 -145 -74 0
509 -453 -145 -245 -205 -458 -335 -454 -591 -566 -104 -122 -342 -390 -67 -74 -256 -356 -159 -3 0
96 -484 -458 -205 -245 0
147 301 -487 -596 -250 -591 -435 -566 -205 -256 -356 -104 -507 389 -122 -159 -576 -67 -74 -390 -145 -342 -3 -458 -245 -454 0
301 -3 -67 -245 -342 -52 -145 -596 -591 -435 -566 -205 -256 -356 -104 -507 -122 -159 -74 -390 -458 0
147 -96 -356 -104 -591 -74 -205 -596 -122 -435 -145 -245 -342 -458 -390 -67 -159 -52 -256 -507 -566 -3 0
-453 -261 -356 -104 -591 -74 -205 -596 -122 -435 -145 -245 -342 -458 -390 -67 -159 -52 -256 -507 -96 -566 -3 0
-261 -96 -245 -356 -104 -591 -74 -205 -596 -122 -435 -145 -342 -458 -390 -67 -159 -52 -256 -507 -566 -3 0
-96 -3 -145 -245 -342 -458 -390 -67 -566 -159 -74 -591 -122 -104 -205 -256 -356 -596 -435 -52 -507 0
96 -562 -458 -254 -245 -205 0
-458 -245 -596 -566 -205 -256 -356 -104 -507 -591 -435 -67 -145 -122 -342 -390 -159 -74 -52 0
499 -356 -104 0
-596 -435 -245 -390 -67 -205 -566 -145 -256 -342 -591 -122 -3 -356 -104 -458 -159 -507 -74 0
388 -52 -3 -67 -342 -507 -302 0
146 -150 -591 -526 -566 -256 -375 -156 -6 -52 -471 -453 -3 -342 -468 0
212 -186 -114 -422 -226 -56 -74 -42 -237 -120 -395 -356 -315 -104 -382 -324 0
124 -335 -156 -550 -471 -516 -380 -422 -163 -209 -3 0
73 -88 -237 -179 -42 -291 -226 -56 0
-453 -261 -3 -356 -104 -145 -591 -566 -256 -52 -342 -159 -205 -96 -67 -507 -435 -245 -458 -390 -122 -74 0
-261 -52 -566 -74 -205 -256 -122 -356 -104 -390 -507 -67 -245 -342 -458 -145 -159 -435 -591 -3 -96 0
-52 -96 -591 -566 -104 -122 -245 -458 -390 -67 -74 -205 -256 -356 -159 -3 -342 -145 -507 -435 0
-96 -435 -566 -74 -390 -458 -507 -245 -67 -205 -104 -122 -342 -256 -356 -159 -3 -145 -591 0
389 96 -458 -507 -245 -205 0
-435 -3 -566 -74 -591 -67 -342 -507 -458 -390 -245 -159 -205 -104 -122 -256 -356 -145 0
388 -52 -480 -566 -597 -591 -159 -434 -3 -67 -342 -507 0
218 -575 -67 0
-52 -3 -205 -458 -342 -356 -245 -145 -104 -566 -159 -591 -390 -67 -74 -256 -122 -507 0
-3 -507 -390 -245 -458 -74 -205 -591 -566 -104 -122 -342 -67 -256 -356 -159 -145 0
-480 -119 -104 -356 -390 -74 -409 -236 -330 -122 -591 -478 -566 0
368 -450 -82 -566 -409 -256 -348 -540 -205 0
565 -330 -591 -256 0
451 -344 -165 -256 -470 -122 -516 -591 -36 -108 -356 -104 -546 -82 -205 -566 -374 -390 -74 -409 -236 -478 -563 -458 -372 -245 0
388 -82 -348 -256 -205 -458 -490 -245 -452 -165 -470 -122 -591 -356 -104 -566 -390 -74 -236 -478 -536 -218 -52 -509 -507 -302 0
301 -561 -67 -370 -120 -470 -356 -315 -104 -165 -292 -218 -156 -54 -86 -378 -382 -519 -478 -213 -159 0
75 -370 -218 -120 -509 -56 0
451 -435 -342 -52 -67 -467 -566 -591 -478 -367 -449 -96 -218 -226 -80 -509 -56 -74 -120 -256 -5 0
-435 -96 -74 -458 -159 -67 -245 -342 -566 -591 -256 -356 -104 -122 -507 -205 -390 -145 0
-478 -96 -205 -256 -356 -104 -145 -67 -245 -342 -458 -390 -566 -159 -74 -591 -122 -507 0
73 -562 -480 -566 -369 -329 -591 -256 -448 -52 -141 -470 -260 -165 -137 -209 -518 -356 -126 -96 -67 -104 -536 -454 -218 -507 -509 -390 0
388 -551 -122 -390 -74 -356 -236 -104 -260 -518 -119 -137 -84 -205 -566 -148 -329 -591 -256 -479 -562 -52 -507 -302 0
246 -509 -188 -260 -137 -518 -356 -104 -507 -390 -122 -74 -236 -84 -205 -566 -148 -329 -591 -256 -479 -52 -302 -218 -67 -185 -480 -369 -448 -470 -165 -209 -126 -96 -536 -454 -458 -452 0
389 -92 -256 -6 -536 -369 -348 -89 -448 -139 -485 -564 -507 -409 -104 -83 -518 0
-509 -369 -256 -209 -329 -536 -384 -126 -52 -507 -74 -458 -390 -245 -159 -348 -448 -104 -518 -84 -205 -490 -452 -96 -188 -260 -137 -356 -122 -236 -566 -148 -591 -479 -302 -218 -67 -185 -480 -470 -165 -454 0
453 -4 -256 -490 -344 0
388 -336 -260 -518 -137 -104 -356 -527 -329 -458 -245 -452 -256 -490 -344 -348 -507 -390 -74 123 -236 0
-96 -507 -256 -566 -356 -205 -104 -591 -390 -458 -245 -74 -122 -159 -67 -145 -342 0
-507 -145 -256 -74 -159 -390 -245 -458 -205 -566 -356 -104 -591 -67 -122 -342 0
3 -468 -342 -145 -67 0
453 -218 -517 -138 -52 -342 -67 -159 -468 -245 -145 0
-218 -52 -245 -205 -458 -159 -591 -566 -104 -122 -342 -390 -67 -74 -256 -356 -145 0
508 -395 -237 -197 -464 -228 -118 -80 -538 -88 -537 -74 0
411 -335 -342 -468 -471 -449 -378 -479 -84 -435 -138 -261 -566 -458 -245 -74 -67 -390 -159 -591 -122 -145 -104 -205 -509 -237 -197 -464 -118 -538 -88 -537 -315 0
235 -544 -382 -88 -118 -243 -42 0
115 -597 -434 -478 -150 -52 -124 -554 -209 -264 -176 -464 -32 0
117 -584 -264 -215 -32 0
136 -124 -215 -88 -264 -32 -52 -186 -464 -91 -256 -479 -435 -378 -122 -84 -410 -342 -468 -449 -138 -261 -566 -458 -245 -74 -67 -390 -159 -591 -145 -104 -205 -509 -237 -197 -118 -315 0
-124 -487 -582 -267 -88 -453 -256 -145 -378 -342 -52 -67 -84 -449 565 -591 -435 -302 -261 -458 -245 -390 -566 -159 -74 -122 -104 -138 -215 -264 -32 -186 -410 -468 -205 -509 -237 -197 -118 -315 0
389 -88 -159 -517 -380 -145 -468 -342 -582 -122 -453 -256 -52 -67 -591 -435 -458 -245 -390 -566 -74 -104 -138 -215 -32 -186 -205 -509 -237 -197 -118 -315 -274 -484 -360 -253 0
-478 -480 -294 -535 -145 -3 -164 -380 -197 -256 -13 -484 -205 -409 -528 -566 -329 -122 -301 -138 -52 -591 -435 -517 -159 0
478 -301 -595 -435 -159 0
83 -347 -450 -484 -409 -205 0
-261 -260 -186 -104 -506 -74 -390 -389 -112 -371 -194 -517 -256 -145 -582 -535 -488 -88 -294 -197 -484 -205 -13 -450 -329 -528 -150 -375 -342 -3 -67 -52 -435 -215 -566 -458 -245 -159 -591 -122 -158 0
146 -529 -308 -256 -453 -3 -164 -380 0
94 -453 -186 -104 -506 -74 -390 -112 -371 -194 -256 -145 -582 -294 -197 -205 -13 -528 -342 -67 -52 -435 -215 -566 -458 -245 -159 -591 -122 -595 -517 -380 -138 -509 -360 -468 -32 -237 -118 -315 -564 0
-453 -95 -145 -245 -205 -458 -159 -138 -186 -104 -506 -74 -390 -112 -371 -194 -256 -582 -294 -197 -13 -528 -342 -67 -52 -435 -215 -566 -591 -122 -595 -517 -380 -509 -360 -468 -32 -237 -118 -315 -564 0
-52 -145 -458 -245 -205 -390 -256 -342 -159 -591 -104 -74 -67 -566 -122 -356 0
-145 -159 -390 -67 -458 -591 -566 -104 -122 -245 -342 -205 -256 -356 -74 0
-3 -126 -467 -67 -1 0
260 -150 -591 -256 -566 -356 -205 -136 0
116 -33 -525 0
115 -33 -525 0
160 -381 -165 -142 -382 -104 -394 -517 -111 -550 -365 -511 -247 -581 -535 -489 -288 -141 -90 0
-217 -485 -450 -253 -367 -141 -165 -142 -382 -104 -517 -365 -247 -581 -535 -489 -288 -275 -464 -236 -525 -371 -575 -218 -67 0
157 -165 -535 -256 -104 -581 -236 -575 -218 -67 -205 -259 -591 -566 -356 -251 -122 -359 -434 54 -390 -458 -451 -245 0
207 -162 -491 -180 -185 -117 -135 -112 -236 -364 -141 -591 -63 -564 -566 -458 0
433 -539 -345 -256 -469 -485 -254 -122 -267 -410 -13 -591 -566 -375 -83 0
90 -315 -455 -74 -256 -122 -566 -410 -479 -375 -64 -434 -345 -469 -254 -267 -13 -591 -259 -205 -491 -185 -135 -112 -236 -364 -63 -564 -458 -535 0
207 -116 -236 -218 -140 -95 -591 -458 -254 -245 -205 -566 0
139 -485 -95 -458 -254 -245 -205 0
89 -254 -205 -245 -458 -236 -218 -591 -566 0
486 -346 -479 -434 -410 -83 -13 -267 -254 0
433 -178 -112 -364 -59 -63 -481 -566 -306 -94 -575 -218 -67 -256 -552 -469 -336 -595 -122 -267 -410 -13 -535 -345 -83 -485 -254 -591 -375 0
206 -485 -455 -256 -122 -566 -410 -479 -595 -375 -434 -364 -63 -575 -218 -67 -469 -535 -345 -74 -254 -591 -89 -259 -205 -491 -185 -135 -236 -458 -518 -506 -104 -356 -137 0
207 -192 -104 -356 -491 -185 -135 -236 -364 -591 -63 -566 -458 -89 -245 -256 0
54 -455 -256 -122 -566 -67 -469 -535 -74 -591 -259 -205 -491 -458 -104 -356 -245 -390 -159 -251 -451 -467 -1 0
434 -509 -218 -595 -67 0
-434 -376 -275 -236 -245 -469 -458 -256 -563 -343 -329 -356 -138 -301 -159 -150 -591 121 -433 0
411 -275 -342 -54 -561 -336 -469 -455 -236 -467 -67 -1 -301 -159 -245 -458 -256 -563 -343 -329 -356 -138 -150 -591 -122 -83 0
479 -563 -458 -329 -245 -591 -159 0
433 -506 -104 -563 -371 -329 -218 -74 -343 -256 -455 -469 -336 -156 -373 -591 -566 -597 -479 0
140 -410 -342 -54 -104 -336 -455 -467 -67 -1 -371 -329 -218 -74 -343 -256 -469 -373 -591 -566 -458 -245 -390 -122 -83 -159 -236 -301 -356 -138 0
-434 -275 -140 -377 -254 -83 -485 -479 -346 -410 -13 -267 -433 0
478 -433 -410 -1 -122 -67 -301 -159 -140 -254 -83 -485 -479 -390 -469 -5 -256 -343 -329 -104 -356 -138 -591 -150 0
-433 -479 -54 -336 -469 -455 -236 -467 -67 -1 -301 -159 -245 -458 -256 -343 -329 -356 -138 -591 -122 -83 -410 -104 -74 -371 -218 -373 -566 -342 -254 -485 -390 -5 0
-479 -410 -236 -591 -329 -74 -343 -256 -455 -469 -336 -122 -373 -566 -89 -83 -54 -467 -67 -1 -301 -159 -245 -458 -356 -138 -104 -371 -218 -342 -254 -485 -390 -5 0
-410 -236 -566 -205 -591 -254 -122 -245 -159 -256 -74 -89 -67 -458 -356 -104 -218 -342 -390 0
435 -479 -89 -94 -85 -256 -227 -343 -57 -329 -104 -356 -263 -138 -308 -159 -150 -358 -218 -67 0
118 -391 -353 -57 0
434 -479 -159 -138 -373 -561 -74 -104 -57 -448 -535 -336 -347 -510 -371 -455 -467 -236 -218 -67 -1 0
139 -275 -116 -236 -89 0
123 -575 -525 -67 -116 -510 -236 -595 -41 0
68 -530 -89 -116 -236 -41 -122 -67 -510 -595 -591 -329 -343 -256 -177 -263 -308 -358 0
69 -119 -353 -57 -371 -236 -218 0
-479 -57 -236 -371 -218 -89 -94 -122 -67 -510 -591 -329 -343 -256 -263 -308 -358 -546 -448 -373 -566 -159 -138 -74 -104 -535 -336 -347 -455 -467 -1 -85 -227 -356 0
-236 -218 -245 -591 -159 -458 -89 -122 -67 -256 -566 -74 -104 -356 -254 -390 -205 -342 0
537 -482 -138 -159 -210 -485 -254 -390 -360 -186 -308 -214 -263 -31 -116 -514 -89 0
434 -125 52 -390 -74 -342 -104 -120 -435 -218 -67 -535 -138 -159 -210 -485 -254 -360 -186 -308 -214 -263 -31 -116 -514 -89 0
-375 -64 -104 -74 -120 -390 -411 -41 -122 -342 -54 -561 335 -456 -373 -591 -478 -566 0
-218 -89 -245 -458 -254 -205 -159 -591 -104 -74 -390 -122 -342 -566 -67 -256 -356 0
218 -254 -329 -245 -591 -159 -342 -54 -561 -122 -83 -390 -74 -336 -104 -455 52 -205 -467 -67 -1 -485 -458 0
-254 -159 -205 -245 -458 -591 -104 -74 -390 -122 -342 -566 -67 -256 -356 0
589 -154 -469 -343 -256 -329 -122 0
559 -89 -236 -140 -591 -469 -343 -256 -329 -122 -546 0
478 -573 -57 -510 -301 -159 -122 -455 -155 -343 -266 -329 -104 -356 -138 -150 0
-89 -236 -371 -218 -67 -74 -485 -510 -5 -535 -77 -409 -140 -467 -104 -122 -245 -505 -469 -343 -256 -329 -591 -159 -458 -57 -301 -266 -356 -138 -150 -373 -561 -455 -546 0
121 -119 -104 -356 -371 -218 -95 -245 -140 -275 -236 -41 0
559 -95 -245 -140 -218 -371 -236 -390 -74 -409 -356 -104 -122 -591 -546 -469 -343 -256 -329 0
-236 -218 -591 -57 -510 -301 -159 -122 -455 -343 -266 -329 -104 -356 -138 -150 -546 -373 -561 -245 -140 -419 -371 -390 -74 -409 -469 -256 -67 -485 -5 -535 -77 -467 -505 -458 0
158 -435 -596 -422 -301 -210 -138 0
-218 -140 -308 -263 -67 -245 -159 -301 -138 -535 -336 -510 -371 -455 -467 -1 -591 -57 -122 -343 -266 -329 -104 -356 -150 -546 -373 -561 -419 -390 -74 -409 -469 -256 -485 -5 -77 -505 -458 0
-159 -390 -245 -591 -122 -104 -356 -67 -74 -256 -458 -205 -342 -566 0
237 -308 -583 -263 -160 -358 -115 -67 0
302 -535 -260 -510 -122 -591 -480 -343 -329 -469 -256 -276 -236 -263 -160 -115 -67 -451 -342 -390 -54 0
301 -467 -490 -451 -485 -210 -255 -342 -455 -256 -67 -390 -54 0
274 -118 -104 -57 -227 -85 -384 -122 -591 -480 -596 -67 -236 -111 0
123 -308 -458 -205 -245 -94 -358 -5 -67 -218 -256 -122 -591 -480 -596 -343 -329 -276 -104 -57 -85 -384 -236 -111 -409 -390 -74 -356 0
302 -276 -236 -67 -591 -480 -122 -458 -205 -245 -94 -218 -256 -343 -329 -104 -390 -74 -356 -78 -451 -342 -211 -54 0
141 -343 -256 -236 -451 -480 -591 -485 -329 -67 -342 -390 -54 -303 -122 -458 -205 -245 -94 -218 -104 -74 -356 -211 0
-434 -378 -471 -546 -561 -40 -83 -122 -591 -480 -596 0
235 -89 -107 -528 -510 -471 -260 -150 -218 -591 -458 -345 -596 -453 -5 -245 -205 -122 -328 -566 -74 -356 -104 -256 -480 -67 -546 -561 -83 -275 0
-343 -236 -390 -74 -356 -104 -122 -591 -67 -458 -205 -245 -218 -256 -329 -342 -566 0
-434 -435 -218 -67 -591 -122 -52 -342 459 -245 -205 -451 -256 -91 -566 -135 -390 -480 -303 -210 0
-145 -146 -458 -345 -596 -435 -3 -245 -205 -122 -328 -566 -74 -356 -104 -256 -451 -591 0
-126 -3 -67 -342 -458 -345 -596 -435 -245 -205 -122 -328 -566 -74 -356 -104 -256 -451 -591 -468 0
-435 -52 -67 -218 -342 -458 -345 -245 -205 -122 -328 -566 -74 -356 -104 -256 -591 -91 -135 -390 0
1 -365 -135 -236 -275 -139 -253 -546 -57 -356 -118 -13 -104 -519 -210 -165 -126 0
88 -80 -57 -118 -126 -371 -210 -67 -175 -575 -525 -308 -263 -358 237 0
452 -90 -94 -218 -57 -118 -126 -210 -67 -575 -263 -358 237 -369 -538 -536 -309 -147 0
141 -5 -57 -365 -192 -135 -342 3 -67 -448 -347 -118 -451 -94 -218 -126 -210 -575 -263 -358 237 -369 -538 -536 -309 0
266 -13 -519 -104 0
348 -335 -260 -369 -342 3 -67 -448 0
146 -4 -344 -256 -451 -342 0
-596 -274 -538 -260 -344 -256 -451 -342 -67 -139 -2 -135 -236 -356 -13 -104 -519 -210 -369 -591 -359 -74 -480 -434 -566 -597 -390 -52 -409 -303 -122 0
235 -52 -566 -480 -74 -342 -356 -66 -467 -104 -564 -376 -139 -591 -122 -409 -390 -303 -538 -260 -344 -256 -451 -67 -2 -135 -236 -13 -519 -210 -369 -359 -434 -597 0
-145 -347 -344 -256 -451 -342 3 -67 0
-596 -66 -104 -139 -135 -369 -451 -538 -94 -218 237 -210 -67 -575 -263 -342 -260 -344 -256 -2 -236 -356 -13 -519 -359 -74 -390 -52 -409 -303 -122 -591 -480 -434 -566 -597 0
-3 -538 -369 459 -245 -205 -509 -74 -545 -154 -566 -373 -480 -52 -342 -467 -67 -2 0
-145 -254 -139 -485 -564 -448 -506 -344 -256 -451 -342 3 -67 0
-236 -218 -74 -566 -67 -256 -342 -245 -205 -591 -122 -390 -104 -356 -458 -329 0
-52 -54 -256 -342 -451 -145 -3 -468 -67 -218 -122 -596 -390 -303 -329 0
52 -344 -356 -564 -148 -329 -566 -390 -104 -256 -303 0
-344 -596 -342 -458 -67 -245 -205 -122 -566 -74 -356 -104 -256 -591 -145 -218 -390 -329 0
-596 -145 -356 -458 -104 -245 -205 -122 -566 -74 -256 -591 -390 -342 -67 -218 -329 0
596 -218 -67 -591 -122 -435 -342 459 -245 -205 -451 -256 -566 -390 -480 -303 -210 -329 0
222 -338 -239 0
Solved
