63 -136 -210 -70 -8 0
329 -276 -143 -151 0
75 -259 -121 -244 -340 -325 -330 -143 -151 -314 -1 -66 -170 -70 -335 -226 -136 0
65 -44 -280 -215 -238 -301 -295 -335 -264 -75 -210 -107 -105 0
30 -175 -151 0
275 -295 -215 -238 -301 -280 -335 -264 -75 -210 65 -105 0
349 -238 -314 -215 -70 -301 -280 -335 -264 -210 -105 -1 -66 -121 -244 -340 -325 -170 -265 -8 -62 -82 -17 0
64 -75 -62 -70 -8 -210 -105 0
72 -151 -113 -76 -35 -115 -82 -17 -314 -349 -129 -136 -56 0
-75 -349 -82 -70 -113 -76 -115 -17 -314 -56 -62 -335 -210 -8 -105 -1 -66 0
315 -85 -121 -215 -332 -280 -325 -173 -244 -289 -20 -269 0
71 -238 -156 -280 -168 -314 -121 -215 -325 -244 -289 -1 -66 -105 -143 -210 -76 -152 -145 -8 -62 -228 0
352 -56 -62 -115 -70 -156 -280 -314 -121 -215 -325 -244 -289 -1 -66 -105 -210 -76 -145 -8 -17 -82 -170 -335 -113 -264 -265 0
315 -303 -259 -264 -244 -41 -289 -106 -20 -330 -274 -143 -151 -269 -166 0
-75 -151 -121 -109 -215 -244 -325 -280 -145 -314 -264 -289 -352 -76 -335 -265 -8 -210 -82 -62 -105 -70 -17 -66 -113 -115 -56 -1 0
136 -228 -143 -62 -151 -175 -17 -350 0
-151 -170 -115 -121 -244 -325 -314 -1 -66 -277 -70 -335 -17 -113 -76 -82 -56 -62 -210 -8 -105 -109 -215 -280 -145 -264 -289 -352 -265 0
356 -314 -156 -280 -82 -121 -215 -325 -244 -289 -1 -66 -105 -210 -76 -145 -8 -62 -335 -70 -113 -115 -277 -109 -264 -265 0
315 -350 -82 -215 -75 -280 -335 -264 -210 65 -105 -18 -353 -330 -274 -143 -151 -259 -244 -289 -269 -20 0
153 -129 -188 -115 -346 -57 -70 -280 -145 -269 -156 -314 -82 -215 -75 -335 -264 -210 65 -105 -18 -143 -151 -259 -244 -289 -76 0
-75 -269 -143 -113 -76 -151 -188 -346 -57 -70 -280 -145 -115 -156 -314 -82 -215 -335 -264 -210 -105 -18 -259 -244 -289 -1 -66 -62 -8 0
136 -330 -18 -343 -351 -284 0
-330 -229 -264 -259 -41 -204 -306 -106 -274 -18 -314 -351 -129 -138 -343 -284 0
61 -143 -115 -76 -151 -264 -18 -314 -210 -105 -1 -113 -66 -82 -171 -70 -335 -188 -346 -57 -280 -145 -156 -215 -244 -289 -62 -8 -265 0
63 -151 -76 -70 0
-151 -66 -105 -62 -70 -8 -210 -335 -82 -115 -76 -264 -18 -314 -1 -113 -171 -188 -346 -57 -280 -145 -156 -215 -244 -289 -265 0
359 -289 -280 -121 -325 -244 -156 -1 -105 -76 -145 -8 -82 -70 -115 -264 -113 -188 -346 -265 -355 -277 -109 -31 0
-175 -28 -151 0
313 -130 -325 -180 -158 -280 -218 -269 0
208 -143 -121 -315 -325 -280 -115 -65 -70 -113 -76 -63 -151 -82 -336 -216 -265 -105 -8 0
62 -151 -76 -70 0
-151 -336 -76 -70 -82 -121 -315 -325 -280 -115 -65 -113 -63 -216 -265 -105 -8 -209 0
144 -174 -280 -244 -289 -315 -21 -270 -265 -105 -8 -209 -28 -82 0
208 -109 -121 -216 -333 -280 -174 -244 -289 -315 -21 -270 -265 -105 -8 0
Solved
