328 -61 -253 -199 -157 -246 0
168 -121 -193 -313 -286 0
355 -253 -199 -157 -19 -142 -325 -193 -313 -286 -262 -329 -246 0
158 -253 -329 -246 -199 0
358 -329 -262 -286 -313 -199 -205 -246 0
258 -158 -214 -142 -193 -199 -246 -325 -286 -329 -313 -254 0
255 -302 -158 -142 -325 -286 -313 -258 -20 0
253 -329 -262 -246 -158 -325 -286 -313 -258 0
362 -142 -199 -325 -286 -313 -262 -214 -193 -205 -250 0
244 -253 -258 -199 -330 -158 0
254 -258 -199 0
257 -158 -254 -214 -142 -193 -245 -325 -286 -330 -313 0
256 -254 -199 0
-258 -214 -199 -142 -193 -245 -325 -286 -330 -313 0
259 -330 -262 -167 0
253 -63 -259 -99 -245 -117 -20 -359 -42 0
364 -286 -262 -199 -205 -313 -250 -361 0
159 -226 -361 -350 -250 -218 -360 -262 -286 -313 -199 -205 -329 -116 0
-254 -158 -250 -262 -361 -286 -313 -199 -205 -253 0
-158 -253 -262 -313 -199 -361 -286 -205 -250 0
-253 -286 -262 -205 -313 -199 -361 -250 0
259 -329 -262 -168 0
326 -21 -310 -154 -364 -40 0
156 -50 -142 -364 -241 -182 -111 -219 -139 -150 -16 -229 -222 -205 -37 -165 -298 -228 -78 -29 0
144 -53 -182 -150 -353 -219 -241 -364 -119 0
215 -150 -37 -29 -78 -228 -165 0
366 -78 -228 -298 -165 -241 -215 0
157 -125 -205 -298 -353 -241 -364 -111 -139 -16 -327 -310 -40 -90 -361 -358 -329 -250 -168 -259 -62 -131 -98 -116 0
-258 -158 -262 -286 -313 -205 -241 -16 -310 -361 -250 -199 0
327 -20 -310 -154 -364 -40 0
155 -191 -51 -183 -110 -218 -139 -149 -16 -229 -233 -221 -205 -37 -164 -227 -77 -5 -30 0
76 -191 -51 -126 -351 -205 -164 -37 -227 -30 0
143 -37 -164 -298 -227 -77 -51 -126 -351 -205 -30 -154 -183 -110 -218 -139 -149 -16 -229 -221 -241 -364 0
163 -149 -37 -30 -77 -227 -215 0
-158 -241 -205 -16 -310 -361 -250 -286 -262 -199 -313 0
367 -199 -313 -205 -16 -310 -361 -250 -262 0
-286 -190 -214 -37 -78 -228 -165 -125 -145 -205 -86 -115 -234 -310 -154 -21 -40 -262 -158 -313 -258 -16 -361 -250 -199 0
227 -258 -228 -310 -40 -262 -158 -313 -205 -16 -361 -250 -199 0
Solved
