407 -151 -295 -265 -349 -292 -94 -286 -13 -331 -199 -202 -124 -58 -73 -181 -145 0
-151 -265 -295 -202 -349 -292 -94 -286 -13 -331 -199 -124 -58 -73 -181 -145 -406 0
204 -331 -145 -139 -73 -124 -199 -39 -286 -292 -349 -265 -295 0
421 -292 -145 -181 -73 -124 -199 -164 -94 -286 -242 -349 -295 -202 -139 -13 -406 -239 0
68 -292 -1 -164 -421 -286 -199 -124 -295 -73 -202 -145 0
294 -265 -406 -68 -145 -202 -73 -226 -295 -124 -1 -181 -199 -421 -349 -286 0
293 -68 -145 -73 -226 -124 -239 -1 -199 -421 -286 0
427 -181 -406 -251 -145 -73 -226 -124 -1 -199 -286 -242 -295 -349 -239 -164 -94 -139 -13 0
67 -275 -1 -226 -378 -225 -195 0
147 -286 -226 -164 -1 -199 -181 -124 -406 -73 0
378 -210 -299 0
430 -73 -239 -13 -199 -406 -242 -145 -226 -164 -1 0
377 -209 -298 0
146 -68 -142 -295 -349 -242 -292 -239 -189 -209 -422 -1 -298 -226 -251 -125 -406 -73 0
195 -169 -142 -184 -63 -223 -189 -226 -292 -239 -1 -422 -333 -182 -139 0
126 67 -226 -275 -1 -142 -184 -189 -292 -239 -422 -182 -139 -94 -430 -377 0
-68 -422 -349 -370 -292 -189 -242 -13 -209 -37 -1 -298 -275 -226 -125 -142 -184 -239 -139 -94 -430 -406 -145 -295 -251 -73 0
200 -114 -1 -226 -139 -406 -145 -349 -370 -292 -189 -242 -13 -37 -298 -142 -184 -239 -94 -430 -295 -251 -73 0
203 -360 -180 -99 -327 -266 -302 -295 -172 0
376 -195 -295 -37 -242 -226 -292 -1 -251 -423 -406 -94 -145 -139 -430 -73 -276 -210 -126 0
378 -210 0
69 -110 -57 -142 -94 -311 -170 -430 -1 -251 -181 -226 -406 -352 -145 0
-195 -114 -226 -406 -145 -57 -142 -94 -430 -1 -251 -126 -298 -295 -37 -242 -292 -423 -139 -73 -276 -210 0
147 -37 -239 -423 -90 -1 -276 -226 -378 -126 -73 0
377 -292 -349 -423 -256 -239 -1 -37 -226 -90 -353 -276 -169 -126 -298 0
228 -334 -1 0
-334 -226 -1 0
208 -204 -211 -264 -102 -297 -84 -277 -43 -307 -196 -312 -27 0
209 -298 -268 0
145 -351 208 -84 -43 -307 -312 -266 -211 -435 -353 -68 0
294 -295 -224 -68 -99 -442 -84 -43 -76 -211 -431 -59 -182 -406 -147 208 -307 -312 -266 -435 -353 0
292 -239 -442 -99 -39 -288 0
69 -163 -442 -114 -243 -224 -203 0
241 -180 -325 -359 -329 -257 0
408 -298 -268 -109 -239 -442 -243 -329 -224 -68 -189 -169 -99 -84 -43 -76 -211 -205 -431 -59 -182 0
183 -179 -189 -148 -413 -59 0
241 -325 -39 -288 -359 -329 -431 -59 -182 -189 -148 -303 -318 -369 0
67 -251 -239 -442 -243 -39 -288 -329 -431 -59 -182 -189 -148 -318 -279 -65 -351 -113 -74 -224 -146 0
125 -312 -307 -353 -442 -224 -406 -99 -423 -139 -88 -199 0
242 -239 -189 -182 -194 -88 -326 -376 -199 -423 -59 -442 0
37 -258 -99 -239 0
256 -359 -294 -239 -189 -423 -99 0
-359 -172 -102 -430 -72 -331 -294 -423 -189 -239 -99 -258 0
-239 -102 -99 -430 -72 -331 -423 -189 -203 -241 -182 -194 -88 -326 -376 -199 -59 -442 0
286 -329 -275 -326 -199 -14 377 -38 0
354 -59 -189 -326 -199 -88 -194 -182 -241 -99 -442 -423 -72 -203 -125 0
-59 -189 -139 -182 -423 -199 -125 -353 -194 -326 -88 -241 -99 -442 -72 -203 0
-239 -189 -99 -423 -292 -241 -442 -238 0
97 -359 -257 0
-189 -241 -353 -146 -406 -326 -199 -88 -99 -125 -442 -423 -139 -182 -194 -72 -203 0
258 -359 -442 -239 -241 0
360 -239 -414 -182 -125 -294 -199 -423 -326 0
-359 -360 -99 -442 -239 -241 0
-239 -294 -423 -442 -99 -199 -241 -414 -182 -125 -326 0
-241 -326 -423 -99 -199 -182 -125 -442 -353 -146 -406 -88 -139 -194 -72 -203 0
-258 -189 -182 -72 -139 -353 -125 -199 -292 -423 -120 -359 -174 -239 -88 -99 -256 0
293 -148 -178 -182 -194 -326 -88 -13 -39 -423 -288 0
60 -288 -199 -39 -139 -88 -194 -148 -182 -178 0
38 -96 -182 -194 -288 -88 0
421 -412 -72 -120 -108 -174 -378 -353 -182 -125 -199 -288 -39 -194 -88 -326 -148 -178 -60 0
-189 -359 -125 -182 -199 -423 -72 -120 -174 -353 -194 -88 -326 -139 -442 -239 -99 -13 -292 -256 0
377 -209 0
-359 -239 -194 -125 -199 -442 -256 -139 -99 -423 -182 -326 -292 -72 -120 -174 -353 -88 -13 0
422 -179 -182 -367 -312 -146 -139 -353 -187 -125 -292 -265 -199 0
181 -149 -72 -179 -58 -312 -199 -288 -39 -125 -139 -88 -331 -413 -194 -174 0
188 -39 -199 -125 -13 -58 -182 -72 -179 -312 -139 -88 -331 -194 -174 -292 0
183 -331 -312 -326 -307 -179 -278 -174 -150 -350 -72 -372 -40 -96 -432 -353 -110 -224 -169 -125 -112 -377 -406 -194 0
-239 -194 -174 -182 -312 -326 -307 -72 -353 -224 -406 -199 -429 -292 -13 -139 -88 -442 -423 -367 -146 -256 -99 -120 0
287 -278 -433 -359 -370 -99 -292 -165 0
181 -288 -359 -99 -256 -165 -38 -292 -312 -146 -100 -353 -125 -331 -194 -174 0
286 -179 -265 -367 -146 -100 -353 -125 -331 -174 -273 -138 -297 -292 -359 -99 -379 -256 -432 -165 -38 0
-288 -265 -199 -125 -367 -146 -100 -353 -331 -174 -273 -138 -297 -292 -359 -99 -379 -256 -165 -38 -58 -182 -312 -194 0
124 -326 -359 -188 -99 -252 -406 -58 -182 -96 -194 -432 -377 0
68 -182 -99 -406 -139 -199 -353 -138 -312 -442 -423 -307 -72 -224 -88 0
126 -423 -139 -88 -199 0
286 -179 -327 -359 -328 -99 -121 -171 -345 -251 -270 -442 -300 -165 0
98 -350 -442 -359 -278 -99 -251 -265 -171 0
378 -278 -99 -442 -359 -292 -287 -121 -151 -406 -224 -423 -182 -68 -199 -194 0
97 -151 -68 -224 -303 -64 -442 -423 -238 -110 -37 -359 -170 0
-360 -414 -188 -151 -163 -442 -99 -359 -238 -37 -257 0
431 -292 -442 -423 -99 -359 -68 -224 -376 -199 -406 -182 -194 -72 -102 -261 0
287 -64 -349 -302 -292 -96 0
-292 -359 354 -199 -88 -194 -182 -99 -442 -423 -72 -125 -312 -139 -68 -138 -224 -406 0
-359 -182 -125 -199 -423 -72 -99 -442 354 -88 -194 -312 -139 -68 -138 -224 -406 0
288 -326 -312 -307 -331 -110 -278 -72 -179 -353 -224 -169 -125 -406 -194 -182 -442 -239 -376 -187 -423 -292 -199 0
286 -326 -423 -187 -72 -406 -292 -224 -102 -182 -68 -261 -194 -430 -88 -288 -39 0
-326 -292 -194 -72 -179 -312 -199 -39 -125 -88 -182 -187 -139 -423 -406 -224 -68 -307 -110 -278 -353 -169 -442 -239 0
287 -288 -179 -72 -312 -199 -39 -125 -139 -88 -331 -194 -302 -182 -187 -430 -292 0
-288 -292 -187 -243 -442 -224 -182 -68 -194 -302 -88 -39 -179 -72 -312 -199 -125 -139 -331 -430 0
-292 -182 -72 -194 -243 -423 -199 -187 -442 -224 -68 -88 -39 -179 -312 -125 -139 -406 -307 -110 -278 -353 -169 -239 0
-182 -194 -423 -442 -99 -72 -199 -224 -88 -312 -139 -406 -307 -353 -138 0
293 -179 -442 -99 -59 -39 -423 -288 0
188 -359 -376 -199 -96 -288 -179 -39 -312 -99 0
178 -302 -173 -67 -442 -114 -243 -224 -163 -331 -423 -257 -239 -359 0
286 -153 -199 -423 -376 -59 -179 -173 -442 -114 -243 -224 -163 -331 -257 -359 -194 -88 -96 -39 0
-359 -179 -331 -72 -423 -59 -312 -102 -376 -442 -199 -39 -288 -173 -114 -243 -224 -194 -88 -96 -413 -99 -189 0
60 -64 -110 -301 -149 -57 -206 -179 0
287 -371 -147 -224 -102 -331 -265 -423 -179 -59 -110 -149 -312 -169 -376 -239 -99 -189 -292 -442 -199 -96 -39 0
421 -243 -381 -102 -442 -114 -72 -224 -163 -328 -67 -327 -138 -179 -239 -59 0
-179 -39 -312 -376 -173 -331 -199 -423 -381 -102 -442 -114 -72 -224 -138 -194 -88 -96 -59 -288 -147 -99 -292 -413 0
-88 -96 -203 -174 -194 -288 38 -325 0
376 -312 -323 -153 -177 -72 -304 -41 -342 -14 -111 -210 -298 -170 0
-88 -174 -194 -203 -183 -288 38 -325 0
Solved
