554 -412 -424 -66 -253 -191 -508 -397 -175 -342 -19 -105 -91 0
167 -424 -175 -19 -487 -66 -253 -508 -105 -481 -114 -46 -259 -1 -7 0
93 -554 -452 0
-554 -452 -92 0
453 -7 -1 -481 -46 0
553 -93 -453 0
414 -424 -361 -237 -136 0
-424 -136 -205 -361 -97 -237 -412 0
398 -173 -179 -405 -139 -395 -467 -297 -96 -193 -306 -66 -205 -361 -97 -237 -191 -260 -114 -24 0
340 -191 -139 -369 -114 -24 -399 -179 -405 -395 -467 -297 -96 -193 -66 -205 -361 -97 -237 -530 -260 -358 -105 0
-136 -424 -97 -191 -205 -399 -116 -114 -361 -237 0
136 -191 -549 -114 -297 -260 -237 -530 0
-191 -116 -297 -530 -486 -369 -24 -399 -358 -66 -97 -205 -139 -114 -361 -237 -549 -260 -341 -179 -405 -395 -467 -96 -193 -105 0
397 -549 -530 -139 -369 -114 -24 0
-260 -369 -297 -530 -486 -46 -24 -399 -358 -66 -97 -205 -139 -114 -361 -237 -549 -405 -395 -467 -96 -193 -105 -1 -7 0
424 -568 -491 -160 -509 -277 -566 -374 0
92 -553 -297 -205 -361 -97 -277 -481 -46 -1 -7 -486 -24 -358 -66 -139 -114 -405 -467 -96 -193 -105 -175 -530 -19 0
452 -7 -1 -481 -46 0
399 -191 -416 -182 -340 -548 -7 -260 -368 -530 0
-191 -424 -370 -182 -361 -550 -548 -211 -97 -1 -139 -136 -205 -46 -368 -114 -237 -398 -340 -7 -530 0
-424 -182 -486 -398 -24 -368 -211 -548 -7 -1 -46 -222 -430 -370 -550 -205 -361 -97 -66 -136 -139 -114 -237 -340 -530 0
547 -526 -208 -7 -340 -114 -486 -139 -182 0
-237 -409 -405 -430 -193 -385 -418 -211 -287 -154 -24 -421 -548 -208 -7 -340 -114 -486 -139 -96 -358 -66 -398 -368 -1 -46 -222 -550 -205 -361 -97 -530 -297 -200 -236 0
182 -352 -486 -340 -368 -398 -139 -24 0
547 -182 -530 -7 -114 -398 -486 -368 -208 -340 -139 0
425 -510 -120 -400 -114 -479 -398 -162 -489 -562 -340 -52 -7 -548 -530 -486 -368 -208 -139 -24 -222 -430 -361 -138 -66 0
571 -114 -530 -486 -208 -139 -297 -52 -222 -562 -193 -430 -361 -277 -96 -358 -66 -400 -24 -97 -205 -405 -211 -287 -154 -1 -46 -550 -200 -175 -105 -19 -481 -467 0
397 -398 -66 -486 -358 -24 -368 -211 -548 -7 -1 -46 -222 -430 -550 -205 -361 -97 -182 -139 -114 -340 -530 -236 -289 -283 -415 0
309 -7 -168 -571 -545 -430 0
-237 -418 -211 -358 -385 -66 -301 -486 -398 -24 -368 -548 -7 -1 -46 -222 -430 -550 -205 -361 -97 -182 -139 -114 -340 -530 -200 -405 -193 -287 -154 -421 -208 -96 -297 -236 0
-7 -182 -277 -530 -358 -66 -400 -114 -562 -52 -486 -208 -139 -24 -222 -430 -361 -97 -205 -211 -1 -46 -550 -200 -405 -193 -287 -154 -96 -297 -175 -105 -19 -481 -467 0
399 -274 -66 -500 -96 -193 -340 -481 -297 -200 -395 -527 -474 -451 -237 -175 -368 -19 0
-136 -548 -46 -97 -481 -424 -451 -530 -139 -114 -24 -398 -66 -500 -96 -193 -340 -297 -200 -237 -175 -368 -19 -178 -208 -486 -182 -205 -259 -361 0
21 -368 -451 -398 0
397 -526 -340 -368 -353 0
549 -263 -418 -550 -500 -97 -385 -160 -489 -381 -130 -192 -421 -259 -166 0
-237 -368 -66 -500 -96 -193 -340 -481 -297 -200 -451 -175 -259 -19 -277 -486 -139 -182 -418 -550 -97 -385 -421 -166 -398 -358 -46 -530 -114 -24 -178 -208 -205 -361 0
399 -15 -357 -125 -275 -277 -162 -358 -66 -340 -474 -368 0
-368 -398 -222 -486 -166 -182 -139 -259 -114 -500 -357 -277 -358 -66 -340 -30 -144 -97 -205 -200 -96 -193 -481 -297 -451 -175 -19 -550 -46 -530 -24 -178 -208 -361 -105 0
368 -451 -19 -105 -200 -340 -287 -486 -154 -297 -24 -182 -139 0
180 -395 -329 0
-182 -114 -430 -361 -297 -530 -208 -400 -357 -486 -346 -139 -481 -175 -24 -19 -222 -500 -277 -358 -66 -30 -144 -97 -205 -200 -96 -193 -550 -46 -105 -287 -154 -562 -52 -211 -1 -405 -467 0
574 -357 -277 -358 -481 -97 -205 -430 -486 -530 -297 -139 -24 -361 -400 -346 -175 -222 -500 -30 -200 -96 -193 -46 -105 -287 -154 -562 -52 -1 -405 -467 -245 0
284 -237 -287 -200 -154 -297 -24 -182 -139 0
181 -21 -114 -245 -574 -530 -287 -237 -154 -297 -24 0
235 -4 -274 -481 -178 -277 -272 -237 -500 -96 -193 -66 -297 -200 399 -474 -527 -340 -175 -368 -160 -530 -8 -97 -417 -259 -418 -114 -30 -439 -245 -211 -41 -17 -574 0
547 -370 -361 -530 -430 -297 -237 -274 -481 -178 -277 -272 -500 -96 -193 -66 -200 399 -474 -527 -340 -175 -368 -160 -8 -97 -417 -418 -114 -30 -439 -245 -211 -41 -17 -574 0
19 -453 -93 0
367 -526 -530 -430 -297 -237 -481 -277 -500 -96 -193 -66 -200 -340 -175 -368 -97 -114 -30 -245 -574 -105 -361 -486 -284 -182 -287 -154 -24 -398 0
-526 -66 -284 -530 -486 -114 -398 -368 -430 -297 -237 -481 -277 -500 -96 -193 -182 -200 -340 -175 -97 -30 -245 -574 -105 -361 -287 -154 -24 0
183 -19 -398 -368 -574 -530 -182 -114 -486 -208 -340 -139 -416 0
-66 -398 -205 -361 -97 -277 -481 -46 -1 -486 -24 -358 -139 -114 -405 -467 -96 -193 -105 -175 -530 -297 -368 -245 -574 -287 -237 -154 -182 -340 -430 -500 -200 -30 0
397 -416 -182 -530 -398 -368 -574 -114 -486 -340 -139 -287 -526 -154 -24 0
20 -426 -375 -97 -277 -68 -274 -17 -481 -200 -451 -237 0
-398 -114 -361 -297 -237 -97 -277 -481 -200 -340 -530 -486 -182 -430 -245 -574 -287 -154 -24 -368 -139 -96 -30 -358 -205 -46 -1 -405 -467 -193 -105 -175 -500 0
548 -318 -97 -551 -162 -165 -306 -66 -544 -191 -205 -116 -399 -114 -361 -237 -297 -549 -530 -166 0
452 -306 -366 -280 -287 -209 -5 -549 -97 -551 -165 -488 -66 -544 -191 -205 -399 -114 -361 -237 -297 -530 -400 -392 -15 -357 -277 -274 -46 -481 -1 0
451 -93 -297 -205 -361 -97 -277 -481 -46 -1 -553 -486 -24 -358 -66 -139 -114 -405 -467 -96 -193 -105 -175 -530 -19 0
-19 -366 -280 -287 -209 -5 -549 -97 -551 -165 -66 -544 -191 -205 -399 -114 -361 -237 -297 -530 -400 -357 -277 -274 -46 -481 -1 -527 -368 -486 -24 -358 -139 -405 -467 -96 -193 -105 -175 -20 0
-114 -237 -358 -205 -361 -97 -277 -297 -530 -287 -400 -357 -46 -481 -1 -368 -486 -24 -139 -405 -467 -96 -193 -105 -175 -574 -245 -182 -200 -340 -430 -154 -30 -500 0
452 -425 -97 -160 -277 -274 -261 -481 -1 -46 0
21 -160 -381 -277 -272 -274 -481 -418 -46 -439 -1 -211 -8 -574 -452 0
65 -261 -481 -46 -1 -574 -97 -277 -105 -368 -340 -486 -284 -182 -24 -399 -96 -358 0
453 -274 -526 -284 -368 -486 -399 -481 -19 0
99 -237 -200 -17 -205 -68 0
-274 -19 -299 -46 -8 -500 -481 -284 -275 -97 -160 -277 -425 -261 -1 -526 -368 -486 -399 -545 0
274 -526 -17 -368 -200 -399 -237 -24 -297 -182 -185 -284 -272 0
-237 -182 -500 -481 -97 -277 -1 -368 -486 -200 -24 -297 -46 -222 -52 -562 -205 -96 -105 -358 -574 -340 -30 -245 -361 -530 -287 -400 -357 -139 -405 -467 -193 -175 -430 -154 0
20 -274 -96 -358 -340 -357 -16 -481 -1 -46 -116 -69 -30 -245 -368 -574 -399 0
453 -553 -91 0
-553 19 0
19 -399 -340 -368 -105 -486 -139 -182 -24 -358 0
-399 -116 -69 -287 -30 -139 -154 -245 -368 -24 -500 -574 -96 -358 -340 -357 -16 -481 -1 -46 -21 -105 -486 -182 0
-182 -340 -368 -530 -481 -46 -30 -245 -574 -287 -139 -154 -24 -500 -96 -358 -357 -1 -105 -486 -97 -205 -200 -277 -297 -222 -52 -562 -361 -400 -405 -467 -193 -175 -430 0
-340 -368 -481 -97 -205 -361 -222 -430 -486 -530 -277 -297 -139 -24 -46 -30 -245 -574 -287 -154 -500 -96 -358 -357 -1 -105 -200 -52 -562 -400 -405 -467 -193 -175 0
276 -419 -492 -381 -500 -481 -272 0
-368 -24 -200 -297 -287 -154 -139 -500 -481 -277 -97 -205 -96 -30 -245 -361 -46 -1 -486 -358 -405 -467 -193 -105 -175 -530 -222 -430 -574 -357 -52 -562 -400 0
20 -554 0
21 -285 -287 -200 -154 -297 -24 -139 -183 -398 0
-7 -451 -1 -481 -46 0
578 -97 -1 -481 -46 -287 -200 -154 -139 -277 -486 -205 -96 -30 -361 -358 -193 -175 -222 -430 -52 -562 -400 -346 -217 0
-451 -549 -488 -168 -97 -425 -277 -274 -261 -481 -1 -46 -453 0
-182 -93 -368 -488 -97 -425 -277 -481 -1 -46 -453 -544 -113 -486 -531 -287 -200 -154 -237 -24 -139 -296 -181 0
398 -19 -30 -531 -16 -486 -368 -139 -97 -277 -481 -1 -46 -544 -287 -200 -154 -24 -296 -181 -205 -235 -175 -246 0
-19 -397 -246 -30 -96 -16 -531 -97 -296 -205 -235 -368 -358 -486 -139 -277 -481 -1 -46 -544 -287 -200 -154 -24 -181 -175 0
-24 -368 -296 -139 -531 -104 -1 -481 -46 -246 -30 -96 -16 -97 -205 -235 -358 -486 -277 -287 -200 -154 -175 -23 0
-451 -526 -96 -97 -399 -205 -361 -237 -246 -16 -68 -117 -547 -368 -46 -481 -1 21 0
528 -191 -117 -137 -113 -68 -260 -16 -7 -472 -340 0
-526 -117 -96 -16 -358 -137 -68 -399 -547 -368 -104 -97 -205 -361 -237 -246 -46 -481 -1 21 0
181 -19 -96 -16 -358 -399 -104 -97 -205 -361 -246 -46 -481 -1 -368 -235 -296 0
-19 -399 -246 -97 -205 -531 -16 -235 -30 -486 -368 -139 -183 -96 -358 -104 -361 -46 -481 -1 -296 0
-368 -97 -30 -205 -246 -235 -16 -296 -139 -358 -104 -1 -481 -46 -531 -486 -96 -361 -277 -287 -200 -154 -175 -23 0
397 -451 -285 -416 -97 -277 -425 -481 -1 -46 -480 -246 -400 -391 -306 -96 -15 -16 -68 -117 -183 -353 -20 0
-451 -68 -30 -16 -96 -306 -358 -104 -183 -23 -20 -398 -285 -416 -97 -277 -425 -481 -1 -46 -480 -246 -400 -391 -15 -117 -342 0
181 -546 -168 -5 -549 -416 -296 0
451 -5 -285 -183 -416 -296 -481 -46 -1 -342 -23 -104 -398 -554 0
207 -306 -16 -96 -30 -358 -104 -183 -23 -20 -398 -285 -416 -97 -277 -451 -481 -1 -46 -246 -400 -391 -15 -342 0
528 -23 -361 -358 -430 -104 -183 -398 -296 -235 -205 -16 -96 -30 -285 -97 -277 -481 -1 -46 -246 -400 -554 -531 -473 0
21 -451 -400 -468 -184 -277 -271 -274 -46 -97 -481 -205 -133 -398 -235 -175 0
19 -304 -358 -340 -104 -398 0
-353 -68 -585 -275 -205 -259 -117 -218 -97 -104 -185 -246 -16 -370 -358 -96 -306 -340 397 -368 0
304 -579 -97 -246 -205 -277 -117 -199 -68 -16 -96 0
-68 -306 -136 -275 -4 -117 -530 -259 -16 -246 -185 -370 -358 -96 -178 -97 -205 -277 -199 -218 -104 -340 -585 397 -368 0
68 -246 -190 -259 -112 -136 -218 -585 -205 -199 -117 -97 -16 0
276 -51 -585 -587 -135 -592 -313 -277 0
180 -394 -328 0
-246 -16 -491 -97 -205 -136 -117 -259 -370 -358 -275 -4 -530 -178 -185 -96 -277 -199 -218 -104 -340 -585 397 -368 0
246 -205 -275 -97 -285 -277 -178 -117 -4 -136 -530 -190 -417 -259 -575 -112 0
235 -285 -275 -585 -491 -292 -300 -97 -117 -259 -358 -96 -4 -178 -277 -218 -104 -340 397 -368 -417 -575 -297 0
113 -273 -96 -49 -254 -579 -29 -412 -246 0
206 -246 -575 -166 -292 -201 -372 -112 -96 -491 -277 -275 -285 -218 -141 -585 -117 -97 0
244 -305 -358 -277 -374 -425 -97 -317 -164 -212 -575 0
304 -161 -218 -104 -362 -340 -277 -425 -528 -578 -65 0
-161 -253 180 -435 -87 -566 -491 -425 -65 -305 -218 -104 -362 -340 -277 -528 -578 0
114 180 -97 -277 -435 -491 -218 -104 -340 -528 -246 -358 -317 -212 -575 -372 -138 -190 -413 -259 0
65 -358 -340 397 -368 0
305 -68 -97 -246 -117 -259 -358 -275 -178 -96 -277 -104 -340 -585 397 -368 -548 -236 -491 0
-328 -394 -178 0
98 -304 -118 -178 -259 -491 -246 -117 -97 -358 -275 -96 -277 -104 -340 -585 397 -368 -548 -236 0
400 -509 -176 -599 -254 0
527 -392 -125 -474 -15 0
219 -356 -594 -275 -578 -277 0
218 -16 -368 -96 -358 -399 -104 -97 -361 -205 -246 -46 -481 -1 -19 -235 -182 -22 0
-16 -147 -417 -548 -368 -96 -358 -399 -104 -97 -361 -205 -246 -46 -481 -1 -19 -235 -182 -178 -284 -275 -277 -594 -578 -22 -217 0
306 -29 -275 -277 -300 -178 -96 -417 -548 -368 -358 -399 -104 -97 -246 -46 -481 -1 -19 -578 -22 -141 -585 -207 -143 -117 -414 -236 -138 -426 -65 0
245 -426 -368 -96 -358 -399 -104 -97 -246 -46 -481 -1 -19 -178 -275 -277 -236 -585 -548 -207 -117 -259 -340 397 -491 -304 -300 0
-304 -246 -358 -368 -96 -399 -104 -97 -46 -481 -1 -19 -178 -275 -277 -236 -585 -548 -117 -259 -340 397 -491 -300 -118 0
579 -210 -178 -141 -275 -585 -355 -22 -529 -217 0
244 -205 -69 -585 -117 -50 -236 -201 -178 -141 -275 -355 -22 -529 -217 -575 0
413 -138 -370 -236 0
-205 -217 -585 -97 -246 304 -277 -117 -16 -96 -236 -190 -259 -112 -178 -141 -275 -355 -22 -529 -575 0
-246 -358 -575 -259 -97 -277 -491 -104 -340 -166 -317 -178 -548 -585 -236 -117 -96 -275 -368 -399 -46 -481 -1 -19 397 -300 -118 0
237 -205 -208 -4 -528 -125 -474 -579 -491 -277 -166 -275 -292 -416 -300 -181 -30 -567 -141 -144 -424 -585 -117 -97 -413 -96 -137 0
-205 -424 -117 -97 -413 -137 -236 -208 -4 -528 -125 -474 -579 -491 -277 -166 -275 -292 -416 -300 -181 -30 -567 -141 -144 -585 -96 0
577 -16 -166 -211 -300 -283 -30 -181 -68 -22 -372 -218 -201 0
183 -530 -208 -4 -178 -416 -283 0
182 -218 -297 -22 0
-358 -277 -300 -178 -585 -236 -117 -97 -125 -491 -166 -275 -96 -548 -259 -575 -104 -340 -317 -368 -399 -46 -481 -1 -19 397 -118 0
115 -413 -259 -425 -112 -97 -190 -69 0
207 -201 -400 -317 -491 -372 -213 -552 -162 -236 -97 0
18 -213 -372 -425 -259 -112 -97 -190 -117 -205 -400 -317 -491 -236 -552 -162 0
116 -552 -317 -372 -166 -300 -236 -97 -28 -205 -67 0
235 -412 -259 -112 -190 -372 0
244 -205 -530 -585 -219 -236 -259 -112 -190 -372 -117 -317 -166 -300 -97 -17 -425 -400 -491 -162 -575 0
-205 -530 -96 -178 -275 -277 -236 -379 -423 -117 -97 -528 -125 -474 -491 -166 -300 -141 -585 -548 -190 -259 -575 -112 -245 -219 -372 -317 -17 -425 -400 -162 0
-277 -96 -275 -548 -585 -236 -178 -117 -97 -125 -491 -166 -300 -259 -575 -317 -340 397 -368 -104 -399 -46 -481 -1 -19 -118 0
-413 115 -112 -373 -259 -97 -190 -69 0
206 -138 -501 -166 -236 -373 -259 -97 -340 397 -368 -104 -285 -160 -585 -117 0
113 -425 -273 -575 -210 -178 -435 -118 -491 -478 -160 -97 -96 -413 -138 -373 -190 -417 -259 0
169 -510 -435 -253 180 -569 -87 0
-425 -478 -599 -435 -176 -178 -160 180 -373 -190 -315 -413 -259 -134 -112 -273 -575 -118 -491 -97 -96 -138 -417 0
237 -373 -259 -599 -176 -178 -160 -315 -273 -575 -118 -491 -97 -96 -285 -585 -117 -501 -166 -236 -340 397 -368 -104 0
114 -425 -125 -528 -96 -273 -176 -599 -435 -178 -491 -160 -97 -205 -474 -117 -373 -190 -413 -259 0
-425 -413 -160 -97 -205 -117 -491 -136 -190 -259 -112 -125 -528 -96 -273 -176 -599 -435 -178 -474 -373 0
-413 -205 -117 -112 -373 -259 -97 -190 -160 -491 -136 -125 -528 -96 -273 -176 -599 -435 -178 -474 0
-96 -236 -259 -117 -97 -491 -125 -176 -599 -178 -575 -118 -585 -166 -340 397 -368 -104 -275 -548 -300 -317 -399 -46 -481 -1 -19 0
162 -170 -491 0
207 -567 -491 -425 -137 -236 -97 0
206 -425 -413 -112 -97 -190 -259 -117 0
160 -253 -176 -599 -178 -435 -87 -491 -480 0
192 -248 -186 -273 -435 -425 -178 -491 -161 -176 -599 -480 -413 -112 -259 0
191 -425 -491 -259 207 -236 -97 0
-425 -205 -112 -117 -259 -186 -273 -435 -178 -491 -176 -599 -190 -236 -97 -413 0
-205 -413 -22 -306 -548 -528 -259 -474 -236 -112 -190 -18 -141 -51 -275 -97 -585 -117 -186 -273 -435 -178 -491 -176 -599 0
114 -425 -218 -18 -104 -201 -340 -97 -212 -491 180 -317 -575 -372 -138 -413 -259 397 -368 -306 0
200 -245 -575 -283 -416 -178 183 -4 -474 -18 0
-425 -201 -340 397 -368 -18 -306 -575 -283 -178 183 -4 -138 -259 -218 -104 -97 -491 -317 -372 -413 0
-413 -186 -273 -178 -275 -104 -340 -306 -259 -18 -97 397 -368 -575 -491 -317 -548 -585 -236 -117 -51 -176 -599 0
20 397 -97 -399 -46 -481 -1 -19 -451 0
401 -262 -86 -508 -178 -177 -434 -600 -118 0
394 -508 -600 -262 -177 -86 0
472 -393 -527 -126 -18 0
284 -357 -217 -296 -276 -183 0
182 -293 -166 -299 -549 -22 0
-117 -416 -178 -549 -166 -299 -22 -177 -434 -600 -245 -491 -425 -140 -160 -584 -97 -259 191 -413 -112 -190 -116 0
113 -425 -473 -126 -600 -177 -434 -178 -160 -169 -491 -527 -413 -549 -166 -299 -22 -140 -584 -97 -259 -112 -190 -116 0
-425 -413 -160 -97 -237 -116 -190 -169 -259 -112 -473 -126 -600 -177 -434 -178 -491 -527 -549 -166 -299 -22 -140 -584 0
115 -413 -112 -190 -237 -259 -207 0
-413 -169 -434 -190 -116 -112 -237 -259 -178 -160 -97 -473 -126 -600 -177 -491 -527 -549 -166 -299 -22 -140 -584 0
183 -296 -584 -140 -22 0
426 -87 -178 -177 -434 -488 -491 -160 -566 -97 0
-491 -352 -340 -527 -473 -140 -584 -97 -178 -177 -434 -166 -299 -549 -22 -237 -190 -259 -112 -116 -126 -600 -492 0
412 -138 -206 -237 -116 0
433 -86 -600 -177 -262 -178 0
-138 -85 -576 -105 -45 -239 -178 -177 -434 -600 -276 -306 -425 -140 -190 -584 -22 -259 -237 -112 -413 -253 -116 -206 0
162 -425 -177 -166 -299 -549 -22 -140 -584 -276 -237 -112 -116 -259 -600 -413 -190 -576 -105 -45 -239 -178 -434 -170 -97 0
412 -138 -259 -425 -190 -97 -567 -237 -116 0
275 -245 -576 -163 -514 -217 -166 -22 -299 -549 -183 -593 -285 -277 0
-138 -255 -177 -570 -178 -276 -576 -166 -22 -299 -549 -277 -434 -600 -87 -425 -140 -190 -584 -259 -237 -112 -413 -116 -97 -567 0
-425 -413 -140 -584 -178 -600 -177 -434 -116 -259 -352 -190 -276 -576 -166 -22 -299 -549 -237 -112 -97 -170 -161 -105 -45 -239 0
-413 -600 -177 -178 -434 -190 -170 -116 -112 -237 -259 -161 -97 -140 -584 -352 -276 -576 -166 -22 -299 -549 -105 -45 -239 0
285 -66 -434 -118 -246 -407 -400 -105 -527 -126 -473 182 -22 -296 -4 -365 -200 -529 -281 -178 -76 0
184 -272 -95 0
426 -116 -206 -200 -584 -276 -140 -434 -118 -246 -407 -105 -527 -126 -473 182 -22 -296 -4 -529 -178 -76 -254 -170 -566 -97 0
-398 -19 -46 -481 -451 -97 -399 -1 0
99 -425 -278 -566 -374 -492 0
112 -142 -546 -500 -578 -296 -4 -416 0
-425 182 -105 -118 -22 -4 -178 -76 -566 -97 -578 -280 -488 452 -274 -261 -481 -1 -46 -374 -237 -138 -113 -546 -205 0
192 -22 -97 -105 -118 -237 -178 452 -481 -1 -46 -113 -546 -219 -139 -166 -549 -183 -259 0
260 99 -276 -183 -425 -139 -492 -549 0
-170 -553 -246 -407 -116 -206 -584 -140 426 -200 -434 182 -22 -296 -4 -529 -178 -254 -566 -97 -367 -276 -453 -78 -8 -267 -166 -16 -292 -282 -161 0
-160 -418 -213 -371 -146 -166 -276 -292 182 -549 -22 -277 -178 -434 -177 -87 426 -491 -566 -97 -161 0
-549 -434 182 -22 -296 -4 -529 -78 -267 -276 -48 -213 -371 -146 -277 -178 -407 -87 426 -566 -97 -161 -367 -249 -246 -116 -206 -584 -140 -200 -254 -8 -16 -282 -20 -548 0
-434 -367 -329 -81 -276 -146 -144 -16 -246 -200 182 -22 -529 -4 -296 -78 -267 -48 -213 -371 -277 -178 -407 -87 426 -566 -97 -161 -249 -116 -206 -584 -140 -254 -8 -282 -20 -548 0
-553 -555 -20 0
-584 -371 -144 -246 -22 -296 -548 -20 -81 -16 -200 -267 -48 -277 -178 -407 -87 426 -566 -97 -161 -249 -116 -206 -140 -254 -8 -417 -583 0
-160 -527 -485 -50 -28 -298 -405 -249 -292 -178 -434 -177 -87 426 -566 -97 -161 0
547 -182 -246 -28 -298 -254 -50 -249 -178 -434 -87 426 -566 -97 -161 -481 -8 -218 -296 -140 -22 -20 -144 0
-182 -434 -296 -548 -246 -28 -298 -254 -50 -249 -178 -417 -87 426 -566 -97 -161 -481 -8 -218 -140 -22 -20 -144 0
-160 -355 -371 -388 -166 -419 182 -549 -22 -292 -178 -594 -434 -177 -87 426 -566 -97 -277 -161 0
492 -45 -178 -249 -87 -481 -169 0
-434 -407 -254 -481 -178 -249 -87 -371 -22 426 -566 -97 -277 -161 -131 -20 -200 -548 -218 -417 -296 -246 -28 -298 -50 -8 -140 -144 0
547 -182 -140 -20 -368 0
-182 -368 -140 -20 -548 0
-237 -16 -140 -22 -178 -249 -97 -161 -28 -144 -48 -81 -116 -206 -583 -259 -425 -112 -138 -414 -235 0
547 -434 -171 -249 -178 -8 -161 -191 -399 -140 -21 -182 0
549 -279 -594 -246 -144 -8 -178 -417 -297 -140 -182 0
424 -566 -178 -140 -21 -182 -161 -144 -297 -112 -372 -259 -414 -249 -138 0
548 -246 -189 -570 -255 -66 -414 -281 -398 -112 -21 -259 0
177 -255 -570 -508 -487 0
20 -177 -178 -367 -434 0
171 -545 -372 -414 -112 -549 -398 -21 -178 -367 -434 -508 -161 0
139 -87 -414 -112 -21 -434 -178 -138 -169 -372 -549 -508 -161 -22 -182 0
181 -549 -259 -112 -297 0
19 -210 -218 -297 -138 -417 -414 -112 -549 -398 0
191 -414 -112 -259 -138 0
-182 -434 -249 -178 -259 -161 -140 -21 -372 -414 -112 -549 -297 -138 -22 0
169 -352 -65 -282 -425 -566 -254 0
-434 -549 -425 -259 -178 -140 -21 -583 -161 -22 -297 -249 -372 -414 -112 -138 0
170 -275 -218 -403 -450 -66 -246 -144 -147 -528 -545 -474 -483 -166 -16 -48 -292 -201 -1 -487 -281 -598 -236 -138 -468 -414 -402 -255 0
-182 -549 -583 -48 -161 -144 -201 -236 -138 -414 -425 -178 -140 -21 -297 -112 -372 -259 -249 -16 -22 0
169 -255 -16 -578 -51 -486 -329 -528 -395 -368 397 -176 -372 -104 -509 -425 -414 -421 -566 -201 -161 -87 0
570 -418 -474 -528 -400 -16 -598 -276 -201 -551 -282 -44 -575 -335 -213 -343 -163 -562 -146 -514 -220 -48 182 -549 -22 -487 0
253 -578 -529 -51 -78 -267 -201 -282 -474 -528 -16 -276 -551 -44 -575 -335 -213 -343 -146 -48 182 -549 -22 -404 -374 -178 -425 -176 -138 -236 -509 -414 0
-255 -307 -404 -249 -178 -176 -425 -372 -566 -161 -414 -253 -16 -578 -51 -486 -329 -528 -395 -368 397 -104 -509 -421 -201 -87 0
-549 -249 -425 -178 -372 -161 -414 -16 -201 -551 -48 -22 -138 -236 -112 -259 -140 -21 -583 -297 -144 0
-182 -16 -201 -28 -246 -144 -168 -8 -178 -6 -583 -374 -417 -297 -140 -425 -21 -566 -161 -112 -372 -259 -414 -249 -138 -183 0
424 -592 -372 -277 -414 -374 -138 0
254 -568 -169 0
170 -408 -459 -249 -364 -178 -568 -87 0
-116 -112 -138 -161 -425 -140 -583 -22 -178 -259 -551 -97 -206 -235 -68 -115 0
169 -170 -47 -178 -367 20 -483 180 -1 -161 -87 0
-170 -155 -406 -248 -275 -362 -483 -281 -414 -112 -21 -182 -178 -138 139 -372 -549 -87 -161 -22 -425 -566 -253 -47 20 180 -1 0
-549 -182 -406 -248 -178 -253 -362 -414 -112 -21 -425 -138 -372 -161 -22 -47 -259 -297 -140 0
-182 -21 -164 -515 -178 -112 -297 -140 -259 -406 -248 -253 -362 -414 -425 -138 -372 -161 -22 -47 0
-254 -170 397 -104 -305 -421 -161 -87 -282 -425 -566 -368 -253 0
-169 254 -253 -307 -178 -404 -425 -372 -528 -161 -414 -566 -578 -51 -486 -329 -176 -395 -368 397 -104 -421 -201 -87 -481 -282 -44 -170 0
-170 -528 -305 -474 -161 -578 -51 -486 -329 -395 -368 397 -176 -372 -104 -425 -414 -421 -566 -201 -87 -253 -307 -178 -404 -481 -282 -44 0
547 -395 -178 -253 -305 -161 -578 -51 -486 -329 -372 -104 -425 -414 -201 -307 -404 -481 -282 -259 -191 -367 -399 -21 0
-254 -87 -65 -364 -458 -282 -425 -566 -568 -170 -253 0
514 -546 -168 0
-414 -248 -425 -112 -259 -178 -161 -140 -47 -583 -22 -138 -235 -413 0
-20 -555 -368 -398 -19 0
369 -368 -199 -235 -245 -398 -466 -248 -178 -213 -87 -283 -192 -182 -140 0
367 -182 -259 -112 -549 -235 -398 -140 0
-368 -367 -199 -235 -245 -398 -466 -248 -178 -213 -87 -283 -192 -182 -140 0
399 -182 -283 -259 -112 -178 414 -424 -443 -87 -434 -294 -508 -177 -22 -20 0
141 -209 -178 -549 -416 -283 -182 0
274 -527 -473 -18 -485 -400 -50 -598 -95 -482 -272 0
-182 -283 -47 -482 -400 -140 -22 -178 -177 -466 -508 -239 -248 -199 -87 -235 -259 -112 414 -424 -443 -294 -213 0
405 -522 -222 -431 -80 0
-20 -4 -416 -579 182 -22 -403 -222 -80 -482 -47 -299 -146 -400 -516 -363 -372 -199 -433 -235 -451 -398 -553 0
280 -400 -583 -482 -22 -235 -80 -47 -363 -466 -248 -178 -87 -294 -140 -177 -508 -239 -259 -112 414 -424 -443 -365 0
-368 -20 -398 -367 0
283 -182 -140 0
-20 -485 -140 -22 -182 -288 -210 -178 -466 -239 -248 -201 -87 -235 -259 -112 414 -424 -443 -294 -508 -177 0
-182 -353 -22 -178 -259 -112 -235 -140 -288 -466 -239 -248 -201 -87 414 -424 -443 -294 -508 -177 -211 -285 0
253 -239 -178 -22 -87 -583 -140 -259 -112 -235 -248 414 -424 -508 -189 -482 -80 -47 -363 -487 -570 0
-20 -283 -189 -364 -280 -66 -182 -259 -112 -235 -178 414 -424 -87 -508 -177 -22 -138 -487 -435 -367 0
293 -545 -300 -166 0
-182 -482 -248 -178 -87 -140 -551 -47 -235 -239 -22 -259 -112 -177 -189 -364 -280 -66 414 -424 -508 -138 -487 -435 0
565 -87 -583 -22 -235 -248 -178 -47 -140 -551 -259 -112 414 -138 -80 -161 -425 -170 0
-297 -103 -235 -138 -80 -192 -87 -178 -143 -245 -408 -527 -218 -5 -416 -283 -182 -259 -112 -549 0
399 -527 -245 -87 -425 -192 -178 -549 -416 -182 -138 -140 -235 -80 -143 -408 -259 -112 -22 -20 0
-20 -182 -140 -178 -549 -416 -509 -248 -161 -170 -87 -192 -398 -245 -425 -138 -235 -80 -143 -408 -259 -112 -22 0
-182 -87 -178 -248 -140 -551 -47 -235 -22 -259 -112 414 -138 -161 -425 -170 -509 -80 -143 0
-20 -4 -416 182 -22 -245 -403 -80 -143 -166 -292 -178 -487 -329 -363 -372 -509 -235 -433 -19 -398 0
-87 -170 -583 -22 -235 -80 -143 -178 -248 -161 -425 -47 -138 -140 -551 -259 -112 414 0
403 -500 -579 -275 -529 -279 -4 -375 -307 -195 -431 -339 0
397 180 -434 -509 -275 -529 -279 -4 -375 -195 -264 -306 -218 -425 -372 -297 -199 -138 -235 -192 -20 0
-297 -20 -375 -195 -467 -408 -549 -279 -398 -434 -509 -264 -306 -425 -372 -138 -235 -192 -282 -178 -416 -283 -22 -182 -259 -112 0
297 -182 -583 -549 -416 -140 -235 -282 0
-20 -297 -195 -467 -408 -549 -279 -398 -375 -509 -264 -306 -425 -372 -138 -235 -192 -282 -178 -416 -283 -22 -182 -259 -112 -367 0
-328 -435 -509 -176 -330 -178 0
-182 -306 -9 -47 -482 -239 -248 -509 -178 -425 -138 -192 -398 -549 -195 -467 -408 -279 -375 -264 -372 -235 -282 -416 -22 -259 -112 -583 -140 0
-297 -195 -248 -408 -375 -396 -279 -178 -315 -482 -140 -134 -47 -583 182 -22 0
-170 -143 -178 -140 -583 -235 -248 -47 -22 -425 -138 -259 -112 -161 -80 -551 414 0
399 -20 -491 -375 -297 -245 -549 -66 -352 -161 -527 -425 -192 -178 -416 -182 -138 -140 -235 -80 -143 -408 -259 -112 -22 0
394 -434 -275 180 -529 -4 -20 -375 -218 -425 -372 -297 -199 -138 -235 -192 397 -161 -489 -86 0
6 -88 -9 -400 -485 -473 -527 -50 -18 -598 -95 -272 -453 -275 -389 -408 -529 -307 0
5 -266 -293 -77 -549 -529 0
-20 -297 -408 -86 -9 -400 -549 -466 -489 -248 -178 -425 -372 -375 -199 -138 -235 -192 -161 -363 -140 -22 -398 -491 -245 -66 -352 -416 -182 -80 -143 -259 -112 0
-87 -297 -408 -505 -416 -178 183 -575 -466 -235 -245 -398 -182 -248 -199 -368 -192 -367 -140 -86 0
-530 -578 -245 -575 -416 -283 -178 183 0
-182 -245 -416 -178 -408 -466 -235 -398 -248 -192 -140 -86 -549 -9 -400 -489 -425 -372 -375 -138 -161 -363 -22 -491 -66 -80 -143 -259 -112 -189 -366 -282 -583 0
-20 -297 -408 -375 182 -248 -178 -315 -140 -134 -47 -583 -22 -549 426 -491 -566 -97 -161 -451 -235 -398 0
-394 -15 -146 -528 -474 -125 182 -549 -22 -400 -489 -118 -80 -176 -435 -404 -395 -178 0
-297 -245 -466 -25 -408 -248 182 -549 -22 -400 -489 -80 -178 -375 -315 -140 -134 -47 -583 426 -491 -566 -97 -161 -235 -398 -9 0
-293 -78 -531 -309 -416 -266 182 -549 -22 0
487 -177 -86 -178 -434 -400 -66 -508 -478 -304 -161 0
-112 -259 -140 -178 -22 -478 -161 -235 -97 -138 -425 -583 -551 -206 -68 -115 0
417 -297 -549 -182 0
487 -569 -185 -201 -272 -281 -304 -18 -161 0
579 -404 -272 -304 -275 -483 -425 -318 -361 -551 -430 -574 -185 -244 -218 0
-95 -272 -185 0
95 -51 -577 -201 -68 -244 -18 0
-398 -577 -218 -185 -430 -201 -425 -68 -138 -115 -412 -406 -244 -283 -372 -178 -9 -167 -544 -472 -22 -20 -367 -397 0
6 -20 -182 -22 -425 -68 -138 -115 -412 -244 -178 -140 -397 -259 -549 -235 -297 -530 0
285 -182 -140 0
-398 -218 -9 -106 -579 -474 -551 -244 -212 -20 -575 -397 0
398 -20 -235 -140 -138 -182 -192 -22 0
-20 -530 -551 -244 -397 -235 -140 -138 -182 -259 -549 -22 -5 -425 -68 -115 -412 -178 -297 0
20 -549 -182 -140 -397 0
-297 -5 -551 -244 -397 -235 -140 -138 -182 -259 -549 -22 -425 -68 -115 -412 -178 -415 0
578 -94 -186 -304 -419 -275 -483 -212 -164 -371 -412 -115 -2 -47 -300 -28 -244 0
529 -86 -178 -212 -574 -66 -244 -577 -68 -186 -275 -371 -412 -115 -47 -103 -451 -545 -9 -50 -167 -485 -293 -527 -266 -473 -77 0
-398 -549 -178 -244 -182 -583 -140 -235 -415 -68 -412 -115 -425 -138 -551 -397 -259 -22 0
-549 -182 -140 -259 -235 -138 -22 -178 -244 -583 -415 -68 -412 -115 -425 -551 -397 0
577 -527 -340 -473 -103 -530 -218 0
531 -398 -6 -9 -210 -218 -551 -244 -212 -20 -397 -415 -77 0
-358 -380 -423 -359 -340 -398 19 -304 0
-20 -330 -218 -244 -423 -340 -147 -545 -221 -68 -50 -6 -9 -210 -551 -397 -415 -115 -295 -412 -235 -138 -191 -555 -140 -182 -548 0
531 -579 -244 -104 -218 -80 -221 -147 -50 -354 -545 -485 -340 -308 -526 -6 -472 -415 0
-579 -575 -244 -210 -6 -530 -104 -218 -80 -221 -147 -50 -354 -545 -485 -340 -308 -526 -472 -415 0
-182 -244 -425 -68 -415 -115 -412 -138 -397 -235 -551 -140 -583 -259 -22 -178 0
547 -515 -161 -115 -583 -284 -412 -140 -371 -368 -103 -277 -8 -20 -167 0
529 -66 -178 -87 -103 -284 -363 -140 -371 -368 -8 -20 -546 -548 -161 -115 -583 -412 -277 -309 -6 0
-218 -368 -140 -178 -20 -244 -6 -531 -161 -115 -583 -412 -259 -425 -191 -138 -235 182 -22 0
577 -329 -420 -138 -146 -235 -412 -115 -68 -244 -20 553 -51 -8 -486 -342 -528 -209 -474 -6 -531 0
529 -374 -178 -103 -284 -140 -368 -8 -20 -546 -548 -161 -115 -583 -412 -6 -425 -191 -138 -235 -296 0
-259 -138 -140 -161 -115 -583 -425 -178 -235 -68 -22 -551 -478 -97 -206 0
246 -575 -368 -20 -112 0
-182 -218 -368 -22 -20 -529 -112 -244 -178 -6 -140 0
-218 -529 -20 -368 -6 -112 -547 -22 -244 -178 -140 0
413 -592 -276 -360 -499 -373 -65 -146 -425 -143 -138 -115 0
-529 -368 -235 -138 -373 -425 -115 -551 -20 -6 -7 -244 -178 -190 -112 -547 -161 -140 -22 -583 0
-368 -6 -112 -547 -20 -235 -138 -373 -425 -115 -551 -7 -244 -178 -190 -161 -140 -22 -583 0
180 -208 -112 -398 -20 -451 -244 -7 0
179 553 -22 -398 -20 -140 -7 0
549 -529 -398 -20 -22 -6 -7 -112 -244 -178 -140 0
531 -412 -115 -68 -244 -296 -140 -22 -527 -112 -182 -473 -415 0
-529 -527 -583 -140 -235 -112 -115 -68 -22 -244 -473 -138 -20 -398 -7 -178 -6 -547 0
-6 -244 -138 -190 -22 -20 -7 -178 -140 -112 -547 -583 -235 -115 -68 -425 -373 -551 -161 0
245 -199 -281 -425 -212 -565 -138 -235 -20 -112 -417 -549 -210 -398 -218 -297 0
236 -277 -592 -373 -425 -372 -138 0
414 -105 -565 -425 -178 -138 -190 -161 -398 -93 -20 -235 -592 -373 -275 -499 -147 -144 -115 0
530 -398 -138 -20 -112 -417 -549 -210 -235 -565 -425 -178 -190 -161 -93 -373 -115 -244 -140 -22 -182 0
-398 -452 -551 -20 -244 -112 -417 -531 -138 -549 -210 -235 -565 -425 -178 -190 -161 -93 -373 -115 -140 -22 -182 0
-244 -20 -115 -425 -138 -235 -68 -583 -140 -112 -22 -551 -565 -178 -190 -161 -373 -7 -547 0
21 -398 -7 -178 -373 -64 -140 -425 -547 -20 -161 -138 -574 -235 0
-398 -64 -565 -373 -161 -425 -138 -140 -7 -190 -22 -178 -20 -547 -574 -235 0
182 -577 -22 -547 -417 0
-20 -373 -161 -115 -425 -138 -235 -7 -583 -178 -140 -22 -547 -112 -565 -190 -68 -551 0
-182 -373 -161 -372 -425 -138 -294 -190 -112 -22 -168 -398 -7 -583 -368 -178 -297 -140 -183 0
515 -546 -168 0
414 -244 -551 -213 -3 -575 -48 -165 -115 -112 0
114 -305 -161 -87 -253 -365 -406 -282 -307 -201 -6 -22 -547 182 -244 0
-244 -87 -486 -51 -161 -68 -115 -48 -3 -282 -201 -551 -578 -575 -112 -528 -307 -6 -22 -547 182 -213 -165 -372 -413 0
244 -6 -529 -209 -22 -547 182 -575 0
-413 -138 -190 -486 -51 -161 -68 -115 -48 -3 -282 -201 -551 -578 -575 -112 -528 -307 -6 -22 -547 182 -213 -165 -372 -244 0
-138 -115 -22 -425 -161 -68 -551 -178 -140 -583 -235 -478 -97 -206 0
415 -6 -182 -547 0
113 -6 -20 -182 -140 -583 -296 -371 -64 -415 -414 -244 0
-6 -112 -22 -182 -547 -296 -9 -20 -398 -192 -64 -244 -147 -140 -583 -371 -414 0
246 -531 -20 -398 -140 -296 -22 -200 -182 -371 -417 -414 -112 -64 0
-112 -547 -361 -371 -200 -147 -296 -22 -140 -182 -27 -551 -210 -187 -20 -398 -192 -9 -64 -244 -414 -373 -583 0
416 -531 -6 0
530 -50 -485 -527 -407 -64 -28 -27 -244 -200 -210 -577 -6 0
-6 -545 -371 -361 -259 -178 -182 -407 -64 -28 -27 -244 -200 -218 -583 -296 -140 -415 -20 -398 -397 -551 0
112 -398 -244 -64 -583 -140 -182 -296 -371 -361 -178 -27 -200 -20 -551 -68 -115 -22 -414 0
-398 -244 -178 -20 -140 -296 -22 -200 -182 -371 -414 -64 -27 -192 -361 -551 -187 -373 -583 -68 -115 0
-6 -278 -156 -577 -546 -583 -182 -549 -140 -235 297 -178 141 -5 0
245 -526 -485 -359 -50 -64 -28 0
160 -315 -275 -254 -278 -170 0
398 -182 -115 -414 -583 -565 -373 -140 -161 -20 -192 -22 0
-531 -417 -530 -6 0
-416 -307 -192 -414 -398 -20 -27 -112 -530 -283 -178 183 -6 -182 -417 0
416 -6 -574 -398 -210 -112 -20 0
-417 -530 -414 -398 -20 -27 -112 -416 -283 -178 -192 -6 -182 -296 0
-530 -416 -361 -140 -20 -182 -178 -192 -583 -371 -6 -296 -414 -112 -398 -27 0
-6 -182 -296 -414 -371 -112 -574 -361 -140 -20 -178 -192 -583 -398 -27 0
415 -577 -296 -140 -22 -531 -182 0
-182 -361 -68 -64 -583 -20 -140 -192 -296 -22 -414 -371 -178 -27 -200 -551 -187 -373 -115 -565 -161 0
531 -434 -187 -178 -209 -352 -27 -140 -431 -406 -527 -583 -105 -308 -473 182 -22 -296 0
-398 -530 -296 -64 -187 -178 -27 -140 -583 182 -22 -361 -371 -414 -373 -6 -20 -192 0
369 -515 -371 -565 -373 -161 -259 -546 -167 -200 -178 -548 -16 -284 -20 -472 -140 0
-531 -85 -161 -64 -478 -371 182 -22 -583 -20 -140 -368 -565 -373 -259 -200 -178 -68 -115 -414 -296 -6 -113 -530 0
-530 -6 -115 -414 -371 -20 -64 -140 -200 -583 182 -22 -161 -478 -565 -373 -178 -296 -68 -192 -187 -27 -361 0
-6 -565 -178 -140 -161 -373 -414 -371 -20 -115 -64 -200 -583 182 -22 -478 -296 -68 -192 -187 -27 -361 0
-297 -165 -210 -178 -576 -516 -140 -583 -309 182 -22 -296 0
217 -364 -187 -282 -352 -200 -340 -578 -105 0
285 -253 -509 -170 -434 -86 -178 -219 -187 -352 -200 -578 -105 -431 -309 -546 -516 -165 -576 -210 -9 0
397 -156 -576 -578 -219 -583 -140 -284 -178 -187 -200 -105 -309 -546 -210 -388 -361 -371 -414 -565 -112 -259 -369 -192 0
205 -140 -178 -161 -22 -68 -551 -425 -97 -206 0
114 -259 -545 -307 -210 -265 -6 -20 -549 -398 -30 0
-259 -137 -182 -283 -20 -6 -530 -414 -112 -178 -398 -417 -296 -545 -307 -210 -265 -549 -30 0
139 -398 -22 -182 -112 -296 -20 -425 -6 -140 -583 -414 -218 -530 -178 -50 -237 0
-398 -296 -182 -140 -20 -6 -178 -530 -583 -425 -414 -112 -161 -22 -68 -551 -237 -218 -50 0
-296 -414 -530 -182 -112 -22 -140 -20 -178 -583 -425 -6 -161 -68 -551 -237 -218 -50 0
113 -398 -414 -20 -112 -530 -283 -178 -6 -182 -417 -77 -549 -190 -22 0
-259 -16 -237 -22 -182 -112 -398 -20 -6 -140 -414 -530 -178 -306 -579 -49 -246 -576 -352 -105 -342 -549 -297 -261 0
-296 -190 -26 -265 -293 -307 -167 -545 -147 -499 -419 -383 -441 -306 -29 -16 -49 -199 -140 -22 -237 -182 -297 0
114 -417 -182 -6 -398 -112 -20 -140 -414 -530 -178 0
-417 -414 -20 -112 -530 -178 -6 -182 -398 -140 0
-414 -140 -20 -398 -182 -178 -6 -530 -112 0
-417 -549 -117 -255 -398 -20 -22 -260 -296 -140 -530 -178 -416 -182 -6 0
-549 -296 -530 -182 -117 -255 -398 -20 -22 -260 -6 -140 -178 -416 0
-296 -22 -372 -408 -398 -20 -6 -530 -140 -416 -260 -182 -117 -255 -178 0
547 -236 -372 -112 -398 -412 -20 0
-22 -140 -20 -6 -398 -182 -530 -112 -178 0
-140 -530 -6 -20 -398 -182 -112 -178 0
367 -398 -20 0
-553 -259 -112 -431 -178 -147 -422 -545 -416 -5 181 -549 -296 -578 -245 -212 -192 -575 -398 -20 0
514 -167 -545 0
372 -163 -514 0
399 -192 -407 -413 -514 -182 297 -549 -140 -416 -578 -575 -22 -20 0
-259 -514 -398 -407 -413 -20 -182 -549 -416 -578 -575 -112 -431 -178 -422 -545 -5 181 -296 -245 -260 0
399 -514 -413 -407 -182 297 -549 -140 -416 -578 -575 -22 -20 0
-549 -431 -545 -416 -5 181 -296 -578 -245 -20 -575 -398 -413 -407 -182 -112 -178 -260 -547 0
-398 -112 -20 -6 -178 -182 0
-140 -574 -20 -208 -178 -368 -283 -139 -182 0
-549 -467 -276 -364 -282 -408 -200 -414 -48 -163 -546 -8 -112 181 -297 0
24 -112 -178 -20 -182 -6 0
584 -65 -353 -424 -341 -361 -528 -592 -474 -17 -199 -235 -205 -51 0
577 -46 -528 -341 -275 -103 -483 -217 -474 -583 -353 -424 -361 -235 -116 -142 -28 -246 0
545 -514 -175 -435 -330 -483 -7 -451 -275 -103 -217 -579 -528 -341 -474 -583 -353 -235 -246 -138 -414 -293 -167 -163 -565 -307 -147 0
64 -359 -304 -341 -528 -353 0
66 -405 -330 -431 -419 -361 -439 -424 -304 0
526 -467 -184 -96 -174 -50 -82 -485 -341 0
404 -194 -87 -337 180 0
219 -254 -119 -435 -431 -87 180 -565 -373 -424 -304 -361 -439 -341 -528 -353 -103 0
-514 -528 -275 -103 -217 -474 -583 -353 -235 -246 180 -87 -422 -579 -119 -435 -565 -373 -439 -26 -138 -414 -307 -544 -175 -7 -451 -293 -167 -163 0
363 219 -275 -499 -154 -311 -389 0
245 -206 -235 -138 -98 -414 -115 -142 -30 0
219 -474 -119 -528 -435 -330 -275 -499 -579 -246 -235 -138 -414 -142 -30 -552 -483 -2 -48 -583 -103 0
-140 -414 -353 -246 -217 -544 -20 -191 -6 -178 -368 -417 -261 -182 -285 -141 0
-531 -529 -417 -6 0
367 -528 -474 0
527 -451 -20 -575 -211 -356 -420 -274 -499 -528 -353 -263 -65 -474 -342 0
-528 -575 -20 -178 -211 -356 -274 -499 -353 -65 -474 -191 -261 -6 -549 -104 -368 0
48 -299 -29 -584 -50 0
585 -87 -88 -171 -388 -160 -363 -432 -67 -222 -29 -206 -50 0
415 -184 -414 -94 -206 -50 -584 -67 -29 -569 -365 -211 -371 -8 -592 -588 -544 -287 -178 -534 -307 -208 -6 -182 0
585 -371 -363 -514 -168 -424 -146 -143 -67 -116 -29 -206 -50 0
218 -584 -414 -178 -191 -261 -549 -6 -417 -211 -544 -182 -280 -20 -484 -368 -274 -353 -246 -297 0
412 -371 -297 -168 -514 -307 -138 0
501 -379 -495 -271 -419 -274 0
19 -317 -489 -419 -271 -274 -409 -432 -361 -359 -424 -304 -528 -353 -341 -7 -579 -178 -43 -246 -208 -576 0
21 553 0
526 -363 180 -89 -405 -389 -174 -87 -424 -359 -65 -341 -528 -353 0
66 -305 -359 0
64 -359 -341 -528 -353 0
-371 -271 -544 -514 -489 -419 19 -274 -307 -432 -359 -304 -528 -353 -341 -7 -579 -178 -43 -246 -208 -576 -138 -165 -414 -372 -297 -168 0
179 -304 -178 -389 -307 -544 -205 -514 -414 -489 -419 19 -274 -359 -87 -528 -353 -341 -7 -579 -43 -246 -208 -138 -297 -168 -220 -49 -484 -211 0
426 -431 -528 -49 -341 -220 -484 -174 -405 -87 180 -359 -304 -373 -64 0
-431 -361 -87 180 -405 -359 -422 -64 -424 -528 -49 -341 -220 -484 -174 -304 -373 0
-361 -371 -514 -164 -168 -307 -87 180 -405 -359 -422 -64 -424 -528 -49 -341 -220 -484 -174 -304 -373 0
-371 180 -528 -89 -405 -389 -87 -359 -341 -353 -304 -514 -164 -168 -307 -422 -49 -220 -484 -373 -383 -26 -138 -414 -297 0
-304 -419 -579 -246 -544 -514 -359 -528 -405 -389 -87 -341 -353 -168 -307 -422 -49 -220 -484 -373 -138 -414 -297 -211 -208 -7 -178 -205 -489 19 -274 -43 0
413 -115 -205 -370 -138 0
-474 -514 -178 -544 -205 -405 -297 -414 -579 -49 -246 -484 -528 -353 -211 -274 -20 -191 -76 -261 -6 -417 -549 -182 -105 -368 0
-531 -417 -6 0
-528 -191 -261 -549 -20 -368 -178 -544 -205 -405 -297 -414 -579 -49 -246 -484 -353 -211 -274 -76 -6 -417 -182 -105 0
305 -189 -549 -261 -6 -314 -274 -154 -297 -588 -280 -237 -579 -576 -30 -17 -246 -96 -66 0
-371 -329 -370 -414 -297 -514 -168 -307 -467 -205 -191 -185 -419 -261 -500 -549 -146 0
179 -307 -534 -263 -6 -549 -222 -366 -168 -87 -280 -544 -297 -200 -514 -414 -237 -370 -467 -205 -191 -185 -419 -261 -500 -7 0
180 -168 -6 -549 -209 -7 0
87 -422 -261 -549 -191 0
-514 -168 -544 -549 -6 -534 -263 -222 -366 -87 -280 -297 -200 179 -414 -237 -370 -467 -205 -191 -185 -419 -261 -500 -7 0
-168 -419 -15 -297 -357 -237 -274 -422 -6 -500 -549 -544 -534 -263 -222 -366 -280 -200 -414 -370 -467 -205 -191 -185 -261 -7 -178 -209 0
340 -549 -6 -261 -178 -15 -297 -357 -237 -274 -544 -534 -222 -280 -414 -205 -191 -211 -579 -576 -246 -96 -306 -314 -154 -588 -30 -17 -353 -105 0
305 -353 -549 -261 -6 -314 -274 -154 -297 -588 -280 -237 -579 -576 -30 -17 -246 -96 -358 0
-546 -35 -132 -237 -165 -370 -70 -514 -168 -544 0
420 -138 -370 -205 -414 -297 -514 -168 -307 -521 -146 -132 -237 -544 -211 -405 -439 -329 0
548 -168 -185 -272 -544 -305 -64 -30 -246 -576 -211 -439 -418 -370 -205 -414 -297 -237 -405 -178 -191 -222 -8 -421 -261 -6 0
420 -142 -115 -185 -246 -272 -579 -274 -499 -329 0
179 -430 -405 -115 -425 -520 -64 -15 -246 -370 -357 -576 -163 -274 -211 -439 -418 -185 -272 -579 -147 0
-168 -41 -579 -30 -246 -576 -178 -405 -64 -15 -370 -357 -274 -211 -439 -418 -185 -272 -414 -237 -297 -191 -266 -544 -222 -6 -549 -305 -205 -8 -421 -261 0
552 -125 -392 -482 -152 -317 -74 0
420 -395 -64 -246 -576 -392 -482 -152 -385 -303 -15 -357 -88 -388 -370 -454 -163 -432 -443 -211 -405 -579 -71 -439 -329 0
419 -146 -46 -579 -50 -584 -299 -414 -246 -370 -576 -163 -211 -439 0
309 -395 -246 -576 -392 -482 -152 -385 420 -15 -357 -88 -388 -370 -454 -163 -64 -443 -211 -405 -579 -71 -439 -329 0
244 -385 -392 -482 -152 -15 -41 -17 -237 -297 -308 -246 -576 420 -357 -88 -388 -370 -454 -163 -64 -443 -211 -405 -579 -71 -439 -178 -146 -30 0
-112 -6 -178 -20 -182 0
362 -132 -237 -297 -15 -94 -271 -385 -499 -493 -418 -439 -211 -454 -310 -469 -375 -592 -426 0
-297 -208 -178 -211 -412 -237 -370 -499 -592 -426 -264 -306 -191 -360 -114 -549 -259 -105 -340 -6 367 -415 -182 0
419 -145 -178 -499 -395 0
574 -211 -178 -499 -306 -360 -6 -529 -217 -182 -370 -592 -426 -264 -354 -20 0
236 -297 -367 -259 -182 -547 -6 -284 -164 -370 -20 0
-297 -367 -20 -182 -284 -217 -103 66 -370 -235 -259 -547 -6 -164 0
-211 66 -6 -529 -182 -20 -217 -178 -370 -575 -499 -592 0
236 -297 -178 -547 -283 -412 -182 -163 -370 -143 0
-297 -547 -29 -499 -182 -217 -103 66 -20 -367 -370 -235 -6 -163 -178 -283 -143 0
66 -529 -370 -6 -217 -182 -29 -499 -20 -178 -143 -575 -592 0
235 -545 -6 -547 -217 -20 -397 -297 0
-284 -267 -20 -164 -259 -182 -547 -6 -297 236 -370 0
284 -141 -397 -575 -211 -20 0
372 -514 -259 -182 -547 -6 -297 -370 -397 -575 -211 -237 -217 -20 0
371 -237 -20 -397 -297 -304 -529 0
-236 -381 -6 -262 -547 -352 -165 -95 -20 -575 -397 -516 -424 -297 -217 413 -370 -237 0
-163 -514 -165 -370 0
-305 -65 -359 -306 0
245 -419 -328 -414 -145 -408 -441 -185 -359 -306 -579 0
515 -49 -185 -328 -414 -408 -366 -281 -16 -199 -579 -246 -145 -441 -306 -105 -342 -7 -546 0
516 -16 -199 -579 -185 -218 -408 -22 -414 -546 -370 -167 0
368 -211 -579 -218 -182 -293 -546 -167 -199 -185 -408 -370 -105 -205 -113 -20 -6 -474 -399 0
-178 -414 -236 -370 -208 -408 -179 -6 -20 -182 0
117 -30 -222 -403 -328 -583 -432 -247 -205 -67 0
499 -283 -306 -211 -185 -419 -276 0
285 -50 -143 -245 -205 -67 -576 -583 -211 -182 0
-305 181 -549 -297 -414 -236 -370 -487 -189 -282 -276 -211 -143 -245 -205 -67 -576 -583 -182 -185 -379 -359 -306 0
-545 -211 -236 -370 -297 -6 -547 235 -20 0
-168 -285 -579 -185 -218 -408 -414 -546 -370 -167 -50 -182 -486 -139 -199 -146 -113 -6 -20 -299 -293 -515 0
-283 -419 -17 -306 -211 -185 -15 -199 -579 -218 -23 -146 -182 -236 -370 -208 -408 -414 -6 -20 -139 -285 0
213 -272 -15 -130 -422 -105 -303 -218 -342 -408 -23 -414 -182 -236 -370 -208 -6 -20 -17 -306 -211 -185 -199 -579 -146 -139 -546 -167 -486 -113 -299 -293 -515 -439 0
-283 -575 -370 -208 -408 -414 -6 -20 -182 -260 -146 -368 -236 -244 -306 -211 -185 -342 -579 -105 -218 -23 -284 0
-272 -439 -414 -515 -6 -20 -182 -579 -185 -218 -408 -546 -167 -486 -139 -199 -146 -113 -299 -293 -208 -260 -368 -236 -306 -211 -342 -105 -23 -576 -15 -130 -422 -303 -17 -370 0
304 -414 -23 -486 -182 -17 -306 -211 -185 -15 -199 -579 -146 -236 -370 -208 -408 -218 -6 -20 -139 -515 -546 -167 -113 -299 -293 -260 -368 -342 -105 -576 -130 -422 -303 0
-283 -9 -342 -105 -236 -370 -208 -408 -414 -6 -20 -182 -17 -306 -211 -185 -15 -199 -579 -218 -23 -146 -139 -285 0
-414 -211 -370 -208 -408 -6 -20 -236 -146 -299 -293 -546 -515 -237 -297 -167 -113 -260 -422 -303 0
284 414 -237 -136 -432 -353 -199 -342 -579 -105 -167 -218 -515 -23 -164 -182 -486 -211 -139 0
-283 -146 -9 -306 -211 -185 -342 -579 -105 -218 -23 -182 -284 0
418 -255 -433 -405 -247 -178 -9 -177 -358 -342 -105 0
-211 -236 -20 -297 -370 -6 -237 -547 0
-178 -414 -218 -474 -182 -369 -283 -399 -260 -236 -370 -208 -408 -105 -6 -20 0
183 -140 -399 -369 -23 0
420 -467 -82 -359 -306 -403 -439 -328 0
-514 -163 -370 0
217 -419 -501 -82 -359 -306 -439 -328 -579 0
183 -283 -399 -369 -23 0
178 -306 -369 -439 -474 -419 -341 217 -359 -579 -146 0
-178 -474 -341 -369 -9 -399 -180 -6 -20 -182 0
-236 -237 -20 -370 -297 -6 -547 0
-283 -244 236 -297 -547 -412 -182 -178 -370 -397 -20 -208 0
209 -114 -297 -237 -397 -20 -407 -211 -182 -547 -6 -370 -259 0
103 -419 -579 -30 -217 -584 -206 -363 -389 -317 -88 -443 -484 -137 -474 -192 -114 -297 -237 -260 -549 -530 -303 -71 -451 -368 -131 -329 -20 -422 -200 0
-419 -527 -306 -368 -441 -20 -104 -579 -30 -217 -584 -206 -363 -389 -317 -88 -443 -484 -137 -474 -192 -114 -297 -237 -260 -549 -530 -303 -71 -451 -131 -329 -422 -200 0
103 -65 -363 -88 -137 -192 -114 -297 -237 -260 -549 -530 -451 -368 -389 -20 -422 -359 0
341 -441 -529 -182 -20 -211 -370 -178 -217 -579 -363 -88 -137 -297 -237 -260 -549 -530 -451 -368 -389 -422 -306 -6 -30 -584 -206 -317 -443 -484 -474 -303 -71 -131 -329 -200 0
545 -222 -363 -368 -139 -340 -182 -24 -306 -584 -576 -217 -20 -137 -297 -237 -260 -549 -530 -474 -529 -211 -370 -178 -579 -88 -451 -389 -422 -6 -206 -484 -131 -329 -200 -165 -516 -307 -298 0
-178 -182 -20 -547 -6 -297 -370 -237 0
514 -47 -482 -451 -293 -7 -167 0
112 -47 -482 -451 -7 -143 -414 -260 -245 0
104 -335 -344 -435 -328 -275 -482 -414 -297 -371 -307 -191 -260 -245 -113 -451 -7 -167 -145 -544 -516 -293 -583 -217 0
-211 -154 -363 -389 -113 -200 -579 -217 -103 -344 -435 -328 -414 -297 -371 -307 -191 -260 -451 -7 -167 -145 -544 -516 -293 -43 -208 284 -397 -141 -20 0
-114 -26 -408 -414 -137 -191 -297 -237 -260 -549 -530 -113 0
-47 -408 -394 -363 -328 -389 -370 -414 -137 -191 -422 -549 -260 -297 -237 -530 -113 -574 -317 -208 -43 514 -451 -293 -7 -167 0
-368 -394 -217 -328 -389 -370 -137 -422 -549 -260 -297 -237 -530 -113 -208 -293 -7 -167 -307 -200 -579 -344 -371 -145 284 -141 -20 -24 0
112 -545 -422 -131 -145 -49 -451 -7 -414 -260 -328 -217 -306 -342 -208 -20 284 -211 -141 -398 0
330 -359 -306 -500 -441 -87 -419 -394 0
406 -505 -434 -336 -208 -45 -482 -47 -116 -248 0
46 -316 -482 -3 0
-514 -211 -16 -579 -297 -371 -265 -145 -293 -167 -7 -451 -49 -20 183 -296 -398 -369 -260 -113 -131 -328 -342 -208 284 -422 -370 0
-211 -451 -293 -7 -167 -208 -342 -113 -20 183 -283 -369 -16 -579 -297 -371 -265 -145 -49 -296 -398 -260 -131 -328 -422 -370 0
-482 -522 -15 -217 -49 -275 -583 514 -451 -293 -7 -167 0
-451 -16 -200 -579 -208 -15 -49 -293 -7 -167 -113 -20 -145 183 -283 -369 -370 -342 -297 -371 -265 -296 -398 -260 -131 -328 -422 0
-244 -173 -405 -366 -296 -182 -415 -140 531 -22 -112 -527 -473 -115 -328 -281 -419 -200 -441 -306 -359 -246 0
-482 -96 -184 -306 -441 -405 -366 -296 -182 -415 -140 531 -22 -112 -527 -473 -328 -281 -200 -246 -105 -7 -357 -316 -275 -47 -481 0
245 -119 -434 -328 -491 -441 -391 -306 -125 -366 -96 -15 -281 -16 -200 -552 -579 -576 -30 0
304 -545 -328 -500 -313 -224 -275 -281 -200 -34 -184 -16 -441 -96 0
-182 -237 -20 -297 -370 -547 -6 0
113 -244 -358 -526 -64 -397 -20 -367 -103 0
-244 -305 -367 -306 -103 -397 -112 -20 0
-546 -516 -168 0
-305 -7 -284 -473 -140 -367 -397 -217 -18 -103 -261 -359 -306 -244 -20 0
420 -180 -147 -499 -328 0
360 -420 -131 -423 -302 -103 0
358 -66 -306 0
246 -328 -131 -423 -302 -103 -147 -499 -306 -208 -574 0
494 -394 -328 -466 -85 -254 -423 -249 -131 -160 -240 -302 -490 -411 -387 0
9 -160 -254 -175 -596 -431 -328 -420 -466 -423 -131 -240 -302 -387 -380 -407 -26 -137 -191 -294 -116 -300 -206 -584 -140 -77 -483 -284 -451 -179 0
7 -213 -165 -284 -516 -179 -168 0
-305 -254 -175 9 -431 -328 -420 -466 -423 -131 -240 -302 -407 -26 -137 -191 -294 -116 -300 -206 -140 -77 -483 -284 -451 -179 -217 -103 -306 -65 0
395 -488 -490 -161 -169 -175 -85 0
585 -498 -328 -394 -490 -161 -169 -175 -191 -265 -294 -116 -300 -206 -46 0
-328 -18 -473 -103 -217 -175 -294 -206 -466 -431 -423 -131 -302 -407 -137 -140 -77 -284 -451 -306 -499 -165 -516 -168 -43 -208 -414 -261 -574 -114 -244 0
-420 -8 -165 -284 -516 -168 -178 -208 -574 -244 -64 -439 -358 -418 -131 -423 -302 -103 0
-305 -18 -473 -140 -367 -294 -244 -284 -397 -217 -103 -261 -306 -20 -165 -516 -168 -178 -208 -574 -418 -131 -423 -302 0
245 -178 -284 -516 -168 -165 -208 -261 -574 -114 0
577 -244 -284 -423 -217 -103 -131 -302 -574 -306 -407 -516 -168 -165 -208 -261 -114 -473 -140 -367 -294 -397 -20 -175 -206 -431 -137 -77 -451 -43 -414 -200 0
-244 -175 -294 -206 -43 -140 -77 -208 -414 -261 -284 -574 -114 -103 -516 -168 -165 -217 -200 -578 -423 -131 -302 -306 -407 -473 -367 -397 -20 -431 -137 -451 0
419 -178 -147 -501 -395 0
209 -90 -363 -411 -390 -431 -249 -7 -395 -178 -43 0
496 -482 -165 -275 -212 -3 -284 -140 -157 -584 -508 -401 -206 -253 -115 -468 -249 0
-66 -360 -64 -306 0
-328 -178 -284 -140 -584 -206 -253 -115 -468 -249 -450 -202 -434 -404 -451 -7 -574 -165 -43 -264 -208 -501 -363 -411 -390 -431 -420 -86 -147 0
328 -147 -142 -501 -115 -420 -249 0
-237 -20 -6 -547 -297 -370 0
575 -219 -178 -395 419 -297 -168 -6 -20 -370 -246 -213 0
-244 -3 -482 -370 -168 -284 -178 -395 419 -20 -547 -6 -297 -306 0
419 -7 -6 -20 -178 -370 -284 -395 -547 -306 -297 0
245 -217 -7 -6 -259 -547 -415 -297 -20 -284 -178 -370 -64 0
9 -359 -297 -305 -284 -408 -367 -397 -217 -7 -103 -306 -244 -20 -386 -493 -24 -381 -132 -422 -353 -547 -341 0
-217 -168 -6 -7 -178 -297 -284 -306 -244 -20 -493 -547 -370 0
8 -22 -182 -284 -515 -178 -168 0
-168 -244 -370 -20 -284 -547 -7 -178 -297 -6 -306 -493 0
-244 -7 -6 -547 -297 -20 -284 -178 -370 -306 -493 0
8 -28 -207 -217 -103 -305 -306 -413 -138 -397 -367 -140 -284 -261 -178 0
114 -72 -305 -306 -103 -284 -307 -499 -217 -201 -6 -577 -367 182 -547 -413 -397 0
104 -354 -305 -306 -342 0
-7 -306 -284 -6 -547 -328 -178 -297 -20 -370 -420 0
-182 -140 -284 0
105 -140 -342 -367 -329 -146 -178 -395 -168 -217 -7 -20 -284 -209 -305 -103 -244 -306 0
-140 -261 -305 -244 -367 -217 -7 -103 -284 -306 -20 -342 -329 -146 -178 -395 -168 -209 0
9 -244 -103 -306 -367 -305 -217 -20 -7 -284 -178 0
219 -398 -305 -306 -342 -103 -23 0
-140 -244 -305 -103 -367 -306 -20 -260 -217 -139 -284 0
-244 -367 -7 -20 -284 -178 -217 -305 -103 -306 0
-297 -547 -7 -20 -284 -178 -306 -217 -103 -305 -140 -413 -397 -367 -420 0
218 -397 -178 -140 -7 -20 -306 -217 -103 -305 -284 -367 0
-547 -397 -284 -367 -305 -306 -103 -7 -20 -178 -217 -140 0
-397 -140 -20 -284 -305 -306 -103 -7 -178 -217 -367 0
-140 -367 -217 -20 -284 -305 -306 -7 -178 -103 0
-367 -7 -103 -217 -20 -178 -284 -305 -306 0
417 -529 -4 0
182 -7 -579 -245 -113 -370 -237 -549 -297 0
329 -173 -449 -467 -405 0
-329 -500 -263 -419 -85 180 0
112 -309 -484 -526 -341 -449 -84 -405 -263 -419 -49 -579 -297 -178 -531 -191 -7 -417 -260 0
-547 -49 -237 -297 -191 -579 -576 -245 -113 -484 -526 -341 -449 -84 -405 -263 -419 -178 -7 -20 -370 -549 0
-112 -484 -526 -49 -357 -419 -274 -132 -237 -544 -297 -178 -166 -7 -579 -259 -245 -182 -20 -113 0
-7 -305 -20 -284 -178 -306 -217 -103 0
-547 -367 182 -112 -305 -103 -6 -306 -20 -259 -166 -297 0
-367 182 -297 -103 -20 -112 -305 -6 -306 -259 -166 0
-6 -297 -103 -112 -20 -340 -305 -306 -259 -166 -178 0
-368 -367 -259 -20 -112 -549 0
368 -549 -20 -340 -103 -526 -284 0
-297 -112 -305 -306 -217 -103 -284 -20 -178 0
-112 -305 -103 -284 -306 -217 -20 -178 0
-182 -297 -20 -166 -415 -284 -244 -340 -305 -306 -217 -103 -367 0
-398 -140 -284 -221 -178 -208 -362 -408 -306 -307 -103 -217 -138 -545 -305 -23 -191 -20 -367 0
-297 -367 -306 -217 -103 -178 -284 -305 -20 0
-367 -305 -178 -20 -103 -306 -217 -284 0
-6 -297 -549 -20 -237 -370 -531 0
-305 -20 -284 -217 -103 -178 -306 0
-182 -579 -217 -6 -20 -178 -284 -549 -65 -359 -341 -24 -367 -297 0
104 -549 -20 -367 -297 -217 -6 -178 -284 -65 -359 0
-549 -6 -217 -178 -20 -284 -367 -297 -306 -103 0
-182 -183 -297 -20 -367 -217 -284 0
-370 -6 -20 -297 -547 -371 0
568 -255 -171 0
285 -212 -280 -568 0
-212 -206 -16 -98 -28 -420 -15 -574 -440 -584 -486 -140 -284 -280 -568 0
236 -98 -161 -584 -140 -284 -7 -432 -408 -178 -43 -307 -208 -168 -574 -163 -16 -28 -420 -15 -440 -486 -568 -201 0
318 -276 -279 -98 -161 -551 -482 0
-546 -3 -318 -48 -163 -300 -168 -544 0
285 -432 -404 -420 -307 -178 -501 -163 -168 -544 -279 -98 -161 -28 -95 -16 -201 -568 -574 -451 -208 -7 -584 -140 0
113 -15 -356 -16 -584 -486 -140 -284 -404 -420 -307 -178 -163 -168 -544 -161 -95 -574 -451 -7 -235 -43 -440 -361 -426 -529 -6 -192 -578 -412 -261 -246 0
340 -246 -574 -529 -416 -261 -178 -114 -356 -584 -140 -284 -404 -420 -307 -163 -168 -544 -161 -95 -451 -235 -43 -440 -361 -426 -6 -192 -578 -412 -473 -527 0
112 -209 -574 -529 -416 -246 0
-209 -187 -43 -434 -426 -529 -6 -192 -578 -412 -261 -246 -114 -574 -416 0
105 -434 -514 -168 -284 -574 -178 -43 -163 -529 -6 -192 -412 -261 -114 -416 -354 -140 -307 -544 -161 -95 -451 -235 -440 -361 -473 -527 -306 -359 -217 0
244 -255 -527 472 -202 -434 -451 -7 -419 -178 -212 -568 -440 -284 -455 -388 -565 -373 -361 -424 -579 -65 0
-417 -405 -95 -379 -359 -306 -527 -202 -434 -451 -419 -178 -440 -284 -455 -361 -579 -65 -85 -163 -192 -168 -341 -412 -261 -307 -114 -6 -473 -416 0
-246 -7 -178 -261 -574 -529 -416 -114 -244 0
-7 -390 -361 -412 -192 -85 -405 -473 -527 -341 -466 -95 -178 -379 -208 -359 -574 -65 -306 -261 -529 -416 -114 -244 0
-398 -514 -168 -361 -412 -178 -574 -306 -261 -529 -416 -202 -451 -284 -163 -307 -6 -423 -217 -103 -43 -140 -235 -23 -397 -20 -367 0
96 -271 -184 0
-6 -297 -103 -217 -178 -284 -367 -306 -20 0
547 -244 -574 -112 -20 -261 0
369 -473 -527 0
368 -297 -103 -20 -549 -284 0
-297 -367 -284 -217 -20 -103 -178 -306 0
-244 -516 -371 -168 -284 -178 -208 -261 -574 -114 -246 -529 -416 0
-412 340 -574 -529 -416 -178 -584 -114 -246 -140 -284 -404 -420 -261 -307 -168 -544 -161 -95 -451 -235 -43 -440 -356 -426 -6 -192 -578 -473 -527 -371 -413 0
412 -142 -420 -147 -501 -584 -284 -178 -206 -140 -468 -450 -202 -434 -404 -451 -7 -574 -43 -264 -208 -390 -431 -86 -407 -371 0
-529 -367 -306 -284 -217 -103 -20 -178 0
372 -329 -527 -367 -342 -140 -82 -584 -206 -404 -472 -143 -382 -420 -178 -395 -501 -146 -406 -168 -412 0
-473 -395 -501 -420 -264 -329 -404 -382 -406 -25 -137 -82 -191 -342 -397 -527 -367 -472 0
473 -140 -284 -527 -584 -95 -367 -16 0
245 -473 -420 -264 -501 -404 -329 -406 -395 -137 -82 -342 -397 -527 -367 -472 -209 -261 -574 -114 0
414 -329 -434 -395 -86 -468 -565 -373 -95 -426 -406 -137 0
-140 -7 -450 -404 -420 -178 -501 -371 -95 -426 -137 -261 -246 -264 -82 -342 -397 -527 -367 -472 -574 -468 -284 -584 -16 -309 -4 -547 -415 0
-7 -261 -501 -131 -423 -379 -371 -451 -186 -82 -95 -342 -280 -178 -16 -527 -354 -284 -23 -367 -20 -183 -450 -404 -420 -426 -137 -264 -246 -397 -472 -574 -468 -584 -309 -4 -547 -415 0
-261 -420 -264 -501 -404 -137 -82 -342 -397 -527 -367 -472 -574 -284 -584 -95 -16 -371 -183 -23 -246 -309 -531 -4 -547 -131 -423 -379 -451 -186 -280 -178 -354 -20 -450 -426 -468 -415 0
-367 -20 -284 -178 -306 -217 -103 0
182 -415 -530 -297 0
260 -501 -579 -544 -530 -5 -178 -549 -7 0
575 -95 -297 -530 -45 -453 -178 -7 -579 -544 -549 -419 -440 -369 -23 -399 -181 -113 -244 0
182 -261 -7 -544 -530 -549 -297 0
-6 -417 -549 -261 -182 -20 -178 0
-261 -237 -579 -297 -530 -549 -20 -178 -17 -95 -486 -585 -369 -23 -399 -181 -284 -7 -544 0
-6 -544 -167 -297 -114 -191 -260 -237 -26 -549 -530 -113 -424 -265 -20 -76 -5 0
-20 -103 -178 -217 -284 -306 0
547 -182 -23 -261 -398 -6 0
-182 -6 -360 -306 -368 -575 -236 -178 -398 -296 -284 -23 -548 -261 0
9 -96 -186 -468 -360 -306 -274 -264 -404 -501 -396 -544 -178 -166 0
-255 -171 -570 0
96 -526 -484 -15 -49 -17 0
-531 -8 -342 -360 -306 -404 -178 -166 -584 -284 -387 -86 -368 -191 -131 -398 -308 -236 -578 -533 -113 182 -530 -6 0
-549 182 -306 -342 -360 -261 -368 -178 -420 -284 -387 -398 -236 -578 -296 -404 -584 -6 -423 -548 0
367 -426 -373 -430 -168 -294 -176 -178 -420 -501 -264 -382 -594 -406 -587 -25 -136 -281 -213 -190 -584 -284 -527 -398 -140 0
-4 -373 -527 -398 -368 -342 -168 -294 -176 -178 -420 -190 -584 -284 -575 -360 -306 -245 -236 -578 182 417 -6 0
-473 -527 -368 0
369 -370 -168 -306 -23 -527 -398 0
113 -527 -398 -368 -342 -168 -294 -176 -178 -420 -4 -584 -284 -575 -360 -306 -236 -578 182 417 -6 -261 0
576 -501 -176 -420 -178 -395 -544 -294 -29 -584 -50 -46 -570 -481 -366 -44 -211 -209 0
-546 -274 -416 -296 -4 -578 112 -481 -46 -29 -584 -50 -370 -544 -168 0
-527 -7 -360 -404 -178 -294 -420 -296 -578 -584 -168 -452 -306 -261 -398 -368 -342 -176 -284 -575 -236 182 -6 -23 -531 0
113 -406 -136 -209 -223 -192 -575 -29 -261 -246 0
414 -566 -426 -570 -136 0
-4 -174 -404 -420 -178 -168 -370 -426 -7 -261 -246 -575 -94 -485 -584 -284 -398 -368 -236 -578 -473 182 417 -6 0
260 -433 -393 -160 -176 -178 -14 -420 -356 -274 -46 -544 -168 -294 -267 -452 -192 -7 0
545 -413 -205 -137 -468 -330 -236 -186 -420 -296 -501 -307 -147 0
367 -390 -420 -178 -370 -307 -236 -296 -7 -168 -208 -294 -578 -575 -246 -114 -261 -393 -160 -176 -14 -356 -452 -94 -485 -77 -23 -584 -284 -398 -140 0
-7 -531 -547 -575 -6 -178 -284 -398 -368 -420 -236 -296 -168 -294 -578 -261 -176 -356 -452 -23 -584 182 -404 -360 -306 -342 0
-531 -6 -178 -420 -44 -575 -584 -284 -360 -306 -236 -578 -176 -368 -23 182 -398 -294 -452 -342 -261 -168 -547 -296 -356 -404 0
-527 -367 -584 -284 -140 -96 -306 -168 -23 -398 -368 0
-367 -275 -584 -284 -140 -168 -23 -398 -368 -184 -306 0
-66 -360 -306 0
-6 -501 -584 -284 -367 -168 -23 -398 -368 -140 -306 -296 -575 -178 -420 -236 -578 -176 -356 -452 -404 -360 -342 -387 -423 -548 0
-501 -140 -44 -548 -584 -284 -367 -168 -23 -398 -368 -423 -306 -296 -575 -178 -420 -236 -578 -176 -356 -452 -404 -360 -342 -387 0
-140 -367 -548 -236 -168 -578 -44 -584 -284 -296 -23 -398 -368 -423 -306 -575 -178 -420 -176 -356 -452 -404 -360 -342 -387 0
-367 -168 -306 -368 -575 -236 -178 -398 -296 -284 -23 -548 -360 -578 -44 -584 -423 -420 -176 -356 -452 -404 -342 -387 0
531 182 -114 -578 -246 0
-261 -6 -420 -44 -575 -584 -284 -360 -306 -236 -578 -176 -368 -23 182 -398 -452 -342 -178 -168 -296 -356 -404 -387 -423 -548 0
372 -483 -274 -44 -278 -209 -375 -575 -426 -211 -362 -163 0
-6 -274 -211 -306 -44 -575 -49 -484 -280 -452 -342 -236 -578 182 -168 -548 -420 -584 -284 -360 -176 -368 -23 -398 -178 -296 -356 -404 -387 -423 0
-140 -168 -368 -342 -548 -306 -44 -575 -452 -236 -578 -420 -584 -284 -360 -176 -23 -398 -178 -296 -356 -404 -387 -423 0
-168 -342 -368 -548 -296 -306 -44 -575 -452 -236 -578 -420 -584 -284 -360 -176 -23 -398 -178 -356 -404 -387 -423 0
-261 -6 -23 -398 -306 -342 -360 -368 -178 -420 -284 -387 -236 -578 -296 -404 -584 -549 -423 -548 0
-417 -114 -246 -578 -416 -6 0
369 -472 -354 -342 -398 0
180 112 -86 -370 -274 -44 -278 -209 -375 -575 -426 -211 -362 -163 -264 -546 -296 -4 -578 -416 -570 -146 0
-113 -278 -44 -375 -575 -362 -163 -452 -342 -360 -306 -404 -178 -584 -284 -387 -368 -166 -398 -86 -236 -578 182 -131 -6 -9 -546 -296 -4 -114 0
576 -430 -222 -404 -264 -501 -406 -274 -468 -186 -96 -306 -370 -366 -163 -211 -209 0
-6 -299 -584 -452 -342 -9 -178 -44 -575 -222 -404 -306 -284 -368 -398 -387 -516 -546 -236 -578 -23 -360 -420 -296 -549 -423 -548 0
183 -309 -546 -296 -23 0
-103 -217 -178 -306 -284 0
-360 -182 -578 -6 -306 -368 -575 -236 -178 -398 -296 -284 -23 -472 -342 -353 0
-367 -168 -296 -547 -236 -182 -306 -23 -527 -398 -368 0
367 -547 -182 -23 -398 0
-547 -182 -236 -296 -306 -23 -527 -398 -368 0
-182 -500 -6 -178 -575 -578 -284 -8 -23 -398 -236 -296 -306 -527 -368 0
-367 -380 -296 -236 -306 -168 -23 -527 -398 -342 -584 -284 -140 -368 0
-360 -547 -178 -420 -575 -584 -284 -217 -306 -236 -578 -368 -23 -398 -342 -6 -296 -404 0
-547 -420 -236 -296 -306 -178 -6 -575 -584 -284 -217 -578 -368 -23 -398 -342 -404 0
369 -545 -178 419 -530 -578 -296 -284 -515 -236 -140 -168 -306 -23 -527 -398 0
-168 -259 -284 -404 -306 -209 -575 -549 -6 -178 419 -578 -236 -296 -308 -23 -584 -398 -368 182 -340 -527 -166 0
295 -395 -178 419 -546 -516 -578 -371 -530 -236 0
369 419 -6 -296 -178 -578 -546 -516 -236 -306 -284 -340 -368 -358 -398 -140 -342 0
574 -246 -46 -299 -584 -50 -44 -483 -209 0
-531 -96 -306 -64 -211 -404 -222 -274 -370 -163 -209 -575 -46 -299 -584 -50 -44 -483 -280 -308 -236 -578 -530 182 -6 0
-420 -236 -578 -306 -404 -584 -575 -6 -23 -284 -398 -368 -296 -178 -342 -217 0
-182 -441 -306 -353 -236 -398 -296 -284 -23 -6 -527 -368 -578 -575 -178 -342 0
166 -222 -330 -430 -178 -404 -8 0
549 -96 -186 -406 -306 -570 -136 -358 -64 -114 -246 -209 -192 -575 -30 -300 -293 0
-360 -274 -501 -147 -178 -186 -209 -96 -575 -306 -404 -222 -406 -468 -430 -370 -366 -163 -211 -358 0
-168 -246 -575 -306 -441 -501 -178 -186 -209 -404 -406 -468 -430 -370 -358 -544 -330 -8 -281 -584 -284 -398 -368 182 -340 -23 -527 0
-360 -531 -306 -299 -404 -483 -575 -222 -584 -44 -163 -236 -578 -530 182 -6 -17 -284 -474 -368 -472 -342 -398 -358 0
397 -246 -66 -114 -340 -368 -358 0
-531 -236 -404 -575 -584 -306 -578 182 -6 -284 -368 -398 -340 -358 -342 -19 -441 -501 -178 -330 -23 0
-305 -172 -466 -184 -404 -330 -178 -584 -284 -209 -140 -575 -368 -244 -527 -359 -306 0
-66 -275 -284 -184 -140 -584 -527 -368 -398 -353 -466 -404 -330 -178 -209 -575 -244 -306 -83 0
-236 -342 -6 -578 -284 -584 -368 -404 -178 -575 -306 -296 -398 -23 -217 0
-20 -368 -398 0
531 -22 -418 -404 -6 -217 -548 -178 -182 -578 -296 0
397 -182 -66 -340 -368 -358 -530 -6 -418 -404 -217 -548 -178 -578 -296 0
-182 -66 -530 -217 -404 -6 -178 -578 -284 -584 -368 -306 -398 -474 -296 0
-531 -66 -578 397 -340 -368 -358 -530 -6 0
-66 -527 -578 -284 -404 -306 -6 -209 -296 -584 -398 -368 -178 -217 0
-527 -209 -217 -404 -6 -178 -578 -284 -584 -368 -306 -398 -296 0
181 -24 -296 -217 0
-530 -263 -418 -439 -211 -209 -575 -29 -280 -42 -245 -236 -578 -6 182 -531 0
-66 -9 -578 -178 -209 -439 -6 -94 -485 -584 -284 -296 -217 -528 -368 -398 -64 -306 0
181 -182 -306 -368 -178 -398 -296 -284 -360 -6 -217 0
-182 -528 -368 -398 -404 -6 -217 -178 -578 -296 -306 -284 -360 0
419 -163 -95 -406 -412 -570 -370 -366 -468 -264 -211 -501 -439 0
545 -166 -481 -404 -452 -9 -178 -412 -209 -370 -575 -211 -439 -418 -95 -406 -570 -366 -468 -264 -501 -522 -221 -46 0
-166 -412 -522 -178 -404 -209 -370 -575 -211 -46 -439 -481 -418 -95 -406 -570 -366 -468 -264 -501 -452 -9 -544 -221 0
112 -522 -9 -548 -178 -404 -209 -370 -575 -211 -46 -439 -481 -418 -95 -406 -570 -366 -468 -264 -501 -452 -544 -221 0
-530 -531 -178 -404 -370 -439 -418 -264 -9 -246 -94 -485 -14 -584 -284 -398 -391 -368 -578 -473 -6 182 -209 0
-531 -246 -418 -284 -368 -398 -178 -9 -421 -209 -404 -370 -439 -264 -94 -485 -14 -584 -391 -578 -473 -6 182 0
-209 -404 -284 -368 -578 -296 -398 -178 -584 -6 -217 -306 0
244 -246 -307 -178 -370 367 -236 -296 -390 -208 -168 -294 -578 -575 -439 -114 -261 -393 -160 -176 -14 -452 -94 -485 -77 -23 -584 -284 -398 -140 -217 -211 0
295 -412 -370 -236 -407 96 0
200 -73 -208 -168 -284 -178 -244 -261 -529 -114 -246 -516 -416 -241 -171 -426 -136 -109 -280 -49 -526 96 -484 0
-246 -501 -404 -26 -236 -14 -274 -147 -287 -330 -578 -208 -168 -284 -178 -261 -529 -114 -416 -280 -49 -484 -131 -217 -296 -46 -390 -307 -294 -86 -9 -393 -84 -305 -306 367 -575 -176 -452 -485 -77 -23 -584 -398 -140 -211 0
-501 -86 -404 -267 -294 -46 -14 -307 -217 -296 -274 -147 -380 -578 -306 -26 -236 -287 -330 -208 -168 -284 -178 -261 -529 -114 -416 -280 -49 -484 -131 -390 -9 -393 -84 -305 367 -575 -176 -452 -485 -77 -23 -584 -398 -140 -211 0
-404 -368 -296 -578 -584 -284 -398 -306 -217 -178 -6 0
369 -94 -49 -17 -284 -181 -526 -139 0
183 -114 -548 -578 -246 -6 0
-370 -246 -281 -284 -529 -139 -181 -578 -421 -6 -113 -398 -368 -49 -17 -306 -372 -138 0
147 -521 -116 -80 -143 0
-182 -498 -466 -329 -178 -116 -80 -143 -17 -95 -597 -184 -431 -527 -307 -368 -6 -412 -398 -578 -246 -181 0
-246 -218 -578 -398 -297 -466 -329 -178 -116 -80 -17 -184 -431 -307 -368 -6 -181 -449 -529 -358 -306 -281 -284 -139 -421 -49 -372 -138 -244 0
183 -184 -381 -306 -418 -499 -116 -46 -452 -114 -178 -44 -208 -6 -281 -548 -284 0
95 -138 -192 -307 -6 -421 -208 -297 182 -381 -288 -368 -193 -587 -484 -184 -49 0
94 -368 -398 -139 182 -340 -24 -66 -306 -17 0
-368 -6 -398 -306 -284 -178 -578 -584 -296 -217 0
-114 -246 -306 -527 -473 -358 -530 -112 182 -578 0
-246 -404 -178 -418 -306 -352 -340 -20 547 -112 -527 -237 -578 -473 -296 -190 -6 -358 182 0
271 -303 -385 -109 -131 -418 -421 -499 -381 -276 0
328 -466 -448 -172 -404 0
-6 -584 -306 -296 -578 -217 -398 -284 -178 0
-412 -407 -94 -236 295 -370 0
244 -330 -115 -249 -147 -418 -439 -211 -578 -575 0
245 -330 -505 -217 -431 -368 -24 -362 -340 -526 -398 -425 -112 -64 0
500 -164 -211 -515 -439 -545 -418 -147 0
-182 -210 -578 -306 -217 -178 -398 -417 -531 -309 -296 -284 -549 0
-271 -87 -112 -142 -284 -213 -259 -178 -501 419 -544 -9 -166 -221 -525 -365 -69 -280 -18 -201 -236 -274 -296 96 0
296 -340 -354 367 -66 -246 -578 -217 0
-66 -114 -182 -306 -178 -398 -284 -246 -578 0
-6 -296 -246 -178 -501 -306 -398 -114 -284 -182 -418 -578 0
-296 -114 -578 -306 -178 -398 -284 -246 -501 -182 -418 0
-217 -395 -329 -418 -264 -501 -578 -423 -218 -178 -306 -284 0
181 -114 -306 -185 -398 -182 -264 -354 -501 -178 -530 -418 -578 -218 -284 0
-114 -418 -178 -501 -306 -398 -578 -284 -246 -182 0
-296 -217 -182 -306 -178 -398 -578 -417 -284 0
307 -240 -138 -499 420 -414 -236 -209 -166 -410 -545 -407 0
-66 -138 -146 -414 -419 245 -185 -306 -579 -545 -308 -405 -499 420 -236 -209 -166 -256 -65 0
547 -49 369 -284 -414 -236 -421 -306 -358 -263 -146 -419 245 -185 -579 -545 -308 -405 -499 420 -65 -314 -275 -190 -261 -182 -6 0
-217 -418 -306 -501 -578 -178 -284 -182 -246 -398 0
-418 -501 -398 -306 -578 -182 -178 -284 -246 0
297 -261 -398 -209 -406 -246 -368 -114 -354 -342 -384 -115 -306 -51 -207 -271 -184 0
417 -201 -457 -306 -51 -182 -398 -354 -342 -531 -295 -246 -207 -468 -450 -403 -328 -275 -178 -284 0
208 -594 -155 -201 -280 -171 -412 -370 -163 -211 -575 0
Solved
