569 -512 -268 -166 -541 -156 -421 -319 -217 -193 0
572 -448 -349 -226 -334 -166 -541 -421 -319 -217 -193 -268 -529 -274 -223 -175 0
543 -52 -217 -421 -166 0
-52 -166 -421 -217 -541 0
574 -319 -349 -226 -334 -166 -541 -421 -573 -217 -193 -268 -223 -175 0
183 -59 -155 0
-319 -320 -575 -349 -226 -334 -166 -541 -421 -573 -217 -193 -268 -223 -175 0
513 -341 -382 -534 -110 -33 -349 -464 -139 -28 -575 -366 -226 -334 -166 -541 -421 -217 -193 -268 -223 -175 -155 -126 0
-320 -319 -193 -575 -223 -175 -570 -349 -226 -334 -166 -541 -421 -217 -268 0
125 -326 -169 -291 -85 0
576 -158 -341 -446 -28 -382 -349 -201 -68 -33 -155 -291 -182 -126 -169 -85 -464 -139 0
-319 -341 -349 -446 -223 -450 -226 -334 -166 -541 -421 -217 -193 -268 -175 -575 -28 -382 -201 -33 -155 -126 -169 -464 -139 -373 -570 0
219 -28 -190 -382 -91 -110 -349 -139 -169 -575 -223 -226 -334 -166 -541 -421 -217 -193 -268 -175 0
574 -319 -569 -193 -268 -156 -223 -175 -349 -226 -334 -166 -541 -421 -217 0
350 -483 -158 -28 0
-155 -41 -342 -349 -158 -28 -223 -205 -497 -437 -187 -91 -110 -326 -573 -226 -511 -291 -268 -125 -182 -68 -156 0
128 -435 -110 -377 -100 -232 -187 -531 -326 -447 -291 0
181 -129 -488 -110 -437 -531 -187 -353 -326 -68 -439 -377 -100 -232 -291 -450 -511 -363 -226 -268 -32 -125 -59 0
-129 -68 -488 -235 -439 -142 -291 -32 -125 -59 -182 -110 -437 -531 -187 -353 -326 -377 -100 -232 -450 -511 -363 -226 -268 0
-319 -28 -349 -488 -439 -32 -125 -110 -226 -268 -223 -342 -497 -91 -156 -569 -373 -193 -139 -575 -175 -334 -166 -541 -421 -217 0
127 -172 -229 -82 -110 -342 -533 -15 -382 -510 -379 -91 -447 -326 0
60 -232 -187 -91 -15 -531 -326 -169 -129 -229 -110 -342 -533 -382 -510 -373 -450 -334 -226 -71 -68 -511 -156 -268 -181 0
13 -266 -169 -117 -381 -345 0
577 -497 -349 -91 -110 -226 -268 -169 -382 -139 -575 -488 -175 -541 -421 -217 -190 0
-166 -508 -30 -516 -577 -110 -541 -534 -421 -217 -124 -189 -169 -326 -291 0
-155 -59 -182 -156 0
-166 -512 -446 -30 -516 -577 -110 -541 -534 -421 -217 -124 -189 -169 -326 -291 0
218 -117 -169 -446 -381 -15 -342 -30 -516 -577 -110 -541 -534 -421 -217 -124 -189 -326 -291 -201 -226 0
69 -182 -381 -446 -15 -342 -421 -217 -541 -169 -226 -326 -291 -124 -30 -516 -577 -110 -534 -189 -201 0
-166 -124 -226 -169 -326 -291 -446 -30 -516 -577 -110 -541 -534 -421 -217 -189 0
126 -511 -52 -226 -217 0
-511 -52 -226 -217 -124 0
125 -242 -1 -421 -68 -226 -217 -381 -446 -15 -342 -541 -169 -326 -291 -124 -30 -516 -577 -110 -534 -189 -201 0
128 -291 -217 -1 -421 -226 -541 -169 -326 -110 -577 -382 -91 -349 0
-511 126 -169 -446 -128 -226 -217 0
126 -446 -349 -169 -110 -382 -139 -91 -326 -291 -128 -497 -421 -217 -541 -226 0
58 -223 -577 -439 -156 -32 0
228 -340 -577 -110 -473 -382 -139 -91 -374 -326 -128 -421 -169 -217 -85 -1 -268 -52 -511 0
-52 -511 -139 -575 -497 -374 -181 -349 -326 -421 -169 -128 -217 -85 -446 -268 -473 -226 -577 -110 -382 -91 -1 -541 0
219 -302 -139 -473 -575 -497 -123 -374 -181 -59 -421 0
513 -166 -577 -374 -541 -421 -217 -139 -473 -575 -497 -181 -349 -326 -169 -128 -446 -268 0
58 -436 -349 -49 -497 -342 -545 -473 -118 -400 -201 -117 -345 -397 -330 -102 -282 -207 -378 -381 -169 -85 -181 -429 -156 -577 -223 -32 0
341 -282 -207 -102 -378 -123 -497 -545 -473 -450 -41 -231 -32 -440 -429 -242 -81 -349 -4 -13 0
14 -389 -49 -260 -502 -262 -330 -102 -282 -207 -545 -473 -378 -400 -201 -123 -117 -381 -345 0
472 -436 -545 -118 -450 -305 -184 -345 -266 -231 -117 -239 -201 -41 0
447 -545 -473 -497 -450 -239 -201 -349 -49 -262 -400 -348 -342 -32 -440 -429 -81 -4 -169 -181 -156 -60 -397 -85 -577 -224 -147 -572 -110 -533 -67 -382 -187 -139 -91 -326 -128 0
218 -450 -575 -139 -349 -326 -128 -446 -473 -497 -201 -49 -400 -348 -429 -4 -169 -181 -60 -85 -577 -147 -572 -110 -382 -187 -91 -166 -374 -541 -421 0
15 -201 -473 -155 -225 -572 -464 -139 -570 -575 -195 -321 -366 -30 -81 -349 -4 0
127 -464 -473 -201 -575 -225 -15 -155 -341 -382 -139 -91 -446 -326 0
-511 -181 -575 -139 -473 -497 -374 -421 -349 -326 -169 -128 -382 -91 -446 -577 -541 -217 -49 -400 -85 -110 -268 -226 -1 0
13 -534 -110 -571 -217 -52 -85 -169 -381 -117 -345 0
33 -440 -268 -428 -58 0
154 -117 -345 -201 -473 -119 -41 -174 -231 -32 -268 -428 -577 -224 0
-446 -125 -190 -268 -577 -110 -541 -421 -169 -217 -1 -349 -382 -139 -91 -326 -575 -497 -291 -226 0
343 -15 -268 -488 -217 -421 -530 -575 -226 -512 -541 -382 -91 -139 -326 -473 -128 -201 -349 -117 -169 0
219 -154 -139 -473 -575 -497 -123 -374 -302 -421 -125 0
67 -15 -541 -421 -217 -139 -473 -575 -497 -125 -577 -291 -349 -326 -169 -128 0
340 -41 -268 -32 -169 -473 -117 -201 -226 -577 -512 -189 -167 -421 -217 -541 0
54 -573 -512 -4 0
351 -533 -110 -447 -15 -382 -91 -326 -32 -268 -473 -117 -365 -201 -226 -577 -512 -167 -53 -169 -421 -217 -541 -139 -128 0
383 -67 -128 -117 -326 -201 -91 0
129 -342 -125 -226 -512 -201 -15 -117 -349 -326 -169 -67 0
-511 -87 -52 -226 -217 -512 0
54 -4 -110 -217 -512 -534 0
-52 -534 -217 -110 -512 -125 -169 -381 -15 -342 -421 -541 0
340 -41 -268 -169 -473 -117 -201 -226 -577 -512 -189 -421 -217 -541 -463 -575 -449 -172 -304 -347 0
-15 -117 -217 -421 -169 -577 -541 -473 -268 -201 -226 -512 -575 -110 -125 -139 -326 -128 -349 -382 -91 -497 -291 0
170 -373 -438 -291 -68 -204 -128 -378 -326 -123 -125 -381 -87 0
218 -242 -201 -473 -345 -268 -577 -117 -83 -123 -438 -482 -139 -326 -291 -204 -68 -266 -128 -169 -125 -381 -110 -217 -512 -534 -421 -52 0
-52 -381 -326 -482 -169 -1 -125 -217 -201 -473 -345 -268 -577 -117 -123 -438 -139 -291 -204 -68 -266 -128 -110 -512 -421 -91 -382 -342 -541 0
171 -4 -102 -378 -282 -497 -207 -473 -450 -41 -231 -32 -440 -545 -349 -123 -13 -342 -268 -169 -117 -201 -226 -577 -512 -167 -421 -217 -541 -91 -428 -326 -68 -266 -128 0
-117 -201 -125 -291 -326 -169 -497 -473 -349 -268 -577 -226 -512 -421 -217 -541 -91 -139 -575 -110 -1 -382 -344 0
325 -380 -349 -13 -128 0
327 -69 -139 -128 0
117 -344 -128 -349 -326 -139 -169 0
325 -125 -575 -497 -421 -139 -541 -217 -91 -577 -291 -349 -326 -169 -382 -190 -268 -226 -110 -1 0
-125 -291 -326 -169 -497 -349 -268 -577 -226 -421 -217 -541 -91 -139 -575 -110 -1 -382 -190 0
-291 -326 -169 -497 -349 -268 -577 -226 -421 -217 -541 -91 -139 -575 -110 -1 -382 -190 0
200 -512 -217 -110 -15 -421 -169 -381 -541 -4 -267 -68 -382 -226 -117 0
-512 -201 -30 -158 -575 -68 -268 -226 -203 -122 -497 -446 -303 -267 -169 -381 13 -117 -474 -577 -217 -110 -15 -421 -541 -382 0
115 -60 -158 -217 -421 -375 -267 -68 0
-201 -117 -575 -375 -68 -203 -122 -497 -303 -446 -474 -267 -169 -381 13 -577 -158 -217 -421 -268 -30 -226 -110 -15 -541 -382 0
-52 -435 -187 -512 -226 -217 -87 -53 0
201 -187 -421 -268 -577 -541 -217 -226 -87 -575 -83 -340 -91 -126 -382 0
53 -375 -421 -79 -217 -4 0
219 -334 -577 -375 -541 -421 -53 0
-326 -577 -217 -421 -541 -575 -497 -169 -268 -226 -110 -382 -91 -349 -139 -1 -190 0
218 -154 -448 -541 -463 -42 -226 -421 -124 0
67 -512 -175 -421 -217 -541 -571 -341 -110 -226 -533 -448 -463 -42 -324 -349 -290 -128 0
354 -202 -224 -378 -329 -282 0
124 -54 -169 -116 -512 -200 -226 -155 -448 -224 -338 -329 -353 -378 -282 -319 -373 -128 -290 0
219 -80 -482 -349 -341 -421 -217 -541 -512 -448 -226 -169 -116 -200 -155 -353 -319 -128 -290 -274 -175 -571 -110 -533 0
-52 -223 -577 -512 -365 -319 -349 -373 -482 -80 -1 -341 -53 -421 -217 -541 0
-512 -448 -268 -226 -577 -319 -349 -482 -1 -341 -421 -217 -541 -42 -463 -169 -200 -128 -290 -274 -175 -571 -110 -533 -69 -324 0
581 -541 -421 -217 -175 -169 -226 -268 -349 -1 -382 -139 -91 -190 0
-511 -326 -349 -128 -421 53 -217 -79 -373 -576 -155 -169 -571 -268 -226 -52 -512 0
-13 -326 -128 -349 -169 -481 -14 0
127 -110 -52 -217 -342 -169 -15 -512 -534 -421 -541 -326 -291 0
-110 -52 -349 -128 -577 -217 -169 -512 -534 -421 -541 -366 -576 53 -84 -91 -382 -111 0
-326 -69 -128 -349 -139 -169 -266 -155 -447 -33 -366 -268 -576 -512 -515 -572 -373 -536 -5 -482 -291 -188 -380 -327 0
129 -5 -572 -340 -226 -217 -52 -382 -91 -128 -349 -139 -169 -155 -33 -366 -268 -576 -512 -373 -536 -188 0
513 327 -128 -594 -161 -421 -323 -217 -445 -52 0
593 -421 -217 0
325 -13 -349 -169 -326 -128 0
594 -421 -217 0
14 -176 -282 -110 -433 -445 -234 -531 -575 -226 -372 -545 -117 -267 -125 -155 -156 -75 -83 -381 -340 0
574 -545 -117 -267 -125 -372 -155 -156 -450 -321 0
320 -142 -302 -473 -41 -582 -239 -110 -229 -174 -450 -372 -545 -146 -117 -268 -267 -125 -155 -156 0
-573 -516 -505 -52 -53 -217 -512 -569 -321 -41 -239 -117 -267 -155 -156 -575 -349 -128 -169 -326 -13 -75 -340 -428 -32 -577 -81 0
-155 -533 -13 -340 -354 -569 -321 -577 -575 -505 -52 -53 -217 -512 -41 -239 -117 -156 -349 -128 -169 -326 -32 -81 -554 -521 -71 0
342 -450 -59 -169 -182 -87 -584 -125 -226 -117 -83 0
440 -362 -224 -577 -370 0
576 -83 -437 -41 -239 -110 -169 -87 -224 -577 -226 -268 -182 -59 -365 -32 -158 -569 -349 -128 -326 -13 -340 -584 -117 0
170 -142 -354 -110 -437 -229 -569 -174 -38 -224 -194 -521 -577 -241 -71 -439 -250 -554 -428 -87 0
225 -258 -274 -176 -339 -344 -445 -529 0
570 -535 -328 -437 -280 -354 -205 -142 0
281 -262 -259 -161 -323 -205 -100 0
109 -516 -437 -259 -354 -163 -328 -280 -161 -323 -205 -336 -577 -194 -569 -142 0
-124 -119 -437 -354 -110 -163 -336 -577 -194 -224 -274 -176 -529 -169 -521 -71 -554 -87 -349 -340 -128 -326 -13 -83 -268 -448 -59 -239 -226 -182 -154 -541 -463 -421 218 0
-573 -194 -224 -577 -185 -349 -128 -169 -326 -13 -158 -117 -59 -182 -437 -354 -110 -336 -521 -71 -554 -340 -239 -154 -541 -421 218 -575 -41 -365 -584 -81 -512 54 0
-14 -84 -340 -128 -349 -169 -326 -13 0
126 -437 109 -354 -328 -280 -205 -336 -577 -194 -569 -340 -6 -128 -349 -169 -326 -13 -87 -268 -32 -448 -59 -226 -182 0
320 -110 -397 -59 -169 -182 -584 -117 -340 -128 -349 -326 -13 -354 -336 -577 -575 -224 -41 -185 -521 -71 -554 -239 -154 -541 -421 218 -365 -81 -512 54 0
-110 -224 -584 -354 -41 -239 -397 -349 -117 -13 -340 -59 -169 -182 -81 -512 54 -575 -321 -128 -326 -336 -577 -185 -521 -71 -554 -154 -541 -421 218 -365 0
-14 -182 -59 -226 -32 -448 -158 -340 -128 -349 -169 -326 -13 0
183 -53 -52 -217 -512 -304 -536 -174 -437 -230 -498 -32 -121 -59 0
423 -541 -217 -512 -52 -421 -169 -128 -326 -13 0
225 -110 -377 -142 -523 -263 -336 -147 -577 -571 0
224 -29 -321 -366 -575 -577 -571 0
228 225 -142 -523 -377 -336 -577 -571 -269 -261 -512 -347 0
-14 -464 -41 -575 -585 -226 -142 -523 -377 -336 -577 -269 -261 -512 -223 -321 -366 -349 -340 -5 -128 -169 -326 -13 0
224 -233 -575 -377 -571 -205 0
-541 -13 -128 -421 -217 -52 -169 -326 -512 0
181 -397 -238 -41 -224 -577 -346 -361 -441 -226 -268 -32 -125 -59 0
223 -571 -381 -345 -238 -117 -575 -71 -553 -169 -157 -125 -41 -224 -577 -226 -342 -166 -512 -217 -52 -374 -421 -156 0
-571 -37 -512 -128 327 -421 -217 -52 -577 -520 -169 -166 -224 -345 -238 -553 -157 -226 -342 0
-14 -224 -512 -128 -421 -217 -577 -169 -52 -226 -326 -13 0
182 -73 -156 -71 0
115 -529 -473 -575 -41 -226 -238 -119 -445 -397 -185 -344 0
183 -87 -169 -266 -125 -59 0
-59 -573 -128 -169 -326 -13 -226 -224 -512 -577 -52 -217 -421 0
-573 -224 -217 -52 -577 -128 -169 -326 -13 -226 -512 -421 0
181 -397 -238 -361 -111 -268 -32 -448 -354 -328 -280 -205 -336 -577 -194 -569 -437 -6 -128 -349 -169 -326 -13 -87 -340 -59 -226 -182 0
-224 -226 -169 -577 -128 -326 -13 -52 -217 -421 -512 0
-226 -577 -217 -512 -52 -421 -169 -128 -326 -13 0
226 -125 -217 -512 -52 0
-182 -83 -564 -200 -439 -323 -93 -384 -347 -473 -341 -584 -169 -87 -125 -226 -117 -449 -575 -119 -354 -163 -330 -176 -282 -207 -13 -28 -569 -268 -349 -364 -193 -483 -321 -156 -183 0
182 -384 -341 -128 -349 -169 -326 -13 -520 -71 -321 -156 0
-124 -13 -169 -512 -128 -326 -421 -52 -217 0
342 -119 -238 -41 -575 -397 -185 -473 -226 115 -445 -83 -13 0
449 -552 -185 -49 -119 -502 -163 -330 -282 -207 -377 -110 -533 -382 -199 -226 0
206 -487 -28 -424 -349 -337 -13 -343 -185 -119 -258 -163 -330 -282 0
-87 183 -202 -28 -13 -49 -238 -41 -575 -473 -445 -564 -81 -439 -512 -117 -223 -169 -354 -125 -381 -156 -421 -71 -217 -166 -553 -52 -85 0
281 -330 -354 -377 -202 -207 0
225 -535 -49 -229 -238 -443 -464 -512 -184 -128 327 -421 -217 -52 -377 0
571 -5 -128 327 -421 -217 -52 -512 -13 0
-182 327 -128 -421 -217 -52 -512 -13 -223 -49 -238 -169 -28 -439 -166 -553 -85 -181 0
-13 -326 -128 -421 -217 -52 -512 -169 0
282 -496 -437 -202 -354 -376 -328 -205 0
183 -280 -205 -160 -328 -139 -128 -326 -575 -379 -512 -4 -169 -52 -87 -125 0
257 -521 -84 -71 -80 -73 -326 -68 -379 -128 -169 0
330 -339 -274 -257 0
-280 -328 -128 -205 -326 -169 -575 -512 -421 -52 -226 -217 -125 -182 -87 0
53 -87 -217 -125 0
223 -575 -205 -326 -169 -328 -512 -421 -52 -226 -217 -125 -128 -87 0
224 -328 -164 -120 -205 -156 0
-328 -205 -326 -128 -169 -512 -421 -52 -226 -217 -125 -87 0
-205 -87 -128 -169 -512 -421 -52 -226 -217 -125 -326 0
-182 -255 -580 -443 -379 -352 -578 -169 -436 -195 -87 -319 -125 -268 -155 -156 0
574 -352 -326 -139 -128 -373 -379 -578 -169 -195 -87 -125 -268 -155 -156 -120 -184 -343 -445 -530 -465 0
-87 -125 -128 -326 -169 -512 -421 -52 -226 -217 0
59 -184 -447 -343 -205 -223 -577 -429 -512 -573 -576 -321 -159 -33 0
-156 -205 -447 -128 -349 -326 -139 -169 -266 -321 -155 -343 -429 -512 -573 -159 -33 -336 -69 0
156 -159 -33 -321 -181 0
59 -397 -343 -512 -447 -223 -573 -510 -577 -576 -366 -194 -321 -159 -33 0
-125 -226 -326 -169 -512 -421 -217 -52 -128 0
154 -205 -119 -165 -224 0
325 -290 -128 0
-290 -326 -128 0
-326 -52 -512 -421 -217 -169 -128 0
225 -571 -576 -205 0
183 -87 -169 -380 -125 -74 0
-87 -156 -125 -128 -205 -169 -223 -421 -217 -52 -512 0
574 -223 -205 -576 0
-87 -223 -421 -52 -125 -128 -205 -169 -217 -512 0
59 -270 -441 -429 -33 0
571 -378 -202 -349 -474 -344 -116 -266 -156 -155 -441 -429 -33 -226 -436 -512 -119 -5 0
60 -262 -474 -128 -52 -217 -169 -512 -421 53 -84 -111 -541 -100 -172 -162 -13 -449 -546 -441 -400 -429 -147 -116 -268 -266 0
224 -541 -324 -449 -429 -320 -181 -474 -128 -52 -217 -169 -512 -421 53 -515 -400 -116 -266 -80 -572 -202 -156 -226 -353 -335 -205 0
-156 -257 -202 -474 -116 -445 -226 -205 -512 -223 -324 -429 -181 -128 -52 -217 -169 -421 53 -515 -400 -266 -80 -353 -335 -555 0
238 -172 -230 -42 0
573 -515 -188 -578 -100 -167 -542 -230 -42 -320 -158 -482 -349 -162 -445 -397 -343 -186 -165 -512 -5 0
-223 -205 -217 -52 -512 -421 -128 -169 -125 0
155 -577 -482 -224 -226 -169 -125 -217 -52 -290 -128 -421 -69 0
513 -570 -205 -280 -577 -328 -320 -257 -440 -576 -343 -429 -571 -445 -268 0
572 -515 -230 -92 -421 53 -217 -42 -397 -226 -343 -169 -512 124 -155 -353 -116 -54 -224 -373 -128 -290 -257 -328 -280 -205 -570 -577 -482 -158 -320 -576 0
281 -186 -120 -343 -163 -257 -328 -177 0
345 -328 282 -437 -202 -205 -122 -320 -158 -233 -482 -529 -349 -445 -13 0
-205 -125 -217 -169 -512 -128 -421 -52 0
281 -328 -223 0
-328 -223 -280 0
171 -122 -503 -382 -584 -246 -543 -421 -464 -173 -42 -377 -472 -125 -342 -290 -380 -128 0
87 -464 -42 -421 -472 -543 -290 -554 -125 0
-576 -246 -503 -421 -128 -169 -181 -344 -115 -167 -205 -512 -217 -353 -226 -436 -120 -574 225 0
240 -32 -370 -172 -440 -304 -58 -428 -363 -397 0
70 -87 -169 -125 -266 -181 -156 -71 0
118 -4 -573 -164 0
343 -226 -100 -545 -440 -436 -164 -503 -128 -512 -167 -169 -344 -421 -217 -181 -205 -353 -574 225 0
-226 -181 -128 -169 -100 -512 -205 -217 -421 -223 -577 -257 -344 -436 -164 -503 -353 -574 225 0
-125 -574 -363 -139 -440 -128 -156 -169 -217 -181 -512 226 0
319 -421 -344 225 -205 -353 -128 -217 -169 -512 -100 -223 -577 -257 -164 -503 0
-181 -226 -144 -537 -183 -128 -169 -100 -512 -205 -217 -421 -223 -577 -257 -344 -32 -164 -503 -353 -574 225 0
126 -290 -169 -128 -85 0
-421 -577 -169 -100 -512 -205 -217 -223 -128 -257 -344 -164 -503 -353 225 -320 0
-290 183 -169 -59 -344 -125 -512 -592 -223 -156 -577 -573 -217 -46 -68 -373 -128 0
53 -460 -436 -260 -265 -537 -323 -169 -189 -217 -125 0
183 -226 -531 -363 -344 -512 -167 -169 -217 -125 -308 -29 -235 -128 -592 -68 -335 -46 -59 -223 -156 -577 -573 -569 -194 -320 0
-226 -125 -169 -128 -217 -592 225 -205 -223 -320 -68 -182 -344 -512 -235 -46 -59 -577 0
-125 -68 -128 -320 -169 -182 -217 -512 -592 225 -205 -223 -344 -235 -46 -59 -577 0
-577 -344 -320 -217 -169 -512 225 -205 -223 -128 -235 -100 -257 -164 -503 -353 0
-52 -183 -205 -320 -226 -217 225 -223 -512 -128 -169 -125 0
-183 -226 -503 -439 -544 -344 -217 -290 -100 -125 -512 -169 -128 -164 -205 -320 225 -223 0
183 -59 -128 -290 -320 -125 -334 0
226 -290 -128 -169 -125 -217 -512 0
-290 -125 -28 -169 -334 -512 -344 -128 -205 -217 -320 -503 -439 -544 -100 -164 225 -223 0
-69 -593 -156 -217 -67 327 -128 0
-421 -349 -28 -344 -554 -185 -381 -156 -183 -320 -374 -141 -47 -593 -422 -217 0
126 -118 -449 -320 -374 -28 -344 -185 -156 -183 -217 -353 -128 -326 -169 -531 -85 -226 -511 0
-183 -226 -169 -320 -326 -128 -344 -217 -125 -374 -353 -28 -512 -164 -205 225 -223 0
-155 -421 -85 -439 -449 -574 -363 -344 -118 -139 -270 -185 -68 183 -156 0
-69 -82 -482 -81 -326 -68 -139 -128 0
-421 -436 -377 -531 -574 -326 -128 -81 -68 -439 -157 -363 -217 -344 -185 183 -156 -226 -512 -573 -164 -205 -169 -125 0
67 -554 -169 -125 -181 -156 -71 -140 -128 0
53 -461 -436 -259 -265 -537 -323 -169 -189 -217 -125 0
-226 -323 -544 -512 -344 -169 -217 -125 -326 -128 -235 -28 -439 -164 -205 -334 -374 -320 -353 225 -223 0
-125 -28 -320 -344 -217 -128 -169 -512 -544 -235 -439 -164 -205 -334 -353 225 -223 -503 -100 0
181 -290 -128 -227 -512 -594 -48 225 -205 -223 -423 -320 0
-421 -364 -28 -227 -380 -512 -344 -574 225 -205 -140 183 -48 -594 -423 -217 0
-344 -217 -512 225 -205 -128 -320 -223 -169 -235 -164 -353 -503 -100 -257 0
-125 -421 -338 -320 -161 -169 -128 -377 -531 -446 -512 -205 -217 -275 0
-576 -446 -512 225 -205 -223 0
-421 -141 -128 -338 -320 -161 -169 -377 -531 -446 -512 -205 -217 -275 0
374 -52 -512 -573 -217 -81 -46 0
-217 -320 -512 -128 -169 -205 -275 -353 225 -223 -235 -164 -503 -100 -257 0
-576 -436 -109 -535 -580 -120 -574 225 -205 0
-290 -158 -195 -320 -109 -535 -120 -574 225 -205 -498 -202 -128 -291 0
187 -459 -161 -435 -323 0
154 -574 -435 -195 -320 -188 225 -205 -128 -291 -233 -144 -447 -31 -344 -183 0
-574 -188 -169 -128 -100 -435 -233 -291 -144 -512 225 -205 -223 -31 -592 -46 -320 -421 -183 -195 -447 -344 0
574 -223 -205 0
227 -344 -337 -185 -211 -552 -161 -457 -377 -538 -451 -109 -473 -229 -41 -173 -450 0
181 -326 -128 -169 -579 -158 -235 -582 -100 -41 -337 -450 -228 -185 -161 -377 -118 -435 -437 -531 -187 -353 -447 -68 -257 -421 -217 -85 -156 0
127 -344 -169 183 -370 -41 -172 -421 -68 -582 -128 -100 -512 -205 -217 -181 -223 -257 -164 -503 -353 225 -437 -326 0
129 -421 -374 -217 -326 -82 -68 -128 -156 0
-421 -582 -169 -128 -100 -512 -205 -217 -223 -257 -164 -503 -353 225 -437 -374 -450 -182 -158 -235 -337 -141 0
127 -334 -579 -158 -483 -351 -68 0
181 -125 -573 -512 -217 -164 -437 -353 -169 -68 -128 -579 -158 -374 -592 -46 -59 0
129 -523 -573 -100 -235 -569 -194 -223 -156 58 -512 -450 -217 -437 -337 -592 -85 -353 -141 -326 -169 -68 0
593 -537 -189 -436 -265 -323 -169 -217 -125 -100 -582 -523 -498 -235 -462 -473 -569 -31 -41 -349 -141 0
-326 -374 -46 -579 -158 -68 -217 -592 -169 -100 -582 -235 -569 -41 -141 -437 -353 -128 -573 -194 -223 -156 -512 -450 -337 -59 -182 -164 0
594 -226 -188 -512 -537 -450 -142 -83 -31 -579 -158 127 -334 -68 -217 0
-125 -498 -377 -474 -462 -263 -235 -142 -217 -592 -188 -512 -537 -450 -83 -579 -158 127 -68 -59 -182 -128 -169 -290 -573 -164 -437 -353 -374 -46 0
228 -230 -498 -474 -582 -117 -303 -240 -15 -185 -541 -573 -164 -120 -166 -54 -512 0
58 -450 -512 -363 -227 -498 -474 -582 -117 -303 -240 -15 -185 -541 -573 -164 -120 -166 -54 -439 -33 0
228 -120 -573 -174 -512 -498 -474 -582 -117 -303 -240 -15 -185 -541 -164 -166 -54 0
-217 -164 -512 -169 -235 -128 -353 -100 -223 -205 -257 -503 225 -275 0
67 -291 -266 -124 -169 -128 -100 -144 -512 225 -205 -223 -31 -592 -46 -421 -195 -447 -52 0
-183 -435 -195 -327 -140 -512 225 -205 -223 -31 154 -351 -128 -291 -233 -144 -447 -188 0
343 -371 -441 -579 -335 -373 -46 -401 -398 -116 0
593 -373 -80 -5 -46 -14 -421 -351 0
513 -335 -100 -235 -195 -46 -421 -592 -80 -351 -257 -275 -447 -512 225 -205 -223 -116 -291 -31 -124 -155 -327 -140 -128 -144 -52 0
126 -439 -268 -31 -58 -181 -169 -128 -290 0
129 -312 -235 -100 -52 -31 -124 -169 -128 -195 -164 225 -205 -512 -46 -421 -592 -257 -275 -223 -144 0
-59 -482 -375 -325 -289 -31 -124 -156 -155 0
343 -370 -450 -545 -84 -401 -340 -116 -14 0
373 -227 -573 -231 -40 -512 -363 -445 -399 -345 -401 -67 -542 -441 -579 350 -574 -195 -159 -321 0
343 -80 -531 -445 -509 -573 -227 -312 -512 -324 -371 -269 -161 -363 -14 -579 -335 -373 -46 -401 -441 -116 0
350 -161 -573 -164 -312 -512 -445 -531 -363 -579 -46 -67 -195 -574 -289 -128 -124 -31 -325 -156 -185 -421 -592 0
345 -59 -268 -183 -363 -156 -398 -185 0
58 -183 -156 0
-182 -240 -200 -93 -473 -40 -584 -108 -543 -312 -87 -52 -347 -169 -59 -450 -125 -226 -82 -81 -345 -573 -164 -30 -15 -119 -579 -381 -195 -353 -321 -70 -67 -183 -156 0
-59 -347 -169 -110 -377 -87 -82 -381 -30 -81 -15 -579 -5 -195 -205 -119 -224 -321 -156 -200 -93 -473 -40 -584 -108 -543 -312 -52 -450 -125 -226 -573 -164 -353 -70 -67 -183 -398 -363 -144 -268 -31 -185 0
375 -110 -169 -156 -377 -30 -15 -579 -5 -195 -205 -119 -224 -321 -40 -108 -543 -312 -52 -450 -226 -573 -164 -353 -70 -67 -398 -363 -144 -268 -31 -185 -325 -124 -289 0
511 -31 -67 -30 -195 -374 -169 -15 -205 -224 -108 -543 -312 -52 -164 -353 -398 -144 -325 -124 -289 -140 225 0
290 -188 -325 -161 -435 -459 0
69 -319 -574 -195 -448 -579 -82 -334 -79 0
280 -512 -128 -205 -169 -224 -328 0
228 -125 -86 -512 -219 0
-125 -144 -119 -173 -327 -291 -139 -375 -463 -438 -422 -31 -512 -59 -156 -86 -227 -219 0
570 -31 -422 -291 -119 -173 -327 -139 -463 -438 -375 -512 -59 -156 -86 -227 0
-52 -323 -161 -447 -529 -512 -187 -227 -54 -217 -125 0
568 -227 -512 -86 -161 -447 -529 -573 -164 -327 -119 -291 -438 -375 -319 -194 0
449 -119 -182 -59 -422 -512 -139 -463 -156 -569 -161 -529 -573 -164 -319 -194 -335 -128 -68 -169 -353 -257 -339 0
-217 -375 -347 -102 -185 -545 -119 -167 -440 -361 -353 -128 -169 -125 -156 -71 -68 -335 -319 -59 -139 -146 -182 -569 -31 -512 -52 -511 -226 -205 0
-375 -511 -237 -353 -128 -68 -335 -31 -139 -59 -463 -156 -569 -422 -125 -347 -102 -185 -545 -119 -167 -440 -361 -71 -319 -146 -182 -512 -52 -169 -226 -205 0
592 -52 -169 -512 -128 -205 -125 0
-511 -31 -68 -217 -335 -52 -237 -353 -128 -139 -59 -463 -156 -569 -422 -125 -347 -102 -185 -545 -119 -167 -440 -361 -71 -319 -146 -182 -512 -169 -205 0
69 -375 -335 -512 -573 -52 -217 -46 0
374 -334 -59 -217 -156 -128 -31 -125 -46 0
-183 -31 -217 -125 -59 -182 -156 0
-69 -433 -161 -52 -529 -85 -445 -289 -169 -128 -139 -68 0
69 -217 -592 -46 -139 -335 -512 -573 -52 0
-31 -69 -52 -529 -161 -169 -128 -139 -68 -59 -125 -217 -156 -182 -335 -237 -353 -463 -569 -422 -347 -102 -185 -545 -119 -167 -440 -361 -71 -319 -146 -512 -205 0
-217 -52 -125 -182 -440 -59 -529 -161 -169 -128 -139 -68 -156 -335 -237 -353 -463 -569 -422 -102 -185 -545 -119 -167 -361 -71 -319 -146 -512 -205 -573 -228 0
-52 -125 -102 -169 -237 -353 -335 -128 -68 -139 -59 -463 -156 -569 -422 -110 -182 -440 -529 -161 -185 -545 -119 -167 -361 -71 -319 -146 -512 -205 -573 -228 0
-31 -217 -422 -440 -15 -85 -342 -169 -84 -128 -81 -68 -353 -438 -270 -319 -59 -125 -182 -156 0
-125 -319 -353 -335 -68 -128 -169 -182 -59 -422 -440 -84 -156 -119 -512 -167 -5 -573 -164 -102 -237 -139 -463 -569 -110 -529 -161 -185 -545 -361 -71 -146 -205 -228 0
-573 -422 -569 -512 -161 -529 -164 -194 -353 -335 -128 -68 -169 -182 -59 -440 -156 -167 -102 -237 -185 -545 -361 -71 -205 -257 -275 -177 -571 0
-31 -69 -52 -529 -161 -445 -433 -169 -128 -68 -59 -125 -375 -217 -182 -156 -46 0
-69 -125 -268 -182 -440 -59 -52 -529 -161 -445 -433 -169 -128 -68 -217 -156 -46 -335 0
374 183 -117 -445 -59 -169 -125 -529 -52 -576 -6 -217 -128 -81 -46 0
-31 -463 -102 -111 -576 -169 -141 -217 -125 -592 -569 -52 -325 -289 -46 -373 -117 -445 -59 -529 -6 -128 -81 -182 -156 0
-125 -217 -182 -59 -102 -111 -576 -169 -569 -52 -445 -529 -6 -128 -156 -335 -268 -440 -161 -433 -68 -205 -512 0
67 -374 -290 -335 -128 0
-217 -68 -128 -335 -422 -182 -59 -102 -111 -576 -169 -569 -52 -445 -529 -6 -156 -268 -440 -161 -433 -205 -512 0
336 -488 -120 -308 -185 -197 -529 -343 -29 -445 -350 -388 -353 -128 -262 -68 0
334 -576 -319 -140 -374 -68 0
-156 -29 -185 -529 -308 -353 -128 -237 -361 -335 -194 -569 -102 -169 -440 -161 -205 -512 -164 -167 -545 -257 -275 -177 -571 -154 0
67 -374 -217 -569 -72 -194 -74 -320 -592 -169 -335 -69 -128 0
291 -496 -351 -204 -473 -128 0
373 -67 -226 -128 -541 -161 -353 -343 -118 -571 -529 -463 -140 -167 -512 -217 -52 -592 -31 -569 -194 -320 -80 0
-374 -52 -177 -571 -275 -217 -320 -46 -226 -128 -541 -161 -353 -343 -118 -529 -463 -167 -512 -592 -31 -569 -194 -69 -72 -74 -169 -335 0
321 -226 -125 -290 -351 -128 -353 -116 -343 -118 -445 -40 -571 -529 -463 -574 0
-52 -320 -164 -118 -569 -194 -512 -125 -128 -353 -343 -571 -529 -69 -217 -31 -177 -275 -161 -167 -72 -74 -169 -335 -205 0
58 -125 -569 -72 -194 -169 -335 -69 -128 -423 -275 -177 -571 -512 -164 -118 -217 -353 -343 -529 -161 -167 -205 -183 0
13 -116 -343 -445 -266 -529 -169 -574 -381 -512 54 0
373 -13 -128 -340 -169 -351 -325 -291 -80 0
68 -226 -125 -319 -351 -128 -353 -343 -118 -445 -571 -529 -463 -375 -340 -169 -291 -266 -512 54 -73 -72 -141 0
-52 -141 -440 -217 -512 -529 -102 -69 -128 -125 -319 -351 -353 -343 -118 -571 -463 -375 -169 -266 -73 -72 -399 -361 -269 -167 -124 0
-125 -217 -128 -571 -169 -512 -440 -69 -529 -102 -353 -343 -118 -72 -361 -167 -423 -183 -60 -569 -194 -335 -275 -177 -164 -161 -205 0
81 -5 -575 -512 -571 -118 -164 -82 -227 0
-5 -294 -229 -37 -545 -257 -372 -82 -167 -543 -423 -594 -575 -349 -275 -128 -177 -118 -290 -571 -374 -80 -512 -164 -227 0
-217 -545 -571 -512 -257 -167 -423 -275 -128 -177 -118 -164 -29 -69 -335 -440 -194 -569 -60 -183 -169 -529 -102 -353 -343 -72 -361 -161 -205 0
126 -40 -237 -144 -31 -257 -351 -116 -343 -353 -512 -118 -571 -529 -52 -574 -167 -319 -542 -375 -128 -554 -290 -169 0
373 -227 -399 -512 -40 -231 -401 -67 -542 -441 -579 -574 -195 -159 -269 -529 -343 -13 -351 -128 -290 0
-290 -532 -167 -542 -399 -343 -361 -353 -512 -118 -571 -529 -319 -375 -579 -195 -351 -128 -31 -60 -183 -124 -237 -144 -257 -52 -169 -72 -69 -141 0
-573 -144 -529 -361 -377 -440 -31 -60 -183 -312 -323 -169 -473 -128 -72 -326 -464 -141 -69 -52 -512 -275 -164 -177 -118 -571 0
575 -215 -161 -351 -343 -353 -128 -445 -437 -326 -529 -319 -141 0
-579 -161 -353 -128 -529 -512 -361 -377 -169 -275 -164 -177 -571 -237 -257 -569 -102 -205 -185 -308 -154 -577 0
349 -422 -42 -463 -377 -174 -244 -125 53 -529 -503 -445 -290 -169 -340 -128 -15 0
-125 -81 -573 -52 -512 -154 -290 -69 -128 -42 -463 -377 -174 -244 53 -529 -503 -445 -169 -340 -15 -594 -205 0
-217 -373 -195 -319 -512 -573 -52 -81 -569 593 -218 0
129 -174 -42 -541 -463 -195 -319 -512 -573 -52 -81 -569 -218 -594 -15 -161 -102 -110 -377 -233 -529 -343 -445 -290 0
232 -459 -110 -102 -377 0
13 -293 -284 -257 -397 -339 -343 -229 -445 -110 -529 -377 -233 -102 -522 -72 -73 -380 -161 0
-217 59 -92 -441 -227 -361 -448 -82 -343 -340 -15 -257 -339 -445 -110 -529 -377 -233 -102 -72 -73 -380 -161 -541 -195 -423 -569 -512 -573 -52 -81 374 -218 0
120 -343 -441 -361 -448 -594 -257 -339 -445 -110 -529 -377 -102 -72 -161 -195 -569 -512 -573 -52 -154 -290 -69 -128 -42 -463 -319 -503 -169 -205 -168 -5 -185 -164 0
-343 -445 -128 -69 -154 -185 -119 -441 -361 -448 -594 -257 -339 -110 -529 -377 -102 -72 -161 -195 -569 -512 -573 -52 -290 -42 -463 -319 -503 -169 -205 -168 -5 -164 0
186 -319 -290 -353 -336 -128 -69 -154 -119 0
157 -349 -482 -30 0
350 -60 -270 -441 -32 -217 -82 -458 -423 -341 -161 -594 -15 0
-33 -183 -85 -126 -270 -441 -60 -32 0
127 -217 -594 -85 -126 -270 -441 -482 -30 -319 -154 -81 -290 -69 0
52 -69 -154 -81 -319 -195 -569 -441 -290 -169 -128 -594 -30 -512 0
-217 -508 -322 -161 -541 -30 -15 -351 -569 -594 -218 -195 -319 -512 -573 -52 -81 -373 0
-573 -290 -161 -30 -569 -195 -512 -154 -168 -128 -185 -441 -361 -257 -529 -377 -102 -503 -169 -205 -164 -353 -336 -275 -177 -571 0
320 -217 -512 -128 -205 -52 -169 -140 -569 -576 -195 0
219 -47 -290 -161 -445 -102 -353 -438 -361 -441 -120 -268 -185 -159 -30 -154 -183 -594 -6 -217 -205 -169 -512 -52 -128 0
218 -594 -169 -512 -128 -205 -52 0
-594 -375 -336 -290 -168 -6 -128 -52 -161 -445 -102 -353 -438 -361 -441 -120 -268 -185 -159 -30 -154 -183 -217 -205 -169 -512 0
68 -125 -290 -445 -128 -353 -351 -40 321 -463 -571 -529 -226 -574 -185 -154 0
321 -217 -154 -128 -445 -353 -571 -529 -226 -185 -290 -336 -168 -6 -52 -161 -102 -361 -441 -120 -268 -30 -205 -169 -512 0
-125 -48 -290 -373 -126 -205 -169 -512 -128 -52 -217 0
-594 -373 -290 -128 -157 -154 -181 -205 -169 -512 -52 -217 0
289 -67 -169 -154 -226 -181 -473 -128 -125 0
-217 -445 -169 -529 -52 -576 -6 -128 -154 -185 -290 -226 -205 -512 -353 -571 -336 -168 -161 -102 -361 -441 -120 -268 -30 -569 -195 0
593 -449 -120 -576 -353 -140 -69 -373 -154 -46 -482 -30 -421 -351 0
126 -120 -546 -168 -503 -185 -154 -421 -592 -576 -353 -46 -30 -445 -128 -290 -226 -169 0
129 593 -161 -216 -576 -529 -120 -353 -140 -312 -154 -46 -482 -30 -421 -445 -290 -169 0
593 -31 -576 -30 -290 -128 -161 -216 -529 -120 -353 -312 -154 -46 -421 -445 -169 0
-290 -30 -361 -185 -529 -154 -128 -161 -353 -169 -546 -168 -503 -569 -205 -512 -571 -336 -102 -441 -195 -257 -377 -164 -275 -177 0
155 -141 -529 -164 -571 -445 -512 -321 -169 -128 -205 -125 -593 -353 -421 -67 0
127 -48 -421 -593 -128 -154 -529 -164 -571 -445 -512 -321 -169 -205 -125 -353 -326 0
68 -321 -481 -125 -351 -421 -593 -154 -139 0
592 -321 -576 -571 -481 -30 -5 -351 -169 -512 -128 -205 -125 0
375 -593 -421 -571 -30 -169 -512 -128 -205 -125 -154 -529 -445 -326 -164 -353 0
-351 592 -441 -154 -169 -128 290 -161 -421 -571 -576 -30 -512 -205 -83 -458 -341 0
592 -46 -421 -154 -68 -128 -441 -169 290 -161 -571 -30 -512 -205 -79 -529 -445 -168 0
-593 -445 -512 -571 -164 -529 -377 -169 -128 -185 -154 -421 -441 290 -161 -30 -205 -168 -336 -353 0
320 -42 -473 -465 -461 -576 -438 0
575 -348 -261 -228 -277 -512 -443 -571 -465 0
349 -535 -571 -185 -398 -230 -473 -465 -228 -512 -168 -543 -319 -388 -73 -262 -267 -353 -336 -140 -445 -326 -169 -68 -128 -30 0
575 -398 -344 -361 -185 -270 -512 -436 -571 -319 0
576 -177 -571 -275 0
-445 -421 -361 -185 -512 -571 -576 -353 -128 -168 -336 -169 -30 -237 -154 -569 -529 -164 -377 -441 290 -161 -205 0
-217 -79 -123 -441 -154 -169 -128 290 -161 -421 -571 -576 -30 -512 -205 -351 -377 -481 -5 -168 -86 0
67 -421 -154 -463 -266 -75 -237 -123 -377 -515 -508 -110 -102 -161 -187 -569 -54 -441 -169 -128 290 -571 -576 -30 -512 -205 -351 -481 -5 -168 -86 -353 -336 0
-421 -154 -336 -237 -377 -102 -161 -569 -441 -169 -128 290 -571 -576 -30 -512 -205 -168 -353 -361 -185 -529 -164 0
156 -67 -326 -169 -576 -128 -351 -592 -125 -217 -46 -374 -336 -571 0
574 -337 -450 -275 0
-67 -351 -577 -441 -512 -217 -125 -571 -576 -275 -374 -46 -592 -224 -326 -353 -128 -154 -169 -336 0
-573 -312 -108 -323 -546 -91 -224 -577 -441 -115 -266 -32 -30 -448 -59 -365 -228 -182 -541 -125 -512 -168 -86 -79 -53 -185 -164 -118 -571 0
320 -580 -123 -562 -237 -182 -441 -169 -125 -266 -59 -217 -529 -161 -69 -128 -68 -375 -156 -46 -53 -512 -323 -546 -91 -224 -577 -115 -32 -30 -448 -228 -541 -168 -86 -79 -185 -164 -571 -569 -438 -195 0
594 -182 -529 -447 -161 -217 -512 -125 -169 -326 -128 -86 -562 -30 -123 -441 -204 -156 -59 -237 -266 -69 -68 -46 -323 -546 -224 -577 -115 -541 -168 -79 -185 -164 -571 -569 -438 -195 -576 -139 0
-156 67 -195 -169 -125 -541 -128 -30 -569 -351 -217 -592 -529 -161 -512 -326 -441 -237 -46 -323 -546 -224 -577 -168 -185 -164 -571 -438 -576 -154 0
181 -321 -361 -217 -125 -512 -576 -86 -441 -60 0
319 -118 -571 -576 -438 0
-321 -183 -319 -361 -217 -125 -512 -576 -86 -441 -60 0
182 -68 -161 -529 -69 -289 -169 -128 -139 -512 -86 -441 -125 -217 -592 -72 -75 -60 0
-351 -441 -361 -576 -217 -125 -512 -169 -128 -205 -161 -529 -289 -592 -195 -541 -30 -569 -326 -237 -46 -323 -546 -224 -577 -168 -185 -164 -571 -154 -353 -275 -374 -336 0
-512 -169 -128 -205 -224 -328 -281 0
575 -224 -169 -512 -128 218 -52 -571 -139 0
-224 -530 -128 -169 -257 -512 -449 -576 218 -52 -571 -139 0
181 -551 -380 -576 -327 -441 -139 -571 -154 -128 -169 -257 -512 -447 -217 -125 -86 0
155 -594 -69 -529 -52 -169 -128 -512 -441 -68 -217 -125 -181 0
-289 182 -529 -69 -68 -169 -128 -512 -441 -125 -217 -72 -60 -594 -52 0
-594 -52 -125 -529 -69 -68 -169 -128 -512 -441 -217 -181 0
-52 -529 -125 -217 -181 -69 -68 -169 -128 -512 -441 0
183 -594 -571 -576 -5 -351 -169 -512 -128 -125 -224 -481 -217 -372 -441 -429 -270 -154 0
223 -330 -512 -128 -169 -224 0
574 -181 -512 -128 -169 -571 -125 -217 -69 -68 -441 0
124 -120 -186 -204 -111 -206 -122 -31 -433 -380 -232 -217 -6 -512 -52 -169 -128 -327 -291 -86 0
-69 -68 -125 -512 -169 -128 -217 -441 -571 -576 0
155 -529 -128 -169 -571 -512 -576 -141 -594 -423 0
-421 -594 -141 -217 -512 -52 -169 -128 0
219 -52 -576 -128 -169 -512 -141 -156 -217 -571 0
-594 -593 -141 -217 -512 -52 -169 -128 0
-139 -59 -182 -125 -226 -81 -482 -375 -325 -128 -576 -169 -512 218 -52 -571 -224 -141 0
-52 -81 -128 -169 -571 -576 -125 -512 -325 -141 -156 -349 -217 0
69 -217 -128 -169 -576 -571 -125 -512 0
-141 -139 -52 -217 -512 -594 -169 -128 0
219 -234 -433 -111 -160 -581 -380 -181 -320 -482 -349 -376 -578 -204 -217 -52 -421 -128 -554 -290 -188 -6 -125 -568 0
126 -213 -204 -339 -581 -344 -111 -116 -102 -349 -264 -473 -128 -523 -290 -226 0
531 -204 -339 -256 -128 -169 -290 -125 -581 -111 -116 -102 -349 -226 -237 -147 -268 -58 -42 -181 -464 -380 -74 -568 -421 -52 -217 -433 -160 -320 -482 -376 -578 -554 -188 -6 -445 0
183 -204 -376 -128 -232 -290 -52 -125 -169 -380 -74 0
124 -232 -52 -380 -169 -122 -376 -204 -128 -290 0
154 -445 -376 -380 -349 -169 -128 -52 -290 -217 -125 -530 -339 -256 -581 -111 -102 -226 -237 -147 -268 -42 -464 -568 -421 -433 -160 -320 -482 -578 -188 -6 -352 -72 -69 0
575 -376 -72 -160 -349 -217 -52 -421 -128 -125 -568 -169 -69 -42 -280 -512 -223 -571 0
-124 -463 -169 -139 -512 -576 -52 -571 -42 -128 -448 -421 -217 -125 0
182 -448 -217 -421 -160 -92 -52 -256 -72 -580 -169 -380 -319 124 -376 -204 -128 -290 0
592 -72 -52 -169 -125 -217 -128 -139 -512 -576 -571 -42 0
183 -257 -128 -169 -512 -576 -400 -167 -350 -541 -266 -33 -125 -181 -140 -217 -571 -154 0
-290 -158 -320 -350 -374 -128 -289 0
-224 -330 -128 -169 -512 -225 0
574 -225 -571 -128 -169 -512 -323 -187 -161 -217 -54 -52 -447 -125 0
-139 -594 -512 -52 -169 -128 -571 -576 -125 -217 0
-594 -52 -169 -125 -128 -571 -217 -576 -512 0
-290 126 -433 -399 -268 -168 -541 -169 -226 -154 -128 -125 -571 -463 -445 -576 -69 -375 -141 -234 0
129 -319 -576 -125 -512 -169 -128 -217 -571 -449 -52 -326 0
-224 -177 -275 -512 -128 -169 -225 0
343 -498 -302 -438 -473 -120 -200 -186 -116 0
58 -353 -438 -329 -51 -544 -473 -402 -200 -341 -116 -14 -344 -302 -120 -186 -581 -111 -229 -267 -32 0
126 -52 -512 -128 -571 -576 -217 -125 -169 0
-290 -278 -353 -144 -329 -569 -281 -206 -540 -14 -473 -381 -189 -289 -128 0
-13 -302 -498 -473 -120 -438 -186 -116 -384 -344 -349 -128 -14 -169 -326 -84 0
330 -438 -120 -353 -164 0
-52 -217 -169 -576 -125 -128 -571 -512 0
-290 -274 -128 -169 -512 -224 -529 -447 -69 -448 -125 -228 -85 -217 0
155 -266 -343 -184 -181 -69 0
-217 -571 -576 -128 -169 -512 -125 0
-225 -185 -512 -571 -228 -172 -448 -274 -257 -128 -169 -224 0
67 -224 -427 -512 -290 -128 -69 -447 -571 -576 -228 -257 -169 -204 -31 -183 -373 -46 -421 -351 -592 0
-225 -224 -571 -512 -128 -169 -576 -140 -592 -421 -155 0
-224 -373 -421 -46 -592 -576 -183 -571 -512 -128 -169 -69 -427 -290 -447 -228 -257 -204 -31 -351 0
328 -376 -581 -111 -496 -43 -174 -120 -186 -206 -353 -281 0
13 -174 -353 -120 -329 -581 -111 -204 -186 -206 -281 -551 -7 -273 -347 -166 -122 -52 -380 -6 0
328 -122 -204 -498 -120 -186 -206 -353 -281 0
-181 -186 -111 -215 -206 -223 -329 -120 -530 -281 -581 -347 -166 -52 -380 -6 -147 -268 -362 -344 -399 -238 -40 -60 -169 289 -226 -154 -67 -128 -125 -183 0
-154 -206 -281 -111 -120 -200 -344 -578 -427 -362 -380 -268 -31 -215 -223 -329 -530 -347 -52 -6 -147 -169 289 -226 -128 -125 -183 -553 -576 -140 -592 -46 -421 -155 0
207 -283 -397 -111 -46 -373 -204 -320 -353 -195 -329 -568 -281 0
-186 -397 -421 -320 -230 -46 -158 -472 -373 -482 -30 -80 -351 -6 -13 -380 -122 -120 -204 328 -206 -353 -281 -184 0
-349 -498 -376 -204 -122 -438 -380 -320 -13 -158 -30 -482 -351 0
-498 -472 -438 -277 -380 -51 -156 182 -246 -553 -551 -283 -7 -421 -397 -515 -271 -46 -509 -373 -158 -482 -30 -376 -204 -13 -351 0
-290 -571 -169 -128 -125 -512 -576 0
-156 -482 -31 -289 -155 -124 -325 -183 -375 0
350 -438 -228 -571 -473 -186 -498 -120 -512 -128 -169 -576 -592 -421 -155 327 -31 -289 -124 -325 -183 -46 -344 -13 0
-438 -204 -498 -186 -120 -228 -512 -128 -169 -183 -571 -576 -421 -592 -13 -349 -473 327 -31 -289 -124 -325 -46 0
-204 -120 -13 -349 -592 -512 -128 -169 -421 -571 -46 -576 -374 -183 -320 -498 -186 -52 -228 -473 327 -31 -289 -124 -325 0
-14 -156 -289 -124 -183 -31 -46 -421 -592 -349 -128 -326 -169 -13 0
-375 -65 -408 -172 -457 -449 -341 -428 -543 -578 -30 -194 -320 -31 -289 -155 -124 -325 -183 -156 -374 0
-156 -438 -52 -87 -320 -408 -31 -289 -124 -183 -374 -323 -568 -354 -378 -120 -186 -512 -128 -169 -571 -46 -576 -421 -592 -349 -326 -13 0
-438 -120 -186 -228 -571 -473 -498 -512 -128 -169 -576 -592 -421 -31 -289 -124 -183 -46 -13 -349 -52 -87 -320 -374 -323 -568 -326 0
207 -111 -378 -537 -530 -169 -52 -445 -87 -428 -364 -440 -30 -578 -193 -323 -568 -161 0
-120 -349 -169 -52 -87 -568 -31 -323 -289 -124 -183 -46 -421 -592 -128 -326 -13 -512 -571 -576 -374 -320 -186 -228 -473 -498 0
-349 -186 -289 -124 -183 -31 -46 -421 -128 -326 -169 -13 -576 -571 -52 -87 -568 -323 -512 -374 -320 -592 -228 -473 -498 0
154 -438 -498 -120 -123 -186 -183 0
-438 -120 -498 -123 -186 -183 -156 0
319 -156 -69 -571 -5 -576 -374 -183 0
154 -529 -447 -266 -344 -58 -224 -183 -69 0
-156 -257 -128 -169 -512 -344 -576 -571 -186 -447 -266 -183 -69 -498 -123 -320 -5 -374 0
-186 -13 -512 -571 -128 -169 -498 -183 -576 -592 -421 -320 -374 -228 -326 -289 -124 -31 -46 -52 -87 -568 -323 -473 0
-349 -223 -228 -207 -512 -128 -169 -571 -576 -122 -592 -345 -326 -289 -124 -183 -31 -46 -421 -156 -13 0
182 -120 -228 -571 -512 -473 -320 -498 -156 -576 -374 -183 -13 -326 -169 -128 -207 -592 -345 -289 -124 -31 -46 -421 0
575 -224 -512 -128 -169 -571 0
-13 -320 -571 -228 -128 -169 -326 -576 -592 -421 -183 -473 -512 -498 -374 -289 -124 -31 -46 -52 -87 -568 -323 0
155 -349 -128 -592 -576 -421 -512 -169 -571 0
225 -334 -158 -592 -326 -139 -128 -67 -79 -4 -571 0
574 -122 -498 -343 -67 -512 -4 -571 -223 -158 -592 -326 -128 -374 -320 0
-186 -353 -498 -281 -120 -122 -206 -329 -164 -184 0
-353 -122 -498 -128 -445 -223 -343 -206 -281 -120 -329 -164 -184 0
185 -234 -111 -65 -378 -408 -206 -281 -449 -329 -338 -164 -343 -120 0
-156 -343 -46 -374 -128 -498 -52 -512 -4 -571 -169 -576 -592 -326 -320 -31 -183 -155 0
572 -120 -438 -571 -512 -128 -169 -576 -155 -592 -421 -225 -69 0
-224 -120 -464 -449 -164 -576 -571 -512 -128 -169 -155 -592 -421 -225 0
139 -120 -186 -498 -281 -206 -329 -379 -438 -164 -326 -69 0
-120 -302 -498 -438 -473 -186 -464 -576 -141 -379 -326 -69 -571 -512 -128 -169 -155 -592 -421 -225 -228 -4 0
-320 -498 -128 -576 -571 -512 -592 -421 -169 -473 -326 -228 -374 -46 -52 -31 -183 -289 -124 -87 -568 -323 0
-69 -154 -421 -321 -125 -139 -437 -498 -121 -169 -128 -326 0
-498 -571 -576 -512 -169 -128 -125 0
-156 -447 -186 -529 -224 -266 -183 -69 -155 0
-224 -186 -512 -571 -128 -169 -438 -576 -120 -592 -421 -155 -69 -228 -183 -326 0
-326 -156 -69 -67 -128 -421 -126 -325 0
127 -482 -83 -80 -15 -512 -573 -52 -234 -531 -447 0
-156 -224 -128 -69 -169 -155 -498 -120 -186 -512 -571 0
-326 -351 -128 -31 -421 -69 -154 -498 -169 -60 -183 -375 -571 -512 0
129 -542 -554 -162 -169 -128 -290 -124 -450 -183 -532 -101 -52 -337 -116 -321 -233 -110 -512 -344 -375 -378 -446 -202 0
-421 -224 -128 -169 -186 -120 -69 -571 -512 -155 -592 -498 0
127 -573 -512 -217 -169 -321 -60 -183 -41 -344 -69 -128 -446 -326 0
-326 -354 -69 -258 -169 -128 -512 -217 -60 -183 -186 -120 -571 -529 -463 -498 0
129 -157 -319 -482 -374 -350 -290 0
-576 -482 -354 -290 -69 -128 -592 -46 -60 -276 -217 -183 -575 -571 -169 -512 0
373 -402 -361 -370 -268 -126 -60 -577 -183 -335 -321 0
127 -230 -60 -240 -183 -217 -321 -46 -361 -370 -577 -335 -116 -512 -344 -446 -290 0
-224 -592 -128 -512 -186 -120 -69 -571 -169 -498 -155 0
320 129 -32 -423 -319 -482 -218 -290 -592 -140 -576 0
-328 -359 -195 -39 -568 -111 -204 -46 -373 -397 -320 -353 -329 -281 -257 -206 -223 0
345 -568 -92 -206 -281 -257 -195 -387 -111 -204 -46 -373 -397 -320 -353 -329 -223 -66 -438 -498 -172 -40 -82 -472 -482 -80 -266 -201 -351 -6 -337 -116 -13 0
-328 -39 -370 -111 -204 -46 -373 -397 -320 -353 -195 -329 -568 -281 -544 -206 -441 -257 -223 0
42 -231 -239 -172 0
254 -536 -515 -509 -144 -271 -237 -348 -489 -306 0
-421 -366 -578 -429 -86 -52 -530 -515 -509 -348 -206 -281 -370 -111 -204 -373 -397 -320 -195 -329 -257 -223 -482 -351 -472 -498 -438 -120 -401 -186 -344 -92 -387 -80 -266 -201 -6 -380 -450 -73 -576 -72 -69 -47 -32 -140 -592 -423 0
129 -429 -578 -218 -86 -52 -530 -348 -206 -281 -370 -111 -397 -329 -223 -482 -498 -120 -401 -186 -92 -266 -201 -6 -380 -450 -73 -576 -72 -69 -32 -140 -592 -423 -319 -290 -445 -169 0
207 -257 -239 -42 -172 -521 -111 -195 -359 -568 -204 -46 -373 -397 -320 -353 -329 -281 -542 -206 -223 -377 0
-257 -76 -169 -188 -324 -536 -223 -162 -206 -239 -42 -172 -521 -111 -195 -359 -568 -204 -46 -373 -397 -320 -353 -329 -281 -542 -377 0
-204 -46 -111 -373 -397 -320 -353 -195 -329 -568 -281 -206 -441 -223 -429 -275 -86 -337 -169 -188 -324 -536 -162 -239 -42 -172 -521 -359 -542 -408 -202 0
-46 -373 -366 -348 -578 -195 -80 -6 -206 -438 -120 -353 -329 -223 -111 -92 -397 -320 -281 -429 -86 -169 -188 -324 -202 -266 -186 -116 -498 -474 -380 -450 -73 -576 -72 -349 -140 -592 -423 -32 -218 -47 0
46 -592 0
-195 -568 -86 -238 -268 -397 -421 -46 -155 -373 -182 -578 -320 -111 -204 -353 207 -329 -52 -281 0
195 -238 -86 -585 -52 -533 -82 -421 -397 -218 -80 -46 -6 -268 -373 224 -328 -120 -155 -335 -182 -320 0
-217 -421 -592 0
181 -195 -578 -373 -6 -206 -348 -120 -353 -329 -223 -111 -397 -320 -281 -86 -169 -186 -498 -450 -576 -592 -218 -290 -128 -69 -52 -530 -401 -201 -445 -362 -268 -421 -155 0
375 -29 -592 -578 -128 -421 -335 -290 0
161 -324 -188 -515 -536 -76 0
127 -237 -524 -335 -29 -578 -312 -441 -429 -188 -86 -52 -102 -6 -458 -160 -515 -536 -76 -201 -473 -351 -290 0
-195 -397 -86 -578 -290 -128 -524 -6 -201 -592 -421 -52 -373 -169 -204 -498 -353 -186 -120 -281 -206 -223 -450 -576 -69 -268 -320 -155 -182 -348 -329 -111 -218 -530 -401 -445 -362 0
195 -31 -585 -6 -52 -86 -69 -268 -92 -450 -155 -576 -182 -578 -320 0
-59 -182 -155 0
181 -373 -578 -218 -86 -52 -530 -348 -206 -281 -370 -111 -397 -329 -223 -498 -120 -401 -186 -266 -201 -6 -450 -429 -576 -69 -32 -592 -290 -445 -169 -155 -128 -195 -320 -362 -268 -421 0
-373 -421 -206 -86 -578 -290 -128 -524 -6 -201 -592 -52 -223 -169 -195 -498 -186 -120 -281 -450 -576 -69 -268 -320 -155 -182 -348 -329 -111 -218 -530 -401 -445 -362 0
-421 -320 -86 -578 -592 -69 -155 -124 -128 -52 -290 -206 -524 -6 -201 -223 -169 -498 -186 -120 -281 -450 -576 -268 -182 -348 -329 -111 -218 -530 -401 -445 -362 -585 0
-320 -578 -69 -128 -218 -86 -52 -530 -348 -206 -281 -111 -329 -223 -498 -120 -401 -186 -201 -6 -450 -576 -592 -290 -445 -169 -182 -155 -124 -524 -268 -362 -585 0
-592 -186 -128 -69 -120 -155 -498 -169 -571 -512 0
166 -172 -229 -450 -238 -84 -542 -342 0
129 -84 -229 -111 -450 -233 224 -571 -92 -570 -195 -585 -578 -217 -421 -52 -167 -542 -201 -42 -498 -438 -120 -186 -13 -445 -349 -290 0
-205 -577 -387 -421 -128 -52 -217 -169 -512 -576 -366 -349 -111 53 -84 -142 -541 -534 -229 -438 -250 -353 -257 -329 -450 -281 -206 -223 0
-577 -84 -42 -111 -438 -142 -120 -570 -281 -186 -387 -421 -128 -52 -217 -169 -512 -576 -366 -349 53 -397 -534 -229 -353 -329 -450 -206 -223 -86 -429 -542 -439 -578 0
-223 -438 -498 -439 -329 -281 -576 -570 -195 -217 -421 -52 -42 -111 -142 -120 -186 -387 -128 -169 -512 -366 -349 53 -397 -534 -229 -86 -542 -578 -69 -571 -269 -227 -80 -225 0
223 -281 -128 -169 -512 0
579 -242 -378 -50 -111 -229 -172 -100 -245 -169 -162 -251 -86 -13 -429 -341 -439 -167 0
83 -370 -397 -229 -439 -172 -429 -92 -585 -217 -421 -52 -167 -578 -378 -50 -111 -100 -245 -169 -162 -86 -13 0
-205 -329 -594 -128 -52 -157 -373 -169 -512 -217 -69 -397 -229 -439 -421 -167 -578 -50 -111 -86 -186 -120 -269 -227 -5 -320 -450 -571 -281 -576 -206 0
579 -329 -439 -281 -576 -570 -498 -217 -421 -52 -42 -111 -142 -120 -186 -128 -169 -512 -349 53 -397 -534 -229 -86 -542 -578 -69 -571 -269 -227 -225 -373 -320 -194 0
-329 -206 -186 -120 -281 -498 -69 -155 -320 -578 -52 -111 -128 -169 -512 -571 -373 -450 0
329 -281 -128 -169 -512 0
206 -223 -576 -571 0
-224 -223 -128 -69 -169 -155 -498 -120 -186 -512 -571 0
-281 -52 -186 -120 -498 -69 -155 -320 -578 -512 -128 -169 -571 -373 0
342 -482 -349 -83 -13 0
-52 -578 -498 -120 -69 -373 -320 -186 -512 -128 -169 -155 -571 0
-578 -373 -128 -512 -69 -571 -498 -155 -186 -120 -169 -320 0
436 53 -421 -217 -375 -69 -165 -354 -120 0
Solved
