416 -178 -1 -385 -319 -283 -127 -412 -391 -88 -262 0
418 -127 -1 -385 -283 -319 -412 -391 -88 -262 0
170 -202 -247 -124 -115 -397 -280 -325 -412 -262 -136 -88 -391 -319 0
413 -202 -247 -124 -115 -397 -136 -280 -391 -262 -325 -88 0
424 -151 -214 -124 -397 -280 -391 -262 -325 -283 -88 -412 -247 -115 -136 0
392 -325 -280 -397 -283 -412 -262 -136 -88 0
430 -280 -397 -283 -412 -262 -136 -391 0
166 -54 -36 -111 -332 -369 -50 0
366 -166 -278 -50 -229 -286 -106 -1 -252 -139 -91 0
31 -278 -214 -67 -201 -380 -246 0
281 -296 -214 -67 -380 -334 -171 -10 -145 -115 -403 -416 -211 -163 -362 -142 -327 -154 0
-296 -171 -369 -129 -163 -362 -142 -154 -280 -214 -67 -334 -380 -10 -145 -115 -403 -416 -211 -327 0
393 -380 -129 -163 -142 -154 -397 -280 -369 -362 -214 -67 -334 -10 -145 -115 -403 -416 -211 -327 -136 0
156 -380 -334 -10 -214 -67 -416 -115 -211 -362 -194 -327 -145 -403 -163 -142 -154 -280 0
414 -163 -280 -142 -154 -334 -10 -214 -67 -416 -115 -211 -362 -145 -403 -283 0
379 -113 -106 -208 -51 -139 -91 -278 -13 -430 -214 -32 -18 0
282 -51 -139 -1 -214 -67 -381 -106 -208 -91 -430 -368 -115 -211 -163 -362 -142 -326 -154 0
88 -362 -139 -1 -214 -67 -106 -208 -91 -430 -115 -211 -280 -355 -283 -412 -10 -416 -145 -403 0
155 -381 -106 -208 -51 -139 -91 -278 -430 -214 -368 -150 -165 -402 -280 -144 -78 0
250 -60 -1 -51 -45 -278 -214 -67 -381 0
379 -199 -418 -60 -360 -45 -228 -214 -17 0
263 -262 -1 -67 -397 -385 -283 -412 -391 -214 -106 -208 -139 -91 -280 -115 -211 -355 -136 -10 -145 -403 0
31 -327 -211 -363 -115 -369 -280 -18 -6 -252 0
381 -363 -1 -211 -139 -115 -280 -355 -412 -214 -283 -67 0
380 -31 -139 -1 -214 -67 -381 -106 -208 -91 -430 -115 -280 -355 -90 -412 -283 -211 0
155 -325 -412 -127 -280 -90 0
89 -367 -16 -430 -412 0
33 -16 -430 -412 -145 -403 -127 -211 -363 -280 -90 -208 -91 -250 0
-31 -430 -115 -214 -211 -363 -355 -412 -403 -280 -90 -208 -91 -145 -139 -1 -67 -106 -283 0
433 -211 -115 -139 -1 -214 -67 -106 -208 -91 -355 -412 -283 -403 -397 -385 -391 -136 -10 0
156 -163 -283 -1 -385 -397 -412 -391 -214 -106 -208 -139 -91 -280 -115 -211 -355 -136 -10 -403 -67 -142 0
90 -163 -142 0
-163 -142 -155 -283 -1 -385 -397 -412 -391 -214 -106 -208 -139 -91 -280 -115 -211 -355 -136 -10 -403 -67 0
401 -296 -62 -397 -76 0
90 -155 -397 -280 -433 -136 -391 -250 0
142 -155 -280 -391 -433 -90 0
252 -63 -76 -397 -283 -412 -280 -136 -391 89 -237 -380 -31 0
-155 -250 -397 -283 -412 -280 -136 -391 -1 -385 -214 -106 -208 -139 -91 -115 -211 -355 -10 -403 -67 0
-31 -320 -1 -195 -385 -171 -128 -396 -139 -214 -67 -430 -106 -208 -91 -115 -280 -355 -90 -412 -283 -211 -403 -363 0
155 -280 -355 -412 -214 -283 -67 -1 -385 -139 -106 -208 -91 -115 -211 -403 -391 -433 0
-90 -280 -412 -391 -283 -1 -385 -397 -214 -106 -208 -139 -91 -115 -211 -355 -136 -10 -403 -67 0
-280 -412 -283 -391 -1 -385 -397 -214 -106 -208 -139 -91 -115 -211 -355 -136 -10 -403 -67 0
32 -325 -1 -355 -139 -412 -214 -283 -67 -235 0
33 -380 -235 0
-380 -154 -115 -397 -106 -286 -355 -325 -412 -235 -214 -283 -67 -32 0
6 -167 -14 -368 -139 -17 -1 0
436 -286 -397 -115 -139 -1 -355 -214 -283 -67 -385 -208 -91 -136 -10 0
-235 -250 -31 -380 0
414 -16 -118 -436 -367 0
379 -31 -436 -412 -118 -380 0
381 -412 -280 -139 -115 -355 -1 -214 -283 -67 -436 0
-412 -280 -118 -380 -436 -139 -115 -355 -1 -214 -283 -67 0
17 -211 -31 -385 -155 -1 -143 -139 -164 -400 -397 -115 -250 -436 -313 -214 -118 -40 0
-211 -155 -280 -143 -127 -164 -397 -115 -392 -67 -436 -313 -214 -118 -40 -16 -31 -385 -1 -139 -400 -250 0
215 -277 -67 0
-277 -214 -67 0
-412 -380 -280 -1 -385 -397 -214 -208 -139 -91 -115 -355 -136 -10 -67 -118 -283 0
379 -15 -127 -155 -397 -115 -67 -436 -313 -214 -118 -31 -385 -1 -139 -400 -250 -88 -247 -280 -18 0
381 -250 -31 0
18 -155 -280 -79 -247 -400 -397 -115 -211 -436 -313 -214 -118 -40 0
-155 379 -127 -214 -397 -115 -67 -436 -313 -118 -31 -385 -1 -139 -400 -250 -88 -247 -280 0
216 -429 -152 -67 0
-250 -436 -1 -385 -115 -139 -118 -214 -67 -208 -91 -325 -280 -88 -31 -127 -397 -247 -380 0
-380 -139 -385 -1 -280 -214 -283 -31 -115 -67 -118 -208 -91 -397 -247 -355 -136 -10 0
50 -14 -368 -139 -17 -1 -4 0
-139 -280 -1 -355 -385 -214 -283 -67 -31 -115 -118 -208 -91 -397 -247 -136 -10 0
414 -432 -429 -208 -91 -152 -364 -49 -423 -355 -127 0
-380 -429 -229 -91 -250 -106 -280 -31 -79 -247 -397 -115 -211 -214 -118 -208 -152 -364 -49 -423 -355 -17 0
380 -250 -31 0
-17 -250 -91 -106 -280 -31 -247 -397 -115 -214 -118 -208 -364 -355 -67 -13 0
366 -400 -247 -149 -397 -228 -332 -49 -355 0
-250 -364 -115 -67 -208 -355 -91 -397 -247 -13 -214 -106 -280 -31 -118 0
356 -321 -292 -291 -348 -221 -59 -247 -1 -124 -4 -364 -49 0
401 -430 -413 -364 -355 -59 -247 -1 -4 -49 -194 -153 -371 -306 -409 -10 -296 -149 -155 -62 -397 0
414 -110 -106 -149 -155 -62 -136 -76 -45 -247 -115 -59 -220 -211 -1 -331 -4 -364 -49 -355 0
16 -149 -211 -115 -49 -4 -229 -326 -129 -413 -106 -155 -62 -136 -45 -247 -59 -1 -364 -355 -402 -194 -153 -371 -306 -10 -296 -397 -315 -369 -42 0
-380 -4 -355 -115 -106 -136 -247 -1 -364 -10 -397 -13 -280 -214 -235 -283 -67 -31 -379 0
51 -88 -150 -17 -106 -368 -327 -128 -414 -229 -355 -152 -4 0
154 -195 -152 -150 -414 -327 -136 -1 -381 -60 -214 -67 250 -17 -106 -368 -128 -355 0
50 -360 -199 -150 -195 -397 -297 -10 -152 -401 -63 -77 -115 -211 -372 -314 -305 -128 -41 -385 -60 -17 -1 -4 0
-280 -31 -397 -10 -115 -385 -1 -136 -214 -67 -283 -355 -247 -208 -91 -118 0
-250 -31 -235 0
-380 -436 -141 -362 -168 -333 -367 -214 -60 -235 -67 -17 -31 0
412 -431 -17 -235 -154 -31 -141 -362 -168 -333 -214 -60 -67 0
51 -17 -136 -214 -235 -67 -70 -31 -283 -154 -325 -1 -355 0
-380 -89 -414 -154 -283 -31 -235 0
-17 -70 -136 -1 -214 -67 -235 -31 -154 -283 -325 -355 0
-31 -136 -283 -355 -1 -214 -67 -397 -10 -115 -385 -247 -208 -91 -118 0
-380 -17 -67 31 -115 -385 -208 -1 -91 -283 -214 0
164 -148 -115 -199 -244 0
90 -164 -154 0
165 -60 -199 -128 0
50 -165 -154 -115 -199 -244 -14 -414 -368 -17 -6 0
-17 -385 -1 -355 -115 -208 -91 -214 -283 -67 31 0
88 -124 -148 -431 -164 0
442 -355 -67 -91 -283 -1 -208 -397 -10 -247 -118 0
-235 -414 -115 -442 -67 -214 -283 -17 -380 -31 0
-414 -115 -442 -214 -118 -17 -380 -31 -67 -283 0
-235 -115 -333 -442 -214 -67 -17 -380 -31 0
-115 -214 -31 -355 -208 -91 -1 -67 -283 -442 -17 -247 -397 -118 -380 0
51 -446 -402 -110 -155 -118 -282 -436 -115 -325 -211 -229 -331 -4 0
412 -110 -245 -430 -115 -211 -229 -331 216 -67 -4 -49 -402 -155 -118 -282 -285 0
50 -184 -91 -430 -402 -110 -245 -438 -115 -327 -227 -211 -229 -357 -331 216 -67 -4 0
-436 -1 356 -59 -149 -4 -364 -49 -164 -155 -194 -153 -67 -91 -283 -355 442 -118 -446 -282 -393 -106 -402 -110 51 -115 -211 -229 -331 -438 0
-1 356 -282 -155 -90 -79 -149 -59 -4 -49 -194 -153 -67 -91 -283 -355 442 -118 -446 -402 -110 51 -115 -211 -229 -331 -438 -306 -129 -45 -140 0
437 -164 -90 -155 -77 -194 -402 -153 -446 -219 -53 -118 -108 0
76 -391 -327 -71 -363 -79 -282 -205 -136 -112 -86 -402 -47 0
1 -194 -79 -327 -282 -90 -86 -155 -77 -71 -136 -402 -153 -219 -438 -363 -446 -53 -118 -199 -140 -59 0
-355 -194 -155 -90 -79 -149 -59 -4 -49 -282 -153 -67 -91 -283 -1 442 -118 -446 -402 -110 51 -115 -211 -229 -331 -438 -306 -129 -45 -140 -357 0
-283 -402 -149 -155 -90 -438 -118 -79 -59 -4 -49 -282 -153 -67 -91 442 -110 51 -115 -211 -229 -331 -306 -129 -45 -140 -357 -327 -86 -199 -285 0
447 -398 -164 -393 -149 -438 -90 -118 0
437 -125 -149 -430 -398 -90 -53 -393 -106 0
-398 -370 -266 -149 -282 -164 -71 -90 -79 -393 -438 -430 -53 -106 -364 -91 -445 -118 0
3 -90 -438 -155 -118 -77 -445 -402 -266 -149 -282 -71 -79 -430 -53 -91 -136 -306 -129 -45 -385 -140 -59 0
Solved
