114 -181 -274 -334 -404 0
354 -148 -313 -154 -442 -277 -175 0
-148 -175 -313 -154 -277 -442 -352 0
443 -199 -277 -388 -154 0
-199 -442 -388 -154 -277 0
-442 -208 -265 -28 -313 -145 -474 -154 -277 -352 -113 -274 -334 -404 -388 0
276 -347 -404 0
278 -419 -331 -226 -326 -452 -404 -25 -127 -274 -133 -1 -283 -349 -100 -355 -376 -247 -169 -31 -352 -49 0
481 -376 -283 -349 -100 -404 -196 -1 -247 -169 -352 -49 -277 -331 -226 -326 -25 -274 -133 -31 -213 -379 -411 -399 -265 -28 -313 -145 -474 -154 -113 -334 -388 0
-442 -443 -145 -313 -474 -28 -265 -154 -277 -352 -113 -274 -334 -404 -388 0
-347 -318 -178 -25 -235 -127 -1 -274 -346 -404 0
279 -277 -334 -274 -25 -1 -404 -213 -379 -411 -399 -145 -313 -474 -28 -265 -154 -113 -352 -388 -100 -196 -376 -247 -169 -31 -49 0
417 -226 -331 0
-442 -277 -352 -247 -313 -154 -145 -474 -28 -265 -443 -113 -274 -404 -388 0
315 -329 -412 -265 -460 -409 -309 -470 -217 -232 -351 -343 -356 -299 -133 -374 -71 -286 -40 -128 -245 -66 -213 -145 -476 -322 -28 0
137 -127 -157 -326 -90 -347 -25 -409 -1 -274 -346 -404 -133 0
-127 -434 -200 -460 -217 -238 -232 -299 -351 -40 -356 -133 -136 -157 -326 -90 -347 -25 -409 -1 -274 -346 -404 0
-346 -347 -460 -90 -157 -409 -213 -200 -217 -238 -232 -299 -40 -356 -133 -326 -265 -25 -1 -274 -404 -474 -145 -107 -28 -313 -412 -470 -343 -286 -245 -476 -322 -283 0
263 -208 -265 -460 -90 0
317 -452 -326 -382 -178 0
98 -71 -117 -356 -217 -232 -33 -326 -343 -409 -245 -238 -157 -100 -200 -90 -436 -274 -334 -404 -113 -95 -460 -265 -133 -262 -474 -56 -313 -145 -107 -153 -28 0
-347 -334 -460 -474 -145 -90 -28 -157 -313 -409 -322 -213 -217 -99 -117 -356 -232 -33 -326 -343 -245 -238 -100 -200 -436 -274 -265 -404 -113 -95 -133 -56 -107 -427 -299 -40 -25 -1 -412 -470 -286 -476 -283 0
128 -263 -90 -395 -308 -232 -217 -151 -56 -33 -318 -422 -375 -213 0
-334 -33 -232 -90 -217 -157 -409 -213 -56 -133 -40 -25 -387 -476 -113 -404 -274 -1 -460 -474 -145 -28 -313 -322 -99 -117 -356 -326 -343 -245 -238 -100 -200 -436 -265 -95 -107 -427 -299 -412 -470 -286 -283 0
278 -460 -145 -28 -430 -313 -274 -436 -90 -157 -409 -213 -217 -232 -40 -133 -326 -265 -25 -1 -404 -474 -412 -470 -343 -286 -322 -283 -113 -56 -387 -99 -117 -100 -125 -196 -247 -187 -169 -352 -154 -49 0
218 -32 -56 -232 -151 0
-277 -322 -213 -313 -28 -387 -145 -174 -474 -283 -1 -265 -232 -56 -90 -404 -196 -247 -169 -352 -49 -430 -274 -436 -157 -40 -133 -326 -25 -412 -470 -343 -286 -113 -99 -117 -100 -125 -187 -154 -443 -388 0
190 -263 -40 -133 -436 -474 -145 -90 -28 -157 -313 -409 -322 -213 -217 -99 -117 -347 -232 -326 -343 -100 -274 -265 -404 -113 -56 -25 -1 -412 -470 -283 -187 -388 -199 -247 -49 -169 -125 -196 -286 0
88 -190 -113 -182 -265 -199 -247 -443 -404 -217 -347 -474 -365 -263 0
-263 -217 -265 -443 -406 -40 -56 -133 -404 -1 -157 -326 -90 -25 -409 -274 -347 -213 -169 -343 -196 -113 -199 -247 -474 -436 -145 -28 -313 -322 -99 -117 -232 -100 -412 -470 -283 -187 -388 -49 -125 -286 0
-460 -66 -313 -286 -28 -145 -329 -474 -265 263 -90 0
460 -419 -213 -388 -154 -409 -443 -187 0
-217 -409 -286 -28 -145 -474 -265 -90 -25 -1 -347 -404 -99 -213 -388 -154 -313 -443 -187 -406 -40 -56 -133 -157 -326 -274 -169 -343 -196 -113 -199 -247 -436 -322 -117 -232 -100 -412 -470 -283 -49 -125 0
-409 -347 -187 -388 -154 -443 -286 -28 -145 -474 -265 -90 -25 -1 -213 -404 -99 -313 -406 -40 -56 -133 -157 -326 -274 -169 -343 -196 -113 -199 -247 -436 -322 -117 -232 -100 -412 -470 -283 -49 -125 0
262 -395 -1 -404 -347 0
-460 -418 -262 -265 -208 -90 -462 0
264 -476 -286 -400 -412 -404 -418 -395 -347 0
-347 -426 -343 -133 -455 -412 -265 -286 -404 -90 -1 -474 -247 -145 -199 -28 -406 -388 -313 -443 -187 -154 -25 -213 -99 -40 -56 -157 -326 -274 -169 -196 -113 -436 -322 -117 -232 -100 -470 -283 -49 -125 0
262 -217 -251 -90 -263 -308 -232 -133 -151 -56 -395 -422 -375 -213 -350 -129 -409 -157 0
191 -210 -28 -322 -145 -213 -474 -422 -313 -163 -265 -232 -460 -217 0
-217 -409 -226 -326 -343 -133 -375 -90 -263 -308 -232 -151 -56 -395 -422 -213 -251 -117 -129 -350 -484 -331 -157 -28 -322 -145 -474 -313 -265 -460 0
217 -460 -443 -308 0
-460 -117 -343 -145 -350 -56 -484 -28 -232 -151 -313 -443 -226 -326 -133 -375 -90 -263 -308 -395 -422 -213 -251 -129 -331 -157 -322 -474 -265 0
500 -343 -169 -196 -352 -247 -145 -28 -313 -326 -133 -331 -157 -265 -25 -283 -1 -412 -286 -406 -40 -436 -100 -49 -430 -379 -304 -52 -215 -193 -202 -58 0
219 -191 -379 -417 -90 -232 -398 0
89 -417 -215 -331 -49 -398 -169 -379 -196 0
-191 -232 -25 -1 -405 -247 -352 -114 -313 -28 -145 -473 -265 -460 -90 -262 -217 -190 -379 -417 -286 -398 0
-232 -217 -326 -25 -169 -1 -49 -212 -405 -57 -313 -98 -28 -145 -473 -417 -265 -460 -262 -456 -247 -352 -114 -90 -190 -379 -286 -398 0
232 -460 -190 -262 -25 -405 -100 -126 -436 -196 -169 -386 -49 -114 -326 -215 -331 -417 0
192 -442 -25 -405 -247 -352 -114 -313 -473 -286 -265 -460 -90 -307 -262 0
-460 -90 -145 -28 -265 -313 -25 -405 -247 -352 -114 -286 -473 -326 -169 -1 -49 -212 -57 -98 -417 -456 -379 -398 -100 -126 -436 -196 -386 -215 -331 0
403 -435 -343 -272 -166 -238 -155 -49 -389 -215 -32 -14 -57 -43 -348 -153 0
219 -272 -283 -352 -1 -348 -247 -405 -343 -215 -238 -49 -14 -57 -43 -145 -28 -313 -442 -308 -232 0
346 -66 -28 -313 -138 -442 -133 -406 -40 -396 -145 -43 -237 -151 -405 0
472 -232 -138 -40 -343 -133 -22 -74 -145 -442 -28 -352 -313 -247 -364 -215 -25 -405 -348 -406 -396 -308 -218 -283 -1 -49 -57 -425 -286 -265 -402 -210 0
-232 -338 -1 -283 -331 -396 -417 -308 -406 -398 -218 -442 -313 -28 -145 -473 -138 -40 -343 -133 -22 -74 -352 -247 -364 -215 -25 -405 -348 -49 -57 -425 -286 -265 -402 -210 0
264 -442 -436 -473 -386 -212 -145 -114 -326 -28 -313 -331 -456 -417 -1 -283 -406 -398 -40 -343 -133 -22 -352 -247 -364 -215 -25 -405 -49 -57 -425 -286 -265 -412 -418 -190 0
218 -232 -405 -126 -196 -169 -49 -326 -215 -331 -145 -98 -417 -28 -398 -313 -442 -309 -25 0
314 -236 -25 -405 -126 -196 -169 -49 -326 -215 -331 -232 -417 -398 -145 -98 -442 -28 0
-232 -401 -286 -395 -473 -406 -145 -442 -28 -313 -25 -405 -126 -196 -169 -49 -326 -215 -331 -417 -398 -98 -309 -219 0
-90 -283 -1 -405 -126 -196 -169 -49 -145 -114 -326 -215 -28 -313 -331 -417 -286 -473 -406 -25 -398 -98 -412 -436 -386 -212 -456 -40 -343 -133 -352 -247 -57 -425 -265 -379 -100 0
236 -151 -435 -32 -208 -300 -57 -265 -133 -460 -217 -127 -420 -192 -274 -264 -346 -25 -1 0
-404 -308 -32 -57 -232 -127 -264 -217 -192 -283 -133 -25 -1 -235 -435 -208 -300 -265 -460 -420 -405 0
-308 -235 -331 -215 -420 -232 -264 -217 -192 -283 -1 -226 -32 -57 -127 -133 -25 -435 -208 -300 -265 -460 -405 0
-235 -127 -57 -32 -166 -343 -300 -435 -17 -162 -331 -226 -456 -326 -453 -116 -386 -460 -173 -265 -283 -420 -208 -1 -232 -264 -217 -192 -215 -133 -25 -405 0
276 -316 -286 -64 -372 -40 -133 -137 -107 -187 -478 -329 -388 -238 -201 -182 -127 0
216 -478 -187 -388 -154 0
442 -435 -343 -331 -116 -133 -107 -232 -32 -286 -40 -238 -114 -150 -57 -265 -208 -98 -264 -215 -427 -247 -405 -166 -300 -17 -162 -456 -326 -386 -173 -283 -1 -192 -25 -417 -324 -212 -410 0
55 -484 -343 -166 -447 -32 0
349 -274 -155 -468 -215 -278 -247 -405 -153 -57 -343 -166 -32 -116 0
236 -309 -192 -396 -264 0
235 -309 -192 -396 -264 0
219 -162 -17 -331 -215 -386 -155 -278 -247 -405 -57 -343 -166 -32 -116 -173 -283 -1 -192 -396 -264 -417 -232 0
315 -232 -32 -410 -331 -278 -212 -215 -283 -38 -1 -98 -427 -405 -264 -192 -17 -386 -247 -57 -343 -116 -173 -417 -406 -133 -286 -40 -238 -114 -265 -300 -456 -326 -25 -473 -145 -28 0
191 -347 -178 -25 -235 -274 -1 -32 -127 -57 -151 -264 -217 0
-236 -274 -25 -235 -178 -1 -32 -405 -57 -192 -264 -212 -410 -126 -196 -169 -49 -326 -215 -331 -232 -417 -398 -145 -98 314 -28 0
416 -226 -331 0
-274 -235 -412 -265 -410 -212 -398 -417 -331 -70 -192 -264 -326 -405 -178 -25 -1 -456 -32 -57 -126 -196 -169 -49 -215 -232 -145 -98 314 -28 0
-235 -232 -25 -405 -126 -196 -169 -49 -326 -215 -331 -192 -417 -398 -145 -98 314 -28 -412 -265 -410 -212 -70 -264 -178 -1 -456 -32 -57 0
-232 -417 -215 -331 -38 -212 -427 -410 -405 -25 -126 -196 -169 -49 -326 -398 -145 -98 -28 -192 -412 -265 -264 -1 -456 -32 -57 -246 -313 -278 -283 -17 -386 -247 -343 -116 -173 -406 -133 -286 -40 -238 -114 -300 -473 0
502 -352 -100 -1 -436 -326 -215 -331 -25 -196 -169 -49 -145 -412 -265 -313 -17 -247 -406 -133 -286 -40 -379 -157 -304 -52 -193 -202 -58 -499 -430 0
218 -309 -192 0
315 -28 -286 -502 -66 0
-28 -410 -232 -274 -1 -32 -405 -235 -192 -264 -57 -25 -126 -196 -169 -49 -326 -215 -331 -236 -398 -145 -98 -58 -246 -444 -313 -286 -502 0
462 -318 -133 -374 -235 -25 -274 -346 -1 -347 -404 -212 -410 -419 0
190 -236 -25 -274 -1 -404 -145 -265 -133 -58 -499 -202 -193 -52 -232 -32 -405 -192 -264 -57 -196 -169 -49 -326 -215 -331 -235 -313 -286 -502 -379 -157 0
-178 -477 -286 -284 -173 -350 -252 -114 -150 -300 -265 -121 -44 -9 -471 -410 -374 -212 -246 -235 -25 -274 -346 -1 -318 -347 -404 -180 0
178 -136 -133 -318 -246 0
-236 -404 -265 -235 -25 -274 -1 -286 -313 -133 -58 -499 -202 -304 -193 -52 -32 -232 -405 -192 -264 -57 -196 -169 -49 -326 -215 -331 -145 -502 -379 -157 0
-404 -57 -133 -32 -412 -326 -265 -193 -58 -52 -169 -379 -196 -157 -331 -406 -215 -192 -274 -264 -25 -1 -235 -286 -313 -499 -202 -304 -232 -405 -49 -145 -502 0
349 -295 -456 -5 -453 -446 -252 -116 0
287 -477 -66 0
404 -235 -331 -286 -232 -157 -58 -499 -202 -192 -215 -49 -169 -379 -196 -193 -264 -52 -352 -1 -304 -274 -247 -326 0
217 -309 -192 0
262 -90 -192 0
-90 -192 -264 0
305 -398 -331 -202 -215 -193 -52 0
-235 -192 -32 -412 -326 -265 -193 -58 -52 -169 -379 -196 -157 -331 -406 -215 -133 -274 -264 -25 -1 -286 -313 -499 -202 -304 -232 -405 -49 -145 -502 -352 -247 0
-28 -460 -73 -265 -300 -133 -209 -40 -473 -286 -502 -313 -145 -30 0
288 -285 -502 -173 0
41 -209 -473 -265 -145 -460 -246 -137 -73 -300 -133 0
-192 -32 -436 -502 -286 -40 -265 -145 -133 -406 -264 -331 -215 -274 -247 -405 -100 -412 -326 -193 -58 -52 -169 -379 -196 -157 -25 -1 -313 -499 -202 -304 -232 -49 -352 0
-212 -410 -44 -121 -252 -350 -300 -265 -178 -9 -286 -374 -246 -235 -25 -274 -346 -1 -318 -347 -404 -180 -304 -54 -60 -513 -518 -66 -159 -313 -322 0
212 -313 -407 -444 -518 -322 -60 0
410 -444 -461 -418 0
443 -212 -44 -121 -252 -350 -410 -265 -170 -9 -286 -374 -235 -25 -274 -346 -1 -318 -347 -404 -180 -304 -518 -66 -159 -313 -322 -133 -136 -397 0
-212 -313 -226 -326 -133 -274 -235 -25 191 -1 -32 -57 -347 -151 -264 -217 -350 -265 -170 -9 -286 -404 -304 -159 -331 -322 -397 0
512 -385 -502 -350 -336 -464 -338 -476 -331 -286 0
-313 -350 -286 -464 -331 -381 -397 -322 -226 -326 -133 -274 -235 -25 191 -1 -32 -57 -347 -151 -264 -217 -265 -170 -9 -404 -304 -159 0
-347 -417 -286 -247 -215 -331 -326 -133 -274 -235 -25 191 -1 -32 -57 -151 -264 -265 -404 -49 -304 -232 -192 0
444 -212 -322 -410 -313 0
336 -54 -193 -454 -453 -381 -251 -116 -350 -356 -247 -201 -437 -183 -494 -112 0
399 -127 -32 -208 236 -57 -265 -133 -420 -217 -151 -460 -192 -274 -264 -346 -25 -1 -145 -170 -126 -141 -42 -430 -286 -437 -494 -335 -193 -454 -453 -116 -350 -356 -247 -201 -183 -112 -58 0
-212 -443 -335 -247 -183 -397 -32 -208 236 -57 -265 -133 -151 -192 -274 -264 -346 -25 -1 -145 -141 -286 -136 -49 -129 -418 -232 -461 -410 -408 -218 -285 -322 -313 0
219 -422 -286 -285 -427 -49 -198 -367 -53 -29 -32 -165 -97 -57 -232 -151 0
513 -317 -32 -49 -179 -326 -72 -226 -132 -331 0
-443 -410 -32 -49 -326 -72 -226 -331 -304 -308 -218 -286 -285 -427 -165 -57 -232 -151 -397 -313 -322 -129 -335 -247 -183 -208 236 -265 -133 -192 -274 -264 -346 -25 -1 -145 -141 -136 -418 -461 -408 0
-410 -313 -265 -136 -133 -129 -286 -247 -202 -49 -72 -304 -331 -322 -187 -408 -397 -388 -57 -154 -32 -326 -226 -308 -218 -285 -427 -165 -232 -151 -335 -183 -208 236 -192 -274 -264 -346 -25 -1 -145 -141 -418 -461 0
-313 -322 -154 -388 -187 -461 -418 -265 -136 -133 -129 -286 -247 -202 -49 -72 -304 -331 -408 -397 -57 -32 -326 -226 -308 -218 -285 -427 -165 -232 -151 -335 -183 -208 236 -192 -274 -264 -346 -25 -1 -145 -141 0
444 -410 -513 -159 -381 -304 -397 0
53 -387 -201 -475 -279 -286 -49 -172 -198 -77 -513 -247 -304 0
-387 -172 -286 -513 -54 -201 -475 -279 -49 -198 -77 -247 -304 0
443 -513 -198 -133 -136 -145 -28 -101 -65 -286 -285 -77 -475 -49 -247 -304 -59 -397 -388 -154 0
438 -170 -198 -245 -523 -101 0
-417 -49 -247 -286 -304 -133 -145 -331 -265 -57 -32 -326 -427 -232 -151 -192 -274 -264 -25 -1 -215 -235 191 -404 0
52 -173 -284 -518 -407 -66 -286 -444 -512 -399 -98 0
54 -66 -286 -329 -247 -44 -278 -71 -390 -156 -444 -180 -133 -136 -318 -399 -170 -381 -512 -98 0
-49 -326 -247 -133 -151 -192 -25 -1 -235 -404 -32 -274 -57 -286 -215 -331 -304 -145 -265 -427 -232 -264 191 0
171 -52 -198 -304 -204 -353 -145 -505 -401 -265 -329 -121 -44 -9 -71 -440 -180 -235 -25 -274 -346 -1 -347 -318 -404 -133 -136 0
-52 -40 -304 -198 -169 -204 -353 -145 -505 -401 -265 -329 -121 -44 -9 -71 -440 -180 -235 -25 -274 -346 -1 -347 -318 -404 -133 -136 0
287 -228 -331 -416 -518 -407 -66 -286 -444 -98 -304 -198 -169 -204 -145 -505 -265 -329 -121 -44 -9 -71 -180 -235 -25 -274 -346 -1 -347 -318 -404 -133 -136 -247 0
53 -464 -286 -331 -381 -347 -326 -133 -274 -235 -25 191 -1 -32 -57 -350 -151 -264 -217 -265 -9 -404 -304 -159 -198 -228 -416 0
-170 -464 -286 -331 -381 -347 -326 -133 -274 -235 -25 191 -1 -32 -57 -350 -151 -264 -217 -265 -9 -404 -304 -159 -416 -513 -53 -204 -390 -402 -71 -318 -169 0
-326 -57 -286 -331 -133 -274 -235 -25 191 -1 -32 -304 -151 -264 -265 -404 -145 -247 -192 -232 -215 -427 0
237 -246 -151 -32 -218 -133 -136 -57 -192 -179 0
511 -398 -32 -57 -265 -133 -151 -192 -274 -264 -25 -1 -145 -286 -232 -461 -218 -247 -331 -417 -227 -215 262 -404 -235 -179 -194 -125 -170 0
53 -170 -179 -235 -25 -215 -133 -227 -331 -452 -32 -57 -265 -151 -192 -274 -264 -1 -145 -286 -232 -461 -218 -247 262 -404 -304 0
171 -511 -274 -227 -1 262 -404 -331 -235 -215 -151 -32 -218 -133 -57 -192 -179 0
306 -524 -53 0
333 -416 -227 0
-347 -470 -452 -131 -461 -218 -192 -151 -32 -133 -57 -179 -235 -274 -1 262 -404 0
-444 -313 -286 -427 -49 -285 -53 -32 -165 -97 -57 -232 -151 -322 -129 -218 -335 -247 -183 -397 -208 236 -265 -133 -192 -274 -264 -346 -25 -1 -145 -141 -136 -418 -461 -443 -408 0
-511 -170 -427 -32 -57 -232 -151 -218 -247 -265 -133 -192 -274 -264 -25 -1 -145 -461 -331 -215 -235 -452 -179 262 -404 -227 -304 -286 0
-170 -227 -331 -274 -1 262 -404 -25 -215 -235 -151 -32 -218 -133 -57 -192 -179 -304 -427 -232 -247 -265 -264 -145 -461 -452 -286 0
-57 -32 -151 -192 -133 -235 -274 -1 -404 -304 -331 -232 -215 -427 -25 -247 -265 -264 -145 -286 191 0
332 -511 -410 -252 -235 -25 -274 -346 -1 -347 -404 -136 -133 -427 -416 -98 -407 -518 -286 -66 -444 -198 -524 -170 -53 -470 0
-511 -350 -53 -524 -464 -331 -286 -488 -470 -418 -410 -159 -518 -416 -252 -235 -25 -274 -346 -1 -347 -404 -136 -133 -427 -98 -407 -66 -444 -198 -170 0
-347 -170 -286 -427 -247 -44 -133 -381 -98 -215 -331 305 -198 -49 -159 -235 -25 -274 -1 -404 -461 -232 -218 -192 262 0
54 -397 -381 -98 0
442 -410 -170 -331 -179 -72 -44 -9 -330 -123 -265 -470 -461 -511 0
443 -438 -286 -54 -49 -198 -247 -304 -65 -511 -416 -331 -519 -408 -397 -388 -154 0
-444 -170 -331 -179 -72 -44 -9 -330 -123 -265 -470 -461 -511 -443 -418 0
513 -129 -369 -211 -427 -59 -519 -198 -331 -170 0
-170 -44 -159 -381 -304 -427 -198 -331 -286 -9 -123 -265 -461 -49 -247 -98 -25 -215 -235 -274 -1 -133 305 -404 -232 -218 -192 262 0
-32 -427 -331 -215 -304 -286 -265 -247 -25 -235 -274 -1 -133 -404 -232 -192 -151 -264 -145 191 0
512 -54 -286 -65 -49 -198 -247 -304 -442 -511 -416 -331 -519 -408 -397 -388 -154 -524 -195 0
-54 -524 -322 -187 -397 -388 -154 -129 -442 -408 -195 -519 -331 -286 -511 -65 -49 -198 -247 -304 -416 0
169 -397 -381 -322 -187 -388 -154 -129 -442 -408 -519 -331 -286 -65 -49 -198 -247 -304 -416 0
403 -286 -331 -215 -274 -1 -404 -25 -235 -192 -232 -265 -133 -264 -145 191 0
405 -346 -274 0
-512 -54 -286 -444 -1 -235 262 -404 -274 -98 -215 -331 -415 -511 0
-54 -511 -444 -349 -25 -1 -235 262 -404 -274 -381 -198 -56 -215 -331 -415 -410 -286 -159 -98 -44 0
-511 -415 -331 -444 -349 -25 -1 -235 262 -404 -274 -381 -198 -56 -215 -410 -286 -159 -98 -44 0
-32 -212 -390 -313 -71 -286 -246 -274 -235 -25 191 -1 -57 -347 -151 -264 -217 -133 -192 237 0
442 -505 -180 -71 -300 -246 -98 -145 -313 -374 -368 -204 -208 -323 -128 -485 -265 -212 -277 -461 -410 -156 0
59 -436 -76 -386 -128 -286 -323 -313 -71 -300 -246 -145 -368 -204 -265 -156 -51 -390 -274 -235 -25 191 -1 -57 -347 -151 -264 -217 -133 -192 237 0
53 -286 -145 -265 -274 -235 -25 191 -1 -264 -133 -192 -404 -215 -331 0
-286 191 -25 -235 -331 -215 -1 -404 -274 -145 -265 -133 -264 -192 0
-524 -322 -172 -518 -313 -444 -407 -213 -273 -128 -184 -374 -74 -24 -132 -471 -304 -523 -53 0
333 -416 -198 -172 -518 -444 -407 -128 -374 -304 -208 -265 -461 -418 -315 -159 -54 -234 -511 -427 0
443 -30 -215 -284 -234 -227 -502 -416 -200 -397 -315 0
437 -69 -353 -175 -506 -213 -145 -58 -244 -172 -100 0
-524 -369 513 -427 -519 -198 -331 -213 -128 -439 -372 -353 -175 -506 -145 -58 -172 -100 -71 -131 -471 -41 -304 -523 -53 0
524 -227 -427 -416 -171 -304 -198 0
-53 513 -427 -198 -331 -128 -439 -353 -175 -145 -172 -71 -131 -41 -304 -265 -518 -461 -410 -407 -444 -215 -284 -234 -227 -502 -416 -200 -315 -98 -54 0
-416 -54 -41 -304 -427 -331 -128 -439 -353 -175 -145 -172 -71 -265 -518 -461 -407 -444 -215 -284 -234 -502 -200 -315 -98 -198 -511 -374 -208 -418 -159 0
-54 -518 -159 -172 -511 -164 -331 -234 -41 -304 -427 -128 -439 -353 -175 -145 -71 -265 -461 -407 -444 -215 -284 -502 -200 -315 -98 -198 -374 -208 -418 0
-347 -444 -511 -381 -159 -172 -439 -145 -265 -461 -331 -215 -502 -198 -475 -218 -192 -64 -25 -366 -1 -235 -274 262 -404 0
99 -126 -42 -133 -198 -136 -38 -244 -427 -145 -367 -28 0
512 -488 -145 -97 -42 -133 -198 -136 -314 -322 -129 -397 -444 -408 -193 -519 -431 -72 -427 -470 -410 -416 -331 -159 0
305 -97 -444 -431 -408 -519 -331 -511 -145 -410 -42 -133 -198 -136 -314 -322 -129 -397 -193 -72 -427 -416 -159 0
517 -298 -169 -49 -375 -129 -57 -232 -151 -461 -410 -218 -444 -322 -408 -314 0
-53 -54 -416 -331 -519 -49 -375 -129 -232 -151 -461 -410 -218 -444 -322 -408 -314 -198 -42 -304 -431 -511 -145 -133 -136 -397 -72 -159 -427 0
53 -519 -198 -42 -331 -511 -304 0
-444 -461 -331 -381 -218 -198 -511 -145 -133 -159 -475 -64 -25 -215 -235 -274 -1 -172 -439 -265 -502 -192 -366 262 -404 0
306 -427 -38 -194 -198 -42 -53 0
191 -25 -215 -274 -1 -404 -331 -235 -192 -145 -133 -265 -264 0
296 -233 -464 -416 -397 -496 -381 -351 -117 -447 -6 0
124 -171 -198 0
-477 -295 -455 -464 -416 -397 -496 -381 -351 -117 -6 -410 -331 -170 -72 -9 -265 -470 -461 -511 -56 -444 -404 -217 -329 -347 -307 -25 -1 -235 -288 -476 0
219 -232 -427 513 -198 -331 -58 -128 -506 -372 -175 -519 -145 -213 -100 -71 -131 -471 -304 -523 -53 -66 -29 -97 -249 -404 -1 -235 -351 -307 -524 0
-232 -295 -464 -416 -397 -381 -351 -117 -6 -73 -133 -404 -347 -66 -1 -235 -192 -217 -427 513 -198 -331 -58 -128 -506 -372 -175 -519 -145 -213 -100 -71 -131 -471 -304 -523 -53 -29 -97 -249 -307 -524 0
-461 -455 -397 -416 -464 -133 -404 -347 -1 -235 -192 -217 -427 513 -198 -331 -58 -128 -175 -519 -145 -100 -71 -131 -304 -523 -53 -97 -307 -524 -313 -381 -410 -170 -9 -265 -511 -444 -25 -241 -430 -338 -419 -460 0
-477 -66 -288 -476 0
287 -327 -6 -455 -128 -453 -295 -372 -179 -438 -310 -78 -162 -426 -343 -502 0
237 -368 -97 -128 -373 -217 -404 -192 -25 0
185 -271 -73 0
-170 -430 -331 -416 -464 -397 -381 -404 -217 -347 -307 -1 -235 -97 -128 -192 -25 -241 -215 -71 -131 -338 -419 -410 -209 -444 -265 -133 -427 513 -198 -58 -175 -519 -145 -100 -304 -523 -53 -524 -313 -9 -511 -460 -193 0
-519 -131 -145 -71 -175 -338 -419 -410 -444 -397 -416 -215 -227 -427 -193 -198 -331 -464 -381 -404 -217 -347 -307 -1 -235 -97 -128 -192 -25 -241 -209 -265 -133 513 -304 -523 -53 -524 -9 -511 -460 -518 0
332 -518 -419 -410 -128 -444 -97 -217 -404 -192 -25 -427 -395 -1 -235 -193 -145 -71 -175 -397 -416 -215 -198 -331 -381 -347 -307 -241 -209 -265 -304 -523 -53 -524 -9 -511 -460 -133 0
64 -476 -287 0
66 -476 -287 0
236 -420 -460 -265 -145 -133 -88 -198 -215 -187 -388 -154 -193 -213 -519 -322 -432 -313 -42 -287 -1 -347 -404 -66 0
442 -192 -438 -174 -385 -339 -404 -42 -66 -477 -287 -145 -465 -215 -25 -1 -331 -235 -133 -265 -232 -347 -519 -217 -198 -187 -193 -322 -488 -470 -158 -410 0
237 -212 -470 -133 -347 -235 -25 -132 -1 -404 -410 -461 -158 -339 -192 -215 -331 -145 -265 -350 -283 0
-518 -192 -410 -158 -97 -427 -404 -128 288 -347 -309 -1 -235 -470 -133 -25 -132 -461 -339 -215 -331 -145 -265 -350 -407 -322 -60 -444 -314 -519 0
173 -438 -77 -385 0
-476 -65 -287 0
442 -66 -192 -385 -339 -404 -42 -438 -477 -287 -145 -465 -215 -25 -1 -331 -235 -133 -265 -232 -347 -519 -174 -198 -187 -193 -322 -488 -470 -158 -410 0
-66 -368 -410 -128 -470 -97 -488 -519 -397 -444 -192 -385 -339 -404 -42 -438 -287 -145 -465 -215 -25 -1 -331 -235 -133 -265 -232 -347 -198 -187 -193 -322 -158 -173 -285 -65 0
411 -219 -192 -215 -25 -1 -404 -331 -235 -145 -133 -265 -274 -444 -314 -198 -322 -125 -193 -60 -519 -431 -488 -470 -158 0
236 -192 -42 -198 -145 -193 -519 -322 -128 -97 -133 -444 -158 -410 -215 -25 -1 -404 -331 -235 -265 -488 -470 -232 -465 -385 -173 -287 -397 -339 -438 -347 -187 -427 0
443 -192 -158 -97 -427 -404 -128 -410 -347 -309 -1 -235 -470 -133 -25 -132 -518 -339 -215 -331 -145 -265 -350 -322 -444 -519 -476 -66 -397 0
-477 -476 -66 -192 -385 -339 -404 -42 -438 -287 -145 -465 -215 -25 -1 -331 -235 -133 -265 -232 -347 -519 442 -198 -187 -193 -322 -488 -470 -158 -410 0
-192 -25 -173 -287 -339 -404 -42 -438 -145 -465 -215 -385 -1 -331 -235 -133 -265 -232 -347 -519 -198 -187 -193 -322 -488 -470 -158 -410 -444 -97 -427 -128 -132 -397 0
-288 -477 -66 -287 0
409 -298 -326 -133 -246 -180 -170 -252 -22 -374 -128 -212 0
40 -246 -170 -38 -198 -90 -158 -410 -326 -133 -427 -180 -252 -22 -374 -128 -212 0
443 -430 -90 -198 -170 -326 -133 -128 -410 -132 -470 -488 -264 -287 -42 -38 -158 -427 -100 -438 -173 -66 -347 -404 -25 -235 -322 -518 -313 -444 -309 -462 -397 -219 0
442 -264 -90 -158 -462 -410 0
-25 -235 -170 -326 -133 -128 -410 -132 -470 -488 -287 -42 -38 -158 -427 -438 -173 -347 -404 -198 -322 -444 -397 -519 -339 -145 -465 -215 -385 -1 -331 -265 -232 -187 -193 -97 0
125 -38 -427 -198 0
517 -432 -25 -287 -339 -404 -192 -145 -465 -215 -1 -331 -235 -133 -265 -232 -347 -519 -198 -187 -322 -488 -470 -158 -410 -444 -427 -128 -132 -397 -524 -53 -77 0
-193 -42 -326 -133 -128 -410 -132 -470 -488 -287 -235 -38 -158 -427 -25 -170 -347 -404 -198 -322 -444 -397 -519 -339 -145 -465 -215 -1 -331 -265 -232 -187 -77 -524 -53 -194 0
54 -88 -198 -524 -397 0
411 -192 -326 -133 -128 -410 -132 -470 -488 -287 -235 -38 -158 -427 -25 -170 -347 -404 -198 -322 -444 -397 -519 -339 -145 -465 -215 -1 -331 -265 -232 -187 -77 -53 -524 0
52 -265 -326 -133 -128 -410 -132 -470 -488 -287 -235 -38 -158 -427 -25 -347 -404 -198 -322 -444 -397 -519 -339 -145 -465 -215 -1 -331 -170 -232 -187 -77 -524 0
54 -158 -444 -410 -397 -198 -524 0
288 -314 -145 -519 -473 -60 -401 -173 -285 0
409 -192 -198 -193 -519 -505 -128 -97 -125 -232 -465 -385 -173 -287 -145 -328 -25 -1 -427 -235 -404 -347 -208 -397 -444 -158 0
65 -372 -438 -133 -208 -420 -192 -460 -23 -25 -128 -97 -404 -347 -328 -427 -125 -235 -42 0
-192 -505 -215 -145 -444 -460 -404 -133 -347 -198 -42 -1 -125 -328 -235 -193 -25 -519 -287 -438 -208 -128 -97 -427 -488 -132 -470 -158 -410 -232 -465 -385 -173 -397 0
-347 -1 -158 -410 -215 -145 -404 -133 -198 -42 -444 -235 -193 -25 -519 -287 -438 -128 -97 -427 -488 -132 -470 -232 -465 -385 -173 -397 -170 -326 -38 -322 -339 -331 -187 0
-264 -265 -133 -42 -444 -125 -193 -519 -431 -488 -132 -339 -248 -470 -404 -215 -410 -25 -1 -331 -235 -192 -145 -232 -395 -158 -263 0
219 -243 -381 -366 -90 -192 -349 -308 -232 0
-518 -218 -138 -198 -125 -232 -427 -97 -381 -90 -192 -133 -308 -248 -215 -404 -375 -346 -275 -339 -128 -420 -410 -470 -488 -431 -322 -60 -444 -407 -519 0
219 -349 -248 -251 -404 -138 -275 -232 -381 -243 -90 -192 -308 0
405 -451 -251 -138 -466 -330 -238 -271 -433 -145 -30 -314 -370 -322 -439 -211 -128 -248 -346 0
443 -138 -375 -215 -128 -275 -404 -251 -232 -330 -145 -314 -322 -248 -346 -381 -90 -192 -308 -431 -488 -339 -470 -420 -97 -410 -158 -133 -198 -42 -287 -125 -173 -193 -427 -444 -519 -397 0
442 -275 -215 -187 -128 -322 -410 -314 0
-90 -192 -215 -128 -275 -404 -251 -232 -330 -145 -314 -322 -248 -346 -381 443 -375 -308 -431 -488 -339 -470 -97 -410 -158 -133 -198 -42 -287 -125 -173 -193 -427 -444 -519 -397 0
-192 -395 -133 -125 -193 -519 -132 -470 -42 -410 -444 -431 -488 -339 -248 -404 -215 -25 -1 -331 -235 -145 -232 -158 -263 -128 -275 -251 -330 -314 -322 -346 -381 443 -375 -308 -97 -198 -287 -173 -427 -397 0
-1 -25 -193 -519 -132 -470 -42 -410 -444 -488 -339 -404 -215 -133 -331 -235 -145 -232 -158 -128 -322 -381 -97 -198 -287 -173 -427 -397 -187 -438 -465 -385 -170 -326 -38 0
442 -90 -198 -125 -170 -42 -158 -287 -410 -215 -187 -128 -322 -275 0
196 -170 -125 0
126 -211 -128 -322 -60 -444 -407 -369 -519 -427 -193 0
375 -275 -381 -243 -90 -192 -349 -308 -232 -218 -235 -128 -25 0
-25 -235 -128 -192 -404 -90 -232 -145 -322 -381 -488 -339 -470 -97 -410 -158 -133 -198 -42 -287 -173 -193 -427 -444 -519 -397 -215 -132 -331 -187 -438 -465 -385 -170 -326 -38 0
-274 -346 -499 -204 -155 -51 -248 -215 -404 -113 -275 0
-346 -466 -461 -22 -238 -248 -389 -155 -373 -451 -138 -251 -51 -271 -433 -145 -30 -314 -370 -322 -439 -211 -128 -404 -215 -499 -204 -113 -275 0
-275 -373 -461 -22 -238 -248 -389 -155 -404 -451 -251 -51 -271 -433 -145 -30 -314 -370 -322 -439 -211 -128 -215 -499 -204 -113 -218 -349 -232 -381 -243 -90 -192 -308 0
-235 -90 -427 -404 -145 -322 -215 -232 -381 -128 -192 -385 -287 -173 -193 -519 -488 -339 -470 -97 -410 -158 -133 -198 -42 -444 -397 -132 -331 -187 -438 -465 -170 -326 -38 0
-90 -133 -322 -128 -465 -519 -385 -173 -427 -287 -404 -215 -232 -381 -192 -193 -488 -339 -470 -97 -410 -158 -145 -198 -42 -444 -397 -132 -331 -187 -438 -170 -326 -38 0
-518 -235 -275 -404 -128 -287 -213 -432 -322 -60 -444 -407 -519 0
518 -461 -438 -420 -372 -465 -23 -128 -133 -287 -275 -155 -248 -215 -404 -346 -42 -385 -198 -125 -173 -193 -60 0
-314 -275 -404 -432 -248 -128 -287 -213 -322 -444 -519 -438 -420 -372 -465 -23 -133 -215 -346 -42 -385 -198 -125 -173 -193 -397 -187 -410 0
237 -275 -128 -404 -25 -368 -97 -192 -217 0
-275 -248 -213 -287 -187 -215 -173 -346 -404 -128 -97 -192 -427 -125 -42 -519 -444 -432 -322 -438 -420 -372 -465 -23 -133 -385 -198 -193 -397 -410 0
517 -357 -71 -274 -404 -145 -23 -465 -128 -97 -192 -232 -427 -170 -438 -125 -173 -336 -235 -42 -477 -287 -432 0
-248 -346 -215 -128 -287 -385 -372 -77 -438 -23 -133 -42 -198 -125 -432 -193 -519 -71 -404 -145 -465 -97 -192 -232 -427 -170 -326 -213 -187 -444 -322 -420 -397 -410 0
237 -275 -128 -404 -25 -368 -97 -192 0
235 -244 -326 -453 -264 -71 -346 -404 0
315 -336 -385 -264 -213 -71 517 -404 -145 -23 -465 -128 -97 -192 -232 -427 -170 -438 -125 -173 -235 -42 -287 -432 -476 -322 0
-346 -133 -438 -372 -420 -192 -128 -97 -404 -23 -427 -125 -42 -264 -444 -385 -213 -71 -145 -465 -232 -170 -287 -432 -322 -326 -453 -519 -193 -215 -77 -198 -187 -397 -410 0
-235 -23 -187 -215 -213 -133 -322 -42 -198 -444 -232 -193 -217 -519 -307 -287 -132 -470 -410 -488 -339 -404 -331 -1 -145 -158 -128 -381 -97 -173 -427 -397 -438 -465 -385 -170 -326 -38 -237 0
518 -23 -460 -42 -198 -444 -125 -408 -193 0
247 -117 -350 -187 -250 -453 -388 -326 -178 -6 -240 -244 -295 -100 -455 -209 -438 -372 -203 -175 -215 -154 -128 -68 -213 -385 -58 -173 -287 -476 0
315 -217 -187 -232 -56 -388 -200 -117 -356 -274 -334 -404 -350 -137 -298 -23 -250 -521 -460 -453 -412 -326 -209 -178 -145 -244 -203 -100 -175 -215 -438 -154 -128 -68 -173 -213 -476 -66 -322 0
297 -312 -43 -71 -14 -496 -455 -184 0
212 -182 -9 -200 -165 -232 -217 -167 -153 -56 -6 -295 -71 -455 -356 -209 -203 -350 -453 -173 -175 -326 -29 -353 -178 -145 -377 -244 -117 -372 -100 -381 -438 -287 -397 -58 0
59 -112 -342 -478 -144 -117 -388 -350 -200 -421 -356 -274 -334 -404 -187 -385 -137 -173 -133 -66 -287 -73 -400 -184 -6 -412 -295 -521 -455 -501 0
219 -6 -342 -187 -295 -144 -478 -71 -455 -388 -200 -350 -274 -334 -404 -453 -298 -173 -326 -29 -501 -178 -145 -521 -244 -412 -117 -372 -273 -100 -400 -381 -438 -287 -397 -58 -421 -356 -385 -137 -133 -66 -73 -465 -232 0
-133 -192 -404 -56 -232 -187 -326 -145 -381 -438 -287 -397 -385 -215 -128 -322 -193 -170 -42 -444 -519 -198 -132 -470 -410 -488 -339 -331 -158 -97 -427 -38 -465 -77 0
-518 219 -381 -366 -192 -349 -232 -89 -158 -410 -211 -431 -322 -407 -60 -444 -519 0
219 -275 -274 -385 -155 -248 -215 -404 -173 -193 -60 -381 -192 -349 -232 -89 -158 -410 -431 -322 -407 -444 -519 -198 -125 -128 -427 -97 0
517 -407 -322 -128 -444 -211 -60 -519 -427 -193 -125 -198 -97 -381 -136 -89 -179 -263 -316 -395 -373 -26 0
-275 -349 -248 -215 -404 -385 -198 -125 -173 -193 -519 -322 -128 -444 -427 -97 -381 -136 -89 -316 -235 -192 -274 -232 -158 -410 -431 -397 -187 -314 0
213 -347 -97 -404 -381 -427 -89 -192 -158 -410 -128 0
-346 -22 -438 -433 -238 -132 -145 -470 -28 -182 -410 -502 -113 -158 -285 -248 -335 -192 -2 -404 -274 -347 0
212 -71 -73 -136 -339 -192 -349 -232 -465 -248 -404 -335 -438 -132 -145 -470 -182 -410 -158 -274 -347 -235 -385 -477 -287 -299 -173 -198 -125 -193 -397 -519 -444 -314 -322 0
-349 -235 -335 -514 -215 -187 -314 -299 -444 -438 -198 -125 -397 -173 -193 -519 -431 -488 -132 -89 -470 -158 -410 -73 -136 -339 -192 -232 -248 -404 -145 -274 -465 -385 -477 -287 -322 -97 -381 -427 -128 -316 0
409 -419 -192 -158 0
-235 -274 -438 -173 -299 -404 -477 -287 -198 -125 -193 -519 -136 -431 -488 -132 -89 -470 -158 -410 -192 -339 -514 -215 -187 -314 -444 -397 -73 -232 -248 -145 -335 -465 -385 -322 -97 -381 -427 -128 -316 0
350 -71 -198 -125 -128 -322 -444 -60 -519 -427 -193 -185 -97 -410 -73 -381 -158 -394 -89 -262 -136 -339 -250 0
-274 -192 -198 -444 -125 -193 -519 -488 -132 -89 -470 -158 -410 -42 -339 -128 -322 -427 -97 -73 -381 -136 -232 -465 -385 -173 -287 -404 -65 -438 -299 -514 -215 -187 -397 -145 -316 0
-90 -349 -352 -199 -181 -519 -218 -198 -60 -232 -339 -125 -128 -322 -369 -444 -407 -427 -193 -213 -277 -192 -158 -410 -355 -136 -89 0
90 -299 -193 -198 -519 -125 -431 -488 -132 -73 -470 -410 -263 -158 0
-192 -158 -410 -339 -519 -198 -232 -128 -322 -444 -427 -193 -488 -132 -470 -397 -404 -215 -187 -42 -97 -381 -465 -385 -287 -438 -145 -56 -326 -170 -331 -38 -77 0
-518 -90 -198 -170 -326 -264 -128 -410 -132 -470 -488 -287 -42 -38 -158 -427 -438 -173 -404 -322 -444 -309 -462 -397 -219 -519 0
512 -410 -128 -427 -404 -198 -145 -470 -488 -444 -397 -519 -56 -331 -524 -53 -416 0
417 -322 -438 -476 -288 -128 -58 -313 -213 -397 -372 0
-287 -9 -289 -192 -224 -500 -203 -216 -276 -145 -72 -244 -100 -438 -421 -78 -444 -372 -385 -313 -441 -173 -288 -476 0
436 -173 -385 -78 0
126 -287 -192 -224 -500 -216 -276 -145 -72 -100 -438 -421 -78 -444 -372 -385 -313 -441 -173 -288 -476 -171 -88 -198 -39 -427 -193 0
125 -171 -198 0
-287 -216 -192 -224 -145 -72 -100 -438 -78 -444 -372 -385 -313 -173 -288 -476 -171 -88 -198 -39 -427 -193 -128 -213 -25 -97 -404 -58 0
228 -192 -25 -168 -128 -97 -404 -24 -444 -397 -58 -213 -224 -145 -72 -100 -438 -372 -385 -313 -173 -288 -476 -171 -88 -198 -427 -193 -453 0
-90 -325 -453 -234 -217 -115 -237 -152 -242 -404 -274 -72 -246 -125 -198 -192 -88 0
219 -308 -274 -192 -404 -264 -152 0
218 -115 -242 -366 -338 -274 -420 -404 -264 -234 -192 0
-192 -173 -242 -72 -420 -404 -338 -198 -88 -97 -25 -128 -372 -100 -438 -288 -453 -444 -381 -58 -397 -416 -227 -168 -24 -213 -224 -145 -385 -313 -476 -171 -427 -193 0
192 -227 -416 -38 -397 -198 -444 -158 -410 -88 0
-264 -234 -115 -338 -163 -242 -420 -394 -365 -262 -192 0
-158 -410 -56 -404 -128 -444 -397 -416 -224 -145 -427 -198 -488 -470 -519 -331 -524 -53 0
276 -212 -470 -410 -131 -128 -71 0
211 -216 -224 -192 -430 -287 -145 -100 -438 -276 -78 -444 -385 -313 -500 -173 -288 -171 -88 -198 -39 -427 -193 -488 -131 -470 -410 -128 0
-287 -173 -404 -430 -131 -97 -366 -470 -313 -410 -128 -224 -192 -145 -100 -438 -444 -385 -56 -288 -171 -88 -198 -427 -193 -488 -227 -416 -397 -58 0
59 -372 -173 -438 -227 -385 -416 -410 -397 -211 0
-372 -211 -192 -173 -476 -404 -338 -198 -88 -97 -25 -128 -100 -438 -288 -444 -381 -58 -397 -416 -227 -224 -145 -385 -313 -171 -427 -193 -488 -131 -470 -410 -430 0
-211 -440 -397 -128 -444 -58 -410 -192 -173 -476 -404 -338 -198 -88 -97 -25 -100 -438 -288 -381 -416 -227 -224 -145 -385 -313 -171 -427 -193 -488 -131 -470 -430 0
-173 -25 -128 -97 -404 -444 -397 -58 -224 -145 -100 -438 -385 -313 -192 -288 -171 -88 -198 -427 -193 -227 -131 -416 -470 -410 -338 -381 -488 -430 -366 -56 0
-264 -192 -404 -128 -488 -470 -410 -444 -397 -224 -145 -198 -427 -416 -56 -519 -331 -524 -53 0
-171 -59 -379 -397 -524 -519 -53 -193 -512 -125 -170 -198 0
245 -73 -272 -434 -135 -145 -138 0
236 -373 -246 -272 -145 -40 -300 -24 -138 -25 0
-288 -494 -145 -140 -99 -348 -153 -313 -404 -476 -235 -246 -272 -40 -300 -24 -138 -25 -128 -439 -286 0
212 -193 -364 -348 -404 -145 -138 -128 -488 -470 -308 -461 -410 -218 -438 -444 -519 -524 -397 -385 -210 -53 -512 -125 -379 -170 -198 0
-171 -212 -224 -145 -438 -444 -385 -173 -488 -470 -410 -192 -128 -38 -416 -379 -331 -53 -427 -193 -519 -397 -512 -125 -524 -170 -198 0
-193 -385 -404 -488 -128 -470 -308 -410 -218 -438 -444 -519 -524 -397 -53 -512 -224 -145 -348 -173 -192 -38 -416 -379 -331 -427 -125 -170 -198 -364 -138 -461 -210 0
193 -170 -512 -125 -53 0
-171 -308 -404 -488 -128 -470 -524 -410 -218 -444 -519 -397 -53 -512 -224 -145 -348 -192 -38 -416 -379 -331 -427 -125 -170 -198 -364 -138 -461 -210 0
-438 -308 -488 -128 -470 -404 -410 -218 -444 -519 -524 -397 -53 -512 -224 -145 -348 -192 -38 -416 -379 -331 -427 -125 -170 -198 -364 -138 -461 -210 0
65 -348 -128 -404 -178 -25 -134 -235 -40 0
127 -276 -246 -145 -40 -300 -24 -138 -25 -235 -331 -404 -130 -348 -70 -464 0
275 -464 -246 -145 -40 -300 -24 -138 -25 -235 -331 -404 -130 -348 -70 0
-276 -503 -300 -130 -99 -24 -495 -145 -427 -160 -404 -140 -128 -246 -40 -138 -25 -235 -331 -348 -70 -464 0
-192 -410 -404 -128 -427 -331 -416 -488 -470 -145 -444 -519 -524 -397 -53 -224 -198 -56 0
-171 -173 -219 -444 -488 -462 -470 -419 -410 -128 -438 -309 -385 -416 -379 -331 -53 -427 -519 -397 -512 -125 -524 -170 -198 0
129 -453 -455 -233 -295 -416 -117 -331 -242 -130 -364 -23 -276 -404 -25 -235 -476 -439 0
132 -272 -209 -145 -246 -177 -300 -71 -68 -23 0
32 -154 -215 -484 -51 0
171 -438 -145 -404 -128 -56 -416 -331 -209 -364 -276 -488 -470 -419 -309 -462 -410 -219 -137 -444 -379 -519 -524 -397 -193 -53 -512 -125 0
-438 -219 -53 -444 -488 -462 -470 -419 -410 -128 -309 -416 -379 -331 -427 -519 -397 -125 -524 -170 -198 -145 -404 -56 -209 -364 -276 -137 0
333 -235 -404 -56 218 -154 -51 -252 -416 -337 0
-410 -519 -331 -56 -416 -470 -444 -397 -524 -404 -53 -198 -488 -128 -427 -145 -224 0
136 -327 -416 -337 -331 -349 -180 -252 -246 0
245 -349 -241 -115 -430 -337 -140 -331 -416 -327 -312 -180 -145 0
185 -511 -38 -331 -198 -180 -171 -246 -241 -115 -430 -337 -140 -416 -312 -145 -452 -455 -498 -295 0
23 -385 -171 -246 -180 -331 -312 -416 -438 -252 -174 -329 -498 -38 -198 -430 -140 -145 -455 -151 -380 -365 -309 -264 -444 410 0
169 -512 -166 -501 -385 -336 -313 -174 -495 -66 -312 -42 -180 -145 -203 -300 -246 0
332 -300 -322 -66 -416 -53 -198 -524 -397 -38 -313 -171 -166 -501 -385 -336 -174 -495 -312 -180 -145 -203 -246 0
-512 -513 -524 -397 -53 -171 -198 -166 -501 -385 -336 -313 -174 -495 -66 -312 -180 -145 -203 -300 -246 0
-385 -180 -312 -145 -246 -171 -524 -397 -53 -198 -166 -501 -336 -174 -66 -203 -438 -416 -331 -322 -38 -22 -252 -329 -498 -430 -140 -455 -151 -380 -365 -309 -264 -444 410 0
385 -174 -524 -438 -53 0
299 -272 -151 -217 -9 -312 -264 -235 -162 -192 -56 -65 -494 -460 -435 -42 -22 0
172 -511 -235 -38 -331 -198 -171 -246 -25 -115 -430 -241 -140 -416 -312 -145 -455 -498 -444 410 -375 -22 -298 -151 -9 -264 -162 -192 -56 -435 -441 -438 -288 0
-170 -512 -145 -246 -171 -524 -397 -53 -198 -166 -336 -438 -416 -331 -38 -22 -498 -140 -151 -365 -264 -444 410 -235 -375 -56 -441 -312 -519 -193 -59 0
-512 -375 -235 -336 -182 -416 -215 -331 -53 -198 -524 -397 -38 -246 -145 -171 -166 -438 -22 -498 -140 -151 -365 -444 410 -264 -56 -441 -312 -519 -193 -59 0
178 -232 -235 -217 -460 -287 -465 -22 -430 -494 -140 -508 -162 -326 -312 0
-59 -22 -182 -336 -247 -235 -140 -312 -438 -215 -145 -416 -246 -331 -171 -53 -198 -524 -397 -38 -166 -498 -151 -365 -444 410 -264 -56 -519 -193 -128 0
513 -22 410 -444 -151 -312 -264 -235 -56 -25 -145 -455 -246 -500 -171 -203 -198 -438 -215 -173 -385 -38 -226 -331 0
178 -111 -166 -30 -313 -435 -298 -336 -22 -235 -217 -460 -232 -287 -430 -465 -140 -162 -326 -312 -215 -203 -500 -455 -452 0
130 -215 -128 -140 -336 -235 -145 -416 -331 -171 410 -444 -151 -264 -56 -198 -438 -38 -53 -397 -182 -247 -524 -365 -519 -193 -71 0
23 -287 -212 -128 -25 -368 -404 -217 -313 -247 -235 -507 -430 -53 -365 -198 -524 -397 -488 -511 -264 -470 -331 -460 -130 0
237 -232 -465 -343 -287 -203 -173 -215 -438 -336 -388 -187 -154 -495 -140 -212 -452 -162 -128 -326 -312 -375 -179 -64 -25 0
-287 -162 -140 -430 -336 -235 -203 -215 -438 -388 -154 -212 -452 -128 -312 -179 -25 -385 -416 -435 -42 -331 -298 -130 -22 -368 -404 -217 -313 -247 -507 -53 -365 -198 -524 -397 -488 -511 -264 -470 -460 0
153 -117 -381 -270 -97 -56 -44 0
-170 -385 -247 -235 -128 -368 -151 -56 -430 -264 -488 -312 -444 410 -470 -71 -22 -365 -130 -524 -331 -53 -140 -336 -203 -215 -438 -25 -224 -416 -404 -198 -397 -145 -246 -171 0
170 -246 -130 -53 -71 -198 -524 -397 -331 0
236 -287 -53 -438 -182 -524 -42 -240 -137 -452 -416 -331 -23 -179 -130 -312 -470 -162 -488 -140 -430 -336 -247 -25 0
-287 -312 -128 -25 -404 -247 -235 -151 -56 -430 -264 -488 -444 410 -470 -71 -368 -365 -130 -524 -331 -53 -140 -336 -203 -215 -438 -224 -416 -198 -397 -145 -246 -171 -182 0
436 -227 -416 -58 -397 -173 -385 0
-312 -246 -274 -404 -171 -397 -524 -519 -53 -193 -198 -416 -215 -438 -488 -235 -470 -71 -365 -128 -368 -130 -247 -151 -56 -444 410 -331 -140 -336 -224 -145 -264 -182 0
-192 -210 -474 -177 -264 -365 -191 0
192 -97 -151 -381 -217 -89 0
24 -329 -45 -474 -151 -365 -217 -264 -309 -89 -455 -452 -325 -368 -212 -524 -416 -128 -42 -331 -460 -374 -298 -130 0
237 -23 -128 -368 -404 -217 -151 -89 -53 -397 -58 -212 -25 -45 -474 -365 -264 -455 -452 -325 -524 -416 -42 -331 -460 -298 -130 0
-287 -137 -240 -419 -455 -452 -316 -325 -416 -331 -130 -470 -162 -488 -140 -430 -336 -25 -235 -128 -368 -404 -217 -151 -89 -53 -397 -58 -212 -45 -474 -365 -264 -524 -42 -460 -298 -313 -247 -507 -198 -511 0
23 -330 -45 -455 -401 -240 -272 -444 410 0
127 -135 -272 -73 -145 245 -251 -168 -117 -503 -416 -217 -381 -264 -274 -404 -192 -308 -397 -97 -58 -368 -212 0
191 -264 410 -444 0
24 -65 -438 -140 -430 -336 -385 -511 -416 -331 -130 0
-162 -287 -419 -455 -452 -137 -240 -416 -331 -130 -470 -488 -140 -430 -336 -25 -235 -128 -368 -404 -217 -151 -89 -53 -397 -58 -212 -45 -474 -365 -264 -524 -42 -460 -298 -313 -247 -507 -198 -511 -438 -182 -23 236 0
-287 236 -385 -419 -455 -452 -137 -416 -331 -130 -470 -488 -140 -430 -336 -25 -235 -128 -368 -404 -217 -151 -89 -53 -397 -58 -212 -365 -264 -524 -460 -313 -247 -198 -511 -182 -23 -438 -203 -215 -171 -56 218 0
236 -23 -241 -274 -404 -171 -397 -524 -519 -53 -193 -198 -416 -215 -438 -488 -235 -470 -71 -365 -128 -368 -130 -247 -151 -56 -444 410 -331 -140 -336 -224 -264 -182 -385 -511 -137 -89 -145 -381 -97 -307 0
-23 -192 -438 -416 -331 -130 -128 -336 -368 -404 -235 -274 -171 -397 -524 -519 -53 -193 -198 -215 -488 -470 -71 -365 -247 -151 -56 -444 410 -140 -224 -264 -182 -145 0
-287 -378 -100 -244 -247 -145 -212 -128 -25 -368 -404 -217 -313 -235 23 -430 -53 -365 -198 -524 -397 -488 -511 -264 -470 -331 -460 -130 0
-192 -247 -235 -145 -444 410 -274 -404 -171 -397 -524 -519 -53 -193 -198 -416 -215 -438 -488 -470 -71 -365 -128 -368 -130 -151 -56 -331 -140 -336 -224 -264 -182 0
146 263 -90 -460 -507 -474 0
333 -287 -368 -404 -151 -53 -397 -365 -264 -524 -416 -331 -130 -235 -274 -171 -519 -193 -198 -215 -438 -488 -470 -71 -247 -56 -444 410 -140 -336 -224 -145 -182 -128 -511 0
-287 -511 -397 -438 -53 -71 -198 -524 -331 -38 -488 -470 -416 -368 -404 -151 -365 -264 -235 -274 -171 -519 -193 -215 -247 -56 -444 410 -140 -336 -224 -145 -182 -128 0
-511 -71 -53 -198 -524 -397 -331 -438 -416 -38 -488 -470 -368 -404 -151 -365 -264 -235 -274 -171 -519 -193 -215 -247 -56 -444 410 -140 -336 -224 -145 -182 -128 0
511 -171 -524 -397 -198 -53 0
213 -323 -397 -416 -58 0
332 -151 -198 -524 -397 -331 -438 -416 -38 -488 -470 -368 -404 -365 -264 -235 -53 -171 -519 -193 -56 -444 410 -140 -224 -145 -128 -287 -130 0
276 -89 -191 -264 -365 -404 0
-274 -247 -404 -287 -53 -397 -365 -264 -524 -416 -331 -130 -235 -151 -171 -519 -193 -198 333 -438 -488 -470 -56 -444 410 -140 -336 -224 -145 -368 -128 0
274 -187 -388 -212 -154 -215 -128 0
-336 -151 -235 -404 -368 -53 -397 -365 -264 -524 -416 -331 -130 -287 -171 -519 -193 -198 333 -438 -488 -470 -56 -444 410 -140 -224 -145 -128 0
-151 -140 -404 -368 -53 -397 -365 -264 -524 -416 -331 -130 -287 -171 -519 -193 -198 -438 -488 -470 -56 -444 410 -235 -224 -145 -128 -38 0
245 -351 -251 -455 -452 -339 -114 -385 -58 -352 -173 -192 -264 -365 -191 -287 -65 -42 -298 -438 -23 -495 -160 -145 -100 0
246 -173 -385 -160 -438 -145 -100 0
-385 -215 -388 -203 -199 -182 -114 -58 -287 -65 -42 -298 -23 -495 -160 -145 -244 -438 -100 -77 0
385 -58 -397 -53 -524 -438 0
-140 -215 -287 -145 -438 -171 -416 -331 -130 -470 -488 -235 -404 -368 -53 -397 -365 -264 -524 -519 -193 -198 -56 -444 410 -224 -128 -38 0
-215 -130 -365 -404 -198 -128 -416 -331 -264 -470 -488 -287 -145 -438 -171 -235 -368 -53 -397 -524 -519 -193 -56 -444 410 -224 -38 0
-130 -365 -404 -287 -368 -53 -397 -235 -264 -524 -416 -331 -171 -519 -193 -198 -438 -488 -470 -56 -444 410 -224 -145 -128 -38 0
237 -274 -198 -524 -397 -331 -438 -416 -38 -488 -470 -368 -404 -365 -264 -235 -151 -171 -519 -193 -215 -336 -56 -444 410 -140 -53 -224 -145 -128 -287 -288 0
276 -227 -38 -198 -215 -191 -264 -365 -404 0
-274 -336 -404 -287 -128 -215 -235 -145 -416 -331 -171 410 -444 -140 -264 -56 -198 -438 -38 -53 -397 -151 -524 -365 -519 -193 -276 -488 -470 -368 -224 -288 0
274 -140 -235 -430 -404 -287 0
332 -336 -287 -128 -215 -235 -145 -416 -331 -171 410 -444 -140 -264 -56 -198 -438 -38 -53 -397 -524 -365 -519 -193 -151 -488 -470 -368 -224 -404 0
-336 -151 -128 -215 -235 -145 -416 -331 -171 410 -444 -140 -264 -56 -198 -438 -38 -53 -397 -404 -524 -365 -519 -193 -287 -488 -470 -368 -224 0
405 -336 -287 -235 -274 0
403 -519 -410 -416 -470 -444 -397 -524 -404 -53 -198 -488 -128 -56 -145 -331 0
-519 -518 -397 -444 -368 -410 -331 -416 -470 -524 -404 -198 -488 -128 -56 -145 -287 -235 -151 -53 0
236 -346 -502 -145 -172 -385 -60 -213 -203 -215 -227 -168 -416 -274 -397 -140 -444 -432 -336 -315 -287 0
59 -182 -309 -408 -381 -151 -97 -444 -200 -396 -203 -198 -215 -38 -227 -416 -385 -397 -410 -438 -372 -172 0
398 -191 -455 -453 -252 -376 -338 -420 -232 -242 -264 -365 -56 -309 -381 -151 -89 -97 -444 0
-217 -191 -455 -453 -252 -376 -338 -420 -242 -232 -264 -365 -56 -309 -381 -151 -89 -97 0
217 -89 -264 -408 -396 -444 -309 0
-191 -217 -381 -420 -397 -264 -416 -455 -453 -252 -338 -242 -376 -365 -56 -309 -151 -89 -97 0
-89 -242 -168 -215 -227 -145 -416 -502 -397 -315 -200 -444 -408 -396 -264 -381 -420 -455 -453 -252 -338 -203 -365 -56 -309 -151 -97 -102 -438 -372 -439 -128 -368 0
89 -38 -410 -397 -198 -444 -416 -227 -264 0
415 -351 -445 -285 -116 -203 -162 -502 -215 -77 -234 -227 0
263 -382 -453 -455 -400 -44 -445 -116 -381 -215 -397 -331 -416 -285 -203 -162 -502 -77 -234 -227 -444 -338 -408 -420 -396 0
-336 -453 -145 -315 -455 -444 -408 -420 -264 -381 -215 -397 -331 -416 -203 -227 -338 -438 -372 -128 -368 -72 -97 -274 -151 -140 -432 -168 -365 -56 -102 -410 -198 -42 -287 -288 -235 -385 -60 -213 -429 -404 0
194 -130 -274 -140 -444 -235 -287 -145 -215 -397 -331 -416 -438 -128 -368 -151 -365 -56 -410 -198 -42 -429 -404 -524 -53 -470 -511 -264 -488 0
54 -410 -444 -511 -397 -198 -524 0
-192 -151 -145 -171 -215 -416 -397 -198 -438 -404 -287 -235 -444 -488 -410 -470 -140 -331 -128 -368 -365 -524 -53 -264 0
-217 -151 -410 -264 -381 -444 192 -97 0
-151 -410 -397 -198 -444 -416 -264 -404 -235 -145 -171 -215 -438 -287 -488 -470 -140 -331 -128 -368 -365 -524 -53 0
442 -431 -488 -470 -518 -410 -314 0
-410 -444 -264 -404 -365 -488 -470 -287 -235 -397 -198 -416 -145 -171 -215 -438 -140 -331 -128 -368 -524 -53 0
237 -288 -128 -368 -215 -235 -145 -331 -171 -444 -140 -264 -151 -198 -438 -53 -397 -404 -524 -365 -287 -488 -470 -192 -416 0
-288 -192 -287 -128 -215 -235 -145 -416 -331 -171 -444 -140 -264 -198 -438 -53 -397 -524 -365 -151 -488 -470 -368 -404 0
-192 -151 -235 -404 -128 -215 -145 -416 -331 -171 -444 -140 -264 -198 -438 -53 -397 -524 -365 -287 -488 -470 -368 0
174 -177 -354 -485 -339 -68 -351 -212 -283 -59 0
-336 -30 -354 -368 -201 -128 -287 -524 -438 -53 -2 -151 -416 -171 -365 -264 -404 -331 -397 -198 -519 -215 -235 -145 -444 -140 -488 -470 -335 0
276 -38 -125 -331 -198 -511 -215 -191 -264 -365 -404 0
-519 -151 -128 -524 -438 -53 -287 -235 -368 -416 -171 -365 -264 -404 -331 -397 -198 -215 -145 -444 -140 -488 -470 0
-151 -444 -235 -287 -331 -128 -524 -438 -53 -368 -416 -171 -365 -404 -397 -198 -215 -145 -264 -140 -488 -470 0
333 -498 -438 -495 -444 410 -203 -385 -215 -58 -287 -42 -182 -199 -65 -160 -145 -114 -100 -171 -233 -511 -416 0
417 -233 -388 -154 -215 -33 -199 -331 0
-38 -160 -145 -438 -385 -171 -198 -287 -114 -465 -226 -331 -495 -444 410 -215 -182 -199 -65 -233 -416 -71 -404 -365 -53 -397 -235 -264 -524 -368 -488 -470 -56 -224 -128 -193 0
-192 -56 -128 -368 -331 -416 -198 -145 -438 -171 -444 -215 -404 -365 -53 -397 -235 -264 -524 -488 -470 -287 -140 0
-193 -385 -145 -438 -171 -198 -287 -331 -444 -215 -416 -404 -365 -53 -397 -235 -264 -524 -368 -488 -470 -56 -128 -140 0
523 -23 -495 -298 -438 -42 0
-56 -444 -438 -171 -198 -287 -331 -145 -215 -416 -404 -365 -53 -397 -235 -264 -524 -368 -488 -470 -128 -140 0
304 -53 -524 0
-519 -275 -128 -368 -404 -331 -410 -444 -397 -524 -53 -198 -145 0
-192 -38 -17 -453 -145 -287 -315 -235 -444 -171 -198 -264 -404 -464 -97 -416 -227 -331 -368 -215 -128 -89 -365 -275 0
-38 -275 -264 -404 -331 -198 -511 -215 -365 -17 -453 -145 -287 -315 -235 -444 -171 -464 -97 -416 -227 -368 -128 -410 -397 0
-171 -368 -404 -128 -264 -331 -198 -215 -365 -145 -287 -235 -444 -410 -397 -524 -53 -438 0
-519 -274 -410 -331 -513 -53 -198 -524 -397 -287 -128 -264 -235 -368 -126 -444 -404 -145 0
519 -513 -438 -53 -397 -287 -524 -331 0
-368 -235 -331 -53 -198 -524 -397 -287 -128 -264 -410 -444 -404 -145 -438 -215 -365 0
192 -308 -218 0
-171 -235 -365 -444 -410 -287 -264 -404 -428 -53 -397 -198 -524 0
-274 -322 -60 -488 -470 -410 -444 -232 -158 -465 -88 -113 -264 -287 -235 405 0
-235 -128 -444 -365 -410 -264 -215 -287 -438 -331 -53 -524 -198 -397 -404 -145 0
-173 212 -165 -9 -182 -217 -326 -153 -56 -6 -295 -71 -455 -209 -203 -350 -453 -175 -232 -29 -178 -145 -244 -117 -372 -100 -381 -438 -287 -397 -58 -337 -130 -331 -249 -511 -476 0
-519 -192 -365 -394 -262 -264 -331 -438 -182 -153 -71 -455 -203 -178 -145 -287 -397 -249 -511 -250 -410 -444 -128 -368 -518 -524 -404 -53 -198 0
443 -421 -145 -502 -172 -385 -178 -71 -131 -470 -350 -215 -410 -338 -227 -419 -416 -460 -397 -315 0
211 -173 -378 -24 -149 -215 -102 -388 -154 -374 -175 -438 -416 -128 -69 -227 -397 -460 -385 -288 -313 -476 -372 -213 0
23 -316 -145 -178 -244 -272 -133 -298 -73 0
-78 -77 -178 -494 -374 -24 -145 -244 -133 -298 -73 -32 -484 -378 -102 -438 -310 -173 -385 0
129 -244 -145 -178 -438 -133 -298 -73 -372 -24 -439 -374 0
233 -494 -145 -102 -178 -203 -215 -227 -56 -175 -374 -133 -298 -438 -385 -153 -97 -368 -128 -439 -71 -131 -338 -470 -419 -410 -444 -502 -172 -416 -460 -397 -315 -165 0
-476 -234 -56 -153 -97 -178 -368 -128 -145 -438 -374 -250 -209 -71 -131 -338 -175 -470 -419 -410 -315 -203 -444 -60 -215 -397 -331 -464 -416 -9 -102 -227 -385 -460 -165 -334 -42 -288 -287 0
-234 -131 -385 -178 -71 -145 -470 -215 -410 -338 -227 -419 -416 -460 -397 -315 -165 -444 -488 -518 -56 -153 -97 -368 -128 -438 -374 -250 -209 -175 -203 -60 -331 -464 -9 -102 -334 -42 -288 -287 0
312 -244 -145 -178 -160 0
-192 -518 -71 -334 -287 -410 -444 -215 -397 -145 -368 -128 -438 -203 -331 -42 -53 -524 -365 -262 -264 -182 -455 -511 -404 -198 0
-171 -71 -438 -145 -287 -410 -331 -53 -397 -524 -444 -404 -198 -128 -368 -334 -215 -365 -262 -264 -182 0
245 -71 -334 -287 -410 -444 -215 -397 -145 -368 -128 -438 -331 -53 -524 -365 -262 -264 -182 -404 -198 0
-274 -368 -287 -410 -215 -397 -145 -444 -128 -438 -331 -53 -524 -365 -264 -404 -198 0
-368 -128 -397 -198 -444 -264 -331 -365 -410 -404 -524 -53 -145 -287 -215 -438 0
436 -262 -365 -338 -242 -420 -394 -264 -192 -213 -464 -381 -128 -113 -397 -439 -385 -58 -372 -416 -227 0
-192 -125 -37 -397 -198 -227 -58 -130 -53 -524 -331 -172 -100 -438 -365 -242 -420 -394 -264 -213 -381 -128 -439 -372 -336 405 0
192 -217 -307 0
314 -58 -397 -198 -227 -37 -53 -524 -331 -100 -438 -365 -394 -264 -128 405 -287 -307 -430 -410 -444 0
90 -406 -444 -410 -518 -314 -394 -287 -477 -264 -512 405 -53 -365 -198 -524 -397 0
517 -227 -215 -264 405 -394 -397 -444 -307 -410 -287 -53 -365 -198 -524 -37 -331 -438 -128 0
443 -71 -131 -172 -385 -178 -145 -470 -502 -215 -410 -338 -227 -419 -416 -460 -397 -315 -165 -217 0
228 -453 -240 -329 -209 -318 -178 -145 -298 -130 -53 -71 -198 -524 -397 -331 -125 -203 -215 -37 0
101 -45 -153 -329 -56 -382 -31 -372 -154 -215 -51 -438 -378 0
43 -382 -453 -455 -329 -14 0
179 -9 -292 -11 -56 -153 -453 -455 -329 -14 -250 -351 -278 -149 -113 -464 -438 -378 -102 -372 -154 -215 -51 -73 -209 -472 -145 -318 -310 -244 0
-192 -102 -145 -171 -53 -198 -524 -397 -331 -178 -455 -329 -250 -438 -215 -203 -227 -240 -37 -374 -128 -439 -42 -475 -287 -410 -315 -444 -172 -385 -502 -394 -264 405 -365 0
-227 405 -264 -198 -215 -37 -397 -444 -307 -145 -53 -524 -331 -178 -250 -438 -128 -287 -410 -394 -365 -124 -25 0
174 -502 -56 -167 -298 -192 -264 -365 -191 -232 -145 -117 -350 -137 -250 -453 -326 -178 -291 -224 -377 -100 -438 -372 -128 -68 -213 -385 -287 -58 0
-29 -6 -334 -326 -187 -71 -388 -295 -350 -404 -453 -298 -173 -178 -145 -412 -117 -372 -100 -438 -287 -397 -58 -385 -137 -133 -73 -465 -232 -153 -213 -182 -56 -165 -209 -337 -130 -331 -249 -511 -476 -193 -128 -124 -198 -192 -264 -365 -191 -291 -224 -377 -167 -250 -68 -30 0
442 -192 -264 -365 -191 -438 -68 -173 -213 -167 -287 -322 -145 -334 -326 -187 -71 -295 -350 -404 -453 -178 -412 -372 -397 -385 -137 -73 -465 -232 -153 -182 -56 -165 -209 -337 -130 -331 -249 -511 -193 -128 -124 -198 -291 -224 -377 -250 -30 -42 -432 -519 -408 0
-192 -322 -145 -198 -465 -444 -519 -232 -397 -264 -365 -438 -287 -326 -187 -404 -178 -331 -128 -124 -291 -250 -132 -339 -410 -394 -524 -513 -77 -98 405 -53 0
125 -113 -465 -418 -438 -410 -372 -439 -128 405 -264 -435 -22 -90 -198 -42 0
-125 -394 -407 -264 -519 -90 -193 -198 -170 -124 0
174 -435 -418 -438 -410 125 -372 -128 405 -264 -465 -22 -90 -198 -42 -385 -287 0
-435 -372 -465 -418 -438 -410 125 -199 -128 405 -264 -22 -90 -198 -42 -64 -287 -173 -385 0
-372 -418 -438 -410 -322 -287 -285 -173 -314 -30 -145 -465 125 -199 -128 405 -264 -22 -90 -198 -42 -64 -385 0
268 -83 -44 0
-128 -410 -438 -287 -145 -264 -198 -215 -524 -53 -397 -444 -365 -404 -331 0
403 -125 -444 -410 -287 -264 -404 -53 -397 -198 -524 -191 -331 -365 -215 -275 0
-125 -90 -397 -444 -198 -410 -331 -264 -53 -524 -215 -275 -404 -287 -365 0
-90 -368 -404 -198 -331 -444 -410 -264 -53 -524 -397 -215 -275 -287 -365 0
443 -372 -385 -202 -193 -226 -125 -331 -287 -198 -488 -438 -511 -470 -335 -159 -410 -212 -187 -397 -388 -154 0
-173 -112 -141 -241 -5 -296 -335 -455 -432 -501 -78 -385 -58 -438 -172 0
-112 -455 -5 -296 -241 -501 -432 -518 -385 -58 -141 -335 -78 -438 -172 0
-227 442 -470 -410 -488 -335 -5 -296 -241 -385 -58 -141 -438 -202 -193 -175 -125 -287 -198 -67 -511 -331 -226 -416 0
442 -125 -331 -470 -410 -488 -335 -5 -241 -385 -141 -438 -202 -193 -175 -72 -287 -198 -511 -226 -416 -418 -212 -461 -218 0
372 -511 -287 -159 -440 -410 0
-125 -385 -444 -202 -193 -226 -372 -331 -287 -198 -488 -438 -511 -470 -335 -159 -410 -212 -397 -388 -154 -5 -241 -141 -175 -72 -416 -418 -461 -218 0
-410 -331 -198 -444 -287 -438 -397 -264 -404 -215 -365 -53 -524 -145 0
403 -235 -198 -287 -444 -145 -215 -404 -365 -53 -397 -331 -264 -524 -128 -438 -171 -227 -429 0
-90 -128 -331 -287 -215 -404 -198 -444 -145 -365 -53 -397 -264 -524 -438 -171 -227 -429 -88 0
-53 -524 -287 -410 -264 -198 -128 -145 -215 -397 -444 -365 -438 -331 0
-524 -215 -416 -172 -397 -385 -287 -410 -264 -198 -128 -145 -438 -444 -365 -331 0
409 -460 -444 -419 0
443 -395 -163 -518 -232 -315 -217 0
-215 -372 -365 -475 -410 -128 -444 -385 -227 -439 -416 -264 -171 -198 -125 -438 -54 -172 -397 -287 -145 -331 0
-90 442 -275 -404 -365 -410 -264 -444 -381 -97 0
442 -97 -264 -410 -444 -171 -287 -365 -53 -397 -198 -524 -128 -275 -381 0
403 -191 -397 -198 -227 -416 -444 -264 -365 -410 -275 -171 -287 -53 -524 0
114 -472 -208 -203 -265 -500 -148 0
211 -178 -245 -316 -101 -382 -518 -453 -432 -455 -475 -335 -113 -208 -203 -265 -177 -69 -60 0
-90 -407 -518 -145 -60 -444 -322 -455 -475 -203 -385 -131 -172 -125 -198 -438 -410 -372 -264 -439 -365 -128 -97 -275 -397 -227 -416 -171 -287 -53 -524 -461 -218 0
-53 -524 -145 -264 -171 -198 -410 -444 -365 -397 -287 -416 -128 -331 -475 -385 -172 -125 -438 -372 -439 -227 -54 0
-524 -372 -416 -172 -397 -385 -145 -264 -171 -198 -410 -444 -365 -287 -128 -331 -475 -125 -438 -439 -227 -54 0
-372 -145 -444 -410 -264 -385 -128 -227 -439 -416 -171 -198 -438 -54 -172 -397 -475 -365 -287 -331 -125 0
-274 -404 -264 -218 -97 -287 -430 -410 -444 -171 -365 -53 -397 -198 -524 -416 -128 -488 -470 -56 -145 -331 -89 -275 0
-53 -524 -89 -365 -218 -287 -410 -444 -171 -397 -198 -264 -416 -128 -145 -331 -275 -469 -304 -54 0
-524 -304 -172 -385 -438 -89 -365 -218 -287 -410 -444 -171 -397 -198 -264 -416 -128 -145 -331 -469 -54 0
-145 -365 -264 -444 -198 -227 -416 -171 -172 -385 -438 -287 -410 -397 -128 -331 -54 -159 -439 -475 -125 0
-275 -274 -400 -455 -410 -131 -160 -287 -518 -502 -109 -264 -472 -28 -97 -227 -416 -444 -171 -365 -53 -397 -198 -524 -128 -89 -381 0
192 -218 -264 -89 -444 -287 -288 -235 -410 -151 -381 -97 -518 0
190 -394 -235 -309 -264 0
443 -309 -192 -235 -264 -438 -371 -410 -470 -131 -518 -444 -213 -128 -427 126 -193 -369 -400 -175 -472 -215 -227 -416 -397 0
219 -192 -410 -470 -488 -518 -444 -475 -235 -264 -438 -131 -128 -427 126 -193 -400 -175 -472 -215 -227 -416 -397 -439 -368 -28 -97 -151 0
-218 -235 -385 -160 -472 -140 -215 -518 -227 -416 -287 -397 -264 -438 -444 -410 -470 -488 -131 -128 -427 126 -193 -368 -28 -97 -151 -365 -89 -288 -381 0
403 -140 -28 -97 -444 -410 -264 -381 -385 -160 -472 -287 -215 -518 -227 -416 -397 -438 -131 -128 126 -193 -365 -89 -288 -171 -53 -198 -524 0
517 -284 -172 -115 -438 -365 -128 -192 -394 -420 -264 -338 -213 -464 -381 -113 -262 -397 -439 -385 -372 -416 -227 -432 0
232 -484 -331 -154 -215 -416 -33 0
477 -154 -438 -385 -172 -351 -234 -331 -160 -215 -416 -56 -168 -153 -502 -109 -97 -28 -334 -313 0
442 -394 -410 -444 405 90 -475 -287 -518 -264 -512 -53 -365 -198 -524 -397 -438 -385 -172 -351 -234 -331 -160 -215 -416 -168 -502 -109 -97 -28 -334 0
219 -460 -472 -203 -215 -227 -416 -400 -397 -444 -410 405 -475 -287 -264 -53 -365 -198 -524 -438 -385 -172 -351 -331 -160 -168 -502 -109 -97 -28 -334 -192 -307 0
476 442 -470 -488 -410 -518 0
-192 -274 -385 -172 -502 -28 -438 -331 -160 -215 -416 -109 -97 -475 -287 -410 -444 -472 -203 -227 -400 -397 405 -264 -53 -365 -198 -524 0
443 -330 -371 -410 -125 -264 -193 -198 -124 -419 -89 -444 -287 -288 192 -381 -97 -518 -153 -187 -154 0
-274 -89 -444 -125 -264 -193 -198 -410 -287 -288 -381 -97 -128 -472 -227 -416 -28 -397 -385 -438 -331 -160 -109 -53 -365 -524 -171 0
-89 -193 -365 -444 -125 -264 -198 -410 -287 -288 -381 -97 -128 -472 -227 -416 -28 -397 -385 -438 -331 -160 -109 -53 -524 -171 0
-53 -524 -416 -128 -397 -444 -410 -264 -171 -287 -365 -198 -227 -125 -159 -288 -385 -438 -331 -54 0
-524 -365 -416 -397 -385 -128 -444 -410 -264 -171 -287 -438 -198 -227 -125 -159 -288 -331 -54 0
-365 -444 -288 -264 -128 -410 -287 -385 -227 -416 -171 -198 -125 -438 -54 -397 -159 -331 0
403 -192 -410 -131 -470 -502 -171 -488 -242 -198 -518 -227 -416 -287 -397 -444 -56 -42 -264 -404 -97 -128 -429 -275 0
236 -389 -400 -455 -327 -240 -438 -418 -371 -70 -410 -131 -470 -488 -375 -518 -407 -249 -394 -287 0
246 -316 -133 -178 -136 0
411 -246 -70 -102 -131 -438 -470 -371 0
245 -316 -133 -178 -136 0
-476 -146 -400 -208 -438 -240 -178 -136 -176 -131 -470 -213 -410 -70 -371 -375 -25 -518 -314 -42 -475 -287 0
409 -431 -518 -488 -407 -60 -444 -322 -470 -213 0
-431 -327 -178 -375 -70 -131 -438 -470 -371 -25 -518 -488 -410 -407 -60 -444 -322 -213 0
443 -208 -400 -438 -240 -136 -176 -131 -470 -213 -410 -70 -371 -375 -518 -42 -475 -287 -488 -444 -97 -153 -218 -308 -237 -455 -418 -249 -394 -227 -416 -397 0
-192 -470 -287 -488 -410 -518 -444 -400 -438 -240 -176 -131 -42 -475 -97 -455 -227 -416 -397 -264 -439 -128 -275 -404 -502 -171 -242 -198 -56 -429 0
-53 -524 -264 -89 -287 -410 -518 -444 -400 -438 -240 -176 -131 -42 -475 -227 -416 -397 -439 -128 -502 -171 -242 -198 -429 -195 -275 -54 0
-524 -89 -416 -172 -397 -385 -264 -438 -287 -410 -518 -444 -400 -240 -176 -131 -42 -475 -227 -439 -128 -502 -171 -242 -198 -429 -195 -275 -54 0
469 -114 -475 -444 -518 -232 -192 -264 -176 -347 -423 -322 -275 -128 -439 -370 -410 -131 0
263 409 -444 -192 0
372 -225 -338 -236 -232 -264 -192 -284 -245 -518 -502 -152 -97 -423 -161 -367 -128 -275 -347 -444 -248 -475 -430 -100 -59 -397 -410 -287 -511 -159 0
-444 -128 -264 -410 -397 -287 -511 -385 -227 -416 -198 -125 -438 -331 0
150 -472 -400 -438 -240 -172 -208 -385 -265 -112 0
-476 -208 -470 -438 -240 -400 -136 -131 -410 -70 -518 -42 -475 -287 -315 -172 -385 -265 -67 -439 -211 -97 -366 -128 -346 -151 -404 -237 0
476 -430 -518 -315 0
262 -274 -192 -219 -404 -236 0
-274 -56 -416 -331 -171 -115 -404 -298 -242 -236 -22 -192 -338 -462 -219 -418 -264 0
-470 -192 -240 -400 -131 -410 -518 -42 -475 -287 -315 -172 -385 -439 -211 -97 -128 -462 -219 -438 -264 -416 -331 -171 -115 -338 -418 -304 -469 0
276 -493 -336 -161 -347 -140 0
-192 -418 -462 -264 -219 -97 -128 -475 -125 -315 -227 -438 -198 -416 -171 -304 -53 -400 -410 -287 -172 -385 -439 -211 -331 -469 -380 0
-128 -511 -264 -125 -227 -438 -416 -410 -287 -385 -331 -397 -198 0
263 -432 -416 -227 -397 -385 -438 -518 -523 -470 -212 -410 276 -444 -192 0
409 -283 -385 -227 -502 -416 -30 -397 -315 -438 -444 -372 0
430 -455 -5 -58 -112 -432 -518 -385 -296 -141 -335 -438 -172 -227 -416 -397 0
437 -267 -353 -213 -172 -69 -145 -58 -100 -244 -149 -112 -385 0
349 -136 -356 -252 0
173 -322 -416 -234 -315 -349 -518 -283 -58 0
-476 -315 -338 -416 -502 -397 -385 -438 -172 -227 -518 -5 -131 -470 -212 -410 -444 -372 -195 -54 -97 -171 -198 -429 -264 -274 -192 276 -42 -475 -287 0
-173 430 -5 -240 -518 -385 -335 -438 -172 -227 -416 -397 -248 -237 -212 -264 -470 -410 276 -444 -192 -195 -304 -54 -372 -78 0
-315 -470 -410 -212 -5 -240 -518 -385 -438 -227 -416 -397 -264 276 -444 -192 -195 -54 -372 -287 -288 -338 -131 -97 -171 -198 -429 -274 -42 0
-173 -470 -489 -410 -304 -53 -438 -227 -385 -416 -397 -372 -58 -172 0
186 -271 -73 0
113 -329 -240 -271 -383 -209 -318 -178 -145 -245 -137 -355 -468 -176 -183 -150 0
-470 -97 -374 -338 -264 -464 -368 -125 -198 -227 -416 -171 -131 -410 -518 -444 -372 -397 -212 -438 -385 -54 -287 -288 -5 276 -192 -274 0
-173 -305 -227 -438 -416 -385 -54 -172 0
477 -430 276 -161 -347 -493 0
411 -271 -114 -383 -374 -131 -493 -518 -287 -288 276 -161 -464 -338 -264 -97 -368 -125 -198 -227 -416 -171 -305 -444 -54 -397 -423 -59 -212 0
-97 276 -416 -171 -198 -397 -264 -444 -192 -410 -374 -131 -518 -287 -288 -227 -464 -338 -368 -125 -54 -212 -372 -438 -385 -5 -274 0
53 -54 -438 -397 -227 -385 -416 -172 0
-430 -218 -74 -136 411 -131 -438 -470 -371 -502 -518 -203 -97 -500 -444 -113 -272 -42 -308 -160 -475 -287 -404 274 -432 0
-192 274 -232 -464 -113 -382 -327 -500 -455 411 -131 -438 -470 -371 -101 -5 -518 -502 -203 -97 -444 -272 -42 -160 -475 -287 -404 -338 -432 -264 0
274 -232 -368 -429 -444 -410 -397 -198 -227 -416 -264 -97 -464 -113 -382 -327 -500 -455 411 -131 -438 -470 -371 -101 -5 -518 -502 -203 -272 -42 -160 -475 -287 -404 -338 -432 0
-274 -444 -397 -198 -227 -416 -264 -275 -410 -171 -287 -524 -404 -374 -131 -518 -288 -464 -338 -368 -125 -54 -212 -372 -438 -385 -5 0
409 -444 -416 -173 -385 -397 -438 -227 -372 0
-444 -173 -410 -397 -198 -227 -416 -264 -464 -131 -438 -5 -518 -287 -338 -372 -368 -385 -212 -275 -171 -374 -288 -125 -54 0
328 -325 -178 -451 -310 -383 -44 0
-173 -171 -287 -416 -331 -264 -227 -385 -438 -372 -212 -159 -410 -397 -198 -5 -368 -275 -374 -288 -125 -54 0
409 -470 -385 -114 -264 -161 -404 -287 -518 -397 -198 -227 -416 -275 -410 -171 -444 -374 -131 -288 -464 -338 -368 -125 -54 -212 -372 -5 -59 -438 -159 0
-274 411 -493 -374 -131 -114 -518 -287 -288 -383 -161 -464 -338 -264 -368 -125 -198 -227 -416 -171 -271 -444 -54 -397 -423 -59 -212 -275 -410 -404 -372 -438 -385 -5 0
-470 -404 -264 -410 -518 -287 -493 -374 -131 -114 -288 -383 -161 -464 -338 -368 -125 -198 -227 -416 -171 -271 -444 -54 -397 -423 -59 -212 -275 -372 -438 -385 -5 -159 0
-404 -444 -416 -171 -198 -264 -410 -518 -287 -493 -374 -131 -114 -288 -383 -161 -464 -338 -368 -125 -271 -227 -54 -397 -423 -59 -212 -275 -372 -438 -385 -5 -159 0
411 -187 -444 -397 -216 -59 -275 -212 -271 -493 -374 -131 -114 -518 -287 -288 -383 -161 -464 -338 -264 -97 -368 -125 -198 -227 -416 -171 -305 -54 -423 0
44 -328 -455 -444 409 -266 -252 -297 -270 0
311 -180 -245 -70 0
237 -389 -455 -451 -480 -187 -270 -310 -245 -70 -447 -57 -152 -218 -192 0
179 -267 -148 -473 -176 -203 -506 -50 -509 -133 -32 -327 -316 0
330 -32 -480 -389 -270 -45 -310 -178 -148 -473 -176 -203 -506 -50 -509 -133 -187 -327 -400 -383 0
328 -480 -187 -389 -199 -270 -240 -45 0
-444 -114 -464 -383 -161 -275 -518 -264 -59 -212 -159 -410 -397 -271 -493 -374 -131 -287 -288 -338 -368 -125 -198 -227 -416 -171 -54 -423 -372 -438 -385 -5 0
409 -305 -287 -227 -416 -171 -198 -404 -518 -397 -444 0
-304 -305 -287 -198 -438 -397 -227 -385 -416 -54 -404 -171 0
304 -54 -416 -397 0
-331 -171 -198 -227 -416 -264 -274 -410 -397 -287 -444 -404 -131 -518 -54 -438 -385 0
331 -227 -416 0
-410 -264 -444 -397 -287 -198 -227 -416 -171 -54 -438 -385 -511 0
276 -39 -217 -381 -97 -198 -191 -429 -264 -404 0
58 -322 -313 -518 -212 0
213 -28 -97 -368 -313 -128 -397 -416 -58 0
403 -49 -199 -272 -184 -297 -5 -128 -212 -97 -368 -313 -397 -416 -58 -365 -88 -198 -400 -39 -474 -438 -444 -287 -331 -404 -215 -53 -140 -264 -524 -385 -488 -470 -56 -171 -193 0
-274 -5 -494 -131 -460 -272 -160 -212 -397 -416 -58 -313 -475 -264 -287 -404 -97 -368 -88 -198 -400 -39 -438 -444 -331 -53 -524 -385 -488 -470 -56 -171 -193 -327 -452 -464 -113 -500 -216 -276 0
274 -113 -464 -287 -232 -217 -191 -264 -388 -404 -216 0
405 -349 -466 -416 -404 -171 -331 -274 -462 -56 -338 -242 -418 -264 -446 -224 -160 -23 -184 -474 -272 -439 -365 -191 -128 -266 -212 -397 -58 -150 -313 -42 -475 -287 -217 -179 -336 0
314 -192 -217 -151 -235 -97 -287 -28 0
5 -466 -287 -381 -198 -39 -444 -404 -53 -397 -264 -524 -438 -171 -227 -97 -416 -274 -56 -224 -160 -184 -474 -272 -58 -150 -179 -336 410 -297 0
437 -58 -416 -397 -53 -524 -198 -287 -264 -404 -39 -97 -438 -444 -385 -488 -470 -56 -171 -193 -327 -216 -381 -227 -224 410 -232 -78 0
403 -347 -287 -288 -313 -217 -97 -381 -198 -39 -284 -444 -215 -365 -404 -53 -397 -331 -264 -524 -128 -438 -171 -227 0
-235 -365 -474 -264 -192 -191 -460 -71 -114 -131 -464 -470 -161 -232 -488 -140 -217 -284 -430 -518 -493 -475 -287 -274 405 0
-315 -178 -375 -71 -131 -67 -271 -175 -365 -474 -264 -192 -191 -161 -464 -493 -114 -334 -42 -475 -287 -518 -430 -313 0
169 -352 -419 -338 -75 -175 -271 -474 -147 -100 -300 -246 0
-274 -271 -171 -419 -338 -100 -131 -470 -161 -488 -493 -430 -375 -67 -264 -191 -464 -114 -287 -518 -313 -460 -232 -217 -284 -88 -404 -288 -97 -381 -198 -39 -444 -53 -397 -331 -524 -128 -438 -227 -203 -216 0
415 -264 -470 -488 -171 -287 -404 -97 -381 -198 -444 -53 -397 -524 -438 -227 -385 -416 -56 -193 -224 410 0
216 -480 -189 -388 -154 0
314 -274 -404 -264 -214 -189 -388 -154 -406 -518 -397 -416 -212 -287 -324 0
-274 -388 -203 -154 -214 -439 -371 -438 -385 -212 -172 -59 -518 -313 -404 -264 -189 -406 -397 -416 -287 -324 0
-264 -171 -287 -404 -438 -397 -416 -385 -198 -444 -227 -54 0
-58 -353 -406 -385 -396 -172 -145 -149 -112 -438 -470 -397 -460 -409 -381 -192 -159 -171 -90 -198 -38 -234 -227 -416 -323 -212 0
-235 -409 -198 -438 -90 -420 -159 -385 -416 -212 -313 -406 -396 -172 -470 -397 -460 -381 -192 -171 -227 -439 -97 -336 -274 -217 -348 -249 314 -287 -404 0
112 -187 -400 -138 -478 -29 -388 -249 -240 -97 -369 -429 -49 -39 -420 -125 -198 -409 -90 -494 -371 -381 -438 -385 -397 -172 -58 -501 -182 -149 0
-130 -365 -90 -175 -198 -67 -125 -53 -524 -246 -71 -397 -331 -131 0
-313 -315 -90 -420 -470 -53 -524 -397 -455 -438 -385 -138 -97 -381 -203 -227 -416 -212 -274 -404 -396 -192 -171 -348 -287 -444 -198 0
237 -168 -272 -210 -203 -160 -500 -494 -113 -28 -97 -348 -218 -404 -192 -287 -288 0
211 -272 -389 -155 -216 -274 -404 -236 -187 -210 -203 -160 -500 -494 -113 -28 -97 -348 -218 -192 -287 -288 -131 -470 -410 0
59 -39 -97 -429 -381 -198 -90 -410 -287 -511 -438 -227 -385 -416 -397 -212 -389 -155 -216 -274 -404 -236 -187 -210 -203 -28 -348 -218 -192 -470 -78 0
-315 -212 -385 -227 -416 -444 -397 -438 -287 -274 -97 -381 -198 -90 -404 -210 -203 -348 -192 -470 -396 -420 -53 -524 -455 -138 -171 0
403 -246 -171 -198 -70 -39 -274 -348 0
59 -335 -203 -274 -404 -171 -198 -70 -348 -227 -100 -416 -385 -438 -397 -58 -172 0
-212 -274 -198 -90 -420 -381 -438 -385 -397 -203 -404 -171 -348 -227 -416 -470 -488 -444 -287 -97 -210 -192 -396 -53 -524 -455 -138 0
354 -473 -203 -210 -215 -267 -50 -506 -278 0
60 -153 -56 -455 -420 -215 -240 -338 -249 -203 -210 -182 -71 -68 -128 -53 -524 -198 -397 -331 -131 -439 -125 -334 -237 -470 -475 -287 -410 -90 -488 -518 -444 -381 -438 -385 -172 0
236 -408 -444 -488 -470 -410 -518 -396 -287 0
436 -494 -244 -146 -102 -78 0
310 -383 -416 -444 -385 -397 -438 -227 -173 -329 -410 -102 -246 -470 -371 -44 0
162 -44 -83 -329 -116 -6 -400 -243 -474 -432 -146 -140 0
-246 -162 -416 -444 -385 -397 -438 -227 -329 -410 -102 -470 -371 -44 -78 -316 -178 -244 0
197 -474 -68 -71 -416 -444 -385 -397 -438 -227 -329 -410 -102 -470 -78 -178 -83 -400 -432 -140 -439 -374 -128 -153 -28 -218 -97 -307 -381 -365 -192 -429 -171 -90 -39 0
405 -128 -53 -524 -198 -397 -470 -410 -192 -90 -68 -416 -444 -385 -438 -227 -97 -381 -171 -203 -396 -488 -287 -59 -56 -455 -420 -210 -274 0
-274 -488 -287 -470 -444 -192 -90 -381 -97 -348 -404 -53 -524 -198 -397 -416 -385 -438 -227 -171 -203 -396 -56 -455 -420 -210 -138 0
-371 -177 -335 -410 -438 -227 -385 -416 -397 -475 -432 -172 -70 -246 -470 411 0
89 -246 -416 -475 -488 -470 -410 -444 -397 -227 -385 -127 -439 -438 -335 -172 -70 -214 -364 -159 0
-371 -246 -416 -444 -385 -397 -438 -227 -153 -410 -470 -78 -244 -218 -308 -139 -237 -488 -396 -287 -60 409 -322 -369 -427 126 -193 -127 -511 0
-246 -410 -397 -524 -171 -193 -198 -438 -416 -444 -385 -227 -153 -53 -470 -139 -237 -488 -396 -287 -127 -70 -97 -381 -192 -90 -335 -214 -364 0
-59 -375 -147 -287 -139 -30 -509 -70 -327 -131 -438 -470 -371 -335 -518 -488 -410 -60 -444 -322 -213 -396 -180 -237 -53 -397 -512 -524 -379 -171 -193 -170 -198 0
129 -327 -180 -237 -444 -488 -470 -410 -396 -287 -371 -102 -438 -416 -227 -397 -385 -147 -139 -30 -509 -70 -335 -60 -322 -53 -524 -379 -171 -193 -170 -198 0
88 -371 -147 -444 -180 -237 -488 -470 -410 -396 -287 -385 -102 -438 -139 -127 -416 -227 -397 -70 -335 -53 -524 -171 -193 -198 -214 -97 -381 -192 0
-371 -180 -416 -397 -444 -396 -227 -237 -488 -470 -410 -287 -102 -438 -192 -90 -147 -385 -139 -127 -70 -335 -53 -524 -171 -193 -198 -214 -97 -381 0
517 -147 -203 -139 -335 -364 -475 -90 -470 -488 -410 -444 -381 -397 -212 -385 -438 -416 -227 436 0
-410 -139 -97 -381 -488 -90 -470 -385 -227 -416 -397 -444 -396 -237 -287 -335 -364 -438 -127 -192 -70 -53 -524 -171 -193 -198 -214 -153 0
236 -62 -240 -8 -70 -388 -496 -154 -331 -416 -351 -56 -234 -153 -217 -249 -307 -287 -25 0
215 -375 -25 -317 -329 -178 -240 -325 -199 -508 -388 0
517 -59 -154 -50 -214 -240 -139 -249 -475 -313 -452 -416 -351 -2 -237 -8 -70 -331 -56 -153 -217 -307 -287 -127 -464 -439 -371 -73 -438 -385 -212 -172 -388 0
519 -237 -396 -287 -406 -313 0
-171 -385 -416 -227 -438 -397 -287 -198 -444 -404 -54 0
476 -230 -225 -278 -310 -95 -160 -494 -114 -336 -247 -518 -430 0
469 -410 -151 -57 -232 -464 -327 -114 -25 -235 -40 -477 -287 -225 -95 -160 -494 -247 -518 -430 -204 -51 -246 -346 -216 -274 -441 -371 -212 -89 -131 0
-211 -70 -402 -272 -51 -238 -201 -95 -150 -114 -232 -357 -116 -179 -243 -246 -330 -274 -346 -89 -395 -444 -406 -308 -410 59 -438 -227 -385 -416 -397 -173 0
-70 -375 -402 -272 -238 -456 -95 -179 -494 -114 -225 476 -160 -247 -430 -204 -51 -346 -216 -274 -441 -371 -410 -232 -116 -246 -330 -89 -395 -444 -406 -308 59 -438 -227 -385 -416 -397 -173 0
-211 -375 -179 -243 -456 -327 -274 -251 -346 -137 -89 -395 -444 -406 -308 -410 59 -438 -227 -385 -416 -397 -173 0
236 -410 -95 -160 -494 -114 -247 -430 -51 -346 -216 -274 -441 -371 -225 -456 -327 -89 -444 -406 59 -438 -227 -385 -416 -397 -173 -246 -402 -272 -238 -204 -232 -116 -287 -25 0
215 -515 -508 -204 0
219 -135 -136 -338 -378 -183 -389 -155 -51 -216 -508 -204 -252 -317 -57 -232 -151 0
192 -263 -89 0
276 -70 -272 -247 -374 -252 -300 -287 -40 -232 -338 -378 -389 -155 -51 -216 -204 -57 -151 -218 -309 -89 -327 -180 -246 -238 -404 0
-70 -384 -338 -378 -232 -329 -272 -247 -238 -389 -155 -51 -374 -131 -216 -129 -274 -252 -300 -287 -40 -204 -57 -151 -218 -309 -89 -327 -180 -246 -404 0
214 -218 -151 -309 -89 -57 -418 -338 -316 -378 -384 -329 -247 -238 -389 -155 -51 0
349 -82 -268 -445 -252 -116 0
-211 -252 -246 -272 -494 -160 -378 288 -173 -116 -329 -57 -232 -151 -309 -89 -404 -274 -204 -51 -216 -247 -238 -180 -374 -300 -287 -40 -327 -444 -410 59 -438 -227 -385 -416 -397 0
318 -312 -478 -388 -187 -180 -456 -327 -252 -151 -453 -57 -382 -32 0
317 -515 -40 -508 -287 -327 -225 -336 -278 -95 -160 -494 -114 -230 -247 -518 -430 -180 0
-410 -151 -89 -57 -378 -247 -238 -51 -444 -232 -114 -225 -95 -160 -494 -430 -187 -456 -327 -40 -287 -204 -346 -216 -274 -371 -246 -272 288 -173 -116 -404 -300 59 -438 -227 -385 -416 -397 -25 -235 -406 0
179 -90 -381 -243 -232 -217 -89 -404 -274 -72 -246 -235 0
71 -247 -90 -381 -243 -232 -217 -287 -235 -89 -179 -404 -274 -246 0
-192 -116 -452 -456 -243 -57 -90 -381 -232 -364 -151 -274 -217 -419 -346 -137 -190 0
-385 -198 -287 -444 -438 -227 -416 -397 -404 -54 0
385 -304 -227 -416 -438 -54 0
305 -525 -54 0
-179 -217 -247 71 -232 -90 -287 -235 -89 -404 -274 -246 -518 -397 -444 -155 -277 -183 -468 -356 -396 0
-217 -193 -232 -89 -404 -72 -246 -518 -397 -90 306 -287 -40 -134 71 -444 -183 -356 -396 -216 -50 -218 0
71 -246 -227 -416 -397 -444 -287 -54 -192 -89 -404 -438 0
-53 -218 -444 -151 -397 -379 306 -54 0
-192 -89 -416 -397 -444 -287 -54 -227 -404 -438 0
-218 -177 -71 -202 -171 -388 -154 -89 -444 -438 -287 -235 -397 -227 -416 -54 192 -151 -379 306 0
-53 -184 -419 -409 -157 -438 -512 306 -54 0
-89 -54 -287 -397 -227 -416 -438 -444 -404 0
-53 -141 -518 -246 -252 -350 -247 -283 -78 -287 -66 -385 -438 -512 -98 306 -54 0
-192 -246 -191 -90 -232 -518 -525 -247 -78 -287 -385 -438 -512 306 -54 -235 -151 -274 -218 -346 0
-246 -218 -338 -232 -518 -287 -158 -385 -512 -78 -438 -54 -525 -380 -397 -444 -263 -404 -191 -90 306 0
-192 -502 -147 -284 -235 -97 -57 -232 -151 -218 -346 -191 -90 0
-53 -180 -126 -327 -518 -397 -287 -138 -444 -235 -263 -218 -147 -232 -151 -346 -191 -90 -158 -78 -385 -438 -512 306 -54 0
53 -380 -525 -397 0
-218 -126 -327 -518 -397 -287 -444 -263 -232 -191 -90 -158 -78 -385 -438 -512 306 -54 -338 -525 -380 -404 0
-192 -423 -322 -165 -59 -518 -287 -313 -406 -235 218 -90 0
-54 -404 -444 -397 -438 -287 -227 -416 0
-410 -329 -455 -402 -44 -210 -267 -176 -213 -129 -113 -131 -441 -335 -470 -371 -477 -488 442 -518 0
237 -461 -32 -272 -40 -287 -430 -488 -470 -131 -246 -138 -117 -350 -338 -213 -444 -56 -455 -402 -44 -210 -113 -441 -371 -477 442 -518 -364 -348 -404 -25 0
236 -422 -213 -164 -470 -488 442 -518 -396 -287 0
88 -272 -32 -40 -287 -430 -488 -470 -131 -246 -138 -117 -350 -338 -213 -444 -56 -455 -402 237 -210 -113 -441 -371 -477 442 -518 -44 -348 -404 -25 -192 0
386 -350 -338 -157 -169 -90 54 -397 -32 -287 -131 -444 -402 -441 -477 -518 -404 -192 -153 -235 -164 -438 -174 0
524 -235 -66 -518 -396 -287 -313 -406 -195 -331 -416 -404 -306 0
236 -235 -404 -430 -287 -494 -283 -117 -77 -113 -338 -331 -90 -464 -416 -192 -234 -488 -470 442 -518 -309 -422 -213 0
-410 -455 -402 -329 -44 -213 -129 -113 -131 -441 -335 -470 -371 -477 -488 442 -518 -366 -192 -90 -157 0
233 386 -157 -169 -90 54 -397 -338 -287 -131 -444 -402 -441 -477 -518 -404 -192 -153 -235 -438 -174 0
-235 -90 -416 -234 -157 -169 -331 54 -397 -338 -287 -131 -444 -402 -441 -477 -518 -404 -192 -153 -438 -174 -464 -309 -66 0
-524 349 -127 -441 -371 -295 -178 -455 -452 -227 -356 -153 -138 -246 -429 -169 -125 -41 54 -88 -397 0
349 -246 -276 -501 -348 -1 -73 -174 -416 -438 -127 -441 -371 -295 -178 -455 -452 -227 -356 -153 -138 -203 -429 -125 -41 54 -88 -397 0
350 -412 -402 -460 -131 -521 -371 -470 -501 -334 -438 -306 -53 -174 -313 -387 -322 -421 -452 -464 -416 -164 -250 -234 0
-90 -153 -416 -227 -438 -397 -234 -192 -404 -309 -287 -444 0
476 -432 -518 -313 0
219 -404 -416 -287 -438 -397 -227 -444 0
349 -235 -404 -430 -494 -287 -335 -77 -113 -227 -248 -416 -356 -233 0
-232 -318 -56 -404 218 -346 -430 -235 -287 -375 -22 -494 -335 -77 -113 -227 -416 0
-235 -371 -441 -127 -404 -494 -427 -77 -39 -113 -416 -56 218 -430 -287 -227 -348 -283 -351 -356 -470 -488 -313 -178 -25 -237 0
147 -110 -29 0
Solved
