548 -53 -37 -544 -358 -292 -208 -273 -8 -319 -297 -16 -247 -212 -103 -286 0
557 -8 -478 -70 -247 -103 -286 -547 -37 -544 -358 -292 -208 -273 -319 -297 -174 -457 -196 -193 0
18 -421 -286 -547 -103 0
287 -421 -273 -478 -395 -70 -547 -247 0
-421 -273 -331 -319 -547 -247 -286 -478 -395 -70 0
563 -436 -106 -118 -37 -55 -379 -103 -319 -286 -247 -358 -70 -292 -478 -208 -331 -547 -457 -193 -556 -544 -196 -175 0
288 -9 -319 -547 -247 -286 -478 -70 -331 0
422 -149 -383 -272 -331 0
261 -225 -250 -232 -92 -24 -436 -517 -440 -106 -529 -37 -118 0
565 -196 -37 -118 -250 -232 -106 -55 -379 -358 -292 -331 -208 -319 -547 -247 -103 -286 -478 -70 -562 -193 -556 -544 -457 0
423 -319 -547 -286 -247 -478 -70 -331 0
421 -273 -118 -297 -383 -331 -562 -149 -9 0
422 -383 -149 -331 0
260 -408 -457 -285 -539 -37 -220 -118 0
287 -423 -289 -106 -250 -232 -37 -118 -457 -55 -358 -544 -379 -292 -208 -331 -562 -541 -478 -319 -70 -547 -247 -103 0
261 -407 -457 -284 -540 -37 -220 -118 0
272 -319 -445 -106 -118 -37 -55 -379 -103 -541 -286 -247 -358 -70 -292 -478 -208 -331 -547 -457 -193 -556 -544 563 -213 -1 -23 -507 -85 -289 -429 -384 -296 -284 -220 -12 -150 0
-319 -106 -331 -445 -118 -37 -55 -379 -103 -541 -286 -247 -358 -70 -292 -478 -208 -547 -457 -193 -556 -544 -1 -85 -289 -307 -562 -250 -232 0
539 -222 -261 0
540 -382 -331 0
538 -261 -148 0
539 -382 -331 0
319 -331 0
107 -126 -534 -379 -519 -85 0
441 -544 -349 -339 -23 -54 -191 0
381 -230 -101 0
531 -534 -54 -191 -12 -379 -23 -519 -85 0
380 -124 -54 -23 -534 -191 -35 -550 -451 -388 -334 -235 -456 -174 -18 -12 0
11 -544 -337 -410 -174 -456 -18 0
17 -40 -49 -262 -124 -534 -231 -102 -550 -451 -388 -334 -235 -456 -132 -174 0
71 -478 -49 -262 -550 -451 -388 -235 -456 -132 -379 -54 -23 -191 -35 -12 -581 -175 -103 -297 -530 -519 -85 -74 -394 -585 -18 0
529 -544 11 -410 -175 -456 -18 -297 0
-174 -81 -355 -375 -391 -191 -211 -23 -444 -326 -466 -556 -398 -54 -132 11 -410 -544 -456 -18 -172 0
295 -391 -355 -475 -444 -441 -375 -23 -191 -431 0
16 -563 -69 -202 -151 -262 -456 -355 -519 -175 -297 -475 -444 -375 -23 -191 -245 -1 -379 -410 -12 0
172 -391 -211 -355 -151 -347 -418 -334 -456 -132 0
-478 -191 -54 -23 -530 -355 -475 -444 -375 -297 -175 -211 -151 -456 -132 -1 -410 -245 -218 -490 -166 -581 -103 -12 -18 -69 -202 -262 -519 -379 -394 -585 -72 -49 -550 -451 -388 -235 -35 -85 -74 0
478 -585 -72 0
296 -191 -54 -23 -355 -475 -427 -375 -297 -175 -211 -151 -456 -132 -1 -410 -218 -490 -166 -581 -103 -12 -18 -202 -262 -519 -379 -394 -585 -72 -49 -550 -451 -388 -235 -35 -85 -74 -37 -118 0
530 -171 -23 -281 -191 -289 -37 0
-530 -191 -23 -355 -475 -54 -375 -297 -175 -211 -151 -456 -132 -1 -410 -218 -490 -166 -581 -103 -12 -18 -202 -262 -519 -379 -394 -585 -72 -49 -550 -451 -388 -235 -35 -85 -74 -427 -118 -37 0
-191 -334 -144 -262 -550 -173 -451 -519 -35 -456 -388 -235 -289 -37 -23 -281 -355 -475 -54 -375 -297 -175 -211 -151 -132 -1 -410 -218 -490 -166 -581 -103 -12 -18 -202 -379 -394 -585 -72 -49 -85 -74 -427 -118 0
17 -375 -281 -1 -118 -49 -37 -144 -262 -550 -451 -519 -35 -456 -388 -235 -23 -355 -475 -54 -175 -211 -151 -132 -410 -218 -490 -166 -581 -103 -12 -18 -202 -379 -394 -585 -72 -85 -74 -427 0
-297 -191 381 -519 -388 -235 -23 -281 -85 -37 -541 -581 -355 -475 -431 -375 -54 -175 -211 -151 -456 -132 -1 -410 -218 -490 -166 -103 -12 -18 -202 -262 -379 -394 -585 -72 -49 -550 -451 -35 -74 -427 -118 0
-191 -431 -37 -118 381 -519 -388 -235 -23 -281 -85 -541 -581 -355 -475 -375 -54 -175 -211 -151 -456 -132 -1 -410 -218 -490 -166 -103 -12 -18 -202 -262 -379 -394 -585 -72 -49 -550 -451 -35 -74 -427 0
249 -23 -202 -355 -388 -519 -456 -410 -175 -18 -541 -54 -118 -37 -281 -85 -581 -475 -151 -1 -490 -12 -379 -394 -49 -550 -451 -35 -74 -144 -572 -287 0
508 -164 -89 -29 -69 -519 -144 -102 -459 -420 0
104 -173 -168 -373 -89 -519 -144 -202 -151 -355 -475 -191 -1 -379 -410 -302 -12 -297 -18 0
-173 -297 -281 -237 -54 -456 -429 -37 -175 -118 -581 -49 -105 -168 -373 -89 -519 -144 -202 -151 -355 -475 -191 -1 -379 -410 -302 -12 -18 0
-297 -191 -168 -9 -202 -151 -355 -475 -35 -490 -388 -1 -379 -237 -410 -105 -12 -456 -175 -18 -281 -54 -429 -37 -118 -581 -49 -373 -89 -519 -144 -302 0
-191 -105 -18 -1 -410 -581 -37 -118 -168 -9 -202 -151 -355 -475 -35 -490 -388 -379 -237 -12 -456 -175 -281 -54 -429 -49 -373 -89 -519 -144 -302 0
548 -37 -519 -1 -379 -410 -12 -85 -18 -49 -118 -9 -202 -151 -355 -475 -35 -490 -388 -456 -175 -54 -89 -144 -302 -572 -248 -541 -394 -550 -451 -74 0
-581 -439 -519 -379 -191 -9 -202 -151 -355 -475 -35 -490 -388 -1 -297 -410 -12 -456 -175 -18 -54 -37 -118 -49 -373 -89 -144 -302 -286 -103 -580 0
513 -391 -355 0
24 -103 -54 -297 -286 -118 -355 -37 -519 -379 -191 -9 -202 -151 -475 -35 -490 -388 -1 -410 -12 -456 -175 -18 -49 -89 -144 -302 -580 0
-581 -103 -519 -379 -9 -202 -151 -355 -475 -35 -490 -388 -1 -297 -410 -12 -456 -175 -18 -54 -37 -118 -49 -89 -144 -302 -286 -191 -580 -248 0
16 -167 -144 -490 -246 -280 -49 -128 -519 -355 -68 -391 -89 -475 -14 -265 -430 -439 -1 -379 -410 -12 0
282 -125 -350 -290 -170 0
380 -527 -246 -475 -391 -265 -224 -439 -372 0
90 -167 -144 -490 -482 -246 -473 -85 -379 -475 -391 -265 -224 -439 -372 -519 -68 0
-103 -297 -475 -372 -379 -89 -144 -490 -85 -280 -54 -519 -286 -191 -118 -37 -9 -202 -151 -355 -35 -388 -1 -410 -12 -456 -175 -18 -49 -302 -580 -248 -22 0
-391 -439 -191 -418 -35 -151 -343 -519 -202 -69 -89 -129 -49 -85 -280 -291 -1 -410 -355 -245 -392 0
518 -107 -575 -406 -457 -32 -85 -528 381 0
440 -32 -343 -418 -202 -69 -519 -575 -406 -457 -151 -85 -528 -379 0
-439 -530 -191 -12 -379 -519 -85 -54 -431 -35 -544 -266 -343 -418 -202 -69 -575 -406 -457 -151 -98 -490 -410 -245 -89 -129 -49 -280 -291 -1 -355 -392 0
-297 -191 -22 -12 -379 -519 -85 -54 -35 -202 -151 -490 -410 -89 -49 -280 -1 -355 -456 -580 -37 -175 -118 -18 -475 -372 -144 -286 -9 -388 -302 -248 0
282 -351 -290 -125 -54 -219 -368 0
143 -406 -457 0
345 -23 -544 -219 441 -54 -191 -248 -97 -286 -456 -211 -173 0
344 -446 -510 -418 -511 -151 0
-406 -457 -56 -510 -473 -173 -345 -418 -511 -151 -49 -125 -290 -506 -168 -516 -144 0
459 -574 -456 -173 0
-23 -459 -144 -56 -510 -473 -173 -418 -511 -151 -49 -125 -290 -506 -168 -475 -267 -89 -223 -14 -544 -219 441 -54 -191 -248 -97 -286 -456 -211 -22 0
380 -68 -234 -202 -520 -33 -527 -144 -510 -473 -173 -511 -151 -49 -290 -506 -168 -475 -267 -89 -14 -544 -219 -54 -191 -248 -97 -286 -456 -211 -22 -519 -439 -372 -102 0
101 -418 -25 -9 -228 -93 -335 -151 -563 0
472 -406 -482 -57 0
-191 -286 -151 -456 -144 -85 -202 -89 -379 -520 -49 -475 -54 -248 -9 -22 -519 -372 -490 -12 -410 -18 -1 -35 -580 -37 -175 -118 -280 -355 -388 -302 0
-101 381 -85 -519 -106 0
101 -265 -531 -355 -296 -388 -290 -451 -15 -550 -89 -68 -335 -519 -418 0
517 -265 -475 -296 -355 -151 -15 -418 -202 -89 -101 -68 0
-391 -511 -355 0
297 -265 -431 -15 0
-265 -418 -54 -429 -290 -286 -355 -104 -296 -431 -15 -519 -475 -151 -351 -202 -89 -68 -531 -388 -451 -550 -335 0
390 -228 -286 -516 -248 -584 -33 -577 -394 -563 -9 -168 -92 -437 -253 -77 -550 -541 -451 -139 0
389 -446 -6 -374 -355 -541 -511 -139 0
100 -584 -516 -248 -286 -33 -577 -394 -563 -9 -168 -92 -437 390 -77 -550 -541 -451 -139 -35 0
289 -406 -516 -473 -173 -418 -511 -151 -49 -125 -290 -506 -168 -56 -144 -101 -248 -286 -33 -577 -394 -563 -9 -92 -437 -77 -550 -541 -451 -139 -35 -388 -6 -374 -355 -307 0
-406 -516 -456 -335 -257 -572 -144 -248 -338 -410 -286 -54 -168 -351 -506 -125 -290 -473 -173 -418 -511 -151 -49 -56 -101 -33 -577 -394 -563 -9 -92 -437 -77 -550 -541 -451 -139 -35 -388 -6 -374 -355 -307 0
406 -459 -144 0
458 -323 -257 -572 -302 -248 -374 -511 -388 -451 -550 -9 -92 -520 -234 -473 -251 -335 -482 -406 -574 0
518 -511 -248 -374 -388 -466 -451 -81 -550 -92 -520 -234 -251 -456 -473 -335 -56 -482 -475 -188 -173 -144 -257 -572 -302 -9 -33 -202 -68 -89 -338 -410 -286 -54 -168 -351 -506 -290 -418 -151 -49 -101 -577 -394 -563 -437 -77 -541 -35 -6 -355 -307 -108 0
-511 -108 -290 -531 -85 -49 -519 -248 -374 -388 -466 -451 -81 -550 -92 -520 -251 -456 -335 -56 -482 -475 -188 -173 -144 -257 -572 -302 -9 -202 -68 -89 -338 -410 -286 -54 -351 -506 -418 -151 -101 -577 -394 -563 -437 -77 -541 -35 -6 -355 -307 -490 -246 0
-418 -68 -202 -89 -151 -128 -49 -1 -410 -246 -280 -290 -531 -85 -519 -248 -374 -388 -466 -451 -81 -550 -520 -456 -335 -482 -475 -144 -257 -572 -302 -9 -286 -54 -351 -394 -541 -35 -6 -355 -490 -225 -372 -12 -18 -379 -175 -104 -440 -296 -429 -431 -15 0
459 -338 -410 -531 -1 -456 -108 -508 -173 0
-459 -408 -144 0
-37 -410 -1 -456 -12 -18 -144 -202 -89 -151 -49 -85 -519 -248 -388 -466 -451 -550 -520 -475 -572 -302 -9 -54 -394 -541 -35 -355 -490 -372 -379 -175 -118 -549 -74 0
531 -125 -290 0
505 -397 -173 -248 -459 -1 -286 -510 -168 0
-125 -510 -459 -1 -248 -173 -374 -49 -290 -286 -168 -18 -57 -12 -379 -101 -85 -473 -406 -118 -295 -529 0
125 -68 -295 -118 -529 -519 0
529 -125 -290 0
509 -410 -338 -149 -54 -273 -349 -282 -237 -582 -456 -248 -336 -286 -344 -40 -255 -168 -173 -101 -507 -459 -418 0
508 -600 -527 -244 -57 -406 -120 -33 -168 -49 -507 -446 0
552 -510 -349 -456 -338 -149 -273 -282 -582 -248 -336 -286 -344 -40 -168 -173 -101 -507 -459 -418 -237 -527 -244 -57 -406 -120 -33 -49 -446 0
505 -54 -338 -149 -349 -237 -282 -456 -582 -105 -173 -144 -151 -248 -459 -418 -286 -510 -168 0
18 -333 -273 -177 -173 0
506 -510 -244 -38 -582 -286 -105 -273 -177 -173 -446 -527 -57 -406 -120 -33 -168 -49 -507 -282 0
-510 -237 -456 -149 -144 -151 -459 -418 -349 -338 -282 -582 -105 -173 -248 -286 -168 -507 -244 -38 -273 -177 -446 -527 -120 -49 0
390 -456 -338 -349 -282 -248 -286 -168 -507 -105 -173 -582 -149 -344 -151 -418 -144 -459 -244 -38 -177 -446 -527 -120 -49 0
-237 -510 -149 -235 -144 -151 -459 -418 -349 -338 -282 -582 -105 -173 -248 -286 -168 -507 -244 -38 -456 -177 -446 -527 -120 -49 0
287 -168 -344 -507 -211 -173 -105 0
-456 -510 -149 -237 -144 -151 -459 -418 -349 -338 -282 -582 -105 -173 -248 -286 -168 -507 -244 -38 -389 -177 -446 -527 -120 -49 -344 0
456 -149 -144 -406 -344 -173 -151 0
-168 -149 -418 -144 -151 -459 -349 -338 -282 -582 -105 -173 -248 -286 -507 -244 -38 -389 -177 -446 -527 -120 -49 -344 -211 0
350 -171 -54 0
31 -527 -244 -492 0
271 -320 -149 0
518 -532 -459 297 -101 -144 -475 -384 -244 -507 -40 -173 -344 -211 -286 -418 -151 -349 -338 -282 -582 -248 -38 -389 -446 -49 0
246 -549 -282 -57 -406 -582 -120 -38 0
454 -510 -244 -38 -582 -286 -105 -527 -177 -173 -446 -507 -57 -406 -120 -33 -168 -49 -282 -203 -344 -336 0
456 -574 -459 -173 0
-168 -582 -244 -38 -418 -286 -105 -177 -173 -446 -507 -120 -49 -282 -344 -456 -144 -151 -459 -349 -338 -248 -389 -211 -528 0
291 -459 -338 -173 -286 -38 -418 -49 -151 -144 -248 -107 -101 297 -355 -511 -125 0
-510 -282 -38 506 -286 -105 -582 -177 -173 -446 -57 -406 -120 -33 -168 -49 -507 -244 -236 -511 -343 -211 -418 -151 0
-282 -538 -149 -272 -423 -355 -411 -511 -343 -151 -446 -418 -38 506 -286 -105 -582 -177 -173 -57 -406 -120 -33 -168 -49 -507 -236 -280 0
-582 506 -177 -173 -33 -57 -406 -120 -128 -355 -511 -151 -446 -418 -38 -519 -286 -105 -168 -49 -507 -280 -144 -456 -336 -580 0
281 -258 -101 -238 -17 -456 -260 -336 -151 -418 -509 -446 -244 -549 -472 0
-507 -456 -101 -519 -33 -57 -280 -107 -336 -151 -418 -446 -406 -120 -38 -177 -173 -128 -355 -511 -286 -105 -168 -49 -144 -580 -505 0
172 -473 -120 -57 -406 -599 -101 -446 -418 -510 -151 -459 -344 0
148 -273 -286 -515 -548 -422 -68 -202 -539 -168 -260 -222 0
247 -384 -467 -397 -321 -132 0
-148 -92 -491 -240 -168 -584 -286 -248 -467 -397 -132 -34 -222 -539 -260 -149 0
474 -491 -527 -422 -202 -286 -548 -168 -244 -584 -248 -132 -149 -410 -98 -364 -338 -145 -101 -413 -107 -519 -575 -144 -151 -459 -418 -510 -446 0
472 -599 -101 -120 -57 -406 0
-473 -422 -286 -548 -168 -244 -584 -248 -149 -410 -98 -364 -338 -101 -413 -107 -519 -575 -144 -151 -459 -418 -510 -446 -344 -173 -120 -599 0
-527 -52 -539 -427 -333 -286 -168 -475 -492 -30 -33 -528 -244 0
581 -149 -101 -519 -286 -168 -475 -244 -338 -38 -280 -248 -107 -364 -413 -144 -151 -459 -418 -510 -446 -344 -173 -120 -599 -309 -18 -105 0
-148 -382 -539 -319 -149 0
-492 -202 -286 -548 -68 -515 -539 -168 -260 -149 -248 -33 -491 -244 -527 0
150 -379 -510 -248 -173 -125 -49 -290 -286 -168 -18 -57 -459 -101 -473 -406 -118 -295 -22 -190 -34 0
281 -149 -168 -286 -510 -248 -173 -125 -49 -290 -18 -459 -101 -118 -295 -190 -144 -418 -344 -446 -549 -599 -151 0
-527 -411 -406 -144 -510 -260 -149 -248 -286 -168 -475 -163 -492 -30 -33 -528 -244 0
-149 -510 -144 -101 -248 -286 -168 -173 -125 -49 -290 -459 -418 -151 -355 -511 0
-510 -168 -151 -418 -101 -144 -248 -286 -173 -125 -49 -290 -459 -355 -511 0
148 -538 -261 0
-168 -459 -144 -173 -151 -101 -418 -355 -511 -286 -49 -248 -125 -290 0
150 -538 18 -177 -173 -261 0
-459 -418 -173 -101 -151 -144 -511 -286 -355 -49 -248 -125 -290 0
-261 -373 -379 -92 -168 -290 -125 -571 -34 459 -173 -319 -177 -149 -260 0
345 -149 -168 -290 -125 459 -173 -248 -101 -355 -286 -418 -511 -151 0
344 -418 -290 -49 -511 -125 -510 -151 0
245 -32 -528 -490 0
-261 -439 -379 -38 -282 -582 -549 -120 -244 -528 -384 -144 -204 -34 -69 -221 -148 -260 0
-418 -101 -290 -125 -248 -173 -144 -355 -286 -511 -151 -49 0
246 -527 -280 -510 -144 -128 -260 -149 -248 -286 -168 -475 -406 -30 -33 -244 -472 0
526 -223 -187 -436 -475 -519 -30 0
-527 -379 -510 -248 -173 -125 -49 -290 -286 -168 -18 -12 -459 -101 -85 -118 -295 -190 -187 -436 -475 -519 -371 -422 -549 -280 -244 -144 -260 -149 0
-379 -459 -244 -510 -248 -173 -125 -49 -290 -286 -168 -18 -12 -519 -101 -118 -295 -190 -187 -475 -422 -144 -260 -149 -520 -581 -231 -381 0
-459 -273 -321 -384 -248 -2 -286 -451 -410 -18 -12 -244 -510 -173 -125 -49 -290 -168 -519 -101 -118 -295 -190 -475 -422 -144 -260 -149 -520 -231 -381 -456 -255 -334 -458 0
24 -190 297 -265 0
517 -262 -133 -40 -202 -125 -68 0
-261 -2 -519 -125 -255 -381 -334 -173 -248 -151 -286 -244 -510 -49 -290 -168 -101 -295 -475 -144 -260 -149 -231 -458 -36 0
-459 -454 -334 -144 -149 -344 -173 -151 0
261 -149 -511 -177 -173 -334 -144 -355 -151 0
-510 -260 -125 -255 -381 -334 -173 -248 -151 -286 -244 -261 -49 -290 -168 -101 -295 -475 -144 -519 -149 -231 -36 -508 0
17 -507 -581 -290 -105 0
-260 -581 -231 -168 -286 -381 -248 -290 -125 -255 -334 -173 -151 -244 -261 -49 -101 -295 -475 -144 -519 -149 -36 -508 0
-459 -261 -173 -168 -149 -334 -144 -151 -248 -511 -286 -290 -244 -231 -381 -125 -255 -49 -101 -295 -475 -519 -36 -508 0
-149 -168 -355 -290 -286 -511 -151 -125 -173 -248 -49 -101 -144 0
-261 -539 -221 -260 -148 0
-539 -221 -260 -148 0
459 -455 -334 -406 -173 0
-168 -101 -173 -144 -290 -355 -286 -511 -151 -248 -49 -125 0
17 -345 -173 -511 -144 -290 -334 -507 -105 0
-101 -511 -144 -125 -290 -173 -151 -286 -355 -248 -49 0
16 -2 -351 -280 -13 -54 -472 -432 -427 -244 -549 -286 -410 -105 0
52 -22 297 -190 -441 -544 -351 -338 0
10 -235 -286 -427 -351 -54 297 -190 -441 -338 -549 -280 -472 -87 -230 -380 0
335 -413 -338 -54 -493 -168 -248 -505 -241 -286 -163 -410 -351 -280 -13 -472 -244 -18 -12 297 -441 -87 -230 -380 -459 -38 -576 -173 -580 -456 0
-148 -168 -380 -57 -459 -419 -336 -230 -248 -241 -286 -244 297 -173 -290 -49 -406 -125 -260 -518 -149 0
-168 -459 -286 -173 -49 -144 -151 -248 -511 -290 -149 -125 -355 -260 0
-148 -507 -290 -125 -16 -177 -173 -518 -149 0
168 -149 -380 -355 -511 -173 -290 -125 -151 -518 -260 -230 -286 0
150 -149 -248 -211 -125 -120 -286 -518 459 -173 -272 -260 0
-149 -260 -144 -151 -511 -355 -173 -248 -125 -286 -49 -290 0
345 -93 -254 -68 517 -262 -125 -40 -272 -332 -599 -383 -380 -355 -451 -511 -151 0
344 -204 -168 -332 -286 -272 -33 -211 -383 0
517 -168 -383 -599 -355 -380 -511 -254 -68 -125 -272 -451 -151 -332 -286 -33 -173 -455 -575 -107 0
-168 -459 -286 -173 -511 -144 -290 -455 -423 -125 -518 -383 -599 -355 -380 -254 -68 -272 -451 -151 -332 -575 0
-459 -599 -332 -272 -380 -11 -173 -455 -290 -125 -518 -68 -90 -514 -286 -511 -144 -423 -383 -355 -254 -451 -151 -457 0
-261 -272 -355 -511 -290 -49 -125 -151 -254 -173 -455 -380 -11 -518 -286 -144 539 -260 0
519 -336 -332 -383 -355 -286 -421 -511 -344 -168 -173 -455 -290 -459 -125 0
-459 -168 -409 -421 -332 -383 -355 -511 -344 -173 -455 -49 -125 -518 -286 -406 -290 -457 -144 0
459 -192 -338 297 -53 -38 -380 -409 -11 -421 -332 -383 -355 -286 -511 -344 -455 -173 -406 0
-260 -511 -173 -144 -290 -286 -355 -49 -125 -151 -248 0
-459 -149 -144 -334 -173 -151 -518 -511 -125 -290 -582 0
-511 -49 -125 -290 -173 -144 -151 -286 -355 -248 0
-334 -454 -459 -173 -517 -107 -344 -144 -151 0
-383 -225 -372 -188 -423 -476 -149 -384 0
383 -149 -538 -272 0
-149 -538 -272 -423 -384 0
-344 -459 -107 -173 -517 -355 -391 -296 -507 -582 -144 -151 -343 0
-290 -388 -235 -54 -511 -406 -57 -120 -581 -125 -531 -173 -144 -151 -286 -355 -248 0
382 -54 -235 -125 -511 -406 -57 -581 -173 -144 -151 -286 -177 -273 -333 -321 0
-518 -120 -69 -149 -459 -173 -151 -144 -334 -125 -511 -290 -519 0
124 -355 -18 -581 -173 -511 -144 -290 -345 -334 -105 -571 -286 -125 -151 -410 0
49 -280 -472 -446 -128 0
-355 -558 -325 -54 -211 -286 -125 -511 -173 -144 -151 -290 -472 -128 -581 -18 -345 -334 -105 -571 -410 -356 0
-290 -235 -125 -286 -511 -211 -325 -173 -144 -151 -18 -345 -334 -571 -356 -598 -148 -69 -149 -459 -295 0
-334 -144 -286 -173 -125 -151 -149 -459 -344 0
-148 -269 -599 -53 -320 -149 0
582 -389 -151 -149 -519 -202 -418 -236 -286 -125 -511 -173 -144 -290 -355 -446 -280 -406 -57 -285 0
-331 -249 -57 -406 -87 -379 -257 -125 -511 -173 -144 -151 -286 -290 -355 -474 -321 -333 0
-249 -474 -57 -406 -418 -151 -87 -483 -257 -67 -202 -148 -149 -379 -125 -511 -173 -144 -286 -290 -355 0
-599 -87 -474 -57 -120 -406 -100 -379 -598 0
517 -379 -125 -511 -173 -144 -151 -286 -290 -355 -418 -257 -202 -148 -149 -446 -510 -459 -575 0
-472 49 -120 -446 -280 -483 0
472 -273 -202 -68 -333 -120 -57 -101 -406 0
-148 -168 -144 -418 -345 -173 -510 -511 -151 -125 -290 -506 -257 -202 -236 -149 -286 -51 -355 -446 -280 -519 -459 -575 -11 0
288 -259 -220 -271 -422 -389 -548 -236 0
512 -202 -280 -125 -511 -173 -144 -151 -286 -290 -355 -236 -519 -418 -345 -149 -51 -459 -575 -505 -18 -580 0
-320 -272 -149 -383 -319 0
69 -238 -87 -64 -107 -302 -440 -572 -374 -267 -248 -321 -132 -384 -397 -22 -223 -1 -490 245 -165 -202 -89 0
31 -26 -563 -9 0
287 -89 -38 -54 -580 -338 -98 -572 -248 -374 -302 -162 -33 -563 -9 -285 -68 -87 -107 -267 -321 -132 -384 -22 -490 245 -165 -202 -372 -57 -381 -12 -18 -509 -211 -105 -344 -173 0
288 -54 -5 -22 -351 -219 -374 -248 0
119 -148 -539 -38 -54 -580 -338 -98 -572 -248 -374 -302 -162 -33 -563 -9 -285 287 -87 -107 -267 -321 -132 -384 -22 -490 245 -165 -202 -372 -57 -381 -12 -18 -509 -211 -105 -344 -173 0
271 -539 -151 -38 -120 -432 -580 -338 -98 -572 -248 -374 -302 -162 -33 -285 -87 -107 -267 -321 -132 245 -165 -202 -57 -381 -18 -509 -211 -105 -344 -173 -286 -5 -351 -548 -422 -177 -319 -149 0
332 -599 -383 -33 -202 -151 -580 -98 -162 -285 -132 -57 -18 -344 -173 -286 -5 -351 -422 -319 -280 -472 -149 -483 -125 -511 -144 -290 -355 0
333 -422 -149 -383 0
-331 -383 -151 -519 -418 -57 -406 -149 -33 -202 -580 -98 -162 -285 -132 -18 -344 -173 -286 -5 -351 -280 -483 -125 -511 -144 -290 -355 0
150 539 0
-345 -519 -151 -149 -344 -173 -286 -351 -280 -125 -511 -144 -290 -355 -51 -459 -505 0
126 -355 -511 -173 -144 -151 -286 -290 -125 -149 -459 -344 0
-355 -290 -286 -344 -173 -511 -149 -125 -144 -151 -459 0
513 -54 -236 -125 -389 -290 0
-148 -346 -125 -290 -328 -418 -286 -151 -459 -344 -173 -391 -511 -236 -149 -382 0
-331 -583 -346 -328 -263 -130 -575 -173 -406 -144 -271 -539 -382 -332 0
383 -248 -346 -328 -575 -173 -406 -144 -382 148 0
-244 31 -30 -391 -492 -477 0
538 -477 -236 -125 -290 -511 -30 -326 -391 -418 -151 -286 -259 -220 -98 -580 -492 -33 -344 -575 -173 -271 -406 -149 -383 -333 -144 0
-383 148 -236 -125 -290 -511 -30 -391 -418 -151 -286 -98 -580 -33 -344 -575 -173 -406 -149 -144 -382 0
-538 -539 148 0
-290 -511 -173 -144 -286 -125 -151 -344 -149 -459 0
-331 -261 -57 -406 -151 -483 -418 -39 -530 -177 -511 -273 540 0
-148 -539 -530 -393 -236 -357 -390 -177 -57 -406 -151 -483 -418 -39 -511 -125 -149 0
260 -382 -202 -33 -271 -357 -390 -393 -236 -211 -286 -549 -18 -506 -508 -418 -220 -151 0
273 -517 -89 -393 -515 -211 -286 -549 -382 -33 -422 -331 -202 0
-539 -549 -286 -236 -390 -393 -211 -33 -202 -357 -18 -506 -418 -151 -406 -144 -530 -177 -57 -483 -39 -511 -125 -149 0
539 -149 0
-125 -511 -148 -151 -173 -149 -344 -286 -459 0
104 -580 -530 -290 -295 0
260 -379 -598 -253 -100 -418 -453 -151 0
288 -116 -511 -476 -526 -106 -151 -533 -418 -100 -598 -295 -119 -261 -12 -18 -530 -290 -344 -149 -144 -459 -173 -389 -236 0
37 -92 -439 -380 -106 -520 -530 -285 0
246 -526 -33 -491 0
120 -225 -189 -372 -459 -576 -106 -267 -530 -598 -295 -38 0
-355 -280 -57 -406 -372 -483 -459 -50 -100 -456 -418 -336 -290 -151 -580 -530 -261 -106 -598 -263 -67 -41 -203 -173 -526 -344 -511 -476 -246 -212 -356 0
119 49 -511 -203 -280 -344 -406 -57 -67 0
-599 -391 -290 -511 -530 -280 -483 -57 -406 -212 -418 -344 -151 -261 -203 -67 -50 -598 0
343 -297 -391 -176 -212 -173 0
120 -585 -126 -519 -491 -106 -167 -346 -380 -263 -12 -100 -459 -456 -344 -149 -144 -173 -151 -132 -41 -18 -418 -391 -176 -212 -67 0
287 -580 -511 -530 -176 -173 -344 -151 -261 -126 -519 -491 -106 -12 -100 -459 -456 -149 -144 -41 -18 -418 -67 -203 -50 -598 -372 -290 -526 -476 -356 -571 -549 -247 0
345 -120 -105 -297 -18 -261 -173 -151 0
343 288 -476 -526 -106 -151 -533 -418 -100 -598 -511 -261 -12 -18 -530 -290 -344 -149 -144 -459 -173 -389 -236 -67 -176 -203 0
288 -236 -511 -476 -526 -106 -151 -533 -418 -100 -598 -261 -12 -18 -530 -290 -344 -149 -144 -459 -173 -389 -67 -176 -203 0
287 -418 -511 -530 -176 -173 -344 -151 -261 -126 -519 -491 -106 -12 -100 -459 -456 -149 -144 -41 -18 -549 -67 -203 -50 -598 -372 -290 -526 -476 -356 -571 -247 0
-418 -526 -511 -476 -126 -519 -12 -18 -106 -261 -67 -151 -100 -203 -344 -176 -41 -173 -571 -456 -247 -533 -598 -530 -290 -149 -144 -459 -389 -286 -491 -549 -50 -372 -356 0
-391 -409 -508 -173 -511 -144 -290 -334 -345 -18 -165 -104 -30 -286 -476 343 -176 -297 -392 0
580 -104 -549 -286 0
118 -474 -246 -483 -39 0
244 -431 -2 -190 -508 -173 -511 -144 -290 -334 -345 -18 -391 -104 -30 -286 -476 343 -176 -297 -392 -39 0
-297 -350 -54 -246 -508 -173 -511 -144 -290 -334 -345 -18 -30 -286 -476 343 -176 -235 -100 -247 -254 -571 -135 -262 -574 -106 -12 -530 -581 -549 -295 0
-511 -286 -247 -571 -549 -18 -173 -476 -176 -203 -344 -149 -459 -151 -598 -389 -491 -372 -356 -148 0
511 -144 -344 -149 -459 -173 -151 -176 -18 -356 0
172 -581 -103 -344 -149 -144 -459 -173 -151 -18 0
420 -431 -23 -350 -507 -166 -491 -246 -367 -37 -119 -261 -539 -148 -151 0
16 -441 -23 -350 -337 -54 -97 -427 -37 -246 -491 -166 -507 -12 0
474 -379 -100 -598 -50 -446 0
475 -574 -116 -106 -533 -23 -100 -350 -598 -367 -119 -491 -483 -246 -472 -50 -446 -12 -18 -337 -54 -97 -427 -37 -166 -507 -526 -266 -30 0
296 -290 -54 -372 -427 -598 -476 -491 -12 -18 -166 -69 -519 -23 -511 -281 -344 -149 -144 -459 -173 -151 -581 -103 0
513 -290 -389 -54 -531 -281 0
-530 16 -54 -372 -427 -23 -491 -166 -12 -244 -519 -344 -149 -144 -459 -173 -151 -290 104 -295 -531 0
582 -244 -409 -406 -57 -539 -148 -281 -120 -290 -38 0
-290 -281 -23 -148 -491 -562 -166 -69 -149 -459 -173 -151 -511 -581 -372 -427 -344 -295 -389 -18 -103 -598 -476 0
246 -69 -120 -519 -37 -33 -491 0
118 -106 -545 -139 -4 -23 -372 -380 -598 -51 -447 -510 -406 -144 -515 -222 -151 -519 -261 -69 0
-148 -382 -173 -149 -459 -344 -151 0
422 -331 -271 0
120 -37 -18 -508 -422 -418 -220 -151 -580 -259 -290 0
529 -288 -295 -429 -104 -508 -52 -132 -418 -57 -381 -548 -319 -598 -149 -331 -271 -202 -67 -264 -517 -42 -108 -290 0
530 -295 -104 -173 -144 -511 -290 -151 -344 -149 -459 0
118 -381 -220 -271 -259 -548 -236 -290 -429 -104 -508 -52 -132 -418 -511 -319 -149 -331 -202 -264 -517 -42 -108 -531 -173 -144 -151 -344 -459 0
529 -599 -331 -382 -472 -246 -511 -296 -290 -108 0
17 -429 -382 -173 -144 -290 -151 -344 -149 -459 -104 -531 -246 -120 -548 0
423 -331 -271 0
531 -118 -418 -259 -508 -151 -506 -295 -290 0
-118 -530 -382 -511 -290 -108 -406 -57 -18 -508 -422 -418 -220 -151 -580 -259 -331 -506 -295 0
297 118 -271 -259 -381 -236 -290 -220 -508 -52 -132 -418 -511 -319 -149 -331 -202 -264 -517 -42 -108 -173 -144 -151 -344 -459 17 -530 0
531 -598 -381 -57 -331 -473 -271 -202 -67 -580 -517 -290 -37 0
-295 -144 -149 -173 -290 -151 -344 -459 -382 0
-144 -290 -173 -382 -151 -344 -149 -459 0
529 -599 -446 -108 -331 -382 -246 -511 -296 -290 0
289 -477 -29 -393 -246 -492 -167 -517 -506 -125 0
384 -393 -511 -290 -29 -246 -167 -517 -506 -125 0
119 -508 -539 -382 -511 -290 -246 -531 -344 -459 -173 -408 148 -582 -418 -104 -151 -295 0
291 -282 -52 -127 -598 -331 -319 -382 -246 -344 287 -173 -105 -393 -511 -125 0
244 -492 -481 -527 -408 -473 0
384 -393 -173 -511 -290 -16 -246 -167 -517 -125 -344 -212 -481 -527 -408 -473 0
530 -481 -173 -271 -331 -382 -511 -290 -246 -517 -344 -408 -67 -52 -127 -598 -319 -582 -104 -295 0
391 -28 -173 -10 -344 -151 -102 -418 -508 -459 -408 -16 -598 -331 -382 -356 0
383 -223 -173 -459 -16 -370 -10 -440 -266 -598 -477 -331 0
526 -203 -173 -344 -149 -459 -440 -598 -295 -392 -151 -102 -418 -508 -408 -382 -356 0
273 -203 -173 -344 -176 0
-508 -246 -344 -149 -295 -173 -459 -151 -418 -382 -511 -290 -531 -582 -104 -120 0
174 -598 -271 -331 -382 -511 -290 -246 -517 -344 -408 -481 -52 -173 -319 -582 -104 -295 -220 -539 -457 -37 -285 -259 -151 -531 -418 -334 -505 -454 0
580 -505 -16 -290 -104 0
39 -418 -511 -290 -344 -173 -104 -295 -37 -151 -531 -382 -459 -149 0
-246 -410 -245 -344 -149 -295 -173 -459 -151 -418 -382 -511 -290 -531 -582 -104 -508 0
-418 -104 -382 -344 -149 -295 -173 -459 -151 -511 -290 -531 -37 0
289 -506 -271 -331 -382 -511 -290 -598 -246 -517 -344 -408 -173 -104 -459 -295 -37 -508 -531 0
297 -213 -547 -392 -290 17 -507 -104 0
172 17 -290 -507 -37 -356 -246 -392 -381 -319 -100 -598 -149 -331 -517 -271 -531 -295 -104 -446 -508 -408 -151 -459 -344 0
391 -389 -271 -259 -220 -236 -446 -162 -408 -255 -100 -290 -517 -531 -173 -331 -382 -511 -246 -344 -52 -598 -319 -582 -104 -295 -381 -202 -37 -356 0
17 -598 -344 -173 -149 -290 -531 -295 -382 -511 -246 -104 -37 -151 -459 0
-598 -246 -173 -459 -295 -290 -531 -382 -511 -149 -344 -104 -37 -151 0
-125 -391 -100 -517 -16 -290 -220 -511 -246 -259 -508 -118 -295 -37 -531 0
125 -118 -104 -37 -16 -599 -331 -382 -246 -511 -290 -10 -379 -100 -531 -517 0
357 -248 -374 -319 -442 -382 -4 0
-246 -104 -290 -382 -173 -344 -511 -295 -37 -531 -459 -149 -151 0
-104 -511 -173 -382 -295 -459 -290 -531 -37 -344 -149 -151 0
-511 -37 -344 -173 -295 -459 -290 -531 -382 -149 -151 0
393 -175 -331 -149 -271 -355 -295 0
511 -295 -271 -382 -331 -149 -173 -344 0
-246 -128 -547 -286 -511 -290 384 -393 -517 -125 -16 -173 -344 -244 0
392 -474 -459 -52 -547 -427 -528 -286 -16 -517 -173 -125 -344 -290 297 -190 -511 -477 0
509 -168 -492 -238 -252 -584 -223 -302 -248 -188 -374 -459 -447 0
297 -302 -459 -173 -344 -290 384 -151 -382 -295 -104 -149 0
289 -410 -516 -381 -220 -151 -599 -259 -119 -68 -517 -290 -530 -506 0
-383 -104 -382 -295 -459 -290 -173 -344 -149 -151 0
291 -392 -7 -249 -562 -42 -547 297 -290 -395 17 -104 -125 0
457 -524 -115 -244 -527 -33 -225 -575 -408 -189 0
245 -419 -335 -408 -459 -115 -244 -33 -225 -575 -517 -125 -290 -7 -249 -562 -42 -547 297 -395 17 -104 -476 0
-531 -104 -290 -459 -344 -151 -173 -295 -382 -149 0
18 -491 -547 -580 -39 -220 -119 -259 -151 -344 -505 -173 -104 0
38 -246 -119 -52 -259 -339 -280 -220 -98 -547 -491 -410 -580 -350 0
-246 -236 -168 -102 -220 -271 -259 -389 -422 -249 -510 -580 -459 -335 -303 -408 -162 -410 -33 -151 -528 -119 -39 -52 -339 -280 -98 -547 -491 -350 0
174 -510 -459 -303 -408 -168 -491 -410 -102 -220 -271 -259 -389 -422 -249 -580 -151 -528 -119 -39 -52 -339 -280 -547 -350 -203 -454 -344 0
-104 -295 -173 -151 -344 -459 -290 -382 -149 0
-295 -290 -344 -173 -151 -459 -382 -149 0
519 -86 -381 -107 -100 0
510 -107 -89 -204 -31 -28 -517 -381 -68 -128 -246 -290 -474 -506 -446 -419 0
508 -334 -582 -16 -290 -104 -419 0
-246 -107 -265 -430 -410 -130 -185 -453 -147 -271 -319 -331 -149 -382 -35 -55 -391 -381 -599 -513 -474 -49 -89 -204 -31 -28 -517 -68 -128 510 -290 -506 -419 0
172 -288 -331 -52 -382 -271 -391 -265 -430 -410 -185 -319 -149 -381 -517 -290 -506 -529 -582 -104 -220 -118 -259 -408 -151 -459 -344 0
120 -284 -246 -410 -381 -220 -151 -599 -259 0
39 -256 -166 -410 -582 -506 -98 -290 -124 -52 -529 -427 0
-244 -108 -265 -546 -529 -290 -547 -582 -38 -410 -506 -98 -52 -89 -516 -7 -563 -368 -42 -264 -572 -248 -236 -288 -211 -32 -492 -391 -246 0
457 -246 -52 -211 -511 -290 -288 384 -506 -517 -98 -529 -410 -265 -546 -547 -582 -516 -7 -563 -42 -572 -248 -236 -32 -391 -220 -259 -118 -381 -151 -599 -575 -408 0
-37 -446 -246 -204 -28 -509 -517 -381 -68 -31 -290 -506 -107 -220 -151 -481 -259 -539 -118 -408 -457 -166 -410 -582 -98 -256 -52 -529 -427 -38 0
119 -446 -246 -204 -28 -509 -517 -381 -68 -31 -290 -506 -107 -582 -16 -104 -334 -220 -151 -481 -259 0
245 -107 -506 -55 -410 -381 -220 -599 -259 -118 -246 -204 -28 -517 -68 -31 -290 -509 -582 -16 -104 -334 -151 -481 -539 -408 -457 -98 -52 -529 -38 -572 -248 -288 -511 -211 -391 -32 0
-125 -246 -511 -204 -28 -509 -517 -381 -68 -31 -290 -506 -582 -16 -104 -334 -220 -151 -481 -259 384 -118 -55 -410 -599 -539 -408 -457 -98 -52 -529 -572 -248 -288 -211 -391 -32 0
-246 -582 -151 -16 -290 -104 -259 -506 -516 -68 -220 -599 -410 -381 -517 -529 -511 -204 384 -118 -539 -408 -98 -52 -572 -248 -288 -211 -391 -32 -459 -265 -546 -547 -7 -563 -42 -236 -575 0
-104 -290 -151 -459 -149 -382 -344 -173 0
505 -445 -92 -540 -220 -118 -457 -407 261 -380 -581 -529 -509 -290 0
379 -167 -334 -31 -454 -575 -459 -173 -204 -287 -68 -40 -517 -491 -175 -382 -149 -319 -271 -331 -85 -599 -92 0
245 -513 -459 -173 -454 -517 -334 -290 -581 -540 -220 -118 -457 261 -92 -380 -31 -204 -287 -40 -175 -382 -149 -319 -271 -331 -507 -529 -474 0
-290 -382 -173 -459 -149 -151 -344 0
260 -409 -173 -16 -344 -220 -151 0
531 -37 -271 -382 -331 -149 -173 -344 -259 -220 -151 -246 -512 0
Solved
