287 -25 -163 0
164 -25 -220 -37 -1 0
-25 -220 -1 -37 -163 0
204 -289 -124 -247 -214 0
8 -339 -196 -67 -124 -247 -199 -185 -241 0
337 -350 -52 -67 -107 0
165 -94 -136 -112 -265 -196 -52 -67 -199 -241 -7 -124 -247 -274 -64 -313 -286 -37 0
197 -124 -285 -232 -131 -176 -305 -50 -112 -85 -186 -136 -94 -265 0
358 -274 -196 -232 -112 -136 -265 -64 -1 -37 -163 -52 -67 -7 -247 0
220 -348 -87 -43 -51 -98 0
38 -51 -186 -358 -1 -37 -163 -87 -43 -95 -98 0
338 -186 -95 -353 -37 -1 -163 -43 -358 -87 -64 0
-186 -182 -247 -264 -120 -232 -28 -95 -353 -339 -37 -1 -163 -43 -358 -87 -64 0
198 -163 -232 -28 -37 -1 -247 -43 -358 -64 -103 -316 -136 -265 0
95 -186 -64 -338 -358 -354 -252 0
-186 -263 -247 -232 -28 -96 -64 -338 -358 -354 -252 0
361 -232 -247 -28 -64 -112 -316 -136 -265 -196 -37 -1 -43 -103 -7 0
94 -358 -28 -37 -1 -247 -43 -232 -64 -103 -316 -136 -265 -196 -186 0
197 -358 -247 -232 -28 -186 -64 -112 -136 -265 0
-358 -186 -361 -112 -136 -265 -196 -247 -232 -28 -325 -64 -37 -1 -43 -103 -316 0
95 -334 -325 -64 -361 -112 -196 -136 -265 0
358 -64 -325 -361 -112 -196 -136 -265 0
94 -316 -265 -196 -103 -291 -247 -177 0
364 -28 -325 -112 -196 -103 -247 -265 -37 -1 -43 0
29 -167 -85 -190 -217 -203 -200 -242 -186 0
96 -358 -28 -190 -186 -112 -364 -64 -196 -1 -265 0
137 -364 -112 0
138 -364 -112 0
365 -264 -212 -290 -190 -247 -175 -85 -49 -234 -64 0
266 -96 -1 -85 -64 -364 -190 -247 -28 -186 -196 -37 0
95 -338 -247 -64 -1 -358 -354 -186 0
176 -163 -37 -1 -287 -85 -49 0
249 -290 -263 0
-358 -64 -112 -1 -364 -37 -43 -247 -28 -186 -196 -265 -190 0
96 -176 -163 -364 -286 -64 -43 -354 -196 -265 -313 0
233 -246 -166 -305 -263 -131 -289 -214 -124 -173 -285 0
Solved
