211 -135 -195 -112 -159 -91 -40 -61 -1 -132 0
155 -6 -123 0
156 -18 -136 -112 -95 -91 -61 -40 -159 -195 -1 0
12 -18 -136 -95 -40 -159 -61 -195 -91 -112 0
137 -30 -123 -156 -72 -12 -18 0
41 -132 -136 -123 -18 -95 -112 -195 -159 -91 -40 -61 -1 0
218 -91 -40 -136 -1 -196 -55 -13 0
16 -12 -96 -9 -40 -158 -178 -61 -194 -91 -112 -136 0
113 -64 -139 -72 -131 -178 -61 -212 -91 -34 0
114 -89 -96 -40 -158 -61 -194 -91 0
-12 -131 -178 -61 -91 -112 -96 -40 -158 -194 -136 -17 -9 0
220 -40 -1 -136 -196 -55 -217 0
123 -4 -118 0
154 -118 0
11 -146 -118 -158 -135 -150 -108 -193 -90 -130 -1 -136 -34 -16 0
92 -193 -55 -196 -118 -1 -136 -34 -10 -217 -40 -31 -61 0
194 -185 -118 -107 -34 -16 -130 -10 -1 0
112 -61 -55 -196 -136 -1 -217 -118 -91 -40 0
-13 -14 -217 -40 -136 -1 -196 -55 -91 0
10 -18 -118 -40 -61 -1 -194 -217 -136 -196 -55 -91 -103 0
-18 -194 -12 -61 -40 -91 -136 -55 -217 -1 -196 -118 -103 0
62 -212 -1 -194 -217 -40 -136 -196 -55 -91 -12 -112 -182 -72 0
-194 -12 -40 -136 -1 -196 -55 -91 -61 -217 -118 -103 0
45 -189 -64 -26 0
17 -69 -170 -181 -161 -136 -72 0
-12 -61 -136 -55 -91 -217 -40 -1 -196 -118 -103 0
-61 -91 -40 -136 -1 -196 -55 -217 -118 -103 0
17 -171 -133 -173 -148 -116 -88 -136 -70 0
66 -43 -188 -27 0
Solved
