24 -169 -172 -4 -61 -229 -76 0
-169 -4 -172 -61 -229 -76 -22 0
173 -58 -112 -190 -7 -205 -121 -76 -1 -328 -268 -22 -235 -229 -124 -4 0
-4 -172 -112 -190 -7 -205 -121 -76 -1 -328 -22 -235 -229 -124 -268 -61 0
237 -132 -7 -317 -108 -121 -85 -54 -328 -70 0
77 -172 -112 -190 -7 -121 -268 -328 -124 -235 -85 -70 -325 -109 -205 -229 -1 -61 -22 0
174 -146 -112 -268 -190 -105 -7 -144 -121 -177 -328 -60 -235 -170 -124 0
358 -121 -7 -85 -328 -70 -235 -124 -112 -268 -190 -109 -205 -229 -1 -61 -22 -76 0
8 -112 -22 -229 -292 -37 -76 -190 -7 -205 -121 -1 -328 -235 -124 -268 -61 -40 -298 0
361 -37 -22 -229 -292 -76 -190 -7 -205 -1 -328 -235 -124 -268 -61 -298 0
17 -291 -120 0
24 -198 -194 -109 -61 -205 -76 -1 0
9 -68 -76 -1 -22 -109 -61 -205 -259 -178 -229 -16 -120 -190 -122 0
123 -221 -259 -218 -114 -361 0
113 -105 -298 -146 -290 -361 -268 -16 0
23 -120 -250 -265 -259 -178 -218 -68 -114 -298 -290 -361 -268 -16 -61 -205 -229 -76 -1 0
329 -250 -37 -109 -61 -205 -229 -76 -1 -22 -259 -178 -298 -361 -268 -16 -190 -7 -70 -235 -85 0
78 -361 -150 -69 -178 -298 -268 -167 -37 -109 -205 -54 -229 -1 -61 -22 0
103 -174 -171 -250 -29 -37 -185 -147 -95 -89 0
364 -61 -1 -229 -22 -76 -268 -109 -70 -85 -328 -259 -16 -190 -7 -292 0
104 -364 -76 -1 -22 -268 -229 0
105 -38 -147 -185 -268 -95 0
112 -264 -172 -125 -236 -259 -7 -70 -219 -69 0
207 -171 -259 -7 -70 -16 -268 -233 -185 -143 -95 -89 -104 -364 0
147 -233 -364 -176 -185 -143 -95 -104 0
77 -16 -259 -7 -70 -364 -104 -268 -229 -1 -61 -22 0
17 -29 -248 -335 -291 0
367 -70 -268 -229 -1 -22 -76 -85 -328 -190 -292 0
143 -366 -206 -229 -1 -94 -22 -76 0
113 -8 -219 -190 0
39 -114 -190 -367 -340 -88 -257 -92 -229 -1 -22 -76 -142 -206 -94 0
78 -184 -94 0
103 -147 -190 -367 -229 -1 -22 -268 -76 0
104 -76 -22 -229 -1 -268 0
77 -94 -367 -229 -1 -22 -268 -76 -190 0
-94 -367 -268 -190 -229 -1 -22 -76 0
370 -268 -1 -22 -229 -190 0
277 -325 -355 -292 -296 0
8 -261 -54 -61 -296 -278 -355 -292 -222 -132 0
52 -296 -370 -292 -71 0
112 -54 -292 -61 -109 -370 -132 -278 -355 -218 -69 0
317 -161 -355 -48 0
200 -289 -275 -170 -92 -340 -6 -247 0
-8 -247 -109 -102 -275 -170 -92 -340 -6 -288 -355 -48 -132 113 -190 0
37 -355 -278 -292 -6 -275 -310 -132 -109 -102 -170 -92 -340 -288 -190 -69 -114 -61 -370 -218 -107 0
112 -8 -75 -278 -310 -218 -69 -292 -61 -109 -370 -132 -355 0
53 -295 -292 0
-295 -292 -52 0
175 -340 -92 -102 -109 -218 -278 -61 -370 -114 -107 -38 -6 -275 -190 -300 -364 -331 -234 -153 -60 0
-292 -355 -278 -6 -275 -310 -109 -102 -92 -340 -288 -190 -69 -114 -61 -370 -218 -107 -38 -169 -81 -293 0
113 -135 -310 -262 -109 -265 -236 -369 -71 -8 -69 -190 0
297 -8 -40 -218 -114 -310 -109 -236 -69 -190 -92 -340 -169 -61 -278 -52 0
-8 -310 -340 -370 -38 -169 -190 -114 -107 -61 -69 -52 -295 -40 -218 -109 -236 -92 -278 0
369 -134 -40 -330 -154 -87 -194 -267 -290 -259 -109 -17 0
171 -17 -290 -257 -368 -40 -267 -259 -109 -38 -370 -107 -70 -52 -340 -61 0
217 -40 -122 -125 -370 -236 -52 -61 -169 -290 -257 -368 -109 -38 -107 -340 -69 -221 -114 0
53 -201 -6 -355 -251 -273 -122 -265 -92 -261 -340 -278 -368 -169 -295 -61 0
367 -109 -102 -201 -288 -249 -194 -122 -290 -257 -368 -40 171 -17 -38 -370 -107 -70 -52 -340 -61 0
103 -147 -6 -92 -102 -257 -38 -370 -107 -61 -278 -190 -234 -153 -60 -177 -268 -207 -275 -90 0
18 -30 -249 -336 -289 -119 0
368 -249 -200 -289 -190 -119 -114 -18 0
367 -264 -133 -336 -114 -75 -119 -289 -18 0
118 -196 -336 -194 0
-147 -257 -61 -190 -207 -92 -38 -284 -275 -268 -90 -105 -6 -102 -370 -107 -278 -234 -153 -60 -177 0
-289 -8 -190 -102 -334 -28 -218 -247 -109 -290 0
169 -87 -328 -317 -355 -6 -364 -80 -179 -234 -173 -60 0
-8 -290 -6 -364 -234 -60 -109 -54 -299 -61 -262 -247 -28 -334 -113 -218 -73 -190 -102 -370 0
291 -221 -218 -114 -361 -122 -368 -109 -370 -102 -201 -28 -247 -16 0
366 -114 -153 -60 -177 -92 -102 -340 -218 -278 -61 -370 -109 -107 -38 -6 -275 -190 -234 -364 -331 0
120 -201 -28 -247 -334 -251 0
178 -153 -177 -234 -60 0
-290 -291 -334 -218 -114 -120 -288 -6 -364 -234 -60 -109 -54 -299 -61 -262 -247 -28 -113 -73 -190 -102 -370 0
-291 -288 -109 -61 -120 -334 -218 -114 -6 -364 -234 -60 -54 -299 -262 -247 -28 -113 -73 -190 -102 -370 0
-114 -109 -218 -370 -102 -28 -247 -6 -364 -234 -60 -54 -299 -61 -262 -334 -113 -73 -190 -153 -177 -92 -340 -278 -107 -38 -275 -331 0
-109 -28 -247 -334 -6 -364 -234 -60 -54 -299 -61 -262 -113 -218 -73 -190 -102 -370 -153 -177 -92 -340 -278 -107 -38 -275 -331 0
96 -60 -177 -234 -207 -6 -61 -190 -102 -370 -107 -275 -90 -105 -268 -184 0
7 -290 -109 -201 -247 -16 -102 0
365 -80 -93 -262 -320 -74 -180 -39 0
336 -310 -268 -67 -145 -39 -366 -93 -262 -320 -74 -6 -286 -275 -196 0
-120 -118 -320 -74 -39 -109 -102 -201 -247 -275 -258 -268 -67 -145 -6 -265 -122 -221 -218 -114 -361 -261 -368 -250 -16 -93 -291 0
86 -328 -370 0
37 -356 -182 -279 -310 -365 -74 0
120 -74 -247 -39 -279 -258 -370 -122 -221 -218 -114 -361 -368 -109 -102 -201 -250 0
-291 -74 -320 -39 -109 -102 -201 -247 -275 -258 -268 -67 -145 -6 -265 -122 -221 -218 -114 -361 -261 -368 -250 -16 -93 -120 -290 0
-290 -261 -61 -6 -109 -275 -102 -201 -39 -258 -340 -247 -16 -218 -114 -361 -370 -320 -268 -67 -145 -250 -93 -279 -222 -9 0
112 -114 -234 -6 -275 -109 -61 -340 -247 -102 -39 -258 -218 -60 -370 -320 -268 -145 -250 -93 -279 0
-16 -290 103 -102 -147 -370 -107 -61 -190 -234 -60 -177 -268 -207 -275 -90 -93 -320 -39 -300 -334 -250 -120 -6 -9 -109 -201 -247 -17 0
-290 -201 -247 -334 -120 103 -102 -147 -370 -107 -61 -190 -234 -60 -177 -268 -207 -275 -90 -93 -320 -39 -300 -250 -6 -9 -109 -28 -17 0
290 -368 -17 -120 -9 0
-290 -120 -17 -250 -247 -334 103 -102 -147 -370 -107 -61 -190 -234 -60 -177 -268 -207 -275 -90 -93 -320 -39 -300 -6 -9 -109 -28 0
-120 -334 -234 -6 -275 -60 -28 -109 -61 -247 113 -190 -250 103 -102 -370 -107 -177 -268 -207 -90 -93 -320 -39 0
113 -247 -234 -6 -275 -60 -109 -61 -190 -250 103 -102 -370 -107 -177 -268 -207 -90 -93 -320 -39 -258 0
-114 -113 -234 -6 -275 -109 -61 -340 -247 -102 -39 -258 -218 -60 -370 -320 -268 -145 -250 -93 -279 0
-120 -291 -18 0
Solved
