26 -482 -472 -235 -73 -21 -541 -275 -496 -223 0
89 -358 -226 -332 -376 -81 -235 -73 -541 -496 -25 -472 -21 -275 -223 0
26 -124 -499 -472 -235 -73 -21 -541 -275 -496 -223 0
571 -25 -81 -235 -73 -568 -496 -376 -21 -308 -226 -332 -7 -63 0
543 -571 -376 -235 -73 0
224 -15 -204 -289 -143 -196 -394 -360 -226 -191 -325 -217 -63 -7 -229 0
27 -534 -254 -482 -90 -308 -204 -289 -143 -196 -394 -360 -226 -191 -325 -217 -63 -7 -229 -496 -188 0
225 -166 -114 -305 -204 -5 -191 -258 -21 -264 -247 -217 -63 -7 -229 0
237 -7 -191 -21 -217 -63 -289 -439 -1 -340 -478 -524 -496 -25 -254 -308 -196 -394 -226 -325 -188 -543 -81 -73 -571 -376 0
224 -405 -354 -196 -226 -1 -394 -191 -340 -115 -324 -7 -477 -274 -229 0
574 -266 -191 -226 -568 -289 -308 -196 -1 -394 -340 -324 -496 -524 -73 -63 -149 -332 -86 -376 -235 -21 -217 -439 -478 -254 -325 -188 -81 0
74 -512 -135 -564 -560 -203 -571 -81 0
523 -571 -86 -376 -149 -73 -135 -564 -560 -203 -81 -165 0
225 -229 -332 -568 -196 -394 -308 -496 -524 -86 -376 -149 -73 -564 -81 -250 -538 -226 -406 -191 -188 -21 -574 -217 -63 -7 -318 0
223 -43 -191 -226 -568 -289 -266 -89 -308 -477 -335 -26 0
572 -405 -191 -325 -7 -229 -226 -196 -1 -394 -340 -324 -225 -568 -289 -266 -308 -496 -524 -149 -332 -86 -376 -63 0
62 -229 -7 0
224 -26 -73 -340 -1 -191 -325 -7 -229 -226 -196 -394 -324 -225 -568 -289 -266 -308 -496 -524 -149 -332 -86 -376 -63 -406 -250 -188 -81 -574 0
-26 -225 -226 -568 -289 -266 -308 -332 -376 -496 -235 -21 -217 -63 -439 -1 -340 -478 -524 -7 -254 -196 -394 -325 -188 -81 -73 -191 -229 -324 -149 -86 -406 -250 0
-229 -7 -191 -325 -73 -226 -196 -1 -394 -340 -324 -568 -289 -266 -308 -496 -524 -149 -332 -86 -376 -63 -235 -21 -217 -439 -478 -254 -188 -81 -406 -250 -564 -538 -318 0
-571 -541 -73 -572 -376 -235 0
75 -335 -88 -308 -499 -496 -541 0
224 -499 -568 -332 -226 -376 -358 -235 -541 -81 -73 -88 -308 -496 0
74 -88 -308 -332 -226 -336 -376 -358 -496 -235 -541 -81 0
-7 -332 -235 -73 -308 -376 -226 -496 -81 -21 -568 -63 -191 -325 -196 -1 -394 -340 -324 -289 -266 -524 -149 -86 -217 -439 -478 -254 -188 -406 -250 -564 -538 -318 0
-26 223 -308 -191 -226 -568 -289 -266 -43 -477 -496 0
501 -382 -414 -205 -564 -37 -53 -213 -405 -358 -250 -12 -245 -226 -483 -43 -457 -308 0
223 -166 -435 -138 -289 -16 -214 -205 -96 -37 -213 -405 -358 -250 -12 -245 -226 -483 -43 -88 -308 -414 -564 -457 -191 -568 -266 -477 -496 -196 -394 -116 -324 -292 -275 0
228 -258 -107 -264 -247 -335 -560 -308 -138 -88 -358 -191 -43 0
349 -138 -81 0
351 -476 -532 -568 -22 -283 -54 -394 -115 -544 -385 -211 -37 -16 -427 -214 -205 -355 0
350 -138 -81 0
227 -43 -138 -289 -214 -37 -405 -358 -250 -12 -245 -226 -483 -435 -88 -308 -564 -457 -191 -568 -266 -496 -196 -394 -324 -292 -275 -340 -544 -385 -149 -86 -376 -225 351 -332 -254 0
-477 228 -247 -308 -138 -88 -358 -191 -43 -478 -544 -483 -357 -123 -1 -340 -324 -225 -226 -568 -289 -266 -496 0
481 -153 -21 -472 -275 -242 -394 -146 -53 -312 -332 -214 -534 -357 0
482 -242 -472 -439 -1 -298 -123 -449 -534 -357 -12 0
-43 -472 -225 -21 -496 -275 -394 -332 -214 -483 -439 -1 -298 -12 -292 -247 -308 -138 -88 -358 -191 -478 -544 -340 -324 -226 -568 -289 -266 -250 -37 -405 -245 -435 -564 -457 -196 -385 -149 -86 -376 351 -254 0
75 -332 -235 -394 -376 -214 -196 -487 -254 -225 -21 -496 -275 -439 -1 -298 -12 -292 -247 -308 -191 -478 -340 -324 -226 -568 -289 -266 -250 -37 -245 -435 -564 -457 -385 -149 -86 -81 -572 0
-477 -475 -225 -308 -191 -226 -568 -289 -266 -43 -26 -496 0
234 -268 -289 0
500 -477 -568 -225 -308 -191 -226 -289 -266 -43 -143 -496 0
307 -500 -125 0
-500 -125 -308 0
228 -43 -143 -568 -225 -308 -191 -226 -266 -289 -496 0
-477 -546 -385 -52 -394 -487 -188 -22 -534 -324 -225 -476 -568 -308 -191 -226 -289 -266 -43 -143 -496 0
355 -546 -561 -394 -289 -196 -232 -439 -340 -1 -482 -122 0
-43 -149 -1 -439 -340 -196 -394 -12 -482 -122 -356 -561 -289 -143 -385 -487 -188 -324 -225 -568 -308 -191 -226 -266 -496 -235 -376 -572 -254 -360 -250 0
475 -404 -226 -360 -128 -54 -529 -298 -353 -27 -568 -225 -143 0
296 -340 -1 -191 -439 -289 -226 -568 -487 -394 -376 -196 -254 -385 -308 -496 -235 -250 -564 -81 -73 -214 -292 -478 -37 -457 -325 -217 -406 -538 -318 -367 -442 -271 0
-138 -351 -81 0
-26 -22 -406 -187 -538 -235 -564 -376 -572 -81 -359 -73 -143 -225 -308 -191 -226 -568 -289 -43 -477 -266 -496 -27 0
-500 -266 -81 -196 -394 -376 -487 -477 -225 -187 -406 -538 -235 -564 -73 -308 -191 -226 -568 -43 -289 -496 -254 -88 -499 0
533 -53 -332 -312 -214 -394 -357 -487 -483 -22 0
-358 -138 -532 -332 -312 -214 -394 -487 -483 -13 -289 -263 -524 -478 -385 -148 -439 -1 -340 -271 -477 -308 228 -88 -153 -191 -43 -225 -226 -568 -266 -496 -203 -573 224 -376 -235 -499 -81 -73 0
-571 -103 -275 -230 -542 -573 -376 -235 -73 0
-266 -477 -73 -214 -394 -487 -289 -478 -385 -148 -439 -1 -340 -271 -81 -308 -191 -43 -225 -226 -568 -496 -376 -235 -196 -187 -406 -538 -564 -254 -265 0
27 -499 -126 -334 -308 -496 0
-499 -22 -196 -289 -394 -487 -110 -232 -187 -25 -126 -334 -308 -496 0
227 -232 -289 -196 -394 -487 -187 -25 -496 -334 -308 -110 -254 -358 -43 0
142 -358 -191 -226 -196 -394 -487 -187 -496 -308 -110 -254 -289 -43 -225 -477 0
395 -573 -275 -230 -376 -235 -73 -90 -423 -481 -406 -532 -187 -22 -487 -151 0
74 -138 -81 0
396 -22 -226 -125 -358 -483 -357 -214 -394 -312 -487 -43 -532 -196 0
227 395 -573 -230 -376 -235 -73 -275 -335 -406 -532 -187 -22 -487 -308 -125 -250 -43 0
-22 -275 -271 -322 -340 -148 -520 -335 -308 -203 -138 -230 -573 -376 -235 -73 -358 -191 -43 -226 -406 -532 -187 -487 -125 -250 -543 -538 -465 -26 -394 -483 -357 -214 -312 -196 0
546 -399 -166 -112 -340 -157 -385 -148 0
-358 -499 -138 -191 -43 -478 -340 -385 -148 75 -496 -308 -470 -226 -254 -271 -520 -376 -235 -73 -406 -187 -487 -250 -538 -394 -357 -214 -196 -225 -568 -477 -144 -110 -289 0
224 -103 -571 -573 -376 -235 -73 0
190 -571 -144 -477 -225 -289 -573 -376 -235 -73 0
-499 -123 -376 -235 -73 -217 -340 -1 -225 -568 -357 -308 -43 -470 -226 -191 -144 -477 -289 -138 -478 -385 -148 75 -496 -254 -271 -520 -406 -187 -487 -250 -538 -394 -214 -196 -110 0
-138 -477 -385 -340 -148 -196 -394 -487 -496 -187 -225 -37 -191 -226 -308 -110 -254 -289 -43 -376 -235 -73 -217 -1 -568 -470 -478 -271 -520 -406 -250 -538 -214 -81 0
-358 -143 -43 -568 -226 -308 -360 -191 -196 -394 -487 -187 -496 -110 -254 -289 -225 -477 0
-477 -43 -367 -385 -442 -289 -196 -394 -226 -191 -325 -217 -538 -406 -487 -187 -254 -520 -308 -568 -225 -235 -376 -73 -496 -564 -81 -340 -148 -37 -1 -478 -271 -250 -214 -439 -265 0
223 -22 -73 -226 -125 -358 -483 -81 -214 -394 -312 -487 -43 -196 -324 -340 -157 -148 -544 -385 -144 -234 -146 -53 -187 -26 0
351 -298 -148 -157 -324 -271 -242 -439 -1 -534 -472 -449 -544 -483 -332 -214 -394 -53 -487 -312 -22 0
-22 -234 -196 -487 -394 -144 -534 -483 -81 -73 -148 -157 -324 -271 -242 -439 -1 -472 -449 -544 -332 -214 -53 -61 -568 -88 -226 -376 -358 -235 -308 -496 -225 -125 -43 -340 -385 -187 0
-138 -536 -461 -439 -1 -340 -202 -324 -544 -144 -564 -115 -234 -242 -530 -394 -268 -146 -53 -312 -332 -214 -355 -137 -81 0
44 -202 -144 -81 -73 -439 -1 -340 -289 -324 -544 -564 -242 -394 -332 -214 -534 -196 -487 -148 -271 -472 -61 -568 -88 -226 -376 -358 -235 -308 -496 -225 -43 -385 -187 -250 -191 0
571 -358 -385 -148 -394 -37 -487 -534 -73 -81 -340 -332 -254 -226 -43 -144 -439 -1 -289 -324 -564 -242 -214 -196 -271 -568 -376 -235 -308 -496 -225 -187 -250 -191 0
-358 -144 -289 -196 -439 -340 -1 -394 -43 -226 -81 -73 -572 -385 -148 -37 -487 -534 -332 -254 -324 -564 -242 -214 -271 -568 -376 -235 -308 -496 -225 -187 -250 -191 0
-43 -225 -439 -289 -196 -538 -394 -406 -487 -187 -254 -340 -564 -81 -73 -226 -385 -148 -37 -214 -271 -568 -376 -235 -308 -496 -1 -250 -191 -292 -367 -442 -325 -217 -520 -478 -265 0
268 -53 -358 -191 -226 0
233 -268 -289 0
23 -144 -308 -124 -225 -568 -325 -289 -358 -191 -226 -543 -235 -442 -376 -367 -331 -196 -394 -487 -187 0
333 -532 -483 -235 -357 -376 -214 0
-138 -358 -191 -225 -289 -376 -235 -73 -487 -226 -442 -394 -367 -196 -331 -214 -24 -308 -124 -568 -325 -187 -81 0
481 -133 -538 -406 -187 -226 -360 -404 -529 -568 -225 -143 -340 -432 -24 -542 -487 -520 -477 -235 -394 -127 -311 -376 -196 -331 -214 -356 0
23 -324 -117 -477 -394 -534 -487 0
-358 -331 -196 -225 -376 -235 -24 -394 -487 -148 -439 -340 -1 -538 -406 -187 -226 -568 -520 -214 -564 -250 -191 -289 -81 -73 -442 -367 -308 -124 -325 0
23 -532 -202 -73 -439 -289 -571 -232 -225 -376 -196 -538 -475 -235 -394 -406 -1 -487 -187 0
476 -112 -340 -496 -385 -148 -568 -1 -52 -439 -308 -81 -394 -232 -202 -88 -73 -367 -214 -196 -571 -331 -235 -376 -225 0
377 -349 -1 -191 -439 -340 -289 -232 -81 -73 -196 -571 -331 0
142 -571 -187 -73 -439 -289 -308 -225 -376 -196 -538 -235 -394 -406 -1 -487 -24 -340 -496 -385 -148 -568 -52 -81 -88 -367 -214 -331 -191 0
74 -232 -1 -191 -439 -340 -289 -376 -81 -73 -196 -571 -331 0
-232 -331 -196 -142 -376 -1 -191 -439 -340 -289 -81 -73 -571 0
75 -52 -325 -268 -571 -376 -235 -73 -225 -191 -289 -142 -81 0
-225 -538 -478 -406 -187 -226 -568 -340 -487 -520 -235 -394 -376 -196 -214 -385 -265 -289 -191 -325 -217 -308 -564 -81 -73 -1 -439 -496 -148 -367 -250 -442 -254 -37 -271 -292 0
74 -232 -254 -394 -196 -487 -477 -235 -289 -439 -340 -1 -376 -571 -81 -191 -73 0
-142 -533 -487 -226 -394 -191 -254 -196 -289 -477 -232 -144 -376 -1 -439 -340 -81 -73 -571 0
198 -333 -27 -568 -89 -483 -214 -243 -323 -357 -250 -340 -123 -226 -1 -191 -439 -289 -394 -232 0
-232 -571 -226 -1 -191 -439 -289 -196 -27 -568 -214 -250 -340 -394 -292 -477 -487 -254 -376 -81 -73 -520 -235 0
378 -128 -82 -228 -232 -487 -394 -191 -254 -196 -289 -144 -376 -1 -439 -340 -81 -73 -571 -431 -326 -590 -235 0
197 -235 -73 -571 -376 -232 -487 -394 -191 -196 -289 -1 -439 -340 -81 0
75 -471 -264 -312 -414 -333 -4 -308 -116 -324 -543 -235 -228 -376 -360 -143 -122 -571 -81 0
-235 -571 -394 -289 -196 -439 -340 -1 -232 -81 -487 -376 -191 -73 0
572 -595 -394 -191 -289 -196 -340 -232 -1 -439 -487 -541 -81 -376 -73 0
-571 -487 -340 -289 -232 -1 -394 -196 -439 -81 -376 -73 -191 0
234 -53 -394 -196 -289 0
74 -487 -394 -358 -191 -196 -289 -232 -81 0
233 -61 -405 -487 -358 -191 -1 -394 -439 -289 -196 -144 0
-487 -439 -340 -1 -394 -191 -376 -289 -196 -232 -81 -73 0
-138 -126 -308 -496 -25 -153 -249 -404 -356 -73 -81 0
138 -350 -81 -73 0
227 -559 -544 -573 -326 -298 -89 -430 -405 -43 0
572 -71 -110 -485 -506 -471 -263 -543 -256 -297 -478 -148 -596 -175 -544 -376 0
377 -235 -477 -533 0
-235 -61 -248 -263 -471 -26 -265 -14 -110 -71 -485 -506 -543 -175 -376 -477 -533 0
234 -22 -376 -430 -589 -73 -81 -340 -1 -394 -191 -439 -289 -196 0
-138 -235 -353 -284 -22 -324 -114 -414 -264 -129 -116 -53 -191 268 -333 -298 -376 -143 -122 -308 -81 -73 0
-571 -477 -235 -232 -394 -289 -196 -439 -340 -1 -376 -191 -81 -73 0
355 -533 -324 -477 -116 -482 -232 -394 -289 -196 -122 -439 -340 -1 -561 0
-533 -544 -414 -114 -561 -22 -4 -116 -482 -356 -324 -477 -232 -394 -289 -196 -122 -439 -340 -1 0
-477 -235 -394 -289 -196 -439 -340 -1 -191 -232 -376 -81 -73 0
573 -561 -414 -4 -298 -353 -152 -284 -535 -22 -534 -482 -82 -356 -232 -394 -289 -196 -122 -439 -340 -1 -202 0
532 -561 -414 -4 -249 -122 -152 -356 -535 -482 -462 0
-235 -439 -232 -394 -289 -196 -191 -340 -1 -376 -81 -73 0
-533 -356 -414 -114 -477 -22 -4 -116 -482 -573 -324 -232 -394 -289 -196 -122 -439 -340 -1 -73 -81 -532 0
533 -414 -53 -191 268 -573 -73 -298 -81 -152 -353 -143 -284 -477 -462 -22 0
358 -7 -230 -405 -559 -435 -228 -138 0
-482 -264 -573 -53 -191 268 -414 -324 -477 -589 -541 -143 -122 -73 -81 -116 -114 -22 -533 -232 -394 -289 -196 -439 -340 -1 -532 0
-439 -81 -73 -191 -232 -394 -289 -196 -340 -1 -376 0
-268 -232 -289 0
198 -115 -477 -322 -144 -394 -232 0
23 -431 -298 -354 -489 -285 0
534 -215 -332 -591 -489 -254 -298 -354 -285 -228 -405 -249 -153 -461 0
227 -43 -489 -82 -298 -203 -100 -573 -128 -88 -405 -591 0
378 -596 -236 0
24 -591 -326 -249 -35 -405 -252 -93 -228 -489 -82 -298 -203 -100 -573 -128 -88 -456 -254 -188 0
-138 -35 -228 -149 -376 -477 -585 -1 -439 -289 -394 -196 -580 -262 -232 -322 -482 -122 -73 -81 0
403 -572 -376 -73 -1 -580 -394 -262 -439 -289 -196 -232 -143 -477 -360 -228 0
571 -149 -412 -561 -249 -580 -262 -196 -232 -191 -394 -289 74 -81 -360 0
-439 -1 -394 -196 -232 -376 -191 -289 -81 -73 -477 -482 0
537 -532 -460 0
226 -466 -289 -196 -232 -394 -215 -333 -359 -45 0
227 -249 -62 -443 -289 -394 -232 -196 -230 -333 -405 -45 0
-249 -537 -394 -405 -359 -289 -196 -232 -215 -333 -45 -228 -62 -443 -230 0
198 -532 -460 -153 -477 -394 -144 -115 -232 0
572 -460 -289 -232 -196 -477 -394 -228 -595 -482 -81 -376 -73 0
247 -365 -4 -332 -467 -460 -117 -572 -482 -81 -73 -256 -405 -263 -153 0
-532 -533 -535 -460 0
-533 -535 -376 -477 -595 -460 0
-535 -460 -376 -477 -595 0
248 -405 -533 -466 -376 -73 -289 -572 -232 -196 -191 -394 -477 -151 0
197 -341 -376 -477 -215 -248 -460 -572 -482 -81 -73 -405 -466 -115 -289 -394 -232 0
75 -248 -115 -394 -477 -232 -460 -532 -196 -376 -572 -482 -81 -73 -405 -466 -289 -159 -355 0
-405 -533 -477 -196 -376 -394 -572 -151 -81 -73 -460 -532 -482 -466 -289 -232 -191 0
396 -143 -376 -477 -572 -232 -360 -196 -52 0
-533 -572 -376 -466 -289 -232 -196 -394 -477 -81 -73 -151 -460 -532 -482 -191 0
395 -405 -595 -376 -572 -191 -236 -73 -466 -81 -289 -142 -232 -196 -394 0
-405 -460 -477 -232 -394 -196 -376 -482 -81 -73 -289 -595 -191 0
377 -542 -236 -215 -595 -333 0
439 -482 -191 -394 -196 -289 -232 -81 -376 -477 -73 0
-138 -482 -121 -73 -81 0
-482 -81 -477 -232 -394 -196 -289 -376 -73 -191 0
153 -565 -202 -414 -306 -134 -544 -300 -241 -116 -504 -323 -2 -340 -256 -264 -96 -248 -106 0
233 -472 -323 -148 -116 -544 -414 -202 -306 -2 -340 -199 -564 -309 -125 -138 -405 -45 -358 -191 268 -394 -477 -289 -196 -144 0
534 -536 -477 -533 -543 -214 -441 -467 -376 0
-235 -248 -318 -376 -14 -61 -471 -26 -265 -263 -110 -71 -332 -506 -543 -175 -477 -533 0
-248 -273 -506 -297 -148 -175 -544 -376 -559 -441 -139 -472 -153 -533 -214 -477 -543 -467 -318 -14 -61 -471 -26 -265 -263 -110 -71 -332 0
333 -543 -477 -533 -376 -214 0
152 -533 -477 -376 -543 -214 -289 -232 -196 -394 0
234 -460 -71 -248 -543 -376 -477 -533 -148 -573 -256 -390 -414 -125 -340 -585 -471 -323 -152 -116 -333 -394 -289 -196 0
535 233 -148 -116 -323 -414 -306 -2 -340 -199 -564 -125 -138 -405 -191 268 -394 -477 -289 -196 -144 -89 -573 -248 -152 0
-460 -248 -73 -191 -232 -394 -289 -196 -81 -376 -477 0
234 -153 -148 -376 -139 -248 -533 -214 -477 -543 -467 -471 -71 -573 -256 -561 -390 -414 -125 -340 -585 -323 -116 -394 -439 -289 -196 0
233 -473 -573 -564 -125 -585 -52 -502 -394 -289 -196 -144 0
-248 -81 -477 -394 -289 -196 -232 -73 -191 -376 0
396 -573 -560 -89 -414 -44 -340 -333 -323 -196 -116 0
-81 -477 -191 -289 -394 -232 -196 -73 -376 0
598 -282 -585 0
395 -598 -232 -289 -394 -196 0
-598 -232 -289 -196 -394 0
-138 -121 -4 -117 -324 -81 -73 0
532 -248 -285 -581 -128 -530 -359 -73 -503 -191 -232 -394 -289 -196 -376 -263 -117 -153 -441 0
571 -532 -581 -153 -73 -191 -232 -394 -289 -196 -376 -117 -359 0
115 -248 -4 -263 -122 -561 -356 -546 -482 -324 0
247 -571 -73 -596 -376 -572 -297 -318 -271 -332 -581 -251 -326 -23 -431 -512 -365 -83 -382 -503 -356 -4 -122 -413 -102 -159 -478 -128 -340 -256 -263 0
580 -496 -464 -189 -133 -523 -367 -590 -442 -326 -63 -9 -352 -300 -285 -449 -251 0
307 -126 -501 0
595 -189 -464 -133 -523 -367 -590 580 -326 -63 -9 -285 -251 -503 -122 -73 -191 -232 -394 -289 -196 -340 -376 0
331 -9 -63 -542 -464 -133 -523 -590 -326 -285 -251 -503 -122 -73 -191 -232 -394 -289 -196 -340 -376 -581 -271 -266 -501 -23 -44 0
123 -304 -297 -86 -266 -168 -308 -501 -112 -482 -148 -356 -4 0
121 -382 -340 -356 -73 -191 -232 -394 -289 -196 -376 0
-248 -365 -73 -191 -232 -394 -289 -196 -376 -326 -285 -503 -581 -263 -128 -117 -530 -359 -153 -441 0
573 -340 -4 -324 -117 -560 -81 -73 0
-340 -117 -191 -232 -394 -289 -196 -376 -73 -359 -581 -153 -560 0
439 -535 -534 -236 -596 0
-138 -481 -355 -73 -81 0
396 -232 -191 -73 -394 -289 -196 -376 0
-138 -121 -440 -53 -191 268 -534 -236 -596 -572 -73 -81 -152 -324 0
-121 -340 -534 -236 -596 -214 -394 -191 -196 -289 -232 -53 -572 -152 -324 -116 -73 0
-340 -232 -73 -191 -394 -289 -196 -376 0
151 -87 -442 -148 -296 -266 -523 -470 -496 -264 -335 -249 0
247 -333 -317 -205 -366 -214 -306 -473 -468 -414 -537 -158 -478 -276 -340 -256 -62 -405 -264 -8 0
-324 -596 -340 -376 -439 -289 -232 -196 -394 -121 -138 -81 -73 0
324 -227 -394 -405 -359 -573 -560 -414 -533 -376 -543 -214 -289 -232 -196 -340 -116 0
247 -376 -340 -289 -232 -196 -394 -121 -138 -81 -73 0
151 -237 -543 -496 -597 -335 -87 -148 -296 -266 -523 -470 -264 -249 0
-596 -376 -340 -289 -232 -196 -394 -121 -138 -81 -73 0
-376 -138 -289 -232 -196 -394 -121 -340 -81 -73 0
192 -434 -182 -166 -327 -85 -8 -368 -594 -201 -226 -158 0
117 -166 -450 -85 -158 -39 -405 -340 -2 -214 -205 -138 -441 -144 -331 -359 -232 -387 -196 -394 -289 -545 0
-117 -331 -196 -394 -583 -52 -280 -359 -81 -138 -475 -340 -545 -4 -121 -73 0
597 -543 -235 -450 -85 -158 117 -405 -340 -2 -214 -205 -138 -144 -331 -359 -232 -196 -394 -289 -545 0
585 -113 -443 -213 -368 -22 -125 -531 -44 -564 -469 -226 -280 -190 0
248 -582 -543 -399 -340 -434 -182 -327 -85 -368 -201 -226 -158 -2 -125 -190 233 -564 -473 -52 -573 -394 -289 -196 -144 -583 -443 -213 -22 -531 -44 -280 -306 -366 -154 -429 -129 -405 -264 0
-138 -121 -394 -289 -196 -232 -81 -340 -73 0
571 -596 -534 -376 -324 -117 -196 -394 -232 -289 -45 -360 -90 0
501 -133 -563 -243 -530 -146 0
-501 -309 -126 0
-596 -594 -340 -394 -289 -196 -232 -122 355 -482 -561 -9 -563 -199 -127 -143 -360 -376 -572 -324 -81 -73 -45 0
-376 -9 -572 -340 -394 -289 -196 -232 -122 355 -482 -561 -542 -563 -127 -143 -360 -324 -81 -73 -226 -159 0
192 -444 -369 -212 -114 -126 -22 -530 -563 -45 598 -469 -226 0
191 -183 -435 -542 -326 -63 -85 -9 -369 -593 -200 -226 -159 0
249 -226 -563 -449 -435 -542 -159 -305 -427 -143 -232 -127 -196 -394 -324 -340 -81 -73 -572 -289 -122 355 -482 -561 -360 0
-560 -117 -394 -324 -52 -340 -360 -413 -572 -561 -4 -81 -73 0
-226 -227 -449 -435 -542 -159 -305 -143 -232 -196 -394 -324 -340 -81 -73 -572 -289 -122 355 -482 -561 -360 -248 -404 -563 0
-229 -7 -61 0
191 -542 -572 -545 -324 -289 -394 -232 -248 -196 -404 -360 -449 -435 -159 -305 -143 -340 -81 -73 -122 355 -482 -561 -563 0
23 -93 -372 -267 -297 -271 -581 -251 -449 -285 0
-121 -232 -196 -394 -73 -340 -289 -81 0
228 -93 -286 -568 -14 -512 -109 -83 -503 -1 -263 -154 -308 -340 -248 -128 -583 -157 -404 -190 0
573 -117 -226 -289 -232 -196 -394 -324 -340 -81 -73 0
-191 -117 -394 -324 -196 -73 -81 -340 -226 -289 -232 0
378 -213 -203 -168 -387 -144 -543 -596 -475 0
376 -543 -215 -596 -332 0
-117 -360 -81 -289 -232 -73 -196 -394 -324 -340 -226 0
236 -111 -499 -390 -568 -414 -312 -4 -17 -383 -215 -115 -144 198 -394 -232 -543 -532 0
572 -105 227 -289 -394 -232 -196 -595 -235 -414 -312 -17 -215 -115 198 -152 -368 -471 -82 -308 -355 -143 -73 -81 -136 -546 0
-191 -483 -81 -73 -324 -289 -394 -232 -196 -115 198 -152 -546 -340 -226 -53 0
117 -226 -81 -324 -340 -289 -394 -232 -196 -73 0
-226 -324 -289 -232 -73 -196 -394 -81 -340 0
396 -308 376 -355 -73 -43 -440 -81 -582 -232 -358 -196 -52 0
-191 -324 -81 -73 -394 -196 -289 -232 -340 0
377 -305 -413 -113 -560 -22 -545 -532 -573 -475 0
197 -354 -413 -113 -475 -255 -43 -441 -309 -302 -382 -563 -355 -73 -136 -81 -504 -358 -115 -289 -394 -196 -232 0
-324 -232 -394 -73 -196 -81 -289 -340 0
571 -24 -285 -354 -489 -298 -4 -255 -413 -45 -560 -227 -545 -359 0
-533 -236 -467 -543 -441 -332 -477 -573 -285 -354 -489 -298 -4 -255 -413 -45 -560 -227 -545 -359 -532 0
571 -560 -413 -4 -113 -545 -285 -354 -489 -298 -255 -45 -227 -359 0
-236 -467 -477 -215 -441 -332 -377 -543 -573 -285 -354 -489 -298 -4 -255 -413 -45 -560 -227 -545 -359 -532 0
-138 -581 -150 -354 -413 -255 -477 -289 -232 -196 -394 -441 -227 -113 -309 -504 -117 -322 -563 -355 -73 -136 -81 0
-232 -289 -196 -394 -73 -81 -340 0
-545 -413 571 -4 -24 -560 -227 -359 -399 -243 -394 -167 -289 -73 -81 -2 -268 -340 0
481 -116 -322 -2 -340 -81 -73 -138 0
-413 571 -196 -152 -340 -560 -322 -4 -73 -81 -2 -394 -24 -227 -359 -243 -167 -289 0
413 -322 -302 -340 -4 0
75 -473 -196 -152 -340 -560 -322 -4 -73 -81 -2 -394 -24 -227 -359 -413 -289 -572 -541 0
534 -596 -560 -359 -81 -73 -196 -4 -394 -227 -289 -340 -236 0
-596 -533 -227 -359 -394 -4 -81 -73 -289 -236 -560 -196 -340 0
355 -383 -4 -123 0
44 -531 -486 -564 -140 -280 -215 -499 -333 -124 0
43 -336 -223 -62 -230 -443 -309 -583 -333 -254 -245 0
6 -206 -227 -359 -405 -53 -333 -564 -140 -215 -124 -45 -223 -62 -230 -443 -309 -152 -513 -203 -213 -167 -24 -599 -503 -71 -366 -114 -289 -383 -304 -268 0
-322 -324 -359 -4 -62 -289 -236 -533 -89 -81 -73 -138 -340 -196 -394 -545 -560 -413 -227 0
-324 -62 -227 -289 -560 -196 -545 -394 -4 -138 -81 -73 -533 -359 -236 -89 -340 -413 0
-138 -571 -413 -4 -81 -73 -340 -227 -289 -196 -394 -533 -359 -236 -560 0
-571 -413 -560 -340 -394 -4 -81 -73 -533 -236 -359 -227 -289 -196 0
5 -190 -340 -3 -268 -123 0
501 -134 -564 -241 -529 -145 0
323 -529 -145 -43 -333 -428 -84 -365 -504 -471 -196 -71 -138 -322 -340 -81 -73 -116 -262 -384 -4 0
-413 -533 -196 -340 -81 -73 -4 -560 -289 -227 -359 -394 -236 0
1 -476 -53 -533 -377 -359 -462 -227 413 -340 -4 -600 -191 -394 -504 -138 -81 -73 0
44 -336 -223 -25 -309 -583 -253 0
307 -62 -230 -443 -223 -297 -336 -267 0
572 -280 -583 -230 -443 -223 -191 -227 -25 -253 -152 -264 -257 -560 -479 -149 -546 -88 0
-138 -191 -227 -53 -359 -443 -257 -560 -600 -394 -236 -533 -73 -81 -3 -377 -462 413 -340 -4 -504 -142 0
-533 -236 -560 -4 -340 -81 -73 -359 -227 -394 -289 -196 0
116 -377 -461 -215 -289 -439 -268 -543 -536 -4 -196 -476 -383 -394 -324 0
6 -284 -23 -340 -138 481 -81 -73 -116 -324 -289 -383 -304 -268 0
572 -324 -227 -359 -4 -23 -138 481 -81 -73 -340 -289 -383 -413 -560 -196 -394 -461 -215 -536 -476 0
395 -241 -569 -472 -536 -215 -248 -332 -263 -564 -134 -196 -54 0
5 571 -591 -560 -4 -564 -413 -227 -359 -532 -573 -115 -394 -569 -536 -215 -248 -196 -84 -236 -324 -289 -439 -340 -268 -123 0
-324 -413 -340 -138 -81 -73 -289 -394 -4 -560 -227 -359 -196 -236 0
-413 -138 -4 -227 -359 -289 -81 -560 -236 -394 -340 -73 -196 0
544 -264 -247 -257 -560 -479 0
-138 -236 -359 -560 -394 -289 -340 -4 -81 -227 -73 -196 0
117 -45 -332 -90 -196 -482 -394 0
-236 -4 -340 -560 -81 -73 -196 -394 -227 -359 -289 0
-117 -476 -324 -533 -138 -73 -81 -4 0
355 -413 -166 -227 -405 -439 -546 -596 -573 -333 -366 -533 -377 -560 -476 -229 -268 -324 -4 -123 0
331 -147 -473 -272 -241 -297 -20 -280 -486 -564 -140 -215 -531 -333 -124 -317 -45 0
535 -164 -129 -513 -591 -405 -82 -327 -249 -8 -20 -103 -473 -276 0
274 -297 -442 -272 -62 -20 0
228 -309 -583 -496 -254 -523 -45 -129 -513 -591 -405 -82 -249 -20 -333 -537 -272 -241 -297 -280 -486 -564 -140 -215 -124 -317 -274 -229 -53 -235 -573 -477 -289 -144 -376 -571 -73 -359 -191 0
-571 -427 -206 -333 -405 -227 -583 -496 -254 -129 -513 -591 -82 -249 -20 -537 -272 -241 -280 -486 -564 -140 -215 -124 -317 -229 -53 -235 -573 -477 -289 -144 -376 -73 -359 -191 -442 -149 -546 -88 0
571 -249 -227 -405 -359 -229 0
226 -206 -366 -304 -333 -4 -405 -340 -3 -268 -123 -45 0
-413 -496 -129 -333 -229 -53 -235 -289 -73 -359 -138 -340 -284 -81 -324 -268 -4 -227 -366 -560 -596 -377 -476 -533 -214 -166 -439 0
190 -7 -229 -235 -289 -571 -73 -596 -533 -439 -138 -81 -3 -159 0
-45 -336 -196 -394 -533 -476 -377 -359 -227 413 -340 -4 -600 -191 -504 -138 -81 -73 -324 -43 0
-571 -138 -73 -81 -196 -394 -359 -227 -340 -4 -324 -289 -560 0
-138 -324 -227 -340 -4 -394 -81 -73 -196 -359 -289 -560 0
-324 -4 -394 -196 -560 -289 -340 -81 -73 -227 -359 0
54 -545 -560 -413 -117 -4 -394 -268 0
192 -545 -560 -413 -117 -4 -81 -73 -138 -268 -158 0
546 -45 -235 -289 -477 -571 -73 -442 -192 -196 -87 -394 -166 -214 -533 -2 -138 -340 -81 -322 -113 -4 -413 -560 -385 0
544 -54 -268 -4 -359 -100 -227 -537 -87 -462 -214 -439 -333 -158 -2 -196 -413 -81 -73 -138 -394 -560 -117 0
-138 -571 -73 -81 -560 -289 -4 -196 -394 -340 -359 -227 0
-571 -4 -560 -73 -81 -289 -196 -394 -340 -359 -227 0
-4 -227 -81 -73 -560 -340 -359 -289 -196 -394 0
236 -7 -543 190 -573 -376 -289 -144 -477 -571 -73 0
9 -230 -62 0
-7 -152 -223 -247 -96 -496 -387 -543 190 -573 -376 -289 -144 -477 -571 -73 0
269 -252 -223 -247 -387 -543 -573 -376 -289 -144 -477 -571 -73 -448 -2 -581 -196 -394 -192 -52 0
541 -7 -188 -480 -193 -407 -258 -338 -437 -422 -263 -87 -247 -549 -259 -62 -277 -223 -275 0
298 -334 -125 -188 -223 -407 -106 -422 -95 -247 -387 378 -62 -543 -480 -193 -258 -338 -437 -263 -549 -277 -275 0
585 -252 -571 -573 -376 -73 -543 -247 -439 -581 -2 -223 -503 -448 -125 -95 -387 -480 -258 -338 -263 -153 -537 -42 -467 -16 -214 -591 -432 -47 -489 -24 -254 0
236 -334 -252 -448 -581 -299 -543 190 -573 -376 -289 -144 -477 -571 -73 0
248 -503 -2 -439 -543 -252 -448 -581 190 -573 -376 -289 -144 -477 -571 -73 -100 -128 -405 -153 0
-7 -423 -26 -591 -47 -24 -223 -489 -432 -153 -537 -503 -467 -2 -95 -214 -439 -387 -543 190 -573 -376 -289 -144 -477 -571 -73 -9 0
358 -45 -581 -543 -573 -376 -289 -144 -477 -571 -73 -537 -24 -273 546 -340 -71 -223 -591 -2 -214 -439 -247 -100 -405 -125 -480 -338 -263 -448 -333 -196 -394 -268 -227 0
151 -502 -34 -438 -423 -361 -591 -128 -24 -254 -292 -91 -480 -289 -256 -190 -394 -268 -54 -95 -107 0
290 -489 -24 -254 -591 -214 -190 -600 -466 -268 0
-502 -361 -591 -430 -34 -326 -54 -268 -289 -24 -254 -214 -190 -537 -511 -394 -153 -438 -423 -128 -292 -91 -480 -256 -95 -107 0
-235 -299 -480 -289 -256 -292 -494 -394 -268 -54 -273 -153 -581 -537 -250 -462 -448 -439 -592 -2 -591 -430 -326 -24 -254 -214 -190 -511 -438 -423 -128 -91 -571 -573 -376 -73 -434 -223 -387 -344 -230 -7 -543 0
224 -499 -497 -145 -334 -106 0
52 -267 -91 -71 -14 -443 -125 -62 -334 -230 -223 -497 -106 -569 -311 0
270 -443 -223 -62 -230 -24 -125 -254 -394 -94 -54 -91 -71 -497 -569 -311 -153 -537 -468 -469 -289 -190 0
224 -399 -15 -218 -592 -188 -367 -296 -443 -62 -274 0
-7 -592 -223 -280 -367 -24 -113 -150 -158 -289 -190 -268 -125 -254 -394 -54 -91 -71 -569 -153 -537 -469 -16 -214 -387 -543 -480 -256 -292 -494 -273 -581 -250 -462 -448 -439 -2 -591 -430 -511 -438 -423 -128 -571 -573 -376 -73 -434 -344 -9 0
269 -128 -511 -155 -528 -214 -591 -473 -296 -273 -188 -581 -27 -496 -125 -336 -108 -153 -184 -537 -203 -150 -276 -171 -469 -158 -103 -289 -190 -54 0
53 -423 -188 -27 -153 -537 -591 -298 -24 -254 -214 -190 290 -268 -488 -284 -430 -394 -325 0
152 -254 -24 -591 -214 -190 290 -268 -537 -394 0
Solved
