74 -154 -160 -112 -76 0
-154 -76 -112 -160 -73 0
161 -76 -16 -55 -49 -172 -73 -112 -1 0
-76 -49 -16 -55 -172 -73 -112 -1 -160 0
113 -208 -1 -175 -160 0
-208 -160 -175 -1 -112 0
162 -55 -16 -73 -112 -1 -160 -13 -175 0
214 -73 -16 -112 -1 -13 -175 0
29 -169 -143 -200 -16 -174 -13 0
-160 -35 -13 -16 -143 -174 -178 -89 -206 -1 -77 -112 -73 -162 -175 0
76 -29 -174 -101 -154 -13 -214 -151 -91 -187 -209 0
119 -57 -13 -108 -16 0
15 -86 -89 -174 -166 -29 0
-29 -108 -13 -89 -174 -166 -154 -77 -101 -214 -151 -91 -187 -209 0
114 -151 -1 -13 -187 -16 -178 -112 -73 -175 0
87 -155 -16 -73 -112 -1 -13 -175 -161 -38 0
-76 -86 -29 -1 -112 -73 -90 -173 -16 -13 -175 -161 -78 0
14 -29 -187 -1 -175 113 -112 -73 -16 -13 0
-29 -187 -16 -13 -1 -175 113 -112 -73 0
217 -13 -1 -16 -175 -112 0
-73 -209 -175 -16 -13 -1 -29 -112 -74 0
15 -160 -155 -88 -1 -205 -112 -121 -38 -49 -56 -13 -16 -29 0
Solved
