98 -83 -265 -244 -532 -148 -229 -1 -283 -493 -412 -121 0
99 -283 -265 -532 -244 -148 -229 -1 -493 -412 0
571 -148 -244 -265 -229 -55 -412 -532 -1 -121 -97 0
320 -312 -334 -121 -79 -244 -97 -55 -1 -148 -412 -229 0
341 -106 -79 0
319 -291 -334 -244 -79 0
320 -148 -367 -274 -334 -244 -265 -97 -55 -154 -532 -1 -412 -229 -121 -79 0
413 -526 -523 -238 -85 -394 -290 -118 -320 -79 -494 -121 -340 -97 -55 0
245 -320 -79 -55 -412 -523 -238 -85 -118 -121 -97 -229 -334 -148 0
-148 -55 -334 -244 -79 -229 -412 -523 -238 -85 -118 -121 -97 -367 -274 -265 -154 -532 -1 0
246 -320 -97 -55 -523 -238 -85 -118 -274 -79 -121 -412 -229 -334 -244 0
321 -290 -238 -85 -523 -394 -118 -320 -79 -526 -121 -340 -97 -55 -412 -229 0
-320 -55 -238 -85 -523 -118 -121 -97 -79 -412 -229 -334 -244 -274 0
16 -403 -79 -395 -341 0
17 -244 -334 0
285 -532 -469 -571 -265 0
228 -418 -252 -265 -325 0
342 -252 -265 -523 -394 -526 -14 -238 -118 -121 -97 -1 -412 -290 -229 -320 -79 0
245 -121 -238 -320 -523 -118 -265 -97 -79 -412 -229 -334 -244 -1 0
57 -404 -79 -340 -272 0
486 -70 -498 -258 -15 -482 -118 0
283 -129 -126 -373 -258 -388 -498 -247 -429 -227 0
-121 -320 -388 -79 -118 -238 -97 -1 -412 -229 -265 -334 -244 -523 0
87 -285 -265 -14 -312 -435 -244 -82 -291 -552 -276 -40 -21 -583 -238 0
246 -463 -523 486 -258 -498 -118 -149 -17 0
395 -252 -265 -418 -483 -226 0
341 -82 -265 -334 -244 -523 -118 -40 -583 -238 -97 -1 -412 -229 -320 -79 0
245 -583 -40 -97 -412 -229 -320 -79 -341 -17 -334 0
-320 -40 -118 -97 -1 -79 -412 -229 -334 -244 -265 -523 -238 -388 0
420 -251 -265 0
-121 -185 -367 320 -334 -244 -265 -97 -274 -154 -1 -412 -229 -79 -141 -238 -83 0
342 -166 -40 -367 320 -334 -244 -265 -97 -274 -154 -1 -412 -229 -79 -141 -238 -313 -241 -251 -394 -285 0
246 -40 -238 -241 -523 -265 -118 -79 -367 320 -334 -244 -97 -154 -1 -412 -229 0
80 -532 -238 -70 -265 -40 -367 320 -334 -244 -97 -166 -154 -1 -412 -229 -79 -241 -394 -14 -118 -340 0
266 -497 -257 -125 -428 -158 -285 -70 0
267 -252 -418 0
589 -334 -238 -367 -79 -97 -154 -1 -412 -241 -118 -523 0
591 -486 -412 -320 -97 -79 -342 -334 -244 -229 0
590 -244 -334 -79 -320 -229 0
-342 -244 -265 -412 -320 -79 -334 -523 -118 -1 -238 -97 -229 591 0
-244 -229 -97 -1 -412 -320 -79 -238 -334 -265 -523 -118 -589 0
70 -506 -437 0
231 -70 -265 -589 -148 0
-70 -148 -589 -265 -229 0
485 -13 70 -118 0
484 -342 -320 -97 -79 -494 -412 0
486 -505 -13 -436 -118 0
-342 -229 -320 -79 -97 484 -412 0
-229 -320 -412 -97 -79 -118 -589 -265 -1 -238 -334 -523 0
266 -70 -148 -589 -244 0
-70 -244 -148 -589 -265 0
326 -463 -523 -481 0
327 -463 -523 -481 0
267 -418 -145 0
484 -342 -523 -79 -265 0
266 -469 -523 -238 -572 -79 -342 -334 -244 -589 0
-481 -325 -523 -463 0
192 -188 -293 -131 -247 -430 -216 -314 -227 -376 -291 -285 -139 -128 -435 -170 -458 -182 -302 -479 0
-244 -342 -291 -435 -302 -348 -258 -523 -241 -312 -79 -402 -430 -334 -148 -589 -265 -238 -572 -367 486 -118 0
271 -583 -123 -86 0
-106 -483 -265 -271 -283 -56 -79 -342 -108 0
-342 -302 -523 -265 -79 -56 -108 -123 -86 -435 -291 -348 -258 -241 -312 -402 -430 -334 -148 -589 -238 -572 -367 -118 -485 0
-320 -265 -523 -79 -241 -334 -589 -238 -367 -118 -97 -1 -412 0
267 -16 -334 -290 -434 -589 -284 0
-106 -484 -334 -118 -494 -230 -589 -265 -290 -434 -79 -342 -107 0
-244 -276 -238 -241 -523 -265 -118 -79 -367 -334 -97 -154 -1 -412 -229 0
486 -265 -118 -238 -241 -523 -79 -367 -334 -97 -154 -1 -412 0
-342 -486 -334 -118 -494 -230 -589 -265 -290 -434 -79 -107 -523 0
289 -252 -79 -341 16 -265 -122 -483 -418 -87 -284 -132 -434 -315 -275 0
248 -190 -151 -463 -197 -300 -390 -228 0
266 16 -238 -218 -463 -434 -290 -79 -341 -20 -265 -122 -418 -284 -367 -311 -118 -347 -401 -486 -257 -178 -386 -244 -589 -523 -334 -241 -230 0
-229 -22 -238 -585 -356 342 -367 320 -334 -244 -265 -97 -154 -1 -412 -251 -79 -241 -285 0
-244 -265 -118 -238 -367 -334 -97 -154 -1 -412 -79 -241 -523 0
-265 -118 -523 -334 -238 -367 -97 -154 -1 -412 -79 -241 0
18 -244 -334 0
-481 -227 -394 -166 -523 -463 0
231 -438 -238 -526 -532 -70 -128 -572 -125 -495 -256 -14 -97 -1 -244 -456 -412 -589 -319 0
-320 -428 -70 -532 -334 -79 -244 -589 -482 486 -118 -1 -434 -412 -319 0
341 -244 -412 -70 -532 -334 -79 -97 -589 -118 -1 -238 -523 -283 0
-481 -482 -394 -166 -523 -463 0
-229 -159 -70 -238 -126 -258 -523 -463 -381 -154 -580 -312 -532 -118 -291 -573 -486 -244 -495 -387 -589 -334 -79 -320 -231 0
-481 -166 -394 -523 -463 0
-320 -126 -238 -70 -523 -463 -154 -532 -118 -573 -486 -244 -589 -334 -79 -97 -57 -1 -455 -412 -319 0
-244 -532 -70 -589 -1 -412 -238 -523 -154 -118 -334 -79 -97 -283 0
107 -226 -283 -418 -79 0
285 -229 -70 -97 -1 -148 -16 -412 -238 -320 -107 -418 -226 -79 0
-229 -320 -486 -79 -97 -412 -283 -70 -1 -148 -16 -238 -418 -226 0
167 -481 -190 0
403 -61 -585 -528 -123 -104 -521 -89 -344 0
590 -158 -329 -22 -355 -238 -125 -21 -128 -473 -374 -388 0
256 -300 -378 -399 -128 -348 -125 0
498 -22 -355 -238 -28 0
284 -86 -219 -123 -238 -585 -463 -523 -331 -481 -348 -258 -178 -334 -16 -418 -340 -79 0
483 -377 -134 -299 -175 -463 -331 -190 0
-320 -481 -463 -238 -175 -145 -16 -418 -79 -283 -523 -334 -486 -97 -1 -412 -289 -70 -148 0
231 -494 -118 -486 -70 -13 -148 0
340 -190 -481 -463 -486 -107 0
485 -226 -347 -463 -283 -334 -257 -190 -107 -79 -16 -481 -340 0
342 -300 -399 -226 -178 -283 -334 -79 -16 0
191 -340 -16 -238 -226 -283 -334 -79 -347 -257 -167 -107 -481 -463 0
418 -251 -146 0
320 267 -16 -334 -589 -284 0
190 -437 -16 -334 -258 -124 -127 -463 -79 -106 -226 -327 -481 -168 0
17 -433 -320 -265 485 -596 -334 0
321 -433 -289 0
377 -41 -355 -22 -329 -238 -157 -184 -124 -205 -127 0
194 -534 -504 -582 -432 0
283 -195 -55 -596 485 -320 -419 -334 -16 0
413 -99 -134 -351 -41 -205 -195 -355 -184 -22 -238 -600 -534 -55 0
239 -407 -154 -473 -20 -534 -13 -469 -355 -184 -22 0
-70 -355 -184 -22 -238 -473 -534 -13 -600 -134 -351 -41 -205 -195 -55 -572 -494 -320 -72 -589 -265 -148 0
240 -320 -230 -434 -494 -572 -534 -195 -471 -184 -22 0
340 -525 -334 -16 -226 -79 -238 -327 -463 -168 -192 -481 -486 -258 -333 0
-229 -567 -585 -87 -552 -21 -342 -79 484 -320 -414 -596 -13 -470 -572 -231 0
412 -30 -89 -521 -498 -344 -481 -463 -258 -378 -125 -128 -399 -300 -351 -186 -493 -139 -572 -534 -470 -13 -118 -596 -56 0
97 -567 -87 -585 -219 -21 0
566 -84 -219 -585 -87 0
357 -534 -219 -585 -428 -498 -258 -378 -125 -128 -399 -300 -21 -414 -89 -521 -344 -481 -463 -351 -186 -493 -139 -572 -87 -470 -13 -118 -596 -56 0
-534 -470 -104 -151 -528 -214 -13 -378 -118 -89 -300 -596 -521 -463 -479 -481 -59 -168 -356 -219 -585 -428 -498 -258 -125 -128 -399 -21 -414 -344 -351 -186 -493 -139 -572 -87 -56 0
190 -194 -186 -479 -327 0
23 -585 284 -219 -238 -463 -331 -481 -258 -178 -334 -16 -418 -340 -79 -327 -168 -192 -479 -493 -139 -104 -151 -528 -214 -13 -378 -118 -89 -300 -596 -125 -128 -399 -414 -344 -351 -56 0
191 -186 -238 -23 -463 -327 0
24 -507 -148 -170 -259 -436 -534 -504 -37 -303 -151 -324 -225 -547 -131 -155 -104 -67 -600 -528 -520 -238 0
-186 -534 -238 -585 -414 -56 -589 -266 -600 -23 -148 -436 -151 -225 -104 -528 -381 -66 -13 -89 -539 -118 -344 -206 -596 -351 -479 -481 -463 -168 -327 -192 0
191 -58 -463 0
22 -447 -231 -589 -266 -534 -86 -13 -67 -118 -28 -596 -479 -481 -463 -168 -192 0
533 24 -148 -436 -534 -151 -225 -104 -67 -600 -528 -238 -381 -195 -66 -363 -447 -86 -13 -425 -479 -118 -463 -192 -596 -552 284 -219 -585 -331 -481 -258 -178 -334 -16 -418 -340 -79 -20 -231 -97 -493 -358 -139 0
-534 -231 -479 -192 -463 484 -79 -342 -151 -104 -238 -381 -66 284 -219 -585 -481 -258 -334 -16 -340 -139 -168 -300 -206 -414 -89 -539 -344 -351 -327 0
190 -89 -344 -359 -241 -528 -596 -238 -327 -481 -463 -194 -479 0
321 -512 -344 -525 -238 -327 -463 -168 -192 -481 -479 484 -79 -342 -258 -334 -16 -340 -206 -226 0
-190 -186 -125 -128 -399 -300 -16 -238 -226 -340 -334 -79 -283 -107 -481 -463 -258 -413 -89 -534 -378 -344 -351 -493 -139 -572 -13 -118 -596 -56 -327 -168 -192 0
-186 -534 -104 -258 -378 -125 -128 -399 -300 -493 -572 -230 -151 -65 -56 -13 -539 -413 -118 -206 -596 -479 -481 -463 -168 -327 -16 -238 -226 -340 -334 -79 -283 -107 -89 -344 -351 -139 -192 0
186 -89 -344 -525 -351 -463 -192 -479 -436 -380 -104 -65 -600 -528 -510 -539 -238 -206 0
67 -521 -89 0
412 -67 -30 -498 -315 -258 -241 -118 -378 -125 -128 -399 -300 -596 -98 0
483 -226 -238 -16 -334 -79 -481 -463 -342 0
90 -523 -334 -238 -118 -1 -412 -79 -241 -600 -485 -342 -107 -226 -498 -299 -30 -67 0
298 -107 -334 -342 -16 -79 -600 -98 -412 -1 -257 -498 -30 0
478 -344 -350 -332 -194 0
349 -13 -153 -534 -323 -470 -302 -284 -437 -118 -485 -332 -344 -194 0
-486 -320 -238 -481 -1 -16 -175 -79 -412 -463 -334 -145 -97 -523 -118 -342 -190 -107 -485 0
-244 -16 -334 0
185 -344 -118 -534 -238 -481 -16 -79 -412 -463 -334 -97 -523 -342 -190 0
227 -349 -342 -523 -481 -463 -190 -107 -485 -332 -344 -79 0
341 -360 -522 -100 -7 -69 -145 -527 -420 -16 -79 0
340 -169 -436 -126 -481 -463 -190 -107 0
193 -527 -522 -534 -16 -79 -342 -481 -463 -190 -107 -257 -497 -29 -355 -238 -22 -299 -523 -485 -332 -344 0
-344 -412 -523 -481 -463 -190 -79 -534 -16 -238 -118 -342 -334 -97 0
341 -404 -395 -79 -16 0
185 -412 -238 -118 -523 -334 -79 -485 -342 -107 -226 -299 -241 -89 -522 -355 -22 0
-412 -523 -97 -238 -118 -334 -79 -342 -481 -463 -190 -16 -534 0
-523 -97 -16 -481 -463 -190 -334 -118 -342 -238 -79 -534 0
-58 -190 -463 0
341 -412 -238 -118 -523 -334 -79 -485 -342 -107 -299 -226 -522 -355 -22 -184 -597 -598 -16 0
70 486 -13 -118 0
-534 -190 -334 -118 -79 -342 -481 -463 -16 -238 0
340 -57 -480 -582 -332 -195 -481 -463 -190 -107 0
-97 -1 -334 -238 -118 -412 -79 -16 -342 -195 -481 -463 -190 -99 0
239 -344 -481 -463 -190 -342 -79 -238 -118 -334 -412 -16 0
341 -284 -118 -334 -238 -523 -241 -1 -412 -79 -485 -342 -107 -299 -226 -522 -355 -22 -184 -597 -16 0
-344 -412 -334 -238 -118 -79 -342 -16 -481 -463 -190 0
-412 -190 -463 -481 -238 -118 -334 -79 -342 -16 0
-190 -118 -16 -481 -463 -334 -342 -238 -79 0
482 -118 -595 -342 -334 -16 -166 0
413 -271 -86 -274 -567 -289 -20 -319 -97 0
123 -567 -42 -83 -25 0
-118 -16 -463 -238 -342 -334 -79 -481 0
185 -20 -22 -355 -238 0
98 -57 -438 -589 -148 -252 -522 -16 -79 -342 -481 -463 -107 -257 -355 -238 -299 -523 -485 -332 -527 -194 -480 -13 340 -495 0
414 -252 -589 -522 -16 -79 -342 -481 -463 -107 -257 -355 -238 -299 -523 -485 -332 -527 -205 -194 -480 340 -438 -148 -13 -495 0
240 -367 -197 -71 -292 -430 -154 -533 -13 -474 -469 -22 -355 -238 -184 0
-523 -16 -238 -334 -79 -342 -481 -463 0
341 -166 -481 -484 -16 0
298 -497 -257 -127 -124 -377 -22 -238 -355 0
-22 -29 -147 -252 -228 -257 -127 -124 -377 -238 -355 -79 -424 -106 -463 -520 -58 -23 0
418 -252 -147 0
419 -252 -147 0
283 -41 -456 -413 -589 -320 -289 -267 0
414 -373 -117 -220 -385 -589 -491 -41 -367 -151 -37 -456 -434 -380 -320 -55 0
521 -348 -257 -566 -532 -84 -289 -320 -413 -117 -589 -41 -151 -456 -434 -55 -438 -238 -174 -6 -489 -101 -9 -105 -527 -130 -29 -260 -90 0
414 -29 -257 -124 -69 -238 -130 -70 -148 -121 -589 -41 -315 -276 -289 -456 -434 -320 -55 0
239 -70 -438 -148 -231 -257 -495 -348 -97 -121 -583 -566 -551 -186 0
496 -231 -148 -70 -446 -1 -438 -428 -257 0
584 -311 -532 -572 -469 -495 -84 -97 -219 -121 -87 0
585 -84 -566 -121 0
-355 -257 -495 -238 -438 -148 -186 -276 -289 -413 -124 -130 -589 -55 -520 -489 -9 -527 -242 -252 -397 -147 -395 -79 -228 -127 -377 -424 -106 -463 -58 -357 0
486 -124 -127 -79 -520 -238 -130 -55 -424 -106 -463 -58 -595 -334 -16 -481 0
23 -496 -283 -418 -79 -424 -106 -146 -463 -520 -238 -58 0
108 -97 -520 -101 -346 -83 -146 -428 -424 -298 -58 -283 -463 -418 -179 -79 0
420 -146 -251 0
256 -97 108 -520 -83 -146 -424 -298 -58 -283 -463 -418 -179 -79 -498 0
319 -328 -455 -414 0
240 -121 -42 -83 -567 -314 -494 -289 -414 -148 -70 -437 -124 -258 108 -520 -146 -424 -298 -58 -283 -463 -418 -179 -79 0
98 -42 -314 -321 -289 -83 -567 -414 -121 0
99 -373 -414 -478 -55 -203 -116 -321 -532 -292 -127 -469 -187 -124 -573 -258 -567 -494 -347 -20 0
521 -83 -314 -275 -289 -55 -414 -116 -532 -292 -127 -124 -258 -494 -488 -104 -528 -238 -148 -70 -437 108 -520 -146 -424 -298 -58 -283 -463 -418 -179 -79 -356 0
320 -314 -321 -289 -83 -567 -414 -42 -99 -217 0
-16 -342 -79 -463 -334 -481 -238 0
71 -497 -428 -394 -83 -481 -485 -342 -79 -320 -412 -97 -150 0
395 -86 -319 -485 -567 -289 -20 413 -97 -481 -405 0
239 -428 -463 -128 -125 -166 -376 -481 -227 -83 -394 -319 -485 -567 -289 413 -97 -405 0
257 -249 -246 -403 -283 -394 -79 -341 -485 -494 -230 -386 -3 0
81 -341 -107 0
-481 -17 -341 -497 -95 -463 -485 -257 -325 -482 0
123 -283 -494 -463 -230 -79 -107 -246 -3 -57 -276 -567 -218 -83 0
484 -342 -599 -85 -79 -583 -240 -276 0
341 -16 -85 -599 -271 -79 -240 -395 0
-342 -240 -57 -79 -107 -85 -599 -271 -396 -481 -485 -583 -276 0
342 -150 -246 -271 -396 -85 -230 -583 -494 -276 -485 -79 0
2 -485 -396 -481 -79 -455 -330 -583 -271 -567 -85 -20 -57 -107 -599 -276 -246 -230 -494 -312 0
-485 -257 -246 -85 -79 -463 -481 -57 -107 -599 -271 -396 -583 -276 -494 -312 -230 -3 -455 -330 -567 -20 0
340 -267 -228 -597 -327 -481 -463 -168 -107 -486 0
-16 -257 -463 -107 485 -283 -347 -79 -481 -340 -396 -246 0
-257 -481 -583 -330 -230 -246 -463 -107 -283 -347 -79 -567 -396 -597 -312 -3 -85 -57 -599 -271 -276 -494 -455 -20 0
-485 -497 -429 -79 -283 -57 -107 -85 -599 -271 -396 -481 -583 -276 -246 -230 -494 -150 -486 0
17 -385 485 -85 -597 -271 -478 -525 -404 -150 -192 -463 -396 -246 -168 0
-481 -246 -230 -85 -597 -271 -463 -396 -107 -283 -79 -429 -57 -599 -583 -276 -494 -312 -3 -330 -347 -567 -455 -20 0
302 -128 -125 -312 -256 -3 -438 -387 0
192 -302 -479 -151 0
341 -591 -246 -17 -166 -190 -479 -151 -312 -256 -3 -438 -387 -283 -79 0
486 -312 -3 -151 -404 -85 -190 -227 -271 -166 -283 -57 -17 -79 -107 -246 -256 -230 -494 -331 0
-16 -267 -418 -325 -107 -190 -177 -341 -166 -17 0
300 -256 -126 -347 -129 -398 -376 0
258 -387 -3 -85 -312 -583 -469 285 -590 -494 -25 -230 -315 -132 -294 -247 -489 -96 -502 -105 -51 -447 -429 -496 0
291 -567 -494 -230 -597 -463 -347 -107 -79 -57 -599 -330 -3 -455 -20 -218 -83 -122 -434 0
394 -272 -122 -404 -83 0
273 -191 -124 -347 -127 -484 -398 -274 -299 -226 -16 -427 -394 -218 -83 -122 0
231 -310 -3 -386 -149 0
-341 -342 -230 -3 -524 -463 -347 -244 -16 -218 -83 -122 -274 -285 -107 -57 -79 -494 0
-257 -385 -481 -3 -599 -85 -79 341 -16 -583 -463 -57 -107 -494 -312 -230 -455 -330 -567 -20 0
229 -481 -3 -599 -85 -79 341 -16 -463 -57 -107 -494 -230 -455 -330 -567 -20 -83 -122 -590 -149 0
-481 -85 -599 -79 341 -16 -463 -590 -494 -230 -3 -57 -107 -455 -330 -567 -20 -83 -122 -149 0
-85 -590 -83 -122 -218 -230 -494 -274 -599 -79 341 -16 -463 -3 -57 -107 -455 -330 -567 -20 -149 0
85 -567 -122 -83 -218 0
267 -167 -481 -463 -226 -418 0
-341 -481 -494 -230 -463 -244 -285 -107 -16 -79 -3 -524 -347 -218 -83 -122 -274 -57 0
-481 -16 -79 -599 -463 -494 -230 -3 -57 -107 -455 -330 -567 -20 -83 -122 -244 -285 -524 -347 -218 -274 0
-16 -274 -122 -218 -230 -494 -83 -599 -79 -463 -3 -57 -107 -455 -330 -567 -20 -347 -244 -285 -597 0
-341 -252 -218 -122 -83 -79 16 -85 -325 -285 -107 0
484 -252 -418 -325 -230 -85 -597 -271 -463 -107 -246 -79 -481 -57 -599 -494 -3 -330 -347 -567 -455 -20 -323 -478 -394 -83 -122 -41 -590 -149 -14 -119 0
-481 -567 -597 -463 -107 -79 -57 -599 -494 -3 -330 -347 -230 -455 -20 -83 -122 -218 16 -285 -244 -153 0
584 -40 -567 -356 0
123 -271 -218 -85 -83 0
357 -89 -522 -28 -22 0
-341 -567 -83 -122 -218 -523 -463 -190 -325 -274 -285 -484 -107 -79 16 0
-567 -83 -20 -230 -330 -122 -494 -599 -455 -218 -3 -79 -57 -463 -107 -597 -347 -434 -290 0
-481 -168 -463 -597 -107 -494 -230 -341 -16 -79 -3 -347 -218 -83 -122 -274 -57 -342 -238 -482 0
-285 -16 -434 -230 -3 -290 -463 -347 -342 -341 -218 -83 -122 -274 -107 -57 -79 -494 0
-16 -227 -434 -230 -3 -290 -463 -347 -341 -218 -83 -122 -274 -107 -57 -79 -494 -24 -357 -597 -238 -482 -17 0
-481 -498 -347 -463 -427 -227 -218 -122 -83 -79 -341 -85 16 -107 -24 -357 -597 -394 -482 0
-85 -83 -122 -218 -79 -107 -434 -290 -463 -347 -427 -357 -597 -394 -230 -3 -57 -494 -238 -585 -87 123 0
-481 -341 -494 -230 -463 -16 -434 -107 -79 -3 -347 -218 -83 -122 -57 -290 -275 -486 -483 0
-341 -16 -597 -463 -63 -494 -230 -130 -434 -107 -79 -3 -347 -218 -83 -122 -57 -290 -275 -404 -394 -340 0
-481 -70 -415 -515 -230 -513 -494 -246 -485 -79 -463 -16 -342 -238 -482 0
-16 -415 -230 -494 -79 -463 -238 -288 -330 -557 -455 -404 -597 -63 -130 -434 -107 -3 -347 -218 -83 -122 -57 -290 -275 -394 -340 0
484 -341 -481 -79 16 -238 -249 -418 -357 -330 -252 -325 -41 -284 -242 -590 -434 -230 -290 -130 -14 -494 -275 -119 0
-341 -149 -3 -347 -310 -252 -325 -230 -590 -41 -357 -481 -79 16 -238 -249 -330 -242 -434 -290 -130 -14 -494 -275 -119 -180 -107 -340 0
483 -590 -230 -41 -494 -357 -485 -166 0
-481 -130 -290 -230 -288 -494 -275 -41 -357 -330 -455 -404 -79 -3 -347 -310 16 -238 -249 -434 -107 -340 -597 -463 -394 0
283 -67 -119 -130 -597 -88 -334 -418 -325 -227 0
192 -178 -334 -244 -256 -347 -129 -126 -376 -290 -434 -284 -119 -130 -597 -418 -325 -521 -523 -463 0
283 -241 -79 -341 16 -132 -122 -418 -284 -483 -434 -87 -275 -290 -228 0
-341 -521 -238 -290 -434 -427 -79 16 -122 -483 -87 -275 -130 -597 -523 -463 -325 -190 -256 -347 -331 -484 -107 -340 0
-83 -79 -230 -290 -494 -434 -122 -597 -463 -347 -107 -330 -455 -3 -218 -57 -20 -599 0
419 -228 -284 -147 0
68 -520 -88 0
522 -85 -272 -404 -238 -343 -527 -88 -68 0
521 -103 -404 -527 -272 -584 -68 -84 -566 -122 -88 -63 0
-325 -272 -122 -404 -343 -84 -566 -276 -290 -420 -284 -16 -167 -597 -59 -463 -326 -481 0
-418 -226 -284 -145 -420 0
69 -130 -355 -184 -272 -194 -404 -481 -190 -342 -463 227 -107 -485 -332 -79 -343 -20 -88 0
-238 -498 -299 -355 -22 -257 -127 -124 -205 -184 -20 0
283 -103 -16 -404 -57 -79 -107 -481 -599 -276 -485 -342 -272 -84 -566 -20 -299 -355 -22 -257 -127 -124 -205 -184 -290 -434 -428 0
482 -484 -57 -481 -463 -107 -122 -79 -395 -16 -597 -290 -434 -599 -84 -566 -428 -230 -494 -341 -20 0
227 -418 -20 -525 -168 -89 -481 -463 -238 -327 0
-418 -238 -558 -463 -273 -172 -107 -57 -5 -341 -275 -16 -597 -290 -481 -226 -434 -284 -20 -525 -168 -89 -327 0
-238 -168 -566 -16 -20 -525 -481 -463 -486 -107 -341 -89 -558 -273 -172 -57 -5 -275 -597 -290 -226 -434 -284 -327 0
-325 -418 -284 -226 -175 -205 -168 -184 -463 -327 -481 0
-418 -496 485 -463 -107 -226 -347 -79 -16 -481 -525 -89 -486 -192 -284 -175 -205 -168 -184 -327 0
-484 -481 -463 -107 -341 -347 -79 -16 -566 -20 -57 -597 -290 -434 -395 -122 -599 -84 -428 -230 -494 0
-190 -238 -377 -126 -129 -20 -167 -481 -331 -463 -428 -16 -284 -418 0
-355 -496 -238 -22 -299 -463 -58 -357 0
240 -556 -404 -105 -273 -527 -85 0
285 -22 -257 -385 -238 -404 -105 -527 -122 -566 -3 -299 -463 -58 -357 -274 -290 -434 -428 0
283 -267 -290 -589 -434 -245 0
-22 -194 -186 -238 -345 -404 -58 -395 -463 -228 -257 -385 -105 -527 -122 -566 -3 285 -357 -274 -290 -434 -428 0
239 -257 -126 -436 -129 -194 -496 -186 0
-238 -527 -404 -122 -566 -20 -126 -436 -129 -274 -290 -434 -428 -284 -589 -245 -418 -331 -481 -167 -377 -463 -16 0
190 -69 -418 -284 -22 -481 -355 -463 -167 0
-481 -341 -566 -463 -16 -290 -434 -20 -122 -428 -230 -107 -494 -84 -347 -79 -57 -597 -395 -599 0
-341 -16 -566 -434 -230 -290 -494 -20 -597 -107 -463 -395 -122 -428 -84 -347 -79 -57 -599 0
227 -168 -481 -463 -418 -285 0
-16 -79 -494 -463 -330 -230 -599 -455 -395 -566 -434 -290 -20 -597 -107 -122 -428 -84 -347 -57 0
283 -22 -79 -395 16 -520 -238 -57 -345 -469 -416 -573 -148 -589 0
-22 -284 -90 -238 -345 -194 -186 -58 -395 -463 -257 -385 -105 -122 -566 -3 -357 -274 -290 -434 -428 -79 16 -520 -57 -469 -416 -573 -148 -589 0
283 -583 -132 -90 -345 -79 -395 16 -513 -29 -57 -515 -416 -573 -148 -589 0
-284 -238 -20 -566 -274 -257 -436 -194 -186 -290 -434 -428 -79 -132 -90 -345 -395 16 -513 -57 -416 -573 -148 -589 -330 -42 -357 -58 -463 -385 -105 -122 -3 -520 -469 0
71 -505 -436 0
-481 -566 -463 -20 -330 -290 -434 -428 -79 -395 16 -57 -416 -122 -3 -230 -494 -597 0
192 -300 -228 -463 -325 0
285 -418 -238 -523 -284 -463 -325 -190 -256 -347 -331 -484 -107 -290 -79 -395 16 -434 0
-341 -521 -22 -238 -79 16 283 -241 -122 -418 -284 -434 -290 -331 -118 -484 -395 0
-418 -284 -416 -3 -230 -523 -97 -412 -79 -330 -494 -599 -455 -484 16 -122 -238 -434 -290 -331 -395 -597 -463 -190 -325 -256 -347 -107 0
-106 -340 -107 -79 0
192 -105 -405 -418 -344 -522 -69 -566 -204 -357 -479 -166 -228 -463 -325 0
239 -206 -376 -298 -463 -325 -190 -405 -418 -344 -566 -204 -479 -166 -228 -526 0
67 -13 -244 -120 -591 -597 -266 -523 -418 -521 0
-238 -325 -190 -463 -597 -523 -566 -20 -230 -494 -331 -484 -107 -79 -416 -3 -97 -412 -330 -599 -455 16 -122 -434 -290 -395 -256 -347 0
419 -334 -244 -178 -290 -256 -347 -129 -126 -376 -228 -463 -325 -434 -190 -284 0
326 -178 -256 -347 -129 -126 -376 -334 -228 -463 -325 -190 420 0
-79 -463 -347 -290 -434 -599 -20 -597 -230 -494 -107 -3 -97 -412 -330 -455 -122 -57 -218 0
302 -83 -218 -122 -271 -387 -256 -125 -128 -3 -438 0
-16 -438 -266 -120 -591 -150 -597 -290 -434 -479 192 -218 -122 -271 -387 -256 -125 -128 -3 -394 -17 0
285 -244 -290 -591 -434 -266 0
396 -86 -479 192 -290 -387 -276 -434 -583 -271 -565 -403 -82 0
239 -356 -122 -218 -394 -479 192 -290 -387 -276 -434 -271 -403 -61 -89 -30 -526 -22 0
396 -69 -526 -22 -89 -522 -356 -104 -567 -122 -85 -271 -403 0
-190 -394 -434 -271 -122 -403 -218 -125 -128 -3 -290 -89 -104 -349 -20 -240 -30 -266 -597 -17 -230 -494 -485 -325 -524 -463 -191 0
23 -394 -485 -403 -481 -166 -30 -89 -520 0
396 419 -325 -335 -481 -17 0
419 -325 -218 -271 -485 -403 -122 -17 -597 -463 -59 -434 -125 -128 -3 -290 -20 -240 -230 -494 -524 -191 -299 -228 0
-325 -228 -283 -420 -218 -271 -485 -403 -122 -17 -597 -463 -59 -434 -125 -128 -3 -290 -20 -240 -230 -494 -524 -191 -299 0
68 -551 -3 -387 -184 -20 -22 -355 -86 -528 -130 0
67 -89 -277 -240 -61 -528 -510 0
-89 -22 -240 -355 -528 -3 -387 -184 -20 -130 -277 -61 -510 -271 -403 -343 -88 0
-228 -271 -20 -403 -240 -3 -230 -494 -485 -597 -290 -434 -17 -420 -283 -524 -191 -463 -218 -122 -59 -125 -128 -299 0
239 -325 -271 -122 -428 -290 -434 -403 -89 -22 -266 -597 -125 -128 -3 -17 -230 -494 -485 -396 -218 -463 -191 -59 0
190 -68 -89 -28 -22 -355 -168 -59 0
18 -355 -28 -89 -22 -524 -325 -463 -59 -526 0
333 -482 -485 0
395 -333 -207 -195 -376 -580 -128 -202 -567 -85 -271 -122 -403 -218 0
-325 -22 -89 -59 -463 -17 -396 -376 -580 -128 -202 -271 -122 -403 -218 -485 -20 -240 -428 -290 -434 -266 -597 -125 -3 -230 -494 -191 -327 0
331 -85 -218 -172 -249 -572 -286 -271 -494 -202 -403 -351 -485 -480 -345 0
67 -206 -403 -351 -230 -280 -494 -485 -271 -175 -332 -218 -172 -249 -572 -202 -480 -3 -566 -551 -20 -240 -528 -89 0
-22 -89 -240 -20 -403 -351 -230 -280 -494 -485 -271 -218 -249 -572 -202 -3 -28 -376 -396 -17 -524 -191 -463 -59 -580 -128 -122 -428 -290 -434 -266 -597 -125 -327 0
-85 -333 -396 -17 -376 -580 -128 -202 -567 -271 -122 -403 -218 -527 190 -479 -327 -68 -351 -89 -344 -86 0
-89 -266 -17 -396 -122 -218 -376 -580 -128 -202 -271 -403 -327 -351 -230 -28 -494 -485 -597 -463 -240 -20 -280 -249 -572 -3 -524 -191 -59 -428 -290 -434 -125 0
-463 -597 -290 -347 -122 -218 -230 -494 -20 -3 -434 -57 -599 -107 -97 -412 -330 -455 0
69 -527 -485 -271 -325 -85 -190 -58 -523 -22 -403 -89 0
87 -356 -40 -122 -218 -85 -271 -394 -403 0
-527 -325 -20 -85 -122 -218 -271 -403 -230 -494 -485 -3 -190 -58 -523 -22 -89 -68 0
240 -85 -81 -271 -599 -403 0
24 -325 -122 -218 -85 -271 -403 87 -190 -58 0
-325 87 -190 -240 -58 -22 -122 -218 -85 -271 -403 -20 0
24 -356 -190 -167 -58 0
23 -345 -89 -17 -485 -481 -190 -240 -58 0
-238 -257 -125 -128 -378 -480 -332 -485 -494 -230 -387 -3 -551 -184 -20 -22 -355 -240 0
87 -485 -85 -271 -494 -403 -218 -298 -89 -434 -290 -230 -3 -20 -22 -240 -190 -58 -122 -424 -107 -106 -57 0
192 -481 -172 -131 -597 -508 -290 -89 -344 -276 -485 -494 -230 -386 -316 -330 -103 -552 -42 -526 -190 -58 -17 -22 -380 0
-481 -526 -89 -17 -485 -190 -240 -58 -22 -172 -131 -597 -508 -290 -344 -276 -494 -230 -386 -316 -330 -103 -552 -42 -380 0
-485 -240 -330 -298 -3 -230 -494 -89 -190 -58 -22 -597 -290 -316 -380 -57 -403 -122 -20 -271 -85 -218 -434 -424 -107 -106 0
340 -271 -403 -81 -57 0
69 -13 -471 -573 -118 -145 -226 -420 -130 -89 0
6 -195 -480 -202 -139 -286 -358 -172 -7 0
445 -362 -156 -504 -50 0
302 -428 -497 -445 -436 0
-481 -130 -420 -156 -202 320 -89 -316 -330 -583 -597 -485 -494 -20 -84 -125 -128 -238 -3 -22 -240 -17 -190 -58 0
-22 -156 -494 -122 320 -89 -316 -330 -597 -20 -3 -240 -190 -58 -298 -57 -403 -271 -424 -106 0
168 -481 -190 0
191 -378 -298 -420 -89 -185 -520 -485 -523 -481 -58 0
-481 -125 -128 -298 -420 -261 -89 -520 -523 -58 -190 -185 -485 -527 -17 0
-85 -556 -403 -271 -394 -122 -218 -356 -86 0
-556 192 -290 -434 -403 -276 -479 -394 -387 -122 -567 -218 -271 -356 -86 0
-85 192 -120 -438 -479 -591 -597 -434 -150 -290 -218 -122 -271 -387 -256 -125 -128 -3 -394 -17 -276 -583 -356 -403 -86 0
167 -527 -420 -17 -394 -122 -218 -120 -438 -479 -591 -597 -434 -150 -290 -271 -387 -256 -125 -128 -3 -276 -403 -86 -325 -355 -190 0
-271 -403 -461 -89 -523 -58 -190 -122 -597 -3 -494 -298 320 -316 -330 -20 -57 -424 -106 -599 0
191 -484 -79 -434 -494 -290 -106 -230 -107 -16 -597 -523 -58 0
-356 -265 -16 -284 320 -591 -276 -585 -566 -355 0
-481 -16 -20 -599 -558 -272 521 -84 -122 -404 -63 -585 -284 -298 320 -480 -345 -89 -494 -420 -484 -396 -327 -168 -483 -190 0
-485 -427 192 -284 -256 320 -16 -3 -246 -386 -310 -494 -331 -482 -484 0
-403 -89 -298 -3 320 -494 -20 -599 -122 -190 -523 -58 -106 -597 -57 -461 -316 -330 -424 0
-485 -166 -3 -190 -227 -312 -85 -271 -404 -57 -17 -79 -256 -494 -331 320 -16 -284 -597 -131 -522 -89 -343 -482 -484 0
-482 -341 -16 -190 -284 -3 -271 -404 -57 -79 -494 320 -597 -522 -89 -343 -484 -583 -87 -122 -82 -394 -327 -168 -483 0
86 -527 -20 -103 -566 -556 -583 0
-89 -347 -3 -20 -298 -494 -190 -57 320 -597 -122 -523 -58 -106 -599 -461 -316 -330 -424 0
18 -394 -521 -523 -298 -58 -226 -190 -68 -166 0
-484 -485 -494 -290 -106 -230 -107 -16 -597 -523 -58 -190 -521 -298 -226 -68 -482 -434 0
-485 -482 -347 -20 -298 320 -16 418 -597 -523 -190 -599 -494 -3 -106 -58 -521 -68 0
-482 -16 -521 -523 -298 -58 -190 -68 -494 -106 -597 -347 -20 320 418 -599 -3 0
18 -387 -41 -103 -583 -330 -528 -257 -551 -485 -494 -230 -480 -3 -332 -184 -20 -22 -355 -240 -271 -342 -405 -81 -57 -395 0
486 -184 -226 -395 -20 -355 -22 -271 -81 -57 -528 -342 -16 -41 -103 -583 -330 -257 -551 -485 -494 -230 -480 -3 -332 -240 -344 0
-16 -298 320 418 -260 -424 -599 -494 -523 -20 -57 -330 -3 -344 -122 -190 -58 -68 -521 -106 -597 -347 0
327 -283 -265 -226 -145 0
191 -190 -327 -166 0
-412 -413 -319 -97 0
-58 -85 -528 -356 -551 -185 -120 -206 -595 -378 -523 -300 -60 -190 0
-3 -285 -342 -107 -438 -256 -301 -322 -225 -249 -218 -83 231 -246 -336 -595 -378 -523 -300 -465 -528 -356 -185 -120 -206 -60 -190 -1 0
-284 -85 -238 -16 -356 320 -265 -276 -591 -20 -567 -375 -127 -125 -202 -106 -285 0
-58 -125 -16 -356 320 -276 -591 -438 -202 -285 -249 -83 -312 -402 -150 -552 -246 -185 -336 -120 -206 -595 -378 -523 -300 -60 -190 0
272 -584 -123 -85 0
-340 -79 -404 -272 -55 -342 0
340 -128 -125 0
228 -438 -404 -55 -342 -356 -83 -246 -336 -120 -595 -378 -523 -465 -16 320 -276 -202 -185 -206 -60 -190 -256 -301 -322 -225 231 -528 -1 0
-58 -438 -591 -150 -246 -336 -120 -595 -418 -523 -107 -60 -190 0
285 -80 -418 -107 -290 -591 -434 -244 0
71 -507 -438 0
167 -465 -595 -290 -60 -190 -55 -16 -1 -319 -230 -494 -480 -485 -327 0
-107 -340 -290 -226 -355 -58 -595 -60 -190 -230 -494 -119 -485 -332 -175 -242 -335 -328 -16 -184 -319 0
-340 -58 -226 -16 -290 -230 -319 -355 -145 -595 -60 -190 -494 -119 -485 -332 -175 -242 -335 -328 -184 0
17 -361 -153 -302 -534 -141 -323 -359 -103 -13 -526 -378 -244 0
245 -72 -438 -150 -13 0
230 -23 -15 -190 -167 -58 -311 -436 -267 -42 -401 -71 -591 -150 0
-60 -219 -591 -231 -58 -16 -340 -290 -319 -595 -190 -335 -15 -167 -267 -150 -126 -129 -377 -228 -329 -486 -414 -177 0
265 -419 -250 0
266 -230 -320 -291 -591 -283 0
289 -434 -320 0
229 -522 -88 -527 -23 -132 -598 -346 -257 -126 -585 -41 -454 -413 -320 -265 -244 -589 0
-520 -67 -88 -522 0
526 -585 -19 -121 -190 -167 -58 -62 -23 -88 -522 0
-356 -522 -88 -29 -23 -355 -190 -167 -58 0
122 -566 -585 -82 0
59 -41 -260 -29 -88 -82 -190 -167 -58 -527 -320 -230 -598 -346 -126 -101 -454 -265 -244 -589 -275 -486 -595 -481 0
-589 -534 -126 -129 -346 -572 -434 -320 -230 -265 -244 -15 -486 -332 -595 -481 -190 -58 -260 -29 -88 -82 -167 -527 -598 -101 -454 -275 -591 0
525 -356 -29 -88 -355 -190 -167 -58 0
-356 -230 -320 -434 -572 -534 -184 -598 -387 -15 -495 -57 -486 -153 -412 -332 -190 -595 -481 -58 -29 -88 -167 -40 0
59 -101 -260 -29 -88 -217 -82 -527 -122 -585 -190 -167 -58 -23 -495 -412 -486 -595 -481 0
-230 -598 -527 -486 -595 -190 -58 -260 -167 -320 -15 -57 -126 -129 -265 -244 -454 -591 -291 -177 -399 -395 -283 -419 0
-485 -482 -167 -190 -177 -486 0
72 -506 -437 0
-23 -29 -356 -88 -355 -190 -167 -58 0
240 -258 -126 -377 -129 -205 -496 -184 0
524 -356 -527 -126 -377 -129 -88 -190 -167 -58 -40 -291 -283 -265 -320 -419 -70 -15 -177 -486 -595 0
-356 -88 -431 -15 -70 -265 -283 -126 -216 -129 -486 -419 -377 -527 -453 -167 -190 -58 -595 -40 -291 -320 -177 0
267 -471 -15 -573 -436 -283 -70 0
266 -257 -126 -129 -377 -29 -298 -226 -436 -283 -70 0
-485 -88 -527 -260 -23 -70 -15 -283 -265 -126 -129 -377 -29 -298 -523 -190 -494 -167 -177 -486 0
525 -482 -190 -167 -58 0
-88 -126 -431 -190 -283 -265 -419 -527 -70 -15 -595 -58 -167 -260 -129 -377 -494 -177 -486 -216 -453 -40 -291 -320 0
-482 -15 -595 72 -190 -167 -58 -177 -486 0
246 -340 -58 -244 -190 -16 0
-520 -67 -88 -521 0
319 -29 -63 -24 -88 -521 -355 -396 -298 -226 -283 -274 -493 -414 -290 -231 0
-29 -157 -88 -521 -274 -290 -298 -258 -226 -125 -283 -24 -265 -590 -454 -414 -231 -321 -63 -355 -396 -493 0
319 -99 -82 -122 -567 -274 -414 -290 0
257 -85 -42 -274 -290 -454 -435 -414 -231 -321 -82 -122 -567 -346 0
-67 -231 -493 -82 -274 -414 -290 -321 -56 -115 -487 -128 -125 -258 -454 -435 -346 -533 -261 -469 -131 -63 -28 357 -24 -68 -88 -521 0
319 -82 -567 -274 -414 -290 -493 -231 -218 0
70 -505 -258 -454 -414 -321 -274 -290 -493 -125 -436 -261 -528 -521 -131 -56 -487 -128 -469 -63 -24 -88 -145 -396 -283 -398 -226 -355 -298 -590 -149 0
13 -88 -258 -454 -414 -321 -274 -290 -493 -125 -261 -528 -521 -131 -56 -487 -128 -63 -24 -436 -145 -396 -283 -398 -226 -355 -298 -590 -149 0
319 -230 -571 -493 -290 -283 0
495 -148 -507 -88 -521 -274 -290 -298 -258 -226 -125 -283 -24 -590 -454 -414 -321 -63 -355 -396 -493 -436 -244 -589 -239 -420 -145 -598 -571 -97 0
419 -145 -250 0
229 -493 -507 -88 -521 -274 -290 -298 -258 -226 -125 -283 -24 -590 -454 -414 -321 -63 -355 -396 -436 -244 -420 -145 -598 -265 -261 -528 -131 -56 -487 -128 -398 -149 0
320 -265 -283 -226 -103 -298 -528 -88 -521 -471 -24 -355 -590 -149 -454 -414 -229 0
-230 -102 -261 -528 -521 -88 -436 -24 -71 -471 -149 319 -493 -290 -283 -229 0
-482 -355 -528 -290 -261 -396 -283 -149 -321 -590 -454 -125 -244 -420 -598 -56 -487 -128 -398 -14 -250 -595 -58 -485 -190 -481 -167 0
412 -98 -82 -566 -403 -343 -130 -88 -67 -528 -240 -598 -123 -56 0
70 -507 -438 0
494 -566 -82 -123 -41 -590 -413 -229 -403 -343 -130 -88 -67 -528 -240 -598 -56 0
412 -494 -16 -340 -290 -60 -355 -145 -595 -58 -190 -226 -119 -485 -332 -175 -242 -335 -184 -321 0
-494 -438 -128 -302 -125 -323 -194 -257 -153 -346 -435 -413 -16 -340 -290 -60 -355 -145 -595 -58 -190 -226 -119 -485 -332 -175 -242 -335 -184 -321 -533 -471 -573 -495 0
412 -82 -242 -355 -316 -40 -290 -454 -435 -321 -98 0
-67 -82 494 -590 -413 -229 -403 -343 -130 -88 -528 -598 -56 -190 -167 -58 -62 -23 -522 0
-167 -340 -58 -16 -190 -244 0
-284 -420 -250 -227 -283 0
265 -250 0
231 -303 -437 -265 -567 -356 -273 -283 -122 -244 -98 -290 -494 -320 0
321 -79 -283 -320 -290 -106 0
-414 -355 -244 -290 -283 -327 -58 -16 -190 -88 -67 -412 0
-355 -67 -16 -244 -290 -412 -494 -190 -58 -283 -88 -327 0
326 -283 -250 -145 0
68 -40 -121 -19 -190 -167 -58 -62 -23 -88 -522 -528 -355 0
-412 -528 -167 -58 -190 -30 -88 -355 -590 -230 -149 -71 -14 -345 -484 -333 -595 -599 -413 -319 0
-23 -67 -88 -355 -356 -190 -167 -58 0
23 -172 -573 -345 -14 -333 -242 -484 -595 -481 -190 -58 0
Solved
