147 -303 -334 -244 -214 0
216 -334 -304 -244 -319 0
322 -209 -239 -354 -350 0
238 -209 -346 -139 -328 -38 -178 -91 -152 -12 -265 -203 0
146 -354 -239 -346 -139 -328 -38 -178 -91 -152 -12 -265 -203 0
273 -85 -48 -99 -279 0
278 -104 -5 -58 -120 -268 -48 0
-104 -48 -70 -279 -5 -58 -120 -268 0
209 -279 -70 -58 -268 -115 -112 -213 -351 -265 0
47 -279 -70 0
245 -139 -58 -70 -112 -265 -328 -38 -91 -247 -20 -216 -319 -334 -304 0
279 -47 -104 0
-47 -104 -278 0
47 -153 -11 -268 -70 0
358 -244 -20 -304 -70 -58 -112 -265 -328 -38 -91 -247 0
215 -271 -203 -53 -321 -147 0
320 -322 -161 -303 -116 -20 -124 -127 -79 -335 -328 -358 0
16 -258 -42 -328 -127 -131 -312 -161 0
21 -209 -187 -238 -163 -18 -328 -127 -312 -161 -343 0
48 -321 -328 -265 -38 -20 -335 -358 -74 -269 -91 -152 -12 -112 -104 -70 0
21 -186 -141 -7 -128 -355 -343 -257 0
19 -141 -7 -128 -355 -333 -214 -338 -303 -257 -95 0
-104 -47 -20 -247 -358 -328 -91 -70 -7 -265 -38 -112 -244 -304 0
19 -140 -7 -129 -355 -332 -214 -339 -302 -258 -96 0
128 -32 -38 -84 -58 -213 -112 -146 -97 -54 -36 0
-47 -7 -112 -38 -58 -20 -247 -328 -91 -244 -304 -70 -265 0
81 -222 -1 -299 -143 -124 0
354 -322 -286 0
361 -38 -1 -304 -112 -70 -328 -58 -20 -91 -265 0
21 -41 -257 0
-41 -257 -20 0
19 -130 -161 -17 -321 -38 -203 -83 -271 -148 -221 -144 -61 -169 -296 -338 -145 -257 0
344 -85 -83 -271 -38 -203 -17 -321 -312 -328 -258 -42 -127 -161 0
180 -83 -85 -189 -271 -163 0
-127 -246 -91 -38 -321 -328 -20 -61 -58 -12 -112 -104 -70 -47 -128 0
271 -84 -112 -203 -97 0
-244 -334 -70 -112 -265 -328 -38 -91 -247 -20 -58 -319 -304 -47 -246 0
-84 -172 -91 -163 -178 -273 -112 -203 -97 0
343 -163 -15 -58 -38 -91 -273 -112 -97 -328 -79 -142 -74 -70 -265 -247 -20 -304 -47 -246 -321 0
-257 -345 -97 -58 -361 -38 -20 -47 -328 -91 -304 -70 -265 -112 -96 -52 -104 -355 -34 -258 0
-203 -273 -84 -91 -112 -97 -20 -304 -70 -58 -265 -328 -38 -360 -345 -104 -47 0
-273 -84 -146 -81 -91 -52 -70 -58 -345 -104 -96 -97 -47 -112 -20 -304 -265 -328 -38 -360 0
48 -97 -112 0
-203 -84 -20 -304 -70 -58 -112 -265 -328 -38 -91 -97 -147 -104 -47 -150 0
245 -297 -97 -58 -38 -47 -328 -91 -304 -70 -265 -112 -52 -104 -355 -34 -1 -20 -18 -178 -133 -73 0
-345 -84 -20 -34 -91 -52 -70 -58 -104 -97 -47 -112 -304 -265 -328 -38 -172 -334 0
-84 -34 -20 -91 -52 -70 -58 -104 -97 -47 -112 -304 -265 -328 -38 -355 -1 -310 0
222 -140 -14 -34 -79 -20 -142 -1 0
221 -203 -321 -6 -345 -119 -112 -1 0
257 -203 -273 -310 -150 -16 -221 -328 -1 0
-257 -345 -97 -58 -361 -38 -20 -47 -91 -304 -70 -265 -112 -328 -52 -104 -355 -34 -16 -250 -189 -14 0
257 -273 -310 -150 -16 -328 -1 -112 -6 -209 -119 -147 0
-47 -128 -20 -58 -38 -91 -304 -70 -265 -112 -104 -1 -61 -328 0
-128 -104 -1 -328 -304 -20 -112 -70 -58 -38 -91 -265 -61 0
-97 -227 -18 -38 -20 -304 -70 -58 -112 -265 -328 -91 -104 -53 -77 -81 -98 0
-47 -53 -91 -1 -77 -81 -112 -104 -70 -304 -46 0
26 -18 -163 -162 -55 0
170 -35 -286 -307 -322 -162 -26 -61 0
-104 -38 -307 -61 -304 -112 -70 -91 -1 -20 -58 -265 -328 0
344 -233 -32 -38 -340 -18 -91 -162 -178 -132 0
-257 -345 -264 -188 -307 -163 -18 -162 -299 -32 -38 -340 -91 -178 -75 -214 -146 -20 -34 -258 0
-132 -131 -163 -75 -178 -32 -38 -340 -18 -91 -162 -345 -270 0
16 -345 -75 -91 -270 -178 -163 -188 -15 -34 -32 -38 -18 -162 -340 0
-345 -171 -297 -339 -76 -20 -340 -252 -91 -188 -178 -163 -18 -75 -270 -15 -34 -32 -38 -162 0
80 -18 -188 -163 -178 -20 -297 -339 -252 -91 -15 -270 -32 -38 -162 -311 -54 -128 -328 -142 0
-18 -297 -307 -61 -128 -322 -311 -162 -38 -20 -328 -142 -79 -188 -163 -178 -339 -252 -91 -15 -270 -32 -54 0
114 -178 -20 -328 -307 -61 -322 -162 -38 -142 -79 -163 -355 -339 -91 -270 -32 -54 -58 -82 -85 -202 -97 0
17 -343 -355 -20 -129 -178 -328 -312 -163 0
271 -20 -328 -163 -355 -38 -320 -112 -97 -307 -61 -322 -162 -142 -79 -339 -91 -270 -32 -54 -58 0
144 -201 -342 -97 -38 -112 -32 -58 -129 -84 -189 -174 -334 -303 -145 -73 0
343 -129 -54 -328 -79 -73 -142 -342 -97 -38 -112 -32 -58 -84 -189 -174 -257 -20 0
-257 -344 -54 -112 -328 -1 -204 -320 -20 -150 -79 -73 -142 -342 -97 -38 -32 -58 -84 -189 -174 -355 0
127 -140 -307 -189 -84 -87 -97 -112 -222 -150 -54 0
179 -97 -38 -112 -32 -58 -84 -20 -355 -54 -307 -87 -150 -142 -79 -328 -1 -204 -320 -270 -151 -163 -91 0
329 -257 -20 -142 -79 -1 -112 -245 -151 -150 -280 -54 -129 0
128 -75 -38 -97 -58 -32 -112 -84 -54 -89 -87 -270 -360 -140 -204 -150 0
-257 -245 -91 -151 -280 -307 -84 -87 -97 -112 -150 -54 -38 -58 -32 -89 -270 -204 -142 -79 -328 -20 -1 -355 0
365 -112 -307 -58 -328 -1 -91 -61 -304 -70 -265 0
-20 -16 -112 -307 -328 -1 -91 -38 -58 -61 -304 -70 -265 -21 0
330 -54 -250 -82 -169 -304 -307 -265 -48 -95 -70 -41 -58 -257 -128 -16 0
81 -145 -302 -73 -347 -142 -140 0
12 -47 -304 -70 0
187 -142 -302 -347 -257 -80 -41 -270 -12 -36 -165 -15 0
164 -74 -277 -272 -304 -31 -344 -208 -117 -240 -302 -103 -270 0
163 -277 -304 -270 -12 0
129 -272 -80 -304 -31 -344 -240 -302 -270 -165 -200 -188 -347 -257 -41 -15 -70 -112 -97 0
164 -142 -216 -319 -146 -344 -80 -270 -180 -12 0
277 -48 -70 0
54 -75 -270 -145 -70 0
80 -270 -97 -250 -82 -169 -304 -307 -265 -95 -70 -41 -58 -257 -16 -112 -328 -142 0
81 -75 -16 -270 -328 -142 -304 -277 0
143 -10 -304 -270 -277 -75 -70 0
-47 -10 -70 -304 -48 0
47 -97 -112 0
53 -209 -31 -277 -304 -103 -147 -70 0
104 -78 -53 -126 -70 0
131 -184 -307 -100 -36 0
-270 -97 -112 -91 -304 -344 -307 -257 -41 -31 -70 -61 -16 -169 -302 -328 -250 -82 -265 -95 -58 0
-97 -16 -304 -328 -112 -91 -344 -307 -257 -41 -31 -70 -61 -169 -302 -250 -82 -265 -95 -58 0
143 -163 -161 -16 -61 -328 -124 -169 -79 0
-307 -250 -97 80 -270 -304 -265 -70 -41 -58 -257 -16 -112 -328 -142 -38 -189 -14 -263 -308 0
-41 -16 -97 80 -270 -304 -265 -70 -58 -257 -112 -328 -142 -38 -189 -100 -130 -355 -96 0
34 -307 -245 -257 -151 -32 -97 -112 -54 -38 -58 -89 -270 -142 -79 -328 -20 -1 -355 -347 -372 -140 -129 0
343 -20 -257 -328 -54 -272 -142 -97 -38 -112 -32 -58 -79 -189 -129 -73 -320 -180 -117 0
-16 -73 -97 -75 -112 -89 -270 -272 -180 -257 -328 -142 -79 -189 -32 -320 80 -304 -265 -70 -355 -162 -18 0
-41 -84 -58 -189 -129 -252 -355 -96 -40 -257 0
-38 -58 -369 -97 -257 -245 -151 -32 -54 -112 -89 -270 -142 -79 -328 -1 -355 -272 -180 -189 -129 -73 -320 -19 -96 -40 -238 -210 -37 0
82 -149 -112 -222 -97 -272 -87 0
-41 -83 -320 -112 -97 -272 -360 -222 -351 -210 -299 -54 -295 -129 -339 -251 -355 -96 -40 -257 0
-73 -272 -189 -265 -112 -97 -320 -222 -339 -355 -257 -171 -245 -151 -32 -89 -270 -142 -79 -328 -180 -162 -75 80 -304 -70 -18 0
-278 -257 -270 -189 -265 -112 -97 -222 -355 -151 -171 -142 -79 -328 -180 -75 80 -304 -70 -18 -47 -277 0
-257 -328 -103 -270 -189 -265 -112 -97 -222 -355 -151 -171 -142 -79 -70 -180 -75 80 -304 -18 -47 -277 0
113 -84 -272 -222 -112 -149 -97 0
271 -117 -320 -20 -41 -15 -18 -163 80 -339 -270 -32 -162 -54 -128 -328 -142 -189 -58 -180 -86 -84 -112 -97 0
-84 -128 -58 -189 144 -47 -328 -304 -70 -54 -18 -270 -180 -142 0
-128 -54 -180 -58 -189 144 -47 -328 -304 -70 -18 -270 -142 0
-84 113 -222 -112 -97 -348 -87 -83 0
-54 -58 -70 -304 -328 -18 -180 -270 -189 144 -47 -142 0
271 -84 -360 -321 -180 -112 -334 -97 0
-271 -334 -20 -302 -214 -53 -147 -321 -180 -273 0
-58 -328 -180 -304 -47 -70 -270 -189 -18 144 -142 0
269 -277 -304 -151 -75 0
98 -354 -140 -15 -150 -288 -54 -252 -84 -129 -87 0
-272 -54 -15 -222 -112 -84 -97 -140 -252 -129 -322 -160 -70 -103 -271 0
-54 -15 -97 -70 -103 -84 -129 -222 -112 -140 -252 -322 -160 -271 0
-180 -328 -47 -70 -270 -84 -304 144 -142 0
-271 -54 -70 -103 -84 -129 -222 -112 -140 -97 -322 -160 180 -163 0
187 -19 -258 -34 -200 -15 0
-54 -258 -299 -171 -125 -302 -238 -265 -233 -304 -277 -160 -103 -70 -129 -97 -58 -37 -310 -112 -84 -222 -140 -322 180 -163 0
-328 -84 -270 -304 -70 -47 144 -142 0
128 -54 -103 -70 -367 -112 -97 -125 0
52 -94 -171 -339 -78 -297 -159 -146 0
19 -250 -151 -146 -117 -339 -245 -16 -297 -38 -171 -78 -347 -159 -150 -54 -302 0
42 -19 -256 0
273 -228 -308 -140 -15 -36 -41 -256 -151 -146 -117 -339 -245 -16 -171 -78 -159 -54 -302 -58 -84 -86 0
179 -308 -24 -228 -347 -151 -146 -117 -339 -245 -16 -297 -38 -171 -78 -159 -54 -302 -256 -41 -36 -15 -162 -188 -163 0
-54 -16 -299 -171 -151 -163 -146 -245 -302 -256 -370 -58 -84 -112 -97 -140 -103 -265 -70 -367 -355 -127 -125 0
-84 144 -270 -304 -47 -70 -142 0
165 -54 -70 -304 -47 -270 144 -142 0
105 -129 -54 -125 -70 0
-54 144 -70 -47 -270 -304 -142 0
114 144 -47 -70 -270 -304 -142 0
-142 -47 -304 -70 -270 -143 0
128 -354 -334 -359 -263 -330 -34 0
13 -18 -161 -180 -134 -310 -127 -334 -359 -151 -333 -338 -322 -122 -57 -78 -124 -79 -141 0
330 -141 -359 -79 0
128 -93 -33 -301 -116 -344 -180 -73 -265 -368 -18 -175 -122 -330 -310 -78 0
139 -301 -73 -145 -322 -78 -124 -79 -330 -161 -310 -127 -33 -116 -344 -180 -265 -368 -175 -246 -163 -334 -187 -359 -14 0
16 -301 -73 -145 -286 -322 -161 0
329 -14 -344 -187 -180 -163 -161 -127 -16 0
18 -36 -14 -344 -187 -180 -163 -161 0
-112 -175 -73 -265 -368 -33 -78 -127 -163 -161 -246 -145 -322 -124 -79 -321 -271 -148 -220 48 0
14 -358 -246 -124 -151 -79 -338 -145 -256 -321 -220 -202 -148 -271 -119 -189 -58 -36 0
82 -346 -338 -93 -151 -122 -180 -148 -78 -271 -169 -86 -38 0
-346 -122 -124 -78 -296 -79 -338 -151 -93 -180 -271 -83 -148 -169 -86 -38 0
188 -358 -338 -322 -78 -124 -145 -79 -38 -141 -83 -296 -151 -93 -180 -271 -148 -169 -86 0
360 -334 -73 -96 -145 -256 -254 -354 -343 -90 0
-334 -215 -321 -358 -73 -96 -145 -256 -254 -354 -343 -90 0
-346 -358 -321 -322 -73 -145 -256 -343 -90 -300 -296 -338 -333 -78 -348 -124 -79 -151 -93 -180 -271 -83 -148 -169 -86 -38 0
17 -189 -73 -145 -90 -124 -143 -78 -79 -321 -322 -338 -151 -180 -271 -148 -169 -86 -36 -220 -246 -58 -13 -202 -119 -330 -163 0
16 -180 -312 -127 -115 -73 -145 -322 -78 -161 -124 -271 -79 -202 -330 0
15 -256 -321 -322 -73 -145 -169 -343 -90 -358 -338 -78 -348 -124 -79 -151 -180 -271 -83 -148 -86 -299 -91 -370 -140 -58 0
80 -343 -334 -73 -145 -354 -321 -90 -2 -348 -119 -83 -58 -246 -124 -151 -79 -338 -220 -202 -148 -271 -36 -13 -322 -169 -78 -180 -86 -91 -330 0
329 -199 -2 -209 -119 -240 -4 -115 -343 -334 -358 0
-189 -346 -322 -73 -145 -343 -90 -338 -321 -78 -348 -124 -79 -151 -180 -271 -83 -148 -169 -86 -334 -354 -91 -58 -330 -2 -209 -119 -4 -115 -13 -163 -16 -143 -36 -220 -246 -202 0
189 81 -338 -209 -33 -145 -124 -143 -222 -119 -16 -58 -163 -83 -13 0
-358 81 -119 -124 -143 -222 -4 -115 -354 -343 -44 -334 -330 -2 -209 -240 -199 -359 0
272 -334 -4 -115 -330 -321 -124 -143 -354 -119 -209 -55 -163 -161 -16 -322 -73 -145 -90 -338 -78 -79 -151 -180 -271 -148 -169 -86 -58 -13 -36 -220 -246 -202 -33 0
329 -214 -347 -334 -140 -358 -79 0
-334 -354 -330 -79 -119 -13 -58 -321 -220 -202 -148 -86 -271 -4 -115 -124 -143 -145 -209 -55 -163 -161 -16 -322 -73 -90 -338 -78 -151 -180 -169 -36 -246 -33 0
76 -16 -330 -79 -119 -13 -58 -321 -220 -202 -148 -86 -271 -4 -115 -124 -143 -145 -209 -163 -161 -322 -73 -90 -338 -78 -151 -180 -169 -36 -246 -33 0
-348 -343 80 -73 -145 -334 -321 -90 -354 -180 -119 -58 -246 -124 -151 -79 -338 -220 -202 -148 -271 -36 -13 -322 -169 -78 -86 -330 -346 0
348 -256 -119 -58 -145 -86 -321 -271 -220 -202 -148 0
150 -83 -39 -246 -124 -151 -79 -338 -145 -321 -220 -202 -148 -271 -119 -58 -36 -322 -13 80 -73 -90 -334 -169 -78 -180 -86 -330 0
-83 -334 -148 -39 -246 -124 -151 -79 -338 -145 -321 -220 -202 -119 -58 -36 -322 -13 80 -73 -90 -271 -169 -78 -180 -86 -330 0
60 -180 -341 -163 -122 -246 -124 -151 -79 -338 -145 -256 -321 -220 -202 -148 -271 -119 -358 -58 -36 -370 -13 0
-180 -148 -246 -151 -124 -79 -338 -145 -321 -220 -202 -119 -58 -36 -322 -13 -73 -90 -271 -169 -78 -86 -330 -341 -163 -4 -115 -143 -209 -161 -33 -312 -127 0
-85 -22 -309 -161 -13 -36 -338 -209 -33 -145 -124 -143 -222 -119 81 -58 -163 -271 180 -86 0
344 -215 -334 -321 0
254 -199 -209 -19 -300 -256 0
347 -354 -145 -256 -209 -73 -334 -358 -321 -309 -161 -13 -36 -338 -33 -124 -143 -222 -119 81 -58 -163 -271 180 -86 -228 0
81 -256 -209 -145 -334 -358 -348 -73 -321 -309 -161 -13 -36 -338 -33 -124 -143 -222 -119 -58 -163 -271 180 -86 -228 -322 -78 0
257 -253 -209 -299 -145 0
-253 -134 -115 -93 -4 -151 -119 -209 -199 -19 -256 -2 -299 -145 0
-189 -299 -282 -151 -36 -115 -93 -4 -119 -209 -256 -2 -145 -334 -358 -321 -345 -348 -140 -13 -188 -246 -124 -79 -338 -220 -202 -148 -271 -58 0
-256 -358 -321 -119 -58 -36 -13 -151 -115 -4 -209 -145 -334 -246 -124 -79 -338 -220 -202 -148 -271 -73 -309 -161 -33 -143 -163 180 -86 -228 -322 -78 0
147 -303 -215 -73 0
Solved
