71 -33 -154 -135 -124 0
212 -22 -124 -70 -154 -172 -25 0
135 -70 -124 0
214 -124 -154 -25 -211 0
178 -219 -51 -170 -59 -141 -162 -90 -81 0
6 -90 -131 -51 -81 -180 -170 -59 -141 -197 -40 -104 -116 -76 -10 0
49 -90 -131 -141 -96 -170 -44 -59 0
31 -131 -44 -141 -170 -67 -149 -51 -96 -163 -82 -173 -120 0
126 -71 -211 -25 -1 -154 -82 0
3 -71 -214 -134 -95 0
133 -206 -25 -82 -211 -76 -95 -214 -40 -71 -33 0
94 -132 -35 -202 -33 -119 -82 -163 -50 -45 0
38 -59 -45 -108 -132 0
106 -59 -67 -171 -150 -132 -50 0
-59 -132 -45 -108 -67 -171 -150 -50 0
-71 -124 -211 -25 -82 -76 -40 -1 -154 0
220 -82 -1 -211 -25 -76 0
134 -126 -204 -36 -33 0
72 -33 -204 -36 0
-33 -71 -204 -82 -165 -211 -76 -25 -1 -36 0
-71 -139 -158 -1 -206 -51 -25 -211 -45 -165 -96 -175 -204 -82 -76 -36 0
135 -96 -1 -70 0
32 -36 -97 -25 -204 -175 0
108 -206 -211 -97 -25 -1 -158 -82 -76 -59 -38 -89 -74 0
133 -33 -19 -34 -202 -177 -163 0
134 -33 -94 -177 -1 0
Solved
