404 -128 -206 -341 -295 -72 0
129 -184 -142 -91 -125 -145 -412 -334 -121 -361 -199 -385 -271 -40 -72 -178 -341 -206 -28 0
107 -151 -271 -361 -178 -40 -400 0
273 -418 -40 -361 -178 0
-418 -40 -361 -178 -271 0
41 -216 -67 -245 -436 -220 -13 -26 -344 -100 -91 -38 -125 -107 -412 -10 -334 -121 -271 -28 -199 -178 0
499 -38 -412 -334 -139 -121 -28 -199 -178 -67 -245 -436 -220 -13 -100 -91 -271 -361 -400 -341 -142 -145 -410 -352 -295 -328 -492 0
120 -461 -327 -107 -186 -400 -91 0
473 -107 -412 -168 -327 -113 -186 -400 -91 0
409 -128 -341 -295 -499 -328 -492 0
474 -461 -107 0
-461 -120 -38 -11 -327 -111 -419 -400 -107 -153 -44 -472 0
-120 -107 -299 -38 -11 -419 -412 -111 -44 -153 -472 -400 -327 0
-107 -11 -412 -419 -327 -113 -400 -91 -472 -299 -38 -111 -44 -153 0
180 -38 -142 -412 -91 -400 -199 -121 -334 -410 -341 -295 -499 -328 -492 -139 -271 -28 0
472 -120 -107 0
409 -492 -341 -295 -499 -328 0
-461 -120 -326 -328 -295 -341 -129 -492 -405 -499 -226 -145 -480 -114 -412 -153 -38 -107 0
-120 -107 -412 -153 -326 -328 -295 -341 -129 -492 -405 -499 -226 -145 -480 -38 -114 0
-461 -107 -292 -32 -129 -469 -492 -377 -499 -239 -13 120 -400 -91 -38 -393 -142 -110 0
-107 -32 -292 -400 -129 -469 -492 -377 -499 -239 -13 -91 -38 -393 -142 -110 -412 -153 -326 -328 -295 -341 -405 -226 -145 -480 -114 0
503 -91 -142 -292 -469 -13 -400 -412 -328 -295 -226 -145 -334 -139 -271 -28 -178 -199 -121 -67 -436 -220 -100 -361 -352 -130 0
490 -129 -342 0
340 -299 -334 -186 -411 -91 -124 -352 -26 -269 -436 -406 -220 -67 -232 -129 -71 0
500 -299 -411 -334 -405 -186 0
37 -124 -100 -352 -55 -91 -411 -334 -295 -342 -469 -436 -220 -67 -232 -491 -246 -13 -345 -271 -109 -178 -28 -328 -139 -326 0
340 -302 -151 -411 -220 -404 -67 -232 -328 -491 0
-129 -260 -117 -292 -412 -188 -166 -151 -411 -71 -404 -295 -491 -128 -342 0
-461 -120 -412 -271 -411 -178 -139 -491 -28 -117 -292 -295 -342 -220 -67 -328 -352 -142 -91 -39 -100 -55 -334 -469 -436 -246 -13 -400 -107 -226 0
-129 -344 -295 -342 -151 -411 -220 -67 -232 -328 -491 -352 -142 -124 -39 -327 0
-120 -107 -352 -55 -91 -411 -334 -295 -342 -469 -436 -220 -67 -491 -246 -13 -271 -178 -28 -328 -139 -39 -142 -100 -400 -412 -117 -292 -226 0
460 -358 -361 -178 -271 -157 -412 -94 -145 -117 -292 -45 -61 -39 -393 -125 -110 -474 -107 0
461 -107 -474 -400 0
128 -207 -178 -271 -157 -412 460 -145 -117 -292 -39 -125 -474 -107 -234 -361 -28 0
-129 -234 -28 -178 -13 -271 -246 -220 -67 -295 -342 -139 -157 -412 460 -145 -117 -292 -39 -125 -474 -107 -361 -328 -491 0
-107 -411 -334 -491 -28 -178 -13 -271 -246 -220 -67 -295 -342 -139 -157 -412 -145 -117 -292 -39 -361 -328 -142 -400 -91 -352 -55 -469 -436 -100 -226 0
499 -411 -352 -303 -271 -361 -178 107 -400 0
505 -352 -13 -292 -328 -271 -295 -139 -334 -28 -469 -400 -142 -220 -67 -412 -145 -55 -436 -100 -226 -502 -199 -121 0
462 -38 -327 -125 -400 -107 0
491 -411 -107 -400 -474 -352 -55 -502 -295 -328 -492 -178 -129 0
-411 -178 -129 -492 -107 -400 -474 -352 -55 -295 -328 -502 0
490 -178 -505 -28 -131 -129 0
-125 -327 -107 -461 -400 -186 -119 -38 0
-178 -492 -142 -412 -400 -199 -121 -334 -295 -328 -505 -139 -271 -28 -107 -474 -129 -502 -352 -55 0
-125 -327 -121 -199 -107 -400 -334 -38 -40 -109 -474 -344 0
491 -40 -474 -107 -352 -142 -121 -199 -400 -334 -109 -502 -295 -328 -129 0
-492 -474 -107 -142 -121 -199 -400 -334 -328 -505 -295 -139 -28 -502 -129 -352 -412 -271 -55 0
108 -125 -71 -411 -342 -502 -38 -461 -295 0
-125 -38 -411 -292 -412 -129 -71 -295 -491 -342 -220 -67 -328 -352 -142 -474 -461 -107 -502 0
410 -41 -199 -412 -271 -107 -120 -139 -411 -28 -491 -292 -295 -342 -220 -67 -328 -352 -142 -91 -100 -55 -334 -469 -436 -13 -400 -461 -226 -121 -502 0
125 -501 -271 -412 -411 -199 -107 -139 -28 -491 -292 -295 -342 -220 -67 -328 -352 -142 -100 -55 -334 -469 -436 -13 -400 -226 -121 -502 -505 -474 0
106 -342 -411 -220 -67 -328 -491 -292 -412 -129 -71 -295 -117 -352 -142 -474 -461 -125 0
410 -302 -334 -153 0
405 -207 -129 -342 -295 -71 0
-474 -129 -121 -199 -334 -295 -505 -142 -107 -220 -67 -328 -292 -412 -352 -502 -271 -139 -28 -100 -55 -469 -436 -13 -400 -226 0
491 -342 -129 0
-342 -344 -295 -502 -129 -124 -327 -220 -67 -151 -328 -352 -142 -232 0
490 -42 -199 -334 -121 -410 -505 -28 -131 -129 0
409 -423 -306 -412 -271 -166 -505 -91 -38 -124 -352 -42 -404 -492 -295 -341 -328 0
-129 -107 -226 -199 -412 -142 -400 -121 -334 -295 -328 -139 -28 -505 -352 -502 -220 -67 -271 -292 -100 -55 -469 -436 -13 0
490 -411 -327 -179 -328 -199 -505 -121 -334 -502 -295 -107 -342 -207 0
-38 -461 -179 -40 -327 -125 -400 -107 -121 -199 -334 -344 0
345 -440 -44 0
38 -344 0
-411 -390 -142 -107 -400 -179 -327 -121 -199 -334 -352 -295 -128 -492 -328 -342 -505 -502 -207 0
-107 -505 -400 -412 -271 -226 -295 -328 -199 -121 -502 -334 -142 -352 -139 -28 -220 -67 -292 -100 -55 -469 -436 -13 0
405 -418 -271 -235 -145 -186 -342 409 -295 -341 -328 -343 0
344 -441 -45 0
-129 -342 -404 -295 -410 -328 -490 0
411 -303 -334 -152 0
-129 -342 -121 -55 -199 -42 -186 -327 -334 -295 -328 0
490 -342 -502 -131 0
-342 -167 -271 -235 -145 -186 -295 -328 -343 -152 -411 -502 -131 -121 -55 -199 -42 -327 -334 0
508 -67 -334 -271 -220 -121 -199 -295 -328 -28 -145 -55 -400 -142 -412 -226 -139 -292 -469 -436 -13 0
-327 -107 410 -142 -334 -126 -39 -121 -55 -199 -342 -129 -295 -328 0
-107 -168 -472 -420 -400 -185 410 -142 -334 -126 -39 -121 -55 -199 -342 -129 -295 -328 0
-404 -180 -55 -199 -342 -129 -334 -295 -328 -400 -142 -412 -271 -121 -226 -508 -502 0
118 -302 -129 -342 -502 -327 -220 -67 -151 -328 -142 -295 -107 -461 -92 0
-38 -125 -129 -292 -412 -295 -342 -220 -67 -328 -474 -142 -461 -107 -502 -37 0
-352 -125 -118 -107 -327 -186 -400 -474 -129 -220 -67 -328 -342 -292 -412 -295 -117 -142 -353 0
-125 -118 -151 -107 -302 -327 -186 -400 -474 -129 -220 -67 -328 -342 -292 -412 -295 -142 -353 -502 0
-186 -327 -508 -502 -142 -151 -107 -353 -400 -129 -220 -67 -328 -342 -292 -412 -295 -334 -121 -199 -184 -55 0
46 -389 -188 0
-125 -300 -67 -220 -233 -447 -97 -444 -461 -116 -353 -142 -107 -502 -124 -129 -292 -412 -295 -342 -328 -37 0
-327 -461 -67 -220 -233 -447 -97 -444 -345 -353 -142 -107 -502 -129 -292 -412 -295 -342 -328 -236 -145 -358 -46 -508 -151 -400 -334 -121 -199 -184 -55 0
48 -389 -188 0
-344 -440 -37 -345 0
340 -129 -67 -220 -142 -292 -412 -295 -342 -328 -145 -508 -400 -334 -121 -199 -55 -271 -226 -28 0
-124 -353 -220 -107 -447 -125 -67 -142 -461 -502 -129 -292 -412 -295 -342 -328 -508 -327 -400 -334 -121 -199 -55 0
-502 -327 -220 -334 -67 -121 -232 -199 -508 -271 -142 -107 -400 -129 -328 -342 -292 -412 -295 -55 -461 -447 -125 -503 0
126 -98 -220 -154 -303 -129 -67 -328 -342 -292 -412 -125 -295 -352 -142 -461 -107 0
-327 -125 -461 -345 -400 -107 -142 -334 -121 -55 -199 -342 -129 -295 -328 -220 -67 -292 -412 -232 -508 -271 -447 -503 0
124 -92 -107 -461 0
-92 -125 -107 -461 0
-125 -461 -107 -400 -142 -334 -121 -55 -199 -342 -129 -295 -328 -220 -67 -292 -412 -271 -226 -28 -139 -345 -232 -508 -447 -503 0
-327 -151 -508 -142 -186 -107 -353 -400 -129 -220 -67 -328 -342 -292 -412 -295 -334 -121 -199 -55 0
343 -177 -463 -447 -253 -215 -220 -1 -218 -436 -333 -269 -180 -27 -507 -277 -363 -11 -419 -271 -305 -43 -469 -246 -13 -230 -32 -148 -498 0
-461 -107 -447 -215 -220 -1 -218 -436 -271 -305 -469 -13 -148 -334 -121 -199 -55 -342 -129 -295 -328 -400 -142 -412 -226 -508 -28 -503 -139 -345 -67 -292 -232 0
461 -345 -326 -400 0
-129 -342 -55 -199 -121 -334 -295 -328 -400 -142 -220 -1 -436 -271 -469 -13 -412 -226 -28 -139 -67 -292 -145 0
124 -199 -334 -121 -300 -420 -129 -412 -295 -342 -220 -67 -328 -125 -142 -292 -461 -107 0
-502 -199 -220 -107 -125 -142 -461 -129 -292 -412 -295 -342 -328 -334 -121 -67 -327 0
-199 -121 -461 -327 -142 -125 -334 -107 -342 -129 -295 -328 -220 -67 -292 -412 0
-124 -502 -220 -107 -125 -300 -142 -461 -67 -129 -292 -412 -295 -342 -328 -37 -334 -40 0
-502 -40 -300 -420 -334 -461 -142 -107 -220 -125 -67 -129 -292 -412 -295 -342 -328 -37 0
410 -292 -461 -142 -107 -125 -220 -154 -129 -67 -328 -342 -334 -412 -295 0
-292 -334 -420 -300 -461 -142 -107 -220 -125 -67 -129 -412 -295 -342 -328 -37 -154 0
516 -67 -220 0
108 -152 -412 -119 -517 -301 -461 -142 0
-67 -412 -154 -129 -328 -342 -220 -125 -295 -142 -461 -107 -420 -300 -37 0
126 -452 -412 -104 -521 -119 -295 -461 -107 -79 -37 0
293 -334 -15 -342 -29 -129 -521 -232 -104 -295 -461 -142 -71 -125 -107 -412 -79 -37 -117 0
106 -334 -342 -295 -129 -328 -98 -142 -412 -104 -521 -461 -107 -79 -37 -125 0
-334 -29 -232 -129 -461 -400 -142 -107 -342 -295 -328 -98 -412 -104 -521 -79 -37 -125 -66 -48 -117 -294 -15 0
-412 -220 -461 -125 -107 -129 -400 -342 -295 -328 -37 -66 -48 -154 -142 -139 -420 -300 0
108 -334 -166 -411 -119 -461 -142 0
-334 -10 -300 -517 -142 -125 -327 -400 -107 -461 -166 -411 0
462 -301 -142 -152 -125 -119 -107 0
412 -420 -400 -142 -107 -461 -125 -501 -71 -405 -411 -300 -327 0
460 -125 -342 -71 -461 -295 -129 -520 -233 -400 -107 0
-125 -142 -327 -107 -461 -342 -129 -328 -295 0
-142 -327 -107 -461 -342 -129 -328 -295 0
-327 -129 -342 -295 -328 -461 -107 0
462 -46 -129 -187 -418 -142 -402 -125 -335 -152 -474 -119 -107 0
-125 -142 -295 -129 -461 -107 -342 -328 0
298 -67 -65 -183 -232 -47 -97 -393 -117 -220 -444 -105 0
Solved
