346 -340 -88 -195 -101 -37 -65 0
342 -346 -175 -214 -65 -292 -74 0
75 -258 -315 -291 -11 -1 -232 -139 0
355 -139 -37 -65 -74 -315 -1 -232 -101 -175 -214 -22 -292 -88 -164 0
341 -193 -162 -214 -205 -355 -292 -88 0
73 -175 -101 -37 -65 -88 -214 -292 -74 -162 -355 0
194 -106 -323 -10 -275 -48 -169 -26 -346 -211 0
24 -305 -211 -175 -36 -214 -346 -292 0
90 -256 -175 -151 -214 -325 -323 -292 -10 -22 -211 -36 -346 -121 0
358 -72 -29 -88 -214 -292 -36 -315 -1 -232 -101 -65 -74 -37 -162 -331 -14 0
177 -358 -214 0
212 -206 -341 -101 -74 -321 -65 -346 -36 0
216 -211 -101 -65 -74 -275 -346 -36 -88 -103 -358 -292 -29 0
96 -143 -50 0
213 -96 -272 0
-211 -346 -331 -55 -101 -223 -169 -65 -88 -36 -91 -103 -14 -358 -292 -162 -214 -74 -275 -29 0
195 -144 -91 -271 0
211 -315 -310 -91 0
362 -55 -331 -214 -223 -169 -88 -91 -103 -292 -310 -1 -232 -37 -301 -349 -265 0
193 -272 -75 -102 -88 -310 -169 -346 -276 -211 -91 -66 0
-272 -211 -75 -169 -66 -346 -35 -102 -195 -88 -310 -276 -91 0
-211 -346 -161 -55 -88 -102 -75 -169 -66 -331 -35 -195 -310 -276 -91 0
211 -195 -310 -91 0
-195 -88 -102 -75 -37 -66 -161 -55 -169 -331 -35 -310 -276 -91 0
47 -25 -1 -232 -139 -75 -341 -88 0
348 -143 -310 -50 -47 -130 -169 0
212 -88 -207 -102 -75 -66 -310 -169 -1 -232 -276 -96 -273 0
364 -169 -1 -37 -331 -301 -265 -361 -214 -223 -103 -292 0
73 -206 -88 -301 -342 -65 0
213 -74 -214 -346 -292 -331 -103 -88 -364 -301 -265 -361 -211 -169 -195 -272 0
340 -74 -103 -346 -214 -275 -211 -88 -292 -364 -331 -205 -163 -66 -126 -301 -35 -265 -361 0
-74 -346 -103 -37 -214 -211 -88 -292 -364 -331 -301 -265 -361 -272 -195 -169 0
213 -93 -272 0
89 -329 -214 -331 -292 -140 -169 -276 -272 -346 -195 -211 -103 -364 0
-346 -195 -169 -211 -272 -88 -214 -331 -292 -103 -364 -301 -265 -361 -37 0
66 -145 -37 0
-145 -64 -37 0
65 -100 -301 0
-195 -88 -301 -364 -272 -211 -37 -169 -214 -331 -292 -103 -265 -361 0
303 -177 -214 -331 -292 -103 -88 -364 -91 -143 -50 -131 -275 -73 -361 -265 0
64 -88 -364 -190 -91 -143 -341 -50 -361 -35 -265 -301 -214 -331 -292 -103 -275 -169 -347 -147 0
348 -88 -341 -207 -214 -331 -292 -103 -364 -91 -143 -50 -131 -275 -361 -265 -301 -64 0
66 -341 -88 -361 -207 -265 -301 0
-88 -211 -265 -301 -364 -214 -331 -292 -103 -169 -272 -361 -37 0
75 -100 -205 -301 -272 -265 -211 -361 -340 0
64 -46 -364 -103 -272 -205 -169 -301 -214 -265 -292 -211 -361 -340 0
-100 -64 -301 0
341 -67 -223 -286 -103 -169 -364 -268 -214 -272 -292 -211 0
15 -143 -165 -91 -331 -19 0
302 -177 -347 -360 -64 -15 0
-211 -272 -361 -265 -301 -331 -223 -169 -103 -214 -292 -364 -37 0
303 -132 -274 -361 -210 -265 -100 0
-100 -313 -1 -27 -103 -93 -214 -364 -292 -340 -361 -206 -265 -301 -274 -346 -169 -268 -37 -146 0
342 -359 -214 -292 -346 -65 -74 0
302 -119 -292 -340 -214 -346 -223 -286 -274 -169 -361 -34 -265 -64 0
215 -360 -177 0
-272 -214 -292 -1 -223 -169 -361 -265 -301 -103 -37 -331 0
303 -274 -74 215 -361 -346 -265 -64 0
-64 -342 -1 -26 -223 -169 -361 -265 -292 -301 -214 -212 -95 -194 -37 0
340 -36 -346 -214 -292 -331 -103 -330 -364 -141 -275 -169 -207 -95 -194 -212 0
348 -14 -194 -103 -145 -212 215 0
-360 -72 -330 -331 -141 -24 -14 215 0
302 -342 -26 -364 -103 -331 -214 -292 -1 -346 -169 -95 -194 -212 -73 -361 -265 -100 0
-342 -301 -265 -361 -103 -331 -214 -292 -1 -169 -223 -37 0
-100 -313 -1 -26 -108 -177 -23 -360 -103 -92 -364 -90 -207 -301 -265 -37 -361 -147 -75 0
303 -328 -23 -108 -120 -223 -139 -286 -274 -169 -361 -34 -346 -265 -64 0
-74 -274 -361 -265 -214 -292 342 -346 -301 -120 -223 -286 -169 -34 -64 0
367 -223 -361 -292 -265 -1 -37 -331 0
369 -169 -64 -346 -37 0
-169 -346 -64 -37 -367 0
330 -320 -125 -98 -47 -344 -325 -11 0
-360 -89 -193 -206 -98 -212 -47 -107 -325 -328 -125 -105 -24 -256 215 0
-214 -328 -98 -47 -125 -331 -139 -13 -193 -206 -212 -107 -105 -71 -340 -74 -292 -346 -65 -28 -216 0
214 -13 -105 -67 -176 0
-360 -342 -107 -75 -193 -206 -98 -212 -47 -325 -125 -105 -24 -256 215 -123 0
363 -98 -125 -331 -193 -212 -105 -292 -346 -65 -216 -75 -67 -176 -223 -130 -286 -208 -102 -303 -265 0
327 -206 -193 -365 -212 -98 -89 -47 -20 -107 -328 -11 0
301 -11 -328 -193 -365 -212 -98 -20 -258 -125 -331 -139 -340 -13 -105 -214 -74 -292 -346 -65 -216 -130 -208 -102 0
-214 -360 -286 -223 -331 -303 -328 -193 -212 -98 -139 -340 -105 -74 -292 -346 -65 -216 -130 -208 -102 -125 0
12 -136 -261 -258 -152 -72 -326 0
-360 -36 -72 -67 -64 -105 -286 -223 -331 -193 -74 -292 -346 -65 -216 -130 -208 0
Solved
