548 -29 -139 -358 -298 -250 -100 -538 -319 -1 -301 -205 -115 -310 -464 -544 -244 -289 -238 -181 -124 0
549 -464 -544 -244 -307 -289 -181 -124 0
-464 -124 -307 -139 -358 -298 -250 -100 -538 -319 -1 -301 -205 -115 -310 -544 -244 -289 -238 -181 -547 0
556 -307 -139 -358 -298 -250 -100 -538 -319 -118 -547 -238 -301 -205 -115 -310 -1 -244 -289 0
161 -277 -115 -205 -310 -118 -1 0
463 -205 -115 -310 -118 -1 0
3 -62 -97 -60 -73 -406 -480 -400 -257 -370 -250 -172 -356 -358 -278 0
312 -161 -406 -400 -370 -250 -172 -358 -1 -73 -538 -319 -529 -292 -97 -118 -301 -205 -115 0
2 -63 -97 -59 -73 -406 -479 -400 -258 -370 -250 -172 -357 -358 -279 0
-161 -538 -406 -400 -370 -250 -172 -358 -1 -73 -97 -319 -529 -292 -118 -301 -205 -115 -310 0
562 -358 -118 -406 -400 -370 -250 -172 -310 -1 -73 -97 -319 -529 -292 -301 -115 0
207 -161 -319 -4 -463 -562 -310 0
-161 -205 -4 -562 -118 -319 -463 -310 0
-205 -562 -118 -4 -310 -319 -115 -1 0
359 -512 -258 -65 -100 -562 -361 -4 -406 -319 -400 -88 -370 -250 -172 0
251 -170 -139 -298 -405 -100 -562 -361 -4 -406 -319 -400 -88 0
311 -562 -100 -529 -361 -4 -406 -319 -400 -88 -370 -250 -172 -97 -265 -358 -139 -298 -301 -115 0
363 -152 -454 -343 -62 -391 -201 -97 -73 -1 -79 -298 -400 -358 -472 -100 -250 -562 -88 -4 -319 0
565 -454 -298 -400 -100 -250 -4 -319 -139 -391 -97 -1 -472 -301 -115 -310 -529 -406 -370 -172 -265 -118 -292 0
161 -205 -310 -463 -118 0
361 -310 -118 -115 -1 0
-172 -68 -425 -192 -55 -325 -566 -370 -97 -62 -60 -406 -480 -400 -257 -250 3 -356 -358 -278 -173 0
578 -55 -143 -133 -30 -511 -303 -110 -391 -532 -442 -265 -226 0
-358 -193 -356 -278 -425 -192 -55 -325 -172 -370 -97 -62 -60 -406 -480 -400 -257 -250 -1 -360 0
78 -520 -180 -278 -410 -230 0
302 -110 -226 -511 -192 -532 -55 -133 -308 -143 -30 0
401 -511 -370 -536 -423 -303 -133 -308 -143 -100 -139 -498 -378 -324 -78 -62 -201 -97 -60 -406 0
221 -74 -391 -60 0
59 -511 -536 -151 -78 -533 -62 -201 -97 0
252 -423 -536 -527 -139 -171 -488 -482 -404 -201 -60 -62 -97 -303 -308 -391 -133 -213 -370 -100 -498 -378 -324 -406 -180 -278 -410 -230 -480 -257 -89 0
58 -303 -265 -308 -133 -213 -391 -60 -480 -252 -257 -100 -382 -139 -171 -488 -482 -404 0
402 -303 -300 -110 -511 -192 -532 -226 -133 -308 -143 -30 -221 0
312 -265 -391 -133 -100 -382 -139 -97 -370 -406 -34 -538 -319 -361 -118 -463 -205 -115 0
58 -221 -382 -258 -139 -479 -170 -483 -391 -405 -100 0
303 -111 -226 -511 -191 -532 -55 -133 -309 -144 -29 0
77 -520 -179 -279 -411 -231 0
-221 -293 -179 -279 -411 -231 -90 -302 -133 -309 -479 -258 -100 -139 -377 -323 -63 -200 -97 -59 -382 -170 -483 -391 -405 0
404 -302 -29 -143 -265 -479 -258 -190 -100 -382 -139 -170 -489 -483 0
-205 -406 -139 -97 -133 -382 -391 -319 -118 -115 -310 -370 -34 -4 -1 0
311 -404 -171 -115 0
59 -100 -391 -221 -133 -302 -115 -310 -139 -382 -472 -97 -562 -88 -4 -319 -361 0
222 -400 -406 0
-400 -574 -115 -310 -139 -100 -562 -88 -4 -319 -361 -59 -221 -406 0
30 -41 -57 -338 -511 -133 -465 -501 -162 -430 -247 -443 -424 -348 -324 -254 0
56 -443 -348 -430 -501 -41 -275 -511 -192 0
512 -278 -522 -1 -180 -410 -523 -49 -157 -151 0
-404 -348 -533 -430 -501 -438 -511 -522 -1 -180 -410 -523 -49 -151 -57 -192 -81 -28 -338 -133 -162 -247 -324 -171 -199 -487 -115 -310 -403 0
102 -533 -115 -430 -501 -438 -1 -523 -49 -151 -57 -28 -338 -133 -199 -487 -310 -403 -250 -361 -88 -319 -472 -4 -139 -562 -382 0
405 -170 -115 0
301 -100 -1 -49 -310 -115 -88 -319 -418 -472 -4 -139 -562 -382 -523 -133 -487 -361 -391 -59 -221 -406 0
431 -226 -579 -442 -267 0
-404 -511 -553 303 -20 -133 -355 -562 -100 -139 -361 -4 -406 -319 -88 -115 -310 -59 -221 -382 -97 0
431 -226 -276 -347 -267 -579 0
-400 -111 -478 -355 303 -511 -309 -191 -133 -437 -226 -194 -255 -350 -97 -316 -59 -531 -221 -115 -310 -139 -100 -562 -88 -4 -319 -361 -406 0
222 -437 -42 -499 -391 -59 0
-226 -478 -355 303 -511 -191 -133 -97 -59 -221 -115 -310 -139 -100 -562 -88 -4 -319 -361 -406 -42 -391 -581 -161 -247 -424 -323 -347 -276 -444 -267 -579 0
-511 303 -355 -133 -97 -59 -221 -115 -310 -139 -100 -562 -88 -4 -319 -361 -406 -391 -581 -382 -487 -553 -20 0
-100 -302 -4 -361 -562 -382 -221 -139 -391 -355 -133 -97 -115 -310 -88 -406 -487 -553 -460 -319 -1 -49 -418 -472 -523 0
257 -151 -521 -1 -190 -179 -55 -62 -511 -115 0
116 -170 -405 -310 0
162 -279 -464 -1 0
220 257 -460 -302 -1 -190 -511 -115 -580 -88 -319 -162 -361 -97 -59 0
-170 -59 -298 -139 -221 -460 -302 -1 -190 -511 -115 -580 -88 -319 -361 -97 -310 -256 0
-59 -511 -97 -118 -418 -256 -373 -302 -115 -298 -310 -139 -221 -460 -1 -190 -580 -88 -319 0
258 -81 -115 -139 -310 -180 -1 -522 -410 -523 -49 -302 -200 -63 -511 0
-511 -373 -418 -118 -298 -139 -115 -310 -256 -1 -523 -49 -302 -472 -562 -88 -4 -319 -97 -221 -460 -190 -580 0
-170 116 -310 -115 0
403 -519 -78 -391 -1 -438 -249 -319 -501 -424 -361 -221 -482 -59 0
258 -59 -4 -319 -88 -190 -391 -55 -406 -221 -487 -562 -1 -361 -418 -373 -382 -298 -139 -40 -310 -115 -302 0
58 -170 -139 -483 -298 -405 -221 0
-59 -40 -115 -302 -460 -580 -109 -361 -221 -97 -139 -298 -1 -310 -256 -4 -319 -88 -190 -391 -55 -406 -487 -562 -418 -373 -382 0
-170 -423 -410 -391 -1 -74 -162 -63 -418 -373 -221 -406 -298 -252 -139 -40 -256 -115 -404 -310 0
-302 -221 -115 -310 -139 -391 -1 -418 -406 -88 -319 -97 -460 -4 -487 -562 -382 -118 -523 -49 -472 -355 -133 -553 0
403 -59 -391 -1 -519 -319 -361 -221 -482 -41 -62 -324 -418 -582 -257 -101 -562 -4 -300 0
61 -511 -133 -531 -275 -338 -569 -266 -177 -431 -466 -443 -418 -348 -378 -324 0
322 -180 -1 -522 -523 -49 -410 -278 -511 -152 -78 -359 -567 -81 -34 -29 -539 -254 0
256 -338 -549 -133 -275 -569 -465 -177 -431 -443 -424 -324 -1 -523 -49 -278 -152 -567 -34 -29 -254 -62 -531 -466 -418 -250 -361 -88 -319 -472 -4 -562 -480 -101 0
161 -278 -465 -1 0
-59 -582 -319 -88 -361 -101 -257 -133 -569 -465 -431 -324 -1 -523 -49 -278 -152 -34 -29 -62 -418 -472 -4 -562 -575 -391 -406 -221 -201 -487 -482 -404 -519 -41 -300 0
258 -582 -247 -101 0
220 -65 -423 -511 -41 -21 -401 302 -532 -110 -192 -133 -308 -226 -30 0
424 -21 -41 -133 -532 -391 -221 -423 -511 -401 302 -110 -192 -308 -226 -30 -24 0
-221 -310 -319 -139 -391 -97 -1 -472 -115 -4 -406 -370 -118 -133 -553 -418 -523 -49 -34 -382 -460 0
117 -62 -139 -324 -310 -115 0
116 -324 -523 -49 -511 -1 -487 -391 221 -361 -88 -319 -472 -4 -562 -382 -139 -310 -258 -115 0
257 -573 -466 -418 -574 -299 -511 -102 0
40 -25 -228 -276 -347 -267 -579 -534 -444 -500 -437 0
227 -431 -159 -534 -444 -276 0
-431 -159 -267 -534 -276 -228 -444 0
431 -444 -276 -347 -267 -579 0
-324 -258 -250 -361 -88 -319 -472 -562 -511 -418 -574 -382 -139 -487 -391 221 -1 -97 -310 -115 -523 -49 -4 0
432 -158 -511 -80 -42 -29 -500 -302 0
-404 -431 -511 -500 -56 -472 -562 -4 -447 -319 -534 -255 -63 -426 -361 -97 -483 -59 311 -115 -405 0
430 -309 -339 -133 -177 -191 -574 -276 -302 -267 0
2 -179 -521 -390 -279 0
-431 -279 -511 -500 -49 -523 -1 -534 -56 -339 -133 -574 -361 -88 -319 -472 -4 -562 -348 -102 -258 -418 -299 -467 -170 -487 -483 -447 -255 -63 -426 -97 -59 311 -115 0
403 -475 -235 -42 -553 -329 -197 -464 -159 -25 -162 -534 -426 -361 -200 -483 -59 0
404 -102 -258 -348 -418 -574 -299 -511 -443 -467 -487 -483 0
100 -374 -299 0
-258 -511 -562 -88 -4 -319 -361 -418 -574 -250 -487 -49 -523 -1 -133 -472 -97 -115 -310 -382 -139 -391 221 0
258 -299 -382 -139 -310 -115 0
583 -391 -97 -382 -139 -115 -418 -472 -4 -319 -1 -49 -133 -370 -118 -553 -34 0
533 -20 -42 -511 -55 303 -309 -191 -226 -532 -425 -253 -323 -347 -275 -391 0
56 -133 -499 -42 -20 -529 -511 -55 303 -309 -191 -29 -422 -226 -532 0
57 -142 -20 -238 -42 -125 -511 -191 0
-221 -4 -511 -309 -191 -422 -532 -253 -323 -347 -425 -579 -267 -431 -584 -302 -115 -310 -139 -59 -562 -88 -42 -319 -361 -100 -402 -222 0
-324 -25 -133 -431 -159 -276 -267 -590 -347 -99 -323 -139 117 -310 -115 0
533 -276 -42 -431 -574 -133 -309 -191 -500 -302 -267 -436 -226 -25 0
513 -133 -392 -532 -42 -431 -574 -309 -191 -500 -267 -425 -347 -590 -99 -323 -139 117 -310 -115 -56 0
-133 -460 -323 -253 -191 -179 -521 -590 -1 -99 -347 -579 -377 -267 -431 -500 -42 -511 -392 -532 -574 -309 -425 -139 117 -310 -115 -56 0
-324 -226 -523 -474 -411 -511 -42 -500 -1 -179 -521 -191 -56 -431 -142 -532 -478 -597 -540 -347 -323 -139 117 -310 -115 0
512 -276 -179 -521 -279 -191 -63 -1 -377 -302 -267 -431 -500 -42 0
26 -276 -302 -381 -431 -267 -442 -29 -414 -75 -226 -392 -532 -337 0
27 -29 -302 -500 -431 -42 -309 -436 -337 0
-226 -56 -511 -75 -579 -267 -392 -191 -532 -337 -431 -25 -500 -42 -309 -445 -425 -347 -253 -523 -474 -411 -1 -179 -521 -142 -478 -597 -540 -323 -139 117 -310 -115 0
221 -474 -597 -1 -411 -179 -521 -191 -511 -377 -267 -431 -42 -478 -487 -540 -323 -139 117 -310 -115 -579 -347 -75 -532 -309 -425 -253 -383 -590 -99 -402 0
564 -323 -511 -309 -191 -422 -532 -253 -42 -347 -425 -267 -431 -299 -222 -597 -1 -411 -179 -377 -478 -487 -540 -139 117 -310 -115 -75 -383 -590 -99 -250 -90 -206 0
34 -49 -597 -224 0
432 -57 -42 -511 -35 -597 -224 -425 -532 -323 -226 -347 -443 -302 -196 0
55 -446 -590 -383 -134 -302 -226 -431 -267 -276 -442 -414 -75 -29 -532 -338 -393 -222 -27 0
-276 -226 -144 -309 -191 -511 -532 -590 -383 -302 -431 -267 -75 -222 -253 -323 -347 -443 -42 -35 -597 -224 -425 -275 0
430 -29 -388 -279 -1 -411 -114 -124 -35 -309 -144 -597 -224 -357 -159 -302 -198 0
134 -574 -299 -222 -293 -501 -571 -42 -438 -306 -27 0
432 -55 -511 -42 -27 -299 -222 -293 -306 -590 -425 -99 -323 -139 117 -310 -115 -347 -443 0
-226 -323 -347 -253 -443 -1 -411 -35 -309 -144 -597 -224 -357 -431 -511 -42 -299 -222 -293 -590 -425 -99 -139 117 -310 -115 -532 -281 -191 -383 -267 -75 -275 0
-139 -253 -347 -1 -411 -309 -597 -431 -511 -42 -299 -222 -425 -99 117 -310 -115 -532 -281 -191 -383 -267 -75 -478 -487 -118 -540 -206 -6 -563 -422 -179 -377 -250 -90 -141 0
228 -153 -511 -517 -422 -181 -77 -557 -1 -179 -521 -279 -125 -191 -532 -275 0
325 -567 -360 -75 -172 -393 -371 -222 0
124 -69 -325 -181 -349 -557 -335 0
430 -584 -222 -402 -576 -411 -113 -94 -281 -191 -181 -349 -557 -335 -360 -75 -371 -532 -442 -226 -511 -517 -422 -77 -1 -179 -521 -279 -309 -29 -579 -379 -302 -267 0
-310 -42 -511 -179 -191 -1 -377 -267 -431 -222 -411 -94 -281 -335 -75 -422 -250 -425 -347 -90 -206 -563 -99 -6 -383 -299 -597 117 -115 -478 -487 -540 -141 -161 -201 0
56 -536 -196 -159 -476 -35 -71 -597 -472 -80 -414 -393 -222 -27 0
307 -57 -27 -133 -196 -159 -476 -35 -71 -597 -472 -80 -414 -393 -222 -145 -238 -126 0
26 -339 -222 -393 -57 0
192 -393 -222 -27 -308 -133 -196 -159 -476 -35 -71 -597 -472 -80 -414 -145 -238 0
534 -576 -161 -1 -179 -411 -496 -238 -153 -145 -35 -597 -224 -196 -281 -275 -191 -222 -308 -133 -476 -71 -472 -80 -414 0
26 -308 -179 -279 -411 -231 -357 -63 -463 -99 -1 -590 -436 -133 0
158 -549 -349 -155 -576 -581 -462 -66 -19 -476 -511 -328 -196 0
55 -238 -145 -377 -153 -109 -441 -511 -196 -157 -349 -155 -576 -581 -462 -19 -476 -328 -305 -499 -275 -561 -222 -191 0
303 -476 -581 -422 -511 -275 -377 -222 -191 -179 -279 -411 -231 -357 -63 -463 -99 -1 -590 -533 -161 -496 -35 -597 -224 -281 -472 -144 -425 -254 -323 -347 -443 -431 0
274 -159 -411 -335 -443 -161 -279 -1 -425 -347 -323 -254 -29 -144 -569 -133 -337 -575 -393 -299 -222 -281 -55 -228 -191 0
339 -46 -472 -79 -29 -306 -144 -133 0
512 -393 -431 -63 -99 -222 -590 -377 -133 -337 -472 -29 -306 -144 -159 -42 0
25 -55 -323 -254 -569 -29 -144 -575 -299 -222 -347 -511 -431 -63 -99 -590 -377 -472 -42 -275 -411 -335 -443 -161 -279 -1 -425 -281 -191 -533 0
-55 -26 -575 -152 -299 -511 -222 -533 -422 -323 -254 -569 -29 -144 -347 -431 -63 -99 -590 -377 -472 -42 -275 -411 -335 -443 -161 -279 -1 -425 -281 -191 0
158 -112 -411 -575 -224 -35 -226 -500 -443 -152 -476 -431 -511 -196 0
134 -530 -575 -571 -176 -569 -339 -304 0
-26 -575 -120 -161 -144 -569 -279 -357 -99 -63 -377 -443 -431 -42 -511 -411 -224 -35 -152 -476 -281 -275 -533 -222 -191 -299 -422 -323 -254 -29 -347 -590 -472 -335 -1 -425 0
513 -240 -29 -254 -323 -144 -392 -222 26 -35 -533 -597 -224 -159 -411 -575 -500 -443 -152 -476 -431 -511 -281 -275 -191 0
576 -159 -254 -323 -425 -533 -29 -42 -511 -144 -222 26 -35 -597 -224 -411 -575 -443 -152 -476 -431 -281 -275 -191 -299 0
512 -146 -63 -590 -377 -134 -144 -431 -238 -443 -99 -347 -254 -323 -425 -437 -42 0
157 -400 -1 -161 -29 -120 -254 -279 -323 -144 -222 26 -35 -533 -597 -224 -159 -411 -575 -443 -152 -476 -431 -511 -281 -275 -191 -63 -590 -377 -238 -99 -347 -425 -42 0
-159 -575 -411 -224 -35 -443 -152 -476 -431 -511 -275 -222 -191 -1 -161 -29 -120 -254 -279 -323 -144 26 -533 -597 -281 -63 -590 -377 -99 -347 -425 -42 -299 0
403 -431 -377 -347 -511 -411 -191 -1 -161 -597 -299 -422 -581 -179 -478 -540 -267 -6 -563 -206 -94 -250 -90 -383 -115 -483 -59 0
139 -301 -401 -250 -311 -90 -206 -563 -6 -383 -299 0
513 -443 221 -424 -140 -250 -311 -90 -206 -563 -6 -383 -299 -347 -60 -267 -431 -191 -41 0
430 -323 -347 -140 -443 -401 -250 -311 -90 -206 -563 -6 -383 -299 0
-323 -443 -347 -377 -62 -110 -431 -140 -401 -250 -311 -90 -206 -563 -6 -383 -299 0
25 -337 -29 -525 -411 -179 -521 -465 -278 -161 -1 -360 -94 -566 -478 -275 -73 -191 -438 -56 0
381 -427 -360 -1 -566 -166 0
576 -427 -1 -334 -76 -126 -411 -239 -113 0
157 -498 -254 -152 -303 -574 -1 -334 -411 -280 -191 -478 -56 -73 -288 -360 -267 -579 -62 -377 -443 -110 -431 -500 -41 -438 -179 -521 -465 -278 -161 -94 -275 -34 -597 -474 -413 -392 -533 0
57 -427 -334 -1 -76 -411 -574 -556 -303 -29 -465 -161 -118 -211 -339 -191 -25 0
134 -455 -339 -304 0
28 -574 -1 -334 -427 -76 -411 -126 -113 -303 -144 0
239 -559 -137 -309 -417 -126 0
-443 221 -334 -411 -280 -191 -161 -62 -377 -597 -431 -41 -478 -60 -1 -73 -267 -179 -278 -94 -199 -250 -489 -311 -90 -206 -563 -540 -424 -347 -140 -6 -383 -299 -511 0
221 -140 -383 -6 -250 -311 -90 -206 -563 -299 -489 -334 -411 -280 -191 -161 -62 -377 -597 -431 -41 -478 -60 -1 -73 -267 -179 -278 -94 -199 -540 -424 -347 -511 0
56 -144 -393 -533 -339 -134 -422 -478 -73 -501 -438 -41 -511 0
-144 -339 -134 -73 -438 -355 -179 -521 -1 -76 -411 -114 -280 -191 -57 -393 -533 -478 -422 -501 -41 -511 0
-339 -114 -393 -134 -73 -438 -355 -179 -521 -1 -76 -411 -533 -280 -191 -57 -478 -422 -501 -41 -511 0
576 -466 -1 -76 -573 -411 -511 -280 -41 -191 -438 -57 -134 -393 -73 -355 -179 -521 -533 -478 -422 -501 0
135 -138 -498 -559 -76 -151 -465 -511 -161 -41 -118 -438 -339 -211 -25 0
55 -339 -393 -533 -134 -498 -76 -151 -465 -511 -161 -41 -118 -438 -211 -439 -198 -275 -191 0
-339 -393 -533 -134 -422 -478 -73 -501 -438 -41 -511 -57 -498 -76 -151 -465 -161 -118 -211 -439 -198 -275 -191 0
-431 -267 -411 -1 -511 -422 -478 -161 -191 -90 -206 -563 -6 -383 -299 -250 -377 -597 -179 -94 -540 -347 -483 -404 -115 -59 -581 0
-226 431 -347 -267 -579 0
-267 -90 -250 -347 -206 -563 -411 -1 -511 -422 -478 -161 -191 -6 -383 -299 -377 -597 -179 -94 -540 -483 -404 -115 -59 -581 0
-431 -533 -161 -144 -279 -26 -357 -99 -63 -377 -443 -42 -511 -411 -224 -35 -281 -275 -120 -222 -191 -299 -422 -323 -254 -29 -347 -590 -472 -335 -1 -425 -301 -581 -179 -231 -463 -496 -597 -196 -157 -330 -432 0
-533 -345 -35 -129 -597 -565 -472 -29 -196 -161 -144 -279 -26 -357 -99 -63 -377 -443 -42 -511 -411 -224 -281 -275 -120 -222 -191 -299 -422 -323 -347 -590 -335 -1 -425 -581 -179 -231 -330 -432 -312 -201 -534 0
228 -443 -347 0
-431 -425 -438 -323 -42 -347 -20 -443 -161 -144 -279 -26 -357 -99 -63 -377 -511 -411 -224 -35 -281 -275 -120 -222 -191 -299 -422 -533 -29 -590 -472 -335 -1 -254 -581 -179 -231 -463 -496 -597 -196 -157 -301 -432 0
133 -129 -35 -381 -597 -472 -438 -323 -347 -161 -144 -26 -357 -377 -511 -411 -224 -120 -191 -299 -422 -590 -1 -581 -179 -231 -432 -312 -534 -276 -115 -489 -483 -59 -404 -383 -339 0
392 -222 -35 -581 -511 -431 -377 -275 -191 -179 -422 -411 -231 -357 -63 -279 -99 -1 -590 -533 -161 -496 -597 -224 -281 -472 -144 -425 -254 -323 -347 -443 -463 -301 -28 -157 -57 -414 0
-29 -279 -161 -549 -1 -126 -323 -26 -299 -511 -222 -533 -422 -144 -347 -431 -99 -590 -377 -472 -42 -411 -335 -443 -425 -281 -191 -307 -35 -129 -597 -565 -357 -224 -120 -581 -179 -231 -345 -432 -312 -201 -534 -28 0
421 -452 -65 0
-452 -65 -422 0
437 -42 -57 -19 -581 -511 -431 -377 -191 -179 -411 -231 -357 -1 -590 -533 -161 -35 -597 -224 -472 -144 -323 -347 -443 -549 -126 -26 -299 -422 -307 -129 -120 -432 -312 -534 -28 -391 -115 -483 -59 -75 0
-42 -443 -483 -115 -438 -57 -19 -581 -511 -431 -377 -191 -179 -411 -231 -357 -1 -590 -533 -161 -35 -597 -224 -472 -144 -323 -347 -404 -549 -126 -26 -299 -422 -307 -129 -120 -432 -312 -534 -28 -391 -59 -75 0
42 -328 -157 -511 -19 0
-443 -431 -115 -438 -57 -19 -581 -511 -483 -377 -191 -179 -411 -231 -357 -1 -590 -533 -161 -35 -597 -224 -472 -144 -323 -347 -404 -26 -299 -422 -307 -129 -120 -432 -312 -534 -28 -391 -59 -75 -305 -276 0
-431 -533 -75 -59 -115 -404 -489 -57 -19 -581 -511 -483 -377 -191 -179 -411 -231 -357 -1 -590 -438 -161 -35 -597 -224 -472 -144 -323 -347 -26 -299 -422 -307 -129 -120 -432 -312 -534 -28 -391 -305 -276 0
56 -576 -120 -212 -572 -531 -422 -222 0
574 -583 -50 -224 -35 -536 -335 -477 -422 -126 -66 -549 -531 0
40 -572 -549 -531 -50 -224 -35 -536 -477 -422 -126 -302 -483 -312 -404 -199 -59 -75 -500 -438 0
-533 -57 -383 -590 -381 -120 -422 -323 -312 -483 -59 -404 -438 -115 -224 -35 -477 -75 -377 -511 -339 134 -191 -276 -347 -489 -581 -179 -411 -231 -357 -1 -161 -597 -472 -144 -26 -299 -129 -432 -534 0
-443 -442 -227 -347 0
430 -438 -222 -75 -59 -115 -404 -489 -227 -347 0
27 -26 -432 -75 -59 -115 -404 -489 -383 -590 -381 -120 -422 -323 -312 -483 -224 -35 -477 -377 -511 -339 -191 -276 -581 -179 -411 -231 -357 -1 -161 -597 -472 -144 -347 -299 0
25 -339 -347 -276 -489 -59 -404 -115 -383 -590 -191 0
-26 -339 -75 -59 -115 -404 -489 -383 -590 -381 -120 -422 -323 -312 -483 -224 -35 -477 -377 -511 -432 -191 -276 -581 -179 -411 -231 -357 -1 -161 -597 -472 -144 -347 -299 0
-339 -120 -161 -1 -179 -411 -231 -357 -590 -312 -347 -323 -191 -276 -115 -489 -483 -59 -404 -383 -75 -381 -422 -224 -35 -477 -377 -511 -432 -581 -597 -472 -144 -299 0
133 -478 -1 -511 -422 -431 -161 -191 -411 -206 -563 -90 -383 -299 -250 -377 -597 -179 -94 -540 -347 -483 -404 -115 -59 -581 -590 -35 -129 -472 -438 -323 -144 -26 -357 -224 -120 -231 -432 -312 -534 -276 -489 -339 0
437 -483 -115 -404 -489 -533 -581 -511 -75 -377 -191 -179 -411 -231 -357 -1 -590 -431 -161 -35 -597 -224 -472 -144 -323 -347 -26 -299 -422 -59 -120 -432 -312 -534 -276 -206 -563 -383 -94 -540 -257 -255 -426 -42 0
-483 -276 -115 -426 -42 -489 -533 -581 -511 -75 -377 -191 -179 -411 -231 -357 -1 -590 -431 -161 -35 -597 -224 -472 -144 -323 -347 -26 -299 -422 -59 -120 -432 -312 -534 -404 -206 -563 -383 -94 -540 -257 -255 0
-276 -231 -141 -404 -115 -426 -42 -489 -533 -581 -511 -75 -377 -191 -179 -411 -590 -357 -1 -431 -161 -35 -597 -224 -472 -144 -323 -347 -26 -299 -422 -59 -120 -432 -312 -534 -540 -255 -100 -275 0
276 -196 -157 -57 -511 -191 0
75 -391 -222 -59 0
42 -499 -222 -511 -57 0
311 -404 -59 -199 -115 0
-312 -357 -404 -115 -426 -276 -489 -533 -581 -511 -141 -377 -191 -179 -411 -590 -42 -1 -431 -161 -35 -597 -224 -472 -144 -323 -347 -26 -299 -422 -59 -120 -432 -75 -534 -540 -255 -100 -275 0
139 -383 -590 0
-431 -42 -115 -276 -533 -581 -511 -377 -191 -179 -411 -590 -404 -1 -161 -35 -597 -224 -472 -144 -323 -347 -26 -299 -422 -59 -120 -432 -75 -534 -443 0
-383 -489 -63 -169 -115 -26 -59 -339 -404 -477 -590 -75 -120 -422 -381 -312 -224 -35 -323 -377 -511 -432 -191 -276 -581 -179 -411 -231 -357 -1 -161 -597 -472 -144 -347 -299 0
383 -102 -347 -299 -323 0
431 -489 -511 -383 -169 -115 -26 -59 -339 -404 -377 -590 -75 -120 -422 -312 -224 -35 -323 -432 -191 -276 -581 -179 -411 -231 -357 -1 -161 -597 -472 -144 -347 -299 -157 -265 -196 0
-431 -581 -511 -115 -276 -533 -222 -377 -191 -179 -411 -590 -404 -1 -161 -35 -597 -224 -472 -144 -323 -347 -26 -299 -422 -59 -120 -432 -534 -443 0
-489 -205 -511 -383 431 -115 -26 -59 -339 -404 -377 -590 -75 -120 -422 -312 -224 -35 -323 -432 -191 -276 -581 -179 -411 -169 -357 -1 -161 -597 -472 -144 -347 -299 -157 -265 -196 -487 0
-312 -357 -1 -323 -161 -347 -115 -120 -443 -511 -383 431 -26 -59 -339 -404 -377 -590 -75 -422 -224 -35 -432 -191 -276 -581 -179 -411 -597 -472 -144 -299 -157 -265 -196 -487 -311 0
312 -63 -139 -323 -115 0
-581 -472 -323 -443 -1 -161 -115 -120 -511 -26 -59 -404 -377 -590 -422 -224 -35 -432 -191 -276 -179 -411 -597 -347 -144 -299 -533 -222 -534 0
100 -404 -59 -115 -590 -323 -383 -347 -299 0
-404 -115 -323 -347 -443 -432 -1 -161 -120 -511 -26 -59 -377 -590 -422 -224 -35 -191 -276 -179 -411 -597 -144 -299 -533 -222 -534 0
205 -581 -258 -161 -102 -279 -1 -564 -312 0
206 -279 -1 -161 -357 -120 0
-115 -276 -35 -1 -161 -120 -377 -511 -323 -432 -347 -443 -26 -59 -590 -422 -191 -224 -179 -411 -597 -144 -299 -533 -222 -534 0
405 -61 -161 -1 -377 -256 -511 -157 -196 -432 -443 -347 -323 -438 -75 -481 -59 0
-276 -534 -35 -590 -511 -323 -432 -347 -443 -161 -1 -377 -59 -120 -26 -422 -191 -179 -411 -597 -144 -299 -533 -222 -224 0
-534 -120 -590 -377 -347 -299 -59 -511 -222 -432 -191 -35 -443 -161 -1 -323 -26 -422 -179 -411 -597 -144 -533 -224 0
-276 -404 -115 -59 -35 -27 -196 -159 -597 -414 -393 -222 -255 -511 -144 -191 -226 -532 -301 -299 -323 -63 -422 -347 25 -489 -590 -100 -275 0
311 -357 430 -1 -411 -144 -388 -279 -124 -114 -597 -224 -35 -159 -198 -255 -161 -59 -115 -404 0
-357 -581 25 -144 -299 -222 -347 -511 -431 -99 -590 -377 -472 -42 -411 -335 -443 -161 -279 -1 -425 -281 -191 -533 -422 -323 -179 -35 -597 -224 -206 -201 -312 430 -388 -124 -114 -159 -198 -59 -115 -404 0
311 -472 -306 -133 -46 -79 -144 -337 -255 -161 -279 -1 -301 -59 -115 -404 0
-472 -383 -222 -306 -377 -431 -393 -144 -159 -511 -590 -299 25 -347 -411 -443 -161 -1 -191 -533 -422 -323 -179 -35 -597 -224 -201 430 -388 -124 -114 -198 -59 -115 -404 0
-383 -404 -161 -1 -59 -115 -144 -563 -222 -306 -377 -431 -393 -159 -511 -590 -299 25 -347 -411 -443 -191 -533 -422 -323 -179 -35 -597 -224 -201 430 -388 -124 -198 -280 0
383 -141 -299 -347 -323 0
-404 -431 -1 -59 -115 -144 -222 -377 -161 -393 -159 -511 -590 -299 25 -347 -411 -443 -191 -533 -422 -323 -179 -35 -597 -224 -201 430 -27 -532 0
303 -240 -429 -334 -124 -156 -144 -28 0
253 -472 -393 -79 -337 -306 -133 -46 -144 -414 -301 -429 -334 -124 -156 -146 0
-472 -306 -511 -222 -133 -590 -337 -55 -377 -63 -431 -393 -144 -159 -42 -59 -201 -46 -79 -255 -414 -301 -429 -334 -124 -156 -146 0
-431 -115 -120 -511 -222 -590 -377 -393 -144 -159 -59 -201 -35 -597 -224 -191 -161 -1 -299 25 -347 -411 -443 -533 -422 -323 -179 -27 -532 -432 0
-255 -489 -59 -35 -27 -404 -159 -597 -276 -393 -222 -511 -144 -191 -532 -301 -299 -323 -63 -422 -347 25 -115 -590 -100 -228 -254 0
-489 -301 -500 -383 -590 -266 -191 -276 -59 -404 -443 -115 -347 -63 -323 -35 -27 -159 -597 -222 -511 -144 -532 -393 -299 -422 25 -30 0
489 -276 -1 -161 -120 -511 -115 -55 -63 -266 -191 -323 -100 -110 -347 -443 0
-301 -276 -383 -590 -266 -191 -500 -59 -404 -443 -115 -347 -63 -323 -35 -27 -159 -597 -222 -511 -144 -532 -393 -299 -422 25 -489 -302 0
-276 -63 -500 -393 -222 -197 -191 -161 -1 -404 -115 -383 -590 -266 -59 -443 -347 -422 -323 -35 -27 -159 -597 -511 -144 -532 -299 25 -302 -120 -110 0
276 -197 -422 -222 -133 -337 -393 -299 -55 -511 -159 -120 0
383 -299 -347 -323 0
-534 -431 -159 -276 -35 -590 -511 -323 -347 -443 -161 -1 -377 -59 -120 -26 -422 -191 -179 -411 -597 -144 -299 -533 -222 -224 0
-431 -120 -347 -312 -144 -443 -301 -115 -511 -222 -590 -377 -393 -159 -59 -323 -35 -597 -224 -191 -161 -1 -299 -411 -533 -422 -179 -276 -404 -489 -26 0
-120 -393 -222 -63 -191 -161 -1 -276 -115 -404 -590 -59 -443 -347 -422 -323 -35 -159 -597 -511 -144 -299 -26 -377 -179 -411 -533 -224 -301 -489 0
532 -207 -489 -276 -312 -228 -59 -115 -404 0
432 -207 -489 -312 -443 -301 0
-431 -432 -1 -59 -115 -144 -404 -377 -161 -222 -159 -511 -590 -299 -393 -347 -411 -443 -191 -533 -422 -323 -179 -35 -597 -224 25 -532 0
-393 -301 -276 -191 -590 -59 -404 -443 -115 -347 -63 -323 -35 -159 -597 -222 -511 -144 -299 -422 -489 -1 -377 -161 -411 -533 -179 -224 -26 0
-534 -489 -590 -511 -323 -276 -347 -443 -161 -1 -377 -59 -26 -422 -191 -179 -411 -597 -144 -299 -533 -222 -224 -159 -35 -312 -115 -404 0
-489 -159 -1 -63 -222 -191 -276 -115 -404 -590 -59 -443 -347 -422 -323 -35 -161 -597 -511 -144 -299 -377 -411 -533 -179 -224 -26 0
-431 -201 -312 -411 -161 -425 -1 -347 -323 -335 -443 -144 -279 -159 -299 -222 -281 -191 -26 -224 -511 -35 -597 -42 -444 -276 0
-159 -276 -35 -590 -511 -323 -26 -347 -443 -161 -1 -377 -59 -422 -191 -179 -411 -597 -144 -299 -533 -222 -224 -115 -63 -404 0
141 -383 -590 0
-404 -159 -35 -590 -511 -323 -26 -347 -443 -161 -1 -377 -59 -422 -191 -179 -411 -597 -144 -299 -533 -222 -224 -276 -115 0
487 -276 -347 -443 0
-431 -57 -222 -422 -26 -430 -159 -444 227 -276 0
362 -538 -35 -224 -564 -207 0
-534 -110 -377 -362 -511 -161 -159 -35 -590 -323 -276 -347 -443 -1 -59 -432 -26 -422 -191 -179 -411 -597 -144 -299 -533 -222 -224 0
-159 -276 -161 -59 -511 -222 -26 -377 -35 -590 -323 -1 -347 -443 -422 -191 -179 -411 -597 -144 -299 -533 -224 -115 0
-404 -276 -59 -115 -443 -35 -590 -511 -323 -347 -161 -1 -377 -26 -422 -191 -179 -411 -597 -144 -299 -533 -222 -224 0
-276 -222 -115 -59 -35 -590 -511 -323 -347 -161 -1 -377 -26 -422 -191 -179 -411 -597 -144 -299 -533 -443 -224 0
-431 -432 -59 -115 -144 -159 -377 -161 -222 -404 -511 -590 -299 -1 -347 -411 -443 -191 -533 -422 -323 -179 -35 -597 -224 -26 0
431 -404 -533 -597 -59 -115 -323 -312 -411 -206 -347 -1 -511 -422 -161 -191 -299 -377 -179 -267 -483 -96 -114 -258 -100 -222 -55 -159 -198 0
56 -501 -422 -222 0
-404 -159 -533 -511 -26 -222 -590 -323 -347 -443 -59 -115 -144 -422 -377 -161 -299 -1 -411 -191 -179 -35 -597 -224 0
-431 -159 -422 -59 -161 -115 -511 -590 -377 -222 -144 -35 -597 -224 -191 -1 -299 -347 -411 -443 -533 -323 -179 -26 0
-159 -222 -299 -377 -161 -511 -422 -59 -115 -590 -144 -35 -597 -224 -191 -1 -347 -411 -443 -533 -323 -179 -26 0
-222 -115 -533 -511 -299 -377 -161 -422 -59 -26 -590 -144 -35 -597 -224 -191 -1 -347 -411 -443 -323 -179 0
-276 -534 -159 -431 -488 227 -347 -443 0
-534 -431 -443 -488 -57 -511 -191 -159 -347 -533 0
-431 -159 -179 -191 -361 -63 -323 -488 -347 -443 -501 -511 -422 -312 -57 -199 -26 -1 -533 0
532 362 -443 -488 -191 -35 -224 -347 -57 -20 -144 -422 -184 -73 -393 -159 -26 0
-159 -258 -347 -402 -443 -574 -488 -312 -199 -533 -191 -35 -224 -57 -144 -422 -73 -393 -26 -361 -377 -511 -42 -501 -179 -63 -323 -1 0
-115 -59 -323 -191 -422 -26 -533 -511 -347 -443 -35 -224 -144 -377 -179 -1 -299 -161 -590 -597 -411 0
-534 -276 -224 -377 -159 -511 -161 -590 -323 -35 -347 -443 -1 -59 -26 -422 -191 -179 -411 -597 -144 -299 -533 0
56 -431 -443 -256 -299 -347 -511 -222 -422 0
-227 -443 -347 0
-590 -161 -150 -597 -1 -35 -224 -404 -563 -115 -179 532 -276 -489 -59 -141 -63 -323 -511 -347 -443 -26 -377 -422 -191 -144 -299 -159 -222 0
590 -438 -404 -426 -115 -42 -21 -144 -141 -135 0
161 -363 -301 -536 -461 -422 -581 -153 -247 0
-59 -179 -572 -35 -422 -549 -404 -224 -222 -212 -238 -250 -150 -590 -1 -563 -115 40 532 -276 -489 -141 -63 -323 -511 -347 -443 -26 -377 -191 -144 -299 -159 -301 -461 -581 -247 -255 -540 0
220 -155 158 -328 -301 -581 -549 -349 -19 -511 -196 -422 -222 -299 -57 0
27 -301 158 -328 -581 -511 -196 -422 -255 -199 -499 -57 -391 -222 -299 -304 -144 -426 -404 -115 -141 -383 0
-590 -301 -144 -153 -21 -536 -235 -422 -66 -531 -255 -573 -199 -59 -404 -115 -141 -591 -383 0
207 -224 -66 -451 -422 -411 -536 -50 -35 -540 -477 -563 -250 -301 -311 -401 -206 139 -383 -299 0
-224 -411 -35 -226 158 -443 -500 -196 -431 -511 -265 -563 -301 -206 532 -276 -489 -228 -59 -115 -404 -66 -451 -422 -540 -250 -401 139 -383 -299 0
-207 -377 -347 -323 -443 430 -250 -401 -206 -563 -140 -299 -5 -63 -115 532 -276 -489 -59 -404 0
-534 -299 -1 -390 -347 -323 -443 -276 -144 -422 -222 -57 -511 -102 -431 -159 0
-301 -309 -511 -144 -191 -532 -27 -590 -383 -431 -267 -276 -75 -393 -222 -253 -323 -347 -443 -207 -312 -489 0
Solved
