291 -67 -205 0
482 -199 -397 -139 -10 0
11 -120 -330 0
557 -481 -475 -54 -193 -251 -100 -19 -103 -490 -46 -190 -541 -106 -397 -10 -304 -330 -205 -16 -127 0
192 -478 -475 -499 -193 -216 -256 -147 -19 -490 -349 0
290 -67 -205 0
12 -216 -499 -193 -475 -256 -19 -490 -103 -46 -190 -541 -213 -106 -130 -397 -139 -10 -481 0
-481 -364 -427 -397 -330 -10 -499 -193 -475 -256 -19 -490 -103 -46 -190 -541 -106 -130 -205 -16 -127 -556 -54 -251 -100 -304 0
492 -216 -499 -475 -256 -268 -146 -97 0
477 -304 -499 -409 -256 0
-304 -409 -499 -256 -475 0
572 -455 -46 -362 -541 -375 -288 -106 0
47 -455 -497 -362 -486 -103 0
479 -541 -497 -530 -362 -449 -375 -106 -384 -46 -103 -4 0
-541 -103 -106 -46 -375 -449 -208 -1 -157 -396 -480 -497 -530 -362 -384 -4 0
48 -456 -347 -489 -208 -271 -229 -365 -567 -94 -325 -4 -480 -362 -259 -413 -103 0
455 -325 -526 -301 -26 -362 -523 -157 -19 -396 -480 0
159 -204 -572 -205 -4 -444 -486 -554 -271 -384 -229 -208 -59 -1 0
158 -331 -63 -199 -114 -429 -482 -229 -191 -208 -396 -1 0
456 -325 -94 -429 -219 -114 -259 -52 -444 -554 -581 -530 -449 -347 -229 -352 -208 -523 -59 -1 -157 -63 -199 -482 -191 -396 -19 -362 0
364 -171 -325 -375 -46 -94 -106 -449 -208 -1 -157 -396 -480 -103 -530 -362 -384 -4 -455 -486 -567 -63 0
61 -119 -199 -114 -482 -329 0
11 -397 -4 -444 -554 -271 -384 -208 -59 -1 -219 -114 -157 -259 -199 -347 -94 -480 -560 -375 -46 -106 -530 -63 -482 -429 -52 -581 -352 -19 -526 -26 -579 -99 -490 -145 -130 -205 -324 0
350 -395 -192 -19 0
361 -280 -94 -566 -59 -365 -554 -444 -19 -350 0
454 -350 -480 -19 0
366 -395 -480 -19 -4 -444 -265 -554 -271 0
-397 -482 -219 -462 -530 -352 -208 -1 -94 -157 -59 -480 -19 -4 -444 -554 -271 -581 -26 -490 -145 -63 -130 -467 -10 -384 -114 -259 -199 -347 -560 -375 -46 -106 -429 -52 -526 -579 -99 -205 -324 0
365 -482 -114 -199 -429 -63 0
-103 -497 -219 -259 -467 -250 -203 -29 -52 -560 -149 -542 -180 -46 -362 -129 -486 -455 -105 0
-497 159 -542 -560 -46 -205 -4 -444 -572 -554 -271 -384 -208 -59 -1 -250 -579 -52 -277 -376 -49 -180 -219 -259 -467 -203 -29 -149 -362 -129 -455 -105 -496 0
61 -482 -114 -199 -10 0
456 -103 -259 -467 -497 -219 -52 -560 -46 -362 -455 -444 -347 -565 -554 -208 -365 -1 -205 -4 -271 -384 -59 -157 -394 -19 -106 0
454 -394 -19 -480 0
-362 456 -560 -384 -205 -4 -444 -554 -271 -208 -59 -1 -579 -277 -157 -49 -394 -19 -497 -259 -467 -219 -52 -46 -455 -347 -565 -365 -106 0
-455 -482 -526 -10 -352 -324 -444 -94 -157 -19 -565 -394 -581 -26 -490 -560 -384 -205 -4 -554 -271 -208 -59 -1 -579 -277 -49 -497 -259 -467 -219 -52 -46 -347 -365 -106 -454 0
-396 455 -526 -324 -26 -157 -19 -480 -581 -94 -579 -99 -565 -490 -208 -1 -394 0
-482 -199 -429 -94 -59 -554 -444 -19 -436 -526 -324 -26 -157 -480 -581 -579 -99 -208 -1 -106 -10 -352 -560 -384 -205 -4 -271 -277 -49 -259 -467 -219 -52 -46 -347 -63 -114 -490 -462 -530 -145 -130 -375 0
-199 -579 -16 -490 -347 -583 -436 -526 -324 -26 -157 -19 -480 -581 -94 -467 -99 -208 -1 -277 -444 -49 -376 -52 -114 -106 -63 -10 -429 -59 -554 -352 -560 -384 -205 -4 -271 -259 -219 -46 -462 -530 -145 -130 -375 0
-350 -362 -455 -480 -19 0
229 -486 -277 -575 -579 -384 0
456 -575 -87 -23 -49 -55 -277 -544 -78 -33 -252 -329 -63 -581 -364 -185 -4 -99 -352 -475 -499 -193 -216 -256 -19 -490 -480 -566 -331 -208 -396 350 -1 -157 -205 -444 -554 -271 -384 -59 -579 -324 -560 -10 -481 -46 -362 -106 -103 0
366 -102 -252 -208 -347 -229 -480 -19 -4 -444 -395 -554 -271 0
207 -290 -68 0
-362 -396 -55 -78 -205 -87 -23 -49 -277 -388 -544 -63 -364 -252 -208 -347 -480 -19 -4 -444 -554 -271 -139 -185 -130 -579 -384 -99 -475 -499 -193 -216 -256 -490 -331 -455 -581 -352 -33 -1 -157 -59 -324 -560 -10 -481 -46 -106 -150 -179 0
-396 -455 -481 -130 -106 -145 -10 -490 -480 -19 -331 -55 -78 -205 -87 -23 -49 -277 -388 -544 -63 -364 -252 -208 -347 -4 -444 -554 -271 -139 -185 -579 -384 -99 -475 -499 -193 -216 -256 -581 -352 -33 -1 -157 -59 -324 -560 -46 -150 -179 0
-455 -481 -324 -10 -26 -94 -106 -480 -19 -130 -145 -490 -331 -55 -78 -205 -87 -23 -49 -277 -388 -544 -63 -364 -252 -208 -347 -4 -444 -554 -271 -139 -185 -579 -384 -99 -475 -499 -193 -216 -256 -581 -352 -33 -1 -157 -59 -560 -46 -150 -179 0
-193 -490 -219 -581 -185 -26 -145 -316 -259 -513 -347 -436 -208 -1 -277 -444 -157 -49 -19 -526 -324 -480 -94 -99 -10 -106 -130 -78 -205 -87 -388 -4 -554 -271 -384 -475 -499 -216 -256 -352 -59 -560 -46 -376 -429 -52 -114 -16 -583 -467 -462 -530 -375 -194 0
483 -364 -444 -560 -554 -480 -19 -4 -271 -362 -530 479 -449 -375 -106 -384 -46 -103 -205 -61 0
-63 -37 -284 -347 -456 -208 -271 -567 -94 -325 -4 -480 -362 -259 -198 -384 -444 -375 -554 -46 -530 479 -449 -106 -364 -114 -482 -429 -199 -61 0
-364 -456 -534 -284 -114 -429 11 -347 -78 -208 -271 -94 -325 -4 -480 -362 -259 -384 -444 -375 -554 -46 -530 479 -449 -106 -61 -560 -19 -205 0
364 -231 -208 -157 -1 -59 0
-362 479 -444 -560 -554 -480 -19 -4 -271 -530 -78 -375 -106 -384 -46 -205 -61 -376 -87 -52 -114 -429 -347 -208 -94 -259 -157 -1 -59 -324 -10 -49 -277 -130 -577 -145 -490 0
-490 -19 -46 -78 -316 -49 -581 -26 -277 -130 -87 -106 -145 -480 -560 -444 -554 -4 -271 -530 -375 -384 -205 -376 -52 -114 -429 -347 -208 -94 -259 -157 -1 -59 -324 -10 -219 -185 -513 -436 -526 -99 -388 -475 -499 -216 -256 -352 -16 -583 -467 -462 -194 0
-63 -482 -277 -579 -384 -252 -208 -347 -102 -480 -19 -4 -444 -395 -554 -271 -498 -364 -114 -486 -429 -199 -61 0
63 -576 -106 -46 -375 -449 -208 -1 -157 -396 -480 -103 -530 -362 -384 -4 -102 -486 -252 -267 -148 -52 -114 -429 -364 0
-579 -61 -384 -252 -208 -347 -102 -480 -19 -4 -444 -395 -554 -271 -498 -364 -114 -486 -429 -277 -483 -106 -46 -375 -449 -1 -157 -396 -103 -530 -362 -267 -52 -180 -49 -577 0
-61 -364 -456 -114 -429 -347 -78 -208 -271 -94 -4 -480 -362 -259 -384 -444 -375 -554 -46 -530 479 -449 -106 -560 -19 -205 -397 -324 -10 -567 -498 -277 -230 -252 -102 -395 -1 -157 -396 -103 -52 -180 -49 -577 0
61 -180 -114 -52 -10 -49 -277 -486 -577 -498 -194 0
-455 -362 -316 -302 -513 -526 -252 -52 -194 -375 -46 -94 -106 -208 -1 -157 -449 -480 -530 -26 -384 -4 -171 -441 -324 -49 -10 -277 -333 -577 -429 -59 -456 -114 -347 -78 -271 -259 -444 -554 -560 -19 -205 -498 -230 -102 -395 0
-362 -190 -59 -429 -554 -444 -94 -19 -395 -480 -316 -302 -513 -526 -252 -52 -194 -375 -46 -106 -208 -1 -157 -449 -530 -26 -384 -4 -441 -324 -49 -10 -277 -577 -114 -347 -78 -271 -259 -560 -205 -230 -361 0
63 -119 -179 -150 -19 -292 -480 -33 -194 0
365 -577 -277 -10 -194 -482 -114 -429 -179 -150 -19 -480 -526 -572 -205 -78 -4 -265 -271 0
-19 -78 -10 -352 -324 -94 -277 -208 -157 -1 -59 -194 -114 -429 -480 -205 -526 -4 -271 -376 -259 -52 -444 -554 -581 -26 -106 -316 -513 -375 -46 -530 -384 -49 -347 -560 -99 -130 -87 -145 -219 -185 -436 -388 -475 -499 -216 -256 -16 -583 -467 -462 0
366 -579 -178 -277 -49 -486 -384 -566 -230 0
454 -496 -288 -162 -173 -78 -245 -267 -92 -115 -252 -99 -576 -566 -486 -192 -342 -526 -331 -362 0
-63 -285 -399 -10 -78 -114 365 -429 -106 -455 -288 -162 -245 -267 -92 -115 -252 -99 -576 -566 -486 -192 -342 -526 -362 0
363 -491 -192 -331 0
-579 -364 -347 -362 -192 -194 -399 -10 -78 -114 -429 -106 -455 -288 -245 -267 -92 -115 -99 -566 -342 -526 -277 -49 -178 -376 -52 -486 -384 -230 0
-364 -362 -114 -566 -52 -376 -178 -486 -49 -384 -277 -230 -347 -429 -192 -194 -399 -10 -78 -106 -455 -288 -245 -267 -92 -115 -99 -342 -526 0
541 -381 -80 -320 -342 -417 -73 -203 -587 -560 0
330 -118 -10 0
62 -362 -46 479 -530 -106 -449 -375 -384 -4 -80 -320 -342 -203 -587 -560 -277 -22 -49 -376 -178 -52 -150 -330 0
-497 -362 479 -530 -449 -375 -106 -384 -46 -541 -4 -498 0
-362 479 -10 -530 -449 -375 -106 -384 -46 -4 -342 -203 -560 -52 -376 -178 -49 -277 -194 -94 -114 -298 -566 -429 -59 -208 -157 -1 -230 -347 -192 -399 -78 -245 -92 -115 -99 -526 0
-575 -328 -524 -10 -352 -324 -142 -150 -230 -576 -277 -579 -486 -384 0
575 -150 -288 -301 -170 -99 -325 -491 -94 -347 -566 -252 -526 0
180 -579 -449 -170 -530 -325 -384 -142 -486 -230 -277 -375 -288 -301 -99 -491 -94 -347 -566 -252 -526 -46 -103 -49 0
-579 -491 -347 -252 -52 -277 -376 -49 -178 -449 -170 -530 -325 -384 -142 -486 -230 -375 -288 -301 -99 -94 -566 -526 -46 -103 0
-216 -384 -49 -277 -208 -157 -1 -59 -194 -347 -52 -376 -530 -99 -94 -526 -46 -581 -26 -10 -106 -4 -560 -114 -429 -436 -480 -352 -324 -205 -271 -554 -316 -513 -130 -219 -185 -388 -475 -499 -256 -16 -583 -467 -462 -464 -215 0
178 -331 -128 -467 -114 -429 -63 -229 -208 -1 -572 -157 -205 -4 -554 -271 -384 -486 -59 -560 -442 -543 -106 -480 -362 -454 -105 0
456 -381 -417 -560 -442 -436 -94 -566 -480 -21 -543 -349 -232 -106 0
279 -229 -442 -128 -480 -106 -560 -436 -94 -566 -114 -429 -467 -208 -1 -157 -205 -4 -554 -271 -384 -486 -59 -362 -185 -261 -46 -52 -150 -575 -49 0
454 -19 -583 -128 -575 -10 -63 -229 -208 -347 -480 -467 -4 -554 -271 -205 -52 -185 -150 -147 -566 -490 350 -362 0
574 -454 -467 -114 -429 -63 -229 -208 -1 -128 -157 -205 -4 -554 -271 -384 -486 -59 -560 -442 -572 -106 -480 -362 -331 -105 -46 -180 -150 0
178 -105 -46 -128 -467 -114 -429 -63 -229 -208 -1 -454 -157 -205 -4 -554 -271 -384 -486 -59 -560 -442 -572 -106 -480 -362 -331 0
-19 -455 -560 -384 -205 -4 -554 -271 -208 -59 -1 -362 -277 -157 -49 -579 -467 -219 -52 -46 -63 -347 -106 -114 -10 -429 -566 -376 -150 -180 -128 -486 -442 -480 -575 -583 -185 -147 -490 0
179 -63 -429 -10 -114 -52 -566 -376 -150 0
-575 -150 -554 -442 -157 -1 -208 -384 -486 -46 -480 -106 -10 -560 -205 -4 -271 -59 -362 -277 -49 -579 -467 -219 -52 -347 -114 -429 -566 -376 -128 -583 -185 -147 -194 -436 -94 -261 0
-150 -566 -205 -290 -147 -388 -130 -4 -480 -116 -442 -157 -467 -26 -1 -128 -316 -208 -219 -513 -347 -261 -52 -376 -94 -49 -114 -583 -277 -554 -384 -486 -46 -106 -10 -560 -271 -59 -362 -579 -429 -185 -194 -436 0
-575 -19 -185 -190 -205 -147 -480 -362 -174 -103 -266 -46 -4 -579 -486 -231 -576 -277 -384 0
178 -124 -76 -116 -266 -480 -362 -174 -190 -205 -185 -147 -579 -85 -231 -22 -384 -49 -486 -277 -46 -4 -576 0
-566 -362 -130 -147 -185 -205 -4 -157 -486 -1 -579 -384 -208 -277 -49 -76 -116 -480 -85 -46 -271 -429 -114 -52 -290 -388 -442 -467 -26 -128 -316 -219 -513 -347 -261 -376 -94 -583 -554 -106 -10 -560 -59 -194 -436 0
-118 -328 -10 0
148 -19 -191 -384 -347 -486 -480 -579 -583 -365 -376 -467 -429 -52 -128 -114 -10 0
179 -19 -526 -324 -26 -157 -565 -581 -94 -480 -99 -579 -208 -1 -46 -486 -576 -125 -277 -116 -49 0
574 -330 -128 -194 -219 -579 -99 -10 -398 -362 -19 -480 -125 -442 -116 -103 -46 -347 -486 -251 0
-455 -330 -10 -266 -398 -285 -76 -19 -480 -367 -431 -125 -116 -362 0
-19 -398 -560 -128 -46 -106 -10 -467 -76 -480 -125 -116 -362 -205 -185 -147 -85 -49 -583 -277 -194 -219 -579 -99 -442 -347 -486 -526 -324 -26 -157 -565 -581 -94 -208 -1 -114 -52 -149 -191 -384 -365 -376 -429 0
-362 -579 -376 -347 -49 -277 -52 -486 -384 -208 -1 -157 -554 -442 -480 -560 -128 -46 -106 -10 -467 -76 -116 -205 -185 -147 -85 -583 -194 -219 -99 -526 -324 -26 -581 -94 -114 -429 -436 -130 -4 -271 -290 -388 -316 -513 -261 -59 0
476 -467 -480 -106 -560 -436 -94 -150 -114 -429 -128 -208 -1 -157 -205 -4 -442 -229 -384 -486 -59 -362 -46 -52 -575 279 -49 -215 -378 -355 -465 -268 0
-467 -204 -128 -355 -560 -268 -475 -480 -106 -436 -94 -150 -114 -429 -208 -1 -157 -205 -4 -442 -229 -384 -486 -59 -362 -46 -52 -575 279 -49 -215 -378 -465 0
467 -30 -268 -560 -355 -475 0
-442 -128 -355 -560 -268 -475 -480 -106 -436 -94 -150 -114 -429 -208 -1 -157 -205 -4 -467 -229 -384 -486 -59 -362 -46 -52 -575 279 -49 -215 -378 -443 0
-554 -271 -10 -483 -19 -16 -347 -583 -436 -157 -490 -480 -94 -467 -208 -1 -277 -49 -52 -114 -106 -579 -429 -59 -560 -384 -205 -4 -329 -444 -46 -260 -449 -215 -378 -529 -463 -306 -256 -193 -475 -268 -355 -553 0
554 -80 -299 -128 -59 -467 -347 -366 -355 0
567 -560 -475 -268 -355 -10 -483 -19 -16 -347 -436 -157 -490 -480 -94 -208 -1 -277 -49 -52 -114 -106 -579 -429 -59 -378 -384 -205 -4 -46 -449 -193 -299 -366 -150 -486 -362 -575 279 -443 -116 -125 0
565 -366 -114 -10 -429 -399 -329 0
-157 -1 -573 -205 -16 -268 -116 -475 -125 -10 -483 -19 -347 -436 -490 -480 -208 -443 -277 -49 -52 -114 -106 -579 -429 -378 -384 -4 -46 -193 -299 -150 -486 -362 -575 279 -399 -178 -591 -159 0
590 -256 -475 -268 -114 -347 -329 -208 -10 0
490 -101 -267 -429 -579 -277 -49 -486 -384 -178 -566 -205 -192 -362 0
366 -465 -23 -475 -114 -193 -267 -329 -10 -116 -378 -399 -125 -409 -256 -566 -59 0
328 -128 -268 -467 -475 -355 -193 -119 -62 0
444 -467 -10 -329 -268 -483 -475 -355 -193 -114 -429 -299 -59 -347 -16 -116 -125 -94 -566 -399 -23 -267 -378 -409 -256 0
-328 -63 -429 -114 -366 -483 -10 -329 0
-366 -128 -59 -483 -429 -114 -10 -329 -193 -475 -268 -355 -553 -467 -299 -347 -125 -94 -566 -399 0
366 -553 -355 -475 -268 -23 -114 -193 -267 -329 -10 -116 -378 -399 -125 -409 -256 -566 -59 0
-467 -16 -125 -116 -566 -59 -483 -429 -114 -10 -329 -193 -475 -268 -355 -299 -347 -94 -399 -23 -267 -378 -409 -256 -443 0
50 -205 -233 -197 -162 -443 -573 -362 -543 -268 -116 -125 -114 -10 -429 -399 -193 -378 -483 -299 -347 -159 -591 -208 -384 -4 -486 -150 -575 -277 0
-328 -329 -114 -366 -483 -10 -429 0
62 -554 -151 -299 -80 -59 -483 -366 0
-554 -80 -197 -438 -355 -592 -268 -475 -193 -61 -151 -299 -443 -59 -483 -366 0
-80 -355 -467 -18 -205 -299 -59 -366 -347 -197 -438 -592 -268 -475 -193 -61 -151 -443 -483 0
590 -475 -384 -208 -229 -268 -114 -347 -329 -10 0
-475 -18 -467 -205 -299 -59 -366 -347 -197 -438 -592 -268 -193 -61 -151 -443 -483 -96 -591 -384 -208 -229 -114 -329 -10 0
364 -185 -490 -208 -529 -229 -384 -486 -498 -362 -10 -483 -347 -378 -320 -337 -304 -53 -80 -151 -409 -114 -299 -554 -429 -59 0
365 -128 -205 -592 -573 -18 -4 -118 -114 -429 0
364 -490 -554 -355 -208 -529 -229 -384 -486 -498 -362 -10 -483 -347 -378 -320 -337 -304 -53 -80 -151 -409 -114 -299 -429 -59 0
95 -554 -486 -384 -205 -256 -378 -304 -483 -399 -10 -114 -118 -18 -429 -592 -573 -366 -4 -355 -208 -529 -229 -362 -347 -53 -151 -299 -59 -579 -193 -61 -591 0
-554 -355 -229 -366 -208 -591 -96 -486 -384 -205 -256 -378 -304 -483 -399 -10 -114 -118 -18 -429 -592 -573 -4 -529 -362 -347 -53 -151 -299 -59 -579 -193 -61 0
-355 -96 -384 -208 -486 -591 -4 -229 -592 -299 -467 -59 -366 -347 -18 -205 -256 -378 -304 -483 -399 -10 -114 -118 -429 -573 -529 -362 -53 -151 -579 -193 -61 0
355 -208 -591 -347 0
129 -204 -205 -573 -4 -173 -592 -556 -16 0
565 -366 -114 -10 -429 -399 -150 0
475 -118 -208 -591 -366 -486 -384 -554 -205 -378 -229 -483 -399 -10 -114 -96 -18 -429 -592 -573 -4 -362 -347 -53 -151 -299 -59 -579 -193 -61 0
-329 -592 -197 -591 -268 -554 -193 -299 -443 -59 -483 -366 -384 -208 -229 -114 -347 -10 -486 -205 -378 -399 -429 -573 -4 -362 -579 -116 -125 -150 0
129 -467 -573 -4 -173 -592 -556 -559 -30 -205 0
-467 -556 -205 -18 -127 -573 -4 -173 -592 -559 -30 0
475 -127 -205 -18 -573 -4 -173 -592 -30 -585 -306 0
129 -467 -592 -306 -18 -585 -205 -475 0
305 -501 -597 -475 -378 0
-205 -554 -268 -378 -573 -116 -125 -366 -429 -575 -114 -150 -10 -197 -591 -4 -193 -299 -443 -59 -483 -384 -208 -347 -486 -399 -362 -579 -51 -233 -162 -543 -159 -277 0
594 -475 -598 -575 -268 -486 -277 -4 0
-475 -592 -565 -443 -366 -554 -355 -268 -197 -598 -575 -486 -277 -4 0
5 -598 -355 -268 -554 -277 -366 -575 -172 -486 -265 0
-475 -267 -116 -59 -483 -429 -114 -10 -193 -268 -125 -299 -347 -399 -378 -443 -591 -384 -208 -229 -486 -150 -598 -575 -277 -51 -366 -554 -197 -4 0
444 -437 -366 -565 -554 -197 0
-554 -366 -193 -299 -59 -483 -579 -125 -114 -10 -429 -150 -575 -277 -591 -268 -443 -197 -116 -347 -399 -378 -384 -208 -486 -51 -4 -573 -362 -233 -162 -543 -159 0
477 -438 -197 -443 -18 -51 -260 -233 -162 -573 -362 -543 -268 -116 -125 -114 -10 -429 -399 -193 -378 -483 -299 -347 -159 -591 -208 -384 -4 -486 -150 -575 -277 -186 -339 -579 0
17 -205 475 -18 -573 -4 -575 -30 -306 -486 -68 0
174 -214 -463 -260 -267 -186 -367 -205 0
-205 -564 -15 -483 -61 -362 -101 -172 -260 -186 -93 -443 -197 -438 -46 -4 -486 -271 -519 -575 -323 -10 -18 475 -573 -30 -306 -384 -208 -591 -229 -299 -118 -59 -366 -347 -96 -378 -399 -114 -429 -53 -151 -579 -193 0
-366 -59 -277 -15 -483 -362 -443 -197 -46 -4 -486 -575 -10 -573 -384 -208 -591 -299 -579 -347 -378 -399 -114 -429 -193 -51 -233 -162 -543 -268 -116 -125 -159 -150 0
477 -409 -114 -10 -499 -63 -256 -193 0
500 -304 -378 -409 -256 0
410 -429 -114 0
-591 -59 -384 -486 -107 -46 -268 -378 -366 -116 -125 -205 -429 -575 -114 -150 -10 -197 -554 -4 -193 -299 -443 -573 -483 -347 -399 -362 -579 -51 -233 -162 -208 -159 -277 0
591 -483 -107 -10 0
59 -591 -554 -355 -366 -159 0
590 -208 -554 -229 -355 -366 0
-483 -208 -384 -486 -46 -268 -378 -366 -116 -125 -205 -429 -575 -114 -150 -10 -197 -554 -4 -193 -299 -443 -347 -399 -362 -579 -51 -233 -162 -107 -159 -277 -355 0
409 -429 -114 0
-208 -355 -554 -366 -384 -486 -46 -268 -378 -116 -125 -205 -429 -575 -114 -150 -10 -197 -4 -193 -299 -443 -399 -362 -579 -51 -233 -162 -107 -159 -277 0
-355 -205 -277 -575 -150 -114 -366 -10 -429 -233 -116 -362 -125 -192 -197 -554 -443 -299 -268 -159 -384 -486 -46 -378 -51 -4 -193 -399 -579 -162 -107 0
-208 -153 -125 -565 -150 -10 -362 -114 -486 -429 -579 -384 -366 -229 355 0
365 -205 -184 -579 -277 -575 -150 -114 -366 -483 -10 -429 -153 -120 -125 -565 0
-475 -59 -332 -319 -486 -554 -299 -362 -151 -483 -366 -384 -61 -193 -448 -501 -132 -597 -378 -306 0
16 -317 -199 -205 -381 -483 -319 -281 -325 -79 -25 -441 -390 -30 -466 -128 0
475 -492 -575 -579 -486 -277 -4 -18 -199 -205 -381 -483 -319 -281 -325 -79 -25 -441 -390 -30 -466 -128 -132 -597 -501 -306 -378 -409 0
-475 -597 -378 -501 -306 -332 -319 -486 -554 -299 -362 -151 -483 -366 -384 -61 -193 -448 -132 0
348 -18 -579 -486 -277 -4 -575 -199 -205 -381 -483 -319 -281 -325 -79 -25 475 -390 -30 -466 -128 -132 -597 -501 -306 -378 -409 0
-205 -554 -277 -575 -486 -4 -378 -579 -299 -362 -366 -384 -193 -116 -125 -150 -10 -114 -429 -159 -443 -233 -192 -197 -268 -46 -51 -399 -162 -107 0
-355 -475 -598 -483 -429 -114 -10 -193 -268 -125 -299 -399 -378 -443 -384 -116 -229 -486 -150 -554 -575 -277 -51 -366 -197 -4 -172 -265 -159 0
-475 -483 -116 -486 -125 -575 -277 -598 -268 -378 -197 -159 -10 -443 -150 -362 -114 -429 -579 -366 -554 -384 -193 -299 -399 -51 -4 -172 -265 0
-355 -483 -299 -366 -554 -579 -125 -114 -10 -429 -150 -575 -277 -193 -268 -443 -197 -116 -399 -378 -384 -486 -51 -4 -362 -233 -162 -159 -107 -172 -598 -265 0
278 -492 -559 -202 -466 -67 -289 -25 -233 -584 -362 -575 -350 -324 -486 -192 -268 -46 -116 -598 -579 0
574 -527 -571 -172 -25 -116 -592 -265 -317 -125 -120 -4 -565 -114 -366 -483 -10 -429 -486 -252 -150 0
-483 -554 -233 -268 -362 -575 -350 -486 -192 -46 -116 -579 -277 -125 -114 -366 -10 -429 -150 -443 -4 -299 -193 -197 -399 -378 -384 -51 -162 -159 -107 0
483 -591 -107 -10 0
589 -498 -486 -384 -362 -490 -277 -15 -366 -443 -197 -46 -4 -575 -10 -299 -579 -378 -399 -114 -429 -193 -51 -233 -162 -268 -116 -125 -159 -150 -107 0
-475 -476 -10 -486 -384 -362 -277 -15 -366 -443 -197 -46 -4 -575 -299 -579 -399 -114 -429 -193 -51 -233 -162 -268 -116 -125 -159 -150 -107 -61 -378 0
-260 -68 -325 -143 -205 -488 -172 -186 -463 -214 -267 -367 -259 0
210 -293 -348 -98 -252 -219 -214 -325 -172 -186 -463 -267 -367 -199 -381 -319 -79 -282 -483 -564 -15 -131 -244 -93 -443 -197 -128 -438 -18 -599 -592 -46 -4 -339 -486 -579 -384 -229 0
590 -214 -219 -98 -186 -339 -579 -584 -277 -575 -252 -348 -172 -463 -199 -381 -282 -483 -564 -15 -93 -443 -197 -438 -18 -599 -592 -46 -4 -486 -384 -271 -595 -118 -159 -96 -10 0
357 -339 -4 -486 -332 -579 -384 -575 -252 -299 -277 -15 -366 -362 -443 -197 -46 -10 -378 -399 -114 -429 -193 -51 -233 -162 -268 -116 -125 -159 -150 -58 -107 -172 -199 -381 -282 -564 -271 -118 -61 0
-475 -205 -441 -592 -4 -128 -184 -325 -339 -25 -381 -579 -492 -332 -233 -319 -277 -362 -79 -575 -282 -107 -486 -597 -61 -378 -268 -193 -10 -384 -15 -366 -443 -197 -46 -299 -399 -114 -429 -51 -162 -116 -125 -159 -150 0
577 -131 -199 -25 -93 -233 -381 -244 -362 -319 -325 -332 -343 -205 -192 -184 -492 -339 0
-205 -592 -252 -362 -575 -492 -277 -579 -199 -25 -93 -233 -381 -244 -319 -325 -332 -343 -192 -184 -339 -271 -597 -378 -441 -172 -4 -128 -79 -282 -107 -486 -61 -268 -193 -10 -384 -15 -366 -443 -197 -46 -299 -399 -114 -429 -51 -162 -116 -125 -159 -150 0
-475 -592 -598 -575 -268 -486 -277 -4 -10 -384 -362 -15 -366 -443 -197 -46 -299 -579 -399 -114 -429 -193 -51 -233 -162 -116 -125 -159 -150 -107 -61 -378 0
-592 -492 -443 -197 -233 -362 -575 -350 -486 -192 -268 -46 -116 -579 -4 -277 -125 -114 -366 -10 -429 -150 -378 -384 -15 -299 -399 -193 -51 -162 -159 -107 -441 0
-347 -366 -443 -384 -486 -575 -378 -193 -277 -10 -362 -15 -197 -46 -4 -299 -579 -399 -114 -429 -51 -233 -162 -268 -116 -125 -159 -150 -107 -350 -192 0
-366 -429 -579 -277 -575 -443 -384 -486 -378 -193 -10 -15 -197 -46 -4 -299 -399 -114 -362 -51 -233 -162 -268 -116 -125 -159 -150 -107 -350 -192 0
477 -483 -10 -63 -256 -193 -114 -409 0
566 -77 -277 -367 -452 -114 -575 -330 -10 -399 -150 0
593 -567 -197 -116 -125 -443 -277 -114 -575 -10 -399 -150 -174 -267 -273 -591 -159 -60 -501 -378 -409 -256 -477 0
-429 -268 -114 -193 -10 -116 -378 -399 -125 -443 -192 -150 -575 -277 -51 -197 -159 -4 -486 -579 -384 -15 -46 -299 -362 -233 -162 -107 -350 0
-501 -52 -150 -114 -10 -411 -304 -500 -597 -475 -378 0
305 -60 -342 -27 -347 -320 -235 -324 -210 -159 -22 -268 -591 -114 -475 -411 0
53 -150 -10 -114 0
491 -60 305 -235 -324 -210 -159 -22 -268 -591 -114 -475 -411 -233 -362 -350 -333 -192 0
596 -490 -233 -362 -333 -159 -22 -268 -591 -114 -475 -411 -350 -192 -162 -4 -592 -193 -229 -384 -150 -10 -597 -378 0
594 -429 -277 -575 -443 -384 -486 -378 -193 -10 -366 -197 -579 -4 -399 -114 -362 -233 -268 -116 -125 -159 -150 -480 -179 -475 0
-319 -492 -93 -233 -381 -362 -332 -343 577 -192 -205 -13 -159 -591 -347 -357 -151 -96 62 -299 -59 -483 -366 -321 0
95 62 -591 -357 -299 -59 -151 -483 -366 0
278 -347 -256 -268 -114 -475 -10 -591 -233 -381 -362 -159 -357 -299 -59 -483 -366 -486 -46 -480 -429 -116 -125 -63 -565 -150 -179 -600 -579 -49 0
279 -46 -579 -277 -575 -443 -384 -486 -378 -193 -10 -366 -197 -429 -4 -179 -399 -114 -362 -233 -162 -268 -116 -125 -159 -150 -299 -591 -59 -357 -483 -63 0
-46 -162 -299 -114 -59 -233 -360 -366 -483 -10 -159 -583 -316 -362 -429 -150 -591 -575 -179 -357 -252 -579 -49 -256 -268 -475 -381 -486 -480 -116 -125 -63 -600 -277 -443 -384 -378 -193 -197 -4 -399 0
46 -299 -236 -159 -256 -268 -114 -475 -10 -591 -429 -357 -130 -59 -483 -366 -125 -63 -565 -252 -150 -575 -49 -530 -277 -384 -600 -486 0
-299 -59 -483 -366 -579 -233 -277 -362 -575 -600 -486 -357 -480 -591 -429 -116 -125 -63 -114 -10 -150 -179 -360 -159 -583 -316 -252 -49 -256 -268 -475 -381 -443 -384 -378 -193 -197 -4 -399 -236 -130 -530 0
21 -443 -197 0
566 -429 -114 -10 -366 -150 0
-328 -51 -366 -384 -486 -208 -268 -378 -116 -125 -355 -429 -575 -114 -150 -10 -197 -4 -193 -46 -443 -399 -362 -579 -299 -233 -159 -277 -483 -178 -475 -592 -80 -59 0
-51 -50 -395 -299 -10 -486 -384 -277 -429 -366 -443 -197 -46 -4 -575 -579 -399 -114 -475 -193 -233 -268 -116 -125 -159 -150 -378 -59 -355 -80 -483 -208 -362 0
329 -180 -306 -378 -501 -475 -150 -10 0
-357 -61 -193 -268 -475 -591 95 -299 -59 -151 -483 -366 -355 0
108 -330 -399 -219 -10 -468 -596 -30 -531 -258 -561 -384 -486 -46 -103 -454 0
-180 -454 -362 -106 -399 -10 -30 -384 -486 -46 -475 -268 -193 -591 95 -299 -59 -151 -483 -366 -355 -378 -395 -150 -114 -429 0
-399 -116 -362 -10 -486 -384 -277 -429 -366 -443 -197 -46 -4 -575 -299 -579 -114 -475 -193 -233 -268 -395 -125 -159 -150 -378 -591 -59 -483 -355 -208 -106 -94 0
399 -229 -378 -277 -575 -384 -355 -486 -475 -114 -208 -268 -4 -193 -429 -53 -366 -125 -21 -483 -566 -395 -10 0
19 -443 -197 0
356 -355 -362 -10 -486 -384 -277 -366 -443 -197 -429 -4 -575 -399 -114 -475 -233 -268 -46 -159 -150 -378 -591 -59 -483 -125 -193 0
-455 -454 -350 -19 -362 0
180 -51 -268 -10 -193 -378 -399 -443 -150 -575 -277 -429 -197 -159 -4 -486 -125 -384 -46 -107 -192 -362 -233 -579 -114 0
-51 -579 -575 -46 -277 -104 -268 -10 -193 -378 -399 -443 -150 -429 -197 -159 -4 -125 -384 -107 -192 -362 -233 -486 -114 0
-180 -258 -10 -384 -483 -486 -107 -399 -468 -30 -531 -561 -46 -454 -378 -104 -114 -366 -429 -179 -475 -150 0
357 -125 -362 -486 -384 -366 -443 -197 -4 -277 -268 -10 -193 -378 -399 -150 -575 -429 -159 -233 -46 -114 -483 -475 0
-355 -125 -10 -486 -384 -277 -366 -443 -197 -429 -4 -575 -399 -114 -475 -233 -268 -46 -159 -150 -378 -591 -59 -483 -362 -193 0
-125 -59 -366 -233 -277 -362 -575 -483 -486 -591 -429 -114 -10 -150 -159 -268 -475 -443 -384 -378 -193 -197 -4 -399 -46 0
454 -233 -362 0
59 -306 -378 -501 -475 -10 -591 -159 0
-355 -357 -378 -475 -150 -10 -114 -366 -483 -429 -454 -193 -268 -591 -20 -299 -59 -151 -107 -96 0
456 -233 -362 0
157 -299 -350 -20 -192 -59 0
-180 -395 -20 -399 -10 -150 -119 -114 -366 -483 -429 -378 -475 0
-299 -20 -479 -399 -10 -150 -114 -366 -483 -429 -378 -475 -554 -454 -193 -268 -591 -151 -107 -159 -350 0
21 -192 -479 -350 0
20 -46 -277 -362 -575 -483 -486 -591 -429 -114 -10 -150 -159 -268 -475 -366 -384 -378 -193 -4 -399 -233 0
-20 -299 -159 -350 -479 -192 -59 0
-355 -357 -96 -193 -268 -475 -61 -299 -59 -151 -483 -366 -591 0
-357 -299 -159 46 -268 -114 -475 -10 -591 -429 -236 -59 -483 -366 -125 -565 -252 -150 -575 -49 -277 -384 -486 -193 -596 -61 0
-299 -399 -362 -10 -483 -193 -114 -475 -268 -159 -591 -429 -366 -150 -575 -277 -384 -486 -378 -4 -233 0
19 -501 -10 -591 -384 -159 -475 -486 -193 -4 -479 0
399 -366 -277 -486 -575 -384 -378 -475 -114 -268 -4 -193 -429 -104 -125 -483 -10 -479 -159 -107 -150 -591 0
-366 -429 -10 -483 -193 -114 -475 -268 -159 -591 -362 -150 -575 -277 -384 -486 -378 -4 -233 0
-579 -192 -486 -384 -179 -231 -575 -277 -268 -10 -193 -378 -399 -443 -150 -429 -197 -159 -4 -46 -362 -233 -114 0
194 -596 -10 -483 -114 -409 -63 -499 -193 -475 0
-429 -233 -475 -268 -483 -193 -114 -378 -150 -277 -575 -486 -4 -384 -159 -362 -10 -591 0
477 -596 -411 -305 -257 0
409 -329 -10 -591 -114 0
178 -19 -59 -350 -362 -483 -366 -10 -591 -114 -411 -268 -193 -475 -384 -486 -46 -378 -150 -104 0
476 -355 -125 -193 -268 -475 -299 -59 -61 -483 -366 -591 -566 0
589 -192 -233 -362 -486 -384 -10 -483 -193 -114 -268 -411 -475 -299 -59 -366 -591 -378 -150 0
590 -59 -378 -150 -475 -10 -591 -114 -411 -159 0
-59 -299 -384 -378 -486 -475 -193 -268 -411 -483 -366 -591 -4 -10 -399 -114 -159 -233 -362 -150 0
74 -21 -479 -394 -178 -399 -50 -131 -23 -244 -235 0
-355 -50 -362 -333 -159 -268 -591 -114 -475 -411 -4 -193 -384 -150 -10 -378 -233 -399 59 -366 0
180 -192 -362 -333 -159 596 -268 -591 -114 -475 -411 -490 -233 -4 -193 -229 -384 -150 -10 -597 -378 -50 0
-192 -95 -325 -25 -233 -362 -299 -178 -333 -159 596 -268 -591 -114 -475 -411 -490 -4 -193 -229 -384 -150 -10 -597 -378 -50 -75 -394 -399 -23 -244 -235 0
47 -217 -127 -472 -325 -288 -107 -171 -543 -414 0
129 -592 -475 -556 -306 -205 -585 0
128 -556 -466 0
-299 -399 -475 -362 -233 -159 -268 -591 -114 -4 -193 -384 -150 -10 -378 -486 -277 -575 -483 0
19 -395 -479 0
299 -479 -159 -591 -378 -150 -475 -10 -114 -411 0
-233 -591 -486 -475 -193 -268 -483 -384 -4 -150 -10 -114 -159 -362 -378 -277 -575 0
-395 -19 -455 -362 -394 0
-19 -596 -193 -483 -475 -114 -366 -10 -378 -150 -591 -59 -159 -455 -394 -362 0
19 -299 -575 -150 -378 -475 -10 -114 -483 -193 -4 -591 -366 -159 -59 -277 0
480 -19 -455 -362 0
410 -305 -378 -257 -53 -501 -114 0
-395 -501 -114 -483 -10 -150 -378 -366 -475 -193 -591 -159 -19 -455 -362 0
-299 -366 -150 -475 -10 -591 -114 -59 -159 -193 -483 -378 -455 -362 -575 -4 -277 0
-395 -19 -114 -366 -193 -591 -378 -150 -475 -59 -159 -483 -10 -455 -362 0
-19 299 -378 -159 -591 -150 -10 -114 -475 -193 -483 -366 -59 -455 -362 0
410 -63 -366 -10 -59 -114 -378 -257 -53 -305 0
-411 -410 -591 -378 -150 -475 -10 -114 -59 -159 0
246 -562 -15 -450 -130 -73 0
-395 -366 -455 -591 -159 -483 -362 -384 -114 -10 -486 -150 -575 -341 -277 -378 -475 -59 -193 -4 0
-366 -59 -591 -384 -159 -475 -486 -193 -4 -378 -150 -114 -455 -483 -362 -575 -341 -277 -10 0
-59 -591 -575 -277 -362 -4 -486 -384 -268 -475 -193 -10 -483 -114 -150 -159 -378 0
-355 -438 -556 -475 -306 -585 -303 -538 -127 -337 -26 21 -151 -591 59 -366 -159 0
-466 -556 -127 0
409 -229 -356 -209 -581 -384 -597 -324 -378 -268 -475 -575 -193 -150 -61 -10 -500 -591 -114 0
411 59 -378 -475 -10 -591 -159 0
-591 -193 -378 -268 -475 -575 -384 -150 -10 -114 -159 -277 -362 -4 -486 -483 0
476 -501 -306 -378 -411 -53 -114 0
409 -479 -455 -362 -4 -594 -277 -575 -486 -384 -179 -258 -378 -501 -306 0
-501 -306 -362 -4 -486 -384 -378 -53 -114 -411 -277 -575 -455 -150 -329 -61 -193 -475 0
58 -366 -362 -193 -61 -455 -159 0
382 -328 -562 -210 -126 -575 -10 -324 -352 -13 -150 -277 -579 -486 -384 -489 -532 -37 -285 -121 -341 -553 21 -438 -593 -4 -530 0
-328 -352 -37 21 -462 -438 -593 -581 -49 -100 -560 -277 -250 -542 -575 -47 -486 -384 -562 -210 -126 -10 -324 -13 -150 -579 -489 -532 -285 -121 -341 -553 -4 -530 0
278 -341 -121 -74 -236 -23 -285 -49 0
-19 -489 -572 -172 -37 -285 -121 -462 -438 -593 -560 -277 -250 -542 -575 -486 -384 -562 -210 -126 -10 -324 -150 -579 -532 -553 -4 -530 -596 -257 -74 -236 -23 -362 -455 -497 -179 -394 -480 0
117 -127 -203 -557 -560 -16 0
124 -80 -342 -280 -362 -455 -153 0
-366 -59 -542 -268 -475 -119 -280 -362 -455 -596 -384 -486 -575 -277 -4 -572 -37 -562 -210 -10 -150 -398 -323 -61 -199 -411 -378 -114 -193 -329 -121 -159 0
-429 -411 -114 0
-306 -455 -362 -4 -10 -483 -193 -114 -486 -475 -384 -378 -596 -411 -277 -575 -150 -329 -61 0
-193 -483 -475 -362 -4 -10 -114 -486 -384 -378 -277 -575 -150 -268 -159 0
-501 -306 -378 -150 -475 -10 -61 -277 -575 -362 -486 -455 -4 -478 -268 -411 -114 0
257 -478 -4 -268 -486 -475 -384 0
-306 -455 -411 -378 -150 -475 -10 -114 -159 -277 -575 -486 -384 -61 -362 -577 -4 -478 -268 0
484 -215 -464 -489 -267 -325 -57 11 -96 -61 -566 -366 -395 -455 -362 -480 -179 -577 -285 -49 -277 -250 -575 -384 0
-19 -215 -267 -217 -357 -250 -572 -362 -455 -489 -577 -497 11 -210 -229 -61 -325 -450 -352 -366 -96 -130 -523 -566 -159 -395 -480 0
364 -515 -560 -475 -268 -557 -10 -338 -92 -203 -16 -115 -126 -342 -280 -362 -455 -298 -554 -59 0
500 -560 -61 -366 -362 -475 -268 -10 -16 -280 -455 -585 -436 -577 -575 -566 -141 -277 -49 -395 -179 -267 -217 -357 -250 -572 -489 11 -210 -325 -96 -523 -159 -480 -596 -530 -257 -384 -486 -464 -57 -285 0
-455 -411 -475 -268 -10 -575 -277 -159 -384 -486 -483 -4 -114 -362 -378 -150 0
-411 -483 -150 -475 -10 -114 -159 -277 -575 -384 -486 -268 -4 -378 -362 0
365 -491 -215 -130 -483 -114 -10 -429 -366 -150 -267 -464 -101 -118 -362 -497 -61 0
-19 -192 -395 -362 -455 -480 0
481 -491 -347 -357 -268 -114 -256 -329 -475 -10 -591 -159 -130 -338 -92 -153 -115 -126 -73 -15 -450 -342 -80 -362 -455 0
279 -497 -362 -61 -483 -357 -268 -114 -256 -475 -10 -591 -159 -130 -450 -455 -179 -395 -480 -236 -436 -429 -59 -366 -215 -150 -267 -464 -252 -577 -575 -49 0
485 -366 -395 -362 -455 -480 -179 -577 -49 -277 -61 -483 -357 -268 -114 -475 -10 -591 -159 -236 -436 -429 -59 -150 -267 -464 -252 -575 -501 -596 -530 -257 -384 0
595 -214 -145 -501 -132 0
-366 -16 -219 -501 -257 -596 -464 -267 -483 -357 -10 -114 -591 -429 -150 -159 -395 -362 -455 -480 -179 -378 -306 -475 -600 -577 -49 -277 -575 -384 -486 -61 -268 -236 -436 -59 -252 -530 0
484 -573 -560 -203 -106 -455 -362 -497 -47 0
595 -340 -37 -121 -362 -455 -277 -581 -577 366 -444 -347 -208 -480 -19 -4 -252 -395 -554 -384 -486 -560 -106 -497 -47 0
206 -267 -174 0
-19 -600 -206 -277 -560 -106 -455 -362 -497 -575 -486 -384 -257 -596 -37 -121 -581 -577 366 -347 -208 -480 -4 -252 -395 -554 -179 -20 0
-480 -455 -277 -486 -384 -575 -362 -4 -483 -159 -10 -114 -150 -378 -475 -268 0
-455 -483 -475 -159 -268 -362 -277 -486 -384 -575 -4 -10 -114 -150 -378 0
-483 -277 -378 -150 -159 -10 -362 -575 -475 -486 -268 -4 -384 -114 0
207 -388 -345 -544 -185 -290 0
340 -435 -123 0
32 -91 -444 -76 -464 -55 -187 -181 0
431 -526 -127 -288 -16 -572 -475 -256 -499 -19 192 -349 -490 -193 -478 -301 -85 0
485 -431 -33 -83 -444 -76 -464 -55 -187 -117 -124 -455 -449 -362 -530 -496 -384 0
361 -81 -94 -288 -320 -572 -325 -292 -441 -33 -83 -431 -117 -124 -455 0
125 -187 -564 -444 -13 -449 -554 -76 -464 -55 -33 -83 -431 -117 0
116 -136 -515 -127 -219 -16 0
278 -13 -564 -282 -449 -444 -464 -55 -33 -83 -117 -515 -127 -219 -16 -124 -554 -288 -572 -475 -19 192 -349 -193 -478 -123 -26 -316 -513 -347 -252 -581 -144 -354 -596 -272 -267 -345 -544 -185 -290 -99 -23 -600 -579 -283 -49 0
-591 -366 -575 -10 -324 -524 -150 -277 -486 -384 -444 -464 -117 -16 -288 -475 -19 192 -349 -478 -267 -99 -600 -49 -194 -141 -114 -362 -180 -305 -357 -59 -378 -410 -159 483 0
279 -557 -99 -492 -292 -67 -362 -217 -205 -496 -474 -173 -462 -486 -534 -369 -39 -575 -283 0
363 -101 -345 -544 -388 -290 -205 -27 -267 -362 -455 -357 0
-101 -144 -39 -354 -462 -357 -318 -117 -27 -124 -362 -455 -345 -544 -388 -290 -205 -267 0
-366 -357 -462 -117 -362 -455 -267 -600 -277 -99 -486 -534 -575 -10 -194 -150 -141 -305 -114 -324 -524 -384 -444 -464 -16 -288 -475 -19 192 -349 -478 -49 -180 -59 -378 -159 483 -257 0
361 -572 -206 -288 -325 -94 -141 -201 -80 -114 -340 -429 -362 -455 -333 0
-46 -541 -384 -114 -49 -10 -180 -277 -486 -52 -498 -63 -362 479 -530 -231 -106 -375 -4 -449 -48 0
382 -257 -596 -444 366 -347 -208 -480 -19 -4 -252 -395 -554 -102 0
-395 -19 -10 -277 -486 -384 -480 -114 -4 -362 -455 -575 -150 -475 -378 -159 -268 0
194 -585 -357 -268 -10 -596 -411 -257 -475 -63 0
501 -257 -596 0
484 -244 -444 -117 -357 -581 -100 -180 -201 -150 -114 -411 -378 -596 -323 -268 -575 -277 -486 -384 -475 -193 -10 -63 0
184 -142 -130 -210 -229 -85 -450 -464 -487 -215 -260 0
115 -81 -99 -325 -526 -96 -33 -26 -564 -282 -130 -153 -244 -126 -92 0
364 -185 -379 -99 -244 -320 -490 -544 -130 -96 -282 -464 -215 -126 -16 -325 -526 -33 -26 -564 -23 -236 -74 -341 21 -436 -566 -554 0
116 -369 -267 -83 -100 -33 -250 -292 -464 -217 -215 -127 -16 0
251 -127 -16 -215 -185 -288 -169 -487 -325 -144 -581 -100 0
356 -544 21 -244 -436 -379 -566 -320 -96 -600 -325 -26 -318 -267 -511 -100 -250 -16 -215 -288 -169 -487 -581 -83 -33 -464 -217 -329 -10 -229 -63 -366 -99 -490 -130 -282 -126 -526 -564 -23 -236 -74 -341 0
-257 -244 -96 -26 -564 -282 -126 21 -210 -320 -267 -100 -581 -357 -288 -169 -83 -329 -10 -229 -63 -490 -341 -201 -150 -114 -58 -323 -411 -378 -594 -529 -268 -193 -475 -596 -256 0
-19 -480 -475 -10 -150 -378 -268 -384 -4 -486 -575 -277 -362 -455 -114 -159 0
250 -366 -49 -63 -10 -114 -150 -178 -277 476 -378 -501 -575 0
52 -76 -532 -464 -216 -277 -501 -49 -410 -178 -201 -305 -150 -114 0
101 -216 -178 -277 -378 -575 -305 -53 -532 -464 -49 -501 -410 -201 -150 -114 -267 0
179 -305 -53 -378 -150 0
-306 -366 -63 -497 -362 -114 -201 -285 -39 -352 -523 -325 -250 -357 -159 -96 -53 -590 476 -378 -501 0
216 -368 -10 -557 -203 -560 -16 -77 -115 -464 0
-480 -455 -150 -114 -10 -378 -362 -159 -384 -486 -575 -475 -268 -4 -277 0
-455 -277 -10 -475 -378 -150 -268 -575 -362 -486 -4 -114 -159 -384 0
-305 477 -114 -119 -329 -63 -411 -4 -268 -486 -475 -384 -306 -596 -482 0
-501 -306 -268 -10 -596 -357 -411 -475 -277 -575 -486 -384 -114 -119 -329 -4 -63 -482 -378 -53 0
-306 -119 -114 -329 -63 -411 -4 -268 -486 -475 -384 -596 -482 -378 -10 -357 -277 -575 -53 0
485 -50 -179 -104 -593 -46 -4 0
278 -497 -233 -362 -123 -486 -179 -104 -593 -4 -600 -283 0
76 -172 -368 -267 0
62 -571 -10 -560 -464 -215 -593 -4 -55 -585 -486 -575 -283 -277 -233 -362 -123 -179 -104 -600 -19 -398 -350 -479 -125 -566 -366 0
129 -16 -345 -388 -544 -205 -571 -357 0
-16 -260 -215 -217 -127 -345 -388 -544 -205 -571 -357 0
576 -55 -369 -398 -394 -19 -179 -23 -464 -593 -215 -217 -127 -345 -544 -571 -357 -600 -283 -277 -250 0
-277 -384 -4 -486 -575 -10 -268 -378 -114 -150 -475 -362 -159 0
-411 -501 -10 -4 -268 -486 -475 -384 -114 -378 -63 -53 -305 -306 0
477 -257 -10 -357 -596 -268 -591 0
116 -259 -348 -252 -219 -357 -185 -206 -172 -367 -430 -16 0
251 -131 -596 -389 -482 -199 -283 -381 -367 -321 -144 -172 -159 -96 -206 -591 -357 -384 -475 -268 -114 -229 -329 -10 -185 -348 -259 -100 0
214 -118 -219 -16 -206 -96 -10 -591 -316 -357 -210 -513 -348 -252 -596 -389 -482 -199 -283 -381 -321 -144 -172 -159 -384 -475 -268 -114 -229 -329 -100 -147 0
207 -128 -557 -118 -199 -283 -76 -367 -172 -290 0
129 -467 -557 0
-366 -215 -206 -283 -464 -16 -557 -219 -10 -591 -316 -357 -513 -252 -596 -389 -482 -381 -159 -384 -475 -268 -114 -329 -100 -490 -331 -577 -429 -230 -365 -150 0
455 -20 -395 -349 0
-127 -395 -362 -480 -185 -560 -206 -497 484 -106 -47 -442 -464 -215 -16 -129 0
-215 484 -362 -480 -560 -206 -497 -557 -47 -464 -16 -357 -591 -159 -59 -283 -219 -10 -316 -513 -252 -596 -389 -482 -381 -384 -475 -268 -114 -329 -577 -429 -365 -150 0
499 -257 -596 0
12 -329 -119 0
-118 -170 -362 -577 -527 -472 -596 -257 -384 -486 -206 -215 -557 -47 -464 -16 -357 -591 -159 -59 -283 -219 -10 -316 -513 -252 -389 -381 -475 -268 -114 -329 -429 -150 -292 -63 -119 0
485 -347 -257 -444 -596 -208 -480 -4 -252 -395 -554 -364 -117 -63 -127 -219 -515 -16 -99 -362 -581 -170 -26 -325 -527 -354 -472 -530 -384 0
-497 -328 -362 -480 -194 -591 -10 -63 -114 -577 -429 -329 -127 -560 -206 -106 -47 484 -464 -215 -16 -129 -557 -357 -159 -59 -283 -219 -316 -513 -252 -596 -389 -381 -384 -475 -268 -150 0
-329 -202 -362 -577 -591 -10 -63 -114 -429 -127 -206 -106 -47 -464 -215 -16 -129 -557 -357 -159 -59 -283 -219 -316 -513 -252 -596 -389 -381 -384 -475 -268 -150 -486 -257 -4 -286 -186 0
455 -565 -436 -444 -117 -21 -10 -591 -384 -159 -475 -486 -193 -4 -501 0
207 -129 -10 -591 -384 -159 -475 -486 -4 -501 -577 -429 -114 -150 -63 -378 -306 -127 -206 -47 -464 -16 -362 -557 -357 -59 -283 -219 -316 -513 -252 -596 -389 -381 -268 -257 0
-129 -127 -362 -252 -591 -357 -206 -10 -384 -159 -475 -486 -501 -577 -429 -114 -150 -63 -378 -306 -4 -47 -464 -16 -557 -59 -283 -219 -316 -513 -596 -389 -381 -268 -257 0
129 -206 -16 -557 0
-290 -68 -206 0
-257 -429 -16 -114 -10 -362 -150 -59 -159 -591 -384 -486 -357 -557 -464 -283 -219 -316 -513 -252 -596 -381 -475 -268 -577 -63 -501 -378 -306 -4 -598 0
-501 -557 -10 -268 -63 -114 -475 -4 -486 -384 -16 -362 -150 -159 -357 -464 -283 -252 -577 -378 -306 -598 -305 0
-305 -63 -10 -114 -475 -4 -268 -486 -384 -16 -362 -150 -159 -357 -464 -283 -252 -577 -378 -306 -598 -585 0
-63 -464 -283 -362 -486 -4 -150 -598 -357 -268 -585 -475 -378 -114 -384 -16 -159 -10 -252 -577 -306 0
205 -462 -483 -10 -119 -283 -467 -267 -78 -291 0
-19 -453 -199 -78 -114 -267 -429 -174 -366 -119 -483 -10 -150 -20 -395 -378 -475 -362 -455 -480 0
19 -560 -467 -557 -202 -444 -117 0
-257 -119 -366 -114 -483 -10 -150 -378 -475 -362 -306 -467 -557 -117 -572 -206 -283 -291 -4 -268 -195 -464 -216 -596 0
128 -557 -598 -357 -268 -475 -366 -114 -483 -10 -150 -378 -362 -306 -206 -283 -4 -195 -464 -596 -16 0
-429 -565 -483 -455 -475 -114 -596 -10 -378 -150 -366 -59 -159 -19 -362 -480 0
62 -366 -268 -475 -306 -378 -501 -114 -483 -455 -596 -10 -150 -480 -59 -159 -19 -362 0
61 -329 -483 -10 0
-455 -63 -268 -557 -114 -475 -4 -384 -16 -362 -150 -159 -357 -464 -283 -252 -10 -378 -306 -480 -19 -596 -257 -483 0
-329 -566 207 -283 -16 -19 -350 -479 -125 -557 -483 -366 -63 -114 -429 -10 0
-366 -125 -16 -129 -19 -150 -10 -501 -378 -306 -475 207 -283 -350 -479 -557 -483 -63 -114 -429 0
-63 -480 -16 -464 -357 -19 -159 -150 -10 -378 -306 -475 207 -283 -557 -483 -114 -129 -268 -4 -384 -362 -252 -596 -257 0
-429 -366 -357 -268 -475 -557 -114 -483 -10 -150 -378 -362 -306 -206 -283 -4 -195 -464 -596 -16 -257 -159 -267 -480 -600 -384 -61 -252 -19 0
-411 -306 -129 -215 -573 -464 -483 -10 -475 -59 -378 -150 -114 -410 -159 -16 -501 0
-19 -306 -268 -475 -557 -114 -483 -10 -150 -378 -362 -357 -206 -283 -4 -464 -596 -16 -257 -159 -384 -252 207 0
-127 -444 -560 -557 19 -573 -203 -16 -129 0
127 -591 -159 -10 -215 -596 -186 -16 -600 -357 -69 -206 -475 -378 -150 -268 -455 -362 -486 -4 -114 -384 -557 0
-306 207 -557 -16 -159 -10 -596 -357 -206 -475 -378 -150 -268 -362 -4 -114 -384 -483 -283 -257 -252 -464 0
207 -252 -16 -483 -10 -378 -150 -475 -114 -159 -557 -596 -357 -206 -268 -362 -4 -384 -283 -257 -464 0
128 -306 -362 -159 -4 -483 -10 205 -283 -357 -268 -19 -378 -501 -53 -114 -475 -464 -215 -16 0
-306 -19 -10 -268 -378 -501 -53 -475 -464 -215 -16 -357 -206 -557 -362 -159 -4 -483 205 -283 -114 0
128 -260 -215 -217 -16 0
306 -172 -206 -557 -10 -215 -16 -283 -483 -252 -150 -114 -59 -378 -475 -410 -159 0
127 -455 -126 -115 -483 -591 -16 -462 -357 -206 -283 -369 -557 -10 0
-591 205 -483 -10 -464 -283 -16 -115 -357 -206 -557 -114 -150 -394 -4 -478 -268 -475 -596 -257 -378 -159 0
-252 -159 -16 -557 -464 -357 -268 -475 -114 -483 -10 -150 -378 -362 -283 -4 -596 -257 -206 -384 0
-159 -483 -268 -4 -362 -10 -475 -378 -150 -114 -384 -16 -557 -464 -357 -283 -596 -257 -206 0
-366 -482 -429 -114 -257 -483 -10 -150 -378 -475 -362 -306 -117 -557 -572 -119 -206 -283 -291 -4 -268 -216 -464 -467 -596 -364 0
6 -287 -206 -572 -483 -10 -291 -283 -462 -78 -119 -467 0
-455 -19 -362 -194 -480 -4 -206 -572 -483 -10 -291 -283 -462 -119 -467 -429 -114 -257 -150 -378 -475 -306 -117 -557 -268 -216 -464 -596 -364 -525 -324 -179 -384 0
-19 -572 -4 -206 -483 -10 -291 -283 -119 -467 -357 -525 -591 -362 -378 -306 -475 -150 -396 -114 -257 -117 -557 -268 -216 -464 -596 -364 -384 0
19 -480 -396 0
128 -216 -206 -483 -10 -283 -467 -357 -362 -378 -306 -475 -150 -114 -257 -117 -557 -268 -4 -464 -596 -384 -16 0
127 -467 -557 0
-467 -306 -483 -10 -283 -357 -362 -378 -206 -475 -150 -114 -257 -557 -268 -4 -464 -596 -384 -16 0
-306 -483 -596 -10 -150 -16 -357 -206 -114 -283 -362 -378 -475 -257 -557 -268 -4 -464 -384 0
-483 -378 -10 -114 -596 -16 -357 -206 -283 -362 -150 -475 -257 -557 -268 -4 -464 -384 0
-159 -575 -114 -10 -362 -150 -257 -63 -384 -316 -357 -557 -464 -283 -219 -513 -252 -596 -429 -475 -268 -381 -591 -378 -306 -4 -455 -16 -480 -19 -157 0
479 -364 -482 -63 -429 -114 -291 -206 -572 -398 -287 -19 -362 -455 -4 0
205 -266 -173 0
-266 -173 -206 0
186 -490 -252 -347 -259 -145 0
-19 -560 -444 -325 -206 -4 -572 -252 -259 -145 -362 -480 -429 -114 -291 -523 -10 -150 -257 -384 -316 -357 -557 -464 -283 -219 -513 -596 -475 -268 -381 -591 -378 -306 -16 -179 0
-467 -306 -206 -4 -362 -114 -10 -150 -257 -384 -357 -464 -283 -596 -475 -268 -378 -557 -16 0
-306 -378 -475 -464 -114 -16 -357 -206 -4 -362 -10 -150 -257 -384 -283 -596 -268 -557 0
128 -566 -362 -63 -366 -480 -206 -4 -384 -159 -10 -268 -378 -114 -150 -475 -575 -250 -16 -215 -217 0
-378 -257 -16 -357 -206 -10 -557 -4 -384 -268 -114 -150 -475 -464 -362 -283 -596 0
-257 -384 -596 -16 -357 -206 -10 -557 -4 -475 -268 -114 -150 -464 -362 -283 0
590 -378 -500 -306 -596 -10 0
-483 128 -150 -362 -19 -195 -479 -557 -357 -268 -475 -114 -484 -10 -378 -306 -206 -283 -4 -464 -596 -16 591 0
194 -63 -384 -159 -10 -268 -378 -114 -150 -475 -362 -484 -229 -206 -366 -4 0
-467 -19 -384 -10 -268 -378 -114 -150 -475 -362 -206 -4 -557 -357 -283 -464 -596 -16 0
-455 -217 -411 -473 -306 -326 -378 -25 -179 -362 -19 -479 0
-19 -378 -10 -268 -384 -114 -150 -475 -362 -206 -4 -16 -557 -357 -283 -464 -596 0
-467 -318 -150 -378 -178 -103 -115 -48 -16 -557 -357 -268 -475 -195 -114 -483 -10 -362 -306 -206 -283 -4 -366 -464 -596 -466 0
-483 -565 -115 -16 -206 -150 -378 -178 -48 -557 -357 -268 -475 -195 -114 -10 -362 -306 -283 -4 -464 -596 -466 -25 -456 591 0
-467 -196 -442 -341 -561 -123 -283 -115 -39 -16 -461 -466 -129 -557 0
-378 -384 -206 -283 -557 -362 -150 -357 -268 -475 -114 -10 -4 -464 -596 -16 0
-483 -37 -442 -19 -487 -283 -362 -200 -482 591 -10 0
-467 -60 -206 -10 -366 -160 -358 -76 -352 -283 -200 -442 -19 -362 -482 591 -473 -260 -217 -461 -129 -466 -557 0
-384 -4 -10 -362 -268 -475 -557 -206 -283 -114 -150 -596 -357 -464 -16 0
479 -455 -114 -10 -150 -483 -306 -378 -475 -362 -117 -557 -572 -119 -206 -283 -291 -4 -268 -216 -464 -467 -596 -19 -366 0
-257 -63 -591 -483 -475 -114 -596 -10 -378 -150 -19 -394 -455 -193 -362 -366 -306 0
-63 -193 -10 -483 -591 -114 -378 -306 -596 -475 -150 -19 -394 -455 -362 -366 0
257 -591 -268 -357 -378 -306 -596 -10 -475 0
-366 -19 -306 -150 -10 -378 -16 -475 -283 -557 -483 -114 -429 -206 -268 -596 -480 -362 -464 -357 -4 -257 -467 0
478 -455 -203 -560 -106 -362 -497 -47 -486 -206 -4 -291 -78 -10 -483 -283 -572 -462 -119 -467 -185 -252 -347 -259 -145 -523 -157 -19 0
-455 -92 -78 -514 11 -534 -117 -283 -467 -560 -557 -203 -572 -185 -206 -483 -10 -291 -462 -4 -480 -362 -497 -486 -252 -347 -259 -145 -523 -157 -19 -190 -103 0
-19 -462 -10 -483 -283 -206 -467 -4 -523 -157 -362 -480 -94 -554 -514 -560 -557 -185 -252 -347 -259 -150 -179 -306 -378 -16 -475 -114 -429 -268 -596 -464 -357 -257 0
-591 -483 -557 -16 -10 -464 -283 -206 -357 -114 -150 -4 -268 -475 -596 -378 -362 -306 0
-257 -291 -306 -378 -411 -114 -483 -10 -150 -362 -117 -557 -572 -119 -206 -283 -475 -4 -268 -216 -464 -467 -596 0
-467 -19 -206 -150 -357 -268 -362 -378 -483 -557 -475 -114 -283 -10 -306 -4 -464 -596 -16 0
-257 -305 -378 -53 410 -114 -596 0
-19 -483 -464 -268 -475 -378 -114 -596 -306 -150 -10 -16 -357 -206 -362 -557 -283 -4 0
-467 -329 -150 -362 -486 -206 -455 -4 -478 -268 -475 -306 -378 -411 -114 -483 -10 -557 -572 -119 -283 -464 -596 -115 -16 0
-257 -216 -464 -475 -306 -378 -411 -53 -114 -596 0
-483 -306 -16 -150 -378 -557 -357 -268 -475 -114 -10 -362 -206 -283 -4 -464 -596 0
479 -366 -375 -362 -185 -542 -206 -291 -329 -10 -194 -231 -63 -114 -482 -429 -572 -398 -19 -455 -4 -600 -566 -480 0
-366 -19 -572 -206 -185 -259 -347 -252 -145 -523 -59 -362 -157 -455 -4 -480 -375 -542 -291 -329 -10 -194 -231 -63 -114 -482 -429 -398 -600 -566 0
478 -92 -514 -354 -160 -185 -259 -347 -252 -145 -117 -523 -206 -201 -94 -572 -325 -141 -80 -114 -333 -429 -362 -455 -340 -124 -157 -19 0
-19 -448 -564 -132 -117 -282 -123 -157 -528 -523 -429 -482 -114 -291 -206 -572 -398 -63 -362 -455 -4 -480 -514 -354 -185 -259 -347 -252 -145 -201 -94 -325 -444 -554 -59 -375 -542 -329 -10 -194 -231 -600 -150 -179 0
-467 -132 -557 -528 -114 -206 -362 -4 -354 -10 -231 -150 -531 -306 -378 -268 -357 -475 -464 483 -596 -257 -16 0
-257 -306 -475 -464 -378 -114 -596 -16 -357 -206 -557 -362 -4 -10 -231 -150 -531 -268 483 -258 0
-455 -19 -366 -580 -362 -63 -195 -479 -206 0
61 -571 -442 -553 -466 -129 -366 -10 0
-19 -398 -362 -486 -4 -479 -366 -195 -63 -442 -553 -466 -129 -10 -108 -580 -206 0
-306 -378 -10 -362 -4 -283 -206 -357 -464 -268 -114 -475 -150 -596 -16 -557 0
-395 -61 -206 11 -366 -533 -566 -19 -362 -455 -480 0
-483 -455 -472 -206 -557 -10 306 -16 -283 -215 -150 -114 -59 -378 -475 -410 -362 -325 -480 -19 0
-395 -39 -250 -217 -99 -557 -362 -462 -486 -575 -283 -215 -16 -329 -10 -194 -231 -63 -325 -206 -366 -96 -139 -566 -398 -19 -455 -480 0
365 -100 -217 -16 -250 -129 -215 -10 -206 -63 0
128 -490 -146 -346 -215 -250 -16 -217 0
-455 -19 -357 -206 -557 -215 -16 -132 -231 -10 -362 -325 -480 -99 -462 -486 -283 -472 306 -150 -114 -59 -378 -475 -410 0
364 -579 -10 -560 -464 -486 -575 -4 -593 -215 -585 -233 -283 -571 -55 -362 -123 -179 -104 -600 -19 -398 -350 -479 -125 -566 -366 -231 -63 0
-19 -215 -16 -10 -362 -231 -206 -464 -486 -4 -283 -600 -480 -357 -557 -132 -325 -99 -462 -472 306 -150 -114 -59 -378 -475 -410 0
365 -63 -115 -203 -557 -560 -16 -455 -10 -362 -126 -217 -250 -215 -206 0
-266 591 -283 -10 -462 -557 -560 19 -444 -203 -16 -206 -267 0
-378 -4 -16 -206 -10 -362 -283 -557 -464 -357 -150 -114 -475 -596 -268 0
-4 -206 -283 -10 -362 -357 -464 -268 -475 -114 -150 -596 -16 -557 0
17 -206 -557 -129 0
-366 -157 -500 -589 -114 -10 -397 -150 -567 -365 0
411 -500 -596 -306 -10 -589 0
-19 -500 -589 -114 -10 -366 -150 -553 -442 -117 480 -362 0
118 -318 -29 -306 -466 -411 -129 -114 0
565 -442 -196 -553 -437 -366 0
478 -591 -366 -19 -114 -378 -306 -596 -483 -150 -475 -455 -63 -362 -10 0
-591 -475 -150 -114 -10 -366 -565 -19 -362 -455 -306 -596 -483 -378 -63 -329 0
-395 -96 -218 -114 -323 -283 -411 -19 -483 -306 62 -475 -366 -378 -596 -10 -150 -159 -455 -362 -398 -365 -589 0
-475 -4 -19 -150 -467 -362 -306 -378 -557 -114 -283 -10 -483 -206 -596 -16 -218 -323 -366 -455 -398 -365 -63 0
475 -483 -366 -114 -10 -329 -150 -596 -180 -378 -306 0
-483 -283 -114 -323 -218 -19 -306 -366 -378 -596 -10 -150 -455 -362 -398 -365 -467 -557 -206 -16 -63 0
410 -475 -362 -455 -565 -194 -150 -19 -53 -378 -114 -596 0
479 -475 -378 -39 -216 -306 -114 128 -16 -201 -365 -10 -366 -150 -329 -410 -19 -362 -455 0
-475 -283 -206 -10 -362 -378 -557 -16 -150 -114 -194 -39 -216 -306 128 -201 -365 -366 -329 -19 -455 0
475 -378 -114 -10 -150 -596 -180 -427 -306 0
305 -378 -216 -306 -114 128 -16 -365 -10 -366 -150 -19 -362 -455 -557 -206 -63 0
-378 128 -362 -455 -216 -306 -114 -19 -16 -365 -10 -366 -150 -63 -557 -206 0
481 -392 -341 -352 -74 -526 -523 -160 -288 -572 -206 -291 -139 -200 0
260 -288 -523 -572 -352 -206 -39 -267 -392 -100 -487 -250 0
-328 -283 -532 -55 -431 -539 -83 -33 -294 -329 -10 0
265 -532 -55 -453 -78 0
128 -150 -206 -10 -16 -594 -362 -455 -19 -114 -306 -291 -216 -365 -366 -63 -557 0
-150 -306 -10 -114 -362 -455 -19 -206 -557 -129 -16 -365 -366 -63 0
409 -378 -54 -306 -114 0
53 -378 -306 0
-378 -306 -54 0
478 -591 -482 -10 -159 -455 -19 -362 0
411 -130 -206 -251 -576 -497 -95 -362 -129 -398 -19 -455 -482 -10 -594 -475 -256 -216 -58 -499 -427 0
-233 -455 -362 0
127 -557 -596 -455 -10 -362 -322 -101 -355 -206 -106 0
285 -260 -218 -473 -185 -327 -291 -467 -141 -460 -199 -37 0
200 -260 -218 -185 -473 -327 -127 -291 -213 -141 0
363 -572 -327 -206 -343 -160 -360 -56 -199 -218 -473 -127 -291 -213 -141 -355 -581 -252 -101 0
-557 -16 -577 -106 -103 -455 -362 -206 -160 -360 -199 -218 -355 -252 -322 -566 -366 -19 -395 -10 -118 -329 -596 -383 0
-127 -347 -208 -531 -492 -596 -397 -322 -260 -10 -218 -330 -16 -556 -128 0
-16 -199 -316 -206 -355 -218 -208 -531 -596 -322 -10 -252 -575 -583 -577 -106 -103 -455 -362 -160 -360 -566 -366 -19 -395 -118 -329 -383 0
129 -214 -185 -596 -397 -260 -10 -218 -330 0
410 -395 -160 -360 -252 -566 -366 -19 -206 -362 -455 -10 -329 -596 -49 -316 -575 -583 -103 -269 -194 -475 -591 -114 -378 -53 -305 0
129 -16 365 -429 -213 11 -206 -114 0
-199 -292 -194 -150 -19 -179 -206 -366 -395 -362 -455 -114 -429 -10 0
-16 -579 -362 -46 -10 -378 -306 -206 -283 -464 -114 -475 -596 -557 -554 -204 -369 -572 -373 -77 -364 -429 479 -482 -63 -398 -19 -455 -593 -290 -215 0
217 -429 -10 -378 -306 -206 -114 -475 -596 -362 479 -19 -455 -501 -591 -179 -366 0
-557 127 -269 -355 -596 -455 -10 -362 -101 -206 -106 0
207 -291 -501 -475 -596 -357 -591 -378 -306 -10 -269 -323 -465 -141 -515 -343 -90 -254 -425 -101 -362 -455 -288 -106 -260 -571 -185 0
-291 -69 -206 -501 -475 -596 -357 -591 -378 -306 -10 -269 -323 -465 -141 -515 -343 -90 -254 -425 -101 -362 -455 -288 -106 -260 -571 -185 0
-16 -501 -206 -316 -475 -596 -591 -378 -306 -10 -269 -515 -362 -455 -260 -575 -583 -160 -566 -366 -19 -395 -128 -429 -114 0
479 -591 -206 -10 -114 -366 -475 -378 -306 -362 -455 -19 -305 0
477 -202 -542 -557 -47 -467 -600 -355 -268 0
-557 -199 -114 -362 -455 -19 -206 -306 -16 -366 -10 -378 -475 -596 -193 -47 -600 -268 -591 -108 -573 -329 -127 0
-199 -205 -10 -366 -19 -114 -378 -306 -596 -591 -475 -455 478 -362 -141 -291 -566 -127 -206 -16 -47 -329 0
-205 -141 -206 -566 -114 -362 -455 -329 -366 -591 -10 478 -19 -291 -409 -378 -306 -596 -475 -127 -16 -47 0
139 -47 -4 -496 -206 -108 -366 -591 -114 -10 -566 -398 0
-63 -199 -475 -366 -114 -596 -10 -591 478 -455 -19 -362 -378 -306 0
12 -127 -465 -594 -16 -258 -566 21 -596 -398 -329 0
364 -557 -4 -47 -485 -542 -467 477 -355 -268 21 -566 0
-127 -16 -485 -4 -206 -366 477 -268 21 -566 -108 -591 -483 -330 -10 -47 -596 -398 -329 0
-557 127 -566 -398 -199 -139 -206 -191 0
-357 477 -10 -596 -591 -268 -378 -306 -475 0
16 -367 -366 -555 -465 -206 -444 -599 -198 -47 -485 -566 -4 -126 -594 -117 0
-199 -591 -206 -366 -566 -10 -47 -596 -329 -378 -306 -475 -114 478 -455 -19 -362 0
476 -557 -362 -378 -306 -206 -268 -283 -4 -114 -475 -596 -16 -10 0
-557 -16 -542 -600 -47 -355 -268 -475 -362 -378 -306 -206 -283 -4 -114 -596 -444 -10 -215 -127 0
-16 -94 -169 -566 -288 -191 -572 -211 -127 -542 -600 -47 -355 -268 -475 -362 -378 -306 -206 -283 -4 -114 -596 -444 -10 -215 0
-591 -305 -378 -306 -475 -362 -206 -114 -366 -455 -19 -10 0
269 -572 -343 -206 -381 -367 -575 -252 -561 -117 -362 -316 -455 -127 -467 -480 -357 0
-127 -16 -10 -366 -383 -103 -455 -362 -206 -160 -360 591 -252 -566 -19 -329 -596 -150 410 -475 -53 -378 -114 -195 -270 -381 -575 -561 -316 0
-557 127 -206 -378 -306 -19 -411 -455 -362 -179 -366 -270 -357 -398 -453 -199 0
269 -101 -362 -455 -480 -357 0
127 -96 -206 -366 -19 -61 11 -362 -455 410 -475 -378 -114 -596 -270 -357 -583 -306 -411 -179 0
-305 -475 -362 -455 -366 -19 -206 -378 -114 -10 -306 0
567 -482 -451 -206 -366 -465 -114 -119 -329 -63 -270 -195 -19 -362 -455 -398 0
201 -596 -114 -19 -306 -475 -366 -378 -206 -10 -455 -362 0
-596 -475 -114 -362 -455 -19 -206 -306 -366 -10 -378 0
355 -16 -571 -206 -127 -325 -26 0
128 -186 -206 -259 -571 -217 0
-16 -571 -217 -206 -127 -292 -98 -490 -252 -511 -317 -26 -356 -325 0
269 -368 -527 -198 -444 -465 -216 -117 -217 -206 -127 -292 -252 -511 -317 -356 -333 -483 -362 -107 -455 -195 -480 -324 0
-475 -306 -362 -455 -206 -114 -10 -378 -19 -366 0
-596 -306 -362 -455 -19 -10 -378 -366 -114 475 0
-306 -378 -455 -19 -206 -366 -114 -10 -362 0
-129 -575 -347 -250 -366 -362 -378 -210 -206 -268 -159 -4 -10 -63 -114 -150 -475 -480 -566 -16 -215 -217 -100 -127 0
567 -108 -379 -200 -206 -467 -217 11 -119 -16 -347 -250 -366 -362 -378 -210 -159 -10 -114 -475 -566 -215 -127 -455 -19 -148 0
129 -62 -119 -114 -213 11 -206 -16 0
356 -16 -217 -362 -511 -215 -250 -206 -127 -119 -114 -366 -566 -379 -200 -378 -10 -475 -455 -19 -148 -589 0
128 -356 -206 -26 -318 -511 -250 -16 -217 -215 0
-16 -566 409 -114 -127 -206 -215 -362 -366 -10 -378 -475 -455 -19 0
364 -575 -185 -261 -250 -206 -194 -6 -362 -455 -19 -125 -566 0
202 -29 -560 -127 0
128 -558 -468 0
357 -326 -148 -566 -10 409 -114 -26 0
-557 -92 -391 -487 -137 -581 -269 -26 -148 -566 -10 409 -114 -206 -558 129 0
356 -6 -19 -362 -455 -206 -212 -366 -200 -261 -250 -194 -125 -566 -10 -148 -573 -120 -589 -184 0
-566 409 -10 -114 -19 -362 -455 -206 -366 -127 -215 -378 -475 0
-557 -16 -200 -206 -26 -229 -318 -330 -95 -10 -511 -464 -589 -250 -215 -217 -172 -127 0
-16 -125 -19 -480 -455 -398 -117 -10 -330 -127 -200 -206 -26 -229 -318 -95 -511 -464 -589 -250 -215 -217 -172 0
-475 -596 -455 -10 -127 -206 -366 -114 -362 -378 -19 0
590 -356 -480 -396 -206 -366 -191 -566 -50 -180 -463 -54 -378 -26 -318 128 -250 -16 -217 -193 -114 -596 -411 -10 0
205 -69 -291 0
58 -398 -516 -344 -396 -329 -482 -114 -119 -159 -362 -366 -455 -193 0
501 -439 -32 -346 -250 -286 -333 -102 -5 -267 -566 -174 -19 -362 -455 -366 -159 -596 -58 0
-356 -589 -566 -250 -10 -114 -5 -19 -362 -455 -596 128 -16 -217 -206 -291 -127 -366 -50 -378 0
252 -62 -411 -325 -114 -96 -482 -119 -329 -318 -566 -193 -19 -362 -455 -101 0
365 -398 -482 -114 -329 -159 -362 -366 -455 -193 -291 -206 -411 -185 128 -16 -217 -54 -250 -325 -96 -318 -566 -19 0
260 -200 -523 -392 -288 -206 -572 -267 -100 -250 -325 -26 -229 -279 -318 -210 -575 -511 -347 0
-589 -250 -206 -291 -362 -5 -455 -50 -114 -19 -437 -378 -10 -566 -366 128 -16 -217 -596 -127 0
589 -119 -10 -455 -19 -362 -366 -596 -566 -378 -114 -193 -54 -304 -256 -411 0
306 -409 -114 -53 0
-409 -427 -114 -53 -455 -19 -206 -366 -10 -362 0
129 -592 -581 -100 -250 -553 -193 -49 -126 -575 -200 -357 -61 -229 -117 -585 -211 -127 -217 11 -16 -206 0
-127 -378 -250 -362 -217 -455 -114 -19 -206 -10 -566 -366 -16 -589 -596 -100 -553 -193 -49 -126 -575 -200 -357 -61 -229 -211 11 0
173 -55 -453 -532 -367 -267 0
-101 -453 -206 -172 -229 -532 -367 -193 -61 -482 -575 -200 -585 -211 127 -357 -323 -268 -362 -455 -480 -100 0
-378 -496 -61 -4 -532 -566 -398 -139 -206 -250 -172 -229 -193 -211 -268 -362 -455 -100 -10 -114 -19 -366 -16 -553 -126 409 -150 0
251 -186 -357 -581 -261 -100 0
201 -127 -47 -4 -575 -250 -357 -100 -206 -496 -16 -10 -114 -362 -455 -19 -365 -150 -306 -366 -268 -211 -139 0
251 -127 -490 -544 -210 -379 -229 -320 -96 -323 -317 -268 -511 -362 -455 -480 -357 -100 0
-127 -365 -114 -362 -455 -19 -206 -10 -150 -16 -306 -366 -4 -575 -250 -490 -210 -379 -320 -96 -323 -268 -357 -100 -496 -193 -482 -47 -211 -139 0
252 -496 -61 -4 -482 -367 -532 -453 -200 -211 -556 -584 -206 -575 -100 0
-365 -16 -206 -362 -455 -250 -10 -114 -19 -366 -566 0
231 -585 -127 -169 -291 -288 -304 -572 -114 -53 -206 -218 -600 -260 -279 -489 -578 -142 0
-409 -295 -10 -330 -119 -557 -150 -218 -585 -53 -114 -304 -455 -19 -206 -366 -362 0
-193 -61 -362 -366 -59 -455 -590 -260 -16 -10 -330 -557 -53 -114 -19 -206 -490 -230 -127 -169 -489 -142 -575 -485 -269 -5 -195 0
-409 -430 -285 -279 -173 -98 -206 -269 -185 -475 -260 -512 -218 -53 -114 -455 -19 -366 -10 -362 0
-61 -489 -142 -206 -566 -366 -19 -362 -455 -10 -260 -590 -285 -173 -269 -185 -512 -53 -114 -126 -490 -59 -16 -557 -230 -127 -169 -575 -496 -62 0
201 -557 -108 -10 -114 -199 -142 -206 -566 -366 -19 -362 -455 -260 -173 -269 -185 -512 -53 -126 -490 -59 -16 -590 -230 -127 -169 -575 -496 -62 0
112 -53 -114 -455 -19 -206 -366 -10 -362 0
484 -483 -452 -108 -330 -105 -10 -119 -180 -148 -575 0
63 -291 -206 -490 -476 128 -19 -362 -455 -584 -575 -5 -452 -108 -105 -10 -119 -148 -496 0
270 -472 -501 -325 -230 -597 -142 -10 -489 -114 61 -108 -591 -476 -355 0
477 128 -30 -554 -444 -362 -455 -480 -101 -270 -193 0
-557 -429 -10 -366 -114 -566 -148 -575 -584 -30 -554 -362 -455 -101 -476 -501 -325 -230 -597 -142 -108 -591 -355 -62 -206 -490 -19 -5 -452 -105 -119 -496 -260 -219 -16 -127 0
63 -193 -480 -496 -452 -108 -105 -10 -119 -180 -148 -575 -5 0
270 -573 -203 -108 -560 -591 -476 -355 0
268 -193 -480 -476 0
-193 -409 -10 -114 -501 -591 -543 -560 -476 -593 -5 -480 -270 -496 -452 -108 -105 -119 -180 -148 -575 0
-409 -496 -5 -452 -108 -105 -10 -575 -62 -114 -355 -16 -127 -366 -566 -554 -362 -455 -101 -230 -142 -206 -490 -19 -260 -53 -512 0
306 -475 -10 -455 -206 -366 -114 -362 -127 -19 -53 0
-475 -193 -455 -101 -362 -318 -304 -10 -206 -366 -114 -127 -19 -53 0
269 -592 -566 -10 -19 -362 -455 -5 409 -114 -554 -101 0
479 -357 -206 251 -100 -217 -16 -127 -114 -10 -62 -119 11 -19 -362 -455 -193 0
-193 -100 -250 -362 -455 -114 -19 -10 -566 -366 -16 -127 -206 0
-100 -127 -19 -362 -455 -206 -366 -114 -10 -250 -566 -16 0
-475 -53 -455 -19 -206 -366 -114 -10 -362 -477 -127 0
129 -368 -77 -267 -463 21 -436 -397 482 -10 -592 -213 -127 -16 -206 0
590 -320 -59 -300 -157 -94 0
595 -301 -92 -33 -117 -99 -432 -492 -87 -145 -131 0
25 -388 -543 -600 -48 -131 -463 -145 -157 -216 -59 -501 -597 -92 -33 -117 -99 -432 -492 -87 -529 -472 -326 0
27 -432 -492 -347 -99 -250 -117 -513 -30 -317 0
12 -575 -157 -59 -501 -597 -33 -99 -492 -26 -347 -250 -513 -317 -23 -185 -173 -206 -592 -219 -16 -584 -127 -106 -341 -534 -463 21 -397 -10 -213 -481 -114 -366 565 -429 -119 0
11 -185 -463 -157 -600 -171 -206 -592 -180 -543 -16 -501 -591 -10 -127 -597 -114 61 -366 565 -429 -324 -62 -213 0
-409 -591 -492 -16 -127 -106 -250 -463 -397 -10 -592 -213 -157 -59 -33 -99 -173 -114 -366 565 -600 -171 -206 61 -324 -62 -357 -333 -304 -455 -19 -362 0
-591 -463 -206 -250 -16 -127 -397 -10 -592 -213 -357 -59 -157 -114 -492 -106 -33 -99 -173 -366 565 -600 -171 61 -324 -62 -333 -304 -455 -19 -362 0
195 363 -250 -362 -455 -357 -206 -16 -127 -114 -10 -62 -59 -173 -366 565 -19 0
129 -119 -37 -269 -591 -199 -455 -19 -206 -366 -114 -10 -362 -475 -127 -357 -397 -452 -144 -16 -62 -213 0
595 -409 -475 -304 0
12 -119 -591 -357 -269 -455 -19 -206 -366 -114 -10 -362 -127 -148 -475 0
-119 -37 -250 -114 -455 -10 -206 -366 -362 -127 -19 -591 -566 -16 -199 0
119 -591 -492 -357 -127 -250 -16 -114 -10 -366 565 -397 -206 -455 -19 -362 -173 0
-591 -127 -114 -455 -10 -206 -366 -362 -250 -19 -566 -16 0
268 -467 -572 -37 -352 -291 -171 -144 -524 -326 -323 0
-127 -16 -455 -10 -206 -366 -114 -362 -19 -250 -566 0
-53 -475 -409 -596 -455 -19 -206 -366 -114 -10 -362 0
-475 -269 -596 -323 -230 -195 -455 -217 -532 -362 -409 -398 -347 -101 -428 -566 -250 -114 -10 -19 -206 -366 0
-357 -106 -16 -206 -455 -596 -323 -532 -362 -409 -398 -566 -250 -114 -10 -19 -366 -355 0
-119 -591 -455 -362 -250 -206 -16 -566 -114 -19 -366 -10 0
-596 -500 -257 0
-288 572 -362 -106 -455 -375 -452 -600 -533 -279 -199 -55 -367 -135 -84 -301 -31 -527 0
Solved
