144 -34 -124 -25 -66 -83 0
143 -95 -181 -83 -137 -88 0
207 -10 -190 0
83 -10 -166 -190 -148 -97 -142 0
134 -10 -190 -166 -181 -142 0
192 -134 -142 -40 -207 -166 -10 0
217 -181 -142 -166 -190 0
-10 -11 -142 -134 -166 -190 -181 0
125 -49 -214 -188 -62 -178 -118 -42 -108 0
2 -213 -188 -214 -178 -118 0
-213 -65 -95 -188 -181 -214 -136 -118 -1 -178 0
144 -36 -214 -118 -42 -124 -181 -1 -21 -134 0
126 -178 -214 -1 -118 -21 -42 -134 -107 0
191 -124 -181 -134 -214 -1 -118 -142 -205 -166 -148 0
135 -107 -112 -181 -212 -217 -142 -20 0
183 -49 -41 -96 -212 -107 -1 -63 -136 -5 0
182 -66 -214 -96 -118 -212 -1 -189 -136 0
143 -189 -212 -1 -41 -136 -107 -5 -181 -214 -118 -99 -82 0
125 -41 -1 -214 -181 -118 -200 -89 -142 -5 -20 -134 -112 -217 0
10 -134 -1 -181 -214 -142 -118 -112 -166 -148 -190 0
-134 -190 -166 -148 -142 -181 -1 -214 -118 -112 0
220 -148 -112 -142 -166 -1 -118 0
183 144 -214 -118 -1 -148 -134 -181 -36 -166 -220 0
144 -134 -214 -118 -1 -220 -148 -181 -166 -169 0
182 -136 -118 -1 -214 -83 -134 -220 0
-136 -169 -118 -214 -1 -83 -220 -134 -181 0
-134 -181 -214 -118 -1 -142 -148 -166 -112 0
-181 -214 -142 -118 -1 -148 -166 -112 0
135 -37 -118 -112 -1 -142 -136 0
181 -112 -118 -1 -142 0
143 -41 -202 -10 -124 -78 -112 -14 -169 -94 -90 -82 0
68 -62 -202 -165 0
138 -134 -142 -112 -166 -220 -118 -202 -1 0
96 -42 -10 -202 -124 -15 -77 -89 -169 -142 -112 -82 0
126 -210 -202 -89 -68 -205 -107 -10 0
-134 -136 -142 -112 -166 -220 -118 -1 -202 0
-136 -142 -112 -166 -220 -118 -1 -202 0
3 -147 -118 -71 0
Solved
