488 -400 -382 0
508 -487 0
482 -60 -22 -217 -94 -193 -413 -248 -355 -191 -342 -222 -163 -447 -321 -298 -161 -122 -232 0
314 -94 -22 0
437 -466 -342 -469 -191 -181 -355 -52 0
95 -314 -161 -122 -148 -368 -214 -232 -481 -342 -469 -191 -355 -52 -193 -217 -170 -248 -181 -22 0
-94 -148 -415 -32 -469 -298 -355 -161 -122 -256 -368 -232 -481 -193 -342 -191 -181 -52 -217 -170 -248 -413 -214 -22 0
438 -273 -363 -161 -298 -267 -368 -308 -32 -295 -60 -373 -355 0
315 -155 -214 -134 -368 -355 -342 -469 -191 -181 -52 -363 -161 -298 -308 -32 -295 -60 -373 -170 -248 -22 0
493 -295 -342 -469 -355 -198 -52 -368 -181 -214 -432 -22 -191 -161 -298 -32 -373 -170 -248 -79 -388 -413 -415 -122 -256 -232 -481 -193 -217 0
436 -468 -161 -32 -122 -59 -256 -232 -415 -481 -469 -193 -298 -217 -170 -248 0
416 -67 -193 -159 -13 -217 -90 -481 -312 -232 -211 -109 -163 -493 -12 -344 -256 0
58 -176 -350 -493 -12 -138 -468 -469 -415 -193 -159 -13 -217 -90 -481 -232 -211 -344 -256 -394 -513 -298 -161 -273 -139 -413 -32 0
99 -59 -413 -22 -350 -493 -12 -469 -415 -193 -13 -217 -481 -232 -211 -344 -256 -394 -513 -298 -161 -32 -170 -181 -373 -248 -52 -437 -122 -368 0
356 -248 -193 -217 -481 -373 -295 -413 -368 -415 -32 -469 -298 -355 -161 -122 -256 -232 -342 -191 -181 -52 -170 -214 -22 -350 -493 -12 -13 -211 -344 -394 -513 0
496 -181 -432 -355 -342 -469 -191 -214 -52 -161 -298 -373 -170 -79 -388 -12 -344 -256 -193 -217 -481 -413 -122 -232 -350 -13 -211 -394 -513 -198 -132 0
368 -99 -22 -161 -122 -232 -481 -198 -193 -342 -217 -485 -191 -248 -32 -469 -181 -355 -52 -132 -496 0
-466 -302 -214 -28 -391 -312 -82 -353 -323 -453 -222 -191 -124 -342 -13 -198 -297 -368 -373 -181 -99 -436 -468 -469 -355 -52 0
247 -368 -214 -355 -342 -469 -191 -181 -52 -161 -298 -32 -60 -373 -170 -248 -22 -79 -388 -99 -28 -391 -353 -222 -13 -198 -413 -496 -132 0
-99 -22 -342 -191 -355 -60 -481 -193 -181 -52 -217 -170 -248 -214 -161 -298 -32 -373 -469 -79 -388 -28 -391 -353 -222 -13 -198 -413 -496 -132 -122 -232 -485 0
-22 -248 -373 -496 -132 -413 -60 -355 -342 -191 -481 -193 -181 -52 -217 -170 -214 -161 -298 -32 -469 -79 -388 -28 -391 -353 -222 -13 -198 -122 -232 -485 0
369 -436 -161 -298 -342 -513 -198 -394 -379 -170 -181 -485 -373 -248 -52 -32 -122 -99 -60 -355 0
314 -164 -122 -232 -211 -184 -472 -457 -280 -37 -391 -28 -301 -214 -413 -432 -376 -94 0
87 -145 -453 -17 -36 -353 -124 0
88 -495 -112 -164 -155 -110 0
218 -268 -193 0
-268 -217 -193 0
249 -436 -469 -191 -181 -355 -52 -342 -170 0
-60 369 -298 -342 -513 -198 -394 -436 -170 -181 -485 -373 -248 -52 -32 -122 -99 -161 -355 -191 -481 -193 -217 -214 -469 -79 -388 -28 -391 -353 -222 -13 -413 -496 -132 -232 0
-466 -436 -43 -32 -298 -342 -513 -198 -394 -161 -170 -181 -485 -373 -248 -52 -122 -99 -355 -191 -481 -193 -217 -214 -469 -79 -388 -28 -391 -353 -222 -13 -413 -496 -132 -232 0
-436 -248 -198 -342 -191 -355 -99 -43 -32 -298 -513 -394 -161 -170 -181 -485 -373 -353 -52 -122 -481 -193 -217 -214 -469 -79 -388 -28 -391 -222 -13 -413 -496 -132 -232 0
-248 -32 -513 -342 -191 -355 -99 -481 -193 -181 -52 -217 -170 -214 -161 -298 -394 -373 -469 -79 -388 -28 -391 -353 -222 -13 -198 -413 -496 -132 -122 -232 -485 -43 0
438 -153 -83 -224 -321 -125 -298 -13 -161 -198 -122 -232 -481 -68 -367 -60 -181 -373 -355 -52 0
-32 -99 -191 -355 -481 -298 -13 -161 -198 -122 -232 -181 -373 -52 -485 -193 -217 -132 -513 -342 -170 -214 -394 -469 -79 -388 -28 -391 -353 -222 -413 -496 -43 0
-436 -140 -28 -496 -353 -85 -442 -161 -202 -79 -388 -222 -191 -342 -13 -198 -425 -469 -391 -367 -99 -181 -373 -355 -52 -217 -247 -170 0
249 -140 -469 -432 -342 -425 -181 -367 -99 -161 -413 -355 -122 -59 -232 -481 -439 -193 -217 -170 0
340 -310 -134 -353 -85 -83 -13 -407 -198 -191 0
192 -324 -57 -134 -495 -310 -112 -37 0
296 -22 -314 -324 -94 -350 -432 -176 -496 -373 0
154 -310 -134 -90 0
-99 -181 -469 -198 -342 -353 -13 -191 -425 -413 -355 -481 -193 -217 -432 -161 -122 -232 -170 -28 -496 -202 -79 -388 -222 -391 -373 -52 -132 -298 -485 -513 -214 -394 -43 0
499 -481 -122 -232 -485 -342 -193 -198 -373 -132 -355 -469 -353 -13 -191 -425 -413 -432 -161 -170 -28 -202 -79 -222 -391 -52 -298 -513 -214 -394 -43 -12 -344 -350 -211 0
437 -181 -499 -373 -52 0
438 -181 -499 -373 -52 0
249 -217 -161 -469 -122 -232 -181 -481 -499 -439 -342 -170 0
368 -223 -485 -264 -31 -314 -58 -378 -355 0
341 -324 -112 -90 -425 -149 -413 -31 -99 -58 -16 -355 -367 -485 -264 -314 -378 -125 -198 -85 0
-217 -99 -353 -13 -198 -191 -413 -425 -355 -342 -485 -181 -166 -481 -499 -193 -469 -432 -161 -122 -232 -170 -28 -202 -79 -222 -391 -373 -52 -132 -298 -513 -214 -394 -43 0
357 -368 -247 -469 -132 -99 -342 -170 -191 0
248 -85 -268 -79 -432 -57 -83 -224 -126 0
340 -141 -439 -425 -481 -136 -67 -193 -79 -268 -170 -247 -432 -262 -25 -151 -13 -198 0
-368 -60 -247 -268 -79 -432 -262 -151 -161 -202 -373 -499 -353 -181 -16 -469 -222 -198 -342 -439 -481 -193 -170 -13 -413 -99 -425 -355 -132 -191 0
87 -55 -79 -324 -268 -134 0
-55 -134 -324 -126 -86 -79 -268 -13 0
55 -84 -360 -79 -25 -268 -151 -86 -389 0
249 -90 -432 -324 -156 -86 -79 -268 -13 -360 -25 -151 -389 0
85 -134 -214 -377 -156 -268 -112 -79 -389 -439 -360 -407 -25 -83 -151 -13 -324 -314 -86 0
-134 -25 -151 -262 -360 -79 -268 -86 -389 -432 248 -324 -214 -377 -156 -112 -439 -407 -13 0
368 -151 -122 -202 -79 -161 -262 -268 -432 -214 -439 -13 -247 -373 -166 -499 -181 -16 -469 -222 -198 -342 -191 -355 -99 0
249 -324 -25 -268 -151 -86 -373 -499 -166 -79 -134 -13 0
-55 -324 -16 -198 -353 -13 -86 -79 -134 -268 -42 0
-324 -86 -25 -268 -79 -432 -151 -262 -16 -198 -353 -13 -134 -42 -247 -373 -499 -166 0
85 -42 -16 -198 -353 -342 0
-86 -134 -25 -268 -79 -432 -151 -262 -16 -198 -353 -13 -85 -42 -247 -373 -499 -166 0
86 -262 -25 -151 -13 -198 -342 0
-99 -181 -79 -198 -353 -13 -373 -499 -166 -342 -413 -355 -161 -202 -432 -469 -222 -481 -193 -170 -425 -132 -191 -122 -214 -485 -232 -28 -391 -52 -298 -513 -394 -43 0
-134 -315 -24 -432 -324 -79 87 -268 0
-181 -342 -79 -432 -198 -353 -373 -166 -499 -170 -161 -469 -122 -232 -481 -132 -355 -13 -413 -202 -222 -193 -425 -191 -214 -485 -28 -391 -52 -298 -513 -394 -43 0
-25 -85 -79 -432 -268 -262 -247 -151 -86 -134 -373 -499 -166 -324 -13 0
341 -42 -367 -466 -97 -469 -198 0
356 -367 -97 0
357 -97 -469 -132 -342 -170 -191 -247 0
-85 -151 -157 -198 -88 -247 -132 -355 -469 -342 -170 -191 -79 -432 -268 -262 -86 -134 -373 -499 -166 -324 -13 -353 0
-268 -324 -79 -86 -432 -134 -214 -13 -191 -469 -132 -342 -170 -355 -198 -353 -88 -373 -157 -499 -166 -193 0
152 -247 -485 -481 -418 -413 -373 -132 -126 -312 -499 -355 -193 -88 -217 -157 0
-247 -9 -425 -324 -413 -16 -355 -485 -198 -85 -391 -222 -232 -442 -342 -481 -418 -373 -499 -193 -217 -132 -126 -83 -153 -312 -88 -157 0
369 -35 -389 -198 -499 -373 -16 -436 -355 -98 0
56 -217 -161 -485 -298 -499 -373 -16 -355 -198 -469 -466 -170 -132 -126 -425 -324 -413 -85 -391 -222 -232 -442 -342 -481 -418 -193 -88 -157 -202 -79 -134 -13 0
248 -493 -264 -425 -324 -413 -16 -355 -485 -198 -85 -466 -469 -232 -68 -442 -342 -481 -418 -441 -438 -132 -126 -82 0
-324 -86 -466 -170 -132 -425 -413 -485 -198 -469 -232 -342 -481 -193 -373 -499 -166 -161 -298 -391 -222 -88 -157 -202 -79 -134 -13 -353 -355 -432 -214 -191 0
-86 -134 -157 -373 -198 -13 -499 -353 -342 -193 -166 -88 -466 -170 -132 -425 -413 -485 -469 -232 -481 -161 -298 -391 -222 -202 -79 -355 -432 -214 -191 0
249 -219 -406 -153 -437 -82 0
86 -342 -198 -13 -132 -499 -166 -355 -191 0
-97 -367 -355 -469 -132 -342 -170 -191 -247 0
264 -218 -153 -25 0
248 -247 -232 -122 -161 -193 -425 -324 -413 -16 -355 -485 -198 -85 -391 -222 -342 -373 -499 -132 -126 -481 -153 -83 -88 -157 -469 -170 -191 -22 -313 0
-247 -16 -198 -342 -191 -132 -37 -390 -425 -494 -137 -448 -355 -469 -170 -274 -481 -232 -122 -5 -155 -270 -88 -157 -413 -22 -153 -313 -83 -161 -193 -324 -485 -85 -391 -222 -373 -499 -126 0
369 -37 -5 -35 -122 -191 -161 -342 -198 -273 -408 -16 -425 -217 -436 -137 -499 -355 -98 -373 0
-324 -313 -425 -137 -5 -122 -191 -161 -342 -198 -499 -355 -373 -466 -193 -170 -132 -390 -448 -469 -481 -232 -155 -270 -88 -157 -413 -485 -391 -222 -13 -353 -86 -323 0
502 -13 -161 -373 -198 -122 -353 -193 -166 -425 -191 -355 -170 -232 -413 -485 -391 -202 -432 -79 -298 -214 -28 -52 -394 -43 -344 -350 -211 -410 0
249 -57 -13 -324 -166 -499 -217 0
-97 -367 -355 0
368 -403 -283 -391 -16 -282 -222 -198 -342 -191 -355 -485 -314 -264 -31 -223 -378 0
340 -177 -161 -298 -136 -202 -79 -324 -389 -57 -294 -83 -37 -407 -222 -191 0
-132 -16 -391 -198 -342 -161 -298 -202 -79 -324 -191 -355 -485 -472 -373 -502 -499 -193 -410 -217 -247 -13 -166 -353 0
495 -404 -391 -108 -9 -461 -92 -149 0
471 -155 -413 -324 -112 -57 -391 -108 -9 -461 -92 -149 -285 -274 -472 -182 -502 -467 0
135 -399 -282 -391 -511 -28 -394 -303 -381 -155 -137 0
134 -155 -122 -303 -161 -22 -9 -314 -202 -432 -79 0
-97 -9 -161 -391 -108 -461 -92 -149 -314 -57 -324 -122 -202 -432 -79 -282 -511 -28 -394 -170 -470 -413 -274 -472 -182 -502 -191 -355 -76 -34 -145 -214 -498 -16 -378 -297 0
-16 -217 -502 -472 -324 -161 -391 -122 -202 -432 -79 -28 -394 -170 -413 -191 -355 -214 -353 -373 -198 -499 -193 -342 -344 -410 -247 -298 -485 -13 -166 0
86 -499 -342 -198 -13 -410 -166 -355 -191 0
57 -126 -86 -13 0
249 -55 -324 -13 -499 -217 -86 0
440 -373 -499 -436 -217 0
-373 -439 -436 -217 -499 0
90 -182 -158 0
-134 -412 -156 -90 -59 -494 -391 -150 -442 -434 -419 -195 -133 -324 -55 -86 -79 -126 -13 0
315 -402 -485 -382 -51 -508 -169 -161 -271 -156 -90 -59 -494 -391 -150 -442 -434 -419 -195 -133 -324 -55 -86 -79 -126 -13 -22 0
500 -494 -391 -442 -133 -324 -55 -86 -79 -126 -13 -22 -313 -382 -51 -169 -161 -271 -46 -153 -76 -97 -354 -145 -355 -16 -436 -439 -262 -217 -166 0
56 -436 -97 -355 -217 -499 -391 -324 -55 -86 -79 -13 -313 -382 -169 -161 -76 -145 -16 -407 -124 -82 0
501 -36 -191 -97 -76 -382 -355 -79 -268 -217 -167 0
-55 -407 -161 -16 -198 -342 -191 -355 -97 -217 -499 -76 -382 -79 -324 -86 -13 -391 -145 -248 0
439 -420 -270 -407 0
438 -169 -382 -134 -79 -270 -441 -407 -313 -23 -497 -97 -354 -355 -16 0
219 -23 -497 -76 -97 -145 -270 -407 -355 -16 -382 -134 -79 -354 -126 -248 0
510 -400 -382 0
509 -400 -382 0
341 -13 -355 -191 -499 -217 -497 -97 -79 -248 -324 -161 -198 -342 -16 -391 0
84 -183 -415 -468 -469 -281 -157 -398 -311 -413 -22 -313 -376 -418 -442 -273 -406 -332 0
-219 -22 -376 -324 -57 -415 -468 -469 -281 -406 -63 -521 -510 -39 -353 -451 -85 -34 -437 -126 -248 -153 -27 -499 -217 0
56 -155 -22 -313 -265 -182 -153 -383 -161 -27 -401 -273 -264 -167 -406 -224 -324 -82 0
-13 -217 -324 -161 -499 -248 -391 -497 -16 -97 -355 -410 -198 -191 -342 -79 0
-219 -313 -133 -138 -406 -468 -22 -437 -170 -4 -248 -224 -83 -499 -376 -324 -415 -469 -281 -63 -521 -510 -39 -353 -451 -85 -34 -126 -57 -27 -217 0
-313 56 -22 -309 -383 -161 -27 -401 -406 -224 -324 -114 -390 -170 -499 -248 -138 -468 -437 -4 -376 -415 -469 -281 -63 -521 -510 -39 -353 -451 -85 -34 -126 -57 -217 0
-126 -281 -22 -376 -415 -406 -27 -469 -499 -468 -437 -324 -63 -521 -510 -39 -353 -451 -85 -34 -248 -217 -309 -383 -161 -114 -138 -55 -124 0
-217 -79 -499 -324 -248 -161 -97 -497 -355 -410 -191 -16 -342 -198 -391 0
270 -86 -268 -126 -79 -324 -13 0
-55 87 -221 -204 -257 -32 -361 -139 -177 -161 -402 -382 -315 -376 -419 -443 -407 -84 -13 -324 -57 -79 -268 -410 0
55 -204 -32 -161 -407 -443 -93 -355 -97 -76 -262 -34 -112 -452 -126 -155 -497 -13 -135 -22 -151 -324 -84 0
500 -373 -32 -161 -315 -84 -79 -268 -410 -126 -355 -97 -262 -497 -22 -151 -193 -342 -198 -16 -324 0
-13 -134 -198 -132 -342 -499 -355 -191 -268 -126 -79 -55 -324 0
-134 -55 -198 -126 -132 -499 -355 -191 -268 -79 -342 -324 0
408 -223 -97 -126 -262 -22 -32 -137 -171 -139 -331 -176 -451 -155 -161 -146 -508 -487 -198 -382 -100 -431 -315 -376 -419 -443 0
-55 -176 -315 -171 -97 -355 -198 -191 -342 -126 -262 -22 -451 -161 -146 -84 -168 -268 -324 -79 -132 -499 0
-373 -22 -151 -324 -84 -315 -171 -97 -355 -191 -342 -126 -262 -198 -161 -268 -79 -132 -499 -16 -193 0
-22 -126 -161 -355 -97 -262 -151 -324 -84 -193 -79 -268 -342 -198 -191 -439 -16 -438 -315 -171 -132 -499 0
-79 -161 -198 -324 -16 -132 -499 -355 -191 -342 -97 -391 0
197 -373 -388 -499 -112 -295 -191 -16 -342 -40 0
408 -122 -161 -400 -198 -388 -499 -112 -295 -191 -16 -342 -40 -432 -315 -376 -419 -438 -443 -439 0
154 -438 -355 -388 -499 -295 -191 -16 -342 -40 -198 -406 -161 -400 -432 -315 -376 -419 -443 -439 -6 0
196 -146 -16 -400 -354 0
82 -315 -499 -97 -355 -354 -191 -16 -342 -198 -400 -6 -156 -161 -432 -388 -419 -443 -324 -55 -13 -86 -248 0
-315 -432 -354 -400 -419 -16 -218 -248 -83 -499 -97 -355 -191 -342 -198 -6 -156 -161 -388 -443 -324 -55 -13 -86 0
197 -76 -191 -97 -342 -355 0
247 -354 -342 -400 -16 -198 -191 -97 -355 -388 -499 -218 -126 -83 0
196 -223 -126 -388 -262 -499 -97 -49 -438 -355 -439 -191 -161 -406 -16 -400 -342 -354 0
-13 -86 -400 -388 -499 -191 -16 -342 -355 -410 -198 -126 -97 -161 -324 -55 -391 -248 -268 0
-86 -55 -400 -355 -391 -388 -410 -191 -16 -342 -97 -198 -126 -499 -161 -324 -248 -268 0
86 -126 -132 -342 -499 -355 -191 -324 -198 0
197 -82 -248 -432 -23 -400 -497 -354 -295 -191 -16 -342 -40 -13 0
-126 -161 -16 -198 -191 -342 -324 -355 -391 -97 -499 -132 0
196 -217 -268 -313 -497 -16 -225 -436 -97 -133 -82 -355 -324 -191 -161 -87 -400 -342 -15 0
-161 -132 -342 -191 -97 -355 -198 -16 -324 -391 -499 0
197 -86 -191 -509 -16 -342 -40 0
56 -315 -376 -310 -382 -90 -400 -268 -439 -159 -167 -86 -407 -151 -324 -84 -13 0
18 -35 -6 -126 -13 -324 -376 -382 -400 -86 -407 -468 -499 -169 -248 -39 -437 -352 -295 -145 0
85 -57 -324 0
-400 -126 -324 -86 -407 -499 -248 -97 -355 -122 -191 -16 -509 196 0
84 -55 -112 -309 -22 -156 -79 -391 -324 -299 -86 -126 -13 -199 -499 -76 -97 -355 -32 -272 -437 -171 -486 -407 -248 -49 0
-55 -35 -76 -97 -355 -112 -62 -351 -431 -486 -22 -156 -79 -375 -198 -126 -132 -499 -191 -342 -324 -272 -437 -13 -407 -332 -309 -391 -299 -199 -171 -49 0
17 -126 -97 -355 -16 -499 -324 -198 -132 -191 -342 -391 0
436 -507 -76 -410 -97 -221 -8 -345 -299 -351 -100 -431 -376 -171 -272 -79 -407 -270 -499 -83 -324 -55 -13 -86 -374 -248 0
84 -26 -153 -440 -486 -407 -248 -49 0
-55 -13 -499 -324 -86 -407 -248 -486 -49 -97 -355 -438 -76 -410 -221 -8 -345 -299 -351 -431 -171 -272 -79 -374 -57 0
-126 -132 -355 -499 -16 -324 -198 -97 -191 -342 -391 0
440 -420 -268 -444 -217 0
438 -444 -499 -495 -217 -407 -441 -268 -313 -36 -191 -23 -76 -509 -497 -97 -352 -355 -16 0
408 -134 -313 -407 -268 -217 -499 -191 -97 -36 -355 -382 -76 -167 -509 -436 -495 -23 -497 -352 -16 0
219 -439 -97 -436 -355 -262 -152 0
14 -509 -191 -355 -436 -97 -36 -217 -499 -313 -497 -16 -225 -82 -324 -87 -342 -198 0
-132 -97 -191 -324 -342 -16 -198 -355 -499 -391 0
-87 -36 -355 -436 -97 -191 -217 -499 -313 -497 -16 -82 -324 -342 -198 -13 -86 -42 0
437 -13 -152 -390 -124 -355 -436 -97 -191 -217 -499 -313 -16 -82 -324 -342 -198 -86 -375 0
-126 -521 -411 -342 -191 -86 -16 -40 -198 -313 -391 -146 -376 -194 -27 -168 -353 439 -407 -269 -152 -324 -13 -56 -124 0
-13 -436 -355 -191 -97 -217 -499 -313 -16 -82 -324 -342 -198 -168 -86 -391 -194 -407 -269 -152 -124 -440 -390 -375 0
218 -407 -342 -198 -355 -191 -97 -217 -499 -16 -324 -391 -86 0
56 -414 -96 -112 -24 -493 -324 0
440 -502 -324 -57 -313 -195 -217 -61 -191 -509 -97 -354 -16 196 -355 -436 0
439 -57 -16 -355 -97 -498 -264 -324 -153 -436 -313 -82 -407 -270 0
322 -126 -313 -407 -16 -198 -342 -191 -355 -97 -217 -499 -324 -86 -13 -391 -436 -82 0
-509 -57 -324 -313 -195 -217 440 -191 -97 -16 -355 -436 -411 -342 -198 -86 0
408 -439 -313 -97 219 -355 -436 -217 -82 0
314 -79 -270 -134 -419 -432 -376 0
83 -225 -97 219 -355 -436 -439 0
133 -267 -51 -330 -122 -361 -175 -156 -138 0
273 -493 -405 -391 -92 -108 -9 -461 -149 -59 -33 -161 -139 0
-126 -82 -391 -97 -355 -436 -313 -16 -198 -342 -407 -217 -324 -191 -86 -499 -13 0
-82 -313 -436 -355 -97 -16 -407 -324 -86 -13 -391 -198 -342 -217 -191 -499 0
-313 -436 -355 -97 -16 -407 -324 -86 -13 -391 -198 -342 -217 -191 -499 0
63 -474 -502 -482 -195 -59 -521 -413 0
331 -493 -59 -482 -122 -161 -9 -288 -239 -330 -101 -150 -361 -350 -442 -381 -175 -419 -195 -138 -270 -425 -79 -139 -134 -271 -156 -305 -303 0
323 -112 -182 -73 -156 -333 -59 -482 -9 -239 -330 -150 -361 -442 -175 -419 -195 -138 -270 -79 -139 -271 -305 -508 -487 -382 -61 -502 -521 -274 -94 -57 -22 0
383 -482 -59 -51 -33 -195 -484 -521 -487 -61 0
84 -59 -391 -150 -195 -324 -13 -86 -430 -33 -521 -182 -73 -330 -175 -138 -270 -139 -94 -22 -389 -146 -78 -358 -16 -411 -198 -27 -353 -441 -342 -264 -407 -223 0
-509 -150 -444 -195 -217 -338 -521 -100 -411 -430 -342 -198 -508 -191 -86 -16 -40 0
-436 -13 -342 -198 -191 -86 -16 -324 -217 -407 -391 -97 -355 -499 0
510 -60 -33 -484 -412 -61 -382 0
141 -494 -391 -108 -92 -9 -461 -149 -37 -128 -122 -314 -22 -161 -155 134 -432 -79 -75 -271 0
315 -9 -391 -33 -314 -22 -155 -170 -470 -285 -324 -182 -502 -419 -195 -217 -61 -382 -191 -355 -97 -264 -76 -36 -125 -86 0
160 -507 -204 -300 -9 0
322 -204 -9 -162 -361 -177 -351 -13 -102 -57 0
323 -112 -10 -155 -351 -135 -102 -57 0
-57 -509 -9 -177 -13 -324 -10 -155 -430 -382 -389 -191 -355 -97 -76 -36 -125 -86 0
57 -83 -153 -13 0
248 -452 -497 -35 -130 -126 0
249 -217 -153 -83 0
508 -16 -249 -97 -126 -355 -354 196 -191 0
390 219 -436 -355 -439 -97 -225 -27 -126 -359 -35 0
356 -388 -126 -249 -351 -410 -62 -217 -442 -494 -112 -225 -436 -355 -439 -97 -373 -76 0
-436 -439 -225 -217 -126 -153 -249 -97 -355 -351 -410 -62 -442 -494 -112 -76 -342 -13 -191 -86 -198 -324 -16 -407 -391 0
-268 -164 -494 -233 -211 -149 -482 -310 -442 -68 -324 -55 -126 -79 -13 -86 -270 -217 0
357 -404 -494 -9 -419 -195 -233 -482 -442 -324 -55 -126 -13 -86 -270 -217 -97 -33 -484 510 -61 -382 0
-16 -51 -355 -494 -324 -55 -126 -13 -86 -270 -217 -97 -382 -225 -249 -153 -342 -191 -198 -509 -354 -408 0
124 -239 -474 -67 -482 -324 -55 -126 -268 -13 -86 -234 -138 -139 -38 -271 -191 -509 -382 -63 -410 -130 -249 -35 0
117 -165 -210 -30 -494 -289 0
62 -117 -38 -191 -139 -509 -424 -382 0
508 -165 -404 -239 -288 -311 -234 -38 -299 -191 -161 0
-79 -485 -51 -382 -509 -239 -234 -38 -191 -275 -507 -474 -221 -410 -63 -139 -210 -494 -289 -391 -106 -460 -433 -138 -80 -324 -55 -126 -268 -13 -86 0
61 508 -239 -234 -38 -191 -400 -304 -391 -106 -271 -460 -139 -433 -133 -494 -59 -33 -221 -130 -410 0
-268 -391 -138 -38 -191 -139 -509 -382 -494 -133 -59 -130 -51 -275 -507 -324 -55 -126 -13 -86 -200 -225 -249 -78 -198 -342 -408 -441 -442 -217 -521 -270 0
-61 -264 -339 -51 -59 -521 383 -482 -195 -487 -351 -12 -413 -410 0
510 -193 -126 -249 -59 -130 -51 -521 -494 -150 -442 -225 -418 -217 -441 -78 -408 -198 -342 -382 -191 0
384 -61 -310 -133 -79 -400 -22 0
-61 -79 -270 -22 -376 -310 -441 -133 -408 -342 -400 -198 -382 0
401 -418 -160 -441 -409 -408 -342 -198 -145 -139 -115 -210 -494 -114 -200 -412 -310 -461 -133 -391 -79 0
-391 -442 -436 -355 -97 -225 -27 -126 -342 -78 -375 -198 -382 -166 -441 -145 -494 -200 -133 -217 -521 -270 -22 -38 -191 -509 -249 -59 -51 -150 -408 -138 -275 -507 -324 -55 -13 -86 0
32 -258 -494 -261 -114 -163 -156 -436 440 -217 -234 -6 -121 -280 -349 -160 -138 -221 -12 -271 -38 -191 -139 -509 62 -382 -130 0
-94 -313 -22 0
-61 -163 -261 -494 -436 -217 -280 -138 -38 -191 -139 -509 -382 -130 -133 -59 -22 -200 -225 -126 -324 -55 -13 -86 -249 -78 -198 -342 -408 -441 -442 -521 -270 -376 -400 0
-134 -32 -484 -59 -262 -412 -217 -310 -195 -133 -324 -55 -126 -79 -13 -86 0
131 -79 -234 -38 -191 -408 -342 -78 -139 -198 -163 -145 -494 -412 -400 508 -59 -217 -195 -133 -324 -55 -126 -13 -86 -275 -225 -22 -249 0
-79 -412 -133 -400 -382 -145 -198 -342 -409 -130 -234 -38 -191 -408 -78 -139 -163 -494 508 -59 -217 -195 -324 -55 -126 -13 -86 -275 -225 -22 -249 0
-442 -59 -191 -494 -38 -275 -225 -22 -126 -249 -324 -55 -13 -86 -138 -509 -382 -78 -198 -342 -408 -441 -217 -270 -133 -145 -521 -261 -436 -200 -355 -97 -27 -375 -166 -51 -150 -507 0
-79 -114 -310 -156 -324 -55 -126 -268 -13 -86 -270 -22 -376 -441 -133 -408 -342 -400 -198 -382 0
131 -31 -264 -126 -484 -249 -225 0
113 -503 -65 -474 -127 -121 -292 -6 -388 -156 0
313 -349 -339 -100 -264 -432 -225 0
135 -75 -156 -272 -114 -474 -127 -121 -292 -388 -139 -409 -130 -264 -126 -484 -249 -225 -59 -412 -310 0
356 -225 -126 -249 -133 -22 -100 -324 -55 -13 -86 -270 -408 -342 -198 -382 -145 -509 -38 -191 -217 -494 -275 -261 -436 -200 -355 -97 -166 -51 -507 0
84 -217 -153 -126 -249 -342 -191 -97 -355 -133 -22 -100 -324 -55 -13 -86 -270 -198 -382 -509 -494 -261 -166 -507 -354 0
262 -33 -100 -22 -133 -382 -170 -411 -406 -198 -191 -86 -509 -342 -437 -355 -97 -26 0
312 -453 -498 -198 -22 -382 -94 -430 -6 -412 -133 0
-400 -412 -411 -342 -217 -198 -22 -33 -382 -100 -94 -430 -494 -133 -498 -331 -306 -97 -49 -355 -485 -354 -191 -170 -509 0
-412 -33 -494 -507 -485 -133 -411 -406 -430 -342 -382 -191 -170 -509 -217 -198 -22 -100 -94 -498 -331 -306 -97 -49 -355 -354 0
384 -34 -97 -198 -355 -112 -342 -310 -133 -61 -22 -191 -411 -509 0
-400 -522 -355 -217 -191 -80 -509 -401 -382 0
-217 -509 -100 -342 -198 -191 -86 -97 -355 -354 -382 -133 -22 -494 -507 -126 -153 -83 -324 -55 -13 -270 -261 -166 0
-79 -400 -382 -80 -310 -133 -61 -22 0
383 -412 -472 -343 -292 -388 -133 -494 -499 -310 -114 -166 -342 -462 -400 -198 -61 0
-412 -310 -499 -158 -166 -400 -61 -382 -472 -343 -292 -388 -133 -494 -114 -342 -462 -198 0
-400 -158 -382 -133 -166 -499 -22 -494 -342 -462 -198 -80 -522 -355 -354 -191 -509 0
312 -412 -97 -137 -62 -410 -494 -126 -499 -324 -198 -191 -342 -391 -112 -354 -355 -37 0
32 -273 -204 -9 -162 -507 -171 -247 -336 -130 0
31 -95 -247 -171 -83 -22 -325 -93 -148 -137 -97 -262 -355 -163 -486 -59 0
357 -115 -37 -204 -9 -162 -507 -171 -247 -31 -355 -126 -499 -324 -198 -97 -191 -342 -391 -439 -407 -443 -148 0
63 -412 -204 -162 -507 -171 -247 -137 -97 -355 -126 -499 -324 -198 -191 -342 -391 -439 -407 -443 -83 -22 -93 -262 -486 -494 -112 -221 -37 -410 0
61 -407 -439 -83 -247 -355 -126 -499 -324 -198 -97 -191 -342 -391 -522 -410 0
356 -293 -390 -112 -274 -494 -94 -116 -22 -139 -426 -466 -137 -522 -97 0
-509 -382 -13 -324 -57 -191 -355 -97 -86 -22 -100 -55 -133 -166 0
-310 -9 -261 -470 -467 -170 -161 -22 -149 -391 -60 -193 -438 -130 -126 -494 -36 -139 -425 -153 -83 -155 -137 -211 -324 -55 -79 -13 -86 -133 -37 -312 0
-134 -336 -261 -88 -470 -467 -507 -170 -161 -9 -149 -391 -22 -60 -193 -438 -130 -126 -494 -36 -117 -129 -139 -425 -153 -83 -155 -137 -324 -55 -79 -13 -86 -133 0
39 -88 -155 -524 -472 -126 -355 -16 -324 -198 -97 -191 -342 -391 -36 -389 -432 -79 -261 -22 -470 -467 -507 -170 -161 -9 -149 -60 -193 -438 -494 -425 -153 -83 -137 -55 -13 -86 -133 0
500 -314 -407 -301 -272 -22 -170 -96 -467 -83 -470 -155 -391 -33 -9 -324 -502 -419 -195 -217 -61 -382 -191 -355 -97 -264 -76 -36 -125 -86 -461 -112 -57 -92 -108 -149 -413 -274 -472 -498 -16 -373 0
474 -314 -301 -22 -215 -96 -524 -274 0
248 -272 -149 -391 -494 -161 -9 -170 -467 -470 -502 -274 -472 -301 -22 -96 -524 -407 -83 -155 -324 -217 -61 -382 -191 -355 -97 -76 -36 -86 -112 -57 -413 -16 -418 -193 -438 0
-134 -9 -170 -149 -391 -161 -407 -467 -470 -502 -274 -472 -22 -96 -524 -155 -324 -61 -382 -191 -355 -97 -76 -36 -86 -112 -57 -413 -16 -193 -438 -425 -137 -55 -79 -13 -133 0
-217 -314 -170 -391 -22 -155 -33 -470 -9 -324 315 -502 -285 -182 -61 -382 -191 -355 -97 -76 -36 -125 -86 -218 0
409 -155 -122 -161 -485 -170 -391 -22 -470 -324 -61 -382 -191 -355 -97 -76 -36 -86 -16 -145 -467 -438 -472 -389 -432 -79 -149 -407 -274 -96 -524 -112 -57 -413 -193 -425 -137 -55 -13 -133 -37 -60 -211 -312 -221 0
357 -425 -133 -170 -79 -355 -16 -324 -97 -191 -391 -410 -122 -161 -485 -22 -61 -382 -86 -432 -274 -96 -524 -57 -413 -55 -13 -37 -60 -211 -312 -114 -521 0
248 -145 -126 -16 -342 -13 -191 -86 -198 -324 -217 -97 -355 -391 -389 -78 -410 0
-407 -436 -217 -355 -97 -225 -27 -126 -35 -441 -389 -375 -408 -16 -324 -86 -13 -391 -198 -342 -191 -313 0
247 -389 -355 -126 -16 -324 -198 -97 -191 -342 -391 -410 -217 -27 -86 -13 -437 -83 0
-389 -217 -410 -198 -126 -16 -13 -191 -86 -324 -342 -97 -355 -391 -78 -249 -27 -437 -83 0
-217 -31 -161 -170 -122 -425 -138 -133 -114 -79 -410 -198 -126 -16 -13 -191 -86 -324 -342 -97 -355 -391 -78 -27 -437 -83 -153 0
-61 -412 -16 -324 -97 -191 -391 -55 -79 -13 -86 -161 -170 -122 -133 -485 -22 -382 -432 -274 -57 -37 -211 -355 -63 0
-407 -410 -62 -126 -153 -97 -355 -217 -16 -494 -342 -13 -191 -86 -198 -324 -391 -133 -79 247 -83 -373 -485 -424 -32 -273 0
-132 -217 -79 -122 -191 -97 -342 -355 -198 -161 -62 -126 -153 -133 -16 -494 -13 -86 -324 -391 -83 -485 -424 -170 0
408 248 -100 -391 -9 -494 -432 -150 -195 -238 -79 -126 -83 -85 -57 -264 -27 -153 0
-134 -481 -412 -59 -114 -234 -494 -122 -11 -350 -238 -100 -432 -314 -376 -418 -443 -195 -311 -324 -55 -126 -79 -13 -86 -133 0
113 -272 -161 -139 -122 -33 -51 -59 -267 -412 -309 0
248 -128 -34 -114 -161 -139 -122 -33 -59 -412 -309 -485 -432 -79 -234 -11 -350 -238 -100 -376 -195 -311 -324 -55 -13 -86 -133 -406 -391 -9 -150 -57 -27 -217 0
-217 -412 -100 -274 -122 -161 -170 -350 -485 -432 -79 -324 -55 -13 -86 -133 -391 -57 -16 -520 -97 -355 -37 -191 -409 -62 -424 0
-412 -16 -355 -191 -324 -97 -391 -100 -274 -122 -161 -170 -350 -485 -432 -79 -55 -13 -86 -133 -57 -37 -22 -382 -211 -63 0
-382 -22 -324 -55 -13 -86 -133 -355 -97 -191 -100 -57 -166 0
80 -249 -114 -350 -100 -61 -430 -311 -78 -198 -126 -16 -13 -191 -86 -324 -342 -97 -355 -27 -391 -494 -217 -437 -83 -133 0
-217 -164 -59 -494 -114 -78 -198 -126 -16 -13 -191 -86 -324 -342 -97 -355 -27 -391 -437 -83 -61 -521 -81 -350 -100 -430 -311 -133 -153 0
-391 -430 -133 -100 -350 -344 -494 -114 -409 -81 -500 -355 -126 -16 -324 -198 -97 -191 -342 -270 -59 -78 -13 -86 -27 -437 -83 -61 -521 -311 -153 -393 0
135 -249 -83 -130 -409 -61 -309 -114 -122 -238 -100 -430 -311 0
-217 -406 -376 -83 -130 -409 -61 -521 -270 -430 -81 -133 -309 -114 -122 -238 -100 -311 -153 0
411 -274 -225 -472 -397 -453 -59 -153 -406 -219 -437 -280 -498 -247 -412 -220 -130 -61 0
322 -191 -324 -97 -355 -13 -86 -57 0
-16 247 -97 -126 -391 -324 -198 -191 -342 -355 -389 -217 -410 -86 -13 -83 -262 -153 -79 -354 -134 -270 -23 -401 -167 -132 0
438 -521 -126 -51 -442 -249 -193 -494 -509 -150 -225 -418 -217 -408 -198 -342 -191 -401 -391 -165 -97 -60 -355 0
414 -117 -509 -191 -38 -198 -342 -138 -97 -355 -436 -126 -51 -442 -249 -193 -494 -150 -225 -418 -217 -408 -401 -391 -165 -61 0
63 -441 -432 -509 -126 -51 -442 -130 -249 -193 -494 -101 -150 -225 -418 -217 -521 -59 -408 -198 -342 -78 -191 -12 -410 0
-382 -441 -509 -126 -51 -442 -130 -249 -193 -494 -401 -150 -225 -418 -217 -521 -59 -408 -198 -342 -78 -191 -383 0
382 -509 -401 0
438 -521 -432 -509 -126 -51 -442 -249 -193 -494 -101 -150 -225 -418 -217 -61 -59 -408 -198 -342 -191 -12 -410 -401 -97 -355 0
357 -59 -414 -191 -114 0
-59 -61 -509 -126 -51 -442 -249 -193 -494 -101 -150 -225 -418 -217 -432 -408 -198 -342 -191 -12 -410 -401 -97 -355 -436 -414 -114 0
-61 -114 -6 -198 -156 -342 -38 -35 -191 -97 -355 -509 -126 -51 -442 -249 -193 -494 -101 -150 -225 -418 -217 -432 -408 -12 -410 -401 -436 -138 -391 -165 -117 0
356 -59 -312 -191 -412 -509 -126 -51 -442 -249 -193 -494 -150 -225 -418 -217 -38 -408 -198 -342 -401 -391 -165 -97 -355 -436 0
-59 -114 -156 84 -248 -509 -342 -6 -32 -191 -97 -355 -312 -412 -126 -442 -193 -494 -150 -418 -217 -38 -198 -401 -391 -165 0
-494 -248 84 -6 -156 -509 -342 -191 -97 -355 -32 -312 -126 -442 -193 -418 -217 -38 -198 -401 -391 -101 -432 -410 -138 -493 0
357 -35 -198 -389 -342 -113 -191 -97 0
112 131 -126 -217 -249 -225 -59 -167 -401 -312 -509 -38 -389 -191 0
-132 -198 -101 -217 -432 -193 -342 -389 -191 -126 -167 -401 -312 -97 -355 84 -6 -156 -442 -418 -391 -410 -138 -493 -354 -324 -86 -13 -83 -79 -134 -270 -23 0
356 -509 -410 -126 -198 -13 -191 -86 -324 -342 -97 -355 -389 -249 -217 -83 -432 -61 -51 -442 -193 -494 -101 -150 -225 -418 -391 -59 -408 -12 -401 0
-509 -59 -61 -191 -382 -114 -355 -410 -126 -198 -13 -86 -324 -342 -97 -389 -249 -217 -83 -432 -51 -442 -193 -494 -101 -150 -225 -418 -391 -408 -12 -401 0
357 -425 -139 -138 -33 -97 -59 0
-59 -114 -410 -126 -198 -13 -191 -86 -324 -342 -97 -355 -389 -249 -217 -83 -138 -33 -61 -382 -354 -391 -432 -51 -442 -193 -494 -101 -150 -225 -418 -408 -12 -401 0
489 -484 -51 -122 0
510 -489 -382 0
-494 -9 -217 -249 -193 -271 -61 -382 -51 -6 -156 -138 -191 -97 -355 -33 -410 -126 -198 -13 -86 -324 -342 -389 -83 -354 -391 -432 -442 -101 -225 -418 -408 -401 -493 0
112 -441 -270 -79 -376 -61 -498 -133 -342 -408 -198 -382 -35 -509 -38 -145 -389 -191 -156 0
356 -509 -51 -33 -59 -61 -382 -271 -191 -113 -270 -79 -498 -133 -342 -408 -198 -145 -389 -156 -217 -439 -354 -76 -391 -410 -126 -13 -86 -324 -97 -355 -249 -83 0
-509 -59 -249 -225 -33 -61 -382 -126 -191 -217 -198 -389 -342 -113 -97 -355 -51 -271 -270 -79 -498 -133 -408 -145 -156 -439 -354 -76 -391 -410 -13 -86 -324 -83 0
-59 -198 -410 -126 -391 -13 -191 -86 -324 -342 -97 -355 -389 -249 -217 -83 -138 -33 -61 -382 -354 -225 -113 -51 -271 -270 -79 -498 -133 -408 -145 -156 -439 -76 0
-198 -410 -23 -217 -126 -191 -342 -97 -355 -354 -391 -13 -86 -324 -83 -270 -79 -133 -101 -493 -167 84 -134 0
-509 -59 -10 -191 -23 -314 -101 -432 -61 -33 -484 -51 -195 -521 -482 -493 -384 -401 0
509 -92 -391 -108 -149 -461 -9 -493 -10 -502 -314 -23 -282 -501 -498 -167 -295 -401 -17 -384 -354 0
-410 -79 -191 -23 -101 -493 -391 -167 -354 -342 -217 -126 -13 -97 -86 -324 -83 -270 -355 -133 84 -134 0
383 -315 -126 -225 -13 -432 -196 0
-509 -401 -383 -510 0
495 -461 -391 -435 -59 -199 -412 -46 -225 -23 -315 -432 -101 -350 -11 0
-382 -315 -272 -225 -126 -6 -389 -156 -114 -493 -391 -435 -59 -199 -412 -23 -432 -101 -11 -193 -521 -191 -97 -342 -355 -196 -62 509 -383 0
-79 -133 -126 -493 -391 -101 -191 -97 -342 -355 -354 -13 -167 -217 -86 -324 -83 -270 -23 84 -134 0
409 -176 -355 -27 -97 -225 -436 -126 219 -375 -78 390 -408 -198 -349 -342 -12 0
411 -221 -78 -225 -198 -126 -342 -249 -48 -130 0
390 -48 -126 -225 -78 -198 -342 -410 -249 -130 -282 -474 -292 0
62 -198 -78 -101 -408 -65 -138 -342 -139 -509 -191 -38 -382 -493 -130 -264 -126 -249 -225 -59 -413 -388 -474 -200 -435 -460 -391 -510 0
-198 -200 -225 -460 -419 -391 -441 135 -264 -388 -126 -249 -474 -509 -510 -191 -97 -342 -355 -408 -63 -101 -38 -382 -493 0
-382 -509 -408 -249 135 -264 -225 -388 -126 -13 -460 -419 -391 -441 -342 -191 -97 -355 -101 -493 -520 -354 -400 0
-509 -210 -23 -493 -51 -264 -249 -225 -126 -13 -342 -460 -191 -391 -408 135 -388 -419 -441 -97 -355 -101 -520 -354 -400 0
-198 -520 -61 -355 -191 -342 -126 -391 -324 -16 -97 -499 -196 0
-133 -83 -355 -493 -342 -23 -126 -13 -191 -391 -324 -97 -167 -354 -101 -217 -270 -86 -134 84 0
197 -410 -4 -130 -154 -509 -430 -249 -408 -382 -342 -191 -86 -40 0
113 -127 -35 -4 -390 -154 0
-383 -61 -101 -198 -408 -342 -509 -191 -382 -493 -126 -249 -225 -59 -391 -410 -310 -4 -154 -97 -355 -79 -354 196 -217 0
508 -315 -225 -442 -349 -217 -439 -136 -97 -270 -167 -355 -509 -191 -401 -522 -382 -249 -126 -354 196 0
58 -211 -89 -310 -414 -164 0
-61 -59 -97 -355 -51 -310 323 -135 -57 -191 -382 -509 -225 -217 -136 -270 -249 -126 -354 196 -410 -430 -198 -408 -342 -391 -4 -154 -79 0
-383 -401 -509 -382 0
508 -420 -439 -270 -436 -79 -355 -401 -225 -442 -315 -217 -136 -97 -167 -509 -191 -349 -382 -249 -126 -354 196 0
-401 -412 -310 -354 -23 -134 -497 -407 -169 -313 -79 -97 -270 -355 -382 -436 -136 -424 -271 -191 -509 -439 -225 -442 -217 -167 -249 -126 196 -101 -430 0
61 -439 -217 -4 -154 -23 -355 -354 -191 -430 -509 -382 -79 -310 -134 -407 -97 -270 -136 -271 -225 -442 -167 -249 -126 196 -101 -410 0
436 -390 -501 -36 -373 -126 -295 -249 -18 0
-410 -382 -79 -126 84 -217 323 -135 -57 -430 -13 -509 -136 -191 -97 -355 -310 -270 -354 -198 -342 -391 -4 -154 -86 0
-382 -509 -136 -154 -430 -97 -4 -355 -191 -86 -342 -198 -79 -126 84 -217 323 -135 -57 -13 -310 -270 -354 -391 0
-509 -198 -342 -191 -136 -154 -430 -97 -4 -355 -86 -79 -126 84 -217 323 -135 -57 -13 -310 -270 -354 -391 0
131 -498 -314 -23 -249 0
313 -95 -23 0
-95 -314 -23 0
197 -63 -130 -310 -314 -23 -249 -37 -295 -191 -16 -342 -40 0
414 -110 -211 -154 -310 -112 0
357 -73 -122 -154 -51 -4 -265 -271 -305 -288 -33 -413 -211 -310 -112 -511 -459 -282 -474 -25 -521 -97 0
313 -112 -154 -501 -428 -136 -391 -198 -126 -410 -13 -191 -86 -324 -342 -97 -355 -16 -249 -217 -83 -122 -51 -4 -271 -288 -413 -211 -310 -474 -221 -63 -225 -23 0
356 -457 -474 -470 133 -51 -267 -122 -350 -288 -410 -496 -314 -23 -249 -161 -16 -145 -493 -112 -391 -198 -126 -13 -191 -86 -324 -342 -97 -355 -217 -83 0
436 -112 -154 -145 -501 -36 -126 -295 -249 -16 -496 -130 0
-112 -501 87 -249 -353 -97 -355 133 -51 -122 -350 -314 -23 -161 -493 -391 -198 -13 -191 -86 -324 -217 -83 -271 -211 -63 -225 0
-382 -198 87 -249 -97 -355 133 -51 -23 -493 -391 -191 -13 -86 -324 -217 -83 -225 -408 -167 509 0
-112 -274 -315 -472 -225 -46 197 -499 -295 -191 -16 -342 -40 -199 -176 -433 -350 -344 -11 -324 -57 -310 -37 -134 0
-198 -83 -191 -97 -355 -324 -57 -391 -13 -86 -217 0
520 -298 -445 -319 -404 -286 -93 -233 -195 0
510 -522 -506 -419 -442 -79 -270 -195 -391 -275 -157 -9 -428 -33 -73 -337 -10 -484 -51 323 -135 -112 -102 -57 -382 0
508 -112 -73 -154 -271 -191 -170 0
-382 -112 -419 -442 -79 -270 -195 -391 -275 -157 -9 -428 -33 -73 -337 -10 -484 -51 323 -135 -506 -57 -508 -61 -126 -225 -13 -315 -196 -384 0
401 -112 -493 -303 -210 -154 -4 -51 -484 -487 -391 0
-112 -442 -391 -17 -384 -10 -9 -502 -314 -282 -501 -498 -295 -354 -419 -195 -270 -79 -303 -210 -154 -4 -51 -484 -157 -33 -73 -337 323 -135 -506 -57 -61 -126 -225 -13 -315 -196 -271 -191 -170 0
18 -384 -354 -310 -191 -391 -17 -314 -501 -498 -295 -195 -270 -79 -210 -154 -4 -51 -484 -157 -33 -337 323 -135 -506 -57 -126 -225 -13 -196 -170 -411 -342 -408 -441 -437 0
-382 -389 -521 -330 -359 -176 -425 -375 -139 -305 -501 -117 -112 -154 -191 -170 -167 -38 -122 -314 -489 -430 -509 -384 0
-112 -303 -493 -210 -154 -4 -51 -484 -391 -509 -521 -330 -359 -176 -425 -375 -139 -305 -501 -191 -170 -167 -38 -122 -314 -430 -384 -114 0
-83 -391 -191 -97 -355 -57 -13 -217 -324 -86 0
510 -4 -134 -432 -51 -484 -382 0
-4 -432 -509 -134 -35 -154 -112 -354 -191 -51 -484 -382 0
223 -314 -167 -382 -509 -191 -112 -154 -134 -354 -51 -152 -13 -484 -126 0
508 -381 -134 -97 -154 -355 -112 -191 -171 0
-314 -51 -152 -154 -134 -217 -324 -13 -57 -97 -484 -382 -509 -355 -112 -191 -248 -23 -224 -167 -354 -126 0
223 -164 -58 -238 -355 -97 -270 -197 -152 -338 -217 -13 -263 -126 0
98 -507 -410 -221 160 -62 -79 -425 -35 -198 -342 -113 -191 -97 -355 -330 -136 0
247 -164 -58 -93 -238 -355 -149 -97 -410 -221 160 -62 -79 -342 -113 -191 -330 -136 -197 -13 -171 -126 0
356 -298 -404 -233 -164 -32 -522 -58 0
510 -4 -13 314 -330 -97 -355 -439 -270 -217 -324 -57 -248 -342 -191 -224 -152 -493 -112 -154 -126 -134 -101 -484 -51 -382 0
-4 -121 -493 -154 -112 -354 -191 -509 -13 314 -330 -97 -355 -439 -270 -217 -324 -57 -248 -342 -224 -152 -126 -134 -101 -484 -51 -382 0
-51 -509 -167 -270 -134 -382 -217 -191 -112 -154 -493 -354 -13 -97 -355 -324 -57 -248 -342 -224 -152 -126 -101 -407 -23 -50 0
-314 -136 -97 -152 -89 -217 -324 -13 -166 -57 -248 -224 -74 -23 -315 0
198 -18 -146 -40 0
99 -93 -58 -164 -238 -355 -149 -76 0
262 -390 -375 -176 -328 -136 -97 -58 -164 -238 -355 -149 -76 -338 0
98 -501 -390 -375 -176 -328 -136 0
-263 -262 -224 -164 -58 -355 -97 -270 -197 -152 -238 -217 -13 -338 -126 0
114 -4 -217 -224 -355 -97 -270 -13 -126 -267 -324 -57 -248 -23 -101 -167 -382 -134 -509 -342 -152 -493 -191 -154 0
-4 -509 -154 323 -57 -342 -382 -191 -112 -123 -217 -224 -355 -97 -270 -13 -126 -267 -324 -248 -152 0
-509 -382 -97 83 -355 -217 -324 -13 -57 -270 -191 -112 -154 323 -342 -126 -354 0
49 -363 -177 -136 -97 -355 -114 -191 -69 -112 -154 -211 -310 -288 -440 -332 -407 -452 -497 -75 -23 -314 -224 -263 -161 -485 -122 0
156 -314 -145 87 -224 -485 -50 -97 -355 -191 -112 -154 -211 -332 -407 -23 -353 -161 -122 -217 -248 -79 -134 -382 -76 -324 -391 -410 -198 -13 0
-314 -145 -97 -152 -217 -324 -13 -166 -57 -248 -224 -23 -134 -332 -4 -154 87 -485 -50 -355 -191 -112 -211 -407 -353 -161 -122 -79 -382 -76 -391 -410 -198 0
135 -4 -154 0
155 -4 -152 -217 -324 -13 -166 -57 -248 -224 -23 -134 -332 -97 -154 87 -485 -50 -355 -191 -112 -211 -407 -353 -161 -122 -79 -382 -314 -391 -198 -63 0
341 -314 87 -224 -485 -50 -97 -355 -191 -112 -154 -211 -332 -407 -23 -353 -161 -122 -217 -248 -79 -134 -382 156 -324 -391 -198 -13 0
-4 -63 -13 -355 -82 -23 -191 -198 87 -224 -485 -50 -97 -112 -154 -211 -332 -407 -353 -161 -122 -217 -248 -79 -134 -382 -324 -391 -152 -166 -57 -432 0
-382 -154 -191 -86 -217 -324 -97 -355 -391 -57 -112 -13 0
-136 -294 -391 -79 382 -354 -506 -449 -164 -390 -152 -78 -25 -69 -97 -58 -355 -438 -374 -500 -74 -217 -324 -13 -314 -57 -248 -224 -89 -23 -315 0
-314 -25 -152 -449 -97 -354 -171 382 -79 -134 -391 -506 -164 -390 -78 -69 -355 -438 -374 -500 -74 -217 -324 -13 -57 -248 -224 -89 -23 -315 -37 -414 0
155 382 -134 -101 -50 -152 -97 -354 -391 -355 -217 -324 -13 -57 -248 -224 -23 -270 -126 -342 -493 -191 -112 0
323 -152 -154 -134 -217 -324 -13 -57 -97 -382 -314 -355 -112 -191 -248 -23 -224 0
322 -57 -191 -97 -355 -13 -324 0
-57 -134 -154 -112 -382 -191 -314 -248 -217 -97 -355 -324 -13 -23 -224 0
-509 -76 -36 -97 -355 -112 -191 -79 -510 -383 0
38 -115 -50 -355 -122 -520 -161 -63 -273 -413 -139 -310 -485 0
113 -4 -154 -472 -76 -520 -97 -355 -191 -39 -50 -122 -161 -63 -273 -413 -310 -485 -495 0
133 57 -154 -112 -97 -355 -413 -275 -382 -79 -94 -314 -248 -224 -217 -13 -191 -324 0
-134 -79 -324 -13 -191 -112 -154 -382 -97 -355 -314 -248 -224 -217 -23 0
-79 -324 -382 -248 -13 -23 -112 -97 -355 -191 -154 -314 -224 -217 0
-324 -154 -13 -191 -97 -355 -248 -112 -382 -23 -314 -224 -217 0
85 -117 -37 -495 -353 -57 0
114 -349 -87 -139 -57 -169 -63 -510 -75 -413 -191 -154 0
341 -37 -436 -355 -79 -4 113 -154 -63 -413 -310 -332 -124 -217 -82 -13 -353 -57 -198 -87 0
333 -273 -408 -304 -82 0
352 -451 -295 -496 -147 -198 -13 -124 -87 0
-126 -177 -355 -436 -97 -389 -217 -225 -136 -502 -58 -472 -521 -87 -124 0
388 -468 -97 -182 -76 -500 -36 0
190 -198 -217 -262 -97 -355 -436 -267 -496 -82 -57 -13 -225 -136 -87 -124 -63 -413 -310 -275 -332 -304 -79 -4 113 -154 -489 -168 -349 -169 -382 -510 0
125 -4 -79 113 -154 -217 -441 -332 -198 -82 -342 -57 -87 0
133 -79 -57 -13 -124 -87 -154 -217 -82 -436 -355 -191 -262 -97 -267 -496 -225 -413 -275 -304 -168 -169 -382 -301 -112 -75 -102 -432 0
125 -198 -40 -191 -382 -147 -168 -499 -332 -217 -82 -270 -57 -87 -34 0
-198 -270 -355 -419 -97 -436 -87 -57 -34 -13 -124 -191 -382 -147 -168 -499 -332 -217 -82 0
-79 -87 -191 -57 -382 -13 -355 -419 -97 -436 -124 -168 -217 -82 -301 -112 -154 -135 -262 -267 -496 -225 -413 -275 -304 -169 -75 -102 -432 0
-154 -248 -97 -13 -191 -382 -217 -112 -355 -224 -314 -23 0
114 -441 -340 -123 -520 -408 -272 -382 -169 -275 -352 -311 -413 -191 0
85 -79 -382 -112 -217 -73 -248 -191 -4 -314 -13 -133 -23 -57 0
-79 -198 -97 -355 -217 -13 -248 -224 -314 -23 -57 -87 -382 -112 -191 0
340 -437 -248 -13 -268 -57 -198 -87 0
-198 -87 -217 -314 -13 -23 -57 -248 -355 -191 -382 -97 -224 -112 0
-87 -57 -248 -355 -314 -191 -23 -217 -382 -13 -97 -224 -112 0
-509 -239 -312 -39 -101 -122 -354 -432 -510 -382 -401 0
247 -35 -145 -389 -16 -354 -23 -134 -407 -79 -97 -270 -355 -382 -391 -342 -217 -198 -126 -324 -191 -86 -82 -13 -437 0
341 -437 -314 -217 -248 -145 -389 -354 -23 -134 -79 -97 -270 -355 -382 -342 -198 -126 -324 -191 -86 -82 -13 -224 -59 -312 -39 -101 -122 -432 -510 -401 -78 0
249 -406 -82 -437 -153 0
192 -389 -145 -126 -354 -23 -79 -97 -270 -355 -382 -342 -217 -198 -324 -191 -86 -13 -248 -57 -401 -314 -224 -312 -122 -432 0
247 -437 -145 -389 -16 -354 -23 -134 -407 -79 -97 -270 -355 -382 -391 -342 -217 -198 -324 -191 -86 -82 -13 -126 0
38 -483 -69 -234 -58 -522 -413 -474 -312 -294 0
-437 -474 -97 -76 -128 -37 -88 -312 -122 -485 -224 -193 -389 -314 -217 -170 -57 -13 -324 -166 -248 -145 -16 -354 -23 -407 -79 -270 -355 -382 -391 -342 -198 -191 -86 -126 0
-247 -152 -88 -263 -181 -224 -314 -97 -342 -170 357 -191 -248 0
509 -79 -145 -88 -224 -314 -97 -191 -248 -217 87 -407 -355 -382 -23 -76 -389 -13 -198 -128 -37 -312 -122 -193 -57 0
-437 -501 -389 -153 -25 -262 -35 -128 -97 -37 -355 -354 -145 247 -23 -134 -407 -79 -270 -382 -391 -342 -217 -198 -324 -191 -86 -82 -13 -126 0
-79 -198 -97 -57 87 -145 -128 -23 -382 -217 -355 -191 -13 -248 -224 -314 -432 -88 -312 -122 -81 0
-198 -57 -97 -355 -224 -314 -112 -248 -217 -382 -191 -23 -13 0
-57 -248 -224 -382 -13 -97 -355 -112 -314 -217 -191 -23 0
-79 -352 -191 -169 -495 -355 -272 -112 -436 -407 -167 -268 -217 -419 -97 -36 -76 -382 -81 0
219 -27 -262 -152 0
341 -76 -97 -355 -191 -382 -112 -217 -73 -314 -133 -248 -224 -13 57 0
85 -270 -79 -324 -133 0
406 -240 -76 -312 -97 -413 -355 -58 -138 -33 -425 -69 -232 -122 -51 -440 -84 0
135 -511 -381 -215 -97 -418 -25 -442 57 -13 -408 -76 -413 -355 -69 -440 -32 -484 -522 -171 -61 -382 -100 -430 -79 -4 0
419 -450 -182 -495 -158 -152 -97 -25 -355 -522 -281 -474 -525 -215 -442 0
-270 -79 -97 -355 -88 -275 -413 -508 -382 -133 57 -13 -76 -408 -4 -222 -411 -217 -248 -224 -301 -94 -23 0
-86 -407 -191 -79 -355 -73 -112 -268 -217 -419 -97 -76 -382 -81 -314 -248 -224 -13 57 0
-407 -312 -76 -97 -413 -355 -138 -122 -440 -411 -382 -263 -432 -248 -224 -94 -191 -79 -73 -112 -268 -217 -81 -314 -13 57 -444 -408 0
-79 -411 -97 -382 -23 -314 -248 -224 -13 -76 -355 -191 -112 -217 -408 -508 -222 0
196 -248 -97 -23 -314 -382 -224 -13 -355 -191 -112 -217 0
-76 -17 -248 -94 -509 -355 -191 -97 -342 -78 -382 -112 -217 -73 -314 -133 -224 -13 57 0
249 -79 -401 -509 -133 -191 -431 -342 -314 -13 57 0
-79 -62 -413 -112 -509 -191 -97 -355 -217 -133 -73 -94 -314 -248 -401 -431 -342 -13 57 0
-86 -501 -217 -27 -168 -224 -13 57 0
-248 -112 -224 -13 -217 -97 -191 -355 -382 -314 -23 0
-324 -86 -224 -57 -125 -83 -191 -97 -355 -13 0
85 -125 -13 -57 0
-86 -57 -224 -125 -83 -191 -97 -355 -13 0
-112 -314 -97 -13 -355 -23 -224 -191 -217 -382 0
135 -145 -35 -130 -496 112 -217 -167 -249 -126 -59 -312 -225 -509 -38 -191 -79 0
219 -407 -160 -267 -307 -139 -295 -121 -31 -375 -82 -130 -500 -484 -249 -126 -225 -27 -262 0
-407 -89 -154 -163 -75 -493 -115 -139 -521 -67 -31 -484 -441 -270 -262 -217 -160 -267 -307 -295 -121 -375 -82 -130 -500 -249 -126 -225 -27 0
-509 -249 -31 -130 -63 -382 -139 -191 -86 -40 -198 -163 -75 -521 -67 -441 -270 -262 -217 -267 -295 -375 -82 -126 -225 -27 -79 -432 -138 -134 -35 -496 112 -167 -59 -312 -18 -354 0
-313 -248 -191 -97 -355 -324 -13 -217 -57 -86 -382 -31 -63 -163 -67 -79 112 -312 -224 -94 -314 0
-248 -79 -217 -224 -23 -191 -97 -355 -324 -13 -57 -86 -382 -314 0
248 -86 -57 -224 -191 -97 -355 -13 0
-79 -86 -224 -57 -314 -217 -23 -191 -97 -355 -13 -382 0
-324 -267 -121 -307 -139 -295 -160 -31 -375 -82 -130 -484 -249 -225 -27 -262 -428 -75 -217 -154 -268 -133 -86 -322 -57 0
-249 -474 -314 -23 -130 -217 -352 -163 -39 -493 -13 -312 -154 -342 -57 -133 -86 -121 -307 -139 -295 -160 -31 -484 -27 -268 -224 -437 -248 0
-86 -57 -23 -314 -217 -13 -224 -382 -191 -97 -355 0
-57 -314 -217 -13 -224 -382 -23 -191 -97 -355 0
-86 -437 -376 -217 -314 -27 -224 -13 57 0
-314 -23 -382 -224 -13 -217 -191 -97 -355 0
218 -27 -382 -198 -191 -97 -355 -324 -13 -217 -57 -86 -420 -436 -431 -153 0
269 -79 -400 314 -134 -270 -382 -376 0
-79 -441 -382 -198 -342 -270 -134 -400 314 -376 0
-27 -46 -198 -382 314 -97 -355 -191 -324 -13 -217 -57 -86 -82 -262 -436 -153 0
223 -198 -191 -217 -355 -97 -436 -382 314 -324 -13 -57 -86 -82 -153 0
-441 -79 -382 -217 -97 -355 -57 -86 -324 -13 314 -191 -198 -439 0
-509 -271 -74 -169 -97 -382 -355 -217 83 -13 -57 -324 -191 -270 -112 323 -342 -126 -354 -508 0
441 -306 -124 -169 -74 -97 -382 -355 -217 83 -13 -57 -324 -191 -86 -420 -436 -431 0
-324 -82 -382 -355 -217 -13 -57 -191 -97 -436 -86 314 -124 -169 -224 0
400 -509 -126 -439 -494 -217 -436 -442 -225 -355 -410 -97 356 -76 -191 -501 -249 -168 -382 0
-79 -114 -57 -97 -87 -198 -436 -270 -13 -124 -191 -382 -419 -168 -217 -82 -304 -271 -63 -414 -355 -501 -400 -342 -441 314 -80 0
113 -424 -429 -169 -74 -271 -158 -311 -63 -126 -355 -225 -97 -439 -35 -436 219 -414 -388 0
-509 -410 -496 -333 -63 -301 -145 -414 -429 -271 -158 -126 -355 -225 -97 -35 219 -135 -57 -87 -198 -270 -13 -191 -382 -419 -168 -217 -304 -342 314 -80 -494 -76 -249 0
-342 -63 -496 314 -270 -419 -271 -168 -382 -333 -301 -414 -429 -158 -126 -355 -225 -97 -35 219 -135 -57 -87 -198 -13 -191 -217 -304 -80 -494 -249 -340 0
510 -411 -130 -139 -63 -271 -485 -382 -169 0
-270 -429 -355 -97 -414 85 -57 314 -168 -382 -191 -496 -301 -135 -87 -13 -217 -304 -249 -262 0
510 -414 -135 -63 -37 -81 -382 -352 0
-249 -86 -191 -355 -97 -217 -57 -13 -224 -382 -23 0
508 -509 -97 -382 -355 -217 83 -13 -57 -324 -191 -270 -266 323 -342 -126 -354 -438 -74 -271 -171 0
-509 -271 -74 -97 -382 -355 -217 83 -13 -57 -324 -191 -270 323 -342 -126 -354 -266 -438 -171 0
437 -485 -50 -263 -266 -337 -93 -363 -150 -175 -97 -373 -355 0
-112 -425 -97 -355 -79 -191 -510 -167 -330 -305 -509 -359 -521 -375 -501 -382 -154 -170 -176 -38 -314 -430 -145 -4 -493 0
133 -521 -280 -408 -342 -421 -355 -225 -97 219 -375 -27 -78 -436 -126 -411 -382 -163 -493 -33 -59 -413 -79 -191 -510 -167 -330 -305 -509 -359 -170 -38 -314 -145 -138 0
-324 -126 -382 -509 -270 -79 -134 -342 -355 -97 -436 -314 -191 -217 -13 -57 0
218 -249 -126 -270 -87 0
125 113 -39 -249 -217 -57 -13 -382 -314 -191 -97 -355 -310 -4 -390 -154 0
-383 -59 -425 -342 -249 -87 -126 -13 -57 -39 -217 -382 -314 -191 -97 -355 -310 -4 -154 -114 -501 -168 -79 -509 0
508 -4 -154 -13 -342 -57 -87 -24 -270 -314 -79 -430 -126 -217 -382 -191 -97 -355 -310 -168 -509 -136 -436 0
-126 -314 -270 -13 -57 -217 -342 -382 -191 -509 -79 -97 -355 -436 -134 0
-314 -436 -217 -97 -382 -509 -355 -134 -191 -342 -270 -57 -13 -79 0
-249 -126 -248 -191 -355 -97 -217 -57 -13 -23 -382 -224 0
-126 -74 -97 -382 -355 -217 -509 -13 -57 -191 -270 -342 -266 -420 -436 -248 -23 -224 0
-436 -79 -97 -382 -355 -134 -191 -342 -270 -57 -13 -509 -217 0
-249 -86 -134 -314 -509 -342 -382 -16 -355 -97 -126 -57 -13 -217 -191 -439 -247 0
-86 -314 -382 -57 -13 -217 -191 -97 -355 -270 -134 -509 -342 -16 -126 -439 -247 0
-314 -126 -342 -217 -13 -57 -382 -191 -97 -355 -79 -509 -270 -134 0
87 -408 -509 -97 -382 -355 -217 -74 -13 -57 -191 -270 -342 -126 -266 -438 -171 -84 0
-126 -79 -57 -509 -97 -382 -355 -217 -13 -191 -270 -342 -134 0
-79 -134 -342 -57 -13 -509 -97 -382 -355 -191 -270 -217 0
341 -134 -97 -342 -509 -191 -382 -57 -13 -217 -270 -355 0
-134 -509 -97 -342 -191 -382 -57 -13 -217 -270 -355 0
-324 -323 -191 -97 -355 -13 -57 0
-31 -63 -424 -410 -139 -130 -484 -249 -264 -126 -225 -33 0
85 -126 -191 -509 -382 -97 -217 -355 -57 -13 -342 -270 0
-126 -509 -382 -13 -355 -191 -342 -270 -57 -97 -217 0
-509 -342 -191 -382 -270 -13 -57 -355 -97 -217 0
133 -154 -122 -302 -215 -523 -412 -239 -63 -102 -426 -432 -138 0
-87 -314 -355 -97 -249 -57 -217 -86 -191 -13 -382 -342 -126 -270 0
-324 -249 -355 -97 -217 -57 -13 -86 -382 -191 -391 0
-249 -86 -355 -97 -217 -57 -13 -191 -382 -342 -126 -270 0
124 -86 -191 -217 -391 -97 -355 -57 -382 -324 -13 -181 -152 -466 -263 -76 -36 0
357 -157 -181 -466 -382 -191 -217 -391 -97 -355 -57 -86 -324 -13 -389 -342 -198 -35 0
-86 -126 -355 -382 -191 -217 -57 -13 -342 -97 -270 0
-126 -342 -270 -13 -355 -191 -217 -97 -57 -382 0
-342 -270 -57 -13 -355 -191 -217 -97 -382 0
510 -520 -355 -97 -91 -494 -338 -112 -102 -501 -432 -274 -37 -168 -80 -382 -352 0
-86 -270 -382 -355 -97 -191 -217 -13 -57 0
356 383 -51 -195 -484 -521 -487 -33 -441 -408 -139 -271 -314 -382 -509 -112 -354 -191 -135 -388 -181 -34 -153 -466 -76 -25 -97 0
-509 -51 -112 -79 -34 -97 -355 -135 -195 -484 -521 -33 -441 -408 -314 -382 -191 -153 -25 -501 -198 -168 -170 -508 0
22 -405 -165 357 -191 -114 -112 -211 -154 -310 -232 -161 -122 -363 -51 -177 -373 -295 -327 -498 -381 -314 0
414 -238 -122 -405 -232 -165 -310 -112 -211 -154 0
133 -154 -122 -232 -112 -211 -413 -181 -467 -24 357 -191 -161 -51 -373 -295 -498 -314 -92 -388 -149 -493 -10 -350 -102 -432 -137 0
-154 -232 -388 -79 -135 -122 -112 -211 -413 -181 -467 -24 357 -191 -161 -51 -373 -295 -498 -314 -92 -149 -493 -10 -350 -102 -432 -137 0
357 -161 -314 -122 -432 -135 -388 -79 -112 -211 -181 -24 -191 -51 -373 -295 -498 -92 -493 -350 -102 -411 -408 -63 -441 -521 -437 -97 0
445 -327 -3 0
113 -267 -122 -51 -161 -47 -330 -78 -361 -34 -493 -388 0
315 -310 -161 -411 -122 -59 -211 -222 -12 -4 -493 -154 -112 -51 -47 -330 -78 -361 -34 -388 -92 -150 -442 -418 -376 0
114 -310 -161 -92 -411 -122 -59 -211 -222 -414 -150 -12 -4 -493 -154 0
89 -181 -157 0
113 -154 -314 -161 -411 -122 -59 -211 -222 -493 -24 -112 -51 -47 -330 -78 -34 -388 -92 -150 -442 -418 -376 -350 -102 -432 -138 -135 -79 -89 0
-154 -350 -102 -432 -161 -92 -411 -122 -59 -211 -222 -150 -493 -135 -112 -314 -24 -51 -47 -330 -78 -34 -388 -442 -418 -376 -138 -79 -89 0
-249 -34 -411 -222 -493 -135 -112 -24 -102 -442 -418 -79 -97 -355 -191 -408 -168 -382 -198 -508 -223 -193 -82 -217 -126 -270 -87 -247 0
351 -388 -332 -34 -302 -97 -198 -154 -150 -112 -93 -493 -337 -10 0
155 -122 -508 -484 -50 -382 -271 -135 -73 0
390 -147 -25 -198 -152 -97 89 -453 -500 -34 0
-122 -276 -281 -32 -462 -484 -107 -8 -382 -522 -508 -353 -511 -500 -25 -198 -152 -97 -34 -37 -332 -216 -493 -414 -429 -271 -302 -112 -73 -154 -50 -135 0
156 -388 -79 -135 -112 -5 0
510 -78 -97 -355 -198 -522 -233 -404 -32 -164 -58 -382 -161 0
509 -488 -382 0
-314 -154 -135 -355 -191 -97 -271 -306 -69 -483 -502 -281 -462 -107 -61 -8 -382 -353 -508 -32 -484 -522 -511 -500 -25 -198 -152 -34 -37 -332 -216 -493 -112 -50 -315 -13 -217 -248 -224 0
155 -122 -50 -266 -308 -135 -112 0
510 -161 -122 -382 0
384 -181 -450 -500 -276 -79 -135 -112 156 -523 -522 -431 -61 0
390 -232 -109 -483 -69 -299 -287 -414 -191 -114 -355 -328 -175 -97 -374 -76 -500 -34 0
-122 -374 -355 -438 -97 -500 -483 -69 -414 -191 -34 -135 -266 -276 -484 -353 -382 -508 -198 -79 -112 -522 -431 -61 -10 -216 -493 -429 -301 -74 -154 -50 -308 0
-154 -281 -135 -37 -112 -79 -462 -107 -198 -8 -382 -353 -508 -355 -438 -97 -500 -483 -69 -191 -34 -484 -522 -61 -10 -216 -493 -50 -497 -24 -271 -306 -502 -32 -511 -25 -152 -332 -315 -13 -217 -248 -224 0
-122 -69 -493 -483 -102 -500 -390 -93 -34 -355 -150 -25 -97 -137 -315 -217 -198 -13 -112 -57 -248 -191 -382 -224 -87 -73 -61 -271 -353 -508 -484 -50 -123 0
389 -522 -355 -198 -97 -233 510 -32 -382 -161 -93 -165 -150 -493 -112 -34 0
95 -224 -97 196 -382 -112 -13 -355 -191 -248 -217 0
113 -183 -88 -274 -311 -95 -493 -414 0
-126 -270 -382 -13 -355 -191 -217 -57 -97 0
-414 -381 -327 -249 -506 -217 -203 -161 -193 -91 -222 -404 -411 -165 -63 357 -191 -114 -413 0
80 -467 196 -382 -112 -13 -355 -191 -217 -82 -152 -97 -26 -170 -249 -193 -91 -165 -211 -327 -506 -161 -222 -411 -63 357 -114 -350 -240 -102 -432 -137 -135 0
420 -440 -442 -408 0
78 -114 -493 -135 -432 -225 -24 -418 -442 -408 -97 -36 -500 -170 -249 -217 -79 196 -382 -112 -13 -355 -191 -82 -193 -211 -506 -161 -222 -411 -63 -152 -350 -102 0
-248 -521 -472 -502 -286 -481 -442 -408 -333 -418 -303 -97 -13 -191 -382 -217 -112 -355 -154 -314 -94 -249 0
22 -472 -521 -502 -234 -481 -286 -442 -408 -418 -305 -376 -333 -314 -303 0
-114 -63 -442 -408 -418 -225 -152 -217 -82 -97 -13 -191 -382 -112 -355 -249 -411 -24 -211 -37 -350 -102 -79 -135 -432 -500 -36 -493 -170 196 -193 -506 -161 -222 0
155 -164 -414 -222 -63 -411 -11 -350 -161 -102 -122 -432 -211 -135 0
315 -273 -442 -418 -408 -376 -73 0
34 -496 -295 -198 -87 -124 -13 -353 -37 -129 0
-161 -122 -217 -355 -97 -36 -198 -87 -124 -13 -353 -37 -442 -418 -249 -24 -408 -102 -193 -135 -222 -411 -493 -225 -152 -82 -191 -382 -112 -79 196 -506 -168 -508 0
313 -122 489 -217 -82 -249 -225 0
315 -389 -500 -217 -79 -442 -408 -135 -418 -431 -376 0
156 -12 -351 -262 -193 -411 -217 -150 -97 -152 -355 -436 -420 -270 -496 -82 -76 -36 -301 -198 -87 -124 -13 352 -145 0
113 -500 -36 -97 -76 -493 -79 -135 -351 -193 -411 -217 -152 -355 -270 -82 -198 -87 -124 -13 352 -145 -249 -225 -24 -313 -442 -408 -418 -431 0
133 -16 -76 -355 -36 -198 -87 -124 -13 -353 -37 -249 -24 -97 -313 -145 -4 -431 -156 0
440 -436 489 -82 -97 -152 -355 -122 -225 -217 0
314 -500 -152 -217 -97 -82 -390 -76 -408 -36 -272 -295 -198 -87 -124 -13 -353 -37 -129 -225 -73 -24 0
-122 -152 -217 -442 -408 -198 -87 -124 -13 -353 -37 -418 -36 -79 -135 -97 -82 -225 -24 -355 -249 -112 -493 -193 -411 -270 -168 -382 -508 -102 -222 -191 196 -506 0
-389 -390 -249 -500 -314 -217 -79 -442 -408 -135 -418 -431 -376 0
218 -314 -376 -418 -442 -408 -249 0
90 -181 -157 0
-314 383 -97 -355 -487 -37 -408 -274 -82 -271 -36 -249 -225 -24 -16 -5 -500 -217 -79 -442 -135 -418 -76 -198 -87 -124 -13 -353 -145 -112 -193 -152 0
-270 -13 -355 -97 -217 -382 -191 -57 0
-400 -508 -382 0
133 -124 -87 -13 -37 -112 -82 -314 -97 -191 -382 -217 -355 -248 -24 -467 -169 -62 -401 -432 -137 0
315 -314 -97 -217 -57 -13 -382 -191 -355 0
83 -133 -191 -382 -355 -97 -13 -57 -217 -314 0
-83 249 -57 -217 -13 0
147 -452 -295 -497 -16 0
383 -112 -493 -414 -429 -95 -73 -154 -497 -380 -34 -136 -97 -355 -353 -520 -508 -198 -61 0
406 -302 -460 -209 -355 -50 -154 -520 -414 -484 -73 -382 -135 -401 -493 -429 -95 -497 -380 -34 -136 -97 -353 -420 -410 -191 -444 -341 0
-314 -13 -191 -382 -97 -217 -57 -355 0
-408 -262 -269 -382 -249 -314 -191 -217 -97 -152 -355 -80 -436 -341 -407 0
247 -148 -269 -97 -355 -191 -341 -382 -249 -314 -217 -152 -80 -125 -84 0
248 57 -217 -13 0
-249 -269 -355 -191 -217 -80 -382 -152 -97 -197 -341 -314 -114 -495 -125 -84 -248 0
196 -389 -500 -295 -373 -16 -34 -147 -78 0
198 -16 -382 -353 -133 249 -431 -191 -314 -13 57 -40 0
356 -191 -114 -341 -500 -295 -147 -382 -353 -133 249 -431 -314 -13 57 -40 -97 0
-191 -114 -80 -355 -217 -382 -97 -147 -133 -431 -314 -13 -323 0
420 -82 -323 -493 -408 -149 -440 0
262 -57 -130 -31 -493 -139 -163 -271 -160 -91 -121 -66 -349 -240 -100 -323 -411 -87 -13 -225 0
-57 -115 -100 -493 -323 -349 -411 -139 -130 -13 -31 -152 -484 -26 -263 -163 -271 -160 -91 -121 -66 -240 -87 -225 0
354 -500 -460 -343 -388 -434 -26 -263 -225 -493 -82 -13 -100 -323 -349 -411 -139 -130 -152 -484 -271 -160 -91 -121 -87 -215 -303 -314 -60 -77 -412 -198 -311 -147 -38 -17 0
247 -408 -13 -323 -388 -434 -493 -139 -130 -121 -303 -314 -60 -77 -412 -311 -147 -38 -341 -26 -382 -80 -217 -149 -431 -376 -438 0
-408 -249 -412 -60 -382 -509 -522 -388 -80 -323 -341 -13 -438 -217 -130 -121 -434 -493 -139 -303 -314 -77 -311 -147 -38 -26 -149 -431 -376 0
86 -57 -80 -77 -196 -441 -376 -13 -438 -314 -249 -84 -388 0
-57 -196 -382 -147 -40 -509 -13 -323 -85 -80 -77 -441 -376 -438 -314 -249 -84 -388 0
-249 -388 -80 -376 -77 -438 -314 -13 -217 -382 -147 -40 -509 -323 -341 -412 -60 -522 -130 -121 -434 -493 -139 -303 -311 -38 -26 -149 -431 0
-57 -341 249 -197 -77 -388 -90 -428 -94 -26 -22 -323 -223 -217 -13 0
196 -350 -382 -80 -11 -388 -410 -34 -341 -77 0
156 -137 -97 -314 -311 -382 -80 -323 -13 -217 -431 -434 -355 -133 -5 0
340 -500 -217 -249 -323 -382 -509 -13 -57 -198 -87 0
85 -63 -411 -349 -522 -495 -100 -217 -57 0
197 -408 -249 -323 -149 -217 -57 -87 -411 -522 -495 -376 -73 -123 -314 -509 -431 -382 -13 0
-508 -82 -217 -249 -225 -314 -408 -73 -97 -355 -36 -24 -5 -500 -135 -76 -198 -87 -124 -13 -353 -145 -112 -152 -269 -80 -382 -509 0
494 -500 -314 -431 -88 -311 -123 -217 -73 -97 -355 -5 -249 -135 -198 -87 -124 -13 -145 -112 -80 -382 -323 -57 0
-508 -359 -26 -397 -374 -500 -473 -217 -274 -249 -87 -126 -352 -392 -80 -509 -382 0
389 -87 -217 -57 -249 -382 -80 -301 -314 -431 -13 -88 -311 -123 -73 -97 -355 -5 -135 -198 -145 -112 -323 0
400 -389 -249 -314 -217 -390 -135 -431 -376 -323 -270 -57 -87 -13 -341 -77 -198 -382 -509 0
85 -349 -341 -63 -522 -495 -100 -217 -57 0
-87 -198 -73 -57 -217 -314 -431 -123 -382 -249 -135 -323 -13 -129 -80 -301 -88 -311 -97 -355 -5 -145 -112 0
-198 -249 -217 -88 -301 -73 -314 -431 -382 -57 -323 -123 -135 -13 -129 -80 -311 -97 -355 -5 -145 -112 0
-508 -152 -88 -217 -301 -164 -314 -60 -414 -311 -38 -353 -168 -509 -382 0
-249 -57 -88 -217 -301 -314 -311 -382 -323 -129 -13 -73 -431 -123 -135 -80 -97 -355 -5 -145 -112 0
-57 -323 -217 -13 -88 -311 -80 -301 -314 -382 -431 -129 -73 -123 -135 -97 -355 -5 -145 -112 0
-408 -442 -152 -355 -262 -436 -217 -249 -314 -97 -418 -407 0
-164 -415 -152 -458 -217 -110 -499 -163 -88 -301 -314 -353 -508 -311 -38 -414 -60 -509 -382 0
-508 -509 -458 -110 -495 -152 -217 -88 -301 -314 -353 -311 -397 -382 -36 -497 -451 -97 -412 -145 -355 -112 -197 -341 -272 -262 -436 -249 -407 -269 -80 0
508 -419 -217 -269 -80 -382 -197 -341 -407 -272 -123 0
-249 -341 -382 -314 -269 -217 -97 -152 -355 -80 -197 -495 -125 -84 -248 -88 -301 -353 -311 -145 -112 -123 -73 -22 0
78 -164 -311 -414 -69 -123 -440 -162 -420 -270 -88 -8 57 -13 -404 -355 -25 -239 -97 0
494 -525 -22 -94 -301 -274 -502 -471 -171 -162 -8 -209 -93 -355 -76 -32 -522 -426 -137 -97 -311 -414 -69 -123 -440 -420 -270 -88 57 -13 -239 -263 -337 -150 0
196 -150 -311 -37 -32 -355 -137 -97 -93 -314 -22 -94 -301 -274 -171 -162 -209 -522 -69 -123 -440 -420 -270 -88 57 -13 -239 -263 -337 -62 -410 -341 0
-420 -10 -97 -355 -341 -382 249 -133 -353 -431 -16 -314 -13 57 -311 -37 -137 -93 -22 -301 -274 -162 -209 -522 -69 -123 -440 -270 -88 -239 -263 -337 -442 -418 0
-508 -112 -355 -133 249 -431 -314 -13 57 -341 -440 -97 -382 -353 -311 -137 -22 -301 -209 -123 -88 -239 -263 -194 -269 -350 -80 0
342 -34 -97 -129 -355 -39 -197 -190 0
-133 -135 -355 -217 -314 -13 -382 -97 0
23 -196 -382 -430 -13 -314 -249 -509 -352 -467 -85 -381 -322 0
340 -66 -522 -382 -509 -430 -376 -314 -127 -90 -4 -154 -113 -414 -13 -249 -352 -467 -381 -322 0
-508 -87 -314 -13 -57 -249 -430 -352 -382 -509 0
112 -408 -79 -382 -509 -217 -149 -430 -376 -438 -314 -249 -169 -467 -381 -414 0
383 -390 -79 -400 -97 342 -355 -39 -129 -190 0
272 -270 -87 -149 -57 -495 -115 -408 -139 0
312 -249 -314 -381 -57 -79 -382 -97 -355 -4 -154 -217 -430 -13 -322 0
340 -83 -57 -13 -407 -197 0
-508 -249 -217 -13 -314 -97 -355 -135 -382 -57 0
90 -75 -169 -381 -314 -160 -121 -467 -4 -154 0
354 -442 -419 -438 -217 -249 -522 -496 -453 -390 -275 -97 -197 -355 342 -129 -190 -38 0
122 -419 -270 -438 -400 -352 -217 -249 -522 -390 -97 -197 -355 342 -190 -38 -24 -314 -381 -467 -169 -75 -154 -160 -4 0
268 -440 -408 -419 0
269 -500 -167 -57 -217 -87 0
315 -197 -438 -270 -167 -57 -217 -390 -113 -154 -4 -121 -400 -249 -522 -97 -352 -355 342 -190 -38 -314 -381 -467 -169 -160 0
313 -87 -322 -467 -381 -169 -13 -57 -249 0
86 -18 -295 -501 -438 -167 -408 -419 -322 -270 0
342 -413 -57 -217 -322 -249 -13 -154 -4 -121 -400 -97 -352 -355 -314 -381 -169 -160 -79 -382 -430 0
-87 -408 -382 -509 -79 -440 -430 -376 -314 -85 -322 -467 -381 -169 -13 -57 -249 0
268 -440 -438 -314 -249 -376 -217 -408 0
-408 -249 -139 -314 -40 -426 -154 -196 -438 -382 -400 -217 -79 -522 -376 -352 -509 -430 -85 -322 -467 -381 -169 -13 -57 -406 0
-87 -196 -13 -382 -84 -430 -57 -314 -85 -322 -467 -381 -169 -249 0
-249 -57 -382 -13 -314 -217 -97 -355 -135 0
-383 -389 -177 -500 -360 -351 -168 -79 -509 -382 0
74 -197 -57 -341 -77 249 -113 -94 -26 -22 -323 -223 -217 -13 -154 0
-197 342 -355 -97 -190 -4 -154 -73 -57 -341 -77 249 -113 -94 -26 -22 -223 -217 -13 0
406 -73 -154 -113 -509 -382 -355 -97 -190 -4 -57 -341 -77 249 -94 -26 -22 -223 -217 -13 -322 0
155 -272 -217 -197 -419 -382 -388 -341 -407 -269 -500 -97 -314 -57 -315 -13 -248 -152 -224 -136 -23 -89 -4 0
81 -109 -281 -459 -38 -473 -128 -212 -34 -401 -388 0
156 -260 -12 -459 -349 -509 -212 -401 -167 -500 -388 -79 -281 -38 -473 -34 -89 -4 0
-197 -171 -382 -97 -314 -57 -217 -315 -13 -248 -152 -224 -136 -341 -407 -269 -500 -4 -154 -12 -509 -79 -281 -38 439 -85 -322 -310 -113 -60 -32 -139 -522 -426 -430 -63 -77 -196 0
-57 -135 -13 -97 -314 -217 -355 -382 0
-135 -382 -97 -355 -217 -314 -13 0
86 -57 -324 0
-197 -249 -217 -57 -13 340 -438 -126 0
273 -164 -404 -283 -109 -473 -275 -481 -233 -67 -121 -139 -138 357 -97 -33 -304 -160 0
323 -392 -460 -404 -108 -220 -409 -130 -453 -82 -406 -160 -283 -473 -275 -481 -233 -67 -121 -139 -138 357 -97 -33 -304 -75 -156 -113 -495 -412 -57 -24 -314 0
-249 -38 -312 -113 -57 -324 -130 -139 -138 357 -97 -156 -314 -217 -81 -509 -382 -40 -13 340 0
-57 -382 -314 -217 -97 -13 -355 0
219 -412 -312 -62 -380 -355 -138 -97 -193 -152 -262 0
510 -113 -389 -152 -500 -27 -427 -156 -97 -75 -355 -273 -190 -169 0
-113 -190 -134 -427 -75 -156 198 -353 -509 -389 -152 -500 -27 -97 -355 -273 -169 0
86 -270 -355 -495 -134 -156 -509 -152 -169 -262 -217 -312 -62 -138 -197 -313 -436 -249 -314 -407 -81 -324 -97 0
-270 -62 -355 -314 -382 -13 -217 -509 -97 -249 0
154 -413 -62 -139 -424 -271 -113 -75 0
323 -113 -500 -27 -97 -75 -355 -169 -424 -509 -401 -217 -224 -13 -159 -332 -271 -340 -314 -382 -24 0
414 -458 -260 -416 -2 -497 -327 -130 -495 -411 -113 -62 0
354 -37 -509 -192 0
-113 -500 -36 -97 -382 -17 -509 -192 -46 -77 -467 -340 -379 -313 -27 -355 -169 -424 -401 -217 -224 -13 -159 -332 -271 -314 0
-401 -509 -314 -13 -217 -97 -355 -382 -249 0
22 -453 -332 -498 -302 0
-62 -113 -97 -355 -217 -314 -382 -13 -509 -249 0
356 -340 -376 -217 -314 57 -13 -224 -190 -97 0
-509 -249 -355 -217 -314 -382 -13 -97 0
-249 -382 -97 -355 -217 -314 -13 0
-509 -521 -217 -355 -81 -192 -382 -383 0
4 -65 -240 -34 -76 -129 -122 0
160 -361 -355 -32 -97 -521 -76 -240 -506 -65 -203 -122 -8 0
162 -485 -84 -32 -408 -139 -271 -122 0
114 -312 -355 -32 -97 -521 -76 -240 -506 160 -203 -122 -8 -413 -389 0
356 -175 -362 -295 -389 -34 -500 196 -438 -97 0
-382 -314 -97 -355 -217 -13 0
79 -434 -345 -501 -258 -390 -134 0
Solved
