417 -67 -458 -319 -272 -427 -259 0
273 -157 -403 -385 -343 -130 -430 -433 -458 -319 -286 -7 0
478 -458 -403 -355 -454 -340 -79 -85 -124 -316 -259 -148 -272 -385 -343 -130 -430 -433 -319 -286 -7 -315 0
457 -458 -367 -142 -430 -433 -166 -319 -286 -7 -403 -385 -343 -130 -76 -272 0
159 -315 -148 -478 -403 0
405 -478 -262 -94 -315 -169 -148 0
150 -91 -34 -172 -94 -220 -169 0
-91 -148 -172 -94 -220 -169 -34 0
149 -133 -100 -301 -79 -85 -481 -340 -31 -463 -286 -355 -262 -94 -169 -148 -373 -403 -220 0
490 -31 -79 -481 -85 -463 -340 -301 -286 -355 -262 -94 -403 -220 -169 -172 -34 0
-148 -149 -370 -301 -79 -85 -340 -31 -355 -403 -169 -259 -172 -94 -220 -34 0
96 -38 -31 -355 -340 -181 -370 -262 -91 0
404 -181 -319 -31 -355 -220 -340 -172 -166 -370 -34 -262 -94 -367 -121 0
341 -91 -166 -172 -34 -319 -220 -31 -355 -340 -181 -370 -262 -94 -266 0
148 -31 -94 -370 -355 -340 -262 -166 -172 -34 -319 -220 -367 -403 0
496 -220 -268 -58 -262 -94 -403 -169 -301 -79 -85 -481 -340 -463 -286 -355 -259 -370 -172 -34 -319 -367 0
95 -121 -403 -247 -331 -274 -421 -40 -496 -355 -85 -220 -340 -172 -181 -370 -34 -262 -91 0
-91 -274 -331 -403 -421 -40 -496 -355 -85 -220 -340 -172 -370 -34 -262 -94 -169 0
122 -19 -367 0
357 -31 -496 -340 -85 0
-31 -496 -85 -340 -355 0
150 -475 -421 -361 -331 -403 -220 0
121 -266 -169 -150 0
123 -19 -367 0
342 -337 -370 -133 -301 -421 -361 -331 -403 -220 -169 121 -79 -355 -85 0
499 -301 -331 -403 -370 -169 -421 -79 -355 -85 -340 -367 -40 -172 -34 -262 -94 -268 -58 -481 -463 -286 -259 0
-31 -121 -7 -330 -433 -94 -476 -352 -262 -38 -183 -268 -58 -403 -169 -301 -79 -85 -481 -340 -463 -286 -355 -259 -370 -172 -34 -220 -367 -149 0
122 -374 -169 -262 -476 -94 -183 -158 -38 -92 -172 -220 -34 -403 -367 -352 0
-121 -476 -38 -421 -331 -370 -92 -403 -367 -122 -7 -330 -433 -94 -352 -262 -183 -268 -58 -169 -301 -79 -85 -481 -340 -463 -286 -355 -259 -172 -34 -220 -149 0
-220 342 -370 -301 -421 -331 -403 -169 -79 -355 -85 -340 -259 -172 -94 -34 -38 -367 -7 -433 -352 -262 -268 -58 -481 -463 -286 -158 -222 0
123 -148 -403 0
122 -148 -403 0
356 -286 -58 -262 -94 -403 -169 -370 -301 -421 -331 -79 -355 -85 -340 -259 -172 -34 -367 -7 -433 -352 -268 -481 -463 -499 -454 0
-148 -122 -79 -85 -481 -340 -463 -286 -355 -262 -94 -169 -403 -220 -258 -268 -58 -259 -182 -473 -370 -126 -135 -150 -301 -172 -34 0
-122 -375 -169 -477 -94 -159 -39 -262 -403 -367 -352 -182 -79 -85 -481 -340 -463 -286 -355 -220 -258 -268 -58 -259 -473 -370 -126 -135 -150 -301 -172 -34 0
-38 -363 -421 -331 -477 -91 -355 -340 96 -370 -262 -181 -39 0
-220 -268 -7 -58 -262 -94 -403 -169 -301 -79 -85 -481 -340 -463 -286 -355 -259 -370 -172 -34 -367 357 -421 -331 -159 -352 -221 0
502 -7 -403 -262 -94 -169 -58 -85 -481 -463 -355 -259 -370 -172 -367 -421 -331 -352 -454 -433 -40 0
-150 -34 -502 -340 -172 -355 -220 -169 121 -148 0
-34 121 -340 -355 -172 -220 -169 -502 -148 0
149 -91 -262 -370 -94 -169 0
-148 -122 -262 -94 -169 -340 -355 -172 -220 -502 -370 -403 0
95 -34 -502 -181 -340 -262 -91 0
-34 -181 -502 -340 -262 -91 -94 0
96 -247 -324 -17 -209 -421 -340 -331 -181 -370 -362 -262 -91 -355 -38 0
-122 -220 -502 -355 -85 -340 -370 -262 -169 -94 -421 -331 -403 -367 -352 -172 -58 0
95 -323 -18 -502 -85 -210 -340 -181 -266 -370 -262 -169 -91 0
122 -340 -502 -355 -85 -58 -370 -262 -169 -94 -367 -403 0
150 -181 -94 -262 -169 0
-181 -148 -94 -169 -262 0
95 -475 -421 -427 -481 -1 -7 -73 -433 -382 -502 -85 -340 -256 -355 -403 -262 -370 -94 -169 121 -148 0
-340 -7 -370 -454 -427 -421 -481 -1 -259 -73 -433 -382 -502 -85 -355 -403 -169 -94 -262 -331 -367 -352 -172 -58 0
123 -488 -234 -120 -284 -479 -247 -246 -104 -208 -403 -367 0
92 -104 -481 -463 -479 -284 -234 -151 -247 -403 -367 -121 -120 -246 -135 0
-19 -121 -367 0
96 -151 -463 -481 -247 -403 -367 -121 -181 -370 -262 -169 0
123 -105 -481 -463 -480 -285 -233 -48 -151 -247 -208 -403 -367 0
340 -481 -367 -403 -463 -370 -262 -169 -94 0
96 -181 -262 -94 -169 -58 -85 -481 -463 -355 -259 -370 -367 -421 -331 -352 -454 -433 -40 -403 0
122 -48 -421 -153 -331 -247 -32 -338 -208 -38 -403 -367 -352 0
-181 -262 -85 -370 -355 -169 -94 -421 -331 -403 -367 -352 -58 -481 -463 -259 -454 -433 -40 0
423 -339 -39 357 -340 -85 -363 -331 0
310 -168 -293 -498 -339 -298 -33 -390 -363 0
134 -316 -487 -259 -58 -410 -73 -382 -293 -298 -390 -363 -322 -248 -331 -46 -421 -39 357 -340 -85 -370 0
324 -273 -288 -248 -245 0
310 -293 -417 -346 -421 -498 -298 -331 -33 -390 -363 0
95 -481 -73 -382 -421 -298 -331 -427 -463 -262 -94 -148 -169 -454 -133 -259 -58 -340 -85 -370 -355 -403 0
92 -133 -370 0
422 -346 -298 -73 -117 -40 -38 -330 -294 -32 -85 -340 -355 -362 -331 0
310 -338 -167 -497 -294 -298 -32 -389 -362 0
469 -316 -487 -259 -58 -417 -411 0
17 -469 -73 -382 -211 0
135 -310 -208 0
-310 -208 -133 0
508 -298 -73 -382 -259 -58 -331 -421 -40 -85 -355 -370 -403 -169 -427 -463 -454 -367 -352 -433 0
95 -262 -508 0
96 -262 -508 0
-133 -135 -91 -370 0
369 -121 -324 -17 0
-121 -247 -271 -234 -244 -338 -102 -324 -39 -310 -104 -17 -352 -208 -367 0
121 -479 -489 -169 -126 -314 -150 0
-324 -17 -403 -367 -271 -234 -244 -338 -102 -39 -310 -104 -121 -352 -208 0
324 -81 -301 -503 -489 -271 -126 -267 -403 -244 -121 0
17 -208 -367 0
488 -232 -181 -85 -340 -124 -58 0
125 -488 -58 -284 -232 -374 -181 -153 -340 -85 0
286 -284 -181 -340 -85 -124 -58 -153 -220 -257 0
232 -284 -38 -85 -340 -355 -168 -331 -370 -421 -91 -220 -153 -407 -29 0
170 -181 -508 -262 -463 -38 -85 -340 -355 -168 -331 -370 -421 -220 -153 -407 -29 -273 -288 -58 -257 -267 0
233 -142 -168 -105 -267 -273 -262 -181 -340 -85 -58 -153 -220 -257 -288 0
-284 -273 -288 -463 -257 -508 -220 -262 -181 -233 -285 -38 -85 -340 -355 -168 -331 -370 -421 -153 -407 -29 0
182 -301 -288 -473 -273 -267 -463 -355 -85 -508 -340 -262 0
-324 -121 -508 -262 -355 -85 -340 -331 -370 -421 -58 -169 -433 -403 -352 -208 -463 -367 0
183 324 -58 -403 -121 -463 -355 -85 -508 -340 -262 -370 0
-121 -208 -463 -355 -508 -340 -262 -58 -403 -85 -370 -178 -433 -367 -352 -331 -421 -169 0
-133 -91 -370 0
182 -313 -421 -298 -73 -40 -85 -340 -355 -331 -259 -463 -265 -508 -403 -169 -262 -148 0
-262 -340 -421 -85 -331 -259 -370 -169 -463 -508 -403 -355 -298 -73 -40 -58 -178 -433 -367 -352 0
509 -481 -463 0
-481 -508 -463 0
285 -249 -46 -322 -152 -245 -288 -232 0
37 -111 -298 -346 -257 -223 -220 -427 -477 -321 0
423 -257 -340 -355 -410 -403 -321 -39 -298 -346 -85 -223 -220 -260 -416 -331 0
405 -130 -168 -433 -331 -28 -442 -116 -9 -475 -62 -343 -220 -257 -157 -148 0
404 -471 -410 -346 -109 -298 -297 -390 -343 -170 -157 -148 0
-257 -433 -293 -331 -442 -116 -9 -62 -343 -220 -157 -148 -321 -245 -39 -326 -249 -403 -410 -346 -298 -297 -390 -170 -260 -416 -422 -340 -355 -85 -223 0
273 -293 -148 -245 -331 -116 -343 -157 -39 -403 -410 -346 -297 -390 -170 -416 -340 -355 -85 -46 -152 -513 -316 -58 -472 -232 -283 -458 0
374 -283 -232 0
249 -503 -67 -270 -458 -340 -272 -151 0
342 -503 -126 -473 -85 0
149 -257 -245 -331 -343 -157 -403 -410 -297 -170 -416 -340 -355 -85 -46 -58 -232 -283 -458 -126 -473 -272 -67 -270 -151 -288 -148 -220 0
341 404 -410 -297 -343 -170 -157 -148 -416 -318 -126 -476 -512 -265 -46 -355 -151 -85 0
150 -473 -133 -126 -85 -340 -410 -297 -343 -170 -157 -148 -416 -318 -512 -46 -355 -151 -403 -220 0
Solved
