464 -259 -403 -301 -295 -391 -151 -439 -130 0
260 -403 -211 0
547 -273 -364 -90 -25 -498 0
96 -364 -25 0
272 -156 -459 -313 -544 -79 -267 -227 -393 -160 -439 -16 -577 -90 0
89 -547 -176 -272 -522 -313 -79 -151 0
265 -165 -83 -429 -510 -357 -478 -230 -563 -183 0
548 -5 -184 -367 -378 -183 -267 -83 -429 -510 -357 -478 -230 -563 -415 -32 -389 -125 -559 -289 0
265 -478 -493 -563 -83 -429 -510 -357 -230 -183 0
366 -16 -484 -367 -19 -493 -556 -328 -522 -577 -313 -79 -151 -459 -544 -393 -160 -439 -505 -517 -567 -96 -25 0
163 -444 -500 -406 -352 -426 -357 0
267 -183 -16 -245 -67 -312 -576 -418 -493 -500 -406 -439 -556 -463 -295 -467 -151 -79 -547 -166 -577 -176 -227 0
-183 -478 -493 -563 -429 -83 -230 -577 -295 -16 -151 -176 -160 -79 -227 -266 -245 -67 -312 -576 -418 -500 -406 -439 -556 -463 -467 -547 -166 0
130 -245 -577 -295 -151 -160 -79 -493 -67 -576 -500 -406 -439 -556 -166 -517 -567 -25 -484 -367 -19 -328 -522 -313 -459 -544 -393 0
175 -377 -577 -365 -151 -17 -517 -130 -507 0
18 -510 -410 -556 -522 -456 -567 -79 -231 -151 -377 -130 0
152 -512 -163 -410 -500 -577 -492 -522 -439 -272 -459 -425 -544 -365 -467 -313 -130 -79 0
411 -529 -459 -344 -156 -336 -63 -393 -461 -288 -464 -504 -538 -577 -556 0
566 -163 -367 -389 -425 -435 -393 -6 -288 -410 -459 -504 -577 -556 -274 -492 -544 -522 -456 -313 -270 -130 -79 -151 -500 -439 -272 -365 -517 0
80 -515 -556 -522 -466 -456 0
409 -163 -425 -428 -522 -517 -272 -459 -544 -365 -367 -130 -466 -313 -151 -79 -556 -456 -393 -510 -288 0
266 -357 -517 -151 -79 -556 -522 -459 -544 -367 -130 -313 -393 -567 -389 -504 -577 -492 -500 -439 -166 -160 -183 0
410 -426 -406 -500 -154 -200 -517 -108 -567 -468 -465 -523 -538 -577 -556 0
566 -352 -484 -576 -439 -18 -500 -522 -406 -516 -357 -163 -493 -426 -58 -480 -154 -564 -517 0
81 -357 -522 -500 -556 -367 -567 -484 -576 -439 -406 -493 -58 -517 -577 -492 -160 -266 -459 -183 -544 -130 -151 0
-357 -183 -567 -393 -25 -439 -522 -313 -79 -151 -160 -295 -130 -517 -500 -556 -367 -484 -576 -406 -493 -58 -577 -492 -459 -544 -389 -504 -166 0
424 -234 -319 -243 -58 -423 -173 -517 -328 -429 -282 0
-183 -500 -319 -58 -517 -328 -160 -367 -556 -493 -415 -522 -313 -130 -79 -151 -295 -567 -393 -25 -439 -484 -576 -406 -577 -492 -459 -544 -389 -504 -166 0
404 -484 -79 -319 -58 -517 -328 -160 -367 -556 -493 -415 -295 -25 -439 -151 -406 -577 -166 -67 -19 -260 -301 -211 0
425 -163 -429 -356 0
131 -429 -166 -283 -439 -392 -517 -63 -424 -498 -356 -458 -182 -544 0
457 -524 -392 -442 -63 -439 -156 0
210 -140 -158 -12 -575 -104 -77 -336 -343 -238 0
164 -158 -390 -439 -463 -575 -319 -104 -77 -243 -208 -12 -336 -343 -238 -418 -367 -493 -415 -184 0
426 -463 -514 -356 -182 -390 -439 -556 -575 -319 -243 -208 -336 -238 -367 -493 -415 -184 -58 -491 -544 -328 -458 -392 -442 -63 -96 -577 -160 -16 -352 0
-429 -424 -283 -439 -442 -406 -577 -356 -352 -90 -514 -182 -390 -556 -575 -319 -243 -208 -336 -238 -367 -493 -415 -184 -58 -491 -544 -328 -458 -392 -63 -160 -25 -132 -166 -517 -498 0
-424 -90 -577 -283 -439 -442 -406 -352 -356 -514 -182 -390 -556 -575 -319 -243 -208 -336 -238 -367 -493 -415 -184 -58 -491 -544 -328 -458 -392 -63 -160 -25 -132 -166 -517 -498 0
-429 -243 -319 -58 424 -517 -328 -493 -415 -184 -367 -467 -566 0
165 -87 -484 -577 -575 -352 -523 -439 -317 -442 -280 -406 -184 -169 0
153 -352 -205 -493 -415 -184 -484 -577 -575 -367 -439 -442 -406 -458 -58 -517 -319 -328 -566 -283 -514 -390 -556 -208 -238 -491 -544 -392 -160 -25 -166 -313 -295 -79 0
164 -429 -517 -468 -566 -367 -357 -184 0
425 -174 -517 -62 -458 -328 -556 -392 -514 -429 -352 -163 0
-429 -163 -357 -517 -62 -458 -328 -556 -392 -514 -352 -205 -367 -493 -415 -184 -468 -566 0
391 -422 -254 -242 -174 -544 -328 -458 -426 -155 -62 0
165 -180 -406 -458 -442 -155 -439 -62 -392 -254 -242 -174 -544 -328 -426 -367 -415 -184 0
-163 -357 -367 -493 -415 -205 -184 -406 -458 -442 -439 -62 -392 -242 -544 -328 -517 -556 -514 -352 -468 -566 0
499 -283 -577 -517 -439 -556 -406 -458 -514 -544 -367 -493 -415 -205 -184 -392 -328 -566 -313 -295 -79 -151 -484 -575 -58 -319 -390 -208 -238 -491 -160 -25 -166 0
424 -429 -566 -79 -517 -313 -467 -319 -58 -328 -493 -415 -184 -367 0
-357 -409 -577 -16 -556 -522 -160 -166 -283 -439 -392 -517 -424 -429 -458 -544 -313 -151 -566 -79 164 -367 -184 0
-429 164 -282 -328 -458 -392 -439 -283 -503 -166 -517 -544 -577 -313 -79 -556 -151 -514 -295 -522 -160 -566 -58 -367 -184 -353 -467 -319 -493 -415 0
164 -173 -205 -282 -328 -458 -392 -439 -283 -503 -166 -517 -544 -577 -313 -79 -556 -151 -514 -295 -522 -160 -566 -58 -367 -184 -353 -467 -319 -493 -415 0
507 -176 -229 -491 -200 -16 -115 -267 -160 -411 -228 -269 0
506 -364 -25 -566 -267 -517 -228 0
-356 -429 -424 -491 -160 -25 -566 -517 -166 -283 -439 -392 -353 -458 -544 -313 -181 -79 -137 -56 -556 -151 -406 -205 -514 -295 -169 -355 0
356 -467 -439 -517 -458 -566 -544 -392 -313 -181 -79 -556 -151 -514 -295 0
-522 -491 -160 -25 -566 -517 -166 -439 -392 -458 -544 -313 -79 -556 -151 -406 -205 -295 -328 -503 -577 -58 -367 -319 -493 -415 -501 -484 -575 -390 -238 -521 0
185 -429 -356 -170 -517 -566 -467 -367 0
426 -507 -160 -577 -411 -353 0
355 -425 -166 -289 -90 -285 -439 -392 -63 -58 -498 -160 -577 -353 -556 -517 -516 -429 0
426 -423 -243 -234 -367 -319 -467 -566 -517 -58 -458 -328 -280 0
-429 -498 -166 -289 -90 -285 -439 -392 -63 -58 -517 -243 -367 -319 -467 -566 -458 -328 -493 -415 -356 -160 -577 -556 -516 -501 -186 -170 0
580 -367 -493 -415 -205 -166 -439 -58 -517 -319 -328 -160 -577 -556 -295 -151 -406 -79 -25 -301 -67 0
165 -173 -367 -401 -406 -205 -493 -415 -169 0
-184 -544 -295 -173 -151 -328 -79 -566 -517 424 -319 -58 -493 -415 -429 -367 -357 164 0
-63 -90 -429 -166 -285 -439 -392 -58 -517 -367 -319 -467 -566 -458 -328 -493 -415 -356 -160 -577 -556 -516 -186 -170 -301 -260 -314 -62 0
130 -175 -25 -566 -517 -182 -507 0
-467 -62 -429 -166 -439 -392 -58 -517 -367 -319 -566 -458 -328 -493 -415 -356 -160 -577 -556 -170 -301 -300 -521 -192 -185 -280 -175 -378 -318 -84 -507 -295 -130 -151 -79 -466 0
467 -521 -79 -517 -429 -566 -367 -357 164 0
175 -522 -556 -577 80 -466 -160 -132 -84 -507 0
-184 -173 -458 -295 -328 -151 -79 -566 -517 -319 -58 -493 -415 -429 -367 -357 164 -425 -160 -84 -507 -25 -556 -577 80 -466 0
-175 -170 -166 -439 -392 -58 -517 -367 -319 -566 -458 -328 -493 -415 -356 -160 -577 -556 -429 -301 -300 -521 -192 -185 -467 -378 -280 -84 -507 -295 -151 -79 -466 -156 -425 -25 -182 0
-357 -356 -577 -166 -439 -392 -58 -517 -367 -319 -566 -458 -328 -493 -415 -160 -556 -429 -301 -295 -151 -79 -25 -406 -205 0
425 -267 -25 -566 -160 -228 -132 -517 -182 -175 -429 0
163 -424 -367 -580 -328 -458 -429 -517 -175 -184 -25 -566 -160 -132 -182 -556 -516 -521 -406 -171 0
505 -227 -160 -84 0
-424 -175 -458 -517 -160 -556 -516 -521 -580 -184 -165 -429 -356 -367 -328 -25 -566 -132 -182 -406 -171 0
-175 -184 -166 -439 -392 -58 -517 -367 -319 -566 -458 -328 -493 -415 -356 -160 -577 -556 -301 -521 -467 -295 -151 -79 -25 -182 -165 -516 -580 -429 -132 -406 -171 0
506 -409 -556 -577 -467 -566 -455 -160 -517 -226 -132 0
163 -575 -311 -58 -301 -316 -176 507 -229 -115 -160 -411 -269 -18 -132 -201 -525 -443 -266 -406 -205 -182 -171 0
186 -178 -319 -58 -132 -18 -458 -155 -424 -429 -356 -311 -301 -176 507 -229 -160 -269 -266 -406 -205 -182 -171 -439 -271 -577 -409 -556 -328 -516 -172 -521 -367 0
-184 -356 -556 -301 -458 -566 -328 -406 -367 -429 -577 -517 -319 -58 -160 -205 -439 -166 -392 -493 -415 -295 -151 -79 -25 -580 0
-175 -176 -439 -392 -58 -517 -367 -319 -566 -458 -328 -493 -415 -356 -160 -577 -556 -429 -301 -521 -170 -185 -467 -300 -280 -507 -295 -151 -79 -425 -25 -182 -132 -166 0
175 -507 -556 -577 -467 -566 -455 -160 -517 -132 0
259 -90 -429 -166 -285 -439 -392 -58 -517 -367 -319 -467 -566 -458 -328 -493 -415 -356 -160 -577 -556 -516 -186 -170 -314 -213 0
-507 -182 -546 -132 -439 -392 -58 -517 -367 -319 -566 -458 -328 -493 -415 -356 -160 -577 -556 -429 -301 -521 -170 -185 -467 -300 -280 -295 -151 -79 -425 -25 -166 -455 0
-356 -392 -458 -429 -517 -439 -328 -58 -367 -319 -566 -493 -415 -160 -577 -556 -301 -295 -151 -79 -25 -166 -406 -205 -580 0
130 -507 -178 -577 -556 -515 -160 -522 -406 -170 -164 -424 -58 -458 -328 -172 -367 -468 -566 -517 -439 0
567 -546 -522 -261 -406 -183 -170 -458 -164 -424 -160 -507 -517 -229 0
-507 -392 -429 -458 -328 -556 -517 -301 -522 -424 -315 -164 -261 -183 -172 -367 -468 -566 -406 -170 -160 -229 -131 -178 -577 -515 -58 -439 0
181 -508 -513 -577 -364 -16 -177 -160 -493 -228 -164 0
182 -155 -424 -458 -177 -544 -228 0
-392 -458 -577 -160 -493 -25 -556 -517 -429 -328 -301 -367 -566 -406 -58 -439 -79 -151 -295 -319 -415 -166 -205 -580 0
-132 425 -429 -295 -182 -151 -25 -566 -160 -175 -228 -517 -130 0
259 -405 -580 0
366 -511 -25 0
131 -228 -285 -175 -507 -366 -151 0
132 -182 -259 -295 -79 -151 0
-507 -182 -295 -259 -151 -285 -175 -366 -132 -25 -566 -517 0
-182 -175 -517 -160 -556 -458 -580 -429 -367 -328 -25 -566 -406 -295 -151 -79 -259 -285 -366 0
365 -511 -25 0
425 -151 -566 -507 -175 -228 -367 -182 -429 -25 -160 -517 -132 0
-151 -367 -556 -182 -25 -507 -175 -228 -566 -517 -429 -160 -132 0
80 -521 -62 -261 -211 -295 -301 -356 -509 -287 -411 -556 -583 0
81 -466 -583 -556 -455 0
424 -295 -509 -287 -411 -556 -583 -79 -455 -458 -545 -182 -266 -365 -25 -566 -517 -429 0
151 -411 -556 -517 -455 -458 -566 -545 -230 -376 -182 -429 -25 -160 -175 -228 -132 -426 -509 -287 -266 -365 0
-25 -429 -566 -517 -160 -175 -228 -182 -132 -556 -507 -458 0
176 -228 -507 0
424 -155 -429 -517 0
-151 -132 -182 -25 -507 -175 -228 -566 -517 -429 -160 -556 0
-132 -25 -556 -182 -517 -507 -175 -228 -566 -429 -160 0
81 425 -556 -566 -507 -160 -546 -228 -429 -411 -584 -182 0
261 -35 -448 -94 -25 -580 -301 -591 -403 -296 0
368 -458 -546 -313 -25 -296 -105 -190 -155 -517 -577 -507 -273 -228 -267 -89 -366 -465 -566 -539 -520 -281 -466 -184 -172 0
227 -229 -566 -25 -366 -507 -267 -160 0
297 -42 -313 -248 -61 -210 -66 -28 -511 -276 -168 -58 -25 -492 -301 -206 -403 -169 -213 -355 -260 0
468 -77 -276 -221 -105 -58 -210 -35 -301 -213 -403 -313 -260 -296 -248 -61 -511 -168 -25 -169 -355 -200 -400 -525 -55 -178 -73 -465 -539 0
464 -322 -77 -491 -255 -200 -400 -525 -55 -178 -73 -33 0
315 -51 -238 -225 -273 -433 -496 -248 -61 0
174 -449 -210 -531 -238 -35 -77 -313 -225 -273 -433 -496 -248 -61 -559 -461 -465 -491 -255 -200 -400 -525 -55 -178 -73 -33 -422 0
376 -238 -255 -35 -286 -281 -330 -172 -210 -531 -77 -313 -225 -273 -248 -61 -461 -465 -491 -200 -400 -525 -55 -178 -73 -415 -549 -299 -94 -390 -160 -70 -18 -5 0
78 -559 -330 -415 -299 -390 -172 -461 -276 -200 -491 -210 -335 -242 0
314 -238 -25 -531 -511 -65 -210 -94 -35 -77 -330 -415 -299 -390 -172 -461 -276 -200 -491 -392 -61 0
239 -436 -225 0
272 -157 -58 -18 -160 -289 -94 -549 -498 -285 0
259 -65 -94 -281 -330 -172 -285 -273 -58 -18 -160 -549 -35 -248 -313 -531 -511 -25 -210 -77 -415 -461 -276 -200 -61 -541 -20 -169 -301 -355 -403 -296 -213 0
545 -210 -276 -221 -105 -58 -35 -301 -213 -403 -313 -296 -94 -281 -330 -172 -285 -273 -18 -160 -549 -248 -531 -511 -25 -415 -461 -200 -61 -541 -20 -169 -355 -466 -168 -400 -525 -55 -178 -73 -465 -539 0
272 -336 -343 -97 -561 -361 -549 -292 -58 -18 -160 -157 -94 -498 -285 0
297 -343 -94 -448 -281 -330 -172 -285 -273 -25 -97 -561 -361 -549 -292 -58 -18 -160 -225 -384 -438 -301 -248 -403 -313 -259 0
404 -582 -213 0
240 -361 -94 -281 -330 -172 -285 -273 -25 -461 -549 -58 -18 -160 -301 -248 -403 -313 -259 -108 -276 -296 -492 -213 -35 0
405 -76 -105 -221 -35 -240 -248 -313 -403 -301 -259 0
522 -213 -273 -285 -58 -549 -94 -25 -248 -511 -44 -255 -105 -35 -296 -301 -178 -221 -313 -281 -330 -172 -461 -18 -160 -276 -200 -546 -531 -415 -61 -541 -169 -355 -466 -168 -400 -525 -55 -465 -539 -501 -184 0
-458 -94 -281 -172 -285 -273 -25 -461 -549 -58 -18 -160 -301 -248 -313 -276 -296 -35 -105 -221 -546 -577 -184 -520 -511 -44 -255 -178 -415 -61 -541 -169 -355 -466 -168 -400 -465 -539 -501 -115 -137 -369 -457 -190 -155 -517 -507 -228 -267 -89 -366 -566 0
404 -403 -268 -184 -530 -281 -35 -94 -25 -301 -520 -296 -511 -44 -255 -76 -212 -259 0
-330 240 -281 -94 -172 -285 -273 -25 -461 -549 -58 -18 -160 -301 -248 -403 -313 -259 -361 -276 -296 -213 -35 -199 -115 -137 -369 -184 -329 0
-403 -461 -361 -549 -58 -18 -160 -94 -285 -273 -276 -199 -115 -137 -399 -369 -172 -281 -25 -301 -248 -313 -259 -296 -35 -184 -329 -105 -221 -76 -268 -530 -520 -511 -44 -255 -212 0
425 -296 -25 -549 -273 -18 -160 -465 -546 -168 -517 -507 -228 -89 -366 -566 -411 -556 -584 -182 -80 -429 0
260 -369 -5 -378 -186 -35 -265 -163 -240 -182 -301 -62 -546 -403 -313 0
-369 -186 -378 -182 -18 -80 -352 -466 -265 -163 -356 -403 -296 -259 -5 -35 -240 -301 -62 -546 -313 0
-186 -240 -285 -549 -94 -25 -163 -259 -591 -356 -313 -182 132 -151 -378 -352 -466 -265 -403 -35 -126 -301 -62 0
261 -522 -285 -213 -126 -403 -289 0
186 -213 -273 -58 -18 -160 -94 -549 -313 -403 -259 -285 -126 -318 -280 0
-213 -313 -12 -265 -163 -182 -62 -378 -301 -259 -192 -403 -35 -285 -549 -94 -25 -591 -356 132 -151 -352 -466 -126 -273 -58 -160 -318 -280 0
213 -403 -259 0
260 -403 -273 -549 -94 -160 -18 -5 -62 -378 -584 -265 -163 -80 -182 -301 -546 -285 0
186 -313 -18 -160 -94 -549 -273 -403 -259 -285 -280 -59 -396 -242 -173 -208 -330 -520 0
-313 -208 -520 -546 -80 -182 -34 -265 -192 -378 -411 -18 -352 -500 -185 -160 -94 -549 -273 -403 -259 -285 -280 -59 -396 -173 -330 -315 0
-403 -259 -352 -280 -273 -173 -285 -584 -466 -80 -546 -182 -265 -192 -378 -411 -160 -94 -549 -18 -59 -458 -163 -301 -356 -296 -5 -62 0
79 -494 -511 -205 -25 -589 -94 -160 -312 -18 -411 -562 -378 -556 -265 -584 -182 0
261 -211 -466 -80 -511 -25 -94 -160 -312 -18 -411 -562 -378 -556 -265 -182 -163 -356 -296 -584 0
-259 -458 -546 -466 -80 -511 -25 -94 -160 -312 -18 -411 -562 -378 -556 -265 -182 -163 -356 -296 -584 -352 -280 -273 -173 -285 -192 -549 -59 -301 -5 -62 0
181 -514 -411 -556 -84 -507 -466 -228 -80 0
152 -465 -160 -411 -18 -556 -507 -566 -25 -366 -182 -228 -546 -273 -549 -517 -429 -426 -168 0
260 -301 -160 -18 -4 -465 -517 -507 -228 -566 -25 -366 -426 -429 -411 -556 -583 -79 -182 -94 -546 -403 -295 0
81 -466 -182 -583 -556 -228 0
-301 -259 -517 -507 -182 -228 -18 -160 -94 -25 -411 -556 -583 -79 -366 -566 -403 -295 -4 -465 -426 -429 -546 0
567 -429 -228 -507 -160 -517 0
-25 -259 -507 -182 -228 -160 -94 -18 -556 -517 -566 -403 -429 -175 0
-211 -259 -403 0
365 -265 -182 -160 -228 -94 0
-265 -186 -500 -426 -369 -584 -152 -18 -507 -182 -228 -364 -160 -94 0
80 -389 -517 -426 -429 -297 -327 -240 -546 -511 -229 -364 -94 -507 -160 -228 -182 -500 -18 -520 -466 -315 0
184 -353 -426 -500 -165 0
283 -90 -273 0
164 -283 -588 -393 -330 -44 -520 -426 -184 0
284 -90 -273 0
-265 -576 -411 -589 -588 -520 -273 -426 -393 -500 -457 -546 -18 -315 -517 -80 -507 -182 -228 -511 -364 -160 -94 0
238 -178 -73 -589 -58 -577 -411 -537 -116 -375 -44 -531 -492 -517 -335 -190 -76 -209 -36 0
163 -73 -273 -316 -577 -58 -589 -355 -413 -297 -327 -240 -141 -411 -537 -116 -375 -44 -531 -492 -517 -335 -190 -76 -209 -449 -429 -282 -426 0
-184 -588 -429 -517 -426 -457 -393 -283 -44 -520 -165 -273 -316 -577 -58 -589 -355 -413 -297 -327 -240 -141 -411 -537 -531 -492 -335 -190 -76 -209 -449 -138 -500 -368 -185 0
261 -589 -429 -517 -426 -457 -520 -273 -411 -556 -18 -511 -229 -549 -364 -94 -507 -160 -228 -182 -466 -301 -213 -403 0
181 -364 -182 -160 -228 -94 0
-265 -130 -507 -228 -364 -182 -160 -94 0
-259 -403 -18 -94 -507 -160 -228 -182 -517 -429 -556 -566 -175 0
164 -184 -480 -411 -295 -556 -549 -94 -160 -18 -301 -377 -83 -458 -403 -229 -211 -81 -429 -520 -426 -399 0
-90 -285 -273 0
-184 -520 -286 -94 -160 -18 -377 -192 -556 -81 -507 -566 -182 -228 -546 -517 -429 -175 -365 -255 -403 -156 -165 -480 -83 -399 0
-520 -192 -556 -81 -160 -18 -507 -566 -182 -228 -546 -517 -429 -175 -365 -403 -94 -165 -377 -286 -255 -156 -480 -83 -399 0
-285 -172 -330 -281 -184 -94 259 -58 -273 -18 -160 -549 -531 -511 -77 -415 -276 -200 -61 -541 -169 -301 -355 -403 -213 -208 -249 -192 -514 -411 -556 -584 -365 -152 -283 0
364 -172 -415 315 -61 -238 -330 -390 -276 -200 -491 -77 -208 -441 -169 -355 -192 -540 -514 -556 -584 -152 -90 -182 -517 -507 -175 -228 -566 -429 -160 0
-364 -498 -273 -549 -295 -94 -152 -18 -228 -566 506 -517 -267 -507 -265 -182 -160 0
-213 -285 -184 -94 259 -273 -18 -160 -549 -531 -511 -77 -276 -200 -541 -301 -403 -208 -249 -192 -514 -411 -556 -584 -365 -152 -283 -458 -156 -165 -525 -426 -357 -429 -49 -406 -137 -436 -369 -434 -72 -559 -461 -492 0
213 -436 -434 -440 -63 -525 -156 -501 -301 -458 -403 0
226 -265 -403 -94 -18 -160 -556 -182 -517 -507 -175 -228 -566 -429 0
-265 -403 -517 -429 -556 -182 -228 -160 -18 -507 -566 -175 -94 0
-403 -18 -507 -160 -228 -182 -517 -429 -556 -94 -566 -175 0
410 -117 -556 -137 0
409 -282 -426 -429 -317 -229 -58 -377 -589 -6 -578 -192 0
-265 -413 -240 -58 -449 -458 -426 -44 -556 -411 -429 -229 -589 -184 -269 -369 -517 -84 -584 -507 -152 -18 -228 -364 -182 -160 -94 -267 0
410 -406 -429 -525 -426 -199 -44 -556 -297 -369 -589 -584 -514 -499 -577 -352 0
212 -537 -244 -517 -559 -388 -556 -411 -429 -426 -44 -589 -499 -18 -229 -132 -84 -507 -228 -449 -364 -182 -160 -94 -267 -466 -250 -126 -289 -580 -522 -259 0
585 -516 -522 -81 -556 -152 0
409 -74 -361 -178 -276 -492 -199 -44 -273 -496 -136 -455 -314 -556 -81 -583 -522 -152 -473 -509 -287 0
437 -114 -414 -299 -541 -193 -141 -59 -12 0
-364 -365 -388 -168 -556 -411 -273 -499 -429 -426 -517 -507 -18 -228 -182 -160 -94 -580 -259 -211 -244 -229 -466 -549 -511 -541 0
155 -249 -211 -259 -314 -546 -190 -517 0
-356 -185 585 -81 -556 -152 -429 425 0
438 -546 -580 -182 -211 -259 -295 585 -81 -556 -152 -429 -499 -352 -426 -517 -314 -190 0
516 -240 -438 -435 -141 -168 -59 -590 -94 -577 -160 -18 -562 -378 -265 -163 -182 -228 -507 -84 -508 -356 0
191 -467 -567 -367 -574 -67 -433 -211 -62 -314 -247 -6 0
239 -259 -314 -211 -76 -208 -34 0
-259 -211 -458 -546 -238 -314 -208 -34 -255 -43 -556 410 -367 -184 -501 0
583 -546 -160 -228 -94 -507 -18 -182 -517 -429 -556 -175 -458 -238 -255 -43 -352 -192 -567 -574 -67 -433 -62 -247 -152 -81 0
-259 -578 -18 -94 -507 -160 -228 -182 -517 -429 -556 -175 -267 -84 -212 -458 -132 -546 -297 -261 0
315 -185 -173 -280 -368 -426 -165 -466 -458 -18 -160 -228 -182 -517 -429 -556 -94 -507 -175 -212 -267 -132 -546 -297 -508 -192 -247 0
239 -223 -382 0
-223 -382 -238 0
584 -169 -356 -163 -273 -182 -152 -556 -81 0
546 -507 -160 -556 -182 -517 -94 -175 -228 -429 0
226 -376 -160 -230 -18 -507 -228 -364 -182 -94 0
409 -364 -255 -132 -507 -228 -160 -230 -18 -546 -182 -94 -388 -71 -34 -6 -192 0
95 -512 -364 0
-364 -132 -182 -160 -94 -43 -556 -411 -255 -228 -507 -230 -18 -546 -388 -34 -6 -192 -367 -184 -163 0
583 -34 -228 -546 -507 -160 -94 -43 -556 -411 -255 -230 -18 -388 -182 -192 -163 -521 -273 -152 0
79 -521 -273 -152 0
212 -211 -567 -62 -438 -192 -152 -228 -546 -507 -160 -94 -43 -556 -411 -255 -230 -18 -182 -163 -273 -585 -81 -259 0
213 -259 -458 -546 0
-211 -213 -567 -62 -438 -192 -152 -228 -546 -507 -160 -94 -43 -556 -411 -255 -230 -18 -182 -163 -273 -585 -81 -259 0
-364 -512 -182 -160 -94 -228 0
151 -81 -585 0
-175 -259 -364 -429 -426 -517 -507 -18 -228 -182 -160 -94 -556 0
175 -507 -228 0
-364 -507 -160 -228 -182 -517 -429 -556 -94 -18 -426 0
-507 -546 -228 -182 -132 -160 -517 -429 -556 -94 -18 -426 0
544 -301 -462 -561 -441 -276 -244 -433 -166 -589 -578 -18 -132 0
-211 -462 -273 -152 -313 -259 -546 -81 -561 -441 -276 -433 -166 -589 -578 -18 -132 0
545 -316 -589 -433 -166 -155 -313 -18 -457 -259 -132 0
260 -531 -375 -457 -537 -155 -245 -62 -403 -313 0
190 -437 -240 -248 -36 0
558 -293 -44 -254 -178 -561 -276 -433 -166 -589 -578 -18 -191 -313 -259 -537 -155 -546 -449 -281 -585 -455 -184 -81 -273 -152 0
-273 -259 -546 -18 -81 -353 -585 -409 -556 -44 -254 -178 -561 -276 -166 -589 -191 -537 -155 -449 -281 -455 -184 -152 -498 -271 0
16 -579 -409 -353 0
388 -344 -99 -334 -112 -561 -299 0
-403 410 -556 -44 -254 -334 -561 -362 -294 -492 -463 -566 -467 -172 -367 -184 -521 -458 -213 -405 -259 0
435 -58 507 -176 -229 -267 -16 -200 -160 -411 -228 -269 -247 -487 -301 -44 -561 -537 -589 -388 -244 -61 0
171 -443 -176 -229 -267 -16 -200 -160 -411 -228 -269 -556 -301 -566 507 -467 -499 -367 -184 -521 -516 -355 0
437 -224 -240 0
464 -12 -176 -229 -267 -16 -200 -160 -411 -228 -269 -556 -276 -367 507 -467 -561 0
490 -12 -561 -462 -276 -200 0
459 -301 -281 -367 -317 -467 -566 -184 -276 -492 -561 -200 -240 -169 -176 -229 -267 -16 -160 -411 -228 -269 -556 507 -499 -521 -516 -355 -434 -247 -487 -44 -537 -589 -388 -244 -61 -523 -155 0
-491 -328 -392 -172 -561 -367 -334 -556 -344 -276 -200 507 -176 -229 -267 -16 -160 -411 -228 -269 -492 0
-411 -269 -176 -229 -267 -16 -200 -160 -228 -169 -556 -566 507 -467 -367 -184 -521 -355 -434 -561 -276 -172 -334 -492 -61 -531 -155 -458 -281 -317 -247 -487 -44 -537 -589 -523 -213 -254 -362 -294 -463 -405 -259 -508 0
369 -440 -391 -301 -443 -566 -499 -467 -184 0
490 -247 -254 -44 -77 -241 -169 -355 -34 -112 -127 -515 -213 -405 -449 -317 -521 -499 -281 -184 -172 -367 -391 -566 -467 -463 -461 -178 -523 -294 -276 -200 0
186 -61 -155 -589 -169 -391 -355 -302 -34 -515 -213 -405 -449 -317 -521 -499 -281 0
313 -317 -169 -281 -523 -458 -213 -405 -259 -463 -566 -51 -172 -184 -155 -589 -355 -449 -254 -44 -77 -178 -294 -276 -200 -6 -556 -508 -353 -191 -176 -229 -267 -16 -160 -228 507 -561 -487 -537 -362 -585 -268 -498 -81 0
501 -20 -462 -463 -172 -51 -70 -487 -493 -242 -77 -561 -254 -62 -44 -400 -213 -259 -155 -116 -294 -55 -458 -200 -178 -523 -442 0
499 -301 -276 -462 -297 -589 -166 -433 -155 -561 545 -313 -18 -259 -132 -213 -353 0
-403 -499 -254 -294 -172 -297 -44 507 -176 -229 -267 -16 -160 -411 -228 -368 -589 -169 -556 -433 -520 -449 -178 -184 -281 -523 -155 -51 -301 545 -313 -18 -259 -132 -213 0
367 -408 -138 -462 -463 -172 -51 501 -487 -493 -242 -77 -561 -254 -62 -44 -400 -213 -259 -155 -116 -294 -20 -458 -200 -178 -523 0
302 -408 -556 507 -176 -229 -267 -16 -200 -160 -411 -228 -444 -449 -281 -329 -458 -155 -62 -502 0
201 -444 -408 -523 -556 410 0
-301 -141 -400 -493 -419 -169 -487 -254 -294 -44 -523 -556 507 -176 -229 -267 -16 -160 -411 -228 -449 -281 -155 -502 -51 -172 -368 -138 -462 -561 -213 -259 -178 -184 -520 -297 -589 -433 545 -313 -18 -132 -276 -353 0
-259 -184 -561 -449 -254 -281 -155 -589 -18 -566 -400 -493 -419 -169 -44 -556 507 -176 -229 -267 -160 -228 -172 -178 -276 -353 -585 -498 -81 -355 -191 -537 -546 -311 -152 0
-269 -106 -276 -200 -491 507 -176 -229 -267 -16 -160 -228 -411 -268 0
68 -338 -238 -438 0
437 -224 0
473 -238 -69 -437 -434 -390 0
212 -491 -449 -413 -326 507 -176 -229 -267 -16 -200 -160 -458 -228 -411 -561 -502 -77 -44 -254 -474 -69 -437 -434 -403 0
303 -491 -437 -561 -462 -276 -200 -69 0
-491 -462 -184 -449 -81 -268 -437 -561 -281 -276 -200 -69 -458 -403 -211 -413 -326 507 -176 -229 -267 -16 -160 -228 -411 -502 -77 -44 -254 -474 -434 0
438 -393 -63 -561 -434 -10 0
303 -10 -437 -561 -434 -69 -155 -458 259 0
-438 -329 -458 -155 -391 -44 -287 -254 -474 -434 -69 -437 0
491 -218 -317 -125 -60 -458 -155 -44 -287 -254 -474 -434 -69 -437 -562 -413 -566 -326 -561 259 -276 0
-438 -211 -403 -449 -413 -326 507 -176 -229 -267 -16 -200 -160 -458 -228 -491 -561 -502 -77 -44 -254 -474 -69 -437 -434 0
-411 -184 -556 -449 -81 -268 -437 -561 -281 -276 -200 -69 -458 -403 -211 -413 -326 507 -176 -229 -267 -16 -160 -228 -491 -502 -77 -44 -254 -474 -434 0
-364 -281 -585 -556 -81 507 -176 -229 -160 -228 -44 -254 -155 -566 -18 -355 -546 -400 -172 -178 -353 -191 -311 -152 -164 -182 -94 0
-546 -81 -585 -556 -18 -160 -228 -152 -182 -94 -426 -429 -517 0
-507 546 -160 -556 -182 -517 -94 -228 -429 0
-81 -228 -160 -556 -182 -517 -94 -426 -429 -18 -585 -152 0
-228 -426 -429 -517 -160 -94 -182 -556 -152 -18 -585 0
425 -561 -567 -130 -556 -231 -585 -549 -507 -377 -17 -517 -365 -577 -429 -352 -177 0
409 -491 -496 -62 -392 -79 -302 -389 -152 -437 -472 -6 -200 -288 -192 -116 0
411 -200 -152 -544 -585 -130 -556 -116 0
-200 -496 -79 -437 -389 -152 -11 -472 -6 -274 -288 -192 -62 -392 -302 -116 -410 -544 -585 -130 -556 0
409 -496 -437 -211 -79 -389 -152 -472 -6 -288 -192 0
-561 -437 -456 -79 -152 -585 -556 16 -66 -288 -544 -274 -567 -160 -227 -549 -507 -517 -429 -177 -45 -426 -377 -17 -365 0
-81 -200 -393 -288 -152 -544 -585 -130 -556 -336 -517 -45 -429 -426 -177 -507 -377 -17 -365 -577 -79 0
175 -522 -544 -516 -295 -517 -130 -429 -163 -507 -426 0
81 -426 -429 -517 -177 -544 -130 -163 -507 -556 -585 -6 -152 0
561 -200 -288 -152 -544 -585 -130 -556 -81 -517 -45 -429 -426 -177 -507 -377 -17 -365 -577 -79 0
-561 -248 -139 -314 -211 -446 -390 -339 -559 -456 -79 -152 -585 -556 16 -66 -288 -544 -274 -567 -160 -227 -549 -507 -517 -429 -177 -45 -426 -377 -17 -365 0
409 -288 -152 -544 -585 -556 -81 -517 -45 -429 -426 -177 -507 -377 -17 -365 -79 -456 16 -66 -274 -567 -160 -227 -549 0
-426 -517 -585 -556 -160 -152 -429 -94 -18 -182 0
492 -324 -314 -335 -104 -78 -261 -128 -316 -500 -282 -284 -185 -521 -515 -556 -538 -464 -461 -106 -274 0
458 -211 -314 -500 -335 -185 -344 -521 -529 0
-211 409 -185 -389 -6 -282 -496 -79 -437 -152 -367 -288 -316 -517 -58 -156 -459 -314 -500 -335 -344 -521 -529 0
211 -500 -185 -521 -261 0
411 -335 -185 -211 -521 -314 -90 -500 -78 -490 -429 -274 -517 -231 -106 -567 -461 -467 -464 -523 -538 -45 -577 -556 -152 -200 -585 -130 -544 0
560 -437 -6 -282 -496 -79 -185 -152 -367 -288 -316 -517 -156 -459 -314 -500 -521 -529 -274 -490 -104 -78 -261 -284 -556 -538 -464 -106 -494 -480 -510 -410 -90 -429 -231 -567 -467 -523 -45 -577 -200 -585 -130 -544 0
565 -515 -282 -211 -185 -367 -429 -556 -456 80 -459 -231 0
409 -462 -316 -185 -556 -464 -282 -106 -274 -490 -567 -211 -367 -429 -456 80 -459 -231 -563 -494 -480 -393 -510 -288 0
561 -464 -556 -410 -316 -185 -282 -106 -274 -490 -567 -211 -367 -429 -456 80 -459 -231 -563 -494 -480 -510 -288 0
-130 -200 -429 -517 -152 -556 -585 -81 -94 -182 -160 -507 -18 0
130 -507 -177 -160 -18 0
410 -507 -18 -160 -354 -177 0
-409 -185 -211 -429 -556 -94 -182 -160 -507 -18 -517 -152 -585 0
81 -450 -282 -272 -496 -66 -211 -170 -356 -567 -429 -156 -515 -517 -556 -190 -585 -6 -152 0
-185 -288 -211 -429 -585 -152 -517 -94 -182 -160 -507 -18 -556 0
-228 -507 -177 0
-261 -356 -556 -585 -152 -79 -185 211 -500 0
-507 -517 -556 -585 -152 -429 -94 -182 -160 -18 0
175 -137 -521 -524 -185 -492 -500 -117 -211 -45 -545 -503 -182 -160 -94 -228 -288 -267 -272 0
411 -500 -211 -355 -521 -165 -185 -457 -545 -182 -228 -177 -45 -160 -94 -84 -229 -81 -376 -585 -6 -577 -556 -191 0
131 -521 -90 -211 -355 -457 -165 -185 -182 -228 -177 -45 -160 -94 -84 -229 -81 -585 -6 -556 -191 -354 -18 0
501 -587 -330 -440 -282 -443 -185 0
437 -40 -445 -337 -247 0
186 -240 -157 -437 -218 -34 -126 -449 -285 -531 -521 -373 0
582 -193 -419 -493 -541 -187 -165 -185 -157 -437 -218 -34 -126 -449 -285 -531 -521 -373 0
176 -334 -241 -211 -581 -419 -165 -185 -218 -34 -449 -531 -521 -445 -463 -279 -276 -200 -84 -479 -566 -65 -178 -81 -525 -585 -474 -578 -556 -191 -267 -409 -228 0
206 -72 -81 -367 -315 -566 -498 -542 -85 -435 -486 -279 -166 -58 -188 -589 -487 0
207 -244 -443 -499 -463 -537 -75 -419 -494 -58 -322 -589 -487 -400 0
-259 -367 -81 -566 -498 -85 -279 -166 -58 -589 -487 -463 -537 -75 -205 -443 -499 -419 -494 -322 -400 -19 -581 -260 -211 0
184 -487 -58 -499 -589 -404 -297 -81 -566 -498 -85 -279 -166 -463 -537 -419 -322 -400 -581 -260 -211 -178 -525 -578 -90 -355 -521 -165 0
-12 -33 -125 -58 -279 -294 -276 -492 -561 -462 -200 0
465 -437 -317 313 -458 -213 -405 -259 -463 -566 -51 -172 -184 -155 -589 -355 -449 -254 -44 -77 -178 -294 -276 -200 -6 -556 -508 -353 -191 -523 -229 -267 -16 -160 507 -561 -487 -537 -362 -585 -268 -498 -81 -287 -474 -176 -58 -125 -279 -492 -440 0
438 -140 -40 -247 -11 0
59 -437 -58 -229 -16 -267 -200 -160 -176 -269 -301 -487 -44 -561 -537 -589 -388 -244 -61 -287 -155 -458 -254 -474 507 -40 -317 313 -213 -405 -259 -463 -566 -51 -172 -184 -355 -449 -77 -178 -294 -276 -6 -556 -508 -353 -191 -523 -362 -585 -268 -498 -81 -193 0
-437 -240 186 -218 -34 -449 -285 -531 -521 -537 -317 -193 -58 -229 -16 -267 -200 -160 -176 -301 -487 -44 -561 -589 -388 -244 -61 -287 -155 -458 -254 -474 507 -40 313 -213 -405 -259 -463 -566 -172 -184 -355 -77 -178 -294 -276 -6 -556 -508 -353 -191 -523 -362 -585 -268 -498 -81 0
-259 -508 -165 -355 507 -267 -115 -229 -16 -200 -160 -176 -419 -322 -445 186 -218 -34 -449 -531 -521 -537 -317 -58 -487 -44 -561 -589 -61 -287 -155 -458 -254 -474 -213 -463 -566 -172 -184 -77 -178 -276 -6 -556 -353 -191 -362 -585 -268 -498 -81 -74 -525 -578 -271 -260 -211 0
-521 -297 -254 -566 507 -229 -160 -61 -355 -155 -165 -58 -172 -178 -6 -556 -191 -585 -81 -211 -185 -85 -400 -90 -311 -177 -457 -94 -45 -354 -182 -18 0
-81 -185 -311 -85 -58 -355 -282 -165 -254 -177 -61 -354 -18 -211 -556 -457 -585 -182 -566 507 -229 -160 -155 -172 -178 -191 -400 -94 -45 -152 0
81 -354 -177 -556 -18 -228 -585 -132 -182 -152 0
185 -409 -191 -18 -254 -585 -556 507 -81 -229 -160 -155 -566 -355 -400 -172 -178 -311 -152 -176 -182 -94 -45 -266 -449 -282 -165 0
495 -439 -586 -302 -463 -75 -103 -486 -58 -188 -589 -487 -205 -400 -419 -322 0
-443 -315 -498 -81 -585 -166 -556 -589 -494 -499 -463 -537 -419 -75 -58 -322 -487 -400 -409 -205 -508 -479 -586 -302 -103 -486 -188 -444 0
17 -409 -498 -81 -585 -166 -556 -419 -58 -400 -355 -282 -165 -185 -84 -213 -403 -311 -229 -457 -259 -254 -266 -45 -182 -365 -160 -94 -228 -354 -132 0
-176 -259 -165 -45 -182 -160 -94 -585 -556 -191 -354 -18 -58 -400 -282 -311 -229 -457 -355 -254 -85 -177 -61 -566 507 -155 -172 -178 -152 0
314 -437 -441 -284 -238 -272 -358 -498 -249 0
315 -238 -580 -403 -209 -259 -242 0
77 -498 -61 -441 -284 -272 -249 -313 -580 -403 -209 -259 -324 -36 0
-498 -589 -249 -361 -294 -272 -284 -580 -403 -297 -259 -85 -313 -316 -167 -58 -548 -41 -94 -566 -182 -160 -228 -45 -254 -104 -76 -61 -441 -209 -324 -36 0
43 -576 -69 -316 -436 -286 -240 -324 -36 -339 -278 -76 -447 -254 0
438 -436 -240 -222 -486 -85 -141 -316 -58 -589 -182 -160 -94 -228 -45 -286 -324 -36 -339 -278 -76 -447 -254 0
-589 -324 -45 -76 -36 -222 -85 -316 -58 -182 -160 -94 -228 -286 -254 -213 -403 -41 -361 -259 -249 -294 -313 -272 -284 -580 -297 -167 -548 -566 -104 -61 -441 -209 0
-185 -441 -249 -61 -355 -259 -45 -76 -36 -222 -85 -316 -58 -182 -160 -94 -254 -361 -566 -104 -400 -585 -178 -75 -500 -184 -311 -282 -165 -177 -354 -18 -556 -457 507 -229 -155 -172 -191 -152 0
314 -437 -441 -76 -222 -104 -485 -11 -548 -403 -36 -498 -259 -249 -61 0
313 -437 -172 -51 -368 -433 -585 -498 -81 0
-437 -194 -487 -216 -51 -11 -403 -433 -259 -61 -172 -368 -585 -498 -81 -441 -76 -222 -104 -485 -548 -36 -249 0
591 -403 -36 -76 -254 -45 -75 -500 -297 -286 -355 -61 -169 -249 -487 -51 -259 -172 -368 -585 -498 -81 -441 -222 -104 -548 -85 -316 -167 -58 0
-403 -441 -316 -85 -76 -222 -104 -548 -36 -259 -249 -61 -58 -81 -585 -75 -368 -178 -487 -400 -169 -355 -297 -254 -45 -500 -286 -172 -167 -577 -90 -521 0
260 -238 -301 -368 -585 -566 -81 -580 -521 -297 -211 0
261 -301 -441 -444 -61 -521 -556 -81 -585 -368 -172 -328 -457 -211 0
465 -184 -160 -94 -45 -254 -76 -36 -585 -566 -259 -61 -556 -172 -457 -500 -316 -85 -222 -104 -249 -58 -178 -487 -400 -355 -577 -282 -165 -361 -182 -311 -177 -354 -18 507 -229 -155 -191 -152 0
260 -587 -58 -563 -286 -316 -566 -392 -575 -238 -437 -580 -403 -297 0
314 -392 -556 -548 -585 -460 -498 -81 -61 0
440 -238 -437 -172 -585 -498 -81 -90 -184 -556 -548 -460 -61 -403 -259 -58 -563 -286 -316 -566 -297 0
313 -302 -576 -590 -566 -245 -167 -172 -51 -437 -585 -498 -81 -184 -520 0
261 -503 -276 -460 -556 -199 -548 -437 -585 -286 -498 -249 -81 -61 -576 -590 -566 -167 -172 -51 -184 -520 -403 0
-238 -437 -403 -297 -259 -276 -460 -556 -199 -548 -585 -286 -498 -249 -81 -61 -566 -167 -172 -184 -577 -90 -439 -58 -563 -316 0
-437 -498 -566 -222 -182 -160 -94 -228 -45 -254 -104 -76 -36 -297 -259 -276 -460 -556 -199 -548 -585 -286 -403 -249 -81 -61 -167 -172 -184 -577 -90 -439 -58 -563 -316 0
-238 -359 -316 -68 -563 -286 -575 -566 -61 -313 -297 -259 -403 -223 -239 0
-498 -403 -585 -460 -81 -500 -282 -548 -94 -61 -182 -160 -228 -439 -45 -254 -104 -76 -36 -316 -563 -286 -566 -297 -259 -556 -249 -222 -276 -199 -167 -172 -184 -577 -90 -58 0
-403 -538 -556 -259 -249 -61 -585 -355 -45 -76 -36 -222 -85 -316 -58 -182 -160 -94 -254 -361 -566 -104 -400 -178 -500 -184 -311 -282 -165 -177 -354 -18 -457 507 -229 -155 -172 -191 -152 -439 -460 -199 -577 0
-238 -498 -160 -94 -228 -566 -548 -182 -538 -521 -556 -81 -585 -368 -172 -328 -580 -457 -211 -259 -301 -297 0
35 -448 -160 -94 -228 -45 -254 -182 -76 0
-184 -36 -556 -585 -172 -457 -259 -160 -94 -566 -182 -61 -45 -254 -76 -282 -500 -311 -85 -58 -355 -165 -177 -354 -18 507 -229 -155 -178 -191 -400 -152 -249 -222 -316 -361 -104 -199 -577 -464 -487 0
409 -259 -85 -355 -282 -165 -311 -58 -254 -177 -61 -354 -18 -556 -457 -585 -182 -566 507 -229 -160 -155 -172 -178 -191 -400 -94 -45 -152 -222 0
-261 -579 -18 -132 -409 -546 -521 211 -185 -259 0
-259 -282 -18 -311 -85 -58 -355 -165 -254 -177 -61 -354 -556 -457 -585 -182 -566 507 -229 -160 -155 -172 -178 -191 -400 -94 -45 -152 -222 0
-517 -18 -182 -556 -585 -160 -94 -152 -429 0
-521 -185 -390 -18 -132 211 -261 -391 -259 -474 -279 -574 -94 -438 -413 -160 -238 -225 -82 -171 -228 -165 -90 0
521 -238 -545 -403 -78 -259 -314 -182 -81 0
185 -314 -61 -81 -154 -468 -425 -369 -165 0
62 -228 -114 -330 -177 -457 -425 -391 -154 0
-228 -11 -58 -391 -154 -61 -114 -330 -177 -457 -425 -547 -94 -160 -82 0
522 -391 -505 -160 -18 -58 -132 -154 -61 -330 -457 -425 -94 -82 -290 -438 -413 -238 -171 -165 -90 -185 0
-238 -171 -165 -425 -330 -154 -505 -61 -132 -314 -182 -545 -81 -403 -259 -160 -18 -58 -94 -82 -290 -90 -185 -303 -325 -239 0
156 -509 -564 -365 -182 -160 -94 -228 -26 -353 -177 -589 -425 -58 0
-521 -228 -132 211 -261 -185 -259 -589 -58 -154 -564 -182 -160 -94 -18 -425 -82 -90 0
521 -545 -505 -513 -154 -132 -556 -369 -61 -425 -585 -468 -314 -182 -208 -81 0
228 -132 -505 -160 -18 0
-261 -26 -160 -94 -228 -182 -565 -590 -132 -521 -185 -259 211 -58 -154 -18 -425 -82 -90 -297 0
567 -509 -160 -94 -228 -182 -410 -556 -540 -563 -467 0
156 211 -160 -94 -228 -565 -556 -81 -132 -521 -185 -259 -182 -58 -154 -18 -425 -90 -297 -230 -177 -61 0
-261 -591 -579 -297 -18 -132 211 -546 -185 -521 -259 0
139 -488 -419 0
313 -40 -139 -12 -560 -389 -435 -498 0
567 -12 -498 -315 -389 -435 -94 -75 -160 -195 -393 -84 -542 -302 -230 0
-403 -185 -425 -94 -18 -132 -90 -182 -160 -228 -565 -230 -297 -177 -521 -259 -61 -58 -154 -556 -81 0
62 -509 -565 -160 -94 -228 -182 -556 -301 -540 -467 -244 -177 -589 -425 -58 -154 0
260 -301 -90 -228 -182 -160 -94 -259 -154 -61 -565 -556 -177 -244 -425 -58 -81 -356 -521 -297 -211 0
156 -546 -160 -94 -228 -18 -132 -182 -177 -458 -425 -58 0
175 -503 -81 -521 -152 -315 -286 -548 -228 0
314 -478 -160 -94 -228 -182 -195 -509 -543 -244 -410 -21 -435 -556 -185 -585 -521 -152 -81 0
567 -315 -94 -228 -182 -556 -81 -160 -195 -244 -21 -435 -185 -585 -521 -152 -177 -393 -301 -230 0
-185 -521 -160 -94 -182 -18 -228 -565 -556 -81 -585 -230 -152 -177 -61 -58 -154 -425 -259 -356 0
-364 -301 -94 -228 -182 -467 -556 -455 -177 -81 -521 -152 -315 -393 -160 -230 -565 0
403 -546 -565 -160 -228 -182 -467 -556 -230 -455 -94 -18 -132 -177 -81 -521 -152 -315 -393 -500 0
-364 -579 -318 -18 -281 -591 -425 -164 -182 -160 -94 -228 0
-285 -591 -318 -126 -18 -132 -90 -281 -425 -164 -182 -160 -94 -228 -435 -496 -49 0
155 -467 -90 -228 -182 -160 -94 -154 -61 -565 -556 -177 -425 -58 -81 -356 -521 -297 -259 -230 -455 -18 -132 -152 -315 -500 -281 -164 -496 -49 0
424 -164 -182 -177 -228 0
-273 -546 -565 -160 -228 -182 -259 -556 -230 -94 -18 -132 -177 -81 -521 -152 -315 -393 -500 -90 0
-521 -58 -179 -18 -425 -182 -160 -94 -228 -565 -259 -556 -230 -177 -81 -152 -356 -61 -310 -154 -585 0
-364 -12 -310 -425 -411 -454 -177 -228 -267 -18 -276 -508 -268 -302 -230 -94 -565 -182 -160 0
364 -508 -94 -565 -160 -84 -230 -18 -267 -132 0
-58 -259 -310 -425 -177 -228 -18 -230 -94 -565 -182 -160 -61 -154 -556 -585 -81 -179 -152 -356 0
266 -509 -94 -228 -182 567 -556 -160 -81 -521 -479 -177 0
17 -152 -561 -12 -556 -455 -269 -81 -315 -419 -310 -425 -177 -228 -18 -230 -94 -565 -182 -160 -259 -154 -58 -179 -276 -356 -546 -376 0
16 -578 -409 -354 0
-58 -259 -468 -282 -81 -561 -556 -455 -269 -315 -419 -310 -425 -177 -228 -18 -230 -94 -565 -182 -160 -521 -154 -179 -276 -356 -546 -376 -409 -354 -589 -59 0
80 -139 -463 -103 -484 -499 -458 -578 -405 -259 -94 -228 -182 -364 -556 -177 -81 -521 -152 -315 -160 -230 -565 -62 0
17 -152 -115 -10 -556 -315 -81 -458 -259 -94 -228 -182 -364 -177 -521 -190 -160 -230 -565 -62 -310 -86 -354 -316 0
16 175 -521 -45 -182 -160 -94 -228 -267 -165 -356 -556 -509 -115 -546 -354 -132 0
152 -509 -409 -556 -521 -81 0
79 -115 17 -556 -315 -81 -458 -94 -228 -182 -364 -177 -521 -190 -160 -230 -565 -62 -310 -86 -354 -59 0
-230 -315 -556 -81 -94 -228 -182 -364 -177 -521 -160 -565 -425 -18 0
-429 -585 -18 -556 -160 -94 -152 -182 -428 0
176 -409 -556 -455 -538 -228 0
-409 -367 -589 -521 -546 -18 -90 -556 -165 -152 -496 -160 -94 -182 -428 -44 -548 -425 -177 -455 -538 -228 0
80 -152 -177 -228 -425 -18 -556 -160 -94 -182 -428 567 -81 -521 -479 -267 -589 -546 -90 -165 -44 -548 -315 0
-152 -428 -228 -182 567 -556 -160 -81 -521 -479 -177 -267 -425 -18 -94 -589 -546 -90 -165 -44 -548 -315 0
-315 -425 -182 -177 -228 -556 -18 -521 -81 -160 -94 -364 -565 0
79 -409 -419 -261 -546 -182 -18 -556 -160 -94 -152 -585 -44 -425 -228 -267 567 -81 -521 -479 -177 -589 0
411 -33 -278 -463 -253 -538 -474 -556 -287 0
520 -211 -403 -383 -390 -48 -474 -484 -139 -253 -103 -575 -77 -441 -243 -285 -210 0
140 -69 -238 -438 -383 -445 -48 -40 0
-409 -585 -521 -243 -556 -589 -250 -261 -546 -18 -182 -160 -94 -228 -267 -165 -63 -152 -419 -44 -548 -425 -177 -65 -81 567 -479 0
-585 -152 -546 -589 -261 -182 -177 -228 -425 -556 -160 -94 -18 567 -81 -521 -479 -267 -243 -250 -165 -63 -419 -44 -548 -65 0
-152 -261 -589 -228 -177 -546 -18 -90 -81 -556 -182 -425 -160 -94 567 -521 -479 -267 -243 -250 -165 -63 -419 -44 -548 -65 0
-425 -565 -18 -521 -81 -228 -177 -182 -160 -94 -364 -556 0
185 -458 -259 -523 -440 -467 -566 -499 -391 -184 -180 -408 -74 -137 -367 0
557 -225 -174 -521 -184 -259 -566 -180 -408 -271 -498 -546 -65 -132 -468 -18 -81 -353 -409 -287 -585 0
590 -194 -458 -51 -241 -523 -75 -225 -210 -180 -240 -57 -402 -434 -207 -166 0
436 -244 -434 -69 0
-211 -57 -458 -408 -281 -523 -317 -402 -77 -241 -225 -210 -434 -589 -51 -75 -180 -207 -44 -543 -200 -20 410 -556 -521 -81 175 -315 -152 -548 -228 -500 -303 -213 -259 0
Solved
