205 -38 -13 -1 -198 0
12 -38 -118 -142 -1 -198 -158 -130 -13 0
37 -9 -12 0
3 -205 -177 -12 -142 -13 -38 0
10 -92 -158 0
111 -205 -130 -57 -118 -142 -40 0
-38 -13 -142 -118 -130 -158 -198 -1 -177 0
-13 -142 -158 -1 -118 -130 -198 -177 0
-142 -158 -1 -198 -63 -118 -130 -177 0
12 -198 -158 -104 -14 0
218 -208 -1 -118 -130 -67 0
103 -160 -197 -14 -147 -38 0
11 -12 -118 -1 -197 -130 -159 0
196 -147 -83 -207 -161 0
10 -197 -1 -159 0
-12 -197 -1 -118 -130 -159 0
-198 -146 -118 12 -1 -38 -130 -197 0
104 12 -118 -1 -130 -197 0
220 -118 -1 -130 -217 0
196 218 -1 -118 -130 -38 0
-197 -38 -12 -1 -118 -130 -217 0
-38 -12 -1 -118 -130 -217 0
-197 -147 -1 10 -198 -118 -130 -12 0
-12 -118 -1 -130 -217 0
37 -118 -1 -130 12 0
198 -145 -159 -195 -93 -1 0
223 -1 0
15 -109 -130 -205 -118 -1 -158 -198 -12 -38 0
-198 -38 -197 -118 -130 -12 -13 -1 0
198 -13 -158 -12 -1 0
-13 -197 -1 -118 -130 -12 0
Solved
