467 -57 -187 -125 -26 -412 -15 -307 -53 -1 -113 -97 -75 -22 0
55 -168 -152 -265 -372 -216 -349 -294 -125 0
-57 -257 -26 -187 -152 -265 -216 -349 -294 -125 -307 -1 -97 -22 -466 -412 -15 -53 -113 -75 0
57 -363 -403 -436 -217 -241 -346 -415 -89 0
-294 -265 -160 -446 -258 -57 -187 -152 -301 -216 -125 -307 -1 -97 -466 -27 -384 -455 -413 -109 -168 -473 -424 -401 -137 -293 0
-265 -168 -390 -399 -413 -376 -473 -137 -160 -446 -258 -57 -187 -152 -301 -216 -125 -307 -1 -97 -466 -27 -384 -455 -109 -424 -401 -293 0
-168 -18 -148 -320 -481 -97 -269 -399 -1 -413 -307 -94 -473 -390 -376 -137 -160 -446 -258 -57 -187 -152 -301 -216 -125 -466 -27 -384 -455 -109 -424 -401 -293 0
56 -390 -376 -46 -401 -108 -97 -1 -307 -94 -148 -320 -481 -399 -137 -160 -57 -187 -152 -301 -216 -466 -384 -109 -424 -346 -280 -436 -241 -415 0
413 -390 -359 -46 -227 -399 -376 -346 0
267 -43 -216 -168 -259 -40 -415 -376 -264 -17 -472 -152 0
266 -168 -305 -472 -390 -376 0
83 -168 -274 -401 -181 -292 -459 -216 -363 0
167 -266 -390 -359 -152 -154 -17 -415 -301 -459 -216 -94 0
-168 -472 -376 -390 -359 -152 -154 -17 -415 -301 -459 -216 -94 -274 -401 -181 -292 -363 -305 0
412 -227 -359 -346 -436 -280 -320 -374 -401 -148 -108 -97 -1 -307 -376 -390 -152 -154 -415 -301 -216 -94 -274 -181 -292 -363 -79 -399 0
488 -280 -376 -346 -436 -424 -148 -97 -1 -307 -154 -415 -301 -94 -274 -79 -46 -481 -160 -187 -466 -109 -241 -403 -217 -478 -271 -253 0
341 -16 -160 -415 -301 0
-16 -340 -415 -301 -160 0
167 -414 -466 -90 -346 -436 -229 -371 -107 -241 -160 -97 -415 -301 -259 -1 -340 -307 -94 0
214 -321 -90 -481 -148 -97 -415 -1 -389 -307 -94 -466 -346 -436 -107 -241 -160 -301 -259 -398 -153 0
472 -57 -90 -362 -294 -402 -138 0
400 -57 -301 -82 -40 -457 -262 -307 -362 -76 -370 -1 -31 -187 -97 -294 -107 0
-57 -82 -90 -294 -402 -301 -362 -40 -457 -262 -307 -76 -370 -1 -31 -187 -97 -107 0
166 -16 -376 -346 -321 -301 -436 -398 -160 -241 -31 -415 -187 -90 -294 -402 -362 -40 -262 -307 -76 -370 -1 -97 -107 0
151 -90 -362 -294 -402 -138 -376 -107 -46 -259 -97 -1 -389 -307 -94 -168 -346 -321 -301 -436 -398 -160 -241 -31 -415 -187 -40 -76 0
166 -472 -376 -398 -389 -266 0
-57 -362 -90 -294 -402 -107 -97 -1 -307 -168 -376 -398 -389 -266 -138 0
167 -389 -376 -46 -414 -266 -474 -402 -107 -97 -1 -307 -94 0
493 -346 -376 -424 -46 -97 -1 -307 -94 -109 -436 -415 -187 -259 -301 -160 -31 -40 -76 -481 -466 -271 -253 -154 -274 -403 -217 0
168 -331 -46 -472 -376 -265 -94 0
400 -107 -403 -217 -472 -376 -167 -46 -94 -298 -493 -271 -57 -253 -187 -322 0
361 -90 -57 -291 -294 0
-90 -363 -57 -291 -294 0
254 -408 -463 -109 -424 -137 -489 0
-90 -266 -97 -298 -1 -481 -307 -493 -167 -489 -376 -472 -397 -271 -57 -291 -294 0
166 -6 -274 -115 -174 -363 -424 -415 -291 -137 -57 -49 -294 -266 -216 -84 0
293 -408 -463 -109 -235 -424 -132 -137 -489 -466 -493 -23 -298 -178 -388 -160 -271 -415 -301 -363 -341 -456 -291 -216 -57 0
-107 -167 -301 -49 -109 -424 -187 -57 -463 -466 -493 -298 -178 -271 -415 -97 -1 -307 -94 -160 -274 -115 -481 -376 -472 -253 -401 -403 -217 -46 -322 0
-294 -167 -298 -1 -481 -307 -493 -97 -489 -376 -472 -271 -57 -274 -115 166 -424 -415 -49 -216 -401 0
-266 -172 -109 -424 -393 -274 -216 -401 -168 -292 -363 -372 -304 -259 -40 -415 -376 -264 -43 -472 -389 166 0
-167 -401 -472 -109 -424 -274 -376 -259 -40 -415 -298 -493 -271 -76 -1 -481 -307 -97 -57 -115 -49 -253 -301 -187 -463 -466 -178 -94 -160 -403 -217 -46 -322 0
214 -290 -46 -271 -376 -363 -472 -333 -401 -108 -120 -298 -493 -24 -325 -345 -160 -301 -342 0
293 -363 -109 -424 -401 -108 -253 -215 -46 -271 -376 -463 -472 -333 -120 -298 -493 -24 -325 -160 -301 -342 -455 -57 0
292 -401 -109 -424 -472 -253 -463 -215 0
-363 -266 -298 -481 -493 -271 -253 -171 -108 -415 -301 -160 -401 -215 -109 -424 -46 -376 -463 -472 -333 -120 -24 -325 -342 -455 -57 0
214 -292 -424 -401 -488 -493 -325 -160 -301 -259 -342 0
-401 -472 -109 -424 -253 -493 -325 -160 -301 -259 -271 -298 -481 -415 -46 -376 -463 -57 -97 -1 -307 -94 -274 -40 -76 -115 -49 -187 -466 -178 -403 -217 -322 0
294 -363 -424 -481 -138 -210 -488 -397 -403 -271 -217 -333 -290 0
292 -407 -463 -109 -424 -124 -138 -57 0
489 -472 -46 -376 -94 -267 -389 -298 -216 -493 -253 0
-472 -57 -307 -49 -259 -322 -424 -46 -94 -298 -493 -253 -271 -481 -403 -217 -463 -109 -376 -325 -160 -301 -415 -97 -1 -274 -40 -76 -115 -187 -466 -178 0
402 -363 -415 -301 -160 -271 -412 -424 -253 -463 -109 -136 -57 -292 0
-363 -292 -253 -274 -259 -463 -403 -217 -109 -424 -136 -94 -400 -415 -301 -160 -271 -412 -57 0
293 -292 -265 -94 -424 -49 -488 -493 -325 -160 -301 -259 -253 -463 -109 -400 -136 0
-292 -474 -46 -376 -97 -1 -307 -94 -415 -301 -160 -253 -259 -463 -109 -424 -400 -136 -265 -49 -493 -325 -271 -274 -403 -217 -412 -57 0
84 -205 -115 -461 -157 -31 0
-266 -6 -274 -115 -167 -363 -424 -415 -291 -294 -57 -49 -174 -84 -216 -137 -265 0
-401 -137 -160 -294 -216 -187 -265 -301 -125 -57 -307 -1 -97 -466 -27 -384 -455 -109 -258 -473 -424 -346 -293 -87 -182 -49 -274 -115 -167 -363 -415 -461 -31 -453 -407 -289 -173 -400 0
267 -359 -346 -436 -94 -480 -280 -118 -493 -130 -18 -325 -160 -230 -252 -49 0
406 -112 -52 -384 -366 0
459 -209 -46 -94 -18 -134 -269 -160 -359 -319 -301 -154 -322 -5 -59 0
131 -366 -27 -480 -298 -28 -493 -463 -325 -235 0
-137 -363 -46 -376 -412 -346 -436 -280 -167 -493 -94 -325 -27 -480 -298 -28 -463 -18 -160 -301 -154 -322 -265 -230 -49 -481 -89 -76 -489 -289 -108 -294 -216 -187 -125 -57 -307 -1 -97 -466 -384 -455 -109 -258 -473 -424 -293 -87 -182 -274 -115 -269 -415 -31 -453 -400 -136 0
290 -213 -115 -346 -412 -258 -125 -384 -14 -463 -365 -392 -191 -453 -76 0
137 -384 -463 -109 -424 292 -57 -400 -115 -346 -412 -258 -453 -76 -481 -489 0
-216 -412 -46 -376 -271 -346 -436 -280 -493 -94 -325 -298 -463 -160 -301 -154 -322 -265 -49 -481 -76 -187 -57 -307 -1 -97 -466 -109 -473 -424 -274 -115 -415 -31 -400 -136 292 -253 0
-137 -235 -463 -325 -115 -493 -280 -436 -346 -412 -481 -289 -258 -125 -89 -400 -109 -424 254 -136 0
402 292 -76 -463 -109 -424 -481 -57 -400 -115 -346 -412 -258 -453 137 -488 0
414 -80 -319 -269 -493 -209 -280 -46 -436 -376 -346 0
267 -82 -359 -269 -209 -142 -259 -65 -201 -147 -243 -271 -46 -436 -376 -346 -412 -319 -493 -280 -457 -442 -49 0
-82 -319 -412 -298 -376 -269 -493 -209 -280 -46 -436 -346 -325 -457 -231 -442 -251 -49 -265 -359 -142 -259 -65 -201 -147 -243 -271 0
167 -442 -49 -457 -265 0
487 -412 -298 -376 -269 -493 -82 -280 -46 -436 -346 -325 -457 -231 -442 -251 -49 -265 -142 -259 -65 -201 -147 -243 -271 -481 -89 0
-57 -271 -298 -376 -46 -436 -346 -325 -49 -259 -481 -76 -463 -109 -424 -115 -253 -94 -160 -301 -154 -322 -187 -307 -1 -97 -466 -274 -415 -31 -403 -217 -40 -178 0
-292 -489 -265 -94 -424 -49 -325 -160 -301 -259 -253 -463 -109 -400 -341 -137 -493 -294 0
267 -66 -412 -15 -200 -8 -146 -298 -242 -493 -301 -325 -160 -457 -230 -442 -252 -167 -49 0
413 -319 -81 -270 -493 -210 -280 -46 -436 -376 -346 0
487 -389 -271 -270 -142 -259 -66 -200 -146 -242 -82 -46 -436 -376 -346 -412 -81 -493 -280 -481 -90 0
402 -167 -90 -489 -270 -142 -259 -200 -242 -46 -436 -376 -346 -412 -493 -481 -271 -474 -49 -265 -15 -298 -301 -325 -160 -230 -252 -384 -76 -407 -289 -173 0
215 -366 -94 -412 -126 -463 -376 -75 -15 -481 -115 -461 -31 -393 -90 -452 -76 -489 -289 -400 -270 -142 -259 -200 -242 -46 -436 -346 -493 -271 -474 -49 -265 -298 -301 -325 -160 -252 -407 -173 -107 -253 0
-489 -400 -346 -452 -76 -412 -257 -126 -90 -115 -463 -109 -424 -137 -253 -94 -376 -481 -31 -270 -259 -200 -242 -46 -436 -493 -271 -49 -265 -298 -301 -325 -160 -107 -341 -294 0
-400 -265 -137 -346 -452 -76 -412 -257 -126 -90 -115 -463 -109 -424 -253 -94 -376 -481 -31 -270 -259 -200 -242 -46 -436 -493 -271 -49 -294 -298 -301 -325 -160 -107 -341 0
474 -412 -376 0
414 -157 -115 -205 -31 -82 -376 -14 0
-400 -402 -346 -270 -493 -46 -436 -412 -115 -31 -257 -253 -463 -26 -481 -49 -265 -452 -90 -109 -489 -424 -294 -376 -76 -126 -94 -259 -200 -242 -271 -298 -301 -325 -160 -107 -341 0
400 -489 -253 -107 0
413 -60 -265 -6 -49 -322 -94 -251 -319 -118 -270 -130 -160 -210 -325 -17 -46 -493 -376 -280 -436 -346 0
-489 -265 -115 -463 -325 -493 -436 -346 -412 -257 -49 -322 -94 -270 -160 -17 -46 -376 -481 -76 -90 -109 -107 -424 -294 -31 -253 -26 -452 -126 -259 -200 -242 -271 -298 -301 -341 0
-400 -304 -376 -412 -115 -31 -346 -257 -26 -436 -383 -49 -265 -452 -281 -109 -215 -424 -294 -402 -76 -126 -90 -463 -253 -94 -481 -270 -259 -200 -242 -46 -493 -271 -298 -301 -325 -160 -107 -341 0
473 -412 -376 0
-412 -346 -376 -115 -31 -298 -257 -26 -436 -49 -452 -109 -424 -294 -76 -126 -90 -463 -253 -94 -481 -270 -259 -200 -242 -46 -493 -271 -301 -325 -160 -107 -341 -322 -17 0
401 -265 -301 -160 -115 -31 -253 -383 -109 -49 -424 -452 -376 -259 -472 -294 0
-400 -265 -383 -253 -424 -94 -49 -325 -160 -301 -259 -463 -109 -341 -493 -294 -472 -401 0
-265 -200 -376 -472 -481 -46 -94 -90 -307 -76 -1 -298 -397 -97 -493 -271 -294 -107 -253 -383 -424 -49 -325 -160 -301 -259 -463 -109 -341 -115 -31 -452 0
293 -489 -325 -493 -160 -424 -301 -341 -383 -253 -463 -109 -400 0
401 -214 -49 -301 -307 -166 -160 -253 -26 -383 -109 -424 -136 -472 0
292 -400 -383 -253 -472 -109 -463 -424 -49 -301 -307 -166 -160 -26 0
-400 -493 -325 -160 -424 -301 -341 -383 -253 -463 -109 -294 -472 -49 -307 -166 -26 0
496 -463 -253 -325 -160 -424 -301 -298 -109 -49 -307 -376 -46 -94 -76 -1 -97 -259 -115 -31 -436 -322 -187 -154 -466 -274 -403 -217 -40 -178 0
473 -408 -496 -253 -463 -109 -424 -489 -436 -376 0
-408 -407 -253 -383 -463 -109 -424 -489 -137 0
89 -332 -389 -84 -46 -498 -376 -346 -412 -124 -55 0
95 -436 -366 -480 -493 -463 -325 -235 -498 -75 -341 -9 -346 -15 -412 -187 -124 -55 -88 -389 -84 -46 -376 -118 0
94 -341 -301 -160 0
168 -436 -480 -493 -463 -325 -235 -498 -75 -341 -9 -346 -15 -412 -187 -124 -55 -88 -366 -46 -376 -118 -94 0
89 -259 -453 -78 -82 -498 -376 -346 -256 -412 -187 -124 -55 0
90 -436 -118 -366 -480 -493 -463 -325 -235 -498 -75 -341 -9 -346 -15 -412 -187 -124 -55 -88 -94 -46 -376 -230 -160 -252 -49 0
-436 -46 -376 -160 -118 -412 -301 -124 -341 -363 -55 -453 -78 -498 -346 -256 -187 -88 -366 -480 -493 -463 -325 -235 -75 -9 -15 -230 -252 -49 -167 0
-46 -346 -341 -142 -256 -78 -187 -88 -393 -55 -9 -376 -124 -15 -412 -301 -271 -498 -160 -118 -363 -453 -366 -480 -493 -463 -325 -235 -75 -230 -252 -49 -167 0
413 -26 -366 -235 -463 -132 -187 -75 -55 -9 -124 -15 0
-346 -498 -412 -366 -235 -463 -187 -75 -55 -9 -124 -15 -493 -325 -97 -525 -341 -142 -256 -78 -88 -393 -376 -301 -271 -160 -118 -363 -453 -480 -230 -252 -49 -167 0
414 -300 -390 -160 -301 -341 -416 -187 -46 -55 -376 -124 0
255 -88 -75 -55 -9 -376 -124 -15 -412 -160 -301 -325 -493 -271 -366 -463 -142 -256 -78 -393 -363 -453 -252 -49 -214 -107 0
495 -399 -271 -83 -17 -168 -265 -49 -252 -231 -479 -325 0
414 -415 -497 -280 -493 -271 -168 -265 -49 -252 -231 -479 -325 -142 -88 -46 -55 -376 -346 -124 0
-187 -299 -271 -84 -168 -94 -447 -366 -132 -463 413 -75 -55 -9 -124 -15 -256 -107 0
162 -517 -301 0
-517 -301 -160 0
-84 89 -167 -94 -389 -46 -498 -376 -346 -412 -124 -55 -83 0
398 -306 -389 -271 0
-306 -480 -253 -383 -150 -257 -356 -446 -26 -301 -29 -160 -415 -17 -399 -389 -271 0
-436 -341 -346 -257 -412 -26 -49 -109 -424 -294 -126 -90 -463 -253 -270 -46 -493 -301 -325 -160 -107 -376 -210 -333 -83 -383 -446 -399 -417 -497 -437 0
293 -341 -325 -493 -160 -424 -301 -136 -383 -253 -463 -109 -400 0
332 -221 -227 -483 -142 -210 -270 0
-341 -270 -210 -227 -333 -493 -417 -294 -325 -160 -424 -301 -383 -253 -463 -109 -497 -346 -257 -412 -26 -49 -126 -90 -46 -107 -376 -83 -446 -399 -437 0
482 -319 -270 -488 -210 -90 0
397 -488 -424 -49 -265 -493 -325 -160 -301 -400 -253 -463 -109 -136 -294 -260 -446 -225 -333 -270 -210 -90 -483 0
57 -446 -49 -383 -109 -325 -424 -493 -399 -160 -301 -253 -463 -333 -210 -497 -227 -346 -412 -126 -46 -376 -83 -437 0
294 -362 -301 -160 -399 -253 -271 -383 -415 -424 -400 -136 0
293 -383 -253 -463 -109 -424 -400 -136 0
414 -412 -253 -424 -463 -109 -325 -493 -160 -301 -346 -49 -46 -376 -124 0
55 -399 -160 -271 -253 -301 -383 -424 -400 -136 -293 -90 0
489 -406 -424 -400 -136 0
488 -90 -57 -400 -271 -136 0
294 -406 -424 -400 -136 0
138 -271 -447 -325 -463 413 -55 -124 -256 -493 -438 -498 -214 -253 -376 -412 -160 -301 -142 -49 -289 -406 -109 -424 0
496 -16 -463 -109 -424 292 402 -400 -346 -412 137 -260 -483 -438 -57 -301 -160 0
397 -483 -223 -228 -332 -209 -301 -253 -498 -463 -109 -424 292 402 -400 -346 -412 137 -260 -438 -57 -160 0
-271 292 -109 -424 -463 -346 -412 -332 -209 -301 -253 -160 -124 -325 413 -256 -493 -376 -49 -406 0
-383 -412 -109 -463 -346 -424 -332 -209 -301 -253 -160 -124 -325 413 -493 -376 -49 0
138 -88 -498 -447 -346 -366 -493 -463 -325 -46 -412 -124 -209 -376 -160 -49 255 -301 -271 -107 -109 -290 -57 -424 -293 -14 0
401 -366 -109 -424 -463 -124 -57 -407 -498 -447 -346 -493 -325 -46 -412 -209 -376 -160 -49 255 -301 -14 0
168 -442 -49 -457 -265 0
-412 -124 -160 -301 -424 -109 -463 -49 -346 -493 -325 -46 -376 -253 0
401 -271 -472 -376 -46 -94 -298 -493 -253 -487 -292 0
-271 -487 -472 -376 -46 -298 -493 -253 -94 -463 -109 -424 -137 -292 -400 0
402 -496 -493 -253 -463 -109 -424 -376 -487 -472 0
136 -137 -493 -253 -472 -400 -463 -109 -424 -376 -46 -298 -94 -346 0
497 -481 -57 -291 -294 -271 0
-90 -60 -84 -6 -159 -117 -191 -481 -88 -294 -57 -291 0
302 -159 -84 -6 -181 -60 -205 -457 -451 -166 -415 -94 -26 -340 -225 0
-292 -271 -401 -493 -325 -160 -301 -84 -457 -26 -397 -424 -191 -294 -57 -122 -8 -461 -209 -216 -142 -472 -376 -46 -253 -463 -109 -137 -400 0
272 -319 -252 -160 -49 -301 -442 -223 -457 -230 -167 -397 -376 -472 -266 0
487 -416 -266 -84 -498 -142 -346 -167 -341 -332 -209 -445 -301 -269 -223 -397 -271 -252 -160 -49 -442 -457 -230 -376 -472 -89 0
-271 -122 -57 -137 -424 -49 -493 -400 -253 -463 -109 -376 -472 -346 -301 -397 -160 -325 -8 -46 0
-137 -400 -253 -463 -109 -424 -376 -49 -493 -346 -301 -160 -325 -46 -124 0
292 -271 -160 -457 -442 -251 -397 -301 -49 -267 -83 -253 -472 -109 -463 -424 -400 -383 -27 -215 -124 -138 -407 0
-399 -430 -333 -481 -319 -160 -383 -253 -301 -271 -424 -400 -136 -293 55 -397 0
225 -360 -94 -333 -340 -430 -301 0
-271 -83 -46 -160 -301 -457 -333 -27 -383 -253 -424 -400 -136 -293 -397 -123 -9 -462 -210 -215 -142 -56 -472 -376 -493 401 -442 -251 -49 -267 -109 -463 -124 -138 0
-400 -124 -493 -46 -160 -301 -253 -424 -376 -49 -109 -463 -346 -325 0
138 -271 -376 -46 -94 -298 -397 -493 -472 -253 400 -424 0
-489 -57 -424 -472 -271 -253 -46 293 -376 -463 -493 -325 -160 -301 -109 400 0
167 -331 -46 -472 -376 -265 -94 0
-57 -457 -424 -109 -472 -376 -46 -325 -397 -493 -271 -253 293 -463 -160 -301 400 0
57 -453 -346 -46 -376 -472 -94 -298 -397 -363 -493 -271 -253 400 -187 0
293 -271 -493 -397 -424 -109 -472 -376 -46 -325 -253 -463 -160 -301 400 -346 0
497 -436 -346 0
-489 -8 -424 -109 -216 -57 -346 -452 -472 -376 -46 -94 -271 -325 -298 -397 -362 -493 -253 400 0
-271 -472 -46 -376 -493 -253 -424 -109 -346 -325 -397 400 -463 -160 -301 0
168 -216 -292 -230 -289 -160 -361 -301 -89 -482 -320 -397 -333 -306 -83 0
294 -359 -172 -376 -472 -389 -168 -416 -307 -301 -94 -333 -320 -397 -480 -306 -228 -514 -482 -89 -361 -289 0
-331 -482 -46 -472 -376 -301 -160 -168 -89 -216 -57 -292 -172 -389 -416 -333 -320 -397 -480 -306 -228 -514 -361 -289 0
167 -416 -504 -27 -83 -480 -306 -228 -289 -320 -172 -376 -472 -389 -301 -333 -397 -514 -482 -89 -361 -292 -268 -124 -57 -24 -160 -230 -119 -267 -216 0
-489 -57 -124 -301 -361 -376 -472 -397 -160 -46 -388 -346 -325 -496 -493 -253 400 0
-57 -472 -376 -46 -361 -346 -496 -493 -253 -124 -301 -397 -160 -388 -325 400 0
333 -457 -514 -9 -307 -301 -172 -143 -321 -153 -453 -397 -479 -417 -305 -227 -342 -359 -94 0
166 -386 -338 -307 -453 -417 -301 -30 -149 -479 -374 -227 -321 -359 -270 -332 -514 -9 -172 -143 -397 -305 -94 -266 -215 -84 0
331 -453 -350 -503 -417 -26 -160 -231 -307 -266 -215 -94 -166 -84 -479 -305 -227 -321 -359 -270 0
-124 -346 -301 -376 -160 -325 -493 -253 -46 -424 -109 -463 -49 0
332 -416 -171 -135 -397 -346 -412 -376 -390 -46 0
172 167 -265 -49 0
489 -172 -424 -400 -136 0
56 -306 -225 -493 -489 -298 -390 -333 -171 -135 -397 -346 -412 -376 -46 0
332 -306 -397 -412 -376 -390 -46 0
-306 -489 -412 -376 -346 -83 -493 -298 -390 -333 -397 -46 0
416 -215 -253 -49 -109 -325 -424 -493 -497 -160 -301 -463 -446 -333 -210 -227 -346 -399 -46 -376 -83 -437 -342 0
167 -397 -493 -346 -376 -46 -253 -49 -109 -325 -424 -160 -301 -463 0
332 -389 -306 -253 -397 -346 -412 -493 -376 -298 -46 0
-271 -437 -346 -412 -397 -306 -389 -273 0
-389 -333 -397 -376 -167 -412 -49 -346 -424 -253 -306 -493 -298 -301 -46 0
273 -390 -412 -346 -306 -493 -298 -376 -333 -397 -46 0
-333 -306 -253 -49 -109 -325 -424 -493 -160 -463 -346 -46 -376 -301 -397 0
-389 -14 -463 -325 -55 -253 -493 -136 -109 -18 -301 -160 -424 -400 -170 -49 -265 -81 -167 -360 -84 -280 -498 -306 -346 -412 -397 -273 -390 0
-306 -397 -493 -463 -325 -109 -301 -160 -424 -49 -346 -253 -376 -46 0
-397 -346 -376 -493 -463 -325 -109 -301 -160 -424 -49 -46 -253 0
498 -214 -224 -109 -301 -424 -15 -342 -463 -489 -49 -325 -493 -497 -160 -253 -210 -333 -446 -227 -346 -46 -376 -83 -437 -120 0
-215 -480 -109 -424 -463 -489 -49 -253 -230 -415 -325 -493 -497 -160 -301 -210 -333 -446 -227 -346 -46 -376 -83 -437 -342 -214 0
417 -293 -15 -400 -407 -424 -136 -366 -113 -224 -60 -446 -21 -257 -301 -160 -55 -16 0
166 -489 -269 -15 -424 -224 -446 -301 -160 -463 -253 -109 -210 -49 -325 -493 -497 -333 -227 -346 -46 -376 -83 -437 -342 -120 0
271 -497 -253 -489 0
254 -469 -363 -88 -56 -293 -215 -230 -326 -113 -525 -382 0
84 -363 -424 -488 -271 -333 -481 -397 -230 -253 -88 -56 -326 -113 -94 -168 -400 -281 -266 -136 -209 -472 -46 -376 0
255 -56 -124 -294 -382 -214 0
-293 -446 -346 -436 -187 -281 -56 -363 -88 254 -230 -326 -113 -525 -382 -294 0
-497 -306 -253 -424 -376 -333 -397 -46 -160 -301 -489 -493 -346 398 0
401 -306 -493 398 -298 -280 -489 -472 0
294 -292 -416 -306 -228 -376 -472 -301 -333 -397 -514 -482 -480 -124 -160 -216 -340 -166 -46 398 -280 -493 -489 -253 0
-271 -290 -56 -401 -416 -489 -241 -493 -298 398 -306 0
214 -447 -87 -253 -489 -376 -472 -280 -493 -416 -241 398 -306 -228 -301 -333 -397 -514 -482 -480 -124 -160 -216 -46 0
494 -223 -301 -341 -320 -416 -489 -241 0
-306 -489 -160 -46 -376 -333 -397 -346 -493 -253 -301 398 -424 0
495 -225 -187 -80 -493 -46 -376 -346 -320 -489 -253 -397 -390 -413 -307 -94 -84 -360 -333 -298 0
-294 -90 -292 -57 -400 -363 0
-481 -292 -424 -488 -271 -363 -333 -397 -400 -57 -209 -88 -482 0
-57 -56 -346 -498 -424 -488 -271 -363 -333 -397 -400 -88 -360 -270 -242 0
293 -289 -400 0
415 -214 -301 -253 -160 -498 -17 0
332 -167 -84 -376 -94 -46 0
215 -408 -424 -56 -214 -294 -136 -376 -474 -281 -436 -346 -360 -333 -84 -94 -46 -479 -253 0
472 -436 -346 -413 -281 0
282 -457 -100 -6 -122 -192 -212 -461 -364 -259 -431 -114 -26 -142 -225 -221 -445 -227 -346 -470 -436 0
402 -259 -225 -217 -470 -281 -100 -192 -212 -26 -142 -221 -346 -436 -257 -360 -383 -333 -210 -46 -424 -376 -136 -472 0
216 -26 -225 -210 -270 -217 -333 -470 -390 -472 -301 -214 -160 -253 -424 -136 -281 -400 -100 -192 -212 -142 -221 -346 -436 -257 -360 -46 -376 -341 -305 0
57 -281 -346 -360 -270 -479 -333 -253 -84 -376 -46 -225 -390 -301 -160 -424 -136 -400 -305 -413 -498 -17 -363 -88 0
-489 398 -333 -346 -424 -397 -253 -376 -301 -160 -493 -46 0
216 -57 -307 -223 -83 -301 -305 -373 -358 -417 -483 -7 -5 -90 -293 472 -138 -402 0
214 -231 -160 -301 -168 0
-400 -373 -301 -358 -223 -86 -483 -446 -268 -305 -417 -215 -160 -326 -524 -46 -376 -383 -424 -413 -266 489 -474 0
89 -278 -209 -483 -471 -361 0
398 -253 -160 -397 -46 -376 -424 -333 -346 -493 -301 0
-389 -134 -301 -160 -415 -215 -266 -167 -376 -398 -472 -388 0
389 -489 -493 -298 -273 0
293 -281 -424 -321 -273 -253 -346 -306 -493 -298 -333 -46 -376 -472 -400 -57 0
498 -436 -346 0
280 -360 -400 -472 -376 -46 -333 -346 -321 -89 -489 -273 -253 0
282 -389 -333 -46 -298 -376 -493 -472 0
48 -274 -436 -346 -323 -400 -277 -472 -405 -376 -209 0
-489 -27 -424 -125 -400 -136 -376 -472 -269 -333 -46 -346 -321 -89 -273 -253 -281 -298 -493 0
-281 -294 -472 -253 -424 -400 -333 -46 -346 -321 -273 -298 -493 -187 -57 -376 -306 0
84 -39 -434 -12 -40 -65 -43 0
-294 -472 -376 -94 -46 -12 -346 -253 -424 -187 -321 -273 -57 -400 -493 -333 -298 -306 0
494 -480 -342 -168 -46 -472 -376 -331 -94 -389 -216 -298 -148 0
215 -433 -18 -70 -171 -468 -350 -74 -124 -112 -120 -98 -382 -107 -376 -398 -472 -389 -253 -168 0
347 -112 -181 -59 -457 -168 -216 -18 -70 -171 -350 -74 -124 -5 -120 -382 -107 -376 -398 -472 -389 -253 -148 -493 -342 -46 -331 -94 -298 -158 -116 -212 -445 -226 0
214 -279 -411 -5 -319 -46 -269 -209 -160 -154 -359 -301 -18 -59 -181 -171 -457 -415 -168 0
348 -411 -493 -342 -168 -46 -472 -376 -331 -389 -216 -253 -148 -5 -319 -269 -209 -160 -154 -359 -301 -18 -59 -181 -171 -457 -415 -226 0
-445 347 -181 -59 -457 -168 -216 -18 -70 -171 -350 -74 -124 -5 -120 -382 -107 -376 -398 -472 -389 -253 -148 -493 -342 -46 -331 -94 -298 -158 -116 -212 -224 -226 0
445 -260 -94 -333 -430 -360 -301 -224 -212 0
-331 -470 -282 -436 -493 -46 -472 -376 -389 -216 -253 -148 -5 -319 -269 -209 -160 -301 -18 -59 -181 -457 -415 -346 -445 -70 -350 -74 -124 -382 -107 -398 -158 -116 -212 -224 -360 -333 0
-489 -472 -493 -46 -306 -376 -253 -160 -301 -18 -346 -398 -333 -57 -424 -321 -273 294 -400 0
-472 -57 -493 -253 -376 -46 -306 -160 -301 -18 -398 -333 -346 -424 -321 -273 -400 -12 0
166 -514 -307 -301 -322 -223 -6 -447 -89 -257 -361 -7 -187 -291 -57 -294 -216 -84 0
-389 -447 -57 -160 -301 -84 -424 -14 -524 -400 -321 -136 -253 -346 -397 -306 -412 -273 -438 -280 -493 -265 -388 0
-57 -400 -493 -160 -301 -424 -253 -346 -397 -333 -46 -376 0
496 -43 -323 -26 -301 -472 -160 -253 401 -214 -424 -136 -383 -46 -376 -331 332 -261 -18 -482 -417 0
498 -479 -493 -359 -282 -482 -346 0
-331 -389 -472 -160 -253 -424 -46 -376 -493 -346 -400 -397 -301 -333 0
-389 -472 -346 -253 -400 -493 -160 -424 -46 -376 -397 -301 -333 0
-472 -400 -493 -346 -253 -160 -424 -46 -376 -397 -301 -333 0
-389 -294 -26 -223 -84 -301 -306 -160 -373 -358 -18 -417 -524 -14 -253 -400 -136 -90 -346 -397 -412 -273 -487 -280 -493 -388 0
-400 -253 -493 -301 -160 -346 -397 -333 -46 -376 -424 0
-271 332 -424 -346 -376 -94 -46 -331 400 -298 -397 -493 -253 -187 -389 -282 -81 -273 0
-331 -389 -376 -301 -160 -46 -333 -397 -346 -253 -493 -424 0
481 -279 -470 -361 -210 -89 0
323 -223 -307 -27 -33 -202 -504 -66 -219 -77 -411 -514 -279 0
225 -216 -229 -168 -160 -301 0
-389 -253 -301 -333 -397 -160 -46 -346 -493 -376 -424 0
-253 -333 -160 -397 -46 -376 -346 -493 -301 -424 0
-436 -496 -346 0
341 -229 -160 -301 -214 0
342 -229 -160 -301 -214 0
-331 -216 -389 -272 -46 -472 -376 -301 -160 -57 -89 -482 -397 -292 -172 -416 -333 -320 -480 -228 -514 -289 -167 0
-216 -482 -470 -279 -210 -89 -374 -272 -320 -389 -46 -472 -376 -301 -160 -57 -397 -292 -172 -416 -333 -480 -228 -514 -289 -143 -214 0
-389 -472 -301 -160 -46 -397 -376 -333 -214 -346 -496 -523 -487 -478 -493 0
-472 -496 -346 -160 -301 -214 -523 -46 -376 -487 -478 -493 -333 -397 0
-273 -271 -346 -412 -437 -389 -397 0
273 -412 -346 -496 -397 0
498 -327 -301 -214 -160 -523 -46 -397 -376 -412 -416 -346 0
-389 -523 -46 -397 -376 -412 -346 -496 -301 -214 -160 -106 -424 -400 -136 -487 -493 0
498 472 -90 -138 -402 -268 -142 -149 -99 -523 -321 -46 -397 -376 -346 0
-333 -424 -301 -46 -397 -376 -346 -493 -160 0
-389 -273 -493 -46 -376 -346 -160 -301 -170 -270 -397 -414 -331 -167 -360 -84 -390 0
497 -326 -160 -301 -341 -524 -417 -255 0
-273 333 -301 -397 -346 -160 -493 -46 -376 0
483 -57 -363 -137 -489 -270 -209 0
319 -89 -401 -168 83 -363 -515 -341 -253 -57 -447 -301 -489 -270 -225 0
488 -471 -324 -44 -513 -363 -424 -472 -57 -346 -489 -376 -46 -94 -271 -298 -397 -493 -253 -401 -515 -292 -281 -524 -214 0
55 -70 -153 -17 -170 -225 -158 -447 -124 -119 -341 -253 -214 -424 -13 -401 -137 -489 -324 -44 -513 -363 -472 -57 -346 -376 -46 -94 -271 -298 -397 -493 -515 -281 -524 -89 0
-57 -415 -209 -341 -270 -153 -17 -170 -225 -447 -124 -119 -253 -214 -424 -13 -401 -137 -489 -513 -363 -472 -346 -376 -46 -94 -271 -298 -397 -493 -515 -281 -524 -320 -168 83 -301 -228 -135 -360 -481 0
88 -294 -214 -253 -291 -489 -363 0
496 -447 -11 -225 -513 -424 -320 -137 -489 -363 -214 -401 -187 -124 -209 -341 -270 -153 -17 -170 -119 -13 -472 -346 -376 -46 -94 -271 -298 -397 -493 -281 -524 -168 83 -301 -228 -135 -360 -438 0
-496 -214 -301 -160 -17 -498 -489 -493 -281 -346 0
292 -200 -341 -65 -209 -415 -270 -57 0
488 -57 -209 -341 -270 -153 -17 -170 -225 -415 -124 -119 -253 -214 -424 -13 -401 -137 -489 -513 -363 -472 -376 -46 -94 -271 -298 -397 -493 -346 -281 -524 -320 -168 83 -301 -135 -360 -481 0
-57 -153 -493 -298 -346 -17 -170 -225 -124 -119 -341 -253 -214 -424 -13 -401 -137 -489 -513 -363 -472 -376 -46 -94 -271 -397 -281 -524 -320 -209 -270 -415 -168 83 -301 -135 -360 -481 0
495 -26 -225 -364 -114 -403 -217 -470 -147 -281 -242 0
471 -26 -225 -364 -114 -403 -217 0
-389 -424 -346 -376 -46 -397 -493 -301 -160 0
-168 -415 -298 -346 -17 -170 -225 -124 -119 -341 -253 -57 -424 -13 -401 -137 -489 -513 -363 -472 -376 -46 -94 -271 -397 -281 -524 -320 -209 -270 -493 -214 -301 -360 -481 -266 -84 -167 0
-214 -57 -346 -424 -376 -46 -397 -493 -301 -160 0
-57 -424 -346 -301 -376 -46 -397 -493 -160 0
-424 -160 -376 -46 -397 -493 -301 -346 0
82 -305 -359 -94 -332 -168 0
453 -205 -122 -460 -158 0
293 -6 -513 -160 -109 -301 -415 -122 -460 -443 -458 -266 -168 -84 -359 -332 -374 -320 -397 -489 -271 -253 -363 -8 -214 -400 0
-400 -513 -270 -57 -294 -209 -160 -109 -301 -415 -122 -460 -266 -168 -84 -359 -332 -374 -320 -397 -489 -271 -253 -363 -8 -214 -172 -401 0
400 -294 -253 -214 -489 0
-292 -320 -57 -294 -160 -109 -301 -415 -460 -168 -270 -397 -489 -271 -253 -363 -214 -172 -376 -472 -481 -136 0
210 -142 -472 -172 -376 -400 -46 0
292 -400 -57 -271 -489 -136 -481 -472 -172 -376 -46 -270 0
-294 -363 -160 -109 -301 -460 -270 -397 -489 -271 -253 -57 -214 -172 -376 -472 -481 -136 -46 0
-363 -481 -397 -270 -271 -46 -376 -489 -472 -214 -136 -160 -109 -301 -460 -253 -57 -172 0
363 -271 -270 -489 -397 -57 0
-271 -270 -301 -341 -214 -472 -376 -46 -489 -493 -281 -346 -397 -160 -253 -57 0
271 -281 -472 -46 -376 -493 -346 -489 -301 -397 -160 0
-270 -281 -489 -472 -46 -376 -493 -253 -346 -214 -397 -160 -301 -57 0
293 -400 -397 -489 -271 -253 -363 -214 -321 0
487 -142 -346 -460 -333 -400 -376 -46 -472 -321 -89 -489 -253 -281 -363 -416 -298 -493 -271 -498 -210 -397 -225 -481 0
488 -333 -493 -46 -376 -346 -489 -397 -225 -307 -94 -187 -253 -298 -271 -472 -136 0
56 -142 -460 -333 -376 -46 -472 -321 487 -489 -253 -281 -363 -346 -298 -493 -271 -210 -397 -225 0
294 -289 -400 0
-363 -333 -460 -376 -46 -472 -321 487 -489 -253 -281 -346 -298 -493 -271 -210 -397 -225 -57 -214 0
143 -201 -66 -415 -204 -451 -205 -460 -259 0
-281 -472 -493 -46 -376 -253 -214 -397 -346 -57 -489 -225 -160 -301 0
-481 -363 -107 -460 -210 -88 -144 -57 -293 -400 -366 -271 -397 -225 -319 -46 -376 -489 -472 -214 -136 -160 -109 -301 -253 -172 0
-363 -210 -346 -470 -253 -214 -400 -293 -144 -107 -460 -88 -57 -366 -271 -397 -225 -319 -46 -376 -489 -472 -136 -160 -109 -301 -172 0
-472 -225 -46 -346 -253 -214 -376 -397 -57 -489 -160 -301 -493 0
-292 -270 -346 -412 -493 -298 -376 -46 -94 -271 -397 -363 -481 -214 -57 -489 -253 -400 -294 0
-270 -210 -57 -271 -400 -136 -481 -489 -346 -412 -493 -298 -376 -46 -94 -397 -363 -214 -253 -294 0
488 -333 -493 -46 -376 -346 -489 -397 -225 -307 -94 -187 -253 -298 -412 -271 0
270 -271 -493 -397 -376 -346 -489 -412 -46 -280 -298 -225 -307 -94 -187 -253 0
-294 -481 -301 -346 -160 -493 -46 -376 -412 -270 -57 -271 -400 -489 -214 -253 -397 0
-481 -271 -493 -376 -346 472 -397 -46 -489 -301 -160 -270 -57 -214 -253 0
-271 -225 -397 -493 -489 -376 -46 -301 -160 -57 -214 -253 -346 0
-225 -253 -160 -301 -346 -397 -493 -46 -376 -214 -489 -57 0
-412 -472 -376 0
280 -403 -346 -323 -142 -341 -217 -416 -471 -333 -400 -376 -46 -472 -321 -273 -489 -89 -253 0
498 -416 -214 -341 -253 0
-472 -333 -167 -376 -94 -46 -27 -359 -114 -263 -460 -222 -259 -142 -258 -213 -406 -172 -447 -400 -136 -346 -436 -323 -341 -217 -416 -471 -321 -273 -489 -89 -253 -125 -209 -298 -493 0
-273 -363 -346 -397 -271 -253 -376 -46 -400 -489 -214 -57 -493 -301 -160 0
398 -271 -489 -298 -321 -493 -306 0
293 -472 -376 -398 -389 -167 -214 -136 0
259 -276 -59 -5 -20 -516 -263 0
514 -59 -263 -20 -205 -5 -451 -323 -179 0
438 -59 -5 -20 -263 -181 -212 -87 -447 -514 -346 0
-472 -323 -109 -20 -263 -181 -212 -447 -346 -374 -482 -497 -376 -406 -253 -400 -214 -136 -292 -398 -389 -167 0
-271 -253 -346 -397 -493 -376 -46 -214 -57 -489 -301 -160 0
-253 -214 -397 -346 -493 -46 -376 -489 -301 -160 -57 0
-214 -57 -46 -397 -376 -346 -301 -160 -493 -489 0
-289 -400 -292 0
473 -306 -301 -160 -215 -389 -398 -415 -376 -472 -333 -482 -46 -346 -282 0
304 -224 -216 -160 -301 -229 -83 0
483 -83 -12 -123 -460 -328 -451 -59 -415 -301 -459 -307 -340 -166 -94 -333 -374 -359 0
-273 -400 -346 -301 -160 -493 -376 -472 -46 -57 -489 -397 -271 0
388 -472 -166 -376 -46 -94 0
360 -169 -472 -376 -266 -94 -166 -340 -307 -301 -225 -305 0
331 -242 -498 -346 -483 -472 -376 -266 -166 -340 -301 -225 -305 -160 -57 -270 0
273 -400 -160 -301 -472 -376 -46 -346 -57 -489 -493 -397 0
271 -472 -489 -46 -376 -493 -346 -301 -397 -160 0
-400 -472 -301 -160 -493 -376 -346 -46 -57 -489 -397 0
-472 -57 -489 -301 -160 -376 -346 -46 -493 -397 0
-273 -271 -397 -253 -412 -346 -376 -46 -280 -493 -489 -301 -160 0
273 -253 -493 -46 -376 -346 -489 -397 -307 -94 -187 -298 472 0
-57 -489 -397 -346 -376 -46 -493 -301 -160 0
-273 -472 -376 -46 -489 -397 -301 -346 -160 -493 0
225 -271 -298 -489 -493 398 0
-389 -333 -94 -46 -376 -472 -271 398 -390 0
166 -21 -324 -264 -259 -289 -172 -82 -400 -376 -200 -472 -134 -266 0
304 -212 -172 -257 -400 -346 -363 -56 -436 -281 -88 -326 -294 -472 -46 -253 -376 -324 -289 -200 -134 -266 -341 -160 -301 -225 0
347 -403 -217 -470 -281 -436 0
-333 -253 -346 -493 -46 -376 -472 -301 -160 -400 -489 -397 0
-340 -32 -206 -26 -225 -21 -153 -301 -415 -160 -341 0
364 -403 -192 -140 0
388 -365 -26 -225 -301 -160 -341 -283 -360 -460 -346 -281 -143 -209 -363 -417 -90 -458 -17 -489 -493 -498 -253 -291 -294 -84 -266 -472 -376 -46 0
-253 -400 -346 -160 -489 -493 -472 -376 -301 -46 -397 0
-400 -472 -346 -160 -493 -489 -376 -301 -46 -397 0
-472 -489 -160 -301 -493 -346 -376 -46 -397 0
-253 -489 -346 -397 -376 -46 -493 -301 -160 0
-489 -160 -397 -376 -46 -493 -301 -346 0
-472 -172 -333 -293 489 -376 -46 -94 -298 -493 -346 -473 0
272 -390 -397 -376 -412 -46 -333 0
254 -305 -168 -332 -361 -460 -144 -268 -293 -417 -301 -358 -90 472 -138 -402 -160 -326 -321 -46 -397 -376 -14 -346 -496 0
413 -326 -160 -301 -214 -255 -417 -523 -46 -496 -376 -346 0
-160 -397 -46 -376 -346 -301 -493 0
299 -214 -496 -416 -271 -253 -333 -94 -517 0
498 -214 -229 -525 -327 -253 -416 0
-214 -480 -83 -16 -333 -267 -397 -346 -271 -253 -496 -229 -525 -327 -416 -300 -94 -517 0
497 -210 -361 -470 -88 -346 -271 0
401 -496 -346 -400 -16 -397 -253 -229 -94 -517 -46 -493 -376 -489 -472 0
272 -214 -301 -332 -266 -479 -253 -346 -319 -16 -472 -376 -46 -94 -496 -397 0
-214 -326 -229 -524 -253 -496 -271 -301 -332 -266 -479 -346 -319 -16 -472 -376 -46 -94 -397 0
497 -88 -56 -361 -417 -271 0
-496 -94 -400 -253 -301 -472 -376 -46 -346 -397 -489 -493 0
89 -358 -376 -472 -214 -389 -398 -94 -517 -301 -224 -306 -453 -374 -136 -400 -481 -57 0
254 -108 -301 -447 -517 -188 -384 -224 0
402 -281 -493 -346 -416 -323 -217 -403 -142 -471 -333 -400 -376 -46 -472 -321 -273 -489 -89 -253 -229 -214 -301 -447 -517 -188 -384 -224 0
348 -403 -217 -471 -472 -400 -493 -346 -416 -323 -142 -333 -376 -46 -321 -273 -489 -89 -253 -229 -214 -301 -517 -188 -384 -224 -436 0
401 -135 -376 -472 -398 -389 -170 -94 -517 -188 -214 -253 -384 -136 -174 0
-333 -332 -214 -152 -346 -416 -323 -400 -376 -46 -472 -321 -273 -489 -398 -389 -170 -94 -517 -136 -222 -436 -493 -229 -301 -224 -57 -481 -362 -88 -306 -453 -374 -269 -253 0
333 -306 -376 -472 -46 -94 -389 0
255 -115 -343 -455 -157 -25 -229 332 -376 -94 -46 -188 -214 -107 0
-89 -493 -376 -46 -472 -333 -273 -400 -253 -489 -214 -94 -301 0
-493 -333 -253 -376 -94 -46 -214 -472 -400 -273 -489 -301 0
390 -517 -6 -397 -45 -301 -84 -79 -167 -152 -305 -298 -266 0
-517 -134 -416 -266 -341 -167 -94 -298 -388 -6 -397 -45 -301 -84 -79 -152 -305 0
390 -79 -397 -301 -6 -45 -307 -94 -84 -167 -152 -134 -305 -266 0
399 -341 -211 -416 -452 -122 -514 -502 -276 -97 -6 -148 -45 -375 -84 -320 -305 0
493 -489 -301 -253 -214 -46 -376 -472 -94 -400 -273 0
-489 -400 -472 -46 -94 -273 -253 -214 -376 -301 0
-493 -55 -90 -397 -363 -273 -346 -282 -495 -376 -46 -301 0
-517 -458 -168 -376 -298 -228 -94 -497 -342 -416 -55 -383 489 -400 -136 -472 -153 -18 -301 0
498 -160 -18 -301 -416 -214 -253 0
496 -416 -55 -363 -90 -273 0
399 -517 -168 -376 -298 -228 -94 -497 -342 -416 -55 -383 489 -400 -136 -472 -153 -79 -301 0
-517 -416 -273 -168 -376 -298 -228 -94 -497 -342 -363 -55 -383 489 -400 -136 -472 -153 -79 -301 -148 -381 -29 -519 0
-416 -97 -148 -470 -273 -301 -214 -253 -376 -298 -228 -94 489 -400 -472 -153 -79 -381 0
-400 -273 -301 -214 -253 -376 -94 -472 -46 0
299 -371 -98 -153 -480 -375 -228 -320 -360 -224 -305 -388 -30 0
398 -517 -320 -269 -46 -376 -472 -280 -494 -98 -480 -228 -360 -388 -188 -351 -375 -301 -94 -452 -341 -416 0
378 -149 -494 -98 -280 -525 -472 -46 0
151 -372 -223 -167 -301 -188 -83 -517 -306 -94 -360 -170 -228 -351 -480 -206 0
415 -307 -264 -517 -206 -94 -452 -341 0
304 -264 -514 -4 -182 -172 -424 -206 -144 -452 -416 -8 -517 -94 -341 -228 -167 -360 -83 0
305 -517 -94 -333 -301 -360 -223 0
-517 -188 -167 -514 -4 -182 -172 -424 -144 -452 -416 -8 -94 -341 -228 -360 -301 -376 -494 -98 -280 -525 -472 -46 -375 -269 -320 -480 -388 -351 0
378 -269 -320 -210 -375 -46 -494 -98 -280 -525 -472 0
82 -223 -307 -305 -167 0
-489 -416 -472 -376 -46 -301 -94 -253 -214 -273 0
-341 -228 -479 -449 -78 -168 -120 -301 -94 -305 -517 -397 -363 -189 -90 -273 -416 -497 -342 -214 -253 0
359 -153 -16 -472 -376 -273 -46 -363 -90 -270 -483 -333 0
83 -278 -209 -483 -273 -90 -388 -280 -373 -472 -206 -376 -168 -33 0
-228 -305 -376 -46 -301 -472 -273 -416 -517 -94 -214 -253 0
-341 -305 -301 -78 347 -281 -517 -397 -363 -189 -90 -273 -416 -497 -342 -214 -253 0
-305 -517 -376 -273 -46 -301 -416 -472 -94 -214 -253 0
496 -333 -94 -359 -517 -189 -90 -416 -363 -273 0
-517 -416 -376 -46 -301 -472 -94 -273 -214 -253 0
445 -516 -276 -259 -181 -212 -86 0
-341 -305 -376 -472 -46 -94 -301 -273 -416 -214 -253 0
498 -29 -376 -298 -46 -153 -472 -524 -381 -99 -307 -90 -225 -363 -321 -273 -453 -416 -160 -301 -214 -253 0
-305 -416 -376 -472 -273 -301 -46 -253 -214 -94 0
-416 -273 -301 -214 -253 -376 -472 -46 -94 0
377 -150 -99 -90 -363 -273 -55 -495 -376 -46 -301 -524 -472 0
18 -305 -301 -94 -376 -90 -363 -273 -46 -472 -214 -253 0
378 -278 -270 -321 -483 -273 -90 -280 -472 -376 -168 -307 -9 -301 -172 -153 -514 -143 -453 -479 -417 -305 -227 -342 -94 -205 -460 -424 -458 -266 -398 -46 0
-496 -458 -270 -46 -99 -90 -363 -273 -55 -495 -376 -301 -524 -472 -280 -168 -307 -9 -172 -153 -143 -453 -479 -417 -305 -342 -94 -205 -424 -321 -266 -398 -221 -228 -497 0
-398 -168 -472 -376 -280 -266 -438 -273 -270 -46 -99 -90 -363 -55 -495 -301 -524 -307 -9 -172 -153 -143 -453 -479 -417 -305 -342 -94 -205 -424 -321 -221 -228 -497 -79 0
-55 -305 -90 -363 -273 -46 -301 -472 -376 -94 -214 -253 0
-305 -363 -376 -472 -90 -94 -214 -253 -273 -46 -301 0
-294 -438 -497 -359 -200 -169 -307 -94 -389 -472 -376 -46 -398 -151 -341 -478 -214 -253 400 0
294 -90 -253 -487 -214 -56 0
-90 -273 -472 -376 -46 -214 -253 -301 -94 0
-273 -94 -472 -376 -46 -214 -301 -253 0
-294 88 -214 -363 -489 -253 0
88 -363 -214 -489 -253 0
377 -359 -46 -376 -271 -472 398 -390 -94 -168 -84 0
-359 -307 -183 -192 -153 -350 -436 -517 -171 -289 -94 -217 -470 -400 -136 -168 -210 -472 -46 -376 -271 398 -390 -360 0
378 -431 -227 -100 -192 -212 -142 -225 -221 -346 -470 -436 -217 -341 -189 -214 -253 -383 -124 -294 -56 -13 -400 -136 -210 -472 -46 0
359 -168 -142 -221 -217 -436 -470 -493 -253 -229 -341 -214 -94 -210 -324 -270 -266 -472 -46 -376 -100 -192 -212 -225 -189 -383 -294 -56 -400 -136 0
-168 -192 -390 -472 -376 -46 -94 -153 -436 -517 -171 -289 -217 -470 -400 -136 -210 -271 398 -360 -221 -493 -253 -229 -341 -214 -324 -270 -100 -212 -225 -56 0
89 -94 -253 -214 -46 -376 -472 -301 0
417 -242 -376 -346 -46 -301 -397 -17 0
348 -135 -359 -305 -124 -408 -213 -158 -17 -13 -397 -376 -346 -46 -301 -137 -489 -253 -374 -214 -363 -271 -400 -294 -57 -436 0
-84 -436 -253 -214 -400 -376 -46 -301 -359 -168 -94 -472 0
84 -400 -214 -489 -168 -57 -266 -472 -359 -376 -271 398 0
-400 -359 -214 -253 -472 -46 -376 -301 -168 -94 0
-436 -416 -397 -376 -346 -46 -301 -17 -281 0
56 -494 -483 -498 -320 -98 378 -525 -472 -46 -376 -301 -17 -281 0
358 -436 -346 -480 -242 -397 -376 -46 -301 -519 -94 -332 0
-493 -191 -284 -432 -27 -217 -223 -471 -301 -281 -519 -494 -397 -376 -346 -46 0
-436 -307 -320 -323 -77 -153 -292 -363 83 -401 -216 -181 -168 -480 -80 -284 -27 -217 -471 -301 -281 -519 -494 -397 -376 -346 -46 -305 -359 -94 -332 -483 -17 0
-359 -168 -301 -376 -46 -94 -472 -214 -253 0
-168 -94 -214 -253 -301 -376 -46 -472 0
377 -359 -305 -332 -84 -46 0
-436 -359 -301 -84 -305 -309 -230 -346 -480 -397 -376 -46 -94 -332 -518 -363 -97 -489 -253 -401 -456 -293 -57 -17 -281 0
-359 -320 -363 -309 -341 -518 -293 -299 -57 -301 -489 -84 -332 -305 -133 -483 -498 -230 -480 -376 -46 -94 -253 -456 -17 -525 -472 0
-94 -214 -376 -46 -253 -472 -301 0
402 255 -124 -214 -137 -56 -293 -173 0
-436 -401 -214 -253 -124 -137 -80 -524 -479 -517 -166 -301 -340 -272 -397 -376 -346 -46 -17 -281 0
216 -330 -241 -430 -495 -225 -479 -401 -320 -137 -226 -253 -201 -481 -346 -272 -417 -496 -340 0
333 -305 -214 -301 -376 -46 -472 -253 -359 0
18 -271 -402 -253 -214 -210 -269 -472 -305 -376 -267 -301 -389 -359 -340 -138 -415 0
496 -402 -301 -214 -359 -340 -305 -16 -253 -210 -269 -472 -376 -267 -389 -138 0
215 -267 -16 -397 -389 -359 -346 -305 -496 -83 -253 -166 0
-305 -359 -253 -301 -214 -472 -376 -46 0
215 -496 -253 -214 -472 -376 -46 -301 -359 0
360 -266 -472 -376 -152 -46 -479 -331 -227 0
-496 -359 -214 -253 -376 -46 -472 -301 0
-489 -333 -294 -273 -321 -376 -46 -472 -57 280 -360 -253 -402 -214 0
401 -90 -416 -273 496 -294 0
400 -57 -188 -294 -107 0
402 292 -331 -472 -57 -400 -271 -481 -376 -46 -406 0
-402 -360 -524 -294 -273 -321 -376 -46 -472 -326 -253 -214 -389 -266 -416 496 -400 0
402 -383 -331 -472 -57 -400 -271 -481 -376 -46 -294 -253 -214 -321 -269 0
-359 -214 -376 -46 -253 -472 -301 0
293 -416 -253 -496 -214 -57 0
255 -495 -517 -390 -301 -266 -340 -166 -524 -214 0
-496 -489 -397 -84 -166 -305 -253 -214 -517 -390 -301 -266 -340 -524 -281 -346 0
254 -436 -376 -346 -46 -301 -281 -397 -320 -340 -489 -214 0
402 -340 -397 -124 -214 -137 -166 -517 -390 -301 -266 -524 -253 -376 -346 -46 -281 -270 -209 -482 -84 -305 0
216 -482 -397 -517 -305 -301 -84 -340 400 -253 -214 -166 0
-214 -301 -253 -376 -46 -472 0
83 -262 -39 -20 -60 -6 -159 -45 0
305 -332 -388 -360 0
-346 -397 -341 -416 -482 -293 -46 -400 -136 -301 -376 -489 -412 -272 -347 -496 0
401 -20 -261 -516 -265 -167 -305 -376 -224 -518 -412 -301 -253 -498 415 -214 -397 -494 -272 -489 -289 0
-271 -134 -77 -180 -8 -199 -516 -459 -20 -84 -46 -309 -376 -152 -224 -412 -16 -389 -397 -272 0
168 -8 -412 -6 -445 -376 -159 -224 -136 -305 -489 -362 -77 -180 -199 -516 -20 -46 -16 -397 -272 -265 0
-271 -220 -142 -482 -226 -265 -332 -82 -46 -376 -170 -412 -16 -397 -272 0
83 -207 -307 -20 -375 -224 -320 -305 -8 -397 -15 -412 -6 -376 -45 0
342 -142 -376 -305 -482 -489 -397 -226 -46 -272 -167 -445 -516 -289 -301 -253 -498 -214 -494 -416 0
378 -453 -516 -289 -400 -136 -489 -305 -272 -397 -412 0
-84 -320 -269 -305 -167 -307 -333 -83 -376 -94 -46 0
389 -151 -494 -480 -298 -265 0
292 -305 -489 -494 -480 -482 -167 -376 -46 -301 -384 -397 -516 -272 -416 -341 -226 -445 -253 -498 -214 0
-292 -397 -412 -376 -46 -482 -272 -489 -136 -293 -400 0
-397 -480 -376 -489 -46 -167 -301 -384 -341 -253 -498 -214 -293 -496 0
377 -225 -489 -16 -79 -88 -301 -482 -341 -360 -167 -376 -84 -46 -280 -390 -437 -265 -347 -412 0
151 -493 -459 -79 -20 -480 -263 0
77 -329 -104 -354 -192 0
483 -64 -347 -437 -87 -16 -152 -459 -79 -480 -309 -225 -301 -341 -384 -416 -125 -400 -489 -363 -209 -88 0
488 -309 -225 -513 -301 -43 -459 -144 -293 -14 -400 -319 -136 0
401 -263 -64 -227 -260 -221 -301 -16 -416 -518 -452 -188 -289 -108 0
320 -173 -493 -79 -459 -325 -400 -64 -227 -260 -221 -301 -16 -416 -289 -108 -31 -461 -431 -309 -373 -225 0
494 -227 -347 -437 -480 -280 0
-223 -518 -301 -225 -305 -167 82 0
-289 -25 -31 -356 -150 -373 -319 -462 -493 -79 -459 -325 -400 -64 -227 -301 -16 -416 -108 -431 -309 -225 -144 0
82 -325 -88 -271 -400 -293 -319 -79 497 -301 -16 -108 -225 -305 -167 -280 -480 -489 -513 -14 -136 -360 -209 -87 -341 -384 -125 -265 0
224 -55 -332 -16 -416 -341 -319 -301 0
-459 -458 -79 -493 -480 -324 -301 -408 -341 -384 -77 -125 -87 -16 -225 -400 -489 -209 -88 497 -271 -291 -294 -142 -307 -265 -174 -167 -513 0
481 -470 -112 -183 -363 -294 -291 -55 -16 -416 -158 -452 -430 -142 -375 -360 -209 0
495 -493 -108 -25 -112 -384 -77 -14 -513 -324 -100 -6 -158 -301 -408 -452 -341 -125 497 -271 -291 -294 -55 -16 -430 -142 -375 -360 -209 -79 -97 -480 -87 -225 -400 -489 -88 -307 -265 -174 -167 -280 0
-493 -291 -445 497 -271 -87 -294 -79 -480 -324 -301 -408 -341 -384 -77 -125 -16 -225 -400 -489 -209 -88 -142 -307 -265 -174 -167 -513 -360 -280 -108 -25 -112 -14 -100 -6 -158 -452 -55 -430 -375 -97 0
402 -375 -384 -108 -97 -430 -112 -360 -209 -14 497 -271 -136 -88 -489 -445 -87 -79 -480 -324 -301 -341 -125 -16 -225 -400 -307 -265 -167 -513 -280 -25 -158 -289 0
89 -173 -142 -513 -324 -301 -32 -5 -453 -341 -25 -44 -416 -187 -363 -55 0
168 -354 -78 -330 -65 -16 -260 -264 -307 -265 0
321 -445 -16 -301 -65 -87 -167 -307 -265 -79 -430 -480 -280 -332 -360 -209 -88 -513 -32 -341 -25 -44 -489 -289 -108 -400 -384 -97 -112 -14 497 -271 -136 -125 -225 -158 0
483 -269 -55 -209 -88 0
457 -409 -25 -190 -285 -188 -260 -289 -108 -221 -227 -452 -263 -301 -16 -416 -400 -307 -182 -173 -167 0
56 -323 -263 -158 -260 -452 -341 -416 -221 -437 -227 -347 -445 -87 -458 -25 -190 -285 -289 -108 -301 -16 -400 -307 -173 -167 -470 -88 0
-289 -14 -384 -400 -158 -341 -125 -88 -87 -108 -301 -16 -167 -280 -79 -480 -360 -209 -489 -319 -65 -265 -332 -513 -32 -44 -97 497 -271 -136 -225 0
453 -227 -144 -173 -458 -87 -225 -332 -16 -341 -319 -301 -275 497 -361 -88 -271 -158 0
457 -121 -158 -462 -275 -425 -182 -173 0
-417 -227 -87 -144 -173 -458 -158 -275 -425 -14 -7 -131 -118 -431 -113 -301 -225 -187 -341 -332 -16 -319 497 -361 -88 -271 0
366 -405 -190 -140 0
-55 -14 -7 -158 -275 -458 -131 -118 -136 294 -400 -94 -366 -332 -431 -113 -270 -187 -225 -16 -416 -341 -319 -301 0
223 -460 -441 -14 -394 -7 -140 -158 -73 -366 -431 -113 -27 0
457 -225 -301 -441 -14 -394 -7 -140 -158 -366 -431 -113 -27 -131 -118 -425 -94 -173 -167 0
-305 -167 -400 -301 -136 -319 -16 -341 -87 497 -88 -271 -280 -79 -480 -108 -489 -293 -384 -265 -525 -412 -46 -376 -304 0
89 -241 -437 -445 -347 -87 -495 -182 -489 -55 0
415 -142 -412 -347 -376 -46 -331 -359 -482 -88 -437 -445 -87 -495 -182 -489 -55 0
-142 -495 -167 -376 -331 -359 -482 -88 -341 -55 -16 -416 -412 -347 -437 -445 -87 -46 -182 -489 0
458 -55 -412 -46 -347 -331 -437 -359 -280 -482 -88 -489 -363 -400 -173 -167 -341 -376 -16 -416 -445 -87 -79 0
-55 -457 -293 -301 -16 -112 -214 -496 -253 -416 -271 -298 -87 -384 -482 -167 -376 -331 -359 -341 -347 -437 -445 -46 -489 -83 -173 -224 -363 -79 0
55 -347 -412 -376 -46 -167 -331 -359 -482 -88 -341 -363 -416 -293 -400 0
481 -142 -341 -16 -416 -480 -347 -412 -265 -376 -46 -331 -359 0
47 483 -437 -87 -16 -347 -79 -480 -301 -341 -384 -416 -400 -489 -363 -88 -265 -167 -412 -83 -319 -376 -55 0
-142 -79 -400 -480 -16 -319 -298 -265 -489 -88 -301 -482 -341 -167 -376 -46 -280 -390 -437 -347 -412 -55 -331 -87 -384 -416 -363 -83 -359 0
215 -496 -46 -489 -301 -214 -253 -376 0
482 -188 -149 -107 498 -214 -229 -253 -416 -524 -412 -46 -376 -82 -306 -152 -225 -319 -171 -268 -134 -358 -88 0
270 -332 -226 -388 -306 -220 -225 -142 -319 -208 0
-332 -82 -376 -398 -46 -319 -226 -142 -149 -107 498 -214 -253 -416 -524 -171 -88 -301 -299 -389 -333 0
482 -159 -445 -25 -33 -471 -512 -277 -112 -6 -383 -319 -102 -45 -126 -269 -362 -55 -210 -88 0
-167 -142 -226 -445 -471 -277 -383 -319 -362 -88 -80 -398 -376 -46 -149 -107 498 -214 -253 -416 -524 -301 -299 -389 -168 0
481 -360 -226 -142 -220 -209 0
457 -374 -319 -451 -225 -289 -308 -400 -262 -173 -21 0
333 -458 -515 -260 -445 -319 -86 -398 -80 -277 -451 -225 -308 -400 -21 -153 -142 -16 -199 -135 -362 -55 -88 -483 -226 -220 -83 -376 -95 -46 0
270 -512 -400 -172 -515 -142 -260 -153 -263 -308 -383 -225 -181 -126 -294 -319 -55 -253 -496 -214 -416 0
-142 -226 -515 -383 -294 -319 -253 -496 -214 -416 -376 -46 -80 272 -445 -86 -277 -88 -471 -149 -107 498 -524 -301 -299 -168 0
346 -416 272 -46 -107 -88 -253 -496 -214 -376 -294 -383 -319 -86 498 -524 -301 -168 -493 0
458 -226 -514 -323 -43 -142 -445 -471 -276 -383 -319 -362 -88 -398 -376 -46 -107 498 -214 -253 -416 -524 -301 -389 -168 -83 -493 -79 0
-226 -307 -168 -459 -514 -323 -43 -142 -445 -471 -276 -383 -319 -362 -88 -398 -376 -46 -107 498 -214 -253 -416 -524 -301 -389 -83 -493 -79 -227 0
457 -276 -400 -260 -142 -512 270 -153 -383 -225 -181 -126 -294 -319 -55 -253 -496 -214 -416 -168 -21 0
208 -142 -512 -383 -319 -126 -362 -210 -88 -83 -168 -514 -294 -253 -496 -214 -416 -479 -398 -376 -46 -107 498 -524 -301 -389 -493 -79 -227 -86 -446 0
84 -457 -97 -55 -262 -107 -88 -479 -325 -79 -211 -86 -493 498 -482 -346 -225 -304 -64 0
-457 -482 -493 498 -479 -346 -333 -79 -389 -265 -168 -83 -97 -55 -262 -107 -88 -325 -211 -86 -225 -304 -64 0
-142 -304 -389 -168 -493 498 -479 -346 -79 -107 -88 -86 -383 -319 -362 -294 -253 -496 -214 -416 -398 -376 -46 -524 -301 0
-416 -493 498 -479 -107 -88 -253 -496 -214 -294 -168 -86 -383 -319 -376 -46 -524 -301 -271 0
495 -438 -280 -242 0
360 -162 -301 -20 -94 -259 -270 -142 -208 -348 -46 -447 -376 -225 -82 -304 0
81 -457 -259 -142 -208 -94 -46 -376 -389 -358 -301 -270 -348 -225 -86 -183 -168 -17 -200 -398 0
-397 -358 -412 -376 272 -46 -299 -225 -301 -319 -17 0
57 -225 -294 -136 -107 -400 -301 -412 -142 -376 -46 -265 -94 -168 -259 -348 -86 -17 -200 -80 272 -299 -319 -483 -88 0
365 -404 -190 -141 0
-225 -142 -489 -149 -326 -46 -483 -471 -400 254 -294 -56 -136 -301 -412 -376 -265 -94 -168 -259 -348 -17 -200 -80 272 -299 0
90 -362 -400 -56 0
-225 -326 -46 -265 -94 -168 -400 -136 -452 -80 -294 -412 -376 272 -299 -301 -17 -489 -149 -483 -471 254 -56 -259 -348 -200 0
304 -17 -301 -299 -398 -389 0
332 -17 -398 -161 -412 -518 -376 -94 -46 0
-496 -489 -376 -46 -301 -253 -214 0
223 -102 -158 -349 -362 -370 -44 -6 -274 -217 -524 -409 -326 -230 -382 -214 -253 -85 -32 -447 -26 0
517 -349 -447 -307 -225 -158 -212 -362 -370 -44 -274 -217 -524 -409 -326 -382 -214 -253 -85 -32 -59 -20 -301 -189 -162 -415 -16 0
57 -32 -107 -217 -119 -409 -214 -253 -44 -362 -447 -271 -225 -390 -301 -299 -518 -307 -158 -212 -524 -326 -59 -20 -415 -16 -454 -182 -125 0
224 -259 -212 -20 -447 -307 -301 0
-416 -406 -400 496 -273 -90 -136 -366 -192 -430 -76 -353 -205 -451 -16 0
483 -16 -301 -430 -225 -390 -362 -107 -214 -253 -524 -96 -84 -168 -457 -270 -319 -46 413 -376 -489 -88 0
167 -58 -279 -217 -405 -115 -191 -100 -76 -274 -66 -457 -84 0
166 -30 -326 -524 -479 -253 -257 -25 -188 -149 -145 -519 -342 -415 -270 292 -57 -209 -96 -84 0
167 -20 -457 -279 -217 -405 -115 -191 -100 -76 -274 -66 -84 0
166 -257 -524 -479 -253 -326 -25 -188 -149 -145 -342 -415 -270 292 -57 -209 -96 -84 -299 -390 -265 -133 0
223 -152 -265 -457 -279 -217 -405 -191 -100 -84 -168 -524 -479 -253 -326 -188 -149 -145 -342 -415 -270 292 -57 -209 -96 -299 -390 -133 -515 -260 -213 -447 0
-16 -362 -168 -96 -304 -332 -319 -301 -225 -84 -524 -479 -253 -270 -209 -390 -133 -142 -457 -88 -430 -107 -214 -46 413 -376 -489 0
16 -398 -271 -346 -376 -46 -301 -489 0
95 -362 -301 -376 -46 -253 -57 -20 -16 -84 -225 -167 -223 0
415 -400 -362 -489 -376 -46 -301 -253 -57 0
94 -214 -342 -167 0
-214 -400 -362 -57 -390 -270 -84 -376 -167 -46 -95 -342 -301 -253 -489 0
-400 -489 -446 -57 -253 -376 -305 -399 -16 -362 -457 -95 -342 -167 -390 -270 -84 -46 -301 0
321 -95 -58 -457 -57 -16 -524 -342 -167 -253 -301 -376 -46 -446 -305 -362 -390 -84 0
-214 -362 -253 -57 -376 -46 -301 -397 -84 -390 -167 -95 -342 0
488 -400 -57 -292 -90 0
-400 -268 -331 -57 -390 -416 -16 -397 -305 -84 -6 -487 -292 -362 0
56 -416 -362 -16 -44 -397 -84 -305 -376 -390 -46 -331 -268 0
-362 -20 -16 -57 -84 -376 -390 -46 -457 -167 -301 -524 -253 -225 -223 0
-214 -451 -415 -16 -262 -162 -519 -342 -213 -320 -305 -446 -376 -84 -46 -483 -272 -167 -301 -253 -489 0
399 -135 -331 -267 -390 -305 -272 0
55 -400 -376 -46 -390 -320 -305 -272 -16 -519 -457 -301 -342 -167 -262 -162 -446 -84 -253 -89 0
417 -265 -46 -272 -320 -376 -390 -269 -84 -167 -94 -519 -162 -16 0
-214 -416 -431 -376 -84 -390 -57 -363 -167 -320 -272 -253 -89 -46 -301 -342 -16 -269 -519 -162 0
18 -498 -253 -479 -416 -152 0
397 -169 -253 -16 -416 -89 -267 -488 -376 -305 -272 -80 0
17 -331 -267 -390 -305 -272 -397 -169 0
-489 -496 -361 -376 -46 -293 -397 -272 -292 -400 0
-400 -272 -320 -390 -361 -376 -46 -16 -305 -253 -89 -457 -342 -167 -431 -84 -57 -363 -301 -519 -162 -262 -446 0
-20 -390 -16 -57 -167 -301 -376 -253 -46 -457 -84 -524 -225 -223 0
399 -272 -390 -151 -265 -16 0
-272 -214 -57 -209 -65 -253 -347 -376 -46 -301 -320 -81 -398 -390 -151 -265 -16 0
-390 -167 -46 -301 -253 -57 -16 -84 -376 -457 -524 -225 -223 0
214 -94 -342 -167 0
-496 -482 -57 -214 -253 -376 -46 -301 0
-167 -223 -253 -376 -46 -301 -16 -84 -457 -524 -225 -57 0
-496 377 -84 -390 -305 -46 -272 -57 -214 -253 -376 -301 0
-214 -493 -397 -376 -46 -301 -413 -84 -390 -305 -272 -57 -253 -524 -215 0
-361 -489 -157 -43 -451 -293 -376 -46 -496 -397 -272 -292 -274 0
-489 -153 -266 -370 -524 -493 -253 -376 415 -46 -301 -57 -157 -43 -397 -272 -292 -274 0
-397 -272 -390 -320 -360 -253 -266 -524 -376 -46 -301 -57 -157 -43 -183 -342 -84 -305 -215 -81 -16 -399 0
415 -347 -446 -360 -384 -482 -136 -400 -89 -174 -108 -489 -292 -57 0
-90 -89 -136 -57 -400 -271 -489 0
-496 -135 -64 -95 -46 -360 -136 -57 -400 -271 -489 -153 -16 -446 -174 -363 -253 -342 -498 -376 -301 0
216 -481 -84 -305 -46 -363 -57 -270 -376 -415 -412 -16 -346 -153 -436 -494 -489 -253 0
-272 -64 -60 -21 -431 -360 -16 -57 -342 -215 -84 -305 -46 -376 -253 -95 -446 -174 -301 -266 -320 -81 -390 -524 -157 -43 -183 -399 0
-223 -57 -16 -376 -46 -301 -253 -84 -524 -457 -225 0
-497 -496 -272 -489 -253 0
399 -390 -304 -272 0
-400 415 -376 -46 -397 -496 -272 -489 -301 -253 -57 0
481 -461 -207 -430 -375 -360 0
-390 -397 -57 -489 -46 -430 -457 -445 -376 -496 -272 -301 -253 -319 -304 -16 0
-397 -496 -489 -304 -272 -57 -46 -430 -457 -445 -376 -319 -301 -253 -16 0
-415 -360 -363 -46 -496 -136 -57 -400 -271 -489 -16 -253 -498 -376 -301 -134 -457 -265 -84 -307 -416 0
-360 -136 -400 -489 -57 -457 -79 497 -271 -363 -46 -496 -16 -253 -376 -301 -265 -84 -307 -280 0
-496 -272 -457 -376 -46 -430 -304 -489 -57 -253 -301 -84 -307 -16 -445 -319 0
398 -400 -457 -25 -307 -301 -84 -415 -16 -376 -253 -46 -481 -363 -57 -319 0
300 -28 -324 -400 -253 -424 -136 -5 -292 -59 -384 -214 -20 -301 -479 -162 -381 -518 -513 0
-406 -424 -400 -136 -292 0
267 -352 -430 -253 -112 -384 -400 -136 -292 -99 -14 -276 -372 453 -205 -351 -84 -171 -167 -133 0
-332 -493 -307 -390 -153 -430 -253 -112 -400 -292 453 -84 -133 -181 -457 -330 -79 -171 -242 -374 -346 -124 -319 -412 -268 -376 -331 -359 -305 -46 0
-493 -214 -341 -292 -253 -400 -457 -44 -209 -436 -46 -346 -376 -319 -412 -84 -524 -307 -390 -153 -430 -112 453 -133 -181 -330 -79 -171 -242 -374 -124 -268 -331 -359 -305 0
-214 -341 -253 -489 -292 -400 -457 -44 -209 -436 -46 -346 -376 -319 -412 -84 -524 -307 -390 -153 -430 -112 453 -133 -181 -330 -79 -171 -242 -374 -124 -268 -331 -359 -305 0
416 -359 -46 -399 -390 -376 -346 -436 -253 -489 -79 -457 -307 -301 -415 -16 -292 -400 -44 -209 -319 -412 -84 -524 -430 -112 -133 -374 -331 -305 -57 0
255 -270 -57 -319 -25 -374 -149 -28 -299 -390 -265 -400 -326 -152 -292 -524 -479 -214 0
-167 -214 -292 -57 -400 -253 -319 -25 -374 -390 -152 -524 -457 -79 -243 -436 -222 -346 -342 -46 -399 -376 -359 -412 -331 -84 -305 0
-214 -152 -79 -489 -253 -457 -292 -57 -400 -319 -25 -374 -390 -524 -243 -436 -222 -346 -342 -46 -399 -376 -359 -412 -331 -84 -305 0
-292 -305 -457 -84 -307 -301 -415 -16 -489 -253 -57 -400 -319 -25 -390 -524 -346 -46 -399 -376 -436 -430 -112 -360 -481 -271 -363 0
-167 292 -524 -390 -253 -25 -415 -57 -209 -84 -133 -445 -436 -346 -46 -399 -376 -359 -412 -331 -305 0
-305 -400 -253 -457 -524 -390 -25 -415 -57 -84 -445 -436 -346 -46 -399 -376 -16 -481 -489 -271 -307 -301 -319 -430 -112 -363 -304 0
168 -214 -6 -489 -400 -136 -292 -253 -457 -307 -265 -79 0
-214 -450 -16 -298 -400 -489 -79 -292 -253 -457 -307 -265 -166 -6 -136 0
168 -493 -298 -79 -517 -457 -307 0
-493 -517 -79 -298 -457 -307 -166 0
-292 -331 -46 -376 -412 -346 -399 -390 -359 -57 -319 -253 -489 -79 -298 -457 -307 -166 -415 -301 -16 -400 -43 -363 0
254 -493 -79 -152 -457 -265 -166 -214 0
-493 -298 -79 -457 -166 -524 -214 -253 -152 -265 -25 -188 -415 -301 -16 -307 0
-400 -346 -376 -46 -319 -436 -489 -457 -524 -253 -25 -415 -301 -16 -307 -481 -57 -271 -399 -390 -363 -84 -445 -430 -112 -304 0
-272 -489 -57 -16 -376 -253 -46 -301 -319 -457 -524 -25 -307 -84 -445 -430 -112 -304 0
459 -298 -253 -319 -214 -415 -301 -16 -268 -493 -79 -457 -307 -375 -331 -84 -46 -376 -346 -436 0
-390 -79 -292 -524 -214 -253 -301 -16 -225 -84 -457 -46 -376 -489 -57 0
-79 -292 -301 -253 -457 -214 -84 -376 -46 -16 -524 -225 -489 -57 0
-292 -214 -376 -57 -489 -301 -253 -457 -46 -84 -16 -524 -225 0
-390 -79 -304 -457 -188 -524 -214 -253 -152 -25 -84 -301 -16 -307 -376 -46 -319 -489 -57 -363 -445 -430 -112 0
-79 -214 -301 -457 -524 -253 -188 -152 -25 -16 -307 -84 -304 -376 -46 -319 -489 -57 -363 -445 -430 -112 0
-390 -152 -457 223 -217 -191 -84 -100 -524 -253 -415 292 -57 -209 -213 -376 -46 -301 -214 -397 -359 413 -81 -493 -346 -436 272 0
-214 -489 -253 -457 -84 -57 -376 -46 -301 -16 -524 -225 0
266 -5 -157 -451 -16 -415 -340 -301 -181 -457 -307 -166 0
390 -187 -25 -482 -301 -497 -451 -340 -415 -319 -16 -398 -376 -181 -457 -307 -166 -45 -84 -304 0
-489 -57 -301 -457 -376 -46 -84 -16 -253 -524 -225 0
-214 -304 -84 -398 -273 -138 -90 -402 -57 -215 -301 -376 -253 -46 0
-79 -517 -398 -390 -80 -493 -273 -457 -307 -166 0
-400 -157 -101 -346 -281 -436 -453 -362 -8 -474 -292 -402 0
-415 -281 -376 -46 -57 -107 -479 -292 -402 -457 -265 -166 -307 -301 -497 -340 -242 -299 -84 -390 -304 -16 -398 -80 -493 -273 0
-79 -348 -376 -90 -319 482 -488 -46 -469 -281 -390 -361 -84 -273 -457 -398 -80 -493 -307 -166 0
518 -157 -292 -414 -376 -102 -348 -211 -445 -86 -182 -152 -457 -265 -166 -307 -301 0
-493 -265 -319 -488 -376 -390 -46 -301 -166 -292 -445 -86 -457 -90 -307 -84 -304 -16 -398 -273 -497 -57 -107 -479 -402 -340 -495 0
168 -415 -84 -16 -340 -301 -457 -307 -166 -57 -292 -402 -376 -398 -273 -79 -390 -153 -265 0
-415 -228 -138 -90 -57 -402 -280 -273 -497 -241 -340 -301 -457 -307 -265 -166 -84 -16 -292 -376 -398 -79 -390 -153 0
267 -400 -188 -211 -445 -383 -86 489 -25 -144 -182 -457 -307 -84 -166 0
-400 -517 -438 -451 -323 -376 -374 -148 -381 -340 -398 -301 -298 -361 -79 -348 -457 -307 -390 -166 -153 -265 -188 -211 -445 -383 -86 489 -25 -144 -182 -84 -292 0
412 -182 -457 -86 -79 -445 -398 -348 0
-265 -390 -307 -107 -301 -457 -84 -376 -46 214 -445 -383 -86 489 -25 -497 -57 -16 -479 -319 -304 0
-390 -304 -376 -307 -107 -301 -457 -84 -46 214 -445 -383 -86 489 -25 -497 -57 -16 -479 -319 0
-415 -417 266 -157 -16 -5 -340 -301 -451 -457 -307 -166 -57 0
519 -346 -46 -86 -376 -445 -412 -107 -524 -90 -497 -57 266 -157 -16 -5 -340 -301 -451 -457 -307 -166 0
-346 -412 -445 -86 -479 -495 -497 -57 -388 305 -300 -340 -301 -16 -84 -376 -46 -107 -524 -90 266 -5 -451 -457 -307 -166 0
259 -5 -59 -20 -323 -263 -276 0
261 -20 -301 -340 -263 0
217 -209 -144 -261 -277 -59 -20 -323 -263 -5 -410 0
-412 266 -333 -46 -376 -323 -398 -273 -90 -57 -269 -16 -340 -301 -457 -307 -166 -497 -445 -86 -479 -495 -388 305 -300 -84 -107 -524 -292 -402 -138 0
266 -340 -301 -376 -46 -495 -16 -398 -333 -323 -273 -90 -57 -269 -457 -307 -166 -497 -445 -86 -479 -388 305 -300 -84 -107 -524 -292 -402 -138 0
262 -174 -402 -323 -436 -346 -222 -226 -64 -60 -260 -21 0
-400 -38 -423 -374 -329 -229 -206 -326 -524 -46 -157 -13 -376 -453 -8 -174 -90 -416 -273 496 -346 -281 -436 -101 -292 -402 0
417 -57 -323 -107 -423 -374 -329 -229 -326 -524 -46 -157 -13 -376 -90 -416 -273 -346 -281 -292 -402 -264 -226 -64 -457 -166 -307 -517 -301 -497 -340 -242 0
-57 -457 -376 -524 -46 -301 -16 -84 -253 -225 0
-273 -436 -46 -346 472 -376 -304 -80 -517 -457 -307 -166 -90 -270 -319 -210 -489 -399 -271 0
-384 -74 -110 -112 406 -52 0
-415 472 -346 -46 -376 -457 -307 -166 -90 -270 -489 -253 -15 -292 -426 -143 -183 -174 -225 -301 -340 -16 -417 0
267 -517 -143 -361 -489 -417 -56 -46 -376 -412 -346 -496 -253 -340 -108 -301 -189 -6 -457 -307 -84 -166 0
498 -445 -85 -346 -253 0
168 -496 -253 -346 -183 -225 -457 -307 0
-497 -494 -346 -90 -333 -253 -489 -390 -496 0
-412 -340 -376 -346 -253 -524 -16 -301 -46 -457 -307 -84 -166 -225 -292 0
398 -206 -264 -21 -60 -483 -4 -90 -43 -363 -321 -273 0
518 -488 -46 -90 -270 -304 -483 -472 -376 -479 -266 -227 -225 -16 -397 -264 -21 -60 -43 -273 -290 -107 -253 -417 -401 -340 -301 -189 0
-160 -81 -16 -397 -376 -346 -46 -301 214 -168 0
498 -488 -90 -270 -304 518 -472 -376 -46 -266 -225 -16 -397 -264 -21 -60 -43 -273 -290 -253 -417 -401 -340 -301 -189 -346 0
399 -496 -253 -90 -270 -304 518 -472 -376 -46 -266 -225 -16 -397 -264 -21 -60 -43 -290 -417 -401 -340 -301 -189 -346 0
497 -332 -84 -305 -153 -46 -376 -266 -472 -280 -493 -487 -346 -253 0
-273 -304 -270 -90 518 -472 -376 -46 -266 -225 -16 -397 -264 -21 -60 -43 -290 -253 -417 -401 -340 -301 -189 -346 -496 -84 -493 0
487 -271 -417 -56 -292 497 0
-496 -472 -46 -376 -84 -346 -253 -417 -56 -292 -270 -90 -225 -16 -397 -290 -401 -340 -301 -189 -457 -307 -166 -183 0
487 -363 -292 -90 0
-340 -292 -253 -524 -457 -166 -307 -225 -301 -16 -46 -376 -84 -346 0
-292 -346 -457 -376 -46 -307 -84 -253 -301 -524 -225 -16 -166 0
415 -488 -270 -90 -264 -21 -60 -43 -273 -46 -157 -376 -289 -174 -346 -400 -136 -497 -301 -253 -214 0
-397 -94 -270 -46 -168 82 -376 -497 -390 -412 -253 -273 -399 -333 0
267 -273 -289 -270 -142 -346 -376 -46 -400 -253 -16 -417 -90 -136 -301 -214 -457 -307 -84 -166 0
-273 -214 -253 -417 -457 -307 -16 -346 -183 -225 -166 -289 -270 -142 -376 -46 -400 -90 -136 -301 -84 0
-397 -330 -100 -142 -212 -153 -457 -307 -166 -214 -524 -84 -46 -493 -376 -346 472 -436 -301 -399 0
167 -400 -289 -192 -346 -242 -280 -493 -412 -214 -166 -457 -265 -79 -270 -436 -46 -319 -376 -210 -341 -253 -307 -84 0
-346 -166 -457 -307 -253 -46 -376 -84 -524 -301 -16 -225 0
-399 -273 -253 -347 -436 -417 -457 -307 -226 -270 -46 -397 -376 -412 -166 -84 -16 0
267 -489 -496 -90 -412 -376 -397 -46 399 -84 -166 0
-489 399 -225 -457 -307 -166 -496 -90 -412 -376 -397 -46 -270 -84 -294 -301 -253 0
399 -397 -226 -412 -376 -90 -46 -84 -166 -496 -294 -253 -225 -457 -307 -270 -301 -417 -16 0
-397 -166 -307 -457 -270 -277 -417 -56 -46 -436 -294 -376 -496 -253 -301 -412 -347 -226 -84 -16 -90 -225 0
272 -494 -436 -280 -496 -489 0
262 -261 -301 -340 -21 0
167 -6 -301 -340 -143 -277 -319 -280 -489 -436 -361 -417 -56 -271 -292 -496 -253 -79 -457 -307 0
-497 -364 -25 -112 -189 -210 -90 -382 -108 -280 -270 -319 -489 -253 -436 -496 0
-489 -445 -189 -253 -417 -56 -271 -90 -280 -270 -319 -436 -496 -136 -400 -183 -301 -225 -457 -307 -166 -277 -79 -294 -376 -46 0
-166 -307 -46 -457 -225 -253 -301 -376 -84 -16 -524 0
255 -326 -229 -524 -214 0
-363 -489 -225 -16 -253 -524 -84 -457 -46 -376 -301 -307 0
-489 -307 -225 -301 -253 -524 -16 -457 -84 -46 -376 0
458 498 -94 -142 -46 -376 -301 -457 -270 -86 -183 -168 -398 -342 -214 -225 -253 -90 -363 -332 -273 -321 -305 -445 0
399 -60 -5 -9 -513 -14 -111 -364 -189 -321 -114 -94 -225 -214 -301 498 -253 -305 -16 0
498 -479 -90 -363 -495 -305 -273 -398 -5 -9 -513 -14 -111 -364 -189 -321 -114 -94 -225 -214 -301 -253 -16 -457 -142 -46 -376 -270 -86 -183 -168 -342 -332 -347 0
-307 -457 -225 -301 -253 -16 -46 -376 -524 -84 0
-489 -214 -46 -376 -270 -90 -253 -229 -457 -524 -166 -95 -342 -417 -301 0
-214 -90 -84 -305 -46 -376 -166 -270 -294 -320 -253 -229 -457 -524 -95 -342 -417 -301 0
487 -106 -253 -496 -401 -417 -56 -292 0
398 -266 -84 -46 -376 -487 -305 497 -253 -496 -446 -211 -115 -157 -451 -206 -375 -150 -357 -390 -325 -299 -494 -81 -16 0
167 -210 -46 -376 -469 -361 -272 -84 -487 -305 497 -253 -496 -446 -211 -451 -375 -150 -357 -325 -299 -494 -16 -504 -33 -457 0
-346 273 -331 -376 -360 -473 -227 -397 -46 -496 -347 0
346 -384 -292 -173 -256 -401 -446 -376 0
-412 -392 -431 -384 -366 -292 -143 -173 -9 -401 -137 -414 -376 0
18 -388 -331 -360 -267 -228 -152 -253 -416 -498 0
390 -360 -331 -305 0
-489 -496 -46 -376 -253 -16 -305 -431 -366 -143 -401 -137 -256 -446 -183 -21 -457 -342 214 -166 -84 -487 -451 -357 -299 -33 -524 -106 -90 0
362 -113 -16 -431 -397 -4 -305 -158 -84 -280 -33 -472 -206 -376 -373 -332 -46 -483 -90 0
-457 -16 -84 -376 -46 -253 -524 -301 -225 0
-214 -332 -84 -46 -305 -376 -412 -346 -172 -496 -253 -301 0
-497 -340 -301 -225 -292 -90 -496 -253 -84 -332 -305 -46 -397 -376 -412 -346 0
-332 -305 -90 -412 -376 -46 -397 -346 -253 -301 -225 -496 -84 -172 0
-305 -346 -376 -412 -84 -397 -46 -90 -253 -301 -225 -496 -172 0
-346 -412 -253 -496 -397 -225 -376 -84 -46 -90 -301 -172 0
-489 -497 -397 -496 -436 -280 -79 -253 0
398 -471 -90 -483 -112 -84 -332 -305 -46 -376 -225 -412 -321 -273 0
-497 -332 -301 -166 -225 -84 -412 -305 -16 -397 -90 -46 -376 -172 -496 -79 -253 0
271 -340 -166 -516 -305 -332 -84 -46 -145 -376 -243 -412 -416 -124 -90 -292 -489 0
-332 -305 -376 -412 -16 -90 -397 -84 -46 -524 -301 -253 -496 -225 0
-305 -412 -46 -397 -496 -301 -253 -376 -16 -84 -90 -524 -225 0
-489 -273 -488 -496 -436 -494 -280 0
-412 -90 -84 -301 -376 -253 -46 -496 -16 -397 -225 -524 0
272 -305 -225 -489 -397 0
399 -360 -305 -397 -272 214 -301 -166 -225 -84 -16 0
-400 -403 -192 -431 -108 -225 -97 -447 -370 -87 -384 -181 -124 -90 488 -292 0
378 -370 -181 -472 -210 -46 -280 -525 -375 -97 -489 -253 -192 -431 -108 -225 -447 -87 -384 -124 -90 488 -292 0
271 -305 -472 -84 -376 -181 -46 -280 -525 -97 -489 -253 -108 -225 -447 -87 -384 -124 -90 -228 -480 -79 -16 -397 -301 -166 -482 0
-305 -489 -376 -397 -496 -46 -253 -225 -90 -16 -84 -301 -524 0
-489 -90 -496 -253 -397 -225 -376 -46 -16 -84 -301 -524 0
89 -361 -292 -402 -55 0
377 -388 -305 -84 -359 -46 0
398 -305 -397 -16 -84 -280 -472 -376 -46 -483 -90 -292 -124 -383 -514 -278 -402 -417 -58 -340 -19 -301 -225 -321 -273 0
-305 -472 -376 -166 -479 -84 -495 -79 -16 -397 -280 -46 -483 -90 -292 -124 -383 -514 -278 -402 -417 -58 -340 -19 -301 -225 -321 -273 0
390 -161 -301 -19 -262 -307 -166 -298 -265 0
-90 -397 -376 -46 -16 -301 -225 -84 -496 -253 -524 0
399 -305 -46 -301 -376 -225 -84 214 -272 -397 -166 -16 0
-305 -397 -225 -253 -376 -46 -301 -496 -16 -84 -524 0
-397 -496 -253 -376 -46 -301 -225 -16 -84 -524 0
-272 -489 -376 -412 -172 -181 -90 -271 -84 -292 -253 -496 0
224 -515 -212 -323 -340 -445 -319 -301 0
-489 -292 -16 -301 -253 -496 -225 -319 -412 -376 -46 -360 -90 -390 -172 -181 -271 -84 0
378 -219 -90 -280 -292 -361 -402 -438 -269 -348 -331 -412 -46 0
-292 -90 -360 -412 -46 -376 -390 -496 -319 -271 -253 -172 -16 -301 -225 -181 -84 0
-90 -360 -46 -412 -172 -84 -304 -398 -301 -253 -319 -496 -376 -390 -271 -16 -225 -181 0
-472 -153 -84 497 -332 -46 -376 -487 -305 -266 -253 -496 -473 0
-272 -305 -292 -496 -376 -46 -489 -84 -90 -253 -16 -301 -225 -273 0
-305 -273 -301 -292 -253 -225 -16 -496 -376 -46 -489 -84 -90 0
271 -319 -489 -398 0
-402 -15 -157 -461 -136 -143 -417 -292 -172 -361 89 -400 0
331 -269 -166 -135 -417 -265 -489 -362 -376 -46 -301 -253 -400 -389 -16 0
-415 -298 -301 -493 -340 -438 -280 -16 -417 0
-282 498 -493 -482 -479 -359 -280 0
-415 -307 -19 -265 -301 -389 -340 -16 -493 -438 -280 -417 0
-273 -496 -489 -376 -46 -301 -253 -16 -225 -84 -292 -90 0
-400 -171 -333 -84 -305 377 -46 -210 -469 -280 273 -397 -496 -137 -376 -489 -292 -361 -401 415 -301 -253 0
-397 415 -280 -292 -376 -84 -305 -46 -496 -489 -225 -301 -253 -16 -90 0
457 -304 -90 -360 -84 -46 -412 -301 -253 -319 -496 -376 -398 -271 -16 -225 -390 0
-417 -305 -225 -280 -253 -489 -496 -90 -376 -46 -84 -16 -292 -301 0
417 -399 -376 -90 488 -292 -16 0
-412 -496 -489 -253 -90 -301 -225 -376 -46 -84 -16 -292 0
-496 -16 -253 -489 -90 -376 -46 -84 -225 -292 -301 0
273 -397 -46 -376 -292 -415 -90 -253 -489 -225 -301 -16 -436 -412 -346 0
-397 -412 -46 -301 -16 -84 -253 -225 -489 -376 -292 -90 0
-438 -331 -84 -376 -46 -16 -301 -225 -253 -346 -436 472 -493 -415 -298 -417 0
388 -212 -292 -375 -225 -319 -360 -268 -84 -46 -376 -412 -346 -16 -301 -253 -436 -493 -415 -417 0
-57 -417 -16 -376 -84 -225 -46 -292 -412 -253 -301 -90 -489 0
223 332 -376 -84 -46 -292 -270 -90 -166 -253 472 -489 -426 -143 -183 -174 -225 -301 -15 -16 -417 -58 -462 -122 -261 -116 -212 -446 0
487 -360 -225 -376 -84 -46 -292 -90 -253 -489 -16 -417 -301 -412 -390 0
214 -270 -46 -376 -292 -415 -346 -90 -253 472 -489 -426 -143 -183 -174 -225 -301 -15 -16 -417 0
-417 -412 -376 -84 -46 -292 -90 -253 -489 -16 -301 -225 0
224 -219 -346 -124 -470 -436 472 -493 -187 -389 -161 -304 -301 0
-270 -298 -301 -166 -161 496 -90 -416 -273 -192 -430 -76 -451 -16 -25 -187 -112 -219 -470 -307 -445 -493 -124 -210 -46 -319 -376 -412 -84 -253 -225 -331 -268 0
388 -166 -112 -212 -187 -445 -25 -124 -493 -158 -412 -84 -376 -206 -46 -375 -319 -301 -7 -161 496 -90 -416 -273 -192 -430 -76 -451 -16 -219 -470 -307 -210 -253 -225 -268 0
-388 -170 -360 -84 -376 -46 -304 -265 -389 0
-412 -16 -84 -376 -253 -46 -301 -225 -90 -292 -489 0
-457 -143 -261 -211 -401 -445 -472 -87 -376 -183 -46 -459 -84 -253 -16 -301 -225 0
416 -16 -46 -84 -253 -376 -301 -225 -292 -90 -489 0
-16 -253 -90 -225 -84 -489 -301 -46 -292 -376 0
416 -472 -376 -225 -301 -46 16 -489 -253 0
-472 -253 -301 -292 -489 -84 -90 -376 -225 -46 0
-346 472 16 -376 -46 -301 -489 -253 -90 -292 0
416 -397 -376 -225 -46 -17 -412 -301 -265 -169 -496 -90 -489 -84 -94 -436 -280 -253 0
-253 -489 -292 -90 -376 -225 -46 -301 -84 0
-400 -472 -46 -301 -376 -523 -106 -214 -489 -292 -496 -90 488 0
56 -417 -280 -376 -494 -46 -16 -320 -489 -225 -272 -301 -361 -289 -214 -472 -292 0
-493 -29 -114 -218 -225 -469 -189 -478 -280 -519 -231 -494 -397 -376 -346 -46 -301 0
-398 271 -523 -376 -325 -84 -231 -162 -225 -16 -489 -46 -397 0
517 -353 -78 -430 -90 -363 -376 -16 -46 -472 -153 -273 -270 -365 -360 -25 -332 -189 -95 0
223 -153 -363 -376 -16 -46 -472 -90 -273 -270 -388 -84 -305 -496 -523 -258 -325 -189 -231 -519 -301 -78 -365 -95 -114 0
517 -409 -469 -4 -472 -376 -21 -388 -84 -305 -46 -90 -363 -16 -153 -273 -270 -459 -496 -183 -85 -446 -258 -189 -95 0
-273 -325 -90 -363 -376 -16 -46 -472 -270 -84 -365 -523 -469 -298 -189 -231 -519 -301 -4 -21 -496 -183 -85 -258 -95 -114 -225 -78 -79 -162 -489 -272 0
-517 -459 -101 -4 -192 -168 -158 -44 -365 -84 -376 -225 -46 -447 -523 -258 -325 -189 -231 -519 -301 0
415 -78 -365 -114 -225 -258 -472 -46 -376 -189 -101 -4 -168 -44 -84 -523 -231 -301 -481 -496 -90 -363 -16 -270 -469 -183 -85 -489 -272 -218 -478 -494 -453 -342 0
-417 -472 -84 -46 -376 -16 -225 -301 -90 -489 -292 0
-472 -16 -292 -376 -90 -225 -84 -46 -301 -489 0
378 -357 -494 -98 -523 -376 -231 -84 271 -162 -225 -16 -489 -46 -412 0
224 271 -346 -481 -412 -84 -46 -376 -494 -98 -523 -231 -496 -162 -225 -16 -489 -25 0
271 -346 -496 -84 -46 -376 -481 -412 -489 -225 -494 -98 -523 -231 -162 -16 -25 0
-346 -284 -225 -25 -469 -280 -46 -376 -494 -326 -98 -143 -523 -412 -481 -417 -496 -361 -272 -84 -489 -231 -162 -16 0
273 -210 -277 -270 -333 -95 -469 -119 -280 -449 -436 -43 -496 -361 0
377 -6 -320 -342 -422 -143 -449 -436 -417 -119 -496 -478 -270 -481 -226 -84 -46 -272 -277 -469 -280 -361 -265 -168 0
-16 -489 -225 -46 -376 -84 -301 -292 -90 0
498 -332 -225 -489 -94 -84 -410 -514 -211 -85 -289 -214 -382 -292 -187 -124 -55 -481 -415 -346 -272 0
378 -124 -320 -382 -187 -225 -55 -481 -415 -346 -496 -489 -94 -84 -211 -85 -289 -214 -292 -272 -469 -472 -46 0
305 -346 16 -489 -376 -46 -301 -225 0
273 -346 -415 -46 -301 -376 -523 -106 -214 -489 -496 -90 488 -397 -292 0
377 -305 -292 -84 -307 -214 -94 -320 -376 -46 -55 -415 -496 -481 -388 0
412 -346 -301 -376 -489 -292 -90 -225 -46 -84 0
-400 -106 -187 -90 488 -292 0
-489 -225 -376 -292 -90 -301 -46 -84 0
401 82 -225 -301 -305 -223 -214 -187 -292 -106 0
377 -187 -305 -223 -214 -292 -402 -225 -301 -106 -361 -495 -90 -280 -523 -483 -472 -84 -46 -388 0
-187 -80 -84 -305 -94 -346 -376 -46 -301 -214 -292 -483 -56 -90 -278 -361 -280 -472 -223 -225 -388 0
498 -415 -472 -280 -376 -84 -292 -346 -46 -301 -225 -16 -90 0
224 -187 -146 -382 -170 -472 -201 -376 -214 -342 -84 -161 -447 -306 -301 0
-400 -371 -298 390 -307 -166 -161 -458 -152 -301 -143 -98 -207 -292 -106 -453 -402 0
481 390 -298 -301 -307 -166 -161 -152 -458 -214 -453 -292 -323 -106 -402 -376 -46 -43 -269 -183 -148 -361 -374 -90 0
223 -478 -152 -228 -170 -84 -376 -46 -388 -482 -298 -301 -161 -458 -214 -453 -292 -106 -402 -148 -361 -90 -85 -447 -321 -272 399 0
-415 -472 -376 -84 -16 -301 -46 -225 -292 -90 -346 -496 0
188 -458 -397 -183 -16 -85 -162 -346 -376 -46 -301 -446 -519 -258 0
450 -337 -33 -206 -84 -99 -44 -23 0
483 -183 -106 -4 -449 -33 -206 -84 -132 -326 -523 -46 -376 -472 -468 -90 -446 -363 -292 -402 -55 -409 -392 -346 -273 -177 364 -78 -496 -209 0
224 -305 -472 -273 -376 -84 -346 -90 -496 -16 -46 -292 -402 -55 -301 -451 -138 -214 -340 -321 0
-305 -214 -472 -376 -84 -346 -90 -496 -16 -46 -292 -301 -225 0
401 -187 -55 -292 -106 0
294 -483 305 -472 -376 -46 -84 -406 -112 -307 -25 -382 -430 -187 -90 -289 -214 -55 0
293 -187 -301 -307 -340 -166 -161 -214 -55 0
-187 305 -376 -46 -84 -307 -273 -496 -214 -55 -472 -112 -25 -430 -90 -292 -301 -340 -161 -402 0
56 -478 -152 -495 -170 -84 -376 -46 -389 -304 -81 -273 -496 -346 -85 -445 -166 -256 -214 -382 -292 -124 -90 0
-214 -472 -292 -84 -376 -46 -496 -346 -90 -301 -16 -225 0
-472 -16 -376 -46 -301 -225 -496 -84 -292 -346 -90 0
223 -389 -268 -358 -321 -305 0
168 -358 -301 -225 -268 -518 -321 -305 -265 0
481 -305 -301 -16 -225 -415 -321 -496 -268 -346 -412 -46 -376 -84 -167 -518 -265 0
-305 -415 -46 -376 -412 -144 -346 -470 -361 -88 -496 -482 -301 -16 -225 -321 -268 -84 -167 -518 -265 0
231 -415 -16 -523 -301 -307 -389 -265 -280 -438 -46 -181 -5 -157 -451 -166 -333 -214 -167 -120 -449 0
-187 -214 -496 -376 -46 -16 -84 -301 -346 -225 -90 -292 0
303 -96 -517 -214 -167 0
168 -305 -523 -376 -327 -90 -402 -292 -280 -412 -438 -361 -269 -495 -496 -273 -46 -517 -225 -301 -214 -167 -265 0
-305 -416 -341 -301 -225 -144 -481 -496 -346 -412 -46 -376 -84 -167 -523 -327 -90 -292 -361 -269 -517 -214 -265 0
497 -398 -16 -265 -84 -376 -46 -304 -389 -481 -273 0
-214 -16 -346 -496 -301 -84 -376 -46 -225 -90 -292 0
-16 -496 -225 -346 -376 -46 -84 -90 -301 -292 0
-223 -167 -278 -273 -280 -483 -376 -79 -221 -227 -478 -151 -402 -138 -413 -46 -90 -321 -307 -301 -84 -225 -518 -305 0
223 -305 -321 -397 0
498 -167 -273 -280 -223 -376 -79 -478 -151 -402 -138 -46 -90 -321 -307 -301 -84 -225 -518 -305 -415 -346 0
472 -174 -144 -342 -261 -214 -402 -90 -362 -57 -138 0
459 -181 445 -322 -264 -361 -483 -209 89 -151 -280 -265 -474 -144 -342 -214 -402 -90 -57 -138 0
-483 -447 -292 -307 -214 224 -301 -457 -322 -361 -209 -151 -280 -265 -474 -402 -90 -57 -138 -482 0
473 -142 -261 -292 -264 -291 -151 -402 -265 0
-167 -305 -90 -292 -301 -346 -496 -376 -46 -84 -225 -214 0
-305 -214 -90 -376 -46 -292 -496 -84 -301 -346 -225 0
497 -470 -58 -19 -43 -205 -301 -458 223 -170 -84 -376 -46 -478 -152 -298 -388 -228 -214 -106 -402 -148 -90 -85 -321 399 -292 -210 -483 -415 -346 -273 0
-472 -372 -351 -157 -328 -461 -205 -144 -210 -483 -64 -90 -199 -57 -415 -496 -58 -19 -43 -301 -458 223 -170 -84 -376 -46 -478 -152 -298 -388 -228 -214 -106 -402 -148 -85 -321 399 -292 -346 -273 -423 -230 -325 -523 -473 0
-167 -483 -301 -458 223 -84 -376 -46 -478 -298 -214 -402 -148 -90 -321 399 -292 -43 -415 -346 -273 -496 -187 -157 -328 -64 -325 -359 -151 -255 -169 -307 -265 -94 -166 0
167 -265 -94 -376 -46 -166 -389 -292 -138 -214 0
-265 399 -496 305 -301 -458 223 -84 -376 -46 -478 -298 -214 -402 -148 -90 -321 -292 -415 -346 -273 -187 -328 -325 -151 -255 -169 -307 -94 -138 0
-400 -372 -351 -123 -98 -157 -106 -452 -402 -292 0
44 -512 -263 -19 -323 -58 -4 0
498 -351 -382 -124 -112 -157 -58 -43 -263 -19 -323 -291 -106 -402 -292 -230 -325 -461 -523 -376 -148 -144 -46 -374 -210 -483 -181 -90 -85 -57 -445 -415 -346 0
-167 -483 -323 -376 -46 -85 -90 -445 -292 -415 -346 -273 -496 -382 -124 -112 -106 -402 -325 -523 -148 -374 -169 -269 -430 -458 -307 -214 -94 -333 305 -388 -84 0
-483 -319 -488 -90 -46 305 -388 -133 -292 -169 -214 -94 -323 -376 -85 -445 -415 -346 -273 -496 -382 -124 -112 -106 -402 -325 -523 -148 -374 -269 -430 -458 -307 -333 -84 0
-214 -496 -292 -84 -376 -46 -90 -346 -301 -225 0
-496 -346 -376 -46 -225 -301 -292 -84 -90 0
-214 -253 -292 -301 -376 -138 -46 -215 0
56 -167 -346 -225 -86 -84 -376 -46 -524 -253 -301 -479 214 -415 -292 0
293 -291 -402 0
224 -304 -321 -398 0
397 -264 -266 -21 -376 -84 -46 -524 -253 -301 -225 -18 0
473 -21 -5 -84 -376 -46 -524 -253 -301 -225 -402 -346 -436 -416 -397 0
261 -117 -191 -76 -211 -64 0
263 -151 -376 -397 -46 -301 -479 -307 -253 -292 -166 -225 -524 -84 -340 -346 -21 0
474 -445 -346 -211 -64 -301 -340 -21 -264 -376 -397 -46 -479 -307 -253 -292 -166 -225 -524 -84 -222 -144 -209 -266 0
482 -346 -84 -301 -376 -46 -292 -225 -90 0
-342 -518 -301 -167 214 0
-167 -265 -18 -415 214 -360 -321 -397 -225 -307 -301 0
-94 -390 -376 -397 -46 272 -166 -95 0
-265 -397 -84 -376 -46 -524 -253 -225 -301 272 -307 -415 214 -360 -321 0
-167 -18 -301 -84 -376 -46 -415 -360 -388 -321 -397 214 -225 -307 0
341 -81 -495 -84 -376 -46 -524 -253 -301 -225 -346 -397 -436 -226 -64 -340 -264 -479 -307 -292 -166 -151 -415 0
-397 -307 -495 -84 -376 -46 -524 -253 -225 -346 -436 -479 -301 -292 -415 -360 -321 214 272 0
-167 -16 -19 -415 -301 214 -307 -265 0
-307 -415 -376 -84 -46 -524 -253 -301 -225 214 -495 -346 -436 -479 -292 -360 -321 272 0
-346 -225 -301 -84 -376 -46 -292 -90 0
497 -209 -269 -332 305 -304 399 -273 0
223 -397 -57 -415 -496 -273 -46 -376 -412 -90 -321 0
417 -162 -265 -46 -376 -84 -320 -519 -94 -167 -301 -106 -292 401 -57 -182 -457 -81 -495 -280 -436 -496 0
-397 -415 -90 -46 -376 -84 -301 -292 -214 -307 -225 0
-415 -307 -225 -46 -376 -84 -301 -292 -214 -90 0
45 -209 -144 -269 -261 -332 -515 -304 399 -323 -361 -5 0
-397 -96 -120 -90 -402 -292 -348 -412 -269 -46 -450 -144 -261 -481 -436 -376 -496 -84 -16 -273 -321 223 0
-307 -214 -292 -46 -376 -84 -225 -301 -90 0
-214 -225 -301 -292 -46 -376 -84 -90 0
-397 -340 -301 -225 -57 -496 -273 -46 -376 -412 -90 -321 -417 -84 -253 -524 0
-415 -307 -301 214 -16 -19 -265 -417 0
-225 -292 -90 -84 -46 -376 -301 0
18 -452 -221 -214 -292 -56 -90 -242 -497 -301 -376 -46 -84 -307 -397 0
-412 -209 89 -361 -483 -280 -322 -438 -4 -348 -402 -414 -376 0
83 89 -483 -361 -348 -438 -402 -376 -495 -321 -325 -268 -523 -46 0
-57 -265 -259 -200 -151 -348 -388 -332 -307 -84 -483 -361 -438 -376 -46 -231 -214 -292 -487 -496 -301 -90 -56 0
347 -257 -301 -376 -214 -46 -126 -447 -414 0
57 -496 -46 -301 -376 -214 -348 -447 -84 -167 -292 -187 0
472 -57 -200 -151 -348 -332 -307 -84 -483 -438 -376 -46 -231 -214 -292 -496 -301 -90 -56 0
-361 -124 -382 -147 -200 -117 -261 -263 -20 -169 -79 -94 -397 -167 -307 -223 -84 -483 89 -348 -438 -402 -376 -495 -321 -325 -268 -523 -46 0
83 -458 -20 -167 -376 -398 -389 -472 -4 -43 0
110 -8 -391 -75 0
210 -110 -425 -513 -138 -324 -472 -321 -376 -268 -46 0
-496 -273 -46 -200 -292 -214 -84 -397 -376 -169 -307 -242 -160 -301 -151 -90 -56 -497 0
496 -56 -214 -90 -292 16 -376 -46 -301 0
416 -397 -292 -214 -84 -46 -376 -307 -301 -90 0
378 -5 -483 89 -321 -402 -280 -332 497 305 -304 399 -273 -472 -46 0
-400 -460 -138 -205 -13 -172 -453 -8 -402 -292 0
82 -344 -263 -138 -453 -402 -292 -27 -161 -230 -325 -523 -46 -376 -483 89 -321 -332 497 -273 -472 -20 -459 -79 -397 -167 -307 -223 0
83 -483 -263 -259 -514 -453 -321 -20 89 -361 -268 -402 -280 -208 -472 -46 -376 0
-483 -472 -453 -292 -27 -161 -523 -46 -376 -321 -332 497 -263 -20 -397 -167 -307 -223 -84 -259 -214 -494 -487 -57 -90 0
-305 -144 -210 -222 -46 -228 -376 -360 -84 -306 -167 -307 -223 0
305 -472 -376 -46 -94 -84 -360 -332 0
293 -272 -487 -90 -57 0
-472 -523 -46 -94 -84 -222 -306 -167 -307 -223 -453 -292 -27 -161 -376 -321 497 -263 -20 -397 -259 -214 -487 -57 -90 -243 0
82 -373 -161 -265 -307 -206 -301 -495 -355 -523 -230 -46 -376 -120 -412 -94 -397 -388 -167 -45 -223 0
481 -144 -342 472 -214 -402 -90 -57 -138 -206 -84 -307 -301 -495 -523 -230 -46 -376 -120 -397 -388 -189 -292 0
-496 -397 -46 -376 -84 -307 -214 -90 -301 -415 -292 0
-293 -346 -222 -46 -376 -84 -307 -271 -397 -94 -301 -292 -481 -57 -90 -253 -214 0
-397 -307 -376 -46 -301 -214 -90 -84 -292 -415 0
-89 -254 -415 -16 -389 -84 -376 -46 -265 -304 -398 -57 -90 -271 -136 -400 0
-496 -16 -415 -161 -301 -265 -389 -449 -280 -46 -307 -5 -181 -451 -166 -333 -214 -167 -157 -107 -482 -57 -376 -497 0
-307 -214 -376 -46 -84 -90 -415 -301 -292 0
88 -472 -46 -376 -84 -306 -144 -167 -496 -214 -415 -57 0
498 -483 -273 -16 -471 89 -397 -209 -415 -346 0
-483 -207 -472 -321 -20 89 -268 -402 83 -46 -376 -452 -341 -415 -273 -496 -16 0
83 -496 -144 -415 -472 -321 -20 89 -268 -402 -46 -376 -341 -273 -16 -291 -306 -31 0
-472 -450 -96 -214 -167 -415 -16 -306 -84 -144 -321 -20 -402 -46 -376 -341 -291 -27 -189 -57 -90 -301 0
88 -425 -407 -144 -46 -432 -376 -84 -16 -265 -389 -107 -27 -254 -415 -189 -488 -57 0
-496 -64 -144 -134 -268 -359 -321 -482 -398 -16 -415 -214 -167 -96 -118 -107 -57 -376 -46 -301 0
82 -459 -20 -152 -412 -389 -306 -273 -451 -280 -415 -214 -167 -223 -517 -301 -134 -268 -321 -107 -482 -90 294 -56 -254 -96 -376 -46 -24 -450 -45 0
253 -324 -321 -373 -179 -482 -7 -209 -60 -39 -12 -65 -432 -76 -219 -354 -504 -114 -97 -384 -107 0
-167 -214 -376 -46 -301 -90 -415 -84 -292 0
-214 -415 -46 -301 -90 -376 -84 -292 0
305 -172 -107 -8 -292 -373 -524 -30 -261 -264 -488 -344 -229 -166 -376 -46 -472 -96 -397 -301 -161 -341 -479 -221 -17 -227 -358 0
-472 -397 -483 89 -46 -376 -84 -306 -107 -524 -30 -261 -488 -344 -229 -166 -96 -292 -301 -161 -341 -479 -221 -17 -20 -459 -181 -86 -447 -496 -348 0
83 -412 -483 -488 -361 89 -280 -348 -438 -376 -321 -268 -46 0
-397 89 -309 -301 -200 -17 -306 -84 -483 -488 -261 -348 -438 -376 -321 -268 -46 -292 -267 -107 -524 -30 -344 -229 -166 -96 -161 -341 -479 -221 -20 -459 -181 -86 -447 -496 0
55 -348 -438 -221 -261 -200 -292 -267 -84 -376 -301 -17 -483 -488 -46 -107 -524 -30 -229 -166 -96 -479 -459 -86 -496 -456 -90 0
82 -386 -261 -452 -524 -321 -221 -350 293 -270 -27 -227 -488 -479 -229 -189 -376 -472 -46 -306 -84 -96 -167 -397 -301 -161 -341 -17 0
88 -513 -383 -114 -514 -261 -321 -270 -221 -452 -332 -227 293 -358 -488 -483 0
-472 -397 -376 -167 -46 -301 -292 -415 -90 -84 -496 0
-397 -496 -376 -90 -167 -301 -292 -415 -84 -46 0
-496 -167 -415 -90 -376 -301 -292 -84 -46 0
489 -361 293 -271 0
107 -183 -459 -80 -494 -151 -299 -17 -518 -301 -189 -97 0
-16 -183 -459 -80 -494 -350 -299 -170 -151 -518 -17 -415 -301 -340 0
482 -346 -376 -46 -301 -459 -415 -267 -84 -271 -292 -90 0
-16 -397 -452 -436 -292 -346 -253 -459 -17 -518 -301 -200 -56 -90 -375 -360 -84 -267 -321 -306 -271 -20 -415 -340 0
-472 -135 -360 -267 -306 -474 -376 -46 -84 -94 -332 0
-397 -167 -46 -301 -90 -292 -84 -376 -415 0
-167 -415 -84 -376 -46 -301 -90 -292 0
462 -136 -292 -15 -142 -122 0
457 -354 -432 -462 -330 -207 -39 -262 -20 0
-415 -292 -376 -46 -301 -84 -90 0
267 -134 -171 -167 -96 0
89 -272 -55 -292 -487 0
359 -158 -44 -451 -361 -261 -401 -292 -229 -216 -346 -153 -496 -373 -209 -266 -481 -171 -167 -96 0
294 -401 -290 0
18 -397 -496 -216 -90 -292 -261 -199 -96 -55 -46 -376 -84 -321 -306 -451 -161 0
266 -265 -81 -301 -84 -376 -46 -398 -273 -167 -292 -90 -400 -472 0
267 -290 -292 -216 -472 -167 0
-265 -400 -301 -84 -376 -46 -398 -273 -167 -292 -90 -81 -472 0
-402 -480 -216 -55 -292 -301 -46 -376 -280 -472 -90 -400 0
88 -76 -7 -372 -432 -20 378 -472 -46 -459 -114 -480 -81 -346 -383 -495 -321 -496 -489 -253 0
-400 -472 -301 -376 -46 -397 -90 -292 -167 -84 0
-253 -265 -376 -472 -46 -16 -84 -481 -398 -273 -373 -167 -496 -489 400 -301 0
266 -207 -20 -461 -102 -261 -77 -144 -514 -210 -322 -481 -4 -388 -84 -376 -46 -170 -265 -159 -45 -472 0
-265 -322 -472 -167 -20 -261 -81 -481 -84 -376 -46 -170 -268 -451 -361 -55 -292 -216 -16 -398 -273 -373 -496 -489 400 -301 0
-253 -133 -329 -451 -199 -114 -292 -480 -90 -170 -432 -268 -84 -376 -167 -46 -388 -306 -472 -373 -496 -489 400 0
482 -159 -366 -84 -27 -461 -188 -207 -257 -264 -227 -447 -261 -220 -346 -144 -496 -210 0
-489 -472 -292 -329 -90 -170 -376 -167 -46 -84 400 -152 -81 -398 -273 -301 0
-253 -265 -402 -292 -4 -81 -84 -46 -495 -376 -472 -90 -106 -167 -255 -301 0
-304 497 -265 -84 -376 -46 -16 -481 -398 -273 -306 0
483 -409 -20 -4 -309 -172 -469 -167 -152 -144 -265 -472 -46 -376 -159 -84 -16 -481 -398 -273 -306 -496 0
82 -102 -495 -280 -472 -81 -265 -117 -4 -167 -159 -45 0
-265 -472 -46 -376 -84 -495 -81 -4 -167 -172 -152 -398 -273 -406 -90 -401 -292 -402 -106 -255 -301 0
482 -65 -292 -216 -255 -261 -480 -401 -199 -346 -133 -496 -358 0
83 -481 -451 -55 -401 -292 -216 -170 -255 -432 -133 -496 -124 -261 -480 -199 -346 -46 -376 -306 0
254 305 -376 -388 -46 -472 -495 -496 -480 0
82 -372 -301 -447 -20 -30 -459 -90 -451 -81 -55 -401 -495 -292 -480 -216 -255 -376 -388 -46 -472 -496 -306 0
-472 -167 -376 -292 -46 -90 -84 -301 -397 0
-253 -460 -125 -142 -136 -376 -46 415 -400 -272 -301 -397 -412 -292 -482 -254 0
497 -136 -292 -376 -46 -400 -301 -397 -412 -265 -84 -90 0
83 489 -81 -459 -518 -136 -495 -400 -188 -407 -257 -383 -147 -199 -261 -144 -209 -269 -332 -389 -359 -306 0
-360 -304 399 -361 -90 -412 -292 -348 -402 -280 -269 -438 -46 -265 -84 -376 -170 -389 -359 0
294 -383 -147 -199 -261 -170 -134 399 -90 -412 -292 -348 -280 -438 -46 -265 -84 -376 -389 -459 -518 -136 -400 -257 -306 -488 -483 -55 0
-253 -497 -496 -397 -90 -280 -292 -147 -199 -261 -170 399 -412 -46 -265 -84 -376 -518 -136 -400 -257 -306 -55 -167 -416 -341 0
-167 -397 -292 -46 -90 -84 -376 -301 0
482 -362 -64 -12 -458 -157 -20 -451 -262 -31 -27 -189 -55 -43 -292 -261 -271 489 -375 -90 0
267 -331 -321 -55 -359 -90 -64 -458 -157 -20 -451 -262 -31 -27 -189 -43 -292 -261 -253 -30 -496 -300 399 -304 -389 -152 0
483 -406 -147 -210 -172 -494 -142 -27 -480 -220 -138 -189 -470 -487 -106 -90 -346 -55 -292 -253 -496 -359 0
489 -388 -376 -46 305 -472 -496 -480 -253 0
-397 -292 -376 -46 -90 -301 -84 0
-489 -253 -46 -79 -27 -359 -280 -323 -136 -376 -269 -292 -271 -43 415 -400 -301 -90 -488 0
-360 -348 -188 -220 -383 -144 -125 225 -340 -301 -209 -412 -46 -376 -90 -292 -402 -219 -269 -438 -359 0
-458 -202 -64 482 -157 -20 -451 -262 -31 -27 -55 -43 -292 -261 -271 489 -90 -205 -97 -107 -188 -518 -96 -166 -79 -457 0
187 -52 -114 -219 -469 -284 -97 -364 -31 -107 -27 0
377 -262 -41 -20 -323 -166 -309 -96 -518 -188 -114 -219 -469 -31 -107 -27 -432 -461 -136 489 -400 -383 -125 -524 -412 -46 0
208 -102 489 -191 -383 -199 -64 -219 -323 -469 -211 -241 -447 -438 -166 -348 -96 -412 -90 -292 -269 -46 -376 -41 -20 -309 -518 -188 -114 -31 -107 -27 -432 -125 -524 -261 -144 0
-253 -269 -46 -64 -323 -166 -412 -90 -292 -376 -31 225 -301 -359 -43 -271 -79 415 -488 0
-292 -90 -376 -46 -301 -84 0
378 -412 -397 -388 -360 -304 -46 0
-412 -359 -388 -84 -397 -46 -376 -360 0
-359 -360 -382 -188 -55 -388 -27 -210 -46 -376 -474 -347 -84 -397 0
377 -265 -408 -382 -375 -305 -397 -320 -142 -452 -416 -469 -280 -478 -426 -437 -227 -388 -6 -347 -45 -332 -412 -84 -46 0
-412 -375 -27 -494 -6 -301 -8 -98 -45 271 -489 -15 -523 -84 -46 -360 -376 -408 -382 -305 -320 -142 -452 -416 -469 -280 -478 -426 -437 -227 -347 -332 0
57 -225 -447 -27 -382 -188 -124 0
-225 -356 -148 -27 -375 -305 -397 -320 -268 -55 -447 -382 -188 -124 0
483 -27 -452 -6 -45 -84 -320 -301 -211 -55 -382 -188 -523 -219 -46 -494 -469 -376 -280 -474 -496 -15 -8 -98 271 -489 -408 -142 -478 -426 0
413 -191 -45 -6 -84 -219 -469 -280 -438 271 -489 -348 -15 0
414 -359 -84 -388 -46 -397 -376 0
159 -225 -27 -382 -188 -124 -55 -211 -417 -452 -122 0
56 -222 -142 -209 -417 -270 0
306 -230 -301 -214 -188 -55 -142 -209 -417 -298 -332 -227 -388 -359 0
-360 -306 -388 -332 -359 0
83 -417 -102 -55 -301 -452 -122 -27 -382 -188 -124 -211 -276 -6 -45 0
-27 -280 271 -489 -6 -45 -84 -102 -55 -301 -188 -211 -214 -142 -219 -46 -469 -376 -452 -474 -15 -496 -481 -8 -98 -408 -426 0
306 -327 -517 -301 -214 -494 -280 -474 -332 -388 -84 -397 -46 -376 -359 0
-305 -359 -142 -452 -15 -45 -6 -84 -219 -469 -280 271 -489 -301 -33 -496 -225 -481 -211 -517 -214 -474 -46 -376 0
305 -225 -489 271 0
-412 -416 -320 -376 -84 -272 -55 -494 -46 -517 -214 -375 -98 -301 271 -489 -523 -225 -357 -360 -408 -382 -142 -452 -469 -280 -478 -426 -437 -227 -6 -347 -45 -332 0
306 -341 -301 -416 -517 -298 -397 -388 0
-280 -474 -46 -376 -84 -214 -301 -55 -98 271 -489 -408 -142 -452 -469 -426 -6 -45 -496 -481 -15 -219 -211 -188 -102 -8 0
-496 -489 -46 -84 -301 -376 -90 0
-57 -489 -90 -136 -400 -271 -55 0
-398 -397 -489 -346 -376 -46 -301 -271 -17 0
-397 -388 -90 -46 -376 -301 -84 -489 0
-359 -168 -84 -376 -46 -253 -225 -301 -16 -171 -332 -135 -360 -388 -305 0
378 -66 -400 -142 -341 -289 -221 -214 -84 -436 -227 -168 -346 -376 -46 -253 -225 -301 -16 0
-305 -388 -84 -46 -376 -301 -489 -90 0
-388 -489 -84 -376 -46 -90 -301 0
413 -359 -489 -84 -376 -46 -301 -346 -436 -331 -298 472 -417 -415 -225 -271 -390 -399 -253 0
-397 -462 -157 -64 -261 -166 -446 -133 -225 -301 -95 -84 -376 -46 -90 -489 -518 -81 -437 0
-167 -79 -493 -480 -153 -301 -265 -214 -225 82 -518 -305 -84 -376 332 -46 0
-359 -305 -376 -46 -301 -84 -90 -489 0
488 -253 -214 -489 -271 -90 0
413 -225 -376 -46 -253 -301 -346 -436 -331 -298 472 -417 -415 -493 -84 -489 -271 0
-225 -489 -376 -84 -46 -301 -90 0
-489 -90 -46 -84 -376 -301 0
16 -493 -376 -346 -46 -301 0
-493 -412 -46 -376 -126 -270 -142 -398 -136 489 -400 -84 -253 -225 -301 -346 0
-397 -265 -225 -321 -55 -88 -153 -46 -376 -90 -294 401 -273 -346 -412 -271 0
-253 -346 -84 -46 -301 -225 -376 -271 -90 0
-397 -346 -84 -46 -376 -90 -225 -301 -271 0
-346 -225 -376 -46 -84 -90 -301 -271 0
16 -299 -321 -225 -301 272 -376 -46 -358 -397 -412 0
-299 -397 -214 -225 -321 -270 272 -376 -412 -46 -301 -226 481 -142 -417 0
17 -397 -225 -321 -270 272 -376 -412 -46 -301 -226 481 -142 -417 0
480 -397 -376 -412 -46 272 -358 -226 -151 0
-397 -445 -173 -212 -425 -84 -225 -301 -321 -226 -376 -412 -46 272 -453 -417 -270 481 -142 -495 -214 0
-360 -479 -84 -46 -301 -225 -376 -271 -90 0
-493 -225 -84 -376 -46 -301 -271 -90 0
-360 -225 -46 -84 -301 -376 -271 -90 0
-225 -271 -46 -84 -301 -376 -90 0
-416 -332 -183 -9 -321 -470 -270 -142 -280 -20 -209 -482 -347 -453 -341 -497 -417 -90 -294 401 -273 0
333 -360 -167 -265 -84 -306 -169 -389 -94 0
-360 -328 -20 -5 -205 -263 -157 -43 -31 -151 -84 -223 -307 -167 272 -376 -412 -46 -397 -306 -169 -94 0
-397 -412 -376 272 -46 -20 -84 -223 -306 -27 -309 -301 -341 -90 0
-360 305 -301 -223 -341 -161 -214 -16 -255 -46 -90 -294 401 -273 -497 -55 -88 -269 0
452 -462 -121 -207 -157 0
-412 -518 -161 -376 -46 -301 -223 -341 -90 -84 -306 272 -20 -27 -309 0
-271 -90 -376 -46 -84 -301 0
48 -16 -495 -347 -437 -227 -478 -416 -388 -342 -149 -305 -321 224 -99 -412 -84 -523 -376 0
-16 303 -437 -347 -495 -388 -214 -78 -397 -84 -412 -360 -46 -376 -478 -416 -149 -321 224 -99 -523 0
16 -189 -55 -416 -301 0
224 -375 -437 -347 -495 -388 -214 -78 -397 -84 -412 -360 -46 -376 -478 -416 -16 -321 -99 -523 -301 0
-493 -346 452 -425 -407 -140 -364 -192 -114 -78 -352 -329 -32 -27 -30 -469 -518 -327 -347 -437 -227 -280 -90 -273 -55 -158 -397 -495 -363 -376 -46 -301 0
207 -458 -167 -301 -340 -261 -309 -173 -142 -460 0
493 -130 -460 -425 -14 -9 -364 -192 -114 -78 -352 -329 -206 -167 -301 -340 -261 -309 -173 -142 -158 -327 -81 0
-493 452 -347 -437 -280 -227 -425 -407 -140 -364 -192 -114 -78 -352 -329 -32 -27 -30 -469 -518 -327 -90 -273 -55 -158 -397 -495 -363 -376 -46 -301 0
94 399 -272 -305 -360 -170 -167 0
-493 -347 -437 -280 -227 -425 -407 -140 -364 -192 -114 -78 -352 -329 -32 -27 -469 -518 -327 -90 -273 -55 -158 -397 -495 -363 -376 -46 -301 -453 -341 -416 0
415 -120 -460 -425 -14 -9 -364 -192 -114 -78 -352 -329 493 -167 -301 -309 -173 -142 -158 -327 -81 -94 -453 -341 0
-412 -360 -376 -84 -301 -90 -46 0
412 -425 -407 -78 -453 -5 -44 -218 -84 -469 -376 -473 -496 -14 0
341 -305 -376 -16 -90 -84 -46 -301 -206 0
-305 -416 -299 -301 -326 -149 -376 -90 -84 -46 0
-416 -167 -149 -299 -84 -301 -326 -376 -90 -46 0
342 -160 -255 -326 -214 -301 -524 0
416 -326 -513 -191 -425 -407 -255 -479 -5 -214 -301 -524 -149 -84 -265 -374 -272 399 -388 -321 -299 -268 -125 -453 -55 0
494 -90 -301 -376 -84 -46 0
-305 -416 -84 -301 -376 -90 -46 0
-416 -90 -84 -376 -301 -46 0
-90 -301 -84 -376 -46 0
306 -332 -483 -209 -57 -416 -16 -321 -397 -223 0
263 -382 -124 -258 -414 -446 -474 -347 -265 -227 -133 -201 -65 -259 0
340 -446 -414 -474 -65 -57 -268 -209 -483 -524 -401 -308 -376 -46 -301 -489 -214 -363 -167 -272 303 -397 -16 -416 0
56 -272 -363 -496 -483 -401 -209 -294 -268 0
-225 -414 -301 -474 -65 -209 -483 -16 -416 -57 -363 -524 -167 -214 -376 -46 -489 -397 -321 -305 0
-253 -272 -397 -414 -376 -46 -301 -489 -214 0
398 -494 -363 -306 -401 -272 -483 -496 -209 -268 -57 -518 -474 -416 -161 -414 -16 0
-412 -382 -172 -124 -401 -137 -414 -376 0
-272 -513 -20 -474 -414 -376 -209 -309 -483 -167 -341 -214 -416 -57 -363 -16 -397 -306 -518 -161 -321 -524 -489 -46 -301 0
83 -321 -376 -397 -46 -301 90 -416 -16 -214 0
-414 -412 -376 -483 -214 -416 -57 -363 -16 -397 -321 -489 -46 -301 -304 -272 0
-412 -272 -397 -157 -471 -166 -363 -483 -214 -301 -376 -46 -489 -57 -416 -321 -304 -16 0
18 -341 -223 -301 -304 -416 -397 0
215 -401 -363 -272 -397 -16 -223 -301 -304 -416 0
-341 -308 -301 -223 -321 -304 -95 -16 -342 -416 -397 0
-272 -321 -46 -363 -483 -57 -416 -16 -376 -304 -301 -397 -166 -214 -489 -157 -471 0
-321 -397 -16 -416 -301 -214 -376 -46 -84 0
48 -360 -483 -331 -208 0
-341 -496 -483 -171 -301 -416 -397 -494 -382 -125 -413 -376 -46 -331 -208 -188 -305 -225 -162 -214 -340 0
-360 -125 -15 -460 -171 273 -496 -397 -142 -95 481 -220 -208 -331 -46 -483 0
-397 -214 -46 -301 -416 -376 -16 -84 0
224 -170 -390 -265 -358 -341 -161 -304 -301 0
332 -259 -294 -152 -57 -208 -307 -265 -270 -46 -84 -376 -94 0
305 -332 -390 -358 0
292 -52 -112 -513 -324 -354 -329 -408 -206 -426 -453 -7 -462 -259 -174 -291 -144 0
378 -354 -382 -401 -137 -376 -57 -112 -324 -412 -329 -206 -453 -462 -259 -208 -46 0
340 -112 -208 -483 -46 -376 -382 -401 -137 -57 -270 -324 -412 -329 -206 -430 -358 -304 -390 -152 -307 -84 -416 0
210 -430 -358 -460 -331 -142 -46 0
17 -208 -46 -358 -206 -270 -416 -214 -341 -376 -382 -401 -137 -324 -412 -304 -390 -84 -225 -301 0
-496 -225 -46 -301 -341 -416 -16 -214 -376 -390 -84 -498 0
333 -299 -319 -374 -57 -28 -390 -265 -400 -326 -152 -149 -524 -479 -214 -225 -301 -253 -166 -94 0
47 -359 -390 -304 -319 -374 -28 -152 -214 -225 -301 -253 -94 -243 -436 -346 -46 -376 -399 -412 -84 -16 0
358 -152 -253 -265 -214 -84 -376 -94 -46 -333 -227 0
-225 -390 -376 -46 -84 -341 -301 -214 -16 -416 -498 0
-333 -360 -84 -376 -94 -46 305 -301 -223 -309 -331 0
-360 -453 -329 -114 -309 -518 -259 -493 -152 -222 -253 -390 -46 -376 -399 -214 -412 -269 -94 -84 305 -301 -223 -432 0
273 -341 -376 -46 -214 -301 -84 -16 -416 0
-360 -341 -376 -214 -84 -301 -46 -16 -416 0
332 -518 -309 -94 -84 -376 -46 0
225 -493 -280 -228 -152 -79 -259 -253 -214 -201 -135 -265 -358 305 -94 -84 -376 -46 -301 0
-413 -157 -121 -182 -515 -351 -459 -436 -125 -493 -209 -269 -46 -346 -376 -319 -412 0
-341 -214 -301 -46 -376 -84 -16 -416 0
-167 -360 -416 -376 -46 -301 -214 -16 -84 -94 0
-253 -305 -46 -214 -84 -94 -376 -360 -16 -416 -301 0
253 -135 -57 -16 -171 -333 -416 -360 -294 -271 -400 -319 -489 0
-360 -94 -84 -46 -301 -416 -214 -376 -16 0
-253 -266 -225 -376 -84 -46 -21 397 -301 -264 -416 -255 -214 0
360 -21 -301 -340 -260 -294 -225 -376 -84 -46 397 -416 -255 -214 -168 0
-253 -214 -84 -376 -46 -301 -416 -16 0
-214 -16 -84 -376 -301 -416 -46 0
417 -265 -134 -94 214 -16 0
-167 -327 -525 -46 -519 -376 -301 -360 -390 -225 -79 -16 -482 -437 -84 -347 -412 -94 214 0
-412 -332 -94 -84 -46 -376 -301 -360 -225 -16 -482 -496 -416 -134 -227 0
359 -94 -46 -376 -496 -301 -416 -16 -84 -225 -360 0
-497 -496 -57 -376 -46 -301 -253 -416 -489 0
16 -253 -84 -376 -46 -214 -301 0
-167 -225 -84 -376 -46 -301 -346 -436 -417 -390 472 -331 -415 -359 -271 -399 -253 -16 -94 0
-225 -331 -376 -46 -301 -84 -253 -214 -94 0
-360 -94 -46 -301 -84 -376 -253 -214 0
331 -306 -253 -376 -46 -301 -214 -84 -358 0
-94 -253 -84 -376 -46 -301 -214 0
-253 -84 -46 -376 -214 -301 0
Solved
