168 -186 -10 -277 -197 -286 -283 -403 -6 -212 -397 -407 0
416 -266 -283 -319 -1 -10 -277 -197 -286 -403 -6 -397 -82 -95 -163 -214 -205 0
107 -168 -397 -213 -408 -6 0
368 -351 -297 0
406 -107 -232 -10 -277 -286 -283 -352 0
422 -163 -6 -397 -232 -10 -277 -286 -283 -352 -227 -82 -403 -205 -415 -319 -1 -95 -214 0
408 -107 -13 -163 -298 -205 -415 -361 0
407 -198 -10 -286 -283 -403 -6 -267 -1 -397 -227 -82 -163 -205 -415 0
-107 -407 -13 -163 -298 -205 -415 -361 -232 -10 -277 -286 -283 -352 0
424 -13 -277 -232 -352 -10 -286 -283 -415 -298 -205 -361 -403 -6 -1 -397 -227 -82 -319 -95 -214 0
408 -107 -13 -95 -319 -298 -403 -214 -6 -415 -1 0
-163 407 -286 -283 -403 -6 -10 -1 -397 -227 -82 -205 -415 0
284 -44 -277 -352 -232 -10 -318 -286 0
-107 -403 -298 -352 -10 -6 -286 -283 -277 -232 -1 -397 -227 -82 -205 -415 -13 -95 -319 -214 0
107 -232 -277 -415 -352 -10 -286 -283 0
278 -317 -10 -283 -352 -286 -232 -45 0
408 -232 -352 -277 -10 -283 -286 -298 -214 -415 0
436 -352 -277 -298 -286 -283 -214 -415 0
-232 -408 -352 -298 -10 -286 -107 -283 -214 -415 -277 0
181 -393 -346 -248 -22 -372 -185 -386 -49 -175 -208 -345 0
417 -156 -1 -265 -200 -319 -298 -183 -346 -22 -372 -185 -386 -175 -208 -334 -123 -94 -383 -214 0
63 -411 -412 -311 -228 -383 -54 -170 -220 -223 -163 -332 -166 0
62 -343 -334 -252 -123 -74 -383 -220 -170 -163 -399 -166 0
406 -223 -298 -280 -430 -214 -415 -1 -319 -22 -175 -208 -160 -307 -352 -10 -277 -286 -283 -107 0
285 -213 -280 -430 -95 -160 -307 -207 -436 -352 -298 -10 -183 -286 -107 0
407 -107 -280 -298 -430 -22 -175 -208 -1 -319 -214 -160 -307 -277 -352 -10 -286 -283 -415 0
12 -181 -430 -277 -298 -214 -280 -415 -407 -160 -107 -307 -283 -436 -286 0
416 -372 -386 -399 -220 -280 -430 -54 -39 -117 -298 -107 -214 -207 -181 0
-181 -107 -280 -430 -214 -415 -1 -319 -22 -175 -208 -160 -307 -352 -10 -277 -286 -283 -298 0
-107 -10 -280 -430 -214 -415 -1 -319 -22 -175 -208 -160 -307 -352 -298 -277 -286 -283 0
183 -155 -128 -1 -362 -318 -201 -138 -13 -415 -319 -298 0
299 -171 -362 -138 -13 0
382 -70 -208 -175 -343 -412 -334 -312 -122 0
417 107 -208 -175 -343 -122 -13 -298 -362 -138 -179 -280 -430 -38 -277 -45 -214 -206 0
-10 -298 -175 -208 -277 -214 -415 -22 -280 -430 -1 -319 -160 -307 -352 -286 -283 0
309 -242 -383 -352 -388 -398 -4 -212 -141 -98 -192 -103 -63 -168 -411 -363 -436 0
183 -212 -430 -280 -96 -436 -160 -307 -383 -352 -1 -145 -22 -199 -407 -319 -298 -107 0
398 -228 -126 -412 -383 -54 -166 -307 -233 -206 -178 -436 -169 -61 0
14 -388 -403 -352 -117 -54 -228 -166 -175 -346 -99 -61 -197 -58 -334 -208 -385 -343 -148 -252 -110 -249 -159 -126 0
300 -117 -352 -1 -54 -166 -175 -61 -58 -208 -385 -343 -249 -126 -261 -383 -307 -233 -206 -436 -212 -6 -280 -430 -22 -96 -199 -137 -38 0
15 -404 -265 -1 -97 -389 -104 -158 0
399 -348 -158 -126 -14 -265 -1 -6 -212 -61 0
15 -410 -362 0
-410 -362 -14 0
94 -242 -158 -352 -1 -6 -156 -383 -14 -126 -265 -212 -61 -436 -307 -139 -160 -119 -38 0
13 -403 -388 -1 -158 0
398 -412 -411 -61 -126 -228 -383 -54 -307 -233 -206 -178 -436 -166 0
37 -121 -352 -343 -117 -252 -41 -249 -322 -100 -109 -261 -399 -411 -61 -126 -228 -383 -54 -307 -233 -206 -178 -436 -166 0
161 -399 -14 -436 -307 -178 0
416 -107 -307 -160 -1 -280 -430 -352 -22 -199 -298 -175 -208 -385 -277 -286 -283 -436 -145 -319 -214 0
15 -61 -207 -121 -160 -399 -436 -307 -14 -175 -5 -49 -208 -22 -107 -385 -199 -183 -251 -298 -248 0
397 -14 -430 -298 -280 -399 -436 -307 -95 -160 -411 -248 -207 -121 -175 -49 -208 -22 -107 -385 -199 -183 -213 0
13 -363 -411 0
-14 -411 -22 -107 -95 -199 -183 -298 -248 -1 -160 -307 -436 -213 -169 -399 -430 -280 -207 -121 -175 -49 -208 -385 0
-411 -121 -385 -175 -49 -310 -107 -280 -430 -95 -213 -160 -399 -307 -207 -436 -22 -199 -298 -183 -248 -1 -169 -208 0
-14 -179 -95 -298 -160 -307 -251 -436 -248 -410 -15 0
162 -121 -352 -428 -243 -388 -5 -307 -179 0
382 -399 -175 -107 -280 -207 -430 -436 -95 -307 -160 -352 -22 -199 -298 -248 -213 -385 -183 -1 -208 0
284 -45 -318 0
5 -399 -307 -436 -160 -213 -178 0
-399 -213 -307 -160 -280 -436 -352 -1 -145 -22 -318 -199 -319 -298 -408 -183 -107 -283 -277 -384 -175 -207 -430 -95 -248 -385 -208 0
108 -312 -16 -385 -175 -70 -68 -38 -298 -362 -352 -171 -384 -277 -286 -318 -283 0
106 -261 -22 -199 -319 -298 -145 -183 0
-107 -298 -175 -277 -319 -283 -352 -286 -22 -145 -160 -307 -280 -1 -430 -208 -214 -415 0
212 -166 -403 -429 -352 -116 -53 -388 -175 -346 -58 -334 -208 -103 -385 -343 -220 -430 -249 -94 -109 -214 -260 -415 -399 0
416 -58 -385 -175 -412 -311 -384 -207 0
181 -403 -429 -352 -116 -53 -388 -175 -346 -334 -208 -103 -385 -220 -430 -249 -94 -109 -214 -260 -415 -399 -407 -211 -412 -311 -384 -207 0
183 -334 -69 -412 -277 -311 -45 -94 -384 -318 -214 -385 -175 -207 -415 0
-399 -158 -116 -53 -175 -208 -385 -430 -214 -260 -415 -407 -5 -280 -182 -277 -45 -318 -352 -125 -14 -436 -169 -307 -178 -38 -160 0
299 -178 -116 -53 -175 -208 -385 -430 -214 -260 -415 -407 -5 -280 -182 -277 -45 -318 -352 -125 -307 -436 -160 -22 -199 -138 0
-14 -399 -236 -155 -436 -364 -1 -307 -178 -159 -160 -15 0
308 -103 -280 -214 107 -415 -277 -45 -343 -430 -399 -410 -333 -362 -178 -436 -160 0
417 -276 -1 -403 -352 -53 -388 -175 -346 -58 -334 -208 -103 -385 -343 -220 -430 -249 -94 -109 -214 -415 -399 -211 107 -13 -298 -362 -138 -179 -280 -38 -277 -45 -206 0
-399 -343 -277 -45 -318 -214 -415 -1 -352 -53 -175 -58 -208 -385 -430 107 -298 -138 -280 -178 -39 -436 -160 -125 -307 -333 -159 -236 -364 -15 0
-178 -53 -352 107 -208 -175 -298 -138 -280 -430 -277 -45 -214 -415 -160 -125 -307 -436 -318 -1 -385 -22 -199 0
-58 -412 -175 -385 416 -207 -384 0
37 -384 -69 -277 -45 -319 -318 -214 -385 -175 -207 -415 -182 -96 0
171 -363 -298 -39 -69 -277 -45 -319 -318 -214 -385 -175 -207 -415 -182 -96 0
438 -399 -179 -5 -307 -22 -277 -96 -45 -319 -318 -214 -385 -175 -415 -182 -1 -213 -155 -352 -169 -298 -160 0
-399 -45 -277 -96 -407 -214 -415 -213 -160 -307 -436 -179 -5 -22 -319 -318 -385 -175 -182 -1 -155 -352 -169 -298 0
439 -415 -160 -277 -214 -22 -319 -175 -1 -430 -280 -208 -286 -283 -145 0
-298 -352 -280 -277 -399 -45 -214 -415 -160 -307 -22 -319 -385 -175 -1 -430 -208 -286 -283 -145 0
39 -170 -22 -13 -415 -399 -318 -436 -125 -45 -307 -277 -160 0
417 -228 -207 -385 -175 -208 -335 -122 -1 -384 -53 -310 -116 -319 -108 -181 0
6 -73 -53 -69 -413 -335 -310 -122 -319 -384 -181 -415 -207 -385 -175 -208 -1 -116 -108 -430 -280 0
416 -220 -331 -165 -406 -207 0
-73 -335 -122 -384 -310 -319 -181 -415 -331 -207 -53 -430 -116 -280 -108 -4 -69 -413 -385 -175 -208 -1 0
-318 -179 -385 -175 -208 -399 -319 -181 -1 -280 -415 -430 -214 -352 -439 -436 -307 -331 -277 -160 -37 -22 -13 -45 -286 -136 -283 0
-213 -4 -399 -307 -160 -436 -179 -171 -212 0
170 -252 -249 -126 -13 -331 -168 -63 -399 0
-179 -436 -307 -160 -399 -13 -331 -214 -181 -286 -136 -45 -415 -283 -385 -175 -208 -319 -1 -280 -430 -352 -439 -277 -37 -22 0
417 -213 -95 -399 -222 -430 -63 -280 -116 -5 -286 -283 -45 -181 0
-213 -69 -286 -136 -283 -413 -335 -122 -319 -384 -181 -415 -207 -385 -175 -208 -1 -116 -430 -280 -170 -95 -5 -214 -399 -222 -63 -45 0
-436 -181 -208 -214 -175 -415 -286 -136 -283 -319 -385 -1 -430 -280 -399 -45 -352 -439 -277 -307 -37 -331 -160 -13 -22 0
279 -352 -307 -439 -160 -232 -37 0
-352 -307 -160 -277 -208 -214 -175 -415 -286 -283 -319 -385 -1 -430 -280 -399 -45 -22 -145 0
438 -62 416 -45 -250 -283 -385 -286 -307 -10 0
298 -38 -170 -62 -283 -407 -317 -45 -277 -361 0
309 -250 -385 -10 -286 -283 -115 -4 -280 -430 -96 -182 -170 -62 -407 -317 -45 -277 -361 -439 -160 0
38 -18 -175 -385 -10 -72 -286 -283 -319 -170 -182 -383 -300 -277 0
-214 -109 -260 -108 -14 -283 -125 -286 -280 -277 -399 -45 -298 -415 -160 -307 -352 -319 -385 -175 -1 -430 -208 -145 -215 0
382 -70 -412 -311 -50 0
205 -208 -283 -137 -170 -412 -311 -385 -250 -260 -14 -125 -286 -280 -277 -399 -45 -298 -415 -160 -307 -319 -175 -1 -430 -108 -145 -392 -236 -200 416 -62 -437 0
285 -18 -175 -60 -385 -383 -10 -170 -286 -137 0
207 -286 -332 -385 -62 -125 -407 -250 -45 -283 -175 -60 -383 -170 -137 -437 0
-286 -1 -260 -430 -280 -298 -96 -160 -307 -145 -319 183 -45 -283 -250 -385 -62 -437 -170 -412 -125 -277 -399 -415 -175 -392 0
284 -157 -236 -366 -392 -97 -104 -62 -407 -45 0
-1 -392 -412 -119 -437 -277 -45 -170 -283 -97 -62 -346 -125 -260 -430 -280 -298 -96 -160 -307 -145 -319 183 -250 -385 -399 -415 -175 0
-286 -157 -14 -170 -260 -108 -154 -392 -236 -200 416 -45 -250 -283 -385 -62 -307 -437 -332 -125 -175 -60 -137 0
-96 -145 -412 -437 -277 -45 -170 -283 -97 -346 -125 -260 -250 -385 -307 -175 -430 -280 -298 -160 -62 -319 183 -399 -415 -94 0
-319 -62 -385 -125 -250 -45 -283 -175 -170 -437 -412 -19 -180 -4 -280 -430 -277 -97 -346 -260 -307 -298 -160 183 -399 -415 -94 -450 0
449 -280 -430 0
-207 -332 -53 -62 -250 -191 -385 -89 -412 -311 -175 416 -384 0
285 -62 -399 -286 -385 -45 -283 -175 -60 -170 416 -345 -141 -321 -300 -449 -38 -277 0
205 -250 -62 -4 -45 -283 -175 -170 -437 -385 -280 -430 -277 -260 -307 -160 183 -399 -415 -38 -126 -164 0
-250 -62 -385 -286 -45 -283 -175 -170 -38 -277 -280 -430 -307 -160 183 -399 -415 0
165 -54 -227 -220 0
-62 -286 -283 -277 -415 -385 -170 -38 -45 -430 -280 -175 -307 -160 183 -399 0
162 -339 -414 -38 0
205 -372 -348 -12 -221 -436 -332 -307 -180 -160 -38 -334 -121 -141 -191 -60 -71 -18 0
251 -332 -38 -180 -277 -160 -307 -129 -436 -206 -121 -141 -191 -60 -175 -49 -104 -385 -345 0
438 -191 -141 382 -321 -335 -449 -38 -160 -307 -206 0
-286 -280 -45 -277 -38 -430 -283 -160 -307 -175 -385 -170 -399 -415 183 0
211 -19 -62 -385 -45 -283 -175 -170 -437 -125 -180 -250 -280 -430 -277 -412 -346 -260 -307 -298 -160 183 -399 -415 -94 -450 0
-125 -250 -149 -62 -385 -45 -283 -175 -170 -437 -280 -430 -277 -260 -307 -298 -160 183 -399 -415 -38 0
220 -62 -407 -332 -165 0
125 -62 -383 -45 -170 -407 -277 -160 -332 -307 -220 0
-437 -438 -170 -280 -430 -38 -160 -307 -385 -45 -175 -277 183 -399 -415 -283 0
437 -124 -108 -399 -307 -212 -160 -407 -385 -10 0
-280 -283 -45 -385 -175 -170 -430 -277 -307 -160 183 -399 -415 -38 0
161 -332 -385 -125 -437 -250 -45 -283 -175 -60 -170 -62 -399 416 -345 -141 -321 -300 -38 -277 -307 0
207 -220 -62 -103 -411 -346 -407 -14 -125 -385 -437 -250 -45 -283 -175 -60 -383 -170 -137 -332 0
-207 -392 -191 -129 -62 -373 -186 -200 -332 -173 -385 416 -45 -250 -283 -307 -125 -310 -14 162 -38 -411 -89 -437 -175 -384 0
-332 -250 -125 -385 -437 -62 -45 -283 -175 -60 -170 -373 416 -307 -38 -345 -141 -430 -321 -277 -300 -448 -160 -399 0
298 -437 -160 -307 -38 -170 -283 -407 -317 -45 -277 -62 0
161 -286 -283 -317 -45 -277 -440 -437 -448 -307 0
-437 -125 -277 -448 -38 -160 -283 -45 -307 -141 -170 -62 -108 -4 -345 -385 -175 -60 -373 416 -430 -321 -300 -399 0
-125 -62 -283 -399 -45 -385 -175 -60 -170 416 -345 -141 -321 -300 -38 -277 -160 -307 -448 -108 -4 -373 -430 0
-62 -283 -170 -277 -160 -307 -300 -38 -45 -399 -448 -385 -175 -60 416 -345 -141 -321 -108 -4 -373 -430 0
449 -121 -141 -335 -96 -38 -277 -160 0
-283 -415 -307 -430 -277 -38 -160 -175 -385 -170 -399 183 -45 0
-415 -38 -170 -277 -45 -307 -430 -160 -175 -385 -399 183 0
251 -14 -214 -94 -125 -222 0
15 -180 -6 -108 -174 -159 -366 -392 -190 -141 -123 -382 -170 -410 0
162 -6 -170 -366 -108 -190 -141 -382 -410 -103 -345 -252 -214 -125 -331 -300 -38 0
333 -449 -430 -38 -277 -382 -252 -170 -6 -220 -179 0
408 -125 -382 -277 -38 -300 -430 -437 -170 -307 -160 -366 -108 -141 -345 -214 -211 -399 -62 0
161 -332 -300 -62 -167 -430 -38 -277 -382 -170 -220 -211 -399 -437 -125 -307 0
169 -180 -4 -399 -211 0
-179 -334 -366 -94 -345 -430 -38 -277 -382 -170 -220 -211 -141 -399 -120 -214 -125 -14 -62 -19 -332 -311 -180 0
386 -405 -429 -390 -159 -262 -84 -200 -186 -12 0
-332 -220 -345 -385 -205 -167 -437 -62 -399 -211 -4 -430 -38 -277 -382 -170 -366 -141 -214 -125 -300 -160 -307 0
-220 -4 -385 -399 -211 -170 -437 -382 -307 -277 -160 -38 -125 -300 -345 -205 -167 -62 -430 -366 -141 -214 0
-125 -62 -211 -399 -214 -300 -38 -160 -307 -385 -170 -437 -382 -277 -345 -205 -430 -366 -141 -108 -406 0
354 -324 -347 -281 -382 -38 -283 -437 -45 -277 161 -317 -440 -307 -54 -232 -115 0
331 -54 -345 -252 -385 -10 -382 -38 -283 -437 -45 -277 161 -307 -347 -232 -260 -6 -108 -441 -170 -406 -300 -62 0
298 -361 -382 -277 -170 -38 -14 0
-220 -252 -345 -385 -10 -382 -38 -283 -437 -45 -277 161 -307 -347 -232 -260 -6 -108 -441 -170 -406 -300 -62 -332 -430 -221 0
-62 -437 -141 -277 -382 -170 -385 -345 -283 -38 -45 -307 -108 -406 -300 -430 -211 -399 -160 -214 -205 -366 0
-179 -6 -334 -148 -144 -321 -345 -249 -430 165 -220 -120 -38 -277 -382 -170 -262 -251 -412 162 -19 -211 -332 -311 -180 0
4 -429 -366 -159 -200 -12 -316 -286 -321 -283 -259 -450 -430 -108 0
-6 -4 -334 -148 -144 -321 -345 -249 -430 165 -220 -120 -38 -277 -382 -170 -262 -251 -412 162 -19 -211 -332 -311 -180 0
-437 -283 -385 -321 -430 -38 -277 -382 -170 -211 -366 -316 -345 -108 -300 -214 -160 -307 -205 -406 -399 -141 -45 0
437 -38 -385 -277 -382 -170 -160 -399 -307 -205 0
-38 -430 -307 -399 -385 -170 -277 -160 -45 -175 183 0
221 -103 -13 -125 -347 -366 -95 -345 -252 0
61 -222 -122 -335 -385 -345 -347 -125 -354 -13 -366 -95 -211 -399 0
312 -191 -141 -71 -120 -413 -20 0
62 -50 -60 -385 -186 -413 -321 -311 -141 -120 -20 -205 -437 -406 -399 0
333 -122 -335 -385 -345 -347 -125 -354 -13 -366 -95 -211 -399 -62 0
222 -205 -70 -406 -190 -62 -104 -347 -125 0
383 -347 -125 -335 -385 -345 -354 -13 -366 -95 -399 -141 -120 -413 -20 -180 -331 -60 -186 -321 -437 -417 0
333 -252 -125 -347 -366 -95 -345 -13 -220 -62 0
213 -220 -307 279 -160 -439 -37 -437 416 -385 -331 -284 -347 -108 -125 -180 -366 -95 -345 -13 -62 0
221 -250 -321 -450 -175 -430 -215 -186 -49 -95 -385 -199 0
-220 -62 -347 -331 -125 -321 -450 -175 -430 -49 -385 -199 -399 -307 279 -160 -439 -37 -437 416 -284 -108 -180 -366 -345 -13 -95 0
-62 -437 -411 -13 -125 -347 -331 -321 -450 -175 -430 -49 -385 -199 -399 -307 279 -160 -439 -37 416 -284 -108 -180 -366 -345 -95 0
221 -191 -141 -215 -120 -95 -321 -450 -175 -430 -186 -49 -385 -199 0
-430 -160 -385 -399 -307 -175 -170 -277 -45 183 0
331 -165 -141 -417 -120 -108 -321 -280 -448 -39 -160 -300 -180 -62 0
222 -180 -437 -220 -307 -62 -160 -108 -125 -385 -366 -95 -345 -417 -399 -141 -120 -60 -321 -280 -448 -277 -39 -170 -300 0
348 416 -437 -45 -385 -250 -307 -62 -125 -137 -175 -60 -170 -332 -200 -235 -410 -158 -14 -97 -103 0
333 -346 -437 -45 -385 -250 -307 -62 -125 -137 -175 -60 -170 -332 -200 -14 -366 -393 -249 -216 -417 -213 -399 0
331 -213 -417 -108 -280 -448 -160 -180 -62 0
15 -347 -45 -385 -250 -307 -62 -437 -445 -16 -235 -175 -50 -345 -97 -103 -170 416 -410 -158 -125 0
-347 -14 -300 -125 -39 -45 -385 -250 -307 -62 -437 -445 -16 -235 -175 -50 -345 -97 -103 -170 416 -410 -158 0
-180 -393 -45 -385 -307 -62 -125 -175 -60 -170 -366 -437 -216 -417 -399 -300 -39 -345 -108 -280 -448 -160 -75 -220 -95 -141 -120 -321 -277 0
-95 -437 -277 -45 -125 -300 -448 -307 -170 -160 -385 -62 -175 -60 -366 -417 -399 -345 -108 -280 -220 -141 -321 -94 0
333 -14 -399 -250 -125 -214 -94 -211 -62 0
331 -406 -108 -180 -62 -417 -280 -448 -160 0
332 -347 -38 -125 -300 -220 0
331 -250 -417 -180 -108 -321 -280 -448 -39 -160 -300 -62 -277 -220 -45 -141 0
-250 348 -385 -437 -125 -45 -175 -60 -170 -62 -399 -332 -345 -141 -321 -300 -38 -277 -307 -448 -160 -411 -417 -220 -180 -108 -280 0
124 -347 -366 -62 -345 -385 -437 -125 -45 -175 -60 -170 -399 -141 -321 -300 -38 -277 -307 -448 -160 -417 -220 -108 -280 -180 0
-347 -180 -160 -307 -125 -366 -62 -345 -385 -437 -45 -175 -60 -170 -399 -141 -321 -300 -277 -448 -417 -220 -108 -280 -38 0
126 -383 -277 -448 -170 -160 -363 -307 -14 0
-39 -250 -175 -220 -125 -385 -437 -62 -119 -45 -60 -170 -277 -448 -160 -307 -417 -399 -152 -300 -180 -108 -321 -280 -141 -38 0
-250 -180 -170 -38 -45 -277 -62 -385 -437 -125 -175 -60 -399 -345 -141 -321 -307 -417 -300 -160 -220 -119 -448 -152 -108 -280 0
410 -190 -392 -366 -141 -174 -38 -96 -335 -277 -160 -448 -180 -6 -307 -108 -437 -406 -363 -166 0
61 -286 -437 -45 -277 -440 -448 -307 -160 -137 -417 -141 -38 -96 -335 -170 -180 -108 -123 -392 -366 15 -174 -211 -399 0
124 -174 -366 -180 -332 -104 -62 -437 -45 -277 -440 -448 -307 -160 -137 -417 -141 -38 -96 -335 -170 -108 -123 -392 -211 -399 -14 0
37 -104 -392 -366 -62 -332 -108 -180 -417 -280 -448 -160 -141 -277 -38 -96 -335 -307 -125 -437 -45 -170 -211 -399 -300 0
-180 -437 -280 -399 -448 -307 -160 -38 -392 -366 -62 -108 -417 -141 -277 -96 -125 -45 -170 -300 -220 -345 -74 -385 -175 -60 -321 -119 0
-437 -220 -170 -300 -62 -108 -45 -280 -448 -307 -160 -399 -366 -417 -141 -125 -277 -345 -385 -175 -60 -321 -94 0
437 -62 -45 -277 -448 -170 -417 -160 -399 -307 0
-406 -332 -125 -437 -62 -399 -38 -385 -277 -170 -366 -141 -300 -160 -307 -182 -417 -108 -180 331 -448 -408 0
-300 -366 -412 -334 -192 -141 -120 -320 -19 -384 -417 -168 -125 -437 -62 -399 -38 -277 -170 -385 -160 -307 -108 -180 -448 -408 -333 -298 0
182 -366 -192 -120 -94 -141 0
-366 -168 -234 -170 -437 -384 -408 -417 -141 -108 -192 -120 -94 -440 -412 -334 -320 -19 -125 -62 -399 -38 -277 -385 -160 -307 -180 -448 -333 -298 0
299 -333 -180 -417 -320 -384 -183 0
415 -15 -437 -234 -352 -170 -180 -399 -168 -141 -108 -408 -384 -183 0
63 -334 -180 -320 -141 -384 -417 -437 -234 -170 -399 -108 -440 -298 -120 -94 -412 -19 -125 -62 -38 -277 -385 -160 -307 -448 0
-300 -211 -366 -62 -108 -180 -417 -448 -160 -141 -277 -38 -307 -125 -437 -45 -170 37 -399 -382 -385 -214 -205 -406 -331 -181 0
-382 -366 -180 -141 -331 -120 -62 -108 -417 -448 -160 -277 -38 -307 -125 -437 -45 -170 37 -399 -385 -406 -384 0
213 -74 -310 -108 -182 -141 -38 449 -121 -277 -160 -180 -251 0
-335 -172 -366 -215 -249 -141 -38 449 -121 -277 -160 -334 0
95 -16 -346 -97 -153 -406 416 -220 -331 -159 -103 -366 -155 -289 -190 -144 -141 -120 0
319 -159 -260 -108 -366 -155 -4 -281 -249 -431 -94 -346 -97 -153 -406 416 -220 -331 -103 -190 -144 -141 -120 -59 0
299 -366 -141 -38 449 -121 -277 -160 -334 -180 -310 -260 -108 -94 -346 -406 416 -331 -103 -190 -129 -385 -212 -125 -13 0
-366 -440 -141 -437 -38 449 -277 -160 -180 -108 -385 -125 -417 -170 -62 -448 -307 -45 37 -399 0
415 -174 -334 -180 -141 -108 -384 -212 -183 0
162 -385 -141 -417 -108 -437 -38 -277 -160 -180 -125 -170 -62 -448 -307 -45 -399 0
161 -417 -448 -437 -45 -277 -307 -170 -38 -62 -108 -125 -180 0
183 -72 -141 -120 -62 -412 -19 -311 -399 -211 -125 -214 -94 -250 -320 -298 0
415 -366 -19 -120 -62 -298 -141 -180 -94 -412 -399 -125 -250 -320 -49 -384 0
181 -13 -298 -250 -440 -353 -334 -121 -154 -366 -141 -108 0
-366 -83 -62 -45 -125 -277 -448 -170 -160 -307 -320 -298 -58 -250 -440 -334 -141 -108 -10 -437 -128 -384 -417 -19 -120 -180 -94 -412 -399 -49 0
182 -431 -281 -94 -120 -334 -180 -141 -108 -384 -174 -183 -417 0
-417 -141 -180 -108 -62 -45 -125 -277 -448 -170 -160 -307 -437 -399 -38 0
171 -151 -30 -265 -263 -1 -330 -260 -149 -399 -213 -58 -251 -346 -343 -105 -158 -186 -14 -363 -127 0
-151 -237 -149 -1 -346 -158 -125 -14 -410 -170 -30 -265 -263 -330 -260 -399 -213 -58 -251 -343 -105 -186 -127 0
181 -366 -180 -125 -399 -213 -216 -448 -38 -318 -277 -62 -45 -408 -170 -141 -108 0
383 -333 -180 -62 -19 -366 182 -94 -141 -277 0
13 -75 -250 -221 -248 -125 0
-120 -346 -125 -437 -288 -411 -15 -441 -307 -213 -160 -399 -333 -448 -62 -277 -94 -366 182 -141 0
300 -154 -307 -160 -437 -448 -277 -125 -288 -213 -399 -62 -366 182 -141 -170 -384 -180 -38 0
-366 -141 -437 -125 -170 -448 -307 -180 -160 -38 -277 -399 -62 -45 -108 0
181 -159 -213 -408 -393 -448 -38 -277 -62 -45 -141 -108 0
119 -94 -115 -121 -174 -170 -180 -4 -307 -160 -299 -448 -38 -277 -437 0
-94 -159 -154 -288 -4 -437 -125 -174 -307 -180 -160 -170 -448 -384 -277 -118 -115 -121 -299 -38 0
-141 -125 -62 -307 -180 -160 -38 -437 -170 -448 -277 -108 -45 -399 0
450 -407 -45 -448 -437 -277 -307 -170 -38 -62 -108 -125 -180 -160 0
178 -384 -123 -334 -312 -173 0
13 -155 -392 -237 -399 -151 -170 -346 -410 -158 -125 0
169 -288 -125 -237 -220 -392 -216 -437 -94 -431 -13 -281 -213 -298 107 -408 -168 -399 -138 0
436 -220 -213 -125 -352 -186 -399 -277 107 -283 -415 -234 -129 0
181 -366 -125 -437 -277 -170 -94 -62 -45 -180 -38 -160 -448 -307 -108 -399 0
179 -104 -391 -344 -94 -399 -431 -222 -152 -62 -281 -333 -4 0
393 -213 -416 -250 -73 -94 0
392 -104 -344 -250 -62 -73 -192 -94 0
126 -416 -125 -94 -437 -154 -391 -344 -62 -192 -170 -180 -399 -4 -299 -448 -38 -160 -307 0
178 -332 -307 -38 -437 -299 -128 -160 -170 0
-332 -215 -180 -399 -4 -416 -406 -170 -62 -249 -13 -299 -38 -160 -307 -437 -128 0
393 -250 -213 -416 -220 -180 -399 -4 -406 -170 -62 -13 -299 -38 -160 -307 -437 -154 -94 0
392 -213 -160 -4 -399 -307 -448 -180 -170 -13 -406 -299 -62 -38 -192 -94 0
-213 -220 -180 -399 -4 -416 -406 -170 -62 -13 -299 -38 -160 -307 -437 -154 -94 -391 -448 -192 0
-366 -94 -160 -170 -448 -437 -45 -277 -307 -62 -108 -125 -180 -399 -38 0
14 -235 -183 -108 -154 -129 -399 -437 -213 -250 -411 -247 -159 0
391 -250 -384 -277 -183 -38 -123 -299 -13 -108 -129 -399 -437 -213 -411 -159 0
392 -411 -108 -448 -437 -45 -277 -307 -170 -38 -62 -125 -180 -160 -213 -13 -299 -192 -94 0
171 -13 -299 -38 -160 -307 -437 -399 -213 -277 -108 -448 -45 -170 -62 -125 -180 -94 0
-13 -299 -277 -62 -448 -38 -213 -160 -399 -180 -170 -307 -437 -108 -45 -125 -94 0
436 -250 -146 -110 -247 -108 -23 -201 -371 -352 -399 -234 0
438 -146 -108 -110 -152 -23 -333 -186 -399 -180 -170 13 0
-299 -213 -399 -108 -437 -180 -170 -277 -448 -160 -38 -307 -125 -62 -45 -94 0
169 -415 -45 -284 -384 -137 0
6 -24 -159 -429 -186 -385 -250 -249 -155 -393 -94 -431 -281 0
10 -250 -186 -62 -343 -399 -159 -213 -5 -429 -249 -155 -393 -94 -431 -281 -200 0
12 -429 -159 -213 -393 -123 -399 -237 -125 107 -220 -277 -283 -186 -415 -234 -129 -437 -200 0
15 -146 -159 -237 -393 -399 -213 -200 -186 -62 -343 -94 -431 -281 -123 -125 107 -277 -283 -415 -234 -129 -437 0
-213 -94 -399 -437 -125 -62 -108 -277 -170 -45 -38 -160 -448 -307 -180 0
169 -333 -180 -62 -417 -448 -160 -108 -384 -399 -211 0
416 -344 -123 -334 -384 -183 0
14 -111 -235 -427 -159 0
-14 -250 -125 -15 251 -94 -214 0
-250 -159 -399 -437 -125 -94 -320 -180 -170 -6 -211 -123 -298 -108 -384 -183 -417 -334 -252 0
181 -384 -180 -6 -417 -320 -108 0
-94 -125 -108 -399 -437 -180 -170 -277 -448 -38 -160 -45 -307 -62 0
-125 -45 -38 -108 -399 -437 -180 -170 -448 -160 -277 -307 -62 0
252 -74 -221 0
249 -111 -159 -149 -14 0
157 -181 -393 -321 -111 -3 0
106 -159 -94 -221 -250 -147 -38 -321 -149 -14 -260 -155 0
107 -415 -316 -406 -283 0
-159 -94 -212 -149 -14 106 -221 -415 -147 -38 -321 -260 -155 0
182 -247 -149 -347 -393 -331 -38 -366 -298 0
159 -45 -62 -170 125 -277 -160 -383 -307 -205 -415 -181 -149 -393 -331 -38 0
-45 -38 -62 -170 -277 -160 -307 -108 -399 -448 -180 -437 0
416 -285 -108 -408 -318 0
182 -300 -285 -138 -108 0
-300 -138 -285 -108 -183 0
-159 106 -149 -221 -94 -212 -415 -147 -38 -321 -260 -155 0
106 -149 -331 -38 -298 -221 -160 -399 -307 -448 -180 -170 -213 -4 -299 -62 -94 -119 -212 -415 -147 -321 -260 -155 -183 0
-38 -108 -62 -160 -399 -307 -448 -180 -170 -437 -277 0
183 -211 -62 -125 -95 -347 -75 -399 -332 -299 0
107 -6 -170 -62 -399 -299 -180 -384 -437 -320 -108 -125 -95 -347 -75 0
13 -352 -186 -75 -234 -129 -221 -437 -125 -411 0
300 -283 -347 -45 -384 -125 -69 -413 -42 -115 -234 -437 -411 -186 -75 -129 -440 -331 -181 0
416 -105 -172 -345 -366 -335 -393 -62 -249 -406 -216 0
15 -345 -437 -186 -347 -125 -354 -129 -335 -13 -366 -95 -399 -141 -120 -413 -20 -180 -331 -60 -321 -417 -384 -172 -393 -62 -406 -216 -288 0
183 -389 -393 -181 -259 -314 -154 -399 -307 -37 -160 279 -439 -129 -437 -411 -13 -347 -125 -354 -335 -95 -413 -20 -180 -331 -172 -62 -406 -216 -288 0
10 -105 -120 -94 -62 182 -335 -159 -172 -389 -404 -372 -354 0
15 -439 -37 -160 279 -307 -129 -437 -94 -62 182 -335 -172 -389 -404 -354 -347 -288 -125 0
157 -166 -125 -385 -288 -406 -212 -205 -10 -416 -384 -404 -172 -310 -389 -365 -393 -111 -181 -3 0
-94 -125 -314 -399 -307 -37 -160 279 -437 -62 -335 -347 -95 -413 -20 -180 -440 -299 -69 -170 -108 -320 -281 -431 0
392 -159 -125 -13 -347 -62 -366 -190 0
158 -220 -331 -108 -417 -437 -156 -384 -347 -125 -345 -354 -335 -13 -366 -95 -399 -141 -120 -413 -20 -180 -60 -186 -321 -170 -62 -105 -24 0
23 -354 -384 -347 -125 -214 -335 -13 -95 -399 -120 -413 -20 -180 -331 -186 -437 -160 -307 -430 -170 -277 -45 183 0
383 -60 -413 -335 -69 -310 -121 -347 -125 -345 -354 -13 -366 -95 -399 -141 -120 -20 -180 -331 -186 -321 -437 -417 0
-159 -331 -347 -108 -417 -437 -384 -125 -345 -354 -335 -13 -366 -95 -399 -141 -120 -413 -20 -180 -60 -186 -321 -170 -62 -23 -199 -235 -391 -190 0
183 -186 -437 -347 -108 -384 -125 -335 -95 -399 -120 -413 -20 -180 -170 -62 -391 -69 -214 -160 -307 -430 -277 -45 -440 -320 -299 -140 0
158 -54 -228 -62 -331 -347 182 -138 -108 -125 -13 0
319 -331 -4 -40 -186 -399 -234 -437 -13 -228 -62 -314 -347 -108 -125 -69 -413 -170 -384 -180 -417 -366 -183 0
15 -331 -180 -62 -312 -384 -417 -366 -183 -347 -299 -125 0
157 -428 -373 -180 -331 -299 -384 -417 -320 -108 -183 -366 0
181 -3 -373 -180 -391 -331 -366 -299 -108 0
-331 -417 -437 -4 -180 -170 -384 -399 -183 -373 -391 -366 -299 -108 -320 -13 -62 -347 -125 -40 -186 -234 -228 -314 -69 -413 0
182 -173 -384 -335 -437 -234 -168 -170 -180 -399 -15 -408 -108 -352 -183 -417 -366 0
-417 -366 -320 -183 -335 -437 -234 -170 -180 -399 -108 -384 -440 -299 -62 -4 -373 -391 -13 -347 -125 -40 -186 -228 -314 -69 -413 0
181 -428 -4 -158 -108 -373 -180 -391 -331 -366 -299 0
171 -283 -214 -415 -277 -440 -331 -299 -266 -228 -24 -391 -186 -154 -213 -207 -399 -105 -437 -62 -362 -167 -410 0
14 -331 -62 -180 -170 -214 -415 -277 -440 -299 -228 -391 -186 -213 -207 -399 -437 -318 -45 -408 -366 -108 -183 -4 -373 0
-331 -366 -62 -347 -108 -125 -13 -228 -183 -299 -248 -180 -170 -214 -415 -277 -440 -391 -186 -213 -207 -399 -437 -318 -45 -408 -4 -373 0
182 -410 -399 -4 -170 -180 -318 -373 -168 -45 -173 -158 -408 -366 -108 0
-366 -13 -335 -384 -391 -320 -140 -183 -399 -4 -170 -180 -373 -45 -108 -73 -299 -62 -347 -125 -228 -214 -277 -440 -186 -437 -234 -40 -314 -69 -413 0
181 -331 -307 -384 -180 -159 -236 162 -13 -320 -299 -108 0
409 -213 -125 -347 -103 -228 -413 -99 -331 -234 -207 -399 -191 -437 -62 -362 -167 0
417 -410 -180 -62 -170 -331 -125 -347 -103 -228 -413 -99 -234 -399 -191 -437 -362 -406 0
14 -312 -437 -4 -180 -399 -170 -384 -416 -62 -331 -125 -347 -103 -228 -413 -99 -234 -191 -406 0
383 -312 -180 -335 -174 -121 0
157 -416 -4 -384 -180 -335 -174 -347 -125 -13 -437 -399 -170 -62 -331 -228 -413 -234 -191 -406 -320 -236 -3 0
-331 -191 -335 -140 -62 -347 -13 -159 -4 -384 -180 -174 -437 -399 -170 -228 -413 -234 -320 -236 -155 -108 -183 -307 162 -299 0
-13 -4 -180 -399 -170 -108 -183 -335 -299 -62 -140 -347 -384 -437 -228 -413 -234 -320 -307 162 -391 -373 -45 -73 -214 -277 -186 -40 0
332 -45 -40 -108 -4 -183 -320 -201 -370 -314 -352 -186 -391 -214 -399 -234 -437 13 -125 -170 -180 -151 0
-108 -399 -437 -170 -180 -62 -307 -277 -160 -448 0
298 -39 -285 -277 -183 -138 -408 0
15 -212 -408 -62 -331 -183 -285 -277 -138 -347 -125 0
415 -365 -158 -389 -391 -404 -428 -140 -307 -160 -299 -62 -448 -232 -285 -277 -183 -138 -408 -166 -384 0
-45 -44 -318 -285 0
-406 -140 -160 -299 -399 -307 -448 -180 -170 -213 -4 -62 -13 -391 -347 -125 -281 -277 -318 -285 -408 0
-45 -318 -285 -43 0
182 -391 -347 -125 -307 -281 -160 -448 -232 -277 -285 -331 -62 -299 -399 -180 -170 -4 -13 -408 -205 -158 -389 -404 -428 -183 -138 -166 -384 0
-406 -172 -364 -384 -39 -391 -277 -285 -160 -299 -399 -307 -448 -180 -170 -4 -62 -13 -347 -125 -281 -408 -415 -166 0
-45 -109 -149 -201 -152 -10 -347 -125 -441 -221 -307 -164 -319 -160 -205 -448 -232 -415 -277 -285 -43 0
-4 -384 -347 -448 -277 -307 -160 -62 -125 -399 -180 -170 -13 -331 -437 0
4 -13 -125 -62 -399 -170 -285 -277 -183 -408 -448 -331 -160 -180 0
-13 -347 -180 -170 -448 -277 -307 -160 -62 -125 -399 -331 -437 0
-347 -125 -437 -399 -170 -180 -331 -277 -160 -307 -448 -62 0
407 -45 -415 -285 0
-45 -415 -384 -437 -307 -13 -160 -299 -411 -183 -448 -285 -277 -138 -408 -38 -104 178 -62 0
416 -10 -404 -104 -371 -13 -62 -389 -107 -277 -286 -232 -299 -408 -318 -183 0
298 -1 -104 -121 -86 -389 -404 -40 -371 -117 -318 -354 -285 -441 -183 -138 -277 -408 0
-415 -299 -331 -38 -183 -104 -86 -389 -404 -371 -117 -285 -138 -277 -408 -13 -62 -107 -156 -129 -437 -125 -307 -281 -160 -448 -384 -411 178 0
-299 -389 -156 -404 -307 -160 -62 -448 -285 -277 -183 -138 -408 -384 -129 -437 -411 -13 -331 -38 -104 -86 -371 -117 -107 -125 -281 178 0
-13 -125 -62 -399 -331 -307 -160 -448 -277 -437 -170 -180 0
300 -94 -437 -156 13 -186 -234 -125 -170 -180 -440 -331 0
-125 -331 -62 -437 -170 -180 -277 -448 -160 -307 -399 0
298 -249 -149 -10 -109 -287 -415 -321 -285 -95 -183 -138 -277 -408 0
15 -205 -415 -408 -221 -62 -331 -149 -10 -109 -287 -321 -285 -95 -183 -138 -277 -411 -361 0
300 -149 -247 -391 -347 -95 -331 -38 0
-331 -399 -277 -170 -62 -448 -180 -437 -160 -307 0
416 -311 -320 -384 -183 0
-415 -285 -45 -408 -416 0
-399 -448 -170 -180 -277 -437 -307 -160 -62 0
-408 -183 -416 -45 -136 -300 -361 -409 -166 -406 0
-183 -300 -361 -409 -416 -166 -45 -136 -406 0
407 -150 -153 -214 -39 -300 -125 -431 -361 -281 -409 -5 -166 -108 0
-448 -180 -307 -160 -277 -437 -170 -62 0
-285 -125 -183 -277 -408 -437 298 -300 -307 -180 -312 -170 -160 -415 0
39 -347 -307 -125 -160 0
124 -385 -370 -10 -347 -288 0
-347 -166 -125 -288 -406 -205 -10 -416 -384 -212 -365 -393 -111 -181 -3 -180 -158 -4 -312 -280 -199 -430 -344 -250 -220 -185 -307 -37 -160 -232 -439 -277 0
14 -411 -180 -344 -160 -37 -125 -288 -406 -416 -384 -181 -4 -312 -199 -307 -439 -277 -154 -259 -213 -207 -437 -62 -170 -167 -365 0
179 -95 -216 -249 -430 -220 -280 -331 -4 0
61 -399 -266 -259 -213 -159 -237 -105 0
-347 15 -160 -439 -307 -288 -437 -37 -62 182 -125 -213 -4 -331 -167 -266 -259 -170 -180 -216 -277 0
15 -154 -199 -207 -437 -170 -307 -180 -277 -160 -37 -439 -288 -62 182 -125 -213 -4 -331 -167 -266 -259 -216 0
-125 298 -62 -170 -160 -307 -277 -437 -13 -408 -183 -180 -300 -415 0
163 -149 -249 -151 -250 -426 -221 0
-300 -299 -170 -277 -180 -437 -160 -307 -13 -62 -183 -415 -408 0
181 -334 -172 -365 -344 0
182 -44 -318 -267 -277 -236 -120 -319 -141 0
407 -172 -415 -408 -416 -39 -277 -183 -319 -248 -149 -97 -152 -347 -250 -125 -221 -164 -62 -166 0
124 107 -125 -213 436 -399 -277 -129 -186 -415 -234 -283 -347 -288 0
-45 -364 14 -201 -152 -105 -39 -441 -347 -307 436 -399 -277 -129 -415 -430 -280 -168 -408 -106 -43 -416 0
181 -172 -221 -152 -347 -39 -277 14 -201 -105 -441 -307 436 -399 -129 -415 -430 -280 -168 -408 -106 -43 -416 0
178 -347 -430 -277 -280 -415 -408 -416 -319 -183 -39 14 -201 -441 -307 -62 -437 -333 -170 0
278 -45 -168 -170 -408 -384 -410 0
182 -11 -201 -220 -416 -180 -38 -213 -170 -62 -13 -299 -160 -307 -437 -399 -94 -362 -410 -430 -168 -280 -408 -5 -319 -108 0
-436 -343 -280 -178 -333 -277 308 -45 -415 -399 -430 107 -362 -410 -160 -446 -158 -186 -170 -201 -11 -437 0
-38 -45 -415 -277 -160 -170 -437 -183 -416 -180 -62 -13 -299 -307 -408 -347 0
181 -436 -288 -347 -280 -178 -333 -277 308 -45 -415 -399 -430 -125 -362 -410 -160 -446 -158 -186 -170 -201 -437 -214 -108 0
-436 -45 -158 -201 -318 -105 -408 -319 -108 -183 -288 -347 -280 -178 -333 -277 308 -415 -399 -430 -125 -362 -410 -160 -186 -170 -437 -216 -95 -5 -213 0
-45 -347 -415 -408 -170 -183 -277 -160 -437 -416 -180 -62 -13 -299 -307 0
-347 -416 -183 -170 -277 -415 -408 -160 -437 -180 -62 -13 -299 -307 0
438 -288 -125 -201 -248 -158 -104 -152 -62 -213 -333 -180 -277 -170 -45 -408 -384 -410 -362 0
179 -108 436 -125 -213 -399 -277 -129 -415 -283 -408 -166 -45 -170 -384 -410 -441 -62 -307 -333 -160 0
-168 -149 -248 -216 -172 -201 -94 -430 -158 -280 -183 -104 -318 -408 -213 -397 -108 -62 -45 -185 -277 -166 -170 -384 -410 0
-45 -104 -158 -408 -125 -62 -248 -201 -94 -183 -277 -170 -410 -333 -180 -415 -441 -307 -160 -362 -437 -152 -416 0
179 -106 -121 -354 -318 -225 -441 -285 -412 -307 -280 -86 -310 -160 -4 0
108 -366 -183 -319 -94 -306 -430 -111 -3 -280 -260 -155 -4 0
-168 -121 -248 -216 -334 -94 -430 -280 -183 -408 -213 -397 -319 -260 -155 -4 -180 -354 -318 -225 -441 -285 -412 -307 -86 -310 -160 -158 -104 -62 -166 0
-416 -299 -62 -408 -180 -307 -160 -437 -170 -277 -415 -13 -183 0
179 -53 -116 -353 -224 -441 -356 -307 -333 -310 -160 0
107 -213 -183 416 -384 -39 -353 -385 -220 -333 -180 -224 -441 -307 -160 -226 -430 -280 -168 -408 -428 -397 0
-213 -72 -192 -385 -220 -430 -333 -280 -180 -155 -183 416 -384 -39 -353 -224 -441 -307 -160 -226 -168 -408 -428 -397 0
13 -437 -399 -170 -4 -180 -213 -344 -105 -346 -220 -125 0
-180 -125 -409 -4 -399 -62 -408 -299 -307 -160 -416 -277 -183 -213 -344 -105 -170 -94 -430 -280 -333 -178 0
-125 -409 -299 -94 -430 -307 -280 -399 -160 -178 -213 -4 -62 -408 -416 -277 -183 -344 -105 -170 -333 0
106 -94 -430 -277 -170 -280 -213 -178 -307 -160 -408 -183 -333 -168 0
179 -285 -168 -408 -183 -170 -45 -307 -213 -333 -160 -6 0
-415 -382 -45 -277 -408 -285 0
108 -178 -408 -213 -45 -277 -170 -168 -183 -307 -333 -160 0
-180 -248 -213 -391 -105 -399 -4 -170 -344 -320 -415 -408 -183 -277 -160 -416 -45 -62 -299 -307 -449 -37 -333 -178 0
-415 -37 -277 -170 -160 -213 -391 -105 -399 -4 -344 -320 -408 -183 -416 -45 -62 -299 -307 -449 -333 -178 -214 0
-178 -170 -333 -160 -307 -213 -277 -408 -183 -45 -168 -430 -280 -107 0
248 -157 -105 -365 -344 -393 -250 0
398 -266 -14 -105 -365 -344 -154 -129 -320 -411 -180 -408 -299 -307 -160 -415 -170 -277 -62 -416 -183 -399 -108 -259 -213 0
-437 -436 -411 -180 -408 -299 -307 -160 -415 -170 -277 -62 -416 -183 0
15 -105 -344 -251 -11 -49 -70 -192 -140 -184 -277 -20 -38 -299 0
-416 -415 -299 -277 -160 -307 -129 -411 -180 -408 -221 -170 -62 -183 -384 -310 -430 -280 -4 -213 -399 -168 -45 -107 0
416 -180 -430 -333 -280 -213 -183 -384 -307 -160 -168 -408 -129 -411 -277 -62 -45 -399 -299 0
-170 -107 -183 -160 -307 -408 -430 -280 -213 -168 -45 -277 -333 0
-74 -251 -221 0
-10 -23 -446 -201 -430 -280 -95 -160 -307 -436 285 -207 -298 -352 -183 -107 -213 -12 0
-415 -228 -163 -221 -251 -430 -280 -160 -307 -436 -183 -107 -213 -128 -277 -37 -299 -214 -137 -416 -408 -45 0
397 -221 -160 -277 -383 -307 -430 -280 -183 -107 -213 -128 -299 -137 -416 -408 -45 -310 -168 -4 -62 0
61 -168 -408 0
-437 -201 -288 -213 -333 -186 -399 -180 -170 -307 -415 -436 -408 -299 -160 -416 -277 -62 -183 0
-170 -180 -160 -307 -213 -415 -436 -408 -299 -416 -277 -62 -183 -168 -45 -430 -280 0
-180 -436 -307 -160 -277 -45 -430 -408 -183 -280 -213 -299 -416 -168 -62 -415 0
252 -364 -391 -158 -94 -105 -216 -343 -248 0
-436 -45 -299 -408 -183 -213 -307 -160 -277 -168 -430 -280 -416 -62 -415 0
-45 -299 -160 -277 -168 -307 -408 -416 -415 -62 -183 -213 -430 -280 0
-170 -180 -38 -280 -285 -183 -333 -430 -213 -160 -399 -307 -415 -436 -408 -299 -416 -277 -62 -169 0
-180 -436 -192 -183 -307 -299 -160 -119 -38 -430 -280 -333 -213 -399 -285 -415 -408 -416 -277 -62 -169 0
298 -393 -192 -119 -95 -20 -183 -38 0
-221 -128 -185 -192 -70 -68 -413 -38 -299 -119 -20 -183 -106 -408 -248 -168 -251 -163 -220 0
-436 -299 -277 -430 -183 -408 -168 -213 -307 -160 -280 -415 -416 -62 0
248 -393 -105 -157 -250 -183 -107 -155 0
220 -107 -183 -334 -155 -105 -94 -346 -250 -149 -247 -157 -180 -333 -213 -416 0
-299 -62 -280 -160 -430 -277 -213 -408 -183 -168 -416 -415 -307 0
-221 -185 -200 -129 -236 -156 -447 -216 -249 -94 -251 -220 0
-107 -129 -343 -200 -105 -216 -220 -355 -14 -38 162 -319 -363 -137 -399 -311 -170 -213 -384 -234 -5 -277 -106 -183 -160 -307 -408 -430 -280 -168 -333 0
-251 -159 -105 -265 -237 -399 -249 -213 -94 -252 -221 0
-221 -12 -94 -280 -216 -5 -213 -105 -399 -200 -430 -318 -43 -300 -183 -108 -170 -410 -14 -125 -220 0
96 -12 -200 -318 -125 -14 -363 -300 -183 -213 -170 -105 -168 -408 107 -343 -280 -251 -430 -74 0
169 -284 -384 -137 -415 -277 0
252 -24 -159 -186 -105 -385 -343 0
158 -265 -237 -98 -111 -105 0
405 -87 -122 -322 -352 -41 -372 -116 -220 -367 -164 -47 -425 -422 -198 -388 0
438 -170 -14 -151 -399 -213 -58 -343 -105 -200 -318 -277 -168 -408 -220 -384 -300 -183 -137 -415 -280 -430 -216 -5 -355 -38 162 -319 -311 -106 -160 -307 -333 0
179 -105 -343 -14 -277 -168 -408 -384 -216 -300 -183 -430 -137 -415 -280 -106 -213 -399 -151 -58 -200 -318 -220 -355 -38 -319 -160 -307 -333 0
-62 -415 -183 -160 -307 -408 -430 -280 -213 -168 -277 -416 0
62 -168 -408 0
-45 -251 -280 -213 -183 -307 -160 -168 -408 -277 -170 -220 -430 0
171 -251 -220 -213 -285 -408 -318 -160 -307 -430 -280 -183 -168 -277 -383 0
-251 -170 -160 -168 -408 -183 -220 -430 -280 -213 -277 -307 0
169 -386 -10 -94 -298 -430 -280 -4 -307 416 -408 -221 -248 -75 -250 -232 -361 -277 -410 0
-45 -170 -277 -213 -160 -220 -307 -183 -168 -408 -430 -280 0
-170 -277 -280 -408 -430 -213 -160 -220 -307 -183 -168 0
-4 -45 -160 -277 -383 -307 -430 -280 -183 -137 -213 -128 397 -408 -221 -168 -179 0
298 -72 -192 -393 -95 -312 -38 -119 -183 0
-221 -179 -5 -280 -123 -430 -38 -299 -192 -312 -119 -183 -410 -436 -344 -205 -251 -163 -220 0
-277 -220 -160 -280 -430 -183 -307 -168 -408 -213 0
450 -430 -280 0
61 -138 -160 -247 -95 -299 -430 -411 -307 -280 -5 -108 -180 -408 -398 -333 0
-415 -45 -333 -430 -280 -160 -343 -220 -213 -411 -126 -307 -299 -180 -408 -63 -247 -95 -5 -398 -416 0
415 -180 -220 -95 -430 -411 -280 -160 -299 -307 -5 -247 -408 -398 -333 -63 -343 -183 0
397 -180 -126 -307 -160 -299 -411 -333 -63 0
-180 -247 -220 -343 -183 -95 -299 -430 -160 -307 -280 -5 -408 -398 -333 -126 -213 -416 0
-300 -247 -220 -38 -63 -343 -95 -333 -183 -299 0
13 -44 -285 -150 -388 -403 -138 -152 -103 -171 -346 -411 -126 0
415 -158 -375 -428 -174 -334 -343 -383 -183 0
123 -59 -385 -12 -183 -353 -139 0
61 -438 -385 -334 -183 -264 -227 -54 -68 -412 -319 -120 -312 -277 -416 -408 -375 -174 -343 -138 -171 -411 -126 -15 -388 -403 -346 -106 -398 -333 0
170 -388 -398 -438 -318 -277 -385 -43 -183 -106 -42 -264 -355 -227 -54 -68 -412 -319 -312 -384 -138 0
437 -388 -403 13 -196 -155 -385 -127 -10 0
389 -295 -349 -403 -196 0
-251 -299 -183 -280 -430 -220 -408 -307 -160 -213 -221 0
171 -13 -299 -307 -160 -170 -415 -277 -408 -183 -63 -397 0
-13 -170 -160 -415 -333 -183 -299 -248 -411 -94 -307 -277 -408 -63 -397 0
178 -150 -153 -397 -333 -170 0
398 -153 -333 -150 -63 0
61 -427 -277 -404 -382 -389 -415 -157 -97 -408 -105 0
-170 -415 -277 -408 -63 -97 -4 -397 -333 -160 -307 -299 -248 -221 -75 -250 -183 -411 -94 0
99 -186 -386 -158 -11 -201 -237 -266 0
-186 -11 -145 -386 -298 -261 106 -319 -183 -158 -103 -97 -201 -266 0
-45 -190 -438 -277 -128 -145 -386 -261 -319 -183 -103 -97 -126 -310 -13 -299 -137 -107 -44 -416 -408 -415 0
-300 -103 -344 -179 -220 332 -38 -4 -13 -280 -248 -430 -216 -94 -183 -299 0
106 -110 -145 -298 -261 -319 -183 -158 -236 0
182 -393 -236 -190 -319 -318 -277 -44 -120 -267 0
104 -172 -428 -121 -334 -344 -158 -183 -190 -318 -44 -94 -430 -280 -4 -107 -298 -261 -150 -152 -265 -346 -97 0
385 -185 -438 -128 -12 0
181 61 -438 -183 -264 -334 -54 -385 -412 -408 -416 -138 -171 -411 -126 -15 -346 -398 -333 -158 -94 -160 -428 -430 -179 -121 -280 -344 -318 -4 -298 -261 -150 -265 -97 0
61 -310 -240 -183 -438 -264 -54 -408 -416 -171 -411 -126 -398 -333 -94 -160 -430 -179 -121 -280 -344 -4 -261 -150 -97 -49 -386 -128 -137 -13 -220 -248 -299 -415 0
-416 -94 -183 -430 -280 -4 170 -438 -264 -54 -386 -408 -415 -126 -160 -299 -333 -63 -240 -411 -344 -261 -150 -97 -220 -248 0
-299 -220 -408 -183 -430 -160 -280 -307 -221 -213 0
15 -158 -415 -277 -398 -139 -151 -191 -38 -213 -252 -221 -343 -104 -137 0
-158 -200 -252 -183 -430 -280 -213 -408 -415 -398 -137 -151 -38 -178 -160 -364 -104 -307 -411 -126 -14 -139 -191 -221 -343 0
169 -318 -277 -384 -137 -415 0
13 -169 -160 -178 -307 -411 -126 0
107 -156 -252 -393 -213 -249 -6 0
170 -416 -54 -23 -277 -58 -408 -415 -106 -252 -393 -213 -249 -440 -307 -160 -14 -178 0
-416 -389 -151 -280 -430 -252 -221 -38 -213 -160 -398 -178 -54 -23 -58 -408 -415 -106 -393 -440 -307 -14 -411 -126 -137 0
108 -200 -23 -386 -14 -159 -150 -151 -346 -221 -248 -75 -250 -365 -344 181 -215 -38 -440 -94 -307 -430 -160 -280 -178 -4 0
-220 -221 -408 -307 -430 -160 -280 -213 -183 0
-307 -430 -416 -415 -107 -172 -365 -191 -183 -39 -62 -170 -437 -160 -180 -13 -277 -280 0
37 -347 -172 -365 -331 -183 -62 -300 0
-430 -280 -111 -236 -446 -107 -183 -138 -277 -39 -300 -172 -365 -331 -62 -126 -416 -415 -191 -170 -437 -160 -180 -13 -159 -450 0
-280 -111 15 -97 -389 -404 -236 -107 -39 -172 -365 -331 -183 -62 -416 -415 -437 -277 -180 -160 -170 -446 -138 -191 -13 -281 0
247 15 -331 -183 -62 -160 -180 -277 -437 -170 -172 -97 -389 -404 -107 -416 -415 -138 -13 -281 -94 -149 0
-307 -154 -172 -97 -375 -345 -107 -183 -138 -39 -62 -416 -170 -437 -160 -180 -415 -277 -13 -430 -280 0
37 -347 -183 -159 -345 -172 -331 -62 -300 0
Solved
