467 -31 -236 -157 -457 -343 -73 -435 -214 -64 -44 -247 0
-31 -395 -270 -208 -253 -457 -343 -73 -214 -64 -247 -10 -466 -236 -157 -435 -44 0
74 -395 -44 -208 -247 -253 -205 -64 -457 -214 0
476 -457 -130 -414 -270 -208 -145 -253 -421 -73 -247 -64 -214 -343 -10 -466 -157 -435 0
459 -189 -89 -94 -316 -10 -466 -435 -247 -64 -178 -343 -214 -253 -73 0
-457 -247 -208 -253 -89 -94 -316 -10 -466 -435 -270 -64 -178 -343 -214 -73 -475 -130 -414 -145 -421 -157 0
209 -235 -130 -331 -475 -355 -270 0
153 -19 -429 -67 -346 0
487 -89 -130 -355 -270 -151 -429 -67 -346 -208 -253 -331 -94 -316 -10 -466 -435 -64 -178 -145 -421 -157 -26 -401 -107 0
153 -429 -346 -67 0
-457 -73 -416 -435 -247 -408 -64 -208 -253 -343 -94 -316 -10 -270 -178 -214 -466 -130 -414 -145 -421 -157 -236 -458 0
-73 -343 -26 -476 -236 -416 -435 -247 -408 -64 -208 -253 -214 -94 -316 -10 -270 -178 -466 -130 -414 -145 -421 -157 -458 0
73 -236 -476 -458 -26 0
210 -247 -26 -416 -435 -214 -408 -64 -208 -253 -94 -316 -10 -270 -178 -466 -130 -145 -421 -157 -331 -289 -355 -394 0
427 -287 -20 0
-247 -257 -316 -10 -466 -287 -6 -20 -26 -416 -435 210 -408 -64 -208 -253 -94 -270 -178 -130 -145 -421 -157 -331 -289 -355 -394 0
494 -316 -46 -10 -466 -64 -208 -253 -94 -178 -130 -145 -421 -157 -331 -355 -223 -346 -67 -151 -250 -202 -226 -478 -376 0
-429 -428 -67 -151 -346 0
-236 -214 -325 -173 -466 -247 -445 -64 -94 -288 -270 -208 -253 -10 -157 -435 -395 -345 -21 -27 -477 -459 -237 0
-214 -270 -459 -130 -331 209 -355 -27 -325 -173 -466 -247 -445 -64 -94 -288 -208 -253 -10 -157 -435 -345 -21 -477 -237 0
26 -325 -94 -466 -5 -345 -247 -21 0
-435 -247 -130 -331 209 -355 -27 -173 -466 -459 -64 -94 -288 -208 -253 -10 -157 -345 -21 -269 -151 -5 -434 0
268 -205 -260 -145 -264 -421 -432 -322 -130 -125 -355 -395 0
152 -288 -346 -67 -21 0
-247 -260 -145 268 -421 -322 -130 -355 -459 -10 -466 -351 -94 -64 -331 209 -27 -173 -288 -208 -253 -157 -345 -21 -269 -151 -5 -434 0
496 -208 -145 -421 -322 -355 -10 -466 -94 -64 -331 -46 -253 -157 -151 -223 -346 -67 -178 -250 -202 -226 -478 -376 -493 0
210 -270 -346 -67 -151 -178 -395 -253 0
209 -435 -331 -130 -355 -247 -466 -64 -94 -208 -253 -10 -157 -21 -151 -202 -226 -376 -493 -478 -67 -346 -178 0
210 -395 -67 -151 -178 -346 -253 0
209 -130 -157 -346 -145 -247 -421 -322 -223 -355 -10 -466 -94 -64 -331 -208 -253 -151 -67 -493 -202 -478 -226 -376 -178 0
-130 -247 -223 -46 -10 -466 -64 -208 -253 -94 -178 -145 -421 -331 -355 -346 -67 -151 -250 -202 -226 -478 -376 -493 -157 -322 0
-395 -270 -10 -157 -202 -223 -226 -346 -376 -67 -322 -493 -151 -289 -478 -355 -178 -496 -301 -253 -208 0
-270 -289 -10 -202 -157 -226 -223 -376 -346 -493 -67 -478 -151 -322 -178 -301 -496 -253 -355 -208 0
270 -253 -67 -151 -178 -346 -208 0
499 -157 -151 -178 -346 -10 -202 -67 -226 -223 -376 -493 -478 -322 -301 -355 -145 -421 -466 -94 -64 -331 -46 0
210 -253 -499 0
209 -253 -499 0
153 -253 -223 -499 -346 -178 -67 0
-253 -499 -67 -151 -178 -346 -223 0
-21 -264 -261 -16 -257 -329 -476 -9 -26 -6 -346 -67 152 0
210 -322 -10 -466 -64 -346 -67 -178 -151 -478 -46 -493 -376 -202 -355 -226 -157 -223 -499 0
-325 -247 -491 -46 -407 -417 -432 -10 -466 -372 -64 -457 -345 -27 -94 -5 -21 0
-247 -457 -241 -441 -258 -316 -10 -432 -466 -126 -351 -94 -64 -434 -491 -46 -407 -417 -372 -345 -27 -5 -21 0
502 -145 -10 -466 -94 -64 -46 -202 -355 -226 -493 -478 -178 -346 -67 -151 -223 -376 -301 -241 -421 -331 0
428 -27 -493 -478 -21 0
66 -316 -10 -466 -331 -253 -355 -21 -64 -94 -208 -247 -157 209 -151 -202 -226 -376 -493 -478 -67 -346 -178 0
429 -157 -466 -247 -64 -331 -253 -355 -21 -94 -10 -151 -202 -226 -376 -493 -478 -67 -346 -178 -55 -502 -223 0
-157 -247 -226 -10 -223 -376 -466 -253 -346 -493 -202 -178 -21 -67 -478 -151 -64 -331 -355 -94 -55 -502 0
210 -313 -226 -376 -493 -21 -346 -67 -478 -151 -148 -178 -270 -202 -253 0
-247 -21 -64 -202 -466 -226 -346 -10 -376 -67 -493 -151 -478 -148 -178 -253 -223 -331 -355 -94 -55 -502 0
-429 -21 -46 -10 -466 -64 -253 -94 -178 -145 -421 -331 -355 -223 -346 -67 -151 -226 -478 -376 -493 -202 -148 0
-21 -253 -202 -226 -346 -376 -67 -493 -10 -151 -478 -178 -46 -466 -64 -94 -145 -421 -331 -355 -223 -148 -55 -502 0
-253 -145 -94 -10 -466 -64 -202 -226 -67 -151 -178 -346 -376 -223 -493 -478 -46 -421 -331 -355 -148 -55 -502 0
-429 -21 -10 -346 -67 -208 -202 -499 -226 -223 -376 -493 -178 -478 -151 0
4 -316 -241 -457 -258 -441 -10 -372 -466 -126 -432 -94 -64 -491 -46 -407 -247 -434 -345 -27 -5 -21 0
-316 -247 -10 -292 -432 -260 -46 -16 -330 -8 -5 -241 -457 -441 -372 -466 -126 -94 -64 -491 -407 -258 -434 -345 -27 -21 0
316 -16 -148 -314 -260 0
-21 -457 -241 -10 -292 -46 -466 -94 -64 -148 -208 -499 -202 -223 -226 -346 -376 -67 -493 -151 -478 -178 0
253 -493 -10 -466 -64 -202 -226 -376 -223 -94 -346 -478 -67 -151 -241 -292 -46 -148 -178 0
-247 -316 -466 -10 -411 -64 -331 -253 -355 -21 -94 209 -151 -202 -226 -376 -493 -478 -67 -346 -178 -46 -223 -301 -241 -421 -148 -55 0
-27 -21 -10 -466 -64 -331 -253 -355 -94 -151 -202 -226 -376 -493 -478 -67 -346 -178 -46 -223 -301 -241 -421 -148 -55 0
-21 -67 -346 -307 -151 -178 -253 -223 -202 -46 -10 -466 -64 -94 -421 -331 -355 -226 -478 -376 -493 -148 -301 -241 -55 0
508 -178 -94 -10 -466 -64 -202 -226 -151 -46 -346 -376 -223 -421 -331 -355 -148 -301 -55 -292 0
6 -92 -174 0
430 -329 -46 -9 -4 -174 -94 -125 0
5 -261 -317 -16 -257 -329 -420 -9 0
210 -270 -46 -94 -346 -21 -67 -151 -178 -355 -10 -253 0
4 -432 -466 -10 -126 -64 -94 -345 -27 -21 0
6 -258 -316 -10 -292 -432 -260 -46 -16 -330 -8 0
-253 -27 -21 -10 -292 -46 -466 -64 -94 -346 -67 -151 -355 -148 -178 -223 0
4 -27 -10 -64 -94 -466 -21 -346 -67 -151 0
-429 5 -10 -208 -499 -46 -4 -94 -223 -346 -178 -21 -67 -151 0
5 -208 -10 -178 -499 -46 -4 -94 -223 -346 -21 -67 -151 -27 0
-174 6 0
-27 -67 -292 -46 -148 -223 -346 -10 -151 -21 -178 -94 -64 -466 -355 0
6 -477 -292 -10 -46 -223 -346 -67 -151 -21 -178 0
-429 -67 -94 -346 -21 -46 -151 -178 -355 -10 -223 -6 0
172 -278 -92 0
5 -173 0
93 -314 -38 -421 -330 -158 -46 -211 -64 -216 -75 -345 -309 -411 -258 -316 -10 -432 -444 -126 -277 -173 -94 0
209 -173 -148 -38 -345 -277 -91 -421 -330 -158 -46 -211 -64 -216 -75 -309 -411 -258 -10 -126 -94 -260 -270 0
-67 -21 -178 -346 -223 -148 -421 -46 -64 -10 -94 -151 -508 -355 -292 -466 0
317 -73 -343 -214 -91 -64 -277 -247 -38 -466 -315 -10 0
316 -315 -148 -46 -329 -261 0
-315 -174 -301 -192 -397 -277 -189 -38 -261 -10 -318 -148 -46 -329 0
180 -501 -209 -301 -192 -397 -277 -189 -38 -10 -318 -148 -46 -329 0
430 -457 -207 -155 0
210 -182 -166 -301 -53 -329 -397 -292 -211 -270 -207 -432 -343 -94 -91 -277 -410 -38 -46 -497 -314 -192 -189 -174 -10 -318 -148 -254 0
494 -478 -508 0
317 -16 -446 -26 -301 -53 -397 -292 -189 -260 -494 -270 -209 -466 -166 -329 -211 -207 -182 -343 -94 -91 -277 -410 -38 -46 -192 -174 -10 -318 -148 -254 0
-16 -446 -10 -207 -301 -254 -397 -189 -209 -211 -270 -46 -159 -260 -148 -318 -26 -53 -292 -494 -466 -166 -329 -182 -343 -94 -91 -277 -410 -38 -192 -174 0
-174 -53 -301 -166 -329 -397 -292 -211 -270 -207 -343 -94 -91 -277 -410 -38 -46 -192 -189 -10 -318 -148 -254 -209 -159 -437 -260 -26 -494 -466 -173 0
4 -429 -166 -397 -292 -94 -46 -10 -148 -466 -508 -178 -223 -346 -301 -151 -21 0
208 -16 -460 -301 -256 -10 -397 -329 -260 -148 -175 -270 0
-16 -209 -397 -260 -148 -270 -252 -501 -254 -301 -460 -256 -10 -329 -175 0
495 -478 -508 0
-16 -260 -331 -439 -397 -301 -351 -10 -159 -148 -457 -46 -254 -329 -501 -270 -9 -252 -460 -256 -175 0
-429 -5 -166 -46 -331 -397 -301 -148 -64 -508 -223 -346 -151 -21 -376 -226 -178 -202 -10 -292 -94 -466 0
313 -91 -55 -432 -440 -508 -104 -410 -99 -381 -90 -461 -223 -205 -7 -277 -209 -38 0
-174 -209 -55 -432 -381 -440 -90 -461 -387 -345 -301 -223 -397 -292 -271 -270 -254 -16 -205 -148 -314 -508 -104 -410 -99 -21 -5 -173 0
475 -276 -390 -177 -338 -74 -188 -26 0
-92 -301 -257 -188 -293 -468 -432 -477 -390 -46 -375 -428 -211 -19 -398 -224 -152 -253 -499 -178 -346 -525 -202 -200 -361 -343 -94 172 -91 0
92 -94 -432 -418 -257 -428 -32 -343 -346 0
-94 -211 -257 -188 -293 -468 -432 -477 -390 -46 -375 -428 -461 -19 -398 -224 -152 -253 -499 -178 -346 -525 -202 -200 -361 -343 172 -91 -418 -32 0
203 -211 -398 -253 -499 -178 -346 -325 -525 -433 0
-174 -459 -346 -525 -477 -188 -257 -428 -361 -398 -253 -499 -178 -293 -468 -432 -390 -46 -375 -461 -224 -152 -200 -91 -438 -444 -173 0
174 -277 -91 0
93 -277 -432 -525 -477 -188 -257 -361 -398 -253 -499 -178 -293 -468 -390 -46 -375 -461 -152 -200 -91 -438 -444 -154 -346 0
399 -301 -65 -75 -350 -458 -296 -154 -432 -469 -126 -468 -327 -27 -211 0
207 -379 -440 -188 -446 -257 -56 0
-94 -435 -468 -432 -440 -188 -446 -257 -410 -346 -525 -152 -19 92 -418 -32 -343 0
431 -19 -152 -525 -346 -477 -188 -257 -174 -361 -398 -253 -499 -178 -293 -468 -432 -390 -46 -375 -461 -200 -91 -438 -444 -173 -154 -124 0
427 -65 -525 -75 -346 -27 -477 -418 -188 -257 0
-277 -91 -468 -410 -251 -346 -499 -525 -253 -152 -178 -477 -188 -257 -518 -432 -440 -446 -438 -361 -444 -293 -398 -390 -46 -375 -461 -200 -154 0
347 -225 -525 0
93 -94 -188 -446 -257 -525 -152 -20 -432 -410 -346 -438 -444 -178 -7 -172 -440 -4 0
92 -20 -178 -257 -172 -4 0
-91 -525 -152 -468 -346 -438 -444 -178 -7 -188 -446 -257 -432 -410 -440 -39 -251 -499 -253 -477 -518 -361 -293 -398 -390 -46 -375 -461 -200 -154 0
205 -458 -154 -432 0
-174 -152 -525 -257 -440 -188 -446 -154 -432 -410 -343 -346 -438 -253 -7 -444 -178 -4 -172 0
348 -468 -94 -432 -257 -204 -440 -188 -446 -428 -525 -410 -287 -224 0
427 -446 -432 -90 -440 -188 -508 -257 0
315 -432 -46 -329 -260 -10 -270 -16 -316 -209 -148 0
430 -211 -397 -326 -434 -64 -74 -26 -477 -396 0
429 -343 -432 -55 -410 -223 -209 -260 -16 -270 -316 -10 -64 -68 -94 -151 -188 -174 313 -287 -257 -178 0
-429 -151 -315 -174 -10 -148 -46 -329 -270 -396 -316 -188 -37 -287 -257 -428 -16 -346 0
-525 -94 -209 -260 -16 -270 -316 -10 -432 -188 -174 313 -257 -148 -46 -329 -428 -346 347 0
11 -188 -260 -257 -316 0
348 -286 -9 -420 -329 -6 0
287 -348 -16 -525 -329 -270 -19 0
427 -174 -440 -16 -283 -337 -181 -461 -270 -37 -525 -329 -9 -420 0
347 -392 -410 -232 -379 -176 -337 -323 -440 -190 -207 -475 -432 -396 -296 -270 -153 -157 -525 0
286 -344 -432 -207 -475 -396 -16 -270 -525 -329 -410 -232 -379 -337 -323 -440 -157 -9 -6 -373 -37 -420 -20 0
330 -432 -396 -270 -46 -16 0
19 -438 -442 -178 -5 0
-429 -302 -461 -398 -432 -440 -188 -446 -257 -428 -151 -346 0
431 -151 -257 -432 -346 -37 -5 -283 -260 -16 -270 -316 -396 -10 0
-20 -428 -257 -5 -19 0
-429 -26 -476 -188 -257 -428 -151 -346 0
6 -75 -361 -476 -26 -525 -166 -480 -283 -495 -16 -440 -205 -445 -339 -443 -190 -418 0
-428 -19 -260 -16 -270 -316 -10 -432 -188 -525 313 -257 -148 -46 -329 -151 -209 0
258 -392 -410 -176 347 -232 -323 -440 -190 -432 -396 -270 -153 -157 -525 -418 -188 0
-19 -188 -257 -432 -270 -525 -151 -260 -16 -316 -10 313 -148 -46 -329 -209 0
429 -420 -286 -257 0
19 -184 -525 -124 -46 -16 -346 -260 -257 -443 -5 0
-429 -428 -316 -205 -257 -151 -346 -445 0
-207 -323 -263 -260 -503 -46 -55 430 -457 0
4 -366 -263 -498 -10 -316 -380 -472 -338 -190 -445 -260 -46 430 -289 -346 -157 -224 -525 -255 -180 -361 -279 0
-428 -263 -10 -316 -260 -498 -46 430 -289 -346 -157 -224 -525 -166 -233 -283 -148 -16 -445 -443 -5 -380 -472 -338 -255 -361 -257 -151 -37 0
-151 -525 -10 -260 -316 -46 -148 -16 -257 -432 -270 313 -329 -209 0
-525 -257 -46 -316 -432 -260 -10 -16 -270 -148 313 -329 -209 0
-257 -432 -260 -270 -316 -10 -46 -16 -148 313 -329 -209 0
299 -68 -151 -428 -287 -53 -419 -5 -178 -443 -274 -33 -232 -193 0
-525 -134 -414 -136 -76 -88 -379 -319 -299 -57 347 -524 0
-432 -260 -270 -10 -46 -16 -148 -329 -209 -314 0
348 -223 -329 -9 0
429 -19 -132 -235 -458 -365 -511 -255 -37 -178 -333 0
-19 -192 -92 -287 -37 -178 -316 -257 -205 -151 -346 -445 -132 -235 -458 -365 -511 -255 -333 0
-525 -257 -316 -178 -317 -16 -329 -9 -37 -458 -255 -396 -446 -476 -61 -462 -78 -324 -89 -380 -157 -126 -56 -524 0
21 -92 -37 -5 0
269 -289 -396 -476 0
-346 -257 -316 -178 -205 -153 -270 -396 -476 -37 -441 -462 -319 -89 -380 -9 -411 -225 -126 -348 0
-257 -255 -46 -16 -501 -157 -9 -329 -316 -270 -396 -37 -126 -78 -207 -260 11 0
6 -151 -16 -396 -475 -428 -68 -287 -270 -419 -19 0
-151 -19 -249 -186 -327 -94 -157 347 -524 -37 -475 -428 -419 -5 -16 -396 -270 0
151 -283 -329 -16 -524 -270 0
-525 -19 -428 -151 -186 -157 -524 -37 -475 -419 -16 -396 -270 -467 -126 -329 -9 0
-19 -126 -475 -396 -428 -270 -151 -186 -157 -524 -37 -419 -16 -467 -329 -9 0
523 -347 -329 -9 0
-260 -314 -270 -16 -46 -209 -329 -10 -148 0
152 -347 -329 -209 -525 -270 0
4 -172 0
-347 -525 -10 -317 -329 -179 -19 -151 -209 -270 -346 0
-428 -429 -46 -329 -261 -317 -209 -501 -397 -10 -361 -5 -287 -179 -148 -346 -151 0
188 -193 -145 -33 -205 -445 -190 -302 -263 -461 -379 0
428 -410 -263 -285 -5 -317 -314 -148 -46 -329 -261 -209 -270 -287 -151 -19 0
-525 -19 -270 -397 -285 -209 -314 -36 -317 -199 -438 -361 -179 -46 -329 -261 -10 -148 -346 -151 -263 -431 -7 0
525 -151 -209 -285 -270 -166 -314 0
-257 429 -314 -7 -317 -4 -286 -209 0
6 -206 -270 -154 -458 -209 -10 -253 -191 -525 -329 348 -347 0
429 -4 -518 -438 -154 -458 -431 -317 -314 -270 -209 -7 -263 -10 -525 -329 -286 -346 -179 0
-151 -314 -16 -329 -209 -270 -10 -46 -148 0
524 -179 -7 -251 -59 -292 -36 -209 -397 -148 -46 -329 -261 -67 -431 -317 -346 -166 -10 0
-314 -209 -10 -329 -16 -270 -148 -46 0
12 -347 -476 -289 210 -329 -445 -46 -148 -315 -431 -270 -16 -317 0
318 -257 -179 -317 -16 -9 -329 5 -286 -260 0
34 -66 -350 -186 -158 0
6 -257 -201 -272 -260 -437 -179 -286 -363 -419 -20 0
-257 -201 -272 -363 -148 -46 -329 -315 -317 -204 -179 -16 -9 -286 -260 -4 -437 -419 -20 0
-347 -38 -272 -260 -148 -46 -329 -315 -317 -16 -437 -295 -158 -476 -289 -270 -151 -10 210 -445 -431 0
288 -33 -476 -343 -158 347 -295 -445 -151 -418 -190 -19 0
428 -91 -257 -410 -10 -317 -260 -148 -46 -329 -315 -343 -178 0
-5 -6 -260 -257 -10 -317 -151 -148 -46 -329 -315 -476 -158 347 -295 -445 -437 -443 -272 0
5 -257 -445 -287 -38 -125 -10 -46 -158 -396 -270 -16 -329 -224 -9 0
-428 -429 -148 -46 -329 -315 -93 -31 -317 -257 -410 -476 -151 -346 -345 -287 0
428 -257 -346 -46 -16 -260 -443 -5 -431 -329 -204 -524 -224 174 210 -345 -21 0
-257 -476 -158 347 -260 -10 -295 -445 -151 -317 -148 -46 -329 -315 -16 -443 -431 210 -437 -272 -38 -270 0
-20 -287 -428 0
191 -90 -78 -460 -439 -302 -445 -339 0
440 -322 -502 -55 -289 -131 -381 -333 -90 -63 -78 0
-317 -46 -329 -19 -179 -153 -207 -212 -343 -436 -52 -8 -347 -261 -318 0
-151 -346 -347 -16 -436 -189 -262 -27 -11 -153 -429 -329 -428 0
269 -154 -443 -207 -343 -255 -436 -210 -16 0
-346 -271 -443 -436 -212 -16 -207 -255 -347 -189 -262 -27 -11 -153 -429 -329 -428 -52 -6 -286 -420 0
525 -394 -208 -430 -499 -186 -223 -65 0
-46 -212 -329 287 -27 -443 -8 -207 -189 -153 -429 -428 -6 -420 -179 -318 0
344 -268 -208 -255 -458 -443 -436 -27 0
432 -34 -212 -203 -94 -523 -124 -10 0
-429 -20 -257 -428 -329 0
208 -270 -396 0
209 -270 -396 0
-270 -396 -31 -443 -205 -17 -329 -253 -8 0
-396 -31 -259 -205 -212 -443 -253 -203 -54 -347 -8 -329 -151 -17 0
208 -96 -203 -212 -432 -316 -259 -347 -17 -151 -329 -270 -8 0
343 -212 -203 -347 -8 -329 -259 -253 -316 -151 -205 -443 -54 -438 -92 0
7 -259 -16 -294 -329 -54 0
-270 -210 -396 0
-20 -428 -257 -329 0
343 -74 -26 0
353 -339 -190 -466 -498 -26 -44 -374 -398 -408 -275 -194 -90 -439 -104 -381 -316 -147 -411 -53 -293 -425 -60 -84 0
-174 -92 -203 -361 -5 -173 0
394 -432 -285 -361 -190 -203 -5 -173 -345 -26 -262 -187 -457 -46 -396 -271 -154 -126 -16 -157 -270 0
-432 -46 -329 -16 -270 -316 -11 -396 -285 -361 -190 -203 -5 -173 -345 -26 -262 -187 -457 -271 -154 -126 -157 0
344 -295 -466 -157 -65 -315 -285 -408 -228 -16 -361 -464 -418 -203 -32 -476 -5 -443 -26 -458 -173 -75 0
395 -146 -414 -271 -262 -16 -187 -418 -203 -5 -173 -237 -65 -32 -26 -345 -466 -157 -315 -285 -408 -361 -464 -458 -75 -190 -446 -251 -270 0
344 -398 -186 -36 -200 -361 -475 -5 -26 -203 -173 -75 0
-347 -346 -270 -396 -329 -261 -257 -428 -16 0
345 -508 -428 -26 0
268 -344 -16 -428 -261 -26 -5 -203 -524 -68 -396 -152 0
343 -442 -5 -255 -257 -438 -428 -26 0
345 -203 -261 -315 -524 -329 -16 -270 -257 -346 -428 0
-92 -435 -125 -10 -270 -396 -16 -261 -329 -91 -203 -174 -5 -173 0
4 -345 -257 -428 -270 -16 -261 -203 -524 -68 -396 -125 -329 0
-203 -346 -257 -428 -396 -16 -270 -329 -261 0
25 -232 -275 -187 -457 -476 -74 0
4 -74 -64 -434 -26 -275 -476 -255 -257 -178 -445 -346 -428 -151 -316 -32 -212 -92 0
-429 -10 -316 -431 -257 -445 -346 -428 -151 0
6 -10 -262 -187 -302 -205 -520 -445 -295 -294 -190 -418 -212 0
17 -345 -26 -257 -346 -428 -434 -5 -227 -287 -524 -68 -396 -152 -270 -261 0
43 -468 -125 -430 -249 -186 0
-151 -429 -125 -211 -26 -434 -74 -96 -524 -346 -396 -428 -152 0
-429 -211 -273 -261 -270 -329 -16 -396 -74 -96 -346 -428 -190 -257 0
394 -45 -187 -262 -186 -10 -432 0
153 -177 -187 -457 -74 -190 -26 -211 -434 -396 -270 -262 -32 -205 -154 -46 -34 -398 -524 -68 0
4 -345 -270 -329 -16 -261 -257 -346 -428 -396 0
437 -420 -257 -428 -345 0
-314 -260 -209 -285 -270 -166 -329 -16 -524 -257 -432 -46 -316 -315 0
-432 -285 -224 -209 -524 -270 -166 -329 -16 -257 -46 -315 -201 -273 -261 -154 -430 0
-260 11 -188 -257 -261 0
-525 -285 -209 -270 -36 -438 -361 -46 -329 -261 -346 -19 -431 -7 -315 -201 -273 -188 -257 -152 -12 347 0
-345 -346 -329 -16 -270 -261 -257 -396 -428 0
-346 -261 -329 -16 -270 -257 -428 -396 0
-261 -16 -270 -329 -396 -257 -428 0
-429 -205 -55 -445 -410 -257 -26 -346 -428 -151 -476 0
189 -190 -5 -303 -213 -397 -44 -476 0
6 -103 -410 -233 -416 -360 -519 -181 -435 -345 -96 -443 -190 -202 -92 0
-432 -410 -345 -443 -202 -264 -397 -476 -64 -199 -329 -284 -159 -149 -270 -10 -151 -260 -16 -257 -209 -498 -315 -318 -55 -445 -346 -428 -289 -125 -431 0
523 -397 -443 -180 -445 -257 -428 -151 -476 -318 -264 -199 -329 -284 -149 -270 -260 -16 -209 -498 -315 -289 -431 -9 0
348 -318 -315 -284 -257 -167 -428 -329 0
-432 -279 -5 -26 -343 -203 -476 -45 -199 -457 -35 -207 -270 -396 -16 330 -431 0
432 -476 -189 -289 -264 -124 -11 0
27 -65 -184 -45 -476 0
-16 -396 -270 -257 -428 -329 0
-508 -478 -493 0
-429 -104 -525 -151 -428 -493 -77 -264 -189 -233 -446 -32 -206 -257 0
344 -525 -315 -318 -348 -257 -151 -428 -493 -77 -264 -189 -446 -206 -237 -388 -457 -214 -436 -73 0
345 -442 -5 -257 -436 -428 0
431 -397 -271 -259 -44 -262 -186 -10 0
-346 -525 -271 -148 -329 -315 -259 -318 -430 -388 -189 -475 -74 -26 -156 -151 -429 -428 -348 0
261 -237 -11 -430 -189 -315 -318 -348 -257 344 -428 -151 -525 -493 -446 -388 -214 -436 -73 -207 -255 -178 0
260 -11 -430 -156 -318 -48 0
477 -11 -430 -189 -315 -318 -348 -257 344 -428 -151 -525 261 -446 -388 -436 -207 -255 -178 -26 0
317 -321 -379 -441 -409 0
-361 -203 -92 -5 -173 -363 0
431 -159 -315 -318 -379 -409 -36 -446 -56 -48 -207 -156 0
-151 -173 -315 -446 -48 -156 -430 -363 -475 -348 -257 344 -428 -388 -436 -255 -271 -259 -148 -329 -429 0
524 -126 -5 -92 -348 -173 -363 -12 0
4 -379 -474 -274 -410 -104 -366 -181 -461 -192 -92 0
-11 -66 -74 -388 -207 -26 -446 -186 -78 -363 -92 -5 -474 -192 -67 -348 -225 -501 -38 -255 -498 -315 -189 -271 -178 -318 -259 -12 -430 -156 -48 0
347 316 -92 -173 -271 -178 -148 -363 -329 -315 -259 -263 -189 -396 269 -225 -126 0
224 -178 -255 -5 -501 -9 0
12 -200 -315 -318 -446 -48 -207 -156 -224 -189 -348 -92 -5 -173 -363 -523 -430 0
432 -66 -388 -207 -26 -446 -11 -74 -363 -92 -5 -474 -192 -67 -348 -225 -501 -38 -255 -498 -315 -189 -271 -178 -318 -259 -12 -430 -156 -48 0
347 -11 -207 -430 -388 -26 -446 -74 -363 -92 -5 -474 -192 -67 -348 -501 -38 -255 -498 -315 -189 -271 -178 -318 -259 -12 -156 -48 -523 0
-11 -318 -315 -446 -48 -207 -156 -430 -92 -5 -173 -363 -348 -523 -224 -388 -26 -74 -474 -192 -67 -501 -38 -255 -498 -189 -271 -178 -259 0
-429 -348 -271 -148 -363 -329 -315 -259 -396 269 -48 -156 -474 -501 -255 -498 -9 -257 -428 -436 0
-189 -315 -348 -257 -428 -436 -524 -259 -48 -156 -345 -26 -125 -396 269 -187 0
431 -398 -68 -264 -152 -11 -524 -410 -381 -234 -90 -345 -26 -440 -446 -205 -156 0
494 -510 -480 0
493 -510 -480 0
317 -345 -26 -480 210 -68 -224 -152 -524 -205 -430 -264 -410 -381 -234 -90 -446 -156 -271 -259 0
-396 -270 -428 -329 -257 0
208 -508 -26 -428 -458 -257 -318 -501 -315 0
347 -458 -202 -329 -270 -428 -257 -318 -315 -124 -69 -525 0
155 523 -189 -257 -428 -329 -264 -270 -318 -315 -124 -525 0
268 -361 -5 -346 -318 -38 -525 430 -155 -315 -7 -446 -210 0
523 -189 -315 -270 -525 430 -446 -329 -318 -257 -428 -264 0
348 -259 -318 -315 -329 -257 -167 -428 0
75 -398 -184 -5 -34 -203 -200 -173 -363 -477 -343 -26 0
208 -173 -5 -257 -428 -343 -184 -34 -203 -32 -363 -477 -26 -273 -18 -458 -270 -254 0
261 -363 -34 -203 -159 -18 -5 -315 -270 -9 -210 -257 -428 -343 -184 -32 -477 -26 -458 -178 0
-259 -203 -270 -315 -257 -428 -184 -205 -154 -329 -224 -347 -318 -167 0
-189 -446 -428 -257 -270 -315 -318 -264 -525 430 -329 0
347 -458 -525 -329 -270 -428 -257 -318 -315 -124 -69 0
-446 -318 -329 -270 -428 -257 -525 -315 -264 430 0
12 -525 -329 -315 -428 -257 -270 430 0
-318 -346 -525 -329 -270 -428 -257 -315 -124 -69 -205 -317 0
92 -16 -210 -270 -315 -437 -38 -345 -277 0
-347 -345 -5 -210 -270 -315 -38 -26 -477 -257 11 -316 -444 -180 -329 -124 523 0
4 -291 -477 -270 -257 11 -316 -210 -180 -9 0
268 -261 -154 -329 -9 -210 0
327 -359 -40 -434 -415 0
-525 -315 -270 -329 -257 -428 430 0
346 -7 -329 -225 0
258 -504 -322 -57 -263 -205 -188 0
-315 430 -257 -329 -270 -428 0
269 348 -257 -432 -287 -440 -468 -525 -410 -428 -361 -5 -26 -364 -264 -260 -210 -16 0
344 -247 -26 -525 -95 -361 -174 -5 -173 -91 0
348 -525 -205 -285 -277 -270 -257 -428 -364 -10 -318 -329 -124 0
268 -345 -154 -277 -26 -329 -5 -477 -501 -9 -291 -210 0
16 -166 -329 -285 0
343 -438 -5 -444 -277 0
-91 -525 -432 -257 -253 -277 -188 -361 -477 -499 -468 -390 -46 -152 -438 -444 -154 -346 -496 -318 -273 -10 -261 -180 -173 -92 0
317 -472 -175 -410 -188 -192 -257 -420 -428 -364 -508 -446 -432 -397 -460 -273 -496 -261 -10 0
-525 -346 -257 -329 430 -428 -270 0
-346 430 -270 -329 -257 -428 0
524 -259 -5 -257 -428 -34 -184 -363 -32 -343 -477 -26 -18 -458 -270 -178 -210 -285 -223 -168 0
430 -270 -329 -257 -428 0
16 -285 -525 -329 -346 0
523 -88 -187 -321 -262 -57 -11 0
317 207 -446 -257 -346 -525 -187 -11 -260 -17 -329 -77 -313 0
256 -260 -329 -346 -17 -525 -313 -155 -11 -446 -257 -77 -444 -343 -428 -206 0
-260 -346 -329 -428 -257 -155 -430 -125 -185 -17 -343 -253 -11 -499 -525 -446 -206 -313 -77 -444 0
328 -47 -155 0
-47 -155 -329 0
258 -350 -236 -175 -390 -64 -192 -445 -74 -440 -26 -508 -32 -428 -206 0
313 -192 -445 -257 -420 -151 -428 -346 -206 -236 -175 -390 -64 -74 -26 -508 -32 -318 -159 0
-205 -420 -257 -192 -151 -445 -428 -346 -206 0
-188 -301 -397 -460 -43 -264 -257 -26 -346 -428 -429 -151 -189 0
268 -74 -264 -257 -26 -346 -428 -151 -77 -430 -468 -125 -64 -397 -508 -206 -284 -38 -390 -32 -318 -159 -457 -202 -92 -5 -501 -9 -210 0
-343 -346 -428 -257 -329 -525 -270 -264 -151 -468 -64 -397 -508 -284 -318 -159 -457 -202 -501 -9 0
343 -457 -257 -206 -428 -26 0
-346 -457 -257 -329 -525 -270 -428 -9 -168 -348 0
-92 -337 -461 -192 -5 -283 -203 -430 -523 -318 -446 12 -156 -224 -189 -348 -207 -48 -173 -363 -200 0
187 -446 -343 -192 -5 -283 -203 -430 -523 -318 -26 -156 -224 -189 -348 -207 -48 -363 -457 -210 -18 -178 -270 -260 -11 -291 -477 -321 -409 -441 0
475 -363 -5 -203 -9 -210 -270 -343 -291 -26 0
330 -525 -257 -428 -270 -329 0
205 -446 -428 -257 -343 -525 -329 -270 -318 0
-446 -318 -525 -257 -343 -428 -270 -329 0
-318 -343 -525 -257 -428 -270 -329 0
-343 -525 -329 -257 -428 -270 0
-525 -270 -257 -428 -329 0
207 -440 -510 -428 -446 -257 0
-203 -234 -189 -477 -213 -241 -399 -53 -220 -385 -484 -260 -432 205 -329 151 -524 -270 -5 -92 -204 0
187 -381 -90 0
-440 -77 -446 -257 -57 -206 -510 -428 0
-270 -428 -257 -329 0
-318 207 -428 -329 -446 -257 0
524 -315 -210 -18 -396 -329 -432 -346 -12 0
431 -221 -134 -38 -459 -315 -18 -499 -210 -261 -396 -329 0
207 -446 -428 -329 -257 0
-442 -436 -32 -443 -5 -257 -428 0
-11 -318 -460 -283 -271 -313 -259 -399 -156 -48 -12 0
179 -199 -48 -399 -213 -156 -271 -458 -259 -253 0
429 -410 -319 -476 -439 -26 -510 -257 0
16 -346 -428 -439 -257 -32 -56 -458 -329 0
10 -302 -284 -338 -313 -189 -318 -264 0
-315 -92 -292 -5 -212 -32 -352 -233 -322 -275 -502 -103 -157 -309 -26 -428 -458 -257 -318 208 -501 0
427 -133 -431 -356 -352 -291 -284 -38 -292 -5 -32 -26 -428 -458 -257 -318 208 -264 -56 -397 -523 -67 -346 -190 -287 -180 0
524 -264 -187 -480 -495 -476 -26 -431 -146 -397 -48 -410 -67 -329 -346 -166 0
261 208 -257 -346 -56 -431 -146 -329 -318 -428 -32 -458 -439 -190 0
154 -92 -380 -416 -175 -94 -212 -89 -5 -371 -173 -499 -178 -253 -458 -329 0
48 -369 -297 -420 -229 -5 -212 -201 -329 -35 0
398 -89 -222 -5 -484 -94 -277 -458 -380 -416 -204 -371 -173 -499 -178 -253 -329 -156 -46 -297 -420 -201 -35 -338 -301 0
459 -274 -26 -458 -476 -343 -94 -233 -32 -204 -443 -5 -173 -222 -178 -484 -253 0
188 -66 -476 -26 -186 -35 -46 -156 -458 -343 -94 -32 -204 -443 -5 -173 -222 -178 -484 -253 -399 -277 -380 -416 -371 -499 -329 -297 -420 -201 -338 -301 0
347 -178 -253 -458 -222 -399 -301 -476 -46 -32 -443 -484 -277 -499 -329 -201 -190 -257 -428 -159 -321 -439 -410 -431 -166 -56 -11 0
174 -472 -379 -274 -187 -235 -476 -350 -26 -297 -73 -418 -345 -5 -277 0
208 -318 -257 -428 -458 -329 -346 -190 -439 -431 -56 -32 -146 0
525 -223 -346 0
-223 -346 -523 0
-253 -476 -74 -458 -398 -361 -92 -180 -313 -329 524 -346 -257 -428 -190 -439 -431 -56 -32 -146 0
253 -92 -7 -203 -361 -5 -210 -180 0
344 -398 -458 -361 -180 -313 -329 524 -346 -257 -428 -190 -439 -431 -56 -32 -146 0
-525 -346 -257 -428 -329 -32 -458 -146 -190 -439 -431 -56 0
208 -346 -439 -257 -458 -329 -428 -190 -431 -56 -32 -146 0
-346 -439 -428 -257 -431 -329 -458 -190 -56 -32 -146 0
11 -73 -32 -343 -213 -214 -204 -363 -95 -279 174 -38 -314 -523 -318 0
209 -476 -338 -189 -146 -409 -318 -32 -343 -363 -38 -523 -478 -26 -124 -474 -431 -5 -396 -9 0
-92 -53 -11 -318 -476 -313 -127 -26 -283 -273 -73 -18 -297 -343 -32 -443 -5 -257 -428 -420 -203 -363 -173 0
-476 -338 -428 -127 -32 -257 -173 -458 -329 346 -146 -431 0
-92 -44 -26 -186 -231 -204 -363 -279 -95 -523 -5 -348 -12 -173 -126 -93 0
-446 -428 -257 -329 0
209 -458 -92 -476 -5 -26 -257 -206 -428 -396 -7 -499 0
6 -253 -458 -206 -428 -32 -257 -443 -191 0
-458 -346 -92 -329 -318 -257 -428 -32 -476 0
430 -174 -92 -5 -173 -329 -523 -155 -11 0
4 -74 -457 -476 -92 -329 -155 -32 -318 -257 -428 0
25 -222 -121 -244 -186 -337 -66 -464 -229 -478 -476 -402 -74 0
315 -66 -236 -476 -74 -26 -121 -244 -186 -337 -464 -229 -478 -402 -485 -157 -38 0
-346 -318 -476 -329 -257 -428 -92 -32 0
346 -476 -329 -32 -92 -257 -428 0
-476 -32 -329 -92 -428 -257 0
459 -394 -223 -152 -208 -523 -444 -437 -17 -260 -47 -254 -155 0
27 -260 -473 -175 -32 -223 -152 -208 -523 -444 -17 -47 -254 -155 -476 -257 -428 -420 -74 0
457 -396 -208 -254 -207 -155 0
395 -437 -17 -444 -208 0
6 -74 -257 -428 -476 -32 -26 -523 -5 -92 0
457 -420 -257 -428 -523 209 -208 -396 -155 0
348 -381 -189 -259 -257 -178 -428 -287 0
-396 -208 -190 -428 -287 -347 -178 -473 -177 -523 -257 -155 -74 -26 -437 -476 -17 -210 0
-208 -211 -96 -155 -47 -178 -428 -287 -347 -225 -202 -523 -152 -17 -190 -473 -177 -257 -74 -26 -437 -476 -210 0
-396 -442 -32 -5 -257 -428 -17 -394 -210 0
427 -126 -432 -347 -155 -457 -287 -257 0
-74 -523 -428 -32 -26 -476 -5 -257 -92 0
343 -208 -17 -5 -396 -476 -92 -32 -26 0
-208 -396 -92 -523 -5 -257 -428 -32 -26 -476 0
-396 -523 -32 -257 -428 -92 -5 -26 -476 0
-523 -32 -5 -257 -428 -92 -26 -476 0
395 -437 -8 -208 -17 -5 0
344 -208 -126 224 -5 -396 -476 -151 -257 -428 -26 -8 -155 -17 0
345 -346 -151 -428 -26 0
-208 -396 -5 -476 -257 -428 -26 -92 -32 0
-396 -32 -5 -257 -428 -476 -26 -92 0
4 -261 -432 -155 -47 -126 -64 -216 -428 -75 -288 -345 -5 -438 -444 -92 -257 0
268 -432 -155 -257 -151 -428 -346 -347 -75 -345 -92 -5 -47 -64 -216 -444 -17 0
-32 -428 -5 -257 -92 -26 -476 0
6 -208 -26 -206 -257 -476 -428 -396 -344 -443 -92 0
-208 -396 -476 -26 -5 -257 -428 -92 0
4 -291 -431 -18 -257 -476 -428 -26 -5 -153 -92 0
-396 -428 -257 -26 -92 -5 -476 0
-428 -257 -5 -26 -476 -92 0
6 -344 -26 -92 -20 0
428 -92 -26 -5 0
-9 -347 -524 -330 -7 0
-429 -16 -7 -428 -396 -362 -92 -174 -5 -173 -231 -337 -190 -493 -288 0
-523 -315 -270 -329 -524 -16 -159 -152 -346 0
18 -65 -396 -297 -16 -152 -346 -237 -362 -92 -174 -5 -173 -459 -254 -7 -317 -260 0
209 -210 -38 -459 -18 -337 -396 -329 -284 -206 -67 -32 -317 -346 -232 -523 -92 -174 -5 -173 -237 -389 -7 0
-155 -292 -272 -226 -260 -92 -174 -5 -173 -9 -7 -262 -329 430 -523 0
525 -350 -317 -157 -260 -313 -262 -65 -10 0
-525 -523 -92 -174 -5 -173 -346 -329 0
339 -76 -88 -441 -462 -447 -302 -190 0
440 -324 -504 -291 -57 -131 -331 187 -61 -76 0
303 -366 -38 -101 -128 -367 -284 0
Solved
