208 -196 -154 -175 -151 -58 -124 -106 -27 0
152 -196 -1 -202 -175 -58 -124 0
-196 -202 -1 -175 -58 -124 -151 0
177 -40 -1 -154 -187 -70 -151 -106 -202 -124 -157 -58 -10 0
217 -106 -1 -154 -187 -124 -157 -58 -10 -175 0
176 -217 -1 -88 -199 -124 -157 -58 -10 0
220 -124 -1 -157 -175 -154 -187 0
3 -112 -128 -214 -154 -187 -152 -97 -204 -197 0
202 -41 -152 -218 -167 0
42 -197 -71 0
-58 -152 -175 -124 -1 -128 -214 -154 -187 -220 -59 0
2 -168 -42 0
41 -198 -72 0
204 -42 0
40 -197 -71 0
-42 -200 -181 -187 -128 -154 -152 -1 -202 0
125 -181 -1 -187 -154 -175 -124 -214 -220 0
41 -204 -153 -1 0
-42 -71 -153 -1 0
-71 -153 -1 0
-42 -175 -60 -197 -203 -41 0
223 -1 0
155 -131 -18 -185 -64 -138 -73 0
27 -78 -185 -145 -64 -104 -18 -200 -131 0
125 -128 -28 -25 -185 -145 -64 -18 -138 -156 -123 -181 -175 -157 -223 0
Solved
