147 -478 -118 -127 -42 -167 -172 -85 -1 -364 -300 -265 -340 -294 -241 -469 -247 -190 -115 0
266 -271 -440 -115 -472 -85 -247 -364 -241 0
267 -440 -349 -400 -358 -115 -472 -1 -247 -364 -241 0
173 -241 -115 -85 -247 -364 -265 -349 -400 -358 -1 -127 -118 -111 0
249 -13 -469 -487 -190 -163 -115 0
493 -300 -469 -190 -247 -487 -294 -118 -172 -85 -265 -349 -400 -1 -127 -111 -146 -42 -167 -340 0
116 -115 -469 -487 -190 -146 -300 -340 -294 -493 -247 0
302 -294 -118 -300 -172 0
117 -51 -167 -118 -127 -172 -302 -487 -469 -493 -247 -190 -146 0
378 -465 -108 -493 -160 -481 -112 0
14 -108 -60 -7 -493 -160 -97 -270 -332 -83 -345 -51 -387 0
5 -169 -493 -88 -475 0
119 -15 -7 -493 -160 -97 -270 -51 -487 -6 -88 -164 -300 -153 -302 -294 -172 -127 0
13 -6 -88 -493 -51 -300 -302 -164 0
495 -246 -478 -475 0
248 -283 -42 -1 -88 -493 -300 -340 -294 -190 -469 -487 -51 -127 -118 -7 -160 -97 -270 -153 -172 -146 -117 0
-13 -163 -469 -487 -190 249 -146 0
-115 -117 -469 -487 -190 -146 -300 -340 -294 -493 -247 0
-13 -300 -340 -294 -469 -302 -487 -190 249 -146 -15 0
494 -245 -478 -475 0
495 -325 -154 -378 -67 -42 -1 -24 -478 -160 0
301 -279 -400 -286 -127 -439 -7 -349 -361 -220 -283 -67 -378 -1 -88 -409 -42 -483 -243 -160 -493 -154 -6 -153 -294 -300 0
496 -167 -349 -202 -127 -118 -172 -400 -7 -361 -220 -1 -88 -160 -154 -340 -469 -487 -190 -146 -247 -97 -485 -85 -338 -263 0
117 -294 -263 -300 -496 -338 -190 -167 -118 -127 -172 -487 -469 -493 -247 -146 0
-294 -13 -1 -88 -160 -493 -338 -300 -496 -340 -190 -469 -487 -247 -220 -146 -263 -167 -118 -127 -172 0
55 -68 -361 -154 -7 0
301 -55 -1 -40 -493 -246 -146 -88 -117 -93 -247 -300 -469 -487 -190 -13 0
-115 -326 -103 -146 -345 -246 -266 -49 -108 -24 -386 -476 -160 -469 -487 -190 -13 -493 -247 -117 0
477 -55 -1 -40 -6 -246 -186 -493 0
-13 -300 -167 -1 -146 -103 -160 -469 -487 -190 -247 -220 -493 -88 -361 -154 -7 -496 -340 -172 -338 -118 -263 -127 0
339 -281 -286 -441 -284 -177 -56 -88 -493 13 -300 -302 -6 -41 0
55 -361 -7 -154 0
290 -288 -354 -327 -80 -420 -175 -259 -119 -105 -409 -310 -504 -88 -220 -169 -91 -24 0
117 -302 -310 -300 -24 -172 -88 -13 -487 -469 -478 494 -359 -6 -247 -190 -146 0
-475 -338 -88 -493 -300 -190 -469 -487 -7 -160 -172 -146 -13 -247 -361 -154 -1 -302 -6 -478 494 0
299 -169 -24 -88 -310 -91 0
-302 -146 -88 -6 -493 -190 -469 -487 -7 -160 -172 -300 -13 -247 -361 -154 -1 -478 494 -508 0
147 -292 -478 494 -42 -6 -469 -487 -508 -13 0
-146 494 -300 -172 -469 -190 -6 -478 -88 -487 -508 -13 -493 -7 -160 -247 -361 -154 -1 0
494 -478 -190 -487 -469 -13 -6 -300 -172 -88 -508 -493 -7 -160 -247 -361 -154 -1 0
289 -198 -7 -260 -342 -193 -504 -168 -103 -419 -376 -269 -72 -345 -118 -172 -302 -23 0
-478 -469 -7 -172 -300 -508 -13 -487 -154 -190 -88 -6 -1 -160 -493 -247 -361 0
495 -146 -487 -13 -469 -190 -244 -476 0
147 -78 -499 -262 -50 -244 -292 -190 -469 -487 -508 -13 0
49 -358 -1 -55 -152 -285 -262 -497 -499 -345 -338 -167 0
-475 -265 -1 -55 -499 -108 -487 -300 -172 -469 -244 -190 -508 -13 -310 -88 -493 5 0
-469 -6 -508 -13 -499 -190 -487 -300 -88 -1 -493 -160 -172 -7 -154 -247 -361 0
293 -428 -497 -42 -278 -167 -50 -1 -55 -358 -285 -262 -499 -345 0
168 -441 -272 -183 -85 -278 -208 0
385 -482 -377 0
337 -428 -33 -497 -42 0
498 -187 -144 -52 -111 -265 -262 0
145 -245 -361 -400 -1 -349 -55 -508 -487 -13 -292 -499 -172 -190 -502 -7 -160 -340 -300 -475 -493 -88 -6 0
4 -119 -177 -172 -164 -485 -502 -301 -261 -340 -289 -91 -88 -475 -160 -493 -245 0
339 -245 -172 -340 -475 -493 -386 -88 -6 -177 -164 -485 -502 -261 -160 -300 -292 0
-478 -40 -1 -55 -475 -493 -245 0
-245 -475 -493 -6 -1 -55 -172 -340 -88 -502 -160 -300 -292 -508 -13 -146 -361 -400 -349 -487 -499 -190 -7 0
5 -18 -452 -261 -208 -183 -441 -85 -60 -255 -482 -376 -221 -386 -184 -51 -493 -88 -475 0
387 -193 -183 -370 -167 -441 -132 -78 -177 -482 -376 -164 0
-478 -475 -493 -88 -6 -172 -300 -502 -340 -292 -508 -13 -41 -413 -146 -55 -160 -117 -1 -246 -479 0
-51 -78 5 -18 -208 -261 -183 -85 -60 -255 -452 -386 -441 -493 -88 -475 0
-475 -146 -493 -88 -172 -508 -13 -499 -502 -160 -340 -300 -6 -292 -55 -1 -190 -361 -400 -349 -487 -7 0
260 -59 -294 -300 -172 -301 -502 -113 -340 -289 -220 -91 -270 -169 -71 -88 -355 -310 -25 0
387 -285 -502 -349 -343 -154 -7 -123 -262 -499 -208 -166 -194 -300 -172 -301 -340 -289 -220 -91 -169 -88 -355 -310 -292 -337 -508 -359 -146 -116 -190 -246 -42 -482 -13 0
-167 -127 -24 -259 -288 -420 -175 -119 -105 -409 -310 -88 -220 -169 -91 -289 -377 -301 -181 -172 -1 -55 -285 49 -262 -358 -499 -497 -338 -152 0
303 -255 -278 -220 -181 -259 -288 -420 -175 -119 -105 -409 -310 -88 -169 -91 -24 -289 -172 0
480 49 -172 -300 -88 -91 -1 -55 -154 -499 -349 -292 -400 -190 -146 -13 -502 -7 -194 -340 -355 -508 -185 -412 -160 -493 0
246 -210 -441 -255 -311 -24 -146 -160 -493 -318 -412 -410 -190 0
245 -377 -337 -385 -508 -13 -146 -493 -412 -190 0
302 -441 -340 -85 -208 -237 -166 -91 -181 -76 -289 -172 0
-377 -289 -166 -91 -340 -172 -349 -55 -337 -385 -508 -13 -146 -160 -493 -412 -190 -244 0
260 -294 -59 -300 -172 -113 -502 -301 -340 -289 -185 -91 -270 -71 -88 -355 -310 -25 -134 0
495 -77 -172 -301 -289 -91 -340 -436 -130 -279 -166 -194 -59 -300 -113 -502 -185 -71 -88 -355 -25 -134 -337 -508 -146 -190 -41 -244 -412 -160 0
-289 -343 -172 -91 -340 -436 -499 -166 -194 -300 -502 -185 -88 -355 -337 -508 -146 -190 -244 -412 -160 -493 -13 -385 -349 -55 0
246 -115 -493 -412 -190 0
49 -412 -493 -190 -146 -508 -292 -300 -172 -91 -340 -499 -194 -502 -185 -88 -355 -160 -13 -349 -55 -479 -1 -154 -400 -7 0
147 -262 -190 -499 -246 -168 -479 -1 -172 -55 -301 -482 -339 -387 -508 -13 0
303 -142 -187 -391 -490 -114 -24 -345 -259 -288 -420 -175 -105 -409 -310 -88 -220 -169 -91 -289 -172 0
Solved
