475 -17 -199 -109 -13 -277 -257 -130 -182 -430 0
81 -168 -467 -109 0
431 -179 -120 -49 -17 -257 -109 -373 -190 -199 0
479 -313 -151 -130 -120 -259 -78 -457 -337 -331 -238 -373 -190 -383 -199 -430 -49 -257 -109 0
201 -17 -337 -259 -331 -120 -49 -313 -257 -109 -373 -190 -199 -430 0
-17 -150 -151 -340 -120 -313 -180 -337 -331 -238 -430 -373 -190 -199 -259 -49 -257 -109 -18 0
271 -313 -259 -180 -78 0
-313 -373 -383 -120 -259 -337 -331 -91 -109 -199 -430 -78 -13 -130 -151 -340 -238 -190 -49 -257 -478 -457 0
484 -91 -223 -266 -381 -100 -430 -199 -331 -337 -205 -78 -383 -120 -259 -109 -13 -130 -151 -340 -238 -190 -49 -257 -478 -457 0
119 -158 -17 -130 -49 0
16 -158 -320 -205 -457 -39 -48 0
338 -17 -257 -81 -320 -205 -457 -39 -100 -229 -133 -400 -259 -313 -103 0
272 -313 -465 -212 -266 -205 -209 -130 -49 -120 -259 -234 -337 -257 -81 -320 -457 -39 -100 -133 -400 -103 -78 0
80 -167 -468 -109 0
272 -465 -78 -212 -266 -205 -209 -130 -49 -120 -259 -234 -337 -257 -81 -320 -457 -39 -100 -133 -400 -103 0
432 -91 -381 -337 -142 -259 -78 -266 -478 -205 -130 -49 -120 -257 -320 -457 -100 -109 -238 -416 -190 -383 -199 0
285 -295 -38 -262 -205 -223 -157 0
-17 -313 -259 -337 -120 -130 -49 -103 -283 -38 -262 -205 -223 -272 -18 0
17 -213 -457 -242 -484 -27 -13 -130 0
490 -120 -78 -205 -223 -259 -337 -130 -49 -457 -13 -257 -190 -199 -430 -381 -142 -266 -478 -320 -100 -238 -416 -383 -331 -151 -340 0
314 -272 -337 -120 -130 -49 -17 -313 -205 -223 -259 -190 -199 -257 -430 -160 -78 0
-272 -313 -78 -93 -337 -259 -120 -130 -49 -17 -205 -223 -190 -199 -257 -430 -160 0
272 -266 -78 -205 -130 -49 -120 -259 -337 -257 -320 -457 -100 -238 -416 -190 -383 -199 -430 0
-17 -120 -100 -430 -340 -130 -49 -383 -13 -93 -78 -337 -259 -272 -205 -223 -190 -199 -257 -160 0
118 -168 -293 -139 -111 -80 -467 -441 -485 -375 -103 -337 -213 -313 -160 -259 -180 0
-313 -93 -78 -337 -120 -293 -139 -111 -441 -485 -160 -259 -180 -190 -199 -430 -272 0
494 -190 -286 -124 -151 -430 -277 -340 -383 -78 -337 -139 -160 -259 -394 -199 -13 -478 -130 -100 -49 -205 -223 -457 -238 -491 -142 -331 -304 0
-17 -79 -100 -94 -337 -151 -130 -120 -259 -78 -457 -331 -238 -313 -190 -383 -199 -430 -49 -257 -478 -272 -491 -205 -223 -160 -16 0
-257 -272 118 -139 -337 -313 -160 -259 -199 -430 -491 -78 -13 -478 -130 -100 -151 -120 -457 -331 -238 -190 -383 -49 -205 -223 -258 0
431 -103 -307 -22 -331 -337 -313 -91 -78 -13 -272 -130 -340 -238 -259 -120 -49 -17 -262 -283 -205 -223 -456 -280 -190 -466 -199 0
-103 -283 -337 -13 -139 -313 -130 -251 -280 -78 -17 -259 -466 -272 -199 -430 -307 -22 -331 -91 -340 -238 -120 -49 -262 -205 -223 -456 -190 0
200 -361 -190 0
-361 -190 -199 0
79 431 -22 -331 -337 -313 -78 -13 -91 -130 -340 -238 -259 -120 -49 -272 -17 -307 -205 -223 -456 -280 -190 -199 0
201 -272 -13 -78 -337 -313 -120 -139 -160 -259 -190 -199 -430 -457 -17 -91 -491 -95 -80 -22 -331 -130 -340 -238 -49 -307 -205 -223 -456 -280 0
-272 -120 -13 -139 -130 -251 -313 -78 -259 -199 -430 -307 -22 -331 -340 -238 -337 -49 -205 -223 -190 -160 -457 -491 -184 118 -478 -100 -151 -383 -258 0
256 -285 -158 -81 -17 0
-120 -313 -340 -258 -100 -337 -190 -457 -383 -199 -478 -259 -430 -78 -13 -139 -130 -251 -307 -22 -331 -238 -49 -205 -223 -160 -491 -184 -151 -119 0
273 -466 -223 -205 -100 -151 -158 -430 -17 0
18 -39 -205 -223 -229 -311 -133 -5 -400 -142 -478 -46 0
-313 -190 -205 -142 -478 -223 -383 -199 -430 -78 -100 -151 -13 -340 -259 -130 -49 -258 -337 -457 -139 -251 -307 -22 -331 -238 -160 -491 -184 -119 0
432 -189 -13 -100 -130 -230 -17 -109 -272 -199 0
118 -17 -100 -223 -43 -340 -267 -238 -190 -199 -430 -13 -130 -230 -272 -417 -472 -337 -491 -383 -4 -92 0
-17 -272 -478 -223 -205 -100 -151 -430 -340 -49 -119 -43 -267 -238 -190 -199 -13 -130 -230 -417 -472 -337 -491 -383 -4 -92 0
496 -205 -199 -223 -337 -142 -491 -13 -478 -130 -100 -151 -430 -340 -49 -238 -383 -78 -259 -457 -139 -251 -307 -22 -331 -160 -184 -304 -286 -124 -277 -394 0
18 -313 -142 -478 -223 -383 -199 -430 -78 -100 -151 -13 -340 -259 -130 -49 -190 -337 -457 -139 -251 -307 -22 -331 -238 -160 -491 -184 -205 0
-313 -262 -430 -190 -272 -259 -337 -120 -130 -49 -17 -199 -283 -205 -223 -142 -478 -383 -78 -100 -151 -13 -340 -457 -139 -251 -307 -22 -331 -238 -160 -491 -184 0
432 -4 -92 -472 -383 -13 -100 -130 -17 -230 -109 -272 -199 0
79 -120 -223 -17 -130 -49 -205 -494 -139 -496 -190 -199 -430 -383 -13 -100 -272 -78 -259 -337 -142 -478 -151 -340 -457 -251 -307 -22 -331 -238 -160 -491 -184 0
-313 -79 -205 -142 -478 -223 -383 -199 -430 -78 -100 -151 -13 -259 -130 -49 -190 -337 -457 -139 -251 -307 -22 -331 -238 -160 -491 -184 -340 -272 -17 0
431 -120 -340 -139 -92 -496 -491 -190 -199 -79 0
-120 -190 -430 -340 -130 -49 -383 -13 -17 -78 -337 -259 -272 -205 -223 -100 -199 -160 -491 -139 -496 -142 -478 -151 -457 -251 -307 -22 -331 -238 -184 -494 0
120 -272 -17 -478 -223 -205 -100 -151 -430 -340 -49 0
-190 -272 -340 -130 -49 -383 -13 -17 -78 -337 -259 -430 -205 -223 -100 -199 -160 -491 -139 -142 -478 -151 -457 -251 -307 -22 -331 -238 -184 -286 -124 -277 -394 -304 0
432 -79 -78 -383 -272 -199 -491 0
119 -280 -340 0
-79 -313 -337 -160 -259 -272 -78 -120 -340 -491 -361 -199 -430 -383 0
39 -354 -213 -242 -349 -205 -151 0
271 -349 -223 -205 -37 -213 -242 -151 -437 -317 -307 -312 -6 -134 -337 -400 -313 -478 -259 -78 0
273 -178 -160 -104 -259 -283 -213 -223 -205 -100 -151 -466 -430 -17 0
-280 -441 -223 -205 -37 -213 -151 -317 -307 -134 -337 -313 -478 -259 -78 -491 -383 -256 -17 -272 -160 -104 -283 -100 -466 -430 -340 -120 -282 0
431 -313 -205 -340 -304 -17 -130 -49 -223 -151 -307 -337 -37 -478 -259 -78 -491 -383 -272 -160 -100 -430 -361 -199 0
-313 -361 -160 -259 -78 -337 -272 -199 -430 -205 -340 -304 -17 -130 -49 -223 -151 -307 -37 -478 -491 -383 -100 0
432 -4 -472 -383 -13 -100 -130 -17 -230 -92 -272 -199 -78 -491 0
339 -375 -331 -104 0
-272 -17 -100 -130 -340 -13 -49 -337 -331 -199 -430 -383 -78 -491 -160 -259 -205 -304 -223 -151 -307 -478 -139 -142 -457 -251 -22 -238 -184 -286 -124 -277 -394 0
-190 -262 -188 -151 -205 -223 -283 -100 -17 -130 -49 -120 -281 -139 -496 -238 -142 -478 -383 -199 -430 -78 -13 -340 -259 -313 -337 -457 -251 -307 -22 -331 -160 -491 -184 -191 0
260 -105 -337 -212 -313 -160 0
190 -120 -223 -188 -205 -100 -17 -130 -49 -151 -179 -259 -337 -212 -313 -160 -362 0
-119 -282 -468 -81 -323 -160 -340 -259 -167 -179 -120 -100 -337 -313 -457 -383 -199 -478 -430 -78 -13 -139 -130 -251 -307 -22 -331 -238 -49 -205 -223 -491 -184 -151 -190 0
-120 -188 -151 -205 -223 -100 -17 -130 -49 -139 -496 -238 -142 -478 -383 -199 -430 -78 -13 -340 -259 -313 -337 -457 -251 -307 -22 -331 -160 -491 -184 -191 -81 -468 -323 -167 -179 -212 -362 0
-190 -262 -223 -283 -205 -158 -17 -142 -478 -383 -199 -430 -78 -100 -151 -13 -340 -259 -130 -49 -313 -337 -457 -139 -251 -307 -22 -331 -238 -160 -491 -184 -191 0
-17 -205 -223 -337 -259 -160 -142 -478 -383 -199 -430 -78 -100 -151 -13 -340 -130 -49 -457 -139 -251 -307 -22 -331 -238 -491 -184 -304 -286 -124 -277 -394 0
-190 -467 -150 -340 -457 -142 -120 -47 -26 -383 -80 -257 -139 -496 -192 -286 -124 -151 -430 -277 -78 -337 -160 -259 -394 -199 -13 -478 -130 -100 -49 -205 -223 -238 -491 -331 -304 0
-313 -120 -383 -180 -259 -47 -26 -337 -331 -160 -272 -78 -340 -491 -199 -430 -150 -457 -142 -257 -139 -496 -286 -124 -151 -277 -394 -13 -478 -130 -100 -49 -205 -223 -238 -304 0
118 -466 -247 -43 -139 -26 -47 -337 -142 -4 -92 0
431 -190 -340 -457 -142 -120 -47 -26 -383 -150 -257 -139 -496 -286 -124 -151 -430 -277 -78 -337 -160 -259 -394 -199 -13 -478 -130 -100 -49 -205 -223 -238 -491 -331 -304 0
432 -120 -180 -247 -43 -139 -26 -47 -337 -142 -4 -92 -272 -78 -383 -199 -491 0
499 -337 -124 -277 -340 -383 -394 -331 -199 -457 -142 -139 -430 -78 -160 -259 -13 -478 -130 -100 -49 -223 -238 -491 -304 -247 -251 -307 -22 -184 0
-272 -17 -430 -190 -259 -337 -120 -130 -49 -199 -313 -205 -223 -142 -478 -383 -78 -100 -151 -13 -340 -457 -139 -251 -307 -22 -331 -238 -160 -491 -184 0
-17 -466 -190 -205 -142 -478 -383 -199 -430 -78 -100 -151 -13 -340 -259 -130 -49 -313 -337 -457 -139 -251 -307 -22 -331 -238 -160 -491 -184 -223 -120 -304 -124 -277 -394 0
-466 -313 -120 -259 -383 -337 -331 -160 -78 -340 -491 -199 -430 -457 -142 -139 -124 -151 -277 -394 -13 -478 -130 -100 -49 -205 -223 -238 -304 -251 -307 -22 -184 -190 0
-313 -190 -160 -259 -223 -142 -478 -383 -199 -430 -78 -100 -205 -13 -340 -130 -49 -457 -139 -251 -307 -22 -331 -238 -491 -184 -304 -151 -124 -277 -394 -120 -337 0
-17 -43 -142 -4 -223 -337 -457 -205 -331 -199 -430 -383 -13 -100 -130 -472 -230 -92 -272 -78 -491 -259 -160 -478 -340 -49 -139 -251 -307 -22 -238 -184 -304 -151 -124 -277 -394 0
-286 -190 -457 -142 -120 -340 -383 -139 431 -124 -151 -430 -277 -78 -337 -160 -259 -394 -199 -13 -478 -130 -100 -49 -205 -223 -238 -491 -331 -304 -251 -307 -22 -184 0
-190 -120 -205 -457 -142 -223 -340 -383 -139 -124 -151 -430 -277 -78 -337 -160 -259 -394 -199 -13 -478 -130 -100 -49 -238 -491 -331 -304 -251 -307 -22 -184 -247 0
-313 -17 -205 -223 -100 -120 -130 -49 -139 -191 -238 -142 -478 -383 -199 -430 -78 -13 -340 -259 -496 -337 -457 -251 -307 -22 -331 -160 -491 -184 -151 -361 -304 -37 0
-17 -120 -223 -337 -457 -205 -331 -199 -430 -383 -13 -100 -130 -78 -491 -259 -160 -478 -340 -49 -139 -251 -307 -22 -238 -184 -304 -151 -124 -277 -394 -142 -191 -496 -361 -37 0
-313 -47 -457 -26 -199 -430 -272 -259 -180 -78 -337 -160 -361 -120 -340 -491 -383 -496 -331 -150 -142 -257 -139 -124 -151 -277 -394 -13 -478 -130 -100 -49 -205 -223 -238 -304 0
-120 -151 -205 -223 -337 -331 -199 -430 -247 -139 -142 -78 -383 -491 -457 -259 -160 -340 -124 -277 -394 -13 -478 -130 -100 -49 -238 -304 -251 -307 -22 -184 0
-151 -205 -223 -1 -142 -478 -383 -199 -430 -78 -100 -13 -340 -259 -130 -49 -337 -457 -139 -251 -307 -22 -331 -238 -160 -491 -184 -304 -124 -277 -394 -247 0
432 -190 -13 -100 -130 -272 -17 -199 -238 -78 -208 -383 -491 0
-190 -17 -13 -78 -337 -272 -120 -139 -160 -259 -199 -430 -457 -184 -313 -491 -22 -331 -130 -340 -238 -49 -307 -205 -223 -383 -1 -499 -37 -100 -208 0
180 -150 -1 -205 -223 -208 -499 -188 -478 -272 0
119 -91 -460 -130 -13 0
338 -272 -223 -208 -1 -205 -499 -478 -120 -460 -130 -13 -259 -313 0
-272 -313 -394 -307 -457 -499 -460 -205 -13 -37 -130 -78 -337 -120 -139 -160 -259 -199 -430 -184 -100 -491 -22 -331 -340 -238 -49 -223 -383 -1 -208 -478 0
-313 -120 -205 -37 -337 -160 -478 -259 -223 -383 -199 -460 -130 -13 -430 -78 -394 -307 -457 -499 -139 -184 -100 -491 -22 -331 -340 -238 -49 -1 -208 0
-17 -190 -92 -1 -120 -499 -223 -130 -49 -205 -37 -383 -199 -430 -4 -13 -100 -472 -230 -272 -78 -491 0
-190 -272 -208 -238 -340 -491 -120 -199 -92 -430 -460 -247 -139 -337 -142 -4 -43 -78 -383 -13 -478 -130 -1 -499 -223 -49 -205 -37 -100 -472 -230 0
118 -184 -13 -78 -337 -272 -120 -139 -160 -259 -190 -199 -430 -17 -457 -313 -491 201 -80 -22 -331 -130 -340 -238 -49 -307 -205 -223 -478 -100 -151 -383 -179 0
119 -313 -337 -272 -130 -49 -120 -17 -103 -38 -205 -223 -259 -80 -467 -340 0
-184 -22 -337 -17 -130 -49 -120 -272 -205 -223 -259 -199 -190 -430 -160 -78 -340 -100 -119 -383 -478 -13 -139 -457 -307 -151 -331 -238 -491 -313 201 -80 0
-180 -22 -259 -337 -272 -130 -49 -120 -17 -205 -223 -313 -307 -13 -78 -139 -160 -190 -199 -430 -491 201 -80 -457 -331 -340 -238 -91 -280 -478 -178 0
-22 -151 -467 -80 -491 -313 -337 -272 -160 -259 -199 -430 -78 -13 -478 -130 -100 -139 -120 -457 -331 -238 -383 -49 -205 -223 -190 -17 -307 201 -340 0
22 -91 -100 -80 -168 -467 -491 -13 -103 -355 -130 -337 -78 -17 -313 -272 -259 -178 -478 -524 -408 0
-307 -457 -337 -17 -78 -13 -120 -130 -340 -238 -259 431 -49 -190 -331 -205 -223 -272 -199 -491 -160 -430 -478 -100 -139 -383 -313 0
503 -13 -130 0
200 -160 -13 -337 -313 -491 -130 -259 -78 -17 -383 -272 -199 -430 0
-331 -160 -337 -259 -17 -78 -13 -120 -130 -340 -238 -49 -190 -205 -223 -272 -199 -491 -430 -478 -100 -139 -383 -313 0
-160 -190 -120 -49 -17 -139 -199 -491 -78 -272 -259 -313 -337 -13 -130 -340 -238 -205 -223 -430 -478 -100 -383 0
200 -103 -78 -337 -272 -313 -430 -211 0
-190 -139 -313 -223 -337 -120 -340 -272 -130 -49 -17 -205 -259 -238 -430 -199 -78 -491 -13 -478 -100 -383 0
271 -74 -45 -337 -160 -313 260 -37 -205 -223 -139 -340 -361 -130 -49 -17 -272 -478 -259 -78 -491 -383 -100 -430 -199 -120 -13 -91 -188 0
338 -160 -205 -340 -37 -361 -130 -49 -17 -337 -272 -478 -259 -78 -491 -383 -313 -223 -100 -430 -199 -13 -120 -139 0
-160 -37 -313 -337 -205 -340 -259 -361 -130 -49 -17 -272 -478 -78 -491 -383 -223 -100 -430 -199 -13 -120 -139 0
432 -37 -13 -100 -130 -17 -272 -199 -205 -78 -211 -337 -313 -430 -383 -491 0
261 -295 -149 -383 -350 -80 -46 -284 -143 -104 -337 -313 0
273 -80 -467 -340 -337 -44 -120 -313 -259 -149 -383 -350 -143 -104 -159 -17 0
-139 -238 -205 -313 -337 -478 -259 -78 -340 -491 -383 -120 -13 -130 -17 -272 -199 -430 -100 -49 -223 0
361 -518 -107 -185 -297 -454 -283 -318 -104 0
-160 -304 -340 -130 -49 -223 -17 -337 -272 -478 -259 -78 -491 -383 -313 -205 -100 -430 -199 -55 -280 -292 -13 -91 -178 -520 0
200 -211 -13 -100 -130 -17 -272 -205 -78 -199 -337 -313 -430 -383 -491 0
-190 -515 -55 -340 -44 -313 -149 -337 -39 -104 -192 -199 0
139 -383 -259 -78 -313 -272 -340 -337 -120 -17 -199 -223 -205 -430 -13 -100 -130 -491 -49 -478 0
504 -13 -130 0
-478 -120 -78 -313 -272 -340 -259 -17 -199 -223 -205 -430 -13 -100 -130 -491 -383 0
201 -28 -199 -349 -223 -148 -310 -340 -280 -523 -109 -430 0
200 -259 -100 -130 -17 -272 -205 -78 -199 -313 -430 -383 -491 -13 0
-120 -259 -199 -223 -340 -430 -491 -383 -313 -78 -13 -272 -130 -17 -100 -205 0
-259 -340 -223 -100 -430 -17 -13 -272 -205 -313 -78 -130 -199 -491 -383 0
200 -100 -13 -313 -130 -78 -17 -383 -272 -199 -430 -491 -205 0
-190 -140 -294 -494 -277 -181 -518 -185 -297 -454 -283 -318 -104 -192 -199 0
207 -325 -177 -254 -230 -375 -97 -149 -391 -349 -223 -37 0
Solved
