288 -8 -151 -279 -208 -259 -37 -283 -415 -205 -352 -397 -31 0
173 -410 -472 -306 0
94 -454 -5 -383 -415 -1 -89 0
233 -36 -426 0
96 -426 -191 -439 -423 -313 -64 0
441 -364 -325 0
493 -400 -423 -439 -292 -172 -472 -196 -136 -270 0
494 -370 -1 0
174 -411 -472 -305 0
315 -423 -472 -458 -172 -427 -233 -89 -65 -191 -499 -196 -340 -136 -269 -494 0
495 -370 -1 0
-305 -191 -423 -313 -64 -439 -90 -499 -340 -268 -136 -196 -166 -472 174 -306 0
330 -244 -175 0
382 -399 -205 -260 -330 -234 -414 -20 0
-399 -330 -205 -20 -383 -260 -234 -414 0
-191 -423 -414 -205 -64 -439 -90 -499 -340 493 -292 -172 -472 -196 -136 -166 174 -306 0
198 174 -472 -136 0
-383 -414 -1 493 -439 -292 -172 -472 -196 -136 -205 -499 -340 -166 174 -306 -176 -330 -234 -382 0
-414 -234 -330 -456 -427 -439 -176 -205 -1 493 -292 -172 -472 -196 -136 -499 -340 -166 174 -306 -382 0
-423 -234 -331 -261 -458 493 -439 -292 -172 -472 -196 -136 -305 -499 -340 -166 174 -306 0
-234 -330 -331 493 -439 -292 -172 -472 -196 -136 -305 -499 -340 -166 174 -306 -205 -427 -1 0
234 -99 -179 -427 -279 -191 -498 -401 -77 -1 -89 -95 -313 -439 0
-423 -414 -234 -439 -1 -205 -499 -340 493 -292 -172 -472 -196 -136 -166 174 -306 0
88 -414 -234 -115 -34 -248 -7 -99 -179 -427 -279 -471 -313 -95 0
-414 174 -1 -427 -205 -499 -340 493 -292 -172 -472 -196 -136 -166 -439 -306 0
232 -325 -166 -439 -457 -313 -287 -394 -191 -6 -117 -263 -306 -20 -384 -205 -260 0
188 -247 -331 0
-247 -187 -331 0
233 -424 -34 0
-423 -384 -89 -64 -439 -191 -205 -166 -287 -394 -6 -117 -263 -306 -234 -331 -498 493 -292 -172 -472 -196 -136 -270 0
425 -160 -205 -295 -384 -20 -344 -248 -73 -34 0
232 -344 -384 -205 -498 -401 -73 -425 0
174 -306 -205 -166 -394 -439 -331 493 -292 -172 -472 -196 -136 -1 -427 -499 -340 0
233 -34 -78 -313 -402 -439 -96 0
425 -259 -21 -382 -205 -69 -455 -387 -497 -331 -402 -30 0
383 -115 -331 -96 -81 -90 -313 -1 -264 -412 -21 0
-34 -234 -439 -96 -253 -240 -455 -497 -278 -205 -382 -331 -81 -90 -1 -264 -21 -192 -69 -387 -402 -30 -313 -78 0
-234 -96 -78 -313 -402 -439 -331 -253 -240 -455 -497 -278 -205 -382 -81 -90 -1 -264 -21 -192 -69 -387 -30 0
35 -21 -264 -326 -111 -365 -78 -64 -402 -30 -426 0
-306 -439 -331 -253 -205 -1 -499 -340 -136 -196 -166 -472 -292 -172 -394 493 -427 0
426 -247 -64 -34 -28 0
-247 -34 -64 -439 -96 -233 -78 -402 -331 0
94 -399 -313 -288 -166 -439 -385 -462 -394 -74 -264 -21 -384 -412 -1 -90 0
36 -233 -269 -172 -427 -472 -499 -196 -340 -136 -494 -457 -313 -90 -64 -96 -288 -166 -439 -385 -462 -394 -264 -21 -384 -1 -205 -497 -402 0
95 -233 -269 -172 -427 -472 -191 -499 -196 -340 -136 -494 -313 -64 0
413 -115 -384 -21 0
-34 -264 -313 -21 -439 -384 -1 -90 -96 -269 -172 -427 -472 -499 -196 -340 -136 -494 -64 -192 -288 -166 -462 -394 -205 -497 -402 -78 -331 0
511 -427 -1 -172 -331 -472 -499 -196 -340 -166 -205 -253 0
425 -64 -247 -34 -28 0
-64 -247 -339 -455 -166 -95 -331 -205 -234 -34 0
383 -259 -376 -279 -270 -205 -21 0
268 -376 -1 -494 -137 0
232 -382 -413 -376 -279 -270 -205 -21 0
412 -464 -293 -28 -399 -366 -311 -166 -330 -327 -79 -395 -295 -117 -5 0
-325 -60 -1 -319 -494 -200 -160 -133 -176 -298 -32 -322 -464 -77 441 0
383 -319 -1 -494 -200 -160 -322 441 -28 -166 -400 -192 -79 -395 -117 -413 -293 -399 -295 -202 -262 -226 -112 -472 -73 -15 -172 -343 -411 -205 -376 -279 -270 -21 0
-247 -34 -494 441 -166 -395 -293 -472 -15 -172 -205 -279 -21 -455 -1 -137 -95 -339 -331 0
233 -296 -395 -187 -75 -412 -34 0
3 -494 -371 0
4 -400 -187 -395 -296 0
138 -269 -377 0
-269 -377 -137 0
-412 -187 -413 -382 -279 -270 -205 -21 -234 -196 -395 -137 -34 -411 -327 -455 -95 -457 -343 0
-306 173 -137 -472 -196 0
-34 -455 -166 -377 -137 -472 -196 -413 -279 -205 -21 -395 -95 -172 -110 -494 441 -293 -15 -1 -339 -331 0
414 -190 -470 -180 -209 -377 -65 -137 -15 -95 -228 -472 -196 -260 -75 -172 -411 -205 -455 -382 -116 0
314 -439 -472 -172 -205 -166 -331 -21 -1 -427 -511 -196 0
94 -457 -205 -456 -411 -166 -238 -462 -331 -499 -365 -310 -296 -340 -326 -269 0
382 -497 -400 -233 -192 -97 -499 -340 -269 -377 -96 -205 -456 -411 -166 -238 -331 -365 -326 -111 -264 -305 -21 0
-247 -64 -30 -248 -331 0
-136 -383 -111 -331 -365 -326 -96 -456 -166 -472 -205 -21 -233 -499 -340 -179 -294 -172 -196 -138 0
94 -345 -166 -21 -456 -247 -331 -459 -326 0
-64 -426 -36 -247 -331 -65 0
327 -191 -1 -319 -59 -160 -322 -400 -495 -396 -116 -73 -345 -465 -21 -365 -295 0
175 -329 -245 0
19 -78 -398 -294 -415 -177 -245 -221 -215 -191 -116 -465 -310 -345 -263 0
29 -415 -152 -209 -1 -495 -465 -353 -294 -221 -398 -215 -70 -160 -116 -59 -345 -21 -263 -365 -326 -319 -322 -400 -396 -295 -247 -36 -426 -166 0
384 -247 -365 -326 -21 -496 -166 -1 -495 -294 -215 -396 -179 -331 -233 -14 -278 -456 -268 -137 -96 -472 -172 -196 -205 0
-247 -137 -1 -21 -383 -365 -326 -496 -166 -495 -294 -215 -396 -179 -331 -233 -14 -278 -456 -268 -96 -472 -172 -196 -205 0
-384 -115 -414 -21 -383 0
384 -30 -166 -34 -233 -456 -261 -457 -304 -205 0
35 -244 -471 -423 -417 -330 -253 -398 -205 -261 -233 -215 -424 -190 0
28 -330 -396 -398 -496 -205 -261 -233 -34 -471 -423 -417 -253 -215 -190 0
244 -330 -177 0
-424 -423 -471 -34 -417 -330 -253 -398 -205 -261 -233 -215 -244 -190 -425 0
20 -496 -338 -205 -253 -471 -34 -233 -215 -385 -187 -166 -396 -365 -326 -457 -456 -21 -383 -304 -278 -64 -1 -268 -137 0
-383 -471 -278 -166 -233 -456 -205 -196 -326 -96 -472 -21 -338 -253 -215 -396 -365 -1 -111 -495 -294 -179 -331 -14 -172 -499 -340 -138 0
197 -409 -305 -138 0
116 -111 -331 -262 -472 -166 -196 -305 -138 -456 0
-439 -313 -331 -472 -166 -196 -21 -205 -253 -172 -499 -340 -427 -1 0
454 -94 -268 -196 -166 -261 -233 -456 -34 384 -30 -205 -459 -411 0
117 -222 -364 -325 -313 -456 -268 -196 -166 -261 -233 -34 -205 -414 -253 -247 -248 -331 -382 -73 -343 0
116 -382 -459 -456 -343 0
19 -34 -364 -325 -313 -456 -196 -166 -261 -233 -414 -205 -247 -248 -331 -191 -253 -73 -115 0
-34 -247 -456 -261 -205 -325 -414 -21 -115 -364 -196 -166 -233 -313 -331 -253 -426 -36 0
-247 -115 -472 -166 -196 -456 -21 -414 -331 -426 -261 -205 -325 -364 -233 -313 -253 -36 0
-384 -400 -187 -456 -115 -73 -205 -21 -414 0
30 -175 -421 -166 -64 0
-343 -64 -166 -28 -191 -330 -115 -459 -456 -382 -345 0
66 -361 -340 -499 -269 -421 -95 0
-115 -456 -340 -499 -21 -166 -261 -205 -414 -426 -36 -472 -196 -331 -325 -364 -233 -313 -253 0
-247 -331 -426 -34 -64 -249 -233 0
29 -64 -34 -233 -426 -329 -166 -192 0
387 -68 -308 -292 -221 -192 -439 -314 -279 -243 -149 -291 -64 -338 -76 -38 0
136 -2 -314 -96 -270 0
94 -439 -264 -465 -109 -326 -314 0
-331 -34 -398 -329 -280 -64 -96 -264 -465 -326 -314 -192 -410 -166 -308 -243 -149 -291 -136 -205 -59 -233 -228 -417 -426 -188 -249 0
315 -157 -338 -38 -105 -201 -291 -243 -513 -493 -469 -439 0
327 -474 -173 -292 -264 -288 -33 -465 -439 0
366 -33 -308 -301 -465 -239 -324 -292 -76 0
191 -176 -137 -513 -204 -292 -465 -76 -301 -239 -324 -326 -173 -439 -205 382 -414 -234 -260 -20 268 -244 -410 -423 -198 0
190 -432 -76 -239 -465 -439 -204 -314 -114 -15 -149 -292 -291 -105 -338 -38 -386 -308 -192 -221 -243 -64 -279 -423 -198 0
-269 -198 -166 -410 -137 -513 -204 -292 -465 -76 -301 -239 -324 -326 -173 -439 -205 382 -414 -234 -260 -20 -244 -423 -192 -314 -114 -15 -149 -105 -338 -38 -386 -221 -243 -64 -279 -280 0
-34 -64 -326 -314 -96 -166 -410 -324 -205 382 -414 -20 -192 -149 -243 -465 -280 -59 -228 -233 -426 -249 -188 -398 -329 -417 0
137 -378 -270 0
-439 -366 -326 -288 -292 -264 -173 -474 -465 -33 -441 0
-64 -326 -465 -324 -166 -410 -398 -329 -188 -228 -426 -249 -233 -192 -314 -96 -205 382 -414 -20 -149 -243 -280 -59 -417 0
30 -81 -188 -166 0
117 -249 -166 -233 -324 -410 -398 -329 -314 -96 -205 382 -20 -149 -59 -417 -74 0
248 -136 -197 -166 -410 -79 -270 -187 -64 0
-136 -187 -297 -79 -166 -410 -304 -197 -270 -64 -96 -264 -465 -439 -326 -314 -249 0
136 -439 -64 -264 -465 -249 -326 -314 -96 -270 0
-36 -498 -96 -270 -203 -513 -188 -439 -64 -247 -65 -233 -35 0
-247 -439 -79 -166 -410 -304 -270 -64 -96 -264 -465 -297 -326 -314 -249 -190 -233 -203 0
424 -4 -412 -233 -74 0
195 -370 -493 -321 -389 -139 0
299 -164 -99 -389 -452 -321 -347 -139 -56 -59 -324 -162 0
413 -220 -498 -205 -402 -259 -394 -307 -4 0
189 -9 -417 -152 -485 -353 -32 -493 -389 -398 -83 -329 -124 -4 -412 -498 -205 -402 -259 -513 -216 -439 -326 -365 -302 -99 -452 -321 -56 -59 -324 -135 -385 -114 -166 -203 -79 0
-326 -439 -297 -79 -417 -32 -389 -398 -329 -4 -412 -205 -166 -365 -56 -59 -324 -203 -233 -74 -304 -270 -64 -190 -96 -410 -264 -465 -314 -249 0
-439 -32 -96 -297 -79 -417 -314 -389 -398 -329 -4 -412 -205 -166 -365 -56 -59 -324 -203 -233 -74 -304 -270 -64 -190 -410 -264 -465 -249 0
-465 -64 -96 -314 -412 -233 -297 -79 -417 -398 -329 -4 -205 -166 -56 -59 -324 -74 -304 -270 -190 -410 -264 -249 -463 0
-34 -247 -166 -410 -79 -270 -64 -136 -249 -233 -190 0
-247 -498 -329 -170 -398 -59 -33 -326 -74 -513 -366 -4 -439 -64 -65 -412 -233 -166 -410 -79 -270 -136 -249 -190 0
167 -461 -297 -187 -385 -79 0
307 -452 -347 -56 -99 -321 -139 -59 -324 -162 -298 -9 -302 -33 0
364 -307 -329 -33 -398 -4 -412 -259 -205 -402 -498 -513 -216 -439 -326 0
95 -137 -417 -398 -329 -412 -4 -297 -439 -366 -205 -326 -56 -59 -324 -233 -74 -190 -410 -79 -166 -170 -64 -270 -249 -304 -33 0
-247 -137 -170 -398 -59 -33 -326 -74 -366 -4 -439 -64 -412 -233 -166 -410 -79 -270 -249 -190 -329 -377 0
-513 364 -59 -324 -33 -329 -398 -4 -412 -56 -205 -439 -326 -233 -74 -34 -190 -187 -410 -385 -79 -320 -166 -488 -297 -377 -304 -137 -512 0
-137 -326 -96 -270 -59 -324 -33 -329 -398 -4 -412 -56 -205 -439 -314 -233 -74 -190 -410 -79 -166 -297 -304 -170 -366 -64 -249 -390 -417 0
137 -64 -96 -270 0
-439 -33 -96 -270 -59 -324 -314 -329 -398 -4 -412 -56 -205 -233 -74 -190 -410 -79 -166 -297 -304 -170 -366 -64 -249 -390 -417 0
-64 -249 -4 -314 -96 -270 -412 -233 -59 -324 -329 -398 -56 -205 -74 -190 -410 -79 -166 -297 -304 -170 -417 -264 -463 0
426 -35 -233 0
36 -99 -152 -340 -498 -160 -436 -279 -417 -398 -430 -149 -329 -103 -176 -410 -69 -421 -198 -233 -190 0
-137 -439 -329 -176 -463 -308 -78 -294 -398 -233 -35 -152 -340 -498 -160 -417 -149 -103 -410 -69 -421 -190 -487 -282 -136 -269 0
97 -453 -320 -267 -139 -390 -252 -165 0
-453 -348 -390 -267 -8 -98 -320 -139 -252 -165 0
Solved
