69 -241 -273 -312 -43 0
311 -273 -41 -46 0
330 -41 -223 -1 -73 -43 -103 -46 0
45 -28 -331 -49 -1 0
-28 -49 -331 -1 -43 0
273 -330 -243 -103 -223 -278 -73 -41 0
44 -103 -46 -223 -73 -1 -43 -205 0
-41 -311 -279 -273 -42 -223 -1 -73 -43 -103 -46 0
-311 -273 -46 -279 -42 -223 -1 -73 -43 -103 0
352 -43 -223 -1 -46 -331 0
328 -248 -311 0
-248 -329 -311 0
272 -311 -4 -79 -352 -331 -1 -43 0
3 -334 -189 -160 -109 -331 -43 0
312 -272 -1 -160 -331 -220 -43 -46 0
-311 -352 -4 -79 -331 -1 -43 -160 -220 -46 0
2 -334 -188 -160 -109 -331 -43 0
-273 -43 -1 -160 -331 -220 311 -46 0
364 -79 -223 -1 -331 -4 -46 -160 0
45 -311 -226 -91 -223 -364 -272 -1 0
271 3 -160 -331 -43 -1 -277 -46 -311 0
-311 -43 -331 -160 -1 -46 -226 -91 -223 -4 -79 0
2 -43 -331 -160 -1 311 -46 0
-43 -211 -160 -1 -331 -46 -226 -91 -223 -4 -79 0
330 -245 -29 -49 -207 -116 -211 -184 -364 -226 -67 -243 -341 -311 0
111 -189 -364 -67 -211 -226 -160 0
30 -195 -181 -226 -364 -67 -91 -104 -354 -49 0
69 -335 -211 -98 -364 -245 -226 0
68 -104 -91 -364 -243 -226 0
272 -14 -211 -364 -259 -226 -67 -91 -243 -258 -223 -110 -160 -311 -29 -49 -207 -184 -341 -4 -79 0
3 -311 -226 -67 -259 -271 -211 -364 -91 -223 -160 -49 -184 -4 -79 -331 0
329 -86 -206 -49 -30 -184 -4 -338 -244 -79 -342 -247 0
310 -257 -271 -311 -206 -49 -30 -184 -4 -79 -342 -211 -364 -226 -67 -242 0
-311 -79 -4 -223 -271 -49 -184 -211 -364 -226 -67 -331 -1 -259 -91 -160 0
68 -257 -117 -321 -75 -63 -111 -259 -160 -246 -188 -318 -211 -364 -15 -226 -91 -243 0
2 -103 -91 -364 -321 -226 -67 -117 -75 -63 -111 -259 -160 -246 -188 -318 -211 -243 -331 0
-243 -321 -223 -75 -111 -331 -1 -91 -364 -226 -67 -117 -63 -259 -160 -246 -188 -318 -211 -242 0
367 -160 -226 -331 -1 -223 -91 -4 -46 0
312 3 -331 -1 -160 -46 -311 -248 0
3 -248 -67 -226 -243 -311 -331 -1 -160 -46 0
-248 -67 -243 -1 -311 -226 -331 -160 -46 -91 -223 -364 0
227 -257 -103 -320 -91 -74 -364 -111 0
2 -320 -91 -364 -243 -226 -223 -67 -329 -311 -331 0
271 -329 -311 0
-312 -67 -364 -211 -226 -160 -320 -91 -258 -245 -367 -341 -329 -243 -311 0
-67 -211 -367 -364 -226 -91 -243 -223 -160 -311 -331 -1 -46 0
67 -49 -331 -1 -46 -311 -364 -160 -243 -223 0
319 -298 -208 -258 0
310 -74 -49 -110 -14 -320 -258 -245 -317 -259 -160 -364 -226 -130 -67 -329 -243 0
228 -258 -91 -364 -243 -226 -320 -67 0
-257 -75 -320 -91 -364 227 -49 -223 -258 0
74 -216 -271 -329 0
321 -14 -104 -87 -49 -110 -271 -329 0
-74 -351 -4 -314 -284 -14 -336 -344 -183 -155 -120 -329 -188 -245 -95 -311 319 -258 -49 -110 -320 -160 -364 -226 -130 -67 -243 -318 -45 0
-49 -311 -4 -160 -364 -226 -243 -91 -331 -1 -223 -46 0
273 -329 -311 0
-329 -271 -91 -364 -226 -223 -311 -331 -1 -43 -243 0
-271 -28 -226 -331 -109 -160 -43 -364 -1 -91 -223 -311 -247 -243 -46 0
-311 -243 -331 -160 -364 -1 -91 -223 -226 -46 -4 0
319 -271 -4 -67 -331 -226 -1 311 -46 -364 -91 -103 -223 -160 0
-271 -243 -364 -91 -226 -4 -331 -1 -46 -223 -160 0
-243 -364 -331 -1 -46 -160 -91 -226 -4 -223 0
68 -320 -30 -257 -206 -62 -226 -183 0
-329 -271 -160 -331 -226 -364 -223 -1 -46 -69 2 -328 -311 0
336 -186 -367 -76 -212 -131 -187 -160 0
319 -246 -208 -97 -257 0
-311 -105 -367 -160 -364 -226 -69 -91 -223 -1 -331 -46 2 -312 0
320 -15 -105 -86 -49 -111 -214 -75 0
-364 -4 -331 -226 -1 -46 -91 -223 -160 0
68 -242 -223 -257 -74 -311 -329 -226 -62 -206 -30 0
321 -111 -226 -74 0
-329 -271 -160 -331 -352 -226 -223 -311 -1 -43 0
319 -63 -260 3 -160 -43 -331 -334 -50 -352 -75 0
-271 -311 -160 -43 -331 -226 -1 -46 -247 -223 0
-311 -160 -1 -331 -220 -43 -46 -226 -247 -223 0
370 -331 -226 -1 -46 -223 -91 0
-329 -319 -91 -223 -226 -331 -311 -160 -1 -46 0
321 -43 -1 -160 -46 -311 -248 -226 -91 -223 -331 0
-43 -75 -160 -331 -226 -1 -46 -223 -311 -319 -91 0
-75 -319 -331 -1 -311 -226 -160 -46 -91 -223 0
-319 -160 -91 -223 -311 -1 -226 -331 -46 0
271 -247 -311 0
74 -160 -311 -226 -331 -1 -46 -91 -223 0
-160 -311 -223 -226 -1 -331 -46 -91 0
-329 -43 -109 -226 -311 -331 -1 -223 -271 0
-43 -271 -226 -109 -331 -1 -311 -223 0
321 -329 -271 -49 -67 -331 -91 -320 -364 -223 -226 -74 0
-329 -271 -311 -226 -1 -331 -109 -223 -91 0
73 -49 -75 -331 -241 -109 -67 -226 -321 0
-271 -109 -331 -226 -1 -311 -223 -91 0
Solved
