400 -330 -355 -397 -34 -259 -169 -166 -37 -55 0
56 -113 -139 -379 -370 -110 -397 -355 -235 0
409 -235 -166 -34 -355 -271 -55 -139 -379 -370 -397 -37 -1 -185 0
275 -154 -370 0
276 -154 -370 0
57 -329 -232 -142 -343 -139 -379 -34 -397 -355 0
-329 -37 -166 -232 -343 -139 -379 -34 -397 -355 -55 -142 0
356 -232 -343 -139 -379 -397 -260 -55 -34 0
421 -355 -379 -397 -55 -139 -343 -34 -166 -370 0
357 -166 -244 -145 -16 -127 -94 -343 -139 -379 -397 -421 -55 -34 0
433 -127 -139 -379 -397 -55 -34 -145 -16 -343 -94 -370 0
259 -236 -50 -414 -370 -1 -276 -234 -198 -387 -207 0
261 -301 -181 0
-301 -259 -181 0
56 -334 -433 -34 -181 -370 -1 -145 -16 -127 -94 -343 -139 -379 -397 0
-259 -261 -206 -41 -273 -14 -9 -21 -334 -365 -150 -245 -433 -34 -357 -179 -181 0
259 -237 -51 -413 -370 -1 -275 -233 -197 -386 -206 0
436 -16 -370 -1 -145 -34 -94 -343 -139 -379 -397 -55 0
398 -330 -1 -139 -370 -436 -379 -375 -55 0
399 -386 -206 -1 -343 -139 -436 -379 -55 0
260 -436 -1 -139 -370 -379 -55 -397 -343 -34 0
57 -260 -370 -94 -343 -139 -1 -379 -436 -397 0
-436 -34 -370 -139 -379 -397 -343 -1 -55 -94 0
235 -186 -206 -167 -163 -1 -361 -413 -30 0
385 -138 -273 -41 -250 -382 -370 -328 -1 -113 -61 -237 -206 -167 -163 -361 -413 -317 -233 -197 0
140 -382 -370 -1 -61 -163 -361 -34 -181 -55 -397 -343 -127 -379 -94 0
385 -161 -137 -272 -42 -250 -382 -370 -328 -1 -114 -30 -318 -234 -198 0
-235 -168 -422 -139 -379 -370 56 -397 -355 -276 -318 -234 -198 -387 -42 -250 -382 -328 -1 -61 0
154 -37 -422 -318 0
442 -163 -361 -370 -1 -379 -55 -94 -145 0
260 -128 -277 -145 -62 -114 -357 -328 -273 -373 -149 -138 -200 -11 -92 -205 -166 0
10 -365 -245 -287 -149 0
109 -11 -142 -261 -145 -62 -114 -357 -273 -138 -92 -399 -442 -379 -94 -345 -139 -370 -274 -51 0
259 -399 -402 -273 -442 -302 -207 -35 0
57 -261 -163 -402 -442 -198 -120 -1 -142 -145 -379 -94 -345 -139 -370 -274 -361 -28 -235 0
2 -127 -198 -54 -410 -379 -258 -139 -174 -6 -370 -274 -167 -50 -111 0
380 -39 -63 -58 -334 -6 -137 -272 -127 -370 -206 -274 -94 -345 -139 0
168 -58 -63 -304 -174 -198 -370 -127 -274 -94 -139 -379 -334 -6 -137 -272 -206 -345 0
141 -58 -137 -63 -272 -17 -206 -127 -179 -94 0
357 -206 -370 -274 -94 -139 -137 -63 -272 -198 -145 -151 -93 -167 -174 -379 -6 -345 -1 -54 -410 -50 -111 -437 -182 -302 -113 -35 0
260 -373 -370 -139 -442 -274 -356 -94 -137 -63 -272 -198 -145 -151 -93 -174 -379 -6 -345 -1 -54 -50 -111 -437 -113 0
207 -124 -43 -137 -272 -179 0
140 -205 -12 -137 -272 -111 -1 -113 -313 -356 -301 -142 -373 -34 -370 -442 -379 -274 0
397 -113 -1 -111 -356 -50 -370 -442 -274 -139 -12 -137 -272 -142 -379 -261 -94 -63 -198 -145 -93 -174 -6 -345 -54 -437 0
387 -235 -274 -94 -139 -1 -379 -142 -145 -361 -28 -370 -55 -163 0
207 -137 -28 -235 -51 -55 -1 -35 -272 -260 0
205 -272 -401 154 -128 -361 -1 -28 -235 -51 -55 -145 -142 -260 -180 0
-137 -438 -55 -272 -128 -197 -186 -205 -28 -235 -51 -1 -35 -260 0
207 -62 -142 -145 -114 -11 -357 -273 -138 109 -399 -442 -379 -94 -92 -139 -370 -274 -51 0
261 -357 -182 -35 0
3 -111 -35 -260 -316 -128 -197 -180 -205 -142 -145 -442 -379 -94 -139 -370 -274 -51 -361 -328 -28 -398 -235 -55 -272 -1 0
-111 -272 -46 -197 -361 -128 -28 -213 -235 -55 -51 -1 -35 -260 -316 -180 -205 -142 -145 -442 -379 -94 -139 -370 -274 -328 -398 0
-272 -213 -197 -128 -361 -55 -28 -235 -1 -51 -35 -260 -180 -142 -145 -442 -379 -94 -139 -370 -274 -398 -401 154 0
141 -260 -145 -361 -28 -235 -55 -197 -1 -142 -442 -379 -94 -139 -370 -274 -401 0
57 -137 -272 0
-137 -185 -1 -203 -411 -72 -40 -11 -361 -28 -399 -355 -235 -55 -272 0
-35 -272 -150 -5 -316 -129 -28 -235 -55 -1 -203 -72 -361 -399 -40 -205 -260 -36 0
-137 -272 -203 -40 -361 -28 -235 -55 -1 -205 -260 140 -34 -356 -142 -370 -442 -379 -274 0
-272 -235 -28 -1 -55 -203 -40 -361 -205 -260 140 -142 -370 -442 -379 -274 -5 -129 0
-235 -28 -361 -55 -1 -142 -370 -379 -274 -94 -139 -145 -385 -163 0
355 -113 -139 -1 -442 -412 -35 0
128 -21 -82 -421 -142 -168 -40 -304 -383 -8 -316 -18 0
140 -168 -435 -93 -145 -18 -82 -421 -142 -304 -8 -398 -148 -370 -344 -379 -274 -94 0
29 -35 -1 -412 -139 -145 -142 -398 -370 -379 -274 -94 -61 -272 -137 -385 -205 -260 -109 -356 -442 -361 0
141 -197 -185 -109 -1 -412 -179 0
136 -129 -145 -163 -151 -92 -80 -201 -367 -58 -61 -45 -11 0
357 -219 -142 -61 -272 -137 -145 -163 -92 -11 -114 -1 -398 -370 -442 -412 -379 -274 -94 -139 -109 -385 -205 -260 -35 0
-35 -205 -272 -137 -145 -142 -370 -274 -94 -139 -437 -109 -442 -260 -1 -412 -356 -61 -163 -398 -379 -385 -361 -28 0
10 -364 -244 -288 -150 0
112 -10 -137 -145 -163 -151 -129 -80 -201 -367 -92 -61 -205 -260 -302 -356 0
-205 -260 -137 -361 -356 -28 -145 -163 -61 -272 -142 -109 -1 -370 -412 -379 -274 -94 -398 -139 -442 -437 -385 0
-260 -437 -142 -109 -1 -145 -356 -412 -94 -139 -370 -442 -274 -385 -137 -361 -28 -163 -61 -272 -379 -398 0
355 -437 -1 -259 -139 -442 -412 -35 0
2 -45 -52 -137 -272 -410 -206 -379 -198 -139 -412 -120 -109 0
-137 -272 -379 -274 -94 -139 -1 -370 -385 -142 -145 -361 -28 -163 -55 0
-182 -302 -260 -357 -35 0
-302 -260 -373 -35 -328 -205 -186 -316 -128 -438 -357 0
-260 -421 -82 -167 -44 -35 -357 -328 -373 -205 -186 -316 -128 -438 0
127 -434 -167 -28 -361 -219 -246 -151 -186 -145 -198 -17 0
277 -366 -246 0
356 -167 -82 154 -142 -20 -278 -246 -40 -384 -128 -28 -361 -151 -186 -145 -198 -61 -59 -114 0
3 -357 -82 -142 -28 -361 -145 -61 -59 -11 -385 -205 -44 -438 -399 -370 -442 -379 -274 -94 -139 -412 -109 0
4 -365 -279 -21 -262 -334 -212 -150 0
-272 -28 -361 -385 -370 -379 -274 -94 -139 -1 -142 -145 -55 -163 0
207 -260 -274 -357 -399 -139 -1 -442 -412 -35 -28 -361 -370 -10 0
-260 -35 -412 -52 -139 -160 -379 -274 -43 -357 -385 -1 -206 -399 -442 -28 -361 -370 -10 0
207 -18 -145 -163 -368 -399 -370 -442 -379 -274 -94 -139 235 -206 -1 -361 -167 -10 0
45 -167 -1 -145 -94 -370 -139 -274 -345 -206 -163 -399 -442 -379 235 -361 -10 -58 -160 0
-35 -206 -10 -361 -442 -28 -139 -1 -357 -43 -145 -94 -370 -274 -163 -399 -379 235 -58 -160 -385 0
232 -385 -1 -233 -379 -94 -361 -145 -163 -370 -55 0
140 -344 -379 -276 0
205 -44 -144 -5 -401 -379 -138 -35 -344 -273 -181 -260 0
356 -206 -442 -35 -260 -328 -144 -5 -401 -379 -344 -357 -55 0
-28 -149 -5 -246 -213 -277 -206 -163 -1 -361 -30 -109 -112 -35 -272 207 -55 -51 -137 -260 0
-206 -357 -5 -213 -163 -1 -361 -30 -35 -55 -51 -260 -379 -328 -145 -401 -344 -178 -144 -442 -421 -384 0
36 -11 -81 -361 -163 -51 -55 -328 -152 -401 -144 -442 -421 -260 0
110 -225 -119 -1 0
-167 -44 -197 -316 -421 -82 -260 -357 -328 -35 -205 -373 -438 -185 -46 -213 -168 0
-357 -35 -30 -384 -316 -5 -213 -197 -421 -260 -328 -361 -46 -55 -81 -163 -51 -401 -144 -442 -145 -178 -1 -379 -344 0
206 -373 -398 -328 -401 -144 -304 -137 -361 -30 -114 -236 -1 -109 -119 -145 -178 0
2 -49 -274 -140 -213 -55 -235 -28 -186 -112 0
109 -112 -12 -55 -361 -28 -137 -1 -274 -140 -213 -186 0
141 -278 -306 -245 -148 -234 -379 -274 0
355 -137 -385 -145 -180 -140 -306 -379 -274 -12 -361 -28 -1 -111 -55 -151 -213 -186 -435 0
-137 -39 -84 -329 -301 -55 -357 -385 -145 -180 -140 -306 -379 -274 -12 -361 -28 -1 -111 -151 -213 -186 -435 0
29 -114 -329 -51 -301 -111 -357 -237 -274 0
356 -114 -145 -423 -151 -39 -329 -250 -59 -301 -306 0
-114 10 -379 -140 -313 -180 -423 -39 -134 -435 -44 -357 -145 -151 -329 -250 -59 -301 -306 -175 -200 -93 -361 -28 -51 -111 -237 -274 0
168 -313 -1 -379 -140 -28 -180 -423 -357 -145 -151 -329 -301 -306 -175 -200 -361 -274 -273 -55 -12 -385 -186 0
-370 -139 207 -145 109 -62 -357 -11 -92 -399 -442 -379 -138 -114 -446 -142 -274 -51 0
355 -173 -357 -35 -260 -212 207 -145 109 -62 -11 -92 -399 -442 -379 -138 -114 -446 -51 -234 -413 -53 -1 0
30 -114 -145 -357 -35 -260 -212 207 109 -92 -399 -442 -379 -1 -361 0
-114 109 -28 -145 -35 -260 207 -357 -399 -442 -379 -1 -361 0
109 -399 -28 -1 -145 -35 -260 207 -357 -361 -442 -379 0
29 -58 -367 -92 -200 -361 -217 0
112 -196 -145 -385 -151 -273 -12 -361 -28 -367 -92 -200 -217 -329 -437 -301 -55 -357 0
356 -18 -129 -323 -437 -401 -55 -206 -35 -260 -442 -144 -5 -379 -344 -357 0
-399 -145 -206 -35 -260 -442 -379 -357 -361 -28 -1 207 0
-55 -114 -145 -180 -140 -306 -379 -274 -12 -361 -28 -1 -186 -166 -385 -357 -57 0
-114 -149 -166 -200 -40 -369 -153 -145 -260 -357 -35 -449 -273 -180 -140 -306 -379 -274 -12 -361 -28 -1 -186 -385 -57 0
111 -55 -357 -30 -260 -361 -46 -35 -442 -145 -1 -379 -153 -113 355 207 -28 -137 -272 -50 0
-55 -196 -108 -361 -28 -1 -112 -110 -357 -30 -260 -46 -35 -442 -145 -379 -153 -113 207 -57 0
-145 -28 -361 -357 -1 -260 -35 -442 -379 207 -206 0
29 -21 -334 -150 -127 -166 -94 -51 -154 -385 -274 -361 -237 -232 0
356 -55 -12 -385 -361 -28 -166 -274 -140 -379 -375 -448 -398 -260 -357 -35 -301 -273 0
111 -50 -233 -35 -1 -442 -113 355 -244 207 -28 -55 -137 -272 -260 0
56 -137 -236 -224 -55 -361 -28 -16 -1 -233 -35 -442 -113 355 -244 207 -260 0
-137 29 -361 -55 -224 -28 -16 -1 -35 -442 355 -244 207 -260 0
29 -55 -379 -448 -281 -244 -361 -224 -28 -16 -1 -35 -442 355 207 -260 0
56 -433 -244 -148 -166 -379 -111 -448 -237 0
-55 -281 -379 -448 -244 -1 -361 -28 -224 -16 -35 -442 207 -260 -357 0
-28 207 -260 -357 -35 -379 -361 -442 -1 -206 0
-137 -37 -166 -200 -367 -361 -60 -44 -12 57 0
356 -55 -166 -200 -361 -12 -375 -398 -235 -260 -357 -35 -301 -112 -273 0
141 -274 -232 0
114 -137 -224 -433 -146 -166 -200 -361 -12 -398 -94 -55 -235 -412 -186 -1 0
152 -144 -340 -89 -257 -322 0
147 -213 -40 -221 -379 -361 -398 -93 -340 -89 -257 -94 -127 -278 -245 -17 0
110 -127 -17 -146 -40 -379 -361 -398 -340 -257 -94 -433 -82 -166 0
168 -244 -423 -232 -125 -198 -306 -281 -379 -127 -7 -449 -17 -277 -146 -274 -433 0
-244 -372 -274 -186 -232 -198 -120 -385 -125 -419 -134 -433 -82 -166 -423 -306 -281 -379 -127 -7 -449 -17 -277 -146 0
172 -212 -198 -120 -385 -153 -322 -257 -186 0
167 -322 -274 -232 -372 -153 -361 -198 -120 -385 -257 -186 -94 -277 -127 -364 -281 -125 -134 -82 0
-137 -433 -12 -40 -281 -379 -398 -340 -94 -361 -166 -274 -232 -385 -186 -146 -423 -306 -175 -224 -43 -273 -55 -235 -412 -1 -112 -200 0
-55 -186 -1 -412 -398 -235 -281 -12 -40 -379 -340 -94 -361 -166 -274 -232 -385 -146 -423 -306 -175 -224 -273 -112 -200 -357 -375 -260 -35 -301 0
207 -357 -379 -1 -361 -260 -35 -442 -206 0
386 -126 -178 -379 -41 -206 -35 -260 -442 356 -328 -55 -357 -402 -343 0
-55 -92 -373 -38 -328 -387 -178 -379 -206 -35 -260 -442 356 -357 -343 -250 -437 -271 0
386 -41 -129 -343 -198 0
138 -397 -373 -328 -387 -129 -343 -198 -92 -250 -361 -271 -44 -10 0
386 -150 -379 -129 -343 -198 0
167 -274 -379 -361 -1 -206 -35 -260 -442 -357 0
-55 -246 -379 -343 -37 -328 -387 -178 -206 -35 -260 -442 356 -357 -250 -82 -271 0
386 -136 -44 -10 -379 -129 -343 -198 0
-274 -357 -1 -206 -35 -260 -442 -379 -361 0
-55 -343 -379 -328 -387 -178 -206 -35 -260 -442 356 -357 -250 -271 -257 -342 -421 -373 -154 0
-357 -442 -1 -206 -35 -260 -379 -361 0
197 -129 -400 -232 -168 -373 -206 -1 -343 -55 -386 -379 -398 -202 -63 -236 -50 -281 -125 -42 -118 -114 -4 -184 -361 0
-129 -400 -134 -125 -435 -281 -168 -252 -259 -437 -118 -1 -184 -196 -232 -373 -206 -343 -55 -386 -379 -398 -202 -63 -236 -50 -42 -114 -4 -361 0
-386 -42 -379 -125 -236 -50 -252 -1 -259 -184 -437 -134 -435 -281 -168 -373 -206 -343 -55 -398 -63 -114 -361 -387 0
212 -365 -246 -281 -435 -174 -168 0
275 -372 -156 0
274 -233 -140 0
-198 -129 -435 -168 -361 -10 -281 -379 386 -343 0
198 275 -50 -119 -1 -184 0
185 -281 -435 -168 -366 -200 -373 -328 -125 -38 -50 275 -119 -1 0
370 -213 -110 -168 -50 0
-213 -58 -18 -15 -63 -84 -236 -168 -110 -50 -48 275 0
-55 -168 -361 -373 -10 -1 -184 -435 -259 -379 -343 -442 -206 -114 -387 -45 -271 -57 0
197 -232 -178 -45 -136 -10 -361 -421 -4 -235 -49 -436 -118 -114 -1 -184 0
385 -343 -379 -421 -435 -168 -49 -303 -183 -436 -1 -184 -178 -45 -136 -10 -361 -235 -114 0
-198 -129 -168 -361 -10 386 -379 -435 -343 -136 0
198 -108 -149 -401 -5 -329 -155 -168 -436 -119 -1 -184 0
-442 -379 -361 -1 -206 -260 -35 0
363 -235 -145 -56 -152 -450 -92 -28 0
184 -438 -35 -260 -343 -397 -379 -34 -139 -1 -129 -156 -198 -48 0
3 -129 -156 -186 -35 -260 -343 -397 -379 -34 -139 -1 -38 -198 -212 -6 -150 -12 -361 -145 -56 -152 -450 -92 -28 -110 0
438 -402 -328 -301 -273 -181 -56 0
2 -129 -198 -438 -186 0
185 -129 -361 -328 -206 -386 -233 -1 -275 -413 259 -56 -357 0
-129 -379 -361 -1 -260 -35 -206 0
184 276 -6 -318 -198 0
-379 -206 -1 -260 -35 -361 0
186 -156 -343 -6 -385 -35 -260 -206 0
5 -234 -218 -361 -95 -139 -365 -275 -371 -154 -334 -213 -148 0
-370 -192 -295 -222 -106 -162 -84 -204 -134 -102 -43 -280 -365 -435 -357 -218 -114 -361 -95 -139 -234 -275 -371 -154 0
362 -79 -346 -291 -218 -445 -93 -28 0
387 -275 -114 -361 -218 -414 -139 -55 -295 -102 -365 -95 -371 -154 -6 -334 -148 -39 -422 -206 -35 -343 -260 0
-154 -385 -260 -206 -343 -35 -114 -361 -218 -414 -139 -55 -295 -102 -365 -95 -6 -334 -148 -39 -156 0
-275 -39 -421 -361 -129 -206 185 -328 -1 -35 -260 -385 -274 0
196 -129 -361 -260 -35 -198 -206 -1 0
276 -154 -13 -239 -39 -6 -35 -260 -361 -185 -343 -156 -206 -386 -94 -139 -16 0
385 -47 -185 -206 -213 -260 -6 0
82 -162 -357 -43 -273 -134 0
4 -111 -19 -306 -239 -273 -13 -84 -357 -134 -125 -213 -41 0
57 -43 -41 -125 -257 -336 -181 -436 -235 0
56 -111 -1 -436 -51 0
57 -204 -125 -357 -336 -260 -35 -1 -436 -198 -129 -186 -397 0
-154 -275 -35 -1 -198 -129 -206 -260 -361 0
-438 -55 -50 -413 -111 -1 -436 -198 -129 -186 0
56 -357 -179 207 -124 0
-275 -129 -35 -1 -198 -260 -206 -361 0
-129 -198 -1 -35 -260 -206 -361 0
184 -35 -1 -179 -139 -444 -370 -42 -154 -260 -387 -129 -198 0
57 -110 -260 -35 -344 274 -129 -343 -198 -437 0
385 -139 -444 -179 -35 -260 -198 -119 0
Solved
