338 -68 -226 -159 -214 -185 -100 -188 -146 -209 -256 0
-68 -270 -25 -159 -214 -185 -277 -247 -34 -240 -256 -104 -337 -226 -100 -188 -146 -209 0
41 -47 -226 -25 0
302 -214 -159 -185 -41 -270 -25 0
300 -270 -302 -247 -317 -331 -104 0
343 -104 -337 -331 -298 -25 -226 -277 -34 -256 -100 -146 -275 -253 -124 -313 -112 -18 0
35 -238 -185 -112 -270 -253 0
103 -185 -298 -302 -270 -104 -277 -34 -331 -112 -253 0
110 -219 -270 0
105 -270 -256 -337 0
-270 -302 -18 -241 -229 -112 -202 -253 -49 -298 -104 -277 -34 -331 -256 -337 0
103 -318 -111 0
-302 -104 -331 -226 -18 -277 -313 -34 -241 -229 -112 -202 -253 -49 -298 -256 -337 0
-270 -47 -241 -49 -229 -202 -253 -18 -112 -343 -248 -104 -269 -256 -337 0
347 -112 -34 -241 -49 -229 -202 -253 -18 -277 -256 -337 -259 -331 -226 -313 -298 -25 -100 -146 -124 0
268 -218 -110 0
172 -285 -87 -144 -130 -124 -323 -209 -153 0
104 -270 -100 -229 -146 -241 -87 -130 -124 -153 -34 -226 -256 -337 -298 0
-270 -112 -25 -253 -313 -49 -18 -337 -331 -298 -226 -277 -34 -256 -100 -146 -124 -241 -229 -202 -87 -130 -153 0
-112 -18 -34 -25 -253 -313 -49 -277 -337 -331 -298 -226 -256 -100 -146 -124 -241 -229 -202 -130 -153 -346 -259 0
269 -316 -277 -109 -34 0
303 268 -141 -259 -47 0
103 -287 -53 -331 -259 -25 -141 -47 -270 -277 -34 0
353 -331 -100 -229 -241 -130 -124 -34 -226 -256 -337 -298 -346 -259 -25 -277 -313 -28 -253 -49 -202 -295 0
269 -331 -226 -298 -277 -313 -34 -241 -229 -202 -253 -49 -256 -337 -17 0
303 -238 -100 -34 -181 -247 -47 -25 0
103 -47 -313 -17 -331 -259 -25 -270 -277 -34 -166 -256 -109 -301 -100 0
104 268 -337 -256 0
-270 -331 -298 -49 -115 -202 -241 -229 -313 -17 -259 -25 -277 -34 -166 -256 -100 -337 -269 0
-104 -47 -331 -226 -277 -313 -34 -241 -229 -202 -253 -49 -298 -256 -337 -303 -239 -103 0
104 -318 -111 0
355 -337 -277 -313 -34 -241 -229 -253 -49 -298 -256 -226 -115 -25 -166 -100 -295 -352 -130 -124 -346 -28 0
101 -266 -135 0
-270 -47 -130 -313 -100 -226 -229 -241 -337 -166 -256 -277 -34 -25 -104 0
-47 -104 -226 -277 -34 -130 -313 -100 -229 -241 -337 -166 -256 -25 0
-104 -337 -100 -166 -256 -277 -34 -25 -241 -229 -226 -130 -313 0
301 -47 -226 0
269 -301 -239 -248 -34 0
270 -218 -110 0
301 -226 0
247 -144 -270 -87 -188 -346 -182 -104 0
105 -144 -332 -87 -188 -346 -182 0
303 -104 -34 -47 -25 -100 -346 -270 -1 0
Solved
