251 -281 -170 -121 -106 0
562 -370 -307 -106 -331 -429 -559 -367 -103 -464 -232 -473 -252 -170 -121 -455 -163 -460 -318 0
281 -482 -259 -464 -473 -434 -275 -536 -70 -559 -136 -547 -336 -209 -66 -492 -194 -460 -406 -403 -163 0
566 -19 -403 -194 -307 -259 -331 -367 -232 -170 -121 -106 -536 -70 -559 -547 -460 -406 -163 -451 -527 -283 -499 -13 -446 -253 -214 -430 -244 0
275 -170 -346 0
473 -519 -47 -527 -414 -400 -194 -483 -259 -331 -367 -465 -232 0
282 -124 -519 -451 -414 -257 -335 -406 -172 -212 -163 -10 0
171 -172 -346 0
282 -212 -451 -318 -519 -564 -414 -60 -257 -172 -106 -10 0
568 -367 -163 -106 -451 -259 -346 -103 -232 -47 -400 -194 -331 -460 -283 -499 -29 -253 -214 -430 -244 -565 -403 -307 -121 -536 -70 -559 -547 -406 -13 -160 -132 0
-170 -473 -244 -214 -121 -274 -169 -346 0
170 -274 -253 -214 -499 -244 -346 -132 -121 0
172 -132 -451 -430 -499 -565 -253 -244 -214 -121 -346 0
216 -473 -460 -172 -163 -106 -280 -451 -259 -569 -466 -103 -283 -232 -430 -499 -29 -318 -565 -253 -275 -244 0
474 -514 -106 -280 -307 -403 -209 -194 -331 -482 -320 -259 -569 -466 -103 -464 -232 0
276 -346 -172 0
169 474 -106 -307 -403 -194 -331 -259 -103 -232 -283 -499 -565 -253 -244 -214 -460 -172 -163 -473 -451 -430 -29 -275 -160 -132 0
170 -346 -172 0
-473 -194 -307 -403 -106 -331 -259 -103 -232 -283 -499 -565 -253 -244 -214 -460 -172 -163 169 -451 -430 -29 -275 -160 -132 -472 0
246 -412 -430 -230 -451 -565 -446 -253 -214 0
173 -59 -259 -318 -20 -451 -106 -569 -280 -283 -430 -499 -29 -565 -253 -214 -244 -230 -446 -258 0
575 -253 -499 -451 -430 -244 -565 -460 -163 -1 -259 -106 -283 -214 -103 -232 -307 -403 -331 -160 -121 -22 0
245 -280 -106 -307 -403 -195 -331 -259 -570 -466 -103 -232 -472 -451 -528 -283 -430 -499 -565 -447 -253 0
474 -220 -460 -434 -163 -10 -518 -280 -413 -403 -195 -331 -482 -259 -19 -466 -464 -232 0
281 -213 -451 -317 -518 -563 -413 -59 -258 -172 -106 -10 0
-172 -103 -163 -106 -451 -259 -460 -232 -403 -195 -331 -283 -430 -499 -30 -565 -253 -214 -244 -307 -160 -131 -346 0
577 -121 -430 -499 -565 -244 -214 -451 -163 -106 -259 -460 -232 -403 -331 -307 -160 -22 -574 -1 0
472 -276 -121 -172 -251 0
174 -181 -30 -328 -574 -425 -22 -130 -446 -231 -451 -435 -212 -519 -414 -257 0
211 -137 -71 -22 -574 -130 -435 -527 -519 0
426 -181 -358 -388 -328 0
274 -206 -259 -425 -358 -574 -160 -22 -71 -446 -231 -527 -451 -212 -435 -519 -465 -554 -456 -460 -307 -403 -163 -106 -30 -1 -172 -414 -257 -467 0
255 -473 -121 -172 -259 -358 -574 -160 -22 -460 -307 -403 -163 -106 -1 -232 -451 -430 -142 -565 -214 -577 -499 -244 0
282 -303 -455 -460 -29 -163 -11 0
24 -11 -259 -318 -460 -403 -163 -455 -29 -331 -464 -232 -473 -275 -170 -172 -574 0
173 -130 -460 -464 -232 -163 -473 -275 -172 -29 -574 -455 -22 -259 -318 -403 -331 0
174 -237 -574 -460 -307 -434 -163 -106 -518 -413 -105 -29 -464 -232 -1 -473 -172 -275 0
-346 -29 -574 -455 -22 -464 -232 -460 -160 -473 -163 -275 -172 -259 173 -403 -331 0
-473 -253 -574 -22 -232 -460 -160 -163 -172 -259 -403 -331 -307 -106 -1 -142 -565 -214 -499 -244 -121 -358 -451 -430 0
174 -11 -29 -346 -1 0
131 -17 -80 -167 -265 -105 -62 -577 -412 -195 -253 -214 -317 -574 -244 -430 -451 -565 -230 -160 -22 0
414 -208 -136 -444 -537 -48 -577 -195 -373 -253 -62 0
517 -241 -96 -230 -447 -214 -244 -253 -412 -136 -444 -537 -48 -577 -195 -62 -167 -80 -17 0
254 -517 -214 -412 -244 0
-517 -412 -214 -244 -253 0
413 -412 -230 -214 -244 -253 -574 -577 -22 -130 -220 -265 -105 -430 -451 -565 -160 -460 -307 -555 -403 -163 -106 -464 -280 -11 -29 0
-11 -29 -328 -220 -460 -163 -230 -181 -451 -574 -22 -430 -565 -214 -253 -244 -577 -265 -105 -160 -307 -555 -403 -106 -464 -258 -172 -346 -1 0
183 -533 -277 -426 -358 -328 0
-29 -328 -430 -451 -565 -230 -253 -214 -244 -358 -22 -258 -181 -577 -499 -464 -555 -220 -460 -1 -163 -346 -172 -574 -265 -105 -160 -307 -403 -106 0
-346 -555 -460 -464 -142 -565 -172 -499 -244 -253 -1 -430 -451 -230 -214 -358 -22 -258 -577 -163 -574 -105 -160 -307 -403 -106 -275 0
-253 -172 -430 -451 -565 -214 -121 -244 -499 -460 -142 -1 -358 -22 -163 -574 -160 -307 -403 -106 -232 -259 -331 0
231 -124 -181 -328 -311 -85 -403 -400 -434 -412 -257 -527 -518 -252 -232 -213 -472 -451 0
455 -220 -460 0
-29 -257 -400 -434 -412 -403 -518 -252 -232 -213 -451 -447 -574 -346 -22 -464 -460 -160 -163 -275 -172 -259 -331 -320 -1 -28 0
182 -199 -304 -328 -124 0
519 -346 -172 -1 -400 -434 -412 -403 -518 -252 -232 -213 -451 -447 -574 -22 -464 -460 -160 -163 -275 -259 -331 -320 -28 0
-29 -346 -172 -1 -400 -434 -412 -403 -518 -252 -232 -213 -451 -447 -574 -22 -464 -460 -160 -163 -275 -259 -331 -320 -28 0
461 -269 -555 -293 -340 -303 -154 -403 -455 -442 -280 -220 -163 0
179 -78 -202 -106 -280 -163 -460 -303 -403 -442 -220 -252 -232 -570 -472 -464 -529 -362 -312 -358 -199 -328 -124 -181 -277 -426 -56 -376 0
474 -199 -312 -529 -362 -328 -124 -181 -277 -426 -358 -16 -464 -232 0
462 -199 -362 -320 -328 -124 -202 -181 -555 -277 -426 -358 -428 -106 -303 -280 -455 -163 0
-199 -303 -403 -280 -220 -163 -312 -362 -328 -124 -181 -277 -426 -358 -307 -106 -460 -320 -202 -428 -232 -472 -529 -16 -464 0
-346 -426 -163 -403 -358 -307 -106 -460 -320 -232 -464 -172 -22 -574 -1 -400 -434 -412 -518 -252 -213 -451 -447 -160 -275 -259 -331 -28 0
281 -563 -451 -213 -533 -239 -493 -99 -460 -307 -202 -163 -106 0
246 -28 -574 -22 -451 -460 -307 -163 -106 -358 -232 -121 -259 -172 -403 -1 -400 -412 -160 -331 -430 -565 -214 0
183 -363 -277 -358 -328 -415 -36 -495 -199 -124 0
-29 -36 -328 -181 -358 -415 -425 -495 -232 -455 -460 282 -163 -574 -346 -22 -464 -160 -172 -259 -403 -331 -1 -28 0
282 -346 -321 -172 -22 -160 -574 -1 -328 -181 -358 -415 -425 -232 -460 -163 -464 -259 -403 -331 -28 -220 -307 -106 0
-29 -265 -259 -321 -317 -160 -553 -351 -232 -195 -22 -204 -219 -574 -346 -464 -460 -455 -163 -172 -403 -331 -11 -1 -28 0
-346 -181 -321 -172 -1 -259 -160 -232 -22 -574 -464 -460 -163 -403 -331 -28 -106 -328 -553 -358 -415 -425 -307 -276 0
-181 -328 -276 -321 -172 -1 -259 -160 -232 -22 -574 -464 -460 -163 -403 -331 -28 -106 -553 -358 -415 -425 -307 0
181 -472 -232 -172 -276 0
-464 -28 -259 -321 -232 -472 -172 -425 -276 -1 -160 -22 -574 -460 -163 -403 -331 -106 -358 -307 -465 0
-303 -429 -280 -302 -455 -460 -29 -163 -11 0
182 -534 -425 -277 -328 -124 0
173 -280 -106 -403 -382 -321 -358 -181 -328 -425 -416 -257 -277 -554 -455 -460 -163 -22 -574 -28 -1 -346 0
-346 -328 -416 -181 -121 -435 -519 -212 -451 -231 -446 -22 -574 -28 -1 -257 -172 -106 -403 -382 -321 -358 -425 -554 -460 -163 -276 0
-328 -181 -276 -416 -121 -435 -519 -212 -451 -231 -446 -22 -574 -28 -1 -257 -172 -106 -403 -382 -321 -358 -425 -554 -460 -163 0
-172 -121 -460 -307 -163 -106 -259 -451 -358 -22 -574 -1 -403 -232 -160 -331 -430 -565 -214 -244 -400 -499 -142 0
183 -328 -274 0
182 -328 -274 0
276 -328 -574 -232 -451 -430 -499 -565 172 -244 -214 -121 -1 -22 0
30 -306 -435 -362 -519 -22 -414 -574 -254 0
-328 -121 -499 -214 -244 -451 -22 -574 -232 -430 -565 -1 172 0
276 -121 -244 -214 -232 -169 -274 -346 -256 -181 0
580 -451 -244 -214 -499 -232 -22 -430 -565 -1 -460 -307 -163 -106 -259 -358 -403 -160 -331 -142 0
-274 -181 -328 0
-29 -473 -106 -403 -358 -181 -328 -425 -257 -460 -163 -22 -574 -28 -1 -346 -565 -244 -232 -160 -259 -331 -11 0
-473 -11 -403 -306 -126 -494 -106 -94 -307 -580 -22 -346 -574 -1 -358 -181 -328 -425 -257 -460 -163 -28 -565 -244 -232 -160 -259 -331 0
-29 -464 -565 -306 -259 -172 -232 -472 -28 -425 -276 -1 -160 -22 -574 -460 -163 -403 -331 -106 -358 -307 -430 -312 -126 -346 -11 0
-11 -306 -403 -94 -126 -494 -106 -307 -580 -22 -346 -574 -1 -565 -259 -232 -28 -425 -160 -460 -163 -331 -358 -430 -312 -181 -328 -257 -244 0
11 -172 -1 -346 -28 0
-29 -526 -460 -403 -163 -106 -259 -160 -307 -580 -22 -346 -574 -172 -1 -28 0
-172 -574 -460 -403 -163 -106 -160 -307 -22 -346 -259 -1 -430 -451 -565 -214 -244 -499 -142 -358 -232 -331 0
29 -250 -244 -106 -214 -307 -274 -580 -346 -574 -1 0
348 -526 -244 -214 -142 -499 -29 -574 -580 -307 -430 -106 -565 -250 -274 -169 0
-574 -346 -244 -142 -307 -430 -499 -106 -565 -1 -214 -451 -22 -328 -232 -460 -403 -163 -160 -259 -358 -331 0
474 -280 -193 -403 -163 -460 -220 -46 -535 -328 -257 -124 -181 -534 -277 -255 -214 -244 -565 -555 -232 0
426 -416 -565 -464 -244 0
-425 -280 -307 -106 -429 -565 -464 -244 -363 -199 -358 -328 -124 -181 -534 -277 0
-172 -429 -430 -328 -565 -214 -358 -244 -307 -106 -451 -363 -232 -193 -403 -163 -460 -46 -535 -29 -132 -346 -1 -28 0
-425 -358 -565 -106 -574 173 -280 -403 -181 -328 -244 -321 -277 -455 -460 -163 -22 -28 -1 -346 -472 -429 -307 -363 -124 -534 0
474 -464 -555 -232 0
108 -83 -97 -202 0
-358 -307 -181 -124 -403 -311 -527 -232 -472 -161 -581 -591 -328 -202 -106 -555 -363 -277 -321 -565 -446 -214 -534 -244 -574 173 -280 -455 -460 -163 -22 -28 -1 -346 -429 0
590 -280 -163 -460 -106 0
183 -426 -34 -328 -277 -493 -358 0
-464 -592 -280 -202 -106 -321 -403 -565 -363 -534 -244 -358 -328 -124 -277 -181 -34 -493 -257 -232 -472 -555 -416 0
-565 -232 -574 173 -280 -403 -181 -328 -321 -277 -455 -460 -163 -22 -28 -1 -346 -244 -472 -202 -363 -534 -124 -106 -555 -121 -581 -311 -527 -161 -591 -446 -214 -429 0
183 -545 -529 -417 -363 -311 -199 -328 -124 0
-464 -269 -363 -534 -358 -328 -124 -277 -181 -529 -311 -257 -232 -472 -463 -555 0
182 -355 -104 -260 -446 -290 -277 -534 -244 -124 -328 0
-232 -403 -363 -170 -121 -106 -574 173 -280 -429 -181 -328 -321 -277 -455 -460 -163 -22 -28 -1 -346 -124 -446 -534 -244 -80 -555 -472 -529 -311 -202 -581 -527 -161 -591 -214 0
232 -124 -47 -328 -311 -363 -214 -534 -244 -358 -277 -181 -555 -257 0
-425 -280 -106 -202 -163 -321 -586 -214 -555 -244 -232 -358 -328 -181 -472 -529 -363 -311 -124 -257 -534 -277 0
234 -89 -7 -562 -409 -99 -321 -268 -67 -363 -21 -328 182 -124 -466 -257 0
-172 -28 -328 -106 -460 -163 -574 -244 -1 -346 -29 0
303 -254 -414 -22 -306 -574 30 -215 -415 -464 -554 -532 0
302 -221 -460 -163 -281 -429 0
258 -250 -106 -281 -67 -244 303 -22 -306 -574 30 -215 -415 -464 -532 -232 0
282 -434 -215 -536 -47 -413 -443 -255 -221 -244 -460 -250 -163 -106 0
245 -260 -563 -266 -62 -581 -413 -122 -106 -255 -250 0
-464 -232 -106 -215 -244 -266 -122 -321 -281 -221 -460 -163 -256 303 -22 -306 -574 30 -415 -532 -217 -421 -201 -473 0
246 -356 -563 -259 -217 -321 -106 -566 -445 -250 -235 0
464 -35 -106 -53 -235 -244 -563 -217 -321 -445 -581 -530 -122 -415 -291 0
245 -260 -311 -563 -201 -306 -103 -546 -363 -568 -581 -415 -21 -122 -53 -565 -445 -252 -235 0
-28 -244 -106 -460 -163 -574 -328 -1 -346 -29 0
-181 -425 -237 -1 254 -244 -328 -124 -21 -279 -346 -171 -222 -173 -183 0
258 -415 -363 -81 -216 -306 -268 -274 -121 -232 -464 -472 -171 -413 -173 0
276 -171 -346 0
274 -304 -328 -124 -183 -173 0
-304 -81 -472 -363 -232 -216 -306 -268 -121 -464 -171 -413 -173 -276 -328 -124 -183 0
-473 -115 -355 -564 -533 -530 -34 -416 -495 -464 -574 -460 174 -29 -163 -106 -518 -237 -413 -105 -232 -1 -434 -172 -275 -472 0
-181 -530 -416 -464 -232 -564 -574 -460 -29 -163 -106 -237 -1 -472 -21 -81 -268 -68 -303 -279 -132 -346 -456 -171 -358 -328 -216 -173 254 -244 -124 -222 -183 0
282 -22 -121 -472 -346 -232 -564 -574 -460 -29 -163 -106 -237 -1 -21 -268 -328 -216 254 -244 -124 -464 -363 -590 0
-172 -169 -346 0
474 -274 -363 -216 -268 -439 -121 -232 -464 -472 -413 -173 -10 -124 -291 -256 -346 0
172 -291 -124 -10 -464 -426 -121 -328 -346 -472 -363 -216 -268 -439 -232 -413 0
319 -260 -590 -163 -121 -472 -346 -232 -574 -29 -106 -237 -1 -328 -216 254 -244 -124 -464 -363 -281 -426 -460 0
320 -281 -10 -346 -472 -464 -567 0
473 -530 -416 -464 -554 -232 0
-172 -124 -590 -163 -121 -472 -346 -232 -574 -29 -106 -237 -1 -328 -216 254 -244 -320 -464 -363 -281 -426 -460 0
474 -124 -10 -464 -426 -121 -328 -346 -472 -363 -216 172 -439 -232 -413 -320 0
270 -124 -594 -590 -163 -121 -472 -346 -232 -574 -29 -106 -237 -1 -328 -216 254 -244 -308 -464 -363 -281 -426 -460 -320 0
-124 -320 -594 -590 -163 -121 -472 -346 -232 -574 -29 -106 -237 -1 -328 -216 254 -244 -308 -464 -363 -281 -426 -460 -350 -203 0
107 -232 -244 -328 -426 -460 -163 -216 -346 -594 254 -574 -29 -106 -237 -1 -464 -363 -567 -252 0
-172 -124 -426 -328 -460 -439 -363 -163 -346 -29 -1 -10 -591 -282 -106 -472 -232 0
130 -208 -500 -136 -570 -527 0
576 -23 -392 0
270 -323 -355 -152 -239 -363 -305 -200 -312 -574 -392 -132 -500 -136 -527 -309 -594 -19 -261 -17 -320 -80 0
576 -480 -136 -166 -527 -309 -132 -581 -392 0
473 -121 -309 -363 -574 -152 -500 -237 -439 -124 -10 -567 -464 -1 -426 -594 -346 -328 -256 -274 -232 0
-121 -124 -464 -10 -426 -567 -328 -346 -472 -363 -216 172 -439 -232 -413 -309 -574 -152 -500 -237 -1 -594 0
12 -495 -309 -594 -533 -259 -303 -289 -439 -124 0
-124 -472 -237 -439 -10 -594 108 -346 -363 -464 -567 -328 -216 -232 -252 -426 -413 -574 -500 -1 -460 -163 -29 -106 0
-472 -232 254 -244 -574 -464 -460 -163 -346 -29 -1 -216 -328 -237 -594 -363 -567 -252 -426 -106 0
-172 -274 -346 0
268 -321 -97 -83 0
69 -221 -303 -460 -163 -555 -281 -268 0
361 -390 -426 -417 -69 0
-121 -303 -417 -363 -426 -460 -163 -555 -281 -97 -83 -358 -274 -346 -25 251 -106 0
275 -268 -574 -309 -22 -427 -67 -328 -303 -460 -163 -555 -281 -580 0
68 -494 -309 -580 -574 -22 -532 -427 -268 0
-268 -303 -555 -427 -67 -309 -580 -574 -22 -532 -328 -274 -460 -163 -281 0
493 -54 -237 -279 -261 -532 -594 -309 0
11 -59 -309 -447 -574 -237 -426 -417 -594 -328 -274 -1 -232 -346 -555 -460 -163 -544 -363 251 -106 -351 -439 -282 -204 0
276 -427 -555 -268 -309 -574 -328 -274 -460 -163 -281 -363 -417 -278 251 -106 -346 0
554 -433 -517 -305 -201 -80 -256 -268 -232 0
269 -534 -417 -358 -426 -278 108 -122 -321 0
-281 -268 -426 -417 -363 -574 -278 108 -302 -555 -305 -80 -232 -346 -328 -216 -274 -460 -163 251 -106 0
-268 -11 -29 -574 -460 -302 -163 -363 -417 -328 -278 -274 -346 -106 -426 108 -555 -305 -80 -232 -216 251 0
-121 -281 -532 -62 -413 -517 -305 -200 -259 -328 -216 -319 -274 -468 -346 251 -309 -106 0
275 -435 -532 -62 -413 -259 -517 -319 -309 -468 -346 -328 -216 0
-281 -309 -574 -67 -594 -237 -532 -259 -319 -1 -346 -328 -274 -62 -413 -517 -468 -216 -305 -363 -417 -200 251 -106 -282 0
-232 -363 -594 -237 -1 -328 -346 -460 -163 -574 -216 -106 -29 -426 -447 -464 -252 254 -244 -567 0
554 -152 -305 -239 -363 -312 -200 -355 -574 -392 -132 -500 -136 -527 -309 -594 -19 -261 -320 -80 -268 0
260 -268 -132 -570 -355 -103 -116 -532 -447 -553 -305 -239 -363 -312 -200 -574 -392 -500 -136 -527 -309 -594 -19 -261 -320 -80 -217 -106 0
107 -59 -99 -217 -204 0
-97 -536 -500 -132 -527 -136 -570 -442 -481 -197 -191 -388 -109 -358 -355 -26 -226 -83 108 -99 0
Solved
