189 -397 -160 0
168 -54 -106 -347 -155 -352 -73 -355 -295 -118 -374 -253 0
37 -377 -334 -54 0
156 -197 -365 -185 -420 -350 -340 -48 -374 -311 -99 -106 -168 -37 -163 0
3 -4 -100 -267 -308 0
245 -350 -340 -288 0
226 -163 -155 -374 -236 -168 -73 -37 -292 -106 -233 -193 -1 -100 -267 -308 -152 0
341 -226 -152 -48 0
227 -61 -334 0
52 -155 -334 -374 -236 -168 -73 -37 -292 -106 -233 -193 -1 -100 -267 -308 -152 0
431 -233 -118 -253 -106 -334 -73 -292 -355 -193 -1 -100 -295 -337 -379 -316 -361 -409 0
373 -168 -352 -355 -106 -118 -37 -253 -163 -348 0
228 -61 -334 0
3 -340 -287 -55 -244 -328 -193 0
39 -287 -266 -309 -1 -100 -55 -193 -334 -237 -156 -163 -53 0
38 -163 -266 -309 -1 -153 -334 -53 -233 -100 -106 0
265 -110 -9 -292 -233 -93 -383 -193 -298 -1 -309 -200 0
3 -10 -352 -348 -325 -9 -298 -292 -215 -340 -233 -141 -244 -93 -383 -328 -193 0
-163 -37 -1 -352 -348 -9 -292 -215 -233 -193 -200 -100 -266 -153 -237 -156 -334 -106 -53 -309 0
-37 -352 -355 -253 -366 -118 -295 -106 -73 -237 -156 -53 -1 -348 -9 -292 -215 -233 -193 -200 -100 -266 -153 -334 -309 0
434 -334 -355 -253 -118 -295 -106 -73 -1 -292 -193 -100 -337 -379 -316 -361 -409 -430 0
-37 -163 -309 -1 -100 -193 -334 -237 -156 -266 -53 -375 -352 -355 -106 -118 -253 -348 -243 -180 -38 0
37 -378 -334 -53 0
-163 -309 -1 -100 -193 -334 -237 -156 -266 -53 -375 -352 -355 -106 -118 -253 -348 -243 -180 -37 -153 -233 0
-233 -355 -253 -118 -295 -106 -73 -1 -100 -193 -334 -180 -337 -379 -316 -361 -409 -430 -292 0
2 -266 -100 -4 -309 0
244 -185 -73 -156 0
374 3 -244 -340 -328 -193 -168 0
-348 -131 -430 -374 -168 -355 -106 -118 -37 -253 -163 -352 0
3 -352 -355 -253 -430 -168 -106 -118 -37 -163 -340 -193 -73 -156 -237 -135 -93 0
-352 -309 -168 -355 -106 -118 -37 -253 -163 -216 -93 -135 -237 -156 -409 -9 -361 -4 -379 -201 -100 -430 -1 -340 -193 -73 0
347 -394 -316 -361 -409 -26 -430 0
352 -26 -361 -409 -430 -316 0
-163 -348 -135 -430 -409 -9 -361 -379 -193 -337 -1 -355 -253 -352 -106 -118 -37 -73 -216 -201 -100 -334 -93 -53 -164 0
163 -53 -355 -253 -118 -93 -295 -135 -73 -430 -409 -361 -379 -352 0
348 -355 -118 -352 -253 0
-37 -163 -430 -409 -9 -361 -379 -193 -337 -1 -355 -253 -352 -106 -118 -73 -216 -201 -100 -334 -93 -135 -39 0
-53 37 -337 -334 -379 0
37 -334 -379 -337 0
436 -73 -295 -118 -430 -409 -361 -379 -193 -337 -1 -106 -316 -292 -433 0
-100 -253 -409 -37 -361 -379 -193 -337 -1 -163 -355 -352 -106 -118 -73 -430 -334 -292 -295 -316 -433 0
152 -114 -340 -73 -156 -135 -168 -246 -386 -373 -308 -430 -337 -265 -231 -409 -379 -361 0
431 -246 -340 -135 -93 -430 -352 -355 -106 -118 -37 -253 -163 -168 -237 -156 0
-237 -168 -135 -37 -106 -340 -73 -156 -163 -430 -337 -265 -409 -379 -361 -151 -93 -352 -355 -118 -253 -193 -1 0
-168 -156 -340 -93 -135 -190 -106 -430 -352 -355 -118 -37 -253 -163 -193 -73 -337 -265 -409 -379 -361 -151 -1 0
168 -54 -430 -106 -135 -352 -73 -355 -295 -118 -253 -37 -163 0
-54 -93 -37 -163 -352 -253 -118 -409 -295 -430 -73 -106 -135 -190 -355 -193 -337 -265 -379 -361 -1 -334 -53 0
54 -163 -37 0
432 -245 -135 -73 -106 -295 -233 -352 -118 -384 -355 -253 -151 -99 -361 -168 -409 -373 0
-135 -355 -265 -379 -361 -190 -409 -430 -352 -106 -118 -37 -253 -163 -73 -295 -1 -292 -193 -337 -53 0
244 -186 -73 -155 0
-374 -55 -1 -244 -340 -328 -193 -190 -430 -352 -355 -106 -118 -37 -253 -163 -168 0
-168 -244 -340 -379 -337 -361 -193 -409 -1 -430 -328 -190 -352 -355 -106 -118 -37 -253 -163 -167 0
-355 -253 -193 -106 -352 -73 -295 -118 -1 -379 -337 -361 -409 -430 -190 -37 -163 -292 -53 -316 -433 0
431 -374 -352 -73 -168 -97 -135 -295 -253 -436 -163 -334 -37 -376 -337 -379 -361 -409 0
167 -253 -97 0
-374 -135 -352 -73 -168 -97 -430 -295 -253 -436 -163 -334 -37 -376 -337 -379 -361 -409 0
-135 -168 -106 -37 -376 -337 -379 -361 -409 -430 -352 -73 -163 -97 -295 -253 -436 -334 0
-168 -97 -430 -409 -73 -352 -361 -295 -253 -379 -436 -337 -334 -376 -37 -106 -163 0
-253 -163 -409 -73 -352 -361 -295 -379 -337 -37 -106 -430 -193 -118 -1 -190 -292 -53 -316 -433 0
134 -230 -65 -142 -12 -202 -87 -127 -408 -198 -95 -414 -366 -237 -93 0
356 -408 -1 -4 -193 -93 -135 -202 -198 -95 -237 -377 -337 -379 -316 -361 -321 -409 -374 -430 -73 -346 -295 -352 -118 0
167 -346 -352 -73 -430 -1 -409 -193 -361 -295 -379 -436 -337 -334 -4 -202 -316 -118 -106 -37 -163 -97 0
133 -4 -337 -379 -361 -352 -409 -346 -1 -430 -193 -236 -92 0
347 -393 -356 -352 0
373 -425 -118 -379 -316 -202 -295 -361 -407 -197 -73 -409 -366 -412 -430 -352 -346 -356 -320 -113 0
-163 -53 -352 -292 -193 -37 -106 -1 -433 -337 -379 -316 -361 -409 -430 -118 -202 -295 -73 -190 0
-53 -352 -193 -295 -430 -409 -361 -337 -106 -379 -37 -292 -1 -433 -316 -118 -202 -73 -190 0
-352 -37 -295 -430 -409 -361 -337 -106 -379 -193 -292 -1 -433 -316 -118 -202 -73 -190 0
352 -361 -316 -409 -430 0
357 -253 -375 -73 -167 -295 -412 -348 -356 -352 -118 -97 0
168 -253 -97 0
353 -131 -412 -325 -348 -10 0
374 -412 -202 -59 -87 -10 -352 -158 -325 -348 -114 0
91 -196 -352 -348 -167 -375 -202 -59 -87 -10 -158 -325 -114 0
354 -99 -356 -196 0
134 -266 -250 -309 -298 -348 -10 -352 -356 -9 -292 -167 -375 -202 -59 -158 -407 -366 -106 0
-97 -130 -73 -375 -311 -93 -167 -253 -99 0
353 -99 -356 -167 -73 -375 -93 -118 -348 0
-253 -312 -295 -73 -118 -167 -254 -97 0
-99 -179 -6 -243 -113 -94 -356 -352 -348 -167 -295 -73 -118 -328 -1 -193 -230 -105 -366 -375 -93 0
432 -352 -193 -433 -1 -145 -190 -304 -73 -295 -118 -106 -250 -292 -202 -226 -376 -163 -61 -337 -52 -379 -361 -409 0
-97 -99 -267 -308 -433 -5 -145 -244 -193 -1 -328 -242 -94 -190 -304 -10 -295 -352 -73 -347 -118 -374 -253 -168 -365 0
97 -253 -118 -357 -168 0
-253 -352 -328 -73 -244 -1 -295 -193 -118 -231 -374 -104 -168 -267 -308 -433 -5 -145 -242 -94 -190 -304 -10 -347 -365 -357 0
439 -193 -1 -295 -118 -433 -145 -190 -337 -379 -316 -409 -430 -106 -202 0
-361 -292 -253 -73 -1 -295 -193 -118 -231 -374 -104 -168 -267 -308 -433 -145 -94 -190 -347 -365 -236 -185 -155 -163 -377 -306 -54 -363 -430 -409 -337 -106 -379 -352 -316 -202 0
203 -159 -129 0
-361 -114 -183 -368 -329 -308 -1 -193 -92 -253 -73 -295 -118 -231 -374 -104 -168 -267 -433 -145 -94 -190 -347 -365 -236 -185 -155 -163 -377 -306 -54 -363 -430 -409 -337 -106 -379 -352 -316 -202 0
-374 -413 -106 -294 -92 -193 -1 -395 -253 -73 -295 -118 -104 -168 -433 -145 -94 -190 -347 -185 -155 -163 -306 -363 -430 -409 -337 -379 -352 -316 -202 -55 -320 -130 -373 0
98 -73 -106 -193 -1 -253 -190 -295 -118 -168 -433 -145 -430 -409 -337 -379 -352 -316 -202 -97 0
375 -351 -55 -190 -287 -130 0
204 -158 -128 0
361 -182 -113 -106 -414 -293 -93 -193 -1 -396 -153 0
-292 -73 -433 -1 -145 -190 -352 -193 -295 -118 -106 432 -202 -163 -337 -379 -361 -409 -430 -316 0
-73 -97 -193 -433 -145 -190 -352 -295 -118 -106 -202 -337 -379 -409 -430 -316 -253 -1 -168 0
362 -246 -352 -97 -412 -190 -183 -430 -374 -253 -106 -118 -168 -38 -337 -53 -379 0
354 375 -190 -55 -347 -310 0
98 -135 -38 -379 -106 -48 -53 -321 -93 0
91 -60 -114 -183 -417 -379 -189 -53 -38 -79 -106 -145 -135 -45 0
-97 -374 -295 -352 -118 -190 -347 -73 -253 -168 -98 0
-163 373 -379 -378 -352 -253 -106 -118 -355 -337 -168 -164 0
163 -366 -134 -430 -155 0
-374 -246 -73 -379 -352 -253 -106 -118 -337 -168 -134 -295 -347 -190 -98 0
92 -295 -193 -190 -352 -73 -118 -106 -379 -253 -1 -168 -347 0
-97 -374 -193 -433 -190 -352 -295 -118 -106 -337 -379 -253 -1 -168 -396 -414 -347 -73 -99 0
-163 -409 -276 -245 -430 -319 -130 -73 -185 -374 -164 -379 -378 -352 -253 -106 -118 -355 -337 -168 0
-374 -276 -106 -245 -73 -379 -352 -253 -118 -337 -168 -295 -347 -193 -433 -190 -1 -396 -414 -99 0
-295 -1 -352 -347 -73 -118 -253 -168 -106 -379 -193 -190 -91 0
346 -155 -11 -418 -114 -337 -379 -163 -1 -193 -197 -91 -97 -253 -118 -106 -445 -55 -190 -432 -132 0
431 -111 -18 -11 -269 -90 -379 -337 -189 -39 -415 -163 -364 -235 0
-97 -337 -379 -106 -193 -91 -118 -253 -352 -347 -1 -190 -73 -374 -168 0
410 -299 -308 -369 -140 -84 -233 -443 -329 -193 -56 -1 -350 -395 -341 -152 -363 -48 0
-337 -374 -193 -1 -379 -73 -352 -253 -106 -118 -168 -91 -190 -347 0
195 -442 -1 0
-442 -1 -193 0
353 -351 -287 -310 0
432 -287 -352 -310 -418 -113 -379 -163 -1 -193 -91 -97 -253 -118 -106 -445 -55 -190 -131 -347 0
-1 -91 -352 -253 -347 -379 -193 -73 -118 -106 -190 -168 0
93 -366 -198 -133 -97 0
354 -337 -307 -379 -442 -193 -91 -328 -190 -73 -347 -168 -253 -118 0
194 -114 -84 -449 -368 -298 -379 -307 -129 -337 -413 -442 -91 0
375 -430 -97 -91 -193 -379 -307 -337 -413 -442 -328 -55 -190 -197 -130 0
346 -55 -190 353 -310 -373 -97 -91 -193 -379 -307 -337 -413 -442 -328 0
-97 -363 -379 -337 -318 -442 -193 -91 -118 -253 -347 -190 353 -307 -328 -73 -168 0
195 -378 -379 -352 -253 -106 -118 -355 -337 -168 -164 -374 -190 -446 -73 -347 -98 -442 -91 0
-337 -91 -352 -253 -106 -118 -168 -193 -190 -73 -347 -379 0
375 -89 -163 -188 -106 -379 -135 -79 -328 -148 -45 -446 -55 -394 -414 -190 -352 -430 -320 -130 -347 -310 0
194 -97 -352 -310 -328 -55 -190 -373 -163 -106 -379 -79 -394 -347 -118 -253 -91 0
354 -163 -90 -106 -189 -379 -134 -79 -328 -447 -55 -44 -190 -413 -321 -73 -373 -394 -347 -310 0
-97 -91 -190 -106 -73 -352 -379 -118 -253 -347 -193 -168 0
57 -233 -442 -193 -91 -307 -134 -95 -237 -84 -130 -350 -328 -190 0
92 -414 -45 0
365 -110 -126 -156 -11 -86 -408 0
373 -156 -73 -193 -91 -366 -126 -11 -86 -408 -350 -56 -442 -307 -95 -237 -130 -328 -190 -106 -113 0
165 -86 -11 -430 -319 -113 -374 -73 -193 -91 -366 -126 -350 -56 -442 -307 -95 -130 -328 -190 -106 -379 -38 0
-91 -193 -73 -190 -106 -379 -352 -118 -347 -253 -168 0
107 -363 -292 -440 -129 -298 -449 -410 -318 -146 -447 -114 0
316 -363 -449 -379 0
1 -298 -368 -114 -84 -449 -292 -129 -146 -440 -410 -447 -379 -395 0
309 -189 -447 -118 -410 -129 -79 -146 -114 -449 -84 -379 -368 -337 -298 0
147 -160 -79 0
316 -449 -395 -379 0
145 -316 -449 -447 0
445 -1 -73 -193 -253 -190 -106 -118 -168 -202 -430 -379 -352 -145 -347 -374 0
-430 -327 -379 -296 -118 -447 -73 -193 -253 -190 -106 -168 -352 -347 -374 -84 -146 -368 -3 -440 -237 0
-374 -328 -118 -73 -193 -253 -190 -106 -168 -352 -347 -379 -130 0
448 -189 -193 -2 -396 -79 -318 -147 0
449 -318 -379 -396 0
447 -371 -326 -379 -83 -2 -193 -113 -79 -147 -450 -366 354 -253 -118 -106 0
361 -309 -83 -182 -369 -298 -113 -414 -106 -396 -93 -193 -153 -292 -441 0
-337 -409 -193 -73 -190 -352 -295 -118 -106 -97 -379 -430 -145 -316 -253 -202 -168 -396 -362 -83 -182 -369 -298 -113 -414 -93 -153 -292 -441 -338 0
-328 -130 -193 -73 -190 -352 -118 -379 -253 -168 -347 -106 0
395 -316 -193 -1 -190 -352 -118 -106 -379 -73 -253 -168 -347 0
-374 -54 -235 -106 -430 -447 -73 -193 -253 -190 -118 -168 -1 -379 -352 -145 -347 -202 0
362 -447 -190 -430 -130 -106 -73 -193 -253 -118 -168 -379 -352 -347 -449 -316 0
-447 -449 -430 -73 -193 -190 -352 -118 -106 -379 -316 -253 -168 -361 -130 -347 0
447 -361 -379 -235 -163 -133 -316 -106 0
-396 -430 -106 -379 -73 -193 -190 -352 -118 -316 -253 -168 -130 -347 0
-430 -316 -193 -253 -190 -106 -118 -168 -379 -352 -347 -73 -130 0
-316 -130 -106 -73 -352 -118 -190 -347 -253 -168 -379 -193 0
446 316 -379 -352 -163 -190 -55 -347 -310 -373 -235 -130 -133 -106 0
-130 -193 -352 -73 -118 -347 -253 -190 -106 -168 -379 0
-316 -39 -163 -379 -155 -432 -372 -447 -146 -269 -79 -90 -188 -193 -376 -105 -395 -317 0
-193 -347 -106 -73 -118 -352 -253 -379 -190 -168 0
165 -38 -53 0
431 -53 -168 -118 -253 -295 -352 -190 -347 -73 -105 -338 -442 -1 -395 -362 -409 0
373 -163 -253 -106 -118 -352 -348 -168 -53 0
341 -287 -351 -244 0
52 -226 0
-163 -237 -1 -106 -442 -53 -244 -66 -47 -91 -295 -362 -73 -395 -118 -253 -352 -190 -168 -130 -375 -348 0
380 -130 -295 -253 -73 -168 -1 -106 -442 -244 -91 -362 -395 -352 -190 -118 -430 -347 -409 -229 0
-53 -319 -375 -253 -106 -118 -352 -163 -168 -348 -1 -442 -244 -237 -47 -91 -295 -362 -73 -395 -190 -130 0
167 -156 -11 -73 -295 -170 -376 -118 -197 -253 -168 0
432 -163 353 -130 -168 -73 -295 -170 -118 -253 -190 -106 -352 -1 -442 -244 -91 -362 -395 -48 -409 0
164 -133 -91 -295 -352 -118 -190 -347 -73 -253 -168 -374 -106 -37 0
166 -340 -48 -244 -350 -374 -311 -295 -352 -118 -190 -347 -73 -253 -168 0
167 -236 -170 -155 -197 -163 -253 0
-163 -435 -106 -329 -383 -65 -295 -151 -54 -73 -91 -48 -352 -118 -190 -347 -253 -168 -244 -170 -430 353 -130 -1 -442 -362 -395 -409 0
-130 -362 -295 -430 -118 -106 -253 -168 -352 -190 -347 -73 -395 -409 -379 0
348 -295 -352 -118 -190 -347 -73 -253 -168 -430 0
-374 -97 -295 -379 -352 -118 -190 -347 -73 -253 -168 -430 -409 -106 0
-97 -295 -379 -106 -73 -118 -253 -352 -316 -430 -168 -190 -347 -409 0
445 -430 -106 -253 -379 -73 -118 -168 -352 -190 -347 -316 0
375 -39 -379 -363 -163 -396 -235 -352 -430 -190 -55 -347 -310 0
-430 -447 -379 -352 -190 -168 -118 -253 -316 -106 -347 -73 0
430 -244 -73 -168 -352 -253 -118 -347 0
431 -395 -130 -379 -352 -168 -118 -253 -106 -347 -73 -190 -373 0
-395 -295 -352 -190 -168 -118 -253 -106 -347 -73 -379 -97 0
-295 -97 -352 -190 -168 -118 -253 -106 -347 -73 -379 0
-130 -395 -97 -379 -253 -352 -118 -106 -190 -168 -347 -73 0
-395 -97 -352 -190 -168 -118 -253 -106 -347 -73 -379 0
-97 -347 -190 -379 -352 -168 -118 -253 -106 -73 0
-447 -347 -352 -190 -168 -118 -253 -106 -379 -73 0
312 -171 -229 -379 -378 -253 -106 -118 -352 -168 373 -355 -244 -134 -430 -366 -73 0
144 -156 -244 -11 0
-163 -144 -229 -171 -379 -378 -253 -106 -118 -352 -168 373 -355 0
163 -362 -1 -411 -395 -276 -379 -244 -38 -134 -430 -366 0
-163 -244 -11 -229 -171 -379 -378 -253 -106 -118 -352 -168 373 -355 -164 0
-347 -190 -253 -106 -118 -352 -168 -379 -73 0
-190 -430 -106 -73 -118 -253 -168 -352 -379 0
120 -295 -445 0
-295 -445 -118 0
-414 -45 -93 -413 0
52 -187 -93 -397 -135 -236 -73 -185 -304 -163 -288 -350 -39 0
375 -316 -90 -114 -379 -163 -447 -39 -79 -146 -105 -395 -317 -93 -135 -73 -304 -357 -198 -352 -310 -430 -130 0
-53 165 -1 374 -168 -73 -156 -93 -135 -237 -94 -341 -304 -276 -54 0
92 -5 -267 -102 -1 -64 -415 -94 -447 -316 -128 -366 -237 -146 -414 -135 0
-5 -267 -102 -1 -64 -231 -105 -339 -93 -415 -94 -447 -316 -128 -366 -237 -146 -414 -135 0
-316 -447 -146 -105 -93 -135 -94 -304 -102 -430 -321 -130 -114 -373 -90 -379 -163 -39 -79 -395 -317 -73 -357 -198 -352 -310 0
-447 -310 -73 -130 -373 -352 -430 -395 -379 -94 -163 -79 -97 -253 -118 -106 -445 0
375 -193 -55 -104 -395 -379 -362 -43 -411 -237 -73 -186 -412 -430 -320 -130 0
-93 -316 -379 -79 -253 -118 -106 -104 -163 447 -395 -430 -130 -352 -167 -73 -373 -55 -320 -92 0
236 -414 -73 -352 -310 -395 -45 -362 -147 -379 -449 -38 -430 -163 0
-316 -320 -395 -130 -373 -304 -430 -94 -73 -352 -310 -379 -163 -79 -253 -118 -106 -104 447 -167 -55 -92 0
-97 -395 -118 -352 -430 -73 -379 -163 -253 -106 -168 0
361 -442 -307 -269 -267 -101 -121 -408 -113 -366 -374 -126 -11 -110 -156 -430 -148 -411 -395 0
-395 -163 -379 -106 -430 -352 -118 -347 -253 -168 -73 0
-318 -450 -317 -379 -396 0
432 -362 -445 -317 -379 -396 0
395 -130 -430 -445 -379 -73 -168 -253 -118 -352 0
431 -430 -106 -352 -118 -253 -168 -379 -73 0
120 -430 -118 -352 -168 -73 -379 -253 -106 0
-163 -430 -253 -168 -352 -118 -73 -379 -106 0
-430 -73 -352 -118 -253 -168 -379 -106 0
354 -97 -118 -73 -253 -447 -346 0
-97 -361 -379 -163 -316 -106 -447 -73 -253 -118 -352 -168 0
97 -346 -352 -118 -253 -168 0
-447 -395 -379 -106 -73 -253 -118 -352 -168 0
447 -163 -154 -379 -73 -448 -310 -352 -346 -253 -118 -106 0
-73 -379 -352 -106 -253 -118 -168 0
432 353 -190 -310 -55 -373 0
394 -246 -352 -97 -430 -374 -253 -106 -118 -168 -38 -53 -379 -350 -288 -203 -449 -363 0
-160 -79 -145 0
119 -334 -377 -357 -253 0
-347 -361 -253 -118 -106 -379 -97 -163 -409 -154 -412 -430 -373 -190 354 -55 -310 0
354 -430 -379 -163 -409 -154 -118 -253 -106 -97 -412 -373 -190 -55 -310 -395 0
255 -365 -407 -48 -379 -106 -53 -321 -38 -85 -412 -150 -132 -347 -97 0
348 -417 -187 -269 -114 -102 -391 -121 0
52 -376 -336 -38 0
371 -203 -449 -181 -145 -79 -283 -7 0
-430 -97 -379 -106 -253 -395 -352 -118 -168 -163 0
394 -135 -364 -93 -187 348 -269 -102 -391 -412 -106 -110 -397 -6 -285 -407 -59 -242 -85 -362 0
365 -325 -93 -412 -135 0
-53 -52 -187 -269 -373 -102 348 -391 -412 -364 -93 -11 -448 -235 -154 -379 -163 -90 -38 0
-38 -305 -94 -235 -163 -187 -269 -373 -102 348 -391 -412 -364 -93 -11 -448 -154 -379 -90 -376 -336 0
365 -269 -251 -102 -372 -123 -111 -408 -93 -412 -135 0
348 -187 -364 -412 -235 -154 -163 -106 -94 -373 -448 -379 -295 -118 -97 -352 -253 0
237 -133 -106 -306 -38 -94 0
91 -38 -145 -448 -12 -379 -154 -364 -412 -163 -235 -106 -306 -94 0
366 -407 -12 -87 -326 0
164 -330 -141 -403 -397 -187 -364 -12 -87 -326 -114 -106 -38 -306 -94 -235 0
-38 -79 -145 -141 -87 -448 -361 -94 -12 -379 -235 -154 -163 -364 -114 -106 -306 -420 -55 -351 -412 -92 0
-97 -395 -163 -379 -106 -352 -253 -118 -168 0
-395 -163 -379 -106 -352 -253 -118 -168 0
365 -93 -97 -253 -348 -236 -432 0
431 -373 -190 354 -55 -310 0
-53 -38 -397 -187 -12 -106 -270 -94 -412 -379 -154 -163 -357 -253 -295 -352 -198 -118 -97 -450 -348 -431 0
-235 -364 -352 -85 -60 -7 -412 -325 -373 -149 -106 -431 -38 -379 -154 -163 -94 -125 -93 354 -97 -253 -118 -295 -304 -237 0
-364 -93 -352 -85 -60 -450 -7 -97 -149 -412 -106 -48 -325 -373 -431 -38 -379 -154 -163 -94 -125 354 -253 -118 -295 -304 -237 0
364 -48 -409 -373 -97 -431 -198 0
432 -82 -416 -403 -187 -195 -245 -341 -48 -409 -373 0
-38 -7 -352 -431 -187 -373 -94 -55 -97 -412 -450 -149 -106 -379 -154 -163 354 -253 -118 -295 -397 0
-163 -379 -118 -106 -352 -253 -168 0
300 -372 -7 0
39 -438 -140 -269 -366 -113 -121 -374 -126 -11 -430 -148 -395 -56 -350 -190 -130 -91 -89 -412 -316 -409 163 -379 -106 0
-379 -106 -352 -118 -253 -168 0
445 -410 -361 -318 0
-159 -129 -204 0
156 -368 -265 -63 -336 -114 -417 -300 -253 -78 -118 -372 -445 -106 -135 -147 -93 -155 -45 -310 353 -279 -327 -124 0
447 -93 -97 -253 -135 -118 -106 0
92 -43 -412 0
413 -55 431 -373 -352 -310 -73 0
346 -85 -155 -265 -63 -336 -114 -417 -300 -253 -78 -118 -372 -445 -106 -135 -147 -93 -45 -310 353 -279 -327 -124 -150 -132 0
237 -3 -55 -191 -132 -336 37 -265 -114 -417 -253 -78 -118 -372 -445 -106 -135 -147 -93 -155 -45 -310 353 -279 -327 -124 -102 -90 -391 -347 -150 -408 -52 -163 -133 -38 -94 0
-187 348 -193 -102 -160 -3 -417 -269 -391 -114 0
348 -191 -55 -328 -132 -265 -336 -114 -417 -253 -78 -118 -372 -445 -106 -135 -147 -93 -155 -45 -310 353 -279 -327 -124 -58 -408 -163 -38 -52 -90 -193 -102 -160 -3 -391 0
89 -187 -372 -160 -111 -78 0
77 -298 -372 0
300 -389 -372 0
-135 -187 -372 -78 -361 -389 -395 -118 -106 -449 145 -445 -133 -97 -253 -93 0
-187 -193 -229 -118 -78 -197 -372 -445 -365 -236 -106 -361 -389 -395 -449 145 -133 -97 -253 -93 0
-135 -300 -265 -155 -114 -253 -78 -118 -372 -445 -106 -147 -93 -45 -310 353 -279 -327 -132 -347 -55 -58 -163 -38 -52 -193 -102 -236 -133 -94 -365 -252 -97 -88 -449 145 0
91 -372 -155 -229 -253 -58 -52 -118 -78 -445 -114 -365 -236 -106 -265 -147 -93 -45 -310 353 -279 -327 -132 -347 -55 -163 -38 -94 -97 -449 -361 0
-97 431 -253 -412 -106 -163 -38 -352 -118 -373 -168 0
431 -38 -352 -118 -168 -253 -106 -163 -412 -373 0
-135 -445 -372 -93 -412 -131 -348 -253 -118 -237 -97 -106 0
-445 -372 -412 -361 -310 -352 -375 -167 -93 -118 -348 -253 -317 -146 -106 -131 -237 -97 0
445 -411 -361 -317 0
299 -390 -9 0
154 -187 -193 -287 -244 -351 -90 -418 -87 -125 -12 0
155 -406 -87 -163 -12 0
-135 -351 -52 -252 -270 -193 -287 -12 -156 -163 -58 -253 -198 -299 -113 -118 -366 -237 -106 -445 -133 -97 -93 0
188 -397 -160 0
-93 -131 -265 -229 -156 -163 -337 -52 -253 -113 -366 -317 -118 -445 -106 -287 -58 -237 -97 -146 -352 -310 -412 -361 -375 -167 -348 0
432 -373 -253 -412 -163 -106 -352 -168 -118 0
38 -163 -52 0
120 430 -118 -352 -253 -106 -412 -168 -97 -445 0
-97 -445 -163 -352 -106 -93 -253 -118 -412 -168 0
-445 -93 -352 -118 -168 -412 -253 -163 -106 0
119 -187 -364 -106 -163 -235 -38 -94 -352 -93 -346 -97 -295 -253 0
236 -305 -38 -163 -94 0
-97 -93 -412 -163 -352 -118 -253 -106 -168 0
-373 -430 -352 -118 -168 -253 -106 -163 -412 0
364 -89 -187 -87 -417 -408 0
-93 -163 -118 -168 -253 -106 -352 -412 0
295 -124 -154 -419 -74 0
155 -89 -371 -187 -388 -270 -101 -122 -141 -330 -94 -364 -235 -38 -326 -163 -12 0
-97 -163 -352 -118 -168 -253 -106 -412 0
-163 -412 -352 -118 -168 -253 -106 0
92 -430 -118 -448 -361 -412 163 -366 0
-412 -106 -118 -352 -253 -168 0
354 -155 -163 -94 -235 -418 -364 -351 -325 -38 -73 -184 -310 -118 -253 -97 -447 0
353 -102 -325 -364 -336 -410 -90 -304 -94 -160 -235 -52 -111 -229 -163 -194 -73 -184 -127 -373 -351 -310 -198 0
-445 -321 -127 -94 -163 -448 -373 -351 -325 -73 -310 -118 -253 -97 -447 -352 -90 -52 -229 -194 -198 -134 -147 -106 -437 0
120 -97 -118 -352 -253 -168 -163 -106 0
432 -101 -73 -46 -310 -320 -229 -195 -89 -160 -110 -127 -325 -163 -94 -38 -448 -373 -364 -235 0
-445 -430 -265 -320 -127 -94 -448 -373 -195 -73 -46 -310 -229 -89 -325 -163 -38 -135 -146 -106 -438 -446 -118 0
-430 -55 -310 -373 -352 -448 -73 -118 -254 -253 -97 -146 -265 -127 -94 -195 -46 -229 -89 -325 -163 -38 -135 -106 -446 0
-97 -163 -118 -253 -352 -106 -168 0
226 -335 -62 0
375 -226 -350 -304 -118 -361 -95 -126 -448 -237 -156 -66 -46 -430 -319 0
431 -195 -91 -89 -417 -408 -134 -11 -366 -237 -156 0
-163 -106 -118 -352 -168 -253 0
432 -370 -106 -113 -126 -374 -235 -154 0
-106 -168 -118 -253 -352 0
354 341 -244 -310 0
39 -10 -347 -298 -253 -109 -97 -325 -196 -78 -352 -244 -310 -361 -46 -381 -406 -54 -304 -163 0
154 -318 -253 -347 -118 -445 -97 -392 -449 -196 -352 -310 -46 -381 -163 -37 -298 -109 -325 -78 -361 -406 0
450 -196 -129 -253 -392 -347 -118 -321 -445 -97 -94 -449 -413 -352 -406 -37 -310 -163 -155 -298 -109 -325 -410 0
364 -97 -413 -253 -118 -445 -410 -129 -109 -79 -449 -392 -347 -321 -94 -352 -37 -310 -163 -155 -298 -416 0
-38 -376 -163 -336 -37 0
-447 -395 -449 -135 -94 -430 -321 -114 -373 -163 -79 -198 -352 -310 -37 -347 -392 -97 -356 -253 -118 -445 0
39 -275 -187 -46 -269 -395 -385 -101 -361 -288 -350 -318 -449 -54 -304 -163 0
353 -187 -163 -37 -253 -385 -288 -449 -392 -132 -347 -410 -118 -135 -94 -430 -321 -114 -373 -79 -198 -352 -310 -97 -445 0
-97 -94 -163 -253 -118 -352 -430 -298 431 -168 0
235 -430 -168 -253 -118 -352 -163 431 0
237 -163 -168 -37 -304 0
160 -366 -310 -73 -133 -97 -10 -244 -352 -340 -287 -418 -124 -109 -399 0
354 -38 -163 -37 -253 -393 -118 -97 -445 449 0
-38 -97 -352 -163 -253 -118 -168 0
353 -93 -73 -310 432 -55 -373 0
188 -101 -253 -436 -118 -377 -334 -352 -73 -310 432 -55 -373 -133 -417 0
160 -398 -188 0
354 -328 -386 -140 -215 -298 -128 -425 -65 -377 -101 -320 -97 -393 -253 -118 -379 432 -445 449 -334 -310 0
-97 -163 -253 -118 -168 -352 0
312 92 -366 -350 -408 -417 -89 -418 -126 -11 -186 -73 -156 -340 0
154 -366 92 -408 -417 -89 -350 -398 -418 -109 -126 -11 0
12 -187 -325 -408 -417 -89 -366 0
-188 -187 -161 -398 0
380 -443 -194 -337 -229 0
Solved
