110 -497 -190 -340 -454 -300 -265 0
193 -480 -145 -223 -333 0
545 -111 -322 -148 -154 -97 -145 -223 -481 -190 -340 -454 -265 -406 -67 -382 -463 -289 0
324 -481 -508 0
-481 -322 -508 0
194 -550 -442 -67 -235 -485 -17 -479 -380 -223 -299 -145 -498 -331 0
323 -145 -223 -235 -406 -544 -382 -289 -61 -97 -523 -499 -313 -79 -277 -154 -508 -292 -148 0
298 -497 -194 0
571 -223 -391 -406 -196 -544 -382 -289 -142 -97 -523 -499 -79 -154 -508 -292 -148 -235 0
300 -194 -497 0
149 -442 -265 -454 -235 -187 -550 -229 -67 -435 -485 -97 -279 -154 0
230 -386 -5 -453 0
129 -185 -555 -347 -22 -319 -264 -259 -199 -499 -151 0
68 -325 -213 -499 -180 -292 -315 -522 -485 -128 -555 -347 -22 -199 -151 -229 -187 -467 -265 -163 -380 -454 -17 -235 -442 -550 0
424 -159 -79 -142 -63 0
69 -522 -485 -424 0
465 -442 -235 -138 -550 -230 0
-442 -550 -126 -380 -347 -22 -199 -499 -151 -295 -128 -57 -265 -163 -454 -235 -147 -69 -464 -138 -230 0
129 -230 -138 -347 -354 -63 -360 -79 -547 -292 -435 -244 -199 -499 -295 -151 0
-230 -57 -183 -331 -199 -464 -547 -126 -380 -347 -22 -499 -151 -295 -128 -159 -265 -163 -454 -235 -147 -69 -138 -354 -63 -360 -79 -292 -435 -244 0
200 -442 -235 -550 -69 -63 -464 -79 -331 -142 -159 -244 -183 -151 0
-442 -550 -453 -69 -265 -464 -454 230 -235 -128 -57 -547 -199 -63 -79 -331 -142 -159 -244 -183 -151 0
129 -423 -503 -347 -235 -354 -63 -79 -547 -292 -244 -199 -499 -151 0
486 -159 -183 -331 -199 -464 -547 -69 -265 -454 -235 -128 -63 -79 -142 -244 -151 -503 -347 -354 -292 -499 -126 -380 -22 -295 -163 -147 -360 -435 0
-230 -560 -292 -142 -79 -380 -475 -235 -319 -199 -69 -63 -464 -331 -159 -244 -183 -151 -128 -347 -354 -360 -547 -435 -499 -295 -136 -229 0
498 -128 -1 -295 -235 -292 -142 -79 -380 -475 -199 -63 -464 -244 -151 -354 -547 -499 -148 -154 -541 -126 -97 -265 -454 -503 -22 -163 -223 -480 -194 0
236 -550 -464 -387 -69 -265 -230 -454 -442 0
-550 -69 -354 -459 -63 -55 -426 -387 -230 -517 -464 -265 -454 -442 -235 0
-69 -55 -278 -230 -486 -464 -354 -459 -63 -506 -426 -387 -517 -265 -454 -442 -235 0
69 -442 -265 -454 -235 -387 -230 -464 0
-442 -230 -486 -128 -278 -464 -354 -459 -63 -506 -426 -387 -517 -265 -454 -235 0
80 -157 -426 -142 -63 0
68 -550 -235 -134 -442 -137 -452 -387 0
-550 -69 -199 -235 -526 -369 -547 -442 -354 -55 -63 -486 -464 -426 -282 -134 -137 -452 -387 0
133 -18 -235 -380 -452 -314 0
-194 -497 -151 -199 -547 -235 -517 -454 -499 -376 -292 -142 -79 -148 -154 -97 -244 -1 -295 -475 -541 -22 -163 -223 -544 -289 -382 -406 -391 0
136 -5 -453 -386 -135 0
434 -56 -547 -151 -199 -244 -128 -388 -295 0
267 -560 -103 -244 -142 -299 -497 -435 -547 -151 -199 -128 -295 -46 -475 -453 -135 -138 -386 -187 0
549 -346 -437 -151 -235 -442 -69 -63 -464 -79 -550 -142 -331 -244 -159 -568 -199 0
136 -18 -289 -522 -544 -499 -128 -199 -547 -437 -151 -235 -442 -69 -63 -464 -79 -550 -142 -331 -244 -159 -568 -439 -53 -479 -515 -485 -386 0
385 -187 -547 -151 -199 -244 -128 -388 -295 -435 -5 0
498 -467 -388 -261 -244 -151 -199 -547 -437 -235 -442 -69 -63 -464 -79 -550 -142 -331 -159 -568 -479 -289 -544 -299 0
237 -464 -299 -497 -244 -151 -199 -547 -235 -442 -63 -391 -79 -550 -142 -479 -289 -544 -22 -475 -522 -499 -103 -435 -295 -541 -332 -230 -219 -192 -454 0
67 -54 -497 -522 -516 -435 -129 -544 -235 -230 -550 -442 -464 0
-464 -230 -199 -151 -244 -544 -497 -63 -522 -79 -142 -332 -435 -235 -547 -550 -442 -299 -391 -479 -289 -22 -475 -499 -103 -295 -541 -219 -192 -454 0
464 -550 -391 -235 -435 -299 -63 -442 -497 -289 -244 -544 0
236 -55 -497 -299 -406 -382 -289 -142 -544 -332 -485 -464 -69 -550 -454 -442 0
237 -69 -289 -522 -544 -499 -464 -199 -547 -128 -151 -235 -442 -541 -63 -79 -550 -142 -244 -479 -485 -332 -137 -192 -134 -454 -452 0
-69 -128 -442 -497 -299 -406 -382 -289 -142 -544 -332 -485 -464 -550 -454 -235 -522 -499 -199 -547 -151 -541 -63 -79 -244 -479 -137 -192 -134 -452 0
69 -464 -79 -142 -63 -332 -522 -485 0
-550 -63 -442 -497 -299 -406 -382 -289 -142 -332 -454 -235 -522 -499 -199 -547 -151 -541 -544 -79 -244 -479 -192 -279 -507 -435 -391 -22 -475 -103 -295 -219 0
465 -63 -475 -235 -199 -151 -103 -244 -547 -79 -541 -142 -497 -299 -406 -479 -382 -289 -544 -332 -67 0
-63 -442 -497 -289 -544 -475 -235 -199 -151 -103 -244 -547 -79 -541 -142 -299 -406 -479 -382 -332 -522 -454 -499 -192 -279 -507 -435 -391 -22 -295 -219 0
63 -281 -391 -299 -497 -499 -544 -292 -142 -289 -79 0
129 -147 -571 -560 -7 -142 -514 -79 -386 -103 -292 -435 -244 -499 -295 -151 0
463 -69 -79 -497 -292 -544 -499 -127 -571 -7 -514 -103 -435 -244 -295 -151 -541 -63 -332 -142 0
465 -192 -454 -235 -63 -299 -79 -547 -406 -292 -435 -244 -199 -382 -499 -295 -151 -289 -127 -544 -475 -103 -541 -142 -497 -479 -332 0
-69 -522 -79 -292 -142 -499 -497 -127 -544 -465 -571 -7 -514 -103 -435 -244 -295 -151 -541 -63 -332 0
-497 -244 -292 -499 -151 -544 -79 -142 -571 -7 -103 -295 -541 -454 -235 -547 -406 -199 -382 -289 -475 -391 -22 -148 -154 -340 -97 -517 -376 -1 -163 -223 0
127 -444 -151 -178 -199 -235 -547 -244 -57 0
463 -69 -292 -244 -499 -151 -129 -199 -235 -547 -148 -154 -97 -194 -479 -521 -424 -178 0
157 -183 -194 -223 -332 -479 0
127 -332 -194 -299 -142 -158 -223 -479 -244 -178 -199 -235 -547 -444 -151 0
-69 -178 -194 -479 -163 -454 -235 -340 -547 -244 -199 -499 -151 -129 -299 -142 -158 -223 -465 -292 -148 -154 -97 -521 -424 0
-332 127 -391 -299 -223 -194 -125 -479 -424 69 -547 -199 -151 -244 -178 -235 -142 -158 -352 0
127 -352 -292 -499 69 -454 -235 -391 -299 -194 -479 -547 -481 -199 -508 -151 -163 -523 -244 -178 -465 -223 -125 -424 -142 -158 0
61 -465 -158 -194 -223 -479 -571 -475 -142 -235 -79 -103 -547 -292 -434 -244 -199 -499 -295 -151 -129 -454 -391 -299 -508 -163 -523 -125 -541 -340 -148 -154 -97 -521 0
67 -55 -479 -547 -194 -199 -223 157 -465 0
-332 -363 -326 -97 -354 69 -180 -391 -55 -244 -299 -547 -151 -194 -223 -199 157 -479 0
246 -374 -526 -186 -547 -248 -181 -438 -199 -151 -103 0
574 -163 -454 -235 -151 -103 -391 -97 -541 -499 -292 -142 -79 -475 -295 -508 -523 -340 -148 -154 -289 -544 -7 -406 -382 -22 -376 -1 -196 0
245 -547 -199 -574 -151 0
-547 -244 -574 -151 -199 0
129 -479 -59 -541 -321 -235 -180 -224 -391 -406 -196 -544 -382 -289 -142 -97 -523 -499 -79 -154 -508 -292 -148 -329 -55 0
465 -61 -424 -79 -142 -289 -544 -332 0
62 -299 -406 -111 -382 -142 -289 -79 0
144 -147 -571 -329 -59 -560 -79 0
463 -62 -111 -79 -142 -329 -59 -508 -454 -523 -235 -180 -442 -541 -292 -424 -332 -69 0
-299 -464 -329 -59 -79 -142 -424 -111 -69 -224 -406 -442 -479 -382 -235 -289 -508 -180 -544 -332 -541 -454 -523 -292 0
299 -424 -541 -59 -79 -142 -332 -97 -183 -479 -224 -391 -406 -196 -544 -382 -289 -523 -499 -154 -508 -292 -148 -235 0
143 -299 -526 -508 -523 -391 -180 -240 -292 -62 -111 -79 0
300 -352 -132 -526 -390 -391 -379 0
298 -159 -332 -498 0
-424 -526 -499 -544 -292 -142 -289 -79 -390 -391 -332 -508 -523 -180 -240 -111 -235 -442 -69 -329 -59 -224 -406 -479 -382 -541 -454 -97 -183 -196 -154 -148 0
-299 -157 -391 -499 -544 -292 -142 -289 -79 -332 -61 -526 -508 -523 -180 -240 -111 -406 -382 0
-479 -69 -289 -382 -406 -391 -499 -544 -292 -142 -79 -332 -508 -523 -180 -240 -111 -97 -390 -235 -329 -59 -224 -541 -454 -183 -196 -154 -148 -128 -321 -55 0
144 -424 -97 -332 -329 -59 -79 -194 -541 -437 -347 -126 -163 -321 -454 -235 -499 -508 -180 -292 -63 0
-61 -526 -240 -265 -454 -235 -442 -194 -158 -369 -332 -69 -424 -354 -180 -464 -79 -142 -289 -544 -63 0
-424 -69 -332 -235 -464 -180 -111 -79 -142 -329 -59 -508 -454 -523 -541 -292 -240 -265 -194 -354 -289 -544 -63 -128 -499 -97 -437 -347 -126 -163 -321 0
-69 -240 -332 -79 -142 -235 -180 -111 -329 -59 -508 -454 -523 -541 -292 -289 -544 -128 -499 -97 -437 -163 -321 -391 -382 -406 -390 -224 -183 -196 -154 -148 -55 0
61 -452 -552 -292 -128 -499 -508 -465 -16 -523 -235 -180 0
425 -183 -332 -544 -219 -142 -289 -79 -552 -292 -128 -499 -508 -465 -523 -235 -180 -475 -59 -321 -186 -437 -541 0
-63 -465 -544 -332 -289 -79 -142 424 0
246 -332 -499 -544 -292 -142 -289 -79 -391 -508 -523 -406 -382 -541 -235 -196 -97 -154 -148 -55 -475 -454 -163 -199 -574 -151 -103 0
-424 -526 -397 -225 -475 -60 -18 -235 -442 -438 200 -63 -79 -142 -244 -151 -332 -541 -61 -289 -544 0
-63 -61 -225 -332 -544 -289 -79 -142 -397 -475 -60 -235 -438 200 -244 -151 -541 -97 -129 -406 -499 -382 -292 0
67 -87 -348 -438 -263 -163 -320 -454 -17 -235 -442 -465 0
528 -227 -239 0
425 -483 -438 -315 -263 -106 -397 -526 -239 -163 -320 -454 -17 -235 -442 -465 -479 -282 -195 -498 -182 -159 0
63 -438 -499 -544 -292 -142 -289 -79 -391 -397 -239 -163 -320 -454 -235 -182 -129 -406 -332 -382 -179 0
246 -454 -424 -235 -61 -442 -194 -332 -526 -180 -79 -142 -289 -544 -63 0
-541 -422 -229 -503 -453 -438 -63 -332 -544 -289 -79 -142 -61 -225 -60 -235 200 -244 -397 -499 -292 -543 0
-454 -453 -229 -63 -332 -544 -289 -79 -142 -61 -235 -499 -292 -550 -424 -194 -180 -456 0
527 -240 -228 0
-240 -518 -275 -244 -151 -441 -249 -36 -398 -64 -526 -228 0
240 -526 -64 0
528 -85 -264 -187 -200 -347 -386 -453 -249 -55 -229 -106 -64 0
436 -171 -347 -473 -147 -224 -200 -181 -106 -64 -526 -264 -187 -386 -453 -249 -55 -229 -185 0
111 -55 -200 -187 -151 -265 -244 0
-499 -194 -187 -386 -229 -63 -332 -544 -289 -79 -142 -61 -235 -292 -550 -424 -185 -180 -444 0
-194 -180 -386 -229 -63 -332 -544 -289 -79 -142 -61 -235 -292 -550 -424 -185 -187 -444 0
527 -223 -181 -147 -438 -171 -412 -34 -441 -275 -473 -106 -281 -64 -240 0
-180 -292 -444 -485 -142 -289 -79 -386 -229 -63 -332 -544 -61 -235 -550 -424 -185 -187 0
-526 -238 -528 -64 0
-292 -444 -235 -485 -142 -289 -79 -386 -229 -63 -332 -544 -61 -550 -424 -185 -187 0
-194 -442 -235 -331 -63 -550 -464 -79 -69 -142 -147 -244 -159 -151 -201 -219 -456 -266 -110 -353 -389 -369 -381 -480 -282 -300 -195 -497 0
-151 -412 -147 527 -181 -34 -441 -473 -106 -64 -240 -485 -480 -235 -331 -63 -550 -464 -79 -69 -142 -244 -159 -219 -266 -110 -353 -369 -381 -300 -195 -497 -444 -128 -152 0
237 -297 -435 -594 -131 -266 -282 -110 -497 -300 -381 -17 0
178 -421 -497 -473 -369 -98 -147 -187 -485 -386 -300 -543 -600 -235 -435 -594 -131 -110 -499 -128 527 -181 -34 -441 -64 -240 -480 -331 -63 -550 -464 -79 -69 -142 -244 -159 -219 -353 -195 -444 -152 -322 -482 -313 -229 -524 0
-194 -575 -199 -181 -87 -398 -263 -164 -455 -266 -110 -353 -369 -480 -282 -300 -195 -497 0
-528 -526 -485 -110 -369 -480 -300 -181 -353 -195 -497 -499 -128 -579 -322 -444 -524 -235 -179 -473 -98 -147 -187 -386 -543 -600 -435 -594 -131 -441 -64 -331 -63 -550 -464 -79 -69 -142 -159 -219 -152 -482 -313 -229 0
-526 -110 -300 -187 -386 -219 -313 -229 -179 -235 -444 -152 -353 -131 -128 -64 -485 -369 -480 -181 -195 -497 -499 -579 -322 -524 -473 -98 -147 -543 -600 -435 -594 -441 -331 -63 -550 -464 -79 -69 -142 -159 -482 0
-194 -244 -238 -110 -226 -393 -282 -300 -195 -497 0
456 -229 -138 -311 -235 0
236 -554 -185 -371 -436 -101 -543 -53 -600 -444 0
-61 -544 -63 -79 -142 -289 -332 -235 -424 -465 0
-497 -299 -194 0
298 -498 -240 -244 -142 -332 -352 0
237 -454 -521 -504 -125 -79 -421 -181 -87 -499 -348 -352 -132 300 -391 -526 -151 -116 -310 -244 -108 -424 -178 0
551 -199 -178 -299 -125 -391 -479 -424 127 -194 -352 -244 -235 -142 -332 -360 -398 -370 -263 -137 -348 -486 -87 -438 -188 -184 -465 -67 0
-454 -391 -178 -299 -125 -352 -479 -424 127 -194 -244 -235 -142 -332 -87 -465 -587 -310 -265 -249 -504 -79 -132 300 -526 -116 0
551 -69 -465 0
-69 -552 -465 0
184 -24 -17 -555 -320 0
236 -199 -178 -299 -125 -391 -479 -424 127 -194 -352 -244 -235 -142 -332 -398 -348 -87 -555 -465 -592 -408 -79 -217 -587 0
-199 -87 -181 -348 -116 -244 -108 -178 -235 -299 -125 -391 -479 -424 127 -194 -352 -142 -332 -398 -555 -465 -592 -408 -79 -217 -587 0
109 -526 -178 -235 -299 -125 -479 -424 -194 -352 -142 -332 -465 -79 -587 -132 -244 -129 -240 -536 0
68 -521 -486 -424 0
245 -299 -235 -178 -125 -479 -424 -194 -352 -142 -332 -465 -79 -587 -132 -244 -129 -240 -536 0
85 -184 -321 -437 -348 0
67 -170 -474 -504 -413 -437 -86 -321 -348 -55 -486 0
152 -474 -413 -541 -424 -68 -348 -486 -536 -168 -576 -147 -332 -194 -479 157 -199 -129 0
144 -199 -524 -587 -153 -413 -424 -68 -348 -486 -536 -168 -576 -147 -332 -194 -479 157 -481 -129 -600 -79 0
526 -280 -240 -132 0
-299 -244 -424 -79 -332 -194 -481 -142 -178 -235 -352 -465 -240 -289 -544 0
128 -64 -63 -142 -194 -497 -352 -79 -239 -544 -526 0
280 -64 -526 -352 -79 -63 -142 -426 -158 -332 -194 0
282 -130 -544 -194 -497 0
545 -479 -332 -194 -465 -289 0
153 -388 -99 -433 -587 -244 0
108 -116 -305 0
106 -116 -305 0
281 -305 -142 -194 -497 -352 -79 -544 -526 -129 -240 -244 -178 -63 -99 -433 -587 -132 0
280 -526 -63 -142 -79 -240 -352 -157 -132 0
528 -64 -227 0
-64 -526 -142 -392 -157 -352 -110 -227 0
-526 -536 -167 -199 -110 -235 -244 -178 -240 -142 -392 -157 -352 -346 -194 -497 -79 -544 -129 -63 -99 -433 -587 -132 -282 0
-479 -199 -79 -142 -178 -244 -240 -167 -481 -110 -235 -392 -352 -194 -497 -544 -63 -289 -332 -465 0
81 -313 -321 -380 -59 -18 -560 -292 -32 0
80 -32 -329 -62 -79 -142 -523 -111 -69 463 -235 -180 -424 -541 -292 -59 -332 -442 -219 0
-85 -499 528 -347 -200 -453 -249 -55 -64 -292 -321 -380 -59 -18 -79 -329 -62 -142 -523 -111 -69 463 -235 -180 -424 -332 -442 -219 -421 -503 -437 -86 0
246 -421 -199 -235 -244 -444 -347 -64 -380 -79 -62 -142 -69 463 -424 -332 -178 -588 -128 -239 -526 -352 -537 -392 -110 0
245 -526 -142 -110 -481 -392 -352 -588 -79 -128 -444 -235 -178 0
-64 246 -235 -244 -444 -347 -199 -380 -79 -62 -142 -69 463 -424 -332 -178 -588 -128 -526 -352 -537 -392 -110 -240 0
-526 -69 -79 -142 -62 463 -235 -424 -332 -244 -444 -347 -199 -380 -178 -588 -128 -352 -537 -392 -110 -240 -481 0
81 -437 -185 -555 -87 -481 -183 -313 -159 -292 -142 0
586 -292 -147 -79 -543 -600 -142 -185 -555 -87 -313 -159 -481 -199 -153 -105 0
-292 -376 -588 -147 -79 -543 -600 -142 -185 -555 -87 -313 -159 -481 -199 -153 -105 0
60 -413 -171 -436 -147 -543 -572 -560 0
-199 -244 -79 -235 -142 -240 -544 -194 -424 -332 -465 -289 -63 0
144 -64 -465 -332 -194 -289 -544 -497 -235 -247 -63 -142 -79 -424 -526 -392 -110 0
246 -64 -526 -247 -352 -235 -392 -178 -110 0
-64 -292 -497 -332 -194 -465 -289 -424 -142 -110 -392 -526 -79 -235 -63 -151 -244 -247 -544 -217 0
80 -485 -319 -289 -224 -105 -181 -587 -157 -600 -292 -217 -142 -63 0
-292 -526 -544 -465 -194 -424 -332 -142 -79 -63 -235 -289 -244 -240 0
245 -523 -586 -178 -151 0
292 -151 -178 -244 -481 0
81 -473 -380 -147 -313 -97 -224 -292 -217 -555 -87 -481 -437 -159 -185 -142 0
-244 -240 -142 -424 -194 -332 -465 -289 -544 -235 -79 -63 0
158 -109 -194 -142 0
528 -109 -465 -544 -332 -142 -158 -352 -227 0
-313 -200 -555 -87 -292 -481 -437 81 -159 -185 -142 -147 -380 -473 -97 -224 0
-240 -194 -142 -79 -424 -235 -465 -289 -332 -544 -63 0
437 -33 -560 -423 -541 -504 0
143 -97 -181 -86 -423 -152 -587 -215 -117 -235 -107 -178 -536 -246 -292 -111 -79 0
109 -262 -423 -310 -86 -332 -194 157 -479 -593 -296 -434 -554 -389 -481 -381 -16 -315 -523 -235 -107 -578 -178 -103 -536 -246 0
179 -348 -86 -262 -181 -201 -578 -454 -248 -523 -235 0
-64 -159 -235 -178 -246 -423 -332 -194 -292 -79 -142 -289 -544 -481 -228 -66 -528 -238 0
-159 -292 -194 -142 -528 -235 -178 -246 -423 -332 -352 -79 -289 -544 -481 -228 -66 -238 0
-64 -344 -99 -194 -219 -391 -455 -352 -235 -452 -133 -369 -230 -282 -108 -132 -66 -528 -238 0
-244 127 -352 -178 -125 -223 -479 -424 -391 -194 -299 69 -235 -142 -158 -332 -145 -219 -99 -379 -260 -388 -587 -246 0
199 -574 -223 -549 -183 0
180 -145 -481 -223 -183 -352 -178 -125 -479 -424 -391 -194 -235 -142 -158 -332 -219 -99 -587 -246 -188 -110 -484 -300 -465 -500 -228 -132 -129 -528 -369 -230 -282 -66 -238 -423 -33 -560 -542 -600 0
526 -188 -267 -456 -574 -219 -249 -151 -228 -129 0
-292 -194 -235 -424 -142 -332 -465 -289 -544 -79 -63 0
588 -85 -332 -465 -481 -157 -247 -194 -178 292 -235 -106 -128 -544 -289 0
-526 -194 -142 -332 -465 -178 -544 -289 -481 292 -235 240 0
-183 -199 -575 -332 -194 157 -479 0
-244 -194 -332 -481 -158 -142 -127 -79 -544 -289 -235 -178 292 -246 0
587 -127 -544 -289 -151 0
-194 -544 -289 -332 -142 -79 -235 -465 -424 -63 0
-157 -64 -63 -142 -79 -526 -292 -481 -194 -108 -332 -158 0
157 -289 -194 -142 -332 -292 -235 -544 -79 -63 0
245 -158 -292 -194 -142 -332 -481 -235 -587 -128 -178 -151 0
526 -66 -240 0
-79 280 -142 -526 -240 -157 -132 -62 -80 0
-64 -480 -437 -560 -407 -453 -292 -107 -587 -99 -481 -600 -62 -142 -240 -157 -80 -463 -380 -544 -390 -200 -282 -249 -66 0
-79 -551 -426 -235 -194 -142 -332 -292 -544 -62 -80 0
290 -183 -85 -167 -347 -535 -480 0
229 -133 -453 -137 0
-157 -453 -456 -481 -62 -235 -194 -142 -332 -292 -390 -444 -128 -240 -107 -437 -587 -600 -200 -249 -111 -158 0
63 -79 -587 -292 -481 -524 0
586 -219 -87 -200 -347 -181 -478 -456 -289 -594 -408 -89 -377 0
81 -87 -181 -347 -200 -478 -289 -97 -587 -456 -555 -298 -18 -481 -393 -501 -313 -111 -292 -142 0
527 -289 -478 -97 -18 -298 -194 -111 -481 -587 -589 -292 -142 -79 -181 -200 -456 -501 -230 -107 -280 -352 -64 -240 0
81 -589 -142 -181 -347 -200 -478 -289 -97 -587 -456 -555 -298 -18 -481 -87 -501 -313 -111 -292 0
-79 -200 -413 -437 -600 -292 -142 -587 -456 -18 -481 -111 -107 -240 -194 -128 -332 -235 157 -62 -524 0
201 -87 -437 -413 -217 -332 -194 157 -479 0
546 -229 -465 -370 -68 -358 -486 -390 -444 -57 -131 -128 0
199 -526 -521 -125 -18 -465 -128 -545 -68 -486 -390 -444 -292 -314 -554 -107 -280 -64 -147 -240 -97 -225 -576 -249 0
586 -577 -524 -105 0
290 -31 -142 -111 -212 -105 -571 -330 -354 -240 -147 -298 -521 199 -18 -465 -128 -68 -390 -444 -292 -314 -554 -107 -280 -64 -97 -576 -249 -408 -478 -384 0
527 -465 -68 -390 -444 -57 -128 -224 -478 -544 -496 -214 -554 -107 -280 -64 -240 0
-158 -481 -142 -292 -128 -587 -194 -332 -235 -178 -151 -244 0
-79 -61 -587 -292 -481 -178 -81 0
201 -97 -587 -178 -577 -244 -217 -151 0
588 -289 -292 -407 0
180 -103 -577 -523 -244 0
586 -577 -244 -178 0
-526 -465 -332 -194 -235 -380 -555 -481 -425 -407 -108 -178 -244 -292 -151 -587 -81 -142 -157 -64 -392 -110 -240 -528 0
-289 -422 -561 -229 -313 -465 -600 -292 -194 -332 -142 -235 -157 -159 -587 -481 -524 -81 -244 -178 -407 0
-465 -64 -332 -587 -292 -142 -235 -481 -244 -178 -128 -151 -194 0
-289 -520 -142 -157 -81 -99 -244 -178 -587 -290 -292 -407 0
-64 -481 -178 -244 -292 -151 -587 -142 -194 -332 -235 -128 0
-289 -497 -142 -157 -81 -244 -178 -587 -292 -194 -332 -235 -128 -526 -354 -481 0
-481 -128 -194 -235 -178 -244 -292 -151 -587 -142 -332 0
159 -299 -194 -111 -332 -142 0
588 -289 -587 -178 -244 -151 -194 -332 -142 -235 -292 -128 0
80 -523 -508 -322 -178 -292 -61 0
586 -508 -322 -178 -292 -61 -244 0
193 -157 -426 -332 -99 0
546 -449 -214 106 -282 -444 -131 -128 0
195 -314 -235 -18 -135 -544 -214 106 -444 -128 -390 -381 -478 -332 -298 0
282 -528 -240 -280 0
-128 -151 -587 -178 -244 -332 -194 -235 -292 -142 0
80 -465 -108 -17 -452 -500 -110 -235 -194 -142 -332 -292 -79 -289 -63 0
-544 -465 -332 -289 -79 -142 -63 -194 -235 0
64 -527 -239 0
66 -527 -239 0
195 -281 -229 -235 -455 -369 -219 -138 -97 0
526 -475 -201 -219 -97 -473 -304 -158 -115 -332 -194 -229 -235 -455 -369 -138 -323 -509 -330 -213 -33 -422 -66 0
217 -504 -110 -289 -478 -393 -438 -348 -354 -86 -369 -181 -138 -229 -235 -455 -201 0
-465 -438 -330 -414 -97 -110 -289 -235 -455 -201 -332 -194 -239 -527 -509 -213 -452 -599 -292 -142 -79 -63 -108 -17 -500 0
481 586 -178 -292 -244 0
-151 -244 -292 -194 -332 -178 -142 -235 -587 0
107 -348 -555 -199 -170 -87 -479 -332 -194 157 -16 -473 -244 -235 -306 -178 0
179 -271 -170 -16 -414 -235 0
-240 -526 -138 -531 -229 -235 -178 -436 -481 -314 -108 -199 -479 -332 -194 -473 -244 -306 -500 -127 -259 -507 -219 -352 -99 -393 -299 -142 -110 0
-526 -108 -436 -219 -199 -600 -473 -235 -424 -306 -178 -99 -244 -138 -531 -229 -481 -314 -479 -332 -194 -500 -127 -259 -507 -352 -393 -299 -142 -110 0
159 -135 -33 -453 -525 -481 -235 -579 -314 -178 -105 -108 -244 526 -194 -299 -332 -142 0
-240 -170 -500 -127 -271 -235 -199 -436 -181 -188 -265 -348 -454 -108 -178 -244 -226 -280 -528 -238 0
-465 -63 -235 -178 -292 -244 -194 -332 -142 -229 -289 -587 0
-63 -289 -178 -244 -142 -332 -194 -229 -292 -235 -587 0
129 -506 -229 -465 -170 -414 179 -235 -545 -500 0
-227 -187 -465 -70 -545 -532 -240 -280 -527 -226 -64 0
-289 -229 -235 -194 -332 -142 -244 -178 -292 -587 0
158 -280 -332 -465 -214 -544 106 -127 -194 -240 -239 0
-280 106 -99 -332 -157 -465 -214 -544 -194 -127 -240 -239 0
106 -157 -425 -239 -389 -17 -465 -332 -298 -194 -99 -214 -544 -127 -240 -328 -323 -482 -314 0
-157 -465 -199 -436 -99 -332 -194 -599 -17 -80 -544 -500 -142 -127 -452 -239 -229 -108 -425 -389 -298 -214 -240 -328 -323 -482 -314 0
107 -434 -592 -482 -314 -455 -69 -496 -194 -465 -17 -544 -500 -127 -452 -239 -229 -64 0
528 -304 -214 -496 -115 -544 -280 -127 -64 0
-465 -108 -544 -127 -240 -214 -592 -482 -314 -455 -194 -17 -500 -452 -239 -229 -99 -425 -332 -199 -436 -599 -80 -142 -389 -298 -328 -323 0
180 -240 -314 -127 -194 -544 -332 -229 -478 -214 -592 -500 -99 -199 -436 -80 -142 -298 -323 -105 -244 -235 -61 0
108 -64 -194 -199 -478 -446 -217 -214 -99 -426 -544 -127 -332 -465 -314 -229 -240 0
193 106 -127 -544 -214 -240 -64 0
-64 -465 -332 -99 -214 -544 -194 -127 -240 -390 -298 -235 -314 -18 -444 -478 -107 -199 -446 -217 -426 -229 0
-465 -426 -229 -194 -99 -332 -107 -214 -544 -127 -240 -390 -298 -235 -314 -18 -444 -478 -199 -446 -217 0
-240 -544 -127 -314 -229 -194 -99 -332 -214 -298 -235 -478 -199 -446 -80 -244 -61 -178 -592 -500 -436 -142 -323 -105 0
195 -465 -142 -544 -158 -393 -332 -298 0
282 -304 -214 -115 -194 -544 -130 0
-64 -389 -544 -298 -142 -332 -194 -214 -314 -353 -228 -108 -528 -238 -66 0
-229 -244 -194 -142 -235 -178 -332 -292 -587 0
193 -240 -551 229 -443 -244 -235 -314 -178 -64 -527 -498 -68 -132 -99 0
526 -240 -244 -106 -178 0
-240 -64 -498 -551 -194 -332 -142 229 -443 -244 -235 -178 -68 -527 -314 -132 -99 0
-64 -498 -244 -178 -551 -194 -332 -142 229 -443 -235 -68 -527 -314 -132 -99 0
497 -111 -194 -332 -142 -157 0
464 -544 588 -194 -332 -142 229 -235 -178 -244 -127 -292 0
236 -485 -136 -69 -133 -552 -451 -444 0
-544 -244 -178 -235 -127 -194 -332 588 -142 229 -292 0
-527 -526 -178 -194 -332 -142 229 -64 -235 -314 -99 497 -127 -244 0
-240 -64 -479 -199 -332 -194 -244 -235 -306 -178 -80 -99 -62 -299 -500 -127 -142 229 -314 0
-64 -244 -178 -479 -199 -332 -194 -235 -306 -80 -99 -62 -299 -500 -127 -142 229 -314 0
-244 -292 -178 -142 -194 -332 -235 -587 0
-544 -218 -292 -455 -194 -142 -465 -235 -240 -63 -332 -424 -587 -199 -434 -109 -151 -496 -127 -546 0
129 -578 -292 -455 -80 -87 -68 -218 -181 -551 -199 -443 -151 0
299 -289 -484 -478 -574 -181 -199 -151 -127 -292 -455 -87 -68 -218 -551 -443 -525 -142 -587 -109 0
79 -352 -368 -63 0
300 -79 -292 -314 -142 -380 -109 0
-218 -484 -478 -574 -181 -199 -151 -127 -292 -455 -87 299 -443 -525 -142 -587 -109 -465 -194 -235 -240 -63 -332 -424 -434 -496 -546 0
218 -455 -522 -424 -407 -500 -295 -579 -89 -465 -87 -127 -525 -377 -194 -142 -235 -240 -63 -332 -79 -574 -181 -151 -587 -199 -97 0
-240 -106 -142 -587 -194 -235 -332 -178 -292 -64 0
497 -379 -332 -194 -199 -281 -117 -306 -292 -18 -86 -587 -388 -151 -130 -127 -544 0
-497 -544 -587 -62 -352 -456 -574 -199 -151 -127 -292 -306 -142 -332 -194 -117 -109 -281 -130 0
-544 -554 179 -86 -248 -235 -587 -388 -151 -292 -194 -332 -142 -130 -127 -315 -281 -117 -306 -352 -574 -109 0
464 -133 -453 -486 -550 -231 0
331 -299 -376 -62 -306 -352 -117 -281 -292 -142 -194 -332 0
464 -486 -453 -231 -550 0
128 -496 -158 -62 -306 -352 -117 -281 -292 -142 -194 -332 -463 -453 -231 -574 -587 -199 -444 -151 0
-157 -299 -524 -103 -352 -587 -62 -306 -117 -281 -292 -142 -194 -332 -158 0
-299 -453 -231 -388 -289 -130 -281 -109 -463 -194 -332 -183 -524 -103 -352 -587 -62 -306 -117 -292 -142 0
-106 -64 -332 -194 -142 -587 -235 -178 -292 0
-544 -63 -332 -142 -194 -235 -587 -151 -127 -545 0
293 -219 -235 195 -229 -138 -369 -281 -434 -388 -379 -501 -313 0
129 -199 -80 -292 -235 195 -229 -138 -369 -281 -434 -388 -379 -313 -587 -151 0
-199 -138 -473 -145 -86 -574 -183 -587 -151 -127 -80 -292 -235 195 -229 -304 -369 -281 -434 -388 -379 -313 0
-230 -289 -587 -63 -80 -391 -194 -64 -235 -369 -108 -66 -238 -388 -379 -292 -313 -178 -473 -145 -574 -183 -151 195 -229 -304 -434 0
81 -387 -434 -69 -388 -426 -379 -313 -560 -599 -292 -32 0
138 -99 -587 -289 -63 -80 -434 -69 -388 -426 -379 -313 -560 -292 -235 -452 -423 -311 -134 0
-157 -299 -587 -235 -194 -64 -178 -332 -142 -292 0
282 -61 -168 -536 -478 -238 -64 -181 -332 -142 -194 -235 -587 -151 -127 -545 -352 -304 -367 -115 0
200 -169 -413 -97 -437 -217 -151 0
79 -127 -151 157 -332 -194 -381 -545 -388 -235 -178 -474 -238 -64 -352 106 -168 -536 -142 -587 -521 0
464 -127 -440 -521 -68 -235 -486 -134 -229 0
-127 -81 -292 -587 -178 -332 -142 -194 -235 -545 -440 -521 -408 157 -381 -474 -64 -352 -168 -536 0
-526 -64 -238 0
62 -79 -587 -292 -289 -178 -313 0
-544 -560 -600 -33 -235 -314 -587 -194 -64 -178 -332 -142 -292 -63 -79 -289 0
-157 -496 -587 -235 -194 -64 -178 -332 -142 -292 0
7 -29 -489 -205 -167 -564 -268 -196 -163 -596 -302 0
166 -564 -29 -397 -205 -262 -489 -285 0
411 -564 -196 -29 0
Solved
