212 -186 -342 -438 -40 -457 -280 -252 -190 -439 -238 -451 -214 0
488 -280 -457 -190 -439 -238 -214 -274 -302 -422 -332 -370 -367 -226 0
80 -389 -378 -334 0
436 -67 -274 -222 0
133 -8 -29 -457 -222 -274 -212 -52 -64 -245 -334 -88 -185 -144 0
134 -29 -457 -402 -409 -185 -274 -222 -433 -415 -326 -212 -128 -451 -144 0
437 -67 -134 -274 -185 -326 -302 -214 -341 -422 -238 -457 -222 -190 0
438 -326 -139 -323 -304 -238 -158 -190 -185 0
133 -280 -170 -29 -457 -222 -274 -212 -52 -334 -88 -185 -144 -40 -341 0
-280 -334 -302 -214 -422 -238 -457 -190 -170 -52 -274 -139 -323 -304 -158 -402 -409 -433 -415 -128 -166 -370 -367 -332 -226 -487 -439 0
437 -212 -409 -325 -439 -415 -214 -422 -8 -238 -457 -222 -190 0
438 -185 -214 -190 -139 -323 -304 -158 -238 0
436 -212 -245 -190 -415 -238 -214 -326 -66 -185 -274 -222 0
-212 -326 -457 -402 -409 -185 -274 -222 -433 -415 -166 -128 -422 -302 -214 -341 -238 -190 -439 -8 -438 -245 -66 0
-326 -222 -185 -367 -226 -214 -457 -402 -409 -274 -370 -433 -415 -166 -128 -422 -302 -341 -238 -190 -439 -8 -438 -245 -66 0
-212 -222 -274 -438 -409 -325 -439 -415 -214 -422 -8 -238 -457 -190 -213 0
-222 -438 -487 -332 -226 -52 -274 -422 -409 -439 -415 -214 -8 -238 -457 -190 -185 -367 -402 -370 -433 -166 -128 -302 -341 -245 -66 0
-185 -334 -475 -1 -370 -367 -341 -226 -302 -487 -422 -8 -332 -52 -274 -409 -439 -415 -214 -238 -457 -190 -402 -433 -166 -128 -245 -66 -139 -323 -304 -158 0
493 -475 -487 -422 -226 -367 -332 -370 -274 -1 -302 -52 -409 -439 -415 -214 -238 -457 -190 -433 -166 -128 -139 -323 -304 -158 -170 -200 0
436 -212 -214 -487 -493 -222 -274 0
437 -222 -367 -205 -226 -274 -487 -493 -214 -422 -238 -475 -370 -190 0
436 -222 -226 -487 -214 -493 -274 0
-222 -493 -422 -226 -367 -332 -370 -214 -190 -139 -323 -304 -158 -238 -487 -274 -205 -475 0
496 -487 -238 -214 -226 -190 -422 -274 -367 -332 -370 -139 -323 -304 -158 -205 -1 -302 -52 -409 -439 -415 -433 -166 -128 -170 -200 0
489 -457 -451 -204 -274 437 -302 -214 -422 -238 -415 -222 -190 -370 -367 -332 -226 0
-457 437 -222 -439 -415 -214 -422 -212 -238 -409 -190 -367 -170 -226 -274 -302 -332 -370 -487 -204 0
368 -108 -370 -332 0
132 -268 -289 0
437 -212 -332 -487 -370 -226 -367 -222 -439 -415 -214 -422 -289 -238 -409 -190 -170 -274 -302 -205 0
436 -457 -422 -226 -367 -332 -370 -274 -1 -302 -52 -409 -439 -415 -214 -238 -487 -190 -433 -166 -128 -139 -323 -304 -158 -170 -200 -222 -212 0
368 -222 -487 -422 -226 -370 -332 0
-222 -487 -226 -367 -332 -370 -274 -1 -302 -52 -409 -439 -415 -214 -238 -422 -190 -433 -166 -128 -139 -323 -304 -158 -170 -200 -289 -205 0
68 -342 -21 -451 -131 -327 -186 -438 -347 -406 0
499 -422 -226 -367 -332 -370 -274 -1 -302 -52 -409 -439 -415 -214 -238 -190 -166 -128 -139 -323 -304 -158 -170 -200 -205 0
-487 -457 -222 -422 -226 -367 -332 -370 -1 -302 -52 -409 -439 -415 -214 -238 -190 -166 -128 -139 -323 -304 -158 -170 -200 -274 -212 -437 0
487 -212 -302 -238 -422 -214 -323 -274 -222 -1 -437 -190 -139 -304 -158 -370 -332 0
-212 -437 -190 -139 -323 -304 -158 -238 -370 -214 -367 -222 -422 -226 -332 -1 -302 -52 -409 -439 -415 -166 -128 -170 -200 -274 0
212 -222 -422 -226 -370 -332 -367 -52 0
-222 -332 -274 -370 -226 -367 -205 -439 -415 -214 -422 -238 -409 -190 -170 -302 -139 -323 -304 -158 -1 -52 -166 -128 -200 0
228 -212 -131 -438 -347 -406 -370 -69 -332 -367 -21 0
-212 -69 -312 -214 -238 -158 -323 -21 -1 -50 -332 -370 -106 -489 -367 -226 -131 -438 -347 -406 0
503 -226 -190 -238 -214 -274 -370 -367 -439 -52 -1 -205 -415 -409 -139 -304 -166 -364 -229 -193 -208 0
436 -88 -144 -451 -52 -212 -185 -214 -487 -222 -274 0
-422 -273 -265 -214 -52 -212 -487 -222 -274 -166 -370 -226 -106 -303 -367 -332 -423 0
326 -19 -324 -139 -159 -304 -1 0
311 -119 -171 -40 -252 -7 0
-332 -212 -171 -274 -190 -324 -139 -159 -304 -1 -370 -226 -367 -166 -303 -222 -265 -214 -52 -464 -423 -470 -51 -333 0
-212 -222 -324 -303 -439 -423 -1 -159 -226 -367 -370 -52 -51 -171 -274 -190 -139 -304 -166 -265 -214 -464 -470 -333 0
212 -159 -324 -446 -238 -418 -214 0
-406 -332 -324 -139 -159 -304 -1 -347 -212 -131 -370 -69 -438 -367 228 0
488 -324 -139 -159 -304 -1 -303 -438 -423 -347 -212 -131 -370 -69 -367 -226 0
505 -418 -304 -1 -367 -370 -274 -439 -190 -166 -265 -214 -238 -139 -364 -229 -193 -208 -502 -205 -409 0
227 -505 -367 0
369 -332 -229 -193 -208 -502 -238 -364 -418 -214 -212 -505 -227 0
-332 -212 -502 -208 -364 -193 -229 -190 -238 -418 -214 -1 -505 -370 -367 0
184 -69 -286 -303 -222 -425 -423 -107 -326 0
421 -65 -204 -417 -123 -205 -453 -274 -326 -222 -107 0
325 -7 -252 -376 -139 -310 -178 -246 -171 -119 -446 -159 -439 -417 -123 -425 -453 -107 0
-212 -418 -139 -439 -205 -274 -190 -238 -1 -214 -364 -229 -193 -505 -208 -367 -502 -370 0
368 -332 -53 -505 -370 0
54 -340 -1 -323 -502 -208 -364 -193 -229 -416 -122 -447 -452 -185 -426 -327 -108 -332 0
326 -96 -310 -131 -286 -268 -426 -19 -108 -1 0
220 -251 -376 -139 -447 -158 -439 -416 -122 -426 -452 -108 -327 -286 -1 -66 -203 -205 -274 -302 -438 -422 -68 0
-332 -452 -66 -327 -205 -274 -139 -447 -439 -426 -1 -438 -68 -364 -229 -193 -208 -502 -53 -323 -505 -370 -367 0
508 -214 -238 -364 -229 -208 -205 -274 -139 -439 -1 -370 -367 -190 -304 -166 -265 -409 0
123 -415 -190 -222 -238 -214 -185 -326 -212 -274 -295 -438 -332 -488 -451 0
-226 -222 -332 -370 -367 -212 -439 -214 -422 -238 -409 -190 -274 -302 -205 -203 -1 -139 -304 -166 -364 -229 -208 -438 -451 -144 -185 -122 -326 -295 -228 0
-222 -302 -190 -332 -238 -214 -507 -212 -370 -367 -439 -422 -409 -274 -438 -205 -203 -1 -139 -304 -166 -364 -229 -208 -451 -144 -185 -122 -326 -295 -228 0
227 -27 -312 -251 -144 -439 -135 -451 -1 -332 -122 -489 -367 0
-302 -451 -251 -190 -332 -439 -238 -295 -214 -507 -212 -228 -144 -135 -1 -122 -367 -203 -205 -422 -274 -370 -409 -438 -139 -304 -166 -364 -229 -208 -185 -326 0
331 -52 -212 -451 -144 -122 -185 -214 -222 -274 -438 -422 -503 0
-52 -222 -190 -122 -238 -214 -185 -326 -212 -274 -295 -438 -332 -451 -228 -507 -144 -422 -503 0
-222 -438 -190 -238 -214 -228 -367 -332 -212 -122 -185 -326 -274 -295 -451 -507 -144 -422 -503 0
325 -326 -332 -190 -238 -214 -367 -212 -274 -295 -439 -1 -205 -370 -409 -139 -304 -166 -364 -229 -208 -108 0
333 -52 -222 -122 -342 -416 -228 -507 -295 -65 0
194 438 -214 -190 -139 -364 -304 -185 -238 -229 0
452 -52 -332 -391 -222 -122 -504 -228 -507 -295 -65 -133 0
502 -302 -422 0
56 -8 -65 -119 -251 -14 -179 -29 -415 -409 0
-52 -162 -409 -401 -65 -119 -251 -459 -295 -332 -222 -228 -507 -212 -122 -453 -391 -504 -133 0
452 -162 -7 -467 -312 -156 -251 -178 -340 -439 -133 0
327 -212 -409 -439 -295 -228 -507 -367 -332 -251 -122 -214 -190 -139 -364 -304 -185 -238 -229 -508 0
-326 -327 -332 -190 -238 -214 -367 -212 -274 -295 -439 -1 -205 -370 -409 -139 -304 -166 -364 -229 -208 -108 0
-212 -108 -214 -332 -1 -190 -238 -367 -274 -295 -439 -205 -370 -409 -139 -304 -166 -364 -229 -208 -508 0
488 -222 -155 -304 -179 -29 -508 -502 -438 -422 -68 -495 -57 0
221 -501 -316 -72 -179 -273 -33 -251 -262 -265 -244 -96 -40 -274 -222 -438 -7 0
220 -469 -1 -364 -66 -378 -229 -57 -203 -205 -425 -251 -155 -274 -419 -304 -179 -29 -508 -502 -438 -422 -68 0
-222 -72 -316 -179 -273 -33 -251 -262 -265 -244 -96 -40 -274 -438 -7 -487 -220 -155 -304 -29 -508 -502 -422 -68 -495 -57 0
331 -66 -203 -205 -274 -316 -273 -251 -265 -438 -487 -155 -304 -508 -68 -495 -1 -364 -229 -419 -439 -416 -122 -452 -185 -327 -166 -108 -53 0
325 -422 -251 -155 -304 488 -222 -508 -438 -68 -495 -245 -439 -416 -122 -452 -108 0
-422 -245 -251 -439 -416 -504 -452 -508 -122 -304 -1 -327 -155 488 -222 -438 -68 -495 -108 0
-222 -251 -439 -416 -452 -122 -1 -327 -504 -108 -508 -304 -155 488 -438 -68 -495 -66 -203 -205 -274 0
453 -245 -9 -416 -122 0
-108 -332 -205 -274 -439 -304 -1 -316 -265 -364 -229 -166 -190 -238 -214 -367 -295 -370 -409 -139 -208 0
226 -438 -423 -222 -205 -274 -107 -190 -238 -214 -332 368 -370 0
-438 -222 -139 -304 -1 -229 -327 -208 -502 -364 -487 368 -370 -332 -423 -205 -274 -107 -190 -238 -214 0
-422 -65 -205 -274 -326 -222 -107 -212 368 -487 -370 -332 -423 0
-40 -134 -143 -1 -19 -268 -132 -95 -25 -7 -310 -119 -252 -171 0
-222 -487 -143 -1 -205 -274 -502 -107 368 -370 -332 -423 -327 -214 -238 -190 -139 -304 -229 -208 -364 0
452 -433 -500 -316 -71 -482 -243 -252 -312 -40 -9 -273 -506 -214 -52 -227 -439 -211 -332 -69 -438 -347 -370 -21 -131 -367 -406 0
325 -406 -88 -214 -52 -143 -451 -500 -316 -71 -252 -40 -9 -506 -227 -439 -332 -69 -438 -347 -370 -131 -367 -494 -265 -186 0
421 -502 -508 -238 -451 -304 -214 -186 -1 -327 -88 -52 -143 -500 -316 -71 -252 -40 -9 -506 -227 -439 -332 -69 -438 -347 -370 -131 -367 -494 -265 0
122 -422 -386 -186 -438 -274 -69 -222 -415 -54 -368 -332 -370 -40 -3 0
123 -368 -228 -415 -222 -438 -186 -370 -40 0
-370 -386 -108 -332 -186 -438 -274 -69 -222 -415 -54 -40 -3 -121 -228 0
305 -274 -156 -55 -494 -439 -222 -438 -332 -186 -108 -69 -415 -54 -40 -3 -121 -228 0
-370 -514 -186 -438 -274 -69 -222 -415 -494 -108 -54 -332 -40 -121 -228 0
-274 -156 -40 -55 -239 -439 -222 -438 -186 -69 -415 -494 -108 -54 -332 -121 -228 -306 -3 0
516 -113 -156 -295 -13 -178 -64 -439 -410 -190 0
-370 -239 -306 -190 -514 -156 -439 -450 -80 -415 -312 -494 -8 -488 -54 -40 -3 -332 -121 -371 -228 -222 -438 -186 -108 0
7 -499 -290 -269 -406 -346 -108 -377 -422 -80 -32 -4 -434 -292 -55 -329 -350 -190 -156 -514 -201 -439 -504 -250 -312 0
251 -161 -55 -239 -306 -190 -156 -514 -439 0
327 -40 -55 -439 -332 -415 -121 -222 -438 -211 -214 0
8 -370 -53 -332 -227 -121 -222 -40 0
226 -8 -222 -415 -332 -107 -53 -370 0
9 -369 -370 -507 -121 -415 -40 0
-370 -107 -332 -222 -121 -415 -40 -227 -53 0
8 -489 -121 -222 -40 0
228 -505 -367 0
-40 -214 -222 -121 -133 -332 -415 -211 -438 -325 -55 -439 0
489 -507 -367 -370 -121 0
250 -359 -407 -67 -110 -94 -280 -311 -120 0
29 -516 -411 -55 -439 -251 -407 -67 -110 -94 -280 -311 -120 0
28 -94 -251 -311 -104 -67 -421 -458 -108 0
250 -94 -160 -214 -407 -67 -110 -191 -280 -311 -211 -337 -92 -257 -104 0
184 -376 -280 -14 -65 -191 -411 -55 -439 -251 -407 -67 -311 -458 -104 -160 -214 -211 -337 -257 -421 -108 -110 -80 0
186 -251 -439 -160 -214 -407 -67 -110 -191 -280 -311 -211 -337 -257 -104 -274 -347 -458 -3 -340 -325 -133 -80 0
8 -367 -214 -332 -211 -55 -439 -133 -325 -370 -121 -438 -415 -222 0
371 -67 -222 -211 -506 -367 -121 0
372 -8 -214 -222 -415 -332 -370 -211 -325 -367 -121 0
-367 -370 -214 -211 -438 -222 -332 -325 -121 -415 -55 -439 -133 0
227 -67 -337 -370 -332 -121 -106 -438 -244 -7 -325 -222 -415 -133 -214 -160 -505 -340 -211 0
-67 -370 -214 -280 -211 -337 -160 -121 -438 -332 -222 -106 -244 -7 -325 -415 -133 -505 -340 -226 0
-370 -214 -133 -325 -211 -415 -438 -222 -121 -332 -55 -439 0
9 -388 -334 -358 -302 -28 -311 -13 0
488 -67 -160 -214 -439 -280 -211 -337 -340 -325 -133 -244 -415 -7 -297 -511 -108 -184 -438 -222 -121 0
-67 -367 -54 -211 -222 -489 -160 -214 -439 -280 -337 -340 -325 -133 -244 -415 -7 -297 -511 -108 -184 -438 -121 0
213 -184 -133 -340 -325 -226 -214 0
-214 -211 -133 -325 -222 -439 -415 -438 -121 -332 -55 0
226 -488 -53 -332 -121 0
221 -53 -325 -332 -227 -121 -438 0
30 -203 -336 -65 -358 -14 0
-370 -336 -407 -67 -421 -332 -358 -28 -191 -96 -185 -133 -342 -53 -121 -222 -227 -7 -415 -507 -369 -372 0
228 -53 -332 -407 -67 -421 -358 -28 -191 -96 -185 -133 -121 -222 -227 -7 -415 -493 -487 0
186 -376 -90 -3 -336 -325 -133 -80 0
-370 -407 -439 -55 -67 -191 -96 -185 -90 -3 -336 -325 -133 -53 -332 -358 -28 -121 -222 -227 -7 -415 -367 -211 -505 -372 0
9 -302 -182 -311 -257 0
212 -67 -121 -222 -325 -133 -332 -439 -55 -415 -211 -438 0
186 226 -133 -493 -415 -325 -332 -121 -370 -222 -227 -54 -211 -67 -367 0
64 -468 -156 -355 -178 -160 -458 -238 -30 -191 -15 0
-488 -312 -407 -156 -458 -238 -191 -347 -79 -421 -7 -511 -370 -332 -415 -367 -493 -121 -222 -211 -67 -487 226 0
-227 -367 -439 -67 -415 -370 -222 -438 -55 -211 -121 -332 -133 -325 0
-367 -370 -121 -439 -67 -415 -222 -438 -55 -211 -332 -133 -325 0
310 -114 -450 -156 -5 -439 -105 -252 0
359 -330 -271 -380 -196 -469 -15 -58 -66 -137 -169 -354 -280 -355 -111 -337 -153 0
107 -15 -66 -156 -468 -178 -160 -458 -238 -355 -191 -271 -380 -196 -469 -58 -169 -280 -111 -337 -153 -520 -274 -347 -269 -390 -407 -2 -421 -325 0
-370 -67 -439 -415 -332 -121 -325 -222 -438 -55 -211 -133 0
-80 186 -3 -336 -325 -133 -90 0
9 -130 -269 -274 -407 -358 -28 -458 -156 -439 -250 -415 -310 0
-67 -415 -121 -222 -439 -325 -133 -332 -438 -55 -211 0
-227 -370 -325 -332 -121 -211 221 -438 0
7 -19 -51 -303 -209 -388 -464 -266 -351 -514 -352 -190 -357 -238 -251 -160 -311 -42 0
-367 -370 -190 -439 -8 -275 -346 -406 -422 -325 -94 -332 -184 -121 -488 -238 227 0
408 -306 -515 -156 -178 -295 -64 -13 -439 -410 -190 -387 -450 -26 -19 -302 -422 0
185 -156 -439 -410 -190 -275 -346 -406 -422 -245 -8 -54 -511 -332 -121 -341 -370 -325 -133 -94 0
-370 -121 -332 -325 -439 -406 -511 -133 -94 -415 -238 -211 221 -438 0
-227 -211 -226 -325 -332 221 -121 -438 0
42 -80 -499 -377 -406 -346 -108 -422 -471 -32 -4 -55 -190 -156 -439 -504 -250 -312 -522 -132 -275 -8 0
252 -516 -156 -410 -439 0
192 -301 -25 -422 -4 -108 -271 -15 -264 -156 -267 -170 -281 -439 -250 -410 0
251 -239 -410 -439 -161 -306 -190 -156 -55 0
-239 -410 -499 -275 -156 -132 -439 -250 -161 -306 -190 -55 -238 0
9 -264 -4 -108 -271 -422 -156 -267 -170 -281 -439 -250 -312 -190 -499 -275 -132 -161 -306 -55 -238 -415 0
185 -190 -156 -439 -499 -275 -250 -55 -238 -8 -4 -108 -271 -422 -415 -377 -406 -346 -471 -32 -504 -522 -341 -325 -133 -94 0
252 -160 -238 -341 -190 -19 -514 -303 -8 -439 -311 0
451 -222 -438 -332 0
441 -121 -415 -222 -438 -368 -40 -332 -325 -370 221 -156 -178 0
-121 -415 -325 -439 -370 -222 -438 -368 -40 -332 221 -156 -178 0
7 -108 -439 -96 -325 -178 -332 -370 -222 -438 -156 0
452 -67 -156 -96 -178 -185 -439 -325 0
-108 -66 -156 -9 -370 -332 -178 -439 -325 -96 -438 -222 0
-415 -107 -332 -370 -222 -213 -274 -487 -438 -9 -417 0
-66 -325 -84 -156 -103 -27 -303 -438 -222 -9 -332 -516 -178 -439 -370 -96 0
-325 -9 -370 -222 -438 -332 -439 -96 -178 -156 -516 -190 -84 -103 -27 -303 0
107 -203 -81 -66 -246 -355 -41 -160 -130 -349 -407 -14 -421 -30 0
8 -415 -106 -355 -516 -96 -214 -156 -178 -370 -439 -190 -184 -438 -332 -222 0
440 -488 -332 -303 -370 -422 -184 -96 -222 436 -275 -415 -516 -451 0
-415 -214 -222 -355 -332 -27 -303 -370 -516 -184 -96 -156 -178 -439 -438 -9 -106 -190 0
333 -181 -257 -355 -130 -303 -1 -54 -349 -27 -222 -67 371 -211 -407 -14 -103 -41 -228 -421 -30 -66 -81 -160 -487 -106 0
441 -41 -487 -505 -332 -257 -355 -303 -1 -27 -222 -67 371 -407 -14 -103 -421 -66 -81 -106 -516 -240 -96 -409 -214 -135 -156 -451 -178 0
312 -516 -103 -156 -178 -439 -332 -355 -222 -118 -370 -190 -438 0
354 -292 -274 -130 -380 -433 -38 0
326 -502 -274 -355 -103 -161 -26 -487 -302 -57 -66 -130 -506 -396 -15 -421 -368 -28 -304 -106 0
423 -502 -135 -341 -1 -130 -258 -274 -103 -347 -26 -88 -407 -302 0
131 -38 -355 -338 -380 -359 -407 -520 -347 -349 -274 0
331 -161 -349 -274 -130 -355 -338 -407 -347 -487 -103 -57 -66 -26 -506 -396 -15 -302 -368 -28 -421 -135 -341 -1 -258 -88 0
-502 -504 -421 -135 -341 -1 -130 -258 -274 -103 -347 -26 -88 -407 -302 0
94 -421 -302 -506 -135 -258 -274 -103 -347 -26 -407 -487 -332 -349 -355 -57 -66 -396 -15 -28 -42 -123 -370 -185 0
131 -281 -42 -160 -66 -355 -407 -347 -433 -274 0
-422 -226 -487 -332 -107 -222 -370 -421 0
-108 -226 -487 -332 -107 -370 0
-67 -274 -302 -332 -370 -222 -355 -57 -396 -304 -156 -327 -213 -95 -506 -135 -103 -26 -349 -123 -8 -118 -459 -190 -438 0
440 -415 -370 -438 -222 -95 -302 -355 -156 -103 -26 -8 -118 -190 -332 -516 -178 0
-415 -95 -370 -332 -222 -438 -8 -156 -178 -439 -302 -355 -103 -26 -118 -190 -516 0
-26 -130 -251 -394 -178 423 -502 -274 -407 -302 -29 -459 -122 -436 -326 -452 -185 -416 -96 -7 0
184 -130 -274 -222 -332 -452 -346 -326 -96 0
-130 -394 -425 -419 488 -155 -29 -222 -422 -68 -416 -122 -215 -452 -332 -326 -185 -274 -251 -376 -178 -407 -302 0
186 -336 -203 -358 -14 -29 -251 -67 -94 -311 -421 -104 -108 -246 -436 -80 0
154 -407 -108 -29 -355 -203 -200 -222 -489 -452 -215 -376 -326 -185 -425 -419 488 -155 -422 -68 -416 -122 -332 -274 -251 -302 0
-130 -407 -419 488 -155 -29 -222 -422 -68 -416 -122 -215 -452 -332 -326 -185 -274 -251 -376 -425 -302 -180 0
-407 -222 -369 -342 -332 -370 -507 -372 -452 -29 -108 -419 488 -155 -422 -68 -215 -326 -274 -376 -425 -302 -355 -200 -489 0
-222 -302 -342 -489 -452 -326 -369 -332 -370 -507 -372 -29 -108 -419 488 -155 -422 -68 -215 -274 -376 -425 -355 -200 0
184 -334 -457 -406 -29 -438 -80 0
132 -128 -376 -200 -122 -494 -452 -215 -326 -185 -457 -406 -29 -438 -183 -355 -4 -251 -27 -9 -312 -94 0
186 -283 -183 -355 -122 -251 -9 -416 -452 -312 -326 -94 0
-302 -342 -29 -452 -215 -326 -355 -376 -422 -274 -68 -489 -369 -332 -370 -507 -372 -108 -419 488 -155 -425 -504 0
184 -311 -26 -6 -376 -182 -222 -489 -7 -416 -452 -326 0
-9 -103 -390 -26 -99 -338 -376 -81 -416 453 -122 -7 0
9 -57 -396 -409 -515 -251 -452 -508 -416 -422 -504 -122 -222 -304 -327 -155 488 -1 -438 -68 -495 -108 -311 -40 0
-226 -355 -108 -274 -332 -489 -504 -370 -372 -54 -487 0
7 -28 -203 -494 -407 -215 -269 -211 -131 -69 -81 -96 -246 -312 -42 0
186 -3 -376 -90 -246 -42 -9 -203 -494 -211 -504 -274 -108 -340 451 -332 0
-407 -142 -389 -108 -31 -192 -14 -211 -65 -446 -67 -169 -176 -94 -280 -311 -110 -500 -251 -355 -104 -337 -257 -92 -274 -99 -348 -408 0
357 -131 -383 -260 -500 0
-222 -94 -355 -500 -251 -108 -31 -211 -274 -90 -376 -79 -246 -489 -9 451 -332 -221 0
95 -310 -423 -108 -55 -411 -515 -439 -251 -458 -504 -69 0
390 -143 -376 -90 0
421 -21 -3 -390 -268 -26 -407 -302 0
30 -153 -198 -358 -13 0
Solved
