415 -81 -358 -356 -373 -184 -31 -189 -46 -109 -247 -4 -286 -218 0
248 -46 -109 -59 -4 -286 0
61 -296 -197 -113 -212 -173 -59 0
418 -189 -13 -131 -113 -358 -137 -356 -373 -184 -304 -109 -4 -286 -247 -349 -294 0
179 -381 -137 -408 -192 -389 -262 -140 -225 0
59 -389 -322 -39 -178 -137 -262 -109 -410 -247 -4 -294 -286 0
381 -300 -376 -164 -215 -148 -208 -389 -407 0
110 -192 -39 -178 -376 -164 -208 -389 -137 -131 -247 -286 -189 -4 0
406 -81 -329 -358 -272 -208 -33 -389 -381 0
141 -196 -192 -295 -262 0
-192 -189 -39 -322 -208 -389 -262 -113 -329 -358 -418 -349 -294 -247 -59 -286 -4 -109 -178 -376 -164 -137 -131 0
6 -406 -389 -286 -140 0
5 -321 -247 -286 -109 0
425 -178 -208 -247 -286 -109 -4 -262 -322 -113 -329 -358 -349 -376 -137 -131 -13 -356 -373 -184 -304 -25 0
407 -219 -293 -307 -113 -178 -262 -137 -408 -192 -140 -381 -390 0
288 -165 -376 -208 -390 -293 -113 -178 -262 -137 -188 -109 -247 -286 -4 0
-389 -331 110 -178 -376 -208 -137 -131 -247 -286 -4 -188 -145 -329 -373 -273 -356 -411 -191 -380 -262 -407 -141 -390 0
379 -188 -262 -165 -191 -376 -145 -137 -223 -178 -364 -131 -240 -259 -407 0
427 -322 -145 -262 -376 -137 -131 -329 -208 -247 -286 -4 -373 -356 -109 -113 -25 -424 -358 -349 -184 -304 0
180 -134 -270 -172 -361 -47 -184 -427 0
225 -100 -145 0
408 -192 -184 -427 -137 -145 -109 -247 -4 -286 0
-178 -389 -322 -208 -192 -262 -113 -329 -358 -189 -349 -164 -247 -294 -286 -4 -109 -376 -39 -137 -131 248 -410 0
-389 -299 -32 -189 -262 -192 -137 -53 -322 -208 -113 -329 -358 -349 -247 -286 -4 -109 -376 -131 248 -197 -25 -226 -424 -140 -388 0
111 -32 -376 -208 -113 -262 -137 -109 -247 -286 -4 -25 -424 -145 -192 -53 -322 -329 -358 -349 -131 -197 -226 -388 0
380 -192 -286 -4 -109 -376 -208 -113 -262 -137 -25 -424 -145 -247 -322 -329 -358 -349 -131 -408 0
287 -178 -376 -192 -208 -389 -137 -131 -247 -286 -4 -25 -424 -109 -408 0
425 -178 -208 -192 -262 -113 -329 -358 -389 -349 -322 -247 -189 -286 -4 -109 -376 -137 -131 248 -25 0
-178 -389 -208 -113 -262 -137 -109 -247 -286 -4 -25 -424 -192 -329 -358 -376 -349 -322 -131 -408 0
287 -389 -208 -376 -25 -424 -380 -109 -408 -4 0
141 -223 -145 -262 -192 0
-100 -223 -145 0
-389 -192 -316 -262 -145 -131 -25 -424 -322 -208 -408 -109 -247 -286 -4 -376 -113 -137 -329 -358 -349 0
-192 -247 -145 -286 -109 -4 -316 -262 -131 -25 -424 -322 -208 -376 -113 -137 -329 -358 -349 -184 -427 0
430 -131 -424 -25 -145 -286 -4 -262 -316 -376 -208 -113 -137 -329 -358 -349 -184 -373 -356 -304 0
6 -247 -430 -286 -109 0
-247 -109 -286 -430 -4 0
388 -48 -113 -192 -262 -184 -362 -320 -408 -140 0
5 -271 -412 -329 -262 -192 -145 -208 -113 -184 -424 -25 -376 -349 -256 -193 -430 -286 -109 0
223 -80 -356 -137 -329 -192 -145 -411 -102 0
-109 -192 -145 -329 -356 -137 -424 -25 -376 -349 -256 -193 -430 -286 -4 -262 -208 -113 -184 0
288 -247 -329 -145 -262 -376 -192 -349 -256 -193 -430 -70 -113 -4 0
-140 -85 -316 -25 -424 -323 -208 -389 6 -286 0
390 -85 -316 -25 -424 -407 -323 -208 0
26 -170 -218 -294 -39 0
198 -296 -335 0
-85 -389 -379 -407 -335 -316 -25 -424 -323 -208 6 -286 0
408 -171 -39 -379 -259 0
-389 -211 -94 -75 -155 -208 -407 -379 -309 -25 -335 -187 -218 -101 -145 -316 -424 -323 6 -286 0
-247 -187 -340 -25 -424 -94 -208 -145 -316 -286 -262 -376 -192 -349 -256 -193 -430 -70 -4 -329 -113 0
388 -410 -192 -262 -320 -356 -373 -113 -184 -145 -408 -140 -362 0
27 -389 -60 -316 -25 -424 -208 -193 -430 -256 -376 -262 -192 -145 -140 -219 -320 -356 -373 -113 -184 -408 -187 0
-389 -320 -192 -356 -137 -329 -145 -262 -140 -424 -187 -25 -60 -316 -208 -193 -430 -256 -376 -219 -373 -113 -184 -408 0
86 -323 -430 -349 -38 -293 -259 -219 0
5 -192 -262 -356 -137 -329 -145 -430 -349 -187 -316 -25 -424 -208 -193 -256 -376 -373 -113 -184 -286 0
-85 390 -430 -218 -316 -25 -424 -407 -349 -208 -86 0
406 -389 -94 -208 -25 -187 -145 -316 -424 6 -286 -193 -430 -256 -376 -262 -349 0
100 -323 -316 -25 -424 -389 -208 6 -286 -192 0
320 -81 -296 -329 -271 -211 -381 -94 0
-323 -389 -94 -208 -309 -25 -187 -145 -316 -424 6 -286 -192 -296 -329 -271 -381 -376 -349 -256 -193 -430 -322 0
380 -296 -192 -321 0
-389 -271 -329 -358 -94 -192 -376 -256 -193 -430 -208 -25 -187 -145 -316 -424 6 -286 -349 -262 0
406 -61 -59 -238 -293 -430 -349 -323 -38 -85 -316 -228 0
60 -61 -40 0
-192 -430 -349 -316 -25 -145 -424 -208 -329 -358 -376 -256 -193 -286 -262 -4 -356 -137 -373 -113 -184 -340 0
390 -407 -140 -316 -25 -424 -145 -323 -208 0
-407 -389 -4 -286 -140 -316 -25 -424 -145 -323 -208 0
388 -323 -308 -25 -102 -376 -256 -193 -430 -424 -140 0
189 -94 -79 -67 -349 -193 -430 -299 -256 -155 -376 -165 -308 0
5 -188 -430 -308 -349 -193 -256 -376 -165 -329 -145 -102 -316 -323 -38 -293 -228 -407 -321 -286 0
-407 -323 -349 -329 -430 -145 -256 -376 -308 -286 -140 -4 -193 -102 -316 -321 -25 -424 -208 0
-323 -268 -376 -52 -25 -321 -424 -208 -140 -4 -286 -349 -329 -430 -145 -256 -308 -193 -102 -316 0
288 -407 -80 -329 -293 -145 -25 -225 -424 -140 -389 -211 0
287 -321 -208 -376 -25 -424 -389 -4 -187 -145 -316 -286 -193 -430 -256 -262 -349 -140 0
139 -60 -211 -293 -80 -25 -329 -424 -145 -389 -225 0
81 -336 -198 -358 -211 0
434 -358 -145 -4 -25 -424 -286 -208 -376 -316 -193 -256 -262 -349 -373 -184 -340 -304 0
141 -102 -25 -323 -376 -256 -193 -430 -424 -140 -389 -262 0
319 139 -60 -25 -329 -424 -145 -389 -376 -223 -219 -170 -380 0
-223 -79 -349 -256 -430 -376 -262 -320 -60 -25 -329 -424 -145 -389 -219 -380 -323 -140 -193 0
-329 -430 -114 -262 -349 -380 -357 -320 -138 -323 -389 -25 -376 -256 -193 -424 -140 -60 -145 -219 -330 0
-430 -320 -340 -60 -262 -349 -25 -256 -424 -376 -389 -145 -140 -323 -193 -114 -380 -357 -138 -219 -330 0
-140 -323 -145 -330 -373 -357 -138 -114 -262 -389 -358 -286 -340 -349 -25 -256 -424 -376 -193 -4 -316 -208 0
319 -329 -376 -25 -424 -380 -389 -4 6 -358 -192 -256 -193 -430 -208 -145 -316 -271 -286 -349 -262 0
109 -329 -358 -389 -192 -376 -256 -193 -430 -208 -25 6 -145 -316 -424 -271 -286 -349 -262 0
-109 -430 -389 -323 -208 -376 -25 -424 -380 287 -4 -111 0
-430 -296 -358 -389 -192 -376 -256 -193 -208 -25 6 -145 -316 -424 -286 -349 -262 -323 -4 0
328 -284 -309 -296 -95 -415 -273 0
-323 -389 -316 -145 -330 -138 -208 -376 -424 -25 -4 -358 -256 -193 -286 -349 -262 -373 -357 -114 -340 0
-321 -319 -286 -4 -208 -376 -25 -424 -389 -187 -145 -316 -193 -140 -256 -262 -349 -430 0
321 -95 -111 -4 0
5 -197 -67 -329 -211 -80 -25 -293 -424 -145 -389 -225 -95 -286 -4 -208 -376 -187 -316 -193 -256 -262 -349 -430 -111 0
-329 -211 -358 -208 -376 -25 -424 -389 -4 -187 -145 -316 -286 -193 -256 -262 -349 -430 -80 -293 -225 -111 -330 0
264 -140 -165 -25 -424 -389 -187 0
381 -363 -346 -128 -114 -46 -184 -373 -357 -80 -336 -358 -211 0
-140 -321 -293 -187 -165 -25 -424 -389 -346 -128 -114 -184 -373 -357 -80 -358 -211 -262 -111 -4 -286 -208 -376 -145 -316 -193 -340 -256 -349 -430 0
140 -80 -357 -358 -211 -373 -184 -68 -272 -187 -249 -102 -286 -262 -225 -4 0
-430 -389 -145 -4 -262 -25 -424 -114 -128 -184 -373 -357 -358 -286 -208 -376 -316 -193 -340 -256 -349 -330 -431 0
-321 -140 -208 -376 -25 -424 -109 -389 -4 -286 -247 0
328 -80 -96 -294 -349 -272 -60 0
147 -187 -25 -424 -389 -140 -376 -262 -192 -101 0
-187 -140 -145 -192 -262 -381 -408 -285 -358 -389 -208 -272 -96 -349 -60 -330 -25 -424 -376 -189 0
-140 -38 -132 -138 -389 -262 -145 -358 -208 -349 -330 -25 -424 -376 -247 -286 -109 -4 0
-389 -132 -138 -145 -208 -376 -25 -424 -4 -286 -262 -358 -349 -330 -114 -184 -373 -357 -316 -193 -340 -256 0
5 -430 -286 -140 -4 -25 -424 -145 -208 -192 -321 -376 -389 -187 -262 0
-430 -192 -286 -140 -4 -25 -424 -145 -208 -376 -187 -262 -389 -321 0
430 -4 -376 -25 -424 -140 -389 -321 -286 -208 0
-316 -318 -430 -407 390 -25 -424 -218 -349 -208 -85 0
6 -256 -430 -349 -223 -376 -25 -424 -208 -85 -363 -187 -389 -286 -140 0
-407 -171 -430 -316 -25 -424 -349 -208 -85 -389 -286 -140 -4 -145 -408 0
27 -293 -171 -219 -38 0
-329 -211 -225 -80 -25 -293 -424 -145 -389 5 -286 -4 -208 -376 -187 -316 -193 -256 -262 -349 -430 -111 -336 -330 0
295 -198 -336 0
296 -198 -336 0
-293 -61 -69 -219 -60 319 -25 -380 -424 -145 -389 -376 139 -223 0
-380 -219 -349 -430 -60 319 -25 -424 -145 -389 -376 -223 -363 -187 -140 -336 0
-316 -283 -61 -60 -430 -407 -318 -25 -424 390 -349 -208 -85 -389 -286 -140 -4 -145 0
-256 -223 -376 -25 -424 -208 -389 -286 -140 -4 -145 -363 -336 -187 -349 -321 0
-406 -223 -430 -25 -424 -145 -389 -376 -349 -363 -187 -140 -336 -321 -286 -4 0
-223 -363 -424 -389 -145 -376 -349 -25 -187 -140 -336 -321 -286 -4 -208 0
-4 -321 -286 -389 -140 -424 -145 -376 -349 -25 -187 -208 -262 0
212 -218 -273 -67 -329 -284 -81 0
431 -63 -211 -67 -329 -284 -286 -349 -247 0
212 -272 -329 -284 -294 -96 -349 -67 -60 0
288 -340 -107 -63 -48 -186 -97 -297 -13 -306 -392 -233 -211 -329 -284 -294 -96 -349 -67 -247 0
58 -63 -42 0
-321 -286 -262 -349 -424 -25 -187 -145 -389 -140 -376 -208 0
-223 -249 -96 -430 -285 -349 -219 -60 -187 -25 -376 -424 -262 -389 -145 -192 -140 0
293 -212 -172 -72 -249 -196 -361 -430 -157 -187 -349 -60 -25 0
294 -81 -329 -100 -145 -187 -349 -25 0
-81 -415 -286 -430 -4 -329 -67 321 -172 -196 -361 -157 -187 -349 -25 -292 -100 -145 0
217 -329 -67 -187 321 -4 -25 -430 -349 -286 -308 -172 -196 -361 -100 -145 0
189 -81 -329 -285 -145 -308 -100 0
-81 -143 -72 -172 -249 -135 -269 -260 -409 -86 -424 -361 -100 -25 -187 -329 -285 -145 -308 -60 -293 -349 0
-329 -172 321 -4 -112 -430 -349 -260 -409 -424 -361 -100 -25 -187 -145 -308 -52 -225 -140 -389 -262 -178 -55 -169 -67 -286 -196 0
-4 -430 -286 321 -349 -424 -25 -187 -145 -140 -389 -262 -376 0
-293 -60 -81 -409 -424 -361 -100 -25 -187 -329 -285 -145 -308 -72 -349 -225 -140 -389 -381 -262 -192 -55 -178 -428 -186 -406 -48 -286 -63 -294 0
144 -123 -291 -178 -381 -173 -55 0
-60 -329 -96 -81 -392 -306 -178 -381 -55 -72 -48 -248 -63 -409 -424 -361 -100 -25 -187 -285 -145 -308 -349 -225 -140 -389 -262 -192 -428 -186 -406 -286 -294 0
184 -171 408 -39 -87 -208 -178 -443 -428 0
-171 -329 431 -286 -349 -63 -368 -192 141 -262 -39 408 60 -48 -186 -87 -208 -178 -443 -428 0
-430 -286 -208 -262 -349 -424 -25 -187 -145 -140 -389 -376 0
-293 -169 -219 -60 -81 -424 -100 -25 -187 -329 -285 -145 -72 -349 -140 -389 -381 -262 -192 -48 -286 0
288 -48 -192 -262 -320 -81 -140 -60 -424 -100 -25 -187 -329 -285 -145 -72 -349 -389 -381 -286 0
-100 -81 -60 -286 -192 -262 -320 -247 -140 -424 -25 -187 -329 -285 -145 -72 -349 -389 -381 -109 0
-81 -60 -349 -329 -187 -25 -208 -286 -424 -376 -389 -140 -262 -145 0
-294 -60 -286 -247 -293 -80 -96 -349 328 0
26 -192 -145 -6 -262 -389 -25 -424 -140 -187 -109 0
-60 -286 -349 -187 -25 -208 -424 -376 -389 -140 -262 -145 0
79 -417 -273 -96 -329 -213 0
80 -39 -368 -333 -392 -285 -213 0
79 -55 -208 -273 -149 -39 -333 -96 -218 -329 -285 -213 0
379 -207 -298 -192 141 -262 -32 0
-286 -187 -262 -349 -389 -145 -140 -208 -25 -424 -376 0
-80 -296 -418 -62 -140 -60 -293 -25 -329 -424 -145 -389 -409 -187 -192 -262 -4 -95 -217 -415 -285 -212 -81 0
320 -192 -140 -145 -4 0
-80 -409 -140 -60 -293 -25 -329 -424 -145 -389 -62 -187 -192 -262 -4 -217 -285 -212 -81 -272 -294 -349 -96 0
-100 -192 -208 -376 -285 -140 -60 -25 -424 -145 -389 -187 -329 -262 -81 -349 0
-192 -81 -424 -389 -140 -187 -262 -145 -376 -208 -285 -60 -329 -25 -349 0
-100 -81 -329 -285 -145 -187 -308 -102 0
79 -409 -389 -424 -140 -223 -145 -336 -329 -212 0
80 -321 -4 -187 -247 -308 -349 -285 0
-81 -285 -424 -140 -25 -145 -329 -187 -349 -389 -262 -376 -208 -60 0
141 -320 -41 -196 -247 -360 -271 -437 -67 -433 -94 -62 -391 -192 -262 0
-192 -196 -25 -145 -424 -389 -140 -376 -262 -187 -41 -293 -247 -360 -271 -437 -67 -433 -94 -62 -391 -4 0
139 -232 -376 -293 -187 -25 -424 -389 0
189 -336 -217 -297 -415 -67 -271 -247 -431 -424 -308 -232 -110 -25 0
81 -293 -187 -217 -247 -424 -25 -4 -140 -376 -389 -262 -145 -41 -62 -349 -329 -212 0
-192 -293 -25 -424 -140 -389 -187 -145 -262 -376 -321 -4 0
139 -293 -376 -163 -25 -424 -389 0
224 -293 -349 -424 -81 -163 -329 -376 -145 0
-60 -329 -25 -349 -187 -145 -424 -376 -389 -140 -262 -208 0
-223 -192 -25 -424 -140 -187 -262 -376 -293 -389 -145 0
-81 -55 -381 -406 -208 -333 -213 -96 -329 -285 -392 -25 -187 -145 -100 -308 0
211 -149 -360 -333 -437 -39 -433 -78 -368 -192 141 -262 0
61 -186 -406 -381 -271 -418 -178 -247 -48 -42 0
27 -360 -437 -63 -406 -271 -418 -178 -247 -42 -4 321 -213 -333 -433 -192 141 -262 -100 -424 -187 0
-192 -293 -262 -389 -25 -424 -140 -187 -349 -329 -208 -376 -145 0
379 -207 -156 -4 -295 -227 -321 -197 0
139 -336 -4 -321 -349 -329 -376 -145 -63 -363 -409 -25 -187 -424 -406 -208 -308 -213 -389 -293 0
26 -363 -333 -283 -63 -42 -349 -247 -329 -145 -102 -376 -225 -409 -308 -110 -424 -187 0
-293 -329 -25 -376 -424 -187 -349 -140 -145 -389 -208 -262 0
284 -417 -329 -213 -339 -81 0
-223 -320 -63 -340 -35 -284 -308 -406 -262 -389 -410 -192 -140 -224 -145 0
-192 -81 -406 -208 -333 -213 -329 -25 -187 -145 -308 -262 -140 -63 -340 -35 -284 -389 -410 -424 -376 -101 -4 0
-329 -187 -349 -208 -25 -145 -262 -140 -389 -424 -376 0
-192 -247 -376 -424 -262 -145 -389 -25 -140 -187 147 -4 0
284 -157 -217 -236 -68 -295 -58 -336 -61 -380 -340 -321 0
139 -429 -336 -156 -4 -321 -58 -80 -217 -68 -363 -234 -308 -187 -165 -25 -424 -406 -208 -389 0
27 -211 141 -376 -102 -424 -140 -389 -262 -110 -94 -25 -58 -283 -308 -165 -363 -234 -187 0
-198 -297 -336 0
26 -341 -234 -173 -85 -213 -217 -58 -444 -258 -410 -110 -424 -187 0
27 -234 -187 141 -376 -102 -424 -140 -389 -262 -110 -94 -25 -58 -283 -308 -165 -363 0
-223 -58 -80 -424 -217 -187 -25 -376 -102 -140 -389 -262 -308 -363 -336 -321 -4 -68 -406 -208 -225 -145 0
212 -63 -444 -429 -46 -195 -332 -41 -234 -58 0
211 -228 -156 -205 -299 -68 -32 -272 -269 -173 -217 -444 -158 -304 -195 -51 -392 -234 0
-187 -208 -424 -25 -140 -389 -262 -376 -145 -349 0
5 -95 -321 -109 0
212 -321 141 -262 -100 -145 -285 -406 -207 -109 -293 -58 0
-321 -58 -148 -285 -208 -211 141 -262 -100 -145 -406 -207 -109 -293 0
283 -360 -148 -208 -332 -81 0
68 -297 -207 0
284 -81 -191 -212 -321 -297 0
-360 283 -148 -208 -81 0
-81 -212 -68 141 -262 -148 -208 -100 -145 -321 -285 0
-100 -297 -379 -321 -192 -68 -4 -145 -141 -101 0
-389 -25 -187 -424 -234 -388 -208 -140 -262 -145 -349 0
-25 -206 -339 -68 -379 -309 -355 -375 -60 -342 -362 -110 -333 -187 -150 -182 -424 -208 -234 -388 -140 -262 -145 -349 0
188 -261 -417 -85 -140 -389 -286 -328 -4 -145 -339 -223 -156 -68 -206 -164 -309 -234 0
377 -218 -85 -417 -261 -271 -140 -389 -286 -328 -4 -145 -300 -223 -156 0
307 -443 -234 -156 -85 -417 -261 -140 -389 -286 -328 -4 -145 -223 -339 -68 -206 -164 0
69 -174 -113 -14 -61 -428 -40 -376 -249 -223 -145 -328 0
-406 -376 -113 -14 -428 -393 -85 -417 -261 -140 -389 -286 -328 -4 -145 -223 -156 -339 -206 -68 -61 -40 -441 -379 -408 0
67 -376 -318 -14 -379 -443 -428 -171 -113 -219 -85 -417 -261 -140 -389 -286 -328 -4 -145 -223 -156 -339 -206 0
-376 -286 -113 -14 -61 -428 -40 -223 -145 -328 -4 -379 -33 -206 -68 -318 -443 -171 -85 -417 -261 -140 -389 -156 -339 -393 -441 -408 0
-389 -206 -328 -223 -68 -145 -113 -14 -49 -234 -4 -379 -85 -417 -140 -339 -393 -441 -60 -37 -333 -182 -226 -150 -208 -388 0
-140 -355 -85 -137 -328 -145 -223 -349 -437 -60 -362 -110 -333 -187 -342 -182 -424 -208 -68 -14 -234 -4 -379 -417 -339 -393 -441 -309 -262 -198 -297 -141 0
79 -297 -145 -68 -223 -85 -137 -60 -362 -110 -333 -187 -342 -424 -208 -14 -234 -4 -379 -417 -339 -393 -441 -309 -262 -198 -141 0
-25 -286 -187 -321 -4 -192 -140 -424 -145 -208 -234 -262 -389 -388 0
219 -408 -261 -286 -85 0
-389 -375 -356 -85 -362 -110 -187 -417 -309 -206 -68 -113 -223 -145 -14 -49 -234 -4 -379 -140 -339 -393 -441 -60 -333 -226 -150 -208 -388 -321 -192 -424 -262 -181 0
-140 -329 -68 -309 -145 -441 -393 -14 -76 -181 -208 -356 -85 -362 -110 -187 -417 -223 -234 -4 -379 -339 -60 -333 -321 -192 -424 -262 -198 -297 -141 0
-297 -208 -379 -321 -192 -4 -309 -145 -441 -393 -14 -68 -362 -110 -187 -417 -234 -339 -60 -333 -424 -262 -198 -141 -81 -137 -342 -101 0
390 -223 -145 -328 -271 -234 -33 -187 -163 -148 -424 -208 0
389 -227 -408 -208 0
139 -389 -145 -328 -271 -234 -33 -187 -163 -148 -424 -208 0
-208 -187 -145 -4 -141 -234 -101 -424 -309 -198 -379 -335 -68 -321 -192 -441 -393 -14 -362 -110 -417 -339 -60 -333 -262 -81 -137 -342 0
330 -408 -333 -235 -60 -410 -417 -223 -339 -145 -68 0
69 -179 -377 -164 -60 -110 -26 -333 -379 -187 -148 -309 -181 -358 -295 -198 -272 0
165 -377 -110 -187 -234 -148 0
329 -140 -333 -362 -148 -110 -442 -187 -309 -164 264 -389 -424 -60 -234 -68 -26 -379 -181 -295 -198 -223 -145 -81 0
-140 -26 -362 -110 -60 -333 -181 -187 -148 -309 -198 -68 -330 -442 -164 264 -389 -424 -234 -379 -223 -145 -81 -141 0
-389 -223 -145 -379 -321 -192 -68 -4 -362 -110 -60 -333 -181 -187 -148 -309 -198 -442 264 -424 -234 -81 -141 -235 -417 -339 -388 0
272 -286 -4 -218 -299 -417 -33 0
159 -230 -35 -56 -268 -45 -355 -235 0
206 -218 -27 -60 -333 -235 -411 -223 -145 -81 -328 -271 -4 -417 -407 -165 -379 -309 -321 -192 0
273 -113 -218 -293 -49 -411 -234 -223 -194 -145 -81 -430 -328 -247 0
67 -271 -407 -417 -379 -411 -234 -223 -145 -81 -442 -60 -362 -110 -333 -187 -181 -148 -198 -295 -27 -235 -4 -165 -309 -321 -192 -339 0
-271 -223 -411 -60 -362 -110 -333 -181 -187 -165 -148 -309 -198 -295 -68 -407 -417 -379 -234 -145 -81 -442 -27 -235 -4 -321 -192 -339 0
-223 -187 -60 -110 -333 -379 -342 -148 -309 -181 -198 -145 -81 -68 -362 -417 -234 -442 -235 -4 -321 -192 -339 -424 -141 264 -388 0
223 -192 -4 -68 -321 -379 -145 -141 -101 0
424 -259 -218 -85 -293 -37 -410 -27 0
-148 -150 -110 -333 -379 -342 -309 -198 -145 -81 -68 -362 -417 -234 -4 -321 -192 -339 -141 264 -388 -101 -335 -393 -14 -262 -137 -218 -410 -249 -60 0
207 -434 -355 -349 -60 -410 -333 -379 -321 -192 -4 -309 -145 -393 -14 -68 -362 -110 -417 -234 -339 -262 -198 -141 -81 -137 -342 -101 264 -388 -335 -218 -249 -358 -295 0
273 -362 -4 -110 -234 -333 -379 -342 -309 -198 -145 -81 -68 -70 -417 -321 -192 -339 -141 264 -101 -335 -393 -14 -262 -137 -60 0
205 -148 -110 -333 -379 -342 -309 -198 -145 -81 -68 -362 -417 -234 -60 -4 -321 -192 -339 -141 264 -101 -335 -393 -14 -262 -137 0
69 -296 -145 -141 -328 -223 0
206 -328 -333 -223 -60 -145 -4 -417 -70 -339 -273 -68 -141 -379 -321 -192 0
-328 -207 -60 -333 -379 -321 -192 -4 -309 -393 -14 -68 -362 -110 -417 -234 -339 -262 -198 -141 -81 -137 -342 -101 264 -335 -145 -70 0
-296 -32 -4 -207 -141 -379 -297 -321 -192 0
-207 -192 -333 -379 -321 -60 -4 -309 -145 -393 -14 -68 -362 -110 -417 -234 -339 -262 -198 -141 -81 -137 -342 -101 264 -335 -70 0
149 -180 -231 -36 -294 -60 -362 -110 -333 -187 0
-192 -141 -333 -379 -321 -4 -309 -145 -393 -14 -68 -110 -417 -234 -339 -262 -198 -60 -81 -342 -70 -190 0
292 -248 -173 -288 -230 -60 -35 0
-141 -379 -198 -333 -4 -417 -60 -145 -339 -68 -393 -309 -262 -321 -14 -110 -234 -81 -342 -70 -190 0
319 -333 -262 -198 -417 -60 -145 -339 -393 -309 -321 -234 -81 -342 -96 0
294 -230 -171 -55 -218 -35 0
292 -86 -408 -333 -288 -218 -60 -27 0
-68 -296 -333 -60 -408 -288 -171 -188 -309 -417 -198 -215 -4 -141 -379 -321 -192 -145 223 -67 0
59 -292 -13 -112 -185 -174 -47 -62 -27 -389 -77 -181 -150 -409 -408 -249 -333 -97 -288 0
-292 -27 -408 -249 -217 -333 -288 -62 -60 -13 -112 -185 -174 -47 -389 -77 -181 -150 -409 -97 0
189 -112 -174 -231 -36 -408 -217 -333 -288 -60 -13 -47 -389 -150 -360 -272 -81 -329 -145 -361 -100 0
-297 -217 -174 -13 -333 -234 -188 -408 -393 -288 -60 -47 -389 -81 -145 -361 -100 -198 -296 68 0
150 -376 -164 -234 -215 -188 0
-192 -379 -333 -60 -13 -47 -145 -188 -234 -215 -198 -309 -81 -339 -417 -4 -393 -321 -67 320 0
192 -67 -309 -198 -262 0
-4 -188 -269 -273 -36 -417 -207 -219 -297 -287 -333 -60 -13 -192 -145 -330 -234 -215 -198 -309 -81 -339 -47 -393 -321 -67 320 0
295 -427 -13 -273 -330 -136 -178 -55 -269 -36 -207 0
296 -207 -262 -309 -139 0
59 -288 -292 -218 0
-4 -31 -292 -182 -135 -150 -47 -333 -62 -60 -218 -13 -192 -145 -188 -234 -215 -198 -309 -81 -339 -417 -393 -321 -67 320 0
58 -27 -409 -163 -292 -215 -419 -150 -47 -333 -62 0
59 -273 -13 -330 -136 -178 -55 295 -207 -409 -333 -292 0
294 -330 -273 -135 -136 -55 -13 -178 295 -207 -409 0
329 -375 -360 -350 -81 0
110 -163 -409 -361 -292 58 -419 -150 -333 -187 0
69 -292 -71 -109 -409 -361 -333 -81 -136 -55 -13 -178 -60 -309 -198 -262 -139 0
293 -174 -178 -134 -333 -229 -60 -34 0
-207 -217 -55 -417 -178 -292 -333 -60 -380 -198 -334 68 0
189 -121 -231 -178 -97 -36 -249 -47 -40 -61 -214 -361 -109 0
58 -425 -309 -109 -27 -231 -178 -97 -36 -249 -361 -420 -33 -371 -300 -150 -5 -333 -287 0
187 -388 -425 -139 -262 -376 -309 -234 0
34 -269 -134 -231 0
377 -195 -75 -234 -156 0
294 -134 -112 -13 -376 -75 -234 -231 -36 -109 -139 -262 -309 -227 -150 -333 -60 -178 -97 -361 -300 -5 -360 -81 -329 -272 -417 -409 -217 0
-292 -178 -55 -136 -333 -60 -13 -376 -234 -109 -139 -262 -309 -97 -361 -5 -81 -417 -409 -198 -380 -334 -339 -67 -71 0
271 -209 -309 -234 -262 -333 -60 -13 -145 -188 -215 -198 -81 -339 -417 -393 -321 -67 320 -109 -329 0
207 -309 -96 -60 -234 -262 -333 -145 -198 -81 -339 -417 -393 -321 320 0
69 -329 -81 -29 -349 -296 -198 0
297 -29 -334 -198 0
149 -333 -60 -13 -192 -145 -234 -198 -309 -81 -339 -417 -393 -321 -67 320 292 -109 -207 -296 0
-297 -329 -81 -198 -349 -296 -67 -207 0
297 -217 -287 -376 -5 -234 -109 150 -309 -207 -198 -67 -334 0
285 -198 -234 -60 -145 -81 -417 -393 -321 -262 -96 0
-296 -223 -145 -328 -68 -141 -297 0
330 -362 -349 -231 -36 -60 149 -110 -333 -187 -247 -223 -271 -145 0
173 -254 -231 -133 0
-297 -333 -60 -110 -145 -68 -198 -321 -262 -81 -212 284 0
149 -170 -427 -14 -32 -379 -224 -198 -81 -285 -145 -329 -308 -187 297 0
381 -224 -114 -427 -230 -14 -35 -141 -293 -4 -299 -289 -170 -32 0
-329 -187 -293 -230 -60 -35 -41 -358 -62 -393 -262 -198 -321 -379 -427 -14 -4 -299 -349 -148 -81 -285 -145 -308 297 -219 -417 -271 -328 0
-231 -174 -427 -114 -133 -14 -230 0
428 -268 -35 -230 -355 -45 -235 -219 -171 -163 -148 -110 -234 -187 -180 0
-100 -102 -190 -141 -262 -145 0
174 -187 -148 -30 -198 -321 -296 -379 -62 0
307 -37 -219 -235 -293 -35 -230 -355 -427 -133 -14 -148 -198 -321 -379 -62 -110 -234 -190 -262 -145 -271 -60 -41 -358 -393 -4 -299 -349 -81 -285 -308 297 -417 -328 0
-333 -110 -145 -14 -198 -321 -60 -393 -262 -81 -285 -417 -234 -68 -212 284 0
15 -304 -393 -113 0
330 -133 -379 -231 -429 -113 -14 -393 -219 -417 -441 -223 -271 -145 0
435 -375 -437 -355 0
-297 -187 -234 -110 -39 -237 -429 -14 -145 -81 -393 -417 -68 -198 -321 -262 -212 284 0
-174 -223 -145 -262 -393 -114 -14 -231 -133 -230 0
169 -63 -363 -60 -187 -294 -367 -219 -39 0
-223 -294 -60 -187 -429 -219 -39 -318 -358 -150 -393 -336 -30 -262 -198 -321 -296 -379 -145 -114 -14 -231 -133 -230 0
223 -141 -68 -321 -4 -145 -379 -190 -262 0
-231 -187 -60 -429 -219 -39 -223 -358 -150 -393 -336 -30 -262 -198 -321 -296 -379 -145 -114 -14 -133 -230 -35 0
217 -114 -234 -393 -198 -14 -379 -174 -355 -133 -268 -237 -180 -57 -223 -145 -328 -271 -417 0
330 -183 -198 -336 -379 -358 -437 -434 -271 0
113 -227 -198 -150 -379 -237 -187 -170 -308 -57 -223 -271 -145 -328 -336 -358 -437 -393 0
-187 -198 -150 -237 -145 -393 -234 -14 -417 -60 -429 -39 -262 -321 -68 -110 -81 -212 284 0
213 -283 -212 -321 -262 -145 -81 0
112 -14 -145 -441 -94 -393 -113 -296 -329 0
59 -167 -276 -99 -348 -362 -232 -187 -150 -333 0
-207 -271 -296 -379 -141 -4 -297 -321 -192 0
-271 -57 -294 -350 -436 -435 -329 -296 -379 -141 -4 -297 -321 -192 0
229 -375 -436 -419 -350 -427 -63 -294 -180 -174 -36 0
-14 -141 -350 -174 -339 -145 -223 -296 -227 -33 -329 -379 -321 -192 -58 -232 -333 -29 -359 -305 -198 -113 -441 -94 -393 0
229 -294 -232 -171 -187 -378 -333 -57 -36 -436 -375 -350 -419 -63 -180 -174 0
-297 -141 -232 -171 -333 -350 -174 -33 -329 -296 -379 -227 -321 -192 -58 -305 -441 -145 -223 -339 -113 -69 -29 -359 -198 0
188 -69 -329 -223 -145 -207 -346 -50 -309 -232 0
-393 -223 -232 -329 -333 -145 -50 -309 -359 -29 -198 -171 -350 -174 -33 -296 -379 -227 -321 -58 -339 -94 -262 -391 0
-223 -33 -415 -58 -359 -29 -339 -329 -335 -198 -309 -262 -232 -333 -145 -50 -171 -350 -174 -296 -379 -227 -321 -94 -391 0
-207 -271 -321 -296 -379 -297 -141 -94 -192 0
-271 -435 -187 -321 -55 -174 -58 -350 -436 -192 -415 -329 -339 -94 -296 -379 -297 -141 0
392 -150 -174 -227 -58 -376 -50 -333 -309 -232 -291 -187 -100 -339 -94 -297 -145 -181 -329 -33 -321 -55 -350 -436 -192 -415 -296 -379 -262 0
-297 -187 -145 -100 -94 -321 -262 -391 -174 -227 -58 -376 -50 -333 -309 -232 -291 -339 -329 -33 -55 -350 -415 -296 -379 -29 -359 -198 0
-187 -379 223 -321 -145 -309 -262 -29 -198 -94 -391 -174 -227 -58 -50 -333 -232 -291 -339 -329 -33 -350 -415 -296 -359 0
-297 -376 -178 -350 -25 -389 -227 -109 -39 -94 -333 -148 -206 -29 -359 -296 -198 0
-379 -29 -359 -262 -145 -321 -198 -350 -227 -94 -333 -296 -391 -309 -58 -50 -232 -339 -329 -415 -335 -380 0
328 -293 -350 -217 -436 -415 -435 -284 -309 -95 -296 0
173 -187 -333 -71 -361 -150 -111 -58 -100 -145 -329 -350 -217 -436 -415 -284 -309 -95 -296 -262 -391 -36 -231 -134 -112 0
174 -272 -329 -55 -231 -136 -36 -134 -112 0
-297 -227 -350 -94 -333 -29 -359 -296 -198 -262 -391 -309 -71 -58 -145 -329 -415 -284 -95 -172 -339 -191 0
-198 -58 -415 -145 -391 -339 -329 -262 -309 -350 -94 -333 -359 -284 -321 -232 -196 0
-207 -187 -232 -163 -102 -225 -142 -356 -268 -329 -133 -229 -67 -205 -297 0
380 -174 -356 -329 -297 -309 -262 -232 -321 -296 0
330 -187 -58 -62 -71 -143 -361 -309 -232 -111 -305 -5 -350 -441 -100 -272 -145 0
328 -269 -356 -136 -374 -435 -350 -217 -293 -415 -284 -309 -95 -296 0
-174 -374 -356 -58 -333 -350 -309 -149 -145 -232 -329 -415 -284 -296 -191 -339 -262 -297 -391 -94 -321 -381 0
Solved
