554 -459 -447 -73 -322 -508 -349 -274 -211 -58 -226 0
435 -447 -162 -163 -139 -451 -178 -51 -73 -133 -322 -43 -508 -199 -349 -274 -385 -211 -58 -226 -553 -238 0
74 -356 -265 -277 -298 -139 -317 -447 -178 0
-356 -277 -51 -199 -385 -139 -58 -133 -211 -43 -349 -322 -178 -73 -265 -298 -317 -447 0
560 -51 -322 -271 -349 -385 -211 -58 -226 -553 -73 -508 -274 -451 -163 -125 -541 -235 -199 -139 -133 -43 -178 -265 -298 -434 -162 -238 -79 0
317 -82 -349 -43 -322 -139 -265 -298 0
384 -451 -385 -58 -211 -43 -349 -322 -178 -73 -139 -265 -298 -502 -79 -559 -226 -553 -508 -274 -271 -163 -125 -541 -235 -199 -133 -434 -238 0
351 -541 -434 -79 -125 -559 -427 -502 -367 -49 -133 -247 -199 -178 -508 -385 -73 -274 -58 -322 -211 -43 0
565 -322 -271 -349 -385 -211 -58 -226 -553 -73 -508 -274 -163 -125 -235 -199 -139 -133 -43 -178 -265 -298 -434 -238 -79 -559 -502 -427 -367 -247 -383 0
317 -51 -502 -559 -349 -43 -322 -139 -265 -298 0
300 -460 -395 -496 -317 0
350 -322 -139 -265 -298 -502 -559 -349 -43 -551 -1 -61 -133 -271 -199 -553 -178 -508 -385 -226 -73 -274 -58 -211 0
84 -317 -460 -396 -496 -298 -265 -455 -139 0
-49 351 -125 -367 -434 -79 -559 -502 -427 -133 -247 -199 -178 -508 -385 -73 -274 -58 -322 -211 -43 0
568 -79 -265 -139 -502 -559 -349 -43 -125 -367 -434 -298 -427 -133 -247 -199 -178 -508 -385 -73 -58 -271 -553 -226 -551 -1 -61 0
350 -211 -317 -559 -271 -178 -526 -79 -385 -73 -568 -58 -322 -298 0
-211 -317 -559 -79 -73 -568 -322 -349 -271 -178 -526 -385 -58 -298 0
323 -317 -559 -79 -568 -73 0
-317 -322 -508 -559 -526 -79 -568 -73 -247 -349 -271 -178 -385 -58 -298 0
-322 -568 -526 -427 -79 -125 -367 -559 -298 -502 -349 -43 -139 -265 -508 -73 -247 -271 -178 -385 -58 0
561 -447 -317 -79 0
445 -496 -395 -298 -525 -317 0
75 -211 -265 -298 -317 -367 -427 -271 -43 -385 -349 -58 -526 -139 -568 -502 -79 -559 -178 0
560 -496 -298 -317 -271 -385 -58 -526 -211 -568 -446 -79 0
-211 -317 -43 -385 -349 -58 -367 -568 -427 -502 -271 -79 -559 -298 -526 -178 -73 -265 -139 0
-447 -88 -551 -73 -379 -367 -448 -427 -121 -247 -508 -526 -274 -568 -79 -559 -317 0
-317 -379 -298 -551 -526 -367 -568 -559 -178 -427 -79 -73 -448 -121 -247 -508 -43 -385 -349 -58 -502 -271 -265 -139 0
571 -383 -73 -178 -367 -427 -526 -139 -502 -434 -265 -125 -559 -298 -551 -448 -247 -508 -43 -385 -349 -58 -271 -199 -553 -226 -1 -61 0
322 -79 -551 -526 -367 -317 -559 -178 -427 -298 -73 -448 -247 -508 -43 -385 -349 -58 -502 -271 -265 -139 0
-447 -274 -247 -317 -508 -526 -427 -211 -367 -58 -49 -571 -502 -79 -559 0
-79 -317 -367 -559 -427 -247 -502 -508 -526 -58 -571 -265 -139 -349 -43 -125 -434 -298 -199 -178 -385 -73 -271 -553 -226 -551 -1 -61 -448 0
323 -211 -226 -54 -58 -70 -553 -568 -381 -352 -349 0
569 -335 -400 -441 -258 -298 -526 -211 0
-211 -394 -496 -298 -193 -400 -271 -553 -258 -385 -226 -58 -568 -441 -526 -381 -324 -54 -70 -352 -349 0
570 -297 -258 -526 -274 0
561 -381 -526 -324 -568 -258 -448 -89 -496 -298 -193 -400 -271 -553 -385 -226 -58 -441 -54 -70 -352 -349 -434 -317 0
-211 -496 -298 -381 -317 -324 -193 -400 -271 -553 -258 -385 -226 -58 -568 -441 -526 -54 -70 -352 -349 0
323 -137 -381 -352 0
446 -568 -163 -526 -448 -298 -317 -271 -553 -385 -226 -58 -70 -349 -383 -502 -559 -434 -551 -367 -125 -178 -427 -73 0
324 -274 -211 -568 -349 0
569 -274 -211 0
-274 -211 -568 0
570 -190 -283 -193 -238 -70 -163 -394 -271 -553 -385 -226 -123 -90 -58 -526 -323 -211 0
-211 -496 -265 -298 -317 -321 -193 -163 -394 -271 -553 -43 -385 -226 -349 -58 -568 -283 -238 -70 -90 -526 -323 -257 0
569 -394 -321 -458 -525 -434 -559 -123 -508 -257 -526 -274 0
-317 -434 -238 -163 -283 -1 -271 -553 -61 -385 -226 -58 -247 -508 -526 -559 -448 -265 -298 -43 -349 -70 -551 -367 -178 -427 -73 -383 -502 -125 -139 -199 0
-274 -211 -526 -508 -257 -247 -427 -58 -367 -571 -502 -559 -349 -43 317 -139 -265 -298 0
-211 -571 -199 -385 -58 -349 -43 -367 -427 -257 -526 -508 -247 -502 -559 317 -139 -265 -298 0
570 -446 -73 -178 -383 -78 -50 -247 -367 -508 -427 -274 -297 -526 0
575 -367 -73 -247 -178 -508 -427 -526 -199 -385 -58 -349 -43 -502 -559 -139 -265 -298 -238 -163 -283 -1 -271 -553 -61 -226 -448 -70 0
275 -317 -73 -274 -508 -349 -58 -226 -139 -265 -126 -298 -211 -178 -271 -553 -385 -247 0
-317 -274 -508 -526 -427 -211 -367 -58 -247 -502 -559 -298 -265 -139 -178 -73 -271 -199 -553 -43 -385 -226 -349 -126 0
276 -533 -258 -342 -553 -499 -211 -73 -274 -508 -349 -447 -58 -226 -247 -88 0
-274 -211 -385 -58 -526 -508 -199 -247 -427 -367 -502 -559 -349 -43 -139 -265 -298 -553 -73 -226 -178 -271 -126 0
257 -410 -265 -298 -96 -190 -163 -396 -317 -559 -178 -502 -73 -49 -445 -367 -427 0
212 -317 -211 -238 -70 -163 -271 -553 -385 -226 -58 -526 -190 -178 -283 -73 -445 -427 -256 -265 -298 -559 -502 -367 -199 -43 -571 -568 -349 0
-257 -317 -298 -211 -568 -265 -163 -271 -553 -43 -385 -226 -349 -58 -323 -283 -238 -70 -526 -90 -178 -73 -445 -367 -427 -256 0
-317 -190 -283 -238 -70 -163 -559 -178 -502 -73 -367 -427 -298 -211 -568 -265 -271 -553 -43 -385 -226 -349 -58 -526 -256 -199 -139 0
-257 -211 -349 -43 -568 -367 -427 -199 -385 -58 -526 -508 -247 -502 -559 317 -139 -265 -298 -256 0
-211 -43 -349 -427 -367 -199 -385 -58 -526 -508 -247 -502 -559 -139 -265 -298 -283 -238 -70 -163 -178 -73 -271 -553 -226 -126 0
-79 -295 -568 -526 -559 -317 -447 0
-258 -447 -126 -298 -317 -435 -559 -526 -274 -568 -508 -247 -367 -448 -178 -427 -88 -73 -163 -257 0
-447 -257 -508 -427 -274 -126 -298 -317 -435 -559 -526 -568 -367 -448 -178 -88 -73 -163 -247 0
500 -51 -502 -199 -58 -559 -385 -81 -274 -458 -525 -321 -394 -508 -257 -526 -123 -271 -568 -163 -541 -247 0
-257 -317 -298 -568 -274 -502 -199 -58 -559 -385 -508 -271 -163 -247 -552 -367 -126 -448 -427 -526 -88 -73 -435 -178 0
560 -160 -265 -298 -139 -317 -496 -384 -24 -462 -50 -459 -524 -502 -435 -205 0
-317 -435 -238 -163 -283 -1 -271 -553 -61 -385 -226 -58 -559 -265 -298 -139 -384 -502 -552 -178 -88 -73 -526 -247 -367 -568 -508 -427 -274 -199 -126 -448 0
445 -274 -508 -247 -526 -297 -568 -81 0
577 -559 -502 -349 -139 -265 -298 -178 -427 -73 -508 -247 -526 -238 -163 -283 -1 -271 -553 -61 -385 -226 -58 -199 -448 -70 -574 0
429 -367 -163 -526 -448 -298 -568 -271 -553 -385 -226 -58 -70 -349 -317 -502 -559 -447 -178 -427 -73 -574 -257 -274 -508 -247 0
445 -257 -568 -274 -508 -247 -526 -317 -559 -447 0
396 -126 -298 -203 -543 -317 -163 0
299 -372 -315 -283 -238 -355 -163 -139 -543 -265 -126 0
-257 -447 -298 -283 -238 -163 -139 -265 -559 -274 -526 -568 -508 -247 -178 -427 -73 -317 0
-367 -126 -163 -283 -1 -271 -553 -61 -385 -226 -58 -559 -265 -298 -139 -317 -502 -178 -73 -526 -247 -568 -508 -427 -274 -199 -238 -448 -574 -379 -336 -24 -459 -95 -577 -93 -369 0
300 -24 -163 -336 -541 -319 -126 -139 -401 -265 0
-447 -274 -163 -109 -238 -283 -139 -265 -298 -1 -271 -61 -385 -226 -58 -559 -317 -502 -178 -73 -526 -247 -568 -508 -427 -553 -199 -448 -574 -577 0
369 -541 -487 -568 -274 -58 -257 -226 -501 -577 -502 -199 -559 -385 -81 -458 -525 -394 -508 -123 -271 -163 -526 -247 0
569 -541 -458 -394 -525 -163 -553 -559 -501 -508 -257 -526 -274 0
124 -496 -139 -265 -553 -298 -226 -58 -257 -501 -247 -487 -508 -526 -274 -568 -458 -394 -525 -163 -559 0
-274 -568 -247 -70 -508 -139 -265 -298 -553 -226 -58 -526 -163 -559 -178 -427 -317 -73 -109 -238 -283 -1 -271 -61 -385 -502 -199 -448 -574 -577 0
-447 -81 -559 -317 -446 0
570 -123 -211 -238 -70 -163 -271 -553 -385 -226 -283 -58 -526 -190 -178 -317 -73 -559 -446 0
-447 -225 -298 -559 -317 -526 -568 -446 0
258 -190 -247 -442 -298 -317 -283 -238 -70 -163 -178 -73 -559 -526 -568 -271 -553 -385 -226 -58 -211 -427 0
445 -90 -122 -448 -508 -559 -526 -317 -568 -73 -247 -349 -271 -178 -385 -58 -298 0
299 -17 -442 -551 -379 -95 -371 -193 -536 -190 -340 -319 -139 -401 -496 -265 -126 0
569 -190 -317 -298 -442 -139 -401 -265 -126 -178 -73 -447 -122 -448 -508 -559 -526 -568 -247 -349 -271 -385 -58 -369 -577 -553 -226 -211 0
300 -537 -70 -247 -442 -500 -18 -283 -238 -163 -126 -396 -401 -317 0
395 -524 -126 -283 -238 -355 -163 -139 299 -265 -372 -462 0
-568 -317 -283 -238 -163 -139 -265 -298 -70 -247 -442 -214 -271 -199 -553 -385 -226 -178 -58 -73 -559 -448 -508 -526 -349 -427 -109 -1 -61 -502 -574 0
300 -258 -70 -247 -442 -537 -18 -283 -238 -163 -126 -396 -317 -501 -447 0
-126 -370 -70 -139 -265 -298 -247 -442 -283 -238 -163 -317 -178 -73 -271 -553 -322 -385 -226 -349 -58 -508 -211 -274 0
-317 -553 -271 -385 -247 -58 -508 -427 -298 -70 -139 -265 -442 -283 -238 -178 -73 -163 -226 -349 -214 -199 -559 -448 -526 -109 -1 -61 -502 -574 0
-568 445 -207 -448 -297 -58 -526 -508 -247 -81 -223 0
-258 -499 -488 -526 -247 -297 -58 -508 -211 -274 -88 -553 -533 -73 -349 -447 -226 -342 0
-447 -488 -508 -247 -526 -297 -58 -553 -533 -73 -349 -226 -342 -207 -448 -81 -223 -446 0
-258 -458 -566 -163 -508 -461 -541 -274 -525 -553 -559 -501 -257 -526 -568 -297 0
-274 -568 -214 -198 -42 -395 -398 -247 -461 -207 -553 -508 -525 -223 -566 -163 -541 -559 -501 -257 -526 -297 -90 0
274 -342 -323 -553 -349 -226 -58 -385 -199 -214 -198 -533 -395 -461 -207 -131 -525 -223 -257 0
580 -214 -349 -508 -247 -163 -526 -58 -385 -178 -427 -73 -448 -139 -265 -298 -271 -70 -442 -283 -238 -109 -1 -61 -502 -574 0
395 -126 -400 -543 -553 -459 -96 -462 -163 0
-298 -543 -163 -459 -400 -126 -96 -462 -317 -395 -203 0
446 -317 -163 -400 -553 -223 -559 -258 -526 -274 -568 -508 -247 -499 -427 0
-501 -126 -163 -553 -559 -508 -257 -526 -274 -427 -317 -446 -295 -568 -247 -499 0
-447 -446 -274 -568 -508 -247 -526 -257 -559 -317 0
-317 -559 -553 -163 -508 -257 -526 -274 -568 -247 -258 0
-559 -257 -163 -508 -274 -553 -258 -526 -568 -247 0
-298 -323 -336 -458 -95 -192 -317 445 -525 -396 -163 -542 -126 -300 0
164 -533 -265 -131 -473 -433 -458 -95 -461 -192 -396 0
191 -24 -121 -323 -473 -455 -278 -140 -319 0
141 -323 -342 -121 -537 -24 -371 -336 -314 -319 -278 0
500 -126 -580 -553 -433 -163 -396 -400 -121 -317 -300 -463 -205 -295 -526 -568 -274 -508 -447 -247 0
-126 -317 -400 -163 -204 -223 -553 -463 -447 -205 -79 -258 -526 -274 -568 -508 -247 -499 -580 -433 -396 -121 -300 -295 0
459 -439 -537 -336 -131 -323 -354 -599 -576 -444 -433 -16 0
-317 -121 -163 -553 -433 -499 -247 -508 -274 -526 -568 -463 -295 -258 -205 -223 -427 -400 -79 -580 -316 0
500 -566 -463 -205 -295 -526 -568 -274 -553 -163 -508 -541 -247 0
300 -73 -523 -463 -205 -526 -258 -274 -568 -395 -163 -508 -247 -499 -295 -553 -126 -400 0
457 -353 -443 -324 -121 -372 -39 -536 -16 -163 -553 -452 -96 0
445 -126 -121 -163 -553 -499 -247 -508 -274 -568 -526 -463 -295 -205 -223 -427 -400 -203 -433 -299 -258 -395 0
447 -499 -274 -247 -568 -508 -79 0
165 -341 -536 -232 -132 -474 -433 -24 -459 -96 -82 -462 -191 -395 0
323 -587 -433 -566 -474 -459 -335 -543 -163 -536 -132 -96 -462 -191 -395 -456 -354 -121 0
457 -71 -233 -444 -536 -553 -96 0
-257 -258 -553 -247 -508 -274 -568 -526 -163 0
324 -596 -460 -395 -434 -317 -559 -591 -169 -450 -183 -336 -122 -74 0
124 -232 -599 -352 -552 -138 -54 -37 -401 0
535 -24 -401 -336 -541 -126 -163 -265 -497 -452 -524 -464 -205 -559 -434 -599 -472 -352 -552 -138 -37 -371 0
198 -214 -46 0
197 -214 -46 0
196 -228 -58 -4 -489 -239 -357 -317 -588 -168 -395 -180 0
-214 -196 -46 0
299 -583 -428 -126 0
164 -395 -317 -126 -428 -58 -4 -489 -588 -559 -553 -537 -401 -336 -541 -163 -452 -524 -464 -205 -434 -599 -371 -460 -23 -122 -74 -323 -591 -169 -450 -183 -17 0
165 -126 -401 -541 -452 0
-126 -317 -428 -58 -4 -489 -588 -559 -553 -537 -401 -336 -541 -163 -452 -524 -464 -205 -434 -599 -371 -460 -23 -122 -74 -323 -591 -169 -450 -183 -17 0
458 -460 -58 -537 -599 -371 -559 -553 -323 -336 -122 -163 -541 -428 -4 -489 -588 -401 -464 -205 -591 -169 -183 -445 -88 0
-126 -435 -398 -559 -484 -507 -460 -591 -449 -323 -336 -122 -453 -24 -163 -541 -428 -583 -124 0
94 -323 -122 -507 -484 -406 -398 -58 -4 -489 -163 -541 -401 -559 -591 -336 -428 -445 -88 -537 -599 -371 -553 -588 -464 -205 -183 0
-24 -299 -163 -401 -336 -541 -126 -317 -192 -588 -395 -195 -462 535 -434 -452 -524 -464 -205 -559 -599 -37 -371 -596 -74 -323 -473 -122 -23 0
125 -434 -227 -581 -192 -317 -559 -4 -596 -58 -591 -349 -74 -406 -450 -323 -210 -122 -163 -401 -336 -541 -126 -588 -395 -195 -462 535 -452 -524 -464 -205 -599 -37 -371 -23 0
164 -317 -336 -398 -581 -559 -205 -224 -462 -395 -428 -126 -401 -227 -192 -4 -58 -591 -349 -406 -323 -122 -163 -541 -588 -195 535 -464 -599 -371 -445 -88 -459 -17 0
-317 -395 -559 -464 -459 -205 -401 -541 -126 -163 -336 -398 -581 -224 -462 -428 -227 -192 -4 -58 -591 -349 -406 -323 -122 -588 -195 535 -599 -371 -445 -88 -17 0
447 -126 -17 -541 -459 -428 -88 0
-126 -4 -489 -559 -205 -459 -401 -541 -462 -163 -464 -336 -398 -581 -224 -428 -227 -192 -58 -591 -349 -406 -323 -122 -588 -195 535 -599 -371 -445 -88 -17 0
394 -232 -354 -323 -336 -122 -24 -58 -537 -599 -371 -559 -553 -163 -541 -428 -4 -489 -588 -401 -464 -205 -591 -183 -445 -88 -459 -317 0
257 -553 -163 -526 -247 -568 -508 -274 0
334 -72 -443 -333 -379 -138 -473 -441 -23 0
322 -422 -536 -553 -193 -96 -462 -335 -443 -333 -473 -441 -23 -353 0
400 -317 -88 -349 -123 -324 -536 -553 -96 -335 -406 -58 -191 -10 -4 -488 -163 -445 -541 -429 -126 0
457 -128 -536 -553 -434 -96 0
322 -574 -600 -352 -232 -550 -136 -556 -335 -24 -123 0
-317 -126 -349 -324 -600 -335 -123 -372 -536 -553 -96 -559 -205 -4 -225 -88 -488 -445 -429 -465 -402 -406 -58 -191 -10 -163 -541 0
125 -551 -553 -58 -536 -600 -372 -582 -92 -321 -453 -163 -137 -541 -429 -352 0
322 -453 -163 -541 -18 -429 -402 -299 -126 -553 -58 -536 -600 -372 -582 -395 -460 -335 -24 -123 -75 0
-126 -590 -349 -123 -324 -163 -541 -429 -402 -553 -58 -536 -600 -372 -335 -465 -205 -88 -559 -445 -96 -4 -225 -488 -406 -191 -10 0
394 -462 -96 -274 -568 -508 -247 -526 -257 -559 -317 -458 0
381 -317 -559 -4 -205 -406 -445 -208 -458 -536 -17 -553 -96 -396 -274 -568 -508 -247 -526 -257 -576 -136 0
-462 -460 -396 -96 -274 -568 -508 -247 -526 -257 -559 -317 -458 0
457 -553 -96 -17 0
-460 -462 -335 -123 -24 -324 -396 -96 -274 -568 -508 -247 -526 -257 -559 -317 0
460 -317 -335 -24 -123 -324 -576 -559 -4 -205 -488 -600 -372 -445 -536 -88 -553 -457 -96 0
459 -381 -354 -335 -324 -453 -506 -484 -399 -566 -498 -402 -300 -317 -445 -88 0
-317 -597 -300 -559 -399 -484 -506 -590 -324 -566 -474 -335 -123 -453 -24 -457 -354 -402 -445 -396 -96 -274 -568 -508 -247 -526 -257 -576 -4 -205 -488 -600 -372 -536 -553 0
322 -130 -108 -349 -496 -174 -460 -474 -335 -504 -84 -24 -597 -456 -354 -123 -75 0
-553 -163 -568 -508 -247 -526 -274 0
121 323 -381 -458 -234 -16 -558 -500 -170 -163 -257 -182 -24 0
95 -335 -568 -508 -247 -526 -559 -317 -163 -274 -322 -460 0
-335 -559 -322 -568 -274 -508 -460 -247 -526 -317 -163 0
22 -559 -568 -508 -247 -526 -274 -317 -501 -258 -459 -123 0
121 -421 -317 -10 -559 -395 -207 -557 -297 -171 -258 -183 0
457 -524 -274 -568 -508 -247 -526 -559 -317 -501 -297 -258 -123 -395 -557 -171 -183 -195 -192 -320 -130 -452 0
-559 -322 -568 -508 -247 -526 -317 -163 -460 -274 0
569 -447 -460 -205 -247 -94 -295 -508 -526 -274 0
559 -460 -94 -508 -526 -274 -568 -247 -317 0
-446 -447 -501 -274 -568 -508 -247 -526 -559 -317 0
458 -93 -58 -552 -226 -599 -580 -559 -317 -428 -395 -401 -541 -163 -336 -24 -16 0
446 -395 -559 -317 -163 -459 -58 -552 -226 -599 -580 -336 -16 -297 -121 -258 -501 -73 0
461 -121 -163 -317 -274 -568 -508 -247 -526 -559 -73 -340 -379 0
447 -458 -16 -121 -163 -257 -396 -500 -317 0
-460 -317 -274 -163 -568 -508 -247 -526 0
258 -463 -207 -568 -526 -274 0
457 -24 -526 -274 -568 -508 -247 -500 -428 -257 -207 -132 -163 -559 0
509 -500 -257 -274 -247 0
446 -257 -163 -317 -568 -526 -274 -508 -247 -559 0
256 -257 -274 -525 -394 -559 -458 -508 -526 -131 -163 -568 -298 -247 -202 -501 -429 -224 0
23 -194 -496 -131 -558 -10 -342 -75 -170 -394 -324 -182 -163 -123 0
-257 -559 -163 -526 -247 -568 -508 -274 -317 0
-123 -24 -163 -568 -508 -247 -526 -274 -317 -559 0
458 -24 -163 -274 -568 -508 -247 -526 -317 -559 0
-24 -559 -163 -274 -568 -508 -247 -526 -317 0
-559 -317 -274 -568 -508 -247 -526 -163 0
459 -205 -526 -274 -568 -247 -508 -543 -94 -16 0
258 -295 -568 -526 -274 0
500 -427 -131 -423 -473 -433 -324 -300 -568 -191 -400 -274 -94 -566 -535 -508 -543 -247 0
-257 -320 -335 -300 -204 -131 -523 -463 -205 -526 -258 -274 -568 -535 -94 -247 -508 -423 -473 -433 -191 -566 -543 -122 0
257 -295 -568 -526 -274 0
275 -257 -300 -204 -523 -205 -526 -258 -274 -568 -535 -94 -247 -508 -423 -433 -191 -543 -453 -24 -459 0
-317 -163 -274 -568 -247 -508 -526 0
561 -233 -599 -163 -462 -223 -427 -459 -433 -206 -274 -247 -526 -508 -568 -297 0
276 -257 -247 -508 -526 -274 -568 -163 0
561 459 -461 -163 -526 -274 -568 -247 -508 -600 570 0
459 -163 -568 -526 -274 -247 -508 -257 0
-258 -205 -433 -234 -299 -342 -451 -22 -163 -395 -461 -463 -446 -129 -500 570 -526 -274 -257 0
258 -560 -568 -526 -274 -463 0
-163 -458 -274 -257 -568 -526 -247 -508 0
453 -439 -254 -155 -298 -361 -496 -365 -144 -111 -357 -195 -588 -279 -192 -141 -319 0
-317 -298 -195 -496 -192 -357 445 -525 -316 0
23 -195 -365 -357 -588 -394 -155 -496 -192 445 -525 -316 -238 -580 -226 -58 -599 -433 -126 -233 -533 -131 -341 -323 -336 -121 0
-317 -341 -323 -131 -233 -557 -195 -192 -10 -126 -394 -496 -357 445 -525 -316 0
234 -52 -379 -443 -336 -557 -437 -352 0
457 -131 -238 -126 -58 -400 -5 -10 -394 -204 -357 445 -121 -22 -533 -295 569 -247 -447 -205 -508 -526 -274 -18 0
-205 -5 -595 -394 -121 -22 -458 -238 -126 -400 -357 -295 569 -247 -508 -526 -274 -18 -223 -446 -568 -499 -463 0
232 -195 -349 -192 -323 -422 -341 -557 -437 -131 0
396 -352 -349 -192 -323 -131 -599 -537 -574 -435 -18 -458 -95 -461 -10 0
96 -234 -352 -131 -323 -599 -537 -574 -442 -435 -18 -458 0
459 -357 -197 -82 -214 -455 -75 -441 -323 -319 -472 -336 -121 -451 -22 0
569 -121 -458 -223 -427 -274 -247 -526 -508 -568 -400 -295 -499 -463 -257 0
396 -496 -356 -298 -194 -316 -191 0
206 -140 -366 -356 -587 -335 -156 -379 -10 -394 -194 -191 -238 -580 -433 -226 -58 -600 -125 -352 -234 -533 -131 -561 -463 0
457 -352 -600 -131 -125 -427 -447 -81 -561 -207 -366 -356 -587 -335 -156 -379 -10 -394 -191 -238 -58 -463 -340 -536 -96 -17 0
459 -561 -568 -526 -295 -447 -207 -463 -88 0
-559 -317 457 -125 -427 -447 -81 -561 -207 -366 -356 -587 -335 -156 -131 -394 -191 -238 -463 -536 -96 -17 -274 -568 -508 -247 -526 -257 -600 0
-317 -131 -600 457 -125 -427 -447 -81 -561 -207 -366 -356 -587 -335 -156 -324 -394 -191 -238 -463 -536 -96 -17 -508 -526 -274 -568 -247 -257 0
-131 -324 -600 457 -125 -427 -447 -81 -561 -207 -366 -356 -587 -335 -156 -394 -191 -238 -463 -536 -96 -17 -508 -526 -274 -568 -247 -257 0
-559 -317 -497 -524 -298 -583 -126 -207 -274 -568 -508 -247 -526 -447 -257 -461 -561 0
318 -580 -226 -238 -58 -283 -6 -583 -488 -298 0
-317 -318 -497 -524 -298 -583 -126 -207 -274 -568 -508 -247 -526 -447 -257 -461 -561 0
-258 -458 -568 -508 -247 -526 -257 -274 0
125 -566 -541 -402 0
446 -581 -324 -22 -123 -406 -4 -58 -335 -96 -541 -402 -451 -434 -225 -131 -458 -525 -429 -88 0
-457 -298 -205 -335 -123 -559 -4 -324 -488 -600 -372 -445 -536 -88 -96 -402 -317 -525 -465 -131 -595 -349 -541 -128 -451 -434 -22 -458 0
322 -49 -45 -134 -349 -62 -595 -455 -75 0
124 -52 -333 -324 -45 -134 -349 -62 -595 -75 -202 -600 -369 -298 -576 -429 -402 0
323 -234 -124 -541 -402 -558 -451 -170 -131 -182 -342 -123 0
560 -131 -595 -324 -541 -402 -451 -349 -182 -123 -600 -429 -536 -96 -205 -335 -559 -4 -488 -372 -445 -88 -317 -465 -22 -458 -28 -58 -406 -225 -81 0
-560 -595 -22 -458 -568 -526 -274 258 0
-458 -257 -526 -274 -247 -508 -568 0
446 -317 -496 -258 -526 -274 -568 -508 -523 -257 -247 0
-317 -131 -274 -568 -508 -247 -257 -526 0
561 445 -247 -526 -508 -568 -274 0
-131 -257 -508 -247 -526 -274 -568 0
465 -205 570 -526 -274 -559 0
258 -127 -434 -575 -6 -125 -500 -428 0
446 -323 -238 -321 -595 -336 -526 -257 -568 -274 -247 -508 0
-446 -317 -257 -568 -274 -526 -508 -247 0
-317 -257 -568 -508 -526 -274 -247 0
-257 -508 -568 -247 -526 -274 0
322 -319 -595 -428 -317 -541 -445 -464 -451 -88 -457 -22 -122 0
334 -457 -274 -568 -508 -247 -526 -317 -169 -460 0
94 -317 -274 -568 -508 -247 -526 0
447 -22 -323 -336 -122 -451 -224 -406 -559 -58 -205 -4 -464 -489 -459 -317 -88 0
433 -381 -462 -401 -298 -267 -464 -371 -342 -451 -537 -459 -129 0
324 -462 -537 -599 -401 -464 -371 -451 -459 -489 -317 -559 -4 -58 -591 -406 -171 -595 -450 -210 -183 -349 -122 0
-317 -508 -568 -274 -247 -526 0
121 -582 -428 -541 447 -126 -88 -58 -95 -406 -183 0
453 -582 -284 -95 -24 -234 -428 -541 447 -126 -88 -130 0
-508 -247 -274 -568 -526 0
-446 -257 -274 -568 -526 -317 -447 -559 0
-525 -434 -123 446 -324 -406 -131 -541 -451 -169 -581 -458 -336 -526 -568 -274 -257 -296 -206 0
-434 -541 -598 -406 -257 -568 -526 -274 -123 446 -324 -131 -451 -169 -458 -336 -559 0
452 -324 -406 -257 -559 -568 -526 -274 -123 446 -598 -451 -169 -23 0
-458 -434 -526 -597 -559 -598 -406 -257 -568 -274 -123 446 -324 -131 -451 -169 -589 -23 0
297 -336 -93 -434 -232 -369 -557 -321 -598 -10 -58 -526 -406 0
24 -557 -165 -126 -428 -232 -597 -543 -203 -598 -434 -317 -589 -58 -559 -526 -406 -295 -93 -369 -321 -10 0
298 -203 -317 0
-163 -126 -317 -496 -543 -203 -165 0
-434 -131 -94 -597 -598 -317 -589 -559 -526 -406 -93 -257 -568 -274 -123 446 -324 -169 -451 -23 0
-131 -597 -598 -559 -94 -406 -317 -589 -526 -93 -257 -568 -274 -123 446 -324 -169 -451 -23 0
457 -296 -126 -58 -541 -406 -500 -598 -257 -206 -464 -434 0
-295 -557 -165 -434 -428 -126 -597 -23 -317 -589 -559 -526 -406 -93 -321 -537 -541 -247 -524 -500 -206 -257 -296 -568 -274 0
560 -541 -428 -126 -524 -257 -165 -434 -597 -23 -589 -559 -526 -406 -93 -321 -537 -317 -247 -500 -568 -274 -169 -459 -464 0
561 -434 -500 -247 -537 -233 -169 -94 -459 -58 0
-126 -434 -233 -247 -352 -500 -428 -524 -257 -165 -537 -597 -23 -589 -559 -526 -406 -93 -321 -317 -568 -274 -169 -459 -464 0
-434 -567 -317 -524 -500 -568 -526 -274 -257 -428 -233 -247 -352 -165 -537 -597 -23 -589 -559 -406 -93 -321 -169 -459 -464 0
-324 -451 -406 -257 -568 -526 -274 -559 -317 -23 -589 -169 -123 446 -247 -323 0
324 -500 -247 -169 -459 -524 -317 -559 -406 -428 -257 -526 -274 -568 0
-295 -126 -434 -406 -557 -352 -559 -500 -247 -169 -459 -340 -130 -464 -257 -568 -526 -274 0
-126 -557 -434 -23 -379 -559 -317 -597 -589 -163 -452 -352 -526 -428 -568 -500 -274 -257 -406 -247 -169 -459 -340 -130 -464 0
-123 -559 -526 -568 -274 -317 -247 -447 -121 0
561 -169 -126 -434 -406 -559 -500 -247 -317 -459 -257 -568 -526 -274 -24 -524 -324 -258 0
125 -298 -400 0
-169 -459 -24 -434 -126 -317 -524 -526 -406 -559 -500 -247 -257 -568 -274 -324 -258 0
-257 -406 -24 -434 -317 -559 -526 -183 -126 -247 -568 -274 -324 -258 -447 0
124 -525 -317 -224 -447 -500 -17 -126 -428 -163 -401 -452 0
496 -46 -440 -180 -299 -168 0
16 -497 -234 -130 -340 -440 -180 -299 -168 -555 0
496 -355 -192 -195 -168 0
523 -234 -340 -130 -192 -195 -247 -500 -542 -17 -440 -299 -555 -73 -462 -447 0
207 -459 -500 -317 -340 -447 -247 -73 -352 -126 -224 -428 -401 -336 -94 -24 -192 -464 0
-541 -93 -552 -574 -320 -598 -192 -430 -58 -582 -195 -5 -555 -423 -500 -17 -10 -394 -163 -126 -401 -452 0
-459 -192 -126 -598 -58 -500 -10 -401 -379 -336 -94 -24 -489 -73 -434 -317 -447 -559 -205 -340 -247 -352 -224 -428 -464 0
257 -126 -247 -559 -317 -447 -210 -434 -24 -526 -324 -568 -274 0
560 -574 -598 -58 -434 -17 -459 -94 -170 -183 -526 -295 0
-541 -126 -223 -24 -524 -459 -434 -317 -295 -559 -598 -58 -94 -170 -183 -526 -543 0
-126 -434 -317 -24 -559 -183 -526 -210 -247 -568 -274 -324 -258 -447 0
561 -459 -598 -24 -526 -324 -576 -354 -568 -434 -258 -274 0
-257 -429 -258 -274 -568 -526 -317 -447 -559 0
321 -586 -247 -233 -557 -278 -434 -371 -576 -52 -552 -93 -367 0
-434 -24 -317 -247 -559 -526 -324 -568 -258 -274 -447 -183 -210 0
256 -126 -371 -58 -598 -128 -575 -247 -5 -571 -500 -298 0
125 -541 -534 -319 -597 -451 -164 -340 -298 0
124 -224 -524 -5 -431 -58 -202 -598 -278 -298 -575 -473 -401 0
-126 -507 -149 -319 -192 -451 -394 -164 -298 -597 -340 -524 -5 -431 -202 -278 -575 -473 -463 -568 -526 -274 -258 -371 -128 -247 -571 -500 0
-559 -447 -526 -274 -247 -317 -568 -121 0
523 -164 -396 -10 -22 -336 -551 -558 -332 -72 -444 -126 299 -447 -131 0
334 -218 -227 -17 457 -461 -126 299 -451 -131 -72 -234 -558 0
501 -227 -396 -558 -10 -126 299 -72 -551 -223 -447 -459 -463 -205 -568 -295 -526 -567 -489 -432 -129 -541 -247 -5 0
22 -335 -440 -396 -459 -18 -165 0
458 -208 -121 -88 -22 0
371 -443 -72 -352 -537 -52 0
498 -486 -397 -107 0
525 -497 -396 -397 -357 -279 -72 -352 -537 -39 -18 -459 -121 -440 -165 -274 -568 -526 -407 -295 -205 0
-24 -497 -357 -461 -537 -371 -323 -314 -336 -121 -266 -73 -588 -349 -551 -192 -10 -440 -396 -165 -22 0
164 -451 -317 -298 -525 445 0
-298 -279 -317 -121 -274 -459 -526 -568 -447 -247 -558 -126 -432 -129 -576 0
23 -537 -131 -353 -558 -323 -336 -121 0
557 -323 -353 -438 -73 -166 -407 -193 -209 -94 -423 -169 0
163 -22 -439 -558 -353 -279 -473 -121 -215 -274 -459 -526 -568 -295 -205 -525 -447 -247 -542 -396 0
165 -451 -542 -567 0
543 -321 -150 -190 -274 -568 -496 -295 -526 -460 -205 -525 -447 -356 0
523 -132 -295 -568 -205 -79 -463 -447 -526 0
-451 -22 -496 -295 -205 -525 -568 -79 -447 -526 -542 -150 -274 -279 -473 -396 -397 -163 -567 0
451 -525 -295 -568 -205 -79 -463 -447 -526 -459 0
-22 -496 -295 -205 -525 -568 -79 -447 -526 -542 -150 -274 -279 -473 -396 -567 -439 -558 -353 -121 -215 -459 -247 0
435 -126 -447 -526 -274 -121 -247 -568 -317 0
164 -451 -336 -278 -131 -461 -192 -126 -323 -396 -22 -317 -525 445 0
125 165 -451 -400 0
165 -451 -247 -314 -499 -278 -126 -371 -400 -323 -336 -121 -22 0
233 -473 -400 -126 -38 -278 -489 -314 -5 -371 -128 -537 -438 -352 0
23 -537 -131 -400 -126 -38 -278 -489 -314 -5 -371 -128 -438 -557 -323 -336 -121 0
472 -209 -169 -290 -94 -303 -554 -537 -449 -591 -502 -172 -595 -349 -73 -323 -492 -371 -252 -38 -314 -400 -278 -126 0
543 -172 445 -317 -192 -525 -316 -94 -407 -58 -598 -575 -126 -591 -502 -461 -595 -349 -323 -371 -252 -314 -400 -278 -183 -121 -22 -131 -128 -438 -557 -336 -247 -499 -16 0
535 -298 445 -317 -192 -525 -316 -278 -461 -314 -17 457 -371 0
141 -497 -131 -451 -397 -319 -40 0
-459 -323 -131 -397 -278 -314 -371 445 -317 -192 -525 -316 -461 -247 -499 -126 -94 -407 -58 -598 -575 -591 -502 -349 -252 -400 -183 -121 -22 -128 -557 -336 -10 -295 -568 -205 -79 -463 -447 -526 -458 0
524 -22 -121 -317 -525 -247 -126 -568 -447 -526 -274 0
125 -164 -543 -451 -400 0
-22 -525 -126 -526 -568 -447 -121 -317 -247 -274 0
210 -183 -170 -121 0
-525 -126 -121 -526 -568 -447 -274 -317 -247 0
277 -319 -397 -497 -451 -340 -536 -372 -315 0
334 -340 -502 -587 -149 -506 -73 -486 -397 -497 -462 -396 -164 -22 -472 -356 -278 -451 -590 -536 -372 -315 -440 0
322 -552 -440 -335 -502 -587 -149 -506 -73 -486 -397 -497 -462 -396 -164 -22 -472 -356 -278 -451 -590 -536 -372 -315 0
-126 -447 -247 -121 -274 -568 -526 -317 0
163 -77 -502 -349 -368 -73 457 -550 -537 -54 -247 -38 -499 -357 -192 -543 -396 0
164 -451 -543 -566 0
23 -232 -354 -557 -323 -336 -121 0
535 -550 -591 -397 -439 -502 -496 -455 -580 -54 -349 -38 -357 -192 -474 -543 -396 -368 -73 -537 -247 -499 -458 -164 -22 -354 -557 -323 -336 -121 0
279 -537 -131 -121 -354 -336 -22 -164 -543 -499 -247 -323 -591 -397 -439 -502 -496 -455 -580 -349 -38 -192 -474 -396 -368 -73 -458 -576 -371 -433 -314 0
-537 -22 -543 -247 -164 -499 -371 -474 -314 -278 -131 -121 -354 -336 -323 -591 -397 -439 -502 -496 -455 -580 -349 -38 -192 -396 -368 -73 -458 -576 -433 0
-22 -451 -131 -397 -496 -192 -543 -396 -164 -474 -278 -314 -371 -247 -499 -121 -354 -336 -323 -591 -439 -502 -455 -580 -349 -38 -368 -73 -458 -576 -433 0
16 -380 -329 -461 -240 -247 -332 -137 -580 -499 -72 -53 -554 -543 -444 -38 0
-451 -278 -433 -354 -336 -323 -576 -439 -131 -329 -461 -247 -580 -499 -543 -38 -598 -58 -407 -183 -121 -94 -88 -474 -458 -397 -496 -192 -396 -444 -314 -371 -591 -502 -455 -349 -368 -73 -566 0
451 -354 -598 -58 -407 -183 -121 -433 -94 -88 -131 -295 -568 -205 -79 -463 -447 -526 -525 0
-542 -537 -496 -150 -192 -507 -140 -455 -323 -136 -336 -121 -558 -397 -131 -451 -22 -356 -295 -205 -525 -568 -79 -447 -526 -279 -274 -473 -396 -164 -543 0
-537 -371 -129 -247 -38 -16 -496 -150 -192 -507 -140 -455 -323 -136 -336 -121 -558 -131 -451 -22 -356 -295 -205 -525 -568 -79 -447 -526 -279 -274 -473 -396 -164 -543 0
541 -496 -192 -131 -234 -140 -455 -558 -323 -336 -121 -451 -22 -356 -164 0
557 -438 -407 -209 -423 -234 -183 -121 0
24 -183 -121 -407 -94 -234 -558 -192 -10 -396 -164 0
-447 -121 -247 -568 -526 -274 -317 0
558 -258 -543 -202 -501 -298 -568 -526 -274 -559 -525 -461 -458 -94 -169 0
500 -125 -298 -543 -258 0
23 -496 -317 447 -451 -323 -336 -22 -131 -526 -106 -568 -274 -543 -193 -94 -537 -121 -461 0
24 -537 -272 -247 -172 -487 -75 -526 -323 -568 -274 -22 -458 -501 -543 -164 -121 0
-537 -193 -323 -461 -121 -317 -451 -336 -22 -131 -526 -106 -568 -274 -543 -272 -247 -172 -164 0
23 -496 -131 -298 -234 -125 -429 -543 -202 -501 -568 -526 -274 -559 -525 -461 -458 -94 -256 -209 -336 -121 0
-496 -125 -298 -598 -131 -234 -4 -487 -336 -526 -568 -274 -22 -458 -256 -164 -121 -429 -543 -202 -501 -559 -525 -461 -94 -209 0
190 -461 -568 -323 -274 -131 -336 -526 -22 -164 -121 -543 -247 -317 -451 -272 0
192 -543 -598 -22 -568 -526 -274 -458 -501 -298 -164 -451 -487 -336 0
395 -543 -323 -274 -131 -336 -526 -22 -164 -121 -568 -247 -317 -451 0
258 -444 -550 -4 -72 -487 -354 -526 -323 -568 -433 -274 -595 -22 -458 0
257 -206 -463 -568 -526 -274 0
-461 -496 -487 -526 -323 -568 -274 -595 -22 -458 -17 -121 -256 -437 -131 -525 -298 -598 -125 -336 -164 -429 -543 -202 -501 -559 -4 -94 -209 -462 0
-496 -595 -525 -487 -526 -323 -568 -274 -131 -22 -458 -17 -121 -256 -437 -298 -598 -125 -336 -164 -429 -543 -202 -501 -559 -4 -94 -209 -462 0
-543 -131 -568 -274 -451 -323 -526 -22 -121 -336 -164 -247 -317 0
6 -433 -559 -295 -574 -526 -598 -487 -58 0
324 -344 -283 -238 -232 -455 -352 0
233 -137 -58 -568 -64 -443 -352 -537 -72 -554 -81 -238 -283 0
569 -278 -598 -433 -58 -574 -314 -64 -370 -81 0
473 -433 -574 -598 -81 -64 -559 -258 -526 -274 -568 -314 -42 -283 -232 -443 -352 -537 -72 -554 -238 0
297 -433 -598 -574 -58 -559 -406 0
457 -314 -598 -559 -295 -209 -121 -22 -472 -81 -258 -526 -274 -568 -574 -42 -283 -232 -352 -537 -238 -5 -487 -442 -18 0
130 -537 -323 -131 -336 -121 -209 -472 -451 -94 -22 -458 -598 -559 -295 -81 -258 -526 -274 -568 -574 -352 -238 -5 -487 -18 -397 -584 -496 -298 -202 -223 -525 0
435 -127 -206 -598 -559 -295 -209 -121 -22 -472 -81 -258 -526 -274 -568 -574 -42 -283 -352 -537 -238 -5 -487 -442 -18 -458 -525 0
-433 -234 -442 -537 -598 -574 -81 -525 -568 -258 -526 -274 -206 -559 -295 -209 -121 -22 -472 -42 -283 -352 -238 -5 -487 -18 -458 0
-258 -574 -209 -121 -22 -458 -323 -81 -525 -568 -526 -274 -559 -472 -352 -238 -487 -18 -584 -298 -496 -131 -336 -451 -202 -247 -501 -257 0
124 -496 -487 -202 -526 -458 -298 -568 -22 -274 -121 -595 -209 -323 -81 -559 -238 -18 -525 -131 -336 -451 -247 -501 -429 0
125 -131 -336 -526 -323 -568 -274 -121 -525 -487 -451 -541 -429 -298 0
434 -295 -209 -94 -460 -58 -526 -525 -598 -121 -206 -574 -559 0
-433 -295 -526 -234 -336 -537 -559 -5 -434 -574 -598 -487 -58 0
459 -166 -75 -394 -320 -323 -460 -336 -121 -94 -22 0
256 -234 -526 -247 -336 -433 -559 -574 -598 -487 -58 -501 -209 -94 -460 -525 -121 -206 0
-131 -336 -526 -323 -568 -22 -274 -121 -247 -451 -164 -317 0
-336 -323 -451 -317 -22 -526 -568 -274 -121 -247 -164 0
-323 -451 -274 -526 -568 -121 -22 -317 -247 -164 0
323 -458 -94 -598 -559 -298 -501 -274 -526 -209 -568 -121 0
123 -258 -526 -274 -568 -433 -336 -121 -317 -247 -22 0
435 -554 -58 -598 -537 -574 -559 -127 0
-258 -433 -336 -526 -121 -568 -274 -247 -317 -22 0
-433 -22 -568 -526 -274 -121 -317 -247 -336 0
434 -463 -323 -121 -568 -526 -274 -258 -336 -433 -22 -598 -574 -559 0
-463 -574 -526 -274 -258 -598 -121 -22 -433 -336 -568 -559 -323 0
-574 -458 -336 -433 -22 -274 -121 -598 -258 -526 -568 -559 -323 0
447 -499 -258 -124 -427 -317 0
435 -124 -258 -274 -568 -526 -559 -121 -22 -433 -336 -458 0
317 -24 -582 -428 -234 -88 -451 -171 -224 -132 -210 -524 -500 -445 0
257 -451 -124 -128 -598 -445 -489 -510 -318 -568 -526 -274 -121 -22 -433 -336 -582 -557 -323 -463 0
-298 -400 -124 0
256 -445 -318 -124 -207 -297 0
457 -124 -128 -598 -445 -489 -510 -318 -568 -526 -274 -121 -22 -433 -336 -582 -557 -323 257 0
-458 -323 -568 -526 -598 -121 -22 -433 -336 -274 -258 -559 0
-323 -258 -274 -526 -598 -121 -22 -433 -336 -568 -559 0
-258 -433 -274 -568 -526 -559 -121 -22 -598 -336 0
-317 -574 -526 -274 -433 -568 -598 -559 -121 -22 -336 0
-560 -459 -433 -568 -526 -274 258 -559 0
-433 -22 -559 -568 -526 -274 -121 -598 -336 0
-317 -525 -277 -484 -207 -473 -297 -318 -445 -96 -258 -336 -526 -323 -568 -274 -121 -541 -451 -131 -429 -501 -164 -22 0
257 -462 -96 -525 -274 -568 -526 -207 -501 0
561 -473 -277 -258 -96 -274 -568 -526 -336 -323 -121 -164 -22 -148 -319 -453 -73 -589 -446 0
-257 459 -323 -336 -121 -22 -274 -277 -568 -258 -526 -206 -317 -296 -559 0
499 -439 -127 -574 -473 -352 -489 -401 -317 -164 -121 -568 -526 -274 -323 -22 0
459 -323 -526 -559 -274 -568 -121 -598 -22 -336 -258 0
298 -524 -207 -559 -223 -317 0
-205 -295 -526 -568 -559 -274 465 0
130 -283 -344 -238 -323 -352 -456 -148 -321 -192 -398 -106 -497 0
320 -198 -166 -74 -214 -323 -440 -341 -336 -141 0
396 -233 -77 -49 -556 -369 -336 -192 -321 -166 -74 -214 -323 -440 -341 -141 -10 0
561 -166 -95 -462 -394 -77 -556 -369 -336 -321 -74 -323 -141 -132 -344 -238 -352 -148 -106 -126 -428 -508 -298 -589 -274 -203 -526 -568 -317 -295 -258 0
-317 -323 -148 -274 -598 -568 -336 -526 -406 -559 -95 -556 -132 -589 -258 -452 -165 -277 -474 -523 -207 -257 -447 -121 0
-323 -258 -568 -526 -274 -559 -598 -336 -121 -22 0
-258 -22 -559 -274 -526 -568 -121 -336 -598 0
-317 -501 -526 -559 -274 -447 -568 -121 -81 0
300 -452 -319 -141 -542 -402 -266 -125 0
-22 -598 -559 -526 -274 -568 -121 -336 0
-501 -400 -298 -202 -223 -457 -163 -523 -258 -499 -526 -559 -274 -317 -568 -121 -81 0
-295 -499 -457 -163 -559 -568 -526 -274 -317 -258 -298 -121 -297 0
524 -462 -317 -298 -447 257 -568 -526 -274 0
525 -401 -163 -543 -576 -598 -24 -526 -324 -568 -258 -274 -457 -559 -317 -447 -298 -205 0
125 -395 -557 -10 -434 -168 -192 -317 -460 -576 -543 -298 0
126 -127 -535 -138 -72 -428 -352 -298 0
-499 -298 -317 -163 -557 -192 -457 -598 -24 -526 -568 -258 -274 -559 -510 -380 -121 -323 -297 0
499 -317 -557 -274 -568 -526 -380 -323 -457 -121 -258 -559 0
-317 -192 -320 -507 -557 -380 -323 -121 -568 -526 -274 -258 -598 -297 -510 -559 -163 -457 -24 0
500 -298 -163 -258 -453 -402 0
257 -323 -380 -121 -207 -96 -274 -568 -526 -525 -501 0
-598 -336 -274 -568 -526 -559 -121 0
207 -295 -559 0
-205 -463 -526 -568 -559 -274 -295 0
-457 561 -369 -462 -336 -74 -323 -132 -352 -126 -428 -298 -274 -203 -526 -568 -317 -295 -258 -356 -450 -472 -121 -451 -459 -559 0
561 -132 -336 -17 -369 -462 -74 -323 -428 -298 -274 -203 -526 -568 -317 -295 -258 -356 -450 -121 -459 -559 -566 -400 -6 0
458 -330 -93 -488 -369 -317 -10 -319 -379 -462 -164 -96 -22 0
453 -439 -253 -298 -477 -586 -597 -240 -319 -164 0
234 -352 -70 0
-447 -457 -319 -379 -96 -22 -541 -73 -317 -526 -559 -274 -568 -121 -561 -257 -258 0
459 -434 -258 -336 -121 -257 -274 -568 -323 -526 -317 -296 -559 0
-457 -459 -319 -379 -96 -22 -541 -73 -317 -526 -559 -274 -568 -121 -561 -257 -258 0
-447 -571 -439 -298 -586 -319 -581 457 -96 -130 -541 -523 -73 -526 -559 -274 -317 -568 -121 -81 -257 0
-561 -257 -298 -526 -559 -274 -317 -568 -121 -258 -336 -323 0
-447 -457 -336 -323 -298 -274 -526 -568 -317 -258 -121 -559 -257 0
-457 -257 -336 -121 -298 -258 -274 -526 -568 -317 -559 -323 0
-447 -257 -323 -298 -274 -526 -568 -317 -258 -121 -559 -336 0
-257 -323 -336 -298 -258 -274 -526 -568 -317 -121 -559 0
131 -553 -298 -401 -452 -163 -543 -581 -17 -428 -535 -340 -234 0
132 -141 -452 -163 -317 -525 -447 -428 -500 -224 -401 -17 -507 -298 -484 -398 -168 -532 -360 -497 -340 0
131 -460 -352 -298 -317 -138 -395 -168 -192 -535 -58 458 -599 -93 -559 -428 -552 -401 -336 -24 -95 -340 -234 -543 -581 0
560 -360 -447 -298 -398 -317 -340 -352 -138 -535 458 -599 -559 -552 -336 -24 -95 -234 -543 -73 -462 257 -568 -526 -274 0
523 -168 -398 -484 -543 -317 -163 -298 -394 -202 -462 -224 0
126 -552 -332 -574 -535 -138 -127 -428 -352 -298 0
-541 -163 -401 -452 -126 -543 0
458 -352 -70 -298 -543 -574 -535 -398 -317 -73 -559 -447 -340 -599 -336 -24 -95 257 -568 -526 -274 -379 0
-163 -541 -458 -447 -452 -428 -401 -88 -543 0
-541 -452 -317 -298 -559 257 -568 -526 -274 -458 -336 -454 -24 -447 -543 0
457 -163 -452 -24 0
-452 -95 -323 -336 -458 -317 -298 -559 -568 -526 -447 -24 257 -274 -454 -543 0
459 -451 -131 -336 -379 -535 -298 -317 257 -447 -568 -526 -274 -340 -559 0
-323 -258 -121 -559 -568 -526 -274 -298 -317 -336 0
-447 -126 -298 -443 -462 -130 -96 -541 -458 -568 -526 -561 -295 -207 -463 -559 -317 -81 -274 -121 0
-258 -298 -317 -568 -526 -559 -274 -121 -336 0
258 -317 -526 -274 -559 -336 -568 -121 0
-257 -317 -559 298 -568 -526 -274 -258 0
459 -340 -130 -535 -525 -447 -95 -88 -16 0
-317 -336 -568 -274 -121 -526 -559 0
445 -336 -526 -274 -559 -568 -121 0
-459 -441 -336 -70 -574 -599 -458 -488 -508 -585 -525 500 -298 -526 -274 -429 -568 -559 -318 -445 -560 0
258 -24 -336 -568 -526 -274 -121 0
-298 -336 -526 -568 -559 -274 -121 0
-336 -274 -526 -568 -121 -559 0
-452 -477 -506 -359 -586 -566 -240 457 -24 0
457 -352 -132 -506 -586 -566 -24 -381 -574 -58 -17 560 -459 -526 -295 -462 -121 -96 0
-447 -317 -298 -526 -121 -559 -568 -274 0
457 -333 -298 -202 -274 -568 -526 -6 -559 -525 -501 -429 -209 -121 0
-258 -317 -121 -526 -559 -274 -298 -568 0
-560 -453 -321 -191 -18 -340 -179 -92 -472 -352 -167 -551 -596 -441 -163 -298 -394 -202 -461 -525 -568 -526 -274 258 -559 0
132 -443 -352 -137 -54 -127 -340 -233 0
451 -543 -191 -167 -10 -454 -394 -202 -461 -225 -525 -465 -340 -352 -137 -127 -233 -18 -349 -402 -359 -506 -148 -321 0
-543 -317 459 -506 -324 -484 -402 -335 -381 -445 -233 -340 -352 -137 -127 -298 -501 -509 -461 -274 -568 -526 -422 -191 -596 -394 -321 -163 -167 -454 -202 -225 -525 -359 -148 0
-317 -298 -274 -568 -526 -559 -121 0
342 -140 -532 -267 0
-233 132 -137 -352 -340 -18 -163 -543 -126 -452 -402 -565 -359 -506 -149 -435 -558 0
-452 -543 -18 -372 -163 -501 -126 -298 -429 -585 -435 -137 -196 -558 -352 -340 -402 -359 -506 -532 -130 -267 -321 -453 0
256 -205 -568 -559 -274 -526 0
124 -340 -568 -559 -526 -525 -274 -132 -452 -298 -163 -543 0
257 -340 -568 -526 -274 -132 -525 -298 -559 0
-463 258 -233 -298 -568 -526 -274 -559 -132 -352 0
-317 -203 -298 -124 -352 -324 -568 -526 -274 -559 0
-340 -233 -526 -568 -274 -559 -298 -352 -525 -132 -452 -163 -543 0
-463 -317 -352 -298 -322 -559 -223 -568 -205 -526 -274 -233 -132 -464 0
318 -591 -448 -596 -88 -75 -559 -445 0
257 -317 -298 -559 -445 -352 -526 -322 -568 -274 -223 0
-317 -223 -352 -568 -526 -274 -559 -298 -256 -445 -322 0
-124 -560 -458 -568 -526 -274 -75 -256 -322 -501 -352 -163 -543 -126 -452 -298 0
-233 -525 -568 -526 -274 -559 -132 -352 -163 -543 -452 -298 0
-525 -163 -452 -526 -568 -274 -298 -132 -559 -543 -352 0
-317 -257 -543 -452 -298 -559 -568 -526 -274 -447 -163 -124 -352 0
-257 -124 -447 -298 -543 -452 -559 -568 -526 -274 -163 -352 0
457 -95 -320 -207 -10 -317 -559 -395 121 -297 -258 -183 -452 -435 -192 0
533 -552 -576 -37 -435 -16 -459 -320 -207 -10 -317 -559 -395 121 -297 -258 -183 -452 -192 -510 -249 -371 -315 -244 -342 0
-124 -163 -298 -132 -559 -452 -543 -352 -526 -568 -274 0
-163 -352 -526 -274 -559 -132 -452 -298 -543 -568 0
130 -532 -464 -342 0
458 -410 -44 -214 -233 -192 -341 -336 -369 -321 -74 -323 -440 -166 -10 -394 -356 -139 -472 -435 -22 0
457 -207 -10 -317 -559 121 -297 -258 -183 -452 -435 -192 -462 -336 -381 -332 -510 -71 -599 -574 0
561 -258 -559 -317 -497 -321 -356 -139 -472 -22 -214 -341 -369 -440 -394 -459 -452 -574 -524 -352 -568 -526 -274 -298 -447 0
523 -317 -568 -526 -274 -559 -298 -352 0
-258 -317 -559 -321 -356 -22 -394 -459 -452 -352 -568 -526 -274 -298 -132 -595 -541 -17 -400 0
-317 -595 -132 -459 -559 -298 -568 -526 -400 -274 -321 -356 -22 -394 -452 -352 -541 -17 0
-258 -297 -568 -274 -559 -526 -257 0
-352 -559 -526 -274 -568 -298 -132 -452 -543 0
457 -462 -381 -336 -170 -558 -435 0
446 -444 -381 -336 -170 -37 -70 -342 -232 -132 -464 -559 -266 -205 -596 -523 -88 -75 0
299 257 -568 -526 -274 -132 -298 -559 -317 -381 -70 -342 -232 -596 -75 -124 0
131 -336 -381 -319 -462 -140 -498 -342 0
257 -317 -452 -132 -559 -543 -298 -568 -526 -274 0
130 -597 -74 -559 -298 -568 -526 -317 -543 -565 258 -274 -452 0
446 -22 -565 -452 -543 -457 -501 -88 0
-317 -559 -568 -526 -274 -452 -298 -543 -132 0
-258 -446 -81 -499 -568 -297 -526 -274 -256 0
-559 -132 -526 -274 -543 -298 -452 -568 0
131 -438 -574 -433 -358 -468 -405 -272 -586 -238 -580 -17 -459 -508 -274 -6 -568 -489 -526 -295 -461 -205 -523 0
435 -599 -58 -6 -535 -352 -232 -556 0
276 -336 -232 -574 -433 -58 -6 -535 -352 -321 -508 -191 0
-336 -232 -433 -447 -238 -427 -561 -352 -125 -191 -131 -340 -356 -394 -463 -379 -17 -586 -580 -6 -321 -523 -489 -459 -205 -526 -94 -258 -274 -568 -508 -574 -535 0
-317 -132 -274 -568 -526 -452 -543 -298 0
234 -557 -128 -510 -52 -600 -352 -336 -437 -379 -249 0
434 -107 -356 -485 -314 -398 -371 -510 -52 -600 -444 -352 -232 -128 -336 -437 -379 -249 0
569 -458 -336 -249 -58 -6 -574 -433 -356 -38 -10 -17 -395 -352 -164 -498 -452 -132 -523 -463 -205 -488 -295 -526 -274 0
234 -52 -551 -444 -437 -352 0
232 -193 -73 -595 -94 -349 -462 -172 -498 -437 -132 0
-458 -336 -356 -574 -433 -498 -132 -352 -395 -164 -38 -452 -17 -441 -523 -73 -568 -526 -561 -295 -447 -205 -274 -249 -6 -488 0
-336 -132 -498 -452 -472 -164 -568 -526 -523 -295 -205 -433 -356 -574 -352 -395 -38 -17 -441 -73 -561 -447 -274 -249 -6 -488 0
130 -433 -356 -506 -321 -191 -472 -381 -395 -24 -462 -566 -164 -498 -452 0
-132 -452 -274 -568 -526 -298 -543 0
570 -447 -568 -526 -274 -561 -565 -452 -543 -457 -336 -256 0
435 -336 -352 -568 -526 -274 -298 -543 -452 0
-126 -401 -543 -163 -452 -125 0
-559 -323 -568 -526 -274 -352 -298 -543 -452 -447 -336 -258 -297 0
569 -258 -298 -543 -452 -336 -568 -526 -274 -352 -447 0
-258 -447 -526 -568 -274 -452 -543 -336 -298 -352 0
-447 -336 -452 -298 -352 -568 -526 -274 -543 0
121 -258 -298 -526 -543 -452 -568 -501 -274 -318 -209 0
-258 -501 -298 -543 -568 -526 -274 -336 -452 -318 -209 0
-336 -352 -568 -526 -274 -298 -543 -452 0
-258 570 -526 -457 -543 -298 -465 -568 -274 0
-447 -352 -298 -452 -543 -568 -526 -274 0
-121 -352 -452 -298 -543 -568 -526 -274 0
-352 -452 -526 -274 -568 -298 -543 0
-501 -447 -565 -452 -543 -457 -22 -88 -500 0
-458 -317 -298 -428 -444 -447 -88 -163 -401 -452 -543 -457 0
-317 -6 -298 -336 -381 -371 -510 -274 -568 -526 -489 -456 -406 -543 -208 -22 -428 -447 -452 0
-447 -258 -568 -526 -274 -298 -543 -452 0
-258 -452 -543 -568 -526 -274 -298 0
-447 -163 -543 -452 -401 -298 -429 -81 -559 -446 0
-452 -543 -568 -526 -274 -298 0
-559 -317 -543 -298 -18 -447 -568 -526 -274 -323 -446 -336 -258 -297 0
23 -342 -278 -320 -323 -472 -336 -121 0
-317 -192 -323 -336 -24 -96 -510 -298 -568 -526 -274 -447 -258 -435 -297 -543 -18 -446 0
-457 -336 -543 -258 -298 -568 -526 -274 -447 0
-559 -317 -543 -336 -568 -526 -274 -447 -298 -258 0
434 -323 -131 -472 -320 23 -535 -336 -121 0
132 -523 -508 -568 -94 -258 -526 -205 -274 -497 -463 0
23 -323 -58 -352 -6 -535 -232 -433 -336 -131 -472 -320 -574 -121 0
276 -552 -438 -232 -352 -379 -600 -358 -508 -505 0
434 -238 -580 -131 -352 -447 -561 -125 -427 -191 -356 -340 -394 -379 457 -17 -232 -6 -489 -336 -526 -258 -274 -568 -508 -438 -358 -574 -150 0
163 -232 -274 -568 -526 -336 -352 -6 -535 -508 -574 -580 -131 -447 -561 -125 -427 -356 -340 457 -17 -489 -258 -358 -523 -205 -586 -462 -396 0
-523 -535 -352 -6 -336 -131 -472 -320 -574 -121 -164 -274 -568 -526 -508 -580 -447 -561 -125 -427 -356 457 -17 -489 -258 -358 -205 -586 -396 -497 0
-317 -336 -274 -568 -447 -526 -258 -543 -298 0
165 -574 -131 -472 -320 -336 -121 457 -17 -523 -6 -488 -526 -568 -274 -395 0
24 -141 -371 -314 -349 -131 -323 -192 -422 -437 -52 -485 -107 -510 -356 -600 -444 -352 -398 -128 -336 -379 -249 -433 -556 -94 -121 -183 -208 -472 0
-232 23 -433 -52 -485 -107 -314 -371 -510 -356 -600 -444 -352 -398 -336 -437 -379 -249 -58 -6 -128 -323 -131 -472 -320 -574 -121 0
334 -387 -467 -273 -591 -502 -349 -595 -267 -292 -472 -320 -323 -336 -121 -437 -131 -433 -52 -485 -107 -314 -371 -510 -356 -600 -444 -352 -398 -379 -249 -58 -6 -128 -574 -22 -192 -422 -94 -183 -208 0
569 -192 -320 -422 -349 -131 -437 -52 -356 -444 -352 -336 -249 -433 -94 -121 -472 -574 -441 -22 -467 -273 -502 -595 -267 -58 -6 -498 -462 -523 -205 -488 -295 -526 -274 0
-121 -352 -498 -73 -441 -336 -526 -274 -258 -568 -267 -523 -488 -395 457 -499 -543 -298 -402 0
257 -523 -223 -463 -568 -526 -274 0
-336 -258 -526 -274 -298 -568 -543 -447 0
434 -461 -298 -396 -441 -523 -551 -207 -574 -561 0
-70 -232 -352 0
600 -523 -94 -207 -169 -561 -396 -210 -126 -447 -274 -568 -526 -121 -408 -509 0
508 -462 -396 -496 -107 -486 -126 -447 -274 -568 -526 -121 0
-523 -598 -298 -396 -441 -207 -574 -561 -94 -509 -486 -126 -447 -274 -568 -526 -121 -108 -506 -148 -433 -381 -169 -210 -408 0
523 -463 -207 -131 0
-258 -447 -568 -526 -274 -298 -543 0
-317 -357 -510 -192 -94 -298 -496 445 -525 -316 -126 -447 -274 -568 -526 -121 0
335 -551 -441 -379 0
-508 -233 445 -155 -394 -192 -525 -496 -599 -126 -357 -533 -131 -323 -336 -121 -165 -22 -227 -183 -554 -170 -94 -537 -510 -274 -568 -526 0
277 -340 -537 -42 -371 -314 0
-232 -273 -591 -165 -167 -472 -357 -371 -314 -507 -485 -398 -248 445 -155 -394 -192 -525 -496 -599 -126 -533 -131 -323 -336 -121 -227 -183 -94 -510 -274 -568 -526 -441 -379 -18 -458 -574 -352 0
-508 -467 -386 -174 -273 -238 -580 -227 -18 -458 -94 -510 -274 -568 -526 0
-298 -323 -352 -458 -94 -510 -274 -568 -526 -131 -591 -371 -314 -507 -485 445 -155 -394 -192 -525 -496 -533 -336 -121 -183 -379 -489 -447 0
575 -232 -164 -535 -583 -22 -499 -427 -352 -58 -556 -599 -433 -124 0
125 -550 -265 -336 -131 -535 -323 -121 -22 -314 -73 -433 -371 -556 -232 -16 -164 -427 -400 -352 -451 0
-232 -22 -121 -183 -433 -171 -556 -535 -583 -427 -352 -124 -265 -336 -131 -323 -314 -73 -371 -16 -164 -400 -451 -499 -58 -599 0
207 -462 -568 -523 -526 -274 -121 -336 -447 -352 0
435 -126 -506 -534 -379 -459 -121 -22 -408 -191 -462 -496 508 -486 -319 -447 -274 -568 -526 -439 -336 -352 -232 -556 0
-298 -552 -352 -72 -536 -372 -247 -439 -499 -16 -299 -526 -274 -336 -568 -258 -447 0
298 -536 -400 -451 -247 -22 -499 -372 -138 -16 -442 -427 -126 0
-126 508 -372 -439 -526 -274 -336 -568 -447 -451 -22 -232 -556 -459 -506 -534 -379 -121 -408 -191 -462 -496 -352 -486 -319 0
458 -170 -94 -121 -88 -22 0
508 -94 -315 -22 -459 -372 -121 -556 -451 -232 -352 -439 -526 -274 -336 -568 -447 -506 -534 -379 -408 -191 -462 -496 -486 -319 0
-298 -535 -232 -556 -433 -6 -575 -499 -400 -526 -274 -336 -568 -258 -447 0
125 -170 -121 -182 -433 -22 -556 -535 -583 -232 -427 -352 0
-94 -340 -319 -315 -352 -372 -73 -556 -451 -232 -121 -182 -22 -203 -526 -274 -336 -568 -447 -462 -509 -459 -439 -506 -534 -379 -408 -191 -496 -486 0
130 -182 -121 -22 -556 -352 -379 -509 -274 -568 -526 -462 -459 -319 -315 -372 -73 -203 -336 -447 -439 -506 -534 -408 -191 -486 0
-536 -340 -462 -352 -372 -439 -526 -274 -336 -568 -447 -319 -315 -73 -556 -379 -232 -121 -182 -22 -203 -509 -459 -506 -534 -408 -191 -486 -170 -537 0
-232 -556 -526 -274 -336 -568 -447 -509 -408 -22 -121 -459 -452 -319 -315 -372 -462 -352 -439 -73 -379 -182 -203 -506 -534 -191 -486 -341 -324 -233 0
537 -203 -191 -556 -283 -462 -509 -526 -274 -336 -568 -447 -319 -452 -459 -182 -22 -121 -73 -534 -324 -341 0
-508 -468 -590 -502 -436 -5 -165 -140 -488 -341 -316 -324 -298 -121 -497 -182 -462 -171 -94 -509 -274 -568 -526 0
434 -5 -427 -462 -554 -497 -70 -298 -121 -568 -526 -274 -447 -590 -502 -436 -165 -488 -341 -316 -324 -182 -509 -319 -452 -18 -574 -556 -459 0
-298 -486 -568 -526 -274 -497 -73 -324 -341 -319 -452 -459 -121 -22 -408 -278 -128 -462 -554 -70 -447 -590 -436 -488 -182 -509 -556 -336 0
141 -534 -341 -265 0
435 -554 -121 -88 -22 -459 -395 -108 -452 -191 -319 -141 -556 -278 0
396 -583 -283 -40 -73 -184 -399 -168 -534 -486 -357 -108 -436 -191 -10 0
-462 -352 -568 -526 -274 -447 -336 -121 -523 0
459 434 -131 -336 -323 -472 -121 -568 -526 -274 -447 -396 -165 -22 0
434 -5 -489 -121 -568 -526 -274 -447 -510 -96 -458 -131 -336 -323 -472 -396 -165 -22 -574 0
-298 -22 -371 -498 -131 -314 -396 -121 -568 -526 -274 -447 -510 -96 -458 -489 -336 -323 0
-354 -599 -575 -124 -336 -121 -557 23 -323 -352 0
-22 -525 -447 -131 -336 -323 -121 -568 -526 -274 -396 -352 -381 -458 -96 -510 -204 -371 -498 -314 -489 0
-298 -510 -192 -458 -323 -163 -336 445 -396 -525 -121 -568 -526 -274 -447 -453 0
-352 -447 -568 -526 -274 -121 -336 -523 0
435 -473 -168 -319 -496 -397 -45 -151 -590 -439 -93 -502 -552 -174 -597 -191 -164 -10 -58 -395 -598 -462 -70 -94 -232 -169 -556 0
-247 -22 -121 -274 -568 -336 -526 -447 -523 0
324 -94 -558 -523 -336 -508 -526 -274 -568 -121 0
-94 -576 -70 298 -232 -558 -523 -508 -336 -274 -22 -526 -568 -121 -322 0
458 -22 -568 -295 -322 -205 -121 -463 -526 0
324 -535 -124 -70 -523 -232 -336 -508 -526 -274 -568 -121 -458 -22 0
-22 -447 -336 -274 -526 -568 -121 -523 0
233 -583 -427 -124 -18 -575 -553 -599 -535 -70 0
-447 -523 -568 -526 -274 -121 -336 0
-523 -336 -274 -568 -121 -526 0
-447 -336 -274 -526 -568 -205 -79 -295 523 0
462 -584 -140 -341 -299 -191 -324 -497 -395 -379 0
322 -472 -433 -574 -452 457 -598 -132 -498 -349 -462 -58 -233 -191 -226 -436 -106 -112 -85 -368 -140 -91 -267 -341 -75 0
323 -502 -590 -449 -349 -121 -75 0
-298 -433 322 -452 457 -598 -132 -462 -233 -191 -368 -140 -341 -75 -552 -555 -584 -497 -439 -299 -568 -526 -274 -400 0
-336 -121 -526 -274 -568 0
-124 -427 -526 -121 -274 -447 -568 -298 0
-258 459 -526 -447 -568 570 -274 0
-508 -457 -526 -447 -568 -274 -298 -121 -94 0
458 -560 570 -526 -274 -568 -321 -359 -498 -395 -566 -461 -298 -94 0
-457 -94 -526 -274 -447 -359 -461 -298 -568 -121 0
318 -194 -357 -191 -279 -315 -558 -372 -352 -52 -600 -551 -574 -10 -496 -441 -433 -461 -523 -298 -207 -561 -394 0
510 -433 -574 -558 -352 -595 -73 -132 -349 -462 -94 -191 -10 -394 -298 -316 -357 -279 -315 -372 -52 -551 -441 -461 -523 -207 -561 0
-94 -447 -352 -73 -298 -121 -568 -526 -274 -340 -551 -461 -137 -359 0
-258 -525 -447 -499 -568 -526 -274 -298 570 0
-447 -461 -121 -274 -568 -298 -526 -352 -73 -340 -551 -137 -359 0
-559 -258 -526 -121 -274 -298 -568 0
-258 -461 -458 -525 -318 -526 -121 -274 -298 -568 0
434 -535 -321 -130 -532 -267 -340 -453 -5 -58 -600 -352 -558 0
-452 -127 -137 -233 -18 322 -453 -429 -299 -402 -460 -600 -163 -372 -395 -582 -335 -24 -123 -75 -130 -532 -321 -568 -526 -274 -298 0
-508 -357 -321 -163 -130 -137 -18 322 -453 -429 -299 -402 -460 -372 -395 -582 -335 -24 -123 -75 -532 -568 -526 -274 -298 -558 -435 -501 -509 0
-452 -586 -247 -435 -372 -551 -92 -137 -472 -429 -352 -126 -340 -402 -532 -267 -321 -453 -568 -526 -274 -298 0
168 -196 -372 -532 -321 -163 -130 -435 -551 -137 -472 -429 -402 -453 -568 -526 -274 -298 -18 322 -299 -460 -395 -582 -335 -24 -123 -75 -558 -501 -509 0
322 -298 -568 -526 -274 -121 0
-131 -537 -121 -568 -526 -274 -298 0
-537 -298 -568 -526 -274 -121 0
-298 -121 -526 -274 -568 0
126 -395 -459 -24 -215 -165 -583 -567 -451 -427 -400 0
-395 -435 -10 -509 298 -499 -372 -451 -427 -24 -452 -191 -558 -232 -352 -215 0
-317 -207 -523 298 -257 -568 -526 -274 -258 0
-163 -284 -580 -274 -568 -526 -536 -340 -265 -534 -279 -324 -315 -381 -372 -138 -54 -39 -18 -459 -165 -24 -452 0
-452 -499 298 -509 -372 -451 -427 -191 -459 -395 -24 -580 -274 -568 -526 -340 -534 -324 -315 -381 -558 -551 -232 -352 -215 0
-258 -352 -381 -451 -321 298 -24 -274 -568 -526 -340 -558 -551 -232 -215 -463 -523 570 0
258 -463 -121 -274 -568 -526 0
-163 -284 -274 -568 -526 -580 -340 -315 -39 -165 -452 -443 -136 -473 -433 -322 -205 -121 -463 0
-452 -168 -108 -95 -395 -568 -322 -205 -121 -463 -526 -451 -274 -580 -340 -315 -136 -433 0
130 -121 -568 -526 -274 0
323 -352 -537 -551 -233 -381 -372 0
-352 -233 -551 -537 -372 -17 -472 -141 -434 -321 498 -486 -561 -191 -163 -509 -524 -207 298 -257 -568 -526 -274 -258 -395 -95 -381 -324 0
-258 -472 -452 -95 -395 -568 -121 -526 -274 -340 -434 -447 -17 -163 -464 0
-459 -163 -526 -274 -121 -452 -395 -340 -568 0
-258 459 -526 -124 -568 570 -274 0
459 -340 -121 -568 -526 -274 -452 0
-317 -295 -568 -526 -207 -258 298 -257 -274 0
-258 -340 -274 -568 -526 -452 -121 0
-340 -452 -121 -274 -568 -526 0
340 -121 -526 -274 -568 0
-258 -465 -568 -526 298 -274 570 0
-121 -568 -274 -526 0
-340 -435 -298 -274 -568 -526 -5 -534 -132 -317 -81 -258 0
353 -129 -435 -535 -576 -233 -126 -72 0
-463 -317 -568 -526 -274 -298 -258 0
499 -600 -489 -317 -75 -591 -559 -596 -274 -568 -526 0
501 -298 -526 -274 -258 -568 0
-317 -298 -526 -274 -568 -258 0
-298 -258 -568 -526 -274 0
458 -46 -179 -461 -192 -396 -163 -167 -22 -16 0
459 -437 -10 -406 -381 -575 -557 -208 -336 -434 -88 -22 0
318 -439 -575 -232 -542 -583 257 -568 -526 -274 0
-258 -568 -526 -274 0
-352 -94 -558 -232 -525 -568 -526 -274 -298 -317 0
234 -576 -298 -317 -568 -526 -274 -533 -525 -131 -70 0
457 -131 -317 -525 -568 -526 -274 -232 -298 -533 -434 0
-352 -413 -10 -574 -556 -600 -333 -232 -353 0
234 -266 -533 -298 -124 -131 -317 -568 -526 -274 -525 -70 0
342 -574 -124 -600 -298 -274 -568 -526 -266 -536 -533 0
125 -37 -18 -53 -444 -552 -439 -429 -298 0
-463 -232 -274 -568 -526 -298 -317 0
-352 -525 -317 -568 -526 -274 -232 -298 0
446 -600 -274 -568 -526 0
233 -232 -568 -526 -274 -317 -298 0
-232 -317 -568 -526 -274 -298 0
125 -91 -550 -368 -574 -429 0
457 -581 -199 -184 -535 -532 -127 -465 -434 -18 0
524 -436 -184 -535 -126 -274 -568 -526 -599 -332 -317 -130 0
-317 -298 -526 -274 -568 0
447 -560 -526 -274 -568 0
-298 -568 -274 -526 0
-317 -205 -225 -559 -81 298 0
-459 -568 -526 -274 0
-568 -274 -526 0
-124 -427 -258 -125 -298 0
-232 -166 -298 -258 -125 -489 -129 -39 -440 -551 -499 -381 -73 -352 -322 -234 0
598 -358 -335 -381 -22 -506 -121 -486 -209 -397 -408 -509 -60 0
89 -381 -551 -352 -70 -599 -335 -397 -489 -526 -296 -567 -258 -453 -274 -459 0
458 -465 -258 -401 -541 -126 -499 -453 0
132 -551 -489 -352 -526 -296 -599 -258 -459 -401 -541 -126 -499 -274 -88 -567 -558 -298 -125 -129 -39 -440 -73 -461 -497 0
455 -350 -266 -340 -73 -322 -82 0
212 -22 -472 -558 -279 -232 -379 -352 -340 -322 -454 -266 -73 -191 -274 0
380 -356 -541 -168 -567 -73 -360 -322 0
275 -232 -558 -352 -322 -379 -541 -567 -73 -526 498 -296 -510 -258 0
435 -459 -274 -526 -296 -258 -298 -317 -525 445 -125 0
460 -23 -472 -277 -165 -298 445 -317 -192 -525 -95 0
-459 445 -298 -258 -317 -525 -274 -434 -526 -296 -125 0
123 -379 -556 -461 -232 -96 -352 -322 -182 0
-379 -232 -352 -322 275 -541 -567 -73 -526 -296 -258 -497 -574 -131 -440 -24 -556 -461 -96 0
-232 -131 -497 -556 -461 -352 -322 275 -541 -567 -73 -526 -296 -258 -574 -440 -24 -96 0
380 -396 -12 -541 -436 -18 -440 -335 -24 -166 -121 -73 -322 0
323 -574 -550 -60 -331 -408 -70 -209 -352 -121 0
445 -258 -296 -526 -274 -434 -298 -317 -525 -125 0
394 -410 -106 -437 -192 -11 0
75 -232 -192 -11 -532 -317 -204 -428 -298 -130 -401 -125 -352 -322 0
23 -359 -507 -541 -139 -278 -452 -434 -457 0
-163 -17 -317 -525 -428 -452 -447 -500 -224 -401 -125 -541 -165 0
380 -541 -278 -139 -452 -317 -525 -428 -447 -500 -224 -401 -125 -434 -507 -484 -510 -457 -22 -497 -460 0
-163 -165 -22 -317 -525 -428 -452 -447 -500 -224 -401 -125 -541 -457 0
453 -334 -128 -434 -558 -430 -22 -457 0
-541 -139 -278 -22 -317 -525 -428 -452 -447 -500 -224 -401 -125 -457 -128 -434 -558 -430 -137 -381 -507 -484 -510 -497 -460 0
324 -232 -434 -457 -510 -298 -500 -258 -125 -401 -317 -525 -428 -447 -224 -507 -484 -252 -313 -370 -130 -460 -352 -122 0
458 -453 -428 -317 -525 -126 124 -447 -500 -224 -401 0
22 -84 -503 -369 -192 -526 -321 -448 -336 -122 0
-232 -352 -525 -428 -447 -500 -224 -401 -125 -457 -503 -192 -526 -122 -434 -89 -313 -370 -204 -298 -130 -317 -322 -510 -258 -507 -484 -252 -460 0
-165 -163 -317 -525 -428 -22 -447 -500 -224 -401 -125 -541 -457 0
126 -335 -556 -208 -96 -406 -510 -59 -442 -70 -574 -473 -352 -298 -258 -125 0
-163 -22 -192 -535 -370 -313 -428 -298 -130 -401 -125 -556 -406 -59 -70 -352 -258 -434 -89 -457 -541 -510 -317 -525 -447 -500 -224 0
124 -341 -322 -541 -452 -317 -525 -428 -447 -500 -224 -401 -125 -434 -507 -484 -510 -457 -22 -497 -460 -352 -379 -394 -204 -298 -474 0
-452 -335 -125 -298 -322 -317 -525 -428 -447 -500 -224 -401 -434 -507 -484 -510 -457 -22 -460 -352 -394 -204 -541 -130 -451 0
126 -18 -541 -556 -335 -96 -406 -510 -59 -208 -70 -574 -473 -352 -298 -258 -125 0
-335 -394 -192 -532 -317 -204 -298 -401 -125 -541 -556 -406 -510 -59 -70 -352 -258 -434 -89 -22 -457 -130 -322 -525 -428 -447 -500 -224 -507 -484 -460 -451 0
300 -401 -125 0
-352 -22 -192 -457 -532 -317 -204 -298 -401 -125 -541 -406 -510 -59 -258 -434 -89 -130 -322 -525 -428 -447 -500 -224 -507 -484 -460 -370 -313 -503 -526 -122 -252 0
459 -335 -440 -370 -497 -510 -285 -130 -232 -70 -576 -444 -434 -17 0
458 -164 -453 -22 0
-22 -541 -510 -130 -434 -457 -370 -258 -125 -298 -192 -532 -317 -204 -401 -406 -59 -89 -322 -525 -428 -447 -500 -224 -507 -484 -460 -313 -503 -526 -122 -252 0
-352 -321 -192 -428 -317 -525 -163 -447 -500 -224 -401 -11 -331 -125 323 -381 -457 -503 -526 -122 -434 -89 -313 -370 -204 -298 -130 -322 -510 -258 -507 -484 -252 -460 0
-335 -163 -507 -457 -370 -510 -130 -434 -541 -258 -125 -298 -192 -428 -317 -525 -447 -500 -224 -401 -11 323 -503 -526 -122 -89 -313 -204 -322 -484 -252 -460 -334 0
17 -171 -460 -210 323 -352 -89 -54 -457 -39 0
-352 22 -503 -192 -526 -336 -122 -89 -457 -130 -428 -317 -525 -447 -500 -224 -401 -460 -125 -557 -434 -313 -370 -204 -298 -322 -510 -258 -507 -484 -252 0
-458 -452 -70 -406 -576 -444 -210 -434 -541 -447 -543 -59 -428 -163 -401 -457 0
558 -341 -313 -370 -278 -130 -434 -232 0
-541 -130 -192 -370 -457 -434 -313 -258 -125 -298 -503 -526 -122 -89 -428 -317 -525 -447 -500 -224 -401 -460 -204 -322 -510 -507 -484 -252 -11 -532 -406 -59 0
459 -600 -581 -510 -239 -576 -163 -434 -22 -16 0
462 -166 -355 -107 -194 -497 -95 0
-352 -510 -576 -216 -434 -526 -460 -355 -503 -192 -11 -163 -457 -581 -16 -350 -122 -74 -322 -285 -354 -525 -428 -447 -500 -224 -401 -125 -89 -313 -370 -204 -298 -130 -317 -258 -507 -484 -252 0
557 -194 -555 -510 -95 -249 -423 -232 0
334 -438 -576 -434 -232 -557 -440 0
556 -438 -232 -249 -406 -555 -510 -208 -95 -423 -170 0
24 -555 -510 -576 -285 -70 -434 -232 -406 -249 -95 -526 -440 -192 -11 -396 -163 -122 0
458 -192 -484 -370 -497 -285 -130 -232 -70 -444 -454 -136 -322 -474 -122 -510 -576 -434 -406 -249 -526 -440 -11 -396 -163 -37 -16 0
233 -510 -249 -599 -537 -70 0
239 -343 -322 -141 -454 -42 -341 -285 0
553 -249 -510 -537 -96 0
23 -141 -322 -454 -42 -341 -285 -238 -474 -163 0
-258 -125 -525 -447 -526 -298 -317 -274 -559 0
445 -203 -225 -525 -317 0
442 -136 -474 -164 -453 -457 -37 -17 0
-70 -232 -484 -191 -94 -434 -598 -506 -163 -525 -501 -429 -90 -447 -225 -317 -298 -125 0
445 -225 -317 -298 -525 0
-232 -163 258 -125 -370 -322 -484 -191 -94 -598 -506 -434 -525 -90 -447 -317 -298 0
-163 -598 -60 -434 -581 258 -125 -370 -322 -484 -191 -94 -506 -525 -90 -447 -317 -298 0
508 -60 -434 -581 258 -125 -370 -322 -484 -191 -506 -525 -90 -447 -317 -298 0
-22 -380 -322 -342 -141 -557 -279 -434 -474 -457 -24 -164 -453 0
233 -163 -191 -587 -536 -60 -434 258 -125 -370 -322 -484 -581 -506 -525 -90 -447 -317 -298 -573 -406 -399 0
445 -124 -125 -298 -525 -317 0
-24 -266 -216 -440 -543 -500 -558 -256 -232 -279 523 -474 -163 457 -22 0
53 523 -447 -132 -295 -463 -79 -252 -489 -432 -6 -129 0
371 -489 -6 -528 -129 -570 -537 0
-70 -447 -129 -432 -317 -561 -232 -458 -163 -558 -279 457 -22 -525 -125 -298 0
131 -132 -447 -463 -442 -458 -88 -163 -298 -317 -561 -129 -186 -537 -525 -451 -342 0
234 -258 -298 -125 -163 -317 -525 -451 -447 -463 -442 -458 -88 -561 -129 -322 -352 0
130 -380 -334 -22 -298 -163 -317 -525 -451 -447 0
-258 -331 -298 -125 -129 -317 -352 -16 -22 -163 -463 -451 -525 -447 -576 -322 -558 -232 -442 -458 -88 -561 0
-447 -125 -232 -525 -317 -298 -129 -22 -163 -576 -322 -558 -458 -561 -432 -279 457 0
131 -206 -525 -463 0
-258 -257 -16 447 -317 -458 -163 -396 -298 -543 -125 0
132 -212 -568 -298 -296 -16 447 -317 -458 -163 -125 -22 -558 -463 -451 -232 0
-352 -4 -487 -129 -379 -53 -136 -354 -232 0
381 257 -568 -212 -295 -335 -322 0
165 -258 130 -322 -279 -461 -296 -206 -125 -298 447 -317 -458 -163 -568 457 -22 0
334 -192 -298 -568 -321 0
164 -212 -568 -322 -298 -461 -451 -394 -22 0
-125 -298 -163 457 -22 -322 -279 -317 -458 -525 -558 -232 -561 -129 -576 -432 0
523 -256 -463 -224 -131 0
-298 -232 457 -22 -322 -525 -561 -317 -279 -458 -558 -163 -129 -576 -432 0
336 -350 -232 -168 -131 -597 -496 -94 -341 -265 -461 -140 -439 -380 -320 0
126 -258 -561 -396 -232 -558 -459 -496 -265 -439 -279 -322 -525 -583 -447 -163 -22 457 -400 0
192 -167 -356 -194 -107 0
130 -140 -455 -322 -321 -190 -356 -496 -94 -460 -525 0
125 -447 -463 -88 -265 -561 -525 -455 -322 -496 -94 -279 -451 -396 -22 -163 -400 0
319 -192 -168 -131 -597 -496 -94 -265 -461 -140 -439 -320 -322 -455 -335 -232 0
190 -586 -240 -248 -94 -438 -422 -461 -496 -396 -459 -526 -276 -108 0
-192 -248 -322 -94 -461 -396 -276 -240 -496 -459 -108 -232 -558 -335 -140 -320 -168 -131 -597 -265 -439 -455 0
213 -396 -196 -551 -168 -93 -73 -322 -174 -349 0
568 -276 -213 0
527 -447 -317 -446 -568 -297 0
323 -232 -168 -131 -597 -496 -94 336 -265 -461 -140 -439 -320 0
-232 -322 -459 -558 -279 -163 -22 -525 -561 -317 -458 -129 -576 -432 0
497 -271 -467 -420 -173 -436 -10 -543 -597 -141 -211 -83 -501 -279 -568 -447 -473 -322 -525 -463 -131 -256 -379 -94 -451 -164 -317 -460 -300 0
-568 -420 -352 -88 -317 -525 -498 -467 -322 -436 -543 -597 -141 -279 -473 -463 -131 -379 -94 -451 -164 -396 -257 -192 -526 0
324 -447 -473 -543 -498 -317 -525 -279 -192 -88 568 -257 -352 -122 0
497 -447 -525 -317 -462 -298 0
-447 -192 -317 -543 -396 -94 -498 -525 -279 -533 -141 -379 -352 -342 -322 -473 -88 568 -257 -122 0
334 -543 -317 -561 -396 -94 -498 -525 -279 -533 -352 -342 -322 -473 -88 -257 -122 -467 -436 -597 -463 -131 -451 -164 -320 0
323 -401 -257 -275 -125 -568 -352 0
-298 -275 -447 -88 -317 -525 -257 -568 -122 -322 -352 -300 0
191 -568 -279 -322 -473 -352 -451 -164 -543 -317 -447 -88 -525 -257 -139 -122 -396 0
324 -108 -317 -525 -498 -447 -88 -506 -528 -276 -257 -568 -122 0
124 -53 -443 -550 -16 -576 -543 0
125 -447 -317 -525 -257 165 -451 0
323 -125 -576 -543 -16 -70 -381 -352 0
-568 -447 -317 -525 -498 -190 -88 -506 -528 324 -257 -122 -279 -322 -473 -352 -451 -164 -543 -139 -396 0
-447 -473 -279 -322 -367 -441 -317 -525 -88 -498 -257 -352 -122 -190 -506 -528 -451 -164 -139 -576 -16 -70 -381 165 0
-125 -528 -568 -296 -322 -16 -257 -317 -458 -163 -396 447 -543 -576 -70 -381 -352 0
-131 -322 -352 -451 -16 -317 -458 -163 -576 -70 -561 -88 -279 -525 -150 -335 -94 -436 -463 -22 -130 0
-322 -561 -163 -317 -525 -458 -576 -279 -150 -22 -558 -459 -129 -432 0
318 -52 -129 -551 -6 -441 -487 -298 0
-258 -257 -447 -317 -129 -298 -379 -163 457 -22 -576 -543 -459 -568 -525 -125 0
258 -298 -163 -22 -447 -317 -543 -525 -121 0
-125 -298 -129 -447 -22 -163 -317 -525 -576 -568 457 -121 -379 -543 -459 0
-298 -543 -561 -447 -317 -129 -22 -163 -576 -568 457 -121 -379 -525 -459 0
126 -439 -129 -379 -432 -340 -352 -583 -459 -568 -224 -345 -279 -121 -163 457 -22 -543 -400 0
-543 -447 -558 -379 -459 -568 -121 -22 -352 -129 -432 -340 -279 -163 457 -454 -317 -561 -525 -576 0
446 -132 -463 -257 -525 -501 0
-447 -379 -352 -525 -317 -121 -22 -163 -558 -459 -568 -129 -432 -340 -279 457 -454 -561 -576 0
-258 -257 -543 -501 -298 0
-125 -248 -508 -139 -94 -340 -371 -314 -279 -194 -179 -474 -167 -232 -138 -496 -352 -298 -401 -124 0
258 -543 -167 -279 -317 -163 -94 -179 -298 -150 -525 -501 -131 -451 -394 -212 322 -22 -296 0
-543 -129 447 -459 -88 -16 -131 -22 -463 -279 -317 -163 -94 -150 -525 -451 322 -296 0
256 -379 335 -298 -576 -202 -224 0
124 -379 335 -298 -576 -402 0
-459 -525 -22 -163 -317 -458 -434 0
-257 -258 -317 -559 -18 -525 -335 -543 -473 -298 -465 -122 0
370 132 -137 -233 -352 -127 -54 -140 -41 0
132 -372 -526 -211 -127 -568 -489 -137 -233 -352 -54 -140 -599 -285 -71 0
324 -372 -444 -285 -54 -352 -140 -568 -341 0
-232 -196 -551 -440 -54 -185 -444 -233 -352 0
278 -71 -240 -599 -285 -581 -551 -440 -54 -444 -233 -352 -406 -532 -208 -166 -122 -74 -323 -568 -130 -526 -211 -127 -489 -137 -313 0
52 -371 -526 -440 -568 -551 -335 0
-352 -379 459 -163 -22 -576 -581 -434 -285 -474 -37 -444 -526 -440 -568 -313 -406 -532 -208 -74 -130 -211 -489 -497 -460 -484 -354 0
278 -436 -172 -232 -190 -537 -106 -371 -355 -313 0
53 -232 -497 -484 -190 -277 -508 -313 -551 -440 -335 -526 -597 -568 -74 -460 -322 -543 -379 -457 -474 -164 -453 -37 -136 -444 -127 0
-371 -372 -240 -454 -285 -322 -232 -379 -136 -127 -53 -343 -526 -440 -568 -551 -335 0
323 -70 -444 -232 -457 -474 -164 -453 -37 -136 -285 -240 -53 -343 -551 -454 -379 0
-379 -526 -440 -568 -444 -474 -37 -285 -454 -497 -484 -313 -74 -460 459 -163 -22 -576 -581 -434 -406 -532 -208 -130 -211 -489 -354 0
-124 -125 459 -163 -22 -434 -317 -525 -447 -298 -568 -258 0
334 -191 -568 -298 -320 0
-526 -350 -174 -84 -78 -50 -503 -31 -475 -148 -505 -397 -485 -559 -205 -317 -203 -224 -525 -447 -568 -258 -400 -335 -298 -211 -441 -528 0
-295 -205 -559 -296 0
353 -232 459 -163 -22 -434 -525 -298 -568 -258 -317 0
323 -447 -437 -498 -211 -551 -525 -317 -396 -298 -568 -379 0
569 -267 -500 -574 -543 -317 -401 -298 -598 -597 -349 -526 -211 0
-447 -171 -90 -526 -559 -317 -568 -500 -574 -543 -401 -298 -598 -597 -532 -342 -122 -324 -437 -498 -551 -525 -396 -379 0
-352 -551 -500 -428 -90 -526 -559 -317 -568 -574 -401 -298 -597 -532 -122 -543 -525 -396 -379 -556 -130 -232 -353 0
-447 -551 -568 -379 -525 -232 -317 -298 459 -163 -22 -434 -258 0
-551 -379 -434 -232 -525 -298 -317 -568 459 -163 -22 -258 0
-379 -232 -298 -163 -434 -568 -525 -317 459 -22 -258 0
-232 -568 459 -163 -22 -434 -317 -525 -298 -258 0
-125 -447 -379 -568 -298 -163 459 -22 -434 -317 -525 -551 -258 0
-447 -551 -298 -525 -568 -317 -379 -163 459 -22 -434 -258 0
-551 -379 -298 -525 -317 -568 -163 459 -22 -434 -258 0
-379 -568 -298 -163 -525 -317 459 -22 -434 -258 0
552 -568 -224 -317 -297 -525 527 -428 -298 -126 -401 -574 -332 0
-125 -535 -372 -554 -53 -18 -443 -543 -428 -126 -298 -401 0
-568 -258 -317 -298 -163 459 -22 -434 -525 0
-125 -224 -525 -205 -559 -317 -79 -298 -526 -258 -274 -401 0
380 -370 -556 -313 -130 -434 -240 -581 -277 -554 -96 -510 -249 -267 -127 -597 -54 -353 -74 -552 -322 0
-258 -298 -525 -317 -434 -163 459 -22 0
52 -526 -379 -568 -551 -440 -322 -335 0
137 -203 -317 -396 -379 -474 -457 -444 -164 -453 -37 -136 -285 -240 -343 -551 -53 -460 -322 -354 0
446 -379 -559 -297 -568 -551 -322 -335 -317 -396 -457 -164 -453 -240 -18 -473 -298 -225 -543 -125 -525 -501 -429 0
299 -53 -501 -543 -457 -164 -453 -18 -473 -551 -127 -125 -487 -379 -568 -526 -322 -335 -402 0
-53 -526 -551 -18 -543 -473 -125 -298 -501 -457 -164 -453 -127 -487 -568 -379 -322 -335 -402 0
300 -537 -551 -137 -371 -322 -568 -526 -487 -6 -443 -501 -543 -429 -125 0
234 -266 -597 -351 -140 -174 -342 -436 -130 0
353 -234 -72 0
-526 -191 -551 -453 -568 -298 -597 -487 -335 -11 -322 -379 -473 -125 -402 -501 -543 -429 -127 -18 -457 -164 0
299 -53 -597 -351 -174 -342 -436 -233 -321 -533 -371 -453 -551 -441 0
-53 -137 -18 -543 -473 -125 -298 -597 -351 -174 -342 -436 -233 -321 -533 -371 -453 -551 -441 0
300 -60 -582 -6 -240 -501 -18 -456 -543 -473 -202 -125 0
-379 -551 -597 -453 -298 -240 -501 -18 -543 -473 -125 -127 -276 -568 -322 -465 -556 -559 -335 -297 -402 -429 -457 -164 -396 -317 -225 -525 0
-526 52 -565 -543 -501 -497 -460 -233 -96 -257 -125 -568 -401 -322 -170 -297 -181 -551 -358 -440 -335 -528 -298 0
-53 299 -597 -233 -321 -453 -551 -441 -276 -568 -322 -354 -396 -460 -317 -525 -465 -559 -297 -565 -543 -501 -96 -257 -125 -170 -181 -358 -335 -528 -298 -54 0
-526 -203 -148 -321 -317 -453 -333 -497 -460 -233 -96 -257 -125 -568 -401 -322 -170 -181 -528 -298 0
299 -438 -233 -127 -54 -460 -525 -465 -297 -559 -148 -321 -317 -453 -333 -96 -257 -125 -568 -322 -170 -181 -528 -298 -597 -551 -441 -276 -396 -543 -501 -358 -335 -402 0
-551 -125 -208 -96 -127 -568 -322 -501 -18 -543 -473 -90 -298 -525 -465 -297 -559 -148 -317 -453 -257 -181 -597 -276 -396 -335 -402 -574 -556 -240 -429 -457 -164 -225 0
-125 -568 -127 -322 -556 -335 -396 -317 -501 -18 -298 -543 -473 -402 -574 -208 -96 -90 -525 -465 -297 -559 -148 -453 -257 -181 -597 -276 -240 -429 -457 -164 -225 0
234 -526 -487 -335 -331 -568 -298 -191 -453 -353 -131 0
-526 -233 -568 -331 -322 -353 -487 -335 -298 -191 -453 -131 0
-233 -537 -554 -58 -240 -284 -131 -276 -568 -353 -322 -379 -559 -335 -297 -331 -487 -298 -191 -453 0
550 -568 -298 -96 -191 -335 -248 -11 -556 -554 -240 -284 -131 -276 -353 -322 -559 -297 -487 -453 -5 -127 -54 0
-568 -298 -96 -335 -556 -240 -276 -322 -559 -297 -453 -127 -525 -225 -396 -501 -18 -317 -574 -543 -429 -473 -402 -208 -90 -465 -148 -257 -181 -597 -457 -164 0
354 -233 -526 -465 -297 -525 -225 -559 -79 -317 -597 -18 -298 -351 -543 -429 -402 -322 -335 -125 0
542 -54 -335 -551 -526 -440 -127 -60 -559 -317 -79 -445 -240 -429 -285 -584 -443 -501 -457 -37 -164 -453 -136 -474 -18 0
336 -436 234 -351 -266 -342 -597 -453 -191 -195 -465 -96 -207 -170 -297 -181 -526 0
130 -195 -96 -191 -461 -319 -497 -453 0
-54 -342 -96 -191 -497 -277 -297 -525 -465 -509 -453 -370 -551 -440 -335 234 -351 -266 -597 -170 -181 -526 -422 -12 -396 -559 -317 -79 -445 -501 -543 -127 -60 -240 -429 -584 -443 -457 -37 -164 -136 -474 -18 0
54 -37 -457 -164 -453 -136 -474 -443 0
-233 -353 -12 -396 -559 -317 -79 -597 -351 -501 -322 -543 -96 -277 -297 -525 -465 -509 -453 -370 -551 -335 -181 -526 -127 -60 -240 -429 -457 -164 -18 -556 -574 -473 -298 -125 -191 -225 -402 0
541 -54 -127 -509 -536 -551 -71 -557 -434 -232 334 -574 -353 -298 -501 -125 0
300 -553 -536 -96 -597 -379 -277 -445 -322 -396 -473 -429 -353 -317 -125 0
-54 -71 -353 -551 -125 -402 -298 -536 -96 -597 -277 -445 -322 -396 -473 -429 -317 -18 -543 -127 -509 -557 -434 -232 334 -574 -501 0
-352 -39 -18 -402 -444 -125 -232 -353 0
-353 -551 -317 -501 -60 -543 -18 -574 -125 -298 -402 -79 -370 -127 -96 -597 -277 -322 -396 -473 -429 -509 -434 -335 -556 -12 -559 -351 -297 -525 -465 -453 -181 -526 -240 -457 -164 -191 -225 0
-124 234 -79 -342 -351 -559 -453 -191 -465 -96 -170 -181 -526 258 -298 -506 -322 -125 -163 -232 -370 -434 -525 -90 -317 -598 -422 -12 -335 -551 -509 -54 -18 -277 -127 -60 -457 -164 -574 -473 0
124 -54 -125 -240 -501 -18 -456 -543 -473 -127 -559 -60 -79 -317 -137 -445 -298 -429 -402 0
-232 -54 -351 -559 -453 -191 -465 -96 -181 -526 258 -298 -506 -322 -125 -163 -370 -434 -525 -90 -317 -12 -335 -551 -509 -79 -18 -277 -127 -60 -457 -164 -574 -473 -556 0
52 -535 -96 -181 -249 -556 -526 -501 -335 -543 -440 -18 -551 -444 0
295 -355 -497 -277 -461 -315 -525 -485 -207 0
-54 -551 -335 -526 -277 -525 -559 -317 -79 -457 -164 -453 -370 -127 -96 -181 -556 -18 -509 -60 -351 -191 -465 258 -298 -506 -322 -125 -163 -434 -90 -12 -574 -473 0
-551 -125 -18 -473 -335 -526 -277 -525 -559 -317 -79 -457 -164 -453 -370 -127 -96 -181 -556 -509 -60 -351 -191 -465 258 -298 -506 -322 -163 -434 -90 -12 -574 0
-125 -526 -465 -525 -559 -79 -317 -18 -298 -351 -322 -335 -556 -473 -574 -277 -457 -164 -453 -370 -127 -96 -181 -509 -60 -191 258 -506 -163 -434 -90 -12 0
-232 -322 -341 -379 -131 -137 -233 -70 0
-298 -525 -317 -163 -434 459 -22 0
499 -257 -224 -447 -525 0
500 -526 -257 -317 -447 -559 -122 -296 -489 -127 -54 -583 -18 -429 -90 -543 0
-526 -54 -322 -551 -599 -127 -90 -489 -354 -583 -447 -525 -206 -429 -296 -122 -257 -499 -317 -559 -18 -543 0
526 -322 -559 -317 -447 -122 -525 -257 -296 0
295 -341 -465 -232 -70 -430 -599 -5 -597 -350 -90 -569 -525 -317 -559 298 -122 -257 0
-322 -257 -453 -556 -396 -90 -122 -525 -96 -559 -465 -430 -599 -597 -317 298 -335 -354 -551 -136 -127 -429 -18 -543 0
126 459 -163 -22 -434 -317 -525 0
354 -232 -130 -322 -537 0
446 -342 -537 -322 -137 -379 -232 -70 -532 -496 -265 -461 -597 -525 -75 0
-232 -219 -319 -396 -581 459 -575 -434 -22 -554 -537 -436 -130 -597 -525 -428 -447 -322 -137 -379 -496 -265 -296 -258 -353 0
445 -356 -108 -96 -496 -462 -130 -525 -90 -317 -559 323 0
53 -322 -240 -581 -554 -396 -525 -499 -447 -496 -130 -317 -355 -455 -353 -319 459 -575 -434 -22 -597 -428 -265 -296 -258 -34 0
445 -380 -258 -96 -317 -559 -322 -122 -335 -556 -232 -130 -525 -90 0
-232 -536 -554 -96 -322 -335 -258 -489 -559 -296 -5 -525 -499 -447 -317 -122 -556 -130 -90 -138 -70 0
-322 -296 -525 -317 -447 -489 -581 -554 -353 -258 -499 -130 -443 -52 -240 -396 -496 -355 -455 -319 459 -575 -434 -22 -597 -428 -265 -34 0
-232 -428 -319 -447 -148 -525 -153 -581 -277 -554 -430 -473 -34 -568 -138 -127 -335 -496 -52 -556 -130 -600 -443 -234 -352 0
-446 -581 -58 -535 -340 -130 -508 -568 -525 459 -16 -447 -559 -317 0
555 -581 -227 0
-525 -458 -434 -22 -163 -317 0
131 -5 -317 -559 -524 -258 -499 -207 -381 -396 -334 -163 -434 -458 -463 -342 -232 0
23 -451 -300 -204 -427 -225 -258 -163 -123 0
-568 -499 -258 -434 -396 -458 -163 -22 -300 -204 -427 -317 -559 -463 -232 -73 -489 -322 -295 -79 -570 0
131 -258 -322 -274 -462 -396 -335 -163 -458 -463 0
324 -396 -462 -335 -163 -22 -300 -204 -427 -225 -258 -451 0
-257 -556 -434 -4 -315 -258 -232 -163 -353 -22 -207 -317 -559 -524 -225 -122 0
334 -370 -528 -537 -570 -489 -434 -300 -4 -458 -204 -499 -463 -427 -258 -232 -163 -353 -22 -317 -559 -122 -380 0
-257 -370 -4 323 -381 -528 -537 -570 -489 -258 -543 -434 -207 -317 -559 -524 -315 -232 -163 -22 -225 0
-446 -322 -317 -559 -232 -163 -22 -458 -434 0
-568 -553 -17 -557 -458 -335 -183 -89 -274 0
336 -488 -6 -317 -127 -396 -434 -462 -557 -380 0
-257 -258 -434 -559 -458 -232 -163 -22 -317 -322 0
380 -396 -132 334 -298 -568 -163 -232 -74 -462 -322 0
-395 -496 -298 -317 -202 -396 0
130 -396 334 -298 -568 -317 -202 -163 -458 -464 0
459 -124 -298 -552 -497 -332 -462 -488 -396 -317 -559 -207 -464 -434 0
318 -298 -202 0
-396 -298 -462 -317 -559 -207 -464 -434 -458 -568 -163 -232 -322 -132 334 -202 -74 0
-298 -568 -22 334 -458 -163 -317 -559 -464 -434 -232 -322 -202 0
-568 334 -232 -22 -556 -163 -434 -458 -464 -296 -559 -401 -317 -122 -322 -202 0
324 -550 -439 -298 -597 -379 -464 130 -74 0
-70 -124 -129 -6 -59 -370 -258 -298 -576 -439 -379 -232 -322 -131 -233 -597 -464 130 -74 -333 0
-124 -473 -439 -298 -597 -379 -464 130 -74 -322 -401 -258 -129 -6 -59 -370 -576 -232 -131 -233 -333 0
124 -408 -210 -59 -122 -322 -576 -354 -232 0
323 -298 -129 -124 -59 -370 -258 -163 -576 -439 -379 -232 -322 -6 -233 -464 -74 -333 -132 -394 -462 -335 -274 -458 -463 -11 0
131 -166 -422 -192 -319 -11 -496 -451 -322 -258 -462 -335 -274 -163 -458 -463 0
-298 -439 -401 -379 -464 -74 -576 -510 -500 -129 -132 -422 -192 -319 -11 -322 -258 -462 -335 -274 -163 -458 -463 -59 -408 -210 -122 -370 -232 -233 -488 -317 -202 0
334 -556 -317 -322 -258 -335 -458 -232 -163 -434 -559 -22 0
-205 -570 -447 -317 -528 -559 -296 -207 0
395 -321 -89 -163 -24 -458 -464 -447 -317 -528 -559 -296 -207 -597 -74 -322 -381 -462 0
336 -464 -458 -207 -401 -559 -202 -317 -89 -163 -447 -296 -74 -322 -462 -22 0
-335 -258 -322 -317 -458 -232 -163 -434 -559 -22 0
-258 -322 -232 -22 -317 -559 -434 -458 -163 0
-464 -568 -298 -458 -163 -317 -559 -22 -434 -232 -322 0
-568 -396 -298 -22 -163 -458 -317 -232 -434 -559 -322 0
560 -297 -207 0
-322 -232 -163 -458 -317 -22 -434 -559 0
-125 -139 130 -464 -279 -473 -298 -124 0
-124 130 -232 -576 -352 -298 -558 -464 -279 -473 -73 -379 -320 -447 -335 -317 -568 -396 -163 -458 -225 -258 0
316 -551 -53 -138 -379 -320 -427 -73 -335 -447 -568 -298 -396 -317 -464 -163 -458 130 0
165 -464 -298 -379 -568 -258 -225 -317 -73 -447 -396 -129 -163 -458 -576 -232 -352 -558 -279 -132 457 -22 0
164 -581 -598 -16 -576 -163 -298 -568 -94 -258 -462 -317 -121 -396 -22 0
457 -396 -317 -22 -298 -163 -458 -232 -559 -434 0
463 -96 -462 -574 -396 -543 -163 -317 322 -298 -559 -232 -258 -207 -132 0
-396 -298 -317 -163 -559 -232 -434 -22 -458 0
-298 -232 -434 -458 -22 -317 -163 -559 0
-232 -559 -458 -22 -163 -317 -434 0
318 -258 -434 -163 -452 -458 -568 -464 -556 -207 -225 -559 -298 0
-322 -551 -333 -440 -487 -89 -163 -464 -458 395 -447 -317 -559 -296 -207 -321 -74 -381 -462 -202 -401 -22 0
395 -487 -89 -163 -458 -317 -559 -74 -202 -22 -568 -434 -298 0
396 -568 -298 -556 -452 -434 -458 -22 -163 0
-205 -568 -458 -317 -559 -22 -163 -434 -298 0
-568 -298 -317 -458 -434 -559 -163 -22 0
568 -436 -556 -447 -434 -317 -163 -458 131 -462 -207 -559 0
-559 -458 -434 -163 -317 -22 0
-24 -332 -551 -352 -440 -132 -334 -163 457 -22 0
-568 -352 -432 -129 -551 -584 -396 -258 -163 -298 -576 -462 -317 -121 -22 -447 -39 -499 -279 -558 -125 -126 -401 -472 -440 -132 457 -489 -274 0
-298 -458 -434 -163 -22 -317 0
-335 -568 -208 -598 -88 -510 257 -408 -322 -295 -380 -336 0
-568 -510 -190 -370 -447 -455 -88 -322 -208 -534 -265 -171 -140 -558 -321 -598 257 -408 -295 -380 -336 0
-458 -22 -163 -317 -434 0
323 -581 -434 -555 -367 -53 -249 -568 -298 334 -444 -95 -6 -440 -576 -489 -181 -10 -354 0
324 -6 -489 -444 -354 -10 -576 -53 -568 -322 -379 -440 -526 -335 -552 0
-258 -322 -568 -434 -298 334 -95 -440 -489 -10 -561 -335 -447 -125 -317 -17 -452 -163 -401 -165 -223 -123 0
258 -125 -298 -317 -447 -568 -526 -542 -464 -401 0
394 334 -568 -434 -298 -123 -95 -335 -317 -17 -452 -163 -165 -464 0
433 -249 -194 -95 -422 -537 -12 -438 -53 -568 -322 -379 -440 -526 -335 -552 -576 0
527 -72 -552 -438 -354 -12 -322 -211 -568 -487 0
528 -497 -107 -462 -141 -379 -341 -74 -434 -322 -559 -568 -207 0
234 -552 527 -12 -322 -211 -568 -487 0
-125 -207 -428 -12 -322 -568 -487 -379 -526 -107 -462 -141 -74 -434 -559 -474 -130 -524 -224 -439 -202 -298 -401 0
323 -232 -267 -141 -173 -436 -130 -596 -552 -12 -322 -568 -487 -526 0
460 -498 -524 -130 0
-207 -74 -526 -141 -173 -130 -596 -12 -322 -568 -107 -462 -379 -487 -434 -559 -524 -439 -298 -428 -474 -224 -202 -401 0
523 -224 -141 -173 -130 -596 -12 -322 -568 -526 -439 -298 -379 -202 -462 -487 0
-207 -297 -317 -526 -141 -173 -130 -596 -12 -322 -568 -107 -462 -379 -487 -434 -439 -298 -428 -474 -224 -202 -401 -559 -205 0
324 -232 -130 -317 -526 -141 -173 -596 -12 -322 -568 -107 -462 -379 -487 -434 -439 -298 -428 -474 -224 -202 -401 -559 -296 -552 0
-232 -552 -298 -130 -141 -173 -596 -462 -12 -322 -568 -487 -526 -317 -107 -379 -434 -439 -428 -474 -224 -202 -401 -559 -296 0
524 -207 -464 -130 0
-207 -428 -526 -141 -173 -130 -596 -12 -322 -568 -107 -462 -379 -487 -434 -559 -439 -298 -445 -474 -224 -202 -401 -464 0
257 -322 -130 -17 -298 -542 -95 -462 -445 -526 -141 -173 -596 -12 -568 -107 -379 -487 -434 -559 -439 -474 -202 -464 0
-224 -401 -317 258 -568 -526 -542 -464 -298 -141 -173 -130 -596 -12 -322 -107 -462 -379 -487 -434 -559 -439 -445 -474 -207 -202 0
-401 -207 -141 -173 -130 -12 -322 -568 -487 -526 -257 -379 -462 -439 -298 -317 -542 -464 -202 -107 -434 -559 -445 -474 -596 0
401 -565 -542 -298 0
-232 -575 -556 -434 -234 -298 -130 -141 -173 -596 -462 -12 -322 -568 -487 -526 -317 -107 -379 -439 -224 -474 -428 -202 -401 -559 -296 0
-224 -322 -487 -568 -23 334 -434 -298 -130 -141 -173 -596 -462 -12 -317 -107 -474 -202 -401 -559 -296 -429 -525 0
-322 -12 -141 -173 -130 -596 -568 -487 -401 -298 -317 -542 -464 -462 -202 -23 334 -434 -107 -474 -559 -445 -17 -95 0
525 -232 -352 -298 -317 -401 -568 -526 -542 -464 258 -130 0
-232 -523 -556 -352 -95 -462 -130 -434 -298 -317 -401 -568 -526 -542 -464 258 0
524 -454 -202 -83 -298 -141 -340 -462 -130 0
-232 -487 -95 -121 334 -434 -209 -542 -352 -89 -298 -317 -401 -568 -464 258 -202 -462 -130 0
525 -73 -298 -596 -340 -317 -401 -568 -526 -542 -464 258 -445 -130 0
127 -121 210 -526 -556 -487 -434 -5 0
-335 -298 -17 -89 -434 -317 -568 -464 -95 -123 -23 -474 -452 -163 -165 -336 0
353 -53 -342 -557 -130 -434 -232 -136 0
131 -141 -136 -53 -434 -444 -474 -557 -70 -342 -232 0
-141 -532 -342 -266 -371 -53 -550 -576 -508 -95 -194 -355 -107 -70 -497 -232 -130 -136 -434 -444 -474 -557 0
258 -266 -557 -505 -232 -358 -130 164 -452 -320 -342 -434 -371 -550 -508 -95 -194 -107 -497 -136 -474 -354 -17 -125 -464 -401 0
525 -559 -434 -232 -557 -297 -130 0
-125 -223 -256 -557 -505 -232 -358 -130 164 -452 -320 -342 -434 -371 -550 -508 -95 -194 -107 -497 -136 -474 -354 -17 -464 -401 -202 -298 0
-202 -232 -358 -505 -297 -256 -456 -317 -460 -474 -298 -557 -434 -130 164 -452 -320 -342 -371 -550 -508 -95 -497 -136 -354 -17 -464 -401 -524 -190 0
321 -532 -342 -371 -355 -550 -576 -508 -95 -53 -266 -70 -497 -232 -130 -136 -434 -444 -474 -557 -190 0
-232 -5 -22 -342 -130 -550 -497 -136 -354 -434 -298 -163 -401 -317 -75 -568 -526 -358 -456 -460 -524 0
132 -559 -175 -80 -362 -239 -342 -395 -535 -12 -371 -60 -440 -436 -54 -600 -550 -574 -17 -452 -163 -401 -125 -542 -358 -505 -190 -148 -320 -497 0
372 -368 -320 164 -125 -258 -298 -358 -505 -17 -484 -555 -398 -535 -41 0
53 -428 299 -298 -17 -444 0
-258 -225 -163 -401 -125 -574 -17 -550 -535 -320 164 -298 -358 -505 -41 -371 -54 -444 -508 -75 -95 -445 -171 -524 -183 -297 -452 -123 -256 0
-202 -587 -187 -184 -532 -95 -535 -175 -371 -54 -60 -440 -600 -550 -357 -17 -574 -125 -80 -401 -298 -317 -568 -526 -464 -163 -320 164 -358 -41 -444 -75 -445 -171 -524 -183 -297 -452 -123 0
140 -574 -550 -452 -163 -401 -125 -436 -317 -165 -17 -12 -535 -320 -298 -358 -371 -54 -444 -75 -95 -445 -171 -524 -183 -297 -123 -568 -526 -464 -187 -184 -532 -175 -60 -440 -600 -80 -277 0
232 -550 -401 -17 -163 -320 -298 -358 -371 -75 -95 -445 -524 -183 -297 -452 -123 -456 -317 -568 -526 -464 -12 -474 -165 -175 -60 -440 -80 -342 -130 -497 -434 -136 -557 -354 0
324 -462 -130 -298 -163 -401 -317 -568 -526 -22 -434 0
234 -179 -198 -167 -48 -194 -95 -532 -555 -340 -535 -130 0
-125 -552 -434 -557 -95 -340 -130 -371 -17 -138 -489 -395 -542 -352 -317 -73 -298 -401 -568 -526 -464 258 0
-462 -401 -298 -317 -434 -130 -568 -526 -163 -22 0
-401 -130 -434 -298 -163 -317 -568 -526 -22 0
-130 -526 -298 -434 -163 -568 -317 -22 0
-526 -298 -317 -434 -163 -568 -22 0
131 -536 -342 -232 0
257 -525 -232 -130 -434 -298 -163 -401 -125 -317 -568 -22 -445 -205 0
-525 -524 -401 -125 -298 -568 -258 -232 -130 -434 -317 -22 -163 0
-126 -342 -130 -434 -557 -232 -380 -322 -17 -401 -354 -452 -163 -125 0
-342 -315 -474 -380 -298 -17 -258 -125 -130 -434 -557 -232 -401 -452 -163 131 0
-297 525 -130 -557 -232 -434 -295 0
124 -408 458 -22 -568 -258 -324 -576 -354 -232 0
525 -232 -317 -298 -258 -125 -22 -568 -130 -434 -401 -163 0
207 -258 -464 -295 0
-125 -232 -298 -258 -317 -22 -568 -130 -434 -401 -163 0
-342 -455 -192 -322 -320 -568 -140 -370 131 -232 0
-232 -258 -434 -130 -317 -568 -298 -22 -401 -163 0
-205 -559 -295 -207 0
256 -48 -535 -395 -317 -447 -95 -17 -568 -380 -474 -452 -163 -401 -125 -322 -298 -123 0
354 -428 -474 -401 299 -17 -452 -163 -125 -70 0
215 -198 -48 0
-124 -215 -440 -550 -584 -574 -258 -125 -298 0
340 -125 -17 -452 -163 -401 -430 -440 -574 -258 -298 -127 -535 -568 -380 -234 -352 -474 -70 -395 -317 -559 -295 -225 -447 -95 -123 -184 -534 0
-124 -324 -123 -352 -258 -125 -298 0
-125 -352 -380 -17 -474 -401 -452 -163 -123 -258 -298 -127 -535 -341 -430 -440 -574 -568 -234 -70 -395 -317 -559 -295 -225 -447 -95 -184 -534 0
-258 -401 -317 -298 -568 -163 -130 -434 -22 0
-401 -130 -317 -568 -163 -298 -434 -22 0
-130 -298 -317 -568 -163 -434 -22 0
-124 -584 -317 -298 -22 130 -163 -380 -334 -17 -395 -258 -125 -542 0
257 -352 -139 -534 -232 -596 -357 498 -190 -395 -46 -501 299 -126 -427 -295 -123 0
-342 -266 -139 -464 130 0
-297 -561 -207 -295 0
-401 -125 -434 -22 -568 -163 -298 -317 0
401 -451 -317 -568 164 -89 -298 -258 0
-298 -568 -22 -317 -434 -163 0
256 -130 -575 -434 -353 458 -22 298 -317 -258 -568 0
132 -81 -447 -295 -296 -524 -464 0
-342 -249 -336 -423 -190 -555 -95 -232 -434 -277 -141 131 -341 0
556 -6 -59 -599 -489 -575 -528 -434 -336 0
127 -315 -372 -277 -537 -434 0
435 -127 -542 -486 -500 -399 -508 -59 -599 -575 -277 -108 0
433 -505 -486 -399 -190 -508 -95 -181 -528 -423 -336 -558 0
570 -232 -295 -296 -524 -277 -434 -542 -500 -575 -190 -95 -181 -336 -353 -496 -447 -130 -464 -10 -275 0
465 -140 -265 -342 -130 0
132 -75 -95 -190 -447 -460 -320 -524 -496 -452 0
-232 -524 -542 -500 -434 -130 -95 -190 -447 -460 -17 -496 -452 -439 -489 -336 -353 -322 -568 -295 -296 -277 -575 -181 -464 -10 -275 0
435 -551 -53 -575 -542 -486 -500 -508 -399 -59 -599 -277 -108 0
-295 -130 -271 -452 -428 -583 -596 -336 -277 -265 -542 -239 -489 -17 -464 -575 -561 -434 -500 -10 -496 -275 -447 -296 -568 -322 -136 -353 -95 -190 -460 -439 -181 -258 0
131 -232 433 -190 -181 -336 -489 -10 -526 -568 -322 -136 -600 -447 -460 -353 -525 -496 -95 0
-232 433 -568 -336 -526 -181 -95 -460 -496 -130 -322 -190 -489 -10 -136 -600 -447 -353 -525 0
433 -526 -10 -489 -568 -322 -136 -353 -336 -181 -95 -460 -496 -130 -190 -447 -525 -575 0
323 -500 -271 -542 -356 -190 -95 -496 -550 -460 -558 -336 -181 -10 -526 -568 0
132 -558 -336 -232 -95 -190 -447 -460 -75 -524 -496 -452 0
-130 -76 -190 -460 -596 -10 -568 -353 -271 -542 -575 -277 -434 -136 -428 -239 -258 458 -22 298 -317 0
-297 -207 -561 0
324 -356 164 -190 -550 -150 -140 -439 -321 -336 -528 -568 -455 -464 130 0
-526 -324 -271 -542 -356 -190 -95 -496 -550 -460 -558 -336 -10 -568 -123 -258 0
435 -321 -460 -258 -123 -265 -224 -336 -271 -190 -95 -496 -10 -568 164 -439 -528 -455 -464 130 -575 -277 0
-526 -324 -486 433 -190 -95 -336 -528 -496 -265 -534 -460 -10 -232 -523 -321 -123 -447 -317 -568 -258 -295 0
322 -380 -317 -207 -559 -460 -258 298 -123 0
-324 -523 -190 -10 -460 -596 -271 -277 -317 -258 -568 -534 -123 -207 298 -232 -321 -336 433 -95 0
125 -258 -568 -317 164 298 -434 458 -22 0
-258 -568 164 -317 298 -434 458 -22 0
-526 -568 -213 -527 0
-568 -22 -317 -434 -163 0
-298 -525 -526 -258 -317 -224 -79 -274 -205 -559 -401 -300 0
435 -406 -438 -208 -552 -423 -170 -575 -557 0
335 -208 -460 -130 -95 -232 -434 -496 -11 -395 -401 -317 -526 -258 -224 -79 -274 -296 -561 -181 0
-298 -525 -510 -194 557 -95 -232 -500 -17 -317 -452 -165 -447 -224 -428 -11 -401 -163 -526 -258 -79 -274 -205 -300 0
-525 -500 -537 -370 -355 -277 -510 -434 -95 -150 -194 -507 -360 -11 -565 -401 -317 557 -232 -17 -452 -165 -447 -224 -428 -163 -526 -258 -79 -274 -300 -524 0
323 -232 -496 -526 -370 -434 -95 -317 -17 -452 -165 -447 -163 -258 -79 -274 -524 -474 -130 -460 -336 -211 -190 -123 0
-298 -525 -526 -381 -561 -460 -464 -258 -496 -336 -274 -447 -317 -300 0
-525 -342 -130 -95 -190 -447 -460 -524 -75 -496 -452 -274 -258 -464 -456 -317 -526 -381 -561 -336 -300 -596 0
324 -496 -526 -460 -561 -130 -95 -190 -447 -524 -336 -452 -274 -258 -464 -317 -300 -596 0
334 -575 -434 -507 -567 -551 -452 -380 -320 0
-525 -341 -510 -496 -352 -443 -72 -599 -460 -370 -380 -336 -434 -507 -452 -320 -436 -11 -395 -138 -401 -317 -474 -126 -447 -163 -17 -500 -428 -224 -524 0
-496 -524 -163 -336 -526 -130 -460 -370 -434 -317 -474 -447 -17 -452 -211 -190 -274 -258 -123 -95 -165 -79 -322 -464 0
435 -510 -500 -322 -95 -542 -370 -455 -170 -357 -313 -532 -267 -153 -557 -277 -148 0
335 -74 -542 496 -17 -596 -95 -434 -500 -322 -370 -313 -395 -317 -211 -190 -474 -526 -258 -79 -274 -525 -205 -223 -123 -447 -464 0
256 -401 -163 -452 -125 -500 -298 0
-300 -379 -123 -258 -298 -460 -525 -95 -500 -17 -317 -452 -165 -447 -428 -163 -526 -79 -274 -205 -497 -166 -211 -190 -556 -434 0
-525 496 -434 -452 -274 -474 -460 -190 -526 -447 -317 -258 -123 -95 -17 -165 -163 -79 -211 -336 -370 -322 -464 -524 0
234 -333 -552 -436 -353 0
-524 -447 -17 -452 -163 -317 -211 -274 -258 -123 -322 -336 -526 -460 -130 -434 -190 -474 -95 -165 -79 -370 -464 0
-447 -130 -258 -123 -317 568 -460 458 -163 -336 -434 -190 -474 -165 0
-130 -460 -317 -258 -434 -190 -123 568 458 -163 -336 -474 -165 0
461 -321 -123 -274 -322 -190 -258 -336 -526 -207 -79 -317 -523 0
-460 -258 -336 568 -317 -123 -190 -434 458 -163 -474 -165 0
524 -379 -322 -123 -336 -258 -320 -452 -464 -559 -79 -445 0
-258 -190 -317 -123 -336 568 -434 458 -163 -474 -165 0
-190 568 -317 -123 -336 -434 458 -163 -474 -165 0
-355 -356 -95 -484 496 -192 -106 -510 0
334 -59 -500 125 -298 -17 -542 -95 -484 496 -192 -106 -510 -319 -532 -277 -313 -434 -370 -322 -136 -380 0
-140 -341 -141 -267 -532 0
-379 -166 -193 -421 -74 -434 -596 -277 -267 -141 -532 -273 -172 -436 -322 -441 335 -380 0
558 -421 -95 -193 -170 0
-525 -500 -95 -434 -193 -526 -319 -336 -370 -298 -17 -542 -192 -106 -322 -12 -211 -274 -123 -464 -258 -317 -395 -474 -462 -206 -559 -296 -447 -524 0
232 299 -474 -353 -17 -452 -163 -401 -428 0
299 -497 -106 -319 -434 -486 -452 -556 -132 -234 -474 -353 -17 -163 -401 -428 -455 -202 0
-460 -353 -333 -234 -552 -132 -439 -317 -395 -298 -106 -319 -434 -486 -452 -556 -474 -17 -163 -401 -428 -455 -202 -462 0
381 -524 -298 -474 -17 -452 -163 -428 -556 -193 -95 -333 -132 -439 -317 -395 -106 -319 -434 -486 -202 -462 -12 -211 -274 -258 -123 -322 0
-447 -258 -211 -274 -12 -202 -298 -198 -464 -193 -95 -462 -322 -474 -17 -452 -163 -317 -395 -106 -319 -434 -123 -487 -336 -526 -370 -542 -192 -559 -445 -79 0
335 -181 -95 -193 -421 -556 -526 0
461 -556 -95 -193 -336 -526 -17 -12 -542 -211 -574 -474 -501 -429 -274 -79 -258 -317 -298 -525 -559 -123 -207 0
-258 -322 -123 -318 -526 -464 -462 -95 -193 -336 -17 -12 -542 -211 -474 -274 -79 -317 -434 -89 -198 -452 -163 -395 -106 -319 -370 -192 0
214 -48 -198 0
299 -208 -95 -509 -60 -487 -526 -336 -198 -434 -559 -205 -79 -445 -501 -17 -542 -402 0
-447 -523 -297 -445 -79 -317 0
-22 -317 -434 -163 0
335 -296 -460 -447 -317 -298 -525 -95 -74 -89 -223 -121 -526 -258 -434 -17 -207 0
-474 -233 -298 -17 299 -258 -381 323 -428 -452 -163 -472 0
-126 -452 -317 -525 -163 -17 -447 -428 -500 -401 -224 -125 0
-79 -321 -130 -298 -17 -258 -381 -428 -163 -317 -525 -447 -500 -434 -569 -560 -80 0
192 -452 -6 -233 -59 -130 -498 -582 -553 -356 -17 -126 -401 -127 -163 -394 -193 0
191 -11 -422 -394 -193 0
-207 -130 -17 -163 -95 -298 -223 -434 -317 -258 -526 -447 -205 -428 -525 -500 -80 -460 -74 -89 0
569 -190 -95 -434 -396 -53 -532 -460 -137 -266 -210 -334 -354 -74 -89 -526 -324 -211 0
191 -381 -460 -95 -324 -298 -17 -474 -258 -428 -452 -163 -472 -317 -447 -525 -401 -500 -130 -321 0
323 -321 -335 -568 -526 -452 -53 -331 -285 -130 -298 -17 -474 -258 299 -381 -428 -163 -472 0
-474 -401 -460 -74 -526 -452 -130 -298 -17 -258 -428 -163 -317 -447 -525 -95 -500 -434 -89 -465 -297 -223 0
300 -526 -447 -298 -258 -317 -525 -125 0
256 -428 -17 -163 -317 -298 -258 -125 -447 -526 -525 -452 0
-428 -130 -526 -452 -474 -298 -17 -258 -163 -317 -447 -525 -95 -434 0
-130 -526 -434 -298 -317 -525 -163 -447 -258 -452 -474 -17 -95 0
130 -525 -317 -298 -447 -163 -452 0
334 -381 -440 -550 0
336 -454 -130 -322 -354 -192 -598 -510 -444 -452 -95 -17 -458 -163 0
-428 -125 -452 -163 -401 -95 -526 -317 -525 -447 -298 -258 -17 0
-125 -401 -258 -526 -298 -317 -525 -17 -163 -447 -452 -95 0
396 -381 -568 -89 -458 -526 -22 -460 -163 0
165 -458 -17 -452 -163 -401 -126 0
-474 -401 -298 -163 -17 -452 -526 -447 -317 -525 -258 -95 0
459 -421 -95 -557 -210 -434 -89 0
190 496 -350 -95 -510 -192 -484 -596 -455 -279 -267 -532 -341 -320 0
321 -239 -475 -273 -31 -591 -503 -596 -153 -267 -452 -148 -532 -341 0
140 -367 -428 -585 -550 -436 -233 -173 -557 -350 -74 -434 -596 -279 -267 -42 0
558 -357 -500 -59 -401 -163 -126 -452 -5 -575 -279 -353 -434 -233 0
164 -53 -370 -434 -557 -500 -59 -401 -163 -126 -452 -5 -575 -279 -353 -532 -428 -550 -350 -74 -130 -320 -31 -591 -503 -341 -507 -484 -192 -95 -510 -11 -317 300 -460 0
-434 -336 -452 -401 -163 -317 -526 -381 -95 -17 -298 -258 -447 -525 0
434 -401 -163 -126 -452 -526 -317 300 -460 -95 -17 -447 -457 -279 0
395 -507 -370 -341 -510 -17 -452 -401 -163 -317 -526 -95 -298 -258 -447 -525 -192 0
433 -535 -313 -370 -279 -128 0
54 -233 -353 -436 -333 -442 0
131 -128 -532 -279 -313 -370 -267 -434 -53 -353 -436 -333 -442 0
543 -333 -436 -353 -273 -53 -192 -267 -532 -341 -434 -321 -313 -370 -279 -452 -130 -6 -500 -17 0
-381 -436 -350 -95 -452 -192 -510 -341 -507 -401 -163 -370 -17 -526 -380 -317 -298 -258 -447 -525 0
-274 -192 -163 -452 -401 -95 -317 -526 -17 -298 -258 -447 -525 0
-381 -360 -452 -320 -380 -401 -163 -317 -526 -95 -17 -298 -258 -447 -525 0
-192 -401 -163 -452 -17 -526 -317 -95 -298 -258 -447 -525 0
-341 -233 -581 -249 -227 -508 -59 -598 -353 -240 -536 -267 -532 -140 0
380 -550 -53 -138 0
496 -355 -167 -108 0
232 -48 -197 -532 -409 -441 -585 -53 -444 -333 -353 0
278 -571 -199 -64 -6 -59 -227 -272 -240 -588 -178 -74 -167 -245 -355 -313 0
357 -245 -313 -252 -571 -199 -432 -64 -6 -59 -227 -272 -240 -588 -178 -74 -167 0
Solved
