487 -397 -220 -307 -187 -97 -21 0
398 -265 -58 0
222 -97 -231 -187 -307 0
60 -265 -272 -214 -392 -174 -125 -194 -430 -8 -6 -398 -421 0
-265 -394 -383 -194 -8 -398 -1 -58 -272 -214 -392 -174 -125 -430 -6 -421 0
502 -346 -428 -368 -471 -1 -217 -287 -214 -430 -421 -231 -184 -358 -307 -220 0
3 -364 -133 -471 -303 -298 -114 -396 -137 0
394 -335 -292 -385 -137 -114 0
97 -272 -368 -491 -232 -471 -181 -114 -55 -292 -385 -137 -231 -6 -70 -502 -458 -189 0
-272 -232 -471 -22 -25 -231 -181 -52 -458 -383 -189 -99 -368 -491 -114 -55 -292 -385 -137 -6 -70 -502 0
194 -243 -181 -52 -189 -6 -458 -231 -471 -22 -25 -368 -491 -385 -502 -184 -174 0
188 -151 -350 -181 -428 -289 -25 -335 -22 -458 -365 -98 -502 0
187 -458 -98 0
7 -398 -350 -181 -428 -289 -25 -22 -502 -145 -21 -184 -52 -231 -368 -358 -307 -220 -471 0
136 -114 -477 -396 -83 0
98 -458 -289 -471 -1 -398 -7 -220 -22 -502 -184 0
189 -458 -98 0
-114 -463 -396 -73 -138 -477 -83 0
-458 -398 -52 -184 -73 -1 -181 -7 -220 -502 -307 -289 -471 -22 0
112 -386 -471 -346 0
-398 -181 -22 -25 -289 -471 -346 -1 -502 -184 -307 -231 -220 -52 -73 -350 -428 -145 -21 -368 -358 0
457 222 -231 -307 0
505 -52 -25 -22 -184 -231 -307 -220 -289 -471 -1 -73 -350 -428 -21 -368 -358 -287 -214 -430 -421 0
112 -83 -138 -477 -219 -505 -73 -465 0
-187 -458 -368 -350 -418 -25 -505 -73 -1 -287 -214 -430 -421 -231 -428 -184 -97 -307 -220 0
-458 -97 -22 -1 -471 -52 -231 -25 -368 -184 -358 -220 -307 -350 -418 -505 -73 -287 -214 -430 -421 -428 -289 0
114 -137 -471 -22 -289 -9 -505 -194 -73 -1 -366 -395 0
-137 -128 -399 -6 -492 -48 -270 -71 -173 -505 -52 -194 -73 -382 -465 -395 -113 -471 -22 -289 -9 -1 -366 0
-97 -505 -289 -1 -350 -52 -73 -471 -22 -358 -307 -184 -231 -220 -25 -368 -418 -287 -214 -430 -421 -428 0
138 -396 -114 -335 -137 -471 -364 -184 -22 -289 -8 -398 -60 -1 0
-458 -114 -350 -428 -364 -471 -169 -137 -184 -22 -289 -1 -502 -220 -187 -98 -457 0
458 -187 -231 0
-137 -227 -368 -428 -452 -272 -430 -73 -184 -350 -364 -471 -169 -458 -22 -289 -1 -502 -220 -187 -98 -457 0
508 -368 -73 -1 -289 -428 -430 -184 -350 -471 -169 -22 -358 -231 -307 -25 -418 -287 -214 -421 -21 0
396 -98 -1 -471 -458 -231 -25 -368 -184 -358 -307 -350 -418 -73 -287 -214 -430 -421 -428 -289 -21 -22 -503 -383 0
-502 -233 -174 -193 -22 -385 -365 -350 -428 -137 -471 -169 -114 -184 -289 -1 -458 -187 -98 -56 -25 -151 0
-98 -193 -368 -471 -1 -287 -214 -430 -421 -231 -184 -358 -307 -350 -418 -25 -458 -73 -187 -428 -22 -137 -169 -114 -289 -394 -21 0
98 -187 -307 -458 -231 0
394 -124 -289 -22 -129 -1 -383 -137 -114 0
-457 -187 -22 -471 -1 -114 -137 -368 -287 -214 -430 -421 -231 -184 -358 -307 -350 -418 -25 -458 -73 -289 -428 -169 -21 0
-187 -458 -368 -471 -1 -287 -214 -430 -421 -231 -184 -358 -307 -350 -418 -25 -428 -73 -22 -114 -137 -289 -169 -21 0
-52 -220 -22 -184 -231 -307 -25 -289 -471 -1 -73 -350 -428 -21 -368 -358 -287 -214 -430 -421 -458 -97 -418 0
-220 -47 -25 -289 -22 -269 -184 -231 -307 -471 -1 -73 -350 -428 -21 -368 -358 -287 -214 -430 -421 -458 -97 -418 -382 -508 98 -502 -222 0
136 -271 -244 -226 -368 -428 -60 -334 -471 -397 -114 -7 -396 -195 0
-458 -114 -307 -471 -22 -289 -1 -137 -368 -428 -358 -25 -184 -231 -73 -350 -21 -287 -214 -430 -421 -418 -169 0
-220 -97 -1 -350 -73 -471 -22 -358 -307 -184 -231 -289 -25 -368 -418 -287 -214 -430 -421 -428 112 -475 -59 -57 -174 -508 -221 0
2 -182 -22 -25 -289 -53 -151 -508 -475 0
-114 -137 -307 -1 -22 -25 -289 -471 -350 -73 -184 -231 -368 -418 -287 -214 -430 -421 -428 -358 -21 -169 0
-97 -458 -368 -471 -1 -287 -214 -430 -421 -231 -184 -358 -307 -350 -418 -25 -428 -73 -98 0
-458 -387 -430 -471 -194 -137 -73 -368 -428 -184 -350 -169 -22 -289 -1 -98 -465 -231 -287 -214 -421 -358 -307 -418 -25 0
-137 -231 -214 -73 -1 -421 -430 -471 -368 -428 -184 -350 -169 -22 -289 -287 -358 -307 -418 -25 -21 0
98 -458 -289 -471 -151 -83 -73 -138 -477 -184 -307 -22 -231 0
-458 -350 -289 -22 -428 -25 -151 -53 -83 -73 -138 -477 -395 -1 -471 -231 -368 -184 -358 -307 -418 -287 -214 -430 -421 -21 0
512 -25 -307 -22 -289 -358 -73 -1 -184 -418 -214 -430 -421 -169 -148 0
187 -458 -418 -214 -289 -25 -22 -112 -364 -184 -1 0
459 -263 -230 0
-263 -458 -230 0
427 -228 -417 -369 -336 0
-458 -364 -429 -284 -402 -418 -25 -22 -369 -307 -230 -214 -289 -112 -184 -1 0
187 -112 -418 -214 -289 -25 -22 -1 -364 -184 -98 0
367 -112 -221 -184 -22 -214 -25 -421 -418 -402 -273 -284 -232 -453 -336 -429 -246 -228 0
469 -369 -429 -184 -22 -214 -25 -421 -418 -402 -284 -358 -20 -307 -289 -1 -230 0
-98 -188 -458 0
-187 -458 -369 -421 -429 -358 -214 -234 -334 -307 -115 -188 0
138 -152 -302 -289 -60 -1 0
113 -390 -393 -214 -195 -302 -289 -60 -1 -375 -396 0
336 -190 -393 -508 -214 -1 -128 -20 -467 -245 -382 -375 -396 -114 -195 -302 -289 -60 0
427 -47 -485 -115 -60 -214 -1 -289 -22 -284 -234 -334 -393 -20 -382 -396 -114 -195 -222 -307 -358 -226 -414 -369 -351 0
113 -314 -72 -254 -174 -195 -114 -73 -138 -477 -396 -348 -387 0
112 -138 -64 -60 -114 -73 -289 -477 -396 0
3 -417 -226 -284 -22 -289 -214 -393 -390 -195 -396 -33 -114 -64 -60 -73 0
152 -85 -163 -289 -64 0
136 -152 -114 -476 -396 0
-458 -114 -1 -289 -284 -22 -214 -73 -169 -414 -351 -429 -485 -234 -20 -307 -358 -369 -230 -421 -366 -184 0
189 -138 -396 -114 -73 -477 -263 -98 0
187 -396 -114 -184 -98 0
-396 -184 -22 -214 -25 -421 -418 -402 -284 -429 -369 -358 -366 -20 -307 458 -114 0
-187 -184 -169 -22 -214 -25 -421 -418 -402 -284 -429 -414 -405 -369 -351 -358 -366 -20 -307 458 0
427 -477 -59 -1 -138 -289 -151 -48 -226 -414 -369 -351 0
349 -31 -169 -414 -405 0
514 -421 -1 -169 -22 -214 -289 -418 -358 -307 -73 -148 0
-138 -477 -187 -502 -152 -457 -114 -73 -396 -1 -136 0
-458 -399 -59 -289 -22 -114 -1 394 -137 -307 -98 -457 0
-477 -447 -195 -386 -289 -152 -1 -19 -307 -148 -187 -22 -114 394 -98 -457 -364 -26 -73 -396 0
113 -184 -289 -307 -148 -187 -22 -114 -98 -73 -396 -169 -514 -1 0
-138 -477 -469 -187 -98 -503 -22 -289 -1 -151 -148 -114 -73 -396 -463 -137 0
-458 -59 -22 -289 -503 -469 -98 -301 -148 -307 -264 0
189 -503 -98 0
504 -184 -514 -174 -22 -289 -503 -469 -98 -458 -148 -307 -1 -114 -73 -396 -463 -137 -335 -222 -151 -452 -263 -116 0
-184 -187 -114 -396 -1 -98 -22 -289 -148 -73 -514 -307 -358 -169 0
-187 -98 -114 -396 -1 -22 -289 -148 -73 -514 -307 -358 -169 0
309 -137 -289 -22 -114 -1 394 -221 -383 0
-137 -334 -386 -21 -148 -48 -358 -289 -152 -1 -307 -22 -114 394 -221 -115 -214 -391 -382 -193 0
-98 -396 -148 -358 -289 -307 -22 -114 -214 -1 -73 -514 -169 0
2 -468 -126 -307 -222 -60 -289 -152 -1 -399 -137 -114 -396 0
395 -222 -307 -358 -60 -47 -114 -152 -396 -73 -477 -289 -137 -1 -22 -514 -185 -382 0
504 -152 -365 -22 -289 -148 -358 -477 -307 -1 -137 -114 -396 -73 -514 -185 -458 -188 0
-152 -477 -358 -114 -148 -307 -396 98 -22 -289 -1 -137 -73 -514 0
-477 -137 -148 -307 98 -1 -22 -358 -289 -114 -396 -73 -514 0
-137 -396 -358 -169 -514 -289 -114 -307 -1 -148 98 -22 -73 0
-138 -73 -289 -98 -477 -1 -114 -22 -396 -137 -152 0
-73 -502 -114 -289 -22 -1 -137 -396 -98 -307 -85 -60 -152 -477 0
188 138 -114 -137 -396 -22 -289 -60 -1 309 -98 -148 -366 -502 -117 0
58 -98 -396 -114 -137 -22 -289 -60 -1 -307 -152 -477 0
59 -477 -396 -114 -137 -1 0
308 -126 -468 -222 -129 0
-138 -477 -396 -289 -114 -307 -1 -22 -152 -137 -60 0
-73 -148 -469 -349 -414 -492 -137 -396 -169 -289 -114 -307 -1 98 -22 -360 -525 -75 0
-477 -60 -396 -137 -289 -307 -1 -22 -152 -114 0
477 -152 -114 -137 -396 0
-187 113 -366 -289 -307 -148 -98 -22 -114 -73 -349 -396 -169 -1 -188 0
-358 -334 -137 -524 -148 -386 -48 -289 -152 -1 -307 -22 -114 394 -221 -115 -21 -391 -193 -359 0
417 -279 -128 -298 -216 -123 -390 -334 0
113 -73 -289 -152 -1 -307 -22 -114 -98 -396 -137 0
-73 -98 -289 -22 -307 -396 -114 -152 -1 -137 0
112 -523 -195 -128 -307 -98 -504 -396 -114 0
-98 -152 -396 -114 -289 -22 -307 -1 -137 0
-152 -307 -396 -289 -114 -137 -1 -22 0
514 -193 -187 -22 -385 -174 -502 -365 -137 -471 -169 -114 -184 -289 -1 -458 -233 -98 -56 -151 -513 0
-138 -502 -396 -1 -22 -289 -98 -73 -307 -114 -137 0
-502 -73 -114 -137 -1 -22 -289 -98 -396 -307 0
-73 -98 -1 -22 -289 -114 -396 -137 -307 0
-98 -307 -396 -114 -137 -1 -22 -289 0
-187 -365 -125 -393 -469 -195 -148 -383 -307 98 0
-138 -73 -72 -5 -56 -183 -269 -54 -201 -87 -60 -1 -195 -51 -114 -83 -396 -307 -463 -137 0
138 -60 -396 -114 -137 -1 -83 0
-307 -396 -114 -1 -137 -22 -289 0
-477 -138 -98 -73 -1 -114 -22 -396 -137 -289 0
-138 -73 -1 -114 -137 -396 -98 -289 -22 0
-458 -60 -114 -137 -396 -22 -289 138 -1 -98 0
-60 138 -98 -114 -137 -22 -289 -396 -1 0
-458 -464 -114 -396 -98 -504 0
-73 -98 -396 -114 -137 -22 -289 -1 0
364 -100 -236 -6 -399 -70 -220 -172 -7 -134 -385 -353 -335 -116 0
-458 -236 -22 -289 -399 -220 -172 -134 -353 -195 -98 -114 -51 -504 -396 0
-98 -396 -22 -289 -114 -1 -137 0
136 -396 -114 -58 -1 -127 -214 -523 -75 0
-396 -137 -22 -1 -289 -114 0
-307 -398 -386 -57 -270 -199 -164 -86 -302 -220 -187 -231 -97 -308 0
150 -234 -335 -350 -413 -227 -470 0
194 -510 -156 -220 -192 -413 -489 -470 -21 -149 -335 -350 -227 -172 0
59 -335 -227 -149 -289 -22 -366 -57 -193 -220 -21 -73 -48 -466 -270 -187 -231 -97 -308 -465 -114 -475 -82 -1 0
-307 -270 -57 -52 -386 -300 -399 -128 -220 -187 -231 -97 -308 0
194 -45 -227 -450 -315 -335 -232 -70 -386 -172 -9 0
413 -513 -514 -351 -169 0
150 -391 -193 -227 -450 -335 -70 -386 -172 -216 -220 -116 -399 -353 -6 -48 -155 -514 -491 -191 -351 -289 -125 -22 -366 -470 0
173 -366 -22 -335 -125 -386 -234 -57 0
222 -155 -227 -450 194 -335 -70 -386 -172 -509 -125 0
-458 -98 -193 -22 -289 -114 -475 -82 -1 -73 -57 -504 -384 0
470 -364 -22 -289 -150 0
-187 -174 -1 -475 -289 -22 -114 -186 -98 458 0
173 -9 -221 -387 -307 -57 0
222 -199 -53 -475 -1 -59 -398 -307 0
269 -299 -271 -236 -232 -180 -124 -22 -289 -85 -199 0
476 -467 -48 -307 -182 -242 -53 -270 -271 -236 -232 -124 -22 -289 -85 -199 -376 -508 -1 0
195 -335 -289 -1 -475 -114 -57 -504 -384 -22 -98 458 0
220 -242 -516 -277 -289 -22 -52 -364 -268 -388 -470 -375 -292 -114 -57 -385 -8 0
365 -480 -123 -375 -211 -273 -102 -237 -315 -80 -71 -19 -173 -150 -135 -354 -289 -117 -22 0
3 -123 -487 -19 -463 -460 -206 -348 -150 -114 -289 -22 -364 -375 -211 -273 -102 -315 -80 -71 -173 -117 -266 -475 -128 -59 0
24 -153 -487 -73 -19 -463 -460 -150 -438 -114 -59 -46 -85 -289 0
387 -206 -375 -427 -150 -516 -228 -432 -289 -126 -22 -487 -73 -19 -463 -460 -438 -114 -59 -46 -302 -475 -1 -364 -211 -273 -102 -315 -71 -173 -117 -266 -128 -388 -292 0
308 -19 -73 -475 -463 -150 -438 -114 -59 -46 -289 -22 -52 -364 -268 -71 -173 -57 -385 -375 -427 -516 -228 -1 -211 -273 -117 -388 -292 -4 -8 -221 -277 0
23 -463 -49 -102 -114 -273 -470 -234 -364 -126 0
-335 -98 -1 -289 -22 -49 -114 -73 -57 -375 -388 -475 458 -384 -193 -504 0
233 -397 -253 -414 -6 -491 -49 -467 -221 -271 -126 0
-397 -234 -206 -53 -270 -9 -221 -307 -57 -174 -27 -253 -414 -6 -491 -49 -467 -271 -126 0
397 -86 -475 -1 -59 -53 -307 -221 0
149 -226 -206 -53 -270 -9 -221 -307 -57 -174 -27 -397 -6 -49 -467 -271 -126 -416 -469 -285 -21 0
24 -221 -49 -475 -114 -1 -57 -416 -193 -230 -504 -384 -263 -188 -98 -365 -289 0
366 -470 -7 -49 -193 -234 -114 458 -397 -98 0
113 -414 -144 -66 -169 -153 -31 0
-470 -164 -475 -153 -114 -144 -169 -1 -59 -375 -397 -123 -7 -468 -279 -193 -384 -98 -365 -49 -234 458 0
470 -468 -123 -279 -193 -1 -384 -98 -7 -475 458 -386 -153 -148 -114 0
220 -87 -475 -153 -114 -144 -169 -1 -375 -123 -193 -384 -98 -365 -49 458 -504 -386 -148 -125 0
471 -19 -98 -365 -148 0
398 -470 23 -114 -126 -49 -416 458 -98 -365 -148 -375 -62 -123 -418 -207 0
-470 -98 -365 -384 -1 -475 -289 -22 -114 458 -193 -9 -399 23 -126 -49 -416 -375 -62 -123 0
-98 -384 -1 -475 -289 -22 -114 -193 -49 -375 -504 -57 -388 -73 -82 0
399 -466 -47 -117 -73 -485 -346 -461 -386 -309 -9 -1 -220 -58 0
Solved
