264 -253 -331 -424 -238 0
-253 -262 -424 -238 -331 0
333 -67 -526 -9 -268 -451 -399 -475 -337 -64 -37 -330 -346 -556 -91 -1 -385 -424 -262 -238 0
519 -367 -451 -85 -268 -399 -282 -267 -458 -401 -404 -521 -11 0
560 -85 -451 -268 -37 -401 -439 -267 -508 -175 -91 -1 -424 -393 -238 -331 -526 -9 -475 -337 -64 -330 -473 -184 0
299 -254 -331 -91 -465 -220 -443 -175 -234 -196 -421 -34 -493 -178 0
262 -299 -9 -268 -85 -393 0
270 -123 -466 -554 -393 -451 -85 0
425 -85 -493 -178 -9 -268 -393 -451 -34 -37 -64 -337 -256 -526 -475 -330 -91 -1 -424 -238 -331 -473 -465 -220 -443 -175 -234 -196 -421 0
-254 -369 -241 -196 -91 -1 -493 -387 -552 -264 -298 -9 -268 -85 -393 -255 -331 -465 -220 -443 -175 -234 -421 -34 -178 0
269 -238 -64 -330 -37 -387 -331 -241 -196 -91 -1 -493 -552 -264 -9 -268 -85 -393 -255 -465 -220 -443 -175 -234 -421 -34 -178 0
562 -493 -34 -526 -178 -331 -91 -1 -220 -175 -234 -196 -421 -424 -393 -451 -268 -64 -330 -37 -241 -552 -9 -337 -256 -475 -473 -184 -559 -401 -439 -267 -508 0
332 -301 -37 -143 -34 -64 -91 -1 -493 -178 -460 -387 -298 -241 -196 -552 -264 -9 -268 -85 -393 -255 -331 -465 -220 -443 -175 -234 -421 0
-254 -334 -34 -1 -493 -178 -387 -298 -255 -331 -91 -465 -220 -443 -175 -234 -196 -421 0
300 -306 -96 -34 -321 -493 -178 -53 0
-264 -85 -493 -9 -34 -178 -1 -370 -544 -331 -91 -465 -220 -443 -175 -234 -421 -37 -64 -241 -552 -268 -196 -393 -553 -424 -240 -165 -262 0
387 -460 -337 -64 -368 -301 -144 -254 -91 -1 0
-85 -465 -337 -64 -234 -37 -330 -331 -91 -1 -493 -178 -9 -268 -393 -451 -34 -256 -526 -475 -424 -473 -220 -443 -175 -196 -421 -370 -544 -241 -552 -240 -87 0
386 -263 -424 -1 0
262 -254 -386 -1 -331 -240 0
385 -254 -37 -64 -544 -367 -337 -331 -424 264 0
109 -395 -522 -94 -405 -306 0
-254 -493 -522 -9 -508 -175 -37 -443 -465 -330 -1 -64 -544 -367 -337 -331 -424 -263 -240 -91 -220 -234 -196 -421 -34 -178 0
495 -300 -54 -321 -10 -43 -241 -154 -552 -357 -196 0
-300 -158 -22 -398 -448 -256 -9 -493 -54 -321 -10 -43 -241 -154 -552 -357 -196 0
143 -493 -34 -178 -22 -398 -448 -256 -9 -321 -10 -43 -241 -154 -552 -357 -196 -335 -557 -1 0
494 -398 -22 -517 -451 -448 -10 -268 -9 -300 0
565 -9 -196 -43 -241 -552 -451 -268 -154 -34 -178 -1 -256 -424 -331 -175 -37 -330 -64 -337 -91 -220 -234 -421 -393 -526 -475 -473 -370 -559 -184 -563 -401 -439 -267 0
3 -168 -159 -546 -42 -386 -52 0
142 -110 -227 -37 -357 -64 -546 -91 -337 -168 -386 -159 0
494 -254 -563 -1 -331 -9 -268 -393 -37 -64 -546 -91 -337 -424 -256 -300 -196 0
493 -300 -64 -541 -450 -421 -34 -178 -9 -37 0
-300 -9 -91 -268 -393 -37 -256 -546 -424 -331 -563 -1 -64 -337 -196 -495 -541 -450 -421 -34 -178 0
262 -386 -254 -1 -331 -563 -9 -268 -299 -393 0
426 -386 -254 0
387 -357 -506 -546 -58 -254 -91 0
-386 -190 -199 -220 -475 -175 -415 -442 -105 -184 -473 -10 -563 -424 -331 -254 -387 -1 -9 -268 -299 -393 0
494 -254 -546 -241 -552 -424 -1 -199 -220 -475 -175 -442 -105 -184 -473 -563 -331 -9 -268 -299 -393 -58 -91 -98 -360 -196 -147 0
385 -505 -154 -43 -31 -321 -37 -64 -254 -367 -337 -331 -424 264 0
-254 -546 -54 -1 -154 -43 -37 -64 -337 -331 -424 -563 -9 -268 -299 -393 -451 -330 -199 -475 -61 -541 -450 -360 -147 -495 -241 -552 -220 -175 -442 -105 -184 -473 -58 -91 -98 -196 0
493 -166 -37 -64 -54 -319 -541 -129 -450 -360 -147 0
568 -37 -64 -541 -196 -424 -331 -1 -154 -43 -563 -268 -451 -330 -199 -475 -241 -552 -220 -175 -105 -184 -473 -91 -50 -421 -34 -178 -256 -566 -234 -526 -370 -559 -401 -437 0
495 264 -64 -254 385 -331 -424 -37 -443 -234 -330 -91 -1 -493 -178 -9 -268 -393 -451 -34 -256 -526 -475 -473 -220 -465 -175 -196 -421 -370 -241 -552 -240 -87 -566 0
355 -443 -175 -305 -552 -95 0
300 -393 -241 -552 -424 -1 -199 -220 -475 -175 -546 -105 -184 -473 -563 -331 -9 -268 -299 -254 494 -91 -196 -50 -421 -34 -178 0
-393 -493 -9 -563 -1 -331 -268 -37 -64 -91 -424 -254 -196 -299 -241 -552 -199 -220 -475 -175 -105 -184 -473 -50 -421 -34 -178 -256 385 -234 -330 -451 -526 -370 -566 -559 -386 0
393 -142 -1 -558 -348 -37 -330 -369 -526 -268 -256 -563 -140 -9 -473 -254 -331 -386 -554 -437 -263 0
385 -299 -1 -154 -43 -37 -64 -331 -424 -563 -9 -268 -254 -451 -330 -199 -475 -541 -241 -552 -220 -175 -105 -184 -473 -91 -196 -50 -421 -34 -178 -566 -256 -234 -526 -370 -559 -386 -437 0
298 -94 -395 -401 -559 -184 -318 -492 -168 -451 -157 -281 -268 -256 -111 -53 -9 0
494 -492 -451 -519 -268 -12 -40 -241 -552 -424 -1 -199 -220 -475 -175 300 -105 -184 -473 -563 -331 -9 -299 -254 -393 -91 -196 -50 -421 -34 -178 0
-299 -386 -566 -451 -268 -241 -552 -424 -1 -199 -220 -475 -175 -105 -184 -473 -563 -331 -9 -254 -91 -196 -50 -421 -34 -178 -401 -559 -256 -64 -37 -330 -541 -154 -43 -234 -526 -370 -437 0
493 -146 -64 -541 -300 -421 -34 -178 -9 -37 0
299 -9 -331 -91 -254 -220 -175 -234 -196 -421 -34 -178 -541 -64 -37 -538 -568 -437 0
298 -164 -268 -9 0
494 -251 -390 -552 -204 -518 -241 -11 -424 -1 -199 -220 -475 -175 300 -105 -184 -473 -563 -331 -9 -268 -299 -254 -393 -91 -196 -50 -421 -34 -178 0
493 -544 -175 -552 -303 -566 -506 -360 0
-9 -254 -552 -241 -424 -1 -199 -220 -475 -175 -105 -184 -473 -563 -331 -268 -390 -91 -196 -50 -421 -34 -178 -437 -256 -566 -451 -401 -559 -64 -37 -330 -541 -154 -43 -234 -526 -370 -538 0
495 -303 -175 -34 -178 -421 -234 -566 -196 -145 0
358 -546 -158 -37 -568 -167 -538 -64 -357 -552 -254 -220 -175 -386 -91 -303 0
-546 -276 -52 -303 -1 -175 -465 -234 -254 -386 -506 -357 -91 -501 -421 -513 -178 -541 -34 -359 -158 -37 -568 -167 -538 -64 -552 -220 0
-263 -52 -158 -254 -167 -1 -175 -234 -91 -501 -421 -513 -178 -541 -34 -37 -568 -538 -64 -552 -220 -196 -145 -493 -566 -559 -184 -473 -331 -264 -424 0
298 -492 -34 -178 -50 -158 -184 -175 -421 -234 -566 -196 -563 -91 -1 -86 -254 -424 -391 -167 -501 -513 -541 -37 -568 -538 -64 -552 -220 -559 -473 -331 -164 0
-493 -167 -158 -37 -111 -175 -331 -91 -254 -220 299 -234 -196 -421 -34 -178 0
159 -517 -458 -265 -184 -132 -546 -397 -167 0
-254 -37 -475 -184 -64 -513 -541 -566 -175 -331 -91 -220 -234 -196 -421 -34 -178 -50 -563 -1 -424 -538 -552 -559 -473 -451 -437 -268 -256 -241 -199 -105 -390 -401 -330 -154 -43 -526 -370 0
145 -410 -64 -37 -70 -541 -319 -95 -306 -359 -34 -178 -450 -299 0
-546 -493 -91 -268 -9 -37 -256 -424 -331 -563 -1 -64 -196 -541 -421 -34 -178 -184 -473 -264 -70 -306 -437 -566 -545 0
146 -299 -552 -264 -357 -268 -9 -241 -196 -493 0
298 -146 -50 -34 -178 -184 -421 -473 -240 -493 -448 -264 -175 -268 -9 0
-96 300 -142 -1 -34 -306 -493 -178 -321 -94 0
-299 -168 -37 -70 -64 -541 -306 -34 -178 -142 -1 -493 -321 -129 -421 -50 -184 -473 -240 -448 -264 -175 -268 -9 -552 -357 -241 -196 0
-493 -9 -234 -43 -241 -154 -552 -196 -421 -178 -205 -37 -70 -64 -541 -306 -34 -142 -1 -129 -50 -184 -473 -240 -264 -175 -268 -566 -370 -91 -256 -424 -331 -563 -437 -545 0
-9 -34 -37 -64 -129 -541 -178 -545 -421 -566 -234 -43 -241 -154 -552 -196 -205 -70 -306 -142 -1 -50 -184 -473 -240 -264 -175 -268 -370 -91 -256 -424 -331 -563 -437 0
145 -493 -1 -158 -300 -43 -241 -154 -552 -196 -167 -545 -566 -142 0
495 -145 -545 -158 -566 -175 -34 -178 -421 -234 -196 -167 0
544 -276 -37 -52 -167 -41 0
-493 -34 -240 -178 -264 -421 -142 -158 -566 -167 -545 -37 -41 -300 -175 -234 -196 -1 -43 -241 -154 -552 0
574 -256 -184 -178 -566 -421 -175 -234 -196 -1 -43 -241 -154 -552 -437 -268 -563 -64 -541 -50 -473 -91 -424 -331 -475 -513 -538 -559 -199 -105 -390 -401 -330 -526 0
576 -37 -64 0
-37 -574 -64 0
-9 298 -574 -481 -64 -50 -178 -184 -421 -473 -493 -175 -268 -34 -13 -331 -169 -566 -546 -1 -424 -256 0
355 -506 -559 -401 -184 -397 -265 -175 -281 -154 -32 -552 -362 0
356 -301 -331 -91 -305 -281 -264 -142 -1 -52 -41 -546 0
494 -356 -559 -401 -184 -397 -265 -175 -281 -154 -32 -552 -362 -196 0
298 -546 -1 -331 -91 -145 -566 -175 -34 -178 -421 -234 -196 -493 -559 -401 -184 -154 -552 -424 -437 -268 -256 -574 -481 -64 -50 -473 -13 -169 0
299 -145 -493 0
264 -386 -255 -1 -424 -142 0
-145 -300 -331 -50 -34 -178 -184 -421 -473 -493 -175 -268 -552 -241 -196 -1 -424 -256 -566 -234 -559 -401 -154 -437 -574 -481 -64 -13 -169 -91 0
-300 -493 -91 -175 -64 -234 -574 -196 -421 -34 -538 -178 -331 -50 -184 -473 -268 -552 -241 -1 -424 -256 -566 -559 -401 -154 -437 -481 -13 -169 0
167 -546 -331 -357 -320 -127 -305 -316 0
168 -190 -175 -406 -538 -90 -203 -234 -131 -339 -274 -316 -256 0
-493 -34 -175 -538 -234 -256 -541 -64 -574 -196 -421 -331 -178 -91 -50 -184 -473 -268 -552 -241 -1 -424 -566 -559 -401 -154 -437 -481 -13 -169 0
180 -409 -64 -541 -450 -574 -358 -421 -34 0
-34 -574 -541 -64 -178 -421 -566 -175 -538 -234 -256 -196 -331 -91 -50 -184 -473 -268 -552 -241 -1 -424 -559 -401 -154 -437 -481 -13 -169 0
495 -7 -184 -109 -444 -256 -178 -166 -421 -203 -546 -566 -358 -145 0
167 -320 -268 298 -546 -256 0
298 -546 -401 -184 -175 -154 -552 -196 -331 -91 -1 -559 -133 -268 -109 -316 -256 -166 -541 -358 -145 -493 -444 -178 -421 -203 -566 0
300 -145 -493 0
-145 -493 -444 -358 -421 -184 -178 -473 -552 -268 -241 -196 -1 -424 -109 -256 -566 -166 -401 -175 -154 -331 -91 -559 -133 -316 -541 -203 0
544 -518 -475 -235 -397 -64 -390 -267 -574 -351 -371 -357 0
168 -506 -154 -357 -546 -475 -64 -390 -574 -101 -410 -407 -58 -192 -91 -131 -303 -274 -256 0
494 -546 -154 -91 -43 -274 -444 -256 -475 -64 -390 -574 -407 -413 -421 -541 -178 -358 -298 -196 0
-546 -274 -541 -566 -358 -298 -493 -154 -91 -43 -444 -256 -475 -64 -390 -574 -407 -413 -421 -178 -196 0
39 -9 298 -582 -297 -64 0
158 -1 -335 -204 -254 -132 -275 -127 -316 -37 298 -582 -297 -64 -120 -91 -301 -256 0
-303 -145 -34 495 -178 -421 -566 -196 -175 0
-145 -175 -316 -37 -64 -120 -91 -256 -157 495 -178 -421 -566 -196 -254 -493 0
159 -61 -451 -411 -102 -507 -175 -447 -236 -58 -190 -132 -91 -301 0
276 -102 -411 -64 -541 -37 -320 -316 -53 0
-175 495 -447 -316 -64 -320 -256 -157 -236 -91 -421 -178 -120 -37 -566 -196 -254 -493 0
299 -360 -64 -580 -34 -178 -493 0
495 -91 -316 -37 -64 -120 -254 -256 -157 -178 -421 -493 -447 -320 -236 -566 -196 0
158 -127 -234 -122 -316 -64 -37 -175 -282 -120 -190 -91 -7 -301 -256 0
317 -174 -26 -349 -408 -443 -60 -421 -236 -178 -339 -131 -64 -276 -127 -37 0
358 -175 -163 -226 -282 -64 -37 -316 -26 -349 -60 -421 -236 -178 -276 -33 -91 -7 -256 -157 -234 -122 -120 0
302 -518 -41 -7 -52 -451 -256 -276 -236 -157 -132 0
318 -174 -122 -252 -533 -444 -349 -138 -407 -30 -26 -282 -410 -89 -111 -64 -187 -37 0
159 -533 -138 -33 -582 -64 -187 -37 -316 -122 -252 -444 -349 -407 -30 -26 -282 -410 -89 -7 -398 -256 0
317 -444 -26 -282 -173 -332 -110 -187 -129 -37 0
-175 -7 -26 -282 -122 -410 -64 -37 -316 -120 -349 -256 -157 -33 -447 -276 -41 -52 -236 -91 -60 -450 -421 -178 -359 -163 -226 -234 0
318 -276 -122 -349 -26 -282 -410 -64 -37 -447 -33 -442 -508 -41 -7 -52 -256 -236 -157 -91 -566 -60 -450 -421 -178 -580 0
-145 -60 -236 -359 -421 -178 -64 -37 -316 -122 -349 -26 -282 -410 -447 -33 -41 -256 -157 -91 -566 -120 -226 -234 -299 -146 -493 0
38 -131 -236 -203 -518 -538 -408 -305 -410 -109 -64 0
-91 -447 -316 -37 -236 -64 -120 -256 -157 -421 -178 -41 -566 -493 -466 -356 -196 -254 -320 0
-175 -276 -174 -339 317 -421 -236 -178 -408 -131 -64 -127 -37 -356 -196 -493 -303 -566 -177 0
443 -136 -490 -29 -517 -408 0
-276 -568 -254 -58 -476 -581 -339 317 -421 -236 -178 -131 -64 -37 -356 -196 -493 -303 -566 -191 -359 -8 0
442 -450 -34 -303 -178 -421 -566 -196 -175 -493 -356 -202 -58 -349 -538 -519 -408 -51 0
-145 -175 -34 -303 -178 -421 -566 -196 -493 -147 0
492 -298 -8 -178 -581 -476 -451 0
494 -507 -356 -196 0
145 276 -178 -64 -421 -37 -320 -316 -359 -493 -356 -196 -58 -519 -491 -8 -581 -476 0
-303 -131 -410 -493 -178 -64 -421 -37 -320 -316 -356 -196 -58 -581 -476 -447 -236 -566 -254 317 -338 -256 -157 -301 0
146 -101 -566 -410 -493 0
494 -9 -451 -135 -492 -111 -519 -280 -58 -298 -356 -196 0
-131 -410 -178 -421 -493 -135 -111 -280 -58 -356 -196 -566 -256 -447 -236 -157 -64 -37 -320 -316 -581 -476 -254 317 -338 -301 0
39 -157 -256 -421 -447 -301 -178 -493 -280 -58 -356 -196 -566 -236 -64 -37 -320 -316 -254 0
-145 -147 -131 -582 -276 -34 -303 -421 -566 -196 -493 -178 0
495 -8 -451 -110 -411 -447 -421 -131 -477 -178 -64 -34 -493 -582 -276 -303 -566 -196 -220 -191 -359 0
132 -3 -254 -385 -144 -33 -220 -191 -477 -359 -518 -582 -34 -236 -178 0
270 -53 -299 -41 -8 0
-303 -41 -276 -451 -256 -236 -157 -254 -385 -220 -477 -582 -34 -178 -356 -280 -58 -196 -493 -110 -411 -447 -421 -64 -566 -301 0
130 -34 -178 -493 -356 -196 -58 -41 -469 -189 -447 -398 -276 -236 0
494 -207 -501 -89 -265 -203 -407 -449 -466 -356 -280 -411 -145 -196 0
166 -196 -493 -421 -178 -256 -64 -546 0
406 -475 -581 -177 -64 -510 -410 0
519 -165 -40 -498 -581 -469 -475 -337 -64 -38 -576 -222 -29 -137 -491 -58 0
300 -276 -410 -319 -64 -95 -40 -498 -581 -337 -38 -576 -222 -58 -397 -235 -131 -177 -538 -510 -408 -162 -450 -541 -213 -493 0
490 -252 -581 -269 -64 -467 -202 -506 -538 -58 -408 -519 -177 -510 -410 0
237 -492 -397 -350 -581 -269 -64 -467 -506 -538 -58 -408 -177 -510 -410 -40 -52 -276 -131 0
517 -492 -40 -52 -276 -131 -397 -350 0
491 -444 -26 -408 -173 -506 -177 -142 -533 -227 -498 -537 -40 -52 -276 -131 -397 0
-492 298 -40 -581 -337 -64 -38 -576 -222 -58 -9 -498 -317 -177 -408 -510 -410 -26 -506 -142 -227 -276 -131 -397 -350 -235 -467 -538 0
518 -453 -253 -9 298 -142 -467 -33 -506 -92 -58 -12 0
130 -535 -408 -350 -538 -40 -52 -276 0
274 -437 -64 -538 -576 -408 -38 -337 -350 -317 -266 0
-276 -581 -162 -64 -337 -177 -538 -510 -408 -350 -40 -576 -38 -317 -253 -9 -142 -467 -506 -92 -58 -397 -222 -498 -410 -26 -227 -131 -235 -146 -299 -319 -95 -450 -541 -213 -493 0
179 -131 -510 -410 -450 -146 -64 -337 -350 -40 -38 -317 -253 -9 -142 -467 -506 -92 -397 -26 -227 -235 -299 -319 -95 -493 -191 -359 -421 -34 0
406 -582 -64 -510 -410 -191 0
-408 298 -9 -253 -142 -467 -506 -92 -58 -12 -64 -538 -510 -410 -50 -406 -350 -40 130 -276 0
302 -350 -337 -9 -253 -142 -467 -506 -64 -510 -410 -40 -146 -421 -299 -34 -178 -450 -38 -317 -397 -26 -227 -235 -319 -95 -493 -359 0
175 -173 -30 -26 -40 -52 -276 -131 -397 -350 -519 -459 -444 0
518 -3 -227 -142 -459 -506 -263 -444 -58 -12 0
-52 -581 -64 -40 -276 -131 -397 -350 -227 -142 -459 -506 -444 -58 -9 -38 -176 -30 -26 -370 -445 -100 -541 -146 -535 -319 -299 -53 0
-581 -445 -234 -64 -337 -176 -100 -421 -450 -178 -493 -299 -40 -276 -131 -397 -350 -227 -142 -459 -506 -444 -58 -9 -38 -30 -26 -370 -541 -146 -535 -319 -53 0
581 -34 -38 -178 -64 0
300 -52 -276 -493 0
356 -95 -301 -337 -9 -253 -142 -467 -350 -64 -506 -410 -40 -421 -34 -178 -38 -317 -397 -235 -319 -191 -493 -565 -145 -196 0
54 -145 -131 -276 -515 -421 -234 -493 -196 -350 -355 -301 -337 -9 -253 -142 -467 -64 -506 -410 -40 -34 -178 -38 -317 -397 -235 -319 -191 -565 0
274 -575 -34 -38 -178 -317 -131 0
65 -515 -196 -421 -493 -178 -131 -276 -350 -355 -301 -337 -9 -253 -142 -467 -64 -506 -40 -34 -38 -317 -397 -235 -319 -191 -565 -52 0
176 -506 -9 -421 -178 -34 -317 -38 -64 -196 -493 -131 -276 -350 -355 -301 -337 -253 -142 -467 -518 -40 -397 -235 -319 -565 -52 0
66 -445 -370 -102 -410 -38 0
275 -542 -268 -9 -253 -444 -350 -58 -518 -40 -52 -276 -131 -397 -475 -64 -370 -410 -38 -142 -301 -337 -467 -506 -510 -421 -34 -178 -317 -235 -319 -95 -493 -145 -565 -196 -355 0
274 -192 -301 -34 -131 -38 -178 -317 0
145 -252 -350 -355 -196 -421 -131 -493 -178 -300 0
-506 -518 -9 -253 -350 -58 -493 -40 -52 -276 -131 -397 -64 -370 -38 -142 -301 -337 -467 -421 -34 -178 -317 -235 -319 -565 -196 -355 -175 0
-145 -414 -178 -64 -38 -337 -350 -317 -266 -131 -301 -34 -9 -276 -300 -147 -493 0
145 -350 -276 -52 -355 -196 -421 -131 -493 -178 0
180 -476 -213 -581 -97 0
580 -451 -3 -142 -227 -506 -58 -12 -513 -9 -195 -176 -253 -350 -493 -40 -52 -276 -131 -397 -64 -370 -38 -301 -337 -467 -421 -34 -178 -317 -235 -319 -565 -196 -355 0
459 -410 -61 -407 -187 -350 -173 -266 -26 0
-408 -518 -177 -173 -506 -142 -227 -26 -40 -52 -276 -131 -397 -490 -58 -498 -350 130 -538 0
408 -536 -173 -26 -40 -52 -276 -131 -397 -350 -30 175 -459 0
275 -350 -40 -52 -276 -131 -397 -58 -142 -9 -253 -493 -64 -370 -38 -301 -337 -467 -421 -34 -178 -317 -235 -319 -565 -196 -355 0
-350 -52 -38 -337 -317 -421 -397 -178 -131 -301 -34 -276 -40 -64 -58 -142 -9 -253 -493 -370 -467 -235 -319 -565 -196 -355 0
-145 -411 -421 -178 -407 -64 -131 -301 -34 -38 -317 -9 -276 -300 -147 -493 0
-52 -131 -319 -421 -178 -9 -276 -64 -34 -301 -38 -317 -493 -565 -196 -355 -337 -397 -40 -58 -142 -253 -370 -467 -235 0
-145 -298 -493 0
-299 -408 -38 -469 -337 -64 -317 -131 -301 -9 -253 -142 -467 -350 -40 -146 -421 -34 -178 -397 -235 -319 -493 -355 -565 -196 -298 0
-408 -350 -64 -370 -38 -196 -421 -131 -34 -337 -493 -178 -355 -469 -317 -301 -9 -253 -142 -467 -40 -146 -397 -235 -319 -565 -298 0
-299 -535 -64 -337 -131 -421 -178 -493 -40 -276 -397 -350 -142 -459 -58 -9 -38 -444 -370 -146 -30 -319 -53 -301 -253 -467 -34 -510 -317 -235 -192 -355 -411 -196 -298 0
-350 -131 -421 -178 -355 -196 -493 -64 -337 -40 -276 -397 -142 -58 -9 -38 -370 -319 -301 -253 -467 -34 -317 -235 -565 0
-131 -58 -64 -421 -34 -178 -493 -196 -355 -337 -40 -276 -397 -142 -38 -9 -370 -319 -301 -253 -467 -317 -235 -565 0
131 -276 -493 -64 167 -546 -256 -421 -34 -196 -178 0
179 -412 -421 0
-412 -178 -421 0
-52 145 -546 -53 -276 -350 -40 -196 -421 -131 -493 -178 0
-298 -40 -445 -175 -266 -350 -546 -53 -276 -89 -421 -131 -493 -178 -590 -359 -202 -9 -449 -300 0
406 -213 -581 180 -359 -64 -301 -410 -510 0
-40 -34 180 -64 -421 -178 -9 -276 -350 -38 -493 -131 -546 -256 0
168 -317 -38 0
-408 -457 -327 -405 -384 -538 -510 -350 -9 298 -506 -253 -467 -142 -58 -12 -64 -92 -406 -410 -40 130 -276 0
-145 -9 -350 -538 -58 -253 -467 -142 -64 -40 130 -276 -582 -189 -61 -565 -358 -109 -493 0
-9 -40 -64 -38 -350 -421 -131 -493 -178 -546 -276 -256 180 0
166 -317 -38 0
-276 180 -38 -350 -421 -131 -493 -178 -546 -256 -64 0
-565 -355 -469 -196 -64 -317 -131 -301 -9 -253 -142 -350 -40 -421 -299 -178 -34 -337 -319 -493 -397 -38 -408 -298 0
100 -337 -469 -64 -447 -410 0
-337 -34 -9 -266 -64 -408 -38 -421 -131 -196 -469 -493 -178 -570 -350 -317 -301 -142 -253 -40 -319 -298 -541 -101 -447 -410 0
457 -110 -317 -61 -64 -319 145 -410 -70 -541 -95 -359 -34 -178 -450 -299 -305 -173 -443 -26 0
459 -491 -467 -32 -121 -506 -250 -518 -350 -443 -266 0
-491 -32 -317 -61 -38 -506 -228 -110 -282 -457 -121 -250 -518 -350 -443 -266 0
-34 -443 -64 -317 -38 -250 -350 -581 -266 -319 -178 -450 -299 -92 -9 -1 -90 -142 -408 -421 -131 -196 -469 -493 -570 -301 -253 -40 -298 -447 -98 -35 0
267 -453 -268 -8 -299 -53 -501 -537 -457 -350 0
490 -305 -211 -443 -160 -518 -476 0
65 -172 -175 -518 -491 -211 -160 -29 -109 -443 -61 -189 -447 -469 -337 0
386 -142 -1 0
540 -253 -9 -266 -64 -408 -38 -421 -337 -469 -493 -178 -34 -350 -317 -301 -142 -196 -40 -319 -298 -541 -101 -131 -410 -203 0
411 -576 -38 -317 -469 -64 -337 -410 -101 -61 0
66 -92 -386 -58 -142 -96 -137 -305 -443 -127 -518 -40 -165 -581 -469 -337 -498 -64 -38 -576 -475 -29 -222 -570 -317 0
36 -337 -165 -581 -469 -40 -64 -38 -58 -386 -142 -317 -566 -131 -203 -301 -319 -538 -408 -101 -410 -61 -211 -98 -359 0
65 -518 -61 -9 -189 -160 -109 -175 -211 -29 -443 -447 -469 -337 -399 -158 0
-518 -239 -526 -447 -165 -189 -126 -443 -10 -211 -160 -29 -220 -469 -581 -574 -337 -64 -61 -9 -175 -399 -158 0
387 -142 -1 0
-337 -91 -165 -10 -211 -469 -581 -64 -61 -9 -131 -203 -538 -408 -58 -526 -317 -301 -98 -359 -35 -40 -38 -386 -142 -566 -319 -101 -410 0
66 -443 -61 -38 -506 -32 -228 -282 -110 -250 -518 -350 -317 -266 -90 -26 -205 -173 -269 -581 0
-37 -189 -568 -538 -491 -173 -61 -410 -350 -266 -26 -317 -38 -506 -32 -228 -282 -110 -250 -518 -443 -64 -319 145 -70 -95 -359 -178 -450 -299 -191 -533 -35 0
-189 -491 -1 -263 -165 -32 -131 -506 -538 -317 -61 -38 -228 -282 -110 -142 -250 -518 -350 -443 -266 -408 -26 -191 -173 -359 -35 -575 -568 -410 -64 -319 145 -95 -178 -450 -299 -533 0
189 -443 -61 -64 -319 145 -410 -70 -110 -95 -359 -178 -450 -299 -173 -317 -26 -282 -35 -38 0
-37 -443 -61 -64 -319 145 -410 -70 -110 -95 -359 -178 -450 -299 -173 -317 -26 -459 -282 -35 -38 0
-443 -110 -61 -469 -64 -319 145 -410 -95 -359 -178 -450 -299 -173 -317 -26 -282 -35 -38 -266 -131 -399 -1 -263 -165 -32 -506 -538 -228 -142 -250 -518 -350 -408 -191 -568 -533 -90 -269 -581 0
-142 -301 -581 -64 -359 -410 -408 -61 -469 -319 145 -178 -450 -299 -317 -26 -35 -38 -266 -131 -1 -165 -506 -538 -250 -350 -90 -58 -9 -98 -526 -40 -566 0
-37 -518 -40 -545 -269 -350 -319 -581 -443 -94 -211 -98 -359 -110 -64 -35 -38 0
36 -30 -408 -410 -64 -191 -574 -359 0
370 -362 -136 -133 -175 -58 -31 -509 -506 -566 -116 -545 -119 0
37 -269 -581 -506 -64 -119 -58 -31 -566 -545 -526 -469 -131 -203 -538 -408 -191 -359 -35 -410 -26 -173 -61 -317 -110 0
-301 -408 -298 494 -9 -58 -40 -350 -319 -581 -98 -64 -35 -38 -526 -469 -131 -538 -591 -61 -317 145 -178 -450 -299 -266 -1 -250 -90 0
-408 -319 -64 -35 -131 -298 494 -9 -58 -40 -350 -581 -98 -38 -526 -469 -538 -591 -61 -317 145 -178 -450 -299 -266 -1 -250 -90 0
-537 -453 267 -299 -53 -457 -350 -9 -109 -61 -189 -447 -469 -496 -535 0
65 -109 -9 -257 -158 -506 -58 -469 -517 -496 267 -299 -53 -457 -350 -61 -189 -447 -535 -574 0
442 -535 -40 -469 -158 -257 -61 -9 -211 -581 -64 -506 -58 267 -299 -53 -350 -447 -317 -98 -359 -35 -50 0
37 -110 -234 -1 -158 -257 -469 -9 -447 -174 -499 -61 -317 -90 0
-110 -569 -438 -192 -9 -359 -64 -35 -38 -234 -1 -469 -447 -174 -499 -61 -317 -90 0
179 -298 -317 -9 -64 -38 -40 -350 -131 -178 -493 -276 -421 0
-298 -317 -40 -64 -421 -131 -493 -178 -9 -276 -38 -350 0
446 -574 -64 -178 -131 -545 -269 -276 -40 -52 -469 0
66 -450 -566 -102 -545 -410 -445 -38 0
407 -405 -363 -133 -457 -566 -296 -327 -450 -252 -202 -538 0
34 -407 -350 -536 -301 -497 -359 0
111 -359 -350 -178 -538 -64 -38 -493 -40 -145 -52 -276 -469 -131 -269 -173 -317 -61 0
188 -459 -280 -227 -548 -451 -138 -476 -209 -581 -269 -86 -291 -61 0
445 -548 -61 -187 -451 -476 -581 -269 -173 -72 109 -213 -566 -545 -321 -450 -538 -437 -266 -252 -220 -350 -536 -497 -359 -34 -178 -131 0
36 -457 -538 -187 -61 -410 -350 -173 -266 -26 -52 -40 130 -276 -497 0
180 -476 -213 -581 0
-359 -469 -131 -276 -52 -350 -538 -61 -173 -178 -269 -437 -493 -40 -145 -317 -64 -38 -110 0
-469 -269 -64 -178 -131 -61 -276 -40 -52 -110 -38 -317 -145 -493 -350 -538 -173 -437 0
36 -303 -410 -64 -30 -359 -574 0
65 -192 -30 -399 -303 -581 -158 -574 -477 -337 0
132 -30 -457 -500 -269 -581 -574 -410 -64 -158 -337 -306 -145 -493 -359 -178 0
66 -408 -457 -252 -500 -202 -538 -269 -327 -581 -574 -410 0
-408 -36 -30 -581 -158 -574 -337 -457 -405 -202 -566 -327 -450 -252 -538 -213 -301 -359 -547 -178 -64 -500 -269 -410 0
408 -506 -58 -282 -457 -536 -266 -350 0
-574 -189 -581 -158 -337 -457 -538 -359 -547 -178 -269 -58 -350 -493 -40 -145 -52 -276 -131 -173 -64 -61 -110 0
-189 -457 -581 -9 298 -359 -40 -131 -276 -350 -178 -317 -64 -38 -58 -538 -493 -61 0
189 -581 -359 -38 -317 -421 -178 -40 -276 -64 -350 -9 -493 -131 0
-574 -25 -359 -38 -178 -317 -131 -421 -145 -9 -276 -300 -493 -64 -173 -189 -110 0
-581 -359 -40 -276 -131 -317 -64 -38 -178 -350 -421 -9 -493 0
-359 -317 -9 -64 -40 -276 -493 -421 -131 -178 -38 -350 0
-317 -38 -64 -131 -276 -493 -9 -40 -421 -178 -350 0
406 -543 -447 -237 -546 -58 -91 -500 -282 -26 -173 -490 -269 -193 -176 -581 -574 -477 -64 -265 -410 -350 0
360 -282 -58 -91 -52 -143 -546 -591 -538 -350 -447 -237 -500 -173 -490 -269 -581 -574 -64 -265 -410 -306 -145 -493 -190 -98 0
65 -282 -443 -507 -27 -518 -490 -188 -447 -9 298 -370 -133 -574 -295 0
-574 -52 -350 -40 -581 -64 -188 -447 -9 -237 -204 -450 -145 -493 -58 -591 -538 -265 -98 -399 -303 -61 -167 0
-38 -9 -40 -493 -64 -350 -421 -178 -131 -276 0
187 -447 -370 -167 -545 -317 0
168 -158 -257 0
-158 -257 -167 0
132 -302 -34 -359 -178 0
-145 -359 -350 -493 -411 -276 -131 -34 -178 -167 -9 0
174 -447 -178 -211 -421 -306 -448 -100 -127 -97 -317 -370 -167 -188 -29 0
187 -447 -350 -297 -448 -53 -493 -421 -178 -256 -64 -100 -167 -40 -134 -317 -370 0
102 -142 -306 -71 -211 -161 -276 -493 -298 -97 -178 -421 -541 -448 0
-447 -100 -421 -131 -448 -178 -306 -71 -211 -161 -276 -493 -298 -97 -541 -158 -167 -317 -188 -350 -297 -53 -64 -40 -134 -370 0
-158 -97 -493 -40 -298 -178 -421 -448 -131 -211 -161 -276 -350 -541 -53 -64 -408 -9 0
358 -408 -491 -175 -131 -359 -178 -493 -40 -421 -161 -276 -350 -64 -9 0
360 -298 -178 -493 -34 0
-359 -161 -276 -493 -178 -421 -9 -131 -350 -491 -175 -40 -64 0
580 -9 -131 -40 -276 -350 -421 -178 -493 -64 0
-9 -421 -178 -493 -350 -276 -131 -40 -64 0
-298 -34 -350 -40 -421 -131 -64 -178 -276 -493 0
130 -498 -52 -350 -40 -538 -276 -190 -301 -258 -64 -581 -270 0
54 -101 -111 -350 -61 -541 -239 -498 -447 -127 -158 -167 -213 -162 -576 -64 -581 -270 -250 -40 0
-574 -361 -570 -549 -177 -339 -581 -158 -61 -64 -167 -111 -303 36 -410 -359 0
38 -296 -270 -581 -163 -64 0
449 -167 -64 -34 -178 -131 -270 -581 -163 -237 -174 -52 -276 -177 -158 -61 -111 -303 36 -359 -538 -408 -350 -40 -239 -447 -213 -162 -493 -204 -145 0
66 -565 -447 -174 -51 -399 -526 -111 -222 -167 -52 -276 -64 -213 -162 -163 -40 -270 -177 -581 -295 0
54 -469 -350 -498 -251 -40 0
-167 -213 -350 -421 -178 -64 -40 -276 -493 -162 -581 -450 -34 -131 36 -359 0
65 -239 -64 -178 -131 -61 -276 -40 -38 -317 -52 -145 -493 -350 -538 -111 -438 -545 -213 -408 -162 -541 -581 -450 -498 -447 -270 -204 -34 -576 -339 0
179 -34 -359 -493 -40 -178 -131 -276 -350 -64 -421 0
407 -50 -176 -538 -510 0
-34 -359 -64 -178 -493 -40 -276 -421 -131 -350 0
157 -518 -58 -532 -40 -131 -276 -52 -350 -137 -29 -221 -192 -303 0
407 -265 -457 -438 -400 -569 -404 -538 -510 0
66 -581 -406 -438 -404 -538 -566 -166 -40 -131 -276 -52 -350 -192 -303 -174 -189 -496 -99 -178 -450 -133 -163 -270 -58 -574 0
398 -537 -517 -350 -490 -265 0
168 -222 -406 -192 -303 -350 -490 -40 -372 -131 -174 -276 -189 -38 0
42 -372 -406 -174 -350 -189 -496 -131 -26 -469 -276 -545 -52 0
-581 -192 -58 -406 -350 -496 -270 -52 -40 -174 -189 -131 -26 -276 -258 -303 -213 -99 -178 -574 -64 -438 -404 -538 -566 -450 -163 0
-359 -421 -350 -276 -131 -493 -178 -64 -40 0
582 -451 -64 -35 -350 54 -40 -158 -302 -131 -276 -147 -421 -300 -178 0
180 -158 -258 -302 -276 -64 -131 -35 0
53 -443 -331 -305 -29 -237 -174 -496 -545 -406 -350 -189 -131 -372 -469 -276 -52 -40 0
54 -581 -64 -35 -350 -40 -158 -302 -131 -276 -147 -421 -300 -178 -270 0
65 53 -331 -305 -174 -545 -350 -131 -276 -52 -40 -408 -38 -317 -178 274 -411 -339 0
-158 -52 -64 -174 -350 -131 -276 -270 -40 -178 -411 -111 -128 -35 -302 -147 -421 -300 -567 -258 0
-38 -370 -64 -580 -178 -61 -131 -111 -276 168 0
38 -318 -350 -40 -421 -131 -64 -178 -493 -276 0
168 -421 -178 -131 -276 -64 -493 -350 -40 0
-158 -300 -178 -64 -174 -350 -131 -276 -270 -40 -411 -111 -128 -35 -302 -147 -421 -567 -258 0
-421 -178 -64 -350 -131 -276 -40 -493 0
66 -300 -146 -493 -109 -7 -257 -158 -412 -131 -178 -451 -580 -574 0
61 -447 -101 -410 -189 0
-447 65 -574 -303 -477 -399 -192 -158 -64 -178 -131 -269 -276 -40 -52 -545 -7 -189 -63 -101 0
-52 -270 -158 -189 -545 -131 -574 -64 -178 -276 -40 -493 -448 -146 -412 -257 -53 0
132 -498 -537 -35 -350 -64 -410 -574 -359 -406 -540 -203 0
179 -175 -1 -589 -467 -88 -250 -131 -537 -35 -350 -64 -574 -447 -469 -189 -339 -448 -158 -565 -411 -257 -120 -493 -164 -8 -412 -298 0
66 -581 -350 -448 -469 -493 -298 -131 -178 -1 -589 -467 -88 -64 -574 -189 -158 -257 -412 -545 -40 -270 -250 0
180 -202 -350 -250 -266 -448 -397 -545 -453 -40 -476 -270 -493 -581 -298 0
446 -137 -9 -29 -270 -490 -40 -545 -469 -372 -189 0
268 -512 -545 -319 -543 -506 -211 -63 -160 -189 -210 -548 -137 -490 -109 -453 -9 0
582 -303 -574 65 -1 -581 -192 -158 -189 -197 -540 -63 -406 -88 -250 -92 -202 -217 -448 -566 -545 -257 -165 -40 -9 -270 -319 -543 -506 -211 -160 -109 -469 -445 -29 -193 -175 0
130 -581 -1 -158 -545 -257 -40 -270 -189 -574 65 -88 -250 -448 -319 -109 -469 -493 -412 -298 -178 -350 -266 0
544 -63 -410 -447 -189 -448 -566 -372 0
-581 -469 -350 -64 -574 -448 -266 -189 -270 -319 -40 -545 -493 -412 -298 -178 -131 -1 -158 -257 -88 -250 -589 -467 0
-270 -146 -493 -257 -158 -131 -178 -574 -64 -350 -266 -189 -40 -545 -467 -276 -53 0
452 -408 -350 -266 -508 -175 -138 -499 -492 0
537 -532 -548 -60 -469 -518 -496 0
179 -298 -266 -350 -536 -548 -469 -453 -175 -448 -208 -574 -475 -64 -567 -321 -62 -493 -276 -412 -131 0
491 -442 -406 -350 -501 -266 -453 -397 0
-298 -469 -536 -266 -453 -62 -581 -475 -64 -158 -257 -350 -493 -9 -446 -237 -131 -178 -548 -175 -448 -208 -574 -567 -321 -276 -412 0
-469 -62 -536 -40 -131 -276 -178 -574 -581 -475 -237 -64 -545 -38 -189 -350 -493 -146 -53 -9 -266 -453 -158 -257 -446 -548 -175 -208 -567 -321 0
-298 -62 -109 -444 -408 -589 -357 -60 -158 -412 -257 -493 -178 -165 -9 -12 -300 0
188 -357 -574 -581 -475 -64 -545 -38 -493 -146 -178 -158 -257 -165 -9 -350 -536 -40 -131 -276 -237 -189 -53 -266 -453 -175 -208 -567 -321 0
66 -301 -255 -208 -99 -142 -360 -53 -453 -36 -469 -574 -475 -337 0
180 -298 -40 -131 -276 -178 -574 -581 -475 -237 -64 -545 -38 -189 -350 -493 -146 -53 -9 -266 -453 -158 -257 -469 -175 -208 -567 -321 -255 -536 0
132 -49 -60 -559 -138 -540 -492 -35 -350 -64 -410 -574 -359 -547 -448 -469 -100 -445 0
447 -202 -250 -536 -350 -496 -448 -469 -100 0
65 -508 -350 -536 -175 -547 -469 -445 -250 -448 -237 -131 -60 -559 -540 -35 -64 -410 -574 -359 -208 -542 -98 -475 0
130 -26 -266 -506 -282 -536 -350 -406 -172 -28 -221 -192 -519 -303 -237 0
-298 -469 -131 -266 -536 -350 -237 -208 -178 -493 -445 -172 -547 -453 -574 -475 -64 -175 -559 -567 -321 -61 -276 -40 -581 -545 -38 -189 -146 -53 -9 -158 -257 -255 0
-469 -237 -574 -64 -40 -131 -276 -350 -178 -445 -38 -547 -61 -493 -317 -146 -53 -266 -172 -567 -321 -581 -158 -255 0
132 -337 -574 -158 -581 -269 -64 -493 -178 -172 -61 -146 -9 -412 -300 0
519 -298 -536 -109 -350 -589 -357 -158 -412 -257 -493 -178 -165 -9 -300 0
-298 -252 -266 -87 -350 -536 -518 -109 -589 -357 -158 -412 -257 -493 -178 -165 -9 -300 0
517 -408 -30 -175 -38 -189 -581 -9 -40 -131 -276 -350 -178 -317 -64 298 -359 -457 -493 -61 -52 -397 0
407 -444 -213 -359 -306 -35 -98 -410 -64 -30 -408 -574 0
-408 -457 -64 -581 -574 -269 -202 -252 -327 -410 -337 -158 -30 -450 -213 -301 -359 -547 -178 -518 -175 -38 -9 -40 -131 -276 -350 -317 298 -493 -61 -52 -397 0
546 -581 -266 -64 -350 -574 -158 -178 -38 -40 -131 -276 -317 -493 -146 -53 0
406 -519 -475 -64 -410 -565 -581 -493 -536 -350 0
495 -304 -109 -61 -211 -412 -178 -359 -298 0
442 -491 -475 -208 -88 -467 -109 -61 -59 -202 -412 -448 -178 -276 -493 -565 -298 -359 0
138 -91 -301 -359 -595 -35 -208 -410 -64 -191 -408 -574 0
494 -306 -475 -253 -491 -29 -137 -301 -359 -208 -410 -64 -191 -408 -574 -467 -51 -539 -59 -202 -412 -448 -178 -276 -493 -565 -298 0
518 -29 -158 -257 -448 -165 -9 -565 -410 -359 -298 -61 -412 -178 -493 -475 -253 -319 -208 -64 -191 -408 -574 -467 -539 -276 -175 -443 -88 -131 -235 0
299 -490 -64 -38 -370 -410 -475 -448 -399 -565 -131 -493 -178 0
-519 -61 -87 -131 -189 -448 -9 -565 -412 -493 -178 -298 -64 -38 -370 -410 -475 -266 -350 -175 -536 -158 -257 -165 -359 -253 -319 -208 -408 -574 -467 -276 -88 -235 -581 0
576 -202 -156 -500 -70 -457 -367 -282 -95 -208 -227 -547 -98 -469 -475 -359 -536 -350 -496 -448 -250 -19 544 -410 -189 -63 -566 -64 -35 0
575 -492 -475 -453 -64 0
-61 -469 544 -410 -189 -448 -208 -131 -475 -359 -536 -350 -64 -574 -453 -87 -412 -493 -178 -276 -589 -298 -158 -257 -165 -9 -266 -38 -175 -408 -467 -88 -581 0
-469 -410 -208 -350 -87 -536 -359 -131 -448 -178 544 -453 -189 -276 -493 -298 -574 -475 -64 -412 -589 -158 -257 -165 -9 -266 -38 -175 -408 -467 -88 -581 0
-410 -359 -412 -178 -408 -298 -87 -131 -189 -448 -9 -493 -64 -38 -475 -266 -350 -175 -536 -158 -257 -165 -208 -574 -467 -276 -88 -581 544 -453 -589 0
-359 -408 -298 -574 -493 -64 -412 -178 -87 -131 -189 -448 -9 -38 -475 -266 -350 -175 -536 -158 -257 -165 -208 -467 -276 -88 -581 544 -453 -589 0
-408 -298 -350 -266 -453 -208 -581 -475 -64 -38 -412 -131 -448 -178 -175 -493 -574 -87 -189 -9 -536 -158 -257 -165 -467 -276 -88 544 -589 0
495 -359 -444 -64 -38 -370 -399 -475 -448 -410 -565 -131 -493 -178 -298 -109 -519 -412 -61 0
443 -391 -9 -438 -172 -554 -26 -519 -459 0
-202 -506 408 -266 -282 -536 -350 -475 -208 -88 -467 -109 -491 -61 -412 -448 -178 -276 -493 -565 -298 -359 -9 -172 -26 -87 -203 0
-359 -410 -266 408 -536 -350 -64 -208 -574 -131 -475 -88 -467 -412 -448 -178 -276 -493 -298 -9 -87 -453 -189 544 -38 0
-410 -298 -38 -412 -448 -178 -9 -158 -131 -64 -493 -266 408 -536 -350 -208 -574 -475 -88 -467 -276 -87 -453 -189 544 0
-298 -208 -189 -158 -131 -257 -448 -178 -9 -453 -574 -493 -64 -38 -412 -266 -536 -350 -53 -475 -88 -467 -276 -87 544 -581 -175 -165 -589 0
-519 -301 -359 -35 -208 -410 -64 -408 -574 -175 -30 -60 -363 -566 -296 -405 -202 -450 -327 -252 -457 -213 -98 -306 -517 -475 -565 -581 -493 -536 -350 0
130 -61 -178 -64 -493 -40 -317 -350 -276 -38 -131 -269 -359 -408 -213 -410 -574 -581 -457 -252 -158 -450 -175 -9 298 -208 -363 -475 -565 -536 0
-61 -408 -178 -131 -269 -574 -276 -40 -158 -581 -359 -410 -493 -317 -350 -38 -64 -213 -252 -450 -175 -9 298 -208 -363 -475 -565 -536 -26 0
61 -359 -178 -581 -213 -574 -542 -64 -370 -101 -410 -189 0
-581 -266 -178 -350 -131 -574 -276 -40 -158 -493 -317 -38 -64 -146 -53 0
-410 -53 -266 -87 -350 -536 -109 -589 -300 -158 -412 -257 -493 -178 -165 -9 -235 -445 -545 -38 66 -194 -99 -358 -499 -62 0
457 -172 -326 -27 0
275 -574 -158 -276 -64 -131 -493 -178 -38 -350 -40 0
-61 -269 -359 -574 -158 132 -64 -178 -493 -9 -412 -410 -131 -276 -40 -52 -545 -173 -189 0
-9 -359 -493 -448 -410 -145 -574 -158 132 -64 -178 -412 -131 -276 -40 -52 0
-359 -410 -158 -448 -145 -574 -493 -64 132 -178 -412 -131 -276 -40 -52 0
-410 -145 -448 -158 -493 -574 -64 132 -178 -412 -131 -276 -40 -52 0
-574 -38 -158 -493 -64 -178 -131 -276 -40 -350 0
130 -101 -410 -61 -189 -318 -276 0
62 -9 -318 -158 -189 -111 0
180 -146 -299 -581 -476 0
494 -189 -34 -178 -131 -581 -276 -158 -61 -111 -359 -350 -40 -493 -168 -318 -64 -476 0
444 -492 -397 -350 -40 -266 -268 -451 -501 -206 -88 -234 -198 -589 -539 -50 0
-9 495 -40 -451 -88 -589 -338 -158 -350 -359 -412 -178 -61 -370 -168 -38 -581 -476 -276 -410 -189 -318 -131 -34 -111 0
180 -190 -64 -38 -131 -493 -178 -301 -350 -27 -158 -174 -258 -189 -40 -270 -276 -61 0
-189 -61 -276 -131 -178 -64 -38 -493 -350 -158 -40 -359 0
-298 -397 -220 -190 -28 -301 -581 -158 -476 -338 -162 -470 -213 -276 -493 -299 0
477 -332 -127 -533 -325 -123 -362 -252 -135 -554 -9 298 -518 -581 -40 -131 -276 -397 -350 0
130 -173 -40 -276 -131 -498 -350 -581 -162 -476 -127 -325 -135 -9 -467 -60 -410 -124 -158 -549 -338 -541 -493 -448 -146 -53 -220 -190 -28 -301 -213 -299 -545 -119 -528 -370 -447 0
477 -138 -451 -269 -177 -581 0
-9 -61 -64 -178 -131 -276 -40 -38 -350 -493 -359 -158 0
545 -137 -491 -451 -29 -268 -255 -8 -299 -53 0
187 -491 -469 -131 -317 -167 -370 -451 -268 -299 -53 -442 -220 -175 -190 -301 -158 -331 -127 0
-40 -359 -410 -64 -178 -158 -131 -493 -276 -298 -61 -9 -581 -350 0
-101 -189 -544 -317 -50 -109 -61 -414 -211 -359 495 -178 -298 -513 -423 -448 -410 130 -350 -276 0
-412 -357 -3 -158 -256 -92 -317 -539 -109 -518 -457 -50 -61 -443 -414 -211 -359 495 -178 -298 0
-189 -109 -172 -276 -350 -52 -131 -493 -178 -158 -256 -61 -359 -298 -535 -544 -513 -410 0
-359 -64 -276 -350 -131 -493 -178 -158 -298 -410 -581 -9 -61 0
442 -95 -357 -59 -507 -518 -305 0
491 -442 -574 -475 -406 -350 -501 -266 -64 -397 0
407 -491 -220 -64 -475 -574 -518 -175 -442 0
-442 -501 -172 -266 -252 -350 -406 -220 -64 -475 -574 -518 -175 -27 -397 0
413 -240 -10 -331 -142 -518 -357 -507 -172 -266 -252 -350 -406 -220 -64 -475 -574 -175 -27 -397 -109 -61 0
-64 -61 -276 -131 -493 -178 -350 -158 -581 -9 -410 -298 0
132 -535 -566 -40 -509 -350 -408 -540 -235 -203 0
-189 -363 -135 -549 -37 -188 -410 -61 130 -101 -276 0
39 -453 -270 -9 -574 -110 0
38 -135 -9 -165 -158 -270 0
39 -518 -442 -26 -9 -491 -158 62 -270 -574 0
-518 -442 -491 -40 -566 -270 -448 -35 -9 -295 -574 -158 -165 -37 -469 -26 62 0
38 -536 -350 -250 -413 -40 -422 -51 -270 -448 -35 -9 -295 -574 -158 -165 0
213 -161 -98 0
-442 -37 -305 -350 -250 -40 -422 -270 -448 -35 -9 -295 -574 -158 -165 -491 -566 -469 -26 62 0
-61 -298 -158 -350 -276 -493 -9 -178 -581 -410 -131 0
517 -210 -161 -98 -359 -362 -178 -493 -298 -498 -537 -491 -60 0
519 -29 -142 -1 -408 -262 -442 -10 0
-38 -442 -178 -493 -298 -410 -158 -9 -574 -581 -276 -131 -350 0
517 -436 -86 -337 -540 -250 -469 -204 -496 -131 -537 -236 0
-442 -574 -9 -350 -158 -131 -581 -178 -493 -298 -410 -276 0
-38 -202 -469 -131 -88 -102 -448 -566 -1 -40 -158 -9 -175 -574 -109 -581 -276 275 -493 -178 -350 0
-574 -298 -131 -158 -9 -276 -493 -178 -350 -581 -410 0
549 -118 -205 -370 -131 -410 61 -451 -448 -268 -296 -165 -135 -361 0
-298 -9 -131 -410 -158 -178 -581 -350 -276 -493 0
132 -457 -442 -30 -500 -453 -64 -475 -574 -208 -350 -213 -52 -359 -469 -445 -410 -203 -178 0
449 -30 -175 -442 -410 -491 -547 -445 -469 -52 -276 -237 -131 -500 -453 -64 -475 -574 -208 -350 -178 -27 -493 -145 0
62 -469 -131 -493 -276 -145 -448 -175 -442 -491 -410 -52 -237 -453 -64 -475 -574 -208 -350 -178 -173 -189 0
411 -475 -145 -574 -178 -581 -299 -493 -64 0
447 -100 -276 -448 -131 -145 0
-469 -442 -131 -493 -276 -145 -448 -175 62 -470 -410 -52 -237 -453 -64 -475 -574 -208 -350 -178 -173 -189 0
-476 -491 -306 -359 -442 -518 -574 -213 -64 -453 -475 -178 -146 -581 -299 0
-491 -442 -574 -64 -475 -30 -175 -518 -406 -457 -500 -453 -306 -359 -213 -178 -146 -581 -299 0
-442 -255 -282 -64 -475 -574 -350 -175 -453 -306 -178 -581 -299 -276 -237 -131 -158 -269 -145 -410 -493 -448 62 -52 -208 -173 -189 0
471 -359 -97 -410 -574 -64 -30 -178 -131 -363 -276 -547 -52 0
-64 -448 -581 -574 -131 -158 -410 -493 -276 -350 -178 -9 0
211 -161 -98 0
64 -574 -9 -158 -110 -173 -178 -493 -581 -410 -38 0
-574 -9 -131 -276 -493 -581 -178 -158 -410 -350 0
130 -446 -410 -318 -61 -101 -276 0
-9 -178 -581 -131 -410 -276 -350 -493 -158 0
477 -213 -98 -359 -35 -574 -64 0
492 -371 -526 -447 -120 -68 -544 -237 -281 -58 -506 -32 0
446 -469 -136 -517 -305 -175 -442 -462 -459 -369 -86 -250 -52 -174 -12 -189 0
445 -371 -544 -38 -166 -189 0
519 -161 -98 -359 -208 -35 -136 -496 -175 -535 -442 0
449 -35 -544 -410 -574 -64 -303 -158 -264 -442 -98 -535 -68 -526 -305 -86 -52 -174 -189 -447 -281 -32 -120 -237 -58 -581 -475 -493 -204 -145 0
132 -442 -544 -174 -493 -281 -305 -452 -581 -120 -574 -475 -64 -410 -158 -535 -86 -52 -62 -164 -178 -300 0
-476 -213 -98 -359 -574 -64 -178 -475 -581 0
443 -208 -189 -445 -174 66 -38 -545 -410 -161 -202 -493 -98 -252 -359 -350 -191 -175 0
476 -98 -281 -129 -359 -452 -191 -491 -574 -64 -475 -442 -518 -305 -189 -445 -174 -545 -410 -202 -493 -92 -252 -350 -120 -372 -62 -581 0
477 -491 -574 -452 -64 0
-442 -475 -131 -574 -64 -276 -493 -581 -410 -178 -350 -158 0
358 -136 -175 -410 -574 -64 -359 -303 -35 0
519 -303 -300 -493 -35 -359 -175 -410 -574 -64 -164 -463 -559 -184 -399 -535 -491 0
546 -146 -164 -96 -300 -178 -350 -131 -535 -517 -493 -35 -359 -175 -410 -574 -64 -463 -559 -184 -491 -158 -258 0
-359 -98 -410 -574 -64 -178 -131 -276 -158 -350 -581 -493 -475 0
-98 -475 -64 -574 -131 -276 -410 -178 -493 -158 -350 -581 0
-475 -64 -350 -131 -493 -410 -574 -178 -158 -276 -581 0
517 -586 -19 -382 -362 -457 -49 -532 -443 -60 0
518 -357 -258 -544 -158 -166 -142 -350 -264 -535 -12 0
176 517 -362 -457 -49 -60 -597 -210 -138 0
492 -450 -410 -566 -62 -316 -544 -166 -158 -131 -303 -222 -192 -177 -362 -49 -210 -258 -350 -264 -535 -12 -281 -506 -32 0
546 -457 -26 -174 -499 -189 -62 -410 -131 -471 -398 -338 -158 -450 -258 -566 -166 0
519 -443 -131 -158 -166 -544 -26 -174 -499 -62 -410 -338 -450 -258 -566 -548 -362 -496 -535 -398 0
130 -398 -166 -158 -38 -258 -276 0
-443 -382 -184 -49 -264 -12 -518 -131 -158 -166 -544 -26 -174 -499 -62 -410 -338 -450 -258 -566 -548 -362 -496 -535 -398 0
360 -544 -120 -38 -166 -264 -68 -222 -177 -49 -131 -158 -174 -499 -62 -410 -338 -258 -362 -496 -535 -413 -461 -316 -276 -490 -210 -350 -281 -32 -145 -493 0
59 -281 -507 -91 0
597 -586 -383 0
-64 -574 -131 -276 -410 -493 -350 -158 -178 -581 0
61 -535 -177 -35 -359 -197 -350 -52 -337 -408 -276 -158 -447 -258 -204 -102 -166 -450 -37 -413 -178 -111 0
168 -333 -177 -491 -270 -359 -52 -35 -276 -303 -574 -544 -158 -37 0
519 -137 -496 -362 -535 -491 -58 0
176 -444 -506 -3 -227 -12 -258 -544 -158 -166 -357 -350 -535 -96 -266 -496 -362 -491 -413 -538 -408 0
-535 -544 -35 -350 -410 -26 -408 -177 -506 -12 -258 -359 -158 -166 -491 -413 -204 -52 -450 -337 -276 -566 -37 -270 -303 -574 -305 -111 -63 -197 -447 -102 -178 0
61 -443 -408 -457 -538 -501 -413 0
167 -517 -413 -408 -177 -305 -111 -63 -506 -252 -491 -438 -204 -267 -450 -270 -276 -566 -40 -574 -544 -37 0
-544 -303 -305 -37 -177 -491 -270 -359 -52 -35 -276 -111 -574 -158 -166 -413 -408 -63 -506 -438 -204 -450 -566 -350 -410 -26 -12 -258 -337 -197 -447 -102 -178 0
39 -535 -518 -491 -270 -40 -52 -276 -574 -166 0
-535 -447 -35 -52 -574 -37 -276 544 -518 -491 -270 -166 0
-167 -471 -547 -447 -370 -63 -574 -111 -317 -545 -166 0
132 -166 -102 -337 -158 -258 -63 -574 -111 -450 -270 -52 -438 -276 -491 -350 -35 -37 -305 -177 -359 -413 -408 -506 -566 -410 -26 -12 -197 -178 0
168 -445 -491 -270 -359 -52 -35 -276 -574 -158 -37 -177 -305 -63 -111 -317 0
519 -362 -535 -496 -491 -506 -177 -191 -135 -359 -35 0
548 -264 -116 -506 -3 -239 -144 -255 -491 -12 -518 -535 -496 -177 -191 -135 -359 -35 -124 0
549 -518 -350 -26 -408 -452 -174 -491 -410 130 -318 -101 -276 0
-535 -116 -270 -163 -506 -3 -239 -144 -255 -491 -12 -518 548 -496 -177 -191 -359 -35 -124 39 -52 -276 -574 -166 0
442 -89 -233 -178 -540 -408 -177 0
-61 -136 -210 -98 -161 -359 -191 -266 -187 -350 -410 -26 -457 -408 -177 -444 -233 -178 -540 -207 -501 -63 0
546 -191 -210 -98 -161 -359 -413 -350 -410 -26 -408 -177 -233 -178 -63 -438 -491 -270 -163 -506 -239 -144 -12 -496 -35 39 -52 -276 -574 -166 -547 -174 130 -450 -120 -566 0
-166 -63 -111 -408 -413 -350 -26 -174 -210 -161 -98 -359 -491 -102 -270 -410 -177 -178 -438 -163 -506 -12 -35 -52 -276 -574 -450 -120 -566 -337 -158 -258 -37 -131 -197 0
275 -451 -270 -574 -41 166 -52 0
443 -118 -129 -8 -317 -110 -257 -38 -158 -65 -303 -581 -192 -457 -177 0
39 -317 -547 -188 -535 519 -491 -506 -177 -496 -191 -359 -35 0
-317 -544 -350 -475 -574 -158 -276 -38 -547 -188 -535 519 -491 -506 -177 -496 -359 -35 -110 -500 -451 -270 -410 -166 0
317 -110 -410 -491 -574 -270 -475 -38 -276 -166 -158 0
-496 -445 -574 -64 -276 -410 -52 -158 -38 -350 -35 -475 -547 -188 -535 519 -491 -506 -177 -359 -110 -500 -451 -270 -166 0
37 -188 -574 -136 -359 -35 -408 -475 -491 -276 -52 -158 -38 -350 -547 -410 -535 519 -506 -177 -110 -500 -451 -270 -166 0
62 -506 -547 -276 -350 -475 -574 -158 -38 -535 519 -491 -52 -177 -359 -35 -451 -270 -410 -166 -518 -136 -408 0
409 -158 -574 -276 -410 -350 -359 -35 -408 -136 -177 -444 0
-158 -475 -491 -574 -38 -270 -276 -52 -35 -359 -410 -166 -547 -350 -535 519 -177 -451 -518 -136 -408 -61 0
34 -64 -410 -408 -177 -302 -359 -179 0
490 -518 -35 -410 -408 -177 -276 -38 -166 -491 -574 -270 -52 -350 -535 -359 -61 0
452 -191 -574 -276 -410 -158 -350 -178 -64 -177 -138 -359 -35 -270 0
358 -581 -574 -276 -410 -158 -350 -64 -178 -35 0
-191 -64 -574 -276 -410 -158 -350 -178 -138 -442 -518 -491 -408 -177 -359 -35 -270 -453 0
-64 -178 -158 -359 -574 -276 -410 -350 -257 -35 -61 -138 -408 -177 -442 -518 -491 -270 -453 -317 0
-178 -317 -408 -350 -359 -491 -270 -410 -177 -35 -52 -276 -574 -158 -453 -61 -166 -477 -38 -138 -442 -518 0
178 -453 -270 -410 -276 -52 -574 -359 -35 0
-158 -399 -574 -276 -410 -350 -138 -442 -518 -491 -408 -177 -359 -35 -270 -453 -38 -166 -52 -61 -477 0
360 -64 -574 -535 -52 -546 -350 -235 -408 -177 -130 -410 -359 -302 -35 0
-518 -38 -35 -574 -535 -52 -350 -408 -177 -410 -359 -166 -276 -491 -270 -61 0
358 -178 -38 -64 -574 -276 -410 -158 -350 -35 0
180 -145 -298 -476 -581 0
-178 -158 -574 -64 -270 -42 -52 -410 -276 -491 -350 -177 -191 -359 -38 -35 0
178 -64 -574 -491 -270 -410 -276 -52 -359 -35 0
360 -302 -191 0
-302 -191 -359 0
-64 -42 -270 -574 -52 -410 -276 -491 -350 -177 -191 -359 -38 -35 0
-581 -178 -408 -350 -111 -63 -413 -359 -491 -102 -270 -410 -177 -166 -438 -174 -35 -52 -276 -574 -337 -158 -37 -131 -495 -146 -300 -475 -580 0
-178 -413 -350 -535 -408 -276 -52 -131 -270 -111 -63 -359 -491 -102 -410 -177 -166 -438 -174 -35 -574 -337 -158 -37 -495 -146 -300 -475 -580 0
-38 -61 -35 -350 -535 -408 -276 -52 -270 -491 -410 -177 -166 -574 -359 0
-158 -178 -350 -408 -413 -359 -491 -270 -410 -177 -166 -174 -35 -52 -276 -574 -37 -131 -146 -300 -192 -303 -167 0
-61 -350 -408 -359 -491 -270 -410 -177 -166 -35 -52 -276 -574 -535 0
-191 -372 -448 -496 -276 -535 -52 -574 -410 -158 -350 -178 -64 -581 -270 -491 -177 -359 -35 0
-64 -158 -350 -412 -574 -276 -410 -52 -178 -408 -177 -359 -535 -270 -491 -35 -66 0
39 -581 -350 -178 -63 -359 -491 -102 -270 -410 -177 -166 -408 -35 -52 -276 -574 -337 -158 -37 -131 -495 -475 -580 -109 0
-581 -131 -276 -574 -158 -178 -410 -350 -109 -37 -63 -359 -491 -102 -270 -177 -166 -408 -35 -52 -337 -495 -475 -580 0
-191 -158 -35 -178 -177 -276 -574 -359 -410 -350 -109 -37 -63 -491 -102 -270 -166 -408 -52 -337 -495 -475 -580 0
-131 -158 -350 -535 -408 -276 -270 -178 -574 -52 -410 -359 -491 -177 -166 -35 0
-158 -178 -359 -35 -491 -350 -535 -408 -276 -270 -574 -52 -410 -177 -166 0
38 -41 -52 -270 -276 -7 -318 -109 0
158 -350 -535 -52 -574 -408 -177 -410 -359 -35 -491 -276 -270 -166 0
-350 -52 -276 -359 -35 -491 -535 -408 -270 -574 -410 -177 -166 0
110 -467 -121 -506 -356 -197 -337 -538 -158 -413 -178 -257 -63 -7 0
358 -413 -519 -177 -442 -356 -538 -158 -491 -178 -63 -251 -52 -276 -166 -210 -37 -161 -574 -299 -495 -98 -35 0
-37 -131 -251 -52 -276 -166 -158 -102 -498 -190 -35 -359 -519 -177 -442 -356 -538 -491 -178 -63 -574 -495 -581 0
-131 -581 -63 -270 -42 -52 -166 -158 -190 -498 -359 -35 -574 -66 -251 -276 -102 -519 -177 -442 -356 -538 -491 -178 -495 -410 0
-581 -178 -408 -177 -359 -35 -410 -63 -270 -42 -52 -166 -158 -190 -498 -574 -66 -251 -276 -102 -519 -442 -356 -538 -491 -495 0
-178 -158 -190 -359 -491 -35 -66 -408 -177 -410 -63 -270 -42 -52 -166 -498 -574 -251 -276 -102 -519 -442 -356 -538 -495 0
178 -495 -276 -52 -359 -35 0
-34 -131 -276 -574 168 -359 -178 -302 -35 0
446 -12 -184 -238 -163 -442 -490 -29 -408 -136 -519 -270 -251 -237 -42 -204 -546 -450 -372 -102 0
445 -372 -52 -546 -470 -42 0
-64 -413 -63 -538 -49 -7 -442 -490 -29 -408 -136 -270 -237 -42 -546 -447 -52 -470 -574 -66 0
582 -251 -102 -52 -276 -338 -63 -538 -7 -442 -408 -136 -270 -42 -574 -66 -491 -398 -302 -498 -359 168 -178 -35 0
-52 -270 -359 -35 -408 -276 -574 -491 -177 -166 -410 -535 0
36 -158 -574 -178 -410 -270 -40 -535 -408 -131 -276 -298 -359 0
-302 -581 -491 -535 -270 -158 -574 -178 -64 -410 -189 -276 -131 -146 -257 -298 -408 -177 34 -359 0
-581 -64 -178 -298 -410 -146 -574 -276 -158 -131 -408 -491 -535 -270 -189 -257 -177 34 -359 0
-64 34 -408 -177 -410 -359 -178 -298 -146 -574 -276 -158 -131 -491 -535 -270 -166 -317 0
-581 -158 -574 64 -178 -410 -166 -270 -303 -40 -192 -535 -408 -131 -276 -146 -298 0
-158 -178 -177 -574 -410 -166 -270 -535 -408 -276 -359 -491 -35 0
-178 -270 -574 -359 -408 -276 -35 -166 -177 -410 -535 -491 0
-64 -452 -491 -270 -580 -574 -65 0
41 -350 -158 -9 -318 -111 -28 -63 -408 -491 -135 -412 -452 -165 -535 -270 0
42 -10 -1 -92 -165 -158 -28 -270 -257 -9 -111 -63 -187 -412 -447 -421 -102 -448 -566 -545 -535 0
-270 -410 -408 -535 -491 -574 -166 -359 -35 -276 -177 0
191 -64 -410 -582 -408 -177 0
36 -581 -408 -64 -574 -276 -178 -158 -410 -35 -359 0
-581 -64 -574 -178 -359 -177 -269 -491 -410 -276 -158 -408 -35 -582 0
-64 -178 -177 -359 -574 -269 -491 -410 -276 -158 -408 -35 -582 0
-178 -158 -166 -574 -453 -359 -491 -35 -177 -582 -269 -410 -276 -408 0
-52 -61 -100 -499 -459 -189 -174 -9 -276 178 -359 -35 0
62 -448 -100 -421 -447 -412 -189 0
-158 -9 -276 -359 -35 -574 -410 -408 -177 -166 -491 -453 -582 -269 0
-410 -408 -35 -276 -574 -359 -177 -166 -491 -535 0
580 -477 -494 -35 -359 -190 -178 -177 0
-64 -158 -166 -494 -190 -359 -178 -491 -574 -65 -35 -177 0
495 -299 -146 0
582 -475 -494 -178 0
-158 -178 -359 -491 -35 -190 -494 -166 -574 -65 -177 0
-64 -7 -494 -359 -178 -491 -580 -574 -65 0
-178 -494 -35 -276 -574 -359 -491 -65 -177 -166 -190 0
-64 -92 -408 -442 -412 -62 -27 -28 -491 -177 -452 -8 -580 -317 -574 -65 0
490 -405 -187 -111 -447 -62 -371 -545 -561 -237 -10 -186 -519 -399 0
-189 -448 -567 -101 -371 -38 -166 -447 -187 0
351 -520 -164 -33 -10 -135 -144 -561 -400 -186 -498 -459 -399 -535 -266 0
350 -33 -295 -135 -448 -507 -204 -545 -53 -41 -535 0
492 -233 -467 -421 -448 -507 -198 -567 -545 -53 -470 -498 -535 -349 -295 -135 -204 -270 -452 0
351 -470 -53 -507 -545 -281 -498 -458 -535 -266 0
338 -270 -545 -442 -237 -535 -349 -53 -507 -498 -266 -499 -549 -452 -491 -467 -421 -448 -198 -567 -295 -135 -204 -281 0
445 -567 -545 -448 -371 -101 0
-270 -499 -452 -491 -27 -295 -135 -448 -507 -204 -545 -53 -535 -349 -174 -8 -498 -257 -470 -158 -337 -442 -237 -266 -549 -467 -421 -198 -567 -281 0
-408 -535 -491 -166 -177 -574 -276 -359 -35 0
36 -64 -491 -270 -177 -574 -192 -359 0
451 494 -356 -266 -276 -61 -545 -54 -109 -42 -7 -270 0
-581 -580 -192 -177 -510 -178 -270 -276 -166 -158 -496 -574 -303 -535 -491 -64 -495 -411 -30 0
-580 -64 -491 -270 -574 -192 -177 -510 -178 -276 -166 -158 -496 -303 -535 -495 -411 -30 0
566 -448 -178 -495 -161 0
-448 -545 -178 -496 -158 -574 -64 -276 -535 -371 -41 -131 -565 -495 -161 0
546 -402 -137 -208 -491 -535 -496 -58 -384 -517 -565 -235 0
-545 -496 -535 -41 -137 -208 -491 -517 -565 -403 -276 -411 -131 -49 -164 -540 -178 -297 -158 -574 -64 -371 -495 -161 0
-64 -158 -35 -359 -574 -535 -178 -276 -491 -166 -270 -177 0
64 -178 -177 -35 -276 -574 -359 -491 -166 -411 0
35 -580 -178 -64 -38 0
300 -496 -270 -535 -338 -166 -158 -302 -131 -276 -494 0
-581 -302 -191 -276 -574 -158 -178 -64 -494 -270 -535 -580 0
-580 -177 -491 -64 -270 -276 -158 -178 -535 -574 0
-131 -565 -208 -137 -41 -491 -535 -276 -411 -164 -178 -297 -158 -574 -64 -371 -495 -161 -509 -443 -407 -191 -302 180 -35 0
546 -101 -446 -178 -495 -161 -565 -371 0
-495 -305 -443 -491 -509 -158 -178 -161 -371 -41 -276 -208 -137 -535 -411 -164 -297 -574 -64 -191 -302 -35 -146 -494 0
-40 -131 -178 -270 -158 -535 -64 -574 -266 -493 -146 -257 -189 -545 -467 -276 -53 -41 0
350 -518 -443 -535 -406 0
-177 -270 -276 -158 -178 -64 -535 -574 -491 0
-580 -270 -491 -64 -574 -582 0
-493 -545 -276 -270 -491 -158 -131 -535 -64 -574 -178 -495 0
179 -145 -298 -161 0
42 -496 -470 -535 -53 0
349 -595 -281 -58 -19 -505 -389 -357 0
-545 -131 -535 -178 -276 -158 -574 -64 -495 -491 -270 0
-131 -495 -491 -178 -276 -158 -535 -574 -64 -270 0
-493 -414 -41 -371 -38 -166 -535 -446 -423 -491 -398 -297 -158 -133 -302 -109 -164 -411 -358 -145 -268 -495 0
-495 -270 -158 -178 -535 -276 -574 -64 -491 0
-98 -212 -161 0
98 -35 -360 -178 0
250 -289 -327 -86 0
-270 -158 -64 -491 -574 -276 -178 -535 0
65 180 -213 0
180 -545 -276 -64 -493 -359 -178 -282 -566 -450 -26 -410 -173 -491 -189 -453 -63 -574 -213 0
-145 -26 -574 -64 -491 -453 -359 -178 -146 -299 -410 -493 -276 -158 -582 -566 -9 0
-544 66 -422 -545 -38 -413 -61 -189 -549 -126 -555 -519 -123 -444 -467 -305 494 -356 -319 -166 -371 0
-161 -30 -574 -64 -475 -327 -491 -406 -175 -453 -178 -581 -189 -61 -413 -422 -519 -540 -131 -204 -448 -356 -545 -126 -555 -123 -444 -467 494 -319 -98 0
409 -559 -356 -545 -158 -448 -189 -469 -498 -10 -493 -298 -178 -519 -574 -64 -453 -475 -491 -211 -327 -175 -131 -204 -126 -555 -123 -467 494 -319 -407 0
-493 -495 -276 -574 -158 -64 -178 -535 -491 0
-410 -543 -505 -565 -545 -42 -131 -276 -145 -491 -298 -9 -359 -574 -158 -453 -582 -269 -64 -178 -409 0
179 -477 -582 -298 -145 0
546 -161 -53 -351 -505 -239 -142 -202 -49 -262 -126 -109 -540 -444 -12 -549 -62 -178 -510 -519 -189 -495 -70 -565 -235 -101 -371 0
387 -281 -227 -92 -142 0
544 -142 -70 -92 -499 -109 -549 -62 -189 -217 -445 -118 -371 0
-359 -131 -178 -495 -565 -545 -158 -165 -145 -9 -276 -298 -505 -582 -491 -453 -574 -64 -42 -269 -409 -358 0
65 -302 -131 -191 -276 -269 -145 -298 -491 -574 -64 -178 -582 0
546 -49 -499 -542 -444 -62 -101 -519 -189 -331 -178 -495 -161 -565 -235 -371 -53 -505 -351 -142 -202 -262 -126 -109 -540 -12 -549 -510 -70 0
-131 -545 -178 -495 -565 -505 -165 -145 -9 -491 -158 -298 -453 -276 -64 -574 -582 -409 -269 -42 -358 0
131 -145 -491 -453 -574 -64 -158 -9 -298 -178 0
-495 -158 -64 -178 -276 -574 -491 -535 0
544 -499 -142 -549 -189 -217 -445 -118 66 -448 -567 -178 -158 -574 -493 -64 -276 -131 0
540 -410 -574 -276 -158 -178 -493 -64 -131 -175 -442 -406 -49 0
450 -61 -172 -499 -439 -27 -53 -569 -414 -470 -540 -445 -202 -100 0
-410 -193 -493 -9 -276 -158 -131 -27 -172 -178 -439 -569 -499 -414 -542 -423 -202 -448 -53 -470 -445 -574 -64 -175 -442 -406 -49 -411 0
203 -289 -439 -569 -87 -540 -252 0
447 -512 -569 -540 -384 -414 -567 -423 -448 -202 -439 -87 -126 -436 -549 -53 -542 -470 -101 0
252 -139 -331 -255 -142 -553 -53 0
187 -351 -266 -458 -27 -172 -439 -569 -540 -414 -423 -448 -202 -87 -331 -255 -142 -553 -53 -126 -549 0
66 -448 -567 -189 -266 -27 -172 -414 -423 -202 -87 -142 -53 -126 -493 -9 -276 -158 -131 -178 -445 -574 -64 -411 -235 -545 -217 -118 -301 -129 -491 -360 -99 -453 -36 -337 0
-298 -131 -535 -178 -276 -158 -491 -64 -574 0
-131 -158 -64 -491 -574 -178 -276 -535 0
490 -122 -500 -89 -457 -302 -467 -282 -265 -158 -507 -398 -33 0
301 -192 -360 0
409 -540 -302 -467 -282 -265 -158 -507 -398 -33 -252 -491 -360 -27 -423 -414 -189 -63 0
-540 -252 -449 -414 -178 -63 -411 -302 -467 -282 -265 -158 -507 -398 -33 -203 -491 -360 -27 -423 -189 0
409 -122 -360 -64 -302 -582 -158 -398 -491 -574 -467 -282 -265 -507 -33 -212 -423 -27 -326 -173 -414 -189 -408 -63 0
-252 -265 -36 -574 -189 -64 -63 -411 -360 -302 -582 -158 -398 -491 -467 -282 -507 -33 -212 -423 -27 -173 -414 -87 -203 -449 -178 0
157 -94 -357 -33 -351 -491 -265 -398 0
-158 -276 -64 -535 -491 -178 -574 0
191 -222 -136 -30 -175 0
65 -252 -50 -302 -136 -30 -240 -93 -458 -282 -27 -172 -405 -31 -350 -407 -9 -269 -410 -574 -178 -64 -475 -145 -299 180 0
66 -582 -269 -64 -475 -492 -574 0
251 -587 -405 -510 -567 -240 -546 -461 -253 -368 -458 -27 -172 -87 0
-492 -119 -546 -52 -405 -27 -172 -302 -30 -468 -282 -269 -9 -574 -299 -64 -413 -445 -178 -265 -130 -398 -491 0
65 -582 -477 0
-582 -306 -302 -477 -519 -299 -410 -178 -546 -130 -269 -445 -52 -453 -470 -574 -338 -64 0
62 -445 -546 -535 -130 -574 -178 -64 -302 -52 -338 -547 -172 -468 -265 -398 -491 -7 0
490 -457 -52 -281 -469 -547 -445 -265 -130 -143 -398 -32 0
-27 -86 -276 -64 -546 -414 -130 -289 -178 -281 -265 -445 -52 -469 -501 -547 -452 -491 -143 -398 -133 -164 -145 -326 -172 -26 0
-131 -41 -535 -120 -371 -281 -276 -574 -178 -302 168 -35 -133 -495 -164 -469 -491 -414 -582 -477 -145 -445 -398 -130 0
-582 -300 -491 -535 -547 -445 -178 -120 -281 -276 -574 -414 -64 -289 -501 -326 -172 -26 -270 0
187 -276 -535 -574 -491 -178 -64 0
-582 -519 -535 -138 -7 -63 -276 -574 -178 -302 168 -131 -453 -338 -477 -64 0
545 -177 -166 -535 -574 -276 -491 -35 -410 -299 -63 -109 -7 -270 -447 -519 -372 -237 0
-359 -138 -222 -177 -491 -166 -535 -574 -276 -35 -302 0
-493 -91 -143 -253 -561 -58 -184 -174 -442 -178 -131 -276 -40 -64 -7 -408 168 -38 -580 -370 -410 -494 0
-131 -276 -178 -535 -64 -491 -574 0
-492 -269 -64 -582 66 -574 -491 0
66 -359 -398 -64 -582 -574 -491 -174 -423 -7 -414 -63 -145 -493 -302 -128 -99 -370 -36 -338 0
-359 -493 -574 -178 -64 -145 -491 -582 -398 -174 -423 -7 -414 -63 -302 -128 -99 -370 -36 -338 0
490 -476 -52 445 -582 -574 -64 -491 -549 -546 0
407 -58 -519 -11 -92 -355 -302 -198 -191 -590 -176 -221 -538 -442 -28 0
409 -437 -209 -568 -49 -138 -302 -360 -28 -519 -11 -198 -191 -176 -221 -507 -282 -458 -423 -499 -414 -63 0
-493 -63 -178 -302 -423 -414 -174 -7 -574 -338 -582 -491 -64 -52 445 -549 -546 -36 -145 -398 -128 -99 0
-276 -535 -491 -574 -64 -178 0
191 -443 -175 -222 -136 0
-299 -534 -136 -362 -208 -133 -98 -268 -9 495 0
299 -470 -159 -338 -258 -54 -9 0
518 -493 -133 -268 -9 -136 -208 -159 -338 -258 -54 -31 -36 -302 -175 -222 -535 0
-493 -547 -535 -574 -178 -64 -302 -338 -491 -9 -581 -476 -372 -42 -517 -268 -136 -208 -31 -36 -175 -222 0
545 -93 -597 -109 -505 -510 -176 407 -63 -178 -449 -517 -565 -235 0
65 -582 -178 -64 -535 -302 -574 -491 0
-338 -52 -302 -493 -63 -574 -582 -491 -64 -178 -546 -128 -188 -299 -132 66 -9 -258 -470 -159 0
-52 -299 -574 -64 -178 -491 -535 -63 -302 -582 -493 -9 0
-299 -63 -64 -582 -574 -491 -9 -302 -493 -178 -535 0
-63 -9 -64 -582 -574 -491 -302 -493 -178 -535 0
-299 -256 -274 168 -339 -316 -582 -414 -411 -302 -178 -493 -298 0
-9 -493 -582 -574 -491 -535 -178 -302 -64 0
146 -493 -178 -35 -161 0
61 -518 -137 -491 -363 -548 -414 -188 0
-493 -582 -535 -178 -64 -574 -491 -302 0
-582 -302 -535 -64 -574 -491 -178 0
-302 -535 -574 -178 -64 -491 0
180 -582 -64 -574 -491 -359 -493 -147 -8 -299 0
545 -395 -70 -142 -239 -331 -306 -444 -10 -517 -235 0
65 -496 -535 -331 -10 -517 -581 -451 -98 -491 -574 -64 -178 -582 0
62 -406 -535 -267 -517 -359 -98 -208 -35 -175 -496 -161 -136 -443 -501 -109 0
-492 -197 -422 -413 -535 -98 -35 -64 -574 -410 -581 -491 -178 -582 -493 -298 0
518 -457 -92 -499 -413 -61 -109 -305 -406 -349 -535 0
62 -161 -142 -128 -98 -359 -92 -191 -221 -457 -574 -64 -475 -453 -491 -406 -442 -175 -518 -178 -146 -581 -299 -499 0
-298 -582 -64 -491 -178 -299 -535 -574 -493 0
-582 -299 -574 -64 -178 -493 -491 -535 0
414 -439 -570 -532 -539 -58 0
582 -493 -535 -574 -491 -178 -64 0
-493 -535 -491 -574 -64 -178 0
-582 -535 -491 -574 -64 -178 0
-535 -64 -178 -574 -491 0
131 -265 -349 -406 -397 -359 0
-477 -145 -493 -64 -359 -299 -178 -574 -582 -492 -491 0
-35 477 -64 -359 -574 -178 -299 -145 -493 -36 0
-145 -492 -299 -178 -64 -574 -493 -582 -491 -359 0
540 -202 -448 -413 -422 0
407 -220 -64 -475 -574 -491 -175 -305 -534 -61 -413 -448 -422 -339 -158 -129 -131 -178 -493 -410 -581 0
-191 -61 494 -422 -413 -10 -406 -64 -475 -574 -491 -175 -448 -339 -131 -178 -493 -581 -136 -208 -161 -98 -359 -35 0
-414 -34 -493 -40 -64 -178 -38 -397 -301 -253 -235 -546 -316 -159 -540 -166 -274 -339 -256 -582 -299 -302 -411 -298 0
-477 -492 -64 -178 -582 -299 -359 -574 -491 -493 0
408 -591 -319 -545 -31 494 -597 -49 -359 -538 -349 -29 -136 -222 -175 0
407 -538 -448 -413 -422 -131 -178 -64 -493 -421 -359 -40 0
412 -545 -372 -319 -543 -131 -303 -64 -582 -510 -448 -413 -422 -178 -493 -359 -40 -31 494 -597 -49 -349 -29 -136 -222 -175 0
-538 -204 -372 -63 -448 -545 -274 -131 -316 -319 -31 494 -597 -49 -359 408 -349 -29 -136 -222 -175 -540 0
408 -1 -547 -469 -31 494 -316 -319 -166 -545 -448 -372 -63 -274 -131 -597 -49 -359 -349 -29 -136 -222 -175 -540 -250 0
539 -545 -372 -63 -410 -566 -448 -178 -493 -574 -131 -64 -581 -40 -146 -53 -397 -274 -303 -197 -582 -510 -589 -408 0
-492 -299 -574 -493 -359 -64 -582 -491 -178 0
-494 -477 -178 -359 -64 -491 -574 -65 -493 -299 0
407 -131 -64 -574 -491 -359 -178 -493 -582 -299 0
179 -161 494 -356 -59 -413 -61 -109 -304 -590 0
180 -203 -448 -413 -131 0
539 -448 -582 494 -356 -59 -61 -109 -304 -178 -477 -131 0
414 -304 -477 -582 -109 -178 -61 0
413 -131 -574 -491 -493 -359 -299 -582 -64 -178 0
-131 -299 -64 -491 -359 -178 -574 -493 -582 0
-299 -359 -178 -64 -491 -574 -493 -582 0
-413 -131 -178 -491 -40 -9 -493 -175 -359 -53 358 -64 -349 -406 -448 180 0
-350 -442 -493 -574 -298 -581 -38 -410 -178 -131 -9 -359 -53 -406 -251 -349 0
408 -190 -222 -136 -175 0
-359 -493 -574 -178 -64 -491 -582 0
406 -131 -493 -35 -582 495 -178 -64 -302 -191 0
179 -131 -491 -574 -64 -178 -493 -582 0
-299 -477 -64 -574 -582 -491 -274 -178 -493 0
-276 -350 -178 -40 -574 -493 -64 -274 -131 0
407 -448 -507 -175 -567 -491 -371 180 -131 -53 -178 -574 -493 -64 -411 -30 0
-413 -540 180 -448 -131 0
270 -276 -423 -27 -567 -448 -414 -189 66 -126 -142 -53 -202 -493 -9 -266 -158 -131 -178 -445 -574 -64 -411 -235 -545 -217 -118 -301 -129 -491 -360 -99 -172 -36 -337 0
-276 -477 -493 -131 -178 -574 -64 -491 -582 0
-410 -210 -175 -491 -510 -64 -574 -582 -469 -567 -40 -445 -188 -546 -102 -62 66 -411 0
581 -559 -517 -397 -444 -64 -582 66 -574 -491 0
-492 -330 -253 -465 -281 -444 -228 -175 -87 -549 -137 -64 -582 66 -574 -491 0
-161 -444 -517 -397 -175 -87 -64 -582 66 -574 -491 -88 -469 -1 -510 -445 -567 -356 -546 -319 -542 -102 -40 -188 -62 -411 -160 -98 0
-477 -131 -582 -574 -491 -493 -64 -178 0
-276 -533 -517 -444 -306 -338 -61 -159 180 -131 -128 -406 -147 -178 -40 -574 -493 -64 0
-131 -493 -178 -574 -64 -582 -491 0
65 -538 -423 -198 -414 -507 -349 -265 298 -398 -491 -574 -64 -582 -411 0
412 -221 -302 -507 -519 -11 -191 -198 -176 -538 -282 -27 -326 -458 -408 -499 -411 -423 -63 0
-448 -11 -567 -411 -414 -302 -507 -446 -191 -198 -27 -423 -265 -349 -52 -40 -517 -491 -64 -574 -582 -476 298 -398 -203 -449 0
274 -493 -64 -574 -582 -178 -491 0
406 -493 -491 -64 -574 -582 -178 0
-580 -493 -574 -582 -491 -178 -64 0
65 -159 -258 -517 -54 -236 -300 -493 -302 -360 -546 -581 -40 -208 -268 -491 -98 -574 -64 180 -582 0
157 -281 -1 -507 -31 -109 -61 -188 -547 -446 -469 -339 0
458 -100 -496 -536 -448 -350 -469 -250 -446 -539 -188 -61 -109 -8 -339 -258 -159 -1 -507 -31 -547 -267 0
-350 -31 -133 -469 -496 -446 -507 -188 -534 -109 -559 -305 -186 -443 -536 -448 -250 -8 -339 -258 -159 -1 -547 -267 -27 -411 -30 -406 -349 0
490 -446 -188 -371 -546 -109 -414 -567 -305 -203 -406 -250 -133 -469 -496 -507 -559 -536 -448 -8 -339 -258 -159 -1 -267 -27 -411 -349 -175 -398 -137 0
-493 -582 -574 -64 -491 -178 0
63 -408 -574 -64 -178 -582 -448 -491 0
410 -357 -40 -517 -565 -448 -145 -298 -178 -574 -582 -408 -64 -63 0
351 -448 -178 -491 -574 -64 -582 0
-477 -538 -178 -196 -63 -40 -517 -565 -448 -145 -298 -574 -582 -408 -64 -409 0
-408 -63 -178 -582 -64 -491 -574 -448 0
-131 -399 -178 -276 -9 -165 -491 -453 -64 -574 -582 -42 -132 0
-63 -448 -574 -64 -178 -582 -491 0
-448 -582 -491 -64 -574 -178 0
411 -582 -178 -574 -64 -491 0
7 -332 -305 -355 -58 -505 -33 -491 -452 -501 -1 -158 -217 -257 -120 0
302 -158 -64 -65 -494 -491 -574 -178 -190 0
303 -190 -358 0
302 -190 -65 -494 -491 -574 -178 -64 0
406 -49 -538 -189 -447 -202 -132 -65 -494 -491 -574 -178 -64 -358 0
-582 -64 -574 -491 -178 0
540 -350 -131 -493 -178 -40 -9 -64 -413 -448 -422 0
-276 -145 -100 -448 -236 -202 -131 -372 -574 -493 -581 -178 -64 -350 -410 -40 0
-145 -202 -131 -100 -448 -236 -399 -372 -574 -493 -581 -178 -64 -350 -410 -40 -9 0
407 -306 -49 -98 -210 -500 -338 -178 -476 -581 492 -177 -195 -537 -490 -517 -358 -131 -493 -40 -574 -64 -299 -100 -448 -372 -410 -9 -413 -422 0
409 -63 -98 -177 -49 -338 -178 -476 -581 492 -195 -537 -490 -517 -358 -131 -40 -574 -64 -299 -448 -372 -410 -413 -422 -210 0
130 -276 -102 -495 -448 -299 -166 -38 -145 -358 -236 0
-276 -202 -299 -495 -145 -448 -236 -40 -131 -102 -166 -38 -358 0
-202 -145 -408 -177 -138 -210 -448 -98 -358 -131 -299 -495 -236 -40 -102 -166 -38 -422 -413 0
-158 -192 -506 -408 -63 -59 -574 -581 -178 -131 -64 -493 -410 -40 132 -448 -145 0
-493 -538 -59 -413 -63 -49 -443 -177 -408 -574 -581 -178 -131 -64 -410 -40 132 -448 -145 -358 -495 0
-145 -63 -448 -299 -59 -413 -40 -49 -443 -177 -408 -574 -581 -178 -131 -64 -410 -358 -495 -236 -138 -210 -98 -102 -422 0
406 -359 -301 -574 -178 -203 -448 -131 -64 -540 -410 0
-582 -477 -64 -574 -269 -581 -493 -178 0
179 -30 -574 -337 -192 -158 -359 -64 -213 -178 -269 -493 0
-493 -276 -40 -574 -64 -448 -131 -178 -540 -445 -145 -301 -274 0
-276 130 -574 -64 -448 -178 -131 -40 -145 0
180 -581 -574 -350 -501 -397 -64 -406 -443 -305 -457 -448 -178 0
179 -414 -423 0
-581 -29 -137 -406 -457 -501 -452 -574 -64 -305 -476 180 0
9 -406 -574 -360 -64 -178 -301 -448 -423 -172 -27 -61 0
409 -270 -494 -574 -64 -397 -178 -167 -7 -360 -301 -448 -423 -27 -470 -188 -445 -102 0
-493 -301 -64 -178 -574 -448 -423 -188 -235 -131 -102 -494 -397 -167 -445 -40 -54 -145 0
-582 -159 -217 -258 -9 -63 -188 -253 -445 -370 -406 -574 -409 -209 -64 -298 -145 179 -448 -178 0
-491 -202 -145 -210 -408 -448 -98 -358 -131 -299 -495 -177 -40 -102 -422 -413 -490 -64 -574 -178 0
252 -443 -518 -459 -267 -393 -350 -86 0
130 -145 -448 -131 -40 -64 -574 -178 0
493 -408 -145 -59 -40 -49 -177 -236 -574 -178 -131 -64 -410 -358 -448 -443 -138 -210 0
-408 -406 492 -177 -338 -178 -476 -49 -195 -537 -490 -517 -358 -131 -40 -574 -64 -448 -372 -210 -145 -410 0
408 -222 -138 -177 -443 0
-491 -145 -178 -131 -64 -40 -448 -574 0
-493 -29 -574 -178 -64 -448 -410 -191 -131 -350 -40 -145 0
407 -145 -574 -448 -64 -40 -178 -131 0
406 -410 -447 -137 -40 -204 -448 -452 -35 -145 -574 -493 -64 -178 -581 -299 0
580 -177 -493 -574 -178 -145 -35 -299 -303 -192 -476 -64 0
582 -540 -265 -493 -448 -178 -131 -276 -40 -64 179 -61 -7 -452 -574 0
-410 -493 -64 -574 -178 -145 -448 -131 -40 0
66 -581 -476 0
-145 -40 -448 -574 -64 -178 -131 0
-582 -177 -413 -131 -178 -40 -9 -64 -448 -422 -574 -129 -359 -192 -160 65 0
136 -546 -331 -551 -443 -49 -512 -588 -506 -92 -98 414 -570 -539 -439 -210 -29 0
444 -405 -98 -306 -509 -566 -320 -546 -551 -506 -571 -32 -234 -133 -515 -561 -88 -496 -537 414 -570 -539 -439 -518 0
62 -253 -461 -239 -331 -443 -98 -509 -566 -546 -551 -506 -32 -234 -133 -515 -561 -88 -496 -537 414 -570 -539 -439 -518 -543 -512 -499 -109 0
407 -561 -98 -566 -506 -461 -496 -543 -512 -490 -49 -210 -453 -40 -270 -338 -9 -129 -413 -178 -131 -177 -64 -448 -422 -574 -359 -192 0
411 -319 -543 -545 -101 -566 -410 -189 -447 -372 -448 0
-276 -61 -448 -178 -131 -40 -64 179 582 -574 -303 -192 65 -177 -443 -407 -543 -101 -566 -203 300 0
-414 -443 -177 -407 -359 -574 -178 -448 -131 -64 -40 179 65 -566 300 0
409 -469 -566 -40 -270 -490 -448 -9 -189 -372 -545 -222 -177 -443 -407 -63 0
406 -540 -49 -443 0
-443 -177 -359 -407 -574 -178 -448 -131 -64 -40 179 65 -566 300 0
-177 -359 -574 -178 -131 -64 -448 -40 179 65 -566 300 -506 0
408 -282 -506 -493 300 -178 -40 -574 -274 -64 -131 -32 -457 -303 -499 -192 -63 -222 -410 -28 0
442 -532 -559 -338 -129 -398 -131 -178 -40 -64 -413 -448 -422 -574 -359 -506 300 -32 -303 -499 -192 -222 -410 -28 -306 0
406 -197 -422 -448 -543 -566 -410 -372 300 -178 -40 -574 -64 -131 -303 -540 -510 -582 0
-299 65 -448 -178 -40 -574 -64 -131 0
408 -443 -61 -306 180 -131 -448 -109 0
62 -443 -175 -338 -267 -159 -198 -350 -258 -250 -8 -448 -499 180 -131 -109 0
-443 -53 -8 -27 -574 -360 -64 -178 -448 -406 -61 -581 180 -476 -338 -198 -499 -131 -40 0
275 -94 -394 -70 -254 -93 -331 -281 -159 -127 -458 -166 -316 -38 -267 0
65 -40 -64 -178 -448 -131 -574 0
-443 -40 -178 -574 -64 -131 -448 0
-276 -40 -131 -178 -574 -64 -448 0
-61 -159 -339 -258 -469 -8 -548 -574 -360 -64 -178 -301 -448 -423 -406 -27 -188 -62 0
-40 -131 -64 -178 -448 -574 0
8 180 -448 -131 -146 -61 -300 -109 0
581 -61 -493 -448 -131 -29 -276 -574 -178 -64 0
-581 -410 -493 -131 -276 -544 -574 -191 -64 -350 -178 -476 0
407 -276 -493 -448 -131 -64 -574 -178 -350 0
130 -265 -398 -276 0
-276 -493 -64 -574 -178 -131 -443 -406 -448 0
581 -301 -191 -177 -178 -64 -38 0
179 -139 -254 -29 -465 -137 -570 -58 -539 -128 -359 -448 -202 -36 0
-359 -61 -64 -178 -301 -448 -406 -574 -493 -299 -581 -476 -254 -29 -465 -137 -58 -539 -128 -202 -188 -125 -548 -470 -167 -159 -191 0
359 -29 -137 -581 -188 -397 -574 -64 -178 -167 -301 -448 -470 -445 -493 -410 -566 -299 0
-493 -406 -178 -448 -64 -574 -443 -131 0
-581 -543 -548 -316 -166 -544 -398 -565 -131 -448 -276 -359 -145 -52 -406 -298 -409 -178 -64 -476 0
581 -276 -406 -398 -350 -131 -409 -178 -64 0
-276 -565 -131 -448 -145 -298 -574 -178 -64 -406 -350 -409 0
-406 -443 -131 -574 -178 -64 -448 0
-493 -581 -443 406 -64 -574 -178 -268 -476 -52 -276 0
-581 -276 -443 406 -178 -476 -64 -574 -268 -52 -448 0
581 -177 -178 -64 -38 -131 -190 0
179 -443 406 -448 -202 -36 0
-443 -131 -178 -64 -448 -574 0
180 -192 -458 -518 -493 -535 -581 -476 -305 -406 -452 -137 -574 -64 -351 -398 -276 -61 -131 -540 -448 0
-146 -204 -493 -276 -178 -131 -64 -581 179 -61 -30 -192 -540 -574 -448 0
132 -192 -493 -276 -178 -131 -64 -581 179 -61 -30 -540 -574 -448 0
-406 -581 -64 -178 -276 -131 -574 -448 0
-493 -581 -178 -131 -64 -276 -574 -448 0
-581 -276 -448 -131 -178 -64 -574 0
-276 -131 -448 -178 -64 -574 0
180 -581 -448 -574 -64 -178 -131 0
190 -30 -137 -222 -176 0
408 -358 -301 -137 -222 -176 0
-581 -131 -178 -448 -574 -64 0
-131 -178 -448 -64 -574 0
9 -188 -61 -574 -360 -64 -178 -301 -448 -406 -27 0
-9 -444 -518 -58 -499 -507 -61 -32 -109 -133 298 -268 0
539 -61 -574 -360 -64 -178 -448 -406 -27 -499 -507 298 -268 0
-9 -507 -499 -27 -61 -32 -174 -109 -133 298 -268 0
-145 -581 -574 -64 -178 -448 0
110 -540 -175 -423 -414 -406 -234 -203 -448 -100 -205 -446 -499 -188 -306 -61 0
-540 -59 -518 -406 -499 -414 -281 -61 -109 -175 -423 -234 -203 -448 -100 -205 -446 -188 -306 0
157 -250 -518 -236 -546 -137 -208 213 -36 -302 -406 -499 -414 -61 -109 -175 -423 -203 -448 -100 -446 -188 -338 -1 0
-581 -178 -64 -574 -448 0
407 -188 -446 -61 -448 -414 -203 -540 -411 0
-268 298 539 -64 -178 -448 -406 -360 -27 -507 -61 -574 0
-445 -546 -52 -40 -469 66 -38 -410 -102 -446 0
-167 -40 -496 -52 -250 -351 -265 -457 -27 -173 -188 66 -38 -410 -102 -446 -257 -166 0
274 -159 -410 -102 -188 -351 -250 -173 -500 539 -64 -178 -448 -406 -360 -61 -574 -9 0
299 -546 66 -38 -410 -102 -188 -269 -173 -54 -9 0
-301 -250 -351 -188 -410 -102 -500 -9 539 -64 -178 -448 -406 -61 -574 -30 0
62 -188 -64 -178 -448 -406 -61 -574 -540 0
-298 -493 -62 -574 -64 -178 -448 -406 -188 -192 -61 0
409 -188 -574 -64 -178 -61 -448 -406 -192 -62 0
-298 -188 -448 -574 -64 -178 -406 -540 -61 0
-188 -540 -64 -178 -61 -448 -406 -574 0
-298 -545 -446 -518 -371 -236 -496 -448 -145 -52 -300 0
192 -28 -137 -406 -176 0
-540 -61 -406 -448 -64 -178 -574 0
-301 -29 -221 -137 581 -191 -178 -64 -38 -302 0
192 -406 -137 -221 -176 0
407 -192 -221 -137 581 -178 -64 -38 -302 0
-301 -8 -499 -452 -174 -543 -221 -137 581 -178 -64 -38 -302 -99 0
-298 -258 -518 -371 -236 -448 -300 -275 -146 -446 -494 -159 -192 -499 -452 -174 -543 -221 -137 581 -178 -64 -38 -302 -99 0
298 -494 -146 0
-301 -499 -452 -8 -221 -137 581 -178 -64 -38 -302 -99 -187 -166 -566 -316 -53 -494 -275 -146 -160 0
-406 -178 -448 -64 -574 0
-298 -542 -513 -101 -446 -62 -452 -269 -173 -157 -166 -316 -275 -493 -300 0
187 -7 -109 -173 -62 0
-493 -62 -109 -414 -538 -49 -442 -518 -236 -166 -38 -371 -446 -101 -448 -494 -452 -269 -316 -275 -300 -28 -137 -194 -176 -99 301 -358 -35 -178 0
-178 -574 -64 -448 0
168 -101 -411 -580 -64 -268 -445 -130 -53 -274 -544 -38 0
582 -457 -501 -443 -51 -574 -276 -359 -191 -491 -177 -42 -350 -64 -410 -52 -268 0
63 -27 -64 -9 -268 -574 -172 -53 -411 -406 -360 -301 -274 -256 -567 -448 -188 0
275 62 -448 -421 -412 -100 -316 -130 0
582 -444 -457 -500 -302 -34 -574 -268 -64 0
495 -268 -574 -64 -406 -256 -301 -274 -448 -61 -9 -172 -188 -146 0
63 -371 -100 -421 -446 -412 -448 -38 -166 -544 0
-269 -444 -26 -172 -540 -251 -203 -448 -61 -100 -446 -574 -64 -492 -546 -41 -268 0
-52 -268 -574 -61 -64 -26 -448 -172 -410 -256 -406 -359 -301 300 -493 0
270 -566 -188 -448 -61 -274 -301 -359 -137 -406 -574 -64 -8 -299 -53 0
63 -53 -166 -580 -64 -268 -130 -274 -38 -546 -372 -448 -421 -412 -410 -188 0
-9 -406 -64 -574 -301 -448 -61 -188 -137 -8 -493 0
-268 -445 -53 -130 -274 -64 -544 -316 -258 -580 -166 -411 -101 -38 -270 0
167 -406 -137 -580 -574 -64 -53 -101 -411 -445 -360 -130 -301 -274 -544 -258 0
-406 -137 -64 -448 -574 -301 -188 -493 -61 -8 0
411 -565 -421 -448 -412 -493 -61 0
168 -545 -188 -64 -61 -409 -448 -493 -574 0
-565 -409 -421 -412 -493 -61 -448 0
-545 300 -493 -41 -188 -64 -61 -409 -448 -574 0
62 -137 -301 -493 -188 -64 -61 -448 -574 -8 0
167 187 -62 -28 -137 -64 -27 -408 -65 -8 -580 -412 -574 -442 -190 -301 -130 -274 0
-137 -188 -574 -8 -301 -493 -64 -61 -448 0
-65 -62 -491 -64 -408 -317 -92 -8 -580 -412 -574 -493 -359 -276 -176 -191 -34 0
-62 -276 -491 -574 -8 -359 -191 -64 -172 -493 -470 -176 -371 -101 -92 -448 -61 0
-276 -188 -493 -64 -61 -448 -574 -8 -301 0
63 168 -64 -491 -574 -493 -61 -448 -446 -188 0
66 -491 -64 -574 -580 -492 0
-188 -61 -574 -8 -64 -493 -448 -301 0
-65 -191 -493 -61 -448 -359 -317 -64 -62 -92 -8 -574 445 -189 0
269 -357 -570 -467 -129 -290 -350 -359 -493 -459 -250 -298 -501 -276 -453 -42 0
268 -459 -493 -501 -298 -173 -453 -8 0
494 -173 -8 -298 -25 0
-61 -8 -493 -574 -448 -64 -301 0
66 -189 -187 -448 -38 -166 -447 -493 -574 -409 0
-276 -8 -493 -63 -448 -574 -409 -64 -187 0
408 -137 -174 -458 -176 -250 -203 -51 -539 0
173 -327 -441 -137 -534 -28 0
326 -438 -267 -570 -349 -441 -250 0
327 -429 -468 -507 -438 -356 -267 -349 -85 -458 -250 0
495 -174 -468 -267 -128 303 -203 -499 -8 -549 -64 -574 -448 445 -54 -409 -146 0
-8 -301 -574 -64 -493 -448 0
66 -282 -506 -306 -54 -437 -566 -257 -166 -359 -301 -448 -316 -130 -421 -274 -412 -34 -63 -580 -574 -410 0
62 -469 -363 -497 -549 -448 -421 -412 275 -316 -130 0
162 -211 -97 0
161 -211 -97 0
65 -475 -580 0
-475 -580 -64 0
-211 -160 -97 0
446 -30 -62 -109 -257 -221 -158 -360 -302 -189 -130 0
132 -387 -96 -209 -384 -395 -51 -70 -30 -444 -106 -221 -176 -158 -77 -360 -302 -203 0
63 -158 -339 -276 -130 -209 -395 -51 -70 -221 -176 -360 -336 -62 -109 -257 -189 -371 -545 -298 -145 -448 -331 -421 -304 -412 0
-544 -535 -498 -518 -470 -236 -446 -371 -38 -166 -189 -545 0
303 -52 -298 -145 -448 -371 -101 -38 -166 -189 -187 -498 -236 -545 -490 -265 -398 -339 -407 -158 0
-544 -236 -574 66 -548 -64 -446 -189 -545 -52 -448 0
131 -189 -64 -574 -448 -65 -187 -545 -257 -158 -276 0
-317 -276 -64 -574 -448 -65 0
446 -471 -339 -302 -159 -130 0
187 -546 -269 -511 -452 -542 -371 -101 -339 -302 -159 -130 -52 -298 -145 -448 -421 -412 -62 0
445 -258 -64 -574 -65 -159 -549 -546 -52 -448 0
-276 -65 -64 -574 -448 0
-65 -574 -64 -448 0
546 -446 -130 -303 -102 -543 -270 -298 -145 -448 -316 -166 0
158 -9 -28 -304 -109 -253 -189 -129 -38 -166 0
300 -275 -471 -316 -338 -166 -157 -28 -304 -109 -253 -189 -129 -38 0
447 -319 -102 -448 -145 -298 -316 -338 -166 -304 -109 -253 -38 -222 -359 -130 0
-189 -11 -70 -396 -490 -453 -304 -270 -109 -9 -497 -338 -469 -319 -40 -54 -275 -166 -316 -38 -63 -187 -412 -448 -421 -447 -100 0
53 -204 -540 -408 -359 -159 -497 -338 -469 -40 0
-446 -545 -133 -453 -304 -270 -109 -408 -177 -359 -130 -497 -338 -166 -316 -70 -396 -38 -63 -412 -448 -421 -298 -145 -102 -222 -490 0
-545 -270 -453 -298 -145 -410 -448 -316 -166 -511 -372 -133 -304 -109 -177 -359 -130 -497 -338 -70 -396 -38 -412 -421 -222 -490 0
-574 -448 -64 0
318 -166 -37 0
145 -180 -64 -300 0
-38 -3 -276 -189 -64 -252 -447 -448 -300 -166 0
-298 -582 -165 -7 -180 -477 -145 -300 0
54 -447 -64 -448 -189 -166 0
-145 -300 -298 -166 -64 -447 -189 -448 -274 0
39 -567 -448 -541 -319 -306 -394 -8 -1 -301 -132 -447 -189 -411 -166 -64 0
9 -491 -138 -451 -30 -268 -173 0
-300 -469 -447 -189 -166 -64 -448 -319 -1 -298 -274 0
-145 -158 -257 -9 -111 -180 -62 -130 -410 -448 -274 -298 -147 0
450 -142 -451 65 -1 -40 -165 -545 -135 -566 0
-302 -301 -180 -211 -130 65 -359 0
97 -359 -34 -298 -493 0
167 -9 -298 -180 -495 -448 -274 -147 -447 -189 -318 -64 0
-145 -100 -411 -448 -298 -147 0
-447 -189 -448 -64 -166 -53 0
168 -158 -471 -275 -318 -64 -53 -37 0
-158 -130 -145 -298 -448 -189 -64 -166 -53 0
360 -490 -451 -499 -519 -11 -586 -597 -95 -378 -209 -319 -441 -160 -541 -127 -97 0
-130 -145 -448 -298 -64 -53 -166 -189 0
66 -158 -471 -545 -53 -34 -102 -166 -178 -298 -145 -37 0
-158 -145 -298 -189 -448 -53 -166 -64 0
-145 -298 -64 -166 -189 -448 -53 0
-178 -319 -72 -111 -257 -1 -158 -102 -302 -211 -34 -298 -493 -146 65 -179 0
178 -211 -64 0
66 -158 -451 -493 -34 -178 -64 -298 -37 -471 -132 -189 -545 -119 -53 -166 0
131 -72 -178 -111 -257 -158 -102 -211 -34 -298 -493 -146 65 -53 -274 0
300 -251 -448 -451 65 -142 -545 -135 -202 -493 -276 0
-1 -121 -331 -88 -206 -545 -386 -178 -72 -111 -257 -158 -102 -302 -211 -34 -298 -493 -146 65 -179 -142 0
Solved
