107 -211 -154 0
-211 -154 -106 0
484 -443 -175 -289 -181 -40 -43 -415 -1 -403 -295 -55 -62 0
148 -443 -1 -28 -403 -143 -195 -137 -43 -151 -11 0
178 -364 -301 -335 -305 0
2 -443 -43 -137 -322 -180 -301 -335 -354 -55 -28 -403 -151 0
3 -151 -289 -143 -40 -28 -415 -195 0
420 -472 -159 -223 -195 -406 -97 0
157 -364 -301 -243 -250 -520 -109 -168 -14 0
494 -14 -335 -143 -195 -159 -301 -243 -250 -520 -109 -11 -247 -223 -97 -354 -28 -1 -289 -40 -415 -342 -233 -267 -244 0
194 -364 -198 -415 -250 -40 -301 -243 -520 -109 -1 -14 -289 -159 0
242 -348 -69 0
-348 -69 -243 0
496 -109 -403 -289 -143 -28 -415 -195 -1 -243 -493 -335 -159 -301 -250 -520 -198 -11 -247 -354 -342 -233 -267 -244 -369 0
-40 -90 -322 -180 -301 -335 -364 -57 -62 -414 -418 -247 -143 -195 -198 -415 -250 -243 -520 -109 -1 -289 -159 -342 -369 -233 -460 -267 -244 -454 -493 -46 -496 -42 0
246 -465 -180 -301 -335 -364 -90 -247 -57 -322 -406 -62 -418 -414 -97 -496 -369 -233 0
-305 -465 -429 -247 -90 -126 -406 -418 -414 -97 -496 -369 -14 -520 -322 -243 -180 -306 -301 -335 -364 0
193 -418 -369 -496 -62 -109 -57 -429 -247 -90 -414 -520 -322 -243 -180 -301 -335 -364 -493 -244 -233 -168 -159 -143 0
2 -151 -233 -493 -369 -243 -301 -250 -520 -109 -289 -159 -195 -496 -62 -247 -414 -322 -180 -335 -143 -354 -28 -403 -244 0
152 -295 -73 -62 -244 -31 -493 -250 -243 -289 -159 -195 -143 -342 -198 -28 0
194 -14 -262 -152 -342 -102 -399 -233 -184 -11 -267 -244 -358 -493 -520 -243 -247 -289 -159 0
109 -488 -358 -57 -520 -306 -14 0
-14 -364 -493 -369 -243 -301 -250 -520 -289 -159 -195 -62 -247 -414 -322 -180 -335 -143 -354 -28 -403 -244 -415 -1 -198 -11 -342 -267 -358 -152 -233 -262 -102 -399 -184 0
14 -244 -243 -493 -289 -233 -195 -369 -159 0
502 -335 -195 -493 -369 -243 -250 -62 -414 -322 -28 -403 -415 -1 -11 -342 -358 -262 -102 -399 -184 -73 -31 -481 -385 -356 -287 -59 0
297 -48 -180 -301 -335 -97 -364 -247 -465 -322 -406 -62 246 -414 -90 -57 -369 -233 -307 0
-364 -233 -180 -301 -335 -97 -322 -62 -414 -369 -237 -243 -342 -403 -287 -1 -14 -493 -250 -520 -289 -159 -195 -28 -244 -415 -11 -358 -262 -102 -399 -184 -481 -73 -31 -142 -385 -59 -356 -167 -366 0
58 -247 -356 -342 0
498 -424 -191 -90 -87 -465 -81 -420 -414 -97 0
60 -352 -81 -414 -97 -322 -180 -342 -287 -369 -224 -358 -493 -233 -200 -73 -62 -244 -31 -250 -243 -289 -159 -195 -28 -520 -481 -142 -502 -385 -356 0
-233 -244 -322 -237 -415 -403 -358 -243 -180 -1 -28 -520 -287 -142 -493 -167 -385 -184 -289 -356 -342 -59 -81 -414 -97 -369 -224 -200 -73 -62 -31 -250 -159 -195 -481 -301 -335 -14 -11 -262 -102 -399 -366 0
-244 -180 -14 -369 -322 -237 -415 -403 -358 -243 -520 -1 -28 -287 -142 -493 -167 -385 -184 -289 -356 -342 -59 -81 -414 -97 -224 -200 -73 -62 -31 -250 -159 -195 -481 -301 -335 -11 -262 -102 -399 -366 0
234 -49 -399 -184 -415 -237 -370 -358 -1 -11 -31 -520 -502 -28 -59 -142 -342 -385 -283 0
193 -301 -342 -356 -59 -385 -399 -184 -415 -237 -358 -1 -11 -31 -520 -14 -369 -322 -403 -243 -287 -493 -289 -414 -200 -73 -62 -250 -159 -195 -481 -28 -335 -262 -102 0
157 -520 -502 -59 -14 0
-520 -159 -369 -415 -14 -28 -1 -358 -342 -356 -184 -250 -59 -399 -335 -385 -237 -11 -31 -322 -403 -243 -287 -493 -200 -73 -62 -414 -195 -481 -262 -102 0
408 -239 -358 -11 -460 -465 -424 -472 -247 0
158 -364 -90 -465 -414 -97 -301 -180 -335 -87 -247 -322 -406 -62 246 -57 -369 -233 -472 -358 -11 -460 -111 -305 -195 0
-364 -180 -301 -111 -358 -11 -460 -465 -472 -247 -406 -250 -168 -159 -90 -414 -97 -305 -335 -87 -322 -62 246 -57 -369 -233 -195 0
407 -81 -87 -497 -90 -465 -420 -424 -414 -97 -159 -472 -247 -168 0
-180 -454 -460 -87 -90 -465 -414 -97 -358 -11 -472 -247 -406 -159 -168 -322 -287 -353 -335 -301 -111 -250 -305 -62 246 -57 -369 -233 -195 0
246 -97 -31 -309 -347 -289 -159 -295 -195 -353 -335 -287 -460 -87 -465 -414 -358 -11 -247 -322 -301 -111 -250 -305 -62 -369 -233 -403 -1 -152 -342 -267 -493 -200 0
244 -171 -399 -68 -208 -347 -295 -383 -184 -237 -415 -403 -358 -31 -1 -11 -152 -465 -342 -247 -233 0
144 -267 -159 -342 -369 -195 -493 -233 -31 -309 -347 -289 -295 -335 -287 -460 -414 -358 -11 -247 -322 -301 -111 -250 -305 -62 -403 -1 -200 -245 -399 -68 -208 -383 -184 -237 -415 -28 0
249 -166 -342 -73 -62 -198 -31 -493 -250 -243 -289 -159 -195 -295 -143 -28 -245 -233 0
-247 -309 -287 -335 -28 -403 -369 -322 -62 -1 -31 -11 -342 -73 -493 -250 -243 -159 -195 -347 -414 -358 -111 -305 -200 -399 -68 -208 -383 -184 -237 -415 -481 -502 -385 -356 -59 0
397 -192 -43 -358 -332 -443 -184 -141 -202 -311 -70 -254 -171 0
-159 -14 -399 -358 -184 -322 -287 -237 -385 -415 -403 -28 -1 -335 -195 -31 -59 -356 -342 -369 -62 -11 -73 -493 -250 -243 -414 -200 -481 -102 -262 0
-14 -335 -415 -1 -322 -403 -102 -399 -184 -237 -358 -243 -287 -493 -356 -342 -369 -59 -385 -28 -262 -195 -31 -62 -11 -73 -250 -414 -200 -481 0
463 -337 -116 -50 -243 -301 -287 -272 -348 -399 -353 -308 -228 -47 -295 -456 -518 -84 -311 -141 -77 -184 -237 -371 -358 -143 -92 -90 -11 0
48 -305 -348 -243 -228 -301 -295 -366 -272 -353 -308 0
46 -90 -174 -425 -214 -440 -353 -308 0
-247 14 -287 -243 -11 -399 -184 -237 -358 -415 -403 -28 -1 -250 -31 -493 -342 -200 -481 -62 -195 -369 -385 -356 -59 0
153 -231 -120 -277 -178 -335 -365 -352 -403 -28 -1 0
234 -365 -322 -335 -250 -424 -168 -152 -120 -277 -403 -28 -1 -237 -176 -287 -243 -502 -493 -284 0
151 -197 -250 -168 0
150 -371 -11 0
148 -371 -11 0
51 -116 -338 0
194 -338 -11 0
387 -152 -250 -168 -28 -481 -142 0
-335 -481 -358 -287 -243 -184 -102 -493 -399 -250 -403 -28 -1 -237 -385 -322 -195 -11 -59 -356 -342 -415 -31 -200 -62 -369 -262 -73 -414 0
232 -429 -443 -418 -414 -97 -42 -289 -243 -493 -369 -284 0
-247 -354 -414 -97 -289 -243 -493 -369 -73 -102 -399 -301 -250 -415 -403 -365 -1 -342 -28 -481 -142 -168 -385 -157 -59 -356 0
288 -301 -59 -250 -168 -28 -481 -142 -356 -342 -414 -97 -289 -243 -493 -369 -73 -102 -399 -385 -415 -403 -365 -1 -157 0
234 -283 -171 -295 -184 -237 -415 -403 -358 -31 -1 -11 -152 -465 -342 -247 -233 -243 -245 -142 -399 -502 -28 -59 -370 -385 -49 0
408 -454 -48 -393 -174 -90 -295 -468 -460 -465 -430 -472 -247 0
407 -295 -62 -430 -420 -247 0
-247 -502 -200 -369 -184 -237 -415 -403 -358 -31 -1 -11 -342 -243 -142 -399 -493 -28 -59 -370 -385 -49 -62 -231 -481 -168 -356 -157 -414 -97 -289 -73 -102 -301 -250 -365 0
255 -390 -395 -70 0
-159 -26 -18 -13 -243 -493 -289 -233 -195 -369 -244 -157 0
-301 -168 -403 -184 -1 -358 -415 -11 -262 -369 -243 -493 -195 -28 -102 -481 -399 -385 -250 -356 -342 -200 -237 -31 -59 -62 -414 -73 -322 -287 0
-168 -481 -28 -385 -250 -287 -342 -356 -59 -403 -184 -1 -358 -415 -11 -262 -369 -243 -493 -195 -102 -399 -200 -237 -31 -62 -414 -73 -322 0
386 -153 -197 -28 -481 -142 0
508 -59 -356 -342 -385 -28 -250 -287 -403 -184 -1 -358 -11 -262 -243 -493 -102 -399 -200 -237 -31 -62 -414 -73 -322 -23 0
151 -168 -11 -159 -342 -195 0
117 -49 -337 0
245 -267 -11 -465 -90 -237 -175 -195 -262 -247 -342 -102 -399 -14 -184 -233 -152 -358 -493 -244 -243 -337 -289 -159 -504 0
116 -49 -337 0
12 -370 -148 0
158 -40 -497 -243 -472 -175 -406 -237 -247 -90 -465 -11 -337 -195 -168 0
-481 -244 -195 -353 -287 -87 -465 -414 -358 -11 -247 -322 -250 -62 -369 -403 -1 -152 -342 -493 -200 -243 -406 -262 -102 -399 -184 -31 -168 -175 -237 -337 -28 -385 -356 -59 -73 0
463 -192 -329 -141 -184 -237 -358 -90 -11 0
-245 -42 -243 -175 -159 -337 -406 -237 -342 -73 -62 -31 -493 -250 -289 -195 -295 -143 -28 -198 -233 -247 -90 -465 -329 -141 -184 -358 -11 -262 -52 -102 -399 -171 -95 -265 -369 -283 -244 0
245 -14 -11 -465 -90 -237 -175 -195 -262 -247 -342 -102 -399 -493 -184 -233 -152 -358 -244 -243 -337 -289 -159 -504 0
463 -208 -243 -87 -192 -358 -90 -11 -329 -184 -237 0
-244 -406 -358 -488 -184 -237 -342 -73 -62 -31 -493 -250 -243 -195 -28 -247 -465 -87 -11 -262 -52 -102 -399 -171 -369 -283 -175 -152 -337 -353 -287 -414 -322 -403 -1 -200 -168 -385 -356 -59 0
-481 157 -59 -502 -369 -87 -337 -474 -321 -266 -42 -482 -28 -385 -250 -287 -342 -356 -403 -184 -1 -358 -168 -11 -262 -243 -493 -195 -102 -399 -200 -237 -31 -62 -414 -73 -322 0
197 463 -52 -243 -87 -262 -358 -90 -11 -184 -237 -102 -399 -171 -96 0
158 12 -337 -195 -168 0
340 -168 -59 -369 -87 -28 -385 -250 -287 -342 -356 -403 -184 -1 -358 -493 -11 -262 -243 -195 -102 -399 -200 -237 -31 -62 -414 -73 -322 -52 -171 -465 -247 -488 -152 -353 0
-168 -195 -11 -247 -342 -59 -369 -87 -28 -385 -250 -287 -356 -403 -184 -1 -358 -493 -262 -243 -102 -399 -200 -237 -31 -62 -414 -73 -322 -52 -171 -465 -488 -152 -353 0
-142 -369 -493 -243 -23 -1 -403 -11 -247 -28 -342 -250 -59 -385 -287 -356 -184 -358 -262 -102 -399 -200 -237 -31 -62 -414 -73 -322 -52 0
-481 -87 -247 -342 -102 -399 194 -184 -11 -358 -493 -244 -243 -59 -369 -262 -28 -385 -250 -287 -356 -403 -1 -168 -195 -200 -237 -31 -62 -414 -73 -322 0
397 -329 -485 -295 -62 -309 -191 -272 -262 -50 -205 -116 -52 -209 -102 0
-87 -244 -485 -243 -358 -184 -102 -399 -262 -52 -247 -342 194 -11 -493 -62 -59 -369 -28 -385 -250 -287 -356 -403 -1 -168 -195 -200 -237 -31 -414 -73 -322 -85 0
-244 -168 -399 -358 -243 -485 -102 -262 -52 -247 -342 194 -11 -493 -62 -59 -369 -28 -385 -250 -287 -356 -403 -1 -184 -195 -200 -237 -31 -414 -73 -322 -85 0
-49 -329 -255 -13 -399 -485 -295 -62 -26 -191 -272 -262 -50 -205 -116 -52 -209 -102 -228 -348 -243 -521 -337 0
-87 -57 -62 -485 -425 -137 -243 -443 -348 -301 -102 -228 -399 -295 -272 -262 -50 -116 -52 -255 -521 -337 -96 -198 -59 -369 -474 -502 157 -42 -482 -28 -385 -250 -287 -342 -356 -403 -184 -1 -358 -168 -11 -493 -195 -200 -237 -31 -414 -73 -322 -85 0
-481 -474 -223 -496 -266 -42 -482 -28 -385 -250 -287 -342 -356 -59 -403 -184 -1 -358 -168 -11 -262 -369 -243 -493 -195 -102 -399 -200 -237 -31 -62 -414 -73 -322 0
-168 -485 -28 -385 -250 -287 -342 -356 -59 -403 -184 -1 -358 -11 -262 -369 -243 -493 -195 -102 -399 -200 -237 -31 -62 -414 -73 -322 -52 -85 -247 194 0
-195 -369 -403 -247 -31 -1 -28 -385 -250 -287 -342 -356 -59 -184 -358 -11 -262 -62 -243 -493 -102 -399 -200 -237 -414 -73 -322 -52 -85 -130 -193 0
144 -87 -168 -342 -59 -369 -195 -28 -385 -250 -247 -356 -403 -184 -1 -358 -493 -262 -243 -102 -399 -287 -237 -31 -62 -414 -73 -322 -200 -52 -11 0
142 -52 -369 -403 -1 -28 -31 -250 -385 -342 -247 -59 -184 -358 -11 -262 -62 -243 -493 -102 -399 -356 -237 -414 -73 -322 -287 -200 -195 0
-52 -200 -342 -59 -369 -195 -28 -385 -250 -247 -356 -403 -184 -1 -358 -493 -262 -243 -102 -399 -287 -237 -31 -62 -414 -73 -322 -168 -11 0
107 -523 -154 0
52 -106 -399 -102 0
-244 -287 -504 -28 -420 -308 -151 -73 -62 -31 -493 -250 -243 -289 -159 -195 -295 -342 -143 -272 -403 -358 -511 -233 -245 -369 0
-287 -322 -73 -342 -247 -28 -62 -493 -250 -243 -195 -403 -358 -369 -59 -385 -356 -184 -1 -262 -102 -399 -237 -414 -31 -168 -11 0
406 -159 -11 -195 -342 -168 0
248 158 -11 -195 -168 -465 -342 0
154 -212 -399 -184 0
-523 -154 -106 0
341 -406 -247 0
408 397 -73 -295 -62 -262 -52 -102 -244 -482 -493 -247 -342 -399 -184 -11 -233 -358 -520 -243 -14 -289 -159 -168 -195 -143 -463 -31 0
-356 -247 -195 -369 -168 -73 -62 -262 -102 -493 -342 -399 -184 -11 -358 -243 -31 -28 -250 -403 -59 -385 -1 -237 -414 0
-159 -23 -107 -11 -195 -168 -342 -408 -247 0
232 -244 -493 -290 -243 -195 -11 -342 -59 -107 -168 -408 -247 -369 0
-244 -107 -11 -465 -250 -168 -195 -247 -342 -493 -385 -234 -290 -243 -59 -408 -369 0
-247 -385 -11 -243 -250 -168 -195 -342 -59 -493 -369 -73 -62 -262 -102 -399 -184 -358 -31 -28 -403 -1 -237 -414 0
398 -429 -136 -38 -322 -231 -178 -334 -366 -303 -102 0
521 -190 -308 -262 -256 -488 -48 -69 -358 -243 0
-190 -308 -424 -184 -136 -202 -443 -311 -380 -395 -70 -253 -25 -14 -522 -358 -262 -256 -488 -48 -69 -243 0
309 -256 -69 -522 -243 -14 0
521 -429 -332 -484 -136 -322 -202 -178 -256 -184 -305 -69 -358 -243 0
-159 -87 -358 -338 -424 -184 -148 -136 -311 -70 -522 -332 -484 -322 -178 -69 -243 -303 -171 -102 -399 -231 -366 -393 -403 -89 -1 -168 -152 -493 -244 -233 -369 -195 -11 -342 0
167 -445 -466 -403 -267 -28 -385 -250 -287 -342 -356 -59 -184 -1 -358 -168 -11 -262 -369 -243 -493 -195 -102 -399 -200 -237 -31 -62 -414 -73 -322 -256 -41 -308 -319 0
520 -200 -28 -385 -250 -342 -59 -403 -184 -1 -358 -168 -262 -369 -243 -493 -195 -102 -399 -11 -237 -31 -62 -414 -73 -267 -225 -48 -178 234 -120 -231 -366 -69 -15 0
-233 -244 -358 -243 -403 -399 -28 -385 -250 -342 -59 -1 -168 -262 -369 -493 -195 -102 -11 -237 -31 -62 -414 -73 -184 0
143 -176 -338 -49 -237 -168 -11 -152 -463 -28 0
-385 -59 -243 -403 -399 -28 -250 -342 -358 -1 -168 -262 -369 -493 -195 -102 -11 -237 -31 -62 -414 -73 -184 0
154 -28 -102 -184 -358 -399 0
348 -247 -11 -28 -195 -168 -142 -342 -237 -385 -157 -59 -289 0
60 -152 -11 -516 -195 -168 -142 -342 -247 -237 -385 -157 0
-152 -247 -237 -168 -11 -28 -385 -102 -338 -250 -195 -342 -493 -243 -59 -369 -419 -516 0
152 -142 -59 -385 -342 -28 0
-338 -385 -184 -358 -262 -243 -250 -168 -403 -28 -1 -237 -493 -102 -399 -195 -11 -342 -59 -62 -369 -31 -516 -99 0
-385 -73 -403 -28 -358 -184 -399 -102 -59 -342 -262 -243 -250 -168 -237 -493 -195 -11 -62 -369 -31 -1 0
385 -59 -168 -342 -28 -184 -358 -11 -154 -195 0
-1 -512 -28 -358 -184 -399 -102 -59 -342 -262 -243 -168 -237 -493 -195 -11 -62 -369 -250 -403 -3 0
398 -307 -295 -62 -14 -419 -521 -443 -208 -102 0
33 -206 -52 -171 -102 -399 -295 -62 -14 -419 -521 -443 -208 -74 -512 -272 0
-338 -406 -243 -175 -237 -247 -90 -11 -337 -195 -168 -198 -403 -102 -399 -62 -358 -262 -342 -283 -369 -493 -28 -385 -59 60 -152 0
397 -312 -202 -184 -518 -358 -332 -488 -440 -191 -262 -198 -96 -52 -171 -102 0
10 -73 -171 -102 -399 -358 -184 -488 -262 -198 -62 -283 -357 -493 -116 -337 -159 -11 -195 -168 -342 -247 -243 -31 -369 -175 -406 -233 -237 -90 -465 0
-96 -95 -198 -52 -243 -87 -262 -358 463 -11 -184 -237 -102 -399 -171 -90 0
285 -245 -233 0
-73 -465 -50 -243 -116 -399 -353 -184 -237 -358 -143 -90 -11 -403 -233 -369 -493 -159 -195 -479 -337 -247 -102 -482 -171 -198 -87 -262 -283 -357 -175 -31 -406 -250 -212 -168 -488 -62 -342 0
464 -511 -184 -62 -403 -358 -345 -357 -116 -337 -243 -159 -11 -195 -168 -342 -247 -31 -369 -175 -406 -233 -237 -90 0
144 -250 -102 -358 -11 -247 -283 -233 -493 -243 -482 -357 -175 -198 -406 -399 -403 -31 -212 -195 -168 -184 -237 -159 -337 -90 -62 -345 -116 -342 -369 -50 -353 -143 -479 -262 -488 0
197 -226 -85 -50 -485 -272 -62 -295 -192 -403 0
441 -192 -425 -262 0
360 -463 -247 -62 -262 408 -102 -52 -482 -493 -295 -342 -399 -184 -11 -233 -358 -243 -289 -159 -168 -195 -143 -31 157 -59 -348 -85 -50 -485 -403 -198 -276 -488 0
-244 -238 -499 -460 -306 -243 -521 -200 -13 -245 -493 -159 -233 -289 -369 -195 0
404 -496 -223 -474 -93 -266 -125 -482 -427 -198 0
398 -200 -474 -198 -237 -243 -90 -348 -204 -295 -431 -317 -37 -403 -223 -93 -369 -13 -71 -26 -504 -482 -499 -460 -521 -493 -159 -233 -289 -195 -191 -425 -137 -443 -301 -169 -102 0
405 -287 -353 -322 -137 -497 -42 -321 -258 -116 -230 -309 -337 -485 -431 -272 -62 -295 -226 0
-244 -200 -460 -243 -521 -499 -13 -493 -159 -233 -289 -369 -195 -301 -191 -366 -85 -353 -116 -50 -295 -482 -198 -403 -322 -137 -42 -337 -485 -62 -348 -504 -463 -247 -262 408 -102 -52 -342 -399 -184 -11 -358 397 -73 -168 -143 -31 0
-14 -78 -474 -93 -266 -125 -482 404 -198 -204 -90 -485 -237 -333 -295 -348 -243 157 -59 -502 0
404 -502 -204 -425 -137 -474 -93 -266 -125 -482 -198 -369 -485 -237 -295 -348 -243 157 -59 -90 -518 -395 -169 -96 0
-14 -287 -353 -301 -335 -322 -137 -429 -230 -485 -431 -272 -62 -295 -228 -348 -243 157 -59 -502 0
196 -57 -295 -62 -272 -485 -308 -348 -243 -301 -228 -366 -353 -425 -174 -90 -496 -468 -223 -518 -474 -276 -395 -266 -169 -482 -96 0
330 -295 -62 -485 0
296 -502 -425 -137 -474 -93 -266 -125 -482 -198 -369 -485 -237 -295 -348 -243 157 -59 -90 -518 -204 -169 -479 -74 -111 -21 -191 -460 -85 -208 -116 -50 -272 -403 -309 -226 0
-14 -301 -353 -403 -335 -322 -137 -485 -431 -272 -62 -295 -348 -243 157 -59 -425 -474 -93 -266 -125 -482 -198 -369 -237 -90 -518 -204 -169 -479 -74 -21 -191 -460 -85 -116 -50 -504 -521 0
297 -308 -272 0
405 -191 -85 -198 -295 -62 -272 -485 -308 -348 -243 -301 -366 -353 -425 -90 -496 -468 -223 -518 -474 -276 -169 -482 -521 -399 -199 -237 -204 -431 -317 -37 -403 -93 -369 -13 -71 -26 -504 -499 -460 -493 -159 -233 -289 -195 -137 -443 -102 -345 -74 -512 0
-250 -31 -488 -237 -90 -482 -198 -403 -243 -353 -399 -317 -369 -504 -493 -159 -233 -195 -102 -345 -59 -479 -116 -50 -184 -358 -247 -262 -342 -11 -168 -143 -62 -283 -357 -28 -3 -406 -175 -212 -337 0
250 -247 -357 -406 -154 -168 0
405 -210 -399 -184 -243 -358 -348 -511 -227 0
273 -330 -399 -137 -266 -74 -482 -102 -511 -198 -403 -184 -243 -358 -348 -247 -11 -406 -250 -357 -195 -168 -116 -295 -50 0
-485 -348 -237 -243 -90 -198 -184 -403 -358 -511 -345 -62 -295 -271 -399 -137 -266 -74 -482 -102 -247 -11 -406 -250 -357 -195 -168 -116 -50 0
404 -131 -358 -11 -247 -143 -406 -195 -168 -50 -271 -295 -357 -348 -154 -243 -90 -212 -237 -184 -266 -332 -74 -482 -329 -511 -198 0
-348 -295 -116 -271 -399 -184 -243 -358 -511 -50 -62 -345 -403 -11 -247 -143 -406 -195 -168 -357 -154 -90 -212 -237 -482 -198 -102 -283 -233 -493 0
296 -291 -195 -50 -357 -271 0
-295 -198 -403 -511 -62 -345 -195 -50 -357 -271 -237 -175 -116 -399 -184 -243 -358 -11 -247 -143 -406 -168 -154 -90 -212 -482 -102 -283 -233 -493 0
340 -152 -243 -195 -11 -342 -59 -168 -369 -403 -62 -237 -399 -184 -358 -102 -262 -28 -493 0
-247 -14 -369 -245 -11 -195 -342 -168 341 0
247 -245 -284 -385 -142 -338 -176 -237 -168 -11 -152 -49 -28 0
494 -152 -11 -237 -168 -154 -28 -385 -342 -59 -369 -195 341 0
405 -444 -303 -102 -316 -399 -37 -136 -231 -322 -178 -334 -366 -450 -320 -243 -369 -69 -522 309 -173 0
-485 -377 -428 -420 -444 -62 -328 -484 -295 0
513 -294 -65 -303 -139 -366 -202 -250 -184 -19 -358 -73 0
398 -38 -136 -102 -231 -322 -444 -178 -334 -366 -303 0
242 -444 -303 -102 -399 -136 -231 -322 -178 -334 -366 -328 -428 -420 -62 -484 -295 -316 -37 -450 -320 -258 -69 0
51 -450 -488 -184 -358 -522 -243 -102 -136 -231 -178 -366 -420 -62 -484 -295 -399 -69 -198 -403 -369 -173 -28 -59 -342 -262 -168 -237 -493 -195 -11 -73 -148 -338 0
-485 -428 -202 -136 -184 -424 -358 -190 -332 -328 -484 -62 -295 0
404 -450 -69 -243 -202 -184 -358 -332 -190 -136 -424 -484 -62 -295 -198 -3 0
-485 -202 -184 -358 -443 -190 -136 -424 -332 -484 -62 -295 0
330 -38 -322 -231 -136 -178 -424 -332 -190 0
138 -471 -474 -369 -157 -243 -493 -289 -233 -195 -244 -13 -38 -25 -28 -358 -184 -399 -102 -59 -342 -262 -168 -237 -11 -62 -250 -403 -3 -253 -97 -79 -70 -395 -420 -380 -190 -178 -443 -424 -322 0
88 -198 -358 -262 -369 -243 -493 -195 -28 -399 -102 -59 -342 -168 -237 -11 -62 -403 -295 -184 -152 0
151 -272 -49 -168 -403 -28 -358 -184 -399 -102 -59 -342 -262 -243 -237 -493 -195 -11 -62 -369 -73 -250 0
-295 -152 -262 -369 -243 -493 -195 -28 -399 -102 -59 -342 -168 -237 -11 -62 -403 -184 -358 0
-152 -59 -243 -493 -195 -28 -358 -184 -399 -102 -369 -342 -262 -168 -237 -11 -62 -403 0
-59 -403 -342 -168 -28 -243 -493 -358 -184 -399 -102 -369 -262 -237 -11 -62 -195 0
486 -332 -237 -344 -514 -62 0
192 -481 -11 -420 -175 -195 -406 -237 -250 -168 -28 -444 -247 -386 -426 -151 -57 -403 -511 -184 -358 -262 0
249 -444 -11 -195 -337 -420 -168 -386 -406 -233 0
138 -57 -403 -197 -358 -262 -11 -420 -175 -195 -406 -237 -250 -168 -28 -247 -386 -151 -511 -184 -191 -337 -283 0
426 285 -195 -28 -151 -237 -175 -243 -386 -493 -11 -247 0
329 -250 -358 -262 -195 -28 -151 -237 -175 -243 -386 -493 -11 -247 -283 -136 -406 -403 -168 -184 -337 -344 -62 -485 -514 0
328 -485 -28 -262 -358 -184 -399 -102 -514 -344 -237 -62 -151 0
59 -343 -62 -237 -332 -485 -342 0
-406 -15 -521 -195 -85 -385 -59 -168 -342 -408 -247 0
-59 -342 -243 -204 -11 -28 -195 -168 -332 -237 -247 -295 -89 -151 -521 -85 -408 -403 -493 -358 -184 -399 -102 -262 -62 0
-247 -332 -28 -488 -168 -403 -295 -512 -62 -237 -195 -485 -243 -204 -11 -89 -151 -521 -85 -493 -358 -184 -399 -102 -262 -248 0
-342 247 -237 -168 -11 -28 -195 -403 -243 -493 -358 -184 -399 -102 -262 -62 0
143 -385 -332 -62 -419 -44 -443 -137 -204 -285 -89 -232 -463 -485 0
420 -231 -39 -322 -293 -137 -44 -335 -443 -80 0
194 -2 -217 -332 -403 -485 -55 -62 -419 -137 -44 -443 -430 -301 -295 -355 -449 -524 -346 -154 -243 -521 -208 -85 -49 0
-485 -295 -62 -137 -204 -89 -195 -217 -403 -11 -243 -521 -85 -237 -262 -399 -440 -102 -488 -168 -28 -493 -358 -184 -512 -248 -250 -328 0
340 -142 -11 -465 -370 -385 -49 -243 -204 -28 -195 -168 -332 -237 -247 -295 -89 -342 -521 -85 -408 -403 -493 -358 -184 -399 -102 -262 -62 0
193 -49 -385 -85 -234 -493 -168 -243 -11 -28 -195 -247 -237 -342 -465 -204 -332 -295 -89 -521 -408 -403 -358 -184 -399 -102 -262 -62 0
194 -357 -385 -131 -243 -204 -11 -28 -195 -168 -332 -237 -247 -295 -89 -342 -521 -85 -408 -403 -493 -358 -184 -399 -102 -262 -62 0
-247 -385 -85 -493 -168 -243 -11 -28 -195 -237 -204 -332 -295 -89 -521 -403 -358 -184 -399 -102 -262 -62 -131 -248 0
-142 -25 -253 -377 -346 -154 -243 -45 -32 -493 -443 -512 -139 -137 -204 -285 -89 -11 -94 -49 -232 -463 -195 -169 -85 -385 -197 -28 -153 -481 -144 0
233 -335 -80 -231 -419 -502 -443 -322 -137 -285 0
178 -502 -287 -231 0
138 -80 -335 -419 -178 -443 -322 0
-385 -517 -204 -137 -295 -243 -521 -85 -195 -377 -45 -493 -512 -139 -89 -11 -28 -262 -440 -488 -198 -399 -102 -168 -515 -176 -237 -403 -358 -184 -62 -332 -131 -248 0
-211 -440 -262 -488 -154 -28 -213 0
143 -370 -342 -247 -106 -49 -11 -465 -385 0
193 -142 -512 -332 -204 -89 -102 -408 -49 -399 -243 -342 -106 -234 -403 -168 -28 -358 -184 -262 -237 -11 -62 -195 -385 -247 -295 -465 -191 -521 0
-142 -295 -408 -385 -342 -11 -195 -512 -332 -204 -89 -102 -49 -399 -243 -106 -234 -403 -28 -358 -184 -262 -237 -62 -247 -168 -465 -191 -521 0
-295 -49 -488 -168 -403 -247 -512 -62 -237 -195 -332 -243 -204 -11 -89 -521 -358 -184 -399 -102 -262 -248 -385 -28 -106 -191 0
194 -59 -342 -408 -11 -195 -168 -107 -247 0
-49 -247 -204 -89 -250 -168 -262 -403 -191 -385 -243 -11 -28 -195 -512 -237 -488 -102 -521 -399 -106 -332 -62 -358 -184 -248 0
-247 -332 -195 -168 -204 -89 -250 -262 -403 -191 -385 -243 -28 -512 -237 -488 -102 -521 -399 -106 -11 -62 -358 -184 -248 0
193 -253 -346 -154 -243 -25 -32 -493 -443 -512 -137 -204 -285 -89 -11 -94 -49 -232 -463 -195 -169 -385 -197 -28 -153 -144 -191 -62 -473 -332 -281 -419 0
-231 -2 -39 -403 -55 -80 -62 -419 -443 -368 -137 -335 -322 -232 -502 -287 -285 0
-332 -137 -62 -403 -106 -243 -521 -195 -512 -204 -89 -11 -385 -28 -191 -237 -262 -399 -440 -102 -488 -168 -358 -184 -250 -248 0
194 -357 -485 -329 -62 -28 -262 -358 -184 -399 -102 -514 -237 -521 -195 -342 -408 -168 -385 -247 -153 -11 0
-247 -49 -11 -28 -195 -168 -385 -237 -153 -106 -243 -465 -485 -329 -62 -262 -358 -184 -399 -102 -514 -521 -248 0
247 -153 -488 -28 -102 -168 -514 -237 -11 -195 -403 -243 -493 -358 -184 -399 -262 -62 0
425 -521 -62 -28 -262 -358 -184 -399 -102 -237 -195 -168 -11 -243 -488 -403 -512 -204 -191 -250 -213 0
143 -385 -512 -62 -514 -102 -58 -488 -403 -28 0
193 -148 -11 -464 -143 0
144 -427 -403 -226 -358 -11 -424 408 -460 -247 -295 -518 -268 -250 -266 -168 -237 -204 -158 -496 -90 -58 -28 -243 -493 -184 -399 -102 -342 -262 -62 -195 -151 -87 -208 -192 -464 -385 0
141 -197 -151 -168 -385 -158 -23 -58 -403 -28 -243 -493 -358 -184 -399 -102 -342 -262 -237 -11 -62 -195 -332 -514 -485 -415 0
-49 -385 -62 -217 -237 -90 -204 -151 -168 -403 -28 -243 -358 -184 -399 -102 -342 -262 -11 -195 -514 -328 -143 -424 408 -247 -250 -192 -464 -138 -283 -233 -356 -521 -175 -85 -337 0
291 -295 -383 -151 -168 -385 -158 -23 -58 -403 -28 -243 -493 -358 -184 -399 -102 -342 -262 -237 -11 -62 -195 -332 -514 -140 -45 -328 -321 -130 0
139 -332 -328 -45 0
88 -295 -243 -290 -348 -151 -168 -385 -158 -23 -58 -403 -28 -493 -358 -184 -399 -102 -342 -262 -237 -11 -62 -195 -332 -514 -45 -328 -321 -143 -464 -204 0
-295 -332 -499 -21 -238 -474 -385 -356 -233 -58 -403 -168 -28 -243 -493 -358 -184 -399 -102 -342 -262 -237 -11 -62 -195 -479 -33 -210 -348 -427 -198 -271 -518 -328 -204 -90 -290 -151 -158 -23 -514 -45 -321 -143 -464 0
-332 -353 -427 -403 -233 -90 -512 -385 -204 -62 -237 -342 -106 -58 -328 -356 -499 -21 -238 -474 -168 -28 -243 -358 -184 -399 -102 -262 -11 -195 -479 -33 -210 -348 -198 -271 -518 -290 -151 -158 -23 -514 -45 -321 -143 -464 0
-385 -342 -399 -184 -243 -358 -233 -431 -356 -62 -328 -217 -90 -512 -204 -237 -403 -238 -168 -28 -102 -262 -11 -195 -151 -514 -464 -138 -283 -213 -175 -250 -424 408 -247 -192 -521 -85 -337 -488 0
-342 -464 -90 -28 -11 -213 -399 -184 -243 -358 -233 -431 -356 -62 -328 -217 -512 -204 -237 -403 -238 -168 -102 -262 -195 -138 -250 -424 -247 -192 -521 -85 -488 -407 -341 0
-247 -512 -62 -237 -403 -328 -90 -250 -168 -28 -11 -213 -399 -184 -243 -358 -217 -204 -238 -102 -262 -195 -138 -424 -192 -521 -85 -488 -249 0
-342 -213 -237 -168 -11 -28 -195 -403 -243 247 -358 -184 -399 -102 -262 -62 0
331 -44 -443 -62 -419 -485 -140 0
333 -39 -66 -328 -332 -217 -140 0
-485 331 -443 -62 -419 -328 -140 -295 0
357 -110 -480 -238 -473 -466 -94 -391 -169 -354 -395 -256 -47 -512 -311 -308 -32 -273 -295 0
106 -493 -232 -285 -385 -525 -213 0
-485 -295 -443 -62 -328 -332 -140 -419 0
51 -94 -480 -238 -473 -466 -253 -391 -169 -354 357 -256 -47 -512 -311 -32 -295 -25 -69 -243 -208 -85 0
-295 -493 -253 -311 -32 -512 -232 -169 -285 -385 -153 -28 -197 -144 -154 -243 -346 -443 -25 -204 -89 -11 -49 -463 -195 -191 -62 -473 -332 -281 -419 -480 -238 -466 -391 -354 -47 -208 -85 -355 -106 -383 -140 -328 0
295 -443 -328 -332 -140 -419 -62 0
-385 -232 -285 -525 -213 -253 -311 -32 -512 -169 -153 -28 -197 -144 -154 -243 -346 -443 -25 -204 -89 -11 -49 -463 -195 -191 -62 -473 -332 -281 -419 -480 -238 -466 -391 -354 -47 -208 -85 -355 -383 -140 -328 0
359 -250 -28 -243 -195 -62 -262 -399 -102 -237 -168 -403 -358 -184 -11 -424 0
-485 -153 -168 -250 -408 -328 -443 -62 331 -140 -295 0
152 -320 -243 -117 -176 -342 -168 0
141 -88 -55 -342 -247 -403 -11 -168 -195 -250 -243 -208 -522 -301 -237 -382 -332 0
152 -44 -332 -301 -443 -62 -243 -237 -148 -11 -195 -247 -192 -515 -370 -342 -106 -385 -424 -168 -88 -28 0
-89 -204 -295 -168 -11 -28 -195 -237 -342 -243 -332 -403 -358 -184 -399 -102 -262 -62 -250 -424 0
-204 -342 -237 -332 -62 -243 -11 -403 -195 -28 -328 -295 -262 -424 -168 -358 -184 -399 -102 -250 0
406 -58 -342 -11 -195 -168 0
333 -176 -522 -384 -243 -148 -208 -342 -247 -11 -195 -168 -403 -55 -62 -328 -295 0
-485 -151 360 -62 -262 -102 -295 -342 -399 -184 -11 -289 -358 -243 -168 -195 -348 -403 -276 -23 -521 -58 -28 -237 -332 -328 -484 0
-59 -143 -463 -131 -289 -168 -195 -23 -13 -58 -403 -28 -243 -493 -358 -184 -399 -102 -342 -262 -237 -11 -62 0
343 -226 -403 -295 -513 -62 0
88 -342 -102 -403 -28 -168 -195 -243 -358 -184 -399 -62 -262 -237 -11 -295 360 -332 -328 -384 -141 0
-342 -328 -28 -195 -243 -168 -403 -62 -11 -295 -332 -424 -237 -102 -358 -184 -399 -262 -250 0
248 -153 -89 -168 -424 -408 0
59 -285 -11 -195 -243 -208 -522 -493 -203 -430 -419 -232 -295 -106 -62 -385 -355 -343 -157 0
-521 -485 -62 -419 -443 -44 -301 -295 -355 -65 -106 -262 -346 -154 -439 -192 -243 -15 -430 -403 -332 -55 194 -2 -449 -208 -85 -49 -522 0
357 -48 -497 -354 -41 -288 -290 -106 0
-485 -319 -443 -430 -62 -295 -355 -354 -106 -232 -439 -502 -285 -424 -89 -419 -203 -243 -15 -301 -262 -346 -154 -192 -403 -332 -55 194 -2 -449 -208 -85 -49 -522 -328 0
520 -45 -443 -419 -139 -354 -203 -89 -439 -192 -262 -424 -55 -403 -2 -62 -80 -335 -232 -502 -285 -430 -273 -301 -295 -449 -355 -106 -346 -154 -243 -15 0
-137 -496 -98 -419 -367 -443 -232 -138 -322 -502 -335 -80 -231 -285 0
357 -139 -203 -45 -89 -424 -98 -419 -367 -443 -232 -322 -502 -335 -80 -231 -285 -403 -55 -354 -304 -307 -288 -301 -295 -106 0
142 -419 -430 -62 -301 -295 -355 -203 -89 -424 -443 -232 -502 -285 -403 -55 -354 -106 -243 -522 -439 -192 -262 -2 -449 -346 -154 -328 -332 -208 -49 -157 -11 -195 0
-485 -44 -443 -293 -419 -65 -62 -317 -339 -332 -49 -218 -86 -192 -328 -295 0
-328 -295 -62 -332 -403 -243 -424 -262 -11 -195 -28 -168 -237 -102 -358 -184 -399 -250 0
-342 -176 -403 -43 -55 -493 -443 -62 -243 -419 -138 -11 -195 -168 -249 -356 -237 -28 -358 -184 -399 -102 -262 0
-89 -419 -43 -141 -243 -55 -301 -403 -356 -196 -249 -168 -424 -493 -443 -62 -66 -138 -11 -195 -237 -28 -358 -184 -399 -102 -262 -203 -90 0
-419 -249 -148 -11 -195 -168 -443 -403 -43 -55 -493 -62 -243 -138 -356 -237 -28 -358 -184 -399 -102 -262 -515 -141 -301 -196 -424 -66 -203 -90 0
-89 -342 -237 -295 -168 -11 -28 -195 -243 -332 -403 -358 -184 -399 -102 -262 -62 -250 -424 0
-342 -295 -11 -195 -403 -28 -237 -243 -168 -332 -358 -184 -399 -102 -262 -62 -250 -424 0
-295 -332 -424 -237 -11 -195 -403 -28 -243 -168 -358 -184 -399 -102 -262 -62 -250 0
418 -247 -355 -106 -522 -154 -243 -347 -148 -342 -443 0
-356 -89 -519 -203 -253 -513 -195 -28 -493 -237 -243 -11 -247 -424 -385 -345 -342 -407 -168 -355 0
356 -305 -243 -154 -301 -106 0
-342 -347 -148 -195 -443 -11 -28 -493 -237 -243 -424 -519 -203 -253 -513 -356 -385 -345 -168 -355 -403 -358 -184 -399 -102 -262 -62 0
-332 -250 -168 -424 -237 -195 -11 -28 -243 -403 -358 -184 -399 -102 -262 -62 0
425 -356 -485 -62 -329 -247 -192 0
328 -427 -403 -198 -45 0
-356 -55 -403 -62 -485 -329 -443 -493 -243 -175 -148 -11 -195 -28 -247 -88 -424 -192 -342 -168 0
-250 -399 -28 -403 -195 -424 -11 -243 -62 -237 -358 -184 -168 -102 -262 0
-399 -424 -102 -237 -28 -262 -184 -358 -11 -168 -403 -195 -243 -62 0
249 -337 -210 -195 -192 -168 -463 -424 -406 0
152 -384 -243 -156 -342 -176 -168 -337 -212 -28 0
494 -141 -332 -403 -198 -384 -443 -243 -138 -156 -283 -525 -233 0
88 -138 -212 -403 -243 -106 -156 -283 -233 -262 -441 -489 -28 -151 -342 -168 -337 -148 -175 -237 -203 0
-493 -47 -348 -243 -353 -403 -331 -168 -55 -62 -356 -443 -148 -11 -195 -28 -247 -88 -424 -192 -342 -116 -130 -210 -303 -290 -522 -106 -156 -525 0
-356 -247 -212 -243 -403 -168 -62 -148 -11 -195 -28 -106 -424 -192 -342 -210 -303 -522 -156 -262 -102 -489 -237 -203 -463 0
-247 -342 -210 -243 -11 -28 -195 -168 -237 -192 -106 -463 -424 -212 -403 -62 -148 -303 -522 -156 -262 -102 -489 -203 0
357 -493 -156 247 -152 -142 -338 -176 -237 -168 -11 -284 -49 -28 -106 -59 0
-493 247 -152 -142 -338 -176 -237 -168 -11 -284 -49 -28 -243 -212 -289 -106 -156 -59 0
-342 -192 -262 -210 -522 -106 -243 -212 -237 -168 -11 -28 -156 -463 -195 -424 -403 -62 -148 -303 -102 -489 -203 0
248 -522 -243 -156 -210 -212 -28 -11 -148 -195 -489 -102 -516 -177 -168 -237 -408 -424 -153 0
233 -285 -246 0
-424 -102 -195 -243 -28 -168 -11 -237 -262 -403 -62 -358 -184 0
-49 -85 -358 -190 -520 -116 -50 -337 0
191 -33 -271 -295 -345 -331 -62 -485 -358 0
153 -398 -184 -358 -190 -295 -62 -520 -337 -514 -102 -136 -283 -493 -243 -148 -406 -11 -289 -247 -195 -463 -237 -88 -28 0
155 -356 -358 -190 -342 -247 -11 -106 -385 -168 -88 -28 -184 -62 -102 -136 -493 -243 -237 -195 0
-192 -143 -464 -243 -90 -87 -358 -208 -11 -184 -237 -190 0
144 -310 -403 -399 -62 -50 -195 -345 -237 -175 -198 -184 -243 -358 -11 -247 -143 -406 -168 -154 -90 -212 -116 -102 -283 -493 -512 -519 -356 -245 -58 -52 -87 -262 -464 -385 -169 0
153 -49 -62 -356 -243 -358 -403 -337 -399 -195 -237 -175 -184 -11 -406 -168 -154 -212 -102 -283 -493 -58 -52 -262 -385 -514 -28 0
142 -153 -262 -195 -28 -237 -250 -243 -175 -493 -11 -283 -151 -406 -403 -168 -184 -337 -62 -514 -358 -106 -385 -49 -399 -102 -356 -58 0
-49 -356 -342 -11 -106 -262 -28 -237 -243 -493 -403 -168 -184 -62 -358 -102 -195 -154 0
-356 -106 -358 -102 -493 -28 -11 -195 -168 -342 -243 -262 -237 -403 -184 -62 -154 0
-106 -493 -342 -243 -11 -28 -195 -168 -237 -358 -102 -262 -403 -184 -62 -154 0
106 -154 -262 -28 -190 -184 -358 -11 0
-154 -342 -243 -11 -28 -195 -168 -237 -358 -102 -262 -403 -184 -62 0
154 -190 -262 -358 -184 -28 -102 0
-192 -516 -237 -88 -102 -464 -11 -358 -439 -190 -425 -262 0
-102 -262 -11 -237 -184 -358 -195 -168 -243 -28 -403 -62 0
152 -49 -247 -370 -342 -11 -106 -385 -142 -88 -28 0
193 -88 -148 -11 -28 -151 -247 -370 -342 -106 -385 0
-90 -335 -301 -106 -154 -136 -243 -418 -283 -406 -245 -208 -247 -28 -192 -143 -358 -11 -184 -237 -190 -151 -88 0
-342 -356 -28 -301 -106 -154 -243 -208 -247 -192 -358 -11 -184 -237 -190 -444 -195 -516 -168 0
342 -148 -195 -11 -169 -237 -94 -250 -168 -463 -247 0
-192 -190 -489 -168 -11 -28 -247 -106 -195 -243 -154 -358 -184 -237 -403 -444 -516 -399 -206 -262 0
343 -55 -403 -512 -62 0
89 -342 -403 -330 -106 -62 -237 -55 -154 -399 -358 -190 -521 -243 -247 -11 -195 -87 -28 -512 -516 -426 -204 0
194 -143 -62 -237 -343 -342 -106 -154 -243 -358 -190 -48 -168 -28 -516 -153 -11 0
-143 -342 -243 -11 -28 -195 -168 -247 -237 -153 -106 -88 -62 -343 -154 -358 -190 -48 -516 0
-342 -88 -11 -106 -195 -87 -243 -28 -168 -237 -247 -62 -154 -358 -190 -48 -516 -403 -330 -55 -399 -521 -512 -426 -204 0
193 -143 -285 -73 -95 -399 -366 -356 -60 -418 -106 -385 -28 -444 -11 -233 -464 0
-143 -356 -60 -385 -484 -464 -331 -88 -237 -177 -11 -195 -285 -73 -95 -399 -366 -418 -106 -28 -444 -233 0
-88 -219 -62 -282 -168 -28 -195 -237 -11 -399 -106 -444 -512 -403 -330 -426 -247 -87 -243 -154 -358 -190 -48 -516 -55 -521 -204 0
-190 -247 -11 -28 -195 -168 -243 -237 -62 -106 -403 -154 -358 -184 -262 0
144 -88 -136 -424 -283 -245 -151 -385 -28 0
152 -175 -262 -195 -28 -237 -250 -243 -358 -493 -11 -247 -283 -151 -406 -403 -168 -184 -337 -62 -514 -192 -424 -443 -148 -342 -130 -290 -58 -158 0
-342 -337 -424 -262 -195 -28 -237 -250 -243 -358 -493 -11 -403 -168 -184 -247 -62 -192 -443 -148 -290 -158 -143 -385 -176 -341 0
194 -143 -168 -424 -247 -262 -195 -28 -250 -243 -358 -493 -11 -403 -184 -62 -192 -237 -385 0
-342 -233 -11 -237 -168 -28 -59 -152 -385 -195 -154 -493 -243 -247 -289 -142 -157 -516 0
-143 -328 -237 -168 -424 -250 -247 -11 -28 -385 -195 -154 -493 -243 -262 -358 -403 -184 -62 -192 0
-342 -341 -237 -516 -247 -142 -370 -11 -106 -385 -49 152 -28 0
-247 -106 -237 -11 -168 -28 -195 -154 -243 -262 -358 -403 -184 -62 0
151 -41 -69 -243 -178 -322 -136 -55 -338 -49 -424 -403 -168 -89 -250 0
191 -334 -420 -178 -444 -322 -136 -424 -87 0
-485 -13 -69 -522 -243 -307 -420 -328 -444 -62 -484 -428 -297 0
-425 -316 -450 -69 -243 -202 -332 -328 -522 -420 -444 -62 -484 -297 -369 -97 -231 -178 -322 -262 -48 -136 -439 -192 -424 0
-192 -297 -48 -157 -41 -69 -522 -243 -303 -462 -366 -474 -334 -267 -178 -322 -439 -136 -450 -202 -332 -420 -444 -62 -484 -369 -97 -231 -262 -424 -11 -148 -338 -49 -87 0
-485 -420 -184 -358 -424 -332 -136 -190 -484 -202 -62 0
-443 -9 -375 -471 -474 -279 -224 -369 -157 -289 -243 -493 -233 -195 -244 -13 -424 -184 -136 -190 -311 -256 -380 -395 -70 -253 -25 -522 -358 -262 -202 -488 -48 -69 -214 -163 -420 -444 0
341 -493 -243 -11 -195 -184 -358 -262 -168 -403 -62 -322 -250 -28 -106 247 -385 -237 -212 0
142 -136 -355 -419 -430 -106 -62 -424 -154 -190 -243 -444 -358 -49 -11 -195 0
191 -504 -243 -154 -106 -355 -60 -11 -195 -430 -419 -232 -285 -62 -343 -157 -444 -399 -202 -136 -184 -424 -358 -262 0
-443 -55 -355 -403 -250 -332 -197 -179 -330 -334 -184 -358 -424 -202 -136 -190 -62 -79 -419 -444 0
63 -170 -399 -517 -332 -311 -32 -330 -512 -197 -201 -403 -343 -55 0
-485 -68 -449 -346 -2 -243 -403 -383 -136 -202 -184 -332 -358 -295 -190 -424 -62 -484 -219 -140 0
-136 -190 -403 -197 -449 -2 -243 -184 -358 -355 -424 -62 -419 -399 -32 -489 -154 -106 -60 -11 -195 -430 -232 -285 -157 -444 -262 -516 -177 -237 -89 -463 -144 -49 0
136 -144 -195 -11 -385 -232 -444 -285 0
-485 -86 -339 -419 -62 -443 -332 -49 -192 -328 -295 -449 -68 -355 -346 -243 -154 -106 -399 -184 -202 -43 0
143 -430 -403 -449 -355 -106 -154 -243 -197 -328 -339 -419 -62 -49 -192 -399 -184 -444 -177 -237 -285 -89 -11 -232 -463 -195 -85 0
204 -378 -295 -15 -429 -355 -346 -430 -217 -403 -419 194 -62 -332 -55 -443 -2 -485 -449 -154 -243 -44 -208 -85 -49 -106 -399 -383 -184 0
-485 -430 -295 -243 -355 -346 -496 -419 -136 -424 -89 -217 -403 194 -62 -332 -55 -2 -449 -154 -85 -49 -106 -399 -184 -60 -11 -195 -232 -285 -343 -157 -43 -328 -484 0
-203 -287 -424 -419 -335 -80 -443 -322 -136 -231 -89 -60 -204 -11 -195 -243 -430 -522 -232 -493 -295 -208 -285 -106 -62 -385 -355 -343 -157 0
357 -366 -399 -354 -473 -480 51 -169 -466 -94 -238 -32 -295 -25 -243 -208 -85 -89 -192 -262 -424 -136 -419 -335 -443 -322 -346 -489 -358 -384 -184 -60 -204 -11 -195 -430 -232 -493 -285 -106 -62 -385 -355 -343 -157 0
-106 -154 -243 -262 -358 -184 -11 -195 -62 -403 -237 -28 -168 0
370 106 -525 -213 -168 -153 -249 -90 -144 -11 -275 -195 0
-154 -262 -195 -11 -28 -168 -184 -358 -243 -62 -403 -237 0
88 -284 -68 -234 -347 -494 -516 -237 -153 0
442 -234 -62 -237 -343 -516 -383 -204 -90 -68 -328 -347 -494 -153 -138 0
150 -209 -85 -144 -195 -11 0
-262 -403 -237 -11 -28 -195 -62 -168 -358 -184 -243 0
90 -443 -28 -211 -11 -184 -370 -358 -142 -190 -136 -424 0
144 -176 -49 -385 -142 -168 -237 -11 -28 -136 -64 -424 -521 -190 -383 -523 -358 -202 -106 -184 -151 -463 0
88 -385 -190 -68 -347 -237 -28 -184 -358 -523 -106 -424 -142 -49 -168 -11 -136 -64 -521 -383 0
90 -142 -11 -106 -28 -211 -184 -358 -190 -424 0
144 -58 -424 -190 -358 -106 -184 154 -151 -463 -28 0
193 -89 -190 -28 -184 -358 -106 -237 -68 -347 -523 -168 -11 -136 -64 -521 -383 -424 0
426 -143 -424 -190 -358 -106 -184 154 -28 -341 -521 -136 -89 0
88 -341 -248 -516 -234 -237 -68 -347 -494 -153 0
-247 -85 -190 -358 -234 -168 -285 -153 194 -107 -11 -195 -248 0
-89 -136 -347 -190 -358 -168 -11 -195 -523 -106 -28 -184 -68 -424 -521 -237 -64 -383 0
-136 -424 -195 -28 -184 -521 -358 -439 -190 -11 -237 -347 -168 -523 -106 -68 -64 -383 0
-142 -144 -237 -424 -442 -190 -28 -184 -358 154 -11 -106 -195 -347 0
-153 248 -156 -102 -212 -28 -11 -522 -195 -148 -210 -489 -243 -168 -237 -424 -341 -152 0
-247 -130 -62 -290 -356 -59 -329 -403 -45 -427 -156 -102 -212 -28 -11 -522 -195 -148 -210 -489 -243 -168 -237 -424 -341 -152 -249 0
142 -424 -403 -28 -11 -195 -243 -168 -237 -62 -106 -358 -184 0
-424 -106 -358 -184 -28 -11 -237 -195 -403 -243 -168 -62 0
360 -142 -342 -247 -11 -195 -168 -88 -106 -28 -211 -184 0
-142 -342 -247 -88 -11 -106 -28 -211 -184 -358 -195 -168 0
-212 -485 -62 -358 -406 -50 -168 -85 -158 -190 -58 -357 -385 -106 -184 154 0
-342 -106 -237 -403 -190 -168 -358 -523 -184 -62 -28 -347 -11 -195 -247 -88 0
-212 -516 -237 -88 -464 -11 -358 -28 -184 154 0
232 -285 -246 0
340 -248 -168 -210 -463 -192 -195 -342 -142 -11 -106 -28 -211 -184 -358 0
-247 341 -11 -195 -168 -342 -356 0
151 -347 -241 -176 -522 -148 -210 -338 -87 -49 -28 -211 -11 -184 -142 -358 -370 -424 -136 -443 -168 -89 0
-190 -198 -252 -332 -168 -141 -49 144 -176 -142 -237 -11 -28 -385 -424 -136 -358 -202 -106 -184 -151 -463 -338 -210 -102 154 -192 0
-142 -210 -522 -148 -252 -168 -237 -11 -28 -358 -106 -184 -463 -102 -192 -203 -152 -211 -370 -443 -387 -356 -195 -342 -143 0
-211 -237 -212 -168 -106 -184 -342 -11 -195 -522 -148 -358 -28 -463 -192 -203 -370 -489 0
397 -180 -363 -78 -306 -519 -57 -395 -489 -170 -102 0
-180 -509 -141 -329 -279 -483 -332 -443 -81 -267 -519 -420 -276 -78 -354 -120 -441 -363 -288 -231 -489 -57 -306 -395 -301 -170 -398 -102 0
87 -78 -225 -474 -276 -441 -489 -354 -420 -334 -322 -141 -329 -483 -332 -443 -120 -395 -170 -398 -102 -106 -61 -493 -199 -22 -195 -28 -237 426 -386 -175 -151 -11 -247 232 -503 -15 -522 -337 -271 -49 0
297 -332 -329 -61 0
137 -57 -141 -329 -483 -332 -443 -420 -276 -78 -354 -120 -441 -489 -334 -395 -170 -398 -102 -503 -522 -15 -337 -49 -271 -297 -367 -22 -106 -154 -195 -28 -237 426 -386 -175 -151 -11 -247 -283 0
397 -498 -474 -225 -267 -78 -276 -519 -441 -395 -489 -170 -102 0
108 -268 -78 -225 -474 -276 -441 -489 -57 -398 -395 -170 -102 -313 -493 -199 232 -503 -522 -15 -271 -297 -356 152 -384 -212 -342 -168 -337 -176 -28 -22 0
107 -384 -522 -15 -342 -117 152 -176 -168 -367 -154 -22 0
-341 426 -489 -398 -522 -212 -342 -168 -28 -329 -106 -154 -195 -237 -441 -11 -370 -148 -513 -203 -142 -385 -463 0
520 -37 -450 -278 -69 -369 -243 -15 0
357 -517 -78 -332 -141 -338 -384 -522 -450 -69 -369 -474 -267 -168 -275 -49 -370 -334 -148 -322 191 -420 -87 -424 -136 -171 -132 -503 -398 -289 -106 -59 -493 -152 -142 247 -176 -237 -11 -284 -28 0
-444 -231 -55 -430 -420 -306 -296 -322 191 -334 -87 -424 -136 0
297 -231 -79 -277 -218 -420 -430 -332 -329 0
-231 -302 -398 -306 -479 -13 -517 -332 -296 -277 -420 -430 -461 -474 -267 -168 -275 -49 -370 -338 -148 -55 -322 191 -334 -87 -424 -136 0
-424 191 -398 -168 -522 -370 -148 -513 -142 -237 -11 -28 -212 -106 -441 -203 -489 -385 -463 -195 -342 -154 0
-151 -87 -190 -243 -358 -192 -11 -184 -237 -208 -88 -195 -28 -247 -385 -148 -342 -106 -370 -152 0
397 -346 -237 -11 -28 -195 -168 -358 -184 -243 -247 -385 -342 -142 -55 -420 -154 -106 -190 -192 -88 -148 -370 -152 -209 0
241 -420 -463 -237 -168 -11 -49 -28 -148 -195 -142 -398 -358 -184 -243 -247 -385 -342 -55 -152 -154 -106 -190 -192 -88 -370 -522 0
242 -49 -195 -190 -243 -358 -192 -11 -184 -237 -88 -28 -247 -385 -148 -342 -106 -370 -152 -168 -522 -154 0
151 -503 -243 -385 -11 -28 -195 -168 -247 -237 -342 -142 -493 -152 -463 -49 0
-151 -152 -142 -88 -195 -11 -28 -247 -385 -148 -342 -106 -370 -463 0
-152 -243 -522 -385 -11 -28 -195 -168 -247 -237 -342 -142 -463 -190 -358 -192 -184 -88 -148 -106 -370 -154 0
152 -247 -106 -142 -168 -11 -342 -385 -370 -88 -28 0
-190 -142 -398 -148 -203 -237 -463 -195 -11 -168 -342 -522 -28 -358 -192 -184 -106 -370 -513 -212 -489 0
151 -243 -522 -154 -385 -11 -28 -195 -168 -247 -237 -342 -142 -152 -463 -106 0
62 -404 -198 -61 -332 -295 -55 0
193 -273 -198 -332 -55 -85 -195 -342 -59 -385 -168 -247 -154 -243 -106 -513 -384 -184 -358 -488 -312 -191 -171 -202 -398 -117 -424 249 -463 -192 -49 -233 -11 -28 -237 -142 -152 0
194 -408 -168 -59 -342 -247 -11 -195 0
-243 -152 -195 -342 -385 -168 -247 -154 -106 -513 -184 -358 -191 -398 -424 -463 -192 -11 -28 -237 -142 -85 -489 -203 -148 -370 -522 0
418 -216 -75 -198 -238 -283 -109 -499 -395 -250 -34 -468 -473 -224 -498 -78 -362 -179 -306 -380 -391 -55 -443 -353 -62 0
296 -75 -283 -513 -137 -345 -443 -419 -198 -238 -109 -499 -395 -250 -34 -468 -473 -224 -498 -78 -362 -179 -306 -380 -391 -55 -353 -307 0
-295 -345 -513 -198 -332 -55 -419 -353 -48 -307 -296 0
340 -55 -306 -3 -198 -328 -217 -332 -513 -353 -48 -283 -238 -250 -498 -78 -391 -206 -52 -288 -171 -100 -15 -398 -148 -157 -515 -85 -195 -342 -59 -385 -168 -247 -424 249 -463 -192 -339 -176 0
-151 -49 -247 -342 -306 -328 -217 -513 -238 -250 -52 -288 -398 -85 -195 -385 -168 -424 -463 -192 -262 -24 -11 -148 -489 -142 -28 -237 -203 -152 -106 -370 0
-49 -384 -348 -237 -203 -385 -24 -148 -424 -85 -142 -195 -152 -463 -168 -11 -28 -247 -328 -342 -250 -306 -217 -513 -238 -52 -288 -398 -192 -262 -489 -106 -370 0
49 -247 -424 -195 -168 -463 -192 -342 -142 -11 0
-152 -247 -203 -385 -148 -424 -85 -142 -195 -463 -168 -11 -28 -237 -328 -342 -217 -513 -238 -398 -192 -489 -106 -370 -154 -184 -358 -191 -522 0
-247 -142 -398 -522 -212 -342 -168 -28 -237 -106 -195 -11 -370 -148 -513 -203 -489 -463 -192 -184 -358 0
151 -297 -332 -328 -69 -243 -41 -322 -136 -55 -338 -49 -424 -178 -168 -89 -250 0
-243 -332 -192 -474 -522 -157 -69 -444 -334 -267 -322 -439 -136 -420 -369 -97 -262 -424 -11 -148 -338 -49 -87 -89 -152 -328 -55 -168 -250 -353 -503 -59 -132 -106 -289 -493 247 -142 -237 -176 -28 -284 -212 0
470 -230 -503 -306 -288 -55 -38 -403 -277 0
419 -470 -416 -437 -42 -44 -496 -444 -97 0
-295 -437 -3 -136 -198 -332 -55 -444 -420 -42 -496 -97 -503 -306 -288 -38 -277 -141 -430 -227 -296 0
153 -328 -513 -33 -332 -273 -227 -136 -55 -444 -420 -42 -496 -97 -503 -306 -288 -277 -430 -296 -203 -448 -89 0
-142 -237 -513 -203 -106 -168 -11 -28 -192 -522 -148 -212 -489 -463 -195 -342 -398 -370 -184 -358 0
89 -243 -513 -237 -11 -28 -195 -262 -168 -358 -184 -55 -198 -273 -406 -328 -296 -247 -332 -424 0
-243 -198 -332 -55 -237 -11 -28 -195 -168 -358 -184 -328 -296 -130 -290 -348 -154 -301 -106 -203 -90 -513 -273 -406 -247 -424 -319 0
-329 -345 -168 194 -342 -11 -195 -130 -357 297 -332 -328 0
305 -39 -3 -292 -403 -301 -55 0
344 -460 -78 -253 -517 -499 -238 -306 -3 -403 -301 -55 -65 -367 -262 -439 -312 297 -192 -513 -168 194 -342 -11 -195 0
-344 -295 -198 -513 -332 -55 -345 -237 -514 486 0
-295 -357 -168 194 -342 -11 -195 -253 -499 -238 -306 -3 -301 -55 -367 -262 -439 -192 -513 -198 -332 -237 -130 -328 -203 -90 -296 0
356 194 -168 -342 -11 -195 0
-59 -403 194 -342 -11 -195 -295 -499 -55 -192 -513 -332 -237 -130 -203 -296 -106 -154 -28 -358 -184 -168 -489 0
-403 -295 -513 -332 -55 -237 194 -342 -11 -195 -499 -192 -130 -203 -296 -106 -154 -28 -358 -184 -168 -489 0
248 -517 -503 -42 -522 -417 -15 -139 -309 -203 -98 -273 -89 -419 -32 -424 -234 -168 -153 0
-295 -296 -468 -522 -203 -168 -489 -398 -385 -85 -28 -237 -332 -513 -55 194 -342 -11 -195 -192 -130 -499 -106 -154 -358 -184 0
295 -332 -203 -247 -342 -195 -28 -513 -237 -356 -11 -385 -168 -358 -184 -192 -143 -55 -522 -398 -348 -463 -154 -290 -106 -151 0
249 -424 -508 -203 -443 -262 -358 -250 -11 -403 -195 -237 -168 -28 -184 -332 -295 -62 -485 -55 -385 -398 -192 -342 -42 -107 194 -463 0
273 -178 -78 -362 -288 -42 -353 -319 -47 -116 -308 -50 0
56 -78 -308 -272 -215 -362 -288 -42 -353 -47 -116 -50 -69 -348 -227 -403 -306 0
204 -13 -308 -272 -367 -362 -288 -42 -353 -47 -116 -50 -306 -3 -403 -301 -55 -317 -384 -66 -416 -332 -485 -62 -215 -69 -348 -227 0
202 -90 -237 -384 -332 0
60 -47 -308 -272 -367 -362 -288 -42 204 -468 -116 -50 -306 -3 -403 -301 -55 -317 -384 -66 -332 -485 -62 -69 -348 -227 -474 -28 -508 -265 -151 -481 -168 -385 -158 0
484 -33 -168 -28 -50 -362 -288 -42 -116 -308 -272 -151 -62 -55 -403 -342 -237 -332 -485 -58 -367 204 -468 -306 -301 -317 -384 -69 -348 -227 -474 -508 -385 -158 -276 -262 -441 -489 -330 0
-424 -367 -272 -308 -288 -42 -468 -403 -301 -55 -332 -485 -62 -348 -227 -28 -508 -168 -385 -276 -262 -489 -237 -342 -203 -192 -443 -358 -250 -11 -195 -184 -295 -398 -107 194 -463 0
-403 -332 -192 -272 -308 -468 -55 -62 -348 -227 -28 -168 -385 -276 -489 -237 -342 -203 -443 -358 -11 -195 -184 -295 -398 194 -463 -130 -106 -154 0
333 -42 -98 -406 -308 -32 -328 -332 -272 -317 -50 -168 -28 -1 -62 -151 -486 -196 -192 0
331 -328 -154 -106 -151 -356 -348 -196 -290 -203 -130 -486 -237 0
-328 -272 -32 -50 -168 -247 -151 -356 -196 -192 -290 -98 -406 -308 -332 -317 -28 -1 -62 -486 -154 -106 -348 -203 -130 -237 0
-332 -55 -398 -154 -106 -348 -195 -130 -85 -192 -168 -28 -203 -237 -513 -468 -522 -385 -276 -489 -342 -443 -358 -11 -184 194 -463 -499 -143 0
-62 330 -151 -88 -398 -237 -11 -195 -168 -358 -184 -348 -463 -154 -385 -247 -106 -58 -356 -485 -28 0
153 -101 -406 -443 -247 -419 -463 -489 -88 -28 0
404 -306 -322 -335 -419 -443 -45 -348 -398 -218 -296 -192 -356 -85 -247 -140 -116 -337 -50 -463 -203 -168 -88 -151 -406 -489 -28 -514 -344 -513 0
297 -307 -271 0
330 -296 -154 -385 -106 -58 -356 -348 -406 -247 -463 -192 -489 -88 -28 -443 -151 -513 -335 -398 -218 -85 -140 -116 -337 -50 -203 -168 -514 -55 -237 -11 -195 -358 -184 -485 0
345 -315 -518 -522 -210 -233 -398 -385 -237 -88 -192 -262 -11 -358 -439 -190 -464 -58 0
-62 -331 -485 191 -271 -33 -345 -358 -63 0
-55 -348 -154 -106 -443 -358 -522 -398 -385 -237 -192 -11 -463 -489 -28 -168 -85 -513 -203 -195 -184 -130 -468 -276 -342 194 -499 -143 0
-237 -168 -342 -106 -522 -11 -195 -203 -398 -192 -28 -489 -358 -463 -513 -184 -148 -370 -212 0
419 -493 -233 -283 -93 -138 -44 -413 -444 -97 0
-153 -55 -62 -295 -328 -489 -484 -513 -192 -168 -247 -106 -342 -370 -11 -195 -148 -139 -516 -177 -203 -212 -90 -28 -151 0
248 -143 -11 -177 -195 -148 -342 0
-356 -343 -195 -11 -385 -148 -516 -177 249 -424 -168 -463 -192 -342 -247 0
-406 -296 -332 -353 -55 -513 -198 -295 -48 -59 -15 -342 -408 -195 -85 -385 -168 -247 0
-485 -50 -148 -517 -342 -332 -353 -55 -513 -198 -295 -48 -195 -385 -168 -247 -152 -28 -78 -106 -11 -516 -177 249 -424 -463 -192 -62 -328 -484 0
-406 -385 -513 -62 -295 -403 -195 -11 -348 -148 -516 249 -424 -168 -463 -192 -177 -342 -247 0
-385 -403 -517 -148 -44 -143 -328 -106 -195 -342 -332 -353 -55 -513 -198 -295 -48 -168 -247 -152 -28 -11 -516 -177 -424 -463 -192 -62 -484 -78 -348 0
385 -248 -463 -192 -195 -342 -168 -11 -106 -28 -184 -358 -212 -247 0
-406 -78 -517 -241 -195 -342 -385 -168 -247 -55 -295 -332 -62 -148 -353 -513 -198 -48 -152 -28 -106 -11 -516 -177 249 -424 -463 -192 -328 -484 -212 -184 0
-55 -151 -148 -328 -106 -195 -342 -332 -513 -295 -168 -247 -28 -11 -516 -177 -463 -192 -62 -484 -212 -184 -358 -139 -203 -90 -489 -370 -517 0
-151 -139 -247 -522 -342 -370 -11 -28 -195 -106 -513 -62 -295 -148 -203 -516 -177 -168 -90 -212 -328 -484 -489 -332 -463 -192 -184 -358 -517 0
151 -247 -463 -342 -90 0
-332 -295 -522 -342 -370 -11 -28 -195 -106 -513 -62 -148 -203 -516 -177 -168 -90 -212 -247 -489 -463 -192 -184 -358 -333 0
-295 -289 -322 -334 -93 -138 -413 -444 -354 -97 -250 -420 -319 -197 -356 -62 -384 -141 -522 -342 -370 -11 -28 -195 -106 -513 -148 -203 -516 -177 -168 -90 -212 -247 -489 -463 -192 -184 -358 -333 0
248 -385 -522 -247 -148 -342 -333 -62 -370 -11 -28 -195 -513 -203 -516 -177 -168 -90 -212 -489 -463 -192 -184 -358 -106 0
153 -184 -168 -342 -106 -11 -195 -192 -28 -463 -513 -62 -247 -385 -328 -332 -516 248 0
196 150 -144 -195 -11 -192 -106 -358 -184 -202 -474 -225 -517 -233 -283 -93 -138 -101 -413 -97 -420 -62 -344 -483 -295 -513 -226 0
-184 -348 -62 -195 -11 -192 -328 -295 -513 -106 -385 -342 -28 -332 248 -168 -463 -247 -516 0
-177 -397 -195 -11 -144 -101 -62 -344 -295 -513 -106 -168 -211 -348 -148 -28 248 -342 0
-348 -516 -385 -106 -28 -328 -195 -332 -247 -11 -342 -62 -295 -513 248 -192 -463 -168 0
360 -212 -342 -332 -11 -28 -195 -106 -513 -62 -148 -370 -516 -177 -168 -90 -295 -247 -489 -463 -192 -184 -358 -333 0
359 -184 -138 -94 -420 -170 -62 -344 -144 150 -195 -11 -513 -192 -283 0
-184 -94 -332 -11 -28 -195 -106 -513 -62 -148 -370 -516 -177 -168 -90 -295 -247 -489 -463 -192 -358 -333 -138 -342 -420 -170 -344 -144 150 -283 0
497 -413 -97 -93 0
94 -413 -93 -233 -283 -106 -138 -97 -420 -62 -144 150 -195 -11 -484 -192 -328 -197 -170 0
-516 248 -332 -11 -28 -195 -513 -62 -168 -295 -247 -463 -192 -342 -328 -385 -106 0
-177 -148 -11 -28 -385 -247 -342 -106 -370 -237 -195 248 0
193 -198 -237 -106 -168 -11 -28 -192 -463 -195 -342 -184 -62 -345 -513 -58 -151 -385 -464 -247 0
360 -184 -342 -106 -11 -195 -237 -192 -28 -358 -463 -513 -168 -148 -370 0
-184 -474 -414 -328 -295 -62 -332 -151 -283 -233 -168 -385 -356 -106 -195 -58 -237 -11 -464 -102 -514 -28 -345 -425 -513 -192 -342 -463 0
197 -271 -195 -58 296 -385 -211 -144 -11 -464 -148 -28 -295 -62 -328 -151 0
213 -250 -168 -195 -58 -523 -11 -464 -148 -385 -106 -28 0
-344 -198 -328 -11 -464 -148 -276 -337 -195 -425 -168 -90 -233 -58 -356 -151 -385 -106 -28 -211 -348 -295 -62 -513 -332 -144 -33 -345 -514 -237 0
-198 -58 -62 -328 -168 -195 -295 -11 -464 -148 -385 -106 -28 -211 -144 -356 -276 -337 -425 -90 -233 -151 -348 -513 -332 -33 -345 -514 -237 0
248 -328 -168 -28 -62 -106 -195 -295 -11 -385 -513 -332 -192 -342 -463 -247 0
-237 -403 -342 -11 -195 -168 -408 -159 -247 -85 -385 -406 -59 -154 -28 -184 -62 -367 -262 -106 -192 -463 -513 -148 -370 0
237 -345 -332 -11 -28 -195 -106 -513 -62 -148 -212 -370 -168 -90 -295 -247 -463 -192 -184 -342 -514 0
-58 -59 -342 -11 -195 -168 -247 -385 -513 -28 -184 -62 -367 -106 -192 -463 -148 -370 -332 -212 -90 -295 249 -424 0
193 -184 -332 -11 -195 -342 -168 -295 -106 -247 -385 -513 -28 -148 -62 -192 -463 -212 249 -151 0
-184 -212 -342 -106 -195 -192 -28 -463 -513 -168 -148 -332 -62 -385 -247 -295 -11 249 -151 0
-212 -151 -295 -247 -192 -168 249 -195 -463 -342 -11 -62 -385 -106 -28 -513 -148 -332 0
-151 -148 -342 -332 -62 -295 -328 -513 -11 -168 -247 -195 -385 -106 -28 -192 -463 0
-148 -328 -513 -168 -342 -106 -11 -195 -192 -28 -463 -385 -247 -332 -62 -295 0
148 -106 -11 -195 -168 -247 -342 0
-212 -106 -11 -385 -28 -342 -195 -192 -463 -513 -168 -247 -295 -62 -332 0
-106 -513 -28 -11 -385 -342 -195 -192 -463 -168 -247 -295 -62 -332 0
190 -233 -342 -11 -195 -168 -283 -247 -49 -398 -115 -186 -360 -87 0
-513 -385 -168 -192 -11 -195 -247 -342 -28 -332 -62 -295 -463 0
-59 194 -332 -195 -11 -28 -168 -184 -62 -212 -295 -192 -151 -463 -385 -247 -106 -342 0
-384 -141 -204 -332 -90 -237 0
-485 -90 -348 -168 -62 -247 -184 -195 -28 194 -358 -262 -11 -250 -424 -493 -192 -237 -385 -204 -332 -151 -217 -328 -486 -295 0
-90 -204 -154 -106 -237 -356 -348 -332 -328 -130 -168 -62 -247 -184 -195 -28 194 -358 -11 -424 -192 -385 -151 -217 -486 -295 0
-358 -272 -33 -406 -247 -168 -151 -154 -106 -237 -356 -348 -332 -130 -62 -184 -195 -28 194 -11 -192 -385 -486 -295 -360 0
194 -184 -247 -463 -192 -11 -151 -106 -332 -62 -168 -195 -28 -385 -295 -212 -342 0
-143 -102 -62 -184 -168 -11 -28 -195 -424 -342 -237 -77 -89 -332 -250 -295 -348 -140 -154 -283 -247 -443 -385 -58 -151 -337 -463 -192 193 -148 0
-356 -237 -332 -62 -192 -151 -247 -385 -28 -106 -342 -11 -184 -168 -195 -295 -154 -463 193 0
356 -521 -195 -342 -33 -385 -168 -85 -247 -399 -142 -106 -370 -11 -49 -154 -22 -295 0
-143 -272 -33 -49 -406 -85 -247 -11 -177 -195 -148 -342 -142 0
-184 -151 -62 -28 -247 -11 -195 -342 -295 -332 -168 -192 -385 -106 -463 -212 0
193 -237 -295 -488 -405 -198 -33 -397 -252 -406 -424 -195 -337 -168 -463 -192 -85 -247 -11 60 -342 -62 -385 -152 -143 -148 0
194 -328 -62 -295 -198 -168 -195 213 -523 -11 -385 -106 -28 -463 -247 -342 0
-151 -212 -295 -195 -11 -385 -168 -463 -192 -342 -247 -106 -28 -62 -332 0
-212 -106 -342 -385 -168 -247 -195 -11 -295 -192 -463 -28 -62 -332 0
-106 -385 -168 -342 -247 -463 -192 -11 -62 -28 -195 -295 -332 0
-385 -332 -168 -11 -195 -192 -247 -28 -463 -62 -295 -342 0
144 -106 -195 -295 -62 -247 -192 -168 -463 -342 -11 -332 -28 0
60 -69 -403 -175 -427 -235 -126 -514 -93 -97 -496 -295 -62 -420 -354 -180 -288 -13 -502 -157 0
-184 -102 154 -358 -28 -185 0
302 -272 -93 -308 -126 -496 -427 -33 -403 -354 -62 343 -366 -306 0
236 -2 -231 -332 -403 -180 -328 -192 -358 -86 -489 -208 -397 -301 -93 -308 -126 -496 -427 -33 -354 -62 -366 -295 -344 -69 -514 -175 0
-106 -332 -295 -62 -192 -168 -247 -11 -463 -195 -28 -342 0
-332 -62 -168 -342 -11 -247 -463 -295 -195 -192 -28 0
211 -358 -195 -11 -343 -356 -385 -168 -192 -342 -247 -62 -28 -333 -463 -106 360 0
-88 -33 -385 -62 -331 -63 191 -58 -358 -485 -211 -28 -151 -247 -195 -11 -148 -342 -106 -463 -90 0
30 -211 -196 -168 -106 -151 0
-358 -356 -62 -331 -63 191 -485 -28 -247 -195 -11 -342 -106 -463 -236 -168 -196 -385 -192 -333 0
-356 -385 -168 -342 -247 -11 -195 -463 -62 -331 -63 191 -485 -28 -106 -236 -196 -192 -333 0
-385 -106 -342 -11 -195 -192 -28 -463 -168 -247 -62 -331 -63 191 -485 -236 -196 -333 0
-106 -196 -463 -28 -247 -168 -342 -11 -195 -192 -62 -331 -63 191 -485 -236 -333 0
-62 -295 -342 -168 -11 -195 -28 -463 -192 -247 0
-237 -250 62 -295 -174 -489 -358 -195 -28 426 -493 -386 -11 -247 -15 -49 -86 -480 -192 -106 -342 -385 -148 248 -370 -142 152 -341 -235 0
-332 -238 -250 -109 -197 -499 -483 -34 -467 -493 -474 -233 -283 -225 -497 -77 -363 -180 -306 -243 -383 -480 -140 -61 297 0
190 -497 -225 -474 -467 -174 -197 -44 -250 -499 -483 -493 -233 -283 -480 -61 297 -262 -52 -441 -101 -56 -202 -489 -184 -358 -15 -334 -337 -79 -49 -144 150 -195 -11 -86 0
-142 -212 -192 -144 -195 -11 -93 62 -295 -28 -247 -106 -342 -385 248 -370 -341 -168 -58 -358 0
Solved
