344 -184 -46 -178 -37 -271 -85 -202 -109 0
346 -202 -46 -178 -37 -271 -85 -343 0
203 -46 -128 -166 -271 -49 -142 -178 -283 -1 0
349 -128 -166 -271 -49 -37 -178 -1 -142 -283 0
202 -193 -214 -304 -49 -37 -47 0
356 -178 -271 -52 -1 -214 -304 -49 -37 -160 -166 -142 -283 -172 0
204 -47 -350 0
48 -37 -85 -271 -49 -166 -178 -1 -142 -283 -350 0
-47 -178 -271 -52 -1 -350 -48 0
364 -49 -271 -166 -1 -142 -283 -85 -343 -214 -304 -52 -172 -355 -160 0
-178 -47 -355 -271 -52 -1 -172 -48 -214 -304 -49 -160 -166 -142 -283 0
158 -37 -364 -304 -52 0
203 -139 -349 0
-139 -47 -202 -349 0
-47 -48 -304 -52 -364 0
-37 -191 -1 -142 -203 -52 -364 -230 -85 -38 -304 0
179 -70 -271 0
186 -111 -347 -343 0
273 -11 -347 -169 -259 -132 -355 -283 -34 -128 -125 -104 0
204 -347 -271 -132 -355 -283 -34 -343 -85 -297 -195 -364 -304 -52 -191 -142 -1 0
47 -172 -283 -142 -304 -355 -271 -160 -34 -343 -85 -364 -52 -1 -166 -49 0
-37 -178 -355 -271 -52 -1 -214 -304 -49 -172 -160 -166 -142 -283 -85 48 0
272 -296 -131 -204 -1 -142 -192 -52 -364 -34 -178 0
-178 -364 -52 -271 -1 -142 -34 -355 -214 -304 -49 -172 -160 -166 -283 -85 48 0
185 -110 -348 -343 0
273 -282 -185 -70 0
367 -34 -283 -355 -271 -304 -52 -142 -1 -214 -160 -166 0
49 -127 -34 -131 -113 0
203 -37 -166 -271 -297 -178 -1 -142 -283 -355 -52 -214 -304 -160 -34 -104 0
47 -49 -166 -130 -304 -214 -37 0
-49 -37 -166 -214 -304 202 0
132 -94 -280 -247 -106 -171 -228 -195 -177 -214 -34 0
2 -111 -94 -212 -347 -275 -185 -247 -280 -166 -106 -112 -159 -142 0
87 -32 -327 -280 -247 -297 -283 -112 -129 -142 -104 -1 -94 -212 -275 -185 -166 -106 -159 -109 0
194 -94 -283 -247 -280 -106 -112 -159 -142 -1 -104 -327 -244 -129 -297 -86 -212 -275 -185 -166 -92 -171 0
48 -106 -185 -247 -280 -166 -1 -112 -142 -92 -283 -104 -297 -34 -130 -214 -125 -160 -366 -304 -349 -37 0
281 -170 -185 -194 -231 -297 -130 -34 -176 -260 -227 -283 -247 -106 0
143 -128 -104 -112 -1 0
159 -145 -52 0
3 -191 -166 -145 -52 -366 -34 -214 -304 202 -128 -104 -1 -142 0
107 -128 -1 -166 -145 -52 -366 -34 -214 -304 -142 -104 -204 0
2 -128 -297 -34 -283 -247 -160 -304 -280 -166 -1 -142 -92 -104 -214 -125 -366 -185 -107 -204 -159 0
-128 -297 -166 -271 -142 -283 -1 -178 -355 -52 -214 -304 -160 -34 -104 -204 -145 -366 -247 -280 -92 -125 -185 0
144 -132 -166 -204 -159 -113 -1 0
203 -85 -271 -1 -142 -34 -355 -214 -304 -178 -160 -166 -283 -52 -127 -113 -297 -104 0
272 -178 -271 -1 -142 -34 -355 -214 -304 -52 -160 -166 -283 0
143 -104 -52 -145 -128 -34 -214 -304 -166 -1 -142 -203 -127 0
-104 -128 -166 -1 -142 -52 -145 -203 -34 -214 -304 -280 -283 -105 0
129 -191 -159 -52 -166 -365 -214 -304 202 -113 -34 0
131 -347 -11 -95 -260 -160 -349 -46 -37 -304 -193 -214 0
192 -121 -246 -365 -126 -304 -214 -130 -160 -349 -46 -327 -283 -247 -231 -280 -166 -106 0
158 -145 -52 0
191 -37 -1 -214 -304 -166 -34 -131 -142 -52 -145 -203 -280 -283 -105 0
-37 -131 -126 -304 -214 -160 -283 -247 -280 -166 -296 -1 -142 -52 -145 -203 -34 -105 -365 0
204 -131 -190 -142 -166 -46 -1 0
-131 -296 -166 -52 -365 -214 -304 -34 -142 -1 -145 -203 -280 -283 -105 -126 -160 -247 0
192 -365 -126 -304 -214 -160 -283 -247 -280 -166 -296 -1 -142 -52 -145 -203 -34 -105 0
-178 -166 -1 -142 -52 -34 -214 -304 -283 -160 -271 -355 0
2 -131 -160 -355 -283 -34 -295 -142 -304 -364 -52 -1 -166 -367 -271 -202 0
-104 -128 -367 -355 -51 -172 143 -1 -105 0
50 -8 -113 -128 -304 -70 273 -364 -52 -355 -159 -107 -172 -191 -367 -166 0
190 -121 -67 -219 -33 -326 -194 -364 -304 -52 -70 273 -159 -107 0
147 -194 -333 -183 -241 -67 -313 -160 -260 -245 -364 -52 0
-128 -172 -367 -364 -52 -304 -159 -183 -67 -313 -160 -295 -283 -107 -219 -70 -214 -34 -131 -51 -355 -166 -271 143 -1 -105 0
-131 -52 -304 -271 -166 -355 -283 -34 -313 -160 -214 -1 -142 0
157 -332 -195 -182 -67 -313 -160 -295 -327 -283 -249 -282 -364 -108 -52 -192 -147 0
127 -367 -172 -182 -67 -195 -364 -304 -52 -158 -313 -160 -295 -327 -283 -108 -192 -70 -271 -114 -104 0
370 -355 -304 -313 -160 -283 -271 -1 -214 0
130 -203 -139 -51 0
-142 -295 -313 -160 157 -283 -52 -192 -304 -112 -203 -1 -166 -34 -214 -271 -355 0
-108 -177 -304 -138 -283 157 -195 -313 -160 -295 -327 -52 -192 -147 -179 -46 -203 0
36 -366 -304 -210 -231 -283 157 -313 -160 -52 -192 -147 -214 -51 -271 -1 -104 -128 0
365 -95 -348 -173 -186 -130 -139 -271 -202 -178 0
106 -139 -173 -200 -366 -348 -130 -271 -71 -281 0
157 -104 -52 -271 -355 -283 -128 -313 -160 -192 -214 -1 -304 -166 0
158 -192 -370 -52 -1 0
372 -143 -166 -192 0
-364 -171 -195 -149 -182 -67 -313 -261 157 -160 -283 -282 -108 -52 -192 -147 -296 -180 -366 0
204 -203 -271 -313 -160 -283 -52 -192 -214 -355 -304 -1 -166 0
107 -282 -52 -178 -271 -158 -364 -192 0
159 -192 -166 -370 -52 -1 0
66 -164 -92 0
193 -66 -171 0
195 -12 -348 -96 -261 -171 -160 -349 -46 -218 -228 -130 -304 -214 0
-203 -282 -160 -304 -214 -355 -283 -52 -271 -313 -192 -1 -166 -290 -179 0
72 -45 -282 -219 -67 -313 -283 -245 -85 -52 -271 -355 -160 -192 -214 -1 -304 -166 -296 -179 0
132 -227 -255 -176 -79 -35 0
Solved
