32 -91 -250 0
251 -562 -496 -289 -286 -223 -412 -4 -328 -424 -364 -280 -28 -97 -559 -427 -32 -454 -253 -91 0
568 -328 -286 -289 -223 -496 -4 -364 -424 -280 -28 -97 -559 -427 -454 -253 -250 0
252 -91 -28 -424 -568 -454 -559 -32 0
-91 -32 -28 -424 -568 -559 -454 -250 0
70 -563 -400 -286 -415 -539 -211 -238 -450 -378 -215 -24 -97 -491 -427 -434 -222 0
167 -394 -217 0
168 -394 -217 0
-91 -568 -424 -28 -559 -454 -250 0
540 -117 -432 -126 -97 -524 -543 -450 -364 -328 -286 -413 -298 -20 -400 -134 -415 -563 -211 0
365 -557 -38 -400 -279 -117 0
430 -465 -227 -434 -138 -491 -410 -355 -369 -385 -162 -54 0
287 -227 -476 -394 -256 -352 -130 -418 -400 -369 -117 -432 -434 -138 -491 -410 -355 -385 -162 -54 -565 -347 -524 -364 -38 -279 -358 0
33 -394 -400 -121 -286 -256 -352 -418 -355 -385 -565 -364 -427 -97 -328 -298 -415 -211 -85 -238 -322 -496 -289 -223 -280 -568 -4 -559 -424 -28 -22 -319 -253 -553 -250 0
490 -465 -414 -368 -21 -418 -135 -542 -54 -1 -515 -40 -286 -232 -556 -298 -400 -415 -211 -216 0
482 -528 -247 -69 -48 0
360 -414 -368 -21 -418 -135 -542 -1 -515 -40 -286 -298 -400 -415 -211 -216 -492 -431 -189 -116 0
115 -414 -368 -21 -418 -135 -542 -1 -515 -40 -286 -298 -400 -415 -211 -216 -492 -431 -189 0
53 -269 -1 -342 -355 -427 -385 -97 0
571 -355 -415 -400 -298 -385 -1 -427 -364 -313 -418 -40 -286 -211 -481 -247 -85 -322 -496 -289 -223 -280 -4 -403 -424 -238 -28 -319 -454 -253 -553 -250 -121 -256 -352 -217 0
358 -164 -279 -223 -289 -124 -522 -496 -322 -276 -85 -99 -54 -217 -438 -88 -24 -543 -135 0
52 -164 -279 -289 -223 -496 -514 -431 -195 0
558 -279 -217 -322 -88 -496 -54 -85 -289 -223 -431 -195 -24 -135 -560 -233 -571 -415 -298 -400 -286 0
543 -61 -418 -553 -352 -319 -256 -245 -347 -28 -525 -424 -238 -55 -195 -4 -190 -54 -223 -385 -267 -431 -289 -355 -496 -1 -322 -270 -85 -217 -454 -250 -24 -253 -88 0
224 -59 -553 -28 -319 -424 -279 -4 0
53 -395 -400 -571 -415 -167 -85 -322 -496 -289 -223 -553 -28 -319 -424 -279 -4 -403 -238 -216 -190 -474 -385 -195 0
116 -435 -553 -195 -54 -400 -571 -415 -85 -322 -496 -289 -223 -28 -319 -424 -4 -403 -238 -216 -385 -454 -250 -217 -253 -88 -418 -352 -256 -347 -55 -355 -1 -24 -135 -560 -298 -286 -364 -313 0
52 -457 -400 -135 -424 -24 -278 -4 -223 -217 -289 -269 -496 -514 -1 -432 -195 0
492 -115 -454 -250 -403 -253 -238 -217 -1 -355 -385 -54 -400 -135 -424 -4 -223 -289 -496 -364 -313 -427 -553 -571 -415 -85 -322 -28 -319 -88 -418 -352 -256 -55 -298 -286 -280 0
53 -193 -385 0
23 -473 -496 -571 -289 -400 -223 -415 -4 -211 -424 -214 -28 -319 -553 -97 -454 -250 -253 -135 0
29 -33 -553 -473 -319 -214 0
194 -430 -115 -496 -289 -400 -223 -415 -4 -211 -424 -214 -28 -553 -319 -250 -253 -238 -22 -571 -97 -454 -135 -385 0
215 -115 -430 -496 -436 -289 -298 -223 -400 -4 -253 -415 -424 -22 -571 -211 -214 -28 -319 -553 -97 -454 -250 -135 0
-115 -491 -322 -427 -496 -289 -571 -223 -400 -4 -415 -424 -211 -28 -298 -253 -319 -553 -454 -250 -135 -385 -54 -238 -403 -217 -1 -355 -364 -313 -85 -88 -418 -352 -256 -55 -286 -280 0
225 -491 -211 -415 -427 -400 -571 -553 -54 -559 -319 -430 -28 -496 -424 -289 -4 0
-491 -135 -415 -400 -571 -280 -28 -424 -4 -223 -427 -553 -54 -319 -496 -289 -322 -298 -253 -454 -250 -211 -385 -238 -403 -217 -1 -355 -364 -313 -85 -88 -418 -352 -256 -55 -286 0
116 224 -385 -194 -514 -238 -165 -403 -553 -28 -319 -424 -54 -4 -558 -364 0
224 -521 -364 -233 -115 -385 -194 -514 -238 -165 -403 -553 -28 -319 -424 -54 -4 -558 -496 -289 0
53 -115 -313 -1 -355 -427 -385 -558 -403 -238 -509 -422 0
402 -349 -194 -54 -313 -1 -355 -427 -385 -403 -238 -364 -85 -322 -496 -289 -223 -553 -28 -319 -424 -4 -561 -571 -415 -298 0
52 -173 -510 -557 -238 -115 -427 -432 -99 0
225 -522 -364 -234 -313 -1 -396 -355 -385 -99 -54 -510 -557 -238 -427 -561 -322 -28 -496 -424 -289 -4 0
117 -167 -217 -1 -355 -449 -385 -99 -522 -54 -525 -431 -364 -313 0
52 -70 -454 -33 -472 -427 -194 -99 0
214 -348 -364 -553 -28 -319 -424 -4 -403 -238 -385 -54 -454 -427 -194 -217 -1 -355 -313 -434 -85 -322 -496 -289 -223 -561 -211 -571 -415 -298 -400 0
491 -54 -313 -1 -355 -385 -364 -238 -427 -322 -28 -496 -424 -289 -4 -571 -298 -223 -400 -415 -211 -553 -319 -403 -454 -217 -85 -280 0
225 -509 -1 -355 -427 -385 -313 -403 -238 -558 53 -85 -216 -322 -28 -496 -424 -289 -4 0
402 -560 -424 -28 -4 -364 -385 -238 -403 -553 -319 -54 -496 -289 -223 -1 -355 -427 -313 53 -85 -216 -322 -415 -298 0
53 -54 -1 -355 -385 -217 -364 -313 -85 -553 -28 -319 -424 -4 -322 -403 -496 -238 -289 -223 -427 -571 -415 -298 -400 -280 -491 0
116 -167 -400 52 -289 -223 -496 -217 -491 -571 -24 -238 -403 -553 -28 -319 -424 224 -4 -364 0
224 -491 -415 -400 -211 -571 -280 52 -289 -223 -496 -217 -24 -238 -403 -553 -28 -319 -424 -4 -364 -85 -322 0
401 52 -571 -115 -238 -173 -427 -432 -510 0
-54 -571 -427 -400 -238 -403 -364 -313 -553 -319 -322 -28 -496 -424 -289 -4 -211 -415 -223 -280 -217 -85 -1 -355 -385 -298 -253 -454 -250 -88 -418 -352 -256 -55 -286 0
117 -557 -238 -59 -191 -279 -403 -364 0
401 -524 -126 -364 -115 -238 -59 -191 -279 -403 -415 -298 0
225 -115 -364 -313 -269 -217 -403 -238 -191 -99 -571 -298 -400 -415 -553 -85 -319 -322 -28 -496 -424 -289 -4 0
116 -167 -280 -250 -490 -253 -427 -238 -454 -403 -217 -138 -553 -28 -319 -424 224 -4 -269 -364 -313 0
402 -125 -520 -234 -415 -298 0
-115 -422 -238 -191 -211 -415 -400 -298 -364 -280 -250 -490 -253 -427 -454 -403 -217 -138 -553 -28 -319 -424 -4 -269 -313 -85 -322 -496 -289 -223 -99 -571 0
574 -481 -40 -298 -400 -280 -28 -424 -4 -223 -289 -496 -238 -211 -415 -364 -250 -253 -427 -454 -217 -553 -319 -313 -85 -322 -1 -385 -88 -418 -352 -256 -286 -247 -121 0
117 -264 -427 -524 -217 -522 -168 -126 -234 -450 -40 -438 -98 -36 -54 401 -115 -238 -173 -432 -510 -279 -560 -364 -313 0
225 401 -115 -427 -217 -40 -364 -238 -313 -385 -403 -415 -298 -553 -85 -319 -322 -28 -496 -424 -289 -4 0
116 -174 -427 -510 -238 -164 -403 -553 -28 -319 -424 224 -4 -364 -313 0
239 -423 -385 -510 -190 0
401 -115 -250 -253 -1 -88 -217 -385 -364 -313 -574 -403 -238 -454 -427 -553 -28 -319 -424 -4 -85 -322 -496 -289 -223 -40 -415 -298 -211 0
240 -279 -216 -322 -28 -496 -424 -289 -4 -223 -553 -319 -85 -385 -509 -403 -190 0
225 -56 -506 -352 -418 -267 -217 -381 -356 -503 -279 -1 -60 -364 -313 -115 -403 -238 -191 -99 -298 -400 -415 -553 -85 -319 -322 -28 -496 -424 -289 -4 -275 -216 -521 -540 -525 0
366 402 -217 -418 -352 -250 -385 -238 -403 -553 -28 -319 -424 -4 -364 -85 -256 -415 -298 -322 -40 -496 -289 -223 -1 -313 -115 -400 -216 -540 -574 0
5 -115 -313 -364 -217 -403 -238 -269 -298 -400 -415 -553 -85 -319 -322 -28 -496 -424 -289 -4 -427 -216 -223 -385 -509 -206 -561 -165 -278 0
-115 -403 -415 -298 -289 -223 -4 -313 -364 -217 -496 -238 -400 -553 -85 -319 -322 -28 -424 -427 -385 -418 -352 -250 -256 -40 -1 -574 -211 -253 -88 -454 0
402 -163 -40 -125 -520 -415 -298 0
-163 -520 -40 -298 -400 -125 -232 -415 0
401 -62 -540 -211 -556 -415 0
523 -21 115 -418 -368 -1 -515 -40 -286 -298 -400 -415 -211 -216 -492 -431 -481 -247 -69 -48 -137 -125 -385 -427 -364 -313 -85 -322 -496 -289 -223 -280 -4 -403 -424 -238 -28 -319 -454 -253 -553 -250 -121 -256 -352 -217 -572 -540 -348 0
6 115 -298 -40 -415 -364 -400 -418 -1 -286 -211 -481 -247 -385 -427 -313 -85 -322 -496 -289 -223 -280 -4 -403 -424 -238 -28 -319 -454 -253 -553 -250 -121 -256 -352 -217 0
402 -524 -364 -347 -279 -539 -40 -211 -232 -556 -415 -298 0
-403 -481 -1 -418 -364 -286 -298 -400 -415 -211 -40 -289 -223 -496 -4 -424 -280 -28 -427 -454 -253 -250 -385 -313 -247 -85 -322 -238 -319 -553 -121 -256 -352 -217 -88 0
347 -34 -423 -238 401 -211 -540 -415 -385 0
521 -272 -250 -33 -206 -280 -337 -537 -347 -153 -525 -159 0
535 -423 -368 -510 -418 -238 -504 -65 0
277 -33 -250 -280 -537 -525 -125 -40 -298 -400 -520 -415 -423 -238 401 -211 -540 -385 0
224 401 -250 -253 -427 -340 -88 -217 -238 -385 -313 -115 -364 -280 -40 -298 -400 -415 -454 -211 -418 -553 -85 -319 -322 -28 -496 -424 -289 -4 0
-520 -279 -364 -115 -40 -298 -400 -415 -234 -126 -522 0
270 -34 -238 -246 -510 -220 -173 -427 -340 0
401 -115 -427 -340 -313 -238 -364 -40 -298 -400 -415 -322 -28 -496 -424 -289 -4 -223 -250 -253 -88 -217 -385 -280 -454 -211 -418 -553 -85 -319 0
365 -35 -553 -319 -216 -28 -424 -4 -85 -223 -280 -322 -289 -40 -496 -250 -313 402 -520 -415 -298 -279 -115 0
498 -541 -250 -253 -427 -454 -340 -88 -270 -217 -553 -441 -319 -28 -99 -424 -4 -85 -540 -223 -322 -289 0
497 -279 -223 -289 -40 402 -520 -415 -298 0
116 -422 -509 -238 -385 -250 -253 -427 -454 -340 -88 498 -217 -553 -441 -319 -28 -424 -4 -85 -540 -223 -322 -289 -558 -313 0
-279 -520 -238 -553 -319 -216 -28 -424 -4 -85 -223 -280 -322 -289 -40 -496 -250 -313 402 -385 -415 -298 -115 -364 -253 -427 -454 -340 -88 -217 -540 0
-520 402 -415 -298 -496 -115 -289 -364 -223 -238 -553 -319 -216 -28 -424 -4 -85 -280 -322 -40 -250 -313 -385 -253 -427 -454 -340 -88 -217 -540 0
225 -573 -427 -340 -352 -238 -313 -85 -115 -319 -216 -322 -364 -28 -496 -523 -424 -289 -4 0
-115 -217 -88 -253 -250 -454 -1 -418 -352 -313 -553 -85 -28 -319 -424 -4 -322 -364 -496 -289 -223 -427 -340 -238 -415 -298 -280 -40 -385 -211 -400 0
497 -279 -298 -40 -232 -415 -400 -223 -289 0
-279 -187 -1 -418 -481 -117 -364 -286 -298 -400 -415 -211 -121 -256 -352 -385 -427 -85 -238 -322 -496 -289 -223 -280 -4 -559 -424 -28 -319 -253 -553 -250 -40 -454 -217 -232 -556 -430 0
577 -247 -418 -1 -40 -286 -298 -400 -211 -424 -289 -223 -496 -4 -364 -280 -427 -253 -85 -322 -319 -553 -121 -256 -352 -385 -238 -313 0
29 -577 -319 0
30 -577 -319 0
-520 -174 -280 -34 -238 -211 -540 -415 -385 -45 -368 -418 -352 -553 -350 -319 -37 -577 -163 -525 -400 -223 -289 -40 -279 497 -298 0
386 -195 -54 0
205 -195 -570 -560 -163 -222 -472 -250 -70 -32 0
31 -70 -454 -250 -222 -92 0
492 -245 -217 -270 -454 -32 -250 -36 -570 -279 -163 -40 -233 -207 -560 -472 -427 -353 -172 -66 -322 -535 -85 -349 -421 -385 -54 -434 0
116 -270 -1 -353 -75 -217 -421 -85 -385 -322 -594 -24 -490 -454 -32 -250 -36 -570 -279 -163 -40 -233 -207 -560 -472 -427 -172 -66 -535 -349 -434 -346 -61 -556 -430 0
323 -98 -192 -385 -490 -421 -282 -349 -594 -85 0
245 -472 -32 -222 0
538 -75 -594 -217 -454 -32 -250 -36 -570 -279 -40 -560 -427 -353 -66 -322 -535 -85 -385 -434 -192 -330 -117 -1 -24 -346 -430 -313 -124 -588 -520 -510 -402 -415 -215 -212 0
496 -364 -66 -250 -32 -427 -217 -402 -560 -588 -313 -104 -539 -594 -454 -279 -40 -322 -85 -385 -434 -1 -520 -415 -215 -524 -570 -238 -582 0
221 -491 -385 -192 -52 -98 -434 -427 -72 0
538 -22 -385 -192 -238 -52 -20 -413 -330 -571 -560 -222 -434 -427 -72 -280 -346 -563 -378 -63 0
220 -133 -267 -130 -59 -138 -22 -1 -270 -112 -264 -385 -352 -413 -427 -160 -52 -74 -35 -394 -330 -97 -346 -571 -280 -560 -245 0
-394 -352 -427 -72 -222 -267 -130 -59 -1 -270 -264 -385 -434 -413 -52 -330 -346 -571 -280 -560 -245 -389 -279 -207 -38 -163 -298 -40 -233 -126 -520 -582 -415 -563 -211 -539 -192 -238 -20 -378 -63 -285 -168 -217 0
394 -546 -227 -188 -130 -280 -369 -560 -72 -463 -264 -222 -254 -427 -543 -177 -173 -88 -285 -217 -450 -168 0
116 -211 -539 -385 -238 -20 -413 -571 -560 -222 -434 -427 -72 -280 -563 -378 -582 -168 -130 -59 -1 -270 -264 -389 -279 -207 -38 -163 -298 -40 -126 -520 -415 -285 -217 -227 -369 -254 -177 -173 -88 -450 -524 -556 -432 -364 0
221 -53 -385 -491 -98 -434 -427 -72 0
234 -135 -227 -130 -476 -162 -20 -413 -329 -247 -68 -364 -527 -279 -311 -113 -38 -436 -276 -163 -298 -40 0
Solved
