406 -43 -1 -247 -22 -242 -19 -173 -142 -133 -223 -250 -236 0
139 -406 -178 -166 -25 -277 -367 -242 0
48 -406 -166 -367 -175 -250 -199 -223 -277 -242 -142 0
243 -43 -19 -22 -406 -349 -166 -367 -139 0
409 -166 -367 -175 -250 -199 -223 -277 -142 -242 -19 -22 -349 -25 -1 -247 -173 -133 -236 0
-406 -361 -166 -367 -175 -250 -199 -223 -277 -142 -46 -242 0
406 -409 -288 -391 -133 -239 -325 -250 -381 -236 -1 -247 -22 -242 -19 -173 -142 -223 0
241 -166 -367 -175 -250 -199 -223 -277 -142 -406 -242 0
413 -175 -250 -349 -367 -325 -199 -223 -277 -142 -288 -391 -133 -381 -1 -247 -22 -19 -173 -258 0
-242 -406 -173 -223 -142 -277 -199 -316 -259 -232 -301 -258 -367 -175 -250 -1 -243 0
167 -397 -325 -237 -250 -322 -406 -349 0
-406 -237 -100 -277 -211 -199 -316 -259 -232 -301 -258 -325 -250 -349 -367 -173 -223 -142 -175 -1 -243 0
241 -316 -345 -232 -137 -301 -371 -259 -275 -199 -190 -277 -186 -48 0
415 -232 -301 -259 -199 -277 -187 -142 -391 -289 -133 -223 -250 -100 -211 -258 -325 -349 -367 -173 -1 -288 -381 -22 -19 0
243 -176 -199 -301 -259 -258 -413 -367 0
-175 241 -259 -258 -199 -367 -406 -250 -223 -277 -142 -301 -242 -176 0
-242 -406 -159 -1 -277 -100 -250 -142 -223 -173 -259 -258 -199 -367 -301 -176 -413 0
242 -176 -277 -199 -173 -1 -367 0
418 -289 -391 -133 -250 -1 -277 -100 -142 -173 -259 -258 -199 -301 -325 -253 -37 -417 -187 -211 -349 -288 -381 -22 -19 0
413 -175 -250 -349 -367 -325 -199 -223 -277 -142 -288 -391 -133 -381 -1 -417 -22 -19 -173 -258 0
243 -413 -417 -199 -301 -259 -258 -367 0
-175 -223 -142 -418 -367 -277 -199 -259 -258 -406 -250 -301 -242 -417 -349 -325 -288 -391 -133 -381 -1 -22 -19 -173 0
-223 -242 -253 -406 -1 -277 -100 -250 -142 -325 -173 -259 -258 -199 -367 -301 -37 -417 -418 -349 -288 -391 -133 -381 -22 -19 0
241 -47 -388 -1 -372 -133 -186 -49 0
176 -242 -349 -381 -19 -22 -406 -367 -258 -417 -199 -301 -259 -325 -388 -1 -372 -133 -186 -49 -277 0
-242 -406 -349 -258 -301 -1 -259 -199 -133 -277 -325 -49 -253 -417 -367 -37 -381 -19 -22 -173 -100 -250 -142 -418 -288 -391 0
225 -397 -100 -190 -406 -237 -185 -250 -173 0
-406 -367 -1 -173 -100 -250 -258 -211 -325 -349 -277 -418 -417 -199 -142 -301 -259 -133 -49 -253 -37 -381 -19 -22 -288 -391 0
-175 -176 -418 -142 -367 -277 -242 -199 -417 -301 -259 -258 -250 -349 -325 -288 -391 -133 -381 -1 -22 -19 -173 -223 0
175 -223 -166 -190 -367 -418 -242 -417 -199 -301 -259 -258 -349 -173 0
-223 -242 -418 -367 -277 -199 -142 -417 -301 -259 -258 -250 -349 -325 -288 -391 -133 -381 -1 -22 -19 -173 -166 -190 0
176 -186 -325 -253 -289 -190 -121 -349 -250 -166 -258 -235 -367 -417 -199 -301 -259 -242 -388 -1 -372 -133 -49 -277 0
-242 -121 -289 -391 -133 -417 -199 -301 -259 -258 -367 -325 -253 -190 -349 -250 -166 -235 -1 -49 -277 -173 -418 -142 -288 -381 -22 -19 0
-367 -289 -253 -325 -250 -349 -258 -417 -277 -199 -173 -1 -391 -133 -301 -259 -49 -418 -142 -288 -381 -22 -19 -100 -211 -37 0
412 -186 -133 -284 -1 -42 -141 -48 -173 -277 -176 -325 -199 -253 -259 -37 -301 -25 -417 -258 0
243 -259 -381 -142 -349 -325 -1 -133 -173 -417 -277 -199 -253 -19 -37 -301 -25 -258 -361 0
175 -324 -349 -142 -47 -1 -37 -185 -88 -417 -173 0
184 -324 -349 -381 -142 -140 -47 -1 -88 -173 0
424 -349 -19 -381 -142 -1 -173 -133 -325 -417 -277 -199 -253 -37 -301 -258 -250 -391 -49 -288 -22 -211 -187 0
241 -225 -142 -47 -1 -372 -133 -186 -49 0
-372 -186 -381 -19 -22 -242 -367 -258 -417 -199 -301 -259 -325 -1 -133 -349 -49 -277 -191 -250 -142 -288 -391 -173 -47 -371 0
-186 -184 -142 -277 -199 -259 -301 -258 -367 -242 -250 -1 -417 -349 -325 -288 -391 -133 -381 -22 -19 -47 -49 -173 0
186 -47 -1 -142 -242 -173 -133 0
-47 -242 -1 -173 -142 -277 -199 -259 -301 -258 -367 -250 -417 -349 -325 -288 -391 -133 -381 -22 -19 -49 0
241 -372 -25 -325 -381 -75 -1 -137 -367 -133 -186 -140 0
243 -176 -250 -349 -367 -325 -199 -277 -142 -288 -391 -133 -381 -1 -417 -22 -19 -258 -173 -253 -37 -301 -259 -25 0
-186 -225 -133 -173 -137 -1 -25 -325 -381 -75 -367 241 -140 0
-242 -259 -367 -199 -277 -142 -173 -133 -1 -325 -381 -349 -288 -391 -417 -22 -19 -258 -253 -37 -301 -250 -49 0
136 -345 -142 -47 0
371 -136 -1 0
184 -371 -173 0
242 -367 -1 -142 -211 -277 -417 -199 -173 0
174 -47 -277 -417 -199 -133 -186 -173 -1 -367 -258 -242 -142 -372 -49 0
172 -186 -372 0
-371 -159 -413 -140 -367 -242 -361 -349 -324 -99 -75 -1 -133 -137 -186 -372 -173 0
-186 -372 -242 -1 -349 -133 -367 -173 -325 -253 -37 -417 -199 -277 -258 -142 -49 0
186 -367 -258 -250 -199 -277 -142 -242 -173 -133 -1 0
48 -88 -191 -367 -55 -376 -123 -175 -388 -250 -199 -223 -277 -242 -142 0
-367 -199 -49 -19 -142 -250 -115 -277 -133 -173 -1 -349 -325 -253 -37 -417 -258 -211 0
-371 -16 -1 -133 -395 -186 -372 -173 0
243 -395 -1 -133 -186 -372 -173 -25 -325 -258 -253 -37 -417 -361 0
242 -186 -381 -142 -88 -1 -173 -361 -349 0
135 -186 -349 -325 -19 -173 -1 -133 -381 243 -25 -258 -253 -37 -417 -361 -142 0
-186 -133 -1 -173 -25 -325 -258 -253 -37 -417 -361 -349 -19 -381 -142 -241 -88 0
427 -381 -19 -142 -1 -173 -258 -253 -37 -417 -49 -250 -115 -277 -211 0
241 -191 -90 -177 -285 -200 -1 -394 -277 -136 -142 -372 -186 -133 -225 -49 0
362 -48 -141 -277 -42 -200 -285 -177 0
-371 -372 -258 -22 -417 -277 -1 -142 -19 -186 -133 -49 -427 -173 0
48 -361 -54 -381 -427 -142 -186 -1 -173 -88 -241 0
-361 -177 -277 -133 -427 -241 -142 -46 -54 -381 -186 -1 -173 -88 0
-372 -133 -277 -142 -417 -211 -427 -381 -186 -1 -173 -258 -22 -19 -49 0
-133 -186 -37 -381 -19 -142 -427 -253 -173 -1 -277 -417 -211 -258 -22 -49 0
48 -40 -381 -283 -16 -427 -361 -1 -142 -139 -136 0
241 -361 -177 -283 -427 -277 -142 -381 -16 -1 -136 0
-361 -394 -16 -1 -258 -253 -427 -37 -90 -417 -177 -242 -283 -277 -142 -381 -136 0
407 -121 -250 0
-372 -361 -1 -258 -253 -427 -37 -16 -417 -242 -283 -277 -142 -381 -173 -371 -186 0
243 -74 -19 -22 -127 -283 -277 -142 -361 -46 0
363 -127 -142 -19 -46 -22 -139 -40 -417 -283 -175 0
-361 -283 -19 -277 -142 -427 -22 -417 -242 -253 -37 -16 -173 -1 -258 -381 -371 -186 0
256 -407 -191 -167 -26 0
-186 -173 -1 -277 -417 -258 -19 -142 -427 -22 -253 -37 -381 -250 -211 -49 0
-242 -284 -1 -142 186 -173 -47 0
-47 -361 -1 -142 186 -173 -22 -19 -427 -277 0
47 -75 -192 -250 -22 -135 -19 -427 -223 -127 -243 -142 0
431 -244 -19 -277 -142 -1 -250 -253 -37 -211 -49 -115 -22 0
-283 -97 -17 -37 -377 -142 -19 -127 -22 -46 -40 -139 -175 -361 -55 -285 0
172 -47 -277 -142 -37 -19 -22 -250 -1 -186 0
-47 -186 -37 -416 -380 -1 -253 -174 -277 -142 -19 -22 -250 0
241 -378 -17 -134 -285 -53 -140 0
-173 -361 -186 -19 -1 -253 -37 -142 -380 -22 -277 -416 -250 -174 0
285 -43 -19 -350 -22 -429 -247 -133 0
413 -157 -391 -333 -104 -287 -240 0
-361 -186 -37 -416 -391 -287 -380 -1 -253 -19 -142 -22 -277 -250 -174 0
172 -249 -22 -75 -19 -1 -129 -186 0
-186 -416 -174 -22 -19 -1 -211 -37 -391 -287 -380 -253 -142 -277 -250 0
-47 -173 -142 186 -242 -1 -361 -22 -19 -277 0
-173 -242 -361 -301 -250 186 -277 -142 -416 -1 -22 -19 -174 0
134 -428 -327 -200 -176 -361 -367 -89 -353 -56 -285 -18 0
48 -176 -361 -135 -367 -89 -192 -380 -40 -1 -394 -277 -142 -139 -136 0
-372 -33 -315 -22 -399 -248 -74 -87 -77 -56 -1 -224 -177 -285 241 -133 -277 -142 -186 -200 -138 -173 0
-133 -56 -224 -396 -138 -173 -1 -315 -22 -399 -248 -74 -77 -177 -285 241 -277 -142 -186 -200 -134 0
370 -351 -191 -324 -74 -16 -1 -138 0
-283 -285 -19 -142 -173 -1 -22 -277 -186 -242 -361 0
243 -367 -361 0
296 -230 -115 -69 0
-136 -75 -361 -277 -142 -186 -1 -133 -372 -242 -55 -396 -173 -138 0
17 -49 -19 -441 -269 -295 -76 -225 -22 -403 -388 -55 -376 -97 0
224 -44 -411 -19 -376 -129 -388 -108 0
135 -178 -22 -314 -19 -25 -190 -275 -129 -225 -388 -332 -166 -349 -325 -323 -18 -441 -269 -295 -76 -403 -55 -97 -86 0
107 -198 -183 -158 -398 -122 -408 -190 -275 -129 0
134 -365 -247 -22 -19 -129 -388 -225 -183 -398 -190 -275 -332 -166 -349 -325 -323 -18 0
21 -376 -55 -49 -18 -323 -349 -97 -415 -365 -247 -22 0
3 -285 -19 -277 -142 -22 -361 -242 -186 -1 -173 0
243 -274 -191 -74 -429 -277 -322 -177 -285 -48 -361 0
138 -44 -322 -361 -365 -74 -53 -277 -242 -429 -285 -55 -395 -173 -371 -186 0
20 -55 -361 -123 -376 -277 -242 -142 -429 -173 -371 -137 -322 -74 -53 -285 -395 -186 -247 -22 0
370 -351 -97 -45 -395 -276 0
-351 -411 -376 -45 -276 -142 -129 -173 -137 -371 -97 -395 0
-372 -354 -55 -89 -395 -173 -371 -186 0
-285 -173 -142 -186 -242 -361 -22 -19 -277 -1 0
2 -376 -331 -90 -129 -361 -242 -274 -177 -136 -277 -142 -283 -16 -1 -427 -225 -57 -191 -323 0
-376 -394 -225 -242 -361 -90 -142 -136 -16 -1 -331 -129 -274 -177 -277 -283 -427 -57 -191 -323 0
241 -427 -142 -325 -48 -361 -177 -136 -277 -283 -16 -1 0
192 -306 -99 -189 -45 -250 -415 -22 -409 -236 -249 -407 -74 -25 0
408 -250 -121 0
-371 -415 -22 -249 -398 -361 -242 -142 -277 -283 -1 -323 -57 -135 -186 -372 -173 0
-372 -173 -19 -142 -361 -242 -186 -1 -277 -22 0
-173 -242 -22 -19 -1 -277 -142 -186 -361 0
378 -295 -240 -429 -350 -323 -388 -17 0
-242 -22 -142 -1 -361 -186 -277 -19 0
-136 -370 -1 0
17 -86 -378 -133 0
371 -295 -186 -277 -133 -142 -46 -361 -241 -177 -1 -88 -388 -324 -25 -402 -190 -182 -128 -74 -52 -172 0
275 -366 -19 -22 -315 -166 -74 -349 -190 0
43 -376 -133 -55 -285 -249 -366 0
-376 -415 -444 -249 -55 -285 -87 -133 -17 -324 -349 -97 -44 -366 0
-22 -19 -1 -186 -277 -142 -361 0
-136 -16 -361 -376 -277 -142 -17 -1 -186 0
-367 -241 -369 -361 0
243 -128 -276 -74 -404 -277 -142 -46 -40 0
275 -25 -44 -74 -410 -349 -190 0
134 -333 -276 -44 -74 -410 -51 -86 -53 -277 -361 -46 -404 -142 -225 -88 -371 -285 -186 0
-16 -17 -142 -361 -186 -277 -376 -1 0
127 -392 -197 -182 -159 -399 -407 -190 -276 -107 0
242 -241 -133 -19 -1 -186 -277 -142 -361 -376 -74 -322 0
274 -380 -401 -176 -403 -173 -376 -247 -186 -1 -52 -219 -342 -265 -44 -319 -19 -183 -129 0
350 -225 -183 -398 -408 -190 -129 -173 -186 -401 -176 -403 -376 -247 -1 -52 -219 -342 -265 -19 -327 -429 -166 0
47 -173 -186 362 -277 -141 -48 -42 -133 -351 -183 -190 -376 -247 -1 -219 -265 -19 -327 -166 -313 -74 -142 0
-173 -190 -42 -186 -141 -1 -48 362 -277 -351 -183 -133 -376 -247 -219 -265 -19 -327 -166 -313 -74 -142 0
-190 -25 -17 -376 -74 243 -277 -142 -1 -186 362 -351 -133 -247 -219 -265 -19 -327 -166 -313 0
243 -74 -277 -186 -1 -17 -376 -142 -19 -361 0
-241 -243 -133 -19 -1 -186 -277 -142 -361 -376 -74 -322 0
370 -201 -429 -322 -361 -367 -276 -173 -55 -354 -395 -371 -186 0
47 -276 -285 -17 -1 -429 -322 -361 241 -354 -186 -277 -142 0
192 241 -277 -142 -186 -1 -133 -361 -313 -17 -322 0
-74 -17 -361 -142 -277 -1 -186 -376 -19 0
46 -90 -361 -186 -173 -396 -1 0
-173 -366 -19 -322 -54 -361 -191 -186 -372 -138 -48 -396 -1 0
-17 -376 -19 -361 -1 -277 -142 -186 0
137 -225 -142 -390 -46 0
-74 -105 -332 -129 -106 -275 -405 -186 47 -277 -190 -48 -42 -133 -141 -183 -173 -376 -247 -1 362 -265 -19 -327 -166 -313 -219 -142 -75 0
-48 -173 -277 -186 -376 -1 -19 -142 -361 0
-173 -376 -277 -142 -361 -1 -186 -19 0
-376 -19 -277 -142 -361 -1 -186 0
Solved
