12 -88 -217 0
-88 -217 -10 0
358 -272 -116 -7 -98 -364 -282 -162 0
273 -304 -87 -116 -248 -317 -182 -141 -5 0
-304 -320 -13 -343 -116 -113 -248 -317 -182 -5 -272 -87 -141 0
218 -13 -343 -7 -364 -1 -148 -76 0
318 -4 -359 -161 -273 -281 -117 0
115 -4 -281 -7 -318 0
-4 -226 -13 -161 -343 -281 -117 -7 -359 -273 0
370 -7 -1 -148 -10 0
152 -13 -90 -103 0
153 -193 -99 -10 -103 0
-88 -364 -304 -10 -112 -200 -193 -358 -182 -99 -77 0
5 -304 -23 -344 -10 -112 -99 -77 -102 -148 -280 0
117 -280 -148 -10 -4 -112 -7 -334 -310 -286 -133 -1 0
-88 -364 -304 -10 -112 -201 -193 -358 -183 -98 -78 0
153 -226 -103 0
6 -304 -24 -345 -10 -112 -98 -78 -101 -148 -280 0
194 -257 -103 -364 -151 0
316 -115 -148 -4 -7 -310 -1 -10 0
326 -77 -370 -269 -141 -130 -196 -7 -235 -343 0
-103 -364 -160 -258 153 0
150 -77 -358 -141 -160 -85 0
-115 -4 -7 -310 -1 -148 -318 -10 0
-4 -318 -7 -310 -1 -148 -10 0
208 -287 -116 0
306 -153 -335 -134 -86 -116 -1 -29 -10 -271 -113 -22 0
117 -250 -22 -103 -86 -320 -188 -83 -170 -284 -132 -335 -38 -310 -271 -287 -134 -1 0
304 -287 -7 -134 -116 -22 -103 -86 -132 -335 -310 -271 -1 -199 -244 -181 -358 -29 -113 0
-318 -310 -1 -10 -7 -244 -148 0
115 -304 -153 -1 -148 -6 -30 -282 -114 -10 -7 -336 -22 -288 -135 0
-161 -85 -140 -148 -78 318 -4 -273 0
-304 -153 -148 -103 318 -22 -310 -1 -10 -7 0
5 -271 -288 -117 -1 -282 -7 0
116 -250 -22 -103 -87 -321 -189 -84 -171 -285 -131 -336 -39 -310 -271 -288 -135 -1 0
304 -22 -288 -135 -117 -7 -103 -336 -310 -1 -244 -148 -282 -6 -30 -114 0
-22 -103 -148 -310 -1 -10 -7 -244 0
22 -7 -288 -117 -282 -135 -6 0
115 -114 -151 -22 -1 -148 -6 -30 -282 -10 -7 -336 -288 -135 0
373 -1 0
135 -288 -115 0
280 -171 -311 -373 -77 -141 -29 -113 -305 -272 -22 -5 0
-116 -334 -22 -7 -288 -316 -1 -115 0
-4 -170 -312 318 -78 -140 -273 -306 -22 -288 -117 -1 -7 0
-288 -7 -22 -1 -115 -134 0
-7 -134 -22 -1 -115 0
-288 -134 -115 -286 0
-134 -115 -22 -1 0
-115 -22 -1 0
150 -211 -270 -153 -328 -161 -100 0
Solved
350 340 4 9 10 13 16 35 50 55 115 94 109 119 122 143 159 167 172 239 279 291 312 323 337 2 374 0
