169 -354 -207 0
99 -337 -136 0
426 -382 -181 0
454 -282 -116 -87 -414 -211 -16 -82 -375 0
493 -307 -197 -191 -466 -446 -88 -112 -230 -450 -456 -116 -87 -414 -211 -82 -375 -119 -425 -181 0
383 -493 -112 0
382 -189 -116 -456 -7 -57 -450 -370 -119 -451 -425 -230 0
352 -451 -116 -7 -450 -112 -425 -197 -446 -87 -414 -211 -82 -193 -48 -160 -478 -72 -294 -207 0
502 -116 -478 -211 -160 -193 -214 -294 -82 -7 -450 -112 -425 -197 -446 -289 -305 -297 0
383 -98 -425 -446 -183 -112 0
455 -87 -429 -275 -226 -294 -197 -425 -446 -112 -414 -136 -305 -502 -214 -193 -160 -478 -450 0
424 -383 -87 -414 -211 454 -82 -375 -189 -112 -116 -371 0
-383 -121 -414 -87 -452 -334 -305 -230 -47 -371 -425 -211 454 -82 -375 -189 -112 -116 0
-87 -414 -116 -211 -82 -375 -112 -334 -305 -425 -7 -160 -356 -193 -450 -456 -429 -275 -226 -294 -197 -446 -136 -502 -214 -478 0
114 -16 -275 -248 -152 -320 -100 -226 -129 -493 -88 0
-16 -189 -100 -265 -356 -334 -82 -74 -71 -493 -88 -112 -275 -248 -152 -320 -226 -129 0
70 -57 -456 -7 -116 -450 -189 382 -451 -425 -230 -170 -265 -352 -334 -294 -74 0
455 -383 -129 -289 -88 -74 -456 -7 -116 -450 -425 -265 -352 -334 -294 -414 -350 -100 -356 -82 -112 -275 -226 -297 -214 -217 -193 -46 -160 -478 0
454 -282 -425 -217 -116 -7 -46 -160 -211 -193 -82 -375 0
-414 -375 -275 -226 -446 -160 -112 -478 -450 -289 -456 -7 -116 -425 -294 -350 -356 -82 -297 -214 -217 -193 -211 -334 -429 -136 -305 -197 0
84 -463 -226 -116 -152 -281 -246 -36 -334 -309 -261 -499 -105 -356 -211 0
455 -230 -189 -211 -82 -226 -36 -334 -309 -356 -87 -305 -214 -502 -425 -193 -383 -160 -116 -478 -450 0
384 -29 -259 -240 -502 -18 -452 -230 -112 0
-230 -189 -275 -425 -383 -502 -18 -112 -7 -309 -214 -356 -211 -193 -82 -450 -375 -456 -334 -226 -36 -87 -305 -160 -116 -478 0
230 -456 -478 -450 -160 0
-375 -189 -425 -383 -112 -7 -275 -214 -356 -211 -193 -82 -450 -456 -334 -226 -305 -160 -116 -478 -446 -289 -294 -350 -297 -217 -429 -136 -197 0
375 -294 -478 -160 -211 -193 -82 0
162 -456 -375 -478 -193 0
83 -372 -116 -499 -248 -189 -211 -57 0
455 -57 -189 -334 -356 -211 -82 -116 -136 -425 -383 -230 -450 0
384 -307 -121 -383 -334 -305 -230 -47 -425 -211 454 -82 -189 -112 -116 -478 -160 -193 -214 -294 -7 -450 -289 -297 -259 0
-456 -189 -425 -230 -383 -112 -7 -505 -214 -356 -211 -193 -82 -450 -334 -226 -305 -160 -116 -478 -217 -294 -289 -297 -136 0
-189 -383 -211 -193 -294 -160 -478 -425 -230 -82 -112 -7 -505 -214 -356 -450 -334 -226 -305 -116 -217 -289 -297 -136 0
-383 -230 -334 -425 -112 -294 -450 -478 -136 -160 -193 -211 -82 -7 -505 -214 -356 -226 -305 -116 -217 -289 -297 0
322 -463 -165 -189 -121 -334 -500 0
231 -451 -322 0
-451 -121 -289 -297 -334 -71 -173 -239 -7 -248 -322 -456 -450 -230 0
212 -47 -305 -334 -7 -456 -450 -230 -289 -297 -71 -173 -189 -360 -294 -356 -16 -105 -82 0
161 -189 -160 -112 -478 -450 -289 -7 -116 -425 -294 -350 -356 -82 -297 -214 -217 -193 -211 -334 -136 -305 -166 -505 -230 -226 0
-189 -230 -82 -294 -478 -193 -160 -112 -450 -289 -7 -116 -425 -350 -356 -297 -214 -217 -334 -136 -305 -166 -505 -211 -226 0
189 -116 -217 -211 -294 -478 -375 -193 -160 0
-116 -294 -211 -82 -193 -478 -160 -450 -112 -289 -7 -425 -350 -356 -297 -214 -217 -334 -136 -305 -166 -505 -226 0
213 -189 -294 -160 -478 -193 -321 -248 -82 0
187 -121 -136 -334 -473 -165 0
-189 -425 -136 -281 -305 -484 -48 -294 -248 -388 -160 -321 -193 -334 -473 -356 -82 -211 -478 0
509 -136 -193 -160 -478 -334 -82 -211 -217 -112 -289 -7 -214 -226 -64 -178 -1 0
195 -454 -189 -334 -116 -211 -160 -478 -193 -294 -82 -217 -451 -357 -229 -214 -103 0
194 -103 -478 -211 -189 -160 -82 0
-294 -189 -505 -217 -318 -160 -478 -193 -82 -211 -293 0
473 -100 -136 -121 -465 -334 0
-189 -426 -136 -334 -357 -211 -82 -193 -160 -478 -505 -217 -318 -293 0
-294 -174 -296 -289 -72 -478 -193 -217 -211 189 -160 -293 -82 0
247 -116 -321 -217 0
212 -247 -478 -193 162 -82 0
98 -337 -136 0
-247 -153 -226 -474 -505 -426 -136 -307 -39 -210 -222 -484 -321 -7 -165 -82 -211 -478 -193 162 0
511 -217 -226 -82 -211 -478 -193 -289 -160 -214 -334 -1 -508 0
84 -247 -226 -334 -189 -217 -511 -508 -1 -116 -294 -152 -105 -356 -211 0
-247 -116 -375 -211 -82 -226 -334 -189 -217 -511 -508 -1 -456 -294 -152 -105 -356 0
104 83 -449 -511 -116 -248 -230 -189 -211 -57 -23 -7 -508 -1 -289 -206 -71 -173 -294 -277 0
448 -136 -193 -160 -478 -334 -82 -211 -217 -7 -289 509 -214 -226 -359 -1 -425 -501 -116 -248 83 -189 -57 -230 0
9 -180 -511 -68 0
83 -449 -230 -129 -47 -511 -7 -508 -1 -294 -105 -116 -248 -189 -211 -57 -23 -289 -71 -173 -277 -282 -474 -222 0
-136 -165 -334 -189 -121 -102 -97 -138 0
-116 -189 -334 -47 -230 -511 -508 -1 -294 -105 -356 -211 -82 -57 -289 -71 -173 -217 -456 -375 -226 -152 0
161 -160 -1 -82 -211 -508 -478 -193 -217 -334 -289 -226 -214 0
-189 -217 -511 -357 -211 -508 -82 -1 -56 -293 -478 194 -160 0
-116 -153 -102 -226 -334 -474 -217 -511 -210 -508 -222 -1 -321 -357 -165 -82 -211 -478 -193 162 0
-294 -511 -24 -174 -508 -248 -289 -1 162 -478 -193 -72 -217 -211 189 -160 -82 0
100 -7 -511 -370 -128 -48 -85 -265 -345 -334 -13 -441 -407 -398 0
229 -450 -323 0
84 -179 -511 -370 -102 -265 -345 -334 -281 -118 -210 -222 -321 -478 -193 162 -82 -211 0
514 -334 -82 -211 -478 -508 -1 -226 0
194 -217 -321 -514 -189 0
97 -197 -86 0
231 -424 -97 -182 -446 -383 -245 0
502 -413 -170 -207 -35 -305 -260 0
-193 -280 -9 -486 -508 -1 -217 -294 -279 -514 -194 -478 -247 212 -82 0
215 -424 -98 -138 -180 -444 -357 -153 0
8 -114 -505 -388 -118 -280 -486 -98 -217 -90 -514 -70 -214 -444 -357 -153 -511 -372 0
179 -180 -337 -98 -444 -357 -153 -214 -514 -505 -217 -101 -122 -508 -511 -1 0
178 -425 -388 -280 -118 -98 -505 0
-180 -178 -337 -98 -444 -357 -153 -214 -514 -505 -217 -101 -122 -508 -511 -1 0
292 -511 -337 -98 -90 -357 -153 -214 -514 -505 -217 -101 -122 -508 -1 -388 -280 -118 -372 -9 -486 -359 -251 0
-511 -280 -98 -337 -51 -505 -406 -398 -101 -357 -153 -214 -514 -217 -122 -508 -1 -189 -165 -463 -334 -500 -160 -478 -294 -90 -388 -118 -372 -9 -486 -359 -251 0
179 -505 -136 -196 -127 -406 -85 -398 -51 -280 -101 -324 -118 -189 -165 -463 -334 -500 -122 -424 -357 0
-247 -116 -1 -189 -334 -508 -478 -226 -82 -211 -294 -248 0
355 -511 -129 -47 -211 -7 -508 -1 -294 -116 -248 -189 -23 -277 -282 -474 -222 -82 -454 -478 -162 -195 -216 0
356 -47 -474 -334 -189 -162 -195 -211 -216 -82 0
179 -101 -123 -13 -344 -230 -47 -449 -370 -7 -511 -180 0
193 -180 -508 -511 -7 -23 -507 -123 -344 -47 -56 -454 -474 -222 -478 -374 -189 -162 0
-511 -195 -294 -189 -478 -508 -7 -23 -507 -344 -47 -454 -474 -222 -162 -211 -82 -356 -129 -1 -116 -248 -277 -282 -216 0
355 -305 -47 -116 -248 -189 -211 -82 -450 -454 -478 -162 -297 -195 -291 -216 0
194 -56 -478 -294 -189 -105 0
179 -112 -226 -189 -334 -136 -211 -82 -116 -478 -294 -162 -195 -47 -248 -291 -216 -508 -64 -1 0
-217 -116 -189 -294 -1 -226 -334 -211 -82 -478 -248 -508 0
370 -500 -334 -474 0
188 -210 -319 0
195 -165 -334 -474 -226 -189 -319 -424 -511 -370 -484 -7 -180 -67 -22 -508 -1 -294 -215 -104 0
292 -322 -100 -229 -238 -383 -172 -114 -277 -360 -104 0
356 -162 -294 -238 -277 -511 -424 -7 -334 -474 -514 -189 -226 -193 -319 -484 -180 -67 -22 -508 -1 -211 -82 0
195 -214 -514 0
-214 -514 -193 0
-474 -162 -294 356 -511 -334 -189 -226 -193 -319 -180 -508 -1 -211 -82 -478 -248 -472 0
426 -389 -151 -316 -427 -100 -444 -23 -337 -119 -97 0
194 -114 -151 -90 -444 -337 -97 -424 -316 -427 -100 -23 -119 -80 -375 -162 0
99 -307 -38 -114 -151 -471 -90 -444 -337 0
-478 -211 -189 -334 -508 -82 -1 -294 -100 -23 -38 -104 -193 -359 -251 -511 -319 -180 -472 -68 -71 -163 -55 -479 0
425 -463 -472 -334 -211 -163 -82 -356 -180 0
-474 -463 -211 -163 -334 -82 -372 -472 0
-463 -424 -100 -173 -277 -189 -211 -82 -334 -105 -356 -217 -508 -1 -294 -375 -152 -511 -9 -163 -472 -230 -180 0
463 -99 -334 -136 -359 -472 0
161 -215 -193 0
-474 -99 -511 -71 -193 -160 -472 -334 -211 -163 -82 -180 -136 -359 0
-99 -136 -38 -208 -220 -454 -319 -68 -211 -82 -163 -334 -511 -71 -193 -160 -472 -180 -100 -359 0
473 -265 -334 0
-265 -472 -334 0
-211 -82 -100 -511 -71 -193 -474 -472 -334 -163 -180 -359 -189 -508 -1 -294 -23 -38 -104 -251 -319 -68 -55 -479 0
513 -136 -88 -337 -112 0
-136 -88 -337 -112 -511 0
-82 -474 -305 -100 -511 -71 -193 -353 -472 -334 -163 -180 -359 -189 -508 -1 -294 -23 -38 -104 -251 -319 -68 -55 -479 0
338 -127 -208 -319 -38 -220 -471 -136 0
-136 -112 -193 -104 -511 -442 -337 -208 -319 -38 -220 -68 -180 -371 -334 -474 -211 -520 -228 -71 -99 0
370 -90 -228 -112 -520 -511 -211 -9 -334 -474 0
-474 -220 -319 -23 -511 -180 -334 -100 -193 -104 -208 -38 -68 -71 -305 -353 -472 -163 -359 -189 -508 -1 -294 -251 -55 -479 0
-82 -211 -208 -220 -319 -68 -38 -136 -163 -334 -511 -71 -193 -472 -180 -100 -359 -189 -508 -1 -294 -23 -104 -251 -55 -479 0
88 -128 -9 -500 -211 -520 -319 -227 -372 0
371 -219 -297 -193 -71 -319 -239 -211 -398 -104 -467 -353 -373 -305 -80 -382 -424 -9 0
426 -219 -117 -479 -248 -193 -451 -373 -229 -80 -382 0
339 -373 -16 -180 -117 -479 -193 -500 -9 -372 -297 -71 -319 -211 -104 -353 -305 -415 -359 -23 -337 -136 -511 -520 -227 -100 0
338 -136 -337 -511 -23 -208 -319 -38 -220 -68 -180 0
-211 -136 -479 -193 -297 -71 -319 -104 -353 -305 -359 -23 -180 -511 -100 -208 -220 -68 -38 -163 -334 -472 -189 -508 -1 -294 -251 -55 0
-136 -193 -353 -23 -511 -479 -305 -55 -104 -297 -71 -319 -359 -180 -100 -208 -220 -68 -38 -163 -334 -472 -189 -508 -1 -294 -251 0
90 -13 -220 -305 -319 -87 -193 -127 -71 0
212 -520 -82 0
-520 -82 -211 0
213 -82 -208 -470 -68 -426 -9 -372 -55 -500 -38 0
-82 -216 -193 -355 -211 -208 -470 -68 -426 -372 -55 -500 -38 -189 -334 -508 -1 -294 -100 -23 -104 -359 -251 -511 -319 -180 -472 -71 -163 -479 0
212 -426 -193 -208 -291 -145 -490 -112 -359 -465 -258 -16 -226 -240 -520 -399 -30 0
338 -211 -68 -500 -38 -319 -372 -104 -193 -208 -359 -465 -258 -55 -189 -334 -508 -1 -294 -100 -23 -251 -511 -180 -472 -71 -163 -479 -74 -220 -305 -127 -122 -97 0
213 -454 -323 -9 -372 -500 0
424 -357 -319 -193 -220 -511 -23 -208 -180 -119 0
48 -291 -205 -193 -353 -305 -160 0
113 -357 -180 -297 -23 -18 -319 -239 -248 -9 -353 -86 -372 -305 -205 -193 -160 -183 -71 -511 -384 -90 0
112 -152 -193 -319 -226 -127 -90 -23 0
-82 113 -297 -23 -180 -319 -239 -353 -86 -305 -193 -71 -511 -90 -425 -220 -208 -55 -211 -323 -189 -334 -508 -1 -294 -100 -38 -104 -359 -251 -472 -68 -163 -479 0
424 -248 -319 -167 -117 -23 -9 -66 -372 -180 0
304 -491 -355 -122 -291 -413 -353 -86 0
212 -86 -353 -297 -305 -355 -122 -291 -16 -323 -494 -383 -425 -319 -167 -117 -23 -9 -66 -372 -180 -435 -258 -226 -520 0
-211 -208 -193 -220 -319 -353 -297 -305 -23 -180 -258 -71 -511 -55 -189 -334 -508 -1 -294 -100 -38 -104 -359 -251 -472 -68 -163 -479 0
425 -321 -23 194 -117 -189 -71 -511 -90 -9 -337 -372 -97 0
-514 -425 -97 -319 -193 -220 -511 -23 -208 -180 -337 -82 -55 -479 -74 -117 -71 194 -321 -189 0
-321 -465 -359 -97 -23 -319 -193 -220 -511 -208 -180 -71 -337 -82 -55 -479 -74 -117 194 -189 -9 -372 -127 0
187 -68 -251 -71 -479 -38 -359 -23 -511 -180 -189 -104 -353 -297 -305 -258 -334 -508 -1 -294 0
-514 -162 -120 -56 -297 -479 -353 -71 -516 -193 0
-88 -337 -473 -408 -334 -399 -359 -23 -101 -116 -511 -129 -90 0
115 -466 -235 -132 -399 -133 -101 -146 -75 -173 -334 -277 -473 -249 0
-337 -90 -344 -334 -47 -160 -193 -353 -305 -101 -173 -277 -469 -249 -68 -9 -372 -473 -116 -235 -132 -399 -297 -289 -71 -408 -359 -23 -511 -129 -13 0
-90 -226 -116 -152 -129 -334 -101 -344 -47 -160 -193 -353 -305 -173 -277 -469 -249 -68 -9 -372 -473 -235 -132 -399 -297 -289 -71 -408 -359 -23 -511 -13 0
8 -372 -116 -473 -249 0
-372 -344 -334 -47 -160 -193 -353 -305 -101 -173 -277 -469 -249 -68 -9 -473 -116 -235 -132 -297 -289 -71 -408 -359 -23 -511 -129 -13 -211 0
102 -337 -297 -68 -334 -289 -71 -469 -265 -356 -473 -408 -90 -359 -23 -101 -116 -511 -129 -9 -122 0
-337 -90 -282 -129 -120 -87 -426 -180 -265 -356 -334 -122 -101 -297 -68 -289 -71 -469 -473 -408 -359 -23 -116 -511 0
-90 -507 -511 -87 -129 -282 -120 -426 -180 -265 -356 -334 -122 -101 -297 -68 -289 -71 -469 -473 -408 -359 -23 -116 0
338 -87 -282 -129 -120 -426 -511 -180 -68 -469 0
-193 -408 -297 -101 -129 -120 -511 -180 -68 -469 -334 -71 -473 -359 -23 -13 -353 -305 -249 -132 -219 -56 -479 -104 -194 0
-116 -267 -473 -514 -219 -214 -334 -279 -238 -213 -372 -249 -9 0
339 -372 -249 -219 -473 -514 -214 -334 -279 -213 -23 -9 -469 -101 0
-372 -337 -9 -197 -68 -129 -469 -90 -180 -249 -219 -473 -514 -214 -334 -279 -213 -23 -101 0
-88 -112 -129 -337 -511 -90 0
339 -48 -219 -160 -514 -214 -71 -129 -337 -511 -90 -13 -359 -334 -265 -101 0
338 -90 -129 -197 0
-337 -90 -219 -160 -514 -214 -71 -129 -511 -473 -13 -359 -334 -101 -197 -68 -469 -180 -249 -279 -213 -23 0
87 -482 -51 -180 -160 -139 -359 -511 -47 -507 -463 -136 -490 -305 -197 -97 0
371 -113 -511 -197 -136 -97 -85 -51 -180 -160 -359 -463 -305 -237 -123 -334 -408 -399 -213 -115 -249 -9 0
98 -426 -511 -180 -136 0
-90 -197 -511 -23 -180 -51 -160 -359 -305 -237 -334 -408 -213 -249 -129 -101 -219 -514 -214 -71 -473 -13 -68 -469 -279 0
338 -197 -129 -511 -9 -68 -469 0
371 -151 -334 -214 -123 -213 -245 -180 -249 -447 -426 -9 -511 -197 -136 -97 -85 -51 -160 -359 -463 -305 -237 -408 -399 -115 0
248 -426 -408 -120 -501 -399 -505 -281 -213 -115 0
117 -151 -214 -173 -245 -207 -447 -120 -505 -281 0
99 -219 -23 -115 -214 -245 -120 -468 -399 -240 -213 -249 -408 -370 -334 -123 -180 -9 -511 -197 -136 -97 -51 -160 -359 -463 -305 -237 -228 0
-319 -23 -511 -359 -334 -180 -305 -68 -71 -104 -297 -353 -479 -38 188 0
-136 -337 -97 0
98 -291 -473 -116 -86 -118 -305 -406 -297 -370 -353 -212 -214 -194 -104 -278 -173 -239 -101 -337 0
-90 -97 -133 -278 -104 -353 -309 -305 -129 -86 -297 -473 -116 -118 -406 -370 -212 -214 -194 -239 -101 -71 -89 0
338 -114 -370 -180 -473 -194 -116 -511 -104 -118 -309 -23 -485 -86 -471 -97 0
-97 -137 -511 -334 -359 -370 -180 -473 -194 -116 -104 -118 -309 -23 -485 -86 -471 -133 -278 -353 -305 -129 -297 -406 -212 -214 -239 -101 -71 -89 0
-129 -133 -297 -278 -353 -104 -305 -309 -511 -334 -359 -370 -180 -473 -194 -116 -118 -23 -485 -471 -406 -212 -214 -239 -101 -71 -127 0
117 -75 -428 -334 -166 -266 -505 -473 0
338 -281 -180 -426 -118 -511 -116 -334 -505 -473 -23 -485 -71 -471 -90 0
196 -447 -116 -511 -334 -138 -90 -339 -180 -426 -118 -473 -23 -485 -71 -471 -87 0
337 -160 -244 -514 -447 -359 -490 -217 -406 -116 -511 -397 -334 -138 -101 -90 0
99 -97 -118 -511 -116 -334 -473 -23 -485 -71 -471 -90 -370 -194 -104 -309 -180 -359 -217 -406 -138 -101 -212 -87 0
512 -181 -425 -180 -114 0
179 -199 -309 -169 -104 -412 -212 -223 -522 -217 -84 -23 -357 -66 0
115 -425 -118 -214 -194 -180 -309 -169 -104 -412 -212 -217 -23 -511 -258 -406 -490 -359 -164 -48 -121 -274 -464 -370 -334 -507 -473 0
98 -278 -309 -104 -118 -116 -214 -194 -180 -212 -217 -23 -511 -258 -406 -359 -164 -370 -334 -473 -239 -101 -353 -305 -138 -87 0
339 -507 -406 -309 -212 -214 -104 -278 -353 -305 -47 -71 -344 -337 513 -15 -359 -334 -239 -265 -101 -98 0
-97 -98 -118 -511 -116 -334 -473 -23 -485 -71 -471 -90 -370 -194 -104 -309 -180 -359 -217 -406 -138 -101 -212 -87 0
117 -212 -309 -406 -214 -104 -278 -353 -305 339 -71 -507 -337 513 -15 -359 -334 -239 -101 -98 -473 -217 0
99 -8 -511 -180 -508 -473 -1 -116 -292 -505 -334 -166 -71 -90 -424 -337 0
512 -98 -71 -337 -511 -116 -180 -473 -334 -359 -23 0
506 -145 -291 -104 -214 -244 -122 -152 -101 -87 -276 -198 0
115 -87 -515 -194 -104 -470 -212 -9 -426 -180 -66 -23 -505 -291 -214 -244 -152 -101 -198 -428 -75 -334 -473 0
338 -90 -334 -116 -104 -212 -9 -180 -66 -23 -214 -101 -98 -114 -71 -138 -473 0
117 -309 -212 -104 -238 -246 -153 -214 -71 -337 513 -136 -359 -334 -267 -473 0
371 -29 -260 -180 -357 -98 -280 -505 -212 -194 -104 -237 -192 -467 -431 -294 -344 -305 -251 -47 -443 -382 -424 -186 0
-88 -357 -214 -194 -260 -104 -212 -500 -372 -180 -98 -280 -505 -237 -192 -431 -305 -251 -443 -424 -186 -429 -217 -167 -359 -23 -136 -337 -511 -90 0
86 -505 -104 -429 -214 -71 -180 -98 -212 -424 -359 -23 -136 -337 -511 -90 -121 -463 -334 -187 -473 -116 -238 -267 -445 -274 -196 0
-505 97 -337 -511 -23 -104 -429 -214 -71 -180 -98 -212 -359 -90 -121 -334 -187 -473 -116 -238 -267 -274 0
-90 -98 -104 -214 -71 -337 -359 -334 -473 -116 -511 -23 -180 -212 -101 0
507 -320 -104 -212 -116 -473 -9 -426 -334 -180 -66 -23 0
103 -382 -493 -187 -412 -245 -164 -308 -520 -214 0
-98 -214 -104 -212 -359 -473 -116 -23 -334 -180 -337 -71 -511 -101 0
474 -28 -429 -71 -90 -520 -51 -82 -322 -499 -121 -464 -334 -187 0
105 -505 -23 -180 -425 -429 -238 -334 -511 -267 -116 -473 -71 -90 -322 -121 -464 -187 -212 0
115 -407 -429 -505 -23 -49 213 -511 -180 -235 -214 -359 -121 -193 -464 -334 -187 -277 -238 -473 0
512 -47 -193 -81 -292 -84 -467 -71 -522 -90 -228 -153 -214 -425 -356 -23 -180 -112 0
147 -17 -238 -413 -249 -86 -9 -491 -133 0
-505 -425 -97 -446 -197 -86 -238 -214 -71 -90 -511 -23 -180 -121 -359 -334 -274 -464 -267 -473 -116 -429 -187 -397 -212 -104 -322 0
211 -173 -238 -249 -104 0
-214 -71 -212 -104 -359 -334 -473 -116 -23 -511 -180 -101 -337 0
195 -47 -217 -514 -161 0
213 -189 -212 -116 -473 -334 -180 -23 -505 -511 -71 -337 -359 -101 -104 -217 -372 -500 -247 0
474 -505 -212 -116 -473 -334 -180 -23 -104 -511 -71 -337 -359 -101 0
195 -249 -337 -90 -197 -23 -219 -294 -212 -514 -187 -161 -104 0
211 -370 -334 -75 -46 -429 -219 -321 -238 -249 -104 0
335 -429 -337 -265 -75 0
47 -14 -222 -321 -219 0
-217 -353 -199 -140 -407 -210 -172 -222 -238 -321 -249 -116 -219 0
-505 -71 -23 -116 -473 -359 -334 -337 -104 -212 -101 -180 -511 0
-217 -307 -139 -196 -38 -501 -399 -370 -101 -187 -161 -193 -514 -219 0
336 -7 -116 -473 -249 -511 -46 -114 -222 -321 -219 -359 -121 0
189 -522 -84 -90 -151 -355 -337 -274 -265 -75 -334 -116 -473 -249 -511 -46 -114 -219 -359 -319 -101 0
213 -71 -511 -337 -116 -180 -473 -334 -359 -23 -101 -212 -104 0
-71 -104 -337 -334 -101 -212 -511 -116 -180 -473 -359 -23 0
193 -515 -215 0
-514 -507 -23 -485 -406 -397 -104 -37 -18 -212 -293 -337 -359 -265 -334 -121 -57 -14 -118 -370 -344 -47 -290 -161 -174 -515 -193 0
211 -147 -361 -181 -231 -322 -121 -334 -112 -359 -293 -278 -104 0
506 -35 -498 -30 -282 -49 -482 -274 -90 338 -198 -141 0
335 -507 -112 -23 -511 -498 -30 -282 -49 -274 -90 -198 -141 -432 -264 -337 -235 -265 -121 0
189 -90 -485 -511 -180 -337 -334 -23 -104 -212 -359 -278 -344 -47 -515 -116 -239 -473 -220 -101 0
195 -161 -217 -47 0
189 -90 -511 -180 -337 -334 -23 -104 -212 -359 -344 -47 -515 -116 -473 -101 -249 -217 -320 0
103 -276 -151 -226 -465 -372 -359 -500 -293 -212 0
-90 -320 -212 -116 -473 -104 -334 -180 -23 -511 -359 -47 -344 -337 -101 -515 -249 -217 0
-121 -485 -511 -180 -114 -47 -23 -137 -397 -104 -37 -212 -337 -359 -334 -344 -515 -250 -228 -465 -116 -372 -500 -473 -320 -239 -188 -101 -122 0
512 -114 -180 -23 0
-217 -219 -180 -23 -104 -212 -337 -359 -334 -116 -473 -101 -249 -511 0
336 -226 -514 -463 -104 -101 -97 -293 -337 -359 -265 -74 0
-90 -129 -507 -337 -265 -334 -514 -463 -104 -101 -293 -359 -74 -138 -114 -89 0
-372 -138 -180 -337 -507 -265 -334 -514 -463 -104 -101 -293 -359 -74 -114 -89 -486 -319 -249 -9 -370 -116 -473 0
-321 -514 -293 -180 -104 -486 -212 -9 47 -219 -101 -249 -187 -319 0
-219 -249 -104 -212 -334 -337 -101 -180 -359 -116 -473 -511 -23 0
-47 -429 -74 -30 -112 -322 -121 -334 -359 -293 -278 -104 -212 -161 -194 -217 -514 -48 0
370 -500 -359 -104 -180 -23 -212 -511 -293 -8 0
179 -64 -511 0
-249 -104 -359 -334 -212 -337 -511 -180 -23 -101 -473 -116 0
-514 -9 -511 -337 -217 -101 -122 292 -505 -280 -372 -486 -359 -465 -520 -82 -180 -23 -321 -215 -189 -195 0
-104 -116 -511 -337 -359 -180 -23 -334 -473 -212 -101 0
-217 -89 -321 -180 -23 -511 -354 -212 -3 -334 -473 -116 195 -161 -514 0
217 -321 -473 -189 -116 0
9 -321 -180 -23 -511 -212 -334 -473 -116 195 -161 -514 -70 -293 -359 0
208 -352 -305 -86 -138 -337 -122 -101 -324 -229 -383 -494 -424 -119 0
188 -321 -208 0
-321 195 -101 -511 -116 -473 -180 -23 -212 -334 -337 -161 -514 -70 -359 0
48 -122 -138 -337 -101 -486 -180 -249 -13 -9 -116 -473 -370 -343 0
339 -122 -334 -265 -101 0
338 -446 -507 -129 -138 0
294 -151 -463 -138 -129 -334 -101 -265 -337 -507 -114 -359 -70 0
-193 -514 -334 -101 -180 -116 -473 -359 -511 -23 -212 -337 0
-98 -247 -212 -429 -471 -23 -357 -511 -180 -280 -118 -388 -505 -274 -127 -138 -99 0
484 -174 -118 -511 -180 -357 -280 -514 193 -217 -471 -23 0
178 -505 -197 -86 -388 -280 -118 -425 0
248 -118 -511 -180 -357 -280 -514 193 -217 -471 -23 -486 -238 0
339 -321 -212 -511 -180 -514 193 -23 -293 -359 -278 -334 -473 -116 -122 -101 0
138 -118 -388 -116 338 -23 -180 -511 0
196 -505 -122 -247 -101 -470 -212 -23 -511 -180 -321 -187 -364 -98 -118 -388 -280 -426 -473 -116 -308 -87 0
-505 -280 -118 -98 -388 -180 -511 -23 -198 -122 -247 -101 -470 -212 -321 -187 -364 -426 -473 -116 -308 -87 0
505 -447 -359 -89 193 -217 -293 -23 0
-118 -217 -334 193 -473 -337 -116 -180 -511 -23 -122 -101 -212 -321 -359 338 0
-217 -321 -116 -473 -334 193 -337 -180 -511 -23 -122 -101 -212 -359 338 0
-321 -122 -337 -101 -180 -116 -473 -212 -511 -23 -334 -359 -514 0
24 -505 -180 -118 -514 193 -217 -23 -249 -116 -122 -473 -101 -334 -337 -129 -138 -511 0
-505 -318 -116 -98 -118 -425 -180 -511 -23 -514 193 -217 -249 -122 -473 -101 -334 -337 -129 -138 0
505 -138 -217 193 -293 -23 -129 -359 -337 -334 -122 -101 -473 -116 0
-118 -98 -116 -505 -180 -511 -23 -514 193 -217 -249 -122 -473 -101 -334 -337 -129 -138 -120 0
-98 -71 -249 -116 -129 -337 -511 -359 -473 -293 -479 -56 -180 -23 -514 193 -217 -122 -101 -334 -120 0
-217 -249 -514 193 -23 -180 -116 -122 -473 -101 -334 -337 -129 -511 -56 -293 -359 -120 -219 0
-122 -514 -359 -337 -101 -180 -116 -473 -334 -511 -23 -212 0
215 -274 -507 -23 -463 -112 -99 -90 -337 -511 -72 0
-514 -116 -23 -337 -511 -101 -180 -473 -359 -334 -212 0
22 -275 -337 -101 -122 -356 -180 -167 -511 0
339 -507 215 -23 -359 -337 -511 -293 -180 -98 -138 -275 -122 -473 -101 -334 0
-507 -98 -359 -122 -293 -289 -101 -334 -138 -337 215 -23 -511 -180 -473 -505 0
-98 -505 -390 -180 -473 -511 -116 -23 -359 -122 -293 -289 -101 -334 -337 215 -47 0
98 -122 -212 -479 -375 -293 -511 -180 -359 -356 -334 -116 -189 -230 -473 -101 -337 0
-122 -116 -337 -334 -101 -473 -359 -511 -180 -23 -212 0
-116 -337 -23 -101 -511 -473 -359 -334 -180 -212 0
247 -500 -372 -212 -9 0
339 -98 -23 -218 -248 -212 -511 -334 -473 -101 -506 -122 0
292 -16 -238 -412 -354 -191 -151 -468 -442 -277 -251 -105 -72 0
505 -89 -212 -248 -334 -359 -473 -98 -137 -511 -218 -180 -23 0
99 -187 -122 -101 -355 -321 -248 -212 -500 -370 -463 -424 0
472 -321 -424 -48 -212 -248 -281 -112 -447 -198 -337 -511 -137 -98 -122 -101 -355 -334 -266 0
97 -424 -48 -372 -321 -248 -189 -112 -511 -447 -337 -137 0
188 -435 -383 -491 -494 -161 -407 -380 -193 -321 0
292 -193 -103 -217 -189 -321 -307 -161 -37 -210 -57 -383 -491 -494 -407 -380 -359 0
-98 -122 -511 -337 -359 -212 -334 -473 -23 -101 -180 0
-122 -337 -180 -23 -212 -359 -334 -473 -101 -511 0
97 -248 -212 -501 -370 -14 -187 -218 -23 -506 -511 -112 -337 -138 0
247 -321 -370 -180 -23 -425 -506 -281 -197 -86 -187 -127 -511 0
372 -218 -112 -23 -511 -180 -425 0
-337 -101 -180 -511 -212 -473 -359 -334 -23 0
24 -127 -175 -88 -240 -427 -97 -247 -136 -115 -511 -217 -180 -23 0
137 -112 -88 -511 -127 0
319 -175 -180 -23 -511 -136 -88 -240 -427 -97 -115 0
22 -281 -120 -426 -115 -180 -219 -511 0
293 -278 -307 -244 -172 -151 -216 -72 0
-215 -515 -194 -216 0
215 -307 -244 -151 -216 -72 -240 -28 -9 -212 -511 -359 -334 -180 -23 -319 188 -68 -305 -251 -147 -443 -291 0
-114 -319 -240 -212 -511 -359 -334 -180 -23 -324 188 -355 -88 -276 -115 -490 -463 -97 -136 0
121 188 -359 -334 -180 -23 -511 -463 -97 -136 -88 -240 -212 -324 -276 -115 -427 0
-372 -72 -244 -307 -151 -292 -356 -251 -240 -520 -443 -249 -9 -212 -501 -184 -370 0
24 -112 -23 -511 -180 -292 -356 -240 -212 -501 -370 -276 -115 -14 -463 188 -97 -88 -136 0
137 22 -115 -180 -511 188 -97 -88 -112 0
-101 -212 -23 -511 -180 -359 -334 -473 0
-112 -115 -82 -507 -227 -321 -447 -88 -511 137 -114 0
99 -168 -275 -507 -511 -114 -188 -334 -138 -338 0
500 -372 -473 -334 0
320 -115 -188 -473 -267 -364 -334 -323 -446 -275 -398 -507 -212 -226 -9 -197 -86 -112 -23 -511 -180 -425 -219 -127 0
319 -372 -275 -70 -9 -429 -323 -212 -471 -122 -486 -359 -226 -334 -464 -267 -115 -473 -219 -188 0
-372 -115 -473 -188 -320 -275 -70 -9 -429 -323 -212 -471 -122 -486 -359 -226 -334 -464 -267 -219 0
-115 -267 -334 -473 -112 -23 -511 -180 -425 -70 -9 -429 -212 -471 -486 -359 -226 -464 -219 -364 -446 -507 -197 -86 -127 0
213 -193 -152 -383 -226 -425 -120 -55 -323 -479 -500 -9 -372 0
136 -383 -212 -9 -486 -359 -168 -473 -334 -507 -219 -112 -23 -511 -180 -446 -89 -99 0
211 -500 -463 -188 -473 -267 -334 -226 0
-372 -115 -359 -122 -334 -383 -267 -424 -473 -323 -491 -212 -463 -188 -226 -9 0
407 -119 -439 -210 0
-115 -70 -429 -168 -507 -192 -321 -466 -212 -398 -491 -122 -334 -267 -188 -180 -473 -424 -359 -383 -323 -463 -226 -9 0
-112 -219 -473 -168 -507 -212 -334 -180 -359 -486 -23 -511 -114 0
-472 -115 -168 -507 -219 -88 -188 -74 -338 -473 -334 0
472 -99 -338 -465 -266 0
24 -212 -511 -359 -180 -334 -473 -23 0
507 -429 -275 -166 0
-463 -247 -319 -212 -500 -188 -473 -267 -334 -112 -337 -511 -197 -99 -465 0
320 -143 -390 -471 -398 -120 -484 -212 -208 -247 -220 0
213 -120 -390 -189 -294 -193 -217 -47 -229 -449 -9 -500 -372 -323 0
119 -74 -70 -429 -294 -28 -39 -239 -471 -18 -143 -82 -280 -55 0
-472 -212 -511 -180 -23 -359 -473 -334 0
-211 -142 -436 -64 -406 -440 -122 -161 -323 -355 -515 -334 -508 -82 -478 -1 -500 -9 -372 -212 0
248 -500 -265 -334 -338 -398 -64 -122 -323 -355 -508 -1 -9 -372 -212 -195 -57 -120 -210 -316 -222 -505 -217 -484 -321 -115 0
-372 -9 -23 -511 -359 -334 -212 -180 -473 0
247 -211 -165 -463 -98 -338 -112 -275 -166 -511 -505 -9 -217 -321 0
499 -383 -511 -112 -64 -380 -182 -210 -48 -222 -217 -321 -115 -165 -463 -98 -338 -275 -166 -505 -9 -323 -212 0
248 -13 -48 -222 -217 -321 -115 0
-211 -248 -165 -463 -98 -338 -112 -275 -166 -511 -505 -9 -217 -321 -212 0
-9 -212 -511 -334 -23 -359 -180 -473 0
324 -450 -229 0
-212 -23 -511 -473 -180 -334 -359 0
-337 -323 -281 -511 -64 -424 -48 -372 -500 -112 -240 -470 507 -166 -338 0
337 -115 -240 -180 -23 -511 -321 -29 -428 -334 0
97 -138 -198 -112 -337 -511 0
-338 -372 -359 -321 -83 -281 -424 -337 -511 -240 507 -166 -64 -48 -500 -470 -112 0
102 -407 -491 -398 -122 0
99 -101 -398 -321 -281 -141 -64 -470 -511 -67 -334 -500 -9 -372 -424 0
-372 -424 -48 -321 -112 -334 -500 -337 -511 -248 -398 -281 -64 -470 -67 -9 -359 -83 -240 507 -166 0
339 -198 -112 -337 -511 -98 0
188 -152 -215 -227 212 -389 -119 -321 0
209 -353 -293 -104 -48 -51 -87 -345 -498 -492 -15 -408 -222 0
324 -87 -281 -119 -48 -141 -345 -233 -89 -227 212 -164 -187 -389 -321 -364 -355 -276 -240 -122 -101 0
209 -290 -145 -214 -492 -104 -408 -353 -48 -293 -87 -345 -498 -15 -222 0
189 -87 -281 -119 -48 -141 -345 -279 -233 -89 -227 -364 -355 212 -276 -240 -122 -164 -101 0
-97 -119 -122 -101 -276 212 -389 -321 -355 -281 -187 -48 -141 -345 -279 -233 -89 -240 -463 -98 -337 0
-115 -217 -511 -321 -279 -240 -334 -473 -23 -180 -9 -486 -359 -117 0
-208 -119 -321 -217 -189 -23 -117 -511 -9 -337 -372 -97 -104 -470 -426 -48 -180 -198 -87 -122 -407 -398 -101 0
-119 -426 -372 -9 -116 -217 -189 -334 -180 -23 -505 -122 -198 -101 212 -87 -280 -407 -321 -117 -511 -337 -97 -470 -48 0
99 -407 -122 -87 -505 -23 -511 -180 -372 -9 -116 -217 -189 -334 212 -280 -321 -117 -337 -97 -48 0
100 -407 -321 -398 -189 0
-407 -97 -48 -180 -511 -23 -217 -117 -372 -9 -321 -240 -189 -505 -359 -465 -337 -87 -279 -122 -116 -334 212 -280 0
-208 -209 -189 -321 0
-119 407 -122 -280 -87 -210 -118 0
85 -425 -511 -180 -505 -23 -97 -337 -101 -122 -491 0
-97 -87 -486 -505 -23 -9 -511 -372 -180 -337 -240 -122 -280 -189 -321 -48 -217 -117 -359 -465 -279 -116 -334 212 0
187 -136 -337 -511 -23 -372 -211 -227 -9 -500 -128 -217 -83 -321 -164 0
-64 -471 -217 -486 -23 -194 -357 -144 -280 -98 -118 -425 -505 -180 -66 -511 0
-87 -48 -337 -511 -486 -279 -217 -180 -23 -280 -505 -240 -122 -321 -189 -372 -9 -465 -117 -359 -116 -334 212 0
-97 -100 -189 -321 -337 -129 -99 0
97 -198 -337 -511 -189 -372 -321 -48 -248 -23 -505 -86 0
-48 -189 -321 -465 -337 -511 -372 -23 -505 -280 -486 -279 -217 -180 -240 -122 -9 -117 -359 -116 -334 212 0
99 -509 -9 -180 -372 -511 -23 -505 -196 0
85 -97 -398 -189 -101 -511 -180 -505 -23 -321 -337 -122 -9 -372 -306 0
99 -85 -29 -486 -505 -23 -9 -511 -372 -183 -180 -118 -280 -127 -337 -240 0
-97 -56 -83 -118 -164 -280 -465 -29 -486 -505 -23 -9 -511 -372 -183 -180 -127 -337 -240 -398 -189 -101 -321 -122 -306 0
87 -372 -9 -424 -511 -118 -136 -280 -127 0
467 -206 -352 -192 0
-217 -486 -359 -511 -180 -334 -23 -9 -240 -321 -279 -117 -473 0
-338 -36 -83 -355 -319 -211 -372 -9 -500 -128 -364 -151 -29 -274 -428 -100 -115 -168 -219 -507 -188 -472 -473 -334 -337 0
338 -97 -114 -445 -90 0
-97 -355 -83 -281 -319 -211 -372 -9 -500 -128 -151 -29 -274 -428 -100 -115 -168 -219 -507 -188 -472 -473 -334 -337 -114 -445 0
187 -372 -319 -211 -83 -9 -500 -128 -115 -168 -219 -507 -188 -473 -334 -138 -281 -29 -274 -428 -337 -114 -445 -514 0
506 -388 -15 -193 -122 -183 -384 -180 -493 -511 -23 -218 -117 0
-334 -115 187 -9 -128 -372 -168 -219 -507 -188 -473 -138 -281 -274 -428 -337 -114 -445 -514 -511 -23 -180 0
-281 -407 -323 -372 -398 -248 -471 -122 187 -9 -128 -507 -188 -138 -337 -511 -23 -412 -309 -429 -364 -218 -446 -275 -15 -380 -425 -119 -280 0
217 -334 -507 -407 -398 -119 -239 -425 -275 -248 -372 -193 -116 -189 -321 0
219 -180 -193 -122 -15 -511 -23 -218 -380 -119 -425 -507 0
217 -407 -507 -267 -398 -119 -239 -425 -275 -248 -372 -193 -116 -189 -321 0
-189 -122 -23 -507 -267 -398 -239 -275 -372 -321 -323 -471 -9 -188 -337 -412 -309 -429 -280 -97 -100 -99 0
-281 -219 -122 -239 -364 -429 -334 -275 -425 -180 -23 -321 -197 -86 -187 -127 -511 -267 -507 -372 -474 -195 -222 -210 -119 -280 0
-217 -116 -90 -222 -321 -471 -122 -511 -23 -180 -334 -267 -304 -474 -372 -398 -425 -280 -87 -210 -119 -219 0
-219 -334 -57 -398 -119 -425 -474 -275 -372 -239 -9 -210 -222 -321 -90 -471 -122 -511 -23 -180 -267 -87 -364 -429 -197 -86 -187 -127 -195 0
219 -180 -372 -119 -474 -425 -210 -507 -511 -23 0
334 -474 -267 0
-180 -119 -398 -425 -474 -275 -372 -239 -9 -210 -222 -321 -90 -471 -122 -511 -23 -57 -267 -87 -364 -429 -197 -86 -187 -127 -195 0
-119 -474 -23 -471 -9 -372 -511 -425 -398 -275 -239 -210 -222 -321 -90 -122 -57 -267 -87 -364 -429 -197 -86 -187 -127 -195 0
-219 -287 -412 -389 -90 -206 -192 -398 -490 -239 -406 -40 -511 -247 -440 -425 -9 -122 -474 -334 -372 -507 -117 -217 -321 -14 -222 0
-100 -23 -372 -9 -90 -321 -471 -267 -87 -429 -337 -97 -99 -102 0
-122 -334 -9 -511 -23 -464 -321 100 -490 339 0
-473 -468 -192 -440 -187 -304 -119 -321 -280 -219 -9 -213 -372 -501 -334 -474 0
399 -219 -321 -119 -425 -9 -474 -334 -372 -187 -192 -440 -304 -280 -501 0
-500 -212 -248 -372 -9 -501 0
-219 -360 -435 -322 -372 -9 -501 -304 -321 -192 -425 -14 -119 -187 -440 -408 -397 -474 -334 -280 0
-334 -119 -372 -425 -507 -511 -23 -9 -304 -321 -192 -280 -490 -464 100 339 0
113 -434 -230 -382 -358 0
-122 -275 -337 -101 -356 -167 -511 -23 -112 -230 -382 -358 -490 -121 0
179 -247 -374 -238 -452 -28 -230 -181 -416 -429 -382 -358 -167 -112 -23 -511 0
-119 -23 -511 -507 -372 -425 -280 -321 -464 -9 -304 -192 -490 100 339 0
22 -219 -9 -372 -474 -117 -180 -304 -511 0
115 -168 -236 -389 -176 -238 -408 -322 -429 -425 -9 -209 -474 -334 -435 -372 -187 -321 -507 -219 0
320 -209 -187 0
-219 -474 -9 -372 -425 -117 -304 -511 -23 -236 -389 -176 -238 -408 -322 -429 -209 -334 -435 -187 -321 -507 0
-334 -117 -425 -9 -372 -511 -507 -23 -304 -389 -209 -321 -490 -464 100 339 0
491 -213 -259 -29 -321 100 -189 -406 -147 0
501 -72 -515 -90 -114 426 -47 -344 -15 85 -425 -23 -97 -337 -505 -259 -29 -321 100 -189 -406 -147 0
500 -180 -101 -189 -97 -505 85 -23 -321 -337 -15 -9 -372 -344 -406 -47 -140 -333 0
-122 -213 -259 -73 -321 100 -189 -406 -429 -167 -23 -337 -275 -180 -84 85 -425 -97 -505 0
426 -167 -429 -73 -206 -192 -23 -358 -90 -47 -406 -344 -15 -259 -321 100 -189 -337 -275 -84 85 -425 -97 -505 -499 -9 -372 -140 -379 0
211 179 -90 -247 -238 -181 -382 -452 -230 -416 -429 -226 -358 -167 -23 -511 -84 0
179 -515 -226 -194 -90 -84 -213 -247 -238 -181 -382 -452 -230 -416 -429 -358 -167 -23 -511 -73 0
218 -226 -84 -90 -23 -389 -247 -416 -429 -358 -73 -499 -372 -425 -206 -192 -406 -15 -321 100 -189 -337 85 -97 -9 -379 -36 -507 -117 0
213 -499 -9 -372 -473 -116 0
-180 -64 -425 -217 -48 -345 -379 -15 -118 -197 -86 -505 -259 -73 -321 100 -189 -406 -429 -23 -337 -213 -84 85 -97 0
-23 -87 -337 -97 -9 -372 339 -321 0
187 -118 -115 -280 -473 -189 -321 0
424 -189 -485 -280 -115 -218 -321 -471 -9 -511 -372 -180 0
-116 -189 -267 -507 -425 -372 -321 -102 -120 -280 -218 -115 0
319 -144 -511 -65 -9 -471 -372 -485 -46 -248 -218 0
354 -205 -467 -192 0
214 -46 -372 -511 -9 -65 -304 -354 -323 -250 -230 -442 -246 -153 -71 0
-189 -180 -316 -65 -218 -372 -511 -9 -304 -442 -246 -71 -467 -192 -464 -274 -102 -115 -280 -321 -471 -485 -267 -507 -425 -382 0
-64 -187 -139 -192 -372 -9 -467 -321 -267 -304 -218 -474 -114 -180 -425 -511 -65 0
-473 -390 -280 -115 -195 -442 -2 -356 -57 -509 -68 -358 -227 -9 -464 -372 -267 -474 0
-180 -493 -382 -425 -9 -280 -218 -372 -115 -442 -509 -358 -227 -464 -267 -316 -139 -192 -467 -321 -304 -114 -511 -65 -246 -71 -274 -102 -471 -485 -507 0
-87 -321 -9 -372 -337 -97 339 0
117 -47 -425 -379 -180 -344 -511 -15 -112 339 -101 -337 -473 -23 -247 0
218 -238 -247 -112 -511 -322 -9 -372 -473 -116 -101 -180 -505 -164 -425 -56 -464 -118 -282 -379 -15 339 -337 0
-189 -473 -116 -9 -372 -180 339 -337 -321 -97 0
-473 -116 -9 -180 -372 339 -337 -321 -97 0
-116 -180 -372 -9 339 -337 -321 -97 0
-189 -48 -372 -112 -9 -180 -24 -414 -168 -34 -429 -276 -240 -321 -97 -337 -129 -99 0
179 -24 -112 -511 0
-180 -321 -9 -372 -97 -337 339 0
-321 339 -337 -9 -372 -97 0
-210 -222 -189 -319 0
424 -116 -267 -471 -372 -511 -23 -473 -9 -180 -212 -485 -112 -120 0
-118 -508 -47 -103 -70 -515 -294 -67 -39 -471 -143 -86 -280 178 -197 -505 -425 -120 0
282 -388 -189 -249 211 -515 -70 -102 -294 -316 -39 -505 -471 -197 -143 -86 0
-322 -449 -229 -324 0
-114 -64 -429 -505 -120 -47 -217 -189 -102 -212 -9 -372 -473 -116 -500 -23 -384 -511 -180 -112 0
188 -36 -355 -364 -28 -82 -275 -239 -163 -102 0
119 -355 -121 -82 -102 -189 -364 -28 -239 -163 -505 -197 -86 -280 0
187 -388 -47 -217 -316 -355 -505 -429 -166 -121 -102 0
-64 -217 -47 -70 -384 -515 -112 -239 -102 -189 -505 -429 -120 -364 -163 -197 -86 -280 -212 -9 -372 -473 -116 -500 -336 -358 -23 -511 -180 0
115 -212 -429 -39 -471 -372 -511 -23 -473 -9 -180 -70 -485 -112 -47 -384 -239 -102 -189 -120 -364 -197 -86 -116 -500 -464 -219 0
-116 -473 -466 -408 -23 -112 -337 -511 -219 -180 -222 339 -189 -9 -86 -39 -372 -70 -120 -364 -197 -464 -425 -249 0
-473 -23 -9 -120 -466 -180 -464 -86 -39 -425 -446 -197 -112 -372 -249 -219 -408 -337 -511 -222 339 -189 -70 -364 0
473 -90 -112 -511 -9 -372 -464 -249 -189 -267 0
23 -249 -9 -511 -446 -219 -112 0
339 -97 -372 -337 -9 0
370 -321 -511 -23 -180 -359 -9 -217 -473 -266 -116 -372 0
-321 -217 -473 -511 -23 -180 -359 -9 -266 -116 -470 -112 -426 -372 0
321 -116 -372 -180 -112 -511 -9 -426 -473 338 -446 -138 0
-116 -473 -511 -23 -180 -359 -9 -112 -426 -372 -189 338 -446 -138 0
-473 -359 -372 -511 -9 99 -337 -180 -23 -112 -189 338 -446 -138 0
-321 -217 -14 -46 -189 -319 -208 0
321 -116 -248 338 -446 -138 0
-112 -23 -127 -189 338 -138 -9 -372 -511 99 -337 -114 0
-473 -143 -66 -470 -511 -486 -372 -23 -9 -249 -465 -116 -474 0
-217 -152 -245 -308 -193 -103 -161 -46 -219 0
-116 -308 -245 -219 -72 -442 338 -129 -426 -511 -87 -189 -274 -228 -9 -320 -465 -372 -66 -486 -23 -280 -115 0
-23 -114 -372 -9 -442 338 -189 -127 -138 99 -337 -511 0
371 -145 -290 -490 -122 -15 -180 -345 -426 -48 0
370 -180 -65 -511 -426 -9 0
219 371 -490 -180 -426 -72 -428 -167 -266 -189 -506 -320 -116 0
-180 -116 -189 -280 -218 -490 -426 -72 -428 -167 -266 -506 -320 -372 -65 -511 -9 0
-321 -3 -191 -468 -304 -189 -490 -101 -72 -358 -428 -167 -266 -506 -473 -116 -47 -218 -320 0
-116 -280 -189 -218 -191 -468 -304 -490 -101 -72 -358 -428 -167 -266 -506 -320 -426 -372 -9 -511 -65 0
-180 -485 -189 -280 -218 -115 -9 -511 -372 -248 -426 -65 0
408 -139 -437 -225 0
472 -335 -266 0
-335 -473 -266 0
-114 -189 -372 -9 -511 -127 -442 338 -138 99 -337 0
117 -426 -9 -372 -511 -180 -321 -473 -247 -217 0
-266 370 -473 -180 -217 -9 -116 -511 -23 -321 -372 0
218 -355 -121 -189 -321 -46 0
370 -426 -9 -372 -511 -189 -473 -180 -116 -321 0
-337 99 -9 -511 -372 -114 -138 -189 -97 0
248 -406 -490 -121 -100 -189 -321 -213 0
187 -324 -100 -121 -382 -490 -493 -406 -379 -47 -217 -210 -194 0
219 -382 -189 -321 -379 -47 -118 -280 -331 -500 -9 -372 -116 -473 -471 -472 -511 -97 -510 -505 179 0
-337 -97 -9 -511 -372 -114 -138 -189 -321 0
-426 -321 -180 -9 -372 -189 -511 -116 -473 0
-334 -359 -511 -23 -180 -9 -217 -321 -473 -117 -101 -116 -337 0
-249 -104 -515 -194 -238 -213 -247 0
-212 -227 -153 -23 -280 -98 -429 -511 -180 -471 -118 -127 -505 -274 -247 -138 -99 -515 -194 -104 -213 0
-112 -167 -23 -429 -66 -73 -324 -322 -71 -384 -183 -98 -446 -425 -337 -136 -511 0
-114 -117 218 -189 -321 -23 -337 -511 -180 -500 -9 -372 -116 -473 -133 -185 -465 0
474 -337 -23 -180 -9 -321 -473 -116 -511 218 -189 -500 -372 -133 -185 0
-337 -500 -511 -473 -23 -180 -372 -9 -116 -321 218 -189 -133 -185 0
337 -127 -180 -511 -23 -99 0
-359 -334 -23 -511 -473 -101 -180 -116 -337 -9 -217 -321 0
-334 -112 -180 -425 -379 -101 -511 -47 -116 -15 -344 -337 -473 -23 -9 -217 -321 0
7 218 -473 -23 -180 -372 -9 -116 -321 -511 -189 0
218 -23 -180 -511 -189 -321 -9 -372 -116 -473 0
-334 -337 -321 -511 -372 -180 -23 -189 -9 -116 -473 0
-337 -23 -9 -372 -473 -116 -189 -511 -180 -321 0
-23 -321 -9 -189 -372 -180 -511 -473 -116 0
-249 -113 426 -48 -321 -189 -372 -9 -116 -473 0
112 -337 -276 -427 -189 -321 -240 -280 -511 -9 -198 -372 -48 -447 426 0
-337 -321 -9 -372 -48 -189 -447 -248 -511 -113 -276 -427 -240 -280 -198 426 0
-321 -372 -189 -9 -180 -511 -116 -473 0
-334 -23 -189 -372 -337 -9 -500 -473 -511 -212 -180 -129 0
-23 -337 -189 -511 -372 -9 -116 -473 -180 0
-112 -306 -162 -408 -101 -123 -265 -337 -429 -473 -129 -425 -511 -180 -9 -219 -249 23 0
-97 -337 -511 -372 -9 -114 -189 0
339 -164 -463 -500 -358 -334 -88 -265 -101 0
281 -175 -241 -28 -327 -212 -485 -83 -470 -56 -144 -120 0
Solved
