383 -248 -16 -364 -64 -139 -415 -277 0
302 -126 -277 -21 -64 -415 -412 -16 -248 -364 -172 -253 0
124 -302 -16 -172 -248 0
18 -112 -131 -412 -248 -172 0
-126 -248 -172 -64 -16 -412 -415 -277 -139 -108 -21 -364 -253 0
17 -132 -21 -412 -415 -172 -64 0
428 -412 -172 -64 -16 -415 -277 -139 -325 -328 -238 -208 0
174 -246 -139 -277 -415 -249 -64 -412 -16 0
433 -415 -64 -16 -172 -139 -277 -325 -238 -208 -427 0
-248 -329 -384 18 -412 -172 -277 -139 -126 -16 -302 0
130 -246 -208 -325 -21 0
-412 -116 -289 -238 -366 -384 -421 -178 -298 -126 -139 18 -172 -277 -16 -302 -246 -21 -433 -130 -413 0
247 -366 -271 -97 -286 -193 -144 -27 0
330 -386 -325 -238 -208 -427 0
132 -106 -330 -112 -384 -304 -277 0
173 -208 -178 -139 -277 -325 -238 -61 -427 -97 -286 -193 -289 -421 -172 -16 -415 -64 0
-132 -131 -245 -208 -325 17 -412 -415 -172 -64 0
-412 -415 -178 -238 -277 -139 -286 174 -64 -16 -208 -325 -172 -433 0
329 -26 -193 -248 -271 -365 -325 -238 -208 -427 0
382 -58 -178 -20 -185 -365 -208 -238 -427 -325 -329 0
436 -277 -286 -139 -178 -238 -427 -325 -64 -16 -172 -61 -97 -289 -421 0
18 -303 -231 -172 -64 0
130 -132 -277 -64 -21 -412 -139 -172 -16 -238 -427 -208 -178 -226 -325 0
-132 -208 -64 -412 -277 -139 -16 -178 -325 -238 -61 -427 -97 -286 -172 -289 -421 -21 -226 0
-415 -208 -238 -277 -139 -286 -412 -64 -16 -178 -325 -172 174 -427 0
-208 -412 -238 -21 -277 -139 -286 -427 -64 -16 -178 -325 -172 -61 -97 -289 -421 -226 0
279 -75 -192 -275 -282 -205 -139 0
417 -321 -187 -205 -277 -282 -139 -226 -388 -131 -412 -172 -231 -64 -16 -436 0
278 -54 -22 -73 -427 -401 -191 -238 -92 -382 -205 -139 0
-412 -21 -427 -238 -277 -139 -286 -172 -16 -64 -187 -226 -178 -22 -325 -61 -97 -289 -421 0
173 -125 -64 -172 -415 -16 -178 -139 -277 -325 -238 -61 -427 -97 -286 -208 -289 -421 0
279 -271 -286 -289 -325 -238 -427 -64 -16 -172 -178 -139 -277 -61 -97 -421 -21 -130 0
17 -415 -271 -246 -126 -436 -21 -388 -172 -64 0
-415 -208 -289 -246 -325 -206 -286 -271 -383 -64 -172 -16 -178 -139 -277 -238 -61 -427 -97 -421 -126 -21 -388 0
-208 -383 -238 -427 -21 -289 -246 -325 -206 -286 -271 -64 -172 -16 -178 -139 -277 -61 -97 -421 -126 -388 0
288 -39 -226 -315 -187 -186 -59 -321 -91 0
-415 -204 -286 -226 -315 -187 -321 -231 -436 -383 -64 -172 -16 -416 -271 -246 -126 -21 -388 0
-21 -427 -22 -238 -139 -286 -16 -64 -226 -187 -172 -178 -289 -325 -277 -61 -97 -421 0
-208 -60 -365 -320 -196 -383 -238 -277 -427 -325 -132 -210 -178 -139 -286 -64 -16 -415 -172 174 0
278 -181 -388 -281 -414 -205 -139 -132 0
413 -181 -60 -226 -320 -187 -245 -190 -132 0
124 -55 -289 -421 -271 -97 -305 -195 -143 -26 -248 -90 0
244 -91 -185 -60 -320 -361 -286 -143 -248 -125 -289 -421 -271 -97 -305 -195 -26 -90 0
194 -91 -286 -365 -271 -97 0
382 -60 -187 -320 -286 -143 -248 -26 -195 -365 -97 -226 -245 -185 -361 -125 -289 -421 -132 -414 -205 -277 -388 -281 -139 0
-415 -132 -388 -281 -139 -277 -187 -320 -286 -97 -226 -289 -421 -196 -238 -427 -325 -210 -178 -64 -16 -172 -230 -436 -417 0
209 -67 -277 -8 -37 -382 -139 -226 -238 -244 -427 -325 0
279 -53 -22 -73 -427 -402 -192 -238 -93 -382 -205 -139 0
130 -73 -22 -427 -238 -382 -277 -402 -93 -139 -210 -8 -37 -226 -244 -325 -388 -413 0
439 -187 -139 -325 -286 -172 -16 -22 -97 -289 -421 -178 -61 0
278 -427 -238 -439 -382 0
-427 -382 -439 -238 -277 0
66 -108 -421 -312 -198 -132 -281 -125 -16 -172 -178 -416 0
-248 -148 -186 -92 -208 -203 -325 -321 -31 -366 -245 -387 -302 -125 -16 -172 0
131 -125 -108 -302 -366 -267 -387 -16 -186 -92 -208 -203 -325 -321 -31 -172 -346 -312 -198 -420 -69 -21 0
383 -208 -325 -16 -172 -346 -178 -421 -139 -439 -328 -277 -238 0
184 -400 -307 -369 -315 0
416 -319 -178 -184 -66 0
415 -21 -66 -178 0
319 -31 -274 -204 -286 -185 -93 0
132 -208 -178 -66 -204 -286 -93 -346 -311 -197 -282 -417 -68 0
65 -204 -286 -93 -282 -178 -315 -66 -417 -9 0
-382 -277 -178 -139 -439 -286 -238 -325 -16 -172 -421 0
321 -388 -181 -282 -21 -190 -178 0
-64 -21 -367 -181 -325 -178 -91 -286 -139 -277 -238 -172 -439 -415 -16 -66 0
417 -33 -281 -178 -46 -229 -184 0
279 -364 -367 -325 -229 -184 -21 -415 -178 -46 -238 -315 -202 -439 -139 0
-185 319 -204 -286 -93 -282 -178 -229 -415 0
-93 -321 -172 -370 -289 -325 -229 -415 -367 -286 -178 -238 -439 -139 -277 -21 -16 -91 0
-184 -185 -178 -139 -229 -277 -415 -367 -325 -364 -21 -46 -238 -439 -202 0
184 -364 -21 -238 -415 -439 -229 -277 -202 -178 -139 -7 -321 -314 0
278 -272 -289 -190 -339 -325 -61 -266 -387 -238 -202 -439 -139 0
-321 -229 -178 -139 -277 -289 -325 -61 -238 -439 -415 -367 -21 -7 -286 -172 -370 -16 -91 0
-21 -66 -178 -277 -139 -181 -415 -286 -91 -289 -325 -61 -238 -439 -367 -172 -16 0
279 -386 -172 -16 -248 -370 -238 -439 -139 0
-184 -281 -286 -178 -415 -139 -277 -172 -16 -248 -238 -439 -367 416 -66 0
-66 -91 -286 -178 -415 -139 -277 -172 -16 -238 -439 -367 -181 -289 -325 -61 0
186 -365 -325 -203 -245 -227 -4 -387 -38 -9 -367 -314 0
-277 -238 -325 -139 -286 -172 -439 -16 -178 -289 -61 -421 0
140 417 -178 -184 -229 -46 -202 0
417 -184 -325 -283 -172 -289 -88 -139 -178 -205 -16 -286 -439 -238 -382 0
141 -93 -286 -185 319 -178 -229 -415 0
326 -121 -74 -22 -183 -97 -190 -194 -283 -437 -205 -208 0
280 -263 -338 -363 -205 -208 -325 -74 -22 -183 -97 -190 -283 -437 -61 -273 -286 -365 -91 -33 0
420 -74 -325 -22 -183 -97 -190 -283 -437 -205 -208 -286 -365 -91 -228 -61 -33 -275 -281 -338 -363 -273 -346 -311 -197 0
-184 -415 -325 -130 -22 -97 -283 -205 -286 -61 -178 -439 -238 -382 -289 -172 -88 -139 -16 0
140 -370 -88 -205 -289 -208 -172 -325 -97 -303 -266 -93 -365 -286 -401 -22 -6 -7 -313 0
400 -386 -266 -31 -365 -204 0
416 -229 184 -139 -88 -205 -289 -172 -325 -97 -22 -439 -238 -178 -382 -286 0
209 -312 -136 -198 -59 -420 -438 -21 0
-229 -415 -325 -205 -439 -238 -178 -382 -283 184 -139 -88 -289 -172 -97 -22 -286 0
92 -400 -286 0
383 -64 -439 -415 -238 0
-415 -238 -439 -382 -325 -205 -178 -283 -139 -88 -289 -172 -97 -22 -286 -130 -61 -16 0
66 -144 -178 -19 -229 -16 0
-66 -303 -325 -238 -172 -130 -439 -16 415 -178 0
-303 -130 -325 -238 -178 -439 -172 -16 415 0
-238 -178 -172 -325 -16 -439 -139 -289 -97 -22 -286 -61 -421 0
185 -228 -187 -182 -75 -286 -192 -92 -363 -321 0
441 -208 -420 -366 -21 -302 -182 -321 -186 -187 -75 -286 -92 -325 -282 -427 -278 0
266 -92 -286 -321 -186 -368 -385 -366 0
-319 -66 -229 -184 -415 -178 0
-400 -91 -286 0
93 -66 -178 -415 -286 -172 -184 -238 -439 416 -229 -325 0
-139 -21 -7 -190 -286 -365 -91 -338 -439 -115 -238 -450 -141 -178 -325 -229 -415 -184 0
-21 -159 -325 -144 -16 -172 -450 -7 -190 -286 -365 -91 -338 -439 -115 -238 -141 -178 -229 -415 -184 0
-139 -338 -415 -325 -439 -178 -172 -286 -238 -250 -210 -132 -450 -248 -66 -184 -367 416 -281 -141 0
-66 -365 -172 -415 -439 -178 -286 -238 -184 -325 -229 0
66 -415 -229 0
327 -57 -172 -302 -370 -325 -238 -184 417 -139 -178 -16 -286 -439 -279 -126 -387 -266 0
440 -209 -91 -325 -238 -172 -184 417 -139 -178 -16 -286 -439 -279 0
280 -279 -266 -190 -238 -439 -91 -325 -172 -184 417 -139 -178 -16 -286 -302 -370 -126 -272 0
209 -388 -420 -172 -302 -370 -325 -238 -184 417 -139 -178 -16 -286 -439 -279 -126 -387 -266 0
92 -22 -155 -251 -224 -263 -110 -5 -337 -307 -286 0
-139 -172 -238 -229 -325 -439 -415 -286 -178 -184 0
-172 -439 -286 -238 -229 -325 -415 -178 -184 0
210 -365 -139 -286 -7 -439 -115 -238 -178 -325 -229 -415 -184 -185 -383 0
93 -210 -325 -245 -238 -439 -38 -139 -315 -448 -383 -307 -286 0
416 -139 -286 -178 -229 -415 -325 -238 -439 -184 0
-139 -439 -238 -325 -286 -229 -184 -178 -415 0
132 -388 -419 -412 -20 0
239 -132 -277 -439 -69 0
92 -439 -238 -325 -178 -229 -415 -184 -286 0
131 -388 -420 -412 -21 0
326 -439 -190 -238 -412 -277 -131 -246 0
-439 -184 -325 -178 -229 -415 -238 -286 0
65 -415 -229 0
416 -203 -224 -286 -5 -384 -229 0
400 -21 -238 -415 -229 -277 184 -178 -139 -321 -314 0
240 -277 -238 -415 -229 -286 184 -178 -139 0
-91 -414 -282 -21 -415 -178 -229 -319 -6 -225 -308 -204 -286 0
-277 -139 -415 -178 -229 -286 184 -238 0
417 -202 -139 -313 -439 -307 -238 -91 -178 -382 -364 -229 0
-91 -139 -313 -238 -178 -382 -229 -415 -286 0
416 -400 -325 -136 -439 -319 -367 -238 -178 -382 -229 0
-139 -415 -238 -178 -229 -325 -286 0
230 -307 -325 -313 -361 -322 -136 -91 -364 -319 -415 -178 0
-91 -361 -325 -313 -322 -136 -319 -415 -178 -229 -286 0
-415 -229 -178 -325 -238 -286 0
231 -367 -238 -439 -178 415 0
-367 -439 -238 -178 -229 415 0
230 -400 -364 -286 -178 -19 -229 -385 -382 -184 -238 -439 -64 0
-439 415 -238 -178 -286 -229 0
-91 -93 65 -286 -178 -204 -66 -417 -9 -184 -369 0
384 -320 -184 65 -286 -178 -66 -417 -6 -132 -277 -238 0
366 -125 -248 -387 -90 -103 -329 -235 -196 -15 -312 -323 -137 0
-91 -17 -248 -303 -364 -387 -90 -103 -329 -196 -15 -312 -141 -8 -6 -184 -286 -368 -92 0
231 -226 -286 -427 -277 -238 -178 415 0
-144 -249 -178 -19 -229 66 0
366 -39 -226 -196 -350 -312 -302 -137 0
183 -190 -73 0
-91 -282 -73 -5 -9 -321 -184 -131 -277 -238 -382 -92 -286 0
-229 -238 -286 -178 -325 0
384 -319 -178 -184 -439 -415 -238 0
239 -319 -307 -91 -301 -367 -325 -364 -184 -415 -178 -439 0
-319 -439 -4 -367 -307 -91 -301 -364 -184 -415 -64 -325 -238 -178 0
240 -439 -301 -367 -364 -184 -415 -64 -325 -383 0
-439 -367 -301 -325 -364 -184 -415 -64 -238 0
239 -320 -178 -438 -362 -21 -246 -325 -266 -427 -387 0
278 -390 -22 -276 -235 -281 -105 -139 -90 0
321 -276 -302 -277 -325 -266 -8 -238 -427 -209 -329 -314 -21 -384 -286 -178 -91 0
383 -329 -266 -325 -226 -178 -362 -246 -21 -69 -8 -4 -286 -277 -91 0
6 -21 -272 -178 -190 -181 -276 -32 -202 -69 -8 0
140 -282 -32 -202 0
418 -362 -209 -438 -58 -181 -347 -137 -96 -312 -40 -198 0
179 -235 -22 -276 -248 -302 -32 -450 -126 -202 -139 -277 -253 -325 -298 -209 -418 -21 0
65 -91 -178 -325 -286 -238 -184 0
308 -269 -275 -282 -389 -237 -141 -251 -315 -111 0
412 -55 -389 -273 0
279 -251 -321 -307 -275 -282 -389 -91 -315 -111 -412 -104 -206 -130 -89 0
329 -389 -238 -286 -427 -277 -178 -325 -208 -173 -275 -282 -315 -273 -9 -130 -321 -91 -111 -104 -245 -386 -255 -267 0
384 -130 -4 -9 -286 -277 -238 -91 0
278 -208 -286 -427 -277 -178 -325 -238 -173 -275 329 -315 -273 -9 -130 -321 -91 -245 -386 -267 -418 -125 0
8 -282 131 -21 -311 -372 -348 -251 -173 -148 -181 -55 -275 -273 -337 -197 -91 -141 -286 -315 -4 0
-282 -191 -321 -273 -91 -141 -315 -9 131 -21 -311 -372 -348 -251 -173 -148 -181 -55 -275 -337 -197 -286 -4 0
-21 -18 -286 -173 -321 -275 -178 -273 -91 -315 -9 -372 -277 -427 -325 -238 -245 -386 -267 -125 -363 -383 -20 0
280 -245 -173 -201 -91 -286 -190 -4 -9 -383 -315 -277 -388 -275 -273 0
326 -196 -427 -138 -238 -58 -386 -437 -267 -210 0
314 -91 -4 -286 -225 -9 0
208 -397 -58 -148 -437 -363 0
-91 -184 -238 -325 -286 -178 0
7 -315 -178 -184 -319 -415 -382 -238 0
8 -319 -238 -178 -307 -382 -184 -400 -415 -286 -64 -4 0
9 -307 -178 -238 -319 -400 -382 -184 -286 -415 -64 -4 0
-184 -238 -178 -286 -325 0
20 -158 -398 -59 -322 -136 -364 -415 0
278 -410 -148 -339 -389 -361 -208 -33 -429 -282 -441 -141 0
277 -384 -415 -238 -64 0
7 -269 -415 -181 -364 -148 -322 -191 -361 -250 -208 -328 -325 -238 -441 -225 -68 0
416 -181 -191 -148 -398 -158 -13 -322 -364 0
417 -208 -361 -148 -398 -59 -136 -364 0
320 -364 -322 -415 -361 -136 -298 -307 -178 -91 0
416 -20 -325 -361 -159 -399 -60 -322 -301 -136 -364 0
-91 -298 -322 -415 -325 -361 -301 -136 -178 -319 -286 0
-208 -280 -276 -75 -132 -21 -325 -182 -148 -361 -209 0
417 -148 -325 -178 -361 -313 -307 -46 -400 -367 -238 -64 -415 -382 0
181 -280 -319 -178 -275 -74 0
-148 -400 -178 184 -307 -238 -382 -64 -415 -325 0
416 -208 -244 -298 -325 -109 -307 -400 184 -238 -181 -382 -64 -21 0
-208 -21 -109 -325 -307 -400 -238 -181 -64 -415 -382 -298 184 -244 0
-21 -382 -415 -238 -64 -178 -325 -307 -400 -298 184 0
-238 -178 -325 -286 0
401 -307 -91 0
402 -307 -91 0
309 -148 -181 -75 -319 -109 -91 0
-148 -363 -186 -319 -109 -91 -307 -181 -75 0
308 -397 -319 -157 -91 0
-307 -208 -186 -181 -75 -91 -231 -21 -366 -238 -325 0
183 -130 -21 -420 -322 -13 -109 -191 -157 -148 0
19 -420 -208 -361 -191 -157 -148 -75 -181 -21 -325 -322 -109 0
20 -191 -277 -75 -21 -325 -208 -181 -148 -361 0
320 -148 -157 -208 -75 -181 -21 -325 -109 -277 -186 0
182 -191 -320 -361 -186 -148 -75 0
-191 -361 -238 -208 -328 -277 -66 -367 -231 -400 -91 -109 -157 -148 -181 -325 -186 -75 -21 0
-361 -148 -21 -208 -157 -325 -181 -238 -328 -277 -66 -367 -231 -400 -91 -109 -186 -75 0
-148 -208 -21 -325 -277 -181 -366 -91 -367 -186 -238 -328 -66 -231 -75 0
Solved
