240 -244 -421 -253 -4 0
-244 -4 -253 -421 -238 0
6 -319 -493 -142 -139 -148 -253 -376 -283 -238 -226 0
499 -238 -139 -148 -253 -376 -283 -142 -226 -421 0
242 -99 -445 -409 -499 -136 -478 -8 -348 -202 0
347 -453 -499 -409 -76 -283 -136 -148 -229 -99 0
255 -499 -445 -409 -478 -136 -283 -148 -241 -202 -142 -139 -37 0
472 -347 -98 0
97 -499 -409 -452 -283 -136 -9 -148 -472 -241 -229 -347 0
8 -202 -241 0
348 -472 -97 0
78 -235 -1 -22 -412 -289 -478 -409 -499 0
7 -499 -22 -412 -478 -409 -110 -1 0
9 -202 -241 0
-499 -22 -1 -412 -478 -409 7 0
23 -30 -111 0
237 -166 -1 0
-166 -235 -1 0
36 -493 -1 -412 -235 -22 -4 0
517 -412 -1 -478 -409 -241 0
474 -72 -437 -197 -246 -425 -320 -137 0
-472 -97 -197 -246 -239 -359 -425 -437 -320 -137 -293 -440 -41 -377 -311 -10 -227 -139 -297 -221 -143 -347 0
472 -377 -53 -148 -284 -440 -447 -437 -291 -227 -30 -221 -111 -347 -137 0
24 -315 -405 -53 -481 -359 -139 -440 -251 -447 -227 -291 -221 -347 -246 -239 -425 -437 -320 -137 -293 -41 -311 -10 -148 -284 -517 0
346 -198 -437 -370 -265 -239 -246 -320 -391 -359 -271 -139 -296 -221 -144 0
5 -7 -139 -517 -412 -481 -440 -311 -148 -241 -478 -145 -493 -409 -368 -499 -421 -36 0
246 -163 -426 -331 -49 0
291 -163 -426 -517 -49 -383 -262 -446 -340 0
81 -404 -314 0
136 -419 -430 -426 -517 -49 -446 -290 -509 -263 -77 0
447 -503 -180 -134 -360 -240 -139 -253 -260 -148 -285 -509 -74 0
51 -408 -209 -113 -342 -317 -263 0
244 -260 -148 -285 -360 -54 -209 -263 -214 -509 -290 -74 -446 -180 -134 -240 -139 -253 -138 -430 -426 -517 -77 -294 0
496 -108 -54 0
497 -108 -54 0
347 -472 -360 -240 -139 -148 -285 -74 -446 -54 -481 -245 -214 -290 -430 -426 -517 -77 -79 -314 -7 -134 -241 0
-472 -346 -446 -4 -421 -245 -290 -77 -321 -7 -241 -74 -360 -240 -139 -148 -285 -54 -481 -214 -430 -426 -517 -79 -314 -134 0
50 -260 -148 -285 -360 -54 -498 -267 0
445 -274 -148 -285 -360 -54 -214 -136 -97 -346 -79 -314 -241 -7 -290 -74 0
263 -197 -333 -481 -436 -314 -340 -79 0
49 -346 -412 -139 -360 -481 -252 -36 -54 -77 -510 -340 -136 -79 -314 -426 -245 0
-108 -126 -360 -440 -517 -54 -144 472 -255 -436 -245 -49 -265 0
76 -49 -426 -245 -517 472 -481 -360 -440 -54 -265 -139 -252 0
498 447 -134 -360 -240 -139 -503 -260 -148 -285 -509 -74 -245 -49 -317 0
-346 -54 -134 -360 -240 -139 -148 -285 -74 -245 -241 -7 -77 -426 -517 -481 -440 -412 -36 -79 -314 -290 -446 -214 -4 -421 -321 -430 0
244 -510 -77 -314 -79 -7 -72 -285 -360 -440 -376 -517 -142 -139 -97 -472 -321 0
498 -49 -79 -7 -290 -446 -74 -314 -245 -77 -72 -285 -360 -440 -376 -517 -142 -139 -97 -472 -321 0
-49 -285 -148 -360 -54 -74 -72 -446 -79 -401 -314 -481 -497 -7 -290 -245 -77 -440 -376 -517 -142 -139 -97 -472 -321 0
498 -509 -285 -115 -72 -316 -265 0
-509 -72 -285 -148 -77 -401 -436 -360 -163 -54 -497 -115 -316 -265 0
235 -440 -148 -481 -517 -139 -311 -134 -241 -412 -421 -430 -478 -409 -499 -145 -368 -167 0
-108 -498 -54 0
51 -77 -404 -409 -81 -499 -478 -138 -316 0
50 -424 -197 -165 0
496 -165 -409 -478 -499 -265 -404 -49 -197 -495 -360 -509 -54 0
52 -360 -409 -495 -499 0
-498 -165 -409 -478 -499 -265 -481 -49 -197 -495 -360 -509 -54 0
51 -49 -77 -509 -409 -478 -265 -481 -499 -495 -360 -54 0
-49 -265 -409 -478 -499 -481 -495 -360 -509 -54 -77 0
266 -307 -517 -114 -407 -371 -484 0
73 -38 -294 -311 -71 -47 -409 -139 -462 -499 -250 -307 -447 -407 -371 0
-498 -265 -311 -409 -139 -499 -478 -517 -484 -316 -241 -9 -77 -436 -509 -163 -58 -497 -54 0
-265 -77 -421 -478 -298 -241 -9 -311 -509 -409 -139 -499 -517 -54 -481 -495 -360 0
75 -445 -499 -478 -409 0
265 -509 -499 -478 -409 -497 0
-509 -54 -409 -478 -499 -481 -495 -360 -88 -139 -9 -421 -298 -241 -311 -517 0
73 -491 -311 -256 -284 -409 -6 -499 -446 0
-314 -404 -80 0
-498 -265 -421 -298 -311 -9 -319 -446 -499 -409 -478 -80 -424 -481 -58 -497 -54 0
479 -318 -137 -284 -6 -499 -9 -409 -80 0
-265 -446 -499 -409 -478 -137 -284 -6 -9 -80 -421 -298 -311 -319 -424 -481 -58 -497 -54 0
-165 -101 -202 -517 -382 -430 -241 -437 -93 -49 -424 -197 -163 0
405 -341 -437 -49 -202 -517 -382 -430 -241 -93 -424 -163 -481 -88 -80 0
-54 -360 -481 -430 -88 -139 -1 -412 -478 -409 -499 -9 -6 -421 -298 -311 -495 -241 0
163 -143 -517 -125 -481 -108 0
445 -78 -517 -481 -108 -139 -498 -49 -9 -265 -291 -75 0
496 -436 -49 -404 -409 -77 -499 -478 -163 -509 -108 0
501 -447 -265 -498 -409 -499 -478 -108 -517 -481 -139 -9 -49 -360 0
-447 -49 -108 -498 -481 -265 -478 -495 -409 -499 -517 -139 -9 -360 0
-49 -265 -360 -148 -108 -498 -298 -9 -478 -409 -6 -499 -481 -495 -517 -139 0
332 -285 -6 -421 -70 -244 -199 0
74 -197 -88 -481 -333 -6 -421 -244 -92 -375 -139 -138 -78 -9 -509 -499 -409 -478 0
446 -117 -298 -395 -311 -516 -134 -92 -375 -139 -138 -78 -9 -486 -478 -360 -409 -499 0
164 -244 -311 -298 -139 -478 -9 -495 -409 -6 -499 -134 -360 -88 -481 -421 -517 -316 -265 -498 -436 -108 0
246 -374 -430 -93 -382 -139 -517 -250 -198 -94 -332 -319 0
445 -314 -77 -9 -298 -421 -319 -244 -430 -93 -139 -517 -198 -332 -341 -265 -290 -74 0
500 -262 -341 -9 -77 -298 -421 -244 -430 -93 -139 -517 -198 -332 -265 -478 -495 -409 0
-265 -498 -478 -9 -409 -499 -298 -421 -430 -139 -517 -495 -311 -6 -134 -360 -88 -481 -108 -148 0
-445 -73 -499 -478 -409 0
8 -372 -440 -517 -484 -373 -238 -139 -26 -138 -360 -226 -71 -402 -311 -395 -298 -314 0
-404 -226 -517 -144 -311 -126 -395 -481 -298 -403 -314 0
164 -342 -262 -438 -49 0
411 -382 -517 -241 -430 -49 -163 -88 -81 -311 -395 -481 -298 -373 -139 -250 -9 -440 -484 -138 -360 -148 -285 -6 -289 -73 -499 -478 0
-360 -9 -499 -478 -409 -241 -430 -88 -311 -481 -298 -139 -440 -148 -6 -421 -495 -134 -1 -412 0
267 -49 -472 -180 -469 -54 -374 -98 0
165 -208 -517 -86 -407 -371 0
163 -208 -86 -407 -371 0
-101 -49 -294 -202 -517 -382 -430 -437 -241 -165 -93 -163 0
101 -143 -347 -517 -472 -382 -254 -430 -37 0
-49 -374 -266 -294 -202 -517 -382 -430 -437 -241 -165 -101 -163 -472 -180 -469 -54 -98 0
7 -180 -430 -241 -54 -139 -41 -75 -368 -447 -34 -297 -291 -78 -1 -412 -478 -409 -499 0
-445 -77 -497 -107 -409 -138 -499 -478 51 -314 -360 -9 -485 -290 -371 -446 0
-77 -497 164 -49 -409 -499 -478 -485 0
79 -405 -315 0
403 -27 -525 -197 -139 -331 -374 -92 -402 -35 -6 -237 -495 -54 -107 -497 -137 -509 -79 -315 0
266 -409 -478 -139 -499 164 -49 0
237 8 -517 -484 -373 -372 -139 -138 -360 -71 -395 -314 -148 -285 -36 -5 0
-54 -208 -112 -307 -517 -144 -126 -360 -481 497 0
519 -208 -307 -112 -85 0
78 -73 164 -49 -517 -478 -409 -499 0
311 -235 -6 -284 -8 -70 -39 0
7 -424 -517 -382 -93 -430 -165 -49 -163 -39 0
136 -25 -93 -430 -165 -49 -163 -517 -254 -52 -499 -478 -409 265 -473 0
9 472 -29 -414 -521 -35 -6 -80 -315 -235 0
-360 -430 -517 -49 -93 -163 -481 -125 -143 -165 -254 -499 -478 -409 265 -180 0
493 7 -143 -517 -382 -27 -430 -254 -49 -93 -165 -163 -272 0
497 -137 -508 -318 0
-409 -478 -49 -165 -163 -499 -517 -139 0
496 -509 -139 -446 -373 -252 -267 0
73 -214 -298 -396 -112 -311 -407 -338 0
-509 -373 -246 -319 -139 -197 -134 -238 -267 -298 -311 -407 -256 -318 -446 -138 -358 -107 -52 -497 -252 0
-373 -238 -358 -267 -134 -14 -247 -318 -283 -138 -246 -319 -139 -197 -298 -311 -407 -256 -446 -107 -52 -497 -252 0
54 -497 -107 0
4 -373 -509 -139 -197 -246 -267 -298 -311 -407 -256 -318 -446 -138 -358 -107 -52 -497 -252 -494 -236 -36 0
-311 -481 -260 -197 -283 -5 -509 -139 -246 -267 -298 -407 -256 -318 -446 -138 -358 -107 -52 -497 -252 -494 -236 -36 -478 -75 -396 -214 -112 -338 0
266 -373 -115 -197 -298 -517 -214 -112 -92 -407 -27 -75 0
150 -27 -283 -260 0
524 -490 -283 -247 -27 -443 -197 -476 -481 -139 0
498 -298 -407 -404 -478 -247 -197 -139 -260 -5 -509 -246 -267 -256 -318 -446 -138 -358 -107 -497 -252 -494 -236 -36 0
496 -509 164 -49 -446 -138 -290 0
-509 -497 -36 -5 -358 -404 -478 -247 -139 -256 -446 -138 -236 -252 -494 164 -49 -290 0
-283 -52 -407 -139 -75 -252 -267 -96 -358 -247 -318 -138 -246 -197 -298 -311 -256 -446 -107 -113 -497 -426 -472 -331 -494 -199 -236 -36 -491 -70 -5 -284 0
283 -311 -38 -472 -70 -494 -247 -236 -491 -27 -5 0
52 -497 -107 0
-311 -298 -139 -75 -252 -267 -96 -358 -247 -318 -138 -246 -197 -407 -256 -446 -107 -113 -497 -426 -472 -331 -494 -199 -236 -36 -491 -70 -5 -284 -38 0
311 -271 -36 -494 -236 -5 -284 -247 -70 0
-497 -236 -36 -5 -139 -252 -358 -247 -138 -256 -446 -494 -38 -290 164 -49 -478 -404 0
285 -134 -373 -14 -139 -247 -254 -490 -26 0
54 -283 -246 -473 -247 -490 -139 -373 -36 -256 -5 -426 -236 -484 -494 -358 -107 0
25 -423 -242 -520 -407 -473 -112 -246 -517 -331 -260 -197 0
-283 -311 -71 -460 -473 -358 -260 -197 -242 -520 -407 -112 -246 -517 -331 -490 -5 -236 -494 497 -247 -139 -373 -36 -256 -426 -484 -107 0
-311 497 -517 -38 -494 -247 -236 -5 -407 51 -263 -478 -139 -290 -252 -446 -71 -460 -473 -358 -260 -197 -242 -520 -331 -36 -256 -107 0
-283 -36 -260 -471 -242 -520 -407 -473 -112 -246 -517 -331 -197 -5 -2 -236 -494 -53 -247 -490 -139 -373 -256 -426 -484 -358 -107 0
8 -478 -517 -247 -520 -139 -256 -358 164 -49 -499 0
-284 -311 -283 -497 -358 -247 -139 -256 -494 -236 -36 -5 164 -49 -499 0
4 -373 -497 -139 -197 -246 -267 -311 -509 -407 -256 -318 -499 -358 -107 -494 -236 -36 -76 0
6 -236 -8 -499 -76 0
-36 -497 -283 -517 -358 -247 -139 -256 -494 -236 -5 164 -49 -499 -14 -319 -52 -238 -3 -168 -34 0
290 -524 -478 -382 -517 493 -27 7 -143 -49 -254 -165 -163 -93 0
445 -510 -235 -311 -486 -478 -49 -517 493 -27 7 -165 -163 -373 -139 -497 -251 0
320 -273 -373 -220 -180 -139 -474 -393 -246 0
-166 -298 -486 -254 -371 -246 -74 -421 -338 -238 -311 -168 -235 0
70 -100 -37 -331 -311 -201 0
285 -373 -486 -311 -3 -247 -238 -139 -251 -180 -393 -256 -60 -497 -137 -447 -235 -478 -49 -517 493 -27 7 -165 -163 0
70 -200 -137 0
284 -137 -331 -197 -27 0
373 -137 -202 -517 -241 -510 -447 -407 -371 -318 -486 -492 -267 -180 0
-497 -236 -478 -49 -517 -165 -163 -283 -499 -494 -139 -5 0
518 -308 -407 -112 -85 0
-236 -494 -478 -49 -165 -163 -283 -499 -517 -139 -5 0
285 -254 -321 -246 -247 -239 -36 -70 -5 0
284 -70 -402 -311 -150 -396 0
-70 -476 -246 -139 -331 -443 -247 -138 -239 -5 -283 -402 -311 -150 -396 0
485 -138 -150 -5 -478 -246 -247 -27 -197 -139 -331 -499 -8 -318 -76 -311 -283 -402 -256 -60 -107 -497 -267 0
285 -70 -180 -445 164 -49 -138 -251 0
-70 -445 -402 -311 -27 -283 -180 -497 164 -49 -138 -251 0
-138 -497 -256 -311 -402 -27 -283 -180 164 -49 -139 -373 -486 -5 -478 -247 -499 -8 -60 0
245 -54 -8 -394 -88 -37 -298 -197 -100 -421 -331 0
-497 -373 -139 -8 -247 -311 -2 -167 -494 -5 -499 -283 -27 -256 164 -49 -478 -358 0
137 -70 -112 -517 -197 -395 -235 -27 -311 -283 -264 -509 0
-70 -395 -311 -2 -167 -115 -322 -5 -76 -283 -136 -331 -197 -27 -112 -517 -235 -264 -509 0
-137 -36 -5 -76 -283 -136 -331 -197 -27 0
497 -27 -331 -8 -264 -76 -5 -283 -197 -92 -167 -2 -311 -517 -235 -318 -267 0
285 -70 -311 -2 -60 -429 -167 -27 -40 -197 -517 -297 -87 -309 -210 -114 -318 -460 -491 -54 -5 0
-70 -27 -197 -235 -517 -311 -283 -264 -318 -402 -150 -331 -2 -60 -429 -167 -40 -297 -87 -309 -210 -114 -460 -491 -54 -5 0
-27 -311 -5 -167 -2 -283 -235 -517 -40 -358 -139 -8 -247 -494 -499 -256 164 -49 -478 0
-497 -53 -107 0
-311 -235 -5 -358 -283 -167 -2 -517 -40 -139 -8 -247 -494 -499 -256 164 -49 -478 0
-27 -491 -38 -407 -8 -517 -318 -76 -260 -197 -331 284 0
72 -38 -246 -520 -517 -8 -407 -76 -371 -318 -267 -107 -358 -260 -5 -197 -331 -460 -283 -247 0
316 -347 -139 -260 -150 -135 -378 -402 -14 -474 -441 -395 -247 -180 -497 -492 0
-137 -27 -395 -407 -260 -517 -318 -139 -247 -358 -426 -267 -494 -197 -2 -227 -499 -331 -167 -5 -76 -283 70 0
-27 -38 -197 -139 -246 -517 -331 -8 -76 -395 -407 -260 -318 -247 -358 -426 -267 -494 -2 -227 -499 -167 -5 -283 70 0
138 -255 -240 -5 -274 -499 -472 -76 0
-494 -5 -499 -283 -139 -517 -49 -478 -165 -163 0
494 -499 -407 -517 -331 -76 -197 -318 -460 -426 -107 0
114 -309 -407 0
317 -311 -139 -426 -510 -34 -494 -76 -323 -499 -267 -409 -73 -248 -407 -492 -114 0
1 -298 -452 -254 -246 -260 -421 -471 -474 -369 -168 0
394 -133 -139 -474 -179 -144 -452 -254 -246 -260 -421 -471 -369 -168 -378 -220 -226 -311 0
255 -275 -371 -309 -209 -218 -87 -224 -238 -98 0
473 -112 519 -371 -407 -331 -246 -254 -309 -238 0
253 -24 -289 -220 472 -331 -452 -246 0
-283 -5 -139 -27 -499 -517 -137 -70 -49 -165 -163 0
319 -39 6 -499 -76 -291 -311 -70 -199 -331 -494 -246 0
255 -311 -70 -249 -359 -180 -494 -472 6 -499 -76 -291 -199 -331 -246 -96 -139 0
474 -221 -494 -348 -320 -97 0
-311 -359 -371 -180 -472 -494 -70 -199 -331 -453 -246 -254 -249 6 -499 -76 -291 -96 -139 0
99 -69 -371 -359 -180 -240 -472 -254 0
473 -9 -139 164 -49 -499 -517 -410 -38 -359 -254 -180 -99 0
253 -180 -359 -267 -92 -446 -428 -371 -252 -96 -69 -321 -276 -246 -240 -99 0
-5 -70 -165 -163 -499 -517 -139 -49 -137 -27 0
71 -371 -85 -165 -517 -49 -196 -331 -490 -283 -138 0
-137 -215 -517 -318 -331 -27 284 -138 0
72 -6 -54 -134 -517 -331 -27 -138 -239 -490 -494 -311 -70 -402 -150 -283 0
71 -427 -266 -92 -490 -486 -165 -283 -138 -85 -517 -49 -196 -331 0
360 -134 -242 -499 -76 -494 -139 -49 -421 -239 -311 -70 -517 -331 -138 -490 -266 -92 -260 -296 -26 0
-318 -316 -260 -284 -490 -49 -53 -26 -137 -508 0
285 50 -494 -331 -498 -53 -199 -260 -508 -70 -26 0
310 -498 -266 -298 -485 -421 -239 -4 -228 0
-137 -284 -482 -331 -70 -311 -266 -485 -239 -221 -494 -92 -260 -26 -421 -53 -49 -490 -138 0
-284 -360 -49 -209 -260 -494 -499 -76 -485 -239 -266 -421 -311 -70 -482 -331 -221 -92 -26 -53 -490 -138 0
-137 -266 -49 -318 -509 -138 0
-27 -446 -485 -509 -266 -496 -53 -394 -401 -260 -149 -283 -26 0
4 -509 -112 -446 -394 -163 -496 -49 -266 -485 -239 -1 0
-497 -112 -517 -198 -372 -426 -134 -360 -148 -139 -503 -260 -240 -285 -509 -245 -49 -317 -446 -163 -496 -53 0
178 -499 -517 -139 -260 -245 -49 -494 -421 -239 -26 -482 -76 -138 -311 -70 -209 -331 -221 -242 -296 -375 0
72 -498 -359 -106 -292 -164 -515 -437 -68 -331 -247 -199 0
318 -508 -517 -26 -331 -199 -70 -359 -292 -515 -68 -265 -262 -497 -491 -49 0
284 -485 -239 -359 -421 -517 -137 -331 -318 -138 -80 -323 -70 0
-27 -137 -70 -499 -517 -139 -49 -165 -438 -392 -331 -199 -296 -491 -359 -284 -26 0
-137 -497 -139 -499 -49 -296 -359 -260 -70 -392 -331 -491 -26 -239 -421 -138 -265 -292 -515 -68 -517 0
-27 -438 -49 -317 -499 -494 -139 -517 -5 -497 -410 -311 -70 -359 -260 -285 -26 0
283 -497 -317 -509 -491 0
-497 -265 -517 -49 -491 -359 -260 -499 -494 -139 -311 -70 -26 -76 -296 -392 -331 -239 -421 -138 -292 -515 -68 0
-318 -75 -517 -486 -296 -359 497 -164 -437 -76 -49 -138 0
163 -499 -494 -76 -53 -437 -107 0
-499 -76 -296 -494 -517 -49 -260 -139 -311 -70 -26 -392 -331 -239 -421 -138 -292 -515 -68 -375 -180 -245 -482 -209 -221 -242 0
358 -407 -517 -371 -267 -375 -296 -180 0
164 -497 -445 -517 -482 -70 -138 -311 -49 -180 -296 -26 -375 0
-163 -322 -252 -95 -517 -426 -497 -134 -372 -360 -139 -260 -240 -245 -49 -496 -53 -70 -138 -26 -164 0
359 -360 -209 -76 -95 -266 -138 -252 -445 -517 -426 -497 -49 -139 -260 -245 -70 -26 -164 -375 -180 -54 0
358 -266 -49 -472 -180 -54 -98 -375 -260 -26 0
-360 -358 -209 -76 -95 -266 -138 -252 -445 -517 -426 -497 -49 -139 -260 -245 -70 -26 -164 -375 -180 -54 0
265 -266 -70 -85 -486 -427 -283 -138 -165 -517 -49 -196 -331 -311 -402 -150 -180 -497 -375 0
-266 -497 -95 -252 -331 -525 -76 -482 -54 -49 -138 -517 -311 -180 -70 -375 -260 -296 -26 -209 -445 -426 -139 -245 -472 -98 0
-497 -76 -515 -296 -68 -331 -26 -260 -180 -375 -49 -95 -252 -525 -517 -482 -54 -138 -311 -70 -209 -445 -426 -139 -245 -472 -98 0
71 -485 -331 -70 -311 -266 -482 -239 -221 -494 -92 -260 -26 -421 -53 -49 -490 -138 0
259 -196 -165 -26 0
359 -266 -311 -331 -70 -482 -239 -221 -494 -260 -26 -421 -53 -49 -138 -395 -375 -400 -180 0
72 -436 -331 -515 -68 -370 -76 -486 -49 -509 -266 -138 -239 -4 -283 -248 0
71 -509 -283 -138 0
163 72 -515 -68 -331 -76 -486 -49 -509 -266 -138 -239 -4 -283 -248 0
-76 -311 -515 -68 -331 -49 -138 -239 -70 -296 -517 -482 -221 -494 -260 -26 -421 -375 -180 -525 -472 -98 -95 -252 -209 -139 -245 -392 -292 -242 0
165 -436 -49 0
164 -436 -49 0
438 -497 -266 -406 -239 -509 -5 -446 -63 -236 -494 -517 -431 -165 -196 -102 -331 -49 0
-497 -266 -446 -509 -394 -260 -149 -26 -515 -68 -331 -49 -436 -239 -5 -236 -494 -517 -431 -102 0
-266 -290 -109 -479 -34 -5 -499 -236 -494 -296 -311 -331 -70 -482 -239 -221 -260 -26 -421 -49 -138 -375 -180 -446 -509 -394 -149 -515 -68 -436 -517 -431 -102 0
-311 -375 -180 -70 -49 -109 -494 -296 -331 -482 -239 -221 -260 -26 -421 -138 -515 -68 -517 -525 -38 -252 -472 -98 -95 -209 -139 -245 -392 -292 -242 0
51 -370 -252 -515 -95 -68 -509 -331 -497 -436 -49 -266 -138 0
-436 -509 -227 -221 -494 -517 -165 -331 -49 -252 -515 -95 -68 -242 -497 -266 -138 -285 -26 -260 0
-509 -165 -296 -26 -49 -266 -138 -472 -180 -98 -375 -260 -497 -462 -517 -227 -221 -494 -331 -252 -515 -95 -68 -242 -285 0
-165 -497 -472 -180 -266 -98 -375 -260 -26 -49 -285 -296 -138 -462 -517 -227 -221 -494 -331 -252 -515 -95 -68 -242 0
-137 -491 -292 72 -515 -68 -331 -164 -180 -497 -437 -49 -509 -266 -138 0
358 -501 -515 -429 -47 -93 -292 -375 -494 -497 -180 -49 -472 -266 -98 -260 -26 0
284 -509 -317 -395 -180 -360 -515 -429 -47 -93 -292 -375 -494 -49 -472 -266 -98 -260 -26 -76 72 -68 -331 -164 -437 -497 -138 -148 0
-509 -360 -494 -266 -239 -108 -497 -180 -317 -395 -515 -429 -47 -93 -292 -375 -49 -472 -98 -260 -26 -76 72 -68 -331 -164 -437 -138 -148 0
-497 -266 -494 -395 -180 -138 -421 -239 -515 -292 -375 -49 -472 -98 -260 -26 72 -68 -331 -296 -517 -227 -221 -252 -95 -242 0
-437 -196 -242 -517 -8 -331 -494 163 -53 -499 -107 0
360 -164 -68 -266 -331 -49 -242 -517 -494 -53 -107 -227 -221 -525 -482 -515 -285 -498 -26 0
163 -437 -517 -242 -331 -494 -53 -107 -227 -221 -285 -26 -260 0
-137 -490 -477 -360 -68 -249 -180 -331 -58 -201 497 -508 -138 0
7 -203 -242 0
-137 -86 -296 -308 -360 -209 -180 -113 -477 -68 -249 -331 -58 -201 497 -138 -49 -266 0
165 -360 -296 -209 -180 -477 -68 -249 -331 -201 497 -138 -49 -266 -242 -517 -377 -227 -221 -494 -462 0
-164 -266 -525 -482 -49 -472 -180 -184 -98 -375 -260 -26 -462 -517 -242 -331 -494 -227 -221 -285 -296 -209 -477 -68 -249 -201 497 -138 -377 -515 0
519 497 -221 -494 -227 -482 -377 -197 0
-266 -517 -209 -221 -494 -227 -482 -377 -49 -525 -472 -180 -184 -98 -375 -260 -26 -242 -331 -296 -477 -68 -138 -515 -395 -421 -239 -292 72 -252 -95 0
358 -517 -267 -375 -296 -180 -165 -260 -26 0
-139 -70 -221 -49 -296 -260 -494 -392 -331 -26 -239 -421 -138 -292 -515 -68 -180 -209 -472 -184 -98 -242 -95 -109 -38 -245 -143 -140 0
-165 -485 -138 -266 -108 -494 -197 -49 -331 -164 0
359 -360 -49 -209 -260 -494 -70 -239 -266 -421 -482 -331 -221 -26 -138 -373 -497 -197 -180 0
165 -510 -250 -138 -73 -318 -370 -49 0
358 -113 -209 -475 -68 -515 -49 -197 -250 -138 -497 -523 -266 -482 -86 -23 -373 -260 -296 -180 -26 0
316 -164 -138 -266 -494 -197 -49 -331 -165 -497 -113 0
-164 -165 -266 -138 -70 -517 -49 -331 -180 -373 -209 -497 -113 -494 -197 -26 0
164 -197 -482 -26 -497 -358 -266 -49 0
-517 -266 -209 -260 -494 -70 -239 -49 -421 -482 -331 -221 -26 -138 -373 -497 -180 -475 -68 -515 -250 -523 -296 -519 0
496 -283 -70 -427 -180 -91 -373 -49 -266 0
50 -396 -70 -311 -150 -358 -283 -138 -266 -164 -494 -165 -49 -331 -108 -318 0
-165 -164 -112 -85 -515 -68 -331 -49 -70 -138 -266 -209 -494 -228 -221 -497 -180 -373 -26 -260 -196 0
316 -408 -209 -250 -460 -266 -76 -70 -497 -138 0
165 -266 -373 -180 -223 -497 -112 -209 -250 -70 -138 -26 -260 -49 0
-266 -497 -482 -26 -49 -260 -515 -68 -331 -70 -138 -209 -494 -221 -180 -373 -223 -250 -377 -239 -421 -475 -523 -296 -519 0
163 -438 -68 -331 -26 -515 -260 -93 0
25 -407 -519 -318 -74 -497 -371 -107 -485 -296 -482 -197 0
-497 -519 -296 -26 -482 -68 -331 -515 -260 -373 -49 -70 -138 -209 -494 -221 -180 -223 -250 -377 -239 -421 -475 -523 0
51 -400 -331 -70 -482 -239 -221 -494 -260 -26 -421 -266 -49 -138 -53 -395 -180 -358 -226 -377 -519 -515 -68 163 0
-227 163 -53 -242 -331 -494 -107 -377 -437 -221 -285 -26 -260 0
163 -377 -519 -180 -373 -239 -296 -395 -38 -53 -242 -331 -494 -107 -221 -26 -260 -49 -70 -482 -421 -266 -138 -515 -68 -509 0
-165 -342 -317 -209 -113 -49 -197 -424 -163 0
27 -7 -49 -209 -113 -197 -163 -250 -95 -184 -494 -523 497 -482 -358 -260 0
518 -358 -49 -163 -26 -250 -95 -184 -494 -523 497 -482 -209 -260 -242 0
198 -441 -180 -373 -38 -228 -221 -494 -53 -49 -266 -509 -138 -317 -70 -107 -482 -331 -163 -26 0
-358 -523 -95 -184 -209 -482 -260 497 -49 -163 -180 -373 -38 -221 -494 -138 -70 -331 -26 -377 -519 -250 -242 0
-165 -317 -209 -519 -49 259 -26 -163 0
78 -4 -235 -34 -7 0
518 -76 -242 -235 -239 -484 -372 -87 -24 0
-70 -170 -109 -242 -239 -49 -209 -26 -494 -260 -296 -180 -95 -184 -38 -221 -138 -331 -421 -515 -68 -223 -143 -392 -292 -472 -98 -245 -140 0
-358 -497 -143 -112 -197 -26 -140 -266 164 -49 0
-497 -163 -209 -317 -49 -165 -26 -143 -260 -140 -472 -180 -266 -98 -197 0
518 -523 51 -209 -263 -95 -49 -163 -26 -358 -184 -494 -317 497 -482 -260 -242 0
-482 -519 -38 -310 -143 -9 51 -209 -263 -95 -49 -163 -26 -358 -184 -494 -317 497 -260 -242 -221 -107 -483 0
144 -125 -140 0
-125 -140 -143 0
165 -358 -497 -180 -494 -317 -283 -26 -197 -49 0
-163 -358 -497 -296 -26 -197 -49 -165 -209 -317 -143 -260 -140 -472 -180 -98 0
408 -308 -209 0
-358 -497 -509 -317 -138 -494 -49 -331 -197 -209 -460 -77 -437 -296 -26 -143 -260 -140 -472 -180 -98 -283 0
-165 358 -140 -296 -180 -260 -26 -143 -209 -317 -49 -497 -472 -98 -197 0
-497 -310 -49 -472 -180 -98 -260 -26 -140 -143 -242 -239 -221 -494 -296 -209 -317 -197 -283 -509 -138 -331 -460 -77 -437 0
198 -163 -310 -143 -482 497 -209 -263 -95 -49 -38 -26 -358 -184 -494 -317 51 -260 -242 -221 -9 0
-163 -165 -221 -494 497 -482 -377 -197 -209 -317 -49 -310 -26 -358 -283 -260 -143 -263 -95 -38 -184 -242 -77 0
235 -226 -310 -421 -395 -34 -5 0
163 -395 -310 -317 -101 -377 -38 -242 -53 -107 -331 -494 -437 -421 -221 -209 -460 -77 -26 -482 -197 0
-358 -242 -221 -494 497 -482 -377 -197 -310 -283 -26 -77 -260 -49 -209 -317 -163 -143 -263 -95 -38 -184 0
-165 -140 358 -296 -180 -260 -26 -143 -49 -209 -317 -163 -197 0
254 -473 -331 -246 -99 0
495 -227 -76 -136 -411 -473 -421 -99 -4 -348 -202 -221 0
78 -499 -497 -139 -27 -283 -373 -39 164 -49 -358 -235 -4 0
-137 -180 -490 -473 -283 -331 -197 -27 -136 0
493 -227 -9 -421 -235 -411 -242 -501 -221 0
-227 -242 -445 -94 -9 -501 -319 -235 -76 -136 -411 -473 -421 -99 -348 -202 -221 -494 -340 0
495 -235 -501 -445 -79 -340 -404 -94 -9 -319 -411 0
8 -5 164 -139 -358 -497 -36 -247 -256 -138 -252 -446 -49 -478 -404 0
-499 -139 -138 164 -283 -27 -49 -497 -251 -445 -39 -9 -358 -36 -252 -404 -258 -501 0
-143 -221 -283 -497 -138 164 -445 -27 -49 -136 -473 -421 -99 -202 -490 -39 -9 -358 -36 -252 -404 -258 -501 -142 -125 0
7 -480 -79 -404 -291 0
143 -276 -473 -202 -9 -79 -404 -445 -524 -252 -141 0
261 -497 -27 -49 -283 -39 -358 -473 -99 -141 -331 -246 -317 -196 -163 0
265 -236 -89 -404 -64 -310 -201 -138 -317 -497 0
8 -494 -69 -408 -516 -372 -518 -358 -317 -141 -108 -497 -266 -201 -93 -102 -76 -39 0
140 -523 -202 -518 -149 -241 -124 0
139 -138 -201 -209 -497 -408 -460 -76 -266 -317 -374 0
481 140 -518 -149 -241 -202 0
140 -241 -266 -408 -372 -516 -209 -69 -275 -473 -518 -149 -482 -358 -202 0
7 -408 -209 -358 -275 -99 -266 -473 -317 -201 -497 -460 -76 -141 -372 -516 -69 -518 -149 -482 -93 -102 -39 0
136 -179 -283 -473 -317 -201 0
139 -138 -317 -69 -408 -516 -372 -518 -358 -141 -108 -266 -201 -93 -102 -76 -39 -209 -460 -497 -7 -283 -473 0
136 -108 -358 -317 -283 -473 -201 0
-138 -266 -201 -317 -497 -93 -102 -39 -7 -76 -141 -69 -408 -516 -372 -518 -358 -108 -209 -460 -283 -473 0
-497 -163 -516 -358 -209 -99 -473 -317 -39 -141 -283 -331 -246 -196 -49 -427 -259 -27 0
267 -180 497 -358 -163 -374 -49 0
-108 -338 -445 -501 -73 -370 -484 -358 497 0
72 -445 -290 -524 -27 -283 -163 -501 -358 497 -516 -427 -115 -374 -49 -490 -310 0
54 -73 -290 -445 -246 -283 -473 -139 -236 -247 -490 -426 -373 -36 -484 -494 -358 -107 -501 0
-308 -407 -209 0
140 -112 -516 -427 -209 -99 8 -518 -163 -438 -246 -196 -100 -331 -200 -71 -27 -283 -501 -358 497 -115 -49 -490 -310 -252 0
-108 -142 -99 -473 -124 8 -259 -196 -518 -209 -163 -112 -358 497 0
-318 -76 -427 -516 -358 -246 -518 -331 -209 -196 -49 -163 -99 -473 -259 -141 -27 -283 -39 -7 -240 -138 -317 0
318 -138 -209 -283 -473 -317 -331 -358 -259 -196 497 -163 -49 0
-108 -138 -516 -209 -473 -358 -39 -427 -246 -331 -196 -49 -163 -99 -259 -27 -283 -240 -141 -317 0
-138 -163 -516 -39 -358 -246 -331 -209 -196 -49 -427 -99 -473 -259 -141 -27 -283 -240 -317 0
-163 -317 -196 -259 -209 -99 -473 -141 -516 -39 -358 -246 -331 -49 -427 -27 -283 -240 0
198 -267 -75 -370 -49 -86 -436 -518 -331 0
371 -493 -283 -253 -518 -86 -357 -300 -396 -70 284 -312 -39 -102 -45 -240 -218 -358 -180 -99 -145 -473 -123 -274 -324 -69 -267 -516 -75 0
359 -486 -240 -218 -10 -45 -295 0
265 -145 -141 -286 -34 -91 -5 -427 -240 -115 -478 -486 -324 -75 0
316 -274 -259 -99 -45 -224 -240 -218 -407 -114 -307 -141 -91 -427 -75 -10 -358 -518 -86 -370 -283 -253 -39 -473 -516 -461 -49 -436 -331 -196 -215 -53 -497 -138 0
-407 -138 -516 -370 -240 -331 -358 -436 -108 -497 -49 -317 -259 -141 -91 -427 -518 -283 -253 -39 -473 -196 -53 -99 -209 -406 0
360 -308 -209 -113 -362 -317 -59 -108 0
112 -518 -436 -196 -49 -331 -317 0
-138 -85 -179 -283 -473 -99 -436 -49 -267 -485 -370 -490 -209 -136 -516 -240 -331 -358 -108 -497 -317 -259 -141 -91 -427 -518 -253 -39 -196 -53 -406 0
517 -485 -370 -406 -267 -141 -209 -179 -99 -473 -283 -436 -49 -490 -136 -516 -240 -331 -358 -108 -497 -317 -259 -91 -427 -518 -253 -39 -196 -53 0
359 -267 -473 -516 -370 -240 -331 -358 -436 -108 -497 -49 -317 -259 -141 -91 -427 -518 -283 -253 -39 -196 -53 -209 -406 -99 -490 -136 0
407 360 -209 -362 -317 -59 -108 0
316 -518 -141 -283 -99 -473 -209 -516 -370 -240 -331 -358 -436 -108 -497 -49 -317 -259 -91 -427 -253 -39 -196 -53 -406 -362 -59 0
-518 -108 -370 -240 -331 -358 -436 -516 -497 -49 -317 -259 -141 -91 -427 -283 -253 -39 -473 -196 -53 -99 -209 -406 -362 -59 0
408 -113 -209 0
472 -86 -308 -296 -209 -99 0
-108 -497 -331 -473 -209 -99 -358 -317 -246 -196 -49 -259 -427 -283 -253 0
-518 -180 -453 -516 -91 -283 496 -49 -427 -370 -209 -406 -436 -196 -331 -317 0
97 -348 -283 -23 -492 -288 -297 -453 -146 -5 -276 -185 0
-348 -477 -141 -411 -292 -375 -456 -42 -180 -12 -492 -297 -453 -276 -99 -283 -23 -288 -146 -5 -185 0
-497 -317 -99 -283 -209 -49 -427 -196 -331 -473 -246 -358 -259 -253 0
97 -86 -370 -297 -486 -218 -473 -224 0
85 -45 -240 -91 -486 -374 -266 -49 -436 -331 -196 -10 -518 -297 0
-407 -518 -266 -141 -370 -240 -91 -49 -436 -331 -196 -473 -99 -358 -60 -209 -363 -406 0
275 -22 -382 -283 -445 -358 -240 -493 -78 -486 -319 -136 -219 -473 -225 -27 -259 -99 0
-518 -91 -141 -427 -99 -516 -473 -283 -358 -240 -493 -27 -259 -331 -436 -246 -49 -266 -370 -317 -209 -196 -60 -363 -406 0
274 -12 -141 -292 -477 -42 -492 -297 -453 -276 -99 -283 -23 -288 -146 -185 -266 -240 -485 -358 -493 -319 -473 0
87 -78 -200 -493 -283 -23 -453 -319 -473 -99 -141 -292 -266 -240 -358 -317 -68 -60 -113 -516 -462 -363 -209 -370 -308 0
474 -395 -421 -39 163 -107 -53 -331 -517 -437 -196 -99 -319 -274 -49 -509 -318 -266 0
Solved
