545 -331 -172 -257 -193 -430 -451 -541 -341 -412 -171 -501 -273 -141 0
195 -50 -190 -141 0
543 -331 -451 -412 -341 -257 -430 -193 -190 -141 -172 -1 0
475 -247 -481 -375 0
256 -475 -172 -541 -341 -1 -451 -462 0
-475 -193 -412 -1 -541 -472 -172 -115 -190 -141 -157 -430 -257 -341 -451 -462 0
475 -369 -523 -312 -77 -349 -451 -462 -375 -341 0
200 -332 -412 -475 -291 -1 -541 -172 -157 0
453 -200 -341 0
340 -293 -332 -1 -403 -541 -238 -124 -273 -172 -157 -501 -200 -171 0
556 -171 -472 -412 -341 -1 -403 -541 -238 -172 -157 -115 -451 -430 -257 -462 -523 -312 -77 -375 -457 -206 -89 0
-475 -250 -115 -472 -430 -424 -412 -257 -477 -172 -541 -341 -1 -451 -462 0
332 -290 -445 -403 -238 -157 -490 -296 -257 -430 -412 0
413 -124 -196 -100 -115 -493 -332 -403 -523 -334 -238 -556 -157 -200 -171 -341 -1 -475 0
-475 -332 -157 -412 -196 -100 -115 -493 -403 -523 -334 -238 -556 -200 -171 -341 -1 -257 -172 -541 -451 -462 0
414 -424 -388 -490 -296 -77 -445 -472 -403 -115 -334 -238 -250 -157 -332 0
158 -186 -100 -312 -285 -268 -368 -22 -556 -196 -275 -490 -445 -493 -403 -70 -523 -334 -238 -124 0
333 -285 -143 -259 -445 -403 -238 -157 -100 -312 -268 -368 -22 -556 -196 -275 -490 -493 -70 -523 -334 -182 0
-200 -278 -64 -445 -100 -403 -115 -334 -238 -157 -143 -259 -312 -22 -556 -196 -275 -490 -493 -70 -523 -412 -388 -296 -77 -472 -511 -462 -375 -341 -481 -171 -1 -257 -172 -541 -451 -430 0
559 -375 -1 -541 -172 -157 -445 -403 -238 -490 -430 -341 -451 -64 -100 -115 -334 -143 -259 -22 -196 -493 -70 -523 -388 -472 -511 -412 -481 -457 -91 -84 0
183 -292 -457 -559 -84 -375 -481 -1 -490 -541 -547 -445 -403 -70 -451 -334 -238 -341 -412 -157 0
331 -559 -472 -115 -100 -154 -64 -523 -143 -84 -388 -490 -445 -403 -70 -334 -238 -157 -457 -375 -481 -1 -541 -451 -341 -412 0
340 -224 -375 -547 -1 -412 -541 -172 -157 -451 -201 0
159 -183 -408 -523 -493 -100 -115 -472 -451 -341 -375 -1 -412 -541 -172 -157 -196 -559 -84 -490 -445 -403 -70 -334 -238 0
185 -285 -143 -259 0
333 -169 -341 -112 -375 -547 -1 -412 -541 -172 -157 -451 -250 -386 -115 -100 -537 -285 -185 0
342 -471 -343 -135 -442 -219 -325 -457 -73 -89 -501 -154 -200 -169 0
-183 -331 -1 -172 -341 -343 -442 -457 -154 -430 -412 -541 -375 -157 -451 -115 -100 -143 -259 -559 -84 -490 -493 -445 -523 -403 -70 -334 -238 -408 -472 -196 0
562 -172 -1 -412 -341 -343 -442 -457 -154 -430 -541 -157 -451 -115 -100 -143 -259 -84 -490 -493 -445 -523 -403 -70 -334 -238 -472 -196 -64 -388 -22 -511 -91 -281 0
182 -332 -388 -490 -445 -472 -403 -115 -334 -238 -157 -84 -430 -214 -70 -290 -200 -412 0
158 -268 -172 -341 -343 -442 -457 -154 -430 -412 -541 -183 -157 -451 -115 -100 -143 -259 -84 -490 -493 -445 -523 -403 -70 -334 -238 -472 -196 -511 333 -1 -22 -182 -460 -91 -290 0
-285 -284 -186 -143 -259 0
199 333 -143 -259 -196 -84 -490 -562 -445 -493 -403 -70 -523 -334 -238 -157 -172 -341 -343 -442 -154 -430 -412 -541 -183 -451 -115 -100 -472 -511 -457 -1 -22 -182 -91 -290 0
-332 -200 -541 -172 -157 -445 -403 -238 -490 -430 -341 -451 -64 -100 -115 -334 -143 -259 -22 -196 -493 -70 -523 -388 -472 -511 -412 -457 -91 -84 -343 -442 -154 -183 -1 -562 -214 0
159 -501 -84 -388 -91 -548 -297 -490 -445 -403 -70 -341 -523 -334 -238 -200 -124 -58 0
-200 -183 -1 -172 -341 -343 -442 -457 -154 -84 -490 -91 -445 -403 -70 -334 -238 -157 -388 -523 -430 -412 -541 -451 -64 -100 -115 -143 -259 -22 -196 -493 -472 -511 -562 -214 0
-183 -430 -388 -115 -490 -84 -445 -412 -1 -541 -172 -157 -403 -70 -341 -334 -238 -451 -343 -442 -457 -154 -91 -523 -64 -100 -143 -259 -22 -196 -493 -472 -511 -562 -214 0
568 -259 -523 -64 -100 -115 -341 -1 -490 -143 -493 -541 -445 -403 -451 -334 -238 -412 -157 -388 -84 -70 -343 -442 -154 -91 -22 -196 -472 -511 -214 -281 0
333 -268 -143 -259 -445 -403 -238 -157 -100 -460 -285 -22 -196 -275 -490 -493 -70 -523 -334 -182 -119 -341 -112 -547 -386 -1 -412 -541 -172 -451 -250 -115 -537 -511 0
458 475 -91 -523 -256 -77 -451 -341 -295 -206 -180 -558 -281 -22 -408 -268 -135 -30 0
342 -497 -56 -472 -530 -115 -250 -10 -338 -402 -459 -91 -523 -256 -77 -451 -341 -295 -206 -180 -558 -281 -22 -408 -135 -263 -432 -331 -143 -259 -445 -403 -238 -157 -100 -460 -285 -196 -275 -490 -493 -70 -334 -182 -119 -112 -547 -386 -1 -412 -541 -172 -537 -511 -476 -200 0
158 -172 -341 -1 -541 -412 -157 -451 -115 -100 -476 -56 -472 -530 -402 -459 -91 -523 -256 -281 -22 -432 -143 -259 -445 -403 -238 -196 -490 -493 -70 -334 -511 -200 -84 -183 -124 0
333 -428 -56 -134 -424 -154 -407 -44 -171 -281 -224 -373 -323 -388 -511 -188 -143 -547 -412 -284 -259 0
-172 -200 -115 -100 -259 -388 -84 -91 -472 -490 -445 -403 -70 -341 -523 -334 -238 -432 -412 -154 -281 -511 -143 -196 -493 -183 -157 -1 -541 -451 -402 -459 -22 -174 0
201 -183 -265 -432 -412 -490 -143 -259 -100 -493 -445 -115 -523 -403 -334 -238 -190 -341 -157 0
-172 -183 -100 -259 -388 -84 -91 -472 -490 -445 -403 -70 -341 -523 -334 -238 -432 -412 -154 -281 -511 -143 -196 -493 -115 -157 -1 -541 -451 -402 -459 -22 -174 0
181 -333 -264 -100 -493 -432 -115 -523 -259 -251 -126 0
182 -475 -541 -1 -291 -412 -126 0
-183 -412 -511 -442 -143 -259 -100 -493 -432 -115 -523 -541 -1 -196 -84 -490 -445 -403 -70 -341 -334 -238 -451 -157 -388 -91 -472 -154 -281 -402 -459 -22 -174 -265 -190 0
571 -541 -1 -341 -451 -157 -511 -442 -143 -100 -493 -115 -523 -84 -490 -445 -70 -334 -388 -91 -472 -154 -281 -402 -22 -265 -190 -569 -64 -343 -214 0
239 -403 -571 0
240 -403 -571 0
405 -183 -100 -493 -523 -126 -1 -235 -475 -143 -259 -541 -412 -214 -490 -571 -445 0
-183 -126 -172 -1 -541 -475 -157 -341 -412 -571 -403 -100 -493 -523 -235 -143 -259 -214 -490 -445 0
-126 -475 -1 -451 -541 -341 -412 -157 -172 -571 -403 -100 -493 -523 -235 -143 -259 -214 -490 -445 0
413 -537 -115 -100 -250 -200 -259 -341 -571 -475 -331 0
-475 -172 -115 -100 -472 -541 -259 -1 -571 -412 -341 -493 -523 -157 -451 -403 -235 -143 -214 -490 -445 0
125 -441 -129 -190 -402 -235 -213 -250 -387 -115 -100 -186 -111 -493 -333 -334 -523 -183 -157 0
414 -151 -442 -402 -171 -424 -472 -250 -115 -100 -493 -334 -523 -157 -129 -190 -235 -281 -373 -526 -511 -490 -143 -259 -445 -290 -403 -214 -571 0
197 -107 -500 -110 -80 -171 -134 -488 -314 -268 -1 -350 -22 -57 -556 -429 0
125 -429 -497 -198 -500 -110 -80 -171 -488 -314 -268 -1 -350 -22 -556 -424 -472 -115 -100 -535 -493 -334 -58 -523 -157 0
181 -419 -402 -235 -250 -386 -115 -100 -110 -493 -334 -523 -157 -497 -198 -500 -80 -171 -488 -268 -1 -22 -424 -472 -373 -526 -511 -285 -143 -259 -185 -332 0
475 -259 -157 -402 -235 -115 -100 -493 -523 -1 -22 -472 -526 -511 -143 -334 -490 -445 -403 -571 -412 -442 -190 -281 -214 -451 -341 0
159 -259 -493 -115 -523 -412 -143 -100 -541 -1 -475 -571 -445 -451 -403 -199 -235 -214 -490 0
181 -333 -571 -100 -493 -412 -115 -523 -259 -252 -125 0
183 -475 -541 -1 -290 -412 -125 0
-259 -403 -115 -100 -341 -571 -523 -412 -541 -1 -451 -157 -143 -445 -493 -235 -214 -490 -472 -402 -22 -526 -511 -334 -442 -190 -281 0
182 -403 -445 -490 -571 -334 -412 -333 -157 0
413 -403 -334 -445 -157 -490 -182 -571 -333 0
199 -481 -558 -22 -197 -187 -324 -501 -346 -154 -63 -180 -296 -431 -569 -425 -173 0
201 -461 -317 -256 -330 -91 -420 -132 -296 -498 -431 -57 -569 -425 -173 0
476 -324 -100 -472 -537 -558 -22 -197 -187 -115 -501 -154 -63 -180 -296 -431 -569 -200 -317 -256 -330 -91 -420 -132 -498 -541 -488 -1 0
109 -339 -70 -262 -298 -402 -11 -21 -108 0
116 -21 -211 -111 -70 -262 -298 -402 -11 -235 -108 -324 -501 -171 -424 -472 -250 0
483 -408 -235 -211 -135 -324 -268 -187 -151 0
158 -558 -22 -197 -187 -235 -211 -537 -100 -115 -111 -70 -262 -298 -402 -11 -501 -472 -250 -341 -477 -154 -63 -296 -431 -569 -330 -91 -420 -498 -541 -1 -493 -291 -523 -451 -334 -124 -58 0
337 -197 -558 -131 -517 -262 -52 -298 -402 -11 0
-403 -412 -22 -265 -100 -115 -402 -493 -523 -334 -157 -70 -472 -341 -154 -569 -91 -541 -1 -451 -490 -445 -214 -571 -235 -307 -143 -526 -511 -442 -190 -281 0
197 -80 -500 -110 -107 -134 -488 -171 -268 -1 -22 -57 -556 -373 -526 -511 -186 -143 -259 -445 -490 -338 -402 -383 -422 0
109 -213 -281 -190 -556 -407 -195 -186 -143 -259 -318 -134 -432 -526 -369 -84 -263 -121 -402 -276 -338 -519 -107 0
-259 -519 -526 -186 -143 -445 -490 -110 -281 -190 -407 -195 -318 -134 -432 -84 -402 -107 -418 -496 -131 -198 -500 -1 -22 -511 -383 -422 -476 -341 -451 -201 -472 -250 -115 -100 -536 -261 0
159 -418 -143 -526 -445 -490 -281 -190 -84 -402 -307 -496 -1 -22 -511 -341 -451 -472 -115 -100 -493 -523 -160 -412 -214 -571 -70 -334 -238 0
109 -118 -91 -256 -84 -431 -264 -518 0
-259 -132 -197 -518 -442 -526 -511 -143 -402 -445 -490 -108 -111 -91 -256 -84 -39 -477 -341 -472 -537 -200 -115 -571 -100 -493 -412 -523 181 -333 -125 -260 0
199 -461 -39 -518 -120 -84 -77 -63 -8 -74 -425 -341 0
117 -387 -477 -541 -341 -200 -39 -518 -84 -63 -8 -180 -516 -486 -91 -548 -569 -256 -5 -431 -1 -472 -194 -100 0
110 -108 -111 -70 -21 -262 -402 -235 -324 -501 -472 -250 -341 -200 -115 -477 -541 -39 -518 -84 -63 -8 -180 -516 -486 -91 -548 -569 -256 -5 -431 -1 -194 -100 -285 -445 -490 0
-412 -91 -523 -451 -341 -281 -22 -402 -472 -115 -569 -84 -70 -235 -541 -1 -100 -445 -490 -143 -442 -526 -511 -571 -493 -214 -334 -157 -190 -307 -265 -154 0
200 -259 -154 -511 -442 -143 -499 -445 -475 -1 -571 -541 -214 -331 -341 -181 -451 -157 0
201 -80 -442 -70 -91 -490 -499 -445 -363 -569 -488 -259 -1 -571 -541 -214 -290 -331 -334 -181 -341 -157 0
-518 -118 -84 -52 -172 -541 -341 -1 -451 -475 -91 -431 -264 109 0
-259 -541 -84 -341 -1 -451 -475 -91 -490 -445 -571 -214 -334 -331 -157 -181 -569 -499 -115 -472 -442 -70 -363 -154 -511 -143 0
519 -133 -112 -170 -91 -45 -258 -363 -223 -461 -84 -431 -442 -262 -217 -70 -52 0
574 -442 -363 -84 -526 -154 -490 -445 -1 -214 -451 -334 -341 -307 -143 -569 -115 -472 -511 -523 -281 -22 -402 -235 -100 -493 -190 -265 -388 -64 -343 0
476 -181 -333 -431 -125 -158 -91 -574 -541 -462 -1 0
477 -290 -91 -574 -462 -171 -541 -341 -1 0
181 -70 -451 -341 -281 -22 -402 -472 -115 -569 -84 -91 -235 -541 -1 -100 -445 -490 -143 -442 -526 -511 -523 -493 -214 -334 -190 -307 -265 -154 -388 -64 -343 0
-157 -70 -341 -1 -451 -259 -91 -490 -445 -541 -214 -334 -569 -115 -472 -442 -84 -363 -154 -511 -143 -523 -281 -22 -402 -235 -100 -526 -493 -190 -307 -265 -388 -64 -343 0
576 -291 -258 -541 -91 0
-70 -125 -1 -541 -91 -569 -431 -333 -341 -451 -259 -490 -445 -214 -334 -115 -472 -442 -84 -363 -154 -511 -143 -523 -281 -22 -402 -235 -100 -526 -493 -190 -307 -265 -388 -64 -343 0
519 -52 -109 0
573 -404 -239 0
110 -511 -152 -200 -226 -252 -100 -115 -133 -259 -143 -185 -216 -571 -239 -445 -490 -106 0
518 -274 -52 0
-256 -118 109 -84 -431 -91 -258 0
199 109 -475 -84 -541 -341 -1 -451 -91 -431 -258 -170 0
215 -197 -272 -490 -428 -445 -438 -219 -239 -571 -39 0
572 -369 -445 -259 -143 -497 -299 -402 -30 -263 0
519 -212 -156 -402 -143 -189 -445 -239 -571 -259 -497 -30 -39 -216 -272 -490 -428 -438 -461 -132 -84 -52 0
446 -212 -138 -310 -259 -143 -531 -329 -497 -571 -490 -403 -239 0
109 -132 -571 -445 -138 -259 -143 -531 -490 -239 -189 -84 -70 -156 -402 -216 -272 -461 -133 -57 -170 -425 -341 -200 -475 -541 -1 -451 -91 -431 -258 0
405 -311 -138 -213 -531 -496 0
508 -317 -523 -9 0
199 -589 -583 -115 -341 -252 0
110 -133 -596 -138 -170 -341 -200 -115 -252 -216 -143 -571 -239 -445 -374 -490 -106 -152 -226 -100 -259 -185 0
-404 -285 -335 -110 -170 -571 -445 -138 -259 -143 -531 -490 -239 -189 -84 -70 -156 -402 -216 -272 -461 -133 -57 -425 -341 -200 -475 -541 -1 -451 -91 -258 -115 -252 -431 -515 -405 0
109 -335 -571 -445 -138 -259 -143 -531 -490 -239 -189 -84 -70 -156 -402 -216 -272 -461 -133 -57 -170 -425 -341 -200 -475 -541 -1 -451 -91 -431 -258 0
53 -374 -314 -531 -272 -84 -259 -143 -285 -91 -189 -258 -198 -461 -130 -519 0
332 -475 -259 -143 -84 -91 -431 -445 -490 -70 -341 -402 -541 -1 -451 -115 -100 -157 -181 0
291 -475 -115 -472 -251 -1 -201 -541 -451 0
54 -518 -336 -111 -132 0
-518 -132 -336 -111 -53 0
-239 -336 -262 -259 -188 -571 -143 -186 -445 -490 -516 -240 0
111 -186 -143 -259 -445 -213 -490 -113 0
517 -111 -54 0
-475 -331 -259 -445 -490 -70 -1 -341 -91 -541 -451 -115 -472 -157 -431 -181 -143 -84 -402 -100 0
414 -331 -181 0
-331 -70 -259 -445 -490 -181 -1 -341 -91 -541 -451 -115 -472 -157 -431 -143 -84 -402 -100 0
182 -475 -472 -115 -1 -541 -451 -412 -157 0
183 -571 -404 -412 -157 0
-571 -88 -184 -259 -118 54 -518 -461 -341 -412 -157 -472 -115 -1 -541 -451 -181 -404 0
-52 -53 -115 -451 -341 -472 -1 -541 -412 -157 -181 -184 -259 -84 -445 -490 -109 -195 0
-571 -557 -205 -367 -518 -111 -53 -461 -157 -472 -115 -1 -541 -451 -412 -181 -573 -404 0
-53 -109 -472 -115 -1 -541 -451 -412 -181 -84 -70 -157 -490 -402 -445 -143 -259 -184 -264 -341 -195 0
-571 -544 -472 -84 -115 -217 -442 -1 -558 -541 -462 -341 -547 -412 -515 -132 -451 -445 -157 -490 -333 -181 -572 0
-109 -412 -115 -341 -541 -1 -100 -451 -181 -157 -472 -84 -547 -445 -490 -333 -259 -184 -143 -70 -402 -264 -195 0
182 -571 -412 -157 -445 -490 -334 -333 0
-571 -334 -445 -157 -490 -333 -412 -181 0
405 -334 -490 -445 -472 -157 -115 -403 -238 -430 -84 -214 -70 -332 -412 -451 -341 -1 -541 -181 0
-70 -451 -115 -84 -341 -91 -541 -1 -100 -181 -490 -157 -445 -472 -259 -143 -402 -431 0
404 -571 -238 0
-412 -571 -238 -157 -181 0
-239 -571 -259 -143 -341 -115 -402 -445 -490 -100 -431 -1 -541 -91 -451 -574 -181 -157 -238 0
-571 -451 -91 -115 -472 -1 -541 -431 -574 -181 -157 -259 -143 -341 -402 -445 -490 -100 -238 0
240 -412 -490 -91 -431 -445 -574 -181 -403 -157 0
-451 -402 -541 -472 -115 -1 -157 -181 -490 -91 -431 -445 -259 -143 -341 -100 -84 0
591 -465 -598 -226 -100 -115 0
-412 -571 -541 -1 182 -126 -133 -226 -100 -115 -336 -106 -490 -585 -143 -259 -445 -269 -157 -181 0
-239 -404 -216 -161 -571 -240 0
239 -109 -490 -445 -259 -143 -186 -189 -558 -262 -571 -70 0
-571 -240 -143 -445 -259 -490 -115 -84 -472 -425 -431 -91 -322 -171 -576 -289 -79 -541 -487 -1 -477 182 -126 -133 -226 -100 -336 -106 -585 -269 -157 -181 0
110 -64 -120 -84 -133 -171 -519 -336 -111 -106 0
291 -133 -171 -120 -84 -111 -336 -106 -387 -100 -115 -71 -195 -576 -162 -541 -214 0
451 -157 -100 -115 -1 -472 -541 -91 -490 -445 -431 -181 -143 -259 -84 -341 0
-412 183 -84 -115 -571 -1 -541 -341 -451 -445 -157 -490 -181 -259 -143 -431 -472 0
111 -589 -226 -100 -115 -252 -339 -335 -106 0
-403 -329 -138 -531 -259 -143 -445 -310 -497 -571 -490 -212 -239 -404 0
447 -241 -472 -442 -49 -374 -352 -293 -458 -438 -325 -381 -361 -286 -246 -72 -592 -575 -91 -122 -297 -197 -516 -189 -490 -259 -143 -186 0
519 -535 -152 -471 -100 -138 -212 -490 -259 -143 -445 -472 -49 -374 -293 -438 -575 -91 -189 -272 -369 -497 -239 -531 -571 -404 -270 -421 -397 -120 -27 -382 -132 -84 -431 -30 -218 -52 0
-404 -548 -596 -523 -138 -259 -143 -445 -490 -431 -258 -91 -369 -575 -239 -531 -571 -84 -152 -100 -472 -374 -293 -189 -272 -421 -27 -30 -133 -335 -226 -115 -252 -339 -106 -57 -170 -425 -341 -173 -200 -185 -216 0
519 -132 -198 -285 -189 -300 -52 0
109 -285 -189 -198 -300 -57 -425 -200 -335 -475 -84 -541 -341 -1 -451 -91 -431 -258 -170 0
183 -239 -100 -259 -143 -115 -84 -91 -541 -1 -431 -571 -445 -490 -341 -472 -157 -181 0
110 -519 -513 -523 -27 -528 -84 -197 -226 -100 -115 -111 -336 -583 -106 0
-519 -189 -541 -451 -289 -322 -115 -472 -251 -201 -1 -413 -181 -197 -548 -484 -336 -111 -513 -523 -27 -528 -84 -226 -100 -583 -106 0
342 -591 -215 -289 -583 -451 0
52 -215 -541 -451 -115 -472 182 -157 -341 -1 -583 -100 -571 -259 -143 -186 -445 -490 -239 -516 -111 0
-404 182 -541 -451 -115 -472 -431 -157 -341 -1 -100 -571 -259 -143 -445 -490 -239 -181 -27 -84 0
-239 -571 -431 -115 -472 -1 -541 -490 -91 -445 -157 -341 -100 -259 -143 -181 -84 0
-571 -157 -259 -445 -490 -91 -1 -341 -541 -431 -115 -472 -181 -143 -100 -84 0
240 -30 -115 -259 -1 -431 -341 -541 -214 -412 -490 -143 -451 -445 -181 -403 -157 0
-157 -143 -84 -100 -115 -541 -431 -341 -181 -490 -472 -1 -445 -259 -91 0
342 -451 -199 0
414 -475 -541 -91 -1 -124 -431 -158 -181 -574 0
110 -213 -197 -556 -499 -169 -84 -111 -387 -388 -5 -548 -485 -334 0
-258 -460 -475 -541 -1 -574 -256 -291 -91 0
-460 -256 -541 -475 -574 -91 -1 -291 0
109 -274 -91 -256 -84 -431 -118 -264 0
183 -291 -499 -169 -84 -111 -334 -259 -143 -186 -445 -490 -91 -431 -264 -541 -475 -574 -1 -197 -160 -215 -331 -124 -58 0
290 -256 -91 -541 -574 0
517 -217 -442 -61 -73 -374 -180 -313 -555 -312 -318 -94 -330 -197 -207 -132 -84 -274 -111 0
542 -528 -197 -132 -274 -109 -442 -61 -374 -180 -313 -555 -94 -330 -84 -111 -367 -418 -39 -496 -169 -118 -426 -91 -475 -574 -1 0
-291 -197 -91 -574 -541 -341 -1 -475 -84 -61 -111 -418 -496 -169 -472 -115 -160 -215 -259 -143 -186 -445 -490 -334 -431 -264 -331 -58 -181 -499 -124 0
-239 -111 -259 -143 -445 -490 -84 -431 -91 -58 -574 -1 -199 -181 -541 -451 -124 -341 -334 -472 -115 -414 -571 -238 0
110 -130 -274 -111 -334 0
109 -274 0
182 -333 -414 0
332 -311 -530 -10 -449 -349 -557 -458 -375 -88 -224 -501 -547 -414 0
54 -530 -284 -414 -185 -188 -10 -557 -224 -547 -58 -181 -113 -216 -91 -574 477 -541 -341 -1 -291 -120 -84 -431 -274 -263 0
543 -188 -284 -224 -115 -442 -160 -216 -91 -574 -541 -341 -1 -291 -431 -263 -111 -414 -185 -10 -557 -547 -58 -181 -84 -274 -475 0
-274 -291 -181 -414 -127 -100 -84 -115 -160 -431 -91 -71 -541 -475 -574 -1 -58 -216 -341 -263 -111 -185 -515 -445 -198 -490 -334 0
-291 -160 -414 -124 -431 -541 -475 -574 -91 -1 -127 -100 -84 -115 -181 -71 -58 -216 -341 -263 -111 -185 -515 -445 -198 -490 -334 0
-111 -451 -431 -91 -1 -181 -541 -84 -100 -115 -341 -445 -490 -259 -571 -143 -472 0
374 -349 -313 0
331 -153 -100 -386 -442 -375 -313 -285 -131 -274 -160 -39 -54 -214 -323 -264 -571 -501 -259 -414 -185 0
453 -488 -80 0
591 -354 -526 -428 -594 -438 -524 -494 -587 -599 -472 -100 -115 0
138 -235 -211 0
-235 -211 -136 0
235 -344 -471 -596 -42 0
283 -235 -323 -188 0
276 -518 -111 0
215 -375 -284 -185 -225 -270 -442 -260 -196 -422 -219 -571 -382 -39 0
432 -521 -293 -496 -317 -76 -509 -387 -6 -571 -238 -196 -284 -185 -225 -442 -422 -219 -134 -113 -475 -169 -1 -118 -541 -91 -574 -262 -256 -291 0
575 -73 -521 -293 -429 -496 -418 -212 -113 -310 -169 -1 -118 -541 -91 0
198 -284 -113 -134 -185 -323 -88 -499 -475 -169 -1 -118 -541 -91 -574 -521 -293 -496 -317 -76 -100 -115 -509 -387 -193 -6 -571 -238 -214 0
-445 -219 -475 -148 -127 -100 -185 -115 -111 -414 -181 -84 -431 -91 -274 -541 -574 -58 -291 -341 -490 -334 -516 -571 -225 -134 -323 -499 -169 -293 -6 -238 -422 -1 -262 -256 -390 0
-403 -571 -238 0
212 -594 -311 -524 -21 -25 -400 -537 -496 -367 -100 -418 -385 0
444 -44 -445 -438 -577 -247 0
213 -577 -319 -438 -279 -445 -596 -225 -375 -107 -337 -558 -94 -400 -205 -367 -471 -418 -385 0
-100 -219 -225 -153 -438 -156 -347 -426 -488 -80 -115 -385 -211 -319 -279 -375 -558 -471 -174 -459 -286 -30 -262 -194 -431 -297 -516 -475 -148 -127 -185 -111 -414 -181 -84 -91 -274 -541 -574 -58 -291 -341 -334 -571 -134 -323 -499 -169 -293 -6 -238 -422 -1 -256 -390 0
430 213 -319 -438 -445 -596 -225 -375 -107 -390 -558 -94 -400 -205 -367 -471 -418 -385 575 -293 -429 -496 -212 -113 -310 -169 -1 -118 -541 -91 -252 -180 -115 -194 0
-577 -12 -491 -516 -445 -319 -438 -279 -596 -225 -375 -107 213 -558 -94 -400 -205 -367 -471 -418 -385 0
-387 -219 -496 -76 -6 -571 -238 -196 -185 -225 -422 -293 -134 -113 -475 -169 -1 -118 -541 -91 -574 -262 -256 -291 -328 -491 -390 -516 -319 -438 -596 -375 -107 -558 -205 -471 -385 -431 575 -429 -252 -180 -115 -194 -30 -459 -530 -56 -211 0
216 -375 -524 -225 -211 -127 -30 -431 -516 -6 -571 -238 -185 -422 -293 -134 -475 -169 -1 -541 -91 -574 -256 -291 -390 -438 -558 -471 575 -252 -115 -459 -530 -56 -153 -156 -347 -426 -488 -80 -174 -148 -111 -414 -181 -84 -274 -58 -341 -334 -323 -499 0
2 -185 -422 -225 -571 -323 -111 -115 -91 -574 -541 -341 -1 -291 -431 -414 -547 -58 -181 -84 -274 -475 -516 -524 -127 -6 -238 -293 -134 -169 -256 -390 -252 -148 -334 -499 0
212 -192 -600 -101 -385 -136 0
198 -152 -600 -312 -134 -136 -113 -115 -193 -6 -160 -214 -185 -571 -557 -187 0
332 -134 -475 -148 -127 -115 -111 -414 -181 -84 -431 -91 -274 -541 -574 -58 -291 -341 -334 -323 -169 -238 -422 -1 -256 -547 -524 -252 0
212 -481 -438 -375 -271 -530 -349 -270 -205 -311 -367 -418 -138 0
-571 -385 -438 -375 -107 -94 -205 -367 -471 -279 -30 -451 -341 -426 -271 -292 -530 -56 -18 -491 -496 -184 -211 -270 -311 -138 -39 -189 -214 -196 -572 -238 0
216 -482 -600 -101 -153 -148 -422 -590 -383 0
283 -162 -600 -101 -115 -195 -153 -214 -148 -422 -383 -583 -189 -143 0
260 -354 -153 -311 -148 -530 -438 -270 -271 -205 -367 -189 -285 -600 -101 -115 -195 -214 -422 -583 -403 -238 -71 -518 -109 -53 -30 -264 0
483 -349 -375 -107 -153 -591 -227 -115 -101 -536 0
213 -259 -153 -375 -107 -227 -115 -196 -189 -583 -600 -184 -311 -148 -530 -438 -270 -271 -205 -367 -195 -214 -422 -403 -238 -71 -518 -109 -53 -30 -264 -292 -18 -471 -385 0
-385 -547 -438 -375 -238 -153 -496 -148 -530 -270 -311 -491 -138 -211 -107 -227 -115 -196 -189 -583 -600 -184 -271 -205 -367 -195 -214 -422 -71 -518 -109 -53 -30 -264 -292 -18 -471 -94 -279 -451 -341 -426 -56 -39 -572 0
482 -211 -317 -41 -311 -270 -153 0
481 -317 -211 -311 -41 -530 -148 -153 0
212 -352 -271 -205 -530 -367 -311 -317 -138 0
-571 -223 -43 -196 -447 -572 -238 0
446 -495 -30 -518 -264 -71 -111 -537 -100 -115 -195 -25 -594 -4 -380 -344 -507 -547 -443 -496 -223 -579 -403 -285 -43 0
312 -352 -341 -451 -252 -271 -344 -205 -516 -367 -25 -238 -71 -109 -30 -264 -259 -184 -285 -447 -111 -537 -100 -115 -195 -4 -380 -547 -443 -496 -223 -579 -403 -43 -524 -211 -317 0
248 -271 -205 -367 -530 -317 -311 -341 -451 -252 -344 -516 -25 -238 -71 -109 -30 -264 -184 -447 -111 -537 -100 -115 -195 -4 -547 -496 -579 -524 -211 -196 -572 -138 -279 -438 -375 0
183 -256 -111 -115 -541 -91 -1 -574 -341 -291 -475 -431 -414 -181 -84 -274 0
531 -85 -324 -499 -211 -91 -574 -290 -462 -541 -341 -1 -418 -475 -496 0
310 -211 -499 -491 -169 -328 -135 -295 -118 -205 -113 -91 -367 -549 -574 -418 -541 -496 -1 -324 -290 -462 -341 -475 0
312 -387 -238 -196 -571 -214 -193 -115 -475 -100 -1 -549 -541 -470 -574 -295 -559 -91 -313 -118 0
102 -494 -19 -186 -29 -557 -402 -196 -439 -571 -127 -214 -190 -160 -193 -115 0
213 -211 -196 -238 -214 -491 -193 -115 -100 -186 -127 -475 -525 -91 -574 -290 -462 -541 -341 -1 -571 -313 -118 -310 -549 -295 -559 -205 -367 -135 -113 0
514 -6 -386 -549 -491 0
194 -310 -324 -135 -1 -499 -113 -541 -475 -169 -574 -118 -91 -295 -386 -549 -491 -196 -404 -571 -600 -214 -100 -160 -115 0
311 -101 -463 -107 -115 -591 -537 -380 -186 -442 -558 -225 -39 -475 -91 -574 -290 -462 -541 -341 -1 -169 -313 -118 0
-211 -100 -169 -135 -118 -238 -196 -571 -214 -193 -115 -475 -113 -1 -549 -541 -574 -295 -559 -91 -313 -463 -107 -186 -290 -462 -341 -491 -324 -499 -600 -94 -205 -367 -127 -525 -328 0
310 -100 -600 -115 -385 -193 -186 -160 -557 -214 -196 -571 -549 -404 -516 -491 -85 -328 -136 -367 -418 -496 -531 0
102 -152 -148 -486 -186 -549 -557 -223 -187 -196 -571 -214 -160 -193 -115 0
-100 -193 -324 -135 -1 -499 -113 -541 -475 -169 -574 -118 -91 -295 -549 -491 -196 -571 -600 -214 -115 -486 -186 -313 -328 -367 -88 -290 -462 -341 -238 -559 -463 -107 -94 -205 -127 -525 0
194 -214 -589 -160 -115 0
-256 -341 -1 -541 -475 -574 -91 -115 -274 -111 -431 -414 -181 -291 -84 0
256 -475 -1 -541 -461 -291 0
93 -341 -91 -1 -475 -574 -115 -274 -111 -541 -291 -84 -159 0
483 -152 -265 -15 0
213 -418 -189 -537 -186 -558 -205 -367 -483 0
151 -60 -107 -314 -135 -374 -248 -15 0
183 -332 -413 0
59 -183 -159 0
58 -183 -159 0
-341 -212 -189 -537 -186 -558 -159 -413 -265 -15 -475 -430 -310 -91 -574 -541 -1 -115 -274 -111 -291 -84 0
341 -451 -159 -413 -475 -251 0
-310 -186 -159 -537 -413 -571 -558 -549 -225 -387 -189 -341 -265 -15 -475 -430 -91 -574 -541 -1 -115 -274 -111 -291 -84 0
-186 -341 -225 -5 -549 -537 -328 -558 -367 -189 -239 -404 -496 -159 -413 -571 -387 -15 -265 -475 -430 -91 -574 -541 -1 -115 -274 -111 -291 -84 0
-574 -549 -225 -159 -39 -5 -537 -328 -558 -367 -189 -239 -404 -496 -413 -571 -387 -15 -265 -475 -430 -91 -541 -1 -115 -274 -111 -291 -84 -251 0
-332 -182 -413 0
-549 -367 -558 -404 -496 -189 -265 -15 -1 -475 -413 -251 -159 -291 -91 -486 -430 -225 -39 -5 -537 -328 -239 -571 -387 -541 -115 -274 -111 -84 0
-574 -186 -367 -496 -571 -159 -1 -413 -541 -430 -91 -291 -189 -537 -212 -558 -265 -15 -475 -341 -508 -115 -274 -111 -84 0
-186 -341 -496 -1 -212 -475 -413 -251 -470 -159 -367 -291 -91 -558 -430 -571 -541 -189 -537 -265 -15 -508 -115 -274 -111 -84 0
-574 -285 -225 -511 -15 -189 -341 -571 -159 -333 -265 -413 -475 -430 -91 -541 -1 -291 -115 -274 -111 -84 0
-341 -212 -189 -413 -251 -159 -291 -91 -430 -225 -511 -15 -571 -333 -265 -475 -541 -1 -115 -274 -111 -84 -496 -470 -367 -558 -537 -508 0
-367 -413 -430 -291 -475 -159 -251 -189 -91 -225 -511 -15 -571 -265 -541 -1 -115 -274 -111 -84 -496 -558 -537 -387 -5 -404 -486 -39 -328 -239 0
161 -473 -49 -251 -541 -15 -1 -430 -291 -475 -91 -571 -115 -274 -111 -84 -537 -387 -196 -590 -214 0
375 -349 -313 0
373 -248 -152 -15 -571 -196 -572 -447 -238 0
187 -483 -486 -312 -152 -549 -313 -374 -15 -571 -196 -572 -238 -186 -537 -531 0
556 -483 -312 -525 -25 -30 -367 -135 -15 -387 -152 -491 -571 -196 -572 -238 -20 -528 -537 -285 -374 -313 -186 0
223 -318 -525 -76 -312 -6 -313 -549 -374 0
536 -402 -387 -30 -127 -491 -439 -511 -445 -152 -285 -483 -186 0
-483 -20 -312 -525 -25 -30 -135 -113 -528 -186 -537 -387 -127 -491 -152 -374 -76 -6 -313 -549 -367 -205 -15 -571 -196 -572 -238 -486 -531 0
-574 -413 -590 -15 -537 -387 -6 -571 -196 -572 -1 -475 -541 -91 -290 -159 -341 -115 -274 -111 -291 -84 0
-413 -159 -590 -15 -537 -387 -6 -571 -196 -572 -1 -475 -541 -91 -290 -341 -115 -274 -111 -291 -84 0
-574 -576 -91 -1 -475 -341 -115 -274 -111 -541 -291 -84 -159 0
-159 -341 -541 -1 -475 -290 -91 -251 -115 -274 -111 -291 -84 -590 -15 -537 -387 -6 -571 -196 -572 0
436 -294 -459 -18 -470 -269 -278 -134 0
151 -483 -436 -15 0
-483 -269 -422 -150 -153 -436 -15 0
-341 -15 -91 -475 -1 -541 -291 -430 -600 -290 -251 -115 -274 -111 -84 -590 -537 -387 -6 -571 -196 -572 0
151 -219 -381 -205 -367 -94 -401 -63 -263 -584 -261 -590 -186 -64 -537 -135 -483 -15 0
-159 -483 -530 -428 -56 -15 -381 -205 -367 -94 -590 -537 -346 -500 -38 -118 -91 -256 -12 -430 -107 573 -451 341 -475 -251 0
-483 -557 -205 -537 -530 -15 -500 -113 -118 -91 -256 -430 -335 -124 -428 -56 -381 -367 -94 -590 -346 -38 -12 -107 573 -451 341 -475 -251 0
-159 -530 -111 -274 -311 -118 -91 -256 -430 -422 573 -451 341 -475 -251 0
116 -100 -111 -274 -475 -541 -1 -291 -115 -84 -571 -196 -214 -160 -195 -91 0
-183 -285 -341 -451 -269 -591 -22 -188 -558 -261 -196 375 -571 -107 -413 -182 -159 0
-182 -159 -1 -541 -475 -91 -115 -274 -111 -341 -291 -84 -124 -451 -269 -591 -22 -188 -196 375 -571 -413 -184 0
482 -184 -571 -160 -214 -91 -341 -1 -475 -115 -274 -111 -541 -291 -84 -591 -196 -599 -265 -151 0
181 -189 -285 -196 -184 -571 -414 0
158 -451 -291 -341 -181 0
-159 -158 -91 -1 -475 -341 -115 -274 -111 -541 -291 -84 -576 0
535 -341 -111 -91 -1 -475 -196 -115 -274 -541 -291 -84 -571 -591 -265 -15 -160 -214 -599 -151 0
158 -181 -291 -341 0
-181 -182 -1 -475 -541 -91 -115 -274 -111 -341 -291 -84 -159 0
481 -449 -12 -273 -384 -501 -423 -135 -436 -324 -270 -249 -189 0
-413 -135 -436 -324 -483 -12 -423 -559 -118 -91 -256 -195 -205 -599 -160 -111 -518 -53 -541 -214 -196 -151 -1 -186 -571 -475 -182 -412 0
-182 -159 -341 -151 -1 -475 -436 -91 -195 -599 -160 -111 -541 -214 -196 -186 -571 -252 -483 -115 -274 -291 -84 0
482 -549 -525 -312 -313 -160 -374 -214 -367 -38 -196 -557 -249 -571 -91 -341 -1 -475 -115 -274 -111 -541 -291 -84 -591 -599 -265 -151 0
573 -516 -549 -491 -160 -386 -214 -404 0
-295 -499 -531 -312 -491 -169 -328 -135 -118 -205 -113 -91 -367 -549 -574 -418 -541 -496 -1 -324 -290 -462 -341 -475 -150 -386 -486 -374 -313 -160 -557 -214 -196 -571 -404 -296 0
269 -150 -531 -423 -312 0
-414 -278 -436 -269 -249 -180 -483 -525 -312 -313 -160 -374 -214 -38 -196 -571 -91 -341 -1 -475 -115 -274 -111 -541 -291 -84 -591 -599 -265 -151 -531 -169 -328 -135 -574 -418 -496 -324 -462 -150 -386 -486 -404 -296 -500 182 0
-159 -483 -196 -571 -160 -214 -91 -341 -1 -475 -115 -274 -111 -541 -291 -84 -591 -599 -265 -151 -436 -386 -195 -186 -252 0
-341 -265 -252 -291 -214 -571 -196 -111 -160 -91 -1 -115 -274 -541 -84 -591 -599 -475 -151 -436 -386 -195 -536 -15 0
270 -134 -60 -200 -159 0
157 -452 -291 -91 -541 -256 -200 0
290 -182 -195 -571 -160 -256 -214 0
529 -353 -428 -497 -56 0
-353 -428 -56 -497 -530 0
158 -182 -571 -414 -536 -482 -375 -248 -436 -56 -530 -591 -214 -196 -124 0
-182 -367 -160 -386 -214 -491 -205 -530 -149 -571 -196 -599 -414 -111 -518 -53 -335 -157 -536 -482 -375 -248 -436 -56 -591 -200 -452 -291 -195 -256 0
-15 -252 -160 -386 -214 -571 -196 -599 -111 -536 -591 -291 -195 -91 -541 -1 -475 -115 -274 -84 -14 0
-413 -200 -559 -135 -118 -438 -91 -256 -463 -267 -195 -599 -160 -111 -518 -53 -541 -214 -196 -153 -1 -571 -475 -412 -182 0
-159 -341 -196 -571 -536 -91 -267 -438 -591 -541 -214 -386 -1 -475 -195 -599 -160 -111 -153 -182 -115 -274 -291 -84 0
-341 -182 -571 -196 -252 -111 -475 -536 -91 -267 -438 -591 -541 -214 -386 -1 -195 -599 -160 -153 -115 -274 -291 -84 0
183 -157 -124 0
-159 -482 -386 -153 -559 -491 -118 -268 -381 -91 -18 -438 -294 -464 -56 -428 -530 -107 -240 -216 -571 -161 -58 -183 -157 0
-436 -482 -153 -160 -386 -214 -491 -205 -182 -530 -571 -196 -599 -414 -111 -518 -53 -335 -157 -536 -367 -375 -56 -591 -200 -452 -291 -195 -256 -438 0
-182 -153 -91 -160 -386 -214 -571 -196 -599 -111 -536 -591 -291 -195 -438 -267 -541 -1 -475 -252 -115 -274 -84 0
-159 -153 -475 -438 -1 -541 -91 -115 -274 -111 -291 -84 -158 -267 -251 -413 -599 -59 -183 0
-100 -160 -214 -196 -291 -111 -475 -1 -541 -91 -115 -274 -84 -571 -195 0
387 -354 -496 -57 -429 -404 -12 -87 -548 -234 -491 -5 0
469 -270 -384 -173 -423 -200 -570 -293 -135 -17 0
483 -496 -57 -429 -404 -12 -87 -548 -491 -5 -385 -135 -471 -384 -173 -423 -200 -570 -293 -17 -152 0
-413 -423 -200 -135 -113 -324 -491 -385 -559 -337 -118 -250 -91 -115 -256 -267 -195 -598 -160 -131 -111 -518 -53 -541 -214 -196 -1 -571 -475 -412 -182 0
-482 -483 -18 -153 -559 -491 -118 -159 -91 -294 -464 -56 -428 -530 -107 -240 -216 -571 -161 -183 -157 -426 -6 -549 -335 -437 -598 -13 -397 0
482 -135 -64 -437 -590 -267 -153 0
-183 -159 -1 -475 -91 -541 -115 -274 -111 -291 -84 -571 -196 -195 -214 -160 -182 0
-159 -182 -91 -541 -1 -475 -115 -274 -111 -291 -84 -571 -196 -195 -214 -160 0
481 -436 -205 -268 -598 -500 -530 -422 -557 -323 -150 -13 -188 -153 0
-436 -482 -134 -113 -38 -170 -557 -500 -186 -323 -535 -188 -375 -205 -268 -598 -530 -422 -150 -13 -153 0
-482 -381 -375 -224 -188 -323 -91 -500 -118 -170 -113 -134 -38 -557 -186 -535 -205 -268 -598 -530 -422 -150 -13 -153 0
199 -576 -518 -94 -91 -205 -256 -367 -432 -195 -214 -160 -115 573 -56 -428 -530 -153 -422 -150 -113 -134 -375 -224 -188 -323 -500 -118 -557 -186 -535 -598 -13 -397 -426 -342 0
481 -436 -205 -598 -500 -530 -422 -557 -323 -150 -13 -188 -153 0
483 -352 -205 -557 -436 -500 -186 -134 -323 -535 -269 -188 0
-182 -160 -91 -195 -115 -475 -1 -541 -291 -214 -111 -571 -196 -274 -84 0
133 -278 -196 -91 -1 -475 -115 -274 -111 -541 -291 -84 -195 -571 -214 -160 -483 -267 -153 -438 0
159 -125 -214 -196 -291 -111 -518 -53 -571 0
-483 -153 -91 -1 -475 -115 -274 -111 -541 -291 -84 -195 -571 -214 -160 -196 0
134 -185 -263 -349 -571 -313 -214 -423 -312 -23 -589 -270 -64 0
-153 -160 -196 -291 -91 -541 -214 -1 -475 -115 -274 -111 -84 -195 -571 0
-160 -195 -541 -1 -475 -214 -196 -571 -291 -115 -274 -111 -84 -91 0
572 -213 -483 -248 -436 -153 -475 -591 -58 -157 -131 -111 -518 -53 -403 -196 0
2 -497 -353 -428 0
573 -483 -436 -153 -475 -1 -353 -591 -214 -196 -239 0
133 -483 -113 -248 -436 -153 -475 -591 572 -157 -131 -111 -518 -53 -403 -196 0
-483 -134 -256 -118 -291 -113 -91 -248 -436 -153 -475 -591 -131 -111 -518 -53 -403 -196 -571 -1 -353 -214 0
573 -353 2 -196 -239 0
437 -153 -91 -113 -256 -291 -111 -518 -53 -196 -571 -1 -475 -118 -436 -591 -131 -403 -214 0
-483 -249 -153 -436 -15 0
-248 -65 -107 -591 -571 -436 158 -56 -530 -214 -196 -102 -475 -15 -153 -249 0
149 -421 -486 -59 0
134 -413 -91 -256 -291 -107 -157 -118 -475 -1 -56 -429 -354 -530 -486 -153 -591 -571 -436 158 -214 -196 -102 -15 -249 0
572 -354 -1 -475 -135 -91 -256 -291 -107 -118 -153 -591 -571 -436 -214 -196 -102 -15 -249 -131 -111 -518 -53 -403 0
182 -157 -214 -196 -291 -111 -518 -53 -571 0
-153 -436 -571 -102 -475 -591 -291 -214 -1 -91 -256 -107 -118 -196 -131 -111 -518 -53 -403 -113 0
153 -50 -107 -131 -111 -518 -53 -403 -196 -571 -252 -182 -291 -541 -1 -475 0
14 -463 -228 -265 -102 0
60 -446 -491 -514 -397 -295 -426 -91 -200 -247 -277 -153 -483 -437 -64 -590 -265 -13 -102 -133 -107 0
573 -483 -118 -113 -205 -13 -153 -397 -91 -335 -133 -491 -514 -247 -277 -437 -102 -107 -1 -431 -475 -252 -182 -157 -591 -291 -214 -196 -239 0
-183 -225 -91 -118 -277 -397 -200 -247 -483 -530 -56 -153 -1 -475 -133 -413 -59 -159 -182 0
151 -533 -9 -260 -510 -185 -523 -284 -312 -189 -530 -483 -149 0
152 -266 -483 -13 0
-483 -153 -591 -474 -91 -475 -291 -1 -541 -115 -274 -111 -84 -403 -196 -571 -102 -431 -252 -214 0
476 -496 -403 -571 -426 -412 -1 0
134 -412 -397 -267 -443 -591 -214 -196 -571 -277 -374 -1 -475 -403 -530 -148 -200 -107 -270 -58 0
-183 -530 -438 -205 -270 -481 -461 -374 -475 -571 -189 -196 -111 -518 -53 -113 -133 -397 -267 -443 -591 -214 -277 -1 -403 -148 -107 -252 -182 0
-530 -148 -111 -196 -91 -571 -374 -214 -475 -291 -1 -541 -115 -274 -84 -438 -270 -481 -189 -133 -267 -443 -591 -277 -403 -252 0
-195 -571 -196 -291 -541 -475 -1 -111 -91 -214 -115 -274 -84 0
-182 -499 -64 -488 -159 -291 -91 -541 -251 -413 -475 -1 -115 -274 -111 -181 -84 0
572 -576 -91 -541 -1 -475 -291 -115 -274 -111 -84 -214 -196 -571 -488 -414 0
482 -483 -432 -205 -367 -94 -381 -584 -261 -590 -186 -64 -401 -135 -569 -457 -346 -88 -500 -38 -170 -118 -91 -265 -228 -463 -153 -437 0
-133 60 -91 -432 -491 -514 -397 -256 -426 -200 -153 -446 -437 -64 -590 -265 -107 -205 -367 -94 -381 -584 -261 -186 -401 -569 -457 -346 -88 -500 -38 -170 -118 -268 0
-159 -591 -111 -274 -251 -118 -91 -256 573 -530 -475 -88 -500 -153 -437 -571 -457 -291 -214 -1 -196 -403 -432 -397 -426 -590 -205 -367 -94 -186 -488 -342 -174 0
159 -549 -4 -491 -446 -188 -186 -500 -557 -272 -205 -367 -419 -76 -497 -111 -518 -53 -335 -58 0
477 -571 -274 -91 -475 -111 -291 -214 -1 -196 -541 -115 -84 0
58 -159 -124 0
-157 -159 -483 -214 -196 -571 151 -1 -475 -541 -91 -115 -274 -111 -291 -84 0
-159 -483 -541 -475 -91 -115 -274 -111 -291 -84 -571 -196 -214 -1 151 0
159 -571 -413 -196 -111 -518 -53 -214 -291 0
529 -279 -404 -380 -496 -205 -57 -461 -91 -429 -118 -354 -312 0
134 -436 -205 -380 -401 -458 -384 -404 -293 -423 -496 -150 -531 -57 -91 -429 -118 -461 -268 0
497 -28 -458 -293 -384 -486 -59 -150 -429 -531 -57 0
529 -85 -380 -496 -205 -57 -461 -91 -429 -118 -404 -436 -192 -129 -293 -441 -458 -401 -28 -384 -486 -59 -150 0
438 -277 -293 -327 -353 -458 0
437 -283 -185 -511 -483 -374 -101 -249 -15 0
-436 -483 -295 -118 -461 -548 -75 -180 -293 -458 -185 -511 -91 -374 -101 -249 -15 -76 -268 -486 -423 -150 -531 -380 -496 -205 -57 -429 -404 -192 -129 -441 -401 -384 -59 -239 -113 -135 0
-483 -123 -429 -293 -39 -458 -346 -171 -501 -380 -189 -245 -370 -265 -295 -548 -75 -180 -185 -511 -91 -268 -496 -404 -129 -401 -384 -59 -239 -541 -475 -115 -274 -111 -291 -84 -571 -196 -214 -1 0
-157 -571 -541 -475 -115 -274 -111 -291 -84 -91 -196 -214 -1 0
-483 -571 -475 -91 -115 -274 -111 -291 -84 -541 -196 -214 -1 0
-571 -196 -1 -541 -91 -115 -274 -111 -291 -84 -475 -214 0
-265 -570 -17 -29 -470 -293 -431 -444 -256 -380 -91 -259 -395 -277 -185 -474 -463 -536 -115 -228 14 0
270 -180 -516 -91 -277 -463 -337 -228 -161 -250 -214 -115 -153 482 -135 -64 -437 -17 -29 -470 -293 -431 -444 -256 -259 -395 -185 14 -397 -425 -173 -200 0
498 -277 -118 -205 -196 -91 -324 -511 -185 -463 -153 482 -135 -64 -437 -228 14 -115 -250 -200 -516 -337 -161 -214 -17 -29 -470 -293 -431 -444 -256 -259 -395 -397 -425 -173 -419 -111 -518 -53 0
386 -596 -236 -320 -213 -4 0
-413 -486 -76 -446 -196 -419 -274 -111 -497 -118 -205 -91 -324 -463 -153 -135 -64 -228 -115 -250 -200 -516 -337 -161 -214 -259 -397 -291 -483 -15 -541 -1 -475 -182 -412 0
13 -444 -518 -375 -111 -196 -214 -571 2 -268 -291 -159 -59 -118 -464 -91 -590 -277 -115 -438 -102 0
181 -185 -53 -428 -285 -56 -431 -122 -498 573 -414 -159 0
182 -85 -113 531 -324 -91 -290 -1 -475 477 -571 -159 -214 -196 -291 -111 -518 -53 0
93 -113 -187 -196 -571 -159 -91 -1 -475 477 -214 -291 -111 -518 -470 -59 -115 -352 -149 -312 -118 0
183 -324 -571 -187 -214 -196 -291 -59 -157 0
-157 -226 -102 -111 -599 -106 -59 -159 -571 -187 -214 -196 -291 -488 -171 -342 -201 0
134 -352 -571 -214 -291 -111 -59 -102 -599 -159 -187 -464 -277 -118 -91 -1 -475 477 -518 -115 -196 -149 -268 0
58 -488 -571 -214 -291 -187 -196 -59 -159 0
353 -438 -571 -214 -291 -111 -59 -102 -599 -159 -187 -464 -277 -118 -91 -1 -475 477 -518 -115 -196 -149 -268 0
158 -414 -571 -353 -196 2 -183 0
266 -118 -571 -214 -291 -102 -111 -91 -277 -59 -159 -196 -1 -475 -518 -115 -293 -153 -483 0
-183 -558 -102 -265 -483 -15 -153 -475 -413 -59 -182 -159 0
270 -12 -385 -91 -118 -518 -264 -276 -431 -89 -449 -499 -488 -384 -452 -421 -310 -200 -159 -60 0
275 -82 -257 -118 -462 -91 0
268 -431 -277 -91 -118 -518 -264 -335 -462 -276 -257 -89 -499 -488 -452 -200 0
572 -157 -118 -91 -518 -159 -277 -102 -15 -483 -153 -571 -214 -291 -196 -59 -1 -475 -276 -265 0
-274 -228 -102 -265 -15 -571 -153 -475 -403 -291 -214 -1 -91 -591 -256 -118 -196 -131 -111 -518 -108 0
-157 -15 -102 -265 -518 -571 -153 -475 -291 -214 -1 -91 -591 -118 -196 -111 -59 -159 -277 -483 0
-274 -324 -196 -571 -160 -214 -293 -291 -118 -91 182 -1 -15 -111 -591 -475 -115 -135 -483 -153 -102 -277 -265 -228 -465 -108 -276 0
-118 -571 -214 -475 -196 -483 -153 -102 -518 -293 -291 -91 -1 -111 -115 -277 -265 -59 -159 0
-157 -413 -196 -571 -102 -265 -483 -15 -153 -475 -59 -159 -291 -341 -214 -111 -518 -53 0
-274 -571 -265 -59 -196 -102 -483 -153 -475 -159 -291 -214 -111 -518 -460 0
183 158 -475 -169 -291 -1 -571 -157 -404 0
-157 -169 -483 -475 -265 -102 -59 -159 -153 -291 -1 -571 -196 -130 -334 0
289 -574 -475 -460 -91 -1 -291 0
476 -15 -314 -212 -324 -112 -189 -135 -483 -310 -153 0
477 -452 -199 -169 -57 -413 -1 0
-571 -265 -483 -153 -475 -1 -196 -214 -291 -91 -59 -102 -159 -518 -111 -293 -115 -277 0
476 -15 -102 -265 -196 -59 -483 -153 -475 -111 -159 -291 158 0
-274 -324 -200 -419 -497 -265 -462 -91 -196 -530 -56 -352 -277 -135 -483 -153 -15 -102 -228 -108 -111 -276 0
120 -549 -225 -446 -490 -324 -112 -189 -135 -483 -153 -15 -102 -228 -464 -277 -91 -82 0
151 -486 -530 -59 -497 -56 -200 -426 -342 -169 -112 -135 -483 -15 0
-183 -15 -483 -153 -277 -102 -530 -59 -497 -56 -200 -426 -342 -446 -91 -196 -335 -518 -462 -419 -265 -111 -293 -332 -182 -159 0
152 -500 -170 -322 -196 -530 -91 -497 -56 -354 -277 -159 -60 -200 -483 -153 -15 0
-274 -118 -591 -115 -170 -193 -133 -430 -91 -257 -106 -462 -111 -276 0
274 -131 -518 -335 0
-274 -462 -591 -115 -170 -193 -133 -430 -91 -257 -106 -111 -276 0
-15 -157 -196 -518 -115 -91 -111 -483 -153 -277 -159 -214 -293 -291 -59 -102 -265 -1 -475 0
-106 -133 -115 -274 -462 -91 -111 -276 -161 -214 -332 -291 158 -159 -59 0
-133 -274 -149 -530 -91 -268 -332 -277 -464 -157 -59 -115 -516 -462 -111 -276 -161 -214 -291 -159 0
-274 -464 -277 -438 -59 -149 -530 -91 -268 -332 -157 -115 -516 -462 -111 -276 -161 -214 -291 -159 0
-60 -149 -530 -268 -159 -119 -112 -500 -323 -291 158 -59 0
-157 -265 -277 -159 -291 -59 -102 -196 -518 -115 -111 -214 -1 -475 -153 -483 -91 -293 0
-265 -59 -153 -196 -518 -111 -102 -1 -293 -475 -483 -277 -159 -291 -115 -214 -91 0
571 -133 -274 -115 -91 -111 -276 -106 -214 -462 -291 158 -159 -59 -414 0
58 -274 -483 -59 -111 -518 -196 -214 -291 -159 151 -115 -91 -372 -589 -1 -277 -475 -463 0
-181 -431 -589 -115 -195 -214 -91 -1 -475 -541 -124 -159 -183 0
312 -446 -491 -43 -324 -212 -223 -188 -131 -113 -196 -170 -556 -341 -349 -451 -313 -269 0
-413 -170 -188 -324 -39 -196 -200 -269 -311 -491 -43 -131 -113 -451 -313 -512 -375 -475 -186 -412 -182 0
100 -256 -196 -491 -1 -573 -475 -188 -324 -39 -269 -43 -131 -113 -313 -512 -375 -337 -252 -159 -589 -115 -195 -214 -91 -124 -183 -291 -444 -118 -277 -463 -536 -228 0
600 -584 -291 -375 -475 -1 -195 -162 -337 -252 -573 -148 -183 -196 -486 -159 -111 -518 -53 -335 0
-181 -238 -491 -403 -43 -512 -224 -375 -186 -475 -412 -183 0
197 -23 -269 -375 -1 -475 -195 -461 -162 -196 -491 -573 -188 -324 -39 -43 -131 -113 -313 -512 -337 -252 -159 -589 -115 -214 -91 -124 -183 -291 -444 100 -277 -463 -536 -228 0
373 -413 -181 -238 -186 -283 -43 -512 -225 0
460 -573 -491 -1 -196 -475 -188 -324 -39 -269 -43 -131 -113 -313 -512 -375 -337 -252 -159 -589 -115 -195 -214 -91 -124 -183 -291 -444 100 -277 -463 -536 -228 0
-181 -413 -159 373 -186 -283 -43 -512 -225 -291 -341 0
-437 -83 -196 -491 -1 -475 -324 -131 -113 -313 -375 -337 -159 -589 -115 -214 -91 -124 -183 -291 -444 -277 -463 -228 -461 -102 -598 -148 -486 -111 -518 -53 -335 -153 -267 482 -135 -64 -438 0
-274 -589 -475 -1 -196 -159 -111 -518 -214 -291 -598 -115 -102 -463 -277 -91 -153 -267 482 -59 -483 151 0
132 -213 -43 -512 -352 -375 -1 -293 -475 -181 -413 -573 -196 0
-183 -181 -460 -444 -475 -375 -219 -536 -102 -598 -188 -334 -196 -130 -1 -293 -112 -589 -438 -91 -214 -277 -291 -463 -106 -159 -59 0
-181 -269 -91 -518 -276 -159 -277 -475 -291 -1 -293 -536 -102 -188 -148 -598 -59 -196 -214 274 -444 -375 -589 -438 -463 0
-413 -314 -375 -558 -475 -186 -412 -182 0
-59 -293 -475 -91 -102 -277 -196 -518 -159 -1 -291 -214 -111 -115 -153 -483 0
465 -429 -527 -530 -185 -148 -293 -189 -153 -18 -483 -469 -385 -591 -102 -66 -227 -107 0
187 -385 -311 -469 -113 -159 -60 -134 -451 -483 -488 -265 -153 -499 -323 0
198 -530 -153 -148 -367 -311 -469 -113 -134 -437 -483 -159 -60 -451 -488 -499 -323 -464 -185 -293 -18 -102 -227 -107 -524 -8 -509 -109 -518 -6 -71 -238 -214 -571 0
-413 -293 -153 -196 -159 -483 -102 -518 -214 -1 -277 -91 -291 -115 -111 -475 0
481 -188 -170 -134 -500 -437 -323 -113 -153 0
465 -266 -102 -600 -227 0
-188 -184 -102 -464 -600 -227 -323 -500 -311 -170 -113 -134 -437 -153 -483 0
-293 -159 -115 -196 -214 -518 -111 -91 -1 -291 -475 -483 -102 -277 -153 0
-436 -437 -153 -483 0
152 -572 -475 -574 -91 -1 -214 134 -111 -59 -102 -159 -352 -277 -518 -115 -196 -291 -413 -483 -13 0
-463 -464 -543 -574 -118 -91 -475 -1 -196 -159 -111 -518 -214 -291 -59 -115 -102 -277 -153 -483 151 -470 0
463 -131 -518 -102 -111 -266 -228 -108 0
-464 -118 -475 -1 -196 -159 -111 -518 -214 -291 -59 -115 -102 -463 -277 -91 -153 -483 151 -574 -470 0
464 -266 -13 -334 -102 -111 -228 -108 0
197 134 -475 -413 -518 -214 -196 -159 -111 -291 -115 -102 -277 -91 -153 -483 -1 0
476 -118 -171 -39 -314 -460 -375 0
-118 -15 -324 -225 -283 -490 -112 -189 -135 -483 -153 -102 -228 -464 -277 -91 -82 -526 -353 -497 -460 182 -1 -475 -171 -39 -314 -375 0
267 -29 -423 -189 -324 -112 -135 -483 -153 -475 -269 -1 -353 -558 -531 -283 -159 -413 -225 -43 -291 -375 -444 -171 -102 -228 -277 -91 182 -123 -214 -518 -111 -536 -108 -266 -13 0
134 -171 -413 -291 -102 -214 -518 -475 -91 -1 -159 -196 -111 -115 -277 -153 -483 -112 -188 0
463 -462 -188 -413 -483 -214 -475 -291 -196 -574 -91 -1 -14 -102 -111 -228 -108 0
152 -543 -291 -196 -214 -188 -413 -1 -483 -475 0
-436 -188 -102 -111 -228 -108 -483 -153 -291 -196 -214 -334 -413 -1 -475 -574 -91 -277 0
-414 -188 -413 -291 -153 -111 -214 -102 -518 -475 -91 -1 -196 -115 -277 -483 -159 0
-112 -188 -291 -102 -214 -518 -475 -91 -1 -159 -196 -111 -115 -277 -153 -483 -413 -113 0
-188 -413 -102 -153 -111 -518 -291 -214 -475 -91 -1 -159 -196 -115 -277 -483 -113 0
465 -464 -413 -1 -132 -265 -196 -102 -483 -153 -475 -159 -291 -214 -111 -518 -268 477 -277 -187 -91 -115 -149 0
463 -334 -132 152 -483 -102 -111 -228 -108 0
-464 -463 -413 -1 -132 -265 -196 -102 -483 -153 -475 -159 -291 -214 -111 -518 -268 477 -277 -187 -91 -115 -149 0
-413 -113 -153 -483 -102 -111 -277 -1 -196 -475 -159 -291 -214 -518 -115 -91 0
-335 -131 465 -266 -159 -475 -1 -196 -111 -518 -214 -291 -115 -463 -277 -91 -153 -483 -102 0
335 -108 -182 -159 -111 0
131 -120 -426 -113 -56 -518 -462 -496 -276 0
-463 -464 -1 -475 -115 -111 -291 -159 -153 -113 -483 -518 -196 -214 -277 -102 -91 0
-59 -274 -115 -91 -111 -276 -214 -462 -291 -106 -159 -414 -187 -488 -196 -60 0
157 -126 -291 -575 -542 0
-109 -187 -115 -91 -111 -214 -462 -291 -106 -159 -414 -518 -488 -196 -60 -575 -542 0
481 -266 -542 -159 -113 -115 -91 -111 -214 -462 -106 -414 -518 -488 -196 -277 -226 -153 -483 -102 -291 0
274 -109 -518 0
-59 -572 -353 -196 2 -274 -115 -91 -111 -276 -214 -462 -291 -106 -159 -414 -60 0
-109 -106 -1 -475 -115 -111 -291 -159 -153 -483 -196 -102 -277 -214 -91 -518 0
481 -266 -102 -111 -334 -108 -464 158 -500 -159 -530 -119 -291 -112 -59 -483 -189 -153 0
-463 -185 -59 -159 -536 -153 -483 -102 -277 -600 -266 -1 -475 -115 -111 -291 -464 -518 -196 -214 -91 0
-266 -108 -59 -159 -419 -497 -102 -483 -153 -277 -1 -475 -115 -111 -291 -464 -518 -196 -214 -91 -285 -189 -334 -112 158 -119 0
-108 -464 -483 -277 -1 -475 -115 -111 -291 -159 -153 -518 -196 -214 -102 -91 -334 158 -119 -112 -59 -189 -419 -497 -285 0
188 -60 158 -500 -159 -530 -483 -149 -119 -291 -112 -59 0
-464 -285 -153 -483 -102 -189 158 -159 -119 -291 -112 -59 -277 -1 -475 -115 -111 -518 -196 -214 -91 -334 -419 -497 0
158 -59 -153 -483 -159 -291 -102 -106 -277 -1 -475 -115 -111 -518 -196 -214 -91 0
-59 -106 -483 -102 -111 -196 -277 -291 -214 -1 -475 -91 -159 -518 -115 -153 0
-106 -277 -475 -91 -1 -159 -483 -102 -111 -196 -291 -214 -518 -115 -153 0
60 -274 -462 -91 -196 -277 -483 -153 -108 -102 -111 -276 464 -353 2 -414 -159 -182 0
-277 -1 -159 -91 -196 -483 -153 -102 -111 -291 -475 -115 -518 -214 0
-571 -462 275 -91 -196 -1 -475 -115 133 -111 -274 -291 -267 -214 -438 -278 -153 -483 -181 -183 -124 -159 -589 -238 -572 0
414 -224 -233 -469 -385 -213 -42 -285 -375 -186 -475 -181 0
189 -589 -475 -574 -91 -1 -214 275 -196 -115 133 -111 -274 -267 -438 -278 -153 -483 -181 -183 -124 -159 -291 -238 -233 -385 -42 -375 -186 0
-414 -462 275 -91 -115 -589 -556 -214 -196 -1 -475 133 -111 -274 -291 -267 -438 -278 -153 -483 -181 -183 -124 -159 -238 -500 0
-462 -295 -328 -589 -91 -196 -556 -283 -375 -186 -500 -475 -181 275 -115 -214 -1 133 -111 -274 -291 -267 -438 -278 -153 -483 -183 -124 -159 -238 0
-266 -328 -214 -291 -475 -574 -1 -91 -196 -181 275 -115 133 -111 -274 -438 -278 -153 -483 -183 -124 -159 -238 -324 -233 -180 -325 -248 -600 -102 465 0
-541 -171 -251 -475 -159 -91 -413 -574 477 -1 -291 -256 0
-274 465 -91 -214 -324 -291 -196 -1 -483 -475 -159 -574 -238 -102 -153 -181 -115 133 -111 -438 -278 -183 -124 -325 -248 -233 -334 -276 0
461 -452 -199 -413 -268 -1 -130 -196 -573 -238 -475 0
-414 -285 -557 -188 -196 -573 182 0
198 -598 -24 -334 -557 -130 0
529 -57 -428 -498 -353 0
446 -577 -490 0
465 -334 -196 -483 -153 -475 -199 -1 -238 -214 -108 -291 -518 -574 -91 -324 -159 -102 -181 -115 133 -111 -183 -124 0
157 -59 -214 -291 -196 -1 -483 -475 -159 -518 -111 -153 -102 -115 -91 0
-334 -285 -185 -213 -557 -419 -24 -497 -598 -111 -274 -335 0
197 -516 -349 -598 -291 -475 -1 -375 -573 -148 -183 -196 -486 -159 -111 -518 -337 -335 -214 -115 -589 -511 -213 -324 -501 -171 -118 -91 -256 -312 -431 -531 -57 -353 -179 -185 -274 -24 -405 -548 -44 -223 0
240 -541 -469 -196 -1 -91 -115 -274 -111 -291 -213 -475 -214 -118 -171 -501 -102 -24 -324 -598 -188 -518 -349 -375 -573 -148 -183 -486 -159 -337 -335 -589 -511 -256 -312 -431 -531 -57 -353 -179 -185 -548 -44 -223 0
-413 -118 -291 -91 -153 -483 -214 -475 -256 -111 -518 -196 -1 -239 -469 -115 -274 -213 -171 -102 -324 -183 -486 -159 -337 -335 -200 -268 -182 0
187 -600 -102 -386 -463 -334 -228 -111 -108 -491 -153 -446 -483 -284 0
413 -469 -491 -233 -248 -483 -324 -102 -463 -228 -111 -108 -153 -213 -518 -53 -131 -196 -353 158 -183 -1 -475 0
-183 -274 -91 -153 -483 -214 -475 -111 -518 -196 -1 -115 -291 -102 -159 -59 0
-274 -59 -291 -1 -196 -475 -115 -91 -111 -214 -159 -153 -483 -518 -102 0
482 -419 -497 -530 -59 -486 -28 -263 -432 -161 -214 -115 -591 -324 -285 -268 -267 -189 -153 0
413 -28 -490 -44 -248 -189 -483 -497 -59 -486 -225 -263 -214 -115 -591 -324 -268 -267 -153 -526 -353 -239 -1 -573 -475 -331 0
-183 -600 -102 -182 -558 -475 -483 -248 -153 -490 -44 -189 -497 -59 -486 -225 -263 -214 -115 -526 -353 -239 -1 -573 -463 -134 -106 -159 0
-187 -414 158 -60 -159 -530 -483 -149 -119 -291 -112 -59 -214 -488 -196 -189 0
-59 -1 -91 -102 -483 -153 -159 -291 -214 -196 -475 -115 -518 -111 0
481 -469 -113 -134 -91 477 -290 -462 -1 -18 -291 157 -293 -353 -311 -530 -148 -153 0
135 -418 -367 -385 -153 -311 482 -469 -113 0
-413 -1 -159 -91 -475 -291 -60 -153 -102 -436 -483 -290 157 -148 275 -196 -115 -111 -214 -414 -182 0
481 -323 -196 -500 -91 477 -1 -111 183 -115 -291 -475 -325 157 -292 -353 -148 -153 0
-571 -574 -91 477 -290 -1 -111 -422 -159 -430 -475 -311 -115 -134 -589 -385 -153 482 -214 -560 -572 -196 -291 -238 0
135 -311 -367 -530 -284 -188 -353 -323 -557 -500 -23 -170 -269 -113 0
-1 -153 -159 -102 -483 -91 -196 -111 -115 -291 -475 -214 -518 0
-414 -233 -511 -589 -214 -223 -188 -196 -427 -55 -485 -498 -335 -159 -291 -341 -413 0
531 -353 -196 -425 -102 -55 -111 -274 -511 -214 -223 -291 -341 -413 151 -483 -153 -159 0
-437 182 373 -413 -291 -341 -196 -414 -159 -214 -153 -267 -135 482 -64 -483 0
460 -469 -83 -499 -118 -235 -171 -487 -525 -136 -341 -452 -199 -316 -291 -368 -91 -541 -574 0
-183 -368 -541 -291 -341 -461 -83 -487 -91 -180 -311 -212 -113 373 -413 -196 -414 -159 -214 -153 482 -483 -518 -102 -111 -131 -13 -107 0
-414 -486 -113 -341 -291 -196 -423 -413 -541 -461 -83 -487 -91 -311 373 -159 -214 -153 482 -483 -518 -102 -111 -131 -13 -107 -497 -335 0
572 -437 -153 -511 -135 482 -64 -463 -43 -497 -108 -13 -102 -111 -228 -223 -131 -196 0
-334 -171 -324 -501 -85 -118 -91 -403 -277 -497 -463 -108 -13 -102 -111 -266 -228 -274 0
590 -122 -526 -109 -518 -525 -544 -77 -83 -598 -49 -46 -89 -102 -349 -557 -536 -161 -37 -491 -324 -311 -196 -269 -188 -43 -200 -451 -131 -113 -413 -313 -375 -475 -170 -412 -182 -585 -511 -214 -115 0
-171 -437 -196 476 -483 -153 -475 -111 -159 -291 -59 -102 -135 -518 -525 -324 -311 -412 -214 -115 -273 -501 -12 -403 -429 -238 -201 -486 -85 -118 -91 -497 -108 -228 -274 0
134 -201 -475 -102 -153 -159 -196 -91 -118 476 -483 -111 -291 -518 -214 -115 -85 -274 -353 0
198 -458 -333 -501 -186 -353 -324 -556 -428 -188 0
-334 -213 -413 -24 -497 -598 -111 -274 414 -233 -469 -42 -375 -475 -44 -223 -196 -353 -324 -188 -536 -327 -102 -55 -278 -266 -463 -108 -13 -228 0
270 -353 -214 -115 -196 -291 -159 -111 -518 -274 -475 -102 -483 -153 -91 476 0
197 -186 -413 -558 -183 -412 -43 -491 -238 -375 -475 -512 -403 0
-334 -318 -43 -324 -223 -196 -413 -558 -183 -412 -238 -375 -475 -403 -511 -102 -153 -437 -135 482 -497 -463 -108 -13 -111 -228 -274 0
-353 -274 -102 -196 -159 -111 -518 -475 -153 -483 -214 -115 -291 -91 476 0
-135 -600 -375 -475 -196 373 -413 -291 -341 -437 -159 -214 -153 482 -483 -491 -102 -199 -518 -111 -131 -334 -13 -107 149 -486 0
-334 -324 -196 -413 -375 -475 373 -291 -341 -437 -159 -214 -153 482 -483 -102 -518 -111 -13 149 -425 -55 -498 -274 0
334 -485 -341 -291 -159 0
-274 476 -159 -475 -291 -214 -153 -483 -102 -518 -111 -115 -91 -196 0
412 -403 -159 -291 -341 0
436 -292 -82 -205 -269 -88 -271 -59 -486 -148 -529 -312 -120 -169 -112 -279 -135 0
-436 -557 198 -130 -334 -135 151 -483 -153 0
598 -13 -266 -102 0
133 -38 -444 -219 -490 -214 -45 -589 -153 -483 -65 0
268 -59 -148 -529 -486 -312 0
-118 -171 -291 -214 -199 476 -460 -314 -375 0
414 436 -82 -279 -269 -557 -59 -486 -148 -529 -312 -120 -169 -112 -135 -293 -500 -181 0
-59 -589 -214 -291 -115 -572 -159 -82 -279 -557 -529 -112 -135 476 -460 -153 -483 -219 -490 -45 335 -111 -106 0
197 -135 -159 -291 -153 -483 -529 -214 -115 476 -111 -91 -576 -598 -518 274 0
315 -59 -598 198 -334 -269 -349 -148 -529 -130 0
58 -341 -291 -159 0
-59 -598 -529 -196 -159 -291 -153 -483 -214 -115 476 -111 -91 -576 -518 274 0
-135 476 -483 -196 -159 -291 -153 -529 -115 -214 -111 -91 -576 -598 -518 274 0
476 -153 -196 -159 -291 -483 -115 -214 -111 -91 -518 -102 -475 0
-437 -186 -451 -341 -159 -169 -414 -491 -224 -183 -375 -487 -475 -118 -572 -91 -214 -279 -153 -267 -135 482 -64 -483 0
-334 -266 -572 -94 -159 -291 -341 -414 -183 -91 -83 -557 -118 -199 -169 -269 -113 -135 -451 -224 -375 -487 -475 -214 -153 -64 -483 -463 -228 -102 -111 -491 -108 -598 -335 0
158 -118 -169 -529 -486 -59 -153 -483 -487 -269 -414 -451 -199 -341 -291 0
599 152 -483 -102 0
471 -444 -491 -445 -386 -343 0
133 -471 -118 -169 -83 -113 0
278 -327 -180 -256 -432 -91 0
436 -266 -278 -228 -334 -102 -111 -463 -108 0
-598 -266 -94 -159 -291 -341 -414 -183 -91 -83 -557 -118 -199 -169 -269 -113 -135 -451 -334 -375 -487 -475 -214 -153 -64 -483 -463 -228 -102 -111 -491 -108 -335 -196 -24 0
-266 -557 -409 -491 -445 -115 -153 -483 -102 -94 -159 -291 -341 -414 -183 -91 -83 -472 -118 -199 -169 -269 -113 -135 -451 -334 -375 -487 -475 -214 -64 -463 -228 -111 -108 -335 -196 -24 -278 0
266 -472 -445 -118 -169 -83 -113 -491 -135 -115 -409 -153 -483 -102 -278 -600 -463 0
270 -83 -499 -118 -169 -113 -135 -153 -483 -491 -445 -115 -102 -94 -159 -291 -341 -414 -183 -91 -199 -269 -451 -334 -375 -487 -475 -214 -64 -463 -228 -111 -108 -335 -196 -256 -432 -426 0
-274 -341 -291 -375 -196 -159 -214 -153 -414 -135 -483 -529 -59 -102 -111 -269 -169 -115 -91 -199 -451 -487 -475 -426 -462 -276 0
134 -186 -263 -457 -571 -556 -294 -196 -17 -518 -102 -111 -228 -266 -108 -334 -278 -469 -153 -483 0
465 -445 -490 -219 -38 -214 -65 -153 -483 133 -381 -266 -278 0
-118 -266 -483 -102 -111 -334 -153 -518 -464 -490 -219 -214 -65 -135 -263 -196 -541 -159 -291 -341 -414 -426 -169 -91 -82 -119 -529 -59 -487 -269 -451 -199 0
-463 -118 -341 -159 -214 -153 -196 -135 -483 -59 -102 -111 -269 -169 -91 -113 -266 -334 -291 436 0
-118 -196 -334 -269 -341 -470 -59 -169 -113 -102 -111 -266 -159 -214 -153 -135 -483 -91 -291 436 0
275 -115 -153 -159 -291 -483 -196 -214 -111 -91 -475 -102 -460 0
-518 -225 -375 -444 -310 -38 -214 -137 -291 -258 -385 -460 -491 -113 -108 -475 -153 -159 -483 -196 -111 -91 -115 -102 274 0
336 -451 -291 -258 -460 -444 -475 -375 -470 -42 -310 -491 -113 -108 -111 -38 -214 -153 -159 -483 -196 -91 -102 -324 -188 -276 -266 465 0
335 -491 -196 -159 -291 -341 -78 -214 -414 -486 -111 -108 0
-491 -276 -334 -269 -598 -148 -529 -196 -111 -375 -38 -59 -153 -159 -291 -483 -214 -91 -102 -475 -460 -341 -266 465 -258 -444 -470 -42 -310 -113 -188 -78 -414 0
-518 -115 -159 -291 -341 -578 -414 -444 -183 -38 -214 -258 -460 -475 -517 -153 -483 -196 -111 -91 -446 -102 0
477 -515 -297 -414 -183 -159 -341 -214 -291 -258 -460 0
84 -529 -148 -414 -196 -188 -214 -310 -59 -334 -269 -598 -159 -291 -341 -375 -475 -297 -258 -460 -111 -38 -153 -483 -91 -102 -266 465 -444 -470 -42 -113 0
477 -398 -414 -183 -159 -341 -214 -444 -291 -380 -258 -196 -460 -425 -297 0
-529 -500 -437 -291 -341 -196 -159 -214 -153 -414 -135 -483 -310 -380 -258 -460 -425 -297 -82 -59 -334 -269 -111 -38 -91 -102 -266 465 -470 -113 0
476 -1 -196 -589 -214 -291 -108 -475 -460 -91 -414 -437 -341 -267 -159 -153 -135 482 -483 -183 0
170 -414 -291 -258 -460 -470 -310 -113 -111 -214 -153 -159 -483 -196 -91 -102 -266 465 -341 -334 -82 -380 -297 -437 -135 -59 -269 0
-109 465 -153 -159 -291 -483 -196 -214 -111 -91 -475 -460 -266 -102 -334 0
-529 -181 436 -269 -279 -59 -486 -148 414 -312 -120 -169 -112 -135 -557 -500 -82 -530 0
335 -589 -375 -475 -213 -196 -214 -291 -460 -91 436 -269 -279 -59 -486 -148 414 -312 -120 -169 -112 -135 -557 -500 -82 -530 -159 -130 -108 -111 0
-463 -196 -291 -91 -159 -341 -59 -334 -269 -102 -214 -266 -169 -135 -111 -470 -113 -153 -483 -437 0
182 -414 -82 -486 -559 -385 -470 -42 -232 -137 -213 -214 -497 -573 -159 -291 -341 -490 0
374 -511 -419 -558 -95 -213 -186 -381 -283 -444 -368 -225 0
529 -3 -112 -59 -135 -169 -426 151 -342 -15 -497 -486 -483 -200 0
-182 -213 -385 -232 -214 -591 -225 -558 -186 -283 -444 -375 -314 -59 -112 -135 -169 151 -15 -497 -483 -277 -91 -291 -269 -460 -341 -573 -159 -102 -153 -265 0
-196 -91 -214 -291 -29 -269 -59 -334 -135 -483 -153 -159 -470 -341 -169 -102 -113 -111 -266 -437 0
-182 -529 -111 -285 -266 436 -334 -102 -556 -91 -148 -113 -59 -269 -291 -214 -460 -341 -571 -475 -414 -159 0
498 -55 -427 -529 -352 0
-55 -529 -427 -352 -496 0
-529 -460 -130 -169 -111 -375 -475 -291 -91 -427 -159 -341 -414 -285 -266 436 -334 -102 -556 -148 -113 -59 -269 -214 -571 0
-182 -460 -111 -266 436 -334 -102 -228 -113 -91 -169 -291 -214 -108 -1 -496 -571 -475 -130 -414 -159 -183 0
477 -460 -183 -159 -341 -214 -291 -414 -91 -266 436 -334 -102 -111 -228 -108 -549 -486 -130 -496 -1 -413 -452 -169 -199 0
-109 274 -111 0
336 -5 -486 -516 -556 -285 -414 182 -470 -42 -232 -214 -573 -159 -291 -341 476 -460 -39 -375 -113 -108 -111 -102 -496 -598 -130 0
-460 -414 -266 436 -334 -102 -111 -556 -285 -91 -470 -42 -214 -159 -291 -341 -375 -113 -130 -475 -169 -571 -427 -148 -59 -269 0
-274 -130 -334 -111 0
211 -137 -86 0
224 -490 -445 -444 -43 0
-91 -169 -59 -269 -135 -266 -334 -102 -111 -214 -113 -470 -159 -291 -341 -29 -483 -153 -437 0
181 -460 -59 -291 -269 -118 -148 -341 -475 -574 -414 -159 0
-109 -275 -111 0
197 -368 -418 -206 -496 -556 -130 0
477 -529 -214 -375 -496 -571 -418 -445 -444 -43 -111 -352 -499 -169 -118 -460 0
-529 182 -414 -291 -341 -159 -214 -153 -437 -135 482 -483 -59 -460 -102 -475 -111 -113 -169 -118 0
476 -460 -59 -102 -483 -153 -475 -159 -291 -214 -111 -437 -414 -341 182 -135 482 -334 -113 -169 -118 0
-460 -414 -334 -102 -111 -169 -118 -59 -483 -153 -159 -291 -214 -437 -266 -341 -135 -113 -269 -574 0
-413 -313 -324 -169 -196 -437 -414 -291 -341 -64 -159 -214 -153 -267 -135 482 -483 -183 0
-414 -169 -118 -59 -153 -483 -269 -341 -291 -574 -159 -437 -214 -135 -102 -111 -266 -334 -113 0
-182 -311 -324 -413 -159 -39 -269 -491 -43 -188 -451 -131 -113 -170 -313 -196 -375 -475 -512 -412 -186 -183 0
462 414 -43 -375 -475 -159 -183 -324 -269 -113 -102 -153 482 -135 -437 -598 -464 -111 -228 -266 -108 -334 -291 -169 -256 -118 0
-170 -182 -413 -159 -39 -269 -491 -43 -188 -324 -131 -113 -313 -196 -375 -475 -512 -412 -186 -183 -341 -118 -169 0
270 -217 -518 -111 -431 -259 -295 -143 -180 -425 -341 -115 -252 -589 -326 -200 0
-182 -413 -475 -375 -412 -186 -23 -269 -518 -111 -295 -180 -425 -341 -115 -252 -589 -326 -118 -39 -159 -491 -43 -188 -324 -131 -113 -313 -196 -512 -183 -169 -285 0
-169 -341 -269 -111 -159 -113 -214 -102 -153 -135 -437 -266 -334 -291 -59 -483 -470 -29 0
197 -24 -334 -213 -285 -185 -598 -111 -335 -239 -573 0
-182 -118 476 -171 -375 -108 -214 -111 -334 -213 -598 -188 -324 -269 -499 -201 -159 -183 0
-341 -437 -102 -291 -159 -214 -153 -135 -483 -334 -111 -269 -113 -266 -59 -470 -29 0
-169 -257 -462 -111 -542 -113 -475 183 -291 -404 158 -157 -571 -170 0
-109 -540 -439 -128 -375 -385 -283 -213 -182 290 -571 -214 -115 -65 -462 -106 -334 -111 0
374 -225 -200 -269 -235 -312 -136 -85 -191 -345 -128 -444 -439 -452 0
198 -531 -352 -516 -312 -571 -490 -444 -43 -350 -375 -200 -269 -235 -136 -85 -191 -345 -128 -439 -452 -450 -556 0
-182 -571 -200 -269 -128 -444 -439 -452 -352 -232 -375 -188 -43 -470 -462 -214 -65 -334 -111 -113 -475 -291 -170 -29 -536 -102 -148 -598 -59 -159 -413 -181 0
-109 -310 -499 -375 -413 -238 -181 -186 -43 -324 -153 482 -135 -437 -464 -197 -462 -228 -102 -111 -266 -108 -334 0
198 -213 -86 -418 -324 -496 -188 -130 0
-413 -444 -102 -43 -409 -470 -148 -59 -113 -375 -153 482 -135 -437 -111 -266 -334 -214 -269 -13 -291 341 -475 -159 -439 -352 -232 -65 -29 0
215 -131 482 -135 -437 -153 -102 -111 -518 -266 -13 -334 -107 -59 -159 -291 0
310 -57 -426 -3 -200 -531 -269 0
197 -242 -446 -491 -285 -50 -186 -271 -12 -558 -497 2 0
171 -12 -516 -186 -549 -188 -196 -446 -491 -50 -497 -409 -474 -426 -57 -3 -575 -92 -256 -29 -291 -512 -384 -452 -375 -423 -200 -23 -313 -269 -310 -500 -118 0
-108 -196 -491 -3 -102 -334 -111 -600 -153 -483 -500 -426 -113 -39 -170 -256 -29 -291 -384 -452 -200 -269 -118 -496 -162 -403 -238 -135 -437 -332 -159 -266 -182 -59 -107 0
-109 -332 -291 -159 -65 -59 -3 -102 -334 -111 -153 -483 -500 -426 -113 -170 -29 -452 -200 -269 -135 -437 -266 -182 -572 -214 -462 0
-108 -196 -334 -269 -598 -148 -130 -312 -375 -200 -345 -128 -444 -439 -452 -213 -324 -387 -188 -102 -59 -106 -182 -159 -111 0
-196 -536 -556 -102 -598 -130 -334 -332 -159 -59 -269 -148 -312 -375 -200 -345 -128 -444 -439 -452 -213 -324 -387 -188 -106 -182 -111 0
134 -334 -159 -102 -111 -291 -214 -153 -483 -135 -266 0
169 -439 -368 -375 -419 -225 -497 -444 -56 -59 -102 -483 -153 -159 -291 -214 -91 -475 -196 -115 -111 -517 -52 -262 -28 -458 -89 -500 -39 0
187 -497 -375 -312 -59 -102 -483 -153 -159 -291 -214 -196 -111 -239 -424 -340 -331 -327 -412 -182 -314 -591 -464 -266 -600 -130 -334 -135 198 -324 0
-130 -228 -483 -102 -111 -334 -108 -266 -153 -375 -312 -59 -159 -291 -214 -196 -239 -424 -340 -331 -327 -412 -182 -135 -324 0
170 -118 -159 -291 -483 -518 -214 -111 -196 -102 -278 -463 -600 -228 -334 -266 -108 -461 -340 -153 0
476 -118 -102 -153 -182 -171 -375 -108 -214 -111 -334 -213 -266 -188 -324 -269 -499 -201 -159 -183 0
-475 -476 -496 -428 -469 -233 -228 -483 -53 -102 158 -324 -111 -108 -153 -248 -491 -518 -131 -196 -213 -183 -463 -424 -412 -353 0
-413 -285 -213 -496 -239 -186 -572 -182 -412 0
573 -420 -432 -85 -116 -258 -213 -591 -291 -190 -214 -239 0
498 -549 -486 -386 -491 -83 -233 -316 -207 -285 -85 -369 -213 -239 -572 -432 -116 -258 -591 -291 -190 -214 0
-118 -572 -182 158 -375 -214 -196 -496 -491 -83 -213 -436 -291 -312 -188 -557 -266 -102 -483 -313 -461 -153 -428 -469 -228 -53 -324 -111 -108 -518 -131 -183 -424 -171 -334 -269 -201 -159 -340 0
573 -387 -213 -491 -515 -496 -239 0
197 -188 -102 -491 -334 -108 -228 -111 -153 -483 -213 -496 -327 -291 -469 -200 -461 -171 -83 -182 -375 -214 -196 -436 -312 -266 -313 -53 -324 -518 -131 -183 -269 -201 -159 0
-188 -496 -469 -228 -483 -102 -324 -111 -108 -153 -131 -196 -213 -183 -159 -291 -214 -274 -334 -266 -327 -200 -171 -182 -375 -436 -312 -269 -201 0
-200 -108 -102 -111 -483 -153 -196 -182 -375 -266 -159 -291 -214 -334 -269 -135 0
197 -573 -531 -136 -213 -475 -420 -414 -405 -312 -353 -497 0
152 -531 -312 -136 133 -169 -83 -113 -57 -461 -425 -102 -475 -266 -483 0
-497 -136 -333 -238 -547 -475 -414 -312 -196 -102 -187 -600 -483 -266 -153 133 -169 -83 -113 -461 -425 -496 0
572 -445 -169 -83 -113 -491 133 -461 -102 -475 -266 -483 -153 -375 -313 -187 -214 -196 0
460 -6 -547 -102 -224 -600 -375 -313 -24 -557 -83 -369 133 -169 -113 0
-460 -119 -153 -159 -291 -483 -115 -214 -111 275 -475 -102 -196 0
152 -188 -323 -483 -312 -57 133 -169 -83 -113 -531 -461 -425 -102 -475 -266 0
211 -497 -205 -367 -323 -333 -238 -547 -475 -414 -196 -102 -312 -600 -483 -266 -153 133 -169 -83 -113 -461 -425 -496 0
-497 -81 -489 -323 -312 133 -169 -83 -113 -461 -425 -102 -475 -266 -483 -153 -600 -414 -159 -291 -341 -387 -205 -367 -333 -238 -547 -196 -496 0
-211 -136 -313 -47 -547 -483 -153 -436 -266 -102 -600 -312 -345 -597 -387 -375 -213 0
322 -205 -24 -600 -367 -102 -419 -387 -313 -47 -547 -483 -153 -436 -266 -312 -345 -597 -375 -213 -88 -500 0
-211 -313 -375 -205 -367 -127 -153 -24 -266 -102 -328 -600 -491 -387 -47 -547 -483 -436 -312 -345 -597 -213 0
-108 -182 -375 -153 -266 -102 -483 -159 -291 -196 -111 -334 -214 -269 -135 0
-461 -186 -238 -182 -557 -11 -375 -531 -211 -127 -153 -24 -266 -102 -600 -47 -547 -483 -312 -597 -213 -489 -323 133 -169 -81 -425 -475 -414 -159 -291 -341 -333 -196 -111 -334 -462 0
314 -190 -127 -440 -86 -375 -312 0
101 -211 -196 -341 -290 -574 -375 -315 -127 -111 -238 -182 -11 -323 -153 -266 -102 -600 -47 -483 -597 -213 -489 133 -169 -81 -425 -475 -414 -159 -291 -333 -334 -485 -422 -269 0
-211 -600 -169 -341 -290 -574 -475 -333 -489 -414 -81 -323 -483 -153 133 -266 -102 -196 -375 -315 -127 -111 -238 -182 -11 -47 -597 -213 -425 -159 -291 -334 -485 -422 -269 0
274 -461 -572 -475 -196 -414 -132 0
-461 -83 -556 -572 211 -323 -333 -238 -547 -475 -414 -102 -312 -600 -483 -266 -153 133 -169 -196 -425 -159 -291 -115 -214 -111 -334 -132 0
-83 -572 -323 -414 -188 -24 -598 -334 -196 -111 211 -333 -238 -547 -475 -102 -312 -600 -483 -266 -153 133 -169 -425 -159 -291 -115 -214 0
100 211 -414 -24 -334 -196 -111 -323 -333 -238 -475 -102 -312 -600 -483 -266 -153 133 -169 -425 -159 -291 -115 -214 -485 -590 0
460 -83 133 -169 -471 -111 0
-83 -462 -111 133 -169 -471 0
403 -418 -196 -206 -130 -368 -187 -186 -283 -446 0
-600 -213 -524 -375 -333 -414 -238 -159 -291 -341 -196 -111 133 -169 -425 -483 -475 -485 -153 -422 -269 -590 -266 -102 -115 -334 -323 -214 -290 -574 -489 -81 -127 -182 -11 -47 -597 -315 0
212 -561 133 -169 -83 -385 0
476 -557 -186 -315 -182 -375 0
118 -449 -557 -11 -353 -375 -315 -312 -574 -541 -256 -475 -460 -291 0
-211 -95 -381 -206 -444 -557 -224 -89 -44 -500 -323 -188 -42 -490 -469 -385 -213 0
-556 -143 -188 -186 -323 -333 -500 -414 -238 -159 -291 -341 -89 197 -368 -206 -130 -418 0
-213 -401 -81 -323 -333 -414 -238 -159 -291 -341 -169 -11 -375 -315 -574 -475 -425 -182 -196 -102 -583 -214 -115 -153 -111 -590 -483 -266 -334 -524 133 -485 -422 -269 -290 -489 -127 -47 -597 0
558 -557 -315 -312 -120 -460 -475 -375 -182 0
499 -120 -460 -574 -541 -256 -475 -291 -489 -414 -81 0
-182 -196 -266 -214 -334 -102 -159 -291 -111 -375 -153 -483 -269 -135 0
462 -557 182 -196 -414 -214 -64 -108 -324 -111 -266 -483 -112 -436 -153 -169 -475 -118 0
-557 -118 -496 -418 -169 -111 -196 -460 182 -414 -214 -64 -108 -324 -266 -483 -112 -436 -153 -475 0
462 -189 -324 -483 -499 -153 -169 -475 -118 0
-118 -496 -312 -268 -199 -452 -196 -238 -475 -108 -169 -111 -460 -324 -483 -153 -214 -418 182 -414 -64 -266 -112 -436 0
198 -464 -228 -483 -102 -111 -334 -108 -266 -153 -436 -557 -135 -130 -24 0
461 -557 -574 -91 -475 -460 -291 -214 -496 -571 -196 -228 -483 -102 -111 -334 -108 -266 -153 -436 -530 -135 -24 -425 0
-557 -571 -214 -196 -334 -135 -483 -153 -108 -159 -291 -460 -111 -475 -91 -266 -102 -228 -574 -496 -530 -24 -425 0
373 -350 -314 0
-414 -460 -196 -475 -111 -452 -375 -214 -334 -135 -483 -153 -159 -291 -266 -102 -24 -425 -312 -169 182 -341 0
497 -529 -428 -353 -55 0
500 -85 -212 -285 -184 -557 -324 -90 0
419 -271 -428 -353 -546 -526 -165 -490 -445 -207 -403 -369 0
-118 -490 -5 -445 -162 -403 -428 -353 -546 -526 -409 -501 -285 -184 -324 -498 -452 -425 -341 -112 -312 -82 -460 476 -314 -39 -375 0
-55 497 -428 -353 -2 0
55 -530 -2 -498 -353 -428 0
-460 -169 -452 -425 -341 -375 -214 -153 -483 -196 -24 -334 -159 -291 -111 -475 -266 -102 -135 -312 182 0
498 -418 -334 -102 -111 -266 -228 -341 -525 460 -452 -199 -291 -574 -153 -312 133 -169 -425 -475 -483 -108 -413 477 0
477 -557 -169 133 -102 -475 -266 -483 -153 -375 -196 -24 -214 -334 -111 -341 460 -452 -291 -312 -425 -159 182 0
476 -274 -353 270 -291 -159 -111 -196 -214 -475 -102 -483 -153 -278 -108 -334 -266 -228 0
-169 -475 -102 -266 -483 -153 -375 -196 -214 -334 -111 -291 -159 182 270 -135 0
-475 -196 -214 -375 -111 270 -159 -291 -102 -483 -153 -334 -266 182 -135 0
-196 -375 -214 -291 -266 -102 -483 -111 -153 -159 -334 -135 -269 0
477 -525 -469 -490 -28 -312 -427 -169 -571 -183 -159 -201 -112 -207 -90 -82 -118 -460 0
-414 -297 -516 -490 -28 -445 -458 -285 -260 -90 -85 -212 -557 -324 -501 182 -413 0
107 -118 -427 -130 -207 -90 -557 -186 -490 -28 -571 -159 -327 -201 -214 -112 -312 -169 -187 -266 -334 -483 -436 -460 -153 -475 -469 -82 -64 -58 0
314 -351 -375 0
313 -351 -375 0
267 -132 -228 -483 -102 -111 -334 -108 -153 -464 -436 0
-182 -186 -475 -571 -102 -214 -187 -591 -483 -266 -228 -111 -334 -108 -153 -464 -436 -201 -159 -183 0
500 -2 -353 -427 -530 -148 -59 -486 -384 -28 -425 -458 -169 -90 0
531 -369 -450 -338 -366 -28 -207 -384 -273 -59 -486 -353 -148 0
367 -521 -294 -16 -389 -469 -559 -76 -82 -317 -207 0
-577 -445 -490 0
476 -432 -338 -425 -173 -251 -559 -427 -82 -291 -574 -91 -475 -460 -207 -530 -450 -59 -499 -169 -90 -544 -327 133 -214 -490 -153 -483 -65 -223 -464 -442 -266 -314 -375 0
151 -273 -294 -559 -82 -317 -207 -73 -549 -486 -368 -334 -130 -169 -413 -452 477 -199 -427 -55 -173 -238 -397 -571 133 -38 -214 -490 -153 -483 -65 -223 -464 -266 0
13 -464 -228 -266 -102 0
-414 476 -425 -173 -559 -427 -82 -291 -574 -91 -475 -460 -207 -530 -450 -59 -338 -169 -90 -544 -327 133 -214 -490 -153 -483 -65 -223 -464 -442 -266 -314 -375 182 0
476 -530 -148 -59 -559 -82 -285 -90 -186 -425 -173 -427 -291 -574 -91 -475 -460 -207 -450 -338 -169 -544 -327 133 -214 -490 -153 -483 -65 -223 -464 -442 -266 -314 -375 182 -121 -52 -517 -589 -444 -458 0
501 -559 151 -82 -317 -207 -294 -486 -368 -334 -130 -169 -413 -452 477 -199 -427 -55 -173 -238 -397 -571 133 -73 -214 -490 -153 -483 -65 -223 -464 -266 0
-169 -458 -427 -90 151 -82 -207 -334 -130 -571 133 -214 -490 -153 -483 -223 -266 -460 182 -475 -186 -291 -91 -450 -327 -314 -375 -121 -52 -517 -589 -312 -557 -159 -201 107 -187 0
-557 -475 -375 -427 -334 -130 -571 133 -214 -153 -483 -223 -266 -291 -327 -121 -312 -159 -201 -187 -102 -111 -556 0
152 -598 -266 -483 -102 0
465 -206 -82 -201 -159 -444 -490 -571 -460 -44 -214 -475 -223 -589 -375 -350 -64 -58 -278 -106 0
-475 -375 -102 -291 -214 -571 -159 -134 270 -223 -187 -266 -483 -153 -427 -334 -130 133 -121 -111 -556 0
-375 -269 -102 -483 -153 -291 -214 -159 -334 -111 -135 -266 0
-249 -436 -483 -153 -266 0
556 -198 289 -475 -460 -291 -353 -119 -496 -82 -427 -130 -207 -574 0
225 -496 -334 -130 -485 -418 -368 -333 -207 -186 -558 289 -475 -460 -291 -353 -119 -82 -427 -574 0
-571 -427 -475 -460 -291 -353 -119 -82 289 -130 -574 -558 -182 -186 -511 -375 -44 -334 -485 -368 -333 -95 -381 -444 -490 -238 0
84 -569 -291 -126 157 -174 -93 -457 -119 -88 0
-427 -368 -444 -187 -353 -381 -323 -28 -490 -95 -457 -82 -291 -126 157 -174 -93 -119 -195 -558 -432 -186 -333 -414 -475 -460 -130 -182 -511 -375 -44 -334 -485 0
556 -207 -291 -126 157 -174 -93 -457 -119 -82 -333 -432 -186 0
557 -432 -195 -159 -291 -341 -214 -414 -333 -196 -186 0
-460 -490 -333 -186 -291 -126 157 -174 -93 -558 -195 -159 -341 -214 -414 -353 -444 -187 -381 -323 -28 -457 -475 -182 -511 -375 -44 -334 -485 -111 -462 0
-490 -315 -127 -190 -440 -375 -311 -386 -169 -112 -111 -333 -186 -291 -126 157 -174 -93 -558 -195 -159 -341 -214 -414 -353 -444 -187 -381 -323 -28 -457 -475 -182 -511 -44 -334 -485 -462 0
-464 -462 133 -111 -190 -440 -375 -311 -186 -291 -558 -159 -214 -414 -353 -444 -187 -475 -44 -334 -342 -591 -200 -326 -278 13 -266 -102 -465 0
556 -427 -372 -444 -474 -353 -426 -169 -410 -80 -488 -475 -460 -291 -278 -111 133 -462 -182 -326 -207 -186 -126 157 -174 -333 0
-427 -207 -460 -291 -353 -558 -182 -186 -511 -375 -44 -334 -485 -333 -444 -475 -195 -159 -341 -214 -414 -372 -474 -426 -169 -410 -80 -488 -278 -111 133 -462 -326 -126 157 -174 0
-207 -485 -149 -422 -214 -444 -233 -474 -426 -410 -169 -80 -311 -195 -386 -111 133 -462 -333 -182 -186 -558 -353 -159 -291 -341 -414 -460 -511 -375 -44 -334 -475 -372 -488 -278 -326 -126 157 -174 0
279 -427 -187 -353 -368 -323 -28 -490 -95 -444 -82 -291 -126 157 -174 -93 -119 -195 -558 -432 -186 -333 -414 -475 -460 -130 -182 -511 -375 -44 -334 -485 -326 0
556 -499 -182 -186 -89 0
-427 -169 -426 -273 -398 -475 -460 -291 -353 -119 -82 -130 -558 -182 -186 -511 -375 -44 -334 -485 -368 -333 -95 -444 -490 -195 -159 -341 -214 -414 -432 -89 -80 -488 -278 -187 -323 -28 -126 157 -174 -93 -326 0
-460 -3 -353 -187 -186 -558 -159 -291 -214 -414 -426 -475 -375 -44 -334 -444 -278 -326 -149 -422 -233 -410 -311 -386 -111 133 -462 -372 -342 -116 -200 -591 -107 0
-59 -333 -102 -182 -483 -15 -153 -475 -265 -558 -159 -58 0
59 -452 -291 -200 -159 0
169 -182 -469 -233 -53 -483 -102 -111 -153 -248 -491 -518 -131 -196 -353 -213 -463 -475 -149 -159 -422 -496 -15 -265 -558 -58 -291 -200 -426 -342 0
-169 -491 -444 -375 -44 -386 -440 -190 -311 -213 -200 -342 -118 -171 -111 133 -83 -462 0
-475 -558 -311 -326 -291 -111 -214 -159 -153 -483 -102 -149 -200 -422 -265 -440 -190 133 -334 -187 -186 -410 13 -266 -476 0
-341 -347 -528 -369 -420 -344 -136 -154 -410 -202 -80 -307 -489 -144 -584 -200 -340 0
492 -136 -213 -316 -386 -328 0
158 -28 -214 -591 -187 -186 -311 -558 -460 -112 -334 -111 374 -149 -422 13 -266 -102 -58 0
-334 -159 -102 -291 -266 -214 -111 -153 -483 -135 0
84 -420 -498 -353 -531 -369 -501 -206 -89 0
-169 -11 -449 -423 -384 -269 -353 -200 -153 -483 -341 -135 -471 -83 -118 -113 -170 0
492 -353 -39 -449 -423 -384 -269 -501 -200 -153 -483 -341 -135 -83 -113 -206 -120 -498 -531 -369 -89 -444 -404 -571 -446 0
497 -311 -425 -269 -200 -2 -531 0
-558 -423 -491 -269 -200 -153 -483 -341 -135 -83 -113 -120 -498 -531 -369 -444 -425 -2 -214 -188 -198 -375 -475 -413 -412 -186 -182 0
310 -169 -200 -341 -269 -120 0
-169 -353 -501 -283 -188 -425 -198 -498 -324 -2 -531 -312 -200 -341 -269 -120 0
169 476 158 -102 -483 -153 -475 -111 -159 -291 -266 -511 -283 -188 -214 -38 0
462 -186 -135 -291 -483 -102 -111 -159 -266 -214 -153 0
198 -497 -159 -291 -341 -413 -2 -475 -153 -483 -427 -187 0
412 -496 -334 -207 -130 -333 -223 -186 -558 289 -475 -460 -291 -353 -119 -82 -427 -444 -490 -420 -159 -182 -341 0
-412 -106 -58 -159 -475 -558 -413 -375 -186 -182 0
-119 -83 -186 -558 289 -475 -291 -353 -444 -159 -182 -341 -413 -375 -111 -197 -153 -483 -187 -272 -206 -311 -334 -120 0
-412 -334 -483 -197 -153 -187 -111 -475 -58 -159 -558 -413 -375 -186 -182 0
-119 -42 -213 -491 -114 -111 -311 -186 -558 289 -475 -291 -353 -444 -159 -182 -341 -413 -375 -197 -153 -483 -187 -272 -206 -334 -120 0
198 -334 -311 -153 -596 -114 -111 -186 -558 289 -475 -291 -353 -444 -159 -182 -341 -413 -375 -197 -483 -187 -272 -206 -120 -214 0
118 -530 -311 289 -574 -475 -460 -291 0
-334 -187 -169 -341 -200 -120 -483 -353 -153 -272 -475 -206 289 -291 -444 -111 -197 -596 -114 -186 -558 -159 -182 -413 -375 -311 -214 0
334 -311 -272 -558 -200 -153 -483 -341 -120 -444 -214 -375 -475 -413 -186 -182 -353 -206 -270 -169 -111 -114 -291 -159 0
118 -311 289 -574 -475 -530 -291 0
-311 -444 -499 -451 -483 -153 -323 -114 -111 -475 -291 -341 -169 -127 -252 -89 -120 -272 -353 -214 -413 -270 -200 -159 -186 -558 -182 -375 0
311 289 -111 -475 -291 -153 -159 -341 -483 -23 -375 -558 -413 -186 -182 -350 -270 -120 0
118 -84 -475 -558 -413 -375 -186 -182 -341 -291 -111 -159 289 -311 -530 0
-412 -334 -323 -159 -483 -197 -153 -58 -111 -475 -558 -413 -375 -186 -182 0
481 -249 -153 0
-249 -153 -483 0
-412 -334 -291 -159 -214 -111 -153 -483 -58 -475 -558 -413 -186 -182 0
268 -118 -169 -341 -200 -483 -353 -153 -187 -475 -291 -311 -111 -186 -558 -159 -182 -413 -334 -214 0
-119 -462 -291 -571 -353 289 -558 -182 -186 -574 -334 -485 -333 -238 -475 -159 -111 -153 -483 -149 -89 -530 -499 -426 -311 -169 0
119 -187 -341 -200 -483 -353 -153 -169 -475 -291 -311 -111 -186 -558 -159 -182 -413 -334 -214 0
275 -368 -206 -460 -82 0
118 -187 -134 -214 -283 -571 -375 -206 -42 -186 403 -197 -548 -485 -334 -444 -107 -111 -311 289 -475 -574 -291 0
-187 -334 -111 -291 -353 -558 -182 -186 -475 -159 -153 -483 -311 -169 -341 -200 -413 -214 0
-334 -311 -483 -153 -111 -475 -291 -341 -169 -353 -214 -413 -200 -159 -186 -558 -182 0
-311 -111 -200 -153 -483 -341 -214 -475 -413 -186 -182 -353 -169 -558 -291 -159 0
-111 -413 -475 -291 -153 -159 -341 -483 -558 -169 -186 -182 -200 -214 -353 0
275 -519 -54 0
274 -54 -109 0
119 -440 -375 -313 -311 -449 -496 -293 -11 -418 -353 -499 -206 -89 -462 -169 -84 0
-187 -120 -264 -431 -159 -291 -341 -413 198 -475 -153 -483 -462 -311 289 -574 -54 -313 -449 -496 -293 -418 -353 -499 -206 -89 -169 -84 -516 -492 -445 -283 0
482 -599 -23 -535 -270 -153 0
335 -311 -114 -169 -283 -159 -291 -341 -413 -475 -153 -483 -462 -54 -449 -353 -206 -89 -84 -492 -23 -535 -259 -108 -200 -182 -197 -132 0
-120 -178 -307 -153 -64 -135 482 -525 -463 -250 -483 -114 -228 -367 -94 -200 -425 -341 -206 -23 -535 -169 -84 -311 -118 0
-311 -492 -84 -291 -353 -153 -483 -200 -114 -169 -341 -462 -475 -159 -558 -413 -186 -182 -132 -336 -54 -108 0
-413 -558 -153 -200 -159 -341 -291 -475 -483 -186 -182 -353 -169 -214 0
310 -149 -3 -58 -488 -134 -80 -111 -462 -169 -500 -334 -84 -120 0
529 -55 -497 -3 0
196 -420 -213 -283 -44 -239 -572 -224 0
498 -235 -324 -572 -187 -197 -213 -283 -44 -239 -224 0
-211 -235 -87 -213 0
-499 152 -483 -111 -334 -87 -182 -159 -596 -58 -153 -332 -134 -186 -558 -256 -462 -84 -426 -120 -169 -500 0
119 -294 -18 -332 -159 -58 -153 481 -530 -148 -311 -134 -111 -462 -169 -206 -84 0
481 -206 -572 -153 -483 -334 -58 -111 -159 -84 -311 289 -475 -291 -120 -332 -462 -169 -214 -353 -3 -488 -80 -182 -596 -186 -558 -426 -500 -270 0
82 -531 -159 -291 -334 -214 -111 -153 -483 -58 -332 -353 -541 -596 -3 -488 -311 482 -270 -318 -80 -500 -462 -169 -206 -120 0
-499 -266 -291 -334 -214 -111 -153 -483 -159 -536 -112 -186 -169 -558 -182 -89 -500 0
-206 -111 -483 -200 -159 -291 -334 -214 -169 -153 -475 -186 -558 -182 -120 -84 -353 -311 -341 0
-111 -334 -483 -169 -153 -84 -120 -341 -200 -311 -353 -159 -291 -214 -475 -186 -558 -182 0
-499 556 -84 -169 -182 -186 -120 -500 0
133 -317 -153 -138 -530 -311 -485 -547 -223 -127 -196 -439 -189 -599 -483 -22 -471 -270 0
481 -361 -519 -71 -274 -380 -260 -444 -30 -572 -223 -401 -196 -439 -189 -153 0
207 -138 -311 -205 -367 -530 -271 -284 -169 -341 -200 -120 -189 -483 -519 -71 -274 -260 -572 -223 -196 -439 -153 -134 -485 -547 -127 -599 -22 -471 -270 -69 -94 0
-334 -84 -483 -169 -341 -200 -120 -311 -353 -153 -291 -475 -182 -186 -558 -159 -214 0
-404 -239 -572 0
-111 -59 -311 -414 -199 -3 -169 -153 -483 -486 158 -451 -341 -291 -200 -120 -135 -462 -497 -84 -336 -109 0
268 -459 -294 -18 -278 -471 -153 -483 -135 0
529 -278 -492 -294 -153 -471 -114 -483 -135 -270 -95 -89 -80 -206 -500 -368 -169 -419 -541 -426 -497 -353 -3 0
83 -4 -161 -214 -108 -432 -228 -116 -178 -270 -153 -483 -423 -135 -114 -186 -169 -558 -182 -500 -80 -488 -3 -492 -294 -419 -541 -426 -497 -353 -256 -462 -311 -120 0
268 -327 -294 -18 -459 -471 -153 -483 -135 0
-84 -120 -483 -186 -558 -353 -169 -153 -214 -182 -311 -341 -291 -200 -159 -475 0
170 -471 -596 -153 -483 -135 -256 -399 -561 -462 -311 -426 -120 0
111 -276 0
-471 -135 -462 -561 -111 -120 -169 -83 -596 -153 -483 -256 -399 -311 -426 0
499 -531 -353 -207 -3 -558 -488 -90 -80 0
-530 -55 -159 -572 -3 -311 289 -475 118 -291 0
205 -396 -375 -315 -106 -38 -58 -159 -345 -332 -444 -186 -380 -558 -368 -273 -95 0
60 -196 -548 -375 -130 -332 -315 -334 -182 -106 -159 -111 0
133 -278 -291 -93 -207 -174 -119 -82 -432 -186 -159 -106 -58 -130 -332 -315 -334 -182 -111 -87 -213 -387 -483 -214 -135 -153 -558 -38 -345 -380 -368 -273 -95 -409 -270 0
-119 -135 -332 -182 -159 -558 -291 -214 -153 -483 -186 -169 -500 -252 -353 -270 -58 -207 -174 -82 -387 -345 -399 -426 -80 -3 -488 -90 -276 -256 -462 -311 -120 0
-135 -120 -341 -200 -169 -311 -353 -207 -3 -558 -488 -90 -80 -500 -462 -332 -182 -159 -291 -214 -153 -483 -186 -252 -270 -174 -82 -399 -426 -276 -256 -561 -83 -596 0
118 -114 -169 -500 -111 -353 -207 -3 -558 -488 -90 -80 -462 -311 289 -475 -574 -291 0
-120 -311 -483 -169 -341 -200 -153 -353 -558 -475 -291 -159 -182 -214 -186 0
83 -499 -326 152 -483 -111 -28 -214 -38 -313 -64 -422 -182 -159 -252 -58 -332 -186 -558 -278 -90 0
-499 -44 -375 -169 -171 -118 -311 -342 -200 -111 -444 133 -462 -483 152 -535 -186 -23 -558 -84 -326 -214 -313 -422 -182 -159 -252 -58 -332 -278 -500 0
2 -111 -558 -186 -332 -341 -291 -159 -422 -353 -149 -529 -55 0
133 -190 -171 -118 -440 -311 -342 -200 -111 -169 -386 -491 -83 -462 -153 -483 0
-109 -111 -171 -118 -311 -342 -200 -134 -169 -462 -153 -483 -85 -127 152 -535 -313 -186 -23 -558 -561 -90 -84 0
-111 -326 -483 -153 152 -214 -313 -422 -182 -159 -332 -186 -558 -134 -84 -171 -118 -311 -342 -200 -169 -462 -85 -535 -23 -561 -500 -3 -341 -291 -353 -529 -55 0
-311 -558 -186 -341 -291 -159 -483 -153 -214 -182 -200 -169 -353 -475 0
-59 -55 -159 -572 -3 268 -312 -148 -182 -58 0
322 -55 -3 -530 -353 -153 -483 -86 -320 -596 -236 -238 -385 -547 -284 -196 -471 -188 -211 0
120 -111 -483 -353 -572 -541 -86 -3 -488 -80 -500 -530 -596 -153 -186 -332 -341 -291 -159 268 -312 -182 -426 -169 0
170 -112 -572 -3 268 -312 -148 -182 -58 -426 -159 0
-111 -256 -541 -475 -291 -159 -488 -80 -500 -169 -572 -3 268 -312 -182 -426 -462 -119 -483 -353 -86 -530 -596 -153 -186 -332 -341 0
-135 -492 -153 -114 -483 -270 -80 -500 -169 -541 -426 -353 -3 -256 -462 -84 -119 -572 -159 268 -312 -182 -58 0
82 -561 -508 -317 -211 -284 -188 -323 -3 -530 -353 -153 -483 -86 -55 -596 -238 -547 -196 -471 -524 0
-561 -55 -483 -223 -547 -572 -492 -496 -508 -328 -153 -317 -86 -284 -3 -211 -471 -596 -188 -488 -323 -80 -182 -186 556 -84 -530 -353 -238 -196 -524 0
-171 -488 -80 -574 -290 -541 477 -341 -84 -169 -182 -186 556 -500 -119 -483 -223 -547 -572 -492 -496 -508 -328 -153 -317 -86 -284 -471 -596 -323 -530 -353 -238 -196 -524 268 -312 -58 -159 0
-558 -159 -291 -169 -182 -186 -341 -483 -153 -353 -475 -214 -200 0
134 -81 -414 -169 -153 -483 -118 -341 -291 -3 -453 -425 -475 -159 -182 0
109 -572 -214 -116 -198 -483 152 -598 -64 -335 -108 0
181 133 -561 -169 -213 -207 -462 -84 -111 -214 -198 -483 -335 -108 -153 -312 -24 -200 -341 -475 -414 -159 0
501 -135 -186 -353 -483 -462 -84 -153 -425 -200 -159 -182 -341 -291 -561 -169 -214 -475 -113 -111 -118 -3 0
181 -572 -518 -53 -159 -291 -214 -135 -153 -483 -436 -420 -111 -475 -561 -169 -207 -462 -84 -198 -335 -108 -312 -24 -200 -341 -213 0
-181 -322 -198 -483 -268 -111 -274 -159 -134 -200 -182 -341 -291 0
-135 -561 -200 -483 -153 -186 -214 -475 -182 -159 -291 -111 -341 -169 -462 -84 -113 -353 -500 -425 -118 -3 0
-268 -211 -385 -483 -153 -318 -600 -312 -24 -198 -181 -111 -274 -159 -134 -200 -182 -341 -291 -270 0
-118 -462 -153 -483 -353 -111 -3 -500 -341 -291 -159 -182 -169 -200 -186 -113 -214 -475 -425 -119 0
-462 -425 -483 -3 -200 -153 -341 -475 -111 -353 -500 -291 -159 -182 -169 -186 -113 -214 -119 0
170 -111 -291 -483 -186 -159 -214 -153 -341 -182 -3 -475 -200 -353 -169 0
-268 -462 -42 -596 -501 -198 -483 -111 -159 -200 -182 -341 -291 -114 -90 -120 -312 -270 0
-462 -114 -108 -111 -120 -312 -42 -596 -501 -198 -483 -159 -200 -182 -341 -291 -90 -270 0
-111 -3 -291 -159 -186 -483 -214 -153 -182 -475 -200 -169 -341 -353 0
60 -488 -80 -3 -529 -169 -149 -414 -114 -422 -182 -134 0
171 -499 -84 -90 -118 0
269 -114 -169 -84 -90 -483 -198 -132 -336 -341 -291 -159 -108 -3 -182 -453 -475 -153 -312 -24 0
199 -3 -475 -169 -341 -291 -453 -159 0
-135 -114 -153 -483 -492 268 -169 -270 -426 -353 -3 -80 -462 -84 -256 -541 -159 -312 -182 -58 -475 0
501 -211 -159 -291 -341 -414 -186 -333 -541 -3 -55 -530 -353 -207 -84 -561 -471 -42 -596 -188 -323 0
120 -500 -428 -207 -3 -84 -488 -90 -80 -353 -159 -291 -341 -414 -186 -333 -541 -471 -42 -596 -188 -323 -426 -572 -148 -312 268 -182 -169 0
1 -496 -530 -353 -428 0
118 -574 -256 -541 -475 -1 -291 0
-3 -159 -353 -169 -291 -341 -186 -182 -475 -153 -483 -200 -214 0
-118 -228 -102 -483 -153 -291 -214 -159 -135 -113 -169 -83 -531 151 -353 -271 -399 -207 -461 -119 0
270 -102 -291 -483 -186 -159 -214 -153 -461 -169 -531 151 -353 -207 -90 -413 -341 -425 -200 0
-159 -153 -475 -291 -353 -341 -200 -483 -186 -214 -169 -182 0
120 -548 -485 159 -413 -196 -111 -214 -291 -431 -256 -461 -91 0
-153 -483 -475 -186 -182 -169 -341 -200 -214 -291 -353 0
133 -90 -556 -273 -111 -353 -461 -249 -119 -483 -312 -270 0
501 -312 -249 -353 1 -150 -111 -556 -461 -483 -270 -159 -182 -341 -291 -413 -169 0
60 -316 -369 -402 -48 -78 -441 -374 -150 -313 -422 -106 0
119 -135 -159 -291 -341 -413 -48 -441 -374 -150 -397 -89 -293 -461 -353 -111 -249 -114 -483 -67 -169 -200 -120 -312 0
-135 -114 -111 -249 -374 -483 -270 -312 -120 -159 -291 -341 -413 -48 -441 -150 -397 -89 -293 -461 -353 -67 -169 -200 0
311 -445 -111 -334 -556 -39 -374 -272 -249 -353 -483 1 -496 -270 0
-312 -111 -150 -353 -2 -249 -483 -169 -341 -200 -556 -374 1 -270 -159 -291 -413 -48 -441 -397 -461 -67 -499 -182 0
59 -497 -111 -159 -291 -341 -413 -484 0
-111 -48 -283 -374 -249 -169 -483 -499 -270 -124 -413 -182 -159 -291 -341 -150 -353 -2 -200 -556 1 -441 -397 -461 -67 0
60 -312 -341 -200 -169 -118 -150 -291 -159 -499 -336 -413 -182 0
268 -313 -249 -374 -483 -312 0
133 -437 -556 -499 -118 -353 -169 -84 -114 0
-312 -84 -73 -556 -367 -150 -353 -2 -55 -529 -15 -499 -118 -169 -114 -249 -483 -270 -374 -159 -291 -341 -413 -336 -108 -200 -182 0
403 -497 -419 0
-3 -159 -483 -249 -413 -291 -341 -353 -556 -150 -169 -2 -15 -374 -200 -182 -461 -283 -441 -425 -475 0
59 -111 -312 -150 -531 -159 -291 -341 -413 -169 -57 -425 -1 -475 -200 -489 0
482 -314 -228 -15 -108 -438 -374 -535 -249 0
311 -228 -483 -283 -15 -108 -374 -535 -249 -324 -501 -169 -341 -200 -269 -59 -486 -353 -150 -531 0
207 -420 -497 -198 -131 -556 -367 0
206 -437 -293 -353 -327 -88 -380 -556 -271 -94 0
481 -137 -316 -367 -497 -131 -556 -205 -293 -353 -327 -88 -380 -271 -94 -283 -249 -188 0
354 -118 -169 -113 -83 -135 -17 -436 -293 0
207 -387 -102 -236 -111 -53 -518 -137 -196 -24 -316 -556 -367 0
-111 -312 -353 -556 -169 -214 -374 -535 -249 -483 -283 -543 -291 -425 -200 -461 -341 -2 -531 -15 -150 -413 -159 -182 -57 -1 -475 -489 0
-59 -102 -15 -266 -214 -114 -108 -169 375 -336 -341 -200 -269 -312 -159 -483 -283 -374 -535 -249 -353 -150 -531 -182 -291 -118 -413 0
482 -312 -374 -483 -249 -159 -200 -108 -15 -214 -114 -169 -336 -341 -283 -535 -353 -150 -531 -182 -291 -118 -413 0
-59 -367 -353 -556 -94 -84 -492 -374 -259 -214 -114 -132 -283 -169 -425 -341 -336 -200 -312 -159 -413 -483 -15 -108 -535 -249 -150 -531 -182 -291 -118 0
-312 -159 -150 -353 -2 -15 -169 -249 -483 -374 -556 -291 -341 -413 -200 -182 -425 -259 -214 -283 -535 -531 -461 -543 -57 -1 -475 -489 0
322 -211 -283 -188 -137 0
-336 -162 -6 -387 -239 -102 -515 -15 -491 -266 -497 -329 -599 -111 -53 -518 -335 0
268 -497 -15 -239 -335 -556 -501 -324 -283 -318 -525 -214 -48 -39 -338 -108 -83 -560 -17 -293 -353 -169 -118 -135 -374 -486 -535 -249 -114 -150 -483 -59 0
269 -423 -531 -249 -150 -483 -353 -135 0
-118 -239 -15 -335 -556 -501 -324 -283 -318 -525 -214 268 -497 -48 -108 -338 -17 -293 -353 -169 -135 -374 -486 -535 -249 -150 -483 -59 -120 0
-109 -380 -69 -27 -96 -460 -82 -369 -318 -525 -7 -508 -48 -338 375 -108 -111 0
-59 -315 -556 -318 -461 -15 -283 -214 -353 -169 -374 -535 -249 -150 -483 -120 -543 -489 -291 -425 -341 -200 -2 -311 -531 -270 -413 -159 -182 0
-111 -64 -185 -483 -374 -283 -15 -214 -249 -114 -548 -109 59 -159 -291 -341 -413 -497 0
276 -368 -556 -461 171 -499 -118 -83 0
133 -438 -483 -249 -270 0
106 -114 -483 -374 -283 -15 -214 -249 -185 -548 -111 59 -159 -291 -341 -413 -497 0
335 -132 -111 0
-109 -187 -196 -283 -214 -591 -114 -185 -483 -374 -15 -249 -548 -111 59 -159 -291 -341 -413 -497 0
274 -205 -556 -196 -83 -475 -461 -414 -132 0
-159 -483 -214 -341 -186 -291 -475 -353 -169 -200 -182 0
112 -497 -249 -189 -57 -483 -353 -268 -336 -111 -134 0
132 -213 -119 -138 -461 -573 -189 -483 -268 -422 -150 -531 -497 0
-132 -111 -336 0
-497 -111 -119 -138 -461 -573 -189 -483 -268 -422 -150 -531 -249 -57 -353 -336 -113 -134 0
-111 -134 -268 -138 -531 -249 -240 -483 -283 -573 -189 -353 -2 -57 -119 -461 -422 -150 -336 -113 0
-483 -186 -169 -291 -341 -200 -182 -214 -353 -475 0
60 -531 -249 -353 -153 -150 -422 -134 0
-413 -196 -429 -80 -409 -57 -488 -426 -1 -475 -491 -374 -159 -341 -181 -43 -283 -186 -291 -211 -273 -497 -238 -501 -547 -414 -182 0
-109 -87 -283 -323 -186 -501 -333 -429 -80 -409 -57 -488 -426 -1 -475 -374 -159 -341 -181 -43 -291 -273 -497 -238 -547 -414 -182 -114 -111 -334 0
-531 -283 -132 -186 -182 -475 -341 -291 -497 -111 -169 -353 -311 -249 -153 -150 -200 -422 -134 0
-413 -283 -197 483 -58 -159 -475 -412 -106 -186 -182 -436 -313 -134 0
373 -225 -418 -403 -537 -283 -186 -332 -77 -490 -486 -150 -436 -153 -249 -213 0
374 -106 -58 -150 -422 -153 -313 -249 0
-283 -132 -186 -150 -422 -134 -169 -475 -182 -291 -111 -341 -214 -200 -497 -353 -311 0
148 -58 -486 -422 0
60 -443 -445 -223 -111 -547 -334 -332 -497 -182 -249 -353 -153 -150 -422 -134 0
529 -445 -572 -223 -197 -557 -375 -437 -313 -497 -353 -311 0
-132 -150 -134 -111 -497 -353 -311 -182 -186 -422 -341 -475 -169 -291 -214 -200 0
-58 -59 -291 -150 -336 -422 -182 -111 -341 0
58 -182 -341 -291 0
-422 -529 -483 -200 -497 -159 -249 -291 -341 -353 -413 -150 -169 -182 -283 -475 -188 -59 -111 0
133 375 -239 -212 -214 -111 -196 -108 -558 -169 -497 -341 -200 -269 -311 0
426 -589 -65 -214 -108 375 -311 -269 -200 -169 0
198 -488 -80 -2 -501 -55 -324 -427 -188 0
375 -196 -111 -108 -527 -558 -427 -335 -2 -501 -324 -188 -341 -200 -425 -214 -311 -269 -169 -135 -239 -212 -497 -512 0
-196 -311 -10 -111 -261 -239 -527 -548 -461 -573 -558 -427 -169 -341 -200 -269 -299 -188 -483 -249 -374 -108 -335 -2 -501 -324 -425 -214 -135 -212 -497 -512 0
481 -556 -159 -169 -214 -483 -249 -353 -283 -291 -200 -341 -531 -150 -413 -111 -182 -475 -269 0
-531 -269 -169 -249 -483 -159 -214 -353 -283 -291 -200 -150 -413 -111 -182 -475 -341 -573 -10 -239 -548 -427 -108 -501 -324 -135 -497 -529 0
352 -483 -249 -111 -341 -200 -497 -159 -291 -353 -150 -169 -182 -283 -475 -214 -59 0
-556 -196 -214 -111 -239 -108 -169 -497 -341 -200 -269 -135 -438 -249 -483 -159 -353 -283 -291 -531 -150 -413 -182 -475 0
373 -263 -299 -52 -111 -461 -169 -341 -200 -269 -311 -135 -483 -438 -249 0
375 -311 -249 -269 -438 -483 -135 -239 -212 -214 -111 -196 -108 -558 -169 -497 -341 -200 -349 0
-311 -196 -111 -461 -169 -341 -200 -269 -135 -483 -438 -249 -261 -527 -573 -429 -299 -188 -374 -239 -212 -214 -108 -558 -497 -349 0
311 -212 -324 -501 -169 -341 -135 -200 -438 -269 -249 -59 -486 -150 -483 -531 -108 -283 -374 -228 -353 0
-196 -269 -169 -341 -200 -111 -135 -483 -438 -249 -573 -429 -239 -214 -108 -497 -311 -159 -353 -283 -291 -531 -150 -413 -182 -475 0
-483 -283 -249 -214 -159 -353 -169 -291 -200 -341 -150 -111 -182 -475 -497 -59 0
312 -29 -458 -218 -572 -500 -169 60 -375 -332 -548 -182 -159 -111 -80 -113 -488 -3 -529 -314 0
197 -590 -512 -65 -283 -108 -213 -86 -111 -324 -335 -189 -130 0
268 -283 -169 -111 -189 -497 60 -182 -159 -267 -353 -475 -249 -153 -341 -150 -59 -200 0
-283 -59 -341 -200 -497 -353 -169 -291 -159 -150 -182 -111 -214 -249 -475 0
247 -558 -111 -108 -335 -196 -187 -483 -374 0
436 -463 -265 -279 -15 0
-269 -311 -353 -169 -135 -293 -265 -15 -443 -441 -374 -261 -239 -445 -573 -558 -196 -187 -108 -324 -111 -501 -291 -461 -425 -341 -200 -475 -159 -431 -268 0
-311 -483 -249 -111 -159 -291 -341 -413 -150 -293 -353 -169 -200 -187 -196 -497 -475 -59 -182 -261 -445 -558 -431 0
-483 -196 -111 -497 -150 -169 -341 -475 -291 -159 -200 -249 -353 -59 -182 -214 0
148 -225 -331 -412 -475 -249 -486 -153 0
-196 -59 -475 -111 -497 -249 -353 -150 -182 -341 -291 -214 -200 -169 -159 0
373 -269 -497 -198 -206 -404 -461 -169 -341 -200 -556 -311 -130 -111 -483 -108 -249 -350 0
-269 -537 -483 -23 -250 -200 -111 -130 -311 -341 -169 -108 -591 -39 -511 -350 -374 -497 -198 -206 -404 -461 -556 -249 0
-483 -311 -150 -111 -200 -374 -475 -169 -341 -291 -159 -59 -182 -249 -353 -497 -214 0
148 -153 -374 -249 -331 -412 -475 -486 0
-311 -374 -249 -353 -150 -111 -497 -182 -341 -475 -169 -291 -214 -200 -159 -59 0
-350 -314 -374 0
-374 -59 -150 -249 -475 -169 -291 -341 -200 -182 -214 -353 -111 -497 -159 0
-59 -497 -214 -200 -341 -249 -475 -291 -159 -150 -182 -353 -111 -169 0
373 -494 -408 -524 -140 -9 -192 -76 -87 -508 -138 -318 -368 -400 -441 0
Solved
