409 -100 -269 -257 -340 -62 -386 -196 -225 -329 -72 0
328 -306 -74 -386 -276 0
351 -276 -48 -182 -225 -388 -72 -74 -325 -410 -196 -329 -66 -165 -201 -41 0
386 -356 -339 -74 -304 -276 -329 -196 -422 -201 -165 -153 -66 0
330 -304 -283 -27 -72 -74 -210 -410 -386 -53 0
427 -196 -283 -27 -72 -410 -329 -265 -217 -48 -182 -225 -388 -76 -250 -271 -94 -147 0
73 -386 -225 -187 -427 -166 -250 -271 -147 -94 -81 -235 -182 -48 -410 -329 -179 0
305 -386 -271 -147 -250 -427 -257 -94 -76 -166 -73 0
306 -164 -65 -200 -386 -40 -329 -349 -275 0
42 -354 -321 -101 -240 -426 -349 0
353 -384 -358 -184 0
74 -386 -217 -358 -410 -265 -329 -305 -147 -94 -271 -250 -76 0
-386 -217 -48 -225 -72 -94 -410 -271 -329 -250 -76 -182 -358 -265 -147 -427 -257 -166 -187 -81 -235 -179 0
186 -61 -353 -321 0
352 -333 -334 -187 -107 -427 -211 -11 -292 -356 -299 0
304 -163 -353 -334 -187 -427 -196 -94 -34 -321 -271 -116 -179 -250 -358 -61 -76 -74 0
64 -321 -217 -179 -265 -76 -147 -250 -353 -427 -257 -274 -166 -306 -334 -187 -196 -94 -34 -271 -116 -358 -74 0
184 -321 -179 -265 -353 -63 0
328 -306 -179 -353 -265 -74 -76 -250 -271 -94 -65 -217 -147 -427 -257 -166 -334 -187 -196 -116 -358 -410 0
304 -309 -157 -27 -152 -21 -353 -334 -187 -427 -196 -94 -163 -321 -271 -116 -179 -250 -358 -61 -76 -74 0
354 -276 -412 -406 -27 -376 -166 -21 -306 -157 -152 -353 -334 -187 -427 -196 -94 -271 -116 -179 -250 -358 -61 -76 -74 -65 -319 0
305 -341 -265 -147 -217 -358 -355 -61 -427 -257 -27 -353 -184 -166 -21 0
-306 -74 -271 -48 -250 -27 -182 -265 -147 -217 -358 -427 -257 -353 -166 -412 -406 -376 -157 -152 -334 -187 -196 -94 -116 -179 -76 -65 -283 -225 -72 -410 -329 0
185 -351 -147 -94 -265 -217 -358 -337 0
252 -300 -137 -401 -101 -376 -412 -351 -23 -314 -163 -14 -309 -94 -81 -271 -86 0
430 -250 -76 -271 -376 -412 -94 -81 -235 -182 -265 -179 -147 -358 -187 -166 -48 -27 -257 -406 -157 -334 -283 -225 -72 -410 -329 -388 0
305 -339 -36 -219 -138 -430 -376 -187 -120 -427 -27 -276 -166 -21 0
356 -427 -250 -27 -430 -376 -187 -271 -166 -283 -329 -72 -410 -353 -179 -406 -265 -184 0
-74 -306 -410 -182 -329 -271 -250 -27 -265 -147 -358 -427 -257 -353 -166 -412 -406 -376 -157 -48 -334 -187 -94 -179 -76 -283 -225 -72 -385 -338 -97 -73 0
-306 -354 -147 -321 -94 -271 -250 -358 -410 -265 -329 -305 -76 -182 -27 -427 -257 -353 -166 -412 -406 -376 -157 -48 -334 -187 -179 -283 -225 -72 -338 0
251 -23 -412 -376 -309 -119 -81 -276 -87 0
-427 -184 -271 -76 -250 -412 -376 -81 -430 -187 -166 -147 -358 -410 -265 -329 -182 -27 -257 -353 -406 -157 -48 -334 -179 -283 -225 -72 -94 -355 0
304 -321 -184 -353 -355 -225 -66 -72 -165 -410 -201 -329 -41 -48 -182 -388 -325 -276 -74 -350 0
-321 -306 -329 -353 -276 -184 -66 -355 -225 -72 -165 -410 -201 -41 -48 -182 -388 -325 -74 -350 0
62 -425 -187 -350 -245 -41 -87 -201 -355 -165 -225 -184 -66 0
186 -276 -329 -353 -179 -184 -66 -355 -225 -72 -165 -410 -201 -41 -48 -182 -388 -325 -74 -350 -62 0
-184 -355 -353 -329 -225 -72 -410 -48 -182 -388 -179 -358 -187 -76 -250 -271 -94 -147 -412 -376 -81 -430 -166 -265 -27 -257 -406 -157 -334 -283 0
274 -20 -27 -309 -283 -24 -72 -412 -410 -376 -329 -120 0
-306 -74 -179 -265 -76 -147 -250 -353 -257 -166 -334 -187 -94 -271 -358 -321 -66 -387 -329 -27 -309 -283 -72 -412 -410 -376 -120 -304 0
349 -425 -235 -227 -337 -170 -129 -300 -250 -271 -239 -131 -182 -383 0
252 -314 -86 -300 -101 -137 -376 -412 -351 -23 -401 -163 -81 -309 -94 -271 0
-425 -239 -300 -368 -271 -129 -76 -250 -86 -101 -137 -376 -412 -351 -23 -401 -163 -81 -309 -94 -235 -227 -337 -170 -131 -182 -383 0
-74 -300 -94 -271 -147 -129 -76 -250 -86 -101 -376 -412 -81 -309 -235 -337 -131 -182 -383 -66 -387 -166 -179 -265 -353 -257 -334 -187 -358 -321 -329 -27 -283 -72 -410 -120 -304 0
-355 -353 -271 -250 -76 -147 -376 -412 -81 -235 -182 -166 -179 -265 -94 -257 -334 -187 -358 -329 -27 -283 -72 -410 -406 -225 -48 -388 -157 0
251 -74 -147 -305 -94 -350 -271 -76 0
-74 -305 -350 -293 -300 -48 -182 -235 -157 -309 -94 -81 -271 -85 -250 -147 -76 0
-353 -250 -271 -94 -76 -48 -182 -235 -157 -81 -147 -179 -358 -376 -412 -166 -265 -257 -334 -187 -329 -27 -283 -72 -410 -406 -225 -388 0
-306 -342 -74 -257 -386 -166 -329 -276 -304 0
349 -276 -185 -74 -257 -386 -166 -329 -356 -425 -147 0
330 -66 -320 -72 -225 -410 -386 0
272 -74 -225 -187 -386 -166 -250 -271 -94 -81 -235 -182 -48 -410 -329 -179 -147 -320 -72 -185 -257 -356 0
-74 -187 -225 -386 -166 -250 -271 -147 -94 -81 -235 -182 -48 -410 -329 -179 -76 -320 -72 -185 -257 -356 0
433 -329 -147 -94 -271 -76 -410 -225 -166 -81 -235 -182 -48 -179 -72 -257 -157 -376 -412 -334 -27 -283 -406 -388 0
251 -433 -76 0
305 -386 -65 -199 -164 -40 -329 -349 -274 0
304 -386 -27 -182 -48 -283 -72 -410 -52 -329 -314 -74 0
-386 -423 -433 -48 -410 -199 -329 -426 -40 -427 -349 -166 -74 -27 -182 -283 -72 -52 -314 -65 -164 -274 0
75 -185 -384 -217 -431 -426 -188 -433 -98 -76 0
186 -356 -353 0
-356 -185 -353 0
189 -63 -179 -358 -225 -433 -89 0
305 -127 -426 -179 -225 -433 -244 -85 -353 -296 -48 -74 -76 -65 -164 -199 -410 -314 -40 -329 -427 -257 -349 -274 -166 0
73 -338 -283 -314 -423 -235 -199 -182 -426 -40 -127 -349 -27 -305 0
424 -293 -239 0
351 -101 -91 -289 -142 -11 -356 -85 -244 -89 -189 -426 -239 -382 -314 -40 0
-356 -426 -349 -85 -244 -314 -40 -410 -225 -48 -182 -179 -433 -305 -76 -74 -283 -423 -235 -199 -127 -27 -353 0
Solved
