36 -349 -466 -430 -157 0
-349 -466 -157 -430 -34 0
159 -451 -265 -70 -106 -94 -142 -262 -304 -151 -484 -7 -34 -466 -430 0
499 -106 -70 -265 -94 -142 -262 -304 -151 -484 -7 -34 -430 -157 0
245 -491 -494 -7 -373 -151 -94 -304 -106 -322 -262 -70 -271 -142 -49 0
264 -470 -452 -211 -70 -394 -106 -301 -94 -142 -127 0
266 -211 -7 -373 -106 -151 -94 -304 -142 -262 -70 -394 -301 -246 -322 -271 -49 0
107 -492 -7 -151 -304 -142 -262 -495 -246 -373 -49 -211 -94 -70 0
35 -106 -70 -7 -151 -304 -142 -262 -373 -49 -94 -265 -394 -301 -322 -271 -157 -484 -430 0
108 -106 -301 -142 -262 -265 -7 -373 -394 -151 -94 -304 -70 -211 -322 -271 -49 -245 0
143 -224 -122 -284 -32 -326 -390 -351 -499 -468 -280 -7 -279 -151 -394 -80 -304 -301 -262 0
502 -280 -142 -262 -7 -151 -394 -304 -301 -373 -94 -70 -265 -322 -271 -49 -157 -430 -34 0
96 -140 -265 -492 -119 -176 -377 -80 -322 -365 -271 -246 -373 -128 0
432 -340 -122 -291 -452 -319 -500 -59 -468 -157 0
71 -299 -270 -309 -322 -271 -59 -246 -485 -157 -34 -430 -500 -468 -288 -311 -373 -94 -265 -492 -119 -176 -377 -80 -128 -49 0
263 -373 -430 -157 -34 -94 -49 -70 -322 -271 -265 -409 -13 -502 -280 -7 -394 -151 -301 -304 -142 0
95 -491 -265 -120 -177 -378 -81 -322 -70 -271 -49 -245 -373 -129 0
72 -224 143 -284 -340 -390 -351 -499 -468 -280 -7 -151 -394 -304 -301 -262 -65 -189 -482 -434 -291 -184 -452 -364 -49 0
485 -340 -482 -65 -287 -184 -459 -49 -70 143 -284 -280 -7 -151 -394 -304 -301 -262 -364 -319 -501 -60 -467 -157 -430 -34 0
490 -433 -157 -430 -332 -76 -215 -98 -222 -123 0
492 -120 -202 -443 -141 -359 -265 0
505 -202 -157 -430 -265 -322 -70 -271 -49 -7 -151 -394 -304 -301 -262 -34 -409 -13 -142 0
342 -17 -423 -291 -146 -122 0
435 -470 -452 0
431 -252 -452 -279 -213 -157 0
469 -188 -405 -186 -146 -311 -341 -391 -231 -93 0
-122 -391 -186 -311 -405 -188 -146 -341 -121 -423 -291 -17 0
108 -484 -186 -311 -405 -291 -492 -265 -279 -468 -423 -157 -34 -430 -452 0
244 -282 -452 -377 -468 -80 -157 -365 -430 -311 -34 -505 -504 -107 -186 -405 -291 -492 -265 -279 -423 -128 0
266 -119 -202 -256 -176 -56 -492 0
144 -365 -157 -430 -256 -202 -452 -140 -265 -505 -322 -271 -246 -34 -107 -186 -405 -291 -7 -151 -394 -304 -301 -262 0
-122 -121 -494 -186 -146 -405 -188 -391 -341 -373 -291 -17 -422 0
122 -344 -177 -120 -494 -308 -422 -291 -225 0
-470 -469 -256 -186 -405 -291 -422 -308 -127 264 -70 -394 -301 -142 -452 -107 -503 -484 -157 -34 -430 -265 -202 0
267 -177 -202 -256 -120 -140 0
71 -256 -394 -301 -142 -157 -34 -430 -70 -265 -202 -7 -151 -304 -262 -505 -322 -271 -49 0
284 -118 -262 -202 -256 266 -492 0
-470 -33 -404 -288 -13 -262 -202 -256 -492 -157 -34 -342 -141 -430 -274 -265 -433 -469 -452 0
340 -285 -108 -391 -211 -230 -146 0
283 -486 -142 -245 -294 -225 0
403 -342 -283 -108 -391 -211 -230 -13 -288 -189 0
341 -189 -238 -361 -25 -391 -283 -211 0
187 -283 -13 -108 -361 -424 -391 -211 -230 340 -33 0
289 -433 -151 -108 -13 -361 -424 -238 -25 -185 -404 -142 -245 -157 -34 -430 -7 -262 -202 -256 -141 -265 -469 -452 -122 0
230 -443 -490 -265 -475 -469 0
342 -146 -276 -265 -469 -391 -108 -490 0
-470 -16 -262 -304 -212 -151 -7 -157 -490 -141 -430 -265 -433 -469 -452 0
341 -391 -238 -361 -25 -262 -304 -151 -157 -34 -7 -430 -490 -433 -265 -141 -469 -452 -276 0
-391 -433 -430 -157 -262 -304 -151 -7 -490 -141 -265 -469 -452 -276 -108 -340 -238 -361 -25 -34 0
432 -28 -157 0
-28 -157 -430 0
213 -146 -358 -271 -70 -322 -49 -55 -276 -121 -231 0
35 -80 -157 -430 490 -433 -332 -98 -222 -123 -301 -70 -142 -49 -245 -486 -187 0
153 -142 -262 -514 -304 0
106 -138 -70 -301 -49 -304 -36 -157 -430 490 -433 -98 -123 -187 -7 -494 -285 -424 -322 -361 -271 -475 -231 0
284 -262 -492 -224 266 -504 -287 -405 -36 -187 -443 -271 -322 0
-262 -138 -96 -246 -422 -293 -224 -285 -492 266 -504 -287 -405 -36 -187 -443 -271 -322 0
283 -475 -271 -443 -322 -36 -358 -118 -55 -175 -301 -246 -494 -142 -422 -293 -224 0
342 -146 -322 -271 -301 -492 266 -276 -49 -70 -304 -157 -430 -433 -98 -7 -424 -361 -231 -36 0
285 -196 -98 -424 -477 -121 -271 -361 -231 -31 -322 -391 -55 0
187 -477 -492 266 -443 -391 -283 -98 -424 -271 -361 -231 -322 0
-56 -187 266 -36 -492 -443 -271 -322 -49 -70 340 -391 -146 -211 0
-146 -492 -322 266 -36 -271 -49 -70 -98 -424 -361 -231 -301 -276 -304 -157 -430 -433 -7 0
57 -108 -252 -380 -444 -231 -358 -271 -322 -283 0
-492 -70 -430 -304 -49 -252 -157 -231 -380 -271 -322 -93 -276 266 -36 -98 -424 -361 -301 -433 -7 0
189 -16 -211 -276 -342 -123 -32 0
147 -300 -503 -106 -475 -211 0
285 -503 -211 -276 -123 -57 -322 -271 -424 -360 -361 -231 -391 0
188 -288 -123 -405 -33 0
229 -443 -33 -326 -123 -14 -49 -271 -503 -70 -360 -107 0
212 -146 -14 -70 -49 -77 -402 -93 -322 -276 -123 -326 -271 -341 -503 -490 -265 -469 -231 -33 -360 0
-146 -341 -211 -14 -70 -49 -77 -402 -93 -322 -276 -123 -326 -271 -503 -490 -265 -469 -231 -33 -360 0
55 -70 -211 -276 -49 -77 -402 -93 -322 -123 -271 -503 -490 -265 -469 -231 -360 -391 -285 0
-265 -231 -469 -271 -322 -276 -49 -77 -93 -424 -361 -7 -430 -304 -252 -157 -380 -36 -301 -435 -453 -267 0
213 -340 -97 -7 -271 -490 -322 -276 -123 -231 -146 0
57 -360 -443 -271 -490 -322 0
358 -475 -443 -231 0
-360 -475 -493 -77 -36 -123 -361 -187 -253 -391 -436 -285 -17 -7 -443 -322 -107 -490 -271 -231 0
-340 -146 -322 -490 -271 -493 -77 -36 -361 -391 -7 -231 -123 -211 -97 -276 0
-475 -285 -123 -493 -77 -36 -361 -391 -49 -17 -7 -322 -490 -271 -231 -146 340 -211 0
-146 -123 -49 -77 -322 -271 -493 -36 -361 -391 -7 -490 -231 -211 -276 -424 -93 -97 0
-123 -276 -211 -322 -271 -424 -361 -231 -391 -7 -490 -49 -77 -493 -36 -93 -97 0
341 -107 -71 -291 -49 -276 -211 0
147 -394 -301 -307 -143 -343 -119 -203 -177 -442 -476 -211 0
358 -166 -58 -49 -504 -71 -211 -301 -343 -493 -423 -401 -225 -291 -93 -276 -342 -361 -391 -231 0
212 -429 -423 -493 -401 -175 -93 -475 -276 -342 -16 0
471 -469 -271 -49 -301 -361 -467 -7 -424 -77 -36 -435 -322 -430 -304 -157 -380 0
-276 -340 -481 -322 -501 -271 -467 -358 -7 -490 -92 -97 -391 -231 213 -275 0
-360 -55 -322 -271 -490 -358 0
-55 -358 -490 -271 -322 0
341 -123 -283 -147 -437 0
359 -416 -437 -493 -175 -92 -475 -275 -147 -342 -283 -490 0
-123 -122 -342 -283 -147 -437 0
341 -95 -374 -49 -288 -391 -325 -13 -283 -147 0
229 -147 -49 -391 -361 -424 -211 -108 -230 -342 -501 -467 -7 -444 -322 -490 -271 -493 -92 -275 -18 0
122 -203 -301 -120 -395 -175 -333 -493 -400 -490 -225 0
340 -283 -409 -481 -501 -467 -7 -490 -342 -97 -147 -301 -120 -333 -493 -225 -279 -108 -251 -197 -380 -322 -327 -271 -444 -92 -477 -275 0
-283 -147 -92 -275 -493 -342 -490 -18 -360 -271 -322 -444 -477 -409 -481 -501 -467 -7 -97 -301 -333 -279 -108 -251 -197 -380 -284 0
213 -490 -271 -322 -92 -275 -493 -409 -481 -501 -467 -7 -97 -301 -251 -380 -424 -361 -391 -230 -49 -211 0
-340 -283 -391 -322 -490 -271 -493 -77 -36 -361 -7 -211 -97 -146 -341 0
340 -251 -380 -7 -36 -490 -146 -391 -230 -211 -107 -443 -271 -322 -17 -275 0
470 -77 -391 -271 -322 -49 -36 -361 -7 -211 -380 -409 -467 -301 -424 -435 0
50 -488 -301 -321 -144 -312 -246 -186 0
359 -7 -312 -289 -123 -33 -14 -187 -326 -144 -443 -322 -107 -490 -271 -231 0
360 -33 -187 -123 -326 -490 -443 0
393 -289 -271 -322 -123 -14 -187 -326 -144 -443 -107 -490 -475 0
-231 -360 -229 -475 -443 0
231 -7 -182 -490 -289 -123 -224 -422 -144 -262 -175 -475 -469 -107 0
-231 -417 -175 -91 -475 -469 -187 -123 -326 -490 -443 -229 0
274 -224 -123 -490 -475 -107 -187 -326 -443 -392 -271 -322 -14 -119 -253 -436 -56 -293 -17 0
176 -383 -417 -262 0
373 -96 -138 0
494 -301 -143 -81 -246 -377 -51 -281 -72 -506 -453 -373 -267 0
-360 -7 -123 -271 -14 -326 -107 -322 -187 -490 -475 -422 -138 -262 -417 -443 -92 -470 -392 -231 0
121 -422 -224 0
-231 -14 -271 -123 -322 -326 -107 -187 -490 -475 -138 -443 -92 -470 -392 -224 -119 -253 -436 -17 0
342 -123 -490 -271 -322 -283 -146 0
213 -16 -283 -342 -122 -123 0
-358 -443 -271 -212 -283 -342 -122 -123 -490 -322 0
274 -92 -470 0
-92 -470 -275 0
276 -457 -98 -504 -485 -165 -255 -175 -266 -438 -415 -470 -289 -16 0
274 -266 -15 -504 -175 -485 -495 -245 -513 -144 -470 -294 0
-266 -504 -98 -369 -485 -165 -255 -175 -438 -470 -289 -16 -204 -72 -120 -275 -15 -495 -245 -513 -144 -294 0
-231 -16 -289 -438 -275 -294 -144 -245 -485 -257 -7 -495 -490 -98 -369 -165 -255 -120 -15 -513 -106 358 -443 0
201 -413 -369 -133 0
-470 -98 -485 -165 -255 -438 -289 -16 -490 -7 -257 -495 -369 -204 -120 -57 -275 -471 0
491 -199 -459 -15 -503 -400 -7 0
276 -175 -245 -144 -71 -495 -452 -266 -490 -15 -503 -7 -120 -255 -438 -289 -92 -16 0
373 -95 -137 0
265 -98 -373 -434 -495 -452 0
-443 -144 -294 -485 -275 -495 -490 -15 -120 -438 -57 -137 -257 -322 -146 -271 -212 -283 -122 -123 0
502 -77 -28 -35 -100 -485 -15 0
-470 -267 -99 -270 -229 -298 -106 -503 -28 -35 -485 -15 -42 -402 -201 -275 0
492 -137 -495 -106 -229 -99 -270 -298 -28 -35 -485 -15 -42 -201 -275 -7 0
176 -257 -203 -495 -120 0
Solved
