547 -225 -526 -16 -199 -208 -533 -167 0
189 -421 -1 -29 -73 -450 -290 -199 -145 0
539 -310 -60 -345 -152 -352 -102 -46 0
-310 -228 -189 -370 -131 -529 -79 -292 -547 -46 -538 -60 -345 -152 -352 -102 0
532 -131 -225 -292 -189 -529 -107 -370 -79 -46 -538 -60 -345 -152 -352 -102 -526 -78 0
419 -60 -538 -345 -152 -352 -102 -46 -208 -107 -229 -450 -319 -29 -370 -172 -79 -534 -225 -292 -189 -529 -526 -19 0
311 -156 -322 -105 -29 -319 -55 -425 -370 -217 -79 0
-310 -311 -538 -60 -345 -152 -352 -102 -46 0
201 -189 -526 -16 -208 -31 -529 -107 -538 -352 -46 -322 -29 -319 -55 -370 -217 -79 -415 -295 -19 -418 -229 -450 -172 -292 -190 -1 -139 -73 -421 0
-421 -79 -529 -382 -370 -319 -322 -73 -199 -526 -16 -208 -31 -107 -538 -352 -46 -29 -55 -217 -415 -295 -19 -418 -229 -450 -172 -292 -190 -1 -139 -290 -145 0
153 -310 -529 -292 -319 -46 -370 -538 -79 -16 -189 -208 0
-310 -60 -189 -295 -418 -29 -19 -319 -370 -538 -79 -16 -208 -145 -151 -529 -292 -46 0
188 -176 -19 -418 -215 -533 -526 -199 0
132 -123 -292 -176 0
153 -132 -415 -418 -295 -215 -526 -226 -16 -208 -31 0
-60 -189 -79 -19 -16 -208 -151 -415 -418 -295 -31 -292 -526 -199 -172 -29 -450 -529 -229 -107 -319 -370 -538 -145 -46 0
312 -549 -319 -168 -370 -538 -79 0
187 -158 -129 -307 -8 -382 -292 -29 -339 -450 -204 -529 -229 -107 -311 -319 -168 -370 -538 -79 -227 0
-189 -79 -8 -451 -129 -107 -229 -395 -407 -526 -199 -307 -382 -292 -29 -339 -450 -529 -319 -370 -538 -16 -208 -151 -19 -415 -418 -295 -31 -172 -145 -46 0
189 -290 -1 -134 -395 -29 -407 -450 -199 -145 0
-526 -46 -382 -370 -319 -322 -73 -199 -79 -16 -208 -31 -107 -538 -352 -529 -29 -55 -217 -415 -295 -19 -418 -229 -450 -172 -292 -190 -1 -139 -290 -145 -8 -451 -129 -395 -407 -189 -307 -339 0
526 -228 -189 0
46 -310 -278 -16 -473 -208 -382 -322 -245 -490 -319 -217 -451 -370 -61 -79 -558 0
-310 -79 -538 -558 -382 -370 -319 -322 -73 -199 -16 -208 -31 -107 -352 -529 -29 -55 -217 -415 -295 -19 -418 -229 -450 -172 -292 -190 -1 -139 -290 -145 -8 -451 -129 -395 -407 -189 -307 -339 -278 -473 -245 -490 -61 0
-46 -533 -538 -199 -558 -189 -382 -370 -319 -322 -73 -79 -16 -208 -31 -107 -352 -529 -29 -55 -217 -415 -295 -19 -418 -229 -450 -172 -292 -190 -1 -139 -290 -145 -8 -451 -129 -395 -407 -307 -339 0
-79 -189 -418 -199 -19 -129 -307 -8 -382 -292 -29 -339 -450 -529 -229 -107 -319 -370 -538 -16 -208 -31 -558 -322 -73 -352 -55 -217 -415 -295 -172 -190 -1 -139 -290 -145 -451 -395 -407 -278 -473 -245 -490 -61 0
177 -216 -211 -131 0
323 -49 -1 -220 -73 -154 -290 0
324 -154 -319 -382 -89 0
559 -229 -217 -382 -107 -319 -1 -220 -73 -322 -418 -199 -19 -129 -292 -29 -339 -450 -529 -89 -370 -538 -16 -208 -31 -558 -352 -55 -415 -295 -172 -190 -139 -145 -451 -407 -473 -490 -61 -183 0
312 -46 -183 -292 -559 -129 -451 -370 -538 -79 0
-310 -46 -34 -529 -382 -370 -319 -322 -73 -199 -79 -16 -208 -31 -107 -538 -352 -92 -29 -55 -217 -415 -295 -19 -418 -229 -450 -172 -292 -190 -1 -139 -145 -558 -312 -189 0
230 -79 -92 -217 -55 -89 -382 -322 -319 -34 -370 -29 -559 -450 0
-79 -559 -292 -183 -129 -451 -370 -538 -558 -107 -229 -92 -217 -55 -89 -382 -322 -319 -34 -29 -450 0
-154 -129 -529 -53 -107 -1 -220 -73 -382 -319 -322 -89 0
81 -310 -529 -292 -325 -382 -322 -46 -55 -319 -538 -217 -370 -189 0
-310 -189 -129 -292 -322 -46 -183 -319 -217 -382 -107 -1 -220 -73 -418 -199 -19 -29 -339 -450 -89 -370 -538 -208 -31 -558 -352 -55 -415 -295 -172 -190 -139 -145 -451 -407 -473 -490 -61 -79 -325 -529 0
80 -482 -325 -382 -322 -189 -19 -418 -215 -176 -199 -319 -558 -370 0
-229 -16 -382 -107 -319 -1 -220 -73 -322 -418 -199 -19 -129 -292 -29 -339 -450 -529 -89 -370 -538 -217 -208 -31 -558 -352 -55 -415 -295 -172 -190 -139 -145 -451 -407 -473 -490 -61 -183 -79 -92 -34 0
-16 -8 -183 -42 -277 -339 -110 -524 -208 -61 -563 -382 -107 -319 -1 -220 -73 -322 -418 -199 -19 -129 -292 -29 -450 -529 -89 -370 -538 -217 -31 -558 -352 -55 -415 -295 -172 -190 -139 -145 -451 -407 -473 -490 -79 -92 -34 0
328 -12 -92 -34 0
-189 -46 -418 -199 -19 -450 -29 -367 -92 -34 -183 -339 -208 -61 -382 -107 -319 -1 -220 -73 -322 -129 -292 -529 -89 -370 -538 -217 -31 -558 -352 -55 -415 -295 -172 -190 -139 -145 -451 -407 -473 -490 -79 -325 -193 -211 0
189 -450 -29 -407 -1 -199 -145 -183 -292 -129 -451 -370 -538 -558 -107 -79 -92 -217 -55 -89 -382 -322 -319 -34 0
565 -107 -211 -529 -418 -199 -29 -183 -208 -61 -382 -319 -1 -220 -73 -292 -89 -370 -538 -217 -31 -558 -352 -55 -295 -172 -190 -139 -145 -451 -407 -473 -490 -92 -34 -53 -164 0
81 -46 -565 -450 -322 -229 -319 -107 -370 -529 -292 -325 -382 -164 -55 -538 -217 -189 0
-46 -19 -292 -92 -217 -418 -55 -538 -325 -565 -129 -382 -322 -8 -319 -451 -370 -79 -450 -229 -107 -529 -164 -189 0
-19 -156 -229 -322 -29 -319 -55 -107 -370 -217 -79 -450 -418 -164 -565 -558 -292 -92 -538 -325 -129 -382 -8 -451 -529 -189 0
80 -307 -229 -271 -450 -490 -8 -29 -451 -424 0
-129 -229 -550 -565 -382 -322 -490 -319 -451 -370 -79 -164 -450 -29 -55 -107 -217 -418 -558 -292 -92 -538 -529 -189 -183 -89 -34 -53 -1 -220 -73 0
81 -229 -450 -322 -565 -319 -107 -370 -529 -292 -382 -164 -55 -538 -217 -189 -79 -310 -473 -208 -490 -451 -61 -558 -183 -564 -561 0
-229 -189 -322 -382 -418 -199 -319 -558 -370 -529 -292 -89 -490 -538 -451 -79 -450 -565 -107 -164 -55 -217 -473 -208 -61 -183 -550 -29 -92 -34 -53 -1 -220 -73 0
80 -189 -145 -225 -29 -388 -482 -382 -322 -215 -418 -176 -199 -319 -558 -370 -89 -183 -562 -559 -451 0
-189 -450 -92 -34 -217 -55 -89 -565 -382 -322 -490 -319 -451 -370 -79 -145 -418 -199 -558 -183 -529 -29 -107 -292 -538 -164 -473 -208 -61 -550 -53 -1 -220 -73 0
-450 -322 -199 -29 -407 -1 -145 -183 -292 -451 -370 -538 -558 -107 -79 -92 -217 -55 -89 -382 -164 -319 -34 -565 -490 -418 -529 -473 -208 -61 -550 -53 -220 -73 0
187 -322 -79 -382 -370 -319 -529 -224 0
372 -157 -208 -21 -228 -550 -565 -528 -490 -319 -382 -89 -322 -558 -451 -79 0
-322 -79 -550 -490 -382 -451 -319 -183 -370 -208 -565 -89 -558 -418 -295 -407 -145 -529 -199 -164 -29 -1 -292 -538 -107 -92 -217 -55 -34 -473 -61 -53 -220 -73 0
21 -206 -558 -31 -48 -292 -295 -130 -565 -418 0
294 -177 -130 -122 0
371 -245 -208 -292 -558 -31 -295 -565 -418 -484 -92 -139 -538 -217 -107 -49 -1 -490 -220 -195 -73 -451 -154 -79 0
300 -311 -107 -538 -529 -46 -27 -292 -261 -195 -272 0
-79 -29 -92 -34 -199 -292 -522 -164 -107 -538 -529 -409 -183 -1 -550 -490 -220 -73 -382 -558 -451 -319 -370 -208 -31 -295 -565 -418 -484 -139 -217 -89 -407 -145 -55 -473 -61 -53 0
323 -310 -217 -183 -89 -107 -1 -220 -73 -154 -382 -319 0
326 -450 -123 -199 -532 -529 -195 -299 -1 -223 -29 -407 -145 -183 -53 -538 -310 -220 -73 -217 -154 -55 0
48 -189 -527 -223 -211 -123 -538 -292 0
131 -129 -19 -164 -418 -565 0
177 -131 -527 -223 -211 -189 0
-176 -131 -177 -292 -123 0
155 -19 -310 -199 -538 -223 -292 -123 -527 -211 -189 -153 -164 -418 -565 -256 -1 -220 -73 0
131 -307 -229 -271 -450 -19 -164 -8 -418 -565 0
-19 -189 -532 -450 -407 -199 -223 -292 -123 -527 -211 -164 -271 -418 -565 -561 -256 -183 -53 -1 -220 -73 -154 -310 -538 -153 0
176 -76 -220 -66 -154 -1 -373 -183 -73 -245 -409 -217 -153 -532 -310 -407 -199 -538 -223 0
224 -76 -532 -527 -199 -189 0
-189 -40 -522 -373 -351 -66 -532 -123 -407 -199 -223 -527 -220 -154 -1 -183 -73 -245 -409 -217 -153 -310 -538 -450 -292 -211 -164 -271 -418 -565 -561 -256 -53 0
189 -223 -199 0
448 -19 -195 -208 -382 -166 -319 -370 -17 -177 -292 -176 -164 -418 -565 -424 -29 0
-129 -460 -207 -203 -53 -208 -484 -565 -166 -295 -19 -529 -319 -418 -92 -481 -370 -177 -292 -176 -127 -164 0
131 -130 -208 -166 -319 -370 -295 -153 -177 -418 -292 0
-176 -351 -522 -47 -208 -382 -166 -295 -467 -319 -418 -92 -370 -177 -292 -153 0
225 -195 -409 -53 -424 -220 -154 -1 -183 -139 -73 -245 -55 -217 -153 -310 -538 -66 -373 -532 -407 -199 -223 -522 -47 -208 -382 -295 -319 -418 -92 -370 -292 -527 0
-131 -177 -157 -230 -195 -107 -382 -19 -529 -319 -418 -481 -370 -176 -292 -17 0
-177 -532 -407 -199 -223 -292 -19 -527 -211 -164 -450 -418 -565 -183 -53 -1 -220 -73 -154 -310 -538 -153 -203 -529 -195 -29 -145 -217 -55 -230 -550 -107 -382 -319 -370 -548 -208 -295 -157 -481 -176 -17 0
569 -73 -199 -292 -211 -418 -53 -1 -220 -407 -538 -55 -217 -529 -145 -550 -382 -319 -370 -208 -295 -172 -409 -139 -373 -92 -31 -34 -490 -451 -484 -61 -352 -190 -361 0
181 -310 -108 -308 -217 -560 -246 -8 0
183 -158 -466 -30 -489 -204 -563 -448 -332 -337 -40 -308 -560 -8 0
272 -12 -220 -328 -154 -217 -108 -80 -560 -246 -8 -182 -466 -30 -489 -563 -448 -332 -337 -326 -257 -300 0
566 -483 -189 -529 -409 -1 -220 -73 -326 -300 -194 -273 -328 -217 -108 -80 -560 -182 -466 -30 -489 -563 -90 -129 -324 -165 0
-131 -19 -370 -319 -529 -199 -90 -409 -1 -220 -73 -217 -108 -182 -30 -165 -550 -382 -418 -92 -176 -292 -177 0
181 -309 -215 -418 -19 -176 -199 -482 -81 -529 -108 -189 -217 -561 -246 -9 0
188 -223 -199 0
127 -333 -26 -291 -396 -53 -1 -116 0
-79 -534 -526 -319 -370 -538 -77 -208 -177 -295 -130 131 -418 -292 -226 -310 0
224 -154 -220 -73 -1 -53 -30 -182 -418 -19 -176 -199 -529 -108 -217 -55 -208 -177 -319 -370 -295 131 -292 -557 -538 -451 -490 -327 -351 0
-79 131 -177 -319 -370 -295 -130 -208 -418 -292 -538 -310 -526 -77 -226 0
-19 -176 -172 -90 -199 -557 -220 -73 -1 -53 -182 -418 -30 -529 -108 -217 -55 -208 -177 -319 -370 -295 -292 -538 -451 -490 -382 -409 -165 -550 -92 0
81 -310 -538 -557 -47 0
79 -243 -208 -168 -226 -76 -526 -31 -557 0
155 -134 -182 -27 -290 -1 -220 -73 0
-131 187 -382 -370 -319 -529 -182 -1 -220 -73 -30 -424 -208 -76 -31 -557 -295 -418 -176 -292 -177 0
-79 -526 -538 -557 -310 -177 -319 -370 -295 -130 -208 -418 -292 131 -226 0
167 -243 -152 -208 0
548 -189 -223 -534 -228 0
528 -107 -324 -529 -223 -563 -20 -483 -590 -208 -534 -168 -549 0
-199 -187 -223 0
-189 -156 -367 -238 -460 -430 -483 -403 -145 -466 526 0
-176 -538 -208 -310 -319 -79 -418 -370 -292 -131 -177 0
29 -9 -129 -362 -163 -290 -568 -462 0
181 -544 -232 -331 -229 -34 -453 -560 -290 -9 0
332 -181 -9 -394 -129 0
183 -290 -462 -133 0
181 -104 -328 -232 -331 -229 -34 -453 -560 -290 -367 -305 -28 -282 -568 -220 -362 0
132 -19 -282 -265 -229 -453 -560 -367 -568 -220 -362 -462 -489 -468 -432 -426 -549 -58 -27 -534 -140 -3 -76 -597 -305 -418 0
577 -330 -92 -45 -365 -404 -89 -325 -193 -384 0
-92 -578 -484 -220 -15 -45 -365 -404 -89 -325 -193 -384 -91 0
7 -91 -152 -208 -168 -549 -432 -468 -484 -220 -15 -45 -365 -404 -89 -325 -193 -384 -150 -453 -305 0
182 -290 -3 -27 -265 -220 -282 -305 -7 0
35 -91 -220 -15 -45 -365 -404 -89 -325 -193 -384 -484 0
-92 -290 -220 -484 -15 -45 -365 -404 -89 -325 -193 -384 -91 0
431 -19 -568 -426 -362 -172 -76 -522 -534 -349 -549 -40 0
-19 -491 -599 -453 -484 -220 -15 -45 -365 -404 -89 -325 -193 -384 -468 -432 -568 -426 -362 -172 -76 -522 -534 -349 -549 -40 -131 -282 -265 -229 -560 -367 -462 -489 -58 -27 -140 -3 -597 -305 -418 0
531 -468 -365 -404 -89 -325 -193 -384 -131 -418 -220 -566 -426 -599 -453 -362 -76 -534 -349 -549 -265 -560 -367 -73 -146 -423 -32 -152 -259 -208 -292 -514 -122 -439 -50 -482 -214 -107 0
14 -36 -384 -325 -290 -256 -220 0
93 -163 -570 -365 -89 -22 -290 -256 -220 -13 -384 -325 -131 0
230 -290 -220 -487 -214 -468 -131 -92 -570 -365 -89 -13 -384 -325 -450 -204 0
222 -456 -365 -89 -193 -384 -570 -150 -453 -9 -25 -183 -3 -290 0
-290 -92 -142 -478 -178 -534 -549 -168 -152 -208 -426 -25 -13 -220 -365 -89 -193 -384 -570 -453 -214 -73 -439 -423 -32 -514 -265 -563 -560 -450 -204 -231 -487 -468 -131 -400 -325 0
290 -13 -220 0
221 -204 -450 -231 -560 -365 -89 -193 -570 -453 -384 -599 -35 -290 -119 -13 0
230 -579 -453 -384 -42 -131 -325 -214 -257 -24 -204 0
228 -365 -89 -193 -384 -453 -73 -423 -152 -265 -208 -563 -560 -131 -325 -220 -450 -599 -142 -534 -549 -168 -426 -122 -50 -482 -107 -530 -404 -418 -566 -349 -367 -146 -259 -292 -48 -558 -527 0
231 -42 -482 -530 -388 -107 0
577 -570 -181 -588 -218 -367 -16 -208 -450 -202 -229 -482 -530 -107 -34 -92 -290 -365 -404 -89 -9 -325 -193 -453 -384 0
578 -9 -216 -208 -24 -202 -257 -310 -538 81 -292 -177 -122 -131 -119 -152 -92 -34 0
-229 577 -460 -172 -208 -450 -202 -181 -588 -218 -367 -16 -146 -482 -530 -107 -34 -92 -290 -365 -404 -89 -9 -325 -193 -453 -384 0
-9 -92 -24 -216 -181 -530 -560 -107 -460 -172 -208 -450 -202 -588 -367 -16 -146 -482 -34 -218 -290 -365 -404 -89 -325 -193 -384 -579 -257 -310 -538 81 -292 -177 -122 -131 -119 -152 0
203 -229 -7 -265 -220 -282 182 -73 -530 -423 -107 -152 -216 -290 -208 -24 0
88 -28 -218 -367 -245 -34 -92 -570 -365 0
90 -92 -34 -119 -579 -245 -384 -365 -193 0
-92 -579 -107 -530 -50 -365 -404 -89 -325 -193 -384 -216 -259 -24 -292 -177 -122 -218 -119 -34 -181 -560 -460 -172 -208 -450 -202 -588 -367 -16 -146 -482 -290 -257 -310 -538 81 -131 -152 0
577 -84 -48 -397 -212 -336 -378 -404 -40 -490 -325 -453 -384 0
214 -128 -257 -202 -131 -24 0
204 -128 -331 -257 -229 0
8 -1 -73 -530 -423 -107 -152 -208 -202 -257 -264 -12 -24 -216 -131 -560 -181 0
-229 -329 -12 -264 -545 -232 -358 -180 -301 -172 -418 -20 -568 -566 -129 -450 -257 -202 -7 -265 -220 -282 182 -73 -530 -423 -107 -152 -216 -290 -208 -24 0
222 -15 -530 -107 -264 -232 -358 -180 -301 -172 -418 -20 -566 -450 -202 -265 -220 -73 -423 -152 -216 -290 -208 -131 -560 -48 -212 -404 -325 -384 -431 -599 -466 -50 -365 -89 -193 -259 -292 -177 -122 -218 -588 -367 -16 -146 -310 -538 81 -482 0
258 -568 -426 -362 -418 -439 -423 -32 -20 -349 -514 -152 -16 -273 -40 -208 -325 -202 0
-15 -290 -208 -202 -418 -423 -20 -349 -152 -16 -325 -259 -310 -538 81 -48 -292 -122 -482 -530 -107 -50 -220 -264 -232 -358 -180 -301 -172 -566 -450 -265 -73 -216 -131 -560 -212 -404 -384 -431 -599 -466 -365 -89 -193 -177 -218 -588 -367 -146 0
12 -58 -140 -426 -596 -29 -31 -367 -588 -218 -245 -365 0
11 -245 -89 -365 -193 -218 -384 -34 -12 -450 221 -560 -231 -453 -599 -570 -290 -204 -13 0
-204 -42 -431 -349 -466 -487 -232 -180 -478 -264 -89 -365 -193 -218 -384 -34 -450 221 -560 -231 -453 -599 -570 -290 -13 -426 -367 -588 -1 -73 -181 -423 -152 -208 -202 0
-579 -92 -89 -384 -218 -367 -28 -34 -570 -193 -365 -578 -107 -530 -50 -404 -325 -216 -259 -24 -292 -177 -122 -181 -560 -460 -172 -208 -450 -202 -588 -16 -146 -482 -290 -257 -310 -538 81 -131 -152 0
46 -515 -440 0
-290 -232 -358 -180 -301 -172 -599 -177 -122 -292 -48 -450 -563 -16 -208 -431 -349 -466 -264 -89 -365 -193 -218 -384 -560 -367 -588 -73 -423 -152 -202 -482 -216 -530 -107 -220 -50 -418 -20 -325 -259 -310 -538 81 -566 -265 -131 -212 -404 -146 0
-187 -199 -418 -152 -310 -538 81 -48 -292 -122 -530 -107 -599 -177 -563 -264 -218 -384 -560 -588 -131 -212 -549 -189 -168 -208 -324 0
-199 -189 -530 -599 -177 -122 -292 -310 -538 81 -107 -549 -224 -418 -152 -48 -563 -264 -218 -384 -560 -588 -131 -212 -168 -208 -324 0
231 -29 -336 -325 -150 -297 -21 -426 -404 -173 -146 -591 -292 -122 -482 -18 -530 -563 -107 0
-92 -1 -290 -365 -183 -218 -34 -73 -329 -204 -178 -534 -549 -168 -152 -208 -426 -478 -13 -220 -89 -193 -384 -570 -453 -214 -25 -142 -32 -514 -265 -563 -560 -450 -468 -231 -487 -439 -131 -400 -325 -91 0
30 -34 -150 -336 -290 -468 -297 -365 -183 -218 -204 -178 -534 -549 -168 -152 -208 -426 -478 -220 -89 -193 -384 -570 -453 -214 -25 -32 -514 -563 -560 -450 -231 -487 -439 -131 -400 -325 -447 -51 -599 -177 -122 -324 -292 -156 -591 -367 -173 0
291 -13 -220 0
422 -1 -597 -141 -73 0
-1 -73 -150 -404 -297 -325 -415 -271 -565 -491 -324 -599 -156 -336 -421 -597 -141 0
291 -220 -156 -51 -324 0
155 -89 -324 -193 0
425 -1 -404 -297 -325 -415 -73 -150 -491 -324 -599 -156 -336 -421 -597 -58 -21 0
-450 -34 -150 -336 -290 -468 -297 -365 -122 -218 -204 -178 -534 -549 -168 -152 -208 -426 -89 -193 -384 -570 -453 -214 -32 -514 -563 -560 -439 -131 -447 -599 -177 -324 -292 -156 -591 -173 -530 -107 -230 -28 -21 -404 -146 -482 -18 -448 0
289 -570 -591 -599 -146 -292 -150 -336 -290 -468 -297 -365 -122 -218 -204 -178 -534 -549 -168 -152 -208 -426 -89 -193 -384 -453 -214 -32 -514 -563 -560 -439 -131 -447 -177 -324 -156 -173 -530 -107 -230 -21 -404 -482 -18 -448 -415 -491 -421 -597 -58 0
-570 -89 -150 -297 -21 -426 -404 -173 -146 -591 -292 -122 -482 -18 -530 -563 -107 -230 -156 -324 -290 -599 -468 -365 -218 -204 -178 -534 -549 -168 -152 -208 -336 -193 -384 -453 -214 -32 -514 -560 -439 -131 -447 -177 -448 -415 -491 -421 -597 -58 0
-89 -193 -336 -150 -297 -21 -426 -404 -173 -146 -591 -292 -122 -482 -18 -530 -563 -107 -230 -156 -324 -290 -599 -468 -365 -218 -204 -178 -534 -549 -168 -152 -208 -448 -384 -453 -214 -32 -514 -560 -439 -131 -447 -177 -415 -491 -421 -597 -58 0
327 -565 -21 -273 -415 -297 -83 -150 -336 -404 -257 0
568 -29 -292 -173 -599 -591 0
-193 -230 -448 -178 -233 -173 -107 -292 -599 -591 -426 -351 -21 -384 -257 -415 -297 -83 -150 -336 -404 -156 -324 -146 -122 -482 -18 -530 -563 -290 -468 -365 -218 -204 -534 -549 -168 -152 -208 -453 -214 -32 -514 -560 -439 -131 -447 -177 -491 -421 -597 -58 0
327 -565 -21 -415 -297 -83 -150 -336 -404 -257 0
-51 -15 -156 -324 -290 -49 0
203 -365 -178 -173 -448 -107 -156 -324 -290 -21 -415 -297 -83 -150 -336 -404 -233 -351 -384 -292 -599 -591 -426 -146 -122 -482 -18 -530 -563 -468 -218 -204 -534 -549 -168 -152 -208 -453 -214 -32 -514 -560 -439 -131 -447 -177 -491 -421 -597 -58 0
-29 -570 -336 -290 -484 -365 -404 -89 -325 -193 -384 -150 -259 -131 -297 -292 -418 -415 -599 -597 -491 -324 -156 -421 -58 -21 -165 -426 -468 -30 -173 -591 0
568 -220 -290 -156 -12 -324 -365 -599 -107 -89 0
-570 -568 -336 -290 -484 -365 -404 -89 -325 -193 -384 -150 -259 -131 -297 -292 -418 -415 -599 -597 -491 -324 -156 -421 -58 -21 -165 -426 -468 -30 -173 -591 0
-89 -193 -484 -365 -404 -325 -290 -384 -131 -292 -418 -122 -21 -482 -426 -297 -415 -150 -491 -324 -599 -156 -336 -421 -597 -58 -530 -107 -468 -173 -591 -12 -447 -222 -448 -146 -18 -563 -218 -204 -178 -534 -549 -168 -152 -208 -453 -214 -32 -514 -560 -439 -177 0
-193 -325 -21 -415 -297 -83 -150 -336 -404 -290 -222 -156 -324 -484 -365 -384 -131 -292 -418 -122 -482 -426 -491 -599 -421 -597 -58 -530 -107 -468 -173 -591 -12 -447 -448 -146 -18 -563 -218 -204 -178 -534 -549 -168 -152 -208 -453 -214 -32 -514 -560 -439 -177 0
-325 -222 -21 -415 -297 -83 -150 -336 -404 -324 -290 -156 -484 -365 -384 -131 -292 -418 -122 -482 -426 -491 -599 -421 -597 -58 -530 -107 -468 -173 -591 -12 -447 -448 -146 -18 -563 -218 -204 -178 -534 -549 -168 -152 -208 -453 -214 -32 -514 -560 -439 -177 0
-365 -290 -264 -122 -599 -362 -482 -530 -107 -156 -324 -468 -21 -415 -297 -83 -150 -336 -404 -484 -384 -131 -292 -418 -426 -491 -421 -597 -58 -173 -591 -447 -448 -146 -18 -563 -218 -204 -178 -534 -549 -168 -152 -208 -453 -214 -32 -514 -560 -439 -177 -23 -233 -351 0
257 -290 -221 -23 -204 0
-290 -430 -468 -336 -150 -23 -297 -178 -173 -146 -591 -292 -122 -482 -530 -107 -156 -324 -404 -21 -415 -83 -204 -447 -264 -599 -362 -484 -384 -131 -418 -426 -491 -421 -597 -58 -448 -18 -563 -218 -534 -549 -168 -152 -208 -453 -214 -32 -514 -560 -439 -177 -233 -351 0
-220 -325 -351 -324 -384 -156 -522 -204 -23 290 0
-325 -365 -360 -233 -522 -362 -336 -150 -297 -21 -426 -404 -173 -146 -591 -292 -122 -482 -18 -530 -563 -107 -131 -418 -415 -83 -204 -351 -324 -156 -384 -23 290 0
222 -569 -107 -599 -427 -35 -360 -204 -578 -464 -23 0
-365 -415 -21 -426 -292 -173 -599 -591 -107 -360 -204 -23 -522 -351 -324 -384 -156 -233 -362 -336 -150 -297 -404 -146 -122 -482 -18 -530 -563 -131 -418 -83 290 0
220 -35 -11 -578 -23 0
-189 -384 -324 -292 -599 -107 -122 -530 -563 -131 -418 -264 -218 -549 -168 -152 -208 -560 -177 -48 -224 -310 -538 81 -588 -212 0
-538 -208 -292 -310 -131 -418 -177 -319 -370 -79 0
548 -18 -530 -362 -482 -558 -122 -46 -292 -224 -259 -325 -404 -336 -150 -297 -415 -566 -21 -426 -29 -173 -534 0
203 -468 -482 -404 -530 -432 -336 -107 -325 -231 -228 0
-468 -23 -292 -259 -150 -432 -336 -214 -228 -46 -204 -482 -404 -530 -107 -325 -231 0
106 -228 -146 -292 -122 -591 -482 -204 -530 -231 0
-468 -526 -228 -214 -204 -292 -259 -150 -432 -336 -46 -482 -404 -530 -107 -325 -231 0
202 -23 -404 -13 -189 -220 -228 -325 0
203 -84 -292 -325 -46 -404 -336 -259 -150 -214 -181 -560 -332 -189 -231 -228 -208 0
-18 -214 -404 -220 -325 -204 -292 -46 -336 -259 -150 -560 -208 -482 -530 -107 -122 -290 -50 -156 -324 -146 -591 -547 -362 -558 -224 -297 -415 -566 -21 -426 -29 -173 -534 -563 0
-214 -50 -107 -404 -220 -325 -530 -482 -146 -591 -204 -208 -292 -46 -336 -259 -150 -560 -122 -290 -156 -324 -547 -362 -558 -224 -297 -415 -566 -21 -426 -29 -173 -534 -563 0
214 -297 -150 -46 -418 -292 -177 -122 -131 0
335 -415 -305 -281 -297 -150 0
-189 -228 -530 -50 -482 -404 -23 202 -220 -107 -325 0
-228 -79 -440 -107 -292 -150 -530 -122 -336 -482 -404 -224 -50 -23 202 -220 -325 0
108 -73 -305 -281 -150 -297 -336 -404 -325 -256 -14 -290 -530 -229 -50 -156 -220 -324 0
334 -599 -568 -3 -73 -281 -305 -380 -462 -270 -409 -297 -150 0
-156 -305 -150 -297 -336 -292 -122 -290 -482 -530 -107 -404 -325 -220 -324 -527 -440 -23 202 0
334 -188 -129 -229 -482 -530 -107 -122 -41 -305 -183 -467 -404 -150 0
29 -91 -43 -36 -260 -599 -272 -568 -369 -157 0
448 -187 -565 -324 -164 0
106 -565 -229 -324 -28 -36 -272 -369 -17 -467 -208 -82 -440 -48 -527 -404 -292 -337 -188 -122 -41 -482 -530 0
227 -39 -129 -41 -482 -530 -229 -107 -324 -36 -272 -369 -208 -440 -527 -404 -292 -337 -122 -462 -305 -297 -281 -150 -336 -183 0
149 -164 -129 -568 -27 -489 -3 -380 -468 -462 -270 -599 -281 -305 -409 -297 -150 -336 0
450 -351 -438 -522 -54 -117 -532 -178 -594 -129 -568 -172 -200 -164 -28 0
531 -39 -438 -54 -178 -129 -200 -549 -146 -187 -324 -281 -468 -462 -270 -305 -297 -150 -440 -336 -3 -380 -409 -292 -337 -122 -41 -482 -107 0
148 -383 -319 -195 -370 -88 -560 -364 -183 -9 -570 -305 -30 -462 -336 -297 0
202 -23 -297 -150 -324 -122 -482 -107 -530 -292 -404 -290 -325 -220 -336 -214 0
460 -280 -394 -331 -164 -338 -42 -25 -325 -257 -220 -51 -324 -290 0
282 -156 -25 -331 -1 -129 -257 -394 -13 -220 0
222 -380 -356 -269 -409 -23 -13 0
128 -181 -394 -331 -7 0
127 -42 -325 -338 -257 -164 0
333 -34 -89 -364 -324 -419 -23 -370 -214 -559 -1 -52 -306 -181 -25 -115 -394 -331 -127 0
289 -562 -370 -559 -25 -257 -394 -127 -331 -89 -364 -324 -419 -23 -214 -306 -115 -461 0
529 -599 -394 -257 -164 -338 -325 -220 -324 -290 -461 -89 -364 -419 -23 -214 -306 -122 -230 -482 -107 0
395 -183 -280 -257 -372 -220 -561 -290 -564 0
-13 -39 -257 -280 -220 -380 -269 -409 -23 -505 -461 -183 -290 0
-183 -402 -23 -253 -324 -178 -549 -164 -590 -206 -430 -338 -146 -29 335 -305 -297 -150 -40 -220 -325 -290 -257 -380 -505 -372 -561 -564 0
569 335 -257 -290 -23 -324 -338 -209 -297 -150 -220 -325 -227 -292 -122 -230 -482 -214 -107 -530 0
41 -273 -300 -260 -257 -430 -325 0
335 -568 -257 -325 -292 -122 -482 -214 -530 -230 -107 -338 -290 -23 -324 -209 -297 -150 -220 -227 0
529 127 -338 -257 -325 -568 -482 -107 0
394 -183 -220 -280 -290 -27 -7 -305 -564 -372 -561 -155 -39 0
-13 -183 -290 -220 -27 -7 -305 -372 -561 -280 -155 -564 -15 0
13 -364 -440 -341 -599 -233 -351 -383 -300 -47 -272 -23 -324 -20 -268 -581 -567 -212 -415 -505 -378 -280 -583 -380 -460 -220 -410 -290 0
-13 -27 -280 -155 -129 332 -220 -290 -305 -372 -561 -564 -15 0
569 -341 -440 -599 -233 -351 -383 -300 -47 -272 -23 -324 -20 -268 -581 13 -212 -415 -378 -280 -583 -380 -460 -220 -410 -290 -474 -163 0
332 -300 -440 -383 -568 -272 -23 -324 -268 -415 -583 -460 -220 -410 -290 -474 -155 -129 -15 -418 -189 -122 -41 -306 -230 -292 -482 -214 -107 -530 -338 -257 -325 0
-27 182 -372 -332 -79 -395 -446 -26 -290 -220 -282 -7 -305 -3 -230 0
529 -163 -338 -41 -129 -482 -257 -325 -568 -107 0
-280 -13 -220 -290 -155 -15 -122 -230 -395 -482 -107 -530 -338 -41 -129 -257 -325 -568 -566 -415 -306 0
216 -332 -227 -466 -189 -122 -230 -482 -107 -530 0
-13 -15 -324 -220 -290 -155 -122 -230 -395 -482 -107 -530 -338 -41 -129 -257 -325 -568 -280 -415 -306 0
481 -578 -383 -36 -23 -268 -506 -474 -324 -568 -566 -129 -332 -230 -107 -381 -338 -530 -189 -41 0
258 -418 -395 -324 -290 -230 -107 -482 -530 -122 -41 -383 -23 -268 -474 -568 -338 -189 -415 -460 -220 -410 -155 -257 -325 -306 -214 -227 -466 -440 -272 -583 -292 0
483 -379 -189 -298 -227 -272 -466 -560 -332 -568 -537 -230 -107 -390 -482 -530 -338 -122 -41 0
-129 -41 -107 -338 -530 -324 -482 -189 -298 -227 -272 -466 -568 -537 -230 -122 -415 -410 -220 -290 -155 -395 -13 -257 -325 -306 -214 -127 0
531 -155 -220 -13 -324 -1 -395 -165 -181 -338 -9 -41 -306 -230 -482 -214 -107 0
281 -565 -324 -155 -415 -220 0
183 -238 -324 -155 -29 -290 -383 -267 -349 -562 -370 -184 -559 -362 -277 0
282 -362 -440 -66 -214 -306 -277 -9 -324 -155 -29 -290 -383 -349 -562 -370 -559 -410 -13 -220 0
185 -362 -520 -66 0
182 -312 -122 -292 -92 -549 -261 -34 -10 -364 -253 -155 -324 -37 -220 -51 -265 -13 -562 -410 -370 -185 -559 -277 0
221 -272 -261 -490 -447 -451 -324 -321 -383 -349 -520 -185 -410 -13 0
-568 -23 -292 -324 -220 -122 -214 -290 -230 -482 -107 -530 -338 -227 -257 -325 -297 -404 -150 -336 -209 0
371 -272 -579 -292 -34 -446 -598 -79 0
222 -34 -336 -487 -331 -150 -25 -1 -181 -312 -598 -559 -370 -292 -88 -324 -290 -51 -23 0
182 -224 -448 -163 -338 -42 -472 -325 -404 -411 -336 -37 -150 -25 -1 -598 -562 -370 -592 -559 -361 0
323 -34 -336 -331 -150 -25 -487 -1 -598 -370 -120 -559 -181 -448 -163 -338 -42 -472 -325 -404 -411 -37 -562 -592 -361 -88 0
-13 -227 -189 -562 -370 -88 -472 -336 -150 -28 -448 -163 -338 -42 -325 -324 -331 -25 -487 -598 -559 -404 -592 -361 -257 -220 -312 -292 -290 -51 -23 0
-23 -220 -150 -297 -324 -325 -336 -290 -404 -292 -122 -482 -530 -107 -214 -204 0
163 -19 -426 -29 -566 -449 0
7 -558 -528 -180 -292 -362 -208 -441 -150 -297 -460 -29 -164 -426 -566 -272 -349 -490 -579 230 -204 -453 -214 -325 -42 -257 -24 -129 0
371 -189 -528 -34 -487 -579 -132 -181 -129 -9 -180 -292 -208 -441 -150 -297 -460 -566 -272 -349 230 -204 -214 -325 -42 -257 -24 -570 -79 -446 0
-228 -528 -189 -226 0
448 -516 -441 -150 -297 -460 -174 -538 -180 -175 -528 -224 -189 -201 0
28 -441 -516 -538 -175 -452 -224 -9 -189 -129 -528 -165 -180 -272 -570 -174 -158 0
-220 -324 -297 -292 -204 -214 -325 -150 -122 -290 -482 -107 -530 -336 -404 0
370 -272 -324 -154 -107 -325 -530 -42 -482 -292 -122 0
165 -521 -214 -306 -361 -183 -150 -561 -388 -297 -231 -417 -204 -566 -337 0
372 -29 -257 -204 -214 -150 -297 -280 -183 -3 -36 -577 -42 -325 -154 -324 -50 -107 -530 -482 -122 0
370 -42 -214 -336 -530 -404 -257 -482 -292 -325 -122 -324 -154 -107 -150 0
327 -89 -324 -272 -154 0
-332 -8 -230 -227 -568 483 -272 -107 -482 -530 -338 -122 -41 -560 -473 -305 -462 -270 -336 -297 -150 -395 -331 0
182 -267 -3 -75 -280 -305 -127 -230 -227 -568 483 -272 -107 -482 -530 -338 -122 -41 -560 -473 -462 -270 -336 -297 -150 -331 0
8 -305 -410 -297 -150 -462 -336 -369 -404 -43 -286 -75 -133 -3 -12 -25 -36 -394 -577 -331 -451 -127 0
-568 -560 -150 -577 -230 -272 -107 -482 -530 -122 -410 -462 -336 -297 -404 -3 -36 -183 -280 -260 -214 -324 -22 -50 -563 -204 -80 -42 -154 -325 -165 -570 0
600 -230 -150 -297 -462 -22 -154 -204 -324 -530 -257 -50 -165 -107 -577 -272 -482 -122 -410 -336 -404 -3 -36 -183 -280 -214 -42 -325 -292 0
-230 -165 -22 -154 -204 -324 -50 -410 -336 -107 -150 -530 -297 -482 -462 -122 -257 -280 -183 -3 -36 -577 -42 -325 -292 -598 -214 -272 -404 0
569 -365 -119 -286 -214 -404 -280 -336 -150 -297 -462 -183 -446 -9 -81 -292 -566 -449 -129 -598 -165 -257 -204 -3 -36 -577 -42 -325 -154 -324 -50 -107 -530 -482 -122 0
-165 -598 -119 -214 -404 -280 -336 -150 -297 -462 -292 -183 -257 -204 -3 -36 -577 -42 -325 -154 -324 -50 -107 -530 -482 -122 -22 -410 -272 0
40 -230 -204 -482 -530 -42 -107 -339 0
89 -570 -50 -107 -324 0
569 -19 -272 -446 -81 -292 -370 -598 -28 -257 -204 -214 -150 -297 -280 -183 -3 -36 -577 -42 -325 -154 -324 -50 -107 -530 -482 -122 0
371 -25 -39 -3 -75 -280 -415 -150 -297 -462 -28 -19 -272 -292 -446 -598 -81 0
-598 -272 -297 -3 -462 -257 -204 -214 -150 -183 -36 -577 -42 -325 -154 -324 -50 -107 -530 -482 -122 -280 -292 -119 -404 -336 -22 -410 0
372 -568 -107 -482 -530 -122 -257 -204 -214 -150 -297 -280 -183 -3 -36 -577 -42 -325 -154 -324 -50 0
481 -29 -92 -34 -22 -50 -107 -324 -404 -272 -154 -214 -292 -325 -530 -122 -42 0
-230 -8 -183 -3 -75 -280 -267 -568 483 -272 -107 -482 -530 -122 -41 -560 -462 -336 -297 -150 -214 -307 -22 -257 -325 -204 -42 0
483 -568 -257 -204 -3 -280 -183 -272 -107 -482 -530 -122 -560 -462 -336 -297 -150 -214 -22 -325 -42 -490 -453 -80 -154 -324 -50 -26 0
-272 -42 -324 -257 -154 -107 -325 -530 -204 -22 -50 -404 -214 -292 -122 -482 -3 -280 -183 -462 -336 -297 -150 -36 -577 -119 -410 0
272 -22 -122 -482 -530 -214 -107 -150 -292 -50 -336 -204 -324 -404 -257 -154 -325 0
149 -43 -288 -265 -134 -280 -404 -416 -336 -297 0
148 -408 -575 -134 -92 -462 -270 -467 -297 -83 0
165 -445 -3 -75 -280 -27 -260 -297 -288 -404 -336 -150 -462 -270 -54 -117 -489 -333 -183 -564 -561 -319 -372 -81 -440 -47 -362 -463 -358 -223 -351 -383 -577 -36 -12 -364 -88 -50 -107 -324 -565 0
334 -226 -467 -229 -41 -482 -530 -107 -122 -129 -305 -183 -404 -150 0
322 -333 -590 -568 -440 -47 -462 -270 -297 -150 -336 -229 -41 -482 -530 -107 -122 -305 -183 -404 -489 -27 -257 -204 -339 -3 -75 -280 -260 -288 -54 -117 -564 -561 -372 -81 -463 -358 -351 -383 -577 -36 -12 -50 -324 -594 -450 -187 0
133 -45 -81 -260 -372 -446 -561 -288 -183 0
472 -442 -380 -195 -356 -89 -506 -365 0
598 -446 -260 -272 -81 -577 -372 -36 0
370 -362 -440 -47 -351 -183 -383 -561 -320 -81 0
149 -134 -81 -260 -372 -446 -561 -288 -183 -195 -89 -365 -473 -404 -462 -270 -229 -41 -482 -530 -107 -122 -129 -305 -467 -150 -454 -336 -297 0
231 -462 -270 -305 -297 -150 -440 -410 -336 -81 -260 -372 -288 -183 -195 -404 -229 -41 -482 -530 -107 -122 -351 -383 -577 -280 -432 -47 -568 -599 -272 -36 -324 -590 -489 -27 -257 -204 -339 -3 -75 -54 -117 -463 -12 -50 -594 -187 -428 0
-446 -28 -324 -164 -449 -424 -187 -272 -568 -260 -599 -445 -81 -577 -372 -36 0
-28 -320 -195 -383 -449 -187 -324 -164 -568 -424 -272 -260 -599 -445 -81 -577 -372 -36 0
371 -3 -599 -27 -272 -332 -260 -489 -432 -226 -229 -41 -482 -530 -107 -122 -129 -305 -183 -404 -150 -336 -7 -297 -164 -462 -449 -195 -383 -187 -324 -568 -81 -577 -372 -36 0
148 -187 -177 -449 -540 -29 -47 -462 -440 -297 0
-324 -297 -530 -107 -122 -404 -150 -336 -482 -204 -214 -292 -325 -290 0
149 -577 -292 -260 -122 -447 -81 -272 -372 -36 -156 -325 -404 -336 0
79 -568 -28 -204 -107 -51 -15 -325 -222 -447 -156 0
80 -439 -214 -530 -272 -482 -292 -260 -122 -447 -81 -577 -372 -36 0
-577 -260 -325 -372 -204 -107 -81 -214 -530 -482 -292 -272 -122 -36 -290 -462 -297 -150 -404 -336 0
155 -220 -297 -336 -462 -404 -290 -325 -150 0
-260 -36 -530 -272 -482 -292 -122 -372 -81 -297 -336 -462 -404 -290 -325 -150 -204 -107 -214 0
260 -81 -372 -122 -447 -292 0
79 -135 -181 -107 -204 -51 -36 -325 -290 -220 -13 -447 -372 -156 0
-36 -272 -530 -214 -482 -292 -122 -372 -81 -107 -204 -325 -290 -297 -336 -404 -150 0
370 -600 -292 -122 0
36 -81 -90 -204 -107 -51 -325 -156 -366 -372 -292 -122 -290 0
-462 -514 -439 -214 -82 -299 -204 -258 -290 -297 -336 155 -404 -325 -150 -461 0
462 79 -107 -204 -51 -36 -325 -290 -447 -372 -156 0
371 -491 -107 -51 -325 -447 -156 -204 -290 -439 -214 -82 -299 -258 -297 -336 -404 -150 -461 -36 -372 -81 0
-81 -372 -292 -122 -290 -107 -325 -204 -214 -297 -336 -404 -150 -530 -482 0
46 -272 -229 -204 -167 -40 -325 -260 -562 -492 -539 -440 0
-272 -559 -229 -204 -362 -482 -530 -107 -122 -305 -404 -150 -40 -260 -325 -453 -225 -492 -336 -177 -539 -440 -47 -167 -562 0
370 -453 -150 -336 -204 -404 -325 -482 -530 -107 -122 -225 -312 -214 -292 -321 0
148 -305 -220 -1 -73 -290 -462 -336 -297 0
291 -280 -73 -220 -1 0
221 -230 -563 -395 -107 -530 -568 -129 -338 -482 -257 -325 -41 -567 -415 -280 -13 0
229 -390 -560 -307 0
203 -13 -51 -107 -220 -229 -563 -395 -530 -568 -129 -482 -257 -325 -41 -567 -415 -280 0
215 -307 -257 -204 -51 -107 -563 -530 -568 -482 -325 -41 -567 -560 -220 -290 -73 -1 -8 -336 -297 -150 -462 0
598 -462 -568 -482 -257 -325 -41 -107 -220 -567 -290 -204 -297 -150 -530 -439 -214 -51 -563 -560 -73 -336 -292 -260 -272 -453 -579 -36 0
289 -22 -214 -150 -439 -297 -220 -462 -15 0
334 -527 -226 -404 -73 -3 -568 -270 -305 -599 -462 -409 -281 -297 -150 -229 -41 -482 -530 -107 -122 -129 -183 0
202 -229 -297 -336 -404 -73 -3 -568 -599 -462 -150 -41 -482 -530 -107 -122 -492 -439 -453 -36 -214 -579 -220 -290 -257 0
231 -3 -220 -290 -447 -257 -204 -51 -107 -563 -530 -568 -482 -325 -41 -567 -560 -73 -336 -297 -150 -462 -260 -453 -272 -492 -47 -439 -214 0
-229 -231 -204 -297 -336 -404 -73 -3 -568 -599 -462 -150 -41 -482 -530 -107 -122 -492 -439 -453 -36 -214 -579 -220 -290 -257 0
291 -416 -150 -297 -267 -331 -79 -292 371 -598 -579 -272 -127 -257 -220 0
-462 -579 -292 371 -79 -272 -290 -150 -297 -257 -220 -204 -482 -530 -107 -41 -325 -568 -336 -404 -73 -122 -439 -453 -36 -214 -260 0
221 -309 -214 -8 -530 -560 -107 -229 -204 -257 -282 -13 0
490 -229 -351 -41 -482 -530 -225 -107 -51 -13 -220 -214 -8 -560 -204 -257 -30 -73 -568 -1 -599 -272 0
108 -229 -351 -41 -30 -482 -568 -530 -225 0
25 -37 -265 -181 -135 0
149 -229 -107 -220 -13 -563 -51 -530 -568 203 -482 -257 -325 -41 -567 -395 -8 -305 -336 -297 0
-229 -473 -220 -461 -257 -13 -290 -297 -150 -336 -107 -563 -51 -530 -568 -482 -325 -41 -567 -8 -245 -56 -73 -1 -181 -135 -204 -214 -312 -351 -30 -225 0
326 -439 -482 -404 -530 -336 -107 -325 -292 -534 -260 -79 371 -272 -204 -290 -297 -150 -214 -312 -453 -36 -122 0
40 -229 -461 -534 -568 -107 -225 -204 -530 -187 -590 -482 -432 -42 0
-440 -515 -47 -439 0
468 -187 -482 -530 -214 -47 -439 -82 0
-568 -163 -204 -482 -530 -42 -107 40 -461 -534 -225 -187 -590 -432 0
202 -222 -290 -258 -24 0
-439 -260 -482 -530 -107 -290 -214 -453 -534 -297 -150 -292 -336 -204 -404 -272 -325 -79 371 -312 -36 -122 0
-13 203 -220 -453 -107 149 -563 -51 -530 -568 -229 -482 -257 -325 -41 -567 -579 -305 -336 -297 0
203 -229 -292 371 -579 -272 -290 -220 -73 -453 -107 149 -51 -530 -568 -79 -482 -257 -325 -41 -567 -336 -297 -214 0
14 -226 -45 -260 -225 -351 -466 -122 -41 -395 -189 -482 -460 -268 -214 -530 -229 -568 -22 -107 -220 -51 0
-229 -260 -297 -150 -482 -530 -107 -122 -214 -290 -404 -204 -292 371 -272 -453 149 -79 -325 -336 0
291 -2 -150 -297 -331 -267 -79 -292 371 -416 -579 -272 -127 -257 -220 0
-260 -36 -482 -107 -530 -214 -290 -150 -297 -79 -292 371 -272 -204 -325 -404 -453 -336 -534 -312 -122 0
-257 -41 -558 -214 -204 -51 -107 -563 -530 -568 -482 -325 -48 -567 -560 -220 -290 -1 -336 -297 -150 -272 -490 -189 -453 -225 -578 -349 -229 108 -382 -156 0
257 202 -290 -214 -29 -558 -449 -297 -150 -225 -336 -189 -404 -272 -325 0
-229 -568 -214 -204 -51 -107 -563 -530 -558 -482 -325 -48 -567 -560 -290 -1 -336 -297 -150 -272 -490 -189 -453 -225 -578 108 -382 -156 -42 -404 0
395 -134 -183 -25 0
216 -395 -150 -336 -331 -230 -189 -122 -227 -482 -107 -530 -262 -11 -23 0
148 -14 -257 -38 -290 -395 -305 -220 -1 -73 -336 -297 0
149 -416 -281 -305 -336 -297 0
396 -127 -257 -331 -38 0
-36 -272 -325 -107 -404 -336 -297 -150 -214 -122 -530 -204 -558 -290 -482 -453 -292 -79 371 -534 -312 0
231 -305 -290 -257 -220 -1 148 -336 -297 -181 -135 -156 -13 -530 -51 -563 -107 0
215 148 -220 -257 -204 -229 -290 -1 -13 -336 -297 -181 -135 -156 -530 -51 -563 -107 0
148 -41 -325 -204 -382 -229 -257 -482 -568 -530 -225 -107 -214 -220 -290 -1 -13 -336 -297 -181 -156 -51 -563 -460 0
-41 -229 -257 -214 -204 -107 -530 -558 -482 -325 -568 -290 -1 -336 -297 -150 -272 -490 -453 -404 -292 371 -579 -220 -79 -122 -13 -181 -460 0
-229 -257 -220 -204 -290 -1 -13 -336 -297 -181 -530 -107 -214 -460 -150 -404 -325 -558 -482 -568 -272 -490 -453 -292 371 -579 -79 -122 0
-257 -220 -290 -150 -1 -336 -297 -272 -490 -453 -579 -214 -122 -482 -107 -530 -12 -181 -568 -204 -13 -460 -404 -325 -558 -292 371 -79 0
-272 -453 -297 -150 -336 -214 -404 -290 -325 -204 -292 -122 -482 -107 -530 -558 371 -79 -534 -312 0
-229 -220 -107 -214 -257 -530 -204 -290 -13 -336 -297 148 -156 -51 -563 -230 0
-220 -257 -127 -563 -560 -107 -214 -530 -204 -290 -13 -336 -297 148 -156 -51 -230 0
-257 -467 -599 -558 -292 -491 -214 -299 -204 -258 -290 -297 -336 -404 -325 -150 -156 -563 -560 -107 -530 148 -51 0
231 -267 -482 -530 -214 -187 -439 -82 -292 -260 -122 -447 -467 -42 -563 -107 0
106 -33 81 -208 -440 -439 -292 -122 -482 -530 0
-13 -220 -107 81 -292 -122 -482 -599 335 -297 -150 -194 -214 -156 -290 -258 202 -530 -14 0
-220 -42 -128 -482 -530 -214 -187 -292 -260 -122 -447 -563 -107 -491 -567 -599 335 -297 -150 -290 -336 -156 -404 -325 -258 202 81 -194 -14 0
-372 -297 -204 -482 -530 -214 -292 -122 -107 -290 -150 -336 -404 -325 0
216 -466 -259 -430 -208 -292 -16 -226 -189 -440 0
149 -181 -290 -15 -9 -220 -22 -214 -259 -430 -208 -292 -16 -226 -189 -336 0
-13 -229 -325 -204 -257 -321 -41 -482 148 -530 -225 -107 -214 -220 -290 -336 -297 -181 -156 -51 -563 -600 -538 -292 -208 -16 -226 -189 -150 -15 -22 0
-563 -257 -220 -290 -325 -204 -214 -321 -482 -530 -225 -107 -336 -297 -156 -51 -600 -292 -189 -150 -447 -312 -81 -42 -561 -231 -564 0
149 -131 -246 -366 -13 -292 -90 -220 -266 -308 -447 -388 -81 -9 -156 -42 -305 -325 -404 -336 0
215 -181 -257 -325 -338 -482 -107 -600 -331 529 -1 -396 -336 -150 -246 -366 -13 -292 -90 -220 -266 -308 -447 -388 -81 -9 -156 -42 -404 0
149 216 -225 -17 -175 -209 -292 -447 -312 -81 -156 -42 -487 -325 -230 -189 -122 -227 -482 -107 -530 -404 -336 0
-13 -257 -90 529 -366 -325 -338 -482 -107 -600 -230 -189 -122 -227 -530 -297 -150 -225 -17 -175 -209 -292 -447 -81 -156 -42 -487 -404 -336 -23 -214 -220 -266 -308 -182 -290 0
-257 -220 -297 -150 -336 -214 -404 -290 -325 -482 -107 -122 -530 -292 -204 0
-13 -362 -556 -570 -81 -28 -156 -461 -220 -290 -14 0
-220 -297 -290 -150 -336 -404 -325 -204 -214 -482 -107 -122 -530 -292 0
-297 -290 -404 -325 -204 -150 -336 -214 -482 -107 -122 -530 -292 0
221 -333 -395 -131 -420 -564 -372 -292 -122 -1 -322 -212 -73 -257 -49 -378 -280 -13 0
231 -280 -290 -462 -73 -220 -13 -7 -305 -155 -395 -131 -420 -292 -122 -322 -212 -257 -41 -482 -530 -107 0
371 -379 -230 483 -189 -466 -227 -272 -537 -107 -298 -482 -530 -338 -122 -41 -127 -7 -181 -600 -559 0
221 -562 -462 -181 -290 -559 -230 483 -189 -466 -227 -272 -537 -107 -482 -530 -338 -122 -41 -7 -1 -73 -410 -257 -280 -13 0
215 -230 -395 -73 -270 -220 -462 -290 -474 -189 -466 -272 -537 -107 -482 -530 -122 -41 -410 -257 -13 -204 -155 -420 -292 -322 -306 0
7 371 -514 -292 -261 -34 -79 -46 -579 -272 -267 -282 -306 0
127 -448 -29 -325 -257 -338 529 -482 -107 0
164 -29 -568 -450 0
395 -37 -181 -265 -27 0
256 -45 -10 -288 -365 -89 -460 -367 -568 -450 -163 -333 -27 -396 -181 -265 0
562 -367 -238 -297 -10 -579 -288 -131 -305 -27 -220 -561 -13 -372 -155 -564 -15 -333 -396 -444 -298 -257 -365 -89 -568 -450 -163 -260 -446 -79 0
42 -372 -292 -122 -579 -564 -238 -297 -10 -288 -131 -305 -27 -220 -561 -13 -15 -333 -396 -444 -298 -257 -568 -450 -260 -324 -156 -338 -325 0
531 -579 -122 -336 -257 -325 -482 -530 -107 -292 -297 -220 -13 -15 -156 -214 -189 -24 -230 0
-150 -456 -336 -415 -305 -297 -281 -148 0
431 -329 -34 -10 -320 -331 -581 -487 -212 -466 -397 0
461 -45 -336 -456 -473 -245 -322 -320 -89 -572 -193 -212 -382 -378 -325 -42 -432 -34 -10 -331 -487 -466 -397 -235 -367 -297 -238 0
326 -575 -406 -93 -124 -34 -268 -10 -297 -264 -419 -320 -20 -382 -273 0
40 -534 -184 -520 -443 -193 -382 -325 -406 -124 -34 -268 -10 -297 -419 -320 -20 -273 -436 -52 -115 -127 -331 -527 -487 -189 -466 -432 0
467 -405 -189 -527 -336 0
26 -131 -331 -487 -189 -527 -336 -212 -378 -325 -42 -184 -520 -406 -34 -268 -10 -297 -320 -436 -52 -115 -127 -235 -238 -134 -29 -460 -456 -473 -245 -322 -89 -292 -84 -46 -514 -579 -451 -446 -80 -156 -599 -73 -1 0
47 -260 -80 -446 -558 -292 0
227 -209 -202 -18 0
461 -419 -124 -575 -268 -596 -357 -406 -507 -297 0
81 -534 -234 -180 -590 -146 -29 -460 -124 -575 -268 -596 -357 -406 -507 -297 -349 -34 -10 -320 -331 431 -487 -212 -466 -397 -384 -43 -579 -451 -446 0
79 -446 -322 -156 0
173 -187 -234 -350 -534 -180 0
462 -590 -173 -146 -29 0
125 -234 -534 -444 -255 0
188 -506 -456 -473 -336 -356 -405 -379 0
187 -350 -42 -448 -202 -164 -228 -224 0
294 -491 -514 -599 -46 0
431 -418 -34 -10 -320 -331 -487 -212 -466 -397 -235 -369 -156 -325 -456 -473 -336 -506 -379 -268 -124 -534 -444 -255 -189 -227 0
461 -124 -534 -444 -255 -268 -331 -456 -473 -336 -379 -189 -487 -42 -448 -202 -164 -175 -466 -131 -216 -527 -378 -325 -432 -34 -10 -320 -212 -397 -235 -156 -227 -297 -238 0
327 -534 -590 462 -29 -331 -189 -527 -487 -227 -466 -336 -382 0
564 -265 -34 -297 -52 -115 -331 -487 -189 -156 -42 -29 -336 -460 -473 -448 -202 -164 -175 -378 -292 -599 -579 -322 -25 -89 -1 -410 -305 -257 -24 -214 -181 -559 -282 -370 -325 0
403 -528 -466 -189 -336 0
228 -48 -466 -290 -325 -297 -404 -336 -214 -482 -107 -122 -530 -292 -202 -17 0
326 -227 -189 -466 -290 -325 -297 -336 -214 -482 -107 -122 -530 -292 -202 -17 -556 -81 -156 0
-228 -148 -460 -29 -292 -322 -312 -156 -81 -297 -556 -214 -336 -405 -189 -17 -227 0
-227 -466 -388 -9 -305 -556 -214 -189 -336 -308 -202 -17 -460 -29 -292 -322 -312 -156 -81 -297 -396 -39 -257 -325 -290 -482 -107 -122 -530 0
-466 -81 -292 -123 -89 -322 -156 -34 -24 -556 -214 -189 -388 -9 -305 -336 -308 -202 -17 -460 -29 -312 -297 -396 -39 -257 -325 -290 -482 -107 -122 -530 0
-228 -81 -325 -156 -404 -556 -189 -226 0
-265 -305 -214 -290 -325 -297 -336 -482 -107 -122 -530 -292 -202 -156 -189 -123 -89 -322 -34 -24 -388 -460 -29 -312 -257 -362 -181 -559 -562 -52 -115 -331 -42 -473 -448 -164 -175 -378 -599 -579 -25 -1 -410 -282 0
80 -558 -362 -559 -181 -370 0
79 -180 -29 -331 -487 -200 -466 -427 -189 -527 -336 -224 -325 -322 -156 0
188 -526 -336 -325 -220 -297 -290 -156 -331 -74 -1 -25 -133 -89 -181 -322 -559 -445 -370 -29 -487 -466 -427 -189 -362 -24 -214 -473 0
324 -93 -34 -10 -131 -292 -123 -223 -89 0
-228 -466 -322 -156 -34 -292 -123 -89 -24 -362 -559 -181 -370 -214 -445 -189 -336 -325 -220 -297 -290 -331 -74 -1 -25 -133 -29 -487 -427 -473 0
80 -92 -410 -34 -10 -148 -263 -290 -133 -297 -181 -220 281 -565 -322 -559 -445 -370 -156 0
79 -263 -579 -89 -34 -10 -322 -156 0
-466 -445 -322 -89 -370 -579 -34 -156 -410 -290 -133 -297 -181 -220 281 -559 -164 -331 -487 -336 529 -325 -257 -448 -29 -482 -107 -24 -202 -292 -362 -214 -189 -1 -427 -473 0
-228 -79 -322 -325 -445 -370 -404 -42 -362 -559 -181 -189 -226 0
-79 -305 -562 -214 -370 -455 -82 -290 -325 -297 -404 -336 -482 -107 -122 -530 -292 -202 -322 -445 -42 -362 -559 -181 -189 -226 0
-305 -29 -460 -331 -473 -579 -89 -34 -322 -156 -189 -24 -427 -290 -325 -297 -336 -214 -482 -107 -122 -530 -292 -202 -562 -362 -559 -181 -410 -220 -164 529 -257 -448 -1 -282 -388 -52 -378 -599 0
-228 -528 -189 0
80 -441 -209 -8 -18 -181 -599 -562 -559 -370 -362 0
-466 -406 -410 -534 -362 -278 -255 -189 -336 -473 -297 -482 -530 -214 -292 -122 -107 -290 -372 -325 -148 -455 216 -230 0
187 -552 -592 -362 -42 -558 -325 -528 -404 0
323 -426 -29 -534 -164 -549 -204 -482 -530 -42 -107 -230 -292 -325 -47 -515 -579 -453 -8 229 -273 -34 371 -446 -79 -89 -366 -156 0
155 -405 -29 -456 -473 -336 -460 188 -379 -268 -235 -125 -418 -134 -595 -25 -1 -73 0
135 -444 -125 -25 0
-79 -29 -297 -268 -25 -115 -127 -10 -89 -322 -164 -482 -530 -42 -107 -230 -292 -325 -579 -8 229 -156 -189 -592 -362 -473 -455 -410 -336 -214 -122 216 -257 -265 -220 -51 -13 -370 -80 0
569 -119 -107 -220 -325 -13 -156 -189 -230 -122 -482 -530 -322 -579 -297 -292 -410 -336 -214 -257 529 -24 -282 -378 0
-362 -164 -42 -448 -202 -189 -466 -24 -487 -214 -230 -122 -482 -107 -530 -331 -134 -129 -579 -25 -257 -34 -1 -325 -159 -598 -562 -292 -446 -79 -370 -559 -181 -361 0
30 -446 -88 -122 -322 -570 -107 -50 -292 -34 -598 -189 -370 -559 -592 -181 -42 -448 -202 -466 -24 -487 -214 -230 -482 -530 -579 -25 -257 -1 -325 -562 -331 -79 -361 -163 -460 0
-362 -446 -119 -34 -156 -88 -322 -570 -107 -50 -325 -598 -189 -292 -579 -79 -370 -201 -592 -559 -181 -361 0
187 -254 -124 -533 -406 -173 -591 -201 -147 0
-446 -466 -331 -487 -122 -189 -25 -292 -34 -1 -598 -562 -79 -370 -559 -181 -119 -156 -88 -322 -570 -107 -50 -325 -579 -592 -361 -163 -460 -448 -28 -42 -202 -24 -214 -230 -482 -530 -257 0
446 -79 -1 -181 -598 -562 -559 -370 -25 0
371 -204 -482 -530 -42 -107 -230 -163 -448 -430 -119 -34 -156 -88 -322 -570 -50 -325 -598 -189 -292 -579 -79 -370 -446 -592 -559 -181 -361 -556 0
188 -79 -562 -370 -482 -530 -42 -107 -230 -163 -448 -430 -119 -34 -156 -88 -322 -570 -50 -325 -598 -189 -292 -579 -446 -592 -559 -181 -361 -82 -290 -297 -404 -336 -214 -122 -202 -226 0
-79 -28 -460 -448 -592 -25 -361 -292 -1 -181 -598 -562 -559 -370 -34 -579 -325 -189 -482 -530 -42 -107 -230 -163 -119 -156 -88 -322 -570 -50 -290 -297 -336 -214 -122 -202 -331 -487 -24 -257 0
372 -567 -163 -448 -424 -28 -189 -273 -556 -260 -361 -292 -181 -598 -562 -559 0
222 -214 -292 -325 -156 -482 -530 -107 -230 -297 -336 -189 -122 -257 -220 -13 0
89 -432 -482 -530 -107 -230 -42 -448 -202 -189 -487 -214 -122 -331 -134 -362 -579 -25 -257 -34 -1 -325 -598 -562 -292 -446 -79 -370 -559 -181 -406 -124 -534 -255 -444 -127 -11 -320 -570 -322 0
224 -226 -432 -534 -466 -255 -92 -124 -131 -406 -292 -123 0
187 -350 -558 -592 -42 -448 -202 -362 -164 -432 -534 -255 -92 -124 -131 -406 -292 -123 -336 -405 0
-598 -382 -214 -460 -189 -297 -336 -464 -322 -202 -255 -292 -482 -530 -107 -230 -122 -579 -257 -34 -1 -325 -446 -79 -370 -559 -181 -127 -73 -491 -298 -193 371 0
90 -522 -336 -305 -297 -281 -148 -440 -42 -8 -473 -325 229 -560 -382 -273 -322 -193 0
327 -358 -473 -336 188 -78 -297 -460 -466 -331 -189 -382 -487 -29 -406 -278 -292 -124 -599 -491 -255 -66 -362 -440 -464 -148 -534 -193 -427 0
223 -522 -305 -297 -281 -148 -440 -336 -8 229 -560 -382 -273 -325 -473 188 -78 -460 -466 -189 -487 -29 -406 -278 -292 -124 -599 -491 -255 -66 -362 -464 -534 -193 0
363 -305 -255 -322 -534 -187 -473 -297 -281 -148 -440 -336 -8 229 -560 -382 -273 -325 -78 -460 -466 -189 -487 -29 -406 -278 -292 -124 -599 -491 -362 -464 -193 -89 -42 0
403 -374 -443 -193 -382 -325 -406 -124 -34 -20 -297 -520 -320 40 -273 -436 -52 -115 -127 -331 -527 -487 -189 -466 -432 -212 -397 -23 -478 -142 -400 -206 -415 -567 -164 -255 -380 -534 -411 -362 -186 -278 -473 -456 -336 -45 0
375 -386 -186 -520 -362 0
22 431 -34 -466 -320 -331 -367 -487 -212 -397 -235 326 -406 -124 -297 -575 -20 -382 -273 0
326 -206 -124 -200 -406 -224 -520 -362 -322 -180 -142 529 -257 -568 -482 -325 -107 -202 -23 -34 -466 -320 -367 -487 -212 -235 -297 -382 -273 -436 -52 -127 -259 -292 -281 -599 -491 -305 -426 -464 -440 -8 229 -560 -158 -377 0
-228 -124 -297 -460 -466 -189 -382 -487 -406 -278 -292 -336 -599 -491 -255 -362 -464 -148 -534 -193 -322 -325 -142 529 -257 -568 -482 -107 -202 -23 -34 -320 -367 -235 -273 -436 -52 -127 -259 -281 -426 -8 229 -560 -377 -187 -18 -214 0
228 -527 -292 -599 -491 -42 -516 -325 -189 -259 -336 -466 -290 -297 -404 -214 -482 -107 -122 -530 0
-187 -466 -320 -544 -73 -382 -273 -297 -1 -193 -534 -460 -255 -134 -214 -325 -189 -406 -278 -292 -336 -599 -491 -362 -464 -148 -322 -142 -257 -568 -482 -107 -202 -23 -34 -367 -235 -436 -52 -127 -259 -281 -426 -8 229 -560 -377 -18 -516 -290 -122 -530 0
-228 -350 -292 -123 -89 -23 -322 -466 -202 -214 -42 -448 187 -164 -34 -189 0
327 -466 -473 -362 -278 -534 -189 -336 -255 -297 -482 -530 -214 -292 -122 -107 -290 -372 -325 -406 -148 -230 -8 -127 -123 -89 -23 -322 -202 -42 -448 187 -164 -34 -382 0
-466 -382 -322 -426 -273 -325 -362 -278 -534 -189 -336 -255 -297 -482 -530 -214 -292 -122 -107 -290 -372 -406 -148 -230 -8 -127 -23 -202 -34 -320 -544 -73 -1 -193 -460 -134 -599 -491 -464 -142 -257 -568 -367 -235 -436 -52 -259 -281 229 -560 -377 -18 -516 0
-579 -372 -482 -530 -107 -230 -292 -325 -156 -189 -336 -214 -122 -257 -220 -13 -370 -297 -446 -559 0
-382 -187 -11 -297 -460 -466 -189 -322 -487 -406 -278 -292 -336 -599 -255 -362 -464 -148 -534 -193 -325 -142 529 -257 -482 -107 -202 -23 -34 -320 -367 -235 -436 -52 -127 -259 -281 -426 -8 229 -560 -377 -18 -214 -134 -92 -384 0
271 -419 -206 -120 -92 -297 -466 -486 -430 -259 -426 -292 -599 -570 -440 -336 -305 -281 -148 -453 -8 229 -560 -158 0
326 -228 -570 -534 -301 -189 -547 -599 -292 -259 -158 -206 -120 -92 -297 -466 -486 -426 -440 -336 -305 -281 -148 -453 -8 229 -560 -582 -212 -377 -42 0
-228 -365 -245 -11 -312 -259 -292 -123 -148 -92 -336 -466 -189 -527 -404 -325 -570 -534 -301 -599 -120 -297 -486 -426 -281 -453 -8 229 -560 -582 -377 -42 -18 -214 -227 0
-187 -466 -292 -599 -325 -189 -259 -336 -290 -297 -214 -482 -107 -122 -530 -453 -8 -127 -245 -11 -312 -148 -92 -534 -301 -120 -486 -426 -281 229 -560 -377 -18 -322 -320 -460 -406 -278 -255 -362 -464 -193 -142 -257 -202 -23 -34 -367 -235 -436 -52 -134 -384 0
-228 -466 -92 -292 -214 -202 -18 -226 -189 0
-466 -320 -322 -11 -362 -23 -189 -230 -122 -482 -107 -530 -558 -214 -92 -292 -202 -18 -599 -325 -259 -336 -290 -297 -453 -8 -127 -245 -312 -148 -534 -301 -120 -486 -426 -281 229 -560 -377 -460 -406 -278 -255 -464 -193 -142 -257 -34 -367 -235 -436 -52 -134 -384 0
-228 -273 -453 -325 -515 -8 -404 -441 -304 -189 -214 -226 0
-440 -515 -47 -441 0
490 -151 -384 -464 -320 -359 -322 -187 -366 -521 -570 -242 -297 -448 -460 -146 -426 -76 -534 -204 -482 -530 -42 -107 -230 -549 -589 -73 -430 -292 -1 -259 -193 -599 -273 0
491 -8 229 -560 -453 -273 0
351 -359 -464 -521 -224 0
349 -359 -464 -521 -224 0
-359 -521 -464 -224 -362 -200 -592 -552 -384 0
-372 -370 -530 -107 -230 -325 -189 -214 -336 -122 -292 -297 -257 -156 -220 -13 -482 -446 -559 0
327 -148 -530 -229 -482 -42 -107 -8 -305 -395 -365 -233 -89 -336 -404 -382 -155 0
40 -259 -19 -80 -107 -446 -448 -202 -530 -566 -229 -482 -432 -42 0
-148 -453 -50 -107 -530 -8 -305 -229 -482 -42 327 -365 -233 -89 -336 -404 -382 -155 0
41 -254 -23 -8 -362 -131 -212 -305 -558 -292 -530 -214 -187 -297 -50 -107 -229 -42 -365 -233 -89 -336 -382 -155 -466 -80 -189 -527 -322 -446 -432 -325 0
-223 -229 -322 -107 -382 -8 -42 -362 -292 -214 -187 -297 -336 -466 -189 -325 -534 -228 0
12 -259 -43 -292 -131 -93 -34 0
90 -156 -322 -194 0
569 -365 -472 -90 0
153 -415 -297 -206 -242 -32 0
11 -242 -206 -297 -322 -78 -478 -534 -180 -181 -210 -396 -440 -441 -494 -332 -131 -558 -339 -127 -362 -163 -107 -28 -472 -90 -599 -34 0
383 -148 -180 -187 -440 -560 -292 -599 -131 -34 -206 -297 -322 -78 -558 -362 -107 -23 -450 -202 -229 -530 -42 -8 -305 -534 -336 -466 -189 -527 -349 -325 0
395 -462 -234 -290 -534 -406 -37 -25 -134 0
472 -395 -332 -321 -148 -322 -10 -456 -365 0
149 -456 -336 0
-148 -406 -292 -34 -297 -206 -547 -466 -534 -131 -440 -229 -225 -530 -558 -362 -336 -305 -8 -23 -107 -450 -202 -42 -349 -325 -382 -180 -187 -560 -599 -322 -78 -189 -527 0
-388 -229 -390 -482 -530 -42 -107 0
-229 -34 -325 -42 -107 -382 -362 -599 -8 -292 -214 -187 -466 -336 -297 -534 -560 -322 -189 -228 0
454 -80 -534 -25 -530 -107 -230 -325 -189 -214 -336 -559 -292 -297 -372 -122 -220 -257 -482 -370 -267 -134 -290 -380 -411 -331 -186 -487 -278 -466 -473 -305 0
-234 -444 -25 -534 -1 -80 -530 -107 -230 -325 -189 -214 -336 -559 -292 -297 -372 -122 -220 -257 -482 -370 -13 -282 -267 -134 -255 0
234 -127 -23 -478 -466 -131 -180 -487 -262 -34 -497 -331 0
474 -234 -534 -25 -80 -530 -107 -230 -325 -189 -214 -336 -559 -292 -297 -372 -122 -220 -257 -482 -370 -282 -267 -134 -290 -380 -411 -186 -278 0
254 -282 -267 -220 -482 -530 -107 -230 -292 -325 -559 -189 -336 -214 -372 -257 -122 -370 -297 -579 -80 -534 -37 0
222 -290 -292 -325 -214 -482 -530 -107 -230 -297 -336 -189 -122 -257 -220 0
-156 -13 229 -560 -305 -272 -491 -181 -482 -530 -107 -292 -325 -189 -336 -214 -257 -220 -122 -297 -8 -579 -466 -180 -200 -29 -527 -224 -322 0
156 -29 -272 -302 -260 -78 -534 -322 -80 0
326 -456 -325 -482 -107 -23 -34 -202 229 -560 -305 -530 -292 -189 -336 -214 -297 -8 -180 -200 -527 -224 -322 -78 -534 -404 -466 -380 -411 -440 -441 -396 -558 -464 -362 -382 -42 0
-122 -220 -282 -530 -107 -230 -325 -189 -214 -336 -559 -292 -297 -372 -13 -562 -257 -482 -156 -123 0
122 -372 -599 -292 0
-13 -220 -292 -123 -131 -34 -547 -23 -466 -482 -530 -42 -107 -230 -257 -325 -331 -297 -388 -200 -562 -559 -25 -8 -224 -156 -183 -305 -322 -312 -214 -336 -189 -122 -372 0
266 -396 -183 -25 -39 0
13 -257 -482 -107 -23 -34 -202 229 -560 -305 -530 -292 -189 -336 -214 -297 -8 -180 -200 -527 -224 -322 -78 -534 -404 -466 -380 -440 -558 -464 -362 -382 -42 -122 -325 0
-156 -257 -224 -325 -322 -464 -292 -123 -131 -34 -547 -23 -466 -482 -530 -42 -107 -230 -427 -331 -297 -388 -200 -562 -559 -25 -8 -13 -183 -305 -312 -214 -336 -189 -122 -372 0
156 -570 -362 -158 -440 -547 -78 -382 -42 -558 -534 -312 -325 -322 -80 0
-257 -34 -325 -322 -464 -292 -131 -224 -547 -23 -466 -482 -530 -42 -107 -297 -200 -8 -156 -305 -214 -336 -189 -122 -202 229 -560 -180 -527 -78 -534 -404 -380 -440 -558 -362 -382 0
-34 -382 -187 -292 -8 -336 -466 -189 -325 -322 -464 -42 -107 -297 -560 -534 -362 -214 -599 -228 0
-220 -13 -289 0
220 -230 -107 -570 -224 -325 -322 -156 -10 -464 -23 0
-230 -156 -464 -292 -325 -214 -482 -530 -107 -297 -336 -189 -122 -257 -560 -577 -42 -382 -289 -570 -224 -322 -362 -10 -23 0
204 -257 -289 -23 0
-257 -570 -362 -16 -440 -547 -78 -382 -42 -558 -534 -325 -322 -107 -482 -530 -372 -292 -122 -464 -214 -297 -336 -189 -560 -577 -289 -224 -10 -23 -202 0
229 -149 -297 -455 -462 -305 -146 -8 -590 -128 -210 -16 -489 -122 -372 -482 -320 -530 -49 -290 -15 -156 -107 0
148 -47 -530 -214 -482 -187 468 0
-382 -107 -214 -187 -297 -8 -336 -466 -189 -325 -362 -42 -534 -322 -292 -464 -560 -599 -228 0
231 -122 -404 -325 -297 -336 -214 -482 -107 -530 -292 -305 -42 -8 -560 0
-230 -257 -107 -530 -325 -189 -214 -336 -292 -297 -156 -482 -122 -322 -319 -560 -231 0
81 -446 -10 -577 -292 -131 -43 -93 -451 -34 0
80 -451 -577 -292 -122 -34 -362 -558 -181 -559 0
-446 -80 -10 -577 -292 -131 -43 -93 -451 -34 -322 -156 0
394 -134 -1 -563 -292 -122 -372 -319 -322 -10 -577 -131 -43 -93 -34 -156 -362 -558 -181 -559 -8 -305 -455 -149 0
148 468 -146 -460 -292 -440 -297 -530 -214 -482 -187 -210 0
-559 -396 -1 -563 -292 -122 -372 -319 -322 -10 -577 -131 -43 -93 -34 -156 -362 -558 -181 -8 -305 -455 -149 -560 0
-405 -372 -319 -10 -577 -292 -131 -34 -156 -322 -1 -563 -122 -362 -558 -181 -8 -305 -560 -460 -440 -297 -530 -214 -187 -210 -336 -466 -189 -527 0
-93 -219 -419 -56 -131 -10 -577 -292 81 -446 -451 -34 0
182 -149 -332 -487 -336 -466 -419 -56 -131 -10 -577 -292 81 -446 -451 -34 -244 0
-372 -181 -292 -440 -336 -466 -599 -332 -131 -10 -577 -34 -212 -13 -220 -322 -319 -305 -122 -8 -229 -530 -42 -107 -156 -325 -1 -563 -362 -558 -560 -460 -297 -214 -187 -210 -189 -527 0
-257 -122 -156 -577 -107 -530 -322 -599 -319 -466 -292 -440 -336 -131 -212 -305 -8 -42 -325 -362 -558 -560 -297 -214 -187 -189 -527 -23 -202 0
289 -563 -405 -577 -292 -131 -10 -156 -322 -34 -372 -122 -362 -558 -181 -8 -305 -560 -319 -440 -297 -530 -214 -187 -210 -336 -466 -189 -527 0
230 -264 -534 -180 -187 -446 -10 -292 -131 -34 -349 -122 -42 -530 -478 -107 -50 -220 -405 -577 -156 -322 -372 -362 -558 -181 -8 -305 -560 -319 -440 -297 -214 -210 -336 -466 -189 -527 -429 0
323 -181 -122 -405 -577 -292 -131 -10 -156 -322 -34 -362 -558 -372 -8 -305 -560 -319 -440 -297 -530 -214 -187 -210 -336 -466 -189 -527 -220 -107 -231 -534 -180 -446 -349 -42 -478 -429 0
324 -446 -10 -292 -122 -43 -131 -93 -372 -34 -319 0
9 468 -214 -482 -187 -530 -149 -292 -455 -131 -305 -128 0
36 -181 -558 -362 -440 -441 -14 -451 -220 -599 -577 0
323 -570 -90 -472 0
257 -156 -560 -319 -322 -297 -440 -292 -599 -558 -362 -577 -131 -305 -8 -214 -187 -530 -336 -466 -189 -527 -23 -325 -202 0
-156 -107 -530 -42 -8 -325 -189 -527 -336 -466 -577 -23 -202 -322 -599 -560 -319 -131 -292 -440 -212 -305 -362 -558 -297 -214 -187 0
12 -118 -218 -56 -13 -103 -222 -365 -328 -23 0
35 -30 -173 -590 -146 -570 323 -218 -56 -13 -222 -23 -297 -419 -131 -93 0
-107 -322 -297 -599 -292 -466 -534 -42 -325 -464 -8 -189 -336 -560 -362 -214 -187 -228 0
370 -450 -220 -156 -577 -93 -10 -230 -569 -34 -560 -292 -122 0
568 -80 -311 -156 -220 -577 -93 -10 -34 -181 -366 -599 -362 -90 0
36 -90 -325 -156 -382 -366 -577 -10 0
324 -220 -292 -131 -93 -34 -311 -466 -189 -527 -336 -404 -325 -156 -547 -577 -10 -372 -230 -569 -560 -122 -200 -224 0
81 -453 -560 -8 -230 -492 -183 -272 -244 -260 -218 -446 -311 0
80 -220 -200 -156 -577 -93 -10 -230 -569 -34 -560 -292 -122 -534 -372 0
35 81 -8 -230 -560 -446 -311 -599 -362 -569 -322 -156 -292 -89 -131 -365 -93 -10 0
-220 -93 -466 -325 -42 -122 -202 -482 -230 -530 -305 -362 -8 -569 -372 -292 -599 -577 -10 -560 -311 -322 -156 -131 -34 -200 -534 -189 -527 -336 -404 -547 -224 0
220 -10 -292 -122 -325 -156 -577 -372 -34 -322 -23 0
-10 -372 -292 -569 -322 -599 -122 -482 -156 -42 -325 -577 -189 -527 -336 -466 -34 -202 -230 -530 -305 -362 -8 -560 -311 -131 -200 -534 -404 -547 -224 -23 0
467 -432 -325 -42 -189 -527 -336 0
327 -566 -426 -30 -367 -217 -420 -328 -165 -45 -129 -404 -257 0
323 -30 -292 132 -547 -482 -42 -325 -426 -538 -367 -217 -328 -165 -404 -257 -447 0
324 -538 -214 -187 -47 -336 -440 -466 -189 -527 -325 -530 -384 -177 -320 0
371 132 -292 -547 -42 -325 -367 -328 -257 -569 -364 -322 -214 -187 -336 -440 -466 -189 -527 -530 -384 -311 -79 0
132 -220 -8 -257 -325 -530 -42 -230 -560 -122 -292 -372 -547 -367 -328 -569 -364 -322 -214 -187 -336 -440 -466 -189 -527 -384 -311 -79 0
-220 -372 -311 -212 -292 -122 -42 -325 -189 -527 -336 -466 -328 -131 -8 -257 -530 -230 -560 -547 -569 -364 -322 -214 -187 -440 -34 -577 -156 -222 0
-372 -577 -569 -180 -50 -322 -156 -464 -311 -212 -292 -122 -42 -325 -189 -527 -336 -466 -131 -8 -530 -230 -560 -547 -214 -187 -440 -34 -362 -202 -23 -599 -305 -534 0
-577 -122 -530 -214 -187 -336 -466 -189 -527 -325 -156 -558 -362 -569 -230 -599 -560 -440 -180 -50 -322 -464 -311 -212 -292 -42 -131 -8 -547 -34 -202 -23 -305 -534 0
-29 -19 -566 -426 -165 -30 -568 -450 0
598 -10 -336 -220 -305 -257 -115 -8 -16 -367 -426 -447 -322 -262 -524 -34 -487 -200 -466 -224 -325 -42 -189 -527 -131 -292 -123 -538 -599 -491 -440 -558 -521 -362 -89 -272 -569 0
-598 -89 -322 -569 -579 -292 -272 -34 -79 371 -599 0
326 -372 -230 -297 -336 -305 -322 -34 -200 -466 -224 -325 -42 -189 -527 -131 -292 -180 -599 -464 -440 -558 -220 -362 -23 -569 -8 -16 -579 -451 -311 -560 -530 -122 -482 -382 -156 0
330 -265 -224 -534 -181 -396 -176 -258 -131 -202 -209 -297 -590 -146 -187 -350 -180 -544 -30 -57 -367 -217 0
245 -406 -1 -575 -265 -37 -181 -396 -332 -32 -230 -587 -560 -217 0
Solved
