423 -316 -448 -364 -334 -406 -256 0
487 -448 -334 -406 -256 -421 0
2 -22 -370 -127 -481 -175 0
-22 -370 -127 -481 -175 -1 0
488 -183 -415 -37 -391 -115 -34 -355 -319 -382 -133 0
489 -316 -308 -304 -355 -40 -382 -87 0
317 -218 -121 -415 -277 -37 -310 -115 -21 -319 -87 -34 -304 -103 -73 -40 0
316 -488 -365 0
159 -355 -304 -40 -382 -121 -415 -37 -310 -115 -34 -73 -391 -142 -484 -421 -406 -481 -475 -175 -1 0
318 -219 -121 -415 -277 -37 -310 -115 -20 -319 -86 -34 -304 -103 -73 -40 0
317 -182 -37 -415 -115 -355 -391 -319 -34 -366 -73 -40 0
22 -37 -415 -391 -34 -382 -73 -40 -121 -310 -304 -142 -484 -421 -406 -481 -475 -175 -1 0
364 -115 -379 -208 -394 -22 -319 -382 -271 -34 -304 -73 -40 -317 0
-365 -378 -135 -406 316 -364 0
116 316 -175 -1 -475 -406 -481 -364 -415 -271 -319 -37 -22 0
366 -426 -402 -481 -175 -1 -475 -406 -296 0
316 -364 -406 -481 -175 -1 -475 -415 -271 -319 -37 -22 -115 0
-115 -319 -475 -22 -1 -406 -271 -34 -304 -73 -40 -317 -481 -175 -415 -37 -379 -208 -394 -382 0
318 -364 -475 -22 -319 -406 -271 -34 -304 -1 -73 -40 0
408 -448 -22 -394 -208 -310 -481 -271 -175 -334 -1 -256 -475 -421 0
-448 -22 -271 -394 -208 -310 -481 -175 -334 -1 -256 -475 -421 -406 0
407 -22 -34 -73 -271 -394 -127 -481 -175 -1 -484 -475 -421 0
-22 -175 -34 -73 -271 -127 -481 -394 -1 -484 -475 -421 -406 0
408 -157 -1 -475 -376 0
511 -382 -475 -391 -34 -1 -73 -40 -121 -304 -142 -484 -481 -271 -127 -394 0
176 -376 -304 -159 -40 -511 -481 0
321 -356 -22 -126 -271 -303 -73 -134 -34 0
23 -261 -108 -428 -59 -271 -115 -69 0
377 -364 -73 -271 -108 -34 -309 -142 -484 -421 -511 -40 -304 -159 0
24 -429 -108 -147 -321 -69 -34 -60 -73 -356 -271 0
488 -125 -356 -302 -382 -135 0
22 -302 -127 -481 -125 -325 -356 -159 0
3 -408 -271 -127 -481 -382 -34 -142 -484 -511 -40 -304 -73 -475 0
378 -321 24 -34 -73 -271 -428 -308 -142 -484 -408 -511 -40 -304 0
-321 -318 -142 -484 -511 -308 -40 -408 -304 -376 24 -34 -73 -271 -320 0
272 -376 -382 -22 -271 -73 -34 -142 -484 -511 -40 -408 -304 -308 0
377 23 -271 -142 -100 -484 -511 -40 -408 -321 -304 0
-376 -22 -382 -142 -484 -408 -511 -40 -304 -271 -183 -391 -34 -73 -308 0
-22 -408 -475 -271 -34 -304 -1 -73 -40 -127 -481 -511 -382 -142 -484 -391 0
406 -355 -308 -127 -142 -481 -484 -327 -176 -511 -40 -304 -378 0
-408 -382 -394 -127 -481 -40 -511 -142 -484 -304 -475 -271 -34 -1 -73 -391 0
24 -356 -366 -60 -296 0
-356 -19 -311 -180 -210 -125 -372 -23 -366 -60 -296 0
514 -394 -127 -481 -304 -1 -475 -142 -484 -271 -34 -73 -391 -121 0
-406 -261 -484 -67 -142 -87 -442 -309 -378 -364 -1 -317 -475 -408 0
41 -60 -271 -34 -142 -484 -40 -304 -1 -475 -408 -356 -73 0
407 -86 -142 -484 -356 -1 -475 -391 -34 -73 -40 -121 -304 -481 -271 -127 -394 -513 0
-60 -408 -271 -127 -481 -356 -142 -484 -394 -40 -73 -304 -475 -34 -1 -391 -121 0
-408 -40 -127 -481 -394 -142 -484 -304 -475 -271 -34 -1 -73 -391 -121 -356 0
512 -24 -356 -366 -60 -127 -481 -159 -394 -378 -304 -423 -177 -40 0
-355 -60 -34 -121 -304 -73 -40 -142 -484 -1 -475 -481 -271 -127 -394 -356 -391 0
-60 -40 -34 -121 -304 -73 -142 -484 -1 -475 -481 -271 -127 -394 -356 -391 0
-40 -356 -391 -34 -1 -73 -121 -304 -142 -484 -481 -271 -127 -394 -475 0
422 -378 -24 -309 -271 -73 -304 -316 -142 -68 -365 -484 -408 0
22 -19 -312 -85 -209 -25 -371 -68 0
-378 -312 -365 -73 -271 -24 -316 -68 -394 -127 -481 -309 -177 -1 -475 -408 -423 -304 -142 -484 0
421 -135 -394 -126 -365 -316 -484 -73 -142 -271 -86 -24 -309 -177 -159 -1 -475 -408 0
513 -408 -1 -126 -68 -514 -24 -384 -271 -34 -73 -316 -365 -484 -121 -394 -142 -309 -475 -304 -127 -481 0
-408 -24 -481 -356 -127 -271 -73 -484 -316 -365 -126 -511 -1 -68 -514 -384 -34 -121 -394 -142 -309 -475 -304 0
23 -337 -394 -127 -481 -295 -271 0
357 -60 -356 -394 -127 -1 -475 -481 -271 -511 -365 -73 -484 -316 -68 -514 -34 -121 -142 -304 0
407 -421 -511 0
427 -108 -251 -299 -261 0
86 -25 -307 0
377 -108 -429 -251 -299 -117 -320 -304 -133 0
-108 -429 -356 -34 -60 -73 24 -271 -376 -251 -304 -133 0
-429 -376 -304 -145 -356 -34 -60 -73 24 -271 -251 -133 0
176 -325 -481 0
128 -210 -394 -372 -337 0
377 -66 -425 -394 -127 -372 -481 -224 -124 -511 -421 -484 -330 -86 -304 -159 -133 0
-421 -145 -304 -394 -127 -481 -124 -511 -484 -86 -251 -356 -34 -60 -73 24 -271 -488 -365 -408 0
24 -408 -511 -475 -1 -304 -394 -127 -481 -124 -484 -251 -356 -34 -60 -73 -271 -365 -307 -316 -68 0
-408 -365 -511 -475 -394 -127 -481 -271 -1 -316 -73 -22 -304 -124 -484 -251 -356 -34 -60 -307 -68 0
-60 -356 -394 -127 -271 -481 -1 -511 -475 -316 -73 -304 -484 -34 -514 -121 -142 -58 0
364 -408 -511 -475 -1 -394 -127 -481 23 -271 0
250 -260 -429 -300 -107 0
129 -337 -394 -371 -209 0
339 -111 -225 -426 -333 -97 -394 0
-337 -339 -127 -394 -371 -209 0
378 -176 -481 -127 -394 -371 -225 -426 -333 -97 -64 -429 -300 -252 -304 -158 -145 -133 0
377 23 -59 -252 -271 -69 -321 -304 0
330 378 -127 -394 -371 -225 -426 -481 -429 -300 -252 -304 -158 -145 -133 -124 -511 -421 -484 -86 0
87 -25 -307 0
-408 -422 -394 -481 -252 -304 -145 -124 -511 -484 -86 -328 -489 -127 -377 -366 -407 -475 -1 23 -271 0
408 -158 -1 -475 -377 0
23 -252 -304 -484 -394 -481 -124 -511 -127 -366 -475 -1 -271 -307 -59 -69 -316 -34 -73 0
-337 -425 -481 -394 -372 -127 -338 0
407 -175 -1 -511 -475 0
-356 -394 -475 -481 -1 -127 -73 -271 -304 -484 -34 -121 -142 -391 0
512 -158 -1 -125 -121 -514 -23 -320 -383 -134 -271 -34 -104 -73 -364 -484 -59 -421 -42 0
377 -364 -73 -59 -271 -23 -481 -308 -127 -142 -484 -421 -125 -511 -1 -121 -514 -383 -34 -304 0
513 -135 -364 -484 -59 -421 -125 -41 0
406 -511 -59 -271 -23 -1 -308 -142 -484 -73 -125 -304 -481 -127 -121 -514 -383 -34 0
-365 -364 -127 -406 -481 -304 -125 -1 -511 -475 -394 -142 -484 -271 -34 -73 -391 -59 0
318 -85 -481 -325 -25 -1 -475 408 -23 -271 -59 -73 -41 0
365 -511 -142 -304 -59 -481 -1 -475 -23 -271 -73 -308 -484 -406 0
-377 -13 -148 -320 -104 -325 -1 -475 408 0
512 -425 -394 -127 -481 -295 -23 -1 -475 -320 -104 -101 -183 -406 0
24 -337 -394 -481 -127 -425 -295 0
317 -252 -127 -481 -69 -23 -394 -295 -1 -475 -511 -406 -101 -391 -271 -34 -73 0
366 -219 -271 -105 -73 -394 -127 -481 -1 -511 -475 -316 -304 -484 -34 -514 -142 -58 0
22 -41 -484 513 -135 -271 -105 -73 -394 -127 -481 -1 -511 -475 -304 -518 -408 -159 0
-60 -518 -484 -86 -511 -475 -394 -127 -481 -271 -1 -316 -73 -22 -304 -408 -365 -357 -69 -58 0
-304 -484 -511 -475 -408 -394 -481 -127 -1 -271 -73 -23 513 -135 -105 -159 -306 0
318 -364 -126 -517 -321 -484 -135 -423 -23 -408 -271 -394 -73 0
24 -116 -149 -417 -32 -39 -147 -355 -271 -85 -67 0
133 -149 -127 -517 -484 -423 -408 -475 -1 -159 -23 -394 -417 -32 -39 -147 -355 -271 -85 -67 -321 0
-60 -85 -1 -159 -271 -23 -73 -394 -126 -517 -484 -423 -408 -321 -135 -127 -475 -417 -39 -147 -105 -317 -59 0
22 -517 -127 -135 -484 -423 -408 -475 -1 -159 -23 -394 -417 -39 -147 -271 -85 -321 -105 -317 -126 -73 -357 0
-484 -511 -135 -321 -394 -481 -127 -73 -271 -23 -408 -475 -1 -159 -147 -105 -39 513 -306 0
317 24 -177 -1 -376 -73 -271 -481 -394 -127 -321 -147 -135 -517 -306 -364 -42 0
-365 24 -321 -417 -32 -39 -147 -149 -271 -85 -135 -59 316 -364 0
24 -328 -142 -517 -481 -394 -127 -321 -417 -39 -147 -271 -135 -364 -306 -105 -42 -177 -1 -376 -73 0
317 -95 -39 -182 -481 -417 -127 -394 -321 -301 -517 -355 -67 -135 -271 -306 -60 -489 -105 -73 -42 0
396 -109 -208 0
-109 -208 -394 0
-365 -301 -127 -370 -312 -394 -115 -321 -135 -42 -39 -182 -481 -417 -517 -355 -67 -271 -306 -105 -73 -295 -364 0
318 -85 -39 -182 -417 -394 -142 -517 -370 -339 -127 -321 -301 -135 -271 -488 -73 0
134 -250 -67 -108 -147 -309 -85 -328 -390 -457 -177 -481 -370 -339 -127 -301 0
58 -301 -127 -126 -370 -394 -132 -446 -96 -321 -135 -67 -108 -147 -309 -328 -177 -481 -339 -488 -317 -39 -182 -417 -142 -517 -271 -73 -306 -42 0
-511 -306 -105 -39 -394 -127 -321 -135 -271 -73 -147 -481 -475 -1 -159 -23 -376 -408 -512 0
-376 -73 -1 -475 -408 -394 -127 -271 -481 -23 -512 -377 0
318 -488 -365 0
146 -425 -481 -327 -41 -1 407 -475 -512 -417 -150 -267 -67 0
58 -150 -218 -417 -176 -295 -512 -365 -41 0
134 -327 -127 -481 -394 407 -1 -475 -512 -355 -295 -67 -145 -267 -271 -103 -73 -37 -115 -319 0
415 -14 -355 -303 -127 -481 -327 -1 407 -475 -512 0
60 -318 -365 -40 0
59 -411 -402 -103 -150 -267 -308 -145 -304 -355 -67 -40 0
-318 -292 -261 -186 -411 -402 -339 -295 -388 -443 -365 -59 -317 -40 0
318 -402 -218 -425 -150 -271 -103 -73 0
41 -458 -318 -186 -411 -402 -339 -295 -388 -443 -365 -59 -40 -304 0
146 -150 -103 -267 -31 0
148 -218 -98 0
302 -183 -35 -102 -518 -355 -486 -124 0
-73 -512 -127 -481 -271 -1 -475 -394 -23 -408 -377 0
58 -308 -86 -67 -145 -486 -103 -267 -150 -518 -303 -183 -355 -124 -34 -319 -339 -115 -295 -37 -365 -41 -218 -176 -512 0
-40 -41 -1 -475 -512 -481 -34 -365 -104 -377 -23 -127 -408 -318 0
24 -295 -394 -481 -127 -271 -337 0
60 -312 -394 -127 -481 -126 -377 -23 -271 -1 -475 -511 -488 -408 -365 0
85 -309 -27 0
98 -473 -359 -439 -148 0
366 -339 -85 -370 -304 -104 -127 -423 -377 -481 -1 -408 -514 -201 -177 -511 -475 -384 -312 -488 -295 0
-339 -157 -481 -127 -1 -475 -511 -408 -365 -85 -370 -304 -104 -423 -377 -514 -201 -177 -384 -312 -488 -295 0
407 -309 -1 -312 -68 -371 22 -209 -475 -511 0
357 -295 -304 -104 -488 -377 -365 -408 -312 -68 -475 -511 -394 -1 -127 -481 -423 -514 -177 -23 0
-295 -177 -481 -127 -1 -394 -271 -23 -356 -304 -104 -488 -377 -365 -408 -312 -68 -475 -511 -423 -514 0
134 -130 -447 -323 -279 -274 -312 -111 -210 0
-318 -512 -1 -408 -377 -481 -394 -127 -271 -23 -475 0
-511 407 -481 -1 -127 -475 -512 -134 -377 -23 -394 -271 -295 0
-365 -512 -23 -481 -1 -127 -475 -377 -394 -271 -408 0
149 -97 -400 -417 -411 0
98 -148 -126 -473 -394 -517 -302 -485 -80 -329 -20 -507 -85 0
-97 -148 -98 -400 -417 -411 0
471 -193 -16 0
-193 -469 -16 0
176 -108 -105 -394 -306 -485 -302 -417 -309 -126 -147 -355 -67 -59 -16 -209 -370 -127 -481 -339 0
297 -274 -126 -209 -302 -394 -127 -177 -105 -306 -485 -417 -147 -59 -16 -481 -1 -159 -94 -23 0
-512 -23 -127 -481 -271 -394 -1 -377 -408 -475 0
22 -148 -147 -400 -417 -501 -409 -337 -127 -481 -475 -176 -1 -159 0
-417 -337 -135 -481 -394 -127 -321 -271 -23 -147 -501 -475 -176 -1 -159 -39 -416 0
-208 -7 -230 -117 -94 -321 -303 -135 -210 -394 0
Solved
