111 -85 -199 -1 -364 -31 -136 -49 0
-85 -31 -199 -1 -364 -136 -49 -109 0
33 -239 -298 -286 -127 -331 -13 -130 -109 -313 -199 -49 -97 0
259 -278 -239 0
277 -259 -49 -16 -109 -239 0
-239 -31 -298 -286 -127 -331 -13 -130 -109 -313 -199 -49 -16 -97 0
-31 -13 -49 -16 -298 -286 -127 -331 -109 -130 -313 -199 -97 0
240 -259 -277 0
-259 -277 -238 0
369 -52 -427 -9 -382 -352 0
165 -167 -190 -223 0
99 -266 -263 -104 -290 -89 -374 -235 0
131 -263 -208 -106 -165 -167 -256 -250 -425 -298 -97 -104 -290 -374 -235 0
278 -10 -241 -427 -382 -352 -1 -199 -130 -208 -106 -256 -250 -298 -97 -235 -190 -223 -331 -49 -76 -109 -313 -136 -13 -364 -238 0
257 -267 -291 -190 -105 -223 -168 -90 0
132 -291 -264 -105 -375 -235 -97 -298 -426 -250 -256 -190 -223 -168 0
198 -89 -256 -375 -250 -97 0
430 -298 -97 -235 -250 -130 -190 -223 -76 -313 -136 -364 -241 -382 -352 -1 -199 -208 -331 -49 -109 -16 -286 -127 0
238 -298 -16 -49 -286 -127 -331 -109 -130 -313 -199 -97 0
-239 -278 -49 -16 -109 -238 0
-259 -260 -49 -16 -109 -238 0
90 -100 -247 -427 -386 -310 -61 -352 -264 -1 -199 -130 0
98 -351 -217 -67 -208 -247 -106 -427 -386 -310 -61 -286 -264 -1 -199 -130 -352 -372 -127 -375 -298 -235 0
34 -386 -430 -61 -14 0
265 -90 -14 -67 -10 -208 -106 -427 -386 -199 -61 -375 -130 -264 -313 0
140 -28 -34 0
-28 -139 -34 0
89 -265 -130 0
-90 -427 -199 -130 -382 -386 -61 -264 -34 -14 -67 -10 -208 -106 -375 -313 0
-278 -430 -61 -199 -130 -67 -208 -313 -382 -331 -109 -136 -364 -49 -16 -238 0
267 -89 278 -382 -352 -1 -199 -130 -208 -250 -298 -97 -235 -190 -223 -331 -49 -76 -109 -313 -136 -364 -238 -241 0
-265 -298 -61 -286 -235 -97 -241 278 -382 -352 -1 -199 -130 -208 -250 -190 -223 -331 -49 -76 -109 -313 -136 -364 -238 0
433 -67 -313 -208 -382 -61 -286 -235 -97 -1 -199 -130 -250 -331 -49 -76 -109 -136 -364 -16 -127 0
-278 -419 -235 -45 -165 -361 -61 -167 -385 -104 -109 -76 -136 -313 -364 -13 -277 -49 -16 -238 0
266 -427 -286 -382 -97 -61 -373 -385 -331 -49 -109 -313 -136 -13 -364 -238 -235 -361 -76 -16 -67 -208 -1 -199 -139 -130 0
-278 -134 -286 -234 -427 -197 -61 -86 -89 -256 -250 -97 -385 -49 -109 -136 -364 -107 -313 -16 -238 -13 0
-427 -238 -97 -61 -373 -385 -331 -67 -109 -313 -208 -136 -13 -364 -235 -286 -256 -250 -49 -16 -1 -199 -139 -130 -265 -382 -361 -76 0
-278 -238 -16 -109 -49 -31 0
-238 -373 -109 -49 -97 -61 -16 -385 -331 -67 -313 -208 -136 -13 -364 -235 -286 -256 -250 -1 -199 -139 -130 -265 -382 -361 -76 0
260 -187 -286 -424 -331 -13 -109 -313 -49 0
88 -139 -331 -109 -313 -49 -16 -127 -130 -199 -97 -61 -67 -208 -136 -364 -235 -250 -1 -286 -265 -382 -361 -76 0
90 -265 -130 0
262 -265 -109 -313 -49 -16 -127 -130 -199 -97 -61 -67 -208 -136 -364 -235 -250 -1 -286 -331 -382 -76 0
-238 -229 -368 -52 -382 -428 -279 -49 -16 -109 -260 0
-265 -263 -382 -49 -16 -109 -286 -235 -97 -199 -331 -130 -364 -136 -61 -313 -127 -67 -208 -250 -1 -76 0
-238 -15 -313 -374 -229 -88 -130 -208 -199 -67 -279 -107 -52 -382 -428 -49 -16 -109 -260 0
-263 -208 -130 -313 -199 -67 -382 -49 -16 -109 -331 -364 -136 -61 -286 -235 -97 -127 -250 -1 -76 0
-238 -229 -382 -130 -199 -52 -264 -61 -375 -34 -67 -208 -386 -313 -429 -16 -109 -49 -278 0
436 -313 -331 -109 -286 -49 -16 -127 -130 -199 -382 -61 -364 -136 -235 -250 -1 -76 0
63 -67 -130 -199 -238 -264 -61 -375 -382 -208 -386 -313 -16 -109 -49 -278 0
230 -378 -8 -352 0
53 -274 -411 -16 -368 -402 -382 -114 0
62 -411 -16 -382 -114 -402 -8 -48 -352 -130 -427 -264 0
-278 -13 -415 -130 -199 -238 -61 -382 -208 -313 -16 -109 -49 -136 -76 -364 -220 0
386 -229 -352 -427 -9 -61 0
69 -208 -436 0
429 -8 -352 -229 0
-278 -229 -61 -199 -130 -238 -208 -313 -382 -331 -109 -136 -364 -49 -16 -415 -76 -220 0
428 -369 -382 -229 -52 0
-229 -69 -313 -130 -199 -76 -382 -238 -49 -16 -109 -61 -136 -364 -208 -331 -415 -220 0
62 -208 -130 -199 -238 -61 -382 -415 -313 -16 -109 -49 -136 -76 -364 -220 -385 0
68 -208 -436 0
-208 -238 -436 -49 -109 -61 -130 -199 -382 -415 -313 -16 -136 -76 -364 -220 -331 0
-31 -238 -16 -109 -49 0
-278 -229 -313 -130 -286 -199 -67 -163 -109 -76 -61 -136 -364 -49 -16 -238 0
-229 -67 -76 -313 -130 -436 -199 -235 -382 -238 -49 -16 -109 -331 -136 -61 -364 -286 -163 0
-278 -385 -382 -130 -313 -61 -16 -331 -49 -109 -136 -364 -238 0
411 -274 -16 0
-238 -382 -16 -130 -61 -49 -109 -136 -364 -313 -331 -76 -436 -199 -235 -286 -415 -220 0
387 -218 -351 -353 -434 -380 -405 -243 -68 -436 -171 -72 -165 -166 -257 -89 -266 -130 -264 -61 -35 0
279 -436 -130 -61 -382 -286 -127 -250 -331 -109 -16 -49 -313 -199 238 -136 -364 0
385 -302 -159 -47 -176 -7 -94 -219 -404 -350 -170 -53 0
67 -219 -350 -354 -435 -381 -404 -242 -170 -71 -164 -166 -258 -90 -267 -130 -263 -61 -36 -387 -159 -47 -176 -7 -53 -255 0
439 -331 -61 -250 -49 -286 -127 -130 -109 -199 -136 -76 -235 -415 -220 -1 0
386 -331 -439 -109 -61 0
440 -229 -382 -52 -427 -61 0
385 -382 -427 -61 -439 0
387 -331 -439 -109 -61 0
-313 -258 -250 -432 -197 -13 -286 -187 -331 -109 260 -49 -314 0
-16 -369 -34 -130 -400 -66 -250 -432 -286 -331 -109 -49 -314 -22 -328 -235 -253 -320 -376 -350 -31 -1 -169 -277 -199 -261 -207 -189 -17 0
63 -328 -130 -250 -286 -331 -109 -49 -34 -235 -376 -31 -1 -169 -199 -136 -52 -382 -439 0
15 -257 -250 -198 -431 -425 0
-16 -374 -250 -130 -368 -400 -65 -315 -34 -431 -22 -328 -235 -253 -321 -376 -351 -31 -1 -169 -277 -199 -286 -260 -206 -188 -18 -109 -49 0
-382 -235 -130 -250 -1 -199 -286 -109 -49 -136 -331 -439 -61 0
62 -278 -16 -109 -49 -229 -331 -439 0
-238 -411 -229 -314 -429 -49 -16 -109 -278 -277 0
258 -151 -66 -23 -183 -355 -166 -19 0
-278 -16 -286 -331 -109 -49 -367 -130 -1 -199 -250 -112 -136 -439 -61 0
428 -9 -352 -229 0
-238 -239 -439 -229 -61 -367 -277 -16 -109 -49 0
257 -151 -65 -24 -182 -355 -166 -19 0
-16 -331 -286 -136 -250 -61 -367 -130 -1 -112 -109 -439 -199 -49 0
440 -364 -109 -136 -331 0
-364 -109 -136 -331 -439 0
110 -277 -259 -79 -49 0
442 -136 -49 -286 -250 -61 -130 -1 -127 -415 -220 0
63 -14 -89 -313 -130 -439 -263 0
259 -278 -61 -130 -439 -263 -16 -109 -49 -200 -387 0
-278 -260 -49 -16 -109 -61 -130 -439 -263 -200 -387 0
54 -56 -29 -301 -130 -219 -59 -402 -350 -212 -113 0
-260 -259 -278 -49 -16 -109 0
-250 -367 -136 -286 -61 -16 -130 -331 -1 -109 -439 -199 -49 -376 -34 -235 63 -31 -169 -52 -328 0
315 -89 -328 -34 -66 -447 -136 -286 -61 -16 -130 -331 -109 -439 -199 -49 -376 -235 63 -31 -169 -52 -48 -7 -135 -229 -164 -369 -276 -11 -411 -76 -13 0
-367 -250 -135 -376 -136 -286 -61 -16 -130 -331 -229 -109 -439 -199 -49 -34 -235 63 -31 -169 -52 -328 -369 0
-250 -135 -229 -130 -331 -286 -376 -109 -49 -34 -235 63 -31 -169 -199 -136 -52 -328 -439 -353 -61 -16 -369 0
368 -3 -87 -402 -135 -276 -229 -411 -376 0
-331 -328 -130 -218 -34 -351 -114 -48 -276 -13 -52 -7 -411 -383 -353 -87 -229 -376 -109 -49 63 -31 -169 -136 -439 -61 -16 -66 -314 -447 -11 -450 -200 -443 -187 -332 0
53 -30 -328 -158 -248 -34 -253 -301 -130 -218 -60 -401 -351 -213 -114 0
88 -256 -250 -66 -151 -183 -355 -23 -425 -134 -286 -165 -169 -404 -130 -264 -45 -34 0
265 -141 -264 0
315 -404 -264 -250 -66 -151 -355 -134 -286 -165 -169 -130 -45 -34 -114 -383 -52 -328 -158 -248 -253 -301 -218 -60 -401 -351 -213 -432 -13 0
20 -23 -355 -42 0
-265 -232 -264 -258 -34 -89 -130 0
166 -208 -165 -68 0
236 -243 -391 -169 -165 -68 -158 -107 -264 -34 -130 -328 -355 -134 -52 -1 -213 -114 -87 -401 -373 -151 -66 -314 -250 -286 -45 -383 -248 -253 -301 -218 -60 -351 -432 -13 0
313 -183 -66 0
315 -291 -301 -105 -28 -391 -34 -342 -169 -13 -264 -250 -66 -151 -355 -134 -286 -165 -130 -45 -114 -383 -52 -328 -158 -248 -253 -218 -60 -401 -351 -213 -432 0
-265 -134 -1 -355 -264 -34 -130 -87 -151 -401 -66 -314 -301 -391 -169 -13 -250 -286 -165 -45 -114 -383 -52 -328 -158 -248 -253 -218 -60 -351 -213 -432 -361 0
368 -250 -169 -286 -328 -130 -162 -373 -78 -66 -314 -13 -107 -34 -264 -1 -87 -391 -45 -114 -383 -52 -248 -253 -218 -351 -432 -237 -48 -276 -11 -229 -7 -411 -376 0
369 -66 -314 -276 -13 -411 -11 -114 -229 -383 -376 0
-183 -416 -345 -166 -256 -66 -151 -19 -355 -114 -383 -52 -328 -158 -248 -34 -253 -301 -130 -218 -60 -401 -351 -213 -432 -13 -314 0
-286 -66 -114 -314 -383 -52 -328 -248 -34 -253 -130 -218 -351 -432 -13 -169 -447 368 -162 -373 -78 -107 -264 -1 -87 -391 -45 -237 -48 -276 -11 -229 -7 -411 -376 0
-439 -13 -413 -314 -87 -114 -130 -218 -351 -107 -48 -276 -11 -7 -411 -200 -443 -353 -109 -49 -31 -61 -16 -450 -187 -332 -137 -428 -386 -366 -441 0
-34 -254 -48 -68 -7 -99 -158 -375 -89 -130 -234 -218 -60 -165 -351 -171 -54 -386 -35 0
170 -380 -353 -298 -57 -243 -342 -72 -405 -165 0
349 -177 -235 -171 -353 -298 -243 -165 -143 -294 -151 -66 -183 -28 -375 -139 -89 -266 -130 -234 -218 -60 0
-259 -61 -109 -49 -130 -16 -278 0
314 -183 -66 0
159 -328 -48 -427 -8 0
-274 -409 -16 0
386 -24 -351 -60 -114 -286 -49 -169 -109 0
330 -286 -238 -278 -49 -109 -314 -277 -60 -16 -169 -52 0
-328 -330 -157 -48 -427 -8 0
-265 -88 -130 0
159 -376 -427 -61 -48 265 -8 0
-376 265 -427 -61 -34 -157 -48 -352 -8 0
376 -314 -238 -278 -49 -109 -16 -277 -8 0
-183 -66 -109 -34 -130 -61 -278 -49 -16 0
428 -376 -130 -278 -61 -49 -109 -136 -440 -16 0
262 -34 -130 0
-169 -234 -60 -400 -286 -351 -24 386 -49 -109 0
-265 -376 -109 -34 -130 -61 -278 -16 -49 0
-376 -34 -61 -16 -109 -130 -278 -49 0
-66 -34 -109 -130 -61 -278 -49 -16 0
-34 -61 -109 -130 -49 -278 -16 0
377 -265 -352 -16 -427 -411 -48 -130 -351 314 -139 -8 -206 -199 -49 -109 -385 -61 0
-265 -376 -130 -278 -49 -109 -61 -16 0
429 -88 -159 -28 -139 -262 -61 0
-376 -61 -109 -130 -278 -49 -16 0
-61 -278 -16 -130 -49 -109 0
263 -139 -265 0
-139 -265 -262 0
59 -99 -56 -352 -249 -191 -197 -164 -424 -170 -414 -288 -234 0
58 -113 -24 -400 -351 -234 0
59 -352 -56 -289 -362 -191 -444 -164 -333 -176 -170 -373 -197 -288 -249 -424 -414 -234 0
263 -265 -278 -109 -49 -130 -16 0
428 -364 -278 -16 -109 -49 -439 -157 -114 -328 -231 -54 0
-8 -328 -109 -49 -278 -16 -157 -427 -330 0
-265 -278 -49 -16 -109 -130 0
-328 -33 -130 -368 -352 -47 -16 -8 -330 -109 -49 -278 0
110 -405 -56 -30 -59 -88 -351 -130 -219 -448 -206 -385 -49 0
46 -22 -54 -49 -109 -59 -130 -16 -278 -33 -352 -157 -8 0
48 -8 -109 -49 -278 -16 0
-328 -351 -53 -206 -49 -130 -157 -8 -109 -278 -16 0
387 -366 -43 265 -439 -206 -49 -351 -109 -53 0
350 -341 -302 -218 -404 -363 -444 -333 -375 -182 -153 -293 -406 -133 -321 -288 -356 -60 -22 0
-341 -182 -170 -288 -218 -60 -351 -302 -363 -444 -333 -375 -404 -153 -293 -406 -133 -321 -356 -22 0
112 -424 -444 -333 -375 -103 -302 -197 -352 -271 -177 -55 -170 -288 -218 -60 -351 -363 -404 -293 -406 -133 -356 -22 -10 -409 -313 -16 -439 -53 0
114 -351 -53 -22 0
-9 -8 -130 -49 -109 -16 -278 0
53 -56 -405 -30 -378 -88 -351 -130 -219 -448 -385 -49 -109 -8 -352 -427 0
386 -368 -53 -351 -130 -278 -49 -16 -109 -157 -8 0
-352 -157 -16 -109 -278 -351 -130 -49 -8 0
-157 -351 -49 -16 -278 -109 -130 -8 0
50 -201 -130 -278 -49 -16 -109 0
369 -53 -109 -49 -130 -278 -16 0
-31 -328 -130 -49 -278 -16 -109 0
369 -278 -130 -49 -16 -109 0
-8 -351 -49 -278 -16 -109 -130 0
8 -427 -278 -49 -16 -109 0
277 -16 -109 -49 0
-278 -16 -49 -109 -130 0
-31 -427 -47 -8 -32 -16 -109 -49 0
329 -139 -36 -157 -88 0
90 -139 -36 -262 -63 -450 -130 0
449 -103 -443 -332 -183 -374 -303 -198 -304 -67 -217 -418 -157 -106 -139 -36 -15 -10 -409 -313 -16 -171 -441 -288 -63 0
-88 -313 -15 -36 -332 -137 -441 -63 -450 -443 -303 -67 -217 -157 -106 -10 -409 -16 -171 -288 -130 -212 -400 -234 0
262 -441 -365 -137 -63 0
62 -413 -424 -234 -288 -265 -450 -262 0
219 -344 -417 -255 -166 -272 -303 -67 -341 -94 0
-427 -94 -217 -130 -16 -52 -49 -109 -8 -58 0
450 -267 -264 -130 -61 0
439 -257 -130 -234 -414 -69 -425 -254 -13 -365 -333 -315 0
141 -21 -387 -61 -440 -234 -414 -69 -254 -13 -365 -333 -315 -130 -135 -288 -449 0
63 -265 -444 -130 -333 -201 -440 -262 0
11 -186 -354 -249 -191 -168 -165 0
158 -305 -341 -201 -368 -410 -12 -354 -254 -365 -440 -130 -234 -414 -69 -13 -333 -315 -135 -288 -449 -387 -61 -444 -355 -22 -328 0
400 -175 -341 -355 -328 -305 -22 -351 -212 -113 0
-351 -8 -16 -109 -49 -130 0
441 -232 -130 -265 -448 -49 -112 -368 -276 -16 0
-8 -58 -9 -16 -109 -49 -130 0
8 -157 -368 -328 -352 -427 0
-262 -183 -427 -233 -9 -16 -109 -49 -130 -368 -352 -114 -66 -137 -263 -265 0
262 -386 -365 -137 -441 -130 0
449 -441 -109 -49 -130 -265 -16 0
440 -189 -109 -286 -49 -449 -63 0
-427 -8 -49 -109 -265 -262 -63 -441 -16 -130 0
-8 -63 -441 -16 -109 -49 -265 -262 -130 0
61 -377 -49 -109 -449 -428 0
-427 -201 -157 -328 8 -277 -32 0
-63 -262 -109 -49 -130 -265 -441 -16 0
-427 -157 -239 -32 -16 -109 -49 -47 -328 -429 0
-262 -441 -265 -109 -49 -16 -130 0
-63 -385 -109 -365 262 -441 0
-8 -7 -239 -47 -427 -32 -16 -109 -49 0
-31 -408 -293 -53 -24 -350 -151 -286 -373 -47 -333 -377 -441 -230 -16 -353 -260 -32 -109 -49 0
-427 -441 -130 -265 -16 -109 -49 0
-441 -109 -16 -49 -130 -265 0
-8 -427 -130 -265 -49 -16 -109 0
-429 -427 -63 -239 -32 -16 -109 -49 -47 -328 -265 0
-427 -109 -265 -49 -130 -16 0
72 -434 -191 -242 -164 0
23 -72 -151 -245 -20 -355 0
70 -434 -191 -242 -164 0
-66 -290 -104 -34 -28 -13 -315 -65 0
-434 -71 -191 -242 -164 0
182 68 -164 -169 -198 -403 -176 -341 -305 -212 -402 -373 0
-8 -249 -431 -13 -315 -169 -198 -403 -341 -373 -104 -34 -28 -65 -12 -253 -410 -113 -384 -376 -95 -52 -7 -16 -109 -49 -130 0
-109 -265 -49 -130 -16 0
440 -448 -49 -53 -130 -369 -442 -275 -331 -16 0
378 -63 -373 -79 -331 -16 -49 -130 -442 -136 -157 -427 -8 -328 0
440 -240 -15 -442 -275 -331 -16 -49 -53 -130 -448 0
-63 -34 -373 -79 -331 -16 -442 -49 -130 -136 -385 -427 -157 -8 -328 -377 0
314 -382 -229 428 -367 -409 -12 -400 -66 0
315 -260 -442 -200 -76 0
239 -229 -441 428 -367 -12 -66 -442 -200 -76 -16 -15 0
376 -441 428 -66 -442 -200 -76 -16 -15 -230 -8 0
313 -366 -441 -238 0
-239 -260 -278 -238 0
-259 -260 -352 -200 -32 -369 -238 0
314 -245 -24 -16 -79 -278 -352 -200 -32 -369 -238 -133 -286 -60 -234 -256 -432 -66 -15 0
-262 -377 -8 -16 -130 -265 -427 -49 0
-369 -200 428 -382 -259 -260 -113 -238 -367 0
54 -24 -349 -113 0
-351 -42 -286 -135 -356 -58 -53 114 -349 0
190 -296 -69 -343 -302 -220 -168 -273 -291 -242 -434 0
-191 -190 -58 -170 -135 -356 -53 114 -349 -164 -151 -286 -242 -434 0
-351 -203 -168 -69 -302 -224 -291 -361 -236 -408 -319 -356 -53 114 -349 0
357 -175 -118 -256 -190 165 -98 -434 -179 -236 -242 -408 -319 -244 0
-167 -190 -236 -361 -291 -69 -98 165 -168 0
353 -236 -265 -130 -98 -69 -361 -291 -168 -164 -170 -286 -58 -302 -408 -319 -356 -53 114 -349 -159 -135 -151 -242 -343 -220 -273 0
-351 -291 -164 -69 -302 -159 -361 -98 -236 -408 -319 -151 -356 -286 -135 -58 -53 114 -349 0
-167 -295 -220 -247 -55 -28 -302 -139 -96 -159 -69 -236 -361 -291 -98 165 -168 0
183 -69 -361 -265 -220 -247 -302 -139 -159 -164 -170 -286 -58 -408 -319 -151 -356 -135 -53 114 -349 -354 -130 -242 -343 -273 -442 -331 0
-260 -441 -130 -8 -377 -265 -427 -49 -16 -259 -238 0
240 -31 -377 -427 -8 0
-259 -238 -130 -8 -377 -265 -49 -16 -427 0
429 -32 -377 -8 0
-31 -32 -238 -277 -377 -427 -8 0
350 -94 -114 259 -49 -24 0
67 -352 -13 -238 -427 -136 -441 -114 -53 -24 -351 259 -49 -167 0
-239 259 -8 -377 -238 0
-238 -377 -8 -265 -130 -427 -16 -49 0
52 -161 -343 -220 -74 -243 -433 -373 -190 -331 -165 -447 -187 -171 -286 -58 -351 -114 0
69 -167 -302 -183 -165 -254 -190 0
181 -151 -66 -26 0
-377 -8 -427 -16 -49 -265 -130 0
277 -238 -130 -265 -368 -49 -352 -63 -10 -33 0
-278 -277 -331 -136 -442 -368 -63 -16 -28 -265 -79 -427 -8 -330 -328 -373 259 0
-183 -41 -15 -59 -141 -350 -133 -265 -23 -130 -114 -199 -385 -54 -442 -189 -63 -212 -331 -440 -400 -313 -181 -66 0
183 -199 -130 -265 -63 -442 -440 -331 -15 -313 0
-66 -114 -59 -141 -350 -133 -265 -23 -130 -199 -385 -54 -442 -189 -63 -212 -331 -440 -400 -313 -15 -153 -65 0
-114 -382 -440 -63 -54 -385 -442 -199 -130 -265 -15 -313 -136 -59 -141 -350 -133 -23 -189 -212 -331 -400 -153 -65 0
-238 -8 -265 -49 -130 -16 -427 0
-8 -427 -49 -130 -16 -265 0
260 -199 -407 -143 -66 -183 -373 -161 -331 -78 -11 -442 -130 -410 -171 -49 -16 0
-199 262 -442 -373 -183 -367 -66 -353 -331 -63 -441 -239 -238 -407 -143 -161 -78 -11 -130 -410 -171 -49 -16 0
443 -139 -130 -265 -158 -165 -171 -407 -143 -294 -151 -66 -183 -161 -331 -78 0
163 -305 -349 -303 -58 -391 -286 -68 -171 -167 0
190 -68 -167 -343 -303 -220 -297 -272 -290 -243 -435 0
301 -209 -237 -99 -361 -68 -290 -95 0
67 -446 -197 -136 -99 -364 -256 -254 -209 -167 0
350 -68 -237 -290 -99 -167 -361 -197 -136 -364 -256 -303 -190 -165 -349 -58 -391 -286 -171 -213 -54 0
-352 -197 -180 -151 -165 -303 -58 -391 -286 -171 -167 -243 -213 -425 -134 -54 -357 -114 -23 -237 -290 -99 -361 -136 -364 -343 -220 -272 -130 -265 -238 -49 277 -63 -10 -33 -353 0
351 -197 -180 -151 -165 -256 -349 -303 -58 -391 -286 -171 -167 -243 -367 -213 -425 -134 -382 -54 -357 -114 -23 0
131 -167 -343 -303 -220 -272 -290 -243 -237 -99 -136 -364 -165 -58 -391 -286 -171 -213 -54 -367 -382 -114 -180 -151 -425 -134 -357 -23 -247 -130 -265 -238 -49 277 -63 -10 -33 -353 -139 0
164 -436 -237 -99 -405 -208 -171 0
-68 -290 -237 -361 -405 -303 -171 -349 -58 -391 -286 -167 -165 -99 -208 0
383 -54 -114 0
163 -349 -36 -183 -367 -66 -353 -63 -441 -239 -238 -407 -161 -78 -11 -130 -410 -171 -49 -16 -15 -265 -303 -58 -286 -68 -167 -211 0
350 -290 -237 -303 -171 -349 -58 -391 -286 -167 -165 -99 -44 -265 -130 -343 -272 -220 -364 -54 -367 -382 -114 -134 -357 -23 -247 -238 -49 -63 -353 -158 -407 -294 -66 -183 -161 -78 -36 -15 -11 -16 -239 0
-290 -237 -265 -130 -343 -303 -167 -272 -220 -44 -99 -364 -165 -58 -391 -286 -171 -54 -367 -382 -114 -134 -357 -23 -247 -238 -49 -63 -353 -11 -16 -36 -15 -403 -294 -407 -319 -349 -158 -66 -183 -161 -78 -239 0
-237 -294 -66 -16 -15 -239 -238 -130 164 -99 -171 -364 -263 -167 -183 -265 -343 -303 -272 -220 -44 -165 -58 -286 -54 -367 -382 -114 -134 -357 -23 -247 -49 -63 -353 -11 -36 -407 -319 -349 -158 -161 -78 0
52 -99 -238 -364 -16 -66 -183 -407 -15 -130 -239 -171 -263 -167 -265 -343 -303 -272 -44 -165 -58 -54 -367 -382 -114 -134 -357 -23 -247 -49 -63 -353 -11 -36 -158 -161 -78 -441 -449 0
-277 -364 -373 -66 -331 -136 -442 -183 -200 -279 -238 0
53 -23 -349 -114 0
439 -183 -66 -238 -16 -15 -130 -265 -114 -49 -63 -78 -441 -427 0
-183 -238 -16 -66 -15 -130 -265 -114 -49 -63 -427 -313 0
-238 -66 -265 -63 -15 -313 -16 -130 -114 -49 -427 0
238 -313 -427 -47 -377 -15 0
-313 -15 -265 -427 -130 -63 -16 -114 -49 0
-238 313 -136 -410 -16 -239 0
-66 -431 -130 -265 -410 -63 -16 -331 -136 313 0
-15 -114 -427 -49 -16 -130 -265 -63 0
-183 -66 -315 0
314 -441 -31 -63 -277 -427 -259 0
-66 -259 -49 -265 -130 -63 -16 -315 -31 -277 -427 0
261 -277 -265 -427 -328 8 -63 -31 0
238 -63 -265 -328 8 -427 0
-66 -369 -377 -427 -373 -277 -331 -136 -442 -183 -279 -238 -63 -440 0
-63 -427 -130 -265 -16 -49 0
-238 -277 -373 -331 -136 -442 -66 -441 -367 -16 -353 -79 -32 -13 -239 -410 0
-277 -66 -408 -361 -190 -170 -442 -136 -331 -373 63 -263 -130 -89 -377 -175 -49 -427 -47 -230 -353 -10 -367 -16 -79 -13 -239 -410 0
277 -239 -32 0
-238 -13 -315 -136 -410 -16 -239 0
112 -320 -357 -53 -24 0
-427 -265 -16 -130 -49 0
-239 259 -31 -238 0
-277 -238 -31 0
-63 -66 -136 -130 -265 -238 -49 277 -33 -15 -411 -276 -9 -376 -114 -229 -52 -385 -61 0
231 -9 -376 -353 0
-239 -238 -265 -130 -49 -16 0
-66 -275 -328 -410 -8 -349 -113 -52 -46 -385 -376 -229 -12 -201 -315 -442 -440 -331 -373 0
230 -8 -376 -354 0
-238 -265 -49 -16 -130 0
279 -171 -212 -130 -265 -158 -66 -161 -11 -301 -36 -449 -440 -60 -49 -16 -350 0
-63 -66 -265 -16 -130 -49 0
32 -66 -13 -368 -16 -213 -354 -12 0
-66 -265 -16 -49 -130 0
387 -410 -183 -13 -315 -16 -12 -229 -52 0
278 -442 -331 -153 -12 -187 -183 -13 -7 -365 -315 -376 -263 -229 -61 -52 -385 -16 -205 -49 -259 -79 0
-265 -49 -16 -130 0
231 -63 -139 -262 -36 -429 -376 0
229 -376 -7 -429 -354 0
63 -365 -136 -440 -262 0
-376 -230 -139 -262 -36 -429 -63 -7 -354 0
314 -259 -277 -49 -16 -130 -66 -13 0
33 -427 -139 -262 -376 -36 -63 -7 0
-264 -376 -7 -31 -63 265 0
136 -439 -16 -259 -49 -130 0
231 -46 -7 -277 -159 -31 -16 -427 -11 0
-63 -439 -130 -16 -49 -259 -277 -11 -264 0
-259 -13 -49 -130 -277 -66 -315 -16 0
51 -304 -302 -340 -351 -60 -286 -133 -3 -206 -86 0
24 -372 -318 -127 -298 -144 -99 -293 -236 -406 -321 -245 -356 0
-13 -277 -130 -16 -49 -66 -315 0
-278 -376 -16 -34 -427 -157 -440 -352 259 -277 -49 -130 0
62 -230 -34 -139 -427 -262 0
-229 -230 -352 -9 -427 0
444 -286 -448 -424 -130 -414 -199 -110 0
50 -177 -341 -406 -218 -292 -207 0
-429 -448 -424 -130 -414 -333 -49 -292 -136 -43 265 -55 -157 -376 229 259 -239 -238 -427 0
411 -350 -142 -49 -34 -60 -376 -424 -130 -414 -136 265 -157 259 -239 -238 -427 -352 -440 -63 -27 -151 -10 0
-376 -63 -49 -16 -34 -238 -440 -212 -409 -142 -60 -424 -130 -414 -136 -27 -151 -277 0
428 -229 -139 -157 -34 -63 -352 0
-63 -409 -34 -49 -16 -238 -440 -212 -142 -60 -424 -130 -414 -136 -27 -151 -277 0
-277 -66 -49 -130 -16 -315 0
231 -376 -427 0
-376 -427 -229 0
-239 -238 -136 -16 -315 -278 0
-376 -427 265 -14 -8 -410 -449 -130 -259 -32 -260 -238 -429 -354 0
255 -203 -291 -191 -302 -354 -168 -249 11 0
382 -53 -113 0
61 -302 -291 -354 -168 -159 -14 -12 -329 -410 -88 -367 -130 -382 -364 -449 -440 0
190 -434 -291 -191 -302 -354 -168 11 -247 -254 -343 -220 -69 -296 0
-114 -58 -232 -402 -349 -113 383 0
353 -191 -291 -302 -354 -168 11 -247 -254 -343 -220 -69 190 0
-427 -354 -412 -349 -113 -238 -259 -260 -130 -12 -66 -14 -315 -449 -440 265 -136 -410 -364 -385 -46 -8 -32 -429 0
-66 -315 -130 -49 -16 0
-429 -354 -138 -410 -49 -130 -376 -16 -427 0
-61 -136 265 -427 -376 -8 429 -277 -238 -315 -16 -410 0
-278 -80 -277 -16 -49 -130 0
-136 -368 -49 -315 -16 -130 -427 -376 -8 429 0
-354 -376 -16 -49 -130 -315 -427 0
50 -170 -60 -404 -350 -341 -218 -448 -207 0
-136 -60 -369 -130 -49 -385 -57 -238 -315 -16 -410 -277 -62 0
428 -238 -16 -49 -130 -369 -385 -57 -315 -410 -277 -376 0
-376 -427 -16 -49 -130 -315 0
429 -158 -7 -46 -16 -315 -136 -12 -229 0
-277 -278 -439 -16 -32 -315 -49 -130 0
277 -439 -16 -365 -32 0
-136 -427 -49 -16 -315 -130 0
31 -427 -229 -9 -12 0
-427 -315 -49 -16 -130 0
-278 -277 -16 -138 -61 -49 -130 0
131 -333 -444 -374 -201 -88 0
332 -3 -135 -201 -286 -444 -187 0
171 -342 -273 -242 -306 -71 -391 -164 0
288 -129 -446 -187 0
-136 -187 -201 -86 -229 -153 -12 -275 -16 -328 -449 -130 -183 -315 -13 -80 -110 -387 -31 -376 -7 265 -61 -440 -365 -138 0
-277 -315 -49 -130 -16 0
-315 -49 -16 -130 0
-61 -278 -277 -16 -49 -130 0
-238 -412 -351 -49 -448 -130 440 -442 -331 -16 -240 -277 0
-278 -277 -49 -16 -130 0
-229 -369 -409 31 -9 0
349 -67 -255 -340 -303 -304 -392 -171 -286 -59 0
-409 -210 -167 -446 -255 -189 -331 -199 -130 -110 265 -61 -29 -15 62 31 -9 -382 -401 -158 -16 0
-229 -290 -255 -167 -103 -78 -232 -401 -331 -110 -54 -386 -35 -29 -88 -130 -382 -199 -367 -47 -352 -427 -231 0
-136 -255 -80 -61 -16 -78 -331 -130 -382 -199 -47 -189 265 -15 31 -9 -106 -183 -66 -138 -365 -440 0
-49 238 -377 -427 -277 -16 -130 0
279 -13 -409 -61 -16 -427 -259 -31 0
-277 -31 -61 -427 -7 -46 -130 -409 -16 0
63 277 -409 -427 -16 -130 -229 0
-31 -409 -16 -427 -61 -130 -229 0
-409 -61 -16 -130 -427 -229 0
141 450 -130 -61 0
52 -197 -425 -137 -288 -139 -187 -89 -331 -29 -109 -35 -58 -386 -351 0
279 -112 -187 -109 -130 -61 -448 -229 -16 -427 -259 -31 0
54 -382 -112 0
-31 -277 -427 -61 -229 -16 -130 0
-277 -61 -16 -130 -427 -229 0
62 -112 -109 -79 -16 -238 -278 -31 -427 0
-109 277 -16 -427 -61 0
53 -232 -58 -401 -349 -114 0
252 -220 -343 -202 -417 -167 -446 -257 0
-61 -229 -130 -427 -16 0
Solved
