105 -130 -175 -304 -70 0
71 -166 -1 -82 -76 -289 -109 -118 -223 0
364 -109 -1 -76 -82 -223 -70 0
111 -227 -41 -364 -319 -119 0
168 -291 -119 -227 -364 -41 0
365 -291 -168 0
-227 -41 -119 -364 -319 -109 0
72 -364 -76 -1 -109 -319 -25 -223 0
119 -298 -272 -160 -42 -1 -168 -76 -291 -264 -109 0
-291 -168 -42 -281 -120 -272 -1 -76 -109 -122 -146 -131 -364 0
-168 -42 -281 -120 -364 -272 -1 -76 -109 -122 -146 -131 0
367 -76 -1 -223 -70 -319 -82 0
364 -168 -291 0
111 -221 -327 -190 -367 -133 -76 0
2 -190 -133 -327 -298 -165 0
289 -132 -1 -70 -223 -168 -120 0
41 -280 -70 -226 -223 0
-168 -291 -223 -319 -70 -1 0
-119 -41 -291 -227 168 0
119 -366 -291 0
3 -34 -222 -56 -299 -259 -76 0
254 -105 -304 -14 -176 -30 -222 -34 -82 0
364 -56 -222 -304 -82 -76 -1 -70 -281 -223 -119 0
-109 -298 -222 -190 -1 -146 -133 -76 -364 -319 72 -223 -111 0
2 -56 -254 -298 -259 0
-41 -291 -1 -70 -223 -76 -304 -82 168 0
-291 -70 -223 -1 -76 -304 -82 -319 0
-119 -70 -223 -168 -319 -366 -110 -120 0
299 -15 -104 -130 -304 -70 -221 -34 -82 -259 -76 -57 -1 0
370 -223 -1 -319 0
-291 -76 -135 -326 -109 -41 -319 -168 -364 -289 -223 -1 0
221 -84 -135 -192 -36 0
-76 -41 -1 -223 -168 -119 -319 -120 -364 0
-291 -36 -322 -28 -326 -135 -223 -109 -41 -319 -168 -364 -289 -1 0
84 -251 -164 -326 -1 -369 -261 -177 -254 -242 0
83 -251 -45 -326 -135 -36 0
29 -136 -45 -140 -326 -262 -164 -1 -26 -300 -146 -56 -192 -254 -135 -36 -369 -261 -177 0
-41 -120 -223 -168 -119 -319 -1 -364 -322 0
34 -147 -262 -27 -368 -44 -327 -165 -1 -260 -255 -57 0
325 -191 -103 -165 -134 0
-291 -262 -136 -165 -327 -57 -1 -103 -15 -134 -220 -35 -27 -260 -109 -308 -130 -319 -219 -364 -168 -289 0
-120 -364 -319 -1 -168 -223 -119 -322 0
-364 -168 -319 -1 -223 -119 -322 0
-168 -119 -319 -1 -223 -322 0
-364 168 -370 -1 -119 -223 0
298 -30 -222 -34 -276 -56 0
327 -105 -299 -222 -34 -56 -259 -1 -77 -111 -164 -133 0
13 -352 -334 -101 -95 0
109 -202 -154 -26 -209 -250 -83 -34 -68 -295 -14 -218 -56 -307 -299 -259 2 -222 -77 0
-119 -223 -1 -319 -322 0
-291 -168 -42 -281 -227 -223 -319 -1 -290 0
326 -104 -338 -165 0
13 -352 -334 -102 -96 0
-168 -56 -15 -165 -1 -72 -281 -359 -227 -42 -365 -223 -319 -290 0
168 119 0
373 -1 0
-319 325 -165 -291 -223 -168 -1 0
325 -165 -223 -168 -291 -1 0
118 -319 -165 -1 -291 -168 -223 0
-319 -165 -291 -223 -1 -168 0
Solved
