542 -496 -310 -17 -357 -482 -266 -224 -258 -370 -234 0
548 -66 -378 -539 -17 -415 -482 -177 -473 -385 -92 -346 -493 -514 -349 -367 -189 -87 -185 -467 -197 -541 -310 -357 -266 -224 -258 -370 -234 -375 0
551 -378 -415 -539 -310 -17 -357 -266 -177 -385 -346 -349 -493 -87 -367 -467 -185 -541 -258 -234 -140 -547 -473 -92 -514 -189 -197 -224 -370 -375 -290 -211 0
543 -320 -493 -349 -367 -87 -185 -467 -197 0
16 -87 -157 -197 -109 -230 -310 -357 -266 -375 -547 -258 -140 -234 -118 -541 -493 -349 -367 -235 -185 -467 -483 -224 0
411 -375 -235 -391 -127 -76 -539 -79 -103 -475 -415 -52 -296 -224 -17 -157 -197 -109 -230 -310 -357 -266 -547 -258 -140 -234 -118 -541 -493 -349 -367 -185 -467 -550 -385 -346 -473 -92 -514 -370 -290 -329 -101 0
557 -266 -541 -370 -230 -109 -67 -121 -493 -367 -197 -163 -157 -418 -101 -410 -235 -391 -127 -76 -539 -79 -103 -475 -415 -52 -296 -224 -17 -357 -234 -547 -258 -140 -118 -349 -467 -550 -385 -473 -514 -290 -329 -220 0
-185 -310 -197 -109 -230 -157 -357 -266 -547 -258 -140 -234 -118 -541 -493 -349 -367 -235 -467 -224 -17 -410 -101 -370 -418 -163 -51 -186 0
351 -93 -235 -391 -539 -103 -337 -415 -29 -296 -74 -134 -224 -310 -17 -357 -266 -496 -106 -319 0
560 -467 -157 -418 -230 -499 -101 -106 -410 -349 -235 -391 -539 -103 -415 -296 -224 -17 -357 -163 -370 -118 -541 -493 -234 -367 -258 -197 -109 -547 -140 -51 -220 -556 -67 -121 -127 -76 -79 -475 -52 -550 -385 -514 0
482 -319 -496 0
-320 -89 -163 -157 -230 -418 -227 -101 -346 -499 -410 -349 -106 -493 -367 -185 543 -467 -197 -319 0
-185 -266 -475 -330 -415 -296 -224 -17 -157 -197 -109 -230 -310 -357 -52 -547 -258 -140 -234 -118 -541 -493 -349 -367 -235 -467 -398 -496 -106 -163 -418 -227 -101 -499 -410 -370 -220 -219 -556 -51 0
-266 -310 -418 -103 -101 -415 -410 -296 -224 -349 -235 -391 -539 -40 -17 -357 -106 -467 -370 -118 -541 -428 -493 -234 -556 -367 -258 -475 -330 -157 -197 -109 -230 -52 -547 -140 -163 -499 -220 -51 -267 0
542 -497 -224 -17 -303 -76 -462 -367 -493 -121 -103 -246 -547 -428 -140 -370 -234 0
266 -76 -418 -163 -157 -51 -230 -370 -118 -541 -224 -17 -106 -462 -367 -493 -121 -103 -547 -428 -140 -234 -137 -357 0
557 -217 -220 0
-217 -556 -220 0
498 -197 -52 -157 -418 -467 -499 -101 -106 -349 -235 -391 -539 -103 -415 -224 -17 -357 -163 -370 -118 -541 -493 -234 -367 -258 -475 -109 -547 -140 -220 -556 -67 -121 -127 -79 -550 -385 -514 -559 -266 -40 -428 -565 -307 -85 -292 -482 -319 0
-197 -467 -292 -163 -157 -418 -101 -185 -499 -349 -106 -493 -367 543 -565 -307 -17 -496 -52 -235 -391 -539 -103 -415 -224 -357 -370 -118 -541 -234 -258 -475 -109 -547 -140 -220 -556 -67 -121 -127 -79 -550 -385 -514 -559 -266 -40 -428 0
567 -17 -307 -292 -224 0
542 -302 -137 -357 -220 -556 -109 -197 -157 -230 -547 -258 -140 -234 -118 -541 -493 -349 -367 -235 -266 -224 -17 -410 -101 -370 -418 -163 -51 -467 -4 0
-185 -483 -163 -157 -418 -101 -499 -349 -106 -493 -367 543 -467 -319 -292 -565 -307 -17 -52 -235 -391 -539 -103 -415 -224 -370 -118 -541 -234 -258 -475 -109 -547 -140 -220 -556 -67 -121 -127 -79 -550 -385 -514 -559 -266 -40 -428 0
18 -319 -101 -499 -106 -349 -235 -391 -539 -103 -415 -224 -17 -266 -163 -52 -157 -418 -370 -118 -541 -493 -234 -367 -258 -475 -109 -547 -140 -220 -556 -67 -121 -127 -79 -550 -385 -514 -559 -40 -428 -565 -307 -467 -292 -137 0
542 -375 -17 -266 -357 -224 -258 -370 -234 -319 -310 -547 -140 0
-185 -319 -547 -234 -258 -292 -163 -157 -418 -101 -499 -349 -106 -493 -367 -467 -565 -307 -17 -52 -235 -391 -539 -103 -415 -224 -370 -118 -541 -475 -109 -220 -556 -67 -121 -127 -79 -550 -385 -514 -559 -266 -40 -428 -140 0
-319 -467 -547 -234 -292 -163 -157 -418 -101 -499 -349 -106 -493 -367 -258 -565 -307 -17 -52 -235 -391 -539 -103 -415 -224 -370 -118 -541 -475 -109 -220 -556 -67 -121 -127 -79 -550 -385 -514 -559 -266 -40 -428 -140 -137 0
368 -94 -493 0
-94 -493 -367 0
-556 -310 -418 -103 -415 -101 -224 -349 -235 -391 -539 -17 -357 -106 -266 -370 -118 -541 -428 -493 -234 -367 -258 -475 -157 -197 -109 -230 -52 -547 -140 -163 -499 -220 -467 -496 -185 -565 -307 -121 -127 -79 -550 -559 -137 -170 -281 0
-320 -227 -230 -101 -418 -163 -157 -89 -499 -349 -106 -493 -367 -185 543 -467 -197 -565 -307 -17 -224 -572 -568 -170 -258 -496 0
-310 -230 -170 -281 -220 -307 -357 -17 -266 -157 -197 -109 -547 -258 -140 -234 -118 -541 -493 -349 -367 -235 -185 -467 -224 -499 -496 -106 -101 -418 -163 -565 -103 -415 -391 -539 -370 -428 -475 -52 -121 -127 -79 -550 -559 -137 0
-230 -220 -157 -418 -224 -17 -266 -499 -496 -349 -106 -101 -493 -367 -185 -467 -197 -565 -307 -170 -258 -541 -370 -428 -357 -163 -281 -109 -547 -140 -234 -118 -235 -103 -415 -391 -539 -475 -52 -121 -127 -79 -550 -559 -137 0
483 -496 -319 0
220 -496 -140 -547 -234 -258 -170 -281 0
497 -230 -271 -163 -157 -101 -565 -307 -17 -224 -467 -370 -499 -541 -281 -349 -106 -234 -170 -319 -258 0
542 -418 -234 -157 -224 -17 -266 -499 -496 -349 -106 -101 -493 -367 -467 -258 -565 -307 -170 -541 -370 -428 -357 -163 -281 -109 -547 -140 -118 -235 -103 -415 -391 -539 -475 -52 -121 -127 -79 -550 -559 -137 0
197 -207 -435 -258 -109 -170 -271 -572 -163 -307 -17 -224 -565 -157 0
-418 -496 -475 -539 -235 -391 -103 -415 -224 -17 -357 -266 -52 -106 -565 -307 -234 -170 -258 -157 -499 -349 -101 -493 -367 -467 -541 -370 -428 -163 -281 -109 -547 -140 -118 -121 -127 -79 -550 -559 -137 0
542 -220 -428 -370 -482 -17 -266 -357 -496 -224 -258 -234 0
-496 -467 -157 -109 -370 -118 -541 -428 -17 -266 -357 -224 -258 -234 -170 -281 -475 -539 -235 -391 -103 -415 -52 -106 -565 -307 -499 -349 -101 -493 -367 -163 -547 -140 -121 -127 -79 -550 -559 -137 0
321 -91 -271 -109 -383 -508 -303 -89 -12 -230 -227 -348 -349 -106 0
16 -5 -109 -271 -434 -224 0
543 -230 -493 -367 -185 -109 -444 -258 -170 -163 -307 -17 -224 -565 -157 -133 -434 -370 -118 0
-230 -418 -357 -109 -185 -157 -547 -258 -140 -234 -118 -541 -493 -349 -367 -235 -266 -224 -17 -101 -370 -133 -163 -467 -565 -557 -220 -428 -444 -170 -307 -434 0
309 -220 -565 -133 -357 -224 -109 -271 -434 -569 -17 0
-220 -185 -415 -235 -475 -565 -157 -539 -428 -370 -118 -281 -101 -541 -357 -109 -547 -258 -140 -234 -493 -349 -367 -266 -224 -17 -133 -163 -467 -444 -170 -307 -434 -569 -222 0
159 -244 -103 -217 -137 -556 -303 -185 -235 -197 0
-230 -420 -101 -106 -163 -157 -103 -217 -137 -556 -303 -185 -235 -428 -370 -541 -493 -367 -109 -444 -258 -170 -307 -17 -224 -565 -133 -434 -118 0
72 -52 -475 0
-547 -266 -497 -415 -235 -475 -565 -157 -539 -428 -370 -118 -281 -101 -541 -185 -109 -357 -258 -140 -234 -493 -349 -367 -220 -224 -17 -163 -170 -307 542 0
-496 -266 -370 -220 -17 -428 -357 542 -224 -258 -234 -319 0
158 -376 -244 -415 -463 -103 -329 -109 -101 -271 -418 -163 -72 0
159 -244 -463 -137 -357 -72 -310 -90 -133 -6 -109 -271 -197 -163 0
542 -418 -415 -17 -103 -109 -101 -271 -224 -163 -72 -157 -137 -357 -197 -220 -428 -258 -370 -234 -118 0
-133 -207 -508 -230 -109 -163 -493 -367 -185 -258 -170 -307 -17 -224 -565 -157 543 -370 -118 -435 -234 -135 0
273 -89 -230 -418 -157 -508 -163 -109 0
-418 -220 -163 -109 -157 -493 -367 -185 -370 -197 -541 -415 -17 -103 -101 -224 -72 -137 -357 -230 -428 -258 -234 -118 0
543 -133 -230 -109 -163 -493 -367 -185 -258 -170 -307 -17 -224 -565 -157 -370 -118 -234 -434 -197 0
-220 -357 -539 -565 -235 -72 -197 -157 -185 -137 -415 -109 -163 -428 -370 -118 -541 -230 -493 -367 -258 -170 -307 -17 -224 -234 -281 -101 -103 0
419 -217 -349 -556 -228 -185 -271 -151 -357 -197 -163 -103 -137 -244 -235 -463 -72 -90 -133 -6 -109 -157 0
272 -217 -106 -163 -157 -103 -230 -137 -101 -556 -185 -235 -428 -370 -541 -493 -367 -109 -420 -258 -170 -307 -17 -224 -565 -133 -434 -118 -6 0
-357 -185 -197 -349 -137 -72 -109 -163 -157 -106 -103 -230 -101 -235 -428 -370 -541 -493 -367 -258 -170 -307 -17 -224 -565 -118 -234 -281 -539 -415 0
420 -464 -312 -234 -118 -541 -428 -294 -370 -307 -88 -170 -179 -230 -281 -101 -47 0
165 -133 -541 -230 -109 -163 -493 -367 -185 -258 -170 -307 -17 -224 -565 -157 -118 -234 -370 -197 -106 -281 -101 -312 -428 -294 -72 0
543 -88 -230 -228 -370 -118 0
-292 -294 -565 -307 -17 -224 0
542 -399 -157 -163 -541 -230 -109 -493 -367 -185 -258 -170 -307 -17 -224 -565 -118 -234 -370 -197 -106 -281 -101 -312 -428 -294 -72 0
71 -52 -475 0
-197 -367 -157 -163 -230 -109 -493 -541 -185 -258 -170 -307 -17 -224 -565 -118 -234 -370 -106 -281 -101 -428 -72 -88 -349 -137 -103 -235 -539 -415 0
-367 -493 -109 -170 -163 -307 -17 -224 -565 -157 -370 -541 -230 -258 -185 -118 -234 -106 -281 -101 -428 -72 -88 -349 -137 -103 -235 -539 -415 0
273 -5 -224 -258 -17 -170 -281 -109 -230 -508 -157 -89 -163 0
272 -468 -572 -307 -475 -170 -349 -17 -81 -281 -224 -414 -318 -5 -484 -157 -508 -163 -109 -46 0
510 -247 -109 0
-247 -508 -109 0
543 -508 -475 -170 -349 -17 -81 -281 -224 -318 -157 -307 -163 -109 -88 -258 -230 -370 -118 0
110 -92 -17 -224 -522 -235 -137 -103 -157 -244 -163 -463 -271 -253 0
-197 -558 -118 -541 -428 -370 -307 -88 -170 -230 -281 -101 -415 -17 -103 -109 -224 -163 -72 -157 -137 -258 -253 -522 -235 -234 -475 -349 -81 -318 -198 0
367 -185 -370 -163 -475 -170 -349 -17 -281 -224 -318 -157 -307 -109 -258 -230 -118 -541 -428 -101 -415 -103 -72 -137 -253 -522 -235 -234 -578 -88 0
164 -271 -185 -94 -197 -367 -157 0
-271 -503 -101 -106 -230 -10 -109 -413 -157 -163 -185 -94 -197 -367 0
542 -10 -157 -109 -101 -106 -230 -163 -185 -94 -367 -88 -370 0
-197 -185 -425 -281 -157 -52 -224 -163 -475 -170 -94 -367 -258 -17 -109 -230 -349 543 -318 -307 -370 -118 0
-185 -258 -109 -170 -163 -307 -17 -224 -565 -157 -425 -281 -52 -475 -230 -349 -370 -118 -541 -101 -106 -234 -428 -137 -103 -235 -539 -415 -578 0
-258 -230 -163 -224 -17 -170 -281 -109 -157 -370 -118 -541 -234 -307 -565 -425 -52 -475 -349 -101 -106 -428 -137 -103 -235 -539 -415 -578 0
158 -271 -307 -17 -224 -118 -88 -230 -370 -571 -541 -106 -109 -101 -565 -420 -163 0
542 -275 -279 -425 -180 -137 -69 -17 -224 -522 -235 -103 -157 110 -163 -271 -253 -571 -428 -370 -234 0
-271 -197 -17 -224 -522 -235 -103 -157 -163 -253 -234 -106 -565 -307 -571 -88 -230 -370 -118 -541 -279 -425 -428 -109 -186 -137 -101 -420 0
-197 -571 -370 -163 -541 -157 -109 -17 -224 -522 -235 -103 -253 -234 -106 -565 -307 -88 -230 -118 -279 -425 -428 -186 -137 -101 -420 0
-230 -370 -103 -415 -17 -224 -235 -163 -137 -118 -565 -541 -157 -109 -234 -106 -307 -425 -428 -101 -281 -170 -52 -475 -349 -539 -578 0
-370 -17 -565 -224 -541 -109 -307 -103 -415 -235 -163 -137 -118 -157 -234 -106 -425 -428 -101 -281 -170 -52 -475 -349 -539 -578 0
-258 -79 -578 -494 -124 -339 -315 -479 -17 -224 -522 -235 -137 -103 -157 -163 -92 -253 -234 -508 -170 -281 -109 -230 273 -89 0
-89 -302 -137 -246 -103 -558 -184 -578 -339 -17 -224 -522 -235 -157 -163 -253 -234 -508 -170 -281 -109 -230 273 -117 -349 -106 -7 -485 -227 -88 0
6 -258 -522 -415 -103 -246 -69 -465 -571 -234 -170 -146 -307 -17 -224 -206 0
245 -185 -17 -197 -271 164 -224 -157 -462 -307 -230 -425 -420 -571 -281 -170 -146 -258 -522 -234 -415 -465 -103 0
225 -382 -180 -146 -522 -29 -415 -103 -565 -558 0
244 -134 -415 -349 -565 -307 -17 -224 -51 -227 -230 -485 -180 -146 -522 -29 -558 -103 -234 -302 -465 -137 0
-258 -146 -29 -224 -281 -522 -170 -415 -558 -103 -17 -197 -271 164 -157 -462 -307 -230 -425 -420 -571 -234 -465 -246 -349 -565 -51 -227 -302 -137 -4 -206 0
159 -227 -475 -17 -224 -4 -137 -415 -349 -565 -307 -52 -230 -522 -29 -558 -103 -234 -246 -281 -184 -170 -197 -271 -157 -425 -571 -109 -235 -163 0
105 -295 -281 -419 -47 -230 -29 -11 -558 -303 -415 -382 0
223 -399 -74 -50 -307 -17 -224 -565 -137 -415 -246 -103 -281 -419 -47 -230 -29 -11 -558 -303 0
52 -340 -499 -582 -174 0
246 -592 -371 -541 -268 -234 -464 0
104 -410 -7 -582 -317 -499 -179 -268 -170 -281 -419 -307 -88 -47 -11 -230 -486 -137 -371 -541 -234 -255 -34 -71 -52 -303 -600 -415 -384 0
418 -503 -582 -592 -179 -268 -170 -7 -281 -47 0
420 -92 -179 -384 -303 -11 -170 -230 -281 -47 0
225 -179 -170 -281 -419 -303 -11 -230 -47 -147 -522 -415 -103 -7 -582 -317 -499 -307 -88 -486 -137 -234 -255 -71 -600 -597 -390 -565 -17 -4 0
93 -29 -281 -419 -47 -230 -295 -11 -103 -303 -415 -382 0
418 -101 -50 -307 -17 -224 -565 -137 -415 223 -103 -281 -419 -47 -230 -11 -303 -600 -522 -147 -234 -258 -486 -170 -179 -399 0
-101 -317 -137 -234 -230 -103 -17 -224 -415 -163 -235 -565 -157 -109 -307 -281 -170 -255 -582 -197 -71 -600 -147 -522 -303 -88 -11 -179 -47 -419 -50 223 -258 -486 -399 0
282 -362 -170 0
-362 -170 -281 0
567 -296 -224 0
319 -241 -59 -14 -546 -339 -351 -96 0
-496 -319 -481 0
419 -481 -220 -377 -258 -373 -59 -339 -277 -8 -72 -389 -180 -109 -47 -230 -418 -157 -163 -269 -92 -600 -145 -235 -197 0
420 -180 -163 -157 -101 -47 0
301 -375 -377 -34 -17 -220 -258 419 -277 -389 -180 -109 -47 -230 -418 -157 -163 -269 -92 -600 -145 -197 -339 -153 0
557 -34 -17 -197 -224 -157 -307 -230 -281 -170 -258 -415 -103 -137 -92 -163 -246 -302 -377 -234 -220 -277 -389 -180 -109 -47 -418 -600 -145 -153 0
-180 -197 -258 -17 -234 -224 -157 -307 -230 -281 -170 -415 -103 -137 -92 -163 -246 -302 -377 -220 -277 -389 -109 -47 -418 -600 -153 -521 0
420 -179 -92 -384 -170 -230 -281 -47 -109 -163 -273 -157 0
566 -92 -163 -157 -418 -109 -384 -170 -230 -281 -47 -258 -17 -234 -224 -307 -415 -103 -137 -246 -302 -377 -220 -277 -600 -153 -521 0
105 -382 -163 -157 -418 -109 -170 -230 -281 -47 -258 -17 -234 -307 -415 -103 -137 -220 -277 -153 -224 0
-180 -385 -137 -303 -36 -245 -346 -539 -118 -597 -198 -230 -163 -109 -47 -157 -273 -418 -178 -101 0
159 -385 -137 -303 -36 -245 -346 -539 -118 -198 -230 -109 -47 -597 -273 -163 0
91 -522 -234 -230 -103 -17 -224 -415 -163 -157 -109 -307 -281 -170 -137 -303 -47 223 -258 -418 -198 -245 -118 -597 -68 -220 -515 0
-180 -341 -36 -172 -303 -476 -230 -418 -157 -163 -109 -179 -101 -47 0
272 -522 -234 -230 -103 -17 -224 -415 -163 -157 -109 -307 -281 -170 -137 -303 -179 -47 223 -258 0
-382 -47 -137 -230 -109 -220 -163 -157 -418 -234 -103 -17 -224 -415 -307 -281 -170 -258 -573 -277 -153 0
273 -198 -573 -481 -567 -258 -297 -180 -234 -415 -91 -103 -14 -137 -34 -301 -539 -237 -72 -413 -230 -418 -157 -163 -109 -6 -485 -47 0
302 -592 -522 -599 -147 -449 -237 -153 0
-180 -34 -153 -578 -109 -301 -137 -481 -258 -234 -103 -415 -539 -297 -567 -277 -91 -230 -47 -573 -418 -157 -163 -6 -101 0
-419 -522 -234 -103 -415 -258 -170 -281 225 -179 -303 -230 -47 -11 -7 -307 -137 -17 -146 -236 -109 -163 -273 -157 -418 0
-303 -476 -415 -103 -230 -109 -47 -273 -163 -157 -234 -258 -170 -281 225 -179 -307 -137 -17 -146 -418 -153 -301 0
420 -237 -109 -163 -273 -157 -47 0
-47 -418 -109 -163 -157 -230 -415 -103 -234 -258 -170 -281 -307 -137 -17 -153 -277 -573 -224 -220 0
120 -357 -399 -565 -307 -17 -224 -50 -226 0
70 -39 -131 -463 -109 -310 -247 -133 -224 -296 -29 -119 -399 -565 -307 -17 -50 -137 -303 -153 -8 -67 -573 -371 -230 -89 0
-565 -522 -93 -303 -415 -147 -224 -230 -539 -89 -71 -131 -109 -247 -29 -399 -307 -17 -50 -137 -153 -8 -67 -573 -220 -186 -258 -234 -543 -597 -409 -567 0
565 -600 -109 -71 -269 -93 -500 -103 -415 -224 0
237 -93 -500 -303 -504 -230 -269 -89 -234 -71 -103 -543 -539 -415 -597 -224 -131 -109 -247 -29 -399 -307 -17 -50 -137 -153 -8 -67 -573 -220 -186 -258 -409 -567 0
180 -303 -109 -71 -269 -500 -103 -415 -567 -597 -543 -573 -67 -89 -8 -230 -153 -224 -236 -234 -539 -247 -399 -307 -17 -50 -137 -220 -186 -258 -409 -277 0
90 -425 -594 -307 -139 -373 -590 -67 -76 -119 -573 -399 -565 -17 -224 -50 -357 -255 -371 -230 -71 0
521 -382 -103 -92 -415 -147 0
427 -447 -487 -500 -477 -203 -600 -192 -594 -114 0
301 -600 -92 -594 -556 -487 -500 -114 -103 -415 -539 -371 -71 -89 -307 -139 -590 -67 -119 -573 -399 -565 -17 -224 -50 -230 -463 -352 -39 -132 -274 -236 -137 0
-565 -303 -67 -89 -8 -230 -153 -10 -573 -92 -500 -114 -103 -415 -539 -71 -307 -590 -399 -17 -224 -50 -132 -236 -137 -220 -186 -269 -258 -234 -543 -597 -409 -567 0
-303 -186 -258 -103 -234 -415 -543 -597 -224 -67 -89 -8 -230 -153 -573 -500 -114 -539 -71 -307 -590 -399 -17 -50 -236 -137 -220 -269 -409 -567 -277 -178 -109 -247 0
542 -71 -109 -89 -244 -103 -598 -269 -234 0
280 -170 -415 -17 -224 -234 -109 -137 -230 -307 -163 -157 -103 -281 0
72 -258 -234 -170 -281 -594 -571 -137 -565 -541 -185 -303 -279 -109 -307 -420 -163 -230 -157 -89 0
93 -570 -556 -515 0
384 -296 -415 -224 -103 0
91 -37 -52 -253 -475 -463 -600 -109 -594 -427 -274 -556 -137 -303 -103 -279 -384 -180 0
508 -226 -565 -307 -17 -224 -590 -137 -415 -103 -222 -92 -52 -253 -475 -463 -600 -109 -594 -303 -279 -372 -101 -541 -185 -420 -157 -163 -414 0
382 -245 -484 -163 -428 -157 -372 -235 -17 -4 -303 -224 0
302 -382 -92 -415 -103 -522 -235 -36 0
104 -522 -230 -103 -17 -224 -415 -163 -157 -109 -307 -281 -170 -137 -303 -234 -258 -271 -484 -92 -372 -4 -600 0
165 -235 -281 -600 -303 -230 -565 -522 -415 -103 -307 -88 -137 -234 -71 -17 -414 -508 -224 -163 -157 -109 -258 -170 0
-235 -219 -92 -145 -197 -157 -163 -281 -600 -303 -230 -565 -522 -415 -103 -307 -88 -137 -234 -71 -17 -414 -508 -224 -109 -258 -170 0
-258 -600 -92 -157 -163 -281 -303 -230 -565 -415 -103 -307 -137 -234 -71 -17 -224 -109 -170 -89 0
164 -226 -357 -565 -307 -17 -224 -571 -234 -372 -522 -137 -103 -157 -92 -163 -235 -253 -109 -594 -600 -145 -186 -197 -414 0
178 -219 -222 -279 -92 0
105 -594 -600 -109 -222 -279 -92 -101 -420 -157 -163 -357 -565 -307 -17 -224 -571 -234 -522 -137 -103 -235 -186 -230 -89 -71 -539 -415 0
-594 -522 -163 -89 -157 -71 -539 -186 -230 -34 -17 -565 -224 -92 -415 -103 -600 -382 -246 -109 -222 -279 -101 -420 -357 -307 -571 -234 -137 -235 0
268 -235 -101 -565 -420 -163 -224 -157 -415 -222 -279 -92 -109 -103 -600 -234 0
272 -556 -157 -235 -17 -303 -224 -89 -163 -103 -92 -230 -222 -279 -180 -109 -46 0
104 -10 -157 -235 -17 -303 -224 -109 -101 -230 -163 -94 542 -89 -8 -151 -186 -556 -384 -217 0
-556 -522 -303 -137 -600 -109 -222 -279 -101 -420 -157 -163 -594 -565 -307 -17 -224 -571 -234 -92 -103 -235 -186 -230 -89 -71 -539 -415 -151 -597 -414 -197 -180 -273 -46 0
556 -486 -539 -89 -230 -71 -13 -151 -17 -594 -303 -224 -600 -103 -222 -92 0
158 -594 -137 -600 -571 -303 -234 -92 -230 -89 -565 -279 -71 -224 -103 -109 -539 -415 -222 -101 -420 -157 -163 -307 -17 -235 -186 -151 0
-235 -186 -89 -157 -71 -539 -163 -230 -17 -565 -224 -92 -415 -103 -600 -109 -222 -279 -101 -420 -307 -571 -234 -137 -303 -151 -269 0
-600 -89 -17 -224 -92 -415 -103 -303 -71 -157 -163 -230 -565 -109 -307 -234 -137 -281 -170 0
236 -245 -230 -224 -17 -89 -383 -137 -163 -71 -303 -157 0
384 -412 -163 -157 -89 -71 -581 -109 -388 -565 -92 -415 -224 -103 0
-89 -303 -230 -71 -109 -565 -224 -92 -157 -415 -103 -163 -17 -137 -234 -307 -281 -170 0
218 -558 -222 0
-219 -180 -279 -218 -222 -92 0
93 -268 -503 -170 -281 -109 -420 -163 -413 -157 -235 -151 -303 -600 -103 -279 -222 -92 0
165 -178 -101 -109 -420 -413 -157 0
105 -425 -279 -137 -17 -224 -522 -235 -103 -157 -163 -253 -571 -428 -234 -371 -222 -92 -109 -272 -198 -565 -415 0
-508 -398 -74 -581 -479 -350 -483 -378 -496 -29 -571 -415 -103 -522 6 -246 -234 -170 -146 -307 -17 -224 -279 -253 -178 -413 -109 -272 -509 0
-235 -600 -415 -103 -234 -170 -307 -17 -224 -230 -565 -137 -157 -163 -92 -109 -303 -71 -281 0
-600 -303 -71 -157 -103 -163 -92 -415 -234 -170 -307 -17 -224 -230 -565 -137 -109 -281 0
236 -388 -109 -230 -307 -17 -224 -464 -565 -245 -477 -415 -103 -383 -137 -163 -71 -303 -157 0
384 -134 -230 -11 -109 -118 -272 -542 -51 -596 -388 -307 -17 -224 -565 -415 -103 0
-303 -92 -565 -224 -230 -307 -17 -415 -103 -157 -163 -137 -71 -234 -109 -170 -281 0
105 -600 -186 -109 -222 -279 -92 -101 -420 -157 -163 -134 -565 -307 -17 -224 -571 -234 -522 -137 -103 -235 -594 -230 -71 -539 -415 -4 -180 -253 -428 -425 -272 -198 0
-600 -186 -198 -565 -224 -384 -244 -279 -180 -222 -92 -103 -109 -101 -420 -157 -163 -134 -307 -17 -571 -234 -522 -137 -235 -230 -71 -539 -415 -4 -253 -272 -269 -599 0
247 -235 -163 -230 -157 -109 -17 -224 -253 -522 -103 -234 -565 -307 -571 -88 -279 -137 -101 -420 -198 -590 -52 -415 -244 -475 -269 -384 -222 -92 -71 -539 -272 -599 -256 0
567 -384 -103 -415 -224 0
104 -197 -157 -163 -375 -109 -256 -389 -234 -269 -71 -237 -539 -36 -17 -279 -222 -92 -224 -415 -384 -244 0
-235 -244 -230 -157 -109 -17 -224 -103 -234 -565 -307 -571 -279 -137 -101 -420 -590 -415 -163 -269 -384 -222 -92 -71 -539 -256 -600 -178 -237 0
-508 -272 -163 -109 -412 0
198 -244 -71 -109 -103 -598 -269 -234 -596 -101 -420 -178 -157 -163 0
-92 -71 -157 -163 -109 -103 -234 -230 -17 -224 -565 -307 -137 -415 -170 -281 0
159 -272 -222 -578 -340 -279 -101 -179 -109 -174 -137 -34 -557 -301 -163 -476 -235 -197 -71 0
-272 -235 -101 -420 -163 -157 -222 -578 -340 -279 -109 -174 -137 -34 -557 -301 -476 -179 -197 -71 0
-235 225 -281 -179 -230 -565 -415 -103 -170 -307 -137 -234 -71 -17 -301 -157 -389 -163 -109 -420 -222 -340 -279 -557 -476 -197 0
-272 -197 -101 -420 -163 -157 -179 -109 -412 0
-384 -71 -109 -157 -281 -230 -565 -415 -103 -170 -307 -137 -234 -163 -17 -224 0
104 -244 -268 -234 -541 -4 -17 -224 -235 -92 -137 -103 -157 -592 -163 -271 110 -253 -415 -384 0
362 -92 -163 -109 -103 -71 -234 -17 -224 -230 -565 -137 -415 -307 -157 0
136 -522 -234 -362 -17 -224 -235 -92 -137 -103 -157 -268 -163 -271 110 -253 0
105 -268 -296 -230 -224 -88 -4 -541 -234 -420 -362 -7 -69 -307 -410 -101 -302 -137 -17 -235 -92 -103 -157 -499 -163 -271 110 -253 -146 -184 -279 -222 -180 -415 0
-600 -92 -137 -384 -234 -541 -4 -17 -224 -235 -302 -103 -157 -163 -271 110 -253 -415 -230 -88 -420 -362 -7 -69 -307 -101 -499 -146 -184 -279 -222 -180 -565 -109 -599 0
-92 -384 -146 -302 -224 -415 -17 -103 -137 -234 -541 -4 -235 -157 -163 -271 110 -253 -230 -88 -420 -7 -69 -307 -101 -499 -184 -279 -222 -180 -565 -109 -599 -71 0
-384 -307 -109 -157 -71 -230 -565 -415 -103 -137 -234 -163 -17 -224 -302 -279 -101 -180 -146 -541 -4 -235 -271 110 -253 -88 -420 -7 -69 -499 -184 -222 -599 0
-307 -180 -475 -163 -109 -103 -71 -234 -17 -224 -230 -565 -137 -415 -157 -302 -279 -101 -52 -146 -541 -4 -235 -271 110 -253 -88 -420 -7 -69 -499 -184 -222 -599 0
-384 -92 -36 -228 -69 -146 -568 -313 -589 -279 -222 -415 -180 -295 -292 -103 -565 -382 -224 0
-92 -228 -234 -465 -51 -292 -137 -279 -180 -222 -565 -302 -103 -415 -224 -36 -69 -146 -568 -313 -589 -295 -382 0
196 -565 -302 -415 -224 -103 -475 -234 -51 -137 -279 -222 -52 -146 -485 -230 -17 -163 -109 -71 -157 -101 -235 -253 -88 -420 -599 -272 0
174 -431 -341 0
111 -427 -556 -488 -279 -92 -222 -218 -101 -4 -420 -48 -272 0
-307 -591 -363 -163 -109 -103 -71 -234 -17 -224 -230 -565 -137 -415 -92 -157 -309 0
-565 -230 -234 -51 -137 -279 -222 -103 -415 -224 -163 -109 -71 -17 -101 -157 -253 -420 -272 -475 -52 -485 236 -596 -198 -235 -88 0
565 -52 -475 -146 -302 -103 -415 -17 -224 0
101 -384 -302 -137 -103 -279 -222 -92 -420 -180 0
105 -78 -287 -361 -375 -281 -184 -222 -415 -279 -92 -180 0
-384 -222 -224 -92 -415 -103 -287 -17 -279 -137 -420 -51 -234 -163 -109 -71 -157 -253 -272 -475 -52 -485 236 -596 -198 -235 -88 0
230 -10 -272 -413 -88 -109 0
-222 -279 -398 -109 -272 -163 -103 -71 -234 -17 -224 -137 -415 -92 -157 236 -51 -413 -253 -420 -475 -52 -485 -596 -198 -235 -88 -287 0
104 -244 -234 -4 -17 -224 -235 -92 -137 -103 -157 -541 -163 -271 110 -253 -558 -415 -384 -219 0
136 -4 -146 -180 -279 -538 -282 -234 -599 -415 -103 -92 -17 -224 -235 -137 -157 -541 -163 -271 110 -253 -558 -384 -219 0
361 -172 -92 -52 -220 -475 -279 -328 -282 -101 0
362 301 -17 -220 -375 -377 -258 -389 -180 -109 -230 -157 -163 -92 -600 -197 -521 -420 -538 -282 0
-384 -180 -17 -146 -224 -92 -52 -220 -475 -279 -282 -538 -375 -109 -157 -163 -420 -415 -287 -103 -272 -413 -88 -302 -137 -234 -599 -235 -253 -558 -219 -198 0
-180 -279 -220 -92 -17 -146 -224 -52 -475 -282 -538 -375 -109 -157 -163 -420 -415 -287 -103 -272 -413 -88 -302 -137 -234 -599 -235 -253 -558 -219 -198 0
-279 -234 -109 -103 -71 -163 -17 -224 -137 -415 -92 -157 -420 -198 -272 -413 -88 -52 -475 -538 -287 -235 -253 -398 236 -51 -485 -596 0
104 -244 -384 -234 -271 -17 -224 -235 -137 -103 -157 -4 -163 -541 110 -253 -92 -415 -219 0
136 -230 -146 -92 273 -157 -508 -163 -109 -538 -282 -103 -71 -565 -17 -224 -234 -137 -415 -541 -599 -384 -235 -253 -219 0
-558 -222 -219 -556 0
280 -429 -541 -234 -592 -257 -268 -230 273 -157 -508 -163 -109 -363 0
558 -436 -268 -234 -592 -410 -101 -363 -282 -541 -230 273 -157 -508 -163 -109 -377 -287 -78 -132 -276 -184 0
91 -377 -282 -287 -132 -363 -78 -17 301 -389 -180 -109 -230 -157 -163 -92 -600 -197 -521 -420 -538 -184 -219 -268 -234 -592 -410 -541 273 -508 -276 -146 0
-222 -221 -219 -558 0
-230 -184 -485 -287 -219 -420 -282 -538 -475 -146 -92 -132 -17 -180 -109 -157 -163 -51 -234 -541 273 -508 -599 -415 -103 -384 -302 -137 -71 -565 -224 -235 -253 0
309 -569 -573 -69 -293 0
-569 -120 -227 -30 -346 -581 -203 -499 -106 -7 -69 -573 -310 -514 -355 -293 -308 0
-384 -30 -180 -92 -146 -538 -234 -599 -415 -103 -17 -224 -235 -137 -157 -163 -253 -219 -282 -420 -302 -88 -272 -413 -109 -485 -287 -475 -132 -51 -71 -565 -198 0
-234 -92 -52 -51 -163 -109 -103 -71 -17 -224 -137 -415 -475 -157 -272 -413 -88 -538 -235 -253 -420 -485 -287 -198 -398 236 -596 0
303 -363 -146 -224 -92 -384 -103 -599 -538 -270 -17 -137 0
282 -558 -92 -219 -180 0
93 -86 -467 -573 -318 -293 -538 -511 -521 -475 -146 0
-363 -558 -69 -180 -146 -92 -467 -318 -293 -538 -475 -287 -78 -7 -219 -581 -270 -599 -415 -103 -384 -302 -224 -17 -137 0
91 -579 -392 -406 -410 -36 -184 -102 -17 -224 -235 -92 -137 -103 -157 -244 -163 -271 110 -253 -521 -558 -180 -146 0
278 -102 -420 -282 -180 0
-281 -85 -349 -410 -7 -102 -69 -420 -573 -282 -362 0
-558 -219 164 -157 -7 -258 -69 -180 -271 -371 -270 -103 -415 -52 -475 -92 -17 -224 -235 -137 -163 110 -253 -538 -467 -384 0
-281 -282 -349 -410 -7 -69 -420 -371 -362 -429 -318 -246 -538 -137 0
-568 -279 -384 -69 -146 -92 -222 -589 -415 -180 -103 -565 -382 -224 -485 -230 -17 -570 0
571 -37 -368 -462 -577 -130 -475 -436 -330 -78 -377 -373 -496 -357 -226 -13 -479 -135 -4 -371 -293 0
281 -222 -475 -224 -78 -17 -394 -384 -69 -146 -92 -52 -415 -180 -103 -565 -382 -485 -230 -570 -426 -368 -462 -436 -496 -135 -4 -371 -467 -349 -119 -275 -7 -137 -101 -48 -362 -420 -169 0
558 -7 -69 -384 -146 -92 -415 -180 -103 -224 -485 -230 -17 -302 -599 -538 -270 -137 -420 -371 -318 -475 -78 -394 -52 -462 -135 -4 -467 -119 -48 -581 -258 -184 0
-384 -230 -224 -92 -103 -270 -17 -137 -415 164 -157 -258 -52 -475 -235 -163 -253 -538 -135 -109 -272 -543 0
384 -92 -270 -272 -109 -52 -253 -198 -465 -543 -596 -137 -17 -565 -302 -224 -103 -415 0
-92 164 -103 -157 -415 -17 -224 -235 -137 -163 -109 -272 -71 0
362 -307 -109 -157 -71 -565 -268 -415 -103 -384 -230 -137 -163 -17 -224 0
-384 -78 -513 -485 -81 -392 -48 -318 -420 -277 -538 -180 -100 -109 -157 -71 -565 -268 -415 -103 -137 -163 -17 -224 -88 -502 -581 -499 -173 -302 -383 0
384 -173 -17 -302 -224 -415 -103 0
164 -137 -157 -71 -415 -103 -109 -163 -17 -224 -272 -235 0
-230 -245 -315 -137 -486 -363 -231 -109 -157 -71 -565 -268 -415 -103 -384 -307 -163 -17 -224 0
145 -467 -393 -28 -85 -316 -13 -293 -8 -486 -46 -137 -363 -109 -157 -71 -565 -415 -103 -384 -163 -17 -224 -10 -303 -600 -92 282 -180 0
231 -106 -399 -357 -503 -226 -89 0
-362 -475 -600 -396 -553 -467 -187 -34 -514 -293 -67 -230 -137 -486 -363 -109 -157 -71 -565 -415 -103 -384 -163 -17 -224 -429 -371 -89 -399 -357 -503 -8 -119 -151 -590 -281 0
307 -357 -399 -503 -89 -8 -119 -67 -590 -570 -230 0
301 -230 -157 -109 -101 -37 -163 542 -94 -10 -130 -71 -186 -600 -389 -565 -415 -103 -384 -137 -17 -224 -92 -399 -503 -89 -8 -67 -396 -553 -187 -293 -486 -363 -281 282 -180 0
-230 -565 -486 -363 -109 -157 -71 -137 -415 -103 -384 -163 -17 -224 -600 -92 282 -180 -10 -303 -101 -37 542 -94 -130 -186 -389 -399 -503 -89 -8 -67 -396 -553 -187 -293 -281 0
-362 -558 -130 -109 -186 -71 -247 -37 -89 -6 -570 -371 -67 -245 -571 -137 -281 -363 0
302 -591 -227 -85 -119 -349 -130 -109 -186 -71 -247 -37 -89 -6 -570 -371 -67 -571 -137 -281 -363 -92 282 -180 -521 -313 -384 -34 0
-307 -268 -71 -112 -521 -313 -13 -349 -500 -50 -565 -17 -224 -399 -363 -119 -415 -92 282 -180 -103 -384 -137 -303 -227 -85 -130 -109 -186 -247 -37 -89 -371 -67 -281 -293 -308 0
307 -227 -13 -313 -119 -303 -415 -384 -296 -50 -224 -293 -17 0
-565 282 -180 -92 -103 -50 -600 -363 -420 -163 -224 -157 -415 -101 -235 -109 -71 -112 -500 -17 -399 -13 -384 -137 -303 -130 -186 -247 -89 -67 -281 -8 -486 -46 -94 -503 -396 -147 -393 -28 -543 -597 -411 -567 0
-281 -363 -109 -247 -600 -103 -415 -543 -17 -597 -224 -180 -92 -50 -420 -163 -157 -101 -235 -71 -112 -500 -399 -13 -384 -137 -303 -186 -89 -67 -8 -486 -46 -94 -503 -396 -147 -393 -411 -567 -278 -280 0
556 -42 -37 -130 -463 -573 -233 -67 -258 -569 -186 0
-556 -130 -276 -186 -278 -558 -220 0
-130 -314 -573 -233 -67 -258 -569 -186 -37 -246 -371 -276 -278 -558 -220 0
69 -428 -592 -268 -157 -109 -230 -101 -185 -163 542 -94 -367 -10 -548 -399 -357 -503 -226 -89 -569 -8 0
130 -475 -226 -13 -230 -71 -89 -50 -565 -307 -17 -224 -573 -67 -592 -268 -157 -109 -101 -163 542 -94 -10 -548 -399 -357 -503 -569 -8 -558 -220 -186 -276 -77 0
-130 -558 -258 -399 -357 -503 -226 -89 -268 -137 -486 -363 -565 -109 -157 -71 -230 -415 -103 -384 -307 -163 -224 -34 -186 -573 -233 -67 -569 -37 -246 -371 -276 -278 -17 -220 0
372 130 -399 -357 -503 -226 -89 -13 -230 -71 -50 -565 -307 -17 -224 -573 -67 -500 -268 -157 -109 -101 -163 542 -94 -10 -548 -569 -8 -558 -220 -186 -276 -77 0
-558 -373 -573 -37 -590 -307 -67 -399 -565 -17 -224 -50 -357 -230 -71 -268 -157 -109 -101 -163 542 -94 -10 -503 -226 -89 -569 -8 -112 -13 -500 -186 -276 -258 -137 -486 -363 -415 -103 -384 -34 -246 -278 -219 -221 0
68 -475 -396 -247 -109 -600 -500 -224 -399 -357 -503 -226 -89 -230 -71 -371 -573 0
184 -582 -203 -472 -500 -125 -84 -330 -407 -488 -52 -475 -247 -109 -577 -253 -233 -463 -37 -130 -94 -276 0
-582 -322 -311 -500 -4 -247 -109 -537 -253 -463 -233 -258 -186 -203 -472 -125 -84 -330 -407 -488 -52 -475 -577 -37 -130 -94 -276 0
301 -230 -109 -500 -258 -186 -330 -577 -37 -94 -276 -13 -268 -137 -486 -363 -565 -157 -71 -247 -415 -103 -384 -307 -163 -17 -224 -246 -112 -573 -89 -399 -357 -503 -8 -67 -396 -600 -221 -92 -50 -101 542 -278 -589 -153 0
-230 -307 -396 -247 -109 -600 -500 -224 -399 -357 -503 -89 -573 -67 -8 -153 -303 -258 -186 -330 -577 -37 -94 -276 -13 -268 -137 -486 -363 -565 -157 -415 -103 -384 -71 -163 -17 -246 -112 -221 -92 -50 -101 542 -278 -589 0
-307 -37 -103 -303 -415 -153 -589 -8 -46 -396 -247 -109 -600 -500 -224 -399 -357 -503 -89 -573 -67 -258 -186 -330 -577 -384 -94 -276 -13 -268 -137 -486 -363 -565 -157 -71 -163 -17 -246 -112 -221 -92 -50 -101 542 -278 0
-230 -226 -396 -247 -109 -600 -500 -224 -399 -357 -503 -71 -89 -371 -573 -67 -8 -119 307 -590 0
-565 -13 -486 -303 -415 -384 -50 -224 -17 -396 -247 -109 -600 -500 -399 -357 -503 -71 -89 -573 -67 -8 -589 -103 -153 -46 -258 -186 -330 -577 -94 -276 -268 -137 -363 -157 -163 -246 -112 -221 -92 -101 -278 -543 -597 -411 -567 0
-420 -503 -303 -384 -103 -415 -543 -17 -597 -224 -50 -396 -247 -109 -600 -500 -399 -486 -71 -89 -67 -8 -46 -186 -94 -137 -157 -163 -92 -101 -278 -567 -180 -235 -147 -393 -419 0
-268 -371 -278 -103 -282 -89 -92 -230 -384 -10 -600 -303 -137 -361 -109 -157 -71 -565 -415 -307 -163 -17 -224 0
-226 -311 -246 -135 -573 -429 -6 -371 -486 -89 -30 -230 -119 -399 -106 -503 -357 -50 -565 -17 -224 -307 0
231 -220 -426 -186 -278 -67 -39 -465 -92 -254 -137 -52 -71 -303 -307 -89 -10 0
362 -246 -135 -429 -6 -371 -486 -89 -230 -119 -399 -106 -503 -50 -565 -17 -224 -307 -355 -137 -426 -186 -278 -67 -39 -465 -92 -254 -52 -71 -303 -10 -282 0
-565 -307 -230 -303 -137 -361 -486 -399 -503 -50 -17 -224 -89 -186 -278 -67 -92 -71 -282 -500 -247 -103 -109 -600 -384 -157 -415 -163 -543 -597 -409 -567 0
565 -361 -278 -282 -114 -137 -486 -89 -230 -10 -303 -92 -600 -384 -103 -415 -543 -17 -597 -224 0
-180 -92 -247 -109 -600 -500 -224 -399 -71 -89 -67 -8 -415 -543 -17 -597 -303 -137 -486 -50 -186 -396 -103 -384 -157 -163 -567 -46 -94 -235 -147 -393 -419 -178 0
216 -203 -500 0
-6 -37 -258 -357 -246 -573 -311 -429 -371 -486 -89 -230 -119 -399 -106 -503 -226 -50 -565 -17 -224 -307 -186 -322 -276 -216 -130 -537 -233 -463 -253 -109 -247 -4 0
-37 -258 -500 -311 -247 -109 -4 -253 -463 -233 -322 -186 -203 -472 -537 -407 -488 -52 -475 -577 -130 -94 -276 -15 -396 -226 -426 -357 -296 -224 -246 -573 -429 -371 -486 -89 -230 -119 -399 -106 -503 -50 -565 -17 -307 0
-6 -258 -32 -130 -276 -186 -506 -233 -357 -246 -573 -311 -429 -371 -486 -89 -230 -119 -399 -106 -503 -226 -50 -565 -17 -224 -307 -322 -216 -537 -463 -460 -253 -109 -247 -4 0
361 -311 -186 -226 -357 -233 -94 -463 -322 -253 -109 -296 -17 -247 -224 -32 -130 -276 -506 -246 -573 -429 -371 -486 -89 -230 -119 -399 -106 -503 -50 -565 -307 -4 -500 -203 -472 -407 -488 -52 -475 -15 -396 -426 -238 -151 -170 0
277 -226 -163 -157 -179 -109 -197 -363 -272 -357 -233 -94 -253 -296 -17 -247 -224 -32 -276 -506 -246 -573 -371 -486 -89 -230 -119 -399 -106 -503 -50 -565 -307 -4 -500 -472 -52 -475 -426 -151 -170 -41 -34 -314 -427 -219 -556 0
-503 -573 -475 -224 -600 -102 -296 -109 -157 -71 -230 -307 -415 -103 -384 -565 -137 -163 -17 -92 -303 -279 -179 -197 -363 -272 -357 -233 -94 -247 -276 -246 -371 -486 -89 -119 -399 -50 -500 -472 -151 -34 -219 -556 -590 -67 -504 0
90 -340 -296 -224 -5 -53 -371 -71 0
108 -569 -472 -373 -94 -393 -73 -50 -219 -556 -399 -307 -565 -17 -224 -357 -226 -475 -371 -230 -71 -89 -296 -363 -109 -157 -415 -103 -384 -137 -163 -389 -247 -500 -8 0
106 -573 -475 -71 -224 -89 -247 -371 -109 -296 -67 -500 -8 0
108 -565 -373 -94 -393 -50 -219 -556 -399 -307 -472 -17 -224 -357 -475 -371 -230 -71 -89 -296 -363 -109 -157 -415 -103 -384 -137 -163 -389 -247 -500 -8 -119 -590 0
-573 -108 -475 -71 -224 -89 -247 -371 -109 -296 -67 -500 -8 -600 -102 -157 -230 -307 -415 -103 -384 -565 -137 -163 -17 -92 -303 -279 -179 -197 -363 -272 -357 -233 -94 -276 -246 -486 -119 -399 -50 -472 -151 -34 -219 -556 -590 -504 0
361 -113 -475 -458 -219 -311 -134 -83 -444 -393 -15 -419 -171 0
362 -171 -272 -412 -163 -157 -179 -109 -197 0
5 -458 -475 -219 -311 361 -113 -444 -393 -15 -419 -171 0
-565 -307 -475 -219 -279 -109 -296 -247 -224 -393 -419 -137 -486 -363 -157 -71 -230 -415 -103 -384 -472 -163 -17 -556 -102 -272 -179 -197 -50 -357 -399 -89 -67 -500 -8 -600 -92 -303 -94 -276 -246 -151 -34 -590 -504 -373 -597 0
565 -296 -224 0
-230 -475 -247 -109 -504 -71 -224 -89 -296 -67 -500 -8 -17 -219 -279 -393 -419 -137 -486 -363 -157 -415 -103 -384 -472 -163 -556 -102 -272 -179 -197 -50 -357 -399 -600 -92 -303 -94 -276 -246 -151 -34 -590 -373 -597 0
-92 -384 -415 -224 -17 -272 -163 -157 -109 -71 -137 -103 -235 0
-384 -137 -163 -157 -109 -272 -71 -415 -103 -17 -224 -235 0
-137 -17 -415 -103 -163 -157 -109 -272 -71 -224 -235 0
-357 -373 -500 -34 -94 -313 -219 -178 -475 -371 -230 -71 -89 -224 -296 -247 -109 -362 -8 -590 -67 -50 -119 -399 -293 -565 -17 -307 -356 0
234 -253 -247 -109 -4 -463 -133 0
255 -125 -475 -458 -393 -577 -121 -463 -77 0
229 -258 -475 -560 -100 -224 -577 -410 -247 -463 -109 -458 -393 -94 -275 -186 -511 -233 -133 -41 -13 -313 -371 -71 -486 -89 0
256 -78 -255 -373 -463 -497 -233 0
572 -577 -463 -94 -275 -186 -373 -497 -233 -178 -106 -600 -511 -427 -475 -371 -71 -89 -230 -560 -100 -224 -410 -247 -109 -458 -393 -133 -13 -313 -486 -362 -169 0
218 5 -475 -219 361 -458 -15 -444 -393 -427 -419 -171 0
5 -52 -224 -139 -296 -569 -427 -28 -373 -330 -219 -272 -163 -157 -109 -197 -92 -475 361 -458 -15 -444 -393 -171 -247 0
361 -427 -500 -463 -219 -109 -17 -312 -247 -224 -296 -373 -272 -163 -157 -197 -92 -475 -444 -393 -377 -34 -313 -233 -230 -71 -89 -371 -571 -275 -600 -511 -410 -362 -267 -399 -228 -75 -307 -119 -590 0
70 -5 -377 -94 -8 -67 -579 -600 -463 -393 -270 -500 -312 -233 -109 -34 -267 -247 -313 -444 -288 -486 -228 -371 -230 -540 -89 0
-5 -463 -267 -444 -275 -228 -186 -312 -219 -178 -109 -30 -8 -296 -17 -362 -171 -67 -224 -571 -475 -71 -89 -247 -371 -500 -427 -307 -600 -511 -230 -377 -94 -579 -393 -270 -233 -34 -313 -288 -486 -540 0
88 -600 -581 -427 -475 -371 -71 0
-384 -399 -17 -307 -500 -247 -109 -230 -71 -89 -475 -371 -272 -163 -157 -224 -565 -415 -103 -235 0
159 -412 -89 -163 -71 0
-247 -475 -307 -109 -230 -71 -89 -17 -272 -163 -157 -224 -565 -415 -103 -235 0
6 -296 -169 -592 -280 -180 -92 -427 -112 -146 -190 -204 -465 -315 -245 -103 -415 -268 -17 -224 -206 0
223 -34 -315 -103 -245 -384 -17 0
428 -219 -384 -92 -103 -245 -315 -342 -296 -224 -17 -204 -190 -112 0
-219 -37 -571 -69 -169 -465 -280 -592 -180 -92 -245 -427 -384 -103 -315 -342 -296 -224 -17 -204 -190 -112 0
-296 -92 -146 -302 -224 -17 -415 -103 -571 -69 -169 -465 -280 -592 -180 -245 -427 -315 -342 -204 -190 -112 -411 -565 0
501 -571 -307 -224 -565 -415 -146 -302 -103 -17 -69 -465 -280 -180 -245 -427 -315 -190 -112 -362 -100 -504 -108 -581 0
370 -315 -245 -17 -302 -224 -599 -475 -415 -103 -52 -180 -581 -504 -108 -499 -307 -565 -146 -69 -465 -280 -190 -112 -362 -100 0
-296 6 -362 -280 -180 -112 -146 -190 -465 -315 -245 -103 -415 -17 -224 -206 -428 -599 0
-475 -307 -230 -17 -224 -565 -415 -103 -235 -71 -157 -89 -163 -109 -272 0
-307 -89 -565 -17 -224 -103 -272 -415 -235 -163 -109 -230 -157 -71 0
-89 -230 -71 -224 -109 -415 -103 -17 -565 -272 -235 -163 -157 0
508 -197 -157 -413 -163 0
429 225 -389 -78 -109 -230 -157 -163 -92 -197 -538 -410 273 -508 -146 -599 -415 -103 -17 -565 -384 -302 -315 -245 0
341 -432 -174 0
36 -307 -230 -69 -48 -7 -499 -340 -174 -557 -92 -581 -146 -593 -599 -415 -103 -384 -302 0
35 -92 -146 -415 -384 -103 -245 -315 0
429 -282 -69 -362 -426 -268 -592 -371 0
501 -85 -362 -410 -282 -349 -420 -7 -384 -315 -103 -245 -92 -342 -296 -224 -17 428 -190 -219 -106 0
223 -590 -362 -51 -293 -420 -356 -48 -398 -7 -499 -410 -384 -315 -103 -245 -92 -296 -224 -17 -190 -219 -427 -69 -268 -592 -371 -394 -581 -52 -180 -475 -318 -538 -146 -521 0
225 -427 -7 -499 -92 -146 -599 -415 -103 -384 -302 -230 -296 -17 -389 -78 -109 -157 -163 -197 -538 -410 273 -508 -565 -315 -245 0
-427 -92 -356 -7 -499 -315 -103 -245 -362 -296 -224 -17 -190 -371 -52 -475 -538 -146 -599 -415 -302 -230 -78 -109 -157 -163 273 -508 -565 0
-92 -315 -302 -224 -103 -245 -356 -7 -499 -17 -362 -296 -190 -371 -52 -475 -538 -146 -599 -415 -230 -78 -109 -157 -163 273 -508 -565 0
217 -557 -221 0
-315 -78 -230 -103 -245 -17 -302 -224 -475 -356 -7 -499 -362 -296 -190 -371 -52 -538 -146 -599 -415 -109 -157 -163 273 -508 -565 0
429 -172 -475 -180 -52 -92 -410 -362 -394 -38 -268 -69 -592 -371 -219 0
361 -488 -42 -4 -38 -371 -410 -78 -85 -80 -349 -490 -7 -113 -48 -15 -420 -282 0
281 -353 -184 -233 -275 -38 -410 -78 -85 -278 -80 -349 -180 -490 -7 -102 -48 -420 -171 0
-558 -407 -410 -356 -51 -15 -293 -420 -7 -69 -362 -184 -233 -275 -38 -78 -180 -490 -48 -42 -4 -371 -113 -43 -349 -318 -538 -521 -475 -146 -219 -92 -557 0
363 -570 -426 -69 -38 -309 -410 -590 -101 0
-282 -572 -78 -42 -4 -38 -371 -410 361 -85 -349 -490 -7 -113 -48 -15 -420 -132 -219 -557 0
-572 -330 -52 -172 -475 -51 -377 -293 -287 -78 -42 -120 -132 -30 -278 -180 -92 -219 -222 -4 -38 -371 -410 361 -85 -349 -490 -7 -113 -48 -15 -420 -557 0
558 -172 -475 -52 -42 -4 -38 -371 -410 -78 -349 -490 -7 -113 -48 -15 -420 -394 -219 -557 -426 -362 -69 -51 -377 -293 -287 -30 -180 -92 -590 -309 0
223 -92 -420 -499 -410 -7 -309 -362 -42 -4 -38 -371 -78 -490 -48 -15 -475 -318 -36 -190 -356 -51 -293 -69 -184 -233 -275 -180 -43 -538 -146 -52 -394 -287 -581 -427 -599 -103 -415 -384 -296 0
-558 -557 -282 -410 -356 -51 -15 -293 -7 -69 -362 -184 -233 -275 -38 -78 -180 -490 -48 -42 -4 -371 -407 -43 -318 -538 -521 -475 -146 -219 -92 -420 -85 -353 -80 -102 -171 -581 -52 0
558 363 -103 -69 -38 -309 -410 -590 -599 -384 -180 -427 -92 0
363 -219 -78 -28 -275 -475 -184 -410 -356 -51 -15 -293 -7 -69 -362 -233 -38 -180 -490 -48 -42 -4 -371 -407 -43 -318 -538 -521 -146 -92 -420 -581 -52 -103 -309 -590 -599 -384 -427 -392 0
-557 -351 -410 -69 -362 -268 -592 -371 -427 -38 -356 -51 -15 -293 -420 -7 -184 -233 -275 -78 -180 -490 -48 -42 -4 -407 -43 -558 -318 -538 -521 -475 -146 -219 -92 -581 -52 0
-558 -100 -475 -180 -92 -78 -410 -38 -275 -69 -362 -268 -592 -371 -427 -184 -356 -51 -15 -293 -420 -7 -233 -490 -48 -42 -4 -407 -43 -318 -538 -521 -146 -219 -581 -52 -280 0
-219 -134 -233 -287 -78 -42 -302 -203 -180 -92 -362 -499 -4 -38 -371 -410 -490 -7 -48 -15 -420 -581 -69 -569 -427 -184 -475 -275 -356 -51 -293 -407 -43 -318 -538 -521 -146 -52 -599 -103 -415 -590 -28 -309 -384 -392 0
-92 -146 -415 -103 -233 -287 -78 -42 -302 -180 -362 -499 -4 -38 -371 -410 -490 -7 -48 -15 -420 -581 -69 -427 -184 -475 -275 -356 -51 -293 -43 -318 -538 -52 -599 -309 -392 -36 -296 -17 -224 -190 -394 0
218 -15 -473 -420 -100 -328 -175 -407 -462 -392 -446 -83 -28 -489 -277 0
460 -94 -12 -24 0
Solved
