196 -89 -91 -100 -161 -139 -35 0
200 -190 -100 -161 -139 -112 -91 -43 0
93 -30 -175 -116 -85 -83 0
202 -65 -161 -175 -91 -116 -112 -199 -100 -139 0
192 -178 -199 0
201 -192 -137 -187 -178 -28 0
85 -26 -139 -137 -100 -199 -187 0
200 -178 -137 -85 -192 -175 0
8 -100 -139 0
7 -79 -161 -71 -89 -27 0
9 -100 -139 0
191 -178 -199 0
138 7 -161 -208 -187 0
-178 -190 -199 0
192 -91 -175 -112 -100 -161 -139 -190 -199 0
211 -116 -199 -161 -139 -137 -208 0
-100 -48 -211 -208 -30 -161 138 -139 0
90 -112 -161 -139 -7 0
201 -178 -139 -1 -161 -137 -94 -192 -211 -208 138 0
-100 -52 -139 -94 -208 -79 -29 -161 138 0
8 -112 -132 -211 -189 -139 -90 -27 0
-178 -192 -208 -116 -151 -139 -94 -199 -1 -137 -161 0
89 -175 -113 -116 -85 -30 -45 -151 -203 -139 -100 -211 -1 0
-100 -30 -94 -139 -211 -161 -113 -1 -116 -85 -45 -151 -203 -137 -208 -48 0
88 -113 -211 -93 0
-112 -131 -94 -139 -177 -7 -1 -211 -88 -161 -113 0
141 -93 -169 -161 -1 -196 -88 -34 -7 0
-192 -161 -139 -1 -94 -116 -151 -137 -208 -199 0
113 -90 -44 -211 -82 -33 0
-90 -82 -161 -1 -35 -114 -44 -211 -33 0
140 -211 -1 -161 -114 -44 -116 -151 0
88 -211 192 -175 -161 -139 -199 0
89 -102 -211 -9 -1 0
215 -199 -139 -1 -151 -94 -208 0
141 89 -211 -1 0
89 -34 -139 -211 -1 -94 -166 0
140 -102 -9 0
160 -211 -151 -139 -117 -1 -94 0
-113 -169 -196 -211 88 -112 0
88 -196 -211 -112 -139 -9 0
141 -9 -1 -89 -211 -139 -94 -35 0
-9 -89 -1 -211 -139 -94 -35 0
-113 -35 -169 -211 88 0
-211 -138 -208 -139 -1 -94 -162 -151 -117 0
90 -117 -199 -175 -138 -187 -112 -91 -1 0
217 -208 -1 -139 -214 0
90 -9 -139 -211 -113 -1 0
-112 -100 -139 -161 -30 -208 7 -168 -152 -92 -217 -171 -214 -35 -113 0
-9 -113 -211 -1 -208 -214 -139 -88 0
34 -28 -188 -168 -152 -217 -214 -161 0
-113 -88 -1 -139 -214 -211 -208 0
-88 -211 -139 -1 -214 -208 0
-9 -138 -214 -208 -120 -36 -139 -211 88 0
-113 88 -211 -139 -214 -208 0
-9 -35 -139 -102 -211 88 0
-211 -214 -208 -139 -1 0
-113 -35 -208 -214 -139 -1 0
34 90 -175 -25 -187 -112 -91 -1 -208 -214 -64 0
-35 -208 -1 -139 -214 0
220 -139 -1 0
169 -128 -130 -96 -168 -82 -150 -92 0
189 -136 -27 -130 -128 -28 0
-208 -147 -66 -96 -57 -168 -72 -188 -27 -130 -128 -28 -1 -139 -35 0
-94 -85 -28 -88 -139 -7 -112 -1 -211 -113 -130 -96 0
Solved
