113 -315 -382 -130 -206 -26 -123 -106 0
27 -47 -206 0
-47 -26 -206 0
478 -448 -295 -73 -61 -469 -382 -22 -274 -130 -206 -79 -70 -403 -4 -353 0
131 -187 -350 -4 -403 -256 -168 -478 -333 -22 0
-47 -478 -22 -130 -350 -4 -403 -256 -70 -274 -250 -106 -79 -206 0
-478 -61 -379 -469 -43 -22 -274 -130 -350 -4 -403 -256 -70 -250 -106 -79 -206 0
478 -469 -73 -382 -274 -130 -64 -206 -79 -70 -403 -4 -353 0
22 -293 -94 -392 0
-47 -478 -353 -130 -350 -4 -403 -256 -70 -274 -250 -79 -206 -94 -392 0
480 -357 -281 -379 -418 -469 -353 -43 0
499 -418 -392 -281 -379 -94 -353 -130 -350 -4 -403 -256 -70 -274 -79 -206 -73 -382 0
480 -293 -353 0
478 -64 -382 -274 -130 -73 -206 -79 -70 -403 -4 -353 0
-47 -403 -4 -353 -382 -350 -256 -392 -130 -274 -73 -206 -79 -70 -94 0
-293 -24 -353 -94 -392 0
480 -73 -357 -123 -499 -250 -166 -152 -341 -281 -188 -146 -350 -256 0
502 -353 -274 -130 -206 -79 -70 -4 -379 -281 -146 -350 -256 -94 -392 0
351 -253 -123 -324 -404 -356 -4 -281 -187 -146 0
478 -293 -353 0
-293 -480 -256 -353 -350 -4 -281 -146 -206 -502 -274 -79 -130 -94 -392 0
255 -197 -113 0
-480 -353 -67 -206 -274 -130 -4 -379 -79 -70 -256 -350 -281 -146 -94 -392 0
121 -253 -75 0
506 -16 -1 -67 -206 -274 -130 -350 -79 -70 -256 -4 -379 -94 -392 0
-353 -293 -178 -219 -1 -160 -94 -274 -79 -206 -70 -392 -130 -365 -354 0
254 -36 -369 -282 -64 -357 -143 -324 -75 0
355 -75 -504 -123 -384 -43 -1 -466 -350 -147 -36 -324 -282 -143 0
132 -123 -324 -504 -43 -1 -466 -350 -147 -282 -143 -369 -64 -160 -49 -102 -22 0
-47 -236 -469 -379 -339 -60 -1 -94 -219 -102 -160 -270 -392 -333 -22 -130 -504 -43 -466 -350 -147 -282 -369 -206 -189 -274 0
253 -212 -236 -397 -114 0
478 -56 -405 -193 -388 -256 -1 -350 -206 -189 -130 -379 -339 -60 -94 -219 -160 -392 -147 -282 -274 -79 -70 -293 0
-47 -121 -114 -206 -108 -48 0
47 -114 -108 -219 -160 -274 -49 0
-293 -282 -70 -79 -206 -219 -160 -274 -1 -94 -130 -256 -193 -388 -350 -379 -60 -392 -147 -4 -178 -365 -354 0
96 -269 -24 -392 -101 0
508 -392 -1 -94 -67 -206 -274 -130 -256 -70 -193 -388 -350 -379 -4 -178 -365 -505 0
22 -113 -1 -107 -94 -392 0
-24 -293 -397 -237 -70 -404 -355 -365 -505 -4 -130 -102 -94 -392 -22 0
-293 -217 -103 -505 -237 -187 -324 -253 -404 -4 -123 -74 -332 -259 -80 -350 -508 -193 -397 -256 -44 -355 -279 -392 -130 -92 -70 -365 -102 -94 -22 0
112 -22 -130 -80 -70 -103 -505 -187 -324 -4 -123 -350 -508 -193 -256 -279 -392 -92 -365 -94 -113 -107 0
-253 -144 -187 -324 -4 -123 -356 -59 -505 -350 -365 -467 -399 -256 -480 -45 -198 -255 0
357 -61 -9 -59 -505 -4 -467 -293 -480 -123 -198 -187 -324 -356 -350 -365 -399 -256 -255 0
466 -142 -187 -73 -350 -327 0
-113 -187 -350 -256 -505 -324 -4 -123 -365 -130 -92 -388 -94 -107 -1 -80 -70 -103 -508 -193 -279 -392 0
24 -293 -392 -101 0
-293 -101 -468 -256 -76 -193 -508 -260 -350 -73 -70 -206 -274 -1 -94 -130 -388 -379 -60 -392 -4 -178 -365 -218 -403 -187 -356 -505 0
480 -502 -403 -73 -326 -212 -468 -398 -353 -256 0
-47 -350 -365 -505 -4 -256 -70 -76 -193 -508 -206 -274 -1 -94 -130 -388 -379 -392 -178 -103 0
-293 -123 -256 -1 -94 -50 -350 -70 -79 -206 -274 -130 -193 -388 -379 -392 -4 -178 -365 -188 -505 -24 0
512 -70 -274 -130 -4 -379 -67 -256 -94 -505 -193 -1 -388 -178 -76 -103 0
479 -466 -256 0
23 -397 -366 -43 -207 -263 -355 -47 -110 -130 -102 0
-123 357 -59 -505 -4 -467 -293 -480 -9 -187 -356 -350 -256 -309 -397 -207 -113 -122 0
-480 -392 -207 -505 -4 -293 -187 -350 -256 -193 -466 -388 -1 -94 -130 -274 -366 -145 -268 0
480 -466 -256 0
-392 -187 -505 -4 -293 -207 -350 -256 -193 -466 -388 -1 -94 -130 -274 -366 -145 -393 0
-350 -293 -4 -505 -256 -207 -193 -379 -388 -1 -130 -94 -274 -366 -393 -351 0
47 -207 -274 0
-466 -22 -47 -274 -130 -188 -193 -388 -505 -4 -256 -1 -293 -480 -467 0
189 -353 -379 -293 -356 -366 -213 -44 -398 -113 -107 -207 -47 -4 0
-392 -293 -379 -505 -274 -188 -366 -207 -4 -388 -1 -94 -130 -480 -193 -256 -467 0
-466 -188 -47 -274 -130 -480 -193 -388 -505 -4 -256 -1 -293 -467 0
-206 -207 -274 0
5 -220 -269 -353 -293 -56 -465 -403 -138 0
121 -430 -379 -188 -4 -269 -353 -293 -230 -366 -347 -213 -9 -398 -124 -113 -74 -44 0
189 -136 -142 -47 -4 0
-480 -293 -505 -260 -274 -188 -4 -379 -366 -388 -193 -1 -256 -94 -207 -130 -467 0
-293 -505 -130 -4 -94 -274 -379 -366 -388 -193 -1 -256 -207 -393 -351 0
121 -213 -237 -397 -113 0
2 -57 -237 -404 -122 -397 -388 0
123 -252 -168 -501 -404 -43 0
478 -122 -26 -341 -47 -379 -351 -393 -388 -94 -1 -237 -505 -4 -353 0
96 -24 -101 -269 0
112 -176 -505 -423 -146 -103 -75 -144 -124 -156 -357 -260 -55 -323 -212 -237 -122 0
121 -384 480 -326 -212 -398 -353 -256 -315 0
514 -103 -256 -274 -130 -1 -94 -379 -4 -193 -67 -76 0
-392 -187 -123 -4 -324 -59 -505 -253 -399 -256 -198 -255 -130 -513 -293 -94 -353 -393 0
351 -356 -80 -49 -514 -110 -505 -269 -123 -253 -324 -187 -4 -404 -509 -293 -74 -353 -124 -144 -259 0
222 -223 -76 0
-392 -187 -274 -130 -123 -4 -206 -59 -505 -253 -399 -256 -198 -255 -293 -94 -353 -393 0
221 -223 -76 0
114 -123 -4 -274 -130 -353 -206 -256 -255 -293 -94 -230 -76 -197 -1 0
-392 -187 -253 -123 -4 -404 -505 -514 -349 -274 -206 -130 -293 -94 -353 0
268 -64 -455 -335 -187 -74 -4 -259 -136 -463 -76 -314 -222 0
-47 -102 -23 -379 -470 -130 -314 -293 -269 -455 -335 -187 -74 -4 -136 -463 -76 -222 -323 -274 -206 0
-187 -505 -4 -274 -130 -379 -314 -293 -74 -76 -206 -230 -1 -348 -94 -253 -123 -404 -323 -514 -349 -353 0
47 -237 -514 -124 -61 -293 -400 -366 -230 -325 -1 -513 -348 -94 -323 -332 -353 -274 -130 -27 0
-123 -293 -130 -379 -4 -76 -274 -1 -94 -353 -230 -514 -121 -256 -308 0
-392 -187 -293 -353 -207 -47 -4 -379 -114 -349 -1 -512 -94 -130 0
-187 -47 -130 -355 -4 -75 -114 -325 -1 -94 -293 -353 -207 -379 -349 -512 0
-505 -338 -165 -379 -62 -59 -8 -506 -293 -274 -480 -207 -392 -4 -366 -1 -94 -130 -188 -193 -256 -467 0
-392 -293 -353 -165 -379 -274 -207 -4 -1 -94 -130 -188 -193 -256 -405 -136 -198 -259 -114 -514 -91 0
268 -385 -335 -305 -21 -259 -367 -353 -463 -76 -293 -222 0
-293 -121 -4 -353 -76 -67 -1 -94 -379 -274 -130 -193 -256 -514 0
122 -114 -479 -23 -274 -1 -392 -94 -47 -356 0
113 -198 -269 -23 -76 -101 -392 -108 0
3 -383 -479 -137 -76 -404 -332 -269 -23 -101 -392 -274 -25 -121 -1 -94 -47 -356 0
131 -505 -274 -1 -392 -94 -47 -121 -514 -479 -353 -101 -269 -137 -76 -404 -25 0
122 -322 -274 -47 -114 0
355 -114 -274 -25 -121 -47 -144 0
189 -383 -455 -335 -314 -470 -499 -64 -74 -137 -47 -4 -464 -259 -124 -467 -350 0
-206 -4 -353 -94 -274 -392 -293 -113 -47 -114 0
188 -259 -124 -464 -467 -137 -351 -4 0
507 -502 -383 -315 -367 -268 -293 -282 -338 -353 -146 -59 0
-4 -113 -353 -274 -47 -94 -392 -293 -114 0
518 -132 -274 -47 0
294 -297 -470 -501 -313 -341 -268 0
189 -515 -218 -302 -19 -280 -353 -293 -501 -313 -268 -262 -365 -346 -64 -465 -142 -47 -4 0
-206 -218 -353 -4 -293 -268 -262 -346 -47 -332 -254 -356 -351 -197 -274 -511 -122 0
352 -33 -366 -114 253 -4 -403 -168 -470 -163 -313 -268 -293 0
187 -285 -280 -34 -76 -334 -454 -383 -504 -81 -261 -26 -351 -47 0
165 -8 -388 -516 -507 -430 -58 -338 -380 0
259 -387 -334 -504 -159 -383 -306 -313 -117 -163 -388 -516 -507 -430 -58 -338 -380 -126 0
121 -323 -34 -126 -334 -383 -388 -516 -58 -47 -4 -454 -26 -351 -293 -353 -366 -114 -268 -332 -76 -254 -356 -197 0
354 -79 -383 -166 -235 -211 -342 -405 -293 -4 0
-323 -26 -47 -383 -268 -293 -353 -4 -262 -366 -346 -332 -254 -76 -356 -126 -197 -122 -34 -334 -388 -516 -58 -454 -351 -114 0
-114 -353 -274 -293 -47 -94 -392 0
292 -81 -261 -236 -126 -30 -142 -285 -76 -403 -187 -34 -4 -280 -353 -342 0
-26 -4 -268 -293 -30 -76 -34 -353 -332 -262 -255 -356 -364 -198 -274 -47 -511 -123 -25 0
322 -172 -350 -505 -34 -280 -356 0
294 -470 -341 -268 -356 -44 -123 -332 -198 -255 -324 -350 -34 -353 0
254 -332 -80 -193 -346 -162 -219 -259 -13 -507 -126 -33 -282 -76 -44 -34 -356 -302 -284 -324 -198 0
-353 -293 -47 -274 -94 -392 0
261 -364 -340 -262 -280 -513 -372 -350 -125 0
282 -395 -70 -175 -302 -218 -262 -506 -340 0
323 -70 -284 -76 -34 -280 -175 -302 -262 -506 -340 -372 -350 -125 -399 -197 -75 -122 -274 -108 -25 0
36 -230 -445 -181 -500 -222 -89 -76 0
260 -163 -61 -471 -339 -381 -122 -197 -75 -255 -161 -175 -178 -516 -506 -340 -280 -76 -34 -445 -181 -500 -89 -399 -346 -463 0
292 -197 -339 -392 -506 -47 -274 -138 -189 -356 -519 -94 -22 -479 0
196 -350 -189 -11 -130 -94 -146 -356 -102 -172 -34 -280 -323 -111 -270 -221 -224 -76 -122 0
260 -122 -397 -221 -224 -138 -197 -189 -11 -130 -94 -146 -356 -102 -172 -34 -280 -111 -270 -76 0
464 -348 -138 0
198 -122 -397 -221 -224 -138 0
-122 -111 -392 -22 -102 -138 -466 -397 -270 -274 -43 -221 -76 -197 -224 -189 -11 -130 -94 -146 -356 -172 -34 -280 0
122 -197 -274 -47 -356 -43 0
322 -34 -22 -102 -138 -466 -397 -270 -274 -43 -76 -197 -221 -189 -94 -356 -392 -280 -342 -519 -47 -261 0
276 -26 -47 0
196 -280 -356 -102 -138 -466 -397 -270 -274 -43 -76 -197 -189 -94 -392 -22 -342 -519 -47 -114 0
77 198 -122 -397 -138 0
351 -512 -110 -22 -392 -366 -342 -102 -172 0
324 -229 -2 -408 -348 -514 -392 -12 -261 -350 -110 -22 -366 -342 -102 -459 -47 -284 -274 0
297 -134 -89 -500 -449 0
220 -89 -348 -138 -142 -189 -47 -274 -322 -2 -514 -392 -12 -350 -110 -22 -366 -342 -102 -459 -284 -469 -163 -313 -270 0
35 253 -114 -397 -72 -256 -2 -466 -12 -138 -274 -189 -47 -107 -519 -102 -94 -22 -392 -270 -76 -222 -348 -366 -342 -469 -313 -218 -506 -356 -280 0
357 -372 -280 -143 0
-221 -251 -503 -167 -500 -377 -445 -134 -427 -482 -92 -331 -279 -130 -102 -469 -163 -49 -22 -109 -461 -270 -230 -222 -397 -122 198 -138 0
323 -261 -114 -72 -158 -519 -109 -94 -22 -392 -270 -76 -503 -167 -427 -102 -469 -122 198 -138 -356 -280 -43 -256 -466 -189 -274 -47 -283 -397 0
23 -26 -47 -107 -130 -102 0
24 -109 -293 -392 0
-26 -107 -274 -47 -519 23 -102 0
-280 -114 -138 -72 -519 -94 -392 -270 -76 -102 -469 -356 -43 -256 -466 -189 -274 -47 -397 -293 -342 -405 -197 0
-26 -332 -72 -114 -197 -47 -122 -397 -138 -76 -34 -369 -144 -21 -189 -173 -303 -350 -324 -511 -274 0
-114 -76 -274 -72 -197 -47 -397 -138 -405 -369 -189 -270 -392 -293 -519 -356 -342 -94 -102 -469 -43 -256 -466 0
114 -197 -122 0
-197 -356 -189 -274 -138 -47 -94 -519 -405 -392 -293 -339 0
281 -1 -274 -293 -480 -466 -47 -256 -4 -193 -130 -467 -516 -144 -72 -75 -236 -504 -166 -12 -153 -76 -342 -34 0
112 -26 -293 -47 -4 -274 -94 -392 -356 0
24 -261 -138 -142 -189 -47 -26 -399 -108 -479 -392 -293 0
348 -350 -261 -512 -463 -392 0
-26 -356 -392 -47 -293 -4 -274 -94 0
357 -212 -339 -56 -430 -73 -236 -503 -279 -167 -80 -92 -331 -22 -130 -43 0
78 -221 -224 0
23 -11 -260 -372 -43 -284 -280 -479 -35 -3 -293 -94 -100 0
Solved
