374 -451 -457 -28 -14 -139 -310 -94 0
113 -196 -484 -155 -259 -90 0
114 -108 -433 -339 -169 -238 -484 -86 -259 -53 0
30 -259 -484 -277 -112 -433 -238 -361 -298 -271 -403 -79 -82 -319 -310 -374 -256 -94 -451 0
338 -108 -174 0
375 -346 -79 -271 -297 -244 -351 -14 -310 -283 -8 0
486 -174 -490 -433 -61 -283 -374 -79 -271 -297 -244 -14 -310 -8 -89 -112 -259 0
106 -394 -283 -490 -433 -61 -359 0
496 -14 -490 -433 -61 -112 -484 -79 -271 -283 -310 -230 -139 -457 -28 -277 -238 -298 -403 -82 -319 -256 -94 0
285 -351 -28 -14 -139 -310 -94 -173 -338 -457 -490 0
-351 -173 -271 -14 -139 -457 -82 -28 -319 -310 -94 -79 -338 -283 -490 0
351 -490 -283 0
173 -310 -238 -484 -241 -112 -359 -82 -283 -490 -61 -503 -319 -337 -403 0
-338 -173 -395 -139 -427 -457 -82 -503 -28 -319 -79 -310 -94 -283 -490 -484 -374 -337 0
259 -7 -178 -448 -43 -14 -427 -503 -403 -435 -53 -187 -169 -86 -238 -241 -32 0
373 -185 -277 -298 -403 -256 -28 -484 -238 -427 -503 -395 -283 -490 -61 -359 -32 -178 -448 -43 -187 -241 -82 -112 -319 -310 -107 -173 0
-310 -448 -238 -79 -139 -457 -82 -1 -28 -319 -94 -374 -277 -298 -403 -256 -484 -427 -503 -395 -283 -490 -61 -359 -178 -43 -187 -241 -112 -337 0
284 -238 -247 -484 -457 -28 -403 -79 -112 -1 -319 -427 -82 -94 -352 -139 -277 -298 -256 -283 -490 -61 -178 -43 -187 -241 0
172 -310 -396 -504 -238 -79 -241 -139 -457 -82 -28 -319 -499 -448 -484 -94 -375 0
-173 -14 -484 -238 -112 -82 -360 -319 -108 -310 -28 -351 -139 285 -94 -403 -457 -490 -172 0
485 -261 -33 0
260 -198 -90 -277 -275 -256 -28 -298 -452 -186 -403 -427 -54 -504 -87 -434 -238 -480 -169 -396 -33 0
-14 -108 -403 -238 -241 -277 -256 -28 -298 -484 -82 -112 -319 -360 -310 -427 -351 -139 285 -94 -457 -490 -172 0
-108 -172 -277 -256 -28 -298 -403 -427 -238 -484 -457 -139 -43 -112 -360 -82 -319 -241 -499 -310 -351 285 -94 -490 0
-310 -238 -256 -28 -298 -403 -427 -277 -484 -457 -139 -43 -112 -360 -82 -319 -241 -499 -351 285 -94 -490 -79 0
505 -79 -247 -484 -457 -28 -403 -352 -112 -1 -319 -427 -82 -94 -256 -298 -277 -139 -43 -241 -499 -61 -178 -187 0
-283 -490 -61 -256 -28 -298 -403 -427 -277 -484 -457 -139 -43 -112 -310 -82 -319 -241 -499 -238 -94 -79 -247 -1 -352 -178 -187 0
174 -373 -310 0
173 -373 -310 0
240 -490 -349 -505 -187 0
-490 -238 -187 -61 -256 -28 -298 -403 -427 -277 -484 -457 -139 -43 -112 -310 -82 -319 -241 -499 -94 -79 -247 -1 -352 -178 0
350 -238 -505 -283 -187 0
-238 -310 -61 -256 -28 -298 -403 -427 -277 -484 -457 -139 -43 -112 -187 -82 -319 -241 -499 -94 -79 -247 -1 -352 -178 0
284 -490 -505 0
285 -490 -505 0
339 -502 -319 -82 -298 -1 -112 -352 -247 -394 -484 -169 -106 0
283 -310 -28 -457 -139 -94 -298 -112 -484 -169 -319 -82 -1 -352 -247 0
-490 -283 -505 0
31 -359 -108 -112 -339 -261 0
174 -480 -334 -43 -200 -395 -169 -488 -108 -339 -261 -241 -33 -112 -357 -465 -18 -82 -319 -310 0
-174 -173 -339 -108 0
337 -54 -112 174 -43 -200 -395 -169 -488 -108 -339 -241 -357 -18 -82 -319 -310 -484 0
-33 -261 -357 -484 -108 -112 -339 -464 -32 0
360 -165 -200 -7 -218 -43 -161 -277 -380 -12 -54 -389 -112 0
359 -227 -357 -112 0
174 -108 -427 -169 -395 -357 -484 -503 -112 -339 -241 -457 -139 -43 -200 -488 -18 -82 -319 -310 -85 0
-108 -339 -427 -169 -395 -357 -484 -503 -112 -241 -457 -139 -43 -200 -488 -18 -82 -319 -310 -85 0
172 -395 -32 -479 -241 -318 -499 -139 -457 -28 -310 -94 -374 0
284 -310 -457 -82 -1 -319 -403 -241 -499 -139 -28 -94 -352 -247 -484 -427 -169 -112 -43 -85 -187 -118 -349 0
-339 -108 -457 -82 -1 -352 -396 -504 -319 -247 -310 -484 -403 -489 -338 0
172 -438 -139 -457 -28 -499 -310 -94 -375 0
158 -7 -201 -43 -219 -164 -162 -381 -53 -403 0
32 -174 -201 -43 -85 -17 -82 -319 -310 -403 -139 -457 -28 -499 -94 -375 -247 -484 -396 -241 0
311 -174 -375 0
172 -316 -28 -94 -457 -375 -108 -139 -499 -310 0
-261 -435 -504 -427 -274 -108 -174 -28 -94 -457 -375 -139 -499 -310 -479 -112 -484 -259 -33 0
-108 -356 -484 -112 -504 -427 -28 -94 -457 -375 -139 -499 -310 -17 -82 -319 -169 -396 -201 -43 -85 -403 -247 -241 -1 -352 -489 -338 0
-310 -82 -403 -43 -241 -319 -484 -139 -457 -28 -499 -94 -247 -112 -427 -1 -352 -187 -118 -298 -61 -256 -277 -79 -178 0
260 -351 -285 -502 -61 -403 -358 -124 -112 0
503 -358 -112 -61 -5 -351 -285 -82 0
498 -358 -61 -112 -285 -124 -351 -403 -17 -275 -138 -452 -244 0
-174 -108 -352 -403 -247 -124 -484 -112 -61 -244 -1 -319 -427 -82 -502 -373 -298 -172 0
503 -123 -457 -28 -382 -336 -82 0
32 -186 -187 -284 -502 -457 -28 -336 -82 -391 -505 -108 -339 -241 0
283 -491 -350 0
106 -359 -505 -61 -284 -339 0
113 -284 -187 -502 -457 -28 -82 -391 -505 -108 -339 -241 -484 -61 -403 -124 0
107 -276 -255 -57 -79 -90 -8 -217 -118 -298 -159 -352 -261 -247 -484 -360 -108 -112 -339 0
349 -505 0
-108 -502 -427 -82 -505 -187 -112 -61 -79 -217 -118 -298 -352 -247 -484 -403 -124 -457 -28 -391 -241 -373 -244 -1 -319 -172 0
350 -171 -396 -239 -285 -187 0
284 -464 -357 -5 -360 -18 -82 -171 -502 -396 0
508 -94 -241 -484 -427 -112 -61 -118 -352 -247 -403 -457 -28 -391 -1 -319 -43 -139 -499 -187 -256 -277 0
-338 -283 -187 -108 -457 -28 -82 -391 -284 -339 -241 -484 -61 -403 -112 -1 -352 -319 -247 -118 0
503 -185 -352 -247 -261 -90 -139 -484 -32 -465 -403 -241 -276 -6 -126 -508 -16 -312 -82 0
-283 -284 -112 -82 -108 -319 -28 -139 -94 -403 -457 -352 -247 -241 -508 -61 -187 -391 -484 -339 -1 -118 0
239 -490 -349 -505 -187 0
337 -394 -484 -169 -108 0
-284 -339 -484 -108 -112 -241 -352 -247 -139 -403 -508 -82 -61 -187 -319 -28 -94 -457 -391 -1 -118 0
-261 -390 -316 -300 -185 -484 -395 -158 -108 -339 -112 -357 -464 -32 -260 0
349 -395 -139 -457 -28 -484 -43 -108 -339 -112 -427 -503 -403 -241 -508 -82 -319 -374 -61 -491 0
-339 -108 -457 -82 -1 -319 -403 -241 -499 -139 -28 -94 -352 -247 -484 -427 -112 -43 -187 -118 -508 -61 -391 0
-106 -502 -82 -28 -508 -319 -94 -457 -108 -139 -499 -394 -484 -169 339 -1 -112 -352 -247 0
-490 -349 -391 -508 -82 -352 -403 -247 -108 -484 -112 -61 -1 -319 -427 -94 -457 -139 -499 339 -28 -187 0
-349 -108 -112 -484 -427 -28 -94 -457 -139 -499 -82 -319 -43 -403 -247 -241 -1 -352 -187 -391 -508 -61 339 0
107 -169 -82 -508 -139 -457 -28 -499 -94 -241 -238 -174 -319 0
-503 -435 -238 -484 -241 -112 173 -82 -310 -490 -61 -283 -319 -337 -403 0
-310 -172 -403 -186 -112 -277 -256 -238 -427 -484 -457 -139 -43 -28 -82 -319 -241 -499 -351 -108 -94 -490 -358 -61 173 -283 -337 -169 -508 0
-169 -16 -508 -28 -82 -391 -112 -61 -351 -186 -352 -403 -247 -108 -484 -174 -1 -319 -427 -277 -256 -238 -457 -139 -43 -241 -499 -94 -490 -283 -337 0
84 172 -457 -28 -499 -94 -139 -241 -508 -319 0
-108 -82 -112 -139 -427 -457 -403 -28 -319 -94 -484 -241 -499 -391 -61 -352 -247 -1 -277 -256 -43 -187 -118 0
-283 -395 -318 -32 -241 -479 -499 -139 -457 -28 -94 -310 -319 -174 -82 -339 -508 -187 -239 -490 0
170 -490 -310 -82 -318 -32 -241 -479 -499 -139 -457 -28 -94 -508 -174 -339 -187 -319 0
350 -283 -490 0
-283 -490 -32 -241 -479 -499 -139 -457 -28 -310 -94 -174 -319 -82 -508 -339 -318 0
-490 -310 -32 -241 -479 -499 -139 -457 -28 -187 -94 -174 -319 -82 -508 -339 -318 -171 0
173 -310 -241 -82 -32 -319 -339 -508 0
-310 -318 -32 -241 -479 -499 -139 -457 -28 -94 -339 -174 -82 -319 -508 -187 -171 0
-82 -94 -241 -499 -139 -457 -28 -187 -319 -484 -112 -427 -403 -391 -61 -352 -247 -1 -277 -256 -43 -118 0
-174 -453 -448 -502 -241 -457 -28 -310 -139 -94 -253 -499 -508 -173 0
338 -283 -61 -490 -241 -43 -502 -310 -457 -28 -139 -94 -253 -499 -508 -382 0
-499 -174 -457 -28 -139 -241 -310 -508 -319 -16 -82 172 -94 0
311 -475 -118 -139 -514 -238 -457 -241 -28 -508 -451 -82 -94 -319 -174 0
-174 -173 -118 -457 -238 -28 -241 -508 -94 -82 -319 -310 -16 -139 0
285 -125 -484 -108 -82 -238 -319 -173 -351 -28 -310 -139 -14 -94 -457 -490 -172 -358 -434 -32 -503 -395 0
-61 -403 -122 -28 -300 -395 -108 -339 -112 -457 -361 -518 -52 -82 -139 349 -241 -508 -503 -319 -374 -491 -522 -63 0
-403 -336 -395 -108 -339 -112 -52 -254 -276 -453 -161 -200 -218 -300 -437 -81 -122 -167 -28 -6 -457 -446 -139 -522 -361 -518 -82 349 -241 -508 -503 -319 -374 -491 -63 0
403 -446 -139 -457 -518 0
-112 -52 -6 -446 -434 -139 -503 -522 -395 -108 -339 -254 -276 -453 -161 -200 -218 -300 -437 -81 -122 -167 -28 -457 -361 -518 -82 349 -241 -508 -319 -374 -491 -63 0
-173 -283 -28 -457 -82 -241 -508 -319 -490 -139 -310 -94 0
-503 -112 -123 -403 -28 -259 -52 -457 -361 -139 -435 173 -241 -310 -82 -490 -283 -319 0
114 -496 -457 -123 -519 -428 -361 -28 -403 -259 -52 0
-496 -112 -457 -123 -139 -521 -361 -62 -403 -358 -259 -52 -28 -519 -428 0
-112 -403 -64 -438 -179 -259 -361 -52 -447 -201 -139 -457 -123 -28 -62 -519 -435 173 -241 -310 -82 -490 -283 -319 0
-403 -10 -299 -201 -64 -438 -179 -361 -447 -123 -139 -28 -52 -457 -519 -259 -62 -435 173 -241 -310 -82 -490 -283 -319 0
403 -447 -139 -457 -519 0
458 -112 -80 -457 -123 -139 -361 -403 -52 -28 -519 -490 -82 173 -241 -310 -435 -283 -319 0
-112 -455 -179 -361 -52 -201 -438 -168 -80 -447 -123 -139 -28 -457 -519 -490 -82 173 -241 -310 -435 -283 -319 0
-283 -94 -28 -457 -241 -310 -82 -490 -319 -508 -139 0
459 -403 -241 -508 -82 -319 -310 -373 -94 -139 -28 0
-403 -94 -457 -28 -508 -139 -241 -319 -82 -310 -373 0
140 -502 -310 -373 -94 -28 -457 -139 403 0
-94 -319 -457 -28 -139 -508 -241 -310 -82 -490 0
84 -255 -403 -230 -296 -9 -373 -241 -310 -508 -319 0
-283 -349 -490 0
7 -447 -169 -128 -174 -173 -230 -349 -437 -448 -218 -14 0
405 -11 -32 -394 -525 -169 -44 -391 -174 -173 -437 -128 -185 -230 -158 0
127 -349 -239 -174 -173 -169 -447 -167 0
141 -403 -490 -241 -310 -508 -319 -82 -373 -451 -28 -457 0
83 -436 -8 -174 -241 -310 -508 -319 0
404 -498 -337 -106 -122 -490 -241 -310 -508 -319 -254 -17 -82 -8 -174 -519 -231 0
127 -349 -337 -240 -106 -169 -446 -168 0
312 -136 -337 -8 -490 -231 -88 -129 -106 -446 -122 -241 -79 -508 -17 -82 -319 0
-403 -319 -82 -508 -310 -490 -241 -28 -457 -139 0
311 -4 -139 -457 403 -28 -451 -274 -82 -319 -174 0
-319 -508 -457 -28 -82 -310 -139 -490 -241 0
-339 -480 -317 -33 -174 -173 0
-173 -33 -464 -317 -174 -504 -122 -490 -80 -18 -296 -452 0
84 -317 -403 -452 -446 -122 -524 -167 -490 -310 -464 -174 -504 -219 -45 -436 -241 -508 0
114 -56 -403 -89 -52 0
-173 -32 -174 -112 -403 -89 -52 -63 -490 -283 -375 -276 0
229 -464 -174 -403 -63 -490 -375 -519 -241 -508 -384 -82 -452 -446 -122 -524 -310 -219 -45 -129 0
-283 -486 -498 -403 -56 -246 -464 -227 -297 -241 -79 -360 -508 -63 -82 -490 -17 -284 0
-339 -79 127 -122 -446 -508 -82 -504 -498 -403 -56 -246 -464 -297 -241 -63 -490 -284 -174 -173 0
-173 -126 -54 -490 -504 -82 -508 -122 127 -446 -403 -246 -464 -241 -63 -174 -255 -452 -375 0
9 -231 -310 -82 -508 -403 -241 -174 -490 -28 -457 -139 0
128 -217 -437 -310 -231 -174 -173 -403 -32 -52 -112 -490 -283 -63 -276 0
83 -283 -403 -318 -231 -174 -173 -32 -490 -310 -520 -9 -139 -457 -28 -241 -508 0
-283 -486 -231 -457 -403 -28 -32 -241 -508 -82 -318 -174 -173 -490 -310 -139 0
84 -112 -231 -52 -403 -486 -9 -32 -373 -241 -310 -508 -502 0
-112 -52 -32 -394 -486 -171 -240 -241 -508 -82 -231 -403 -9 -373 -310 -502 0
509 -463 -490 -82 -508 -403 -241 -174 -231 -28 -457 -139 -173 -124 -486 -310 -32 -502 0
-52 -240 -310 -403 -502 -241 -82 -508 -490 -174 -231 -28 -457 -139 -173 -486 -32 -357 -360 -394 -171 0
510 -112 -486 -360 -32 -394 -171 -240 -502 -241 -82 0
-339 -173 -241 -82 -508 -403 -490 -174 -231 -28 -457 -139 -310 0
273 -388 -403 83 -231 -174 -173 -32 -490 -310 -520 -9 -139 -457 -28 -241 -508 0
405 -273 -300 -81 -186 -254 -158 0
114 -118 -310 -394 -351 -490 -170 -231 -403 -186 -158 83 -174 -173 -32 -520 -9 -139 -457 -28 -241 -508 -359 0
-283 -517 -457 -451 -28 -274 -17 -239 -490 0
83 -465 -457 -231 -489 -403 -310 -186 -158 -351 -28 -490 -359 -113 -394 -170 -174 -173 -32 -520 -9 -139 -241 -508 -516 0
-283 -394 -490 -480 -359 -317 -113 -520 -231 -139 -457 -28 -451 -274 -18 -240 0
-32 -173 -231 -310 -490 -139 -457 -28 -241 -508 -82 -174 -403 0
503 -218 -9 -373 -310 -283 0
312 -218 -373 -9 0
-283 -359 -403 -490 -174 -310 -373 -9 -438 -520 -231 -139 -457 -28 -451 -274 -87 -18 -240 0
-173 -231 -403 -174 -310 -490 -139 -457 -28 -82 -508 -241 0
-231 -174 -241 -508 -82 -28 -457 -139 -490 -310 -403 0
172 -283 -62 -490 -88 -501 -174 -310 -53 -9 -518 -166 -241 -508 -254 -82 -453 -5 0
-283 -254 -82 -508 -9 -453 -310 -174 -62 -490 -88 -501 -53 -518 -166 -241 -5 0
84 -296 -373 -9 -79 -310 -508 -502 0
-174 -403 -508 -82 -310 -490 -139 -28 -457 -241 0
84 -465 -355 -169 -358 -447 -6 -503 -16 0
8 -484 -358 -355 -185 -385 -403 -276 -453 -218 -316 -6 -187 -169 -238 -241 -508 -82 -503 -16 -28 -457 -139 0
-403 -508 -241 -82 -28 -457 -139 -490 -310 0
83 -337 -355 -139 -457 403 -187 -238 -241 -508 -16 0
-283 -9 -310 -139 -457 403 -241 -508 -82 -490 0
84 -9 -517 -457 -28 -157 -124 -373 -310 -502 -253 0
-9 -508 -457 -28 -310 -82 -241 -139 -490 0
-283 -337 -139 -457 403 83 -241 -508 -490 0
83 -375 -310 -139 -457 403 -241 -508 -490 -384 0
-283 -174 -6 -171 -18 -240 -490 0
-508 -490 -28 -457 -139 -310 -241 -82 0
359 -33 -337 -112 -106 0
-240 -358 -403 -490 -174 -310 -283 -9 -520 -373 -139 -457 -28 -87 -18 -241 0
113 -90 -403 -57 -52 0
229 -112 -245 -497 -123 -171 -395 -337 -403 -87 -525 -106 -358 -57 -381 -162 -200 -218 -44 -437 -128 0
127 -171 -123 -79 -447 -167 0
311 -373 -87 -162 -79 -241 -490 -174 -310 -283 -9 -403 -139 -457 -28 -18 -504 -321 0
239 -230 -128 -437 -167 -241 -187 0
-373 -9 -79 -504 -283 -162 -241 -310 -87 -490 -174 -403 -139 -457 -28 -18 -321 0
239 -33 -484 -94 -174 -375 -108 -504 -28 -274 -457 -139 -310 -499 -316 -403 -57 -128 -518 -167 -187 -169 -87 0
-9 -504 -241 -174 -325 -28 -457 -139 -310 -403 -87 -79 -162 -283 -490 -18 -321 0
172 -452 -275 0
Solved
