509 -4 -61 -145 -379 -280 -58 0
-4 -61 -379 -145 -280 -58 -508 0
381 -376 -100 -40 -508 -43 -31 -280 -277 -145 0
568 -100 -40 -508 -43 -31 -280 -145 -379 0
570 -378 -367 -100 -40 -279 -395 -31 -86 -74 -563 -52 -441 -160 -103 0
510 -568 -13 -103 -160 -367 -100 -40 -31 -52 -379 -1 -145 -280 -241 0
-277 -100 -40 -534 -43 -31 -508 -280 381 -145 -278 0
378 -142 -440 -75 -103 -87 -568 -564 0
144 -568 -447 -103 -52 -160 -541 -40 -100 0
41 -367 -377 -396 -144 -87 -75 -568 -553 -103 -52 -160 -541 -100 0
571 -103 -160 -40 -52 -43 -31 -508 -280 -145 -1 -241 -13 0
105 -140 -130 -85 -137 -5 -421 -287 -275 -52 -446 -160 -13 0
104 -371 -279 -542 -31 -160 -13 0
142 -350 -325 -508 -40 -43 -31 -280 -145 -100 -279 -268 -331 -130 -157 -94 -234 -52 -160 -13 -103 -542 -51 0
278 -380 -86 -145 -31 0
102 -100 -157 -268 -13 -103 -52 -160 -145 -31 -144 -325 -508 -40 -43 -280 -130 -331 -94 -571 0
86 -276 -13 -103 -52 -233 -160 -94 -543 -157 -278 -130 -31 0
105 -372 -245 -13 0
-100 -144 -325 -40 -43 -31 -280 -145 -268 -331 -52 -160 -13 -103 -94 -157 -130 -571 -508 0
553 -430 -331 -440 -320 0
159 -24 -313 -245 -372 -521 -268 -331 -19 -430 -253 -130 0
104 -86 -1 -130 -94 -157 -313 -372 -521 -268 -331 -11 -276 -52 -160 -13 0
554 -441 -1 -73 0
-144 -103 -1 -508 -145 -31 -52 -160 -13 -241 -130 -94 -157 -313 -268 -331 -325 -40 -43 -280 0
-277 -278 -249 -569 -378 -51 -508 -73 -275 -40 -43 -31 -280 -145 -513 -379 -1 -331 -440 -320 -554 0
555 -440 -1 -73 0
162 -73 -508 -145 -378 -51 -280 -40 -43 -31 -379 -1 -331 -13 -103 -52 0
85 -51 -31 -145 -280 -508 -331 -1 -103 -52 -160 -378 -40 -43 -13 0
161 -553 -268 -21 -313 -522 -331 -51 -431 -254 -102 -321 -40 -13 -541 -103 -52 0
-278 -103 -13 -52 86 -160 -94 -157 -130 -31 -43 -40 -268 -313 -522 -331 -51 -102 0
580 -13 -52 -160 -130 -31 -241 -508 -280 -40 -145 -43 -94 -157 -268 -313 -1 -325 0
-103 -331 -52 -278 -160 -94 -157 -130 -31 -43 -40 -268 -313 -13 -145 -280 -508 -1 -241 -325 0
555 -86 -1 -145 -31 -280 -580 -508 -331 -439 0
87 -555 -43 -51 -278 -40 -280 -52 -508 -439 -94 -331 -157 -580 -130 -31 0
441 -226 -51 -244 -445 -31 -280 -580 -508 -331 0
-86 -51 -580 -278 -331 -1 -439 -31 -244 -445 -280 -508 -43 -40 -52 -94 -157 -130 -145 0
86 -439 -52 -94 -331 -157 -580 -278 -130 -31 0
440 -555 -278 -580 -31 -331 0
554 -431 -130 -157 -86 -75 -52 0
85 -331 -440 553 -207 -276 -312 -288 -413 -422 -396 -227 0
-331 -278 -94 -157 -130 -52 -1 -145 -31 -280 -241 -508 -43 -40 -160 -268 -313 -13 -325 0
-86 -305 -84 -138 -6 -141 -244 -248 -94 -380 -130 -31 -157 554 -75 -52 0
274 -51 -371 -21 -422 -512 -248 -268 0
49 -143 -101 0
-51 -276 -49 -371 -21 -422 -512 -248 -268 0
554 -6 -40 -268 -278 -130 -31 -84 -138 -94 -380 -157 -75 -52 -447 -105 -564 -59 -160 0
103 -423 -371 -447 -245 0
274 -468 -312 -447 -160 -13 -105 -371 -245 -287 0
423 -568 -447 -105 -226 0
50 -6 -59 -13 -105 -447 -245 -189 -312 -160 -380 -377 -86 -102 0
104 -138 -59 -130 -6 -447 -105 -157 -94 -288 -319 -276 -52 -160 -13 0
275 -86 -130 -447 -105 -568 -157 -422 -430 -288 0
-423 -319 -52 -352 -413 -40 -534 -43 -31 -508 -280 -277 -145 -278 -396 -380 -433 -86 -268 103 -447 0
511 -266 -222 -251 -531 -328 -455 -76 -140 -413 -268 -138 -20 -6 0
573 -207 -181 -493 -413 -466 -20 -512 -222 -251 -531 -328 -76 -140 -268 -138 -6 -349 0
467 -503 -493 -297 0
441 -278 -352 -493 -76 -268 -160 -52 -94 -157 -130 -40 -43 -31 -508 -280 -145 -289 -430 -121 -13 -580 -1 -241 0
421 -106 -268 -372 0
-278 -43 -268 -31 -157 -352 -130 -40 -160 -52 -1 -145 -280 -241 -508 -493 -76 -94 -289 -121 -13 -313 -325 0
445 -414 -60 -130 -157 -378 -94 -5 -319 -183 -52 -226 -160 -13 -572 -422 -104 -40 -43 -31 -508 -280 -145 -1 -241 0
-86 -422 -52 -268 -352 -104 -130 -157 -94 -160 -13 -40 -43 -31 -508 -280 -145 -1 -241 278 0
421 -227 -446 0
-422 -104 -268 -352 -52 -130 -157 -94 -160 -13 -40 -43 -31 -508 -280 -145 -1 -241 278 0
105 -101 -49 -5 -137 -130 -157 -94 -554 -378 -60 -52 -569 -160 -13 0
53 -466 -5 -137 -305 -141 -563 -60 -74 -83 -554 -431 -519 -321 -160 0
274 -512 -143 -552 -83 -213 -466 -493 -296 -358 -223 -499 -169 -325 -471 -60 -371 -141 -414 -268 -137 -21 -5 -332 -514 -431 -248 0
51 -143 -101 0
583 -358 -493 -223 -325 -268 -514 -160 -52 -94 -157 -130 -352 -31 -508 -280 -145 -1 -241 -175 -208 -76 -313 0
282 -13 -583 -248 -358 -512 -5 -1 -508 -145 0
-13 -50 -130 -157 -94 -52 -160 -1 -512 -248 -31 -5 -287 -241 -422 -104 -508 -447 -145 -280 -583 -358 0
59 -50 -277 -287 -145 -583 -422 -280 -358 -570 -508 -481 0
275 -512 -130 -157 -52 -555 -145 -280 -508 -583 -422 -358 -248 -5 -31 -104 -94 -160 -1 -241 -447 0
-512 -447 -130 -157 -94 -52 -160 -1 -358 -31 -583 -241 -422 -104 -508 -5 -280 -248 -145 -276 -555 0
15 -233 -94 -555 -321 -268 -130 -31 -157 -52 -447 -160 -5 -241 -1 -508 -145 -280 -583 -104 0
60 -235 -325 -370 -519 -94 -157 -174 -130 -52 -6 -248 -31 -277 -1 -441 -555 -145 -280 -241 -508 0
-6 -370 -31 -447 -145 -422 -280 -570 -508 -325 -519 -94 -157 -174 -130 -52 -248 -1 -441 -555 -241 -5 0
-73 -205 -312 -321 -279 -412 -555 -74 -1 -441 0
-447 -248 -276 -157 -130 -52 -555 -321 -1 -268 -241 -422 -508 -280 -145 -31 -325 -519 -94 -5 -104 -160 -583 -358 0
54 -5 -268 -130 -157 -94 -31 -508 -145 -280 -52 -1 -241 -325 -422 -160 -583 -358 0
509 -58 -175 -583 -277 -358 -223 -145 -481 -280 -208 0
510 -447 -105 -439 -280 0
509 -233 -583 -208 -486 -518 -20 -249 -175 -277 -358 -223 -145 -280 -73 -5 -1 -241 0
553 -105 -1 -31 -145 -422 -280 -241 -508 -583 -208 -486 -518 -249 -175 -358 -223 -5 -130 -157 -94 -320 0
-447 -179 -249 -275 -513 -16 -15 -422 -228 -105 -446 510 -280 0
6 -446 -422 -249 -275 -105 -268 510 -280 -583 -358 -482 -99 -395 -31 -157 -85 -130 -140 -137 0
281 -279 -31 -422 -5 -249 -275 -105 -268 -280 -583 -358 -157 -130 -75 -241 -1 -508 -145 0
-5 -422 -145 -280 -31 -1 -268 -583 -358 -157 -130 -241 -508 -208 -175 -223 -94 -160 -52 -325 0
-226 423 -139 -4 -145 -280 -508 -59 -105 -447 -130 0
103 -249 -358 -512 -583 -59 -160 -75 -52 -553 -440 0
445 -105 -139 -4 -145 -280 -508 -59 -422 -447 -130 0
553 -183 -512 -493 -447 -423 103 -396 -380 -310 -31 -87 -278 -75 0
-423 103 -130 -31 -75 -512 -358 -583 -59 -160 -52 -268 -440 -493 -447 -396 -380 -278 -227 -422 0
511 -144 -84 -212 -466 -493 -297 -208 -175 -499 -169 -583 -49 -325 -358 -223 -288 -236 -481 -189 -413 -249 -20 0
87 -288 -236 -84 -493 -297 -512 -208 -175 -583 -325 -358 -223 -443 -189 -160 -408 -52 -564 -555 -75 -94 -59 -157 -139 -534 -244 -380 -130 -31 0
-105 -512 -94 -52 -583 -98 -157 -139 -358 -59 -160 -75 -440 -278 -396 -130 -31 -236 -84 -493 -297 -208 -175 -325 -223 -443 -189 -408 -564 -534 -380 -4 -145 -280 -508 -447 -268 -422 0
421 -180 -16 -50 -227 -268 -106 0
-422 -208 -268 -583 -358 -31 -157 -130 -52 -160 -94 -493 -175 -325 -223 -145 -280 -508 -241 -1 0
555 -278 -275 -145 -157 -241 -1 -130 -508 -87 -59 -320 -249 -440 0
-278 -75 -245 -14 -583 -208 -486 -518 -175 -358 -223 -145 -280 -249 -1 -241 -183 -130 -157 -94 -311 -87 -508 -105 -447 -320 -371 -554 -275 -59 -440 0
-75 -245 -508 -280 -1 -145 -59 -14 -583 -208 -486 -518 -175 -358 -223 -249 -241 -183 -130 -157 -94 -311 -87 -105 -447 -320 -371 -554 -275 -440 0
-105 -59 -508 -447 -145 -1 -280 -583 -208 -175 -358 -223 -249 -241 -183 -130 -157 -94 -311 -87 -371 -52 -160 -103 0
-59 -249 -130 -157 -52 -583 -358 -175 -223 -145 -280 -208 -508 -371 -569 -160 -447 -1 -241 -183 -94 -311 -87 -103 0
-371 -207 -245 -512 -20 -413 -182 -312 -226 -139 -105 -145 -280 -508 -59 -4 -447 -130 0
371 -275 -583 -481 -249 -105 -358 -447 -139 -145 -280 -508 -59 -4 -130 -49 0
372 -367 -573 -206 -142 -245 -49 0
15 -481 -358 -249 -583 -512 0
-371 -139 -182 -312 -226 -573 -142 -245 -49 -413 -105 -145 -280 -508 -59 -4 -447 -130 -15 -377 -568 -440 -87 -75 -564 0
58 -182 -583 -249 -105 -358 -447 -145 -280 -508 -59 -130 -49 -312 -226 -573 -142 -245 -413 -377 -440 -87 -75 -564 -6 0
-4 -15 -312 -226 -573 -142 -245 -49 -413 -105 -145 -280 -508 -59 -371 -447 -130 -182 -377 -440 -87 -75 -564 -138 -379 -58 -6 0
-15 -422 -371 -105 -63 -312 -226 -573 -142 -245 -49 -413 -145 -280 -508 -59 -447 -130 -182 -377 -440 -87 -75 -564 -138 -379 -58 -6 0
-422 -371 -130 -447 -105 -157 -94 -319 -6 -138 -52 -49 -249 -142 -379 -145 -58 -280 509 -226 -59 -312 -245 -413 -508 -182 -87 -75 -564 0
422 -182 -573 -142 -377 -49 -570 -226 0
20 -402 -483 -98 -249 -388 -161 -205 -52 -319 -451 -94 -454 -157 -235 -130 -118 0
13 -269 -130 -483 -249 -52 -319 -94 -454 -157 -265 -328 -259 -413 -35 -182 -141 -16 -368 -138 -226 -379 -145 -58 -280 509 -422 -570 -447 -105 0
-4 -141 -94 -52 -157 -130 -105 -249 -319 -570 -513 -138 -379 -145 -280 -58 -508 -6 0
243 -94 -130 -447 -105 -157 -59 -319 -6 -52 -249 -379 -145 -280 -508 -328 -413 -226 509 -179 -142 -49 -312 -245 -87 -75 -564 -583 -358 -394 0
-94 -590 -157 -130 -447 -105 -59 -319 -6 -52 -249 -379 -145 -280 -508 -328 -413 -226 509 -179 -142 -49 -312 -245 -87 -75 -564 -583 -358 -394 0
15 -512 -358 -468 -583 -295 0
103 -15 -447 -245 -423 0
5 -517 -413 -52 -409 -319 -49 -573 -142 -245 -312 -447 -377 -440 -87 -75 -564 -105 -358 -468 -583 -295 -226 -63 0
247 -52 -276 -161 0
553 -75 -105 -59 -447 -87 -249 -358 -583 -157 -130 -145 -280 -508 0
423 -440 -553 -145 -280 -75 -508 -87 -59 -226 -105 -447 0
13 -412 -183 -84 -95 -311 -369 -590 -278 -571 -305 -32 -100 -466 -245 -49 -512 -371 0
-58 -4 -245 -249 -371 -358 -583 -14 -183 -311 -157 -130 -75 -87 -287 -145 -280 -508 -569 -59 0
42 -43 -583 0
-43 -40 -583 0
13 -49 -82 -139 -253 -130 -157 -161 -115 -94 -52 -508 -18 -249 -280 -581 -145 -31 -4 -86 -279 -583 -306 -142 -245 -285 -452 -371 0
-49 -142 -583 -279 -371 104 -31 -52 -249 -358 -481 -82 -139 -253 -130 -157 -115 -94 -508 -18 -280 -145 -4 -86 -306 -245 -285 -452 0
-4 -287 -583 -371 104 -52 -249 -358 -130 -157 -508 -18 -280 -145 -245 -553 -87 -75 -183 -311 -59 0
104 -52 -249 -87 -245 -75 -145 -280 -508 -59 -583 -358 -130 -157 -105 -447 0
-52 -245 -87 -75 -249 -358 -583 -59 -508 -105 -447 -280 -157 -145 -130 0
103 -533 -87 -280 -105 -447 -245 -371 0
276 -49 -4 -512 -87 -358 -249 -75 -245 -371 -157 -130 -145 -280 -508 -59 -105 -447 -583 0
-49 -512 -75 -87 -358 -105 -447 -245 -371 -583 -249 -59 -4 -157 -130 -145 -280 -508 0
96 49 -378 -369 -379 -183 -468 -413 -212 -82 -171 -517 0
314 -399 -24 0
510 -572 -454 -100 -451 -142 -285 -373 -82 -314 -379 -517 -588 -145 -442 -280 0
-512 -371 -157 -145 -280 -508 -358 -583 -87 -75 -245 -249 -4 -130 -59 -447 -105 0
-13 -24 -285 -82 -233 -245 -279 -583 -451 -371 -160 104 -31 -14 0
50 -413 -517 -82 -426 -471 -285 -373 -139 -37 -314 -130 -588 -157 -18 -280 -581 -145 -31 -95 -86 -279 -233 -583 -274 -142 0
96 -413 -20 -171 -130 -517 -409 -157 0
158 -454 -100 -379 -451 -142 -285 -373 -82 -314 -517 -588 -145 -442 -280 -508 -532 -138 -31 -139 -589 -130 0
-43 -467 -379 -145 -36 -280 -18 -532 -178 -31 -589 -157 -100 -451 -142 -285 -373 -82 -314 -517 -588 -508 -138 -139 -130 -237 -358 -583 -45 0
-371 -4 -145 -157 -508 -130 -358 -583 -245 -105 -59 -280 -447 -87 -75 -249 0
568 -379 -145 -280 -4 -508 0
85 -422 -280 -105 -447 -508 -145 -4 -553 -75 0
33 -422 -105 -145 -280 -508 -59 -4 -447 -130 -137 -242 -590 -245 0
15 -574 -250 -211 -451 -358 -512 -583 -295 0
-4 -245 -280 -75 -508 -87 -59 -105 -447 -358 -583 -145 -130 -157 -249 0
-371 103 -50 -35 -105 -447 -245 -178 -372 0
103 -574 -211 -250 -451 -358 -583 -295 -50 -35 -105 -447 -245 -178 -372 -380 -61 -570 0
-245 -75 -583 -145 -280 -358 -508 -87 -59 -105 -447 -157 -130 -249 0
381 -543 -302 -143 -50 -274 -249 -483 -358 -583 -451 -13 -512 -295 0
14 -349 -302 -543 -571 -143 -50 -274 -249 -483 -358 -583 -451 0
-512 -371 -249 -358 -583 -302 -143 -380 -534 -278 -242 -32 -590 -95 -59 -553 -75 -440 103 0
-75 -105 -447 -249 -358 -583 -59 -157 -130 -87 -145 -280 -508 0
-142 -49 -287 -249 -161 -157 372 -187 -245 -170 -379 -311 -145 -156 -278 -234 -583 0
142 -379 -145 -508 -280 -378 -87 0
312 -472 -270 -21 -414 -389 -170 0
-512 -371 -145 -249 -157 -245 -583 -508 -87 -105 -59 -447 -130 -280 -14 -358 0
277 -44 -508 -145 -73 -3 -486 -54 -233 -555 -280 0
15 -379 -87 -145 -279 -508 -73 -3 -486 -54 -233 -555 -280 -245 -583 -371 0
278 -105 -508 -447 -280 -555 -145 0
279 -371 -157 -309 -130 -245 -242 -105 -447 -87 -280 -145 -249 -583 -508 -59 -358 0
370 -279 -145 -87 -508 -280 -245 -583 -371 -249 -157 -105 -59 -447 -130 -358 0
-371 -406 -358 -583 -508 -145 -280 -249 -105 -59 -447 -130 -157 -245 -87 -305 -309 -242 0
146 -245 -249 -105 -358 -447 -145 -280 -508 -59 -130 -87 -583 -157 0
-245 -105 -145 -87 -508 -280 -583 -157 -249 -59 -447 -130 -358 0
15 -206 -414 -157 -139 -130 -555 -87 -481 -278 -105 -447 -568 -358 -422 -4 -583 -371 -249 0
132 -233 -512 -160 -296 -82 -53 -242 -320 -591 -430 -596 -157 0
95 -200 -170 -517 -409 0
315 -23 -374 0
277 -422 -512 -371 -160 -443 -414 -313 -374 -105 -447 -568 -157 -87 -130 -296 -82 -242 -225 -240 -333 -208 -580 -555 -45 -583 -32 0
-105 -87 -130 -157 -447 -583 -358 -249 -145 -280 -508 -59 0
281 -423 -59 -570 -508 -447 0
279 -423 -249 -570 -145 -280 -508 -51 -441 -534 -87 -553 -31 0
50 -142 -100 0
247 -436 -583 -240 -358 -481 -43 -202 -588 -464 -162 0
248 -274 -53 -162 0
85 -361 -270 -512 -583 -358 -43 -202 -588 -162 -249 -53 -183 -242 -309 -36 -18 -31 -534 -51 -59 -74 0
86 -4 -59 -337 -98 -242 -157 -130 -31 0
554 -270 -512 -583 -358 -43 -202 -588 -162 -249 85 -361 -242 -309 -36 -18 -31 -534 -51 -59 -183 0
247 -361 -270 -21 -130 -138 -337 -4 -98 -512 -583 -240 -358 -43 -202 -588 -464 -162 0
244 -371 -130 -512 -583 -358 -59 -447 -145 -280 -508 -87 -157 -249 0
248 -588 -358 -481 -162 0
554 -160 132 -512 -53 -242 -591 -157 -441 -59 -481 -208 -358 -43 -583 -15 -371 -143 -331 -274 -313 -374 0
-242 86 -371 -15 -583 -358 -59 -512 -591 -157 -441 -374 -162 -249 -279 -4 -447 -130 -31 -145 -280 -508 0
86 -4 -59 -570 -508 -280 -371 -15 -583 -358 -512 -591 -157 -441 -374 -162 -249 -279 -447 -130 -31 -145 0
-423 -463 -130 -157 -137 -242 -180 -226 -469 -50 -145 -447 -371 -280 -422 -59 -570 -508 0
51 -100 -142 0
-100 -481 -512 -130 -157 -242 -180 -226 -469 -145 -447 -371 -280 -422 -59 -570 -508 -249 -358 -4 -162 -534 -142 0
-481 -242 -358 -162 -508 -249 -280 -512 -145 -4 -86 -31 -279 -583 -130 -157 -180 -226 -469 -447 -371 -422 -59 -570 -534 -142 0
481 -226 -447 -422 -371 -180 -142 -583 -441 -280 -279 -162 -508 -73 -4 -249 -59 0
-100 -49 -142 0
-4 -31 -512 -583 -145 -59 -508 -447 -280 -358 -249 -130 -157 -371 -87 0
-31 -371 -145 -508 -59 -512 -583 -447 -358 -249 -130 -157 -280 -87 0
282 -597 -374 -397 -583 -358 -512 -162 -249 -206 -437 -319 -431 -332 -395 -441 -243 -277 -508 -145 0
-371 -512 -59 -508 -280 -583 -358 -447 -249 -145 -157 -130 -87 0
161 -94 -82 -321 -484 -54 0
281 -373 -162 -205 -234 -583 -358 -35 -31 -468 -570 -6 -87 -59 -508 -447 -145 0
241 -82 -443 -236 -11 -284 -21 -373 -414 -425 -184 -470 -429 -368 -339 -377 -95 -139 -192 -590 -137 -129 0
279 -236 -468 -373 -451 -130 -157 -242 -443 -21 -470 -377 -137 -35 -37 -422 -588 -162 -249 -234 -304 -358 -583 -562 -59 -50 -380 -441 -582 -534 -87 -553 -31 0
247 -94 -440 -553 -75 -59 -140 -138 -233 -4 -512 -162 0
-280 -371 -358 -162 -249 -512 -508 -242 -157 -279 -130 -31 -583 -447 -145 -59 0
278 -296 -371 -242 -422 -307 -227 -532 -512 -62 -145 -31 -4 0
49 -338 -130 -139 -157 -471 -174 -246 -553 -31 248 -162 -179 0
-49 -87 -532 -31 -51 -100 0
421 -139 -130 -157 -174 -246 -553 -31 248 -162 -307 -242 -532 -100 -371 -227 0
248 -15 -31 -4 -242 -157 -130 -512 -307 -508 -532 -59 -371 -227 -422 -162 -583 -279 -145 -104 -358 -481 0
-87 -49 -242 -94 -84 -310 -157 -553 -2 -422 -130 -73 -31 -371 -532 -296 -100 0
87 -94 -53 -157 -553 -130 -73 0
555 -94 -157 -508 -242 -73 161 -484 0
-321 -296 -242 -270 -512 -160 -233 -320 -82 -157 -130 -94 -274 161 -484 0
-481 -4 -157 -242 -512 -508 -371 -422 -31 -532 -59 -583 -279 -358 -130 -586 -162 -249 -307 -227 -145 -104 0
-53 -87 -31 -4 -242 -157 -130 -436 -145 -2 -75 -59 -553 -100 248 -162 0
159 -94 -242 -141 -130 -137 0
-94 -321 -75 -145 -157 -440 -278 -130 -508 -59 -249 -553 -100 -31 -4 -242 -436 -2 248 -162 -141 -137 0
320 -553 -52 0
-321 -75 -145 -157 -440 -278 -130 -508 -59 -249 -553 -100 -31 -4 -242 -436 -2 248 -162 -141 -137 0
-4 -371 -157 -130 -508 -59 -249 -31 -242 -162 -583 -279 -512 -145 -422 -532 -358 -586 -307 -227 -104 0
-53 -483 -358 -586 -249 -162 -54 0
-371 -279 -249 -162 -242 -157 -130 -145 -31 -508 -512 -358 -59 -583 -447 0
52 -94 554 -4 -553 -59 -100 -512 -162 -245 -242 -130 -157 -14 -358 -249 -583 -53 0
-75 -287 -422 -372 -474 -519 -297 -468 -576 -251 -437 -304 -562 -187 -145 -2 -396 -130 -157 554 -431 -52 0
85 -123 -583 -358 -338 -481 -437 -372 -21 -414 -447 -422 -187 -89 -287 -396 -100 0
83 -236 -414 -443 -519 -502 0
247 -129 -422 -100 -443 -519 -31 -87 -583 -358 -437 -372 -21 -447 -396 -297 -576 554 -474 -145 -130 -157 -431 -52 -141 -245 -138 -453 -4 -14 -512 -249 -276 0
-75 248 -157 -278 -440 -130 -508 -59 -249 -553 -100 -31 -4 -242 -321 -145 -162 -141 -74 0
158 -94 554 -512 -358 -14 -162 -249 -583 -59 -157 -130 -508 -553 -100 -31 -242 -145 -53 -422 -372 -447 -245 -4 0
-94 -100 -157 -130 -508 -249 -553 -59 -31 -4 -242 -145 -162 -53 554 -512 -358 -14 -583 -422 -372 -447 -245 0
86 -589 -157 -130 -31 0
87 -589 -157 -130 -31 0
554 -553 -130 -157 -31 -59 -508 -145 -162 -583 -358 -447 -53 -249 -512 -242 -279 0
131 -310 -304 555 -422 -508 -372 -358 -53 -249 -162 -583 -43 -468 -234 -35 -31 -205 -570 -6 -373 -59 -447 -145 -157 -130 -269 -21 0
-94 -409 -130 -236 -157 -358 -53 -249 -162 -304 -583 -2 -43 -234 -508 -242 555 -73 0
-73 -281 -53 -249 -162 -358 -583 -31 -43 -590 -234 -130 -236 -157 -304 -2 -508 -242 555 -87 0
-4 -234 -583 -358 -59 -31 -242 -157 -130 -53 -249 -162 -145 -422 -304 -508 555 -468 -35 -205 -570 -6 -373 -447 -372 -269 -21 -279 0
555 -53 -508 -358 -145 -249 -162 -279 -59 -583 -31 -242 -157 -130 -447 -512 0
-553 -53 -157 -31 -59 -508 -145 -162 -583 -358 -447 -130 -249 -512 -242 -279 0
509 -103 -447 -439 -282 0
553 -14 -512 -358 -249 -583 -59 -508 -447 -245 -145 -31 -279 0
-481 -142 -413 -269 -242 -130 -94 -157 -430 -275 -473 -583 -279 -4 -512 -358 -14 248 -162 -249 0
481 -4 -145 -157 -321 248 -130 -508 -59 -249 -553 -31 -583 -242 -2 -75 -162 -279 0
-4 -86 -242 -31 -157 -130 -508 -50 -413 -269 -94 -430 -275 -473 -583 -279 -512 -358 -14 248 -162 -249 -145 -321 -59 -553 -2 -75 0
74 -279 -145 -242 -31 -157 -130 -508 -50 -269 -94 -430 -275 -473 -583 -512 -358 -14 248 -162 -249 -321 -59 -553 -75 0
-4 -6 -145 -157 -321 248 -130 -508 -59 -249 -553 -31 -583 -242 481 -75 -162 -279 0
-279 -31 -242 -130 -157 -145 -512 -508 -59 -249 -583 -162 -358 -447 0
73 -137 -242 -157 -130 -31 -86 -59 0
313 -398 -23 0
13 -443 -284 -82 -236 -414 -23 -519 -297 -468 -576 -305 -245 -453 -104 0
247 -82 -236 -414 -358 -583 -145 -508 -59 -512 -447 -249 -130 -157 -31 -87 -15 -284 -23 -305 -242 -53 -320 -94 -162 0
-553 -94 -162 -249 -236 -583 -145 -508 -59 -512 -447 -130 -157 -31 -242 -358 -73 0
509 -75 -439 -245 -15 -226 -568 -249 -358 -583 -59 -157 -130 -87 -145 -447 -508 0
591 -94 -157 0
-87 -439 -249 -583 -512 -447 -245 -162 -358 509 -145 -508 -157 -59 -130 -86 0
-94 -62 -59 -162 -157 -130 -249 -583 -512 -447 -358 -145 -508 -137 -242 -236 -31 0
510 -414 -21 -394 -338 -98 -245 -437 -226 -358 -53 -249 -162 -54 -447 -440 -281 0
-280 -443 -130 -157 -242 -236 -21 -451 -377 -137 -373 -37 -422 -470 -162 -249 -234 -304 -358 -583 -59 -441 -582 -87 -553 -31 -508 -512 -447 -145 0
-553 -21 -437 -358 -249 -162 -447 -130 -157 -242 -236 -137 -583 -59 -87 -31 -508 -512 -145 -568 -141 -319 0
75 -563 -2 0
54 -413 -236 -389 -444 -205 -517 -319 0
5 -31 -162 -447 -59 -508 -583 -512 -358 -145 -157 -130 -242 -249 0
-87 -555 -1 -249 -583 -512 -447 -245 -162 -358 509 -145 -508 -157 -59 -130 -86 0
-31 -130 -447 -249 -358 -583 -157 -162 -512 -145 -508 -59 -242 0
-245 -99 -277 -145 -437 -59 -358 -512 -249 -162 -447 -508 -87 -583 -157 -130 -244 0
247 -99 -277 -145 -437 -59 -358 -586 -512 -162 0
-553 -52 -319 0
-87 -130 -162 -249 -145 -358 -512 -508 -583 -447 -157 -59 -242 0
58 -553 -277 -75 -6 0
-553 -244 -277 -583 -145 -438 -358 -508 -249 -162 -140 -59 -75 -117 -232 -20 -512 -319 0
247 -105 -358 -583 -483 -249 -512 -162 0
-53 248 -319 -432 -162 -52 0
-374 -397 -314 -375 0
5 -12 -452 -84 -14 -212 -512 -466 -20 -297 -413 -242 -235 -136 0
60 -20 -512 -413 -242 -517 -319 -432 -162 -52 -358 -244 -447 -439 -249 -583 -381 -277 -2 -145 -563 -592 -508 -140 0
247 -563 -358 -583 -249 -512 -162 -596 -439 -381 -508 -145 -242 -432 -117 -413 -277 -138 -517 -232 -20 -4 -52 0
-130 -242 -512 -508 -447 -358 -162 -249 -583 -145 -59 -157 0
590 -94 -157 0
60 -5 -139 -138 0
-53 -35 -371 -178 -31 -100 -532 -129 -73 -93 -553 -518 248 -162 -52 0
-5 -553 -85 248 -162 -52 -157 -583 -242 -512 -145 -103 -447 -358 509 -249 -59 -139 0
58 -453 -129 -205 -19 -49 -236 -519 -443 -103 -278 -286 -583 -297 -447 -309 -396 -31 -358 -281 -85 -2 248 -162 -249 -512 -74 0
86 -305 -595 -464 -474 -129 -25 -412 -19 -512 -284 -236 -484 -443 -84 -519 -94 -377 -157 -49 -436 -338 -583 -98 -278 -396 0
445 -45 -484 -519 -94 -157 -436 -98 -338 -84 -179 -583 -49 -358 -286 -586 -281 -228 0
279 -412 -236 -19 -512 -453 -245 -305 -228 -103 -447 -484 -519 -94 -157 -436 -98 -338 -84 -179 -583 -49 -358 -286 -586 -281 -541 0
445 -117 -19 -443 -512 -236 -519 -94 -157 -436 -98 -338 -179 -49 -286 -228 -484 -84 -583 -358 -586 -281 0
-53 -236 -586 -281 -19 -512 -103 -447 -443 -157 -484 -583 -358 -85 -595 -129 -377 -278 -396 -145 -2 -139 -59 -297 -309 248 -162 -249 -553 -52 0
313 -173 -245 -24 0
104 -245 -188 -518 -440 555 -415 -443 -413 -236 -119 -129 -583 -358 -586 -281 -447 0
-73 -422 -234 -94 -473 -157 -269 -430 -275 -454 -452 105 -245 -377 -183 -532 -227 -85 -440 555 0
3 -426 105 -245 -464 -129 -452 -27 -562 -188 -82 0
-13 -49 -281 -586 -288 -358 -447 -583 105 -245 -15 0
84 -503 -297 -468 -212 0
-49 -11 -452 -281 -586 -288 -358 -447 -583 105 -245 -15 -100 0
517 105 -281 -234 -94 -473 -157 -269 -430 -275 -452 -447 -245 -377 -85 -440 555 -586 -358 -583 -15 -100 -297 -468 -188 -2 -464 -129 -413 -119 -236 -443 0
-245 -468 -297 -205 -358 -310 -586 -129 -452 -281 -447 -583 -15 -100 -188 -85 -440 555 -413 -119 -430 -253 -236 -157 -443 -94 -518 -234 -473 -269 -275 -377 -2 -464 -103 -415 0
513 -281 -586 -358 -583 -452 -595 -464 -129 -19 -512 -236 -484 -443 -94 -377 -157 -278 -396 -518 -482 -139 -188 -145 -59 -2 -85 -205 -297 -447 -440 555 -430 -253 -473 -275 -103 0
104 -245 -396 -236 -443 -518 -157 -94 -232 -139 -586 -145 -43 -59 -281 -583 -358 -249 -512 -447 -85 -24 -13 0
-245 -331 -85 -430 -447 -309 -157 -281 -94 -586 -232 -358 -43 -583 -13 -103 -396 -236 -443 -518 -139 -145 -59 -249 -512 -24 0
-553 -586 -157 -447 -145 -358 -59 -583 -103 -249 -512 -484 248 -162 -52 -242 -508 0
-94 -281 -512 -484 -319 -52 -19 -157 -583 -358 -586 -595 -85 -145 -508 -139 -73 -447 -59 -277 -555 -103 248 -162 -439 -242 0
32 -338 -98 -17 -436 -157 -50 -589 -534 0
259 -201 -413 -517 -19 -52 -118 553 -440 -430 -239 0
51 -81 -466 -413 -212 -207 -182 -84 -369 -484 -154 -232 -117 -297 -328 -517 -19 -52 -118 553 -440 -239 -169 -409 -275 -178 0
49 -144 -102 0
-105 -232 -242 -139 -484 -512 -517 -19 -52 553 -409 -245 -157 -589 -85 -583 -358 -59 -541 -586 248 -162 -145 -508 -447 -281 -103 0
-279 -31 -242 -227 -422 -62 -532 -512 -307 -145 -4 -296 -358 -249 -583 -59 -508 -447 553 -245 0
-281 -245 -145 -242 -512 -358 -249 -583 -59 -508 -447 -541 248 -162 -484 -52 -157 -586 -103 0
-245 -541 -358 -249 -583 -59 -508 -447 -145 -242 -512 248 -162 -484 -52 -157 -586 -103 0
-31 -227 -371 -242 -277 -422 -62 -532 -512 -307 -145 -4 -296 -32 0
147 -468 -512 -62 -4 -277 0
160 -242 -512 -358 -162 -145 -59 -508 -249 -583 -447 -157 0
103 -73 -53 -248 -512 -21 -508 -85 -282 -31 -568 -447 -245 -15 0
33 -227 -294 161 -508 -296 -242 -373 -315 -157 -398 -304 -45 -73 -245 -422 -205 -512 -307 -145 -4 -358 -249 -583 -59 -447 -532 -31 -85 0
280 -45 -508 -242 161 -157 58 -370 -422 -85 -31 -294 -296 -373 -315 -398 -304 -245 -205 -512 -145 -358 -249 -583 -59 -447 0
588 -31 -157 -162 -583 -358 -59 -508 -447 -145 -242 -512 -245 -249 0
-553 -95 -119 -157 -590 -139 -212 -242 -296 -245 -358 -413 -2 -583 247 -249 -512 -162 -75 -59 -555 -277 0
-277 -179 -583 -512 -358 -508 -145 -447 -245 -249 -162 -75 -157 -590 -242 -59 -117 -533 -381 -280 -278 0
-105 -441 -280 -447 -508 -104 0
-94 -251 -119 -393 -236 -583 -208 -10 -43 -82 -234 -157 -508 -242 161 -73 555 0
282 -73 -583 -242 -43 -590 -234 -119 -393 -236 -208 -157 -508 161 -358 555 -304 -563 -468 -381 -533 -145 0
-73 -396 -139 -137 -242 -228 -508 -447 -145 -59 -280 -583 -43 -590 -234 -119 -393 -236 -208 -157 161 -358 -468 -381 -533 -245 -553 -75 0
32 -208 -242 -583 -245 -358 -508 -249 -512 -162 -145 -59 -447 -280 -157 0
510 -100 -534 -377 -280 0
45 -238 -415 -583 -208 0
75 -208 -583 -119 -279 -6 -413 -59 0
-31 -245 -583 -145 -358 -508 -59 -242 -249 -512 -162 -447 -157 0
282 -62 -564 -380 -116 -73 -260 -85 -101 -245 -178 -105 -447 103 -371 -372 -532 0
-75 -181 -413 -242 -307 -455 -245 -178 -105 -447 103 -371 -372 -452 -274 -53 -85 -277 58 -6 0
-245 -242 -447 -583 -508 -145 -512 -59 -358 -249 -162 -157 0
-75 -439 -305 -508 -269 -452 -371 -53 -542 -145 -422 58 -6 -512 -468 -227 -32 -85 -73 0
-277 -395 -242 247 -145 -59 -358 -512 -162 -202 -471 -269 -371 -105 -447 -568 -422 -281 -53 -143 -42 -542 -32 -278 0
-105 -73 -374 -485 -587 -583 -32 -119 -413 -59 -242 247 -145 -358 -512 -162 -269 -447 -53 -542 -85 -305 -508 -371 -173 -249 -104 0
58 -280 -508 -145 -512 -468 -277 -441 -6 -75 0
-280 -554 -277 -145 -441 -508 -59 -512 -468 -6 -75 0
-75 -277 -508 -269 -371 -53 -542 -145 -6 -512 -468 -32 -85 -73 -15 -305 -59 -481 -358 -587 -447 -441 0
370 -50 -583 -143 -40 -15 0
-50 -57 -468 -595 -463 -354 -203 -481 -358 -238 -206 -82 -583 -388 -10 -40 -312 -143 -422 -371 -15 0
-277 -397 -269 -477 -371 -206 -53 -274 -468 -463 -481 -358 -583 -15 -374 -595 -469 -542 -32 -119 -441 -570 -6 -413 -85 -59 -508 -145 -512 -73 -305 -587 -447 0
-73 -242 -508 -157 -583 -358 -59 -145 -512 -447 -162 -249 0
-277 -390 -206 -423 -570 -274 -377 -287 -331 -51 -41 -582 -534 -44 -32 -280 -145 -441 -508 -59 -512 -468 -6 -75 -278 0
-242 -447 -508 -583 -59 -512 -358 -249 -162 -157 -145 0
-280 -468 -447 -508 -568 -15 -512 -277 -441 -4 -145 -59 -554 -75 -282 0
-105 -245 -282 -512 -508 -73 -568 -447 -31 -15 -249 -162 -104 0
-49 372 -358 -543 -481 -162 -249 -52 -319 -286 -245 -142 -583 -367 -573 -51 -532 -31 -87 0
360 -99 -145 -586 -59 -358 -277 -512 -162 -249 -481 0
421 -155 -512 -367 -36 -205 -319 -139 -590 -157 -583 -481 -358 -145 -586 -59 -277 -162 -249 -98 -395 -86 -312 -227 0
-6 -468 -512 -157 -583 -358 -145 -59 -277 -249 -508 -447 -162 -75 0
-468 -75 -512 -277 -249 -145 -157 -583 -358 -59 -508 -447 -162 0
279 -422 -13 105 -86 -447 -594 -381 -282 -145 0
423 -190 -350 -275 -128 -572 -288 -27 -142 -90 -371 -311 0
-75 -277 -447 -157 -145 -162 -583 -249 -512 -358 -59 -508 0
278 -105 -249 -162 -512 -447 -4 -508 -555 -145 0
-105 75 -441 -282 -447 -145 -4 -277 -249 -162 -512 -508 0
5 -155 -157 -481 -358 -512 -249 -367 -139 -590 -583 -145 -59 -277 -162 -395 -422 -246 -447 -308 -594 -282 -441 75 0
-277 -447 -162 -157 -59 -508 -512 -583 -358 -249 -145 0
-105 -280 -583 -75 -4 -249 -358 -157 -508 -553 -86 -145 -59 -226 -162 -421 -447 -568 -103 0
-280 -75 -583 -358 -59 -508 -447 -145 -512 -162 -249 -157 0
-105 -24 -586 -162 -282 -512 -508 -73 -568 -447 -104 -15 -249 -31 0
511 -495 -367 -183 -205 -413 -468 -20 0
160 -468 -367 -361 -155 -413 -270 -512 -183 -205 -304 -337 -139 -409 -130 -94 -238 -43 -157 -583 -358 -481 -274 -162 -249 -54 -553 0
161 -400 -93 -99 -409 -94 -465 -321 -249 -358 -54 -162 -586 0
33 -270 -367 -183 -413 -130 -43 -157 -2 -583 -145 -358 -274 -512 -379 -296 -481 -162 -249 -54 -553 -361 -155 -205 -304 -337 -139 -409 -99 -321 -586 -128 -261 -18 -590 -178 0
220 -266 -329 -304 -563 -123 0
381 -454 -291 -529 -221 -329 -304 -563 -123 -392 -575 -349 0
513 -596 -373 -55 -390 -304 -310 -563 -89 -2 -468 -145 -379 -291 -529 -221 -329 -123 -392 -575 -349 -205 -367 -236 -155 -413 -233 -20 0
248 -468 -413 -512 -373 -304 -563 -2 -310 -145 -379 -205 -367 -236 -155 -190 -157 -261 -43 -130 -128 -361 -270 -183 -337 -139 -583 -358 -481 -162 -249 -54 -553 -99 -18 -174 -246 -179 -31 -471 49 0
247 -205 -236 -413 -183 -43 -367 -583 -444 -358 -321 -54 -249 -162 -586 -512 0
372 -468 -367 -183 -413 -130 -43 -157 -2 -583 -145 -358 -512 -379 -296 -481 -162 -249 -54 -553 -361 -155 -205 -304 -139 -99 -321 -586 -128 -261 -18 -590 -373 -563 -310 -236 -190 248 -31 -174 -246 49 -470 0
-372 -438 -99 421 -339 -20 -18 -512 -36 -245 105 -370 0
-245 -236 -183 -413 -2 -145 -512 -379 -296 -130 -43 -157 -583 -358 -481 -162 -249 -54 -553 -155 -139 -99 -321 -586 -128 -261 -18 -590 -563 -310 -367 -190 -31 49 421 -36 105 -444 0
245 -130 -157 -54 -553 -274 -162 -139 -99 -409 -321 -249 -358 -586 -128 -261 -18 -590 -178 -370 -174 -31 0
236 -274 -162 -583 -43 -249 -15 -512 -2 -444 -4 0
421 -236 -413 -2 -145 -512 -296 -43 -157 -583 -358 -481 -162 -249 -54 -553 -155 -139 -321 -586 -128 -261 -590 -563 -310 -367 -190 -31 49 -36 105 -444 -395 -86 -227 0
368 -389 -413 -205 -181 0
-75 -447 -358 -162 -249 -512 -145 -157 -508 -583 -59 0
-413 -370 -422 -178 -31 -395 -367 -155 -234 -43 -583 -358 -587 75 -279 -6 -59 -425 -236 -21 0
244 -315 -286 -118 -468 -274 -187 161 -484 -82 -94 -23 -305 -206 -174 0
588 -463 -128 -447 -422 -268 -178 -59 -508 -512 -583 -358 -249 -145 -157 -87 -130 -370 -31 -246 -286 -118 -468 -274 -187 161 -82 -23 -305 -174 -367 -155 -234 -43 -481 0
-274 -447 -583 -358 -59 -508 -162 -145 -512 -249 -157 0
-447 -157 -583 -358 -59 -508 -162 -145 -512 -249 0
-481 -399 -245 -173 -554 -440 -508 -376 -569 -59 -358 248 -162 0
372 -362 -157 -432 -320 -413 -205 -181 -367 -376 -508 -59 -245 -173 -554 -440 -569 -358 248 -162 -512 -14 0
422 -205 -367 -59 -508 -358 -249 -583 -512 -245 -14 -157 -432 -320 -413 -173 -554 -440 -569 248 -162 -100 -288 -228 0
-24 -373 -173 -245 -315 0
-205 -468 -508 -31 -145 -440 -320 -512 -157 -554 -173 -245 -413 -367 -43 -583 -358 -14 248 -162 -249 -59 -51 -569 -288 -432 0
205 -569 -413 -367 -446 -423 -512 -14 -583 -43 -31 -52 -245 0
160 -413 -249 -583 -512 -59 -508 -31 -145 -157 -358 -367 -43 -162 -274 0
246 -2 -145 161 -484 -94 -553 -62 -73 -568 -423 -100 -371 -31 0
555 -205 -236 -43 -367 -583 -413 -358 -321 -586 -249 -162 -512 -508 -394 -157 161 -484 -73 -94 0
-205 -160 -296 -512 -233 -157 -274 -508 -2 -439 -73 -553 -236 -43 -367 -583 -413 -358 -249 -162 -282 -534 -87 -371 -446 -423 -568 -206 0
142 -2 -73 -84 -87 -12 0
422 -332 161 -484 -54 -94 -439 -2 -73 -274 -87 -286 -228 0
-321 -438 -394 -145 -157 -508 161 -484 -73 -94 -2 -553 -319 0
-413 -367 -145 -508 -274 -512 -43 -157 -583 -358 -249 -162 -31 -59 0
421 -357 -473 -200 -157 -31 -43 -508 -583 -440 -320 -512 -358 -554 -14 -482 -249 -74 -59 -51 -569 -288 -446 0
160 -205 -74 -59 -282 -508 -31 -367 -182 -228 -423 -200 -157 -43 -583 -512 -358 -249 -446 -274 -162 -105 0
-205 -367 -145 -31 -157 -43 -583 -358 -59 -512 -249 -162 -508 -274 0
320 -74 -541 -59 -512 -162 -358 -583 -105 -249 -274 0
-553 -200 -31 -423 -282 -43 -312 -508 -583 -74 -358 -59 -512 -249 -105 -162 -274 -319 0
-367 -31 -157 -43 -508 -583 -512 -358 -249 -59 -274 -162 -145 0
511 -233 -583 -43 -14 0
145 -75 -508 -553 -59 -73 0
60 -370 -21 -423 -145 -157 -4 -553 -2 -508 -59 -249 -321 -31 -583 248 -75 -162 -279 -438 -569 0
160 -274 -59 -358 -162 -157 -553 -249 -583 -75 -512 -43 -508 -73 0
-274 -75 -508 -73 -553 -43 -512 -583 -358 -249 -162 -59 -157 0
-75 -59 -157 -162 -249 -553 -508 -43 -512 -583 -358 -73 0
247 -31 -157 -553 -73 -512 -43 -508 -583 -358 -249 -162 -59 0
-31 -59 -583 -43 -358 -157 -508 -162 -512 -249 -553 -73 0
-59 -73 -553 -162 -583 -43 -358 -508 -512 -249 -157 0
-446 -227 -422 0
-73 -157 -583 -358 -553 -162 -249 -512 -508 -43 0
447 -423 -279 -1 -31 -188 -100 -51 -288 -6 -570 -281 -103 0
145 -279 -593 -31 0
-274 -103 -31 -100 -6 -570 -281 -1 -358 -162 -249 -512 -75 -157 -508 -583 -59 -593 -553 248 0
-279 -145 60 -423 -512 -157 -553 -508 -59 -249 -321 -31 -583 248 -75 -162 -569 -14 -35 -16 -129 -192 -298 -573 -381 -1 -74 -100 -278 0
-145 -423 -583 -43 -512 -157 -553 -508 -59 -249 -321 -31 248 -162 -129 -309 -103 -358 0
145 -586 -583 -358 -43 -281 -593 -31 0
160 -31 -43 -512 -157 -553 -508 -59 -249 -583 -162 -358 0
-31 -59 -583 -508 -512 -358 -249 -162 -157 -43 -553 0
-94 -589 -157 0
-59 -157 -583 -43 -358 -508 -512 -249 -162 -553 0
247 -5 -583 -43 -358 -512 -482 -162 0
278 -245 -100 -31 -282 -586 -275 -173 -446 -85 -553 0
104 -279 -128 -444 -52 -464 -275 -157 -484 -358 -249 -583 -512 -43 -1 -5 -412 -282 -586 -85 -553 0
276 -18 -464 -99 -128 -339 -438 -188 -90 -180 -287 -49 0
-245 -469 105 -13 0
422 -123 -529 -306 105 -13 -303 -339 -349 -571 -100 -275 -464 -99 -128 -438 -188 -31 -85 -282 -310 0
277 105 -85 -282 -421 -275 -464 -128 -188 -157 -94 -43 -583 -140 -562 -145 -512 -137 -61 -1 -5 0
-279 -145 -157 -140 -137 -282 -5 -586 -512 -358 -52 -1 -583 -85 -553 -444 -43 -275 -464 -128 -188 -562 -569 -103 -484 -249 -412 0
-145 -444 -157 -358 -140 248 -162 -1 -583 -85 -137 -553 -43 -5 -282 -512 -128 -562 -569 -249 -412 0
-157 -508 -583 -358 -162 -553 -512 -249 -43 0
278 -105 -282 -85 -553 -31 -162 -249 -358 -583 -512 -43 0
247 -105 -553 -31 -162 -512 -508 -282 -145 -249 -85 -43 -583 -1 -358 0
86 -286 -275 -532 -446 -31 0
44 -52 -301 -553 -173 -245 -275 -31 -1 -279 -188 -103 -569 -130 -85 -446 -282 -145 -586 -4 -358 -14 -512 -583 -43 0
32 -297 -508 -145 -58 -1 -4 -512 -583 -43 -14 -94 -589 -85 0
-105 -1 -85 -508 -145 -31 -512 -583 -43 -282 -358 -553 -279 -162 -249 0
4 -52 -242 -468 -297 -519 -74 -508 -380 -1 -553 -145 -279 0
-274 -223 -597 -297 -239 -468 -213 -331 -180 -84 -430 -100 -532 -31 -87 -519 248 -162 0
-23 -314 -398 0
-281 -245 105 -358 -583 -519 -100 -553 -31 -87 -597 -297 -239 -468 -180 -430 -162 -282 -508 -74 -1 -6 -242 -380 -145 -279 -588 -249 0
281 -588 -583 -43 -358 -512 -162 -447 -508 -570 -1 -249 -227 -145 0
584 -74 -519 -1 -162 -143 -249 -242 -508 -380 -553 -145 -279 -31 -87 105 -358 -583 -597 -180 -282 -43 -512 -227 0
244 -375 -174 0
-274 -284 -246 -174 -143 -84 -100 -532 -31 -87 -553 -519 248 -162 0
349 -572 -380 0
456 -391 -298 -301 -349 0
54 -398 -412 -236 -298 -301 -349 -21 -252 -553 -451 0
-245 -84 -519 -49 105 -586 -281 -358 -583 -288 -100 -52 -412 -236 -298 -301 -349 -21 -553 -305 0
368 83 -296 -395 -443 -519 -242 -236 -181 -205 -389 0
83 -454 -298 -301 -349 -148 -292 -572 -369 -296 -395 -443 -519 -242 -236 -181 -205 -389 -374 -284 -10 0
295 -92 -415 -240 -429 -123 -16 -305 -98 -34 -141 -211 -395 -307 -137 -468 -242 0
54 -25 -38 -355 -298 -349 -572 -412 -369 -181 -395 -242 -296 -415 -240 -429 -123 -16 -305 -98 -34 -141 -307 -137 -468 -519 -84 -301 -148 -292 -443 -236 -205 -389 -374 -284 -10 -452 0
33 -1 -583 -553 -31 -162 -249 -508 -282 -145 -358 -512 -279 -43 -85 0
2 -20 105 -245 -512 -75 -4 0
-1 -85 -249 -512 -282 -145 -279 -162 -31 -583 -553 -508 -358 -43 0
86 -105 -162 -249 -187 -553 -245 -73 -31 0
-49 -51 84 -468 -503 -586 -306 -245 -24 -173 -285 -370 -358 -100 0
-315 -24 -245 -173 0
-105 84 -245 -358 -282 -162 -512 -187 -583 -43 -249 -94 -562 -553 -589 -130 -73 -31 -85 0
247 -447 -508 -570 -282 -85 -31 -358 -589 -583 -94 -43 -4 -486 -512 -162 0
75 105 -245 -288 -12 248 -162 -553 -2 0
50 -447 -282 -59 -508 -570 -370 -288 0
-372 -413 -20 -4 -251 -512 -452 105 -245 0
84 -245 -508 -4 -512 -282 -562 -553 -85 -73 -162 -2 -187 -249 -31 -358 -583 -43 0
-105 -11 -282 -358 -162 -512 -187 -245 -583 -43 -249 -94 -553 -589 -73 -31 -85 0
-288 -242 -296 -236 -443 83 -73 -227 -85 -82 161 -484 -94 -422 -31 -430 -532 -274 -49 -282 -447 -508 -570 -370 -59 0
247 -49 83 -73 -227 -85 -82 -94 -422 -31 -430 -532 -282 -447 -508 -570 -370 -358 -4 -586 -512 -162 -589 -583 -43 0
-49 -281 -553 -85 -2 -73 -4 -512 -162 -245 -508 -358 -583 -187 -249 83 -82 -31 -282 -43 0
53 -422 -512 105 -245 -4 -227 -130 -562 -85 -73 -553 0
86 -142 -11 -2 -285 -73 0
-281 -245 -553 -73 -85 -2 -162 -508 -282 -31 -358 -583 -43 -4 -512 -249 -82 -562 -187 0
-422 105 -512 -4 -245 -94 -562 -553 -589 -130 -73 -31 -85 -446 0
-245 -187 -162 -553 -249 -583 -43 -358 -512 -73 -508 -4 -562 -31 -85 -2 -282 -82 0
-105 -447 -234 -284 -43 -374 -453 -583 -73 -162 -104 -512 -508 -282 -82 -586 -249 -31 -358 0
274 -307 -305 -82 -414 -519 -508 -38 -570 -242 -60 -395 -4 -512 -234 -390 -358 -43 -310 -227 -583 -453 -422 -15 -371 -50 0
-49 -296 -242 -414 -395 -390 -519 -310 -227 -508 -422 -377 247 -73 -85 -82 -94 -31 -430 -282 -570 -358 -4 -512 -162 -589 -583 -43 0
-422 -23 -374 86 -2 -73 -242 -390 -519 -310 -508 -85 -82 -94 -31 -430 -282 -358 -4 -512 -162 -589 -583 -43 -52 -249 -53 -305 -38 -234 -371 -173 -104 -534 0
103 -234 -43 -583 -369 -358 -249 -512 -508 -569 -440 -162 0
-85 -282 -249 -583 -43 -358 -512 -508 -31 -162 -279 -553 -145 0
104 -59 -422 -282 -358 248 -162 -24 0
241 -240 -225 -237 -413 511 -367 -205 -183 -130 -139 -296 -138 0
6 -435 -89 -379 -310 -466 -361 -473 -504 -199 -413 -162 -583 -274 -249 -43 -512 -2 -4 -508 -394 -205 -183 -130 -589 -155 -94 -436 -358 -233 105 -245 -482 -59 0
453 -454 -300 -351 -301 -251 0
509 -240 -330 -351 -220 -380 -529 49 -251 -12 -452 -300 -301 -236 -332 -442 -282 -447 -103 0
585 -494 -251 -529 -452 -300 -351 -301 -504 -236 -199 -413 -354 -183 -369 -482 -377 -59 -508 -330 -380 49 -12 -332 -442 -282 -447 -103 -122 0
513 -442 -508 -236 -59 -300 -301 -251 -482 -452 -358 -15 -583 -529 -504 -199 -413 -354 -183 -377 -330 49 -12 -332 -282 -447 -103 -122 -379 -155 -466 -233 0
509 -330 -240 -220 -529 49 -251 -12 -452 -300 -301 -236 -332 -442 -282 -447 -103 -379 -466 -296 -243 0
252 -367 -205 -310 -394 -354 -413 -243 -294 -19 -137 -130 -139 -337 -291 -220 -574 -529 0
241 -236 -300 453 -301 -251 -428 -19 -379 -337 -130 -466 -139 -296 -137 0
-380 -337 -428 -261 -165 -400 -310 -205 -413 -251 -529 -452 -300 585 -301 -504 -236 -199 -354 -183 -482 -377 -59 -508 -330 49 -12 -332 -442 -282 -447 -103 -122 -466 453 -379 0
84 -183 -205 -413 -310 -452 -300 -301 -482 -377 -59 -508 49 -332 -282 -103 -379 -394 -130 -436 -31 -589 -358 -155 -115 -94 -583 105 -245 -43 -512 -4 -89 -361 -473 -162 -249 -2 -563 -518 -484 0
414 -216 -464 -202 -518 -508 -394 -291 -377 -183 -409 -521 -57 -369 -94 -332 -267 -380 -589 -582 -351 -31 -324 -178 -393 -261 -270 -240 -21 -120 -236 0
412 -393 -454 -270 -236 -21 0
-380 -202 -464 -518 -508 -394 -291 -377 -183 -409 -521 -57 -369 -94 -332 -267 414 -589 -582 -31 -324 -178 -393 -261 -270 -240 -21 -120 -236 -379 0
451 -251 -310 -89 -464 -518 -508 -394 -377 -183 -94 -332 -589 -31 -236 -379 -413 -307 -18 -512 -155 -234 -43 -583 -142 -205 105 -245 -11 0
381 -499 -583 -94 -43 -234 -205 -155 -183 -599 -413 -236 -518 -300 453 -301 -251 0
367 -572 49 -377 0
412 -367 -508 -482 -358 -518 -583 -94 -43 -234 -155 -59 -236 -183 0
Solved
