331 -70 -52 -178 -91 -100 -110 0
93 -235 -226 -310 -214 -181 -284 -99 -100 -70 -178 -52 0
337 -178 -100 -110 -52 -91 -226 -310 -214 -181 -284 -99 -133 -196 -78 0
276 -178 -49 -52 -91 -190 -184 -157 -110 0
285 -336 -41 -214 -184 -181 -49 0
54 -276 -184 -157 -49 -190 -110 -100 -99 -284 -214 -181 -178 -91 0
340 -310 -181 -49 -289 -226 -43 -284 -99 -100 -184 -52 -110 -91 -157 -190 0
291 -336 -316 -41 0
-178 -276 -196 -20 -199 -133 -43 -63 -340 -184 -157 -49 -190 -110 -100 -99 -284 54 -181 -78 -91 -179 0
178 -104 -292 -78 -196 -133 -30 0
92 -340 -133 -43 -196 -184 -157 -49 -190 -110 -100 -99 -284 -181 -78 -91 -52 -292 -316 -289 0
-178 -340 -110 -181 -180 -49 -52 -91 -190 -184 -157 0
275 -123 -184 -319 -49 -286 -110 -190 -331 -157 0
-340 -196 -190 -142 -157 -110 -184 -49 -286 -43 -133 -181 -52 -91 -319 -100 -99 -284 -78 -292 -316 -289 0
-336 -120 -214 285 -184 -181 -49 -335 0
340 -67 -316 -289 -184 -181 -49 -277 -286 -284 -99 -100 -110 -91 -52 -157 -190 0
-178 -338 -110 -100 -52 -91 -289 -316 -184 -157 -49 -190 -99 -284 -181 -43 -340 0
53 275 -319 -49 -286 -110 -190 -184 -157 -91 -28 0
275 -338 -292 -247 -133 -28 -52 -319 -49 -286 -110 -190 -184 -157 -91 -142 0
355 -286 -184 -190 -157 -110 -292 -133 -52 -142 -100 -289 -316 -99 -284 -181 -43 -78 -277 0
-178 -275 -52 -184 -157 -49 -190 -110 -100 -99 -284 -181 -355 -91 0
-275 -91 -52 -355 -78 -190 -142 -157 -110 -184 -49 -286 -43 -133 -181 -100 -99 -284 -292 -316 -289 -81 0
92 -355 -52 0
93 -355 -52 0
53 -49 -157 -178 -289 -286 -40 -110 -184 -121 -190 -355 0
-49 -286 -157 -110 -100 -289 -99 -190 -316 -284 -184 -355 -52 0
274 -320 -43 -272 -215 -81 -337 -209 -236 -110 0
276 -30 -178 -110 0
54 -316 -289 -292 -272 -78 -326 -190 -142 -157 -178 -110 -43 -215 -81 -209 -236 -355 -71 0
274 -321 -43 -272 -215 -81 -209 -236 -110 -121 0
275 -331 -29 -178 0
109 -286 -184 -321 -1 -149 -81 -209 -190 -236 -178 -157 -274 -29 0
358 -43 -142 -157 -110 -184 -1 -81 -190 -52 -289 -292 -78 -326 -181 -100 -284 -99 -133 -277 0
-49 -316 -166 -358 285 -184 -181 -214 -52 -157 -190 -110 -100 -99 -284 -178 -276 -275 -123 0
111 -275 -289 -292 -78 -326 -190 -142 -157 -178 -110 -43 -81 -166 -358 -184 -181 -100 -99 -284 -52 0
-275 -178 -184 -81 -190 -142 -52 -166 -157 -110 -289 -292 -78 -326 -43 -358 -181 -100 -99 -284 0
53 -200 -166 -284 -99 -181 -43 -100 -110 -81 275 -178 0
109 -153 -171 -358 -166 -336 -289 -118 -357 -93 -72 -339 -184 -236 -82 -332 -114 0
-178 -43 -100 -110 -358 -166 -289 -184 -52 -284 -99 -181 -81 -190 -142 -157 -292 -78 -326 0
54 -330 -315 -337 -184 -319 -121 -52 -91 0
276 -91 -52 -184 -81 -190 -142 -157 -110 0
231 -340 -133 -43 -28 0
53 -200 -78 -184 -292 -337 -247 -121 -133 -52 -91 -28 0
361 -78 -184 -292 -133 -110 -81 -100 -166 -289 -284 -99 -326 -1 -277 0
332 -252 -150 -191 -1 -158 -337 -208 -276 -235 0
111 -178 -166 -1 -16 -276 -150 -191 -158 -182 -284 -99 -72 -100 0
199 -273 -86 -250 -326 -150 0
-178 -150 -326 -100 -99 -1 -284 -182 -133 -110 -166 -16 -191 -158 -72 -30 0
276 54 -330 -184 -52 -91 -191 -158 -110 0
333 -337 -150 -200 -59 -63 -326 -284 -215 -319 -182 -122 -236 -110 0
-337 -150 -119 -90 -215 -182 -236 -110 -332 -200 -59 -63 -326 -284 -319 -122 0
-52 -53 -326 -284 -166 -184 -292 -133 -100 -99 -1 -16 -361 -110 0
250 -60 -166 -169 -210 -320 -1 -89 0
150 -103 -194 -289 -200 0
237 -337 -148 -289 -166 -169 -1 -284 -99 -100 -78 -70 -110 0
363 -158 -191 0
333 -200 -337 -150 -326 -70 -100 -99 -284 -208 -181 -361 -191 -251 -274 -110 0
182 -200 -43 -191 -361 -216 0
-150 -208 -100 -99 -361 -284 -326 -181 -110 -274 -331 -337 -70 -148 0
-191 -158 -142 -361 -192 0
275 -86 -331 -174 -133 -292 -61 -361 -142 -192 0
-158 -86 -337 -100 -193 -174 -133 -70 -61 -43 -361 -55 -159 -142 -192 0
158 -142 -361 0
199 -331 -337 -100 -133 -70 -361 -192 -274 -292 -252 -208 -181 -326 0
-337 -236 -166 -284 -133 -100 -70 -334 -361 -292 -326 -289 -99 -110 -148 -169 -1 -78 0
181 -199 -326 -193 -88 -100 -1 -284 -210 0
-158 -199 -148 363 0
-236 -91 -292 -184 -284 -28 -99 -100 -110 -148 -361 -326 -1 -166 -133 -70 -334 -289 -169 -78 0
339 -199 -275 -191 -110 -148 -100 -158 -70 0
274 -332 -110 0
236 -110 0
52 -284 -184 -292 -99 -100 -110 -361 -326 -1 -166 -133 -289 -78 0
332 -63 -183 -45 -236 -274 0
276 -332 -110 0
-331 275 -184 -292 53 -200 -133 -52 -110 -78 -332 0
-199 -158 -110 -184 -292 53 -133 -52 -78 -326 363 -100 0
-158 -52 -166 -1 -289 -110 -184 -292 53 -133 -78 -326 363 -100 0
-332 -275 -110 0
274 -41 -184 -317 -356 -62 -319 -284 -183 -194 -326 -199 -100 -1 -99 -338 -110 0
365 -100 -184 -1 -289 -166 -292 -133 -16 -277 -253 0
149 -153 -166 -259 -92 -16 -133 -63 -336 -329 -172 -292 -103 -289 -250 0
-191 -144 -158 -190 0
283 -297 -336 -329 -292 -172 -100 -271 -166 -98 -60 0
284 -63 -43 -172 -208 -271 -71 -181 -100 0
201 -172 -292 -329 -100 -166 -98 -285 -43 -208 -181 -301 -158 -16 -133 -289 -250 -121 -319 -337 0
283 -271 -100 -98 -59 0
200 275 -331 -133 -43 -208 -181 -285 -100 -98 -121 -319 -337 0
215 -208 -181 0
182 -71 -329 -100 -166 -98 -285 -43 -208 -181 -301 -158 -16 -133 -289 -250 -121 -319 -337 -200 -292 -28 -63 0
172 -272 -86 0
101 -63 -200 -292 -329 -100 -166 -98 -285 -43 -208 -181 -301 -158 -16 -133 -289 -250 -121 -319 -337 -327 -28 0
201 -21 -72 -86 -337 -292 -329 -100 -166 -98 -285 -43 -208 -181 -301 -158 -16 -133 -289 -250 -121 -319 0
-172 -193 -337 -43 -63 -208 284 -181 -100 -273 -173 0
-63 -337 -43 -208 -181 -100 -327 -200 -292 -329 -166 -98 -285 -301 -158 -16 -133 -289 -250 -121 -319 -28 0
85 -273 -142 -362 -181 -285 -193 -100 -98 -16 -158 -213 0
174 -148 -289 -20 -250 -87 -142 -362 -181 -285 -193 -100 -98 -16 -158 0
-332 -250 -289 -285 -100 -98 -16 -327 -133 -292 -166 -301 -121 -331 -80 -110 0
200 -193 -337 0
173 -273 -327 -337 0
-86 -85 -142 -361 -181 -285 -100 -98 -327 -337 -250 -190 0
86 -142 -158 -361 -43 -215 -250 0
-271 -285 -54 -181 -337 -213 -44 -193 -174 -100 -98 -273 0
45 -19 -192 -158 -54 -334 -317 -291 -142 0
-285 -116 -151 -334 -120 -146 -98 -110 -63 -181 -158 -142 -192 -44 -54 -317 -291 -5 -213 -273 -337 -174 -193 -100 0
251 -63 -334 -158 -142 -44 -317 -213 -273 -337 -174 -86 -181 -100 -151 -98 -193 -148 0
361 -317 -334 -158 -142 -148 -42 -355 -44 0
87 -98 -100 -148 -158 -142 -334 -193 -337 -181 -273 -151 -86 -61 0
54 -291 -118 -334 -148 0
-98 -273 -334 -148 -181 -337 -193 -100 -158 -86 -142 -151 -61 0
45 -172 -72 -273 -86 -337 199 -150 -216 0
87 -216 -251 -61 0
362 -361 -193 -58 -273 -86 -61 -148 -142 -337 -158 -181 0
-272 -45 -364 -111 -273 -337 -183 -274 -236 -61 -86 0
363 -145 -86 -334 -61 -72 -337 -193 -58 -364 -111 -273 -148 -181 -158 -142 0
-361 -363 -193 -58 -273 -86 -61 -148 -142 -337 -158 -181 0
62 -54 -158 -192 -334 -19 -291 -142 -43 0
-273 -193 -86 -61 -158 -334 -142 -148 -337 -181 -100 -151 0
149 -361 -284 -257 -181 -158 -9 -250 -142 0
-361 -6 -158 -334 -290 -250 -142 -52 -148 -284 -257 -181 -9 0
199 -86 -181 -337 -100 -158 0
60 -218 -36 -320 -89 0
272 -284 -100 -60 0
363 -36 -86 -271 -100 -63 -320 -89 -336 -181 -158 -199 0
62 272 -100 -145 -320 -250 -52 -117 -336 -289 -19 -43 0
272 -36 -100 -320 -89 -181 -250 -86 -63 -52 -117 -336 -289 -43 -71 -9 0
291 -110 -320 -250 -52 -117 -336 -317 0
143 -89 -153 -320 -336 -71 -63 -100 -86 -271 -181 -150 -158 -144 -199 -256 0
152 -68 -64 -167 -297 -169 -39 0
Solved
