556 -184 -532 -475 -151 -331 -307 -412 -295 -142 -455 -305 -195 -116 0
18 -509 -91 -255 -455 -116 -346 -125 -184 -500 -151 -331 -421 -307 -109 -412 -556 -28 -305 -177 -195 -142 0
185 -36 -109 -526 -556 -260 -447 -412 -247 -307 -500 -331 -125 -151 -54 0
304 -546 -195 0
456 -318 -439 -91 -255 -51 -250 -460 -421 -195 -109 -556 -305 -412 -271 -307 -170 -72 -331 -151 -184 -526 -260 -447 -247 -500 -125 -509 -116 0
149 -184 -346 -125 -91 -255 -250 -247 -307 -151 -412 -305 -421 -195 -109 -556 -116 -455 -439 -51 -460 -271 -170 -72 -331 -526 -260 -28 -142 -532 -475 0
-546 -545 -195 -305 -556 0
546 -184 -51 -125 -455 -421 -151 -116 -109 -331 -556 -295 -307 -195 -412 -305 0
454 -106 -346 -316 -447 -91 -532 -475 -452 -255 -149 -104 -250 -116 -54 0
420 -255 -91 -460 0
-546 -545 -532 -475 -151 -331 -307 -295 -142 -455 -305 -195 -116 -420 -54 0
53 -9 -94 -243 -39 -407 -260 -325 -508 -420 -250 0
194 -54 -170 -271 -255 -460 -420 -439 -94 -260 -250 -51 -421 -116 -109 -305 -532 -475 -151 -331 -307 -295 -142 -455 -195 0
-54 -467 -460 -217 -255 -250 -260 -420 -305 -195 -170 -271 -439 -94 -51 -421 -116 -109 -532 -475 -151 -331 -307 -295 -142 -455 0
253 -408 -34 -42 -526 -330 -125 -172 -452 -207 -104 0
557 -125 -562 -526 -104 -467 -460 -217 -255 -34 -330 -170 -307 -331 -326 -151 -260 -305 -421 -420 -195 -109 0
572 -109 -530 -526 -331 -532 -475 -151 -307 -295 -142 -22 -460 -562 -217 -421 -395 -400 -250 -271 -439 -94 -91 -199 -235 0
115 -500 -247 -532 -420 -316 -54 -509 -456 0
104 -54 -526 -540 -420 -460 -456 -117 -247 -532 -316 -562 -300 -126 -326 -453 -250 0
52 -329 -41 -420 -261 0
-54 -540 -460 -217 -468 -261 -420 -41 -453 -105 -526 -456 -117 -247 -532 -316 -562 -300 -126 -326 -250 0
419 -62 -540 -460 0
255 -420 -460 -217 -261 -468 -105 -250 -453 -526 -456 -117 -247 -532 -316 -562 -300 -126 -326 -106 -346 -91 0
193 -456 -526 -261 -117 -247 -532 -562 -460 -126 -250 -254 -217 -468 -346 -91 -307 -331 -151 -421 -109 -306 0
418 -242 -38 -94 -250 -456 -421 -306 -117 -109 -558 -261 0
53 -135 -395 -321 -285 -567 -151 -331 -307 -242 -38 -17 -546 -306 -105 -558 -117 -456 0
420 -54 -439 -421 -306 -109 -558 -117 -456 -50 -395 -321 -567 -151 -331 -307 -242 -38 -17 -546 -171 -271 -460 -91 0
-54 -117 -456 -558 -418 -439 -421 -306 -109 -50 -395 -321 -567 -151 -331 -307 -242 -38 -17 -546 -171 -271 -460 -91 0
574 -395 -250 -421 -460 -151 -331 -307 -271 -91 -22 -295 -142 -526 -247 -532 -562 -217 -346 -199 -571 -530 -475 0
110 -574 -421 0
452 -402 -421 -526 -574 -501 -131 -307 -126 0
419 -456 -421 -151 -574 -331 -307 -295 -142 -346 -91 -571 -117 -460 -526 -247 -54 0
-546 -195 -306 0
333 -132 -526 -34 -126 -484 -151 0
332 -566 -277 -451 -185 -307 -151 0
304 -451 -379 -475 -329 -259 -34 -28 -414 -375 -406 -307 -151 -526 -126 -331 -277 -185 -22 -142 -195 0
103 -538 -217 -460 -259 -199 -237 -195 -306 -379 -475 -329 -34 -28 -375 -406 -307 -151 -526 -126 -331 -277 -185 -22 -142 0
236 -329 -452 -375 -126 -151 -526 -34 -331 -406 -421 -307 -259 -574 -199 0
-456 -117 -562 -460 -475 -28 -307 -151 -331 -22 -142 -421 -574 -199 -217 -571 -526 -530 -250 -54 -420 -295 -346 -91 -247 0
104 -299 -508 -54 -420 -295 -142 -413 -460 -193 -306 -91 -556 -253 0
378 -175 -28 -381 -340 -406 -425 -130 0
453 -193 -91 -460 -420 -54 -384 -130 -28 -381 -508 -295 -142 -346 -306 -556 -82 -36 -421 -236 -484 -151 -574 -331 -307 0
53 -414 -544 -295 -193 -142 -22 -451 332 -307 -151 -530 -325 -250 0
-306 -499 -460 -247 -420 -54 -295 -142 -22 -451 -307 -151 -530 -250 -421 -574 -331 -91 -384 -130 -28 -381 -508 -346 -556 -36 -236 -305 0
124 -36 -526 -331 -421 -307 -574 -199 -236 -420 -556 -305 -460 -247 -54 -295 -142 -22 -151 -530 -250 -91 -384 -28 -381 -508 -346 0
105 -556 -54 -420 -250 0
-117 -420 -54 -295 -142 -460 -91 -250 -574 -307 -331 -151 -526 -421 -199 -247 -22 -530 -28 -346 -571 -562 -475 -217 0
333 -242 -220 -223 -19 -526 -421 -34 -484 -151 -38 -574 -451 -298 -307 0
304 53 -295 -142 -22 -451 -307 -151 -530 -250 -374 -331 -220 -223 -19 -526 -421 -34 -574 -298 -194 0
-420 -54 -574 -199 -295 -142 -22 -151 -530 -250 -331 -526 -421 -307 -571 -460 -91 -247 -28 -346 -562 -475 -217 0
309 -132 -183 -98 -108 -454 -82 -441 -421 -328 -484 -151 -574 -451 -331 0
557 -306 -530 -451 -331 -307 -183 -98 -108 -454 -421 -328 -151 -574 -22 -142 -224 -285 -193 -105 0
111 -574 -421 0
420 -306 -22 -486 -142 -566 -193 -556 -460 0
-306 -193 -374 -413 -295 -299 -142 -22 -566 -250 -185 -574 -199 -151 -530 -331 -526 -421 -307 -571 -460 -91 -247 -28 -346 -562 -475 -217 -486 0
-193 -374 -413 -295 -299 -142 -22 -566 -250 -185 -574 -199 -151 -530 -331 -526 -421 -307 -571 -460 -91 -247 -28 -346 -562 -475 -217 -486 0
308 -451 -250 -574 -199 -295 -142 -22 -151 -530 -331 -526 -421 -307 -571 -460 -91 -247 -28 -346 -562 -475 -217 -463 0
298 -36 -130 -384 -401 -223 -456 -519 -117 -243 -510 -39 0
194 -456 -265 -459 -463 -414 -9 -510 -300 -130 -384 -401 -104 -485 -556 -306 -295 -142 0
54 -306 -395 -9 -475 -463 -571 -112 -300 -414 -485 -375 -426 -556 -295 -236 -142 -193 -265 -459 -130 -401 -104 0
-306 -193 -451 -331 -307 -98 -421 -151 -574 -22 -142 -530 -295 -250 -346 -91 -460 -199 -526 -571 -247 -28 -562 -475 -217 -395 -463 0
-193 -451 -331 -307 -98 -421 -151 -574 -22 -142 -530 -295 -250 -346 -91 -460 -199 -526 -571 -247 -28 -562 -475 -217 -395 -463 0
-451 -574 -199 -295 -142 -22 -151 -530 -250 -331 -526 -421 -307 -571 -460 -91 -247 -28 -346 -562 -475 -217 -98 -395 -463 0
558 -574 -250 -199 -295 -142 -22 -151 -530 -331 -526 -421 -307 -571 -460 -91 -247 -28 -346 -562 -475 -217 -103 0
-486 -193 -526 -456 -220 -277 -571 -562 -574 -384 -295 -374 -142 -22 -250 -413 -199 -151 -530 -331 -421 -307 -460 -91 -247 -28 -346 -475 -217 -124 -484 0
304 -510 -116 -571 -124 -307 -151 -331 -526 -456 -220 -277 -562 -574 -384 -295 -374 -142 -22 -250 -199 -530 -421 -460 -91 -247 -28 -346 -475 -217 -194 0
578 -571 -331 -151 -307 -526 -562 -295 -142 -22 -250 -199 -421 -460 -91 -247 -28 -346 -475 -217 -463 -271 -532 0
-54 -353 -526 -193 -295 -544 -142 -22 -307 -151 -530 -250 -82 -38 -374 -421 -242 -574 -413 -331 -199 -571 -460 -91 -247 -28 -346 -562 -475 -217 -463 -104 0
557 304 -571 -306 -475 -463 -193 -295 -142 -151 -574 -331 -307 -250 -199 -22 -530 -526 -421 -460 -91 -247 -346 -562 -217 -28 -277 0
558 -530 -306 -295 -142 -421 -151 -574 -331 -307 -250 -199 -22 -463 -526 -571 -460 -91 -247 -28 -346 -562 -475 -217 -193 0
-530 -306 -571 -475 -463 -193 -295 -142 -151 -574 -331 -307 -250 -199 -22 -526 -421 -460 -91 -247 -346 -562 -217 -28 -531 0
557 -560 -413 -286 -327 -176 -374 -83 -295 -142 -306 -193 0
405 -327 -413 -374 -306 -556 -83 -295 -142 -193 -28 0
-306 -574 -142 -460 -193 -91 -571 -28 -421 -295 -307 -151 -331 -250 -475 -463 -199 -22 -526 -247 -346 -562 -217 -531 0
-574 -193 -142 -460 -91 -571 -28 -421 -295 -307 -151 -331 -250 -475 -463 -199 -22 -526 -247 -346 -562 -217 -531 0
558 -439 -271 -460 -94 -250 -421 -109 -532 -475 -151 -331 -307 -295 -142 -571 -199 -235 -193 0
557 -306 -439 -460 -91 -94 -109 -250 -421 -271 -558 -571 -199 -295 -235 -142 -193 0
-306 574 -250 -475 -532 -421 -151 -331 -307 -271 -91 -22 -295 -142 -526 -247 -562 -217 -346 -199 -571 -460 -193 0
-193 -460 -421 -250 -151 -331 -307 -271 -91 -22 -295 -142 -526 -247 -532 -562 -217 -346 -199 -571 -475 -531 -28 -463 0
-306 -571 -526 -331 -421 -307 -199 -295 -142 -346 -91 -151 -460 -247 -250 -22 -28 -562 -475 -217 -463 193 -532 0
-574 -220 -562 -526 -199 -295 -142 -22 -151 -250 -331 -421 -307 -571 -460 -91 -247 -28 -346 -475 -217 -463 -125 -486 -408 -110 -576 0
580 -562 -526 -217 -307 -331 -151 -421 -250 -532 -475 -295 -142 -199 -22 -91 -247 -28 -346 -463 -577 0
-574 -571 -475 -463 -193 -295 -142 -151 -331 -307 -250 -199 -22 -526 -421 -460 -91 -247 -346 -562 -217 -28 -577 0
-558 -556 -580 -94 -306 -250 -109 -421 -571 -199 -295 -235 -142 -193 -460 0
558 -306 -94 -250 -580 -571 -199 -460 -295 -235 -142 -421 -193 -109 0
-306 -571 -460 -580 -91 -193 -250 -421 -199 -295 -142 -475 -532 -151 -331 -307 -22 -526 -247 -562 -217 -346 574 0
-571 -460 -91 -193 -250 -421 -199 -295 -142 -475 -532 -151 -331 -307 -22 -526 -247 -562 -217 -346 -463 -28 -577 0
419 -254 -91 -460 0
305 -115 -454 -247 -91 -460 -28 -151 -331 -307 -295 -235 -142 -193 0
-460 -193 -421 -532 -475 -151 -331 -307 -295 -142 -28 -247 -91 -199 -250 -22 -526 -562 -217 -346 -463 -577 0
333 -341 -503 -526 -484 -126 -151 -416 -320 -107 -82 -284 -421 -328 -566 -574 -451 -184 -307 0
52 -126 -421 -526 -501 -574 -307 -182 -451 -484 -438 -331 -503 -151 -416 -320 -107 -82 -284 -566 -469 -456 0
332 -510 194 -463 -414 -456 -384 -104 -556 -306 -295 -142 -421 -126 -574 -458 -307 -151 0
573 -104 -307 -151 -331 194 -463 -414 -556 -306 -295 -142 -421 -574 -458 -250 -53 -526 -501 -182 -484 -438 -503 -416 -107 -82 -284 -566 -469 0
254 -574 -28 -484 -503 -272 -580 -571 -307 -151 -331 194 -463 -414 -556 -306 -295 -142 -421 -209 -458 -250 -53 -526 -501 -438 -107 -82 -284 -566 -469 0
-574 -255 -331 -307 -571 -151 -28 -484 -503 -272 -580 194 -463 -414 -556 -306 -295 -142 -421 -209 -458 -250 -53 -526 -501 -438 -107 -82 -284 -566 -469 0
-195 -305 -421 -331 -295 -307 -556 -151 -580 -571 -199 -28 -463 -306 -142 -250 -526 -469 -346 -91 -217 -61 -538 -247 -418 -22 -193 0
152 -298 -574 -242 -307 -38 -459 -331 -421 0
454 -574 -151 -374 -242 -307 -38 -459 -331 -421 -250 -116 -54 0
153 -574 -123 -261 -353 -54 -193 -295 -544 -142 -22 -307 -151 -250 -108 -104 -82 -254 -38 -421 -237 -242 -28 -413 -374 -331 0
-574 -500 -28 -374 -82 -567 -421 -285 -484 -307 -38 -331 -242 -459 -151 -123 -261 -353 -54 -193 -295 -544 -142 -22 -250 -108 -104 -254 -237 -413 0
454 -463 -223 -265 -526 -484 333 -126 -151 -574 -374 -307 -38 -242 -331 -421 -250 -116 -54 0
277 -28 -193 -306 -374 -556 -83 -295 -142 -413 -250 -531 -404 0
-451 -460 -54 -295 -142 -22 -307 -151 -250 -421 -574 -331 -306 -28 -305 -571 -116 -590 -419 -193 -463 -526 333 -374 -38 -242 -125 -104 0
-460 -22 -54 -571 -250 -125 -104 -295 -142 -28 -307 -151 -421 -574 -331 -306 -305 -116 -590 -419 -193 -463 -526 333 -374 -38 -242 0
-22 -463 -125 -104 -419 -54 -250 -295 -142 -28 -307 -151 -421 -574 -331 -306 -305 -116 -590 -193 -571 -526 333 -374 -38 -242 -23 0
453 -565 -175 -54 -185 -28 -463 -526 -484 333 -151 -574 -374 -307 -38 -242 -331 -421 -250 -116 -277 -125 -104 0
451 -242 -8 -413 -38 -35 -299 -237 -325 -54 -571 -250 -556 -125 -104 0
-463 453 -185 -28 -54 -526 333 -151 -574 -374 -307 -38 -242 -331 -421 -250 -116 -125 -104 -419 -295 -142 -306 -305 -590 -193 -571 -23 0
454 -509 -116 -223 -19 -220 -526 -421 -451 -484 -151 333 -574 -38 -242 -307 0
-460 -381 -130 -193 -54 -28 -295 -142 -306 -82 -421 -484 -151 -574 -331 -307 -571 -116 -223 -526 -451 333 -38 -242 -590 -250 -419 -566 -22 0
-22 -419 -130 -193 -54 -28 -295 -142 -306 -82 -421 -484 -151 -574 -331 -307 -571 -116 -223 -526 -451 333 -38 -242 -590 -250 -566 -598 -23 0
456 -130 -28 -402 -175 -406 -425 -381 -383 -35 0
195 -571 333 -151 -574 -374 -307 -331 -421 -250 -54 -28 -193 -306 -295 -142 -185 -526 -125 -299 0
224 -460 -577 -591 419 -44 -507 -49 -74 -458 -8 -463 -112 -119 -492 -57 -406 -441 -130 0
Solved
