35 -245 -106 -255 -219 0
36 -197 -379 -284 -278 -147 -348 -367 -165 -1 -436 -414 -80 -306 -234 -135 -419 -43 0
35 -255 -106 -219 0
83 -20 -124 -274 -39 -185 -64 -309 -205 0
223 -364 -62 -411 -324 -284 -124 -274 -64 -205 -52 -394 -355 -427 -373 -109 -255 0
230 -165 -348 -472 -406 0
254 -223 -213 -21 0
277 -80 -197 -299 -165 -415 -348 -213 0
225 -244 -106 0
266 -379 -219 -106 -278 -415 -348 -213 -472 -229 -406 -62 -411 -284 -124 -274 -205 -52 -394 -355 -373 -109 -337 -34 -340 0
218 -418 -398 -213 -250 -278 -415 -379 -34 0
224 -244 -106 0
36 223 -62 -411 -394 -284 -124 -274 -205 -52 -355 -373 -109 -340 -337 0
416 -213 -41 0
365 -236 -330 -165 -71 -197 -300 -267 -420 0
398 -148 -190 -442 -313 0
-148 -397 -442 -313 -190 0
445 -64 -33 -472 -205 -406 -229 -348 -278 -380 -442 -313 -190 -41 0
108 -245 -447 -33 -472 -205 -406 -229 -348 -278 -442 -313 -190 -41 -405 -337 -34 -219 -213 -223 0
225 -213 -447 -33 -472 -205 -406 -229 -348 -278 -442 -313 -190 -41 -405 -337 -219 -34 -106 0
223 -427 -394 -442 -472 -64 -148 -229 -348 -406 -373 -190 -340 -109 -255 0
379 -64 -447 -33 -472 -205 -406 -229 -348 -278 -442 -313 -190 -41 -405 -337 -34 -219 -213 -394 -106 -373 -340 -109 0
-223 -447 -33 -472 -205 -406 -229 -348 -278 -442 -313 -190 -41 -405 -337 -34 -219 -213 -106 0
-255 -64 -394 -442 223 -472 -229 -348 -406 -373 -190 -340 -109 -405 -337 -34 -106 -219 0
255 -300 -250 -267 -340 -34 0
354 -34 -337 -394 -442 -472 -229 -406 -373 -190 -340 -109 -106 -250 -205 -278 -313 -41 -334 -73 -415 0
416 -41 0
353 -284 -493 -147 0
337 -229 -472 -406 -348 -340 -405 0
40 -447 -213 0
-165 -420 -300 -267 -330 -394 -175 -17 -193 -255 -505 -472 -213 -223 -229 -348 -406 0
-34 -255 -250 -394 -300 -17 -406 -267 -64 -472 -340 -229 -213 -223 -348 -447 -33 -278 -442 -190 -41 -405 -219 -106 -497 0
254 -223 -472 -406 -229 -340 -213 -348 0
-255 -223 -250 -394 -300 -17 -406 -267 -472 -340 -229 -213 -405 -348 -447 -33 -278 -442 -190 -41 -219 -106 -497 0
255 -348 -278 -411 -62 -250 -300 -405 -267 -219 -340 -187 -17 0
-229 -472 -394 -406 -348 -340 -109 -255 -250 -300 -17 -267 -213 -405 -447 -33 -278 -442 -190 -41 -219 -106 -497 0
18 -286 -116 -394 -86 0
164 -64 -223 -255 -17 -394 -226 -497 -405 -138 -213 -202 -33 -144 -330 0
-64 -223 -284 -505 -138 -497 -394 -35 -17 -405 -267 -255 -340 -163 -330 -226 -213 -202 -33 -144 0
64 -163 -340 -405 -348 0
229 -300 -250 -17 -394 -436 -469 -284 -152 -405 -138 -281 -144 -447 -330 -213 -190 -340 -109 -255 -497 -35 -267 -226 -33 -348 0
328 -390 -165 0
404 -64 -340 -330 0
163 -64 -348 -330 0
164 -427 -35 -17 -62 -255 -213 -223 -144 -330 -229 -394 -226 -497 -405 -138 -64 -33 0
329 -160 -237 -427 -390 -220 0
-64 -223 -330 -497 -35 -17 -267 -255 -340 -229 -62 -213 -144 -394 -226 -405 -138 -33 -348 0
64 -411 -62 -35 -497 -33 -144 -330 -405 -348 -138 -340 0
509 -106 -394 -226 -250 -436 -469 -190 -109 -340 -187 -493 -352 -334 -73 -415 0
-165 -476 -156 -83 -205 -64 -340 328 -163 0
-330 -329 -64 -255 -340 -156 -334 -73 -415 -427 -213 -42 -394 -348 0
346 -144 -42 -213 -427 -279 -222 0
212 -213 -415 -42 0
330 -213 -42 346 -279 -427 0
-213 -405 -250 -493 -436 -285 -64 -190 -340 -187 -109 -156 -334 -73 -415 -42 -394 -348 -279 -442 0
17 -286 -69 -394 -366 0
328 -372 -60 -18 -394 -64 -340 -156 -163 -220 -427 -358 -32 -143 0
-405 -348 -442 -340 -394 -64 -156 -334 -73 -250 -415 -352 -493 -436 -285 -190 -187 -109 -42 -279 0
-348 -64 -340 -415 -442 -394 -156 -334 -73 -250 -352 -493 -436 -285 -190 -187 -109 -42 -279 0
330 -115 -1 -498 -413 -206 -32 -389 -143 0
342 -143 -222 -329 -1 -498 -206 -32 -389 -250 -299 -404 -266 0
211 -389 -165 -340 -222 -1 -206 -250 -404 -266 -334 -73 -415 -42 0
-64 -42 -1 -250 -334 -73 -415 -340 -352 -442 -394 -156 -493 -436 -285 -190 -187 -109 -279 0
-41 -42 -415 0
347 -212 -352 -279 0
253 -370 -58 -21 0
211 -410 -63 -195 -222 -37 -205 -143 -329 -165 -340 -334 -403 -73 -415 -446 0
253 -384 -506 -67 -229 -364 -21 -18 0
511 -73 -334 -340 -415 -1 -250 -442 -394 -493 -436 -190 -187 -109 -508 -226 -469 0
37 -34 -254 -17 -394 -86 -337 -288 -152 0
348 -323 -155 -206 -427 -238 -358 -254 -17 -394 -337 -152 -226 -284 -266 -147 -138 -353 -221 -64 0
255 -287 -62 -364 -394 -67 -269 -116 -375 -59 -109 -20 0
117 -412 -300 -250 -266 -1 0
220 -254 -394 -109 -427 -62 -213 -353 -266 -300 -250 -1 -169 -124 -497 -206 -64 -348 0
341 -147 -226 -353 -300 -250 -447 -442 -358 -238 -427 -221 -394 -109 -62 -213 -1 -124 -497 -206 -389 -164 -330 -155 -17 -152 -284 -138 -405 0
-64 -281 -324 -436 -300 -226 -284 -267 -147 -138 -353 -221 -405 -66 -330 163 -340 0
253 -383 -507 -67 -229 -364 -20 -17 0
329 -330 -340 -436 -226 -250 -442 -394 -109 -1 -124 -493 -334 -73 -508 -415 0
286 -205 -64 -84 -39 0
65 -17 -330 -64 -497 -223 -255 -340 -267 -62 -213 -144 -394 -226 -405 -138 -33 -348 -163 -152 -388 -39 0
429 -213 328 -64 -330 -340 -394 -226 -348 -250 -187 -352 -493 -334 -436 -469 -190 -109 -73 -415 -508 0
405 -64 -388 -340 -163 0
-213 -348 -330 -329 -340 -64 -334 -73 -415 -508 -255 -394 -226 -250 -187 -352 -493 -436 -469 -190 -109 0
-348 -255 -250 -334 -73 -415 -340 -64 -442 -394 -493 -436 -190 -187 -109 -508 -330 -329 -1 -226 -469 -347 0
-165 -64 -436 -508 -415 -250 -334 -73 -340 -493 -442 -394 -190 -187 -109 -330 -329 -1 -226 -469 0
-255 -64 -394 -415 -330 -329 -340 -73 -334 -508 -250 -442 -493 -436 -190 -187 -109 -1 -226 -469 0
-42 -213 -250 -334 -73 -415 -340 -64 -442 -394 -493 -436 -190 -187 -109 -508 -1 0
-213 -348 328 -64 -330 -340 -394 -226 -250 -187 -493 -334 -436 -469 -190 -109 -73 -415 -508 -442 -1 0
-64 -330 -394 -340 -73 -508 -415 -334 -226 -250 -187 -493 -436 -469 -190 -109 -442 -1 -329 0
-348 -220 -334 -508 -73 -226 -415 -340 -163 64 0
137 -176 -365 -326 -68 -300 -226 -267 -147 -354 -493 0
-330 -73 -226 -493 -334 -415 -340 -508 -394 -250 -187 -436 -469 -190 -109 -442 -1 -124 0
37 -255 -18 -34 -394 -337 -287 -153 0
429 -324 -156 -207 -83 0
347 -18 -340 -394 -153 -358 -238 -427 -156 -207 -409 -436 -383 -285 -404 -137 -222 -64 0
-64 -222 -109 -427 -329 -1 -250 -340 -124 -165 -390 -394 -358 -238 -436 -226 -31 -334 -73 -415 -442 -493 -42 -190 -187 -508 0
347 -384 -229 -195 -37 -358 -205 -238 -31 -427 -340 -334 -403 -73 -415 -212 -222 -279 0
211 -354 -63 -195 -222 -37 -205 -143 -329 -165 -340 -334 -403 -73 -415 -446 0
514 -340 -334 -415 -109 -1 -250 -124 -394 -436 -226 -442 -493 -190 -508 0
342 -403 -415 -514 -73 0
-403 -329 -64 -340 -163 -415 -514 -73 0
221 -16 -394 -334 -64 -73 -415 -164 -427 -348 0
230 -180 -461 -49 -132 -99 0
61 -49 -269 -90 0
Solved
