310 -374 -8 0
-374 -8 -311 0
45 -25 -311 -22 -277 -166 -202 -132 -71 -190 -397 -85 -146 -385 -292 -98 0
167 -35 -213 -158 -124 -22 0
343 -232 -254 -238 -369 -105 0
23 -343 -124 -190 -166 0
-343 -166 -190 -124 -22 0
211 -347 -35 0
387 -20 -238 -364 343 -277 -274 -98 -211 -418 -292 -43 0
168 343 -277 -292 -311 -43 -385 -238 -364 -274 -98 -418 -190 -124 -22 0
212 -348 -36 0
34 -321 -175 -179 -40 -159 -292 -274 -348 -212 0
167 -190 -43 -292 -175 -179 -40 -274 -311 -98 -124 -22 0
213 -347 -190 -311 -385 -98 -43 -277 -22 -292 -274 0
-347 -212 -124 -190 -311 -385 -98 -43 -277 -22 -292 -274 0
-212 -190 -175 -179 -40 -292 -274 -22 -385 -98 -311 -43 -277 -124 0
212 -403 -1 -40 -98 -175 -418 -385 -179 -43 -277 -292 -274 0
346 -43 -311 -385 -98 -22 -292 -212 0
-347 -212 -124 -346 0
430 -98 -118 -196 -292 -274 -124 -1 -311 -385 -22 -175 -179 -40 -277 -418 0
346 -212 -175 -179 -85 -397 -274 -40 -311 -385 -98 -22 -292 0
-43 -121 -405 -7 -430 -385 -98 -345 -44 -175 -179 -40 -292 -274 -22 -311 -212 -277 -124 0
-212 -32 -385 -85 -98 -430 -175 -179 -40 -292 -274 -22 -311 -277 -124 -397 0
348 -98 -1 -40 -175 -418 -385 -179 212 -277 -292 -274 -22 -364 -32 -124 0
434 -124 -397 -364 -1 -40 -175 -418 -385 -179 -277 -292 -274 -22 -85 -311 -118 -196 0
-98 -212 -292 -385 -124 -311 -85 -175 -179 -40 -274 -22 -277 -397 -99 -118 -196 -1 -418 0
14 -196 -118 0
15 -196 -118 0
347 -212 -274 -133 -124 -1 0
-212 -85 -175 -179 -40 -397 -274 -124 -1 -418 -292 -385 -311 -22 -277 -99 -118 -196 0
436 -311 -385 -364 -175 -179 -1 -292 -274 -40 -397 -418 -277 -118 -433 0
346 -98 -175 -22 -311 -179 -436 -277 -397 -124 -433 -292 -274 -40 -212 -385 0
347 -124 -179 -40 -292 -274 -212 -22 -436 -175 0
-124 -22 -175 -179 -436 -292 -274 -433 -212 -311 -277 -397 -40 -385 0
44 -93 -33 -143 -66 -373 -98 -83 -7 -418 -385 0
266 -241 -299 -370 -409 -358 -175 -67 -352 -205 -121 0
176 -369 -27 -343 -370 -409 -358 0
275 -299 -205 -175 -27 -343 -352 -118 -98 -418 -385 -292 -355 -19 -364 -227 -384 -73 -187 -311 -179 -277 -262 0
177 -388 -352 -88 -343 -248 -384 -170 -73 -187 -332 -179 0
293 -64 -364 -311 -19 -385 -355 -227 -43 0
97 -88 -352 -118 -144 -13 -364 -19 -159 -385 -355 -292 -311 -227 -40 -175 -343 -248 -384 -170 -73 -187 -332 -179 -407 0
302 -73 -187 0
176 -209 -170 -248 -302 -411 -40 0
356 -170 -73 -187 -223 -332 -160 -179 -40 -175 -248 -343 -27 -367 -227 -32 -19 0
35 -98 -292 -187 -179 -40 -175 -433 -418 -22 -118 -364 -385 -311 -277 -274 -205 -212 -1 -397 0
21 -228 -311 -385 -364 0
276 -368 -26 -371 -352 177 -343 -88 -388 -73 -187 -179 -232 -277 -262 -142 0
-43 -88 -352 -277 -274 -26 -371 177 -343 -73 -187 -179 -262 -158 -84 -364 -311 -19 -385 -355 293 -161 -98 0
177 -158 -22 -98 -352 -277 -274 -26 -343 -73 -187 -179 -262 -84 -364 -311 -19 -385 -355 293 -210 -40 0
275 -388 -410 -343 -405 -118 -8 -311 -179 -232 -221 -277 -262 -142 -135 0
89 -241 176 -248 -302 -170 -40 0
-43 -302 -300 176 -40 -26 -352 -277 -262 -274 -343 -118 -311 -179 -135 -32 -84 -364 -19 -385 -355 293 -98 0
-98 -22 -274 -385 -277 -40 -118 -311 -179 -364 -175 -187 -292 -1 -397 -212 -433 -418 -205 0
294 -352 -277 -274 -385 -175 -311 -40 -22 -397 -346 -1 -364 -19 -212 -65 0
276 -229 -343 -411 -222 -360 -364 -330 -33 -187 -209 -19 -331 -356 -277 -262 -212 0
177 -343 -364 -33 -19 -187 -356 -407 -212 -277 -274 -160 -179 -40 0
275 -302 -26 -187 -368 -224 -407 -179 -277 -262 0
76 -368 -233 0
208 -302 176 -248 -170 -40 -90 0
357 176 -40 -352 -277 -274 -187 -224 -407 -179 -397 -34 -253 -346 -1 -146 -92 -364 -33 -212 -19 0
-22 -212 -40 -277 -274 -187 -179 -397 -1 -146 -364 -175 -292 -385 -311 -433 -418 -118 -205 0
276 -343 -397 -190 -1 -411 -360 -187 -331 -277 -262 -212 0
-343 -411 -397 -190 -1 -360 -187 -331 -212 -277 -262 -274 0
211 -124 -212 0
177 -212 -274 -397 -190 -1 -187 -277 -179 0
213 -262 -274 0
275 -343 176 -397 -385 -190 -302 -187 -311 -179 -277 -262 0
301 -369 -397 -343 176 -190 -248 -170 0
303 -73 -187 0
-262 -190 -146 -307 -397 -292 -1 -311 -385 -364 176 -187 -277 -274 -179 -212 0
-212 -146 -292 -274 -364 -307 -397 -1 -311 -385 -187 -277 -179 -40 -175 -433 -418 -118 -205 0
3 -19 212 -311 -385 -364 0
-196 -13 -118 0
440 -364 -118 -1 -385 -187 -40 -175 -277 -292 -274 -307 -397 -433 -418 -205 0
177 -407 -19 -187 -343 -364 -212 -277 -274 -179 -40 -292 -433 -418 -385 -175 -352 -311 -397 -346 -1 -118 -205 0
-369 -144 -229 -118 -226 -1 211 -433 -418 -407 -397 -274 -385 -277 -40 -311 -179 -364 -175 -187 -292 -212 -205 -248 -170 0
276 -229 -1 -364 -118 -433 -418 -397 -274 -385 -277 -40 -179 -175 -187 -292 -212 -205 -331 -262 0
177 -311 -385 -277 -40 -118 -274 -179 -364 -175 -187 -292 -1 -397 -212 -433 -418 -205 -19 -343 -352 -346 0
-311 -179 -385 -277 -40 -118 -274 -364 -175 -187 -292 -1 -397 -212 -433 -418 -205 -262 275 -307 0
177 -136 -166 -385 -374 -241 -8 -409 -274 -397 -212 -1 -187 -277 -179 0
-369 -89 -352 -134 -1 -382 211 -408 -397 -71 -409 -343 176 -358 -370 0
-179 -212 -1 -397 -175 -385 -274 -364 -187 -277 -40 -118 -292 -433 -418 -205 -262 -307 -180 0
367 -390 -352 -90 -267 -300 -409 -241 -358 -175 -67 -205 -370 -1 -363 -346 -382 -34 -397 -27 0
2 -363 -122 -382 -352 -397 -90 211 -300 0
-212 -262 -1 -397 -175 -205 -277 -274 -118 -385 -364 -187 -40 -292 -433 -418 -307 -180 0
-262 -277 -1 -397 -175 -205 -274 -118 -385 -364 -187 -40 -292 -433 -418 -307 -180 0
353 -343 -364 -19 -348 -1 -134 -90 0
3 -302 -171 -247 -187 -371 -118 -299 -134 0
2 -369 -364 -343 -19 -124 -36 -348 0
3 -299 -171 -247 -187 -118 -360 -134 0
-343 -19 -364 -36 -348 -1 -171 -247 -187 -118 -360 -134 -90 -354 0
20 -97 -44 -161 -433 -227 -364 0
125 -348 -36 0
368 -408 -44 -161 -433 20 -364 0
-227 -143 -222 -385 -44 -161 -433 20 -364 0
213 -247 -187 -118 -360 -1 -222 -385 -161 -433 -364 -209 -277 -292 -274 0
21 -321 -137 -153 -93 -147 -307 -172 -287 -317 -436 -343 -364 -124 0
442 -118 -187 -307 -1 -385 -292 -274 -433 -40 -175 -397 -205 -418 -439 0
-277 -343 -307 -364 -187 -118 -385 -1 -292 -274 -433 -40 -175 -397 -205 -418 -439 0
-124 -212 -347 -126 0
90 -448 -247 -410 -171 -187 -75 -118 -299 -209 -134 0
177 -121 -389 -104 -43 -433 -385 -404 -448 -410 0
89 -360 -448 -205 -187 -247 -410 -385 -389 -104 -43 -433 -40 -209 -354 0
175 -404 -448 -187 -205 -171 -385 -247 -410 -360 0
-360 -328 -227 -385 -389 -448 -410 -104 -43 -433 -187 -205 -171 -247 -40 -209 -90 -354 0
19 -354 -227 -385 -389 -410 -104 -433 -187 -205 -171 -247 -40 -75 -118 -299 -134 -294 -357 0
-124 -274 2 -343 -385 -433 -187 -118 -277 -397 -364 -212 0
170 -247 -262 -277 -274 0
-247 -274 -262 -277 -169 0
294 -97 -433 -448 -64 0
411 -64 -433 -292 -121 -352 -88 -343 -241 -176 0
-175 -97 -433 -292 -64 -176 -1 -277 -397 -262 -212 -274 -118 -385 -364 -187 -40 -418 -205 -180 0
359 -40 -1 -277 -397 -212 -274 -118 -385 -364 -187 -433 -418 -205 -180 2 -343 0
-175 -333 -187 -180 -177 -1 -277 -397 -262 -212 -274 -118 -385 -364 -40 -292 -433 -418 -205 0
449 -367 -194 -364 -227 -19 -336 -355 -73 -385 -309 -292 -187 0
170 -274 -433 -385 -187 -1 -277 -397 -212 -364 -118 2 -343 0
293 -97 -352 -407 -343 -433 -88 -409 -27 -358 -370 -170 -241 -302 -248 -40 -175 -227 -364 -19 -355 0
-40 -205 -385 -277 -118 -274 -179 -364 -175 -187 -292 -1 -397 -212 -433 -447 -19 -343 -352 -346 -409 -27 -370 -355 -88 -170 -248 -227 -159 -13 -384 -73 0
-205 -175 -397 2 -385 -277 -118 -274 -364 -187 -1 -212 -433 -343 0
-40 -175 -311 -385 -364 -355 -409 -343 -27 -370 -19 -292 -352 -407 -433 -88 -170 -248 -227 -41 -118 -159 -13 -144 -384 -73 -187 -332 -179 0
209 -352 -88 0
210 -352 -88 0
-175 -274 -364 -343 -433 -118 -187 -397 2 -277 -385 -1 -212 0
450 -393 -311 -385 -182 0
89 -159 -319 -311 -220 -441 -385 -292 -448 -191 -343 -409 -352 -241 0
293 -335 -227 -73 -364 -187 -19 -448 -355 0
-274 -397 -385 -364 -187 -343 -433 -118 2 -277 -1 -212 0
411 -267 -206 -403 -248 -175 0
450 -43 -97 -433 -385 0
292 -97 -433 -385 0
-397 -433 -343 -1 2 -364 -385 -118 -212 -187 -277 0
353 -40 -277 -25 -274 -118 -370 -445 -358 -66 -343 -175 -409 -241 -88 0
-88 -66 -337 -118 -17 -370 -445 -317 -358 -343 -175 -409 -241 -352 -277 -25 -274 -209 0
294 -19 -337 -118 -445 -317 -343 -175 -352 -277 -25 -364 -299 -187 -212 0
410 -370 -25 -367 -358 -343 -175 0
-88 -274 -25 -277 -118 -445 -343 -175 -352 -92 -227 -187 -364 -212 -19 -356 0
211 -263 -227 -19 -356 -364 -75 0
-274 -19 -347 -352 -364 -343 -212 -1 -134 -227 -356 -118 -445 -25 -277 -175 -92 -187 0
-19 -175 -347 -352 -364 -343 -1 -134 -227 -118 -445 -25 -277 -212 -187 -292 -337 -317 -299 0
19 -292 -212 0
352 -19 -364 2 -343 -212 0
208 -356 -385 -227 -448 -347 -364 -292 -212 -220 0
209 -274 -445 -134 -40 -352 0
89 -99 -66 -337 -17 -317 -343 -76 -409 -352 -241 0
-88 -209 -317 -343 -409 -352 -220 -433 -385 -187 -448 -212 -364 -292 -227 -347 -337 0
-274 -358 -277 -212 -364 -343 -1 -134 -187 -352 -299 -317 -409 -220 -433 -385 -448 -292 -227 -347 -337 -445 -40 0
-292 -433 -364 -343 -1 -277 -187 -212 -385 -118 2 0
353 -410 -177 -248 -178 -371 -229 -299 -368 -90 -78 0
-433 2 -118 -187 -385 -343 -212 -364 -1 -277 0
-175 211 -352 2 -90 -118 -343 -19 -277 -364 -187 -212 -369 -78 -153 -31 -355 -385 -448 -358 -176 0
-88 -409 -277 -352 -343 -118 -385 -448 -364 -31 -19 -212 2 -90 -187 0
-348 -90 -347 -352 -364 -343 -19 -1 -134 -212 0
-90 -19 -364 -385 -352 -277 -343 -118 -212 2 -187 -1 0
213 -292 -355 0
-356 -292 -31 -227 -448 -364 -187 -19 -73 -274 -385 -347 208 -212 0
-292 -152 -385 -448 -31 -19 -227 -364 -187 -73 -274 -347 208 -212 -410 -277 0
-19 -352 -187 -118 -212 -385 -364 -277 -343 2 -1 0
411 -446 -118 -43 -448 -187 -410 -385 -171 -247 -360 -42 -372 -241 0
74 -334 -77 -385 -227 -448 -368 -187 0
449 -171 -118 -43 -301 -385 -187 -181 0
-274 -360 -77 -97 -43 -385 -448 -118 -187 -227 -410 -368 -42 -372 -241 -277 213 0
450 -394 -157 -368 -64 -227 -97 -335 -43 -75 -385 -187 0
88 -191 -122 -389 -64 -97 -104 -43 -385 -187 -448 -157 -368 -227 -77 -118 -410 -277 213 -299 -209 0
-352 2 -187 -118 -277 -343 -212 -364 -385 -1 0
386 -446 -395 -398 -368 -75 -408 -64 -187 -97 -448 -43 0
387 -76 -368 -395 -157 -64 -97 -43 0
2 -118 -277 -385 -343 -212 -364 -187 -1 0
211 -274 -234 -83 -364 -31 -78 -19 -227 -448 -187 -294 0
-274 -234 -118 -74 -212 -135 -83 -364 -31 -78 -19 -227 -448 -187 -294 0
124 -36 -348 0
369 -19 -364 -31 -83 -348 -212 -118 -74 -135 -227 -448 -187 -294 -343 0
211 -274 -364 -343 -348 -1 -19 -83 -77 -411 -277 -227 -448 -187 -302 -294 -212 0
-36 -126 -348 0
-19 -83 -343 -348 -1 -364 -277 -227 -448 -187 -302 -294 -212 -367 -31 -118 -74 -135 0
233 -441 -8 -179 -31 -229 -142 0
386 -31 -135 -367 -118 -343 -348 -212 -1 -364 -277 -227 -448 -187 0
213 -19 -293 -348 0
-19 -334 -228 -385 -364 -277 -293 -75 -212 -348 0
77 -234 -84 0
-227 -448 -212 -385 -364 -277 -187 -343 -118 -1 0
64 -406 -277 -274 -118 -399 -389 -382 -122 -362 0
78 -435 -32 -92 -65 -277 -274 -118 -399 -382 -343 -409 -241 -210 -368 -352 0
153 -370 -300 -394 -90 -158 -241 -65 0
33 -153 -373 -92 0
211 -356 -385 -277 -18 -32 -300 -368 -84 -118 -448 -348 -343 -187 -212 0
-31 -223 -277 -89 -65 -354 -92 -368 -76 -8 -232 -441 -229 -179 -142 -32 0
78 -248 -309 -171 -147 -277 -360 -441 -332 -177 -179 -221 -229 -142 -368 -232 0
66 -12 -391 -254 -140 -44 -158 -98 0
-19 -368 -343 -84 -277 -32 -135 -335 -118 -385 -187 -448 -348 -212 -18 -300 -21 0
275 -448 -187 -385 -75 -221 -118 -144 -135 0
352 -209 -89 0
-448 -118 -385 -187 -343 -212 -277 -364 -1 0
354 -98 -406 -277 -385 -9 33 -300 -394 -274 -292 -356 -187 -348 -212 -125 0
-124 -9 -439 -385 -175 -18 -277 -144 -318 -274 -343 -212 -125 0
14 -170 -302 -248 -90 -175 -210 -179 -352 -231 -135 0
43 -225 -123 -14 -118 -201 -99 0
276 301 -175 -343 -369 -277 -274 -212 -1 -187 -18 -65 -32 -153 -92 -9 -385 -44 -123 -118 -302 -90 -210 -352 -231 -135 -406 -262 0
-369 -78 -385 -274 -187 -212 -343 -1 -118 -364 -277 -368 0
213 -352 -343 -348 -1 -19 -90 -364 -274 0
211 -90 -300 -175 -410 -274 -277 -187 0
-90 -234 -364 -19 -78 -348 -343 -1 -274 -212 -300 -175 -410 -277 -187 0
-73 -177 -449 -360 -187 -302 -75 0
33 -302 -397 -362 -338 -360 -65 -178 -241 -230 -27 -118 -449 -187 -75 -221 -143 -92 0
31 -260 -438 -118 -44 -15 -449 -329 -408 -171 -389 -122 -362 -338 -65 -321 -221 -143 -92 0
76 -65 -118 -360 -187 -143 -178 -241 -449 -75 -92 -32 -44 -15 -329 -408 -171 -389 -122 -321 -36 -348 -317 -3 -385 -365 -394 -368 0
31 -361 -394 -389 -122 -98 -138 -65 -250 -321 -222 -92 -18 0
-73 -302 -8 -385 -143 -32 -394 -389 -122 -98 -138 -65 -250 -321 -92 -18 -247 -360 -171 -312 -449 -187 -75 0
-302 -158 -321 -191 -65 -98 -389 -122 -241 -224 -118 -8 -385 -143 -32 -394 -138 -250 -92 -18 -247 -360 -171 -312 -449 -187 -75 0
-19 -385 -171 -187 -118 -143 -250 -247 -312 -334 -134 -343 353 -90 -408 -178 213 0
74 -221 -385 -143 -448 -31 -187 -334 -77 -368 0
303 -382 -187 -410 -171 -385 -247 -360 -42 -446 -397 -448 0
157 -43 -118 -385 -187 -171 -410 -448 -241 -247 -360 -42 -446 -397 -75 -143 -31 -334 -77 -368 -191 -321 0
450 -31 -312 -191 -187 -410 -171 -385 -247 -360 -42 -446 -397 -448 -98 -43 -75 0
227 -260 -328 -297 0
-385 -118 -187 -171 -334 -312 -247 -446 -143 -343 -212 -277 -250 -134 353 -90 -408 -178 213 0
-73 -302 -368 -394 -389 -122 -267 -220 -410 -294 -247 -448 -360 -171 -187 -408 -75 0
64 -98 -294 -43 0
-98 -65 -384 -122 -321 -389 -152 -191 -294 -43 0
98 -177 -247 -410 -171 -178 -229 -118 -368 -77 -446 -408 -43 0
97 -177 -171 -410 353 -229 -178 -368 -90 -3 -338 -364 -82 -384 -191 -7 -143 -267 -31 -223 -435 -408 -389 0
-302 -43 -368 -408 -446 -389 -3 -171 -410 353 -178 -90 -82 -191 -7 -143 -267 213 -247 -118 -448 -187 -220 0
-118 -178 -187 -408 -446 -171 353 -90 -143 213 -247 -334 -312 -343 -212 -277 -250 -134 0
-98 -302 -312 -265 -95 -143 -271 -394 -361 213 -122 -321 -389 -241 -187 -416 -191 -72 -171 -199 -420 -99 0
-302 -312 -191 -399 -241 -72 -171 -361 -368 -199 -394 -77 -420 -408 -265 -95 -143 -271 213 -122 -321 -389 -187 -416 -99 0
362 -368 -26 -394 -370 0
97 -175 -450 -321 -294 -153 -420 -66 0
-212 -343 -274 -187 -90 -277 -352 -211 0
99 -220 -178 -196 -343 -232 -449 -368 -293 -407 -65 0
142 -368 -90 -243 -449 -356 -293 -65 -98 -178 -196 -343 -360 -407 0
66 -233 -199 -304 -311 -352 -447 -368 -449 -407 -293 -98 0
124 -347 -35 0
126 212 0
97 -449 -411 -394 -385 -393 -311 -123 -293 -390 -65 0
98 -65 -123 -99 -135 -90 -293 -394 -225 -25 -247 -170 -187 -390 0
169 -214 -17 -10 -254 -271 -285 -174 -147 -308 -417 -71 0
-65 -231 -178 -411 -247 -170 -254 -417 -192 -311 -20 -225 -356 -74 -123 -293 -385 -187 -390 -394 -393 -99 -135 -90 -25 0
292 -449 -226 -311 -411 -433 -385 -20 -393 -260 -356 0
294 -271 -29 -250 -152 -320 -158 -334 -364 -2 -311 -385 212 0
367 -192 -311 -187 -411 -393 -250 -334 212 -210 -135 -90 -123 -390 -178 -247 -170 -417 -407 -78 0
33 -153 -374 -91 0
292 -449 -26 212 -390 -318 -192 -227 -9 -365 -386 -352 -65 0
-449 -65 -390 -395 -352 -386 -144 -26 212 -318 -192 -227 -9 -365 0
294 -98 -383 -347 -192 -311 -227 -135 -365 -434 -352 -210 -20 -35 -356 -65 0
-98 -385 -90 -196 -178 -411 -247 -170 -231 -417 -192 -311 -20 -65 -356 -74 -123 -293 -135 -187 -390 -393 -383 -308 -365 -434 -407 -253 -45 -347 -227 -352 -210 -35 0
-385 -65 -90 -135 -395 -123 -196 -293 -390 -178 -411 -247 -170 -231 -417 -192 -311 -20 -356 -74 -187 -393 -383 -308 -365 -434 -407 -253 -347 -227 -352 -210 -35 -386 0
-98 -176 -411 -247 -359 -170 -26 -399 -363 -123 -365 -407 -390 -20 -374 -356 -65 -293 -43 -383 -347 -192 -311 -227 -135 -434 -352 -210 -35 0
-65 -227 -26 -365 -90 -135 -447 -390 -411 -247 -170 -407 -192 -311 -352 -9 -395 -178 -231 -187 -253 -386 -144 212 -318 0
388 -91 -311 -31 -214 -9 -393 -386 -448 -178 -411 -247 -170 -447 -253 -407 -43 -123 -98 0
292 -393 -311 -192 -210 -158 -352 -395 -362 -123 -390 -9 -386 -178 -411 -247 -170 -447 -253 -407 -98 -227 -365 -20 -356 0
-343 -211 -90 -187 -277 -274 -352 0
390 -292 -90 -352 -277 -274 -211 -367 -65 -122 -98 0
97 -361 -367 -394 -408 -65 0
33 -372 -360 -247 -409 -27 -397 -221 -337 -143 -16 0
363 -151 -321 -143 -92 -32 -360 -247 -409 -337 -36 -348 -3 -385 -365 -77 -367 -394 0
-361 -312 -143 -32 -190 -329 -321 -367 -260 -394 -92 -360 -247 -409 -36 -348 -3 -365 -77 -65 -44 -98 -408 0
Solved
