18 -217 -130 -226 -158 0
-217 -321 -55 -1 -28 -127 -158 -175 -130 -226 -16 0
57 -338 -335 0
227 -112 -202 -154 -340 -317 -28 -55 -136 -346 -205 -16 0
56 -339 -336 0
353 -16 -154 -340 -28 -55 -205 -226 -202 -317 -136 -346 -1 -127 -175 -130 -247 0
57 -346 -136 -16 -226 -320 -205 -154 -340 -127 -1 -28 0
355 -317 -154 -340 -202 -28 -55 -136 -205 -226 -1 -127 -247 -352 -175 -130 0
321 -157 -40 -352 -229 -247 -160 0
56 -317 -247 -202 -154 -340 -352 -28 -55 -136 -205 -130 -226 -127 -1 0
-16 -317 -352 -136 -226 -205 -154 -340 -127 -1 -28 -55 -202 -247 -175 -130 0
229 -287 -306 -317 -147 0
-317 -127 -247 -136 -226 -205 -154 -340 -352 -1 -28 -55 -202 -175 -130 0
361 -136 -154 -340 -247 -205 -226 -352 -1 -55 -202 -175 -130 0
29 -115 -46 -85 -130 -226 -205 -154 -340 -55 -1 0
-317 -28 -154 -340 -205 -46 -85 -130 -226 -55 -1 -247 -136 -352 -202 -175 0
-28 -226 -175 -130 -85 -205 -154 -340 -55 -1 -46 -247 -136 -352 -202 0
17 -114 -231 -40 0
228 56 -251 -46 -40 -14 -231 -199 -1 -244 -98 -130 0
18 -350 -160 -269 -164 -328 -240 -231 -199 -130 -226 -112 0
159 -292 -279 -160 -149 -257 -5 -199 -46 -112 -40 -14 0
2 -17 -136 -149 -279 -199 -46 -40 -160 -257 -14 -85 -269 -164 -328 -231 -130 -226 56 -244 0
196 -40 -46 -251 -98 0
-217 -16 -40 -231 -218 -130 -226 -158 0
-114 -16 57 -226 -112 -231 -40 0
-158 57 -164 -199 -214 -226 -112 -231 -40 -130 -120 -175 -14 -159 0
319 -67 -312 -293 -120 -24 -175 -153 -14 0
57 -112 -164 -352 -40 -247 -160 -120 -175 -14 -232 -31 -214 -134 -199 -98 -46 -328 -226 -231 -130 -159 -35 0
56 -244 -1 -130 -136 -149 -279 -199 -46 -40 -160 -257 -14 -85 -269 -164 -328 -231 -226 -251 -98 0
-112 -114 -134 -160 -46 -199 -40 -14 -31 -164 -352 -247 -120 -175 -232 -214 -98 -328 -226 -231 -130 57 -35 0
112 -214 -264 -196 -257 -98 -244 -160 -40 -339 -231 0
206 -134 -46 -199 -352 -247 -175 -328 -226 -231 -130 -55 -1 -136 -85 -60 -340 -154 0
306 -145 -127 0
286 -127 0
206 -231 -46 -199 -352 -247 -175 -328 -226 -358 -130 -55 -1 -136 -85 -340 -154 -316 -286 0
157 -321 -165 -119 -214 -175 -40 -231 -218 -130 -226 -158 -15 0
113 -213 -175 -1 -27 -270 -328 -10 -135 -99 -46 -40 -165 -119 -214 -231 -130 -226 -15 -199 0
-158 -270 -184 -27 -214 -244 -252 -247 -165 -119 -175 -40 -231 -130 -226 -15 -219 -117 -55 -339 -18 -159 0
56 -31 -153 -135 -23 -293 -339 -36 0
-338 -322 -196 -153 -130 -23 -226 -293 57 -339 0
-231 -40 -130 -226 -55 -46 -1 -247 -175 -199 -328 -127 -358 -316 -340 -154 -205 -352 -136 -85 0
206 -290 -154 -45 0
-40 -136 -85 -340 -154 -205 -358 -202 -130 -226 -55 -46 -1 -247 -175 -328 -352 0
207 -94 -154 0
-94 -154 -205 0
56 -339 -31 -160 -46 -40 -15 -199 -231 -270 -244 -252 -247 -119 -175 -214 -130 -226 -55 -159 -1 -328 -99 -358 -58 -287 -30 0
-158 -339 -270 -244 -252 -247 -119 -175 -40 -214 -130 -226 -15 -55 -231 -159 -287 -30 -346 -199 57 0
-339 -159 -244 -130 -226 -58 -287 -193 -295 -30 -199 -160 -40 -352 -247 -252 -46 -15 -270 -119 -175 -214 -55 -231 -99 -346 -31 -1 -328 -358 0
339 -199 -1 -328 -270 -99 -46 -40 -119 -214 -231 -130 -226 -15 -175 -358 -58 -287 -30 -55 0
-127 113 -1 -175 -328 -270 -99 -46 -40 -119 -214 -231 -130 -226 -15 -199 -358 -58 -287 229 0
127 -30 -85 -130 -226 -205 -154 -340 -55 -1 -46 0
-199 -270 -175 -328 -1 -99 -46 -40 -119 -214 -231 -130 -226 -15 -127 -358 -58 -287 -244 -193 -295 -30 -160 -352 -247 -252 -55 -346 -31 0
155 -231 -46 -1 -175 -328 -130 -226 -358 -295 -352 -247 -55 -346 -85 -205 -154 -340 0
-229 -157 -352 -247 -40 -319 -160 -231 0
158 -164 -328 -160 -10 -319 -134 -199 -98 -112 -40 0
13 -317 -160 -149 -199 -46 -40 -14 -1 -244 -130 -226 -251 -231 -98 -55 -31 -352 -247 -175 -232 -120 -328 -214 -358 -58 -279 0
114 -123 -310 -164 -214 -321 -218 -199 0
230 -218 -226 -130 -231 -40 -310 -164 -214 -321 -199 -202 0
-127 -199 -328 -269 -231 -160 -130 -226 -98 -40 -1 -244 -251 -46 -14 -55 -120 -352 -247 -175 -31 -232 -214 -358 -58 -202 -149 -279 -288 0
-199 -231 -130 -226 -46 -1 -55 -85 -205 -154 -340 -328 -352 -247 -175 -358 -202 0
-229 -17 -112 -352 -247 -40 -319 -160 -231 0
-231 -226 -46 -352 -247 -85 -130 -55 -1 -205 -154 -340 -328 -175 -358 -202 0
56 -339 -175 -122 -163 -218 -286 -58 -299 -130 -318 -194 -226 -30 -214 0
-339 -257 -58 -151 -290 -163 -186 -205 -175 -346 -13 -158 -17 -226 -338 -55 -122 -218 -286 -299 -130 -318 -194 -30 -214 -294 0
161 -214 -290 -147 -205 -305 -154 -318 -30 -55 -186 -175 -346 -158 -17 -226 -338 -122 -218 -130 -194 -127 -294 -321 0
299 -290 -205 0
113 -127 -290 -147 -205 -214 -154 -318 -55 -186 -175 -346 -158 -226 -122 -130 -162 -294 -295 57 -199 0
57 -199 -122 -318 -55 -1 -158 -130 -226 -247 -352 -114 -290 -147 -205 -214 -154 -186 -346 -162 -294 -295 -175 -85 -340 -46 0
-30 -127 -147 -205 -214 -154 -318 -55 -186 -175 -346 -158 -226 -338 -122 -130 -290 -294 -295 -199 -114 -162 -314 -35 -29 0
30 -199 -154 -6 -340 -290 -1 0
-199 -214 -205 -147 -154 -318 -55 -186 -175 -346 -158 -226 -122 -130 -290 -294 -295 -114 -162 -314 -85 -340 -1 -46 -6 -247 -352 0
-30 -214 -147 -205 -290 -154 -318 -55 -186 -175 -346 -158 -226 -338 -122 -218 -130 -305 -294 -17 -352 -229 -247 -162 -28 -85 -340 -1 -46 0
-214 -229 -352 -247 -162 -154 -290 -205 -340 -147 -318 -55 -186 -175 -346 -158 -226 -122 -130 -294 -85 -1 -46 -114 -295 -314 -6 0
-226 -154 -205 -352 -247 -340 -55 -175 -130 -85 -1 -46 -202 -328 -358 0
-290 -154 -205 -298 0
367 -130 -247 -55 -205 -1 -46 -202 -358 0
155 -340 -367 0
-340 -154 -367 0
207 -6 -285 -175 -246 -367 -223 -290 -154 -43 0
29 -199 -175 -367 -290 -154 -205 -46 -1 0
206 -5 -284 -175 -245 -367 -290 -223 -154 0
-199 -290 -46 -226 -175 -367 -130 -154 -205 -55 -1 0
3 207 -40 -46 -175 -367 -223 -290 -154 -43 0
207 -283 -1 -40 -46 -175 -367 -223 -290 -154 -43 0
245 -251 -97 -283 -196 0
-290 -154 -175 -367 -46 -205 -1 -226 -130 -55 0
-154 -175 -205 -367 -46 -1 -226 -130 -55 0
177 -127 -117 -190 -87 -321 -367 -14 0
284 -199 -162 -60 -122 -219 -175 -117 -190 -367 -14 -55 -263 -98 -149 -230 -166 -6 0
114 -158 -17 0
112 -158 -226 -130 -17 0
-199 -200 -283 -162 -60 -122 -219 -175 -117 -190 -367 -14 -55 -263 -98 -149 -230 -166 -6 0
Solved
