503 -127 -25 -70 -4 -22 -238 -451 -343 -292 -28 -61 -490 -316 -496 -388 -256 0
-127 -25 -451 -70 -4 -22 -238 -343 -292 -28 -61 -490 -316 -496 -388 -256 -502 0
453 -101 -28 -316 -388 -490 -502 -496 -61 -256 -436 -106 -379 -307 0
303 -241 -238 -4 -28 -61 -316 -388 -502 -496 -256 -106 -307 -451 -490 -436 -379 -343 0
30 -379 -436 -1 -25 -70 -199 -4 -238 -76 -241 0
508 -199 -70 -1 -4 -238 -451 -28 -316 -388 -502 -496 -61 -436 -22 -343 -292 0
258 -127 -91 -451 -76 -413 -369 -178 -101 -343 -508 -496 -220 0
455 -120 -409 -462 -259 -219 0
491 -219 -409 -31 -259 -454 -462 -362 -26 -508 0
344 -490 -278 -499 -416 -162 -496 -402 -409 -31 -259 -454 -462 -362 -26 -508 -268 -55 -178 0
-490 -44 -496 -328 -76 -189 -413 -369 -178 -101 -343 -278 -499 -416 -162 -402 -409 -31 -259 -454 -462 -362 -26 -508 -268 -55 0
452 -67 -278 -402 -22 -89 -76 -369 -343 -101 -292 -178 -413 -496 -328 -499 -162 -409 -31 -259 -454 -462 -362 -26 -508 -268 -55 -91 0
345 -490 -284 -496 -362 -76 -413 -369 -101 0
-490 -268 -31 -259 -454 -462 -362 -26 -508 -413 -409 -101 -55 -292 -178 -278 -499 -162 -496 -402 -343 -284 -76 -369 0
241 -328 -496 -162 -369 -343 -101 -292 -178 -413 -31 -259 -454 -462 -362 -26 -508 -409 -55 -278 -499 -402 -91 -451 -22 -89 0
102 -490 -362 -91 -499 -451 -409 -162 -496 -257 -222 -278 -402 -31 -259 -454 -462 -26 -508 -55 -178 -343 -292 0
-490 -462 -362 -454 -259 -409 -508 -496 -31 -26 -78 -413 -369 -101 -91 -499 -451 -162 -257 -222 -278 -402 -55 -178 -343 -292 0
188 -415 -451 -292 -91 0
-415 -91 -292 -451 -187 0
6 -362 -259 -235 -351 -292 -451 -508 -496 -31 -413 -101 -257 -278 -402 -178 -343 -242 -22 -199 -198 -238 -70 0
100 -490 -359 -343 -331 -169 -257 -22 -402 -508 -496 -127 -90 -362 -76 -413 -368 0
417 -339 -278 -302 -402 -499 0
460 -203 -67 -302 -288 -119 0
492 -302 -362 -409 -359 -331 -461 -67 -288 -393 -161 -416 -278 -402 -499 -508 -496 0
-490 -268 -409 -362 -278 -402 -499 -161 -496 -359 -331 -461 -67 -288 -393 -508 -343 -292 -101 -169 -257 -22 -127 -90 -76 -413 -368 0
298 -301 -304 -409 -337 -67 -235 -278 0
497 -403 -343 -169 -337 -409 -304 -235 -351 -435 -161 -292 -451 -187 -198 -10 -299 -67 -278 -226 -109 -331 -359 -362 -482 -204 0
29 -101 -451 -304 -235 -10 -496 -343 -295 -22 -292 -508 -199 -238 -70 -4 -259 -31 -178 -502 -487 -388 -316 -61 0
492 -484 -243 -137 -213 -304 -465 -109 -259 -235 -203 -22 -409 -301 -508 -496 -337 0
498 -337 -20 -301 -22 -343 -409 -304 -235 -367 -358 -350 -243 -199 -90 -434 -238 -70 -109 -7 -4 -484 -160 0
260 -47 -461 -454 -244 0
361 -409 -31 -434 -301 -350 -235 -243 -259 -367 -199 -213 -238 -70 -109 -4 -496 -20 -22 -343 -304 -90 -7 -292 -451 -91 -491 -137 -465 -203 -508 0
302 -114 -213 -90 -109 -16 -477 -22 -20 -243 -189 -442 -220 -178 -343 -67 0
-409 -203 -343 -301 -213 -90 -109 -22 -20 -243 -178 -258 -496 -137 -491 -304 -350 -235 -434 -31 -363 -259 -367 -199 -238 -70 -4 -7 -292 -451 -91 -465 -508 0
315 -4 -70 0
51 -137 -243 -484 -304 -409 -109 -259 -235 -203 -22 -337 -301 -508 -496 492 0
277 -51 -401 -295 0
68 -73 -199 -367 -169 -379 -37 -451 -43 -401 -10 -279 -295 -243 -484 -304 -409 -109 -259 -235 -203 -22 -337 -301 -508 -496 492 -138 0
492 -43 -199 -4 -238 -243 -69 -367 -169 -37 -451 -70 -401 -10 -279 -295 -484 -304 -409 -109 -259 -235 -203 -22 -337 -301 -508 -496 -138 -455 -118 0
497 -169 -37 -268 -57 -451 -197 -443 -404 -292 -189 -491 -199 -4 -238 -243 -69 -367 -70 -401 -10 -279 -295 -484 -304 -409 -109 -259 -235 -22 -337 -301 -508 -496 -138 -455 -204 0
241 -128 -77 0
-337 -197 -451 -292 -4 -238 -243 -22 -443 -20 -404 -189 -491 -496 -37 -57 -199 -69 -367 -70 -401 -10 -279 -295 -304 -409 -109 -259 -235 -301 -508 -204 -420 -363 -339 0
-301 -302 -22 -292 -496 -4 -238 -199 -70 -10 -295 -304 -409 -259 -235 -508 -487 -388 -316 -61 -28 -178 -343 -31 -502 -451 0
240 260 -244 -292 -451 -187 -70 -199 -197 -4 0
338 -284 -292 -451 -187 -161 -243 -4 -238 -70 -199 -487 -316 -61 -28 -304 -235 -10 -496 -343 -295 -22 -508 -259 -31 -178 -502 -388 -109 -485 -483 -418 -409 0
204 -109 -31 -388 -316 -61 -28 -451 -304 -235 -10 -496 -343 -295 -22 -292 -508 -199 -238 -70 -4 -259 -178 -502 -487 -243 -418 -409 -337 -492 0
242 -187 -451 -292 -487 -162 -316 -4 -61 -238 -28 0
-490 -369 -76 -496 -343 -409 -292 -178 -91 -337 -187 -492 0
338 -362 -360 -26 -482 -499 -409 0
-362 -26 -1 -454 -259 -482 -360 -409 -337 -499 0
362 -337 -409 0
203 -160 -259 -26 -409 -337 -499 -199 -238 -70 -4 -1 -496 0
-160 -358 -199 -26 -238 -70 -4 -496 -481 -202 -259 -409 -337 -499 -1 0
339 -202 -451 -487 -316 -61 -28 -304 -235 -10 -496 -343 -295 -22 -508 -199 -238 -70 -4 -259 -31 -178 -502 -388 -292 -409 -337 -1 -418 0
26 -455 -238 -4 -199 -70 -1 0
5 -187 -199 -358 -238 -70 -4 -496 -481 -202 -259 -409 -337 -1 260 -292 -451 -244 -9 0
-187 -202 -292 -496 -171 -451 338 -409 -199 -238 -70 -4 -259 -337 -1 -9 0
301 -409 -292 -238 -70 -4 -22 -508 -496 -451 -343 -199 -259 -1 -487 -316 -61 -28 -304 -235 -10 -295 -31 -178 -502 -388 0
-101 361 -31 -409 -301 -235 -259 -199 -10 -238 -70 -4 -496 -22 -343 -304 -7 -292 -451 -137 -508 -295 -487 -388 -316 -61 -28 -178 -502 0
-337 -409 -496 -388 -316 -61 -292 -28 -31 -295 -301 -235 -259 -199 -10 -238 -70 -4 -22 -343 -304 -451 -508 -487 -178 -502 0
29 -10 -304 -235 -451 -496 -343 -295 -22 -292 -508 -199 -238 -70 -4 -259 -31 -178 -502 -487 -388 -316 -61 0
162 260 -219 -444 -199 -285 -238 -70 -496 -416 -4 0
-409 -22 -343 -178 -496 -304 -235 -31 -259 -199 -238 -70 -4 -292 -451 -508 -10 -295 -487 -388 -316 -61 -28 -502 -1 0
511 -70 -343 -178 -496 -304 -235 -31 -259 -292 -451 -295 -487 -316 -61 -502 -1 -436 0
6 -238 -511 0
-238 -4 -511 0
28 -383 -337 -188 -178 -343 -101 0
345 -20 -413 -404 -101 0
23 -188 -337 -178 -343 -404 -101 -196 -487 -316 -241 -61 -30 0
339 -416 -451 -161 -496 -169 -12 -475 -196 -487 -390 -316 -61 -30 -101 -368 -127 -241 -31 -454 -304 -331 -27 -259 -235 -359 -499 -409 -362 0
5 -508 -343 -178 -391 -259 -409 -337 -451 -496 -196 -487 -316 -61 -241 -31 -304 -235 -292 -199 -511 -315 -70 0
404 -302 -419 -343 -169 0
338 -109 -484 -279 -203 -68 -496 -93 -401 -364 -37 -169 -135 -23 -20 -405 -343 -349 -304 -235 -409 0
100 -162 -417 -235 -499 -409 -337 -203 -496 -169 -23 -405 -343 -304 -11 -331 -196 -360 -487 -389 -31 -316 -241 -61 -29 0
6 -337 -31 -241 -436 -343 -235 -409 -1 -496 -304 -196 -487 -316 -61 -259 -292 -199 -315 -511 -70 0
-337 -4 -259 -1 -511 -70 -343 -178 -451 -496 -487 -316 -61 -31 -304 -235 -292 -409 -436 0
23 -203 -343 -301 -119 -404 -483 -78 -129 -13 0
22 -284 -270 -218 -92 -188 -16 -483 -329 -78 -476 -129 0
5 -278 -339 -496 -402 -499 -343 -301 -483 -78 -129 -13 -270 -218 -92 -16 -329 -456 -351 -389 -292 -199 -511 -70 0
410 -4 -292 -511 -70 -436 -339 -496 -499 -343 -301 -13 -16 -487 -61 -316 -31 -361 -259 -235 0
6 -101 -401 -301 -418 -9 -496 -490 -29 -279 -292 -12 -511 0
-101 -128 -77 -455 -436 -29 -511 -70 -4 -401 -301 -418 -9 -496 -490 -279 -292 -12 0
-4 -409 -343 -436 -511 -70 -496 -292 -487 -61 -316 -31 -259 -178 -13 -235 -1 -451 -304 0
512 -199 -238 0
-199 -238 -511 0
513 -491 -160 -496 -189 -393 -292 -238 0
338 -362 -101 -292 -238 -511 -160 -496 -460 -70 -178 -451 -313 -259 -343 -409 -301 0
-337 -101 -460 -70 -451 -313 -259 -343 -409 -301 -292 -238 -511 -160 -496 -178 0
512 -8 -496 -160 -29 -490 -101 -197 -292 -238 0
513 -243 -238 -29 0
411 -418 -301 -496 -343 -160 -292 -490 -101 -238 -511 -487 -61 -316 -31 -70 -361 -313 -235 0
28 -418 -496 -160 -198 -490 -301 -238 -343 -242 -101 0
303 -268 -404 -218 -171 -418 -343 0
241 -476 -65 -24 -137 -413 -404 -101 -343 -301 -218 -171 -418 0
344 -284 -496 -160 -7 -218 -418 -404 -171 -343 -301 0
-101 -301 -496 -160 -343 -292 -238 -511 -487 -61 -316 -31 -70 -304 -313 -235 -409 -460 -451 -259 -178 0
363 -29 -61 -243 -316 -31 0
420 -444 -405 -496 -160 -73 -70 -198 -313 -235 -487 -389 -409 -316 -363 -338 0
-301 -460 -160 -496 -259 -409 -70 -313 -235 -487 -316 -61 -31 -238 -178 -511 -343 -292 -304 -451 0
-29 -444 -235 -202 -409 -496 -337 -188 -292 -316 -511 -412 -61 -31 -28 0
345 -101 -313 -418 -409 -337 -160 -496 -292 -238 -451 -487 -277 -316 -511 -61 -235 -202 -31 -178 -70 0
-243 -73 -70 -238 -512 -241 -29 0
344 -362 -29 -70 -238 -292 -101 -218 -418 -338 -444 -301 0
403 -26 -510 -203 -194 -215 -483 -133 -444 -171 0
-511 -436 -180 -189 -284 -444 -405 -510 -203 -215 -483 -171 -9 -488 -236 -514 -209 -70 -292 -238 -360 -314 -513 0
119 -36 -177 -510 -348 0
410 -444 -238 -70 -292 -160 -316 -496 -418 -29 -301 -101 -343 0
403 -170 -343 -418 -444 -301 0
512 -516 -237 -496 -316 -363 -418 -339 -301 -444 -343 -29 -403 -101 -292 -238 0
-511 -237 -292 -29 -238 -101 -496 -316 -363 -418 -339 -301 -444 -343 -70 -315 0
405 -4 -238 -160 -496 -491 -339 -418 -444 -301 -343 -292 0
443 -4 -70 -160 -388 -496 -316 -243 -491 -363 -339 -418 -20 -301 -343 -444 -405 -219 0
-444 -316 -238 -29 -418 -301 -343 -160 -496 -70 -292 -101 -409 0
74 -119 -216 -509 -135 -193 -359 -238 -5 -70 0
362 -75 -29 -238 -101 -216 -135 -70 -490 -160 -496 -204 -483 0
-511 -75 -70 -314 -238 0
-316 -70 -496 -101 -29 -160 -238 -409 -418 -301 -343 -292 0
419 -405 -343 -301 -418 -444 0
-75 -177 -495 -20 -446 -370 -23 -128 -341 -476 -77 -351 -481 -361 -515 -409 -70 -511 -238 0
404 -351 -295 -23 -519 -180 -16 -189 -198 -11 -364 -341 -361 -409 -70 -20 -77 -515 -511 -238 -222 -33 -243 -270 -284 -444 -171 0
-405 -511 -361 -409 -70 -343 -418 -301 -444 -238 -520 -496 -388 -292 -61 -29 -101 -277 0
-511 -444 -29 -238 -292 -361 -409 -70 -343 -418 -301 -101 -520 -496 -388 -61 -277 0
-405 -444 -409 -361 -243 -367 -199 -238 -70 -4 -160 -496 -491 -401 -277 -301 -418 -343 0
-444 -70 -343 -238 -160 -496 -418 -292 -409 -301 -101 -29 0
-70 -409 -496 -101 -29 -238 -160 -418 -301 -343 -292 0
-405 -444 -20 -243 -286 -25 -367 -409 -313 -238 -4 -160 -496 -491 -343 -301 -418 0
-444 -4 -343 -238 -160 -496 -301 -491 -418 -292 -20 -243 -286 -25 -367 -409 -313 0
-409 -301 -238 -496 -418 -160 -343 -292 -101 -29 0
420 -337 -301 0
-301 -418 -238 -496 -160 -343 -292 -101 -29 0
498 -138 -133 -519 -90 -214 -180 -11 -77 -393 -189 -109 -87 -481 -417 -491 -484 -202 -160 0
-511 -243 -214 -481 -202 -160 -496 -491 -484 -67 -358 -270 -244 -219 -444 -343 -405 -171 -101 -70 -292 -238 -315 -513 0
403 -199 -238 -4 -367 -160 -496 -243 -202 -270 -481 -219 -22 -444 -20 0
-243 -219 -270 -70 -238 -29 -444 -302 -343 -419 -405 -160 -496 -202 -481 -101 -214 -491 -484 -67 -358 -244 -171 -292 -315 0
102 -405 -444 -343 -292 0
411 -511 -243 -202 -160 -496 -491 -481 -67 -214 -270 -444 -343 -405 -171 -101 -70 -292 -238 -513 -362 0
24 -27 -353 -255 -459 -133 -167 -510 -455 -120 -235 -138 -351 -66 -446 -476 -128 -20 0
22 -177 -510 -120 -446 -128 -20 0
-511 -189 -180 -519 -20 -275 -222 -67 -243 -270 -139 -283 -496 -202 -481 -362 -410 -160 -491 -214 -444 -343 -405 -171 -101 -70 -292 -238 -513 0
404 -405 -362 -496 -410 -270 -70 -238 -29 -67 -160 -491 -214 -444 -343 -202 -171 -101 -292 -302 -419 0
-511 -482 -362 -500 -410 -70 -74 -238 0
-481 403 -362 -238 -410 -367 -160 -496 -243 -202 -270 -4 -199 -22 -444 -20 0
-405 -70 -410 -362 -238 -160 -496 -202 -270 -444 -500 -171 -29 -67 -491 -214 -343 -101 -292 -302 -419 0
268 -243 -160 -283 -238 -171 -496 -70 -512 -29 0
-243 -70 -410 -217 -270 -160 -283 -238 -171 -496 -512 -29 0
-70 -410 -101 -29 -238 -270 -160 -171 -496 -444 -343 -292 -362 -202 -500 -67 -491 -214 -302 -419 0
411 -405 -243 -444 -238 -270 -362 -410 -367 -160 -496 -202 -4 -20 -313 0
-481 -360 -25 -214 -73 -243 -270 -238 -4 -160 -496 -343 -444 -202 -302 -419 -405 -483 -362 -410 -367 -20 0
-405 -17 -202 -496 -160 -4 -367 -238 -73 -37 -171 -444 -25 -214 -243 -270 -343 -302 -419 -362 -410 -20 -313 0
411 -243 -238 -4 -270 -313 -217 0
338 -444 -496 -238 -160 -343 -292 -101 -29 -418 0
242 -109 -174 -444 -363 -202 -440 -496 -8 -367 -160 -4 -238 -67 0
483 -4 -238 -160 -496 -367 -202 -76 0
482 -219 -411 -444 -363 0
-4 -243 -444 -363 -411 -238 -160 -496 -202 -269 -337 -174 -8 -67 -101 -29 0
361 22 -20 -496 -519 -90 -214 -11 -393 -189 -109 -417 -491 -202 -160 -67 -243 -460 -269 -444 -343 -405 -170 -70 -511 -238 -411 0
203 -36 -243 -269 -341 -444 -343 -333 -405 -348 -170 -70 -511 -238 -214 -501 -393 -417 -160 -496 0
-243 -269 -67 -444 -202 -343 -170 -238 -214 -501 -160 -496 -337 -363 -411 -18 -492 -29 -101 -292 -174 -8 0
-444 -418 -292 -238 -101 -29 -160 -496 -343 0
482 -348 -166 -214 -4 -411 -219 -160 -270 -238 -67 -496 -243 -202 -128 0
242 -199 -367 -238 -76 0
269 -411 -337 -418 -219 0
-4 -411 -214 -166 -219 -160 -270 -238 -67 -496 -243 -202 -19 -483 242 -101 -29 0
-411 -270 -169 -418 -285 -337 -496 -202 -483 -19 -29 -101 -292 -214 -166 -219 -160 -232 -238 -67 -243 0
-4 -45 -243 -67 -77 -232 -358 -38 -101 -238 -29 -6 0
411 -243 -238 -67 -232 -101 -29 -160 -496 -202 -169 -483 -418 -337 0
-409 -4 -501 -75 -238 -243 -128 -483 -363 -411 -337 0
-4 -75 -238 -243 -483 -363 -501 -411 -337 -19 -101 -29 0
-243 -483 -238 -337 -19 -101 -29 -169 -418 -285 -496 -202 -292 -214 -166 -219 -160 -232 -67 0
-418 -29 -496 -292 -238 -101 -160 -343 0
483 -202 -160 -238 -496 -243 -4 -367 0
-202 -481 -243 -238 -268 -4 -411 -160 -343 -337 -496 -301 -367 0
361 -67 -211 -301 -17 -109 -337 -486 -411 0
241 -362 -411 -343 -419 -337 -169 -301 -109 -440 -496 -7 -160 -4 -238 -20 -367 -77 0
410 -443 -301 -343 -337 -219 0
482 -118 -301 -337 -411 -343 -160 -4 -268 -238 -243 -419 -169 -109 -440 -496 -7 -20 -367 0
239 -362 -411 -343 -419 -337 -169 -301 -109 -440 -496 -7 -160 -4 -238 -20 -367 -243 0
-77 -18 -43 -187 -292 -180 -268 -222 -31 -243 -411 -343 -419 -337 -169 -301 -109 -440 -496 -7 -160 -4 -238 -20 -367 -362 -78 0
-70 -166 -187 -43 -18 -41 -191 -323 -91 -417 -333 -501 -74 -314 -71 -4 0
17 -174 -91 -327 -187 0
-409 -43 -292 -243 -436 -268 -411 -343 -419 -337 -169 -301 -109 -440 -496 -7 -160 -4 -238 -20 -367 -78 -491 -363 0
242 -405 -169 -4 -444 -313 -217 -268 -238 0
-481 -411 -496 -7 -160 -4 -238 -367 -243 -169 -268 -343 -491 -301 -337 -292 -436 -419 -109 -440 -20 0
240 -483 -238 -243 -4 -169 -411 -337 -101 -29 -442 -343 -301 -202 -76 -496 -7 -160 0
-411 -4 -160 -496 -343 -238 -243 -101 -29 -292 0
239 -443 -292 -404 -20 -22 -491 -496 -7 -367 -160 -243 -199 -4 0
442 -347 -393 -118 -417 -454 -461 -292 -20 -244 -404 -219 0
76 -20 -404 -284 -443 -393 -118 -417 -454 -461 -292 -244 -219 -288 -268 -69 -243 0
-4 -243 -292 -238 -496 -160 -343 -101 -29 0
-302 -444 -343 -405 -301 -169 -419 0
-444 -483 -169 -405 -511 -70 -238 -292 -380 -436 -519 -189 -491 -343 -337 -67 -301 -419 0
203 -17 -382 -232 -189 -37 -491 -169 -496 -511 -362 -500 -410 -70 -238 0
497 -86 -198 -11 -7 -486 -160 0
-77 241 -189 -7 -491 -160 -496 -198 -11 -23 -20 -337 -405 -301 -411 -343 -169 -511 -70 -238 -292 -436 -519 -419 -210 0
498 -17 -411 -301 -67 -109 -337 -440 -363 -7 -484 -160 0
302 -67 -7 -160 -496 -411 -301 -210 -109 -337 -440 -436 -519 -41 -189 -491 -343 0
241 -411 -37 -491 -169 -496 -511 -70 -238 -301 -343 -337 -405 -419 -7 -160 -189 -210 -109 -440 -436 -519 -23 -198 -11 -20 -292 0
-67 -219 -405 -337 -169 -37 -63 -90 -77 -11 -128 -198 -23 -519 -57 -189 -411 -343 -7 -160 -496 -301 -210 -109 -440 -436 -491 -68 0
302 -362 -141 -57 -169 -511 -70 -238 -301 -343 -337 -219 -189 -411 -491 -198 0
161 -318 -519 -389 -210 -436 -520 -496 -7 0
-362 -286 -70 -169 -141 -496 -160 -519 -389 -210 -436 -7 -32 -128 -23 -411 -20 -301 -343 -337 -219 -405 -419 -57 -511 -238 -189 -491 -198 0
-411 -90 -37 -11 -169 -198 -405 -519 -189 -343 -491 -301 -337 -70 -496 -160 -389 -210 -436 -7 -23 -20 -419 -511 -238 -63 -109 -440 -268 -243 -292 0
162 -513 -86 -7 -486 -160 -238 -496 -5 0
19 -495 -491 -283 -496 -160 -86 -7 -486 -238 -460 -118 -348 -23 0
497 -521 -318 -475 -369 -238 -510 -107 -86 -7 -486 -160 -496 -5 -283 -258 0
218 -189 -294 -101 -491 -496 -318 -238 -86 -7 -486 -160 -283 -118 -287 -21 -221 -77 -33 -242 -140 -268 -246 0
292 -95 -43 -234 -360 -38 -238 -101 0
498 -326 -173 -17 -188 -491 -283 0
68 -74 -238 -7 -486 -160 -496 -313 -500 -173 -17 -491 -283 -294 -43 -234 -360 -38 -101 0
-511 -445 -184 -21 -491 -93 -109 -43 -101 -234 -360 -38 -238 -294 -417 -500 -134 -313 -286 -74 0
497 -294 -313 -500 -184 -21 -491 -43 -101 -234 -360 -38 -238 -134 -286 -74 -140 -486 -283 -160 0
199 -458 -134 -360 -74 0
-444 -360 -238 -7 -491 -160 -496 -313 -500 -486 -173 -17 -483 -169 -343 -302 -301 -419 0
-189 -511 -169 -198 -405 -343 -491 -301 -337 -496 -160 -7 -419 -411 -238 -243 -292 -412 -101 -187 0
-511 -522 -318 -141 -279 -285 -69 -33 -243 -238 -198 -57 -292 -179 -17 -169 -405 -343 -491 -301 -337 -496 -160 -7 -419 -411 -412 -101 -187 0
498 -19 -33 -243 -460 -313 -238 -292 -496 -160 -343 -101 -318 -141 -279 -285 -69 -57 -179 -17 -169 -405 -491 -301 -337 -7 -419 -411 0
-189 -187 -169 -511 -405 -343 -491 -301 -337 -496 -160 -7 -419 -411 -238 -243 -292 -101 -91 0
189 -511 -77 -69 -243 -238 -85 -292 -17 0
294 -198 -440 -169 -411 -405 -519 -189 -343 -491 -301 -337 -496 -160 -7 -23 -419 -511 -238 -109 -243 -292 -414 -101 0
-198 -23 -476 -243 -238 -69 -511 -417 -292 -440 -169 -411 -405 -519 -189 -343 -491 -301 -337 -496 -160 -7 -419 -109 -414 -101 -197 0
-511 -476 -257 -221 -77 -243 -238 -69 -417 -292 -440 -169 -411 -405 -343 -491 -301 -337 -496 -160 -7 -419 -109 -101 -197 -179 -17 -91 -85 0
-302 -7 -169 -411 -343 -301 -337 -496 -160 -238 -362 0
-189 -491 -169 -511 -238 -301 -343 -337 -411 -362 -496 -160 -7 0
241 -453 -508 -93 -118 -174 -347 -127 -325 -287 -222 -78 -68 0
-491 -511 -238 -169 -301 -343 -337 -411 -362 -496 -160 -7 0
-101 -178 -301 -337 -343 -409 -238 -511 -160 -496 -453 -416 -278 -316 -515 -198 -236 -349 -477 -24 -413 -383 -188 345 -404 0
187 -118 -244 -456 -260 -416 -301 -337 -343 -409 -238 -511 -160 -496 -278 -316 -515 -198 -236 -349 -477 -413 -188 345 -404 -43 -18 0
-511 -7 -337 -343 -238 -160 -496 -301 -169 -411 -362 0
-243 -128 -199 -4 -367 -160 -238 -7 -496 -411 -481 -436 -169 -343 -491 -301 -337 -292 -419 -109 -20 -101 0
23 -367 -199 -238 -4 -160 -7 -496 -411 -481 -436 -169 -343 -491 -301 -337 -292 -419 -109 -101 0
241 -367 -4 -238 -244 -199 -411 -363 -444 -481 -314 -129 -68 0
-243 -241 -292 -238 -496 -160 -343 -4 -101 0
188 -384 -18 0
-101 -187 -292 345 -18 -496 -7 -314 -160 -199 -4 -238 -68 -28 -343 -244 -411 -363 -481 -22 -169 -491 -301 -337 -419 0
-491 -28 -292 345 -18 -496 -7 -314 -160 -199 -4 -238 -68 -343 -244 -411 -363 -481 -22 -169 -301 -337 -419 -492 0
241 -77 -4 -238 -244 -199 -411 -363 -444 -481 -314 -367 -68 0
187 -384 -18 0
-101 345 -413 -285 -292 -91 -188 -18 -22 -287 -268 -68 -238 -496 -160 -343 -4 -244 -199 -411 -363 -481 -314 -369 0
-7 -362 -496 -160 -343 -411 -169 -301 -337 -238 0
419 -301 -337 0
23 -413 -101 -491 -238 -4 -160 -496 -411 -343 -301 -337 -292 0
78 -4 -160 -496 -238 -203 -482 -367 0
241 -129 -78 0
-481 -4 -238 -292 -496 -160 -343 -101 -491 -411 -301 -337 0
-4 -491 -101 -238 -160 -496 -411 -343 -301 -337 -292 0
-243 -241 -343 -301 -337 -496 -160 -411 -238 -292 -101 -491 0
170 -457 -160 -7 -365 -133 -37 0
11 -284 -160 -496 -140 -169 -7 -37 -354 -52 -85 0
243 -354 -496 -160 -7 -169 -317 -18 345 -101 -187 -292 -511 -268 -238 -68 -32 0
240 -491 -292 -343 -301 -337 -496 -160 -411 -238 -101 0
77 -12 -496 -169 -7 -37 -485 -160 -354 -87 -197 -52 -328 -40 0
-491 -101 -160 -496 -292 -238 -343 -301 -337 -411 0
239 -11 -512 -201 -198 0
240 -512 -5 0
-511 -285 -268 -169 -68 345 -101 -413 -85 -292 239 -198 -238 0
-101 -343 -238 -160 -496 -292 -301 -337 -411 0
490 -243 -217 -405 -268 -444 -23 -29 -18 -413 -189 0
-511 -222 -268 -217 -444 -405 -169 -238 -501 -437 -417 -519 -203 -160 -180 -18 -496 -189 -492 -29 -413 -513 0
-343 -292 -496 -238 -160 -301 -337 -411 0
338 -74 -482 -511 -238 0
102 -511 -301 -337 -496 -238 -243 -442 -403 -292 0
242 -460 -288 -496 -301 -413 -337 -20 -361 -23 -483 -220 -78 0
492 -202 -301 -496 -337 0
-511 -243 -496 -337 -301 -220 -411 -238 -442 -403 -292 -100 0
242 -491 -411 -337 -169 -4 -403 -292 -199 -100 -512 -238 -28 0
102 -413 -22 -442 -301 -496 -337 -491 -403 241 -292 0
-413 241 -22 -301 -496 -337 -442 -491 -403 -292 -28 -100 0
413 -28 -100 0
-491 -243 -22 -301 -496 -337 -442 -403 -292 -28 -100 -411 -4 -199 -512 -238 0
102 241 -481 -22 -442 -403 -413 -292 0
-243 -292 -238 -160 -301 -496 -337 -411 0
294 -30 -512 -100 0
492 -44 -337 -188 -301 -496 0
412 -134 -74 239 -364 -371 -7 -257 -160 -496 -492 -21 0
-292 -301 -160 -496 -337 -238 -411 0
102 -491 -411 -496 -301 -337 -238 -160 -413 0
-405 -69 -342 -110 -337 -301 -496 -160 -411 -238 -218 -78 -129 -140 -38 -24 -21 0
-512 -342 -301 -337 -344 -238 -110 -496 -160 -411 -78 -38 -21 -241 -29 0
414 -344 -496 -160 -78 -238 -301 -337 -110 -411 -38 -29 0
-491 -413 -411 -496 -301 -337 -238 -160 0
404 -43 -453 -100 -93 -344 -285 -481 -363 -411 -511 -238 -169 0
243 -118 -509 -460 -258 -287 -220 -68 0
491 -301 -411 -160 -238 -496 -337 0
339 -193 -27 -358 -500 -361 0
481 -202 -332 -460 -288 -135 -68 -301 -337 -27 -358 -500 -361 -20 -23 -128 -77 0
-202 -361 -301 -337 -483 -332 -460 -288 -135 -68 -27 -358 -500 -20 -23 -128 -77 0
404 -393 -68 -301 -337 -20 -23 -128 -77 -411 -511 -238 -345 0
338 -202 -301 -511 -74 -238 0
-363 -219 -337 -444 -483 -411 0
-243 -301 -337 -496 -160 -411 -238 0
-301 -411 -238 -337 -496 -160 0
339 -292 -238 -444 -418 -160 -496 -343 -214 -202 -482 -218 -411 -511 -169 0
338 -511 -418 -482 -169 -238 0
443 339 -238 -418 -160 -496 -343 -214 -202 -482 -411 -511 -169 0
-511 -482 -160 -496 -238 -411 -169 -337 0
-101 -129 -4 -74 -160 -199 -496 -238 -482 -313 -343 -292 -243 -102 0
24 -243 -134 -166 -360 -74 -500 -199 -4 -313 -238 -202 -160 -496 -491 -292 -28 -482 -343 -214 -102 -19 0
-101 -20 345 -404 -343 -238 -496 -160 -292 -4 -243 0
-243 -134 -214 -360 -74 -199 -4 -313 -238 -202 -160 -496 -491 345 -404 -343 -292 -22 -500 -28 -482 0
338 -444 -238 -28 -214 -4 -202 -160 -496 -343 -292 -22 -482 -199 -169 -302 -418 -411 0
-101 -243 -444 -363 -411 -269 -238 -160 -496 -4 -292 -337 -102 0
101 -363 -337 -135 -214 -199 -501 -238 -4 -512 -160 -496 -492 -292 -28 0
-444 -482 -496 -160 -238 -411 -169 -337 0
-102 -18 -166 -359 -199 -160 -496 -238 -4 -482 -243 -101 -343 -292 -313 -22 -19 -232 -413 -39 0
-243 -166 -214 -199 -238 -4 -512 -202 -160 -496 -292 -482 -101 -343 -22 -19 -232 -337 -361 -169 -418 -269 0
-482 -169 -337 -496 -411 -160 -238 0
-4 -369 -337 -491 -417 -413 -292 -512 -30 -101 -411 -238 -6 0
414 -268 -443 -337 -411 -418 -284 -169 -9 -323 -42 -382 -446 -188 -346 -491 -19 0
241 -413 -418 -337 -491 -169 -443 -411 -284 -9 -323 -120 -214 -417 -292 -238 -512 -30 -101 -6 -77 0
339 -511 -70 -238 -169 -499 -418 0
-292 -101 -337 -238 -411 -169 -496 -160 0
-101 -169 -337 -411 -238 -496 -160 0
-169 -411 -238 -337 -496 -160 0
315 -4 -403 -337 -411 -418 -270 -292 -242 -491 -483 -413 -512 -30 -101 -238 -160 -500 0
443 -403 -343 0
444 -403 -343 0
338 -4 -496 -160 -337 -411 -292 -101 -238 0
483 -363 -343 -133 -403 -292 -214 -501 -411 -73 -238 -496 -160 -4 -101 -269 -139 -512 -202 0
-4 -292 -160 -496 -238 -101 -337 -411 0
338 -363 -411 0
-314 -25 -458 -133 -460 -214 -119 -509 -168 -70 -511 -238 -313 0
-25 -458 -133 -214 -119 -168 -33 -363 -73 -411 -70 -460 -509 -511 -238 -313 0
-409 -245 -217 -363 -411 -337 0
483 -21 -24 -188 -411 -337 -460 -392 -168 -70 -511 -238 -313 -276 -221 -242 -160 -496 0
-363 -451 -45 -508 -257 -197 -221 -77 -9 -242 -418 -269 -337 -483 -444 -411 0
-292 -101 -411 -160 -496 -238 -337 0
268 -243 -160 -18 -496 -43 -202 -481 -77 -21 -414 -238 -171 -283 -70 -8 -30 0
270 -363 -202 -283 -337 -496 -444 -411 -139 0
-363 -21 -496 -411 -337 -168 -511 -238 -276 -221 -160 -414 -77 -43 -30 0
-243 -9 -133 -365 -299 -235 -351 -476 -21 -414 -238 -67 -160 -171 -283 -496 268 -70 -30 0
-101 -411 -160 -496 -238 -337 0
415 -509 -119 -307 -214 -453 -393 0
512 -327 -18 -174 -293 -214 -393 -43 -283 -256 -202 -160 -496 -492 -413 -20 -128 -77 -368 -238 0
-243 -492 -496 -413 -160 -29 -18 -174 -293 -214 -43 -283 -202 -20 -368 -238 -222 -67 -241 0
-363 -411 -337 -160 -496 -238 0
-512 -177 -120 -510 -20 -413 -288 -29 -283 -171 -160 -410 -238 -243 -496 -270 -217 0
-243 -77 -368 -238 -120 -20 -413 -29 -283 -171 -160 -410 -496 -270 -217 -446 -275 -257 -222 -67 -241 0
-411 -337 -160 -496 -238 0
497 -202 411 -243 -283 -160 -512 -496 -419 -481 -302 -238 0
-202 -283 -500 -238 -302 -419 -160 -496 -243 -413 -512 -491 -362 411 0
498 -169 -302 -512 -419 -173 -69 -243 -238 -413 -7 -491 -283 -160 0
-29 -444 -345 -413 -512 -238 -243 0
-405 -444 -301 -302 -169 -419 0
-511 -74 -315 -238 0
-283 -413 -243 -238 -512 -160 -496 -337 0
204 -170 -442 -419 -481 -302 0
-444 -511 338 -238 -101 -76 -481 -442 0
415 -307 -91 -400 -12 -201 -512 239 -300 0
-511 -413 -91 -512 -237 -349 -139 -337 -481 338 -238 -442 -243 -315 0
345 483 -491 -28 -496 -160 -238 -4 -243 -413 -302 0
-444 -413 -337 -496 -243 -512 -238 -160 0
30 -194 -199 -238 -4 -243 -160 -442 -496 -337 -22 -413 -28 -292 -345 0
240 -258 -413 -491 -101 -194 -496 -369 -358 -315 -160 -199 -512 0
71 -187 -91 -43 -17 -42 -192 -324 -416 -166 -500 -332 -315 -75 0
-343 -91 -42 -67 -413 -337 -496 -160 -199 -4 -238 -101 -369 -512 -21 -220 444 0
-413 -512 -337 -160 -238 -496 -243 0
-512 -243 -496 -160 -238 -337 0
102 -413 -29 0
100 -413 -29 0
345 -257 -238 -413 -29 -160 -410 -496 -243 -78 -284 -170 -481 -419 -302 -203 0
412 -413 -337 -238 -243 -160 -496 0
345 -404 -419 -170 -302 0
-413 -243 -337 -238 -160 -496 0
-301 -403 -468 -244 -460 -288 -243 413 -481 -302 -419 -393 -170 -337 0
-403 -243 -496 -160 -238 -337 0
67 -216 -393 -118 -460 -386 -288 -95 0
-243 -337 -160 -238 -496 0
-301 -24 -78 -129 -481 -21 -302 -419 -403 -170 -337 0
-29 -413 -496 -337 -238 -160 0
-343 -442 -403 0
-301 -403 -160 -496 -413 -238 -337 0
492 -462 -315 -238 -230 -5 -202 -160 -496 0
-169 -326 -173 -491 -496 -17 -292 -139 -403 -171 -302 -343 -419 0
497 -137 -65 -129 -292 -78 -512 -86 -139 -481 -5 -484 -283 -202 -160 0
-403 -413 -496 -160 -238 -337 0
498 -43 -23 -512 -292 -392 -179 -216 -56 -118 -197 -7 -521 -491 -256 -160 0
-301 -169 -238 -160 -496 -292 -343 -405 -337 0
403 -337 -160 -238 -496 0
-337 -238 -496 -160 0
74 -451 -43 -68 -381 -47 -287 -456 -70 0
-511 -43 -485 -351 -167 -361 -217 -409 -73 -238 -355 -68 -36 -177 -417 -348 -393 -446 -215 -128 -77 -510 -20 -24 -368 -513 0
412 -491 -238 -217 -270 -160 -496 -343 -444 -481 -20 268 -283 -171 -485 -351 -167 -73 -355 -68 -417 -446 -215 -275 -222 -233 -37 -102 0
413 -102 -496 -238 -160 -343 0
497 -417 -238 -217 -160 -496 -343 -444 -481 -20 -283 -171 -167 -73 -355 -68 -270 -215 -275 -222 -233 -37 -102 -139 0
-292 -275 -222 -20 -496 -238 -160 -343 -180 -139 -9 -283 -203 -217 -444 -481 -171 -167 -73 -355 -68 -270 -215 -233 -37 -102 -293 0
498 -167 -78 -481 -361 -409 -511 -238 -16 -499 -187 -415 -490 -160 0
420 -403 -238 -496 -343 -160 0
497 -292 -139 -160 -496 -444 405 -343 -238 -283 -204 0
332 -511 -409 -458 -361 -238 0
128 -342 -332 -460 -509 -370 -176 -494 -21 -447 -24 0
127 -511 -16 -188 -216 -92 -133 239 -512 -458 -324 -370 -168 -204 -238 -509 -409 -361 -481 -477 -21 -447 -107 -78 0
-511 -416 -133 -8 -216 -16 -509 -234 -37 -324 -176 -101 -168 -494 -21 -413 -370 -447 -78 -129 -188 -92 239 -512 -458 -204 -238 -409 -361 -481 -477 -107 0
-292 -481 -73 -133 -8 -216 -37 -204 -238 -269 -139 -283 -160 -496 -444 405 -343 0
498 -176 -8 -216 -16 -511 -234 -37 -133 -101 -168 -21 -413 -370 -78 -129 -512 -204 -238 -409 -361 -481 -107 -139 -490 -283 -256 -160 0
-512 -78 -496 -8 -216 -511 -234 -37 -133 -101 -168 -21 -187 -204 -238 -481 -139 -283 -160 -276 -221 -127 -241 0
-78 -101 -160 -238 -343 -496 -21 102 -8 -216 -511 -234 -37 -133 -168 -187 -204 -481 -139 -283 -276 -221 0
-403 -343 -160 -496 -238 0
497 -283 -413 -405 -292 -343 -490 -101 0
444 -481 -238 -169 -409 -418 -361 -301 -511 -343 0
-481 -511 -361 -409 -238 -301 -418 -343 403 0
491 -193 -409 -361 -238 -511 -169 -418 -301 -202 -496 0
-511 403 -361 -409 -238 -301 -418 -343 -496 -490 0
-496 -343 -238 -511 0
102 -52 -16 -44 -78 -234 -367 -37 0
203 -414 -511 -238 -409 -418 -301 -343 -361 -481 0
100 -127 -510 -20 -275 -222 -120 -241 -511 -414 -293 0
76 -52 -16 -45 -233 -37 -102 -510 -20 -275 -222 -120 -511 -414 -293 0
44 -346 -256 -510 -456 -120 -129 -311 -42 -52 -451 -16 0
19 -66 -263 -298 -11 -86 -9 -68 -160 -287 -457 -460 -133 -246 -510 -215 -467 -120 -355 -456 -47 -37 -386 -233 -45 -256 -129 -311 -42 -52 -451 -16 -23 0
492 -361 -238 -409 -511 -418 -343 -481 -301 0
120 -48 -460 -455 0
127 -14 -524 -451 -446 -381 0
129 -37 -234 -365 -44 -371 -451 -221 -309 -242 -107 0
100 -16 -78 -511 -238 -409 -361 -481 -418 -301 -343 0
102 -361 -511 -238 -409 -418 -343 -301 -481 0
203 -361 -238 -409 -511 -481 -418 -301 -343 0
-78 -361 -238 -409 -511 -481 -418 -301 -343 0
-361 -301 -238 -409 -481 -418 -511 -343 0
-301 -409 -238 -418 -481 -511 -343 0
363 -409 -337 0
-413 -119 -409 -337 -343 -511 -238 -418 100 0
203 -16 -511 -78 -67 -343 -418 100 -238 -337 -409 0
-413 -45 -16 -337 -67 -238 -214 -241 -409 -343 -511 -418 100 0
-16 100 -343 -511 -481 -238 -409 -418 -78 0
-413 -43 -511 -238 -418 -409 -343 -337 -214 100 0
100 -78 -343 -238 -418 -409 -481 -511 0
492 -438 -518 -19 -179 -404 -287 -382 -40 -511 -238 -418 -16 -363 -337 0
412 -16 -409 -197 -337 -511 -238 -418 -390 -24 -67 -242 -78 -343 -100 -30 0
414 513 -481 -256 -78 -460 -409 -337 -520 -343 -238 -202 -490 -100 0
-411 -230 -409 -337 -510 -270 -490 -418 -511 -238 0
-512 -413 -418 -511 -238 -78 -343 -409 -481 0
-411 -23 -222 -78 -243 -409 -337 -405 -343 -418 -511 -238 0
-413 -78 -418 -511 -238 -343 -409 -481 0
-243 -22 -127 -241 -238 -73 -70 -29 0
-78 -409 -238 -418 -343 -511 -481 0
-411 -101 -243 -337 -483 -343 -418 -511 -238 -409 0
-409 -418 -481 -238 -511 -343 0
17 -91 -143 -311 -293 -180 -40 -327 -437 -174 0
295 -51 -401 -277 0
Solved
