165 -271 -85 -18 -52 -28 -109 -316 -313 0
-271 -52 -62 -25 -250 -85 -96 -1 -310 -112 -109 -316 -313 -163 -18 -28 0
271 -62 -304 -96 -319 -310 -112 -316 -313 -163 -250 0
252 165 -271 -85 -28 -109 -316 -313 -278 -304 -245 0
317 -271 -223 -124 -25 -96 -1 -250 -58 -85 -28 -109 -316 -313 -278 -304 -245 -62 -310 -163 0
341 -212 -250 -85 -96 -1 -310 -112 -109 -316 -313 -163 -28 -25 -223 -124 -58 -304 -245 -319 0
164 -101 -96 -1 -310 -112 -250 -316 -63 0
225 -271 -54 -85 -292 -69 -151 -25 0
-271 -63 -101 -25 -223 -54 -85 -292 -69 -151 0
342 -96 -91 -25 -85 -292 -151 -310 -112 -109 -316 -313 -163 -223 -1 -250 -298 -236 -296 0
347 -250 -1 -310 -112 -343 -313 -316 -223 -124 -25 -58 -85 -28 -109 -304 -163 -319 -340 -91 -292 -151 -298 -220 -184 0
-96 -74 -246 -250 -304 -12 -62 -25 -85 -18 -1 -310 -112 -109 -316 -313 -163 -271 -28 -95 0
318 -271 -85 -292 -151 -25 -223 -58 -124 -246 -250 -304 -1 -310 -112 -109 -316 -313 -163 -28 -95 0
-271 -250 -25 -223 -85 -292 -151 -1 -109 -313 -95 -310 -163 -112 -316 -58 -124 -246 -304 -28 0
-96 -250 -304 -319 -310 -316 -313 -163 271 -112 -95 0
-250 -112 -25 -223 -163 -58 -316 -124 -340 -304 -319 -310 -313 -85 -292 -151 -1 -109 -28 -220 -184 -346 -343 -91 -298 0
317 -271 -151 -25 -223 -85 -292 -28 -109 -217 -313 -349 -163 -112 0
26 -100 -292 -192 -85 -148 -271 -200 0
282 -226 -127 0
27 -282 -91 -68 0
-271 -292 -85 -148 -25 -91 -115 -256 -88 -118 -322 -217 -73 -349 -310 -163 -112 -316 -151 -223 -28 -109 -313 0
318 -136 -256 -118 -340 -217 -319 -61 -349 -187 -163 -112 0
352 -118 -256 -340 -319 -163 -316 -85 -25 -91 -115 -322 -310 -151 -223 -109 -313 -58 -124 -304 -1 -220 -184 -346 -343 -298 0
293 -68 -223 -151 -25 -271 -53 -85 0
26 -250 -124 -223 164 -1 -310 -112 -58 -316 -63 0
27 -100 -189 -58 -150 -271 -223 -124 -91 -68 0
26 -189 -45 -151 -271 -223 0
164 -112 -85 -151 -271 -223 -58 -124 -91 -25 -352 -340 -109 -316 -313 0
27 -188 -44 -151 -271 -223 0
-112 -271 -79 -85 -151 -304 -223 -25 -352 -109 -316 -313 -163 -58 -124 -91 -340 0
27 -271 -151 -316 -223 -310 -67 0
-271 -352 -151 -223 -310 -25 -79 -85 -304 -316 -109 -313 -163 -58 -124 -91 -340 0
317 -112 -282 -104 -68 -187 -228 0
-112 -96 -256 -118 -340 -319 -163 -313 -304 -310 -316 271 -322 -198 -44 -282 -104 -68 -228 0
26 -352 -163 -316 -241 -310 -256 -118 -340 -319 -313 -304 271 -322 -124 -151 -58 -223 -91 0
318 -112 -91 27 -187 -227 0
-112 -352 -109 -319 -313 -322 -304 -310 -316 -163 271 -95 -197 -45 -91 27 -227 0
-118 -124 -316 -241 -310 -109 -319 -313 -322 -304 -91 -163 -151 -58 -223 -25 -256 -340 -79 -85 -115 -1 -220 -184 -346 -343 -298 0
-271 -223 -151 -25 -85 -109 -313 -163 -316 -217 -58 -124 -340 -304 -319 -310 -1 -220 -184 -346 -343 -91 -298 -79 0
317 -112 -319 -310 -316 -313 -163 271 -304 -184 -220 -232 -358 -340 0
-112 271 -319 -310 -316 -313 -163 -304 -223 -184 -25 -91 -220 -232 -358 -340 0
318 -223 -58 -232 -25 -358 -340 -67 -319 -313 -61 -310 -187 -163 0
361 -58 -232 -340 -319 -313 -310 -163 -316 -304 -184 -91 -220 -151 -85 -109 -1 -346 -343 -298 -79 -241 -322 -256 -115 0
187 -223 -304 -85 -361 -271 -54 -151 -44 0
189 -44 -271 0
317 -271 -85 -340 -307 -115 -151 -304 -361 -109 -313 -310 -163 0
188 -271 -45 0
-271 -361 -304 -85 -151 -109 -313 -310 -163 -316 -340 -307 -115 0
363 -223 -25 0
-223 -25 -361 0
363 -256 -1 -115 -340 -82 -61 -310 -163 -316 -313 -187 -319 -343 -304 0
364 -340 -115 -310 -313 -319 -304 -1 -85 -151 -109 -307 -232 -184 -220 -346 -298 -241 -322 0
165 -317 -189 -313 0
200 -338 -332 -289 -190 0
341 -327 -16 -297 -277 0
316 -165 -298 -223 -304 -151 -319 -271 -364 -313 -189 -340 0
25 -339 -344 -304 -1 -322 -362 -102 -68 0
110 -180 -18 -304 -289 -353 -339 -294 -271 -151 -223 -25 -68 -85 -54 0
252 -200 -11 -322 -95 -88 -74 0
179 -142 -220 -296 -184 -18 -346 -171 0
290 -276 -78 -197 -95 -30 -11 -18 -180 -220 -296 -184 -346 -319 -322 -304 -88 -74 -246 0
305 -327 341 -277 -220 -346 -180 -201 -11 -322 -95 -88 -74 -54 -339 0
251 -201 -180 -220 -296 -184 -18 -346 -171 -322 -246 -88 0
-317 -189 -184 -346 -322 -304 -319 -313 -109 -271 -151 -223 -85 -310 -1 -340 -220 -364 -298 0
251 -201 -12 -322 -96 -88 -75 0
246 -289 -108 -346 -264 -297 -184 -17 -220 0
180 -170 -220 -142 -184 -17 -346 -297 0
291 -77 -166 -198 -96 -17 -179 -220 -142 -184 -346 -297 -319 -322 -304 -88 -250 -75 -313 -109 -53 -338 0
-292 -250 -304 -322 -96 -88 -75 -220 -142 -184 -17 -346 -297 -313 -179 -109 -200 -271 -85 225 -69 -151 -25 -293 0
-25 -338 -304 -322 -53 -75 -220 -184 -17 -346 -297 -313 -109 -271 -85 225 -69 -151 -293 -198 -319 -108 -264 -279 -113 -103 -345 -27 -223 0
-189 -223 -184 -220 -304 -1 -85 -271 -346 -151 -322 -313 -109 -319 -340 -364 -310 -298 0
245 -297 -16 -277 -340 -289 0
-297 -16 -144 -277 -340 -289 -220 -184 -346 -237 -296 0
-223 -271 -220 -184 -346 -298 -364 -304 -151 -319 -313 -340 -1 -85 -322 -109 -310 0
306 -16 -297 -289 -340 -220 -184 -346 -144 -327 -298 -313 -271 -261 -25 -361 -319 0
-277 -244 -346 -297 -184 -17 -220 -340 -289 -16 0
295 -338 -289 -346 -297 -184 -17 -220 -340 -16 -104 0
-16 -17 -184 -340 -220 -297 -289 -346 -25 -361 -304 -298 -313 -271 -319 0
305 -259 -82 -364 -310 -58 -271 -25 -361 -319 0
-259 -58 -82 -364 -310 -271 -25 -361 -319 -304 0
-277 -244 -278 -16 -297 -340 -289 0
306 -289 -278 -16 -297 -340 -143 -298 -313 -271 -25 -187 -361 -319 0
-289 -297 -220 -184 -346 -298 -196 -313 -271 -25 -187 -361 -319 -304 -16 -340 0
69 -199 -115 -190 -82 -322 -310 0
289 -190 -115 -82 -322 -310 0
26 -8 -319 -313 -187 -361 -271 -105 0
-271 -184 -319 -346 -313 -340 -220 -298 -304 -115 -322 -310 -364 -151 -1 -85 -109 0
-361 -363 -364 -310 -313 -259 -187 -319 -304 -307 -25 0
188 -339 -340 -304 -16 -297 -319 -259 -105 0
-277 -102 -61 -340 -346 -297 -184 -289 -220 -16 -17 0
27 -16 -61 -340 -346 -297 -184 -220 -289 -313 -259 -187 -304 -319 -151 -364 -310 -307 -25 0
189 -16 -61 -340 -346 -297 -184 -289 -220 -298 -304 -319 -313 -259 -104 0
-277 -287 -297 -143 -340 -278 -16 -289 0
-16 -297 -289 -340 -304 -319 -313 -259 -187 -61 -346 -184 -220 -298 -25 -151 -364 -310 -307 0
-361 -213 -307 -344 -83 -362 -25 0
105 -180 -289 -251 -74 -322 -266 -241 -124 -66 -275 -174 -196 -83 -59 -78 -223 -232 -25 0
188 -277 -340 -297 -289 -322 -241 -232 -25 -307 -364 -310 -220 -17 -184 -142 -346 -28 -304 -109 -319 -313 -259 0
211 -65 -322 -173 -196 -84 -77 -223 -297 -232 -25 -105 0
-297 -289 -1 -346 -184 -220 -340 -322 -232 -25 -364 -310 -313 -259 -187 -319 -304 -307 -109 -241 -61 -298 -151 0
17 -107 -325 -288 0
-277 -184 -346 -220 -297 -340 -16 -289 -17 0
305 -361 -25 -188 -105 -319 0
-361 -188 -313 -17 -340 -220 -297 -289 -346 -25 -16 -184 -304 -319 -105 0
187 -105 -261 -25 0
189 -304 -289 -337 -211 -319 -313 0
188 -304 -289 -337 -211 -319 -313 0
-304 -313 -340 -220 -297 -289 -346 -25 -16 -184 -17 -319 0
221 -367 -184 0
-367 -184 -220 0
189 -244 -297 -144 -288 -211 -289 -337 -304 -319 0
-184 -346 -289 -297 -17 -16 -220 -340 -319 -25 0
306 -189 -261 -25 -220 -211 -367 -319 0
-189 -211 -25 -261 -289 -297 -16 -327 -340 -220 -367 -304 -319 0
213 -318 -45 -375 -371 -346 -105 -297 -327 -288 -108 -144 -363 -339 -264 -246 -343 -308 -289 0
-211 -304 -144 -288 -289 -297 -319 -279 -346 -327 -340 -220 -367 -25 -261 -16 0
-304 -367 -327 -297 -288 -144 -220 -25 -340 -16 -289 -319 -279 -346 -261 0
212 -105 -288 -297 -289 -279 -144 0
221 -315 -94 -70 -44 -68 -187 -25 -340 -105 -367 -297 0
-105 -211 -319 -346 -327 -297 -288 -340 -144 -367 -220 -94 -70 -25 -151 -337 -289 -82 -279 -261 0
-211 -94 -30 -70 -340 -319 -367 -288 -346 -220 -144 -179 -337 -289 -279 -361 -25 -327 -297 -261 0
-346 -220 -297 -289 -340 -16 -319 -25 -17 0
103 -68 -25 -261 -187 -319 -315 -144 -373 -184 -288 -235 -220 -297 0
213 -105 -297 -16 -327 -288 -319 -340 -25 -261 -144 -373 -184 -235 -220 -289 0
-105 -373 -144 -288 -297 -340 -16 -327 -319 -25 -261 -289 -184 -235 -220 -279 0
212 -244 -234 -319 -373 -304 -220 -189 -289 -279 0
287 -213 -340 -297 -16 -327 -289 -234 -319 -373 -304 -220 -189 -279 -144 0
149 -116 -311 -228 -68 -281 -216 -4 0
251 -122 -88 -3 0
-220 -16 -340 -297 -319 -289 -25 -17 0
188 -370 -25 -305 -319 -261 0
337 -312 -200 -68 -217 -137 -87 189 -153 0
-105 -200 -100 -57 -261 -63 -122 -25 -252 -338 -297 -144 -288 -289 -244 -319 -68 -217 -137 -373 -370 -212 -188 -104 0
375 -113 -68 -96 -311 -241 0
-16 -319 -25 -297 -289 -340 -17 0
-261 -105 -189 -25 -259 0
187 -211 -277 -340 -189 -273 -105 -45 0
-211 -105 -340 -297 -277 -45 -189 -273 0
145 -108 -122 -264 -2 0
342 -363 -225 -192 -227 -280 -93 -366 -165 -102 -62 0
314 290 -197 -18 -95 -220 -296 -319 -322 -304 -88 -74 -246 -368 -374 -79 -233 -366 -250 -372 -165 0
373 -52 -111 -86 0
143 -304 -280 -192 -88 -230 -319 -233 -86 -313 -197 -18 -220 -296 -227 -246 -368 -366 -165 -152 -312 -114 -339 -69 -289 -263 -107 -286 0
326 -72 -114 -69 -312 -220 -373 -233 -372 -300 -235 -102 0
327 -373 -220 -312 -114 -69 -88 -289 -263 -235 -217 -107 0
67 -201 -169 -366 -343 -304 -165 -319 -313 -371 -233 -373 -312 0
291 -123 -132 -366 -209 -165 -313 -192 -343 -227 -280 -114 -69 -169 -304 -319 -371 -233 -373 -312 -263 0
-373 -300 -114 -69 -312 -220 -233 -313 -235 -102 -197 -18 -296 -319 -304 -88 -246 -368 -366 -165 -152 -339 -289 -132 -209 -192 -343 -227 -280 -169 -263 -217 -325 -107 0
-111 -353 -289 -28 -339 373 -86 0
-304 -197 -289 -18 -220 -296 -319 -88 -233 -366 -165 -277 341 -313 -340 -271 -235 -102 -343 -28 -86 -114 -69 -312 -152 -209 -192 -227 -280 -169 -325 -137 -142 -286 0
-105 -189 -25 -18 -319 -277 -340 -28 -169 -325 -142 -286 -289 -297 -259 0
226 -4 -280 -92 -366 -362 -307 -213 -83 -25 -224 0
-226 -366 -117 -189 -83 26 -151 -317 -307 -213 -25 -165 -259 -280 -228 0
-366 -83 -304 -340 -263 -319 -280 -307 -213 -25 -117 -189 26 -151 -317 -165 -259 -228 0
316 -189 -259 0
-226 -372 -366 -189 26 -307 -213 -25 -165 -259 -280 -228 -373 -312 0
311 -151 -340 -366 -319 -263 -307 -213 -25 -280 -189 26 -304 -117 -165 -259 -228 0
317 -165 -366 0
-151 -9 -257 -220 -116 -373 -234 -313 -45 -189 26 -223 0
44 -272 -259 -189 0
365 -263 -366 -319 -304 -213 -25 -280 -189 26 -340 -117 -165 -259 -228 -220 -373 -234 -313 -343 0
-263 -245 -277 -340 -280 -165 -366 -319 -304 -213 -25 -189 26 -117 -259 -228 -220 -373 -234 -313 -343 0
370 -220 -289 -277 -280 -165 -366 -319 -304 -213 -25 -189 26 -259 -228 -340 -373 -234 0
364 -58 -231 -126 -340 -228 -61 -280 -165 -92 0
-220 -280 -289 -213 -366 -340 -228 -373 -165 -277 -319 -304 -25 -189 26 -259 -234 0
220 -368 -340 -297 0
-304 -373 -25 -366 -165 -213 -340 -289 -297 -228 -277 -319 -189 26 -259 -234 0
343 -367 -340 -297 -277 -213 -9 0
304 -61 -340 -297 -165 -231 -228 -92 -366 -277 -213 -9 -362 -25 0
342 -346 -340 -289 -297 -232 -25 -109 -322 -310 -220 -17 188 -304 -241 -319 -313 -165 -61 0
345 -59 105 -251 -322 -74 -241 -266 -180 -275 -174 -196 -83 -66 -289 -232 -25 0
365 -83 -25 -340 -297 -277 -9 105 -251 -322 -74 -241 -266 -180 -275 -174 -196 -66 -289 -232 0
-165 -366 -340 -25 -297 -289 -17 -319 -189 0
363 -230 -5 -319 -58 -304 -124 0
341 -123 -146 -115 -82 -224 -362 -5 -319 -58 -304 -124 -101 -63 0
-361 -247 -88 -245 -289 -220 -297 -108 -17 -264 -369 -169 -319 -343 -304 -198 -5 -58 -124 -362 -25 0
281 -304 -68 -289 -224 -220 -297 -17 -319 -343 -88 -198 -58 -362 -25 -340 -101 -63 -333 -191 -228 0
280 -220 -191 -311 -297 -228 -68 0
-220 -58 -289 -340 -153 -362 -25 -228 -68 -224 -297 -17 -319 -343 -88 -198 -101 -63 -333 -191 -282 -311 0
-366 -189 -340 -289 -25 -17 -319 -297 0
-361 -304 -280 -68 -60 -259 -364 -271 -25 -319 -228 -362 0
-226 -5 -220 -25 -304 -338 -17 -297 -313 -198 -319 -108 -264 -279 -113 -103 -345 -27 -223 -369 -289 -231 -191 -271 -311 -280 -228 0
4 -375 -198 -77 -96 -17 -75 -220 -142 -297 -319 -322 -304 -88 -179 -313 -338 -234 -153 -369 -169 -245 -8 -289 -264 -231 0
374 -75 -96 -322 -313 -371 -241 -234 -220 0
312 -96 -271 -220 -25 -304 -17 -297 -313 -198 -319 -108 -264 -279 -113 -103 -345 -27 -223 -234 -153 -191 -289 -340 -228 -343 -88 -58 -311 -280 -5 -369 -231 0
-58 -304 -264 -191 -289 -340 -153 -25 -228 -297 -17 -319 -343 -88 -198 -220 -311 -280 -113 -271 -108 -313 -279 -103 -345 -27 -223 -234 -369 -231 -124 -60 0
282 -84 -88 -191 -138 -101 -142 -325 -286 -108 -311 -113 -264 -68 -4 0
262 -322 -199 -63 -271 -223 -292 -101 -25 -69 -88 -375 -96 -313 -75 -241 -234 -220 -153 -351 -338 -217 -331 -325 -123 -147 -108 0
-69 -199 -88 -123 -289 -108 -264 -63 -271 -223 -101 -25 -375 -313 -234 -220 -153 -338 -331 -325 -147 -353 -311 -113 -68 0
-304 -220 -108 -264 -311 -289 -88 -271 -25 -234 -313 -153 -331 -113 -191 -17 -297 -198 -319 -279 -103 -345 -27 -369 -231 -280 -228 -340 -343 -60 -364 0
-220 -264 -289 -340 -153 -25 -228 -297 -17 -319 -343 -88 -198 -191 -311 -60 -108 -271 -234 -313 -331 -113 -279 -103 -345 -27 -369 -231 -280 -364 0
-189 -319 -297 -340 -289 -25 -17 0
-282 -84 -223 -25 -228 -187 317 -68 -112 -280 0
67 -234 -105 -371 -101 -325 -108 -264 -142 -22 -4 -191 -88 -286 -68 -223 -25 -228 -187 317 -280 0
69 -228 -105 -280 -25 0
103 -88 -220 -277 -252 -297 -212 0
104 -223 -84 -228 -25 0
103 -96 -369 -75 -220 -84 -252 -297 -228 -212 -277 0
-364 -310 -8 -369 -304 -363 -187 -259 -313 -319 -220 -361 -25 -365 0
-228 -313 -340 -61 -68 317 -8 -369 -304 -363 -187 -259 -230 -319 -220 -25 -105 -252 -297 -212 -277 -191 0
281 -95 -289 -187 -220 -340 -25 -313 -259 -319 -304 -61 -151 -252 -371 -297 -84 -311 -113 -223 -68 -282 -105 -191 -129 0
-223 -282 -25 -68 -365 -289 -187 -220 -340 -313 -259 -319 -304 -61 -151 -252 -371 -297 -84 -311 -113 -105 -191 -129 -126 0
-313 -369 -8 -304 -363 -187 -259 -319 -220 -25 -68 -289 -340 -61 -151 -252 -371 -297 -105 -191 317 -230 -277 -315 0
313 -142 -325 -286 -289 -277 -340 -61 -371 -164 0
105 -289 -304 -313 -319 -297 -340 -25 0
-84 -289 -313 -25 -68 -282 -228 -105 -223 0
189 -212 -297 -340 -289 -343 -220 -319 -25 -364 -317 -313 0
-289 -340 -297 -319 -25 -220 -313 -228 -282 -68 -223 0
44 -189 -272 0
310 -340 -319 -337 -220 -223 -313 26 -343 -297 -211 -282 -228 0
-340 -282 -297 -220 -228 -319 -223 -313 -25 -68 0
-282 -68 -223 -25 -228 -319 -220 -297 -313 0
-277 -75 -319 103 -220 -84 -96 -297 -228 -304 -289 -25 -340 0
-337 -187 -304 -289 -313 -319 -211 0
-84 -340 -297 -289 -220 -319 -25 -313 -310 -228 -223 0
227 -277 -340 -289 -343 -220 -319 -25 -317 -313 -297 -273 -152 -59 -304 -187 -124 0
104 -187 -297 -340 -289 -343 -220 -319 -25 -313 -317 0
-187 -340 -289 -343 -220 -319 -25 -317 -313 -297 -273 -152 -59 -304 -124 -228 0
-340 -289 -297 -313 -319 -25 -220 -228 -310 -223 0
189 -375 -310 -94 -124 -308 -70 -228 -313 -104 0
-226 -179 -200 -203 -191 -249 282 -228 0
-68 -228 -25 -220 -319 -313 -297 -223 0
-187 -246 -220 -373 -73 -323 -105 -304 -213 -197 -152 -319 -313 -340 -343 -25 -289 -297 -273 -59 -124 -228 0
-289 -340 -297 -319 -25 -220 -313 -228 -223 0
-189 -187 -337 -304 -105 -25 -319 -273 -152 0
104 -8 -244 -220 -371 -197 -152 -45 -318 -311 -228 -223 -25 0
189 -244 -220 -297 -228 -223 -25 -211 -319 -313 0
289 -228 -25 -319 -220 -297 -313 -223 0
-228 -297 -313 -220 -319 -25 -223 0
Solved
