221 -425 -163 -74 -118 -421 -403 -7 0
197 -433 -542 -23 -337 0
-433 -7 -341 -74 -145 -525 -430 -403 -118 -421 -163 -264 -296 -222 -44 -196 -542 -23 -337 0
198 -373 -163 -417 -74 -563 -430 -7 -550 -296 -222 -176 -565 -44 0
165 -95 -440 -118 -509 -538 -424 -341 -351 -317 -74 0
45 -408 -176 -25 0
-7 -74 -163 -118 -421 -403 -222 -44 -525 -550 -196 -563 -430 -296 -209 -428 -55 -50 -542 -23 -341 -145 -264 -337 0
119 -419 -421 -402 0
43 -525 -362 -424 -421 -118 -527 -430 -10 -538 -271 -296 -204 0
571 -337 -196 -44 -362 -421 -118 -430 -538 -271 -163 -403 -222 -550 -563 -428 -55 -341 -145 -30 -247 -469 -91 -293 -126 0
351 -204 -538 -74 0
254 -276 -550 -524 -54 -27 0
404 -501 -222 0
120 -368 -160 -157 -387 -550 -27 -364 -7 -424 -421 0
-368 -16 -378 -553 -461 -55 -336 -157 -364 -362 -424 -421 -118 -160 -387 -550 -27 -7 0
220 -336 -277 -160 -157 -364 -421 -378 -553 -461 -55 -362 -424 -118 -387 -550 -27 -177 -501 0
-7 -336 -277 -160 -157 -364 -387 -550 -27 -424 -421 -118 -163 -74 -403 221 0
423 -17 -55 -362 0
75 -27 -160 -550 -277 -157 -364 -118 -421 -55 -362 -177 -222 -553 -461 -496 -145 -403 -351 -163 0
45 -74 -160 -364 -421 -550 -118 -337 -247 -428 -469 -55 -91 -538 -30 -157 -277 -362 -222 -553 -461 -496 -145 -403 -163 -196 0
422 -66 -178 -110 -461 -266 -268 -283 -160 -157 -41 -424 -364 -118 0
-74 -337 -421 -364 -118 -55 -362 -178 -461 -268 -160 -538 -163 -496 -145 -403 -222 -44 -550 -157 -247 -428 -469 -91 -30 -277 -553 -196 0
17 -541 -49 0
18 -541 -49 0
74 -44 -550 -268 -205 -362 -160 -157 -364 -118 -421 -55 -163 -30 0
523 -317 -185 -341 -408 -182 -27 0
524 -27 -275 -254 -550 -53 0
-27 -351 -74 -208 -160 -550 -277 -157 -364 -118 -421 -55 -362 -222 -553 -461 -496 -145 -403 -30 -163 -185 -341 -182 -304 -95 -401 -205 -525 -275 -254 -53 0
27 -377 -195 -496 -268 -387 -284 -254 -44 0
426 -208 -74 -160 -550 -277 -157 -364 -118 -421 -55 -362 -222 -553 -461 -496 -145 -403 -30 -163 -185 -341 -182 -304 -95 -401 -205 -27 -275 -254 -53 0
423 -160 -271 -550 -277 -157 -364 -118 -421 -55 -362 -222 -553 -461 -496 -145 -403 -163 -538 -44 -268 -30 -341 -205 -178 -325 -428 0
253 -163 -538 -74 -44 -222 -403 -145 -186 -496 -276 -386 -54 0
580 -30 -178 -563 -550 -538 -222 -403 -145 -496 -325 -277 -157 -364 -271 -553 -268 -205 -576 0
422 -118 -580 0
423 -118 -580 0
523 -462 -576 -341 -182 -27 0
363 -254 -27 -53 -275 -30 -185 -74 -317 -350 -341 -425 -524 -576 -536 -518 -343 0
161 -350 -425 -538 -74 -531 -205 -27 -53 -275 -317 -341 -576 -361 -30 -536 -518 -343 -325 -364 -62 -550 -157 0
363 523 -576 -341 -536 -27 -518 -343 0
349 -524 -268 -341 -576 -361 -536 -27 -518 -343 -205 -145 -403 -317 -222 -425 -74 0
-254 -101 -343 -576 -341 -361 -430 -30 -425 -74 -350 -268 -536 -27 -518 -205 -145 -403 -317 -222 -550 -275 -53 -253 0
426 -462 -386 -496 -178 -145 -242 -403 -563 -222 -550 -74 -523 -350 0
204 -317 -341 -268 -576 -283 -43 0
164 -74 -531 -145 -403 -222 -178 -563 -550 -496 -425 -538 -341 -268 -576 -27 -343 -361 -430 -30 -536 -518 -205 -275 -53 -162 -325 -364 -62 -157 0
340 -523 -387 -275 -27 -550 -53 -531 -536 -518 -343 -361 -576 0
460 -459 -100 -209 -239 -427 -378 -542 -576 -430 -374 0
-459 -294 -205 -305 -105 -450 -247 -435 -62 -470 -153 -576 -462 -100 -209 -239 -427 -378 -542 -430 -374 0
525 -305 -361 -518 -536 -205 -16 -105 -450 -247 -435 -62 -576 -100 -209 -239 -427 -378 -430 -30 -299 -241 -126 -178 -94 -91 -440 -510 -550 0
-523 -94 -62 -178 -241 -563 -387 -550 -275 -27 -53 -361 -518 -536 -205 -16 -105 -450 -247 -435 -576 -100 -209 -427 -378 -430 -30 -299 -126 -91 -440 -316 -341 -531 -343 0
-74 -27 -341 -62 -576 -205 -361 -425 -178 -536 -518 -343 -563 -550 -275 -53 -16 -105 -247 -435 -427 -430 -30 -299 -126 -91 -440 -531 -496 -401 -145 -538 -403 -222 -165 -268 -162 -325 -364 -157 0
28 -16 0
119 -361 -205 -576 -178 -343 -563 -550 -247 -430 -30 -126 -91 -496 -145 -538 -403 -222 -268 -325 -364 -157 -286 -412 -553 -580 0
73 -284 -364 -254 -157 -161 -544 -43 -496 -145 -266 -317 -164 0
461 -254 -418 -494 -304 -317 -164 -74 -364 -402 -157 -161 -544 -43 -496 -145 -268 -193 -178 0
-254 -544 -364 -196 -325 -43 -161 -174 -27 -205 -104 -268 -144 -193 -460 -418 -494 -304 -317 -164 -74 -402 -157 -496 -145 -178 0
363 -27 -126 -364 -50 -91 -380 -441 -563 -509 -550 -54 -276 -542 -196 -325 -43 -161 -174 -205 -104 -268 -193 -460 -418 -317 -164 -74 -402 -157 -496 -145 -178 -63 -472 -16 0
18 -542 -50 0
-118 -126 -550 -196 -205 -563 -364 -91 -325 -268 -157 -496 -145 -178 -286 -30 -412 -576 -553 -580 -247 -430 -538 -403 -222 0
361 -43 -538 -205 -412 -364 -553 -421 -74 -196 -580 -400 -30 -576 0
17 -361 -421 -580 0
362 -341 -553 -580 -576 -421 0
-361 -362 -580 -421 -553 0
361 -74 -421 -205 -580 -27 -30 -576 -538 -412 -553 -364 -196 -400 0
362 -580 -553 -421 -576 0
583 -364 -205 -412 -538 -553 -196 -550 -563 -91 -325 -268 -157 -496 -178 -247 -430 -403 -277 -271 -137 0
206 -186 -276 -550 -54 -196 -27 -419 -255 -44 -402 -144 0
-421 -361 -74 -271 -268 -27 -196 -553 -205 -550 -325 -277 -157 -364 -576 -362 -538 0
57 -580 -553 0
45 -145 -361 -576 -343 -536 -27 -341 -518 -205 -268 -403 -317 -425 -74 -53 -550 -275 -165 -162 -523 -531 -325 -544 -364 -445 -538 -196 0
-145 -317 -74 -576 -205 -361 -343 -178 -62 -425 -536 -563 -550 -275 -53 -16 -105 -247 -341 -427 -430 -518 -299 -91 -440 -531 -496 -401 -538 -403 -165 -268 -162 -325 -364 -157 -137 -196 -43 -27 -523 -544 -445 0
44 -317 -544 -178 -165 -364 -462 -341 -445 -576 -196 0
-317 -425 -523 -53 -27 -550 -275 -165 -162 -341 -531 -536 -518 -343 -361 -576 -325 -544 -364 -445 -538 -74 -196 -43 -178 -462 0
447 -341 -550 -275 -523 -27 -53 -531 -536 -518 -343 -361 -576 -325 -563 -544 -503 -464 -364 0
582 -544 -325 -157 -43 -364 -196 -550 -27 -343 -361 -576 -563 -304 -538 -74 -178 363 -174 -394 -412 -402 -553 -118 0
365 -460 -193 -27 -268 -43 -325 -530 -161 -544 -348 -157 0
45 -356 -271 -527 -74 -186 -164 -276 -550 -238 -509 -542 -507 -247 -433 -199 -196 -176 0
207 -43 -268 -563 -550 -494 -27 -418 -247 -196 -178 -271 -527 -74 -325 -364 -157 -583 -137 -412 -576 -553 -118 -580 -343 -361 -538 363 0
44 -341 -391 -178 -121 -542 -36 -519 -247 -394 -580 -412 -288 -553 -583 -74 -137 -576 -196 0
366 -341 -563 -247 -550 -200 -182 -288 -97 -487 -412 -394 -325 -173 -544 -446 0
-341 -544 -247 -288 -182 -487 -523 -412 -27 -550 -553 -118 -580 -253 -325 -542 -157 -364 -563 -97 -394 -173 -196 -43 -391 -178 -121 -36 -519 -583 -74 -137 -576 0
-544 -253 -27 -550 -418 -43 -325 -196 -364 -288 -401 -193 -268 -157 -173 -583 -118 -487 -394 -137 -580 -412 -576 -553 -247 -182 -523 -542 -563 -97 -391 -178 -121 -36 -519 -74 0
544 -394 -412 -364 -496 -157 -62 0
-43 -418 -550 -27 -544 -325 -196 -364 -268 -157 -583 -118 -137 -580 -412 -576 -553 -247 -563 -178 -121 -74 -205 -494 -271 -527 -343 -361 -538 363 0
-361 -362 -27 -550 -325 -196 -364 -268 -157 -583 -137 -412 -553 -247 -563 -178 -121 -74 -205 -271 -538 -496 -277 -576 0
342 -95 -401 -440 -538 -351 -550 -425 -524 -182 0
209 -351 -74 -28 0
365 -351 -538 -550 -341 -178 -461 45 -517 -209 -27 -553 -428 -362 -581 -343 -421 -157 0
-580 -43 -538 -205 -412 -364 -553 -196 361 -74 -576 422 0
-43 -544 -563 -553 -538 -205 -412 -364 -196 361 -74 -576 -178 -157 -550 -27 -362 0
-580 -402 -74 -538 -205 -27 361 -576 -412 -553 -364 -196 0
366 -98 -461 -412 -194 -268 -55 -283 -254 -343 -160 -63 -544 -421 -157 0
-544 -362 -553 -325 -412 -364 -268 -157 -74 -538 -205 -27 361 -576 -196 -563 -178 -550 0
-580 361 -538 -205 -412 -364 -553 -196 -27 -74 -576 0
366 -160 -277 -334 -157 0
-362 -27 -364 -277 -538 -205 -412 -553 -196 -157 -74 -576 -325 -268 -563 -178 -550 -583 -137 -247 -121 -271 -496 0
-16 -30 -17 0
362 -576 -137 -553 0
44 -446 -173 -412 -394 -553 -196 -391 -178 -121 -542 -36 -519 -247 -580 -288 -583 -74 -137 -576 0
365 -58 -288 -550 -487 -525 -412 -553 -118 -193 -580 -268 -576 -45 -173 -394 -196 -391 -178 -121 -542 -36 -519 -247 -583 -74 -137 -325 -544 0
44 -368 -403 -391 -121 -542 -36 -247 -288 -583 -137 -576 -196 0
-361 -544 -412 -553 -580 -576 -45 -403 -121 -247 -583 -137 -196 -99 -364 -550 -525 -268 -173 -178 -74 -325 -104 -143 0
361 -580 -157 -412 -364 -255 -553 -576 0
-580 -62 -364 -496 -157 -412 -553 -576 -45 -403 -121 -247 -583 -137 -196 -99 -550 -525 -268 -173 -178 -74 -325 -104 -143 -255 0
-421 -361 -580 -553 -576 0
461 -195 -299 -178 0
-195 -434 -247 -200 -550 -544 -182 366 -487 -412 -394 -325 -173 -341 -446 -287 -144 -98 -462 -299 -178 0
197 -523 -359 -341 -182 -440 -550 -287 -247 -600 -269 -544 366 -487 -412 -394 -325 -173 -144 -98 -462 -299 -178 0
30 -542 -50 0
460 -44 -176 -209 -196 -359 -341 -182 -440 -550 -287 -247 -600 -269 -544 366 -487 -412 -394 -325 -173 -144 -98 -462 -299 -178 -427 -576 0
-325 -182 -359 -341 -196 -440 -550 -287 -247 -600 -544 366 -487 -412 -394 -173 -144 -98 -462 -299 -178 -425 -576 -176 -209 -427 -283 0
461 -304 -165 -359 -509 -380 -341 -576 -178 0
363 -359 -550 -53 -275 -165 -341 -427 -576 -98 -178 -247 -600 -196 -440 -287 -544 366 -487 -412 -394 -173 -299 -425 -283 -536 -518 -343 -16 0
366 -425 -550 -178 -165 -341 -74 -576 -343 -16 -361 -53 -275 -427 -247 -600 -196 -440 -287 -544 -487 -412 -394 -173 -299 -536 -518 -531 -162 -347 -157 0
45 -563 -550 -325 -196 -364 -362 -157 -268 -137 -412 -553 -247 -27 -178 -361 -74 -205 -271 -538 -496 -277 -576 -430 -587 -401 -440 342 -425 -182 -53 -275 -165 -162 -349 -284 -176 0
43 -27 -176 -406 0
-27 -523 -550 -275 -53 -162 -284 -325 -196 -364 -362 -157 -268 -137 -412 -553 -247 -178 -361 -74 -205 -271 -538 -496 -277 -576 -430 -587 -401 -440 -425 -165 -349 -176 -44 -406 -341 -387 -518 -536 -343 -531 0
-523 -59 -287 -275 -185 -550 -205 -53 -162 -284 -325 -196 -364 -362 -157 -268 -137 -412 -553 -247 -178 -361 -74 -271 -538 -496 -277 -576 -430 -587 -401 -440 -425 -165 -349 -176 -44 -406 -341 -387 -518 -536 -343 -531 0
575 -268 -284 -425 -576 -343 -518 -341 -536 -287 -275 -185 -550 -205 -53 -162 -325 -196 -364 -157 -412 -553 -247 -178 -361 -74 -271 -538 -496 -277 -430 -587 -401 -440 -165 -387 -531 -16 -427 0
-362 -27 -205 -173 -41 -446 -196 -496 -369 -43 -550 -325 -364 -157 -268 -412 -553 -247 -287 -178 -361 -74 -271 -538 -277 -576 -430 -587 -401 -440 342 -425 -53 -275 -165 -162 -284 -589 -299 -136 -460 -536 -518 -343 -16 0
-27 -43 -162 -275 -53 -268 -576 -341 -185 -538 -74 -165 -16 -205 -173 -41 -446 -196 -496 -369 -550 -325 -364 -157 -412 -553 -247 -287 -178 -361 -271 -277 -430 -587 -401 -440 342 -425 -284 -589 -299 -136 -460 -536 -518 -343 0
363 -460 -99 -536 -183 -518 -343 0
-325 -357 -74 -472 -16 -361 -536 -518 -343 -162 -275 -53 -576 -341 -165 -205 -173 -41 -446 -196 -496 -369 -550 -364 -157 -412 -553 -247 -287 -178 -277 -430 -587 -401 -440 -425 -589 -299 -387 -531 -427 -600 -327 0
363 -460 -550 -24 -41 -587 -496 -369 -471 -269 -576 -440 -299 -178 -135 -287 -509 -536 -341 -361 -387 -518 -27 -275 -53 -343 -531 -16 0
-460 -27 -299 -178 -287 -201 -471 -418 -205 -401 -539 -238 -440 -509 -165 -341 -74 -576 -16 -361 -550 -24 -41 -587 -496 -369 -269 -135 -387 -518 -536 -275 -53 -343 -531 0
-27 -184 -275 -53 -287 -162 -201 -283 -196 -550 -440 -135 -509 -341 -361 -387 -518 -536 -343 -531 -576 -16 -471 -427 -299 -178 -418 -205 -401 -539 -238 -165 -74 -24 -41 -587 -496 -369 -269 0
575 -460 -518 -536 -361 0
-460 -587 -550 -525 -425 -238 -165 -74 -16 -440 -361 -509 -99 -536 -518 -343 -341 -576 0
582 -247 -576 -550 -74 -343 -196 -178 -418 -361 -472 -364 -157 -412 -553 -544 -394 -57 -118 0
243 -563 -380 0
163 -94 -304 -178 -317 -243 0
461 -325 -527 -74 -276 -550 -238 -164 -542 -507 -247 -433 -199 -196 -176 -43 -509 -599 -202 -544 -539 -364 -402 -348 -94 -530 -178 -97 0
241 -563 -380 0
439 -27 -412 -205 -553 -196 -550 -157 -178 -247 -137 -361 -362 -364 -74 -576 -594 -43 -348 -599 -530 -402 -460 -380 -182 -426 -164 -304 -317 -509 0
563 -359 -157 -594 -509 -591 -550 0
163 -494 -599 -299 -178 -460 -418 -402 -304 -317 -380 -157 -594 -509 -591 -550 -74 0
241 -591 -157 -544 -594 -509 -364 -550 -380 0
-538 -325 -544 -288 -364 207 -550 -580 -247 -196 -178 -27 -74 -46 -157 -563 -137 -412 -576 -553 -43 -361 363 -348 -161 -460 -193 -530 -599 -202 -539 0
93 -12 -214 -50 0
-27 -46 -288 -364 -550 -580 -247 -196 -178 -74 -544 -157 -563 -137 -412 -576 -553 -43 -361 -348 -161 -460 -193 -530 -599 -202 -539 -471 -214 -50 -205 -402 -96 -441 -362 -594 -380 -182 -426 -164 -304 -317 -509 0
535 -402 -43 -288 -364 -550 -580 -247 -196 -178 -74 -544 -157 -412 -576 -553 -361 -348 -161 -460 -530 -599 -441 -594 -380 -182 -426 -164 -317 -509 -300 -136 -63 -16 -519 0
-563 -242 -380 0
363 -164 -242 -599 -299 -178 -460 -418 -402 -317 -380 -157 -594 -509 -550 -74 -544 -364 -136 -63 -472 -16 0
-247 -394 -364 -544 -74 -576 -553 -361 -178 -550 -580 -196 -412 -157 0
163 -427 -57 -29 -17 -74 0
242 -518 -394 -412 -553 -460 -580 -178 -163 0
362 -509 -196 -418 -295 -74 -118 -598 -157 -580 -412 -364 -553 -199 -544 -563 -394 -460 -178 -576 0
164 -509 -576 -460 -361 -394 -157 -306 -412 -364 -62 -553 -544 -580 -563 0
342 -100 -43 -295 -196 -364 -544 -157 -96 -62 -563 -306 -380 -316 -182 0
163 -591 -299 -178 -460 -418 -494 -380 -157 -509 -550 -74 -62 -118 -394 -580 -412 -553 -340 -43 -295 -196 -364 -544 -563 -306 -182 0
-380 -50 -364 -196 -199 -418 -550 -542 -469 -22 -487 -306 -412 -62 -553 -118 -394 -580 -74 -460 -178 -164 -299 -494 -157 -509 -295 -544 -563 -182 -294 -137 -576 0
-509 -563 -364 -544 -196 -550 -412 -553 -394 -580 -74 -460 -178 -157 -576 -361 0
-380 -341 -460 -576 -178 -379 -563 0
554 -304 -22 -133 -91 -361 -469 -459 -394 -537 -412 -57 0
-563 -460 -580 -553 -361 -394 -412 -157 -576 -364 -178 -544 -550 -196 -74 0
365 -164 -317 -242 -304 -380 -358 -544 -157 0
341 -304 -133 -157 563 -509 -550 -364 -544 -580 -576 -553 0
-304 -509 -133 -364 -361 -22 -469 -394 -412 -460 -178 -553 563 -157 -550 -544 -580 -576 0
63 -340 -242 -460 -380 -343 -178 -361 -553 -412 -57 -394 0
-509 -460 -576 -580 -553 -412 -544 -394 -74 -178 -361 -133 -364 -22 -469 563 -157 -550 0
575 -460 -394 -361 -412 -553 -580 0
-460 -394 -364 -361 -157 -412 -178 -580 -553 -576 -544 -74 -550 -196 0
305 -337 -542 -287 -196 -199 -418 -401 -96 0
-563 -380 -295 -196 -364 -544 -157 -62 -306 -341 -182 -406 -176 -97 -531 -347 -542 -287 -199 -418 -401 -373 -178 -165 0
-304 -380 -341 -178 -165 -349 -539 -401 -542 -287 -196 -199 -418 -22 -306 0
-380 -165 -295 -341 -44 -182 -406 -176 -97 -531 -330 -347 -364 -162 -157 -62 -178 -349 -539 -401 -542 -287 -196 -199 -418 -22 -306 -53 -275 -550 -544 -373 0
-394 -157 -550 -576 -196 -544 -364 -361 -178 -412 -553 -580 -74 0
56 -580 -553 0
-412 -276 -580 -423 -413 -364 -157 -460 -178 -553 -576 -544 -74 -550 -196 0
-361 -276 -74 -196 -350 -186 -62 -542 -447 -460 575 -580 -553 -576 0
-276 -196 -299 -253 -186 -181 -580 -74 -350 -62 -542 -447 -460 575 -553 -576 0
-361 -565 -196 -23 -447 -287 -35 -417 -350 -62 -181 -542 -460 575 -580 -553 -576 0
-196 -283 -74 -341 -576 -317 -350 -66 -496 -299 -253 -181 -580 -23 -447 -35 -62 -542 -460 575 -553 -588 -551 -186 0
-361 -352 -27 -74 -204 -350 -62 -181 -542 -460 575 -553 -580 -576 0
340 -460 -580 -553 -576 -341 -304 -157 -178 -364 -544 -380 0
197 -23 -542 -567 -337 0
305 -85 -20 -528 -92 -214 -106 -125 -337 -196 -542 -567 -598 -135 -22 0
254 -588 -364 -157 -92 -418 -440 -401 -95 -304 -20 -528 -214 -106 -125 -337 -196 -542 -567 -598 -135 -22 -77 -387 -162 0
-17 -97 -544 -157 -162 -364 -418 -440 -401 -304 -106 -196 -542 -598 -529 -593 -53 -460 -523 -275 -178 -550 -425 -241 -380 -472 -165 -136 -74 -57 -427 -361 -16 0
-563 -22 -53 -275 -598 -544 -364 -529 -134 -527 -157 -97 -304 -380 -165 -341 -576 -178 -523 -510 -460 -318 -550 -562 0
563 363 -62 -544 -394 -364 -536 -460 -183 -251 -343 -430 -157 -593 -275 -178 -591 -550 -241 0
181 -550 -364 -157 -304 -380 -165 -341 -576 -178 -460 -318 -542 -544 -53 -275 -598 -529 -510 -562 -62 -394 -536 -183 -251 -343 -593 -241 -136 -472 -361 -162 -418 -440 -401 -106 -196 -425 -74 -57 -427 -16 0
-550 -62 -74 -576 -553 -361 -364 -157 -304 -341 -178 -460 -542 -544 -380 -136 -196 -580 0
366 -334 -544 0
-334 -364 -544 0
-563 -361 -576 -553 -550 -364 -157 -304 -341 -178 -460 -542 -544 -380 -196 -580 0
94 -446 -174 -205 -503 -401 0
365 -330 -77 -162 -255 -418 -510 -503 -440 -304 -95 -174 -205 -401 -157 0
163 -101 -318 -238 0
136 -74 -596 -31 -59 -195 -425 -196 -165 -318 -238 -510 -255 -162 -157 -364 -77 -418 -503 -440 -304 -95 -401 -542 -394 -16 -593 -427 -460 -361 -536 -590 -576 -553 0
62 -517 -361 -394 -16 0
-74 -361 -576 -553 -550 -364 -157 -304 -341 -178 -460 -542 -544 -380 -196 -580 0
-361 -550 -157 -304 -542 -576 -553 -364 -341 -178 -460 -544 -380 -196 -580 0
-550 -542 -178 -157 -460 -364 -580 -576 -304 -380 -553 -341 -544 -196 0
159 -401 -196 -542 -375 -503 -304 -95 -377 -565 -418 -77 -162 -586 -544 -364 -359 0
306 -418 -66 -401 -359 -95 0
206 -174 -196 -287 -447 -565 -144 0
-30 -407 -576 -350 -590 -74 -593 -401 -196 -287 -447 -565 -99 -62 -183 -394 -343 -460 -536 -361 -16 0
198 -116 -33 -287 -565 -200 0
-361 -542 -196 -565 -517 -375 -576 -350 -590 -74 -593 -99 -183 -460 -536 -304 -359 -95 -77 -364 -162 -157 -503 -377 -586 -544 -184 -274 -120 -580 -553 0
-351 -210 -350 -74 -28 0
-542 -196 -576 -544 -157 -364 -580 -341 -460 -304 -553 -178 -380 0
566 -297 -81 -323 -499 -110 -143 -43 -221 -59 -196 -31 0
45 -110 -265 -221 -202 0
552 -146 -584 -247 -506 -81 -326 -596 -283 -196 -43 -265 -221 -202 -323 -499 -143 -59 -430 -417 -275 -67 0
158 -503 -196 -95 -418 -440 -214 -50 -91 -487 -184 -275 -551 -584 -506 -596 -43 -265 -221 -202 -499 -143 -59 -430 -135 -304 -367 -401 -359 -544 -40 -77 -364 -162 0
-178 -312 -361 -356 -418 -359 -62 -74 -304 -164 -243 -33 -253 -401 -275 -550 -524 -44 -580 -460 -76 -576 -553 -179 -542 -157 -364 -380 -544 -196 0
349 -164 -74 0
-222 -221 -405 -501 0
575 -252 -368 -553 -374 -580 -460 0
-501 -405 -222 0
305 -248 -135 -22 0
567 -253 -418 -359 -304 -42 -542 -401 -550 -553 -580 -74 -283 -44 -576 -368 -460 -596 -361 -356 -62 -76 -157 -364 -380 -544 -196 -4 -434 0
45 -69 -28 -135 -542 -265 -375 -405 -42 -496 -64 -418 -401 -74 -350 0
164 -205 -172 -460 -361 -576 -44 -135 -542 -42 -64 -418 -401 -74 -253 -596 -196 -544 -364 -157 -304 -553 -580 -380 -550 -318 0
306 -165 -380 -576 -550 -542 -460 -172 -361 -44 -42 -418 -401 -74 -253 -596 -196 -544 -364 -157 -304 -553 -580 -359 -62 0
163 -591 -317 -304 -118 -380 -157 -359 -401 -550 -580 -596 -553 -222 -340 -74 -101 -238 0
164 -95 -544 -542 -364 -576 -157 -460 -304 -553 -580 -380 -196 -502 0
340 -241 -553 -580 -460 -4 -368 -576 -380 0
-165 -580 -380 -157 -359 -401 -550 -304 -553 -74 -576 -460 -4 -368 -544 -542 -364 -196 -502 197 -433 -172 -361 -42 -418 -253 -62 0
242 -178 -542 -368 -42 -147 -496 -418 -550 -509 -359 -193 -502 -441 -304 -460 -94 -76 -28 0
563 -265 45 -202 -136 -550 -157 -359 -594 -304 341 -364 -544 -580 -576 -553 0
-23 -487 -298 -28 -248 -542 197 -433 0
29 -288 -200 -487 -248 -298 -135 0
160 -418 -542 -359 -304 197 -42 -368 -550 -502 -460 -380 -157 -364 -544 -576 -553 -401 -74 -4 -196 -172 -361 -62 -356 0
30 -537 -359 -542 197 -304 -193 -460 -368 -380 45 -136 -550 -157 -594 341 -364 -544 -580 -576 -553 -361 -164 -74 0
305 -487 -28 -542 197 -600 -374 -414 -460 -193 -299 -179 -94 0
-580 -418 -386 -255 -550 -502 -359 -304 -542 197 -460 -380 -157 -368 -364 -544 -576 -553 -361 -74 -401 -582 0
306 -78 -66 -180 -359 -401 -418 0
-418 -553 -74 -380 -502 -304 -359 -401 -460 -361 -576 -423 -386 -542 197 -157 -368 -364 -544 -550 -161 -42 -4 -196 -172 -62 -356 0
-553 -502 -361 -576 -401 -74 -380 -423 -304 -359 -460 -386 -542 197 -157 -368 -364 -544 -550 -161 -42 -4 -196 -172 -62 -356 0
-563 -163 -432 -423 -55 -510 -580 -550 -183 -562 -380 0
305 -241 -460 -377 -250 -4 -502 -535 -432 -423 -55 -510 -580 -550 -183 -562 -380 -318 0
342 -580 -55 -432 -423 -550 -380 -238 -172 -207 -359 -62 -304 -460 -377 -250 -4 -502 -535 0
306 -164 -550 -27 -542 -146 -423 -55 -204 -580 -74 -509 -65 -42 -207 -359 -317 -62 0
165 -134 -550 -292 45 -596 -502 -179 -207 -95 -42 -401 -361 -146 -423 -55 -580 -317 -74 0
-563 -317 -401 -304 -596 -146 -74 -550 -292 45 -502 -207 -42 -361 -423 -55 -580 -542 -509 -65 -359 -62 -380 0
197 -550 -401 -304 -359 -423 -74 -42 -361 -542 -62 -380 -576 -460 -593 -386 -157 -368 -364 -544 -161 -196 -356 -447 0
165 -118 -401 -576 -45 -580 -349 -74 0
581 -487 -374 -460 -368 -299 -432 -243 163 -317 -304 -593 -425 -401 -553 -118 0
-553 -95 -447 -563 -380 -580 -460 -368 -576 -196 -544 -542 -364 -157 -304 -317 -593 -401 -74 -45 -361 0
163 -146 -42 -65 -359 -45 -576 -340 -238 -317 -74 0
165 -349 -580 -401 -576 -45 -423 -74 0
-317 163 -42 -359 -45 -576 -74 -593 -447 -563 -380 -580 -460 -368 -196 -544 -542 -364 -157 -304 -401 -361 0
-563 -580 -550 -435 -359 -542 -304 -42 -45 -576 -74 -593 -447 -380 -567 -460 -368 -196 -544 -364 -157 -401 -361 -423 0
266 -322 -7 -378 -496 -404 -42 -368 -109 0
64 -237 -496 -590 -42 -576 -593 -427 -28 -69 -350 -74 -538 -265 -7 -378 -404 -368 0
109 -237 -42 -324 -69 0
-95 -7 -69 -590 -576 -593 -74 -265 -42 -404 -368 -6 -418 -447 -230 -401 -544 -542 -364 -157 -460 -304 -580 164 -380 -196 -553 0
574 -195 -298 -28 -269 -283 -220 -45 0
40 -286 -435 -205 -26 -361 -45 -576 -298 -28 -283 -135 -69 -460 -111 -404 -265 -375 -324 -146 0
66 -135 -28 -69 -542 -375 -42 -435 -205 -26 -361 -45 -576 -298 -283 -460 -404 -265 -201 -496 -418 0
145 -138 -28 -7 -542 -368 -375 -404 -42 0
-553 -283 -74 -265 -542 -368 -42 -590 -593 -401 -69 -435 -361 -45 -576 -460 -201 -359 -62 -304 -447 -544 -364 -157 -580 164 -380 -196 -253 -597 -242 -276 0
-30 -28 -542 -17 0
-28 -162 -542 -157 -364 -401 -304 -196 -550 -544 -17 -593 -460 -380 -165 -136 -74 -57 -361 -377 -368 -340 -386 -510 -432 -253 -525 -276 -344 -120 -326 -265 -423 -283 -428 -45 -339 -576 -350 0
-165 -340 -401 -276 -201 -435 -304 -62 -542 -157 -364 -196 -550 -544 -593 -460 -380 -74 -361 -368 -423 -386 -510 -525 -326 -265 -45 -339 -576 -590 -42 -69 -359 -447 -580 -597 -242 -161 -163 0
165 -580 -74 -401 -576 -45 -423 0
-318 163 -510 -304 -359 -238 0
163 -137 -359 563 -550 -157 -496 -576 -42 -45 -238 -74 -265 -304 -380 0
-163 -265 -74 -542 -361 -62 -276 -460 -447 -580 -576 -401 -201 -435 -304 -157 -364 -550 -544 -593 -380 -368 -423 -386 -510 -525 -326 -45 -339 -590 -42 -69 -359 -597 -242 -161 -196 0
-265 -28 -74 -359 563 -550 -157 -576 -42 -45 -304 -380 -542 -361 -62 -460 -447 -580 -401 -201 -435 -364 -544 -593 -368 -423 -386 -326 -339 -597 -161 -196 0
-553 -342 -576 -555 -196 -74 -542 -361 -62 -350 -276 -460 -447 -580 -186 0
164 -28 -525 -423 -326 -361 -45 -542 -576 -510 -550 -196 -74 -62 -276 -460 -447 -580 -161 -316 0
-28 -580 -45 -380 -74 -304 -359 -423 -326 -361 -542 -550 -196 -62 -460 -447 -576 -161 563 -157 -42 -401 -201 -435 -364 -544 -593 -368 -386 -339 -597 0
575 -317 -580 -55 -263 -204 -294 -45 0
-580 -201 -74 -542 -361 -62 -460 -447 -576 -401 -435 -304 -157 -364 -550 -544 -593 -380 -368 -423 -386 -326 -45 -339 -42 -359 -597 -161 -196 -567 0
267 -205 -62 -25 -460 -361 575 -55 -553 -181 -426 -317 -269 0
-550 -386 -380 -62 -460 -361 -304 -359 -401 -576 -423 -161 -74 -542 -447 -157 -364 -544 -593 -368 -326 -42 -196 -356 0
-553 -120 -184 -32 -274 -286 -57 -580 -361 -576 0
-28 -488 -283 -45 574 -32 -274 -120 -423 -207 -262 -361 -62 -265 -17 -542 -74 0
28 -22 -304 -62 -542 0
-553 -340 -165 -184 -580 -274 -32 -286 -361 -576 0
582 -488 -45 574 -32 -274 -28 -423 -207 -262 -361 -62 -265 -283 -542 -74 -55 0
275 -265 -65 -359 -45 -576 -238 -146 -74 -304 -165 -580 574 -32 -274 -28 -423 -207 -262 -361 -62 -42 -283 -542 -55 -184 0
-265 574 -45 -32 -274 -28 -423 -207 -262 -361 -62 -283 -542 -74 -580 -286 -165 -42 -65 -359 -576 -238 -146 -184 -304 0
574 -165 -304 -508 -580 -576 -283 -542 -74 -45 -274 -423 -361 -62 -42 -359 -238 -496 -593 -326 -565 -196 0
-17 -28 -18 -542 0
-28 43 -565 -447 -62 -196 -460 -361 575 -274 -542 -580 0
-45 -580 -62 -565 -447 -196 -460 -361 -274 -542 -576 -304 -508 -283 -74 -423 -42 -359 -238 -496 -593 -326 -401 0
575 -204 -401 -74 -28 -196 -565 -447 -62 -304 -359 -580 -4 -460 -368 -576 -380 -361 -274 -544 -542 -364 -157 0
-553 -55 -580 0
56 -207 -172 -62 -28 -542 0
-55 -596 -460 -368 -222 -33 -401 -274 -28 -361 -177 -542 -580 -172 -62 -593 0
275 -487 -460 -368 -304 -593 -401 -553 -118 -380 -340 -28 -74 -204 -136 -7 -286 -580 -222 -33 0
366 -401 -361 -576 -74 -460 -196 -304 -544 -542 -364 -157 0
581 -165 -304 -238 -576 -553 -360 0
575 -350 -369 -7 -205 -425 -74 -183 -347 -28 -446 -343 -542 -394 -460 -427 -361 -45 -536 0
-274 -551 -120 -553 -184 -580 -361 -576 -567 -435 0
30 -145 -460 -255 -387 -376 -64 -496 -162 -265 -425 -203 -28 -74 -350 0
-30 -518 -373 -564 -460 -589 -536 -183 -343 -242 -361 -136 -542 -28 0
30 -376 -255 -387 -64 -496 -162 -460 -373 -425 -41 -28 -74 -350 -265 -203 0
367 -69 -487 -201 -265 -292 -418 -64 -496 -251 -536 -460 -162 -53 -550 -275 -525 -242 -205 -183 -564 -413 -172 -343 -589 -221 -394 -361 -136 -542 -28 -255 -387 -425 -41 -74 -350 -203 0
461 -299 -193 -180 0
148 -560 -557 0
Solved
