74 -493 -487 0
137 -195 -139 -107 -583 -352 -100 -507 -162 -126 -444 -331 -370 -190 0
141 -40 -107 -77 -150 -21 -583 -45 -368 -115 -46 0
388 -21 -208 -16 -203 -497 -100 -350 -583 -115 -46 -139 -107 -77 -150 -45 -368 0
316 -46 -583 -45 -97 -520 -262 -390 -208 -16 -497 -100 -350 -139 -107 -150 -368 -190 -331 -444 -126 -507 0
584 -316 -466 -32 -195 -245 -139 -100 -46 0
575 -583 -427 -79 -475 -520 -139 -100 -49 -466 -390 -16 -350 -107 -187 -553 -138 -352 -370 -455 -118 -1 -373 -272 -550 -519 -151 0
318 -238 -528 -520 -232 -99 -138 -16 -553 -187 -261 -31 -427 -466 -49 0
368 -158 -261 -92 -350 -540 -466 -541 -256 0
468 -76 -390 -399 -529 -262 -111 -11 -581 -31 0
-76 -20 -242 -528 -391 -203 -232 -99 -138 -238 -553 -187 -261 -31 -466 -390 -399 -529 -262 -111 -11 -581 0
467 -20 -16 -402 -49 -427 -379 -79 -475 -528 -520 -232 -99 -138 -238 -553 -187 -261 -31 0
116 -399 -553 -540 -187 -581 -92 -466 -16 -49 -427 -79 -475 -528 -520 -232 -99 -138 -261 -44 -242 -391 -390 -203 -529 -262 -11 -149 -369 -350 -541 -245 -443 -161 -1 -272 -195 0
31 -19 -16 -377 -563 -29 -182 -581 -370 -138 -390 -99 -520 -161 -443 -529 -245 -78 0
33 -316 -528 -520 -232 -99 -138 -16 -553 -187 -261 -31 -427 -466 -49 -245 0
240 -176 -272 -161 -279 -443 -328 -245 0
47 -203 -443 -245 -138 -272 -161 -57 -413 -427 -541 -49 -540 -92 -553 -466 -187 -528 -520 -232 -99 -16 -261 -563 -581 -370 -390 -529 -262 -79 -475 -44 -242 -391 -149 -369 -350 -1 -352 -139 0
32 -569 -149 -369 -89 -261 -92 -350 -540 -466 -541 -158 -203 -161 -135 -443 -245 -238 -581 -553 -535 -187 0
246 -99 -520 -161 -138 -443 -238 0
585 -528 -49 -427 -79 -475 -16 -520 -232 -138 -553 -187 -261 -149 -350 -369 -92 -466 -541 -443 -89 -581 -455 -391 -1 -242 -44 -272 -57 -563 -370 -390 -352 -139 -107 -100 0
161 -263 -350 -369 -498 -139 -107 -352 0
468 -20 -569 -563 -539 -177 -92 -7 0
19 -530 -107 -263 -195 -569 -563 -402 -117 0
240 -195 -139 -563 -107 -263 -427 -57 -350 -261 -466 -539 -177 -92 -204 -44 -391 -47 -414 -187 -242 -553 -455 -301 0
137 -498 -350 -369 -139 -47 -242 -455 -563 -107 -427 -57 -261 -466 -539 -92 -204 -44 -391 -414 -187 -553 -1 -272 -162 -352 -581 -370 0
21 -225 -256 -369 -541 -539 -163 -569 -563 -4 0
115 -208 -339 -104 -16 -256 -369 -541 -163 -563 -391 -242 -139 -466 584 -32 -195 -100 -245 0
239 -163 -339 -220 -190 -563 -256 -369 -541 -104 -391 -242 -44 -195 -139 -117 -16 -466 584 -32 -100 -285 0
467 -107 -262 -57 -346 -515 -44 -187 -242 -553 -455 -238 -339 -220 -190 -563 -256 -369 -541 -104 -391 -195 -139 -16 -466 584 -100 -285 -158 -350 -261 0
494 -466 -427 -49 -187 -553 -220 -391 -139 -16 -100 -79 -1 -475 -520 -352 -370 -232 -118 -550 -574 -169 -211 -74 -487 0
241 -32 -187 -553 -100 -442 -583 -456 -332 -47 0
242 -47 -5 -583 -100 -313 -442 -203 -224 -151 -569 -563 -550 -456 -391 -373 0
140 -332 -137 -574 -550 -151 -100 -583 -466 -456 -232 -187 -553 -5 -203 -569 -563 -391 -373 -1 -273 -369 -352 -195 0
20 -569 -520 -100 -137 -273 -108 -195 -352 -139 -574 -550 -151 -466 -456 -232 -187 -553 -583 -563 -391 -373 -1 -369 0
-569 -195 -520 -139 -137 -1 -273 -93 -518 -574 -583 -151 -100 -550 -373 -563 -21 -108 -352 -466 -456 -232 -187 -553 -391 -369 0
-195 -21 -456 -583 -373 -100 -563 -391 -139 -520 -137 -1 -273 -93 -518 -574 -151 -550 -108 -352 -466 -232 -187 -553 -369 0
585 -47 -1 -583 -100 -313 -5 -203 -224 -151 -569 -563 -550 -456 -391 -373 -273 -162 0
-21 -369 -520 -79 -220 -427 -49 -456 -466 -1 -93 -391 -108 -100 -583 -151 -563 -550 -373 -273 -16 -137 -352 -139 -518 -574 -232 -187 -553 0
140 -195 -117 0
141 -242 -1 -162 -273 -352 -47 0
140 -257 -466 -550 -373 -523 -178 -151 -280 -262 -369 -223 -117 0
-569 21 -369 -541 -563 -518 -550 -373 -352 -1 -273 -139 -466 -151 -108 -583 -100 0
140 -523 -281 -369 -223 -117 0
46 -523 -104 -133 -314 -369 -151 -550 -373 -243 0
-369 -563 -518 -137 -456 -151 -550 -373 -139 -391 -541 -273 -352 -1 -466 -108 -583 -100 -16 -520 -79 -220 -427 -49 -93 -574 -232 -187 -553 0
570 -77 -529 -389 -246 -520 -444 -162 -258 -90 -165 -158 -466 -1 -93 -539 -19 0
568 -282 -90 -520 -165 -162 -258 -541 -178 -19 -539 -389 -204 0
569 -246 -518 -444 -331 -204 -19 0
20 -529 -466 -351 -93 -260 -389 -246 -520 -444 -162 -258 -90 -165 -1 -539 -19 -569 -331 -204 0
241 -90 -520 -165 -162 -258 -541 -178 -19 -389 140 -466 -351 -93 -260 -444 -1 -518 -108 -100 -583 0
20 -538 -497 -93 -288 -165 -238 -47 -273 -258 -583 -162 -100 -202 -16 0
568 -90 -100 -583 -520 -165 -162 -258 -541 -178 -19 -389 140 -497 -93 -288 -238 -273 -16 0
-563 -351 -100 -583 -520 -541 -389 -93 -273 -16 -456 -391 -1 -466 -518 -108 -118 -574 -373 -151 -352 -550 -139 -137 -79 -220 -427 -49 -232 -187 -553 0
570 -115 -444 -232 -162 -273 -260 -466 -137 -93 -139 -1 -352 -527 -456 -583 -243 -100 -391 -202 0
367 -13 -137 -370 -181 -582 -475 -79 -398 -12 -427 -40 -400 -150 0
19 -162 -137 -370 -582 -475 -79 -427 -150 -179 -45 -352 -139 -351 -260 -466 -93 -1 -273 -583 -368 -100 -444 -232 -527 -456 -243 -391 0
141 -117 -351 -497 -90 -402 -273 -150 -162 -368 -352 0
149 -125 -260 -232 -527 -466 -85 -582 -207 -215 -398 -12 -42 -402 0
160 -85 -150 -260 -232 -527 -466 -368 -582 -207 -215 -398 -12 -42 -402 -158 -1 -444 -273 0
202 -204 -444 -518 -19 -100 -162 -150 -260 -232 -527 -466 -368 -582 -215 -398 -12 -402 -158 -1 -273 -179 -282 -570 0
-162 -444 -475 -582 -370 -137 -232 -527 -260 -466 -49 -90 -524 -108 -583 -100 -518 -150 -368 -1 -273 -179 -351 -352 -139 -497 -16 -20 -79 -427 -45 -93 -456 -243 -391 0
586 -100 -520 -352 -139 -475 -370 -232 -49 -1 -16 -79 -427 -391 -574 -550 -220 -169 -211 -487 0
141 -204 -16 -100 -1 -162 -273 -352 -550 -574 -466 -586 -487 -169 -117 -211 0
161 -190 -137 -98 -333 -520 -444 0
202 -20 140 -475 -162 -370 -444 -232 -137 -466 -49 -583 -100 -1 -273 -352 -139 -16 -117 -79 -427 -391 -586 -74 -204 -246 -211 -98 -520 -72 0
443 -404 -200 -98 -232 -220 -137 -77 -523 -191 -6 -333 -246 0
-20 -74 -586 -466 -574 -487 -211 -414 -169 -529 -389 -292 -137 -77 -520 -273 -166 -98 -444 -246 -162 -200 -232 -220 -72 -204 140 -475 -370 -49 -583 -100 -1 -352 -139 -16 -117 -79 -427 -391 0
160 -105 -520 -98 -137 -427 -49 -316 -466 -349 -242 -91 -246 -211 -1 -444 -273 0
102 -583 -520 -100 -273 -16 -391 -1 -466 -574 -352 -550 -139 -79 -220 -427 -49 -232 -211 -487 -292 -444 -166 -162 -204 -169 -475 -370 -117 0
-583 -444 -204 -100 -162 -232 -466 -1 -273 -16 -391 -487 -211 -520 -574 -352 -550 -139 -79 -220 -427 -49 -292 -166 -169 -475 -370 -117 0
583 -264 -169 -520 -211 -108 0
563 -581 -466 -7 -375 -175 0
21 -77 -192 -529 -204 -40 -117 140 -550 -375 -563 0
161 -137 -391 -333 -204 -117 140 -550 -466 -153 -574 -487 -211 -370 -169 -1 -108 -292 -520 -273 -166 -100 0
136 -30 -376 -47 -288 -220 -77 -232 -240 -191 -98 0
562 -402 -316 -550 -49 -427 -74 -126 -153 -456 -574 -243 -529 -518 -333 -77 -191 -137 -47 -220 -232 -98 -284 -209 -224 -179 -176 0
138 -374 -153 -74 -574 -582 -518 -370 -191 0
203 -137 -232 -520 -153 -74 -574 -518 -370 -427 -466 -49 -316 -550 -126 -243 -333 -47 -220 -284 -224 -176 -264 -108 -282 -583 -16 -100 -19 0
570 -243 -333 -391 -19 0
369 -256 -163 0
99 -200 -586 -466 -292 -316 -56 -49 -427 -379 -79 -475 -100 -571 -583 -520 0
585 -243 -153 -550 -74 -47 0
136 -56 -466 -292 -316 -586 -49 -427 -379 -79 -475 -100 -200 -583 -520 -98 0
-137 -153 -550 -333 -466 -292 -586 -49 -427 -79 -475 -100 -520 -108 -391 -204 -232 -574 -370 -126 -220 -16 -487 -169 -211 -1 -273 -162 -117 140 -166 0
-204 -117 -169 -550 -466 -292 -49 -427 -79 -475 -100 -520 -391 -232 -574 -370 -220 -16 -487 -1 -273 -162 -211 -166 -352 -139 0
-153 585 -518 -574 -442 -243 -550 -74 -192 0
-583 -203 -100 -1 -550 -391 -273 -162 -139 -256 -194 -21 -159 -117 -351 -574 -518 -442 -243 -74 -192 -466 -586 -494 -584 0
-117 -273 -352 -169 -520 -211 -100 -1 -550 -391 -139 -162 -574 -466 -487 -292 -49 -427 -79 -475 -232 -370 -220 -16 -166 0
152 -192 -391 -21 -204 -243 -518 -574 -442 0
202 -239 -414 -466 -586 -543 -93 -246 -539 -442 -331 -21 0
-192 -246 -518 -137 -21 -204 -414 -466 -586 -93 -539 -442 -243 -159 -351 -494 -448 -74 -153 -391 -574 0
-153 -583 -586 -466 -93 -47 -280 -243 -21 -16 -79 -475 -520 -220 -137 -518 -442 -159 -351 -494 -448 -391 -574 -108 -100 -74 -550 0
20 -543 -586 -466 -93 -539 -442 -21 -100 -456 -583 -243 -1 -47 -313 -224 -151 -550 -391 -373 -273 -162 0
-583 -137 -370 -162 -475 -79 -427 -352 -139 -351 -466 -93 -1 -273 -368 -100 -232 -243 -391 -21 -586 -442 -47 -224 -550 -256 -159 -494 -574 -74 -280 -16 -520 -220 -518 -448 -108 0
152 -400 -250 -318 -49 -220 -427 -190 -125 -201 -78 -442 -148 -45 0
-400 -148 -398 -12 -581 -40 -466 -530 -33 -78 -45 -153 -250 -318 -49 -220 -427 -190 -125 -201 -442 0
-273 -162 -520 -466 -220 -16 -49 -427 -550 -448 -169 -211 -370 -232 -475 -79 -352 -139 -1 -100 -391 -574 -487 -292 -166 0
-192 -562 -466 -586 -92 -139 -373 -46 -153 -574 -442 -243 -550 -518 -583 -568 -100 -202 -138 -190 0
19 -518 -466 -574 -195 -92 -153 -139 -75 -46 -583 -100 -586 -373 -442 -243 -550 -350 -138 -190 0
-518 -21 -454 -177 -158 -350 -448 -373 -487 -75 -153 -138 -442 -331 -16 -285 -466 -574 -195 -92 -139 -46 -583 -100 -586 -243 -550 -519 0
20 -139 -315 -280 -523 -568 -562 -4 0
152 -137 -162 -204 -550 -574 -466 -586 -100 -107 -77 -47 -568 -19 -251 -72 -436 -221 -74 -243 -518 -332 -442 0
115 -262 -199 -318 -195 0
136 -256 -162 -163 -212 -157 -349 -117 -199 -318 -195 -371 -98 0
468 -139 -251 -137 -162 -98 -450 -224 -117 -524 -281 -72 -436 -489 -455 -495 -586 -580 0
487 -594 -574 -518 0
-195 -92 -539 -543 -117 -183 -179 -524 -281 -72 -436 -450 -455 -495 -489 -574 -518 -224 -139 0
-139 -527 -550 -442 -162 -2 -221 -574 -518 -489 -495 -455 -436 -72 -117 -281 -539 -543 -179 -524 -450 -224 -580 -466 -251 -137 -98 -586 0
212 -264 -107 -352 -98 -162 -137 -273 -171 0
21 -137 -246 -550 -107 -98 -162 -442 -221 -466 -574 -518 -586 -489 -495 -436 -72 -539 -543 -450 -251 -375 -243 -568 -332 0
-117 -195 -495 -72 -243 -489 -282 -574 -518 -47 -436 -116 0
488 -456 -107 -162 -442 -414 -466 -586 202 -543 -246 -539 -21 -332 -243 -353 -495 0
487 -271 -466 -91 -586 -518 -495 0
467 -353 -98 -162 -137 -251 -262 -240 -107 -553 -212 -586 -318 -91 0
213 -427 -55 -595 -169 0
-139 -318 -98 -251 -162 -107 -375 -243 -450 -246 -586 -466 -137 -351 -495 -442 -414 202 -543 -539 -21 -332 -489 -518 -72 -195 -141 0
488 -367 -550 -221 -162 -592 -107 -442 -414 -466 -586 202 -543 -246 -539 -21 -332 -243 -456 -495 0
-195 -495 -243 -586 -466 -518 -489 -550 -221 -162 -107 -442 -414 202 -543 -246 -539 -332 -72 -98 -251 -375 -450 -137 -574 -47 0
-456 -349 -243 -495 -466 -586 -518 -489 -107 -162 -442 -414 202 -543 -246 -539 -21 -332 -353 0
92 -183 -375 -179 -243 -563 -224 -368 -257 -162 -273 -523 -518 -5 -537 -246 -553 -586 -466 0
191 -246 -442 -243 -586 -466 -162 -518 -72 -107 -414 -539 -550 -98 -251 -574 -47 -74 -153 -204 -100 0
91 -456 -246 -466 -136 -107 -489 -76 -495 -550 -43 -586 -375 -47 -442 -243 -331 -20 -569 -539 0
19 -554 -414 -543 -239 -539 -246 -569 -6 0
238 -188 -33 -554 -246 0
468 -456 -593 -107 -136 -246 -76 -43 -47 -243 -450 -495 -586 -91 0
-456 -489 -495 -466 -586 -518 -243 -47 -43 -76 -414 -543 -539 -593 -107 -136 -246 -450 -550 -375 -442 -331 -20 -569 0
31 -555 -240 -246 -189 0
467 -240 -246 -442 -375 -331 -243 -134 -47 -43 -76 -586 0
91 -281 -20 -264 -569 -349 -107 -539 -212 0
241 -281 -478 -162 -457 -232 -273 -107 -229 -212 -372 -349 -582 -550 -157 -375 -47 -2 0
-74 -586 -442 -243 -550 -466 -518 -153 -574 -192 -100 -583 0
538 -171 -262 -388 -238 -497 -554 -163 -413 -256 -542 -93 0
19 -569 -203 0
454 -262 -540 -203 -238 -413 -161 -31 -352 -466 -4 -574 -139 -586 -518 74 0
106 -392 -99 -139 -161 -2 -518 -238 -455 -540 -203 -413 -31 -466 -4 -574 -586 74 0
159 -164 -368 -600 -550 -2 0
262 -390 -169 -137 0
92 -368 -600 -550 -2 -158 -256 -537 -542 -31 -540 -466 0
160 -91 -550 -466 -2 -374 -537 -542 -31 -540 -595 -349 -99 -137 -263 -169 -449 -594 -139 -353 0
350 -119 -550 -221 -374 -594 -598 -139 -496 -115 0
468 -598 -550 -28 -374 -349 -221 -594 -139 -169 -522 -99 -530 -194 -137 -77 -554 -263 -413 -542 -449 -540 -537 -586 -91 -31 0
21 -569 -203 0
493 -139 -203 -540 -542 -413 -263 -586 -31 -466 -550 -28 -374 -99 -530 -449 -353 -161 -2 -192 -286 -518 -212 -238 -488 -455 0
264 -137 -388 -171 0
-137 -524 -71 -203 -224 -318 -20 -286 -116 -238 -530 -43 -194 -77 -263 -388 -171 0
242 -238 -192 -71 -203 -43 -31 -466 -4 -586 -518 -574 74 -540 -413 -550 -99 -161 -108 -48 0
-195 -190 -238 -466 -413 -518 -574 -75 -153 -46 -583 -100 -373 -442 -243 -550 -586 -542 -211 -540 -488 -203 -21 -140 -117 -194 0
263 -117 -391 -238 -466 -518 -574 -153 -46 -583 -100 -373 -442 -243 -550 -586 -126 -331 -192 0
115 -317 -108 -238 -521 -354 -454 -161 -505 -271 -564 -213 -195 -21 0
467 -139 -518 -574 -75 -153 -46 -138 -195 -583 -100 -586 -373 -442 -243 -550 -466 -190 -21 -117 -108 -238 -521 -354 -454 -161 -505 -271 -564 -213 0
116 -354 -599 -391 -108 -203 -238 -466 -413 -518 -574 -75 -153 -46 -583 -100 -373 -442 -243 -550 -586 -542 -195 -540 -488 -190 -140 -117 -21 0
-139 -21 -4 -564 -195 -262 -117 -599 -391 -108 -203 -238 -466 -413 -518 -574 -75 -153 -46 -583 -100 -373 -442 -243 -550 -586 -542 -540 -488 -190 -140 -138 -521 -454 -161 -505 -368 0
-117 -262 -4 -391 -238 -466 -518 -574 -153 -46 -583 -100 -373 -442 -243 -550 -586 -454 -126 -331 -192 -137 0
20 -281 -391 -521 -351 -161 -315 74 -272 -518 -564 -4 0
-262 -137 -518 -4 -126 -442 -331 -192 -391 -238 -466 -574 -153 -46 -583 -100 -373 -243 -550 -586 -454 0
-137 -454 -518 -238 -192 -4 -126 -442 -331 -391 -466 -574 -153 -46 -583 -100 -373 -243 -550 -586 0
244 -586 -518 -192 -442 -466 -153 -583 -100 -243 -550 -574 0
19 -373 -466 -518 -574 -153 -583 -100 -238 -442 -243 -550 -586 -195 -117 -21 -192 0
20 -140 -518 -488 -574 -117 -6 0
-117 -21 -192 -238 -466 -518 -574 -550 -243 -153 -583 -100 -442 -195 -586 0
-46 -373 -238 -192 -442 -466 -574 -153 -583 -100 -518 -243 -550 -586 0
-373 -21 -192 -238 -466 -518 -574 -550 -586 -243 -141 -442 -153 -583 -100 0
19 242 -554 -413 -540 -192 -71 -203 -43 -238 -466 -586 -518 -574 74 -550 -99 -161 -108 -48 0
-21 -195 -586 -574 -518 -192 -238 -550 -466 -243 -442 -153 -583 -100 0
-195 -238 -192 -466 -586 -518 -574 -550 -243 -442 -153 -583 -100 0
-21 -20 -192 -238 -466 -586 -518 -574 -550 -243 -442 -153 -583 -100 0
-4 -238 -192 -586 -466 -518 -574 -550 -243 -442 -153 -583 -100 0
-21 -238 -192 -466 -518 -574 -550 -586 -243 -442 -153 -583 -100 0
-238 -586 -466 -518 -574 -550 -192 -243 -442 -153 -583 -100 0
47 -141 -286 -224 0
-141 -224 -192 -108 -518 -488 -494 -454 -115 -243 -48 -286 -136 0
375 -400 -466 -33 -91 -108 -524 -136 -71 -192 -281 -518 -488 -574 -115 -494 -454 -243 -48 -286 -562 0
-141 -139 -192 -108 -518 -488 -494 -454 -115 -243 -48 -286 -136 0
5 -21 -466 -108 -192 -518 -488 -494 -454 -243 -48 -286 -136 -374 -71 -574 -540 -203 -33 0
-21 -33 -192 -518 -488 -574 -6 -43 -48 -553 -243 -586 -454 -449 -494 -466 -108 -286 -136 -374 -71 -540 -203 0
140 -108 -264 -137 -213 -449 -271 -594 -117 0
93 -159 -33 -537 -466 -2 0
211 -449 -137 -594 -264 -171 -108 0
-586 -192 -243 -466 -518 -574 -550 -442 -153 -583 -100 0
139 -195 -238 -574 -518 -493 -153 -442 -243 -550 -192 -583 -137 -48 0
73 -374 -550 -153 0
-487 -73 -493 -488 0
456 -6 -21 -203 -100 -583 -153 -574 -442 -243 -550 -518 -192 -493 -238 0
19 -529 -42 -77 -32 -562 -466 -93 -71 -540 -280 -6 -203 0
74 -93 -176 -21 -466 -280 -6 -203 -187 -224 -553 -286 -238 -392 -137 -597 -161 -353 -108 -262 -100 -171 -583 -450 0
-195 -137 -21 -203 -100 -583 -153 -574 -442 -243 -550 -518 -192 -238 -466 -108 -488 -48 -141 0
-74 -211 -273 -264 -137 -171 -349 -108 -100 -493 -583 -73 -153 -574 -442 -243 -550 -518 -192 0
Solved
