192 -199 -130 -85 -124 -25 -10 -136 -298 -67 -4 -166 -307 -19 -289 0
143 -244 -307 -298 -166 0
168 -192 -289 -19 -136 -307 -4 0
355 -289 -130 -85 -124 -25 -19 -10 -136 -298 -67 -166 0
69 -340 -220 -235 -85 -328 -25 -13 -136 -175 -52 -10 0
-340 -235 -220 -175 -85 -328 -25 -13 -136 -52 -10 -67 0
137 -229 -175 -124 -289 -19 -307 -166 -67 -10 -235 -85 -52 -25 0
358 -25 -124 -67 -10 -85 -52 -175 -136 -220 -328 -13 0
307 -282 -34 -175 -206 -224 -220 -13 -358 -342 -85 -328 -25 -136 -52 -10 -67 -167 0
222 -282 -228 -34 -175 -206 -224 -13 -328 0
138 -358 -220 -34 -175 -13 -328 -67 -10 -85 -52 -25 0
228 -358 -168 -220 -8 -328 -46 -13 -225 -207 -175 0
364 -175 -220 -34 -46 -67 -10 -85 -52 -136 -124 0
27 -251 -124 -260 -216 -364 -194 -85 0
14 -328 -364 0
-328 -13 -364 0
352 -135 -175 -273 -8 -85 -216 0
330 -338 -19 -260 -281 -352 -97 -180 -364 -220 0
176 -281 -135 -278 -273 -359 -8 -220 -328 -19 -260 -244 -352 -97 -180 -364 0
86 -278 -175 -135 -34 -273 -359 -8 -220 -328 -19 -260 -244 -352 -180 -364 -216 0
329 -290 -260 -352 -359 -364 -220 0
330 -128 -124 -117 -278 -260 -146 -352 -180 -364 -220 0
-328 -135 -273 -359 -8 -220 -260 -364 -34 -216 -175 -124 -85 -308 -207 -341 -225 0
167 -85 -220 -175 -124 -364 -34 -136 -52 -10 -67 -43 0
68 -62 -207 -52 -223 -10 0
280 -9 -207 -46 -223 -167 -67 -52 -10 -228 -180 0
138 -280 -85 -9 -360 -285 -339 -354 -260 -251 0
329 -285 -142 -167 -67 -10 -52 -136 -85 -124 -339 -260 -207 -46 -223 -228 -364 -220 0
87 -180 -142 -260 330 -124 -364 -220 -231 -43 -285 -167 0
-180 -212 -228 -85 -142 -260 330 -124 -364 -220 -231 -43 -285 -167 0
281 -98 -313 -46 -10 -67 -43 -167 -212 -26 -8 -228 -85 0
177 -260 -10 -52 -67 -43 -167 -85 -313 -46 -124 -364 -220 -328 -136 -34 0
329 -116 -124 -260 -180 -136 -52 -223 -10 -67 -167 -26 -8 -364 -220 0
166 -359 -230 -142 -124 -299 0
86 -180 -260 -338 -364 -220 -136 -52 -10 -67 -8 -167 -230 -124 -213 -227 -328 0
87 -213 -227 0
-260 -328 -52 -10 -67 -124 -136 -220 -85 -34 -175 -43 -313 -46 0
282 -8 -364 -191 -290 -98 -46 -301 -175 -34 -195 -27 -85 0
86 -8 -290 -46 -301 -175 -220 -179 -282 -27 0
-8 -279 -290 -191 -220 -195 -328 -27 -364 -98 -308 -43 -167 -85 -46 -301 -175 -179 -34 0
-328 -85 -220 -43 -46 -175 -34 -52 -10 -67 -136 -124 -313 0
87 -8 -175 -13 -364 -250 -136 -52 -10 -67 -43 -167 -34 0
365 -352 -237 -52 -26 -313 -136 -335 -250 -215 -10 0
-352 -179 -227 -281 -175 -67 -10 -52 -136 -250 -237 -26 -13 -364 -313 -335 -215 0
66 -128 -124 -273 -231 -145 0
236 -332 -227 -175 -34 -281 -161 -100 0
9 -26 -136 -175 -227 -34 -281 -364 -124 -215 -67 -10 -52 -250 -13 -313 -220 -167 -46 0
354 -261 -283 -116 -175 -124 -206 -224 -300 -13 -364 0
-8 -175 -124 -136 -52 -10 -67 -34 -313 -220 -46 -85 -43 0
26 -352 -250 -364 -136 0
366 -193 -67 -272 -10 -175 -52 -136 -250 -352 -13 0
176 87 -34 0
-352 -207 -67 -10 -52 -136 -250 -13 -364 -272 -175 -27 0
370 -43 -67 -136 -220 -313 0
137 -9 -331 -285 -167 -47 -231 -62 -220 -224 -329 -364 -252 0
7 -235 -98 -211 -216 -228 -43 -331 -302 -167 -47 0
-227 -180 -299 -167 -66 -154 -360 -235 -228 87 0
48 -160 -331 0
290 -261 -192 0
Solved
