251 -343 -283 0
557 -458 -482 -475 -346 0
566 -400 -196 -226 -556 -482 -475 -346 -582 -151 -7 0
558 -151 -544 -310 -7 -511 -55 -582 -233 -350 -226 -435 -196 -475 -400 -346 0
571 -310 -196 -556 -544 -226 -7 -511 -55 -233 -475 -346 -265 -1 -268 -273 0
582 -151 -55 -484 -159 -401 -566 -373 -448 -1 -571 -7 -511 -268 -156 0
197 -79 -226 0
-79 -226 -196 0
581 -501 -520 -88 -265 -373 -448 -1 -511 -268 0
500 -5 -214 -544 -175 -113 -390 -180 -543 -125 -99 -143 -282 -55 0
281 -62 -99 -88 0
402 -390 -544 -175 -475 -55 -543 -88 -520 -265 -448 -273 -1 -511 -268 -580 -373 0
582 -390 -229 -544 -175 -7 -543 -55 -401 -373 -448 -1 -571 -511 -268 -520 -482 -499 -265 -550 -475 -346 -273 -556 0
228 -532 -520 -265 -475 -448 -1 -55 -268 -88 -373 -511 -580 -229 -544 -175 -7 -482 -550 -346 -273 -139 -196 0
400 -102 -532 -350 -86 -435 -179 -475 -569 -557 0
178 -435 -475 -299 -114 -454 -290 -544 -359 -86 0
477 -76 -403 -544 -184 -482 -73 -550 -314 -102 -154 0
581 -73 -199 -7 -233 -31 -13 -475 -403 -544 -184 -482 -550 -402 -532 -389 -542 -520 -265 -448 -1 -55 -511 -268 -88 -373 0
344 -265 -520 -55 -373 -448 -1 -268 -199 -7 -31 -13 -403 -544 -184 -196 -229 -175 -496 -251 -283 0
-435 -155 -226 -139 -196 -175 -532 -350 -475 -557 -55 -520 -88 -265 -373 -448 -1 -511 -268 -272 -434 0
86 -419 -454 -113 -360 -544 -180 0
476 -73 -403 -544 -184 -483 -550 -139 -196 -55 -373 -511 -88 -448 -268 -520 -1 -265 -226 -175 -532 -475 -272 0
3 -500 -373 -511 -88 -580 -448 -520 -268 -265 0
56 -180 -475 -435 -544 -86 -196 -558 -511 -139 -520 -88 -265 -373 -448 -1 -268 -580 0
-180 -86 -420 -199 -7 -226 -139 -196 -234 -351 -520 -435 -265 -373 -511 -88 -448 -268 -31 -1 -13 -156 -73 -55 -475 -544 -558 0
-86 -73 -520 -403 -544 -184 -463 -550 477 -265 -88 -373 -448 -1 -511 -268 -272 -199 -7 -226 -139 -196 -234 -31 -13 -55 -475 0
586 -268 -448 -520 -373 -1 -55 -403 -544 -184 -463 -7 -196 -31 -13 -175 -496 -283 0
282 -88 -98 -63 0
-343 -344 -250 -283 0
500 -569 -475 -556 -241 -179 -511 -86 -373 -55 0
178 -400 -475 -556 -435 -544 -55 -569 -359 -86 0
476 -241 -13 -31 -154 0
267 -501 -13 -475 -86 -179 -556 -435 -544 -55 -359 -31 -511 -373 -250 -283 -586 -520 0
32 -347 -250 -283 -425 -243 -13 0
265 -250 -55 -13 -31 -86 -283 -425 -556 -475 -435 0
580 -435 -175 -184 -359 -544 -179 -86 -496 -13 -475 -283 -31 -511 -373 -586 -520 -202 -55 -266 -425 -196 0
-265 477 -403 -544 -184 -463 -86 -73 -520 -373 -448 -1 -511 -268 -7 -196 -31 -13 -55 -475 -283 -76 -314 -154 -289 -586 581 -266 0
402 -208 -403 -73 -544 -299 -202 -58 -289 0
499 -124 -420 -143 -454 -73 -403 -184 -544 -492 -570 -289 -400 -299 -202 -518 -256 -88 -51 -282 -189 -101 0
-250 -343 -283 0
477 -76 -403 -544 -184 -463 -73 -314 -154 -283 -570 -289 -454 -202 -256 -55 -86 -520 -373 -448 -1 -511 -268 -7 -196 -31 -13 -475 -586 581 -266 -98 -63 -435 -350 0
85 -435 -586 -350 -196 -175 -283 -475 -55 -520 -373 -448 -1 -511 -268 -266 -13 -31 -403 -544 -184 -463 -314 -202 -256 -86 -7 581 -98 -63 -359 -179 0
476 581 -520 -350 -373 -448 -1 -511 -268 -283 -435 -156 0
15 -88 -403 -544 -202 -518 -282 -189 -500 -475 -435 -86 -196 -580 -511 -180 -520 -558 -373 -448 -1 -268 56 -400 -283 -291 -243 -425 -31 0
-88 -532 -196 -475 -435 -544 -86 -580 -511 -180 -520 -558 -373 -448 -1 -268 56 581 -156 -31 -13 -403 -202 -283 -291 -425 -98 -63 0
-435 -266 -520 -31 -196 -475 -544 -86 -511 -373 -448 -1 -268 -13 -403 -202 -283 -425 -98 -63 -350 -359 -179 -55 -175 -184 -463 -314 -256 -7 -582 -496 0
-154 -462 -4 -7 -403 -544 -300 -202 -88 -282 -500 -290 -55 -582 -359 -164 -16 -196 -179 -31 -283 -86 -13 476 0
401 -88 -13 -31 -359 -16 -179 -55 -86 -4 -7 -403 -544 -300 -202 -425 -282 -582 -164 -196 -283 476 0
-154 -88 -184 -544 -72 -256 -7 -401 -282 -373 -511 -55 -582 -359 -164 -16 -196 -179 -31 -283 -86 -13 476 0
243 -519 -582 -511 -88 0
-88 -72 -582 -196 -283 -511 -425 -202 -13 -31 -359 -300 -16 -544 -179 -55 -86 -184 -256 -7 -373 -164 476 -4 -403 -98 -63 0
2 -511 -373 -13 -86 -55 -31 -196 -283 -202 -544 -184 -256 -7 -403 -475 -520 -448 -1 -268 -175 -463 -496 0
57 -401 -175 -475 -55 -88 -520 -448 -1 -511 -268 -373 -196 -283 -544 -343 -586 -180 -267 -86 -17 0
-401 -459 -7 -73 -403 -544 -202 -360 -165 -180 -519 -196 -520 -88 -351 -281 -435 -501 -475 -86 -511 -558 -373 -448 -1 -268 -55 -175 -283 -343 -586 -267 -17 0
179 -143 -7 -550 -279 -306 -486 -420 -184 -113 -86 -544 -58 -290 -360 -165 0
477 -154 -202 -370 -544 -86 -7 -184 -256 -88 -55 -373 -511 3 -448 -520 -268 -403 -196 -475 -1 -175 -283 -586 -31 -13 -466 0
98 -390 -343 -283 -272 -215 -175 -586 -543 0
402 -73 -403 -4 -544 -113 -419 -267 -519 -454 -520 -88 -62 -99 -343 -283 -272 -215 -175 -586 -289 -196 0
-154 -88 -544 -202 -403 -373 -511 3 -448 -520 -268 -283 -175 -586 -196 -31 -86 -13 -475 -370 -7 -184 -256 -55 -1 -466 0
-343 -215 -175 -299 -202 -99 -283 -272 -586 -59 -196 -88 -401 -281 -500 -373 -511 -581 0
582 -401 -196 -250 -500 -283 -373 -241 -511 0
400 -241 -475 -55 -13 -31 -86 -283 -250 -556 -425 -267 -511 -520 -373 -569 -500 0
290 -88 -475 -281 -500 -55 -13 -31 -86 -283 -267 -511 -520 -373 -581 -196 -175 -299 -202 -99 -272 -586 -59 -180 -360 0
499 -401 -360 -290 -520 -180 -281 0
-401 -75 -466 -283 -299 -30 -196 -59 -581 -290 -511 -486 -373 -100 -500 -360 -520 -180 -281 0
-343 -518 -586 -7 -143 -370 -569 -180 -426 -360 -299 -290 -202 -59 -351 -581 -196 -283 0
282 -557 -426 -88 -511 -290 -59 -299 -475 -283 -586 -7 -143 -370 -569 -180 -360 -202 -351 -581 -196 -267 -520 0
-88 -511 -283 -196 -475 -373 -586 -7 -370 -202 -520 -466 -55 -13 -31 -86 -175 -184 -544 -403 3 -448 -268 -256 -1 0
-343 -241 -283 -511 -581 -196 0
289 -401 -31 -475 -13 -556 -426 -241 0
242 -499 -544 -86 -184 -426 -373 -496 -250 -13 -511 -475 -283 -31 0
-499 -241 -86 -373 -13 -31 -55 -511 -475 -544 -184 -426 -496 -250 -283 0
-401 -557 -581 -400 -196 -500 -283 -373 -241 -511 0
243 -128 -426 -581 -400 -196 -500 -283 -373 -241 -511 -202 -100 -544 -55 -86 -351 -496 -13 -31 -475 0
-511 -475 -86 -55 -13 -31 -283 -7 -196 -373 -202 -544 -496 -184 -370 -520 -466 -175 -403 -448 -268 -256 -1 -463 0
242 -267 -466 -586 -112 -544 -55 -438 -86 -426 -250 -13 -475 -283 -31 0
582 -401 -196 -250 -475 -283 -241 -466 -586 -112 -544 -55 -86 -13 -31 -448 -1 -268 0
477 -557 -544 -86 -496 -250 -13 -283 -31 -184 -350 -241 0
581 -250 -466 -112 -496 -586 -13 -544 -55 -283 -31 -86 -241 -475 -184 -448 -1 -268 0
-250 -241 -55 -86 -13 -31 -544 -475 -283 -466 -586 -112 -448 -1 -268 -196 -580 -496 -184 0
243 -343 -283 0
-475 -86 -55 -283 -13 -31 -544 -466 -448 -1 -268 -196 -496 -184 -7 -373 -202 -370 -520 -175 -403 -256 -463 0
266 -568 -448 -178 -268 -520 -1 0
400 -500 -448 -268 -520 -1 -18 -55 -178 0
179 -200 -418 -302 -318 -553 -548 -175 -232 -349 -273 -1 -268 -448 0
424 -267 -433 -18 -349 -55 -1 -268 -448 -178 -418 -302 -318 -553 -175 -232 -273 -333 -42 -28 -171 -482 -60 -347 -291 0
-267 -553 -18 -1 -485 -268 -482 -42 -448 -347 -425 -433 -349 -178 -418 -302 -318 -55 -175 -232 -273 -333 -28 -171 -60 -291 0
402 -582 -114 -42 -7 -220 -463 -175 -302 -273 -210 -60 -178 -89 -448 -349 -268 -520 -433 -1 -18 -485 -482 -347 -425 -418 -318 -55 -232 -28 -171 -196 -466 -189 -102 -556 -500 0
401 -178 -448 -425 -347 -556 0
179 -291 -114 -318 -42 -503 -55 -28 -485 -171 -463 -175 -433 -482 -60 -349 -347 -466 -273 -1 -425 -268 -448 0
-291 -267 -433 -18 -60 -349 -55 -1 -268 -448 -178 -114 -318 -42 -503 -28 -485 -171 -463 -175 -482 -347 -466 -273 -425 0
291 -42 -463 -178 -448 -273 -268 -466 -418 -114 -512 -556 -373 -55 -347 -520 -1 -18 -425 0
242 -250 -220 -463 -175 -448 -349 -268 -520 -433 -1 -418 -55 -196 -466 -556 -373 -184 -544 -403 -86 -154 -496 -7 -13 -283 -31 0
178 -41 -335 -463 -277 -440 -436 -466 -418 -582 -513 -484 -373 -184 -499 -544 -55 -359 -86 0
424 -179 -418 -513 -373 -55 -463 -184 -17 -544 -272 -403 -520 -490 -268 -75 -448 -86 -1 -466 -556 -483 -348 -291 0
-179 -291 -55 -86 -457 -483 -448 -348 -463 -426 -418 -513 -373 -184 -17 -544 -272 -403 -520 -490 -268 -75 -1 -466 -556 0
-291 -17 -55 -448 -268 -520 -1 -556 -101 -348 -534 -426 -349 -86 -457 -483 -463 -418 -513 -373 -184 -544 -272 -403 -490 -75 -466 0
180 -84 -466 -55 -463 -175 -433 -184 -60 -483 -349 -544 -348 -272 -1 -403 -426 -268 -75 -448 -86 0
57 -5 -402 -196 -448 -268 -520 -1 -7 -267 -142 -86 -17 0
346 -75 -544 -86 -60 -55 -402 -196 -448 -268 -520 -1 -7 -17 -101 -534 -433 -349 -483 -426 0
31 -15 -591 0
-15 -33 -591 0
351 -459 -314 -252 -76 -101 -462 -476 -5 0
400 -279 -565 -483 -459 -252 -314 -492 -582 -101 -570 -558 -500 0
481 -226 -255 -198 -219 -462 -33 -76 -596 -216 -243 -550 -465 -73 -459 -279 -170 0
40 -401 -596 -586 -273 -216 -483 -33 -76 -73 -252 -314 -101 -500 -51 -565 -582 -570 -558 -476 -350 -124 -28 -335 -143 -83 0
316 -308 -420 -454 0
126 -9 -143 -4 0
481 -420 -122 -401 -76 -72 -500 -314 -101 -143 -454 -252 -318 -4 -124 -59 -565 -28 -459 -171 0
142 -157 -565 -550 -76 -4 -461 0
-400 -196 -454 -492 -420 -544 -143 -124 -570 -299 -51 -289 -101 -243 -591 -520 -273 -216 -465 -318 -4 -278 -565 -550 -76 -582 -73 -252 -532 -485 -500 -401 0
-196 -550 -252 -314 -582 -101 -558 -500 -454 -492 -420 -544 -143 -124 -570 -299 -51 -289 -243 -591 -520 -273 -216 -465 -318 -4 -278 -565 -76 -73 -532 -485 -401 0
349 -401 -565 -391 -216 -122 -76 -252 -101 -124 -143 -500 -596 -273 -314 -582 -558 -454 -544 -570 -299 -51 -289 -243 -591 -520 -318 -73 -335 -483 -72 -59 -28 -171 -476 0
290 -252 -101 -500 -591 -582 -33 -558 -476 -350 -565 -391 -216 -122 -76 -124 -143 -596 -273 -314 -454 -544 -570 -299 -51 -289 -520 -73 -483 -72 -28 -42 -586 0
309 -278 -143 -316 -124 0
-278 -486 -76 -459 -462 -483 -143 -550 -308 -316 -124 0
458 -316 -73 -124 -143 -4 -42 -565 -336 0
401 -196 -124 -483 -336 -73 -42 -565 -454 -350 -596 -476 -570 -143 -448 -425 -178 -347 0
-196 -336 -216 -565 -273 -143 -483 -252 -314 -582 -101 -570 -558 -500 -476 -350 -402 -124 -73 -42 -454 -596 -448 -425 -178 -347 0
265 -42 -143 -73 -565 -454 -350 -570 -448 -425 -178 -347 -596 -216 -273 -314 -582 -500 -289 -591 -391 -76 -544 -299 -72 -28 -154 -17 0
316 -243 -347 -425 -14 -373 -31 -591 -522 -570 -114 -492 -420 -454 0
277 -373 -591 -425 -522 -347 -570 -42 -73 -143 -278 -124 -317 -31 -454 -154 -435 -350 -5 -461 0
402 -278 -454 -350 -317 -5 -73 -42 -143 -582 -591 -425 -522 -347 -570 -124 -31 -154 -435 -500 -196 0
477 -379 -481 -335 -485 -314 -102 -556 316 -454 -154 0
419 -477 -511 -350 -243 -5 0
241 -250 0
6 -571 -397 -439 -143 -438 -278 -582 -114 -481 -335 -314 -102 -556 316 -454 -154 -476 -350 0
-278 -401 -350 -5 -143 -582 -314 -154 -317 -73 -42 -347 -289 -425 -31 -591 -570 -500 -448 -268 -18 -1 -55 -178 -454 -522 -124 -435 -196 0
74 -279 -596 -216 -73 -76 -401 -565 -314 -582 -570 -500 -154 -273 -464 -289 -28 -482 -425 -347 -143 -42 0
476 -401 -500 -347 -101 -243 -154 0
-401 -317 -591 -500 -522 -570 -31 -347 -454 -154 -73 -596 -216 -76 -565 -314 -582 -273 -289 -28 -425 -143 -42 -129 -350 -5 -448 -268 -18 -1 -55 -178 -124 -435 -196 0
-124 -196 -268 -1 -55 -544 -448 -31 -588 -265 -435 -350 -154 -591 -73 -42 -565 -454 -596 -570 -143 -425 -178 -347 -522 -582 -289 -500 -216 -76 -314 -273 -28 -129 -18 -126 0
242 -420 -201 -347 -42 -425 -316 -14 -73 -31 0
477 -279 -314 -570 -265 -448 -1 -268 -522 -591 -31 -425 -582 -347 -196 -201 -42 -316 -73 -154 0
419 -316 -42 -73 -201 0
277 -542 -196 -98 -582 -556 -500 -522 -401 -177 -570 -216 -490 -465 -308 0
-520 -132 -531 -295 -308 -312 -484 -362 -100 -49 -154 -189 -15 -571 -500 -591 -401 -522 -448 -268 -18 -1 -55 -178 0
475 -531 -500 -425 -591 -347 -49 -154 -522 -448 -268 -18 -1 -55 -178 -42 -201 -588 -273 -216 -129 -279 -196 -98 -582 -570 -31 -596 -73 -462 -9 -454 -316 -4 -350 0
-196 -435 -347 -154 -596 -350 -591 -500 -425 -49 -522 -448 -268 -18 -1 -55 -178 -42 -588 -273 -216 -129 -98 -582 -570 -31 -73 -454 -314 -265 -407 -143 -544 -565 -289 -76 -28 -126 0
242 -14 -558 -373 -347 -591 -425 -582 -31 0
-101 -241 -76 -460 -335 -143 -347 -350 -42 -425 -73 -591 -314 -558 -373 -582 -31 -154 -100 0
-241 -316 -143 -126 -350 -460 -73 -591 -154 -76 -335 -347 -42 -425 -314 -558 -373 -582 -31 -100 0
241 -280 -591 -425 -522 -347 -31 -98 -63 0
402 -139 -454 -98 -350 -544 -582 -522 -591 -73 -347 -425 -31 -126 -154 -143 -460 -76 -42 -314 -63 -500 -289 0
457 -465 -143 -42 -483 -336 0
476 -460 -9 -76 -565 -550 -350 -457 -435 0
-42 -347 -1 -268 -314 -448 -591 -425 -582 -154 -76 -565 -350 -143 -570 -289 -178 -454 -98 -544 -73 -63 -500 -596 -55 -273 -216 -129 -407 -28 -17 -266 -391 -299 -72 0
-347 -73 -425 -591 -1 -268 -314 -448 -582 -154 -76 -565 -350 -143 -570 -289 -178 -454 -98 -544 -63 -500 -596 -55 -273 -216 -129 -407 -28 -17 -266 -391 -299 -72 0
201 -402 -216 -596 -273 -289 -285 -334 -345 -457 -234 -565 -462 -9 -6 -126 -407 0
243 -334 -289 -565 -570 -9 -126 -454 -199 -216 -596 -273 -462 -407 -557 -350 -154 -73 -591 0
345 -284 -251 0
242 -251 0
477 -15 -289 -511 -591 -425 -582 -500 -557 -154 0
400 -60 -289 -425 -15 -88 -582 -591 -282 -226 -448 -268 -1 -500 -55 -178 0
4 -484 -599 -482 -544 -9 -76 -565 -550 -350 476 -435 -114 0
-15 -462 -596 -9 -482 -544 -76 -565 -550 -350 -511 -591 -570 -289 -425 -88 -582 -282 -226 -448 -268 -1 -500 -55 -178 -532 -299 -154 -475 -557 -266 -17 0
402 -529 -544 -299 -73 -403 -289 -88 -17 -282 -511 -520 581 -373 -448 -1 -268 -500 0
-501 -403 -544 -60 -73 -316 -88 -126 -282 -511 -520 581 -373 -448 -1 -268 -500 0
40 -73 -76 -544 -314 -482 -154 -448 -1 -268 -500 -454 -28 -570 -289 -299 -17 -440 -582 -557 -591 -425 -596 -565 -350 -55 -178 -266 -98 -63 -242 -216 -273 -407 -143 0
-15 -544 -404 -591 -570 -500 -289 -425 -582 -448 -268 -1 -55 -178 -350 -299 -154 -124 -557 -98 -63 -266 -242 -17 0
551 -600 -299 -407 -201 -60 -544 -418 -28 -113 -486 -170 -6 -482 -460 -457 -76 0
250 243 0
475 -60 -407 -317 -544 -299 -201 -28 -486 -170 -482 -460 -76 -84 -7 -565 -550 -251 -350 0
401 -501 -544 -73 -520 -373 -448 -1 -268 -500 -591 -317 -582 -454 -98 -63 -33 -557 -476 -407 -299 -201 -28 -486 -170 -482 -460 -76 -84 -7 -565 -550 -251 -350 -570 -289 0
402 -373 -299 -73 -289 -17 -520 -544 -448 -1 -268 -500 -591 -440 -98 -63 -33 -436 -242 -582 -476 -557 0
241 -373 -544 -73 -482 -314 -154 -407 -520 -76 -448 -1 -268 -500 -201 -317 -454 -440 -436 -570 -289 -582 -402 -404 -557 -591 -476 -98 -63 -33 0
-501 -373 -73 -520 -544 -448 -1 -268 -500 -591 -317 -582 -454 -98 -63 -33 -557 -476 -407 -299 -201 -28 -170 -482 -460 -76 -84 -7 -565 -251 -350 -570 -289 -314 -402 -101 0
-373 -520 -268 -448 -1 -500 -55 -178 -289 -299 -407 -454 -201 -440 -544 -436 -404 -582 -591 -314 -101 -73 -317 -98 -63 -33 -557 -476 -28 -170 -482 -460 -76 -84 -7 -565 -251 -350 -570 -154 -17 0
199 -60 -457 -7 -482 -170 -331 -28 -84 -299 -598 -565 -544 -113 -6 -124 -407 0
420 -309 -454 -317 0
400 -523 -216 -273 -317 -322 -6 -598 -63 -264 -124 -544 -511 -582 243 -299 -407 -457 -7 -482 -170 -28 -84 -565 -201 -418 -454 -490 -570 0
483 475 -407 -317 -544 -299 -201 -28 -565 -170 -482 -460 -76 -84 -7 -60 -251 -350 -484 0
-520 -118 -201 -7 -482 -170 -28 -84 -299 -565 -544 -124 -407 -317 -460 -76 -251 -350 -289 -216 -273 -322 -63 -582 -454 -570 -557 -476 -266 -33 -101 -591 -500 -268 -448 -1 -55 -178 -440 -436 -404 -314 -73 -98 -154 -17 0
-178 -591 -17 -266 -299 -407 -350 -273 -63 -582 -500 -268 -448 -1 -55 -314 -98 -425 -143 -596 -129 -72 -359 -164 -86 -179 0
475 -454 -317 -491 -419 0
-454 -491 -317 -476 -456 0
-475 -33 -73 -289 -17 -520 -544 -448 -1 -268 -500 -591 -98 -63 -299 -436 -242 -582 -476 -346 -401 -482 -458 0
-454 -282 -520 -98 -568 -541 -317 -476 -456 0
-33 -476 -520 -98 -568 -317 -456 -596 -500 -461 -8 -143 -314 -158 -41 -551 -482 -335 -458 -242 -156 -73 -289 -17 -544 -448 -1 -268 -591 -63 -299 -582 -401 -425 0
-476 -242 -568 -520 -458 -482 -266 -401 -17 -98 -317 -456 -596 -500 -461 -8 -143 -314 -158 -41 -551 -335 -156 -73 -289 -544 -448 -1 -268 -591 -63 -299 -582 -425 0
241 -436 -544 -299 -73 -289 -17 -520 -448 -1 -268 -500 -582 -401 -461 -100 -143 -346 -41 -482 -335 -458 -158 -591 -551 -98 -63 -33 0
400 -250 -458 -158 -551 -482 -346 -100 -557 -500 0
-33 -434 -299 -59 -266 -520 -582 -568 -557 -500 -401 -458 -158 -551 -482 -100 -242 -544 -73 -289 -17 -448 -1 -268 -461 -143 -41 -335 -591 -98 -63 -425 0
-73 -317 -544 -55 -359 -86 -582 -520 -448 -1 -350 -268 -266 -591 -17 -299 -500 -458 -158 -551 -482 -289 -461 -143 -98 -63 -425 178 -596 -8 -314 0
477 -346 -482 -458 -241 0
475 -309 -158 -551 -482 -456 -458 -420 0
-346 -126 -350 -266 -520 -568 -401 -113 -458 -158 -551 -482 -500 -420 -241 -156 -475 0
-317 -520 -314 -158 -551 -458 -591 -482 -425 -266 -350 -500 -544 -55 -359 -86 -582 -448 -1 -268 -17 -299 -289 -461 -143 -98 -63 178 -596 -8 0
477 -419 -113 -582 -241 -482 -458 0
242 -477 -551 -458 -350 -156 -314 0
-475 -90 -299 -59 -266 -520 -582 -568 -500 -401 -458 -158 -551 -482 -250 -346 -156 -477 0
-520 -289 -8 -143 -591 -500 -44 -582 -314 -551 -458 -350 -299 -266 -158 -482 -425 -544 -55 -359 -86 -448 -1 -268 -17 -596 -461 -98 -63 178 0
-475 -289 -15 -591 -425 -582 -500 -154 -458 -482 -243 -101 -314 -551 -350 -476 0
-289 -551 -458 -350 -314 -591 -425 -582 -500 -482 -17 -266 -8 -143 -44 -299 -158 -544 -55 -359 -86 -448 -1 -268 -596 -461 -98 -63 178 0
-475 -522 -591 -582 -98 -63 -458 -482 -243 -500 -314 -158 -551 -350 -476 0
77 -458 -350 -314 -591 -582 -98 -63 -482 -500 -158 -266 -17 -299 -425 -8 -143 -44 -544 -55 -359 -86 -448 -1 -268 -596 178 0
251 -345 -285 0
459 -434 -299 -59 -350 -599 -534 -185 -100 -304 -30 -83 -41 -482 -335 0
243 -475 -113 -596 -460 -8 -143 -458 -299 -59 -350 -599 -185 -304 -30 -482 -291 -156 -425 -582 -591 0
-289 -380 -8 -143 -422 -41 -458 -350 -314 -591 -425 -582 -500 -482 -17 -266 -44 -299 -158 -544 -55 -359 -86 -448 -1 -268 -596 -551 -98 -63 178 0
289 -434 -17 -266 -591 -299 -425 -59 0
402 -1 -436 -403 -299 -73 -544 -289 -88 -17 -282 -511 -520 -373 -448 -440 -268 -500 -582 -557 0
304 -85 -73 -171 -78 0
485 -402 -334 -289 -520 -491 -282 -500 -304 -100 0
300 -597 -226 -582 -156 476 -283 -448 -520 -350 -268 -1 -511 -373 -55 0
-501 -307 -520 -511 -373 -448 -1 -88 -268 -582 -544 -299 -226 -156 476 -283 -350 -279 -17 -334 -289 -402 -282 -500 0
-282 -1 -544 -299 -350 -532 -100 -520 -511 -373 -448 -289 -88 -268 -582 -226 -156 476 -283 -279 -17 -334 -500 -159 -486 -304 -436 -403 -73 -440 0
270 282 -88 -448 0
-1 -544 -226 -582 -448 -268 -88 -520 -500 -17 -299 -350 -532 -100 -511 -373 -289 -156 476 -283 -279 -334 -159 -486 -304 -436 -403 -73 -440 0
281 -180 -448 -400 -596 -557 -226 -582 -517 -520 -88 0
-544 -448 -582 -226 -268 -88 -520 -299 -500 -100 -350 -315 -17 -532 -511 -373 -289 -156 476 -283 -279 -334 -159 -486 -304 -436 -403 -73 -440 0
-282 -264 -350 -299 -532 -434 -100 -159 -500 -486 -334 -289 -520 -491 -402 -304 -281 0
580 -1 -448 -17 -268 -520 -500 -88 -350 -299 -532 -434 -100 -159 -486 -334 -289 -491 -304 -58 -557 -226 0
-1 -17 -159 -591 -565 -299 -350 -582 -500 -268 -448 -425 -486 -184 -598 -373 -112 -511 -156 476 -283 -520 -88 -532 -100 -334 -289 -304 -58 -226 0
-33 -100 -73 -299 -500 -171 -350 -315 -159 -591 -565 -582 -425 -486 -511 476 -283 -88 -532 -334 -289 -226 -279 -440 -78 -31 0
580 -156 -226 -448 -88 -520 -299 -500 -100 -350 -315 -268 -532 -511 -17 -289 -582 476 -283 -279 -334 -159 -486 -304 -373 -403 -73 -440 -1 0
-156 -265 -1 476 -283 -448 -520 -350 -268 -511 -88 -500 -582 -226 -299 -100 -315 -532 -17 -289 -279 -334 -159 -486 -73 -440 -591 -171 -78 -15 0
-17 -1 -582 -448 -268 -520 -500 -88 -350 -299 -532 -100 -159 -486 -334 -289 -226 476 -283 -511 -315 -279 -73 -440 -591 -171 -78 -15 -18 0
581 -156 -159 -565 -279 -41 -73 -56 -448 -299 -268 -1 476 -283 -520 -350 -486 -511 -373 0
267 -264 -448 -350 -299 -532 -434 -100 -159 -500 -486 -334 -289 -520 -491 -88 -304 -402 -268 -1 0
-156 -56 -41 -88 -498 -73 -279 -299 -266 -448 -350 -532 -100 -159 -500 -486 -334 -289 -520 -268 -1 -226 -582 -565 476 -283 -511 -591 -171 -78 -15 0
-1 -268 -448 -279 -582 -299 -565 -350 -159 -532 -486 -100 -41 -88 -498 -73 -500 -334 -289 -520 -226 476 -283 -511 -591 -171 -78 -15 -315 -440 -18 0
-268 -448 -88 -582 -226 -520 -299 -500 -100 -350 -315 -532 -511 -289 476 -283 -279 -334 -159 -486 -73 -440 -171 -591 -78 -15 -565 -41 -498 -18 0
268 -100 -434 -557 -350 -159 -532 -486 -289 -299 -500 -425 -155 -15 -511 -591 -582 0
433 -114 -419 -317 -546 -59 -350 -299 -266 0
581 -57 -18 -299 -434 -419 -317 -546 -59 -350 -1 -511 -268 0
580 -401 -557 -226 0
57 -465 -279 -595 -142 0
298 -266 -18 -434 -57 0
-1 581 -299 -434 -419 -18 -57 -59 -350 -511 -268 -73 -86 -155 -100 -532 0
448 -18 -299 -500 -155 -159 -434 -100 -565 -350 -315 -419 -511 -268 -73 -532 -279 -582 -557 -226 -41 -334 -289 -425 0
-100 -315 -532 -350 -591 -88 -582 -226 -299 -500 -511 -289 476 -283 -279 -334 -159 -486 -73 -440 -171 -78 -565 -41 -498 -425 -31 0
3 -268 -57 -289 -299 -226 -557 -434 -582 -350 -425 0
580 -130 -73 -279 -171 -78 -308 -305 -41 -334 -289 -226 -557 0
521 -461 -596 -143 -9 -6 -435 -482 -76 -544 -565 -550 -350 476 -484 -114 -375 -402 -591 -475 -102 -179 -532 -86 0
597 -216 -464 -175 0
85 -596 -591 -425 -375 -289 -435 -482 -565 -550 -350 476 -484 -114 -334 -6 -464 -15 -163 -123 -179 -78 0
449 -143 -289 -334 -402 -130 -78 -57 -305 -87 -73 -171 -591 -425 -375 -435 -482 -565 -550 -350 476 -484 -114 -6 -464 -15 -163 -123 0
-268 -123 -226 -78 -57 -87 -41 -402 -334 -289 -425 -305 -73 -171 -591 -375 -482 -565 -550 -350 476 -484 -15 -279 -128 -511 -582 -308 -383 -299 -2 0
552 -511 -299 -289 -350 -591 -582 -226 -73 -482 -550 476 -500 -532 -88 -283 -31 -346 -458 0
-448 -55 -299 -434 -419 -268 -1 -18 -350 581 -511 -289 -73 -591 -314 -266 -63 -582 -500 -57 -273 -129 -72 -164 -450 0
426 -86 -482 -77 -458 -155 -334 -299 -434 -419 -57 -268 -1 -350 -511 -18 -73 581 -532 -60 -346 -289 0
-55 581 -550 -350 -435 -346 -289 -482 -77 -458 -334 -299 -268 -1 -511 -73 476 -532 -591 -314 -582 -500 0
291 597 -226 -402 -522 -387 -591 -80 -15 -179 -42 -425 -359 -334 0
290 -42 -29 -500 -243 476 -101 -154 -60 0
-425 -595 -226 -402 -522 -387 -591 -80 -15 -179 -42 291 -334 -450 0
581 -1 -500 -243 476 -334 -289 -350 -435 -482 -458 -299 -268 -591 -582 0
-1 -334 -500 -591 -482 -289 -582 -243 476 -350 -435 -458 -299 -268 0
290 -484 -77 -482 -458 -500 -243 476 -101 -154 -60 -334 0
85 -572 -151 -268 -6 -464 -448 -460 -595 -77 -57 0
597 -142 -482 -458 -460 -6 -151 -572 -163 -179 -360 -268 -464 -448 0
144 -460 -6 -8 0
309 -484 -384 -131 0
580 -179 -491 -265 -309 -18 -73 -448 -57 -6 -87 -597 -268 -464 -77 -226 -557 0
144 -125 -6 -7 0
-125 -279 -73 -309 -41 -143 -6 -7 0
581 -597 -419 -309 -6 -41 -87 -591 -464 -57 -15 -73 -426 -360 -448 -511 -268 0
-597 -448 -268 -6 -464 -87 -77 -57 -226 -491 -265 -309 -73 -557 -582 -419 -41 -591 -15 -426 -360 -511 0
86 597 -458 -482 -6 -163 -268 -448 -557 -226 -582 -402 -387 -591 -15 291 -334 -265 -73 -57 0
580 85 -268 -6 -464 -448 -595 -77 -57 -226 -557 0
400 -407 -84 -41 -6 -143 -9 -265 -462 -520 -198 -475 -435 -557 -350 -102 -532 -179 -86 0
-448 -402 -435 -482 -550 -350 476 -158 -475 -102 -532 -77 -57 -458 -163 -268 -226 -582 -387 -591 291 -334 -73 -511 -375 -309 0
-334 -268 -482 -591 -500 -243 476 -435 -350 -475 -458 -582 -289 -299 0
87 -484 -101 -169 -155 -77 -73 0
85 -98 -63 -518 -60 -169 -401 -500 -40 -101 -591 -243 476 -77 -57 0
-401 -448 -243 476 -101 -40 -57 -87 -60 -169 -591 -77 -500 -268 -582 0
86 -448 -268 -582 -463 -557 -277 -346 -40 -73 -57 0
42 -544 -511 -375 -591 -15 -6 -426 -462 -346 -143 -73 0
-448 -268 -299 -350 -289 -591 -314 -582 -500 -57 -3 -567 -158 -484 -40 -6 -101 -77 -463 -277 -243 476 -60 -169 0
56 -549 -343 -251 -457 476 -550 -350 -435 -496 -197 -595 -87 0
41 -277 -57 -343 -251 -457 476 -550 -350 -435 -496 -595 -87 -178 -511 -358 -582 -289 -424 -346 -73 0
-268 -435 -289 476 -350 -500 -582 -299 -591 -243 -482 -458 -475 0
55 -598 -545 -283 -404 -496 -73 -597 -87 0
-435 -243 -500 -482 476 -289 -591 -582 -350 -299 -458 -475 0
-401 -448 -41 -458 -482 -170 -304 -289 -591 -31 -314 -299 -1 -350 -268 -582 -500 -460 298 -434 -57 -557 -226 0
401 -460 -4 -596 -283 -158 -458 -482 -304 -170 -546 -30 -58 -289 0
87 -268 298 -434 -57 -289 -1 -591 -582 -458 -482 -31 -314 -299 -350 -500 -557 -226 -4 -283 -158 -77 -73 0
-268 -57 -591 -289 -299 -226 -557 -434 -582 -350 -1 298 -155 -458 -482 -31 -314 -500 -4 -283 -158 -77 -73 0
545 -485 -382 -598 -114 0
-57 -4 -482 -77 -314 -1 -155 -500 298 -434 -31 -511 -591 -582 -289 -299 -226 -557 -350 -458 -283 -158 -73 0
-401 -485 -306 -382 -544 -58 -511 -268 -289 -582 -400 -557 -226 0
196 -462 -4 -597 -144 0
-86 -268 -31 -88 -4 -55 -300 -582 -283 476 -591 -267 -373 -1 -511 -597 -226 -144 -58 -289 -382 -400 -100 -77 -87 0
-401 -545 -4 -597 -267 -144 -1 -58 -511 -268 -289 -582 -400 -557 -226 0
418 -307 -455 -318 0
580 -545 -382 -419 -318 -171 -491 -569 -360 -203 -591 -179 -385 -268 -88 -84 -426 -42 -280 -73 -85 -4 -346 -597 -144 -557 -518 -226 0
5 -339 -408 -42 -454 -309 -144 -419 -462 -114 0
-268 -4 -408 -144 -597 -280 -88 -31 -18 -591 -267 -373 -1 -511 -582 -382 -385 -73 -346 -226 -34 -58 -289 -400 -55 -300 -283 476 -100 -77 -87 0
-243 476 -582 -289 -591 -500 -482 -299 -350 -458 -475 0
460 -450 -348 -426 -482 -597 -458 -57 -552 -144 -78 0
56 -518 -72 -546 -299 -534 -350 -100 -434 -30 -41 -482 -170 -373 -500 -458 -289 -78 -180 -460 -450 -197 -597 -144 0
448 -180 -426 -289 0
596 -448 -591 -582 -268 -500 -513 -57 0
-77 -59 243 -596 -460 -143 -458 -299 -475 -350 -482 -291 -425 -582 -591 -567 -518 -72 -484 -169 -155 -73 0
581 -597 243 -458 -299 -475 -350 -482 -582 -591 -155 -73 -289 -434 -500 -419 -144 -268 0
290 -374 -299 -434 -350 -534 -546 -100 -500 -402 -84 0
544 -124 -434 -350 -299 -482 -317 -170 -84 -419 -30 -113 -60 0
-597 -144 -73 -482 -500 -299 -434 -350 -419 -289 -557 -582 243 -458 -475 -591 -155 -268 0
457 -113 -513 -599 -185 -129 -500 -299 -57 -144 -41 -482 -335 0
300 -204 -385 -59 0
545 -9 -350 -144 -434 -57 -299 -59 -285 -83 -498 -41 -78 -482 -335 -534 -100 -30 -458 -513 -129 -500 0
-144 -73 -155 -482 -458 -350 -434 -299 -500 -289 -268 -419 -557 -582 243 -475 -591 0
60 -448 -90 -268 -582 -557 -500 -100 -534 -350 -434 -299 -289 0
58 -317 -419 144 -78 -552 -482 -458 -334 -350 -289 -434 -82 -546 -299 -30 0
-77 144 -567 -350 -534 -484 -552 87 -169 -155 -73 0
298 -484 -100 -350 -534 -434 -384 0
-73 -268 -434 -299 -155 -458 -482 -289 -419 -350 -582 -557 -500 243 -475 -591 0
546 -600 -285 -496 -596 -500 -591 -57 -403 -85 0
290 300 -299 -534 -350 -100 -434 -482 -85 -285 -500 -591 -403 -458 -77 -40 -582 -268 -513 -348 -426 0
55 -29 -387 -84 -203 -169 -598 -184 -484 -77 -100 -460 -500 -144 0
544 -265 -3 -169 -384 -100 -345 -484 -285 -387 -40 -552 -84 -77 -85 -57 -460 -500 -144 -60 0
546 -496 -285 -596 -500 -591 -57 -403 -85 0
486 -599 -84 300 -544 -285 -500 -591 -403 -85 -582 -268 -513 -426 -348 -169 -482 -304 0
485 -304 -544 -85 -57 -169 -500 -60 -100 0
-304 -544 -591 -582 -268 -500 -513 -285 -403 -85 -348 -426 -482 -84 300 -169 -484 -100 0
300 -484 -460 -85 -77 -591 -582 -268 -500 -513 -285 -403 -348 -426 -482 -169 -144 -100 -345 -40 -552 -289 -299 -534 -350 -434 -458 0
461 -436 -440 -311 -582 -549 -153 -7 -4 0
462 -596 -7 -197 -4 0
-57 -1 -591 -299 -350 -268 -582 -500 -55 -491 -316 -513 -4 -460 -289 -58 -552 485 -85 -169 -100 -90 -557 -534 -434 -426 -77 -144 0
546 -267 -408 -4 -18 -531 -33 -468 -591 -403 -185 0
59 -1 -268 -582 -179 -458 -513 -112 -491 -132 -144 -4 -308 -124 -316 -400 -337 -289 -34 0
60 -268 -289 -90 -426 -582 -557 -500 -100 -534 -350 -434 -299 0
545 -402 -57 -144 -458 -250 -557 -482 -100 -500 -285 -591 -582 -268 -513 -403 -85 -348 -426 -84 -544 -169 -289 -299 -60 0
546 -144 -350 -434 -40 -500 -299 243 -591 -57 -403 -85 0
598 -144 -582 -557 -57 -513 -458 -250 -482 -100 -500 -285 -591 -268 -403 -85 -348 -426 -169 -289 -299 -60 -40 -546 0
545 -598 -40 -482 -169 -299 -348 -85 -60 0
599 -595 -336 -458 -278 -482 -485 -285 -184 0
-484 -179 -285 -360 -268 -595 -591 -582 -500 -513 -57 -426 -348 -121 -482 -77 -485 -85 300 -403 -169 -144 -100 -345 -40 -552 -289 -299 -534 -350 -434 -458 0
86 -402 -491 -316 -426 -289 -591 -582 -268 -500 -513 -57 -336 -482 -285 -360 -348 -121 -85 -403 -169 -144 -100 -345 -40 -552 -299 -534 -350 -434 -458 -29 -84 -203 -598 -184 -35 0
298 -58 -482 -591 -299 -350 -268 -582 -500 -57 -491 -513 -289 -316 -552 -85 -169 -100 -90 -557 -534 -434 -426 -144 -596 0
56 -307 -201 -316 -547 -279 -8 -144 0
-485 -336 -458 599 -482 -285 -184 -144 -57 -201 -316 -547 -552 0
-144 -57 -582 -458 -482 -268 -316 -350 -434 -299 -591 -500 -491 -289 -85 -169 -100 -557 -40 -121 -403 243 0
41 -426 -289 -482 -458 -348 0
-268 -169 -458 -482 -144 -57 -350 -434 -299 -591 -500 -491 -289 -582 -557 243 -155 -419 -475 0
481 -485 -500 -591 -582 -458 -482 -144 -350 -434 -299 -491 -289 -557 243 -155 -419 -475 -57 0
-268 -57 -482 -144 -458 -350 -434 -299 -591 -500 -491 -289 -582 -557 243 -155 -419 -475 0
-485 -169 -434 -299 -289 -491 -458 -350 -482 -500 -591 -582 -144 -557 243 -155 -419 -475 -57 0
483 -383 -124 -299 -407 -308 -305 -78 -289 -552 -336 -75 -30 -458 -169 0
59 -549 -440 -582 -436 -7 -4 -460 -596 -398 -400 -146 -84 -289 -34 -30 0
290 -305 -228 -78 -121 -596 -169 -464 -30 -217 -336 -84 -299 -434 -350 -534 -100 -500 -546 -374 0
298 -440 -345 -582 -436 -7 -460 -596 -398 -400 -84 -289 -30 -285 -534 -600 -350 -546 -434 -60 0
433 -1 -350 -267 0
-169 -57 -289 -350 -434 -299 -500 -482 -458 -491 -591 -144 -557 243 -155 -419 -475 -582 0
-57 -144 -458 -482 -350 -434 -299 -500 -491 -591 -289 -557 243 -155 -419 -475 -582 0
481 -311 -582 -144 -316 -201 -179 -458 -513 59 -491 -400 -289 -408 -345 -285 -598 -545 -18 -33 -591 -403 -100 -350 -534 -434 298 -348 0
-596 -460 -4 -197 -8 -597 0
374 -268 -1 -18 -267 -33 -582 -591 -513 0
484 -596 -197 -4 -597 -77 -565 -305 -158 0
-484 483 -299 -289 -552 -336 -75 -30 -458 -169 -408 -467 -100 -350 -534 -434 298 0
374 -1 -591 -18 -267 -33 -582 -513 0
-30 59 -77 -552 -458 -169 -299 -289 -336 -75 -408 -100 -350 -534 -434 298 -285 -482 -582 -144 -316 -201 -179 -513 -597 -491 -400 -345 -545 -18 -33 -591 -403 -348 -600 -84 -29 0
-484 59 -582 -458 -513 -179 -491 -268 -144 -316 -400 -289 -408 -600 -545 -18 -33 -591 -403 -100 -350 -534 -434 298 0
-268 -187 -513 -582 -18 -33 -591 -84 -403 -545 -600 -285 -597 -77 -336 -552 -458 -482 -179 -491 -144 -316 -400 -289 -408 -100 -350 -534 -434 298 -169 -299 -75 -201 -345 -348 -29 -90 -557 -500 0
-144 -434 -350 -491 -289 -591 -582 -458 -482 -299 -557 -500 243 -155 -419 -475 0
171 -334 -486 -100 -350 -534 -434 298 -458 -482 0
476 -350 -482 -458 -299 -500 -591 -582 -289 -475 0
533 -144 -299 -350 -582 -500 -289 -591 -458 -482 -475 -57 -100 0
556 -513 -582 -482 -458 477 0
-513 477 -458 -482 -475 -582 0
556 -596 -279 484 -4 -464 -305 -565 -550 -268 -582 -402 -264 0
-596 -464 -279 -268 -591 -13 -243 -426 -458 -482 -475 -558 484 -4 -305 -565 -550 -582 -402 -264 0
556 -449 -268 -426 -582 -348 0
335 -305 -252 -582 -458 -482 -475 -558 -268 -348 -190 -279 -144 -57 -591 -13 -243 484 -4 -550 -565 -264 -289 0
170 -268 -57 -85 -60 -289 -334 -252 -582 -458 -482 -475 -558 -144 -348 -190 -279 -591 -13 -243 484 -4 -550 -565 -264 0
346 -73 -144 -85 -57 -243 0
-268 -57 -348 -334 -289 -500 -582 -144 -279 -558 -458 -482 -475 -85 -243 -171 -60 -252 -190 -591 -13 484 -4 -550 -565 -264 0
300 -144 -458 -591 -582 -289 -500 -482 -475 -100 -299 -350 0
485 -268 -144 -289 -582 -458 -482 -475 -591 -299 -350 -500 -100 0
-596 -597 -4 484 -565 -144 -1 -58 -511 -268 -289 -582 -400 -557 -226 -31 -475 -370 -55 -13 -373 -283 -520 -403 -256 -463 -599 -114 -88 -280 -498 581 -501 -8 0
-346 -268 -289 -582 -4 484 -144 -1 -58 -475 -55 -591 -500 -458 -482 477 0
-57 -307 -279 -9 -4 -144 346 -85 -243 -55 0
-268 -144 -289 -500 -100 -582 -475 -591 -458 -482 -299 -350 0
268 477 -511 -591 -582 -500 -289 -482 -458 0
-346 -57 -299 -350 -582 -500 -591 -128 -289 -402 -154 -458 -482 -475 0
100 -350 -299 -591 -582 -500 -289 -458 -482 -475 0
544 -599 -185 0
-33 -401 -289 -17 -520 -544 -1 -500 -591 -476 -299 -475 -582 -346 -482 -458 -180 0
87 -501 -289 -1 -462 -266 -17 -544 -500 -591 -476 -299 -475 -582 -346 -482 -458 -199 -82 0
485 -346 -500 -591 -299 -475 -582 -289 -482 -458 -350 0
-33 -55 -500 -591 -299 -475 -582 -346 -482 -458 -350 -289 0
-55 -346 -500 -591 -299 -475 -582 -289 -482 -458 -350 0
-346 -350 -289 -500 -591 -299 -475 -482 -458 -582 0
56 -143 -307 -200 -420 -114 -485 -382 -359 -299 -450 -83 -59 -127 -268 -165 -171 -1 -74 -266 -85 -18 0
86 -568 -450 -370 -595 -535 -196 -387 -462 -83 -78 -28 0
-350 -289 -299 -591 -500 -582 -482 -458 -475 0
87 -400 -289 -500 -450 -102 -486 -163 -158 -565 -152 -5 -398 -114 -147 -36 -60 -171 -73 0
499 -87 -156 -102 -57 0
-346 477 -591 -582 -500 -289 -384 -57 -5 -36 -60 -2 -264 -533 -458 -482 -475 0
3 -87 -57 -156 -32 -591 -268 -265 0
-87 -347 -558 -591 242 -582 -156 -289 -401 -375 -57 -500 -100 -315 -2 -268 -265 0
-289 -475 -582 -500 -458 -482 -591 -299 0
-513 556 -154 -475 -582 -482 -458 -591 0
15 -154 -458 -346 -475 -424 -482 0
590 -1 -582 -343 -251 -88 -76 -197 -550 -596 -500 -102 -178 -532 -569 -350 -544 -28 -434 289 -17 -591 -299 -425 -265 -440 -268 0
60 -385 -82 -114 -485 -382 -544 -28 0
101 -373 -500 -88 -82 -544 -28 -58 -143 -226 -596 -582 -450 -268 -520 -1 -299 -265 -434 -350 -532 0
486 -9 -1 476 -76 -550 -265 -460 -313 -458 -482 0
29 -403 -419 -143 -73 -114 -41 -544 289 -17 -591 -299 -425 -434 0
-1 -197 -596 476 -76 -550 -265 -458 -482 -299 -143 -41 -73 -544 -28 289 -17 -591 -425 -511 -500 -102 -88 -226 -582 -268 -532 -343 -251 -178 -569 -440 0
589 -337 -407 -482 -143 -484 -41 -186 -73 -600 -405 -375 0
499 -87 -299 -60 -164 -289 -567 -450 -159 -556 -425 -552 -346 -241 -591 -154 -102 0
242 -57 -6 -73 -87 -164 -567 -402 -450 -306 -159 -556 -425 -169 -552 -346 0
546 -425 -169 -73 -241 -6 -164 -567 -450 -306 -159 -556 -29 -552 -346 -500 -299 -289 -591 -154 -102 0
-87 -57 -6 -73 -241 -164 -567 -450 -306 -159 -556 -425 -169 -552 -346 -500 -299 -289 -591 -154 -102 -29 -86 0
87 -59 -289 -336 -73 -29 0
-425 -29 -164 -289 -567 -450 -159 -556 -552 -346 -241 -591 -154 -102 -500 -299 -6 -73 -306 -169 -336 -544 0
425 -159 -552 -567 -582 -164 -556 -289 -450 -346 0
85 -86 -591 -299 -1 -350 -98 -268 -582 -500 -63 -448 -273 -266 -425 -314 -596 -129 -72 -359 -164 -179 -57 0
-73 -485 -418 -384 -299 -482 -169 -336 -289 -186 -544 -591 -1 -350 -268 -582 -500 -63 -273 -266 -314 -129 -72 -164 -450 -102 -154 -241 -567 -159 -556 -552 -346 -6 -306 0
86 -57 -450 -336 -425 -40 -346 -241 -591 -154 -277 0
-57 -485 -418 -384 -299 -40 -482 -85 -169 -289 -458 -591 -241 -534 -186 -102 -544 -154 -450 -336 -425 -346 -277 0
-485 -350 -299 -289 -591 -500 -482 -458 -1 -544 -268 -582 0
-448 85 -299 -1 -350 -86 -268 -582 -500 -63 -591 -273 -266 -425 -314 -129 -72 -164 -57 -450 0
426 -241 -346 -591 0
74 -60 -418 -484 -436 178 -277 -582 -335 -463 -544 -359 -86 -496 -401 -556 -482 -40 -299 -596 -85 -169 -346 -241 0
-348 -60 -496 -418 -484 -436 178 -277 -582 -463 -544 -359 -86 -241 -556 -482 -40 -299 -596 -85 -169 -289 -458 -426 -346 0
243 -252 0
-60 -33 -591 -500 -582 -436 178 -544 -359 -86 -482 -299 -596 -85 -289 -458 0
242 545 -382 -582 -262 -556 -591 -552 -346 -33 0
305 -186 -57 -299 -40 -482 -85 -169 -289 -458 -591 -241 -418 -534 -102 -544 -154 -450 -336 -425 -346 -277 -130 0
304 -317 -407 -338 -201 475 -456 -482 -158 -458 -113 -519 -582 243 -78 -72 0
305 -40 -57 -299 -484 -482 -85 -169 -289 -458 -591 -241 -418 -534 -102 -544 -154 -450 -336 -425 -346 -277 -130 0
-85 -72 -582 -482 -458 -57 -299 -289 -591 -544 -450 -425 -500 -86 0
199 -7 -233 -5 -344 -125 -587 -407 0
-33 -102 -418 -407 -200 -344 -567 -165 -3 -349 -533 -114 -17 -154 -32 -591 0
266 -7 -344 -407 -200 -349 -586 -433 0
201 -126 -477 -243 -350 -511 -418 -407 0
-102 -335 -241 -73 -154 -591 -76 -143 -425 -558 -582 -407 -200 -477 -243 -511 -418 -299 -60 -289 -401 -570 -349 -433 -567 -157 -484 -544 -17 -13 -165 -3 0
102 242 -591 -87 -582 -289 -401 -558 -57 -500 -375 -268 -3 -313 0
-350 -102 -591 -76 -143 -425 -582 -407 -73 -243 -299 -60 -289 -401 -570 -544 -17 -165 -3 -500 -482 -458 -268 0
101 -467 -600 -536 -375 -371 -591 -13 -154 0
589 -344 -407 266 -349 -7 -433 251 -528 -600 -536 -375 -371 0
-243 -407 -165 -3 -17 -591 -570 -544 -289 -299 -76 -143 -425 -582 -73 -500 -482 -458 -268 -87 -57 -28 -178 0
-1 -350 -448 85 -86 -268 -582 -500 -591 -299 -425 -266 -57 -450 0
-102 -250 -41 -83 -289 -418 -402 -90 -544 -513 -404 -591 -33 -448 85 -86 -268 -582 -500 -299 -425 -57 -450 -433 -349 -534 -101 0
-450 -86 -591 -544 -268 -582 -500 -299 -425 -57 -289 -482 -458 0
155 -102 -373 -241 -500 -31 -511 -13 0
156 -272 -433 -336 -277 -349 -544 -79 -373 -403 -597 -511 -180 -57 -241 -86 -591 0
-85 -84 -60 -100 -250 -458 -268 -57 -482 -500 -285 -591 -582 -513 -403 -348 -544 -289 -299 -596 -600 -86 0
-86 -57 -544 -458 -268 -299 -482 -500 -591 -582 -289 -425 0
-57 -425 -500 -299 -544 -458 -268 -482 -582 -289 -591 0
242 -382 -544 -58 -484 -289 -582 -400 -262 -556 -552 -346 0
57 -169 -289 -556 -154 -346 -591 -241 -544 -484 -582 -552 -500 -299 0
-33 -536 -84 -299 -42 -433 -418 -533 -102 -344 -567 -407 -349 -114 -17 -154 -32 -591 -289 -426 -449 -268 0
351 -216 597 -273 -114 -72 -567 -305 -552 -582 425 -556 -289 -450 -346 -484 -102 -533 0
85 -405 -349 -433 -250 -277 -89 -567 -299 -114 -552 -582 425 -556 -289 -346 -484 -102 -533 -496 -426 -344 -268 -591 -418 -154 -32 -169 -74 -57 0
-545 -277 -567 -552 -582 425 -556 -289 -346 -496 -114 -484 -102 -533 -169 -426 -74 -375 -268 -349 -591 -433 -299 -154 -57 -250 -89 -344 -418 -32 -544 0
-299 -544 -289 -268 -591 -582 -500 -458 -482 0
351 -477 -243 -533 -434 0
486 -550 -458 -482 -157 0
101 -15 -406 -458 -482 -383 -375 -591 -142 -425 -289 -346 -263 -266 -556 -434 -350 -59 -544 -85 -154 0
435 -15 -591 -375 -425 -289 -154 -500 -101 -484 -544 -458 -482 -85 -263 -556 -346 -350 0
-15 -556 -375 -425 -289 -154 -500 -544 -458 -482 -85 -263 -591 -346 -350 -434 -102 -406 -383 -142 -59 -16 0
349 -476 -434 0
-476 -350 -434 0
351 -460 -350 -9 -171 -482 -458 -485 -102 -243 -434 0
486 -419 -454 -309 -124 -9 -4 -460 -586 -232 -85 -73 -171 -343 -565 -57 546 -500 -591 -596 -403 -458 -482 0
-350 -154 -500 -591 -458 -482 -102 -425 -268 -289 -544 -582 -57 -346 0
-475 -154 -268 -582 -402 -482 -85 -289 -591 -500 -425 -458 -476 -346 0
-15 -496 -595 -448 -268 -544 -2 -375 -85 -267 -591 -154 -241 -16 -13 0
-154 -425 -591 -346 -102 -544 -482 -268 -458 -582 -289 -500 -57 0
-350 -243 -533 -434 -349 0
33 -349 -263 -482 -557 -458 -314 -475 -533 -434 -485 -265 -16 0
477 -426 -268 -289 -485 -595 -582 -402 -482 -557 -458 0
-484 -157 -350 -552 -534 -155 -75 -41 -142 -6 -9 -458 -482 -85 -485 0
484 -98 -141 -179 -198 -386 -85 -402 -75 -289 -41 -465 -458 -482 -129 0
433 -557 -289 -582 -544 -458 -482 -155 -485 -268 -591 -57 -500 -533 -475 -425 -314 0
486 -557 -582 -268 -73 -346 -57 -232 -343 -251 -85 -595 -267 -1 -425 -289 -402 -458 -263 -482 -550 0
291 -124 -406 -142 -337 -41 -35 -83 -59 0
87 -232 -343 -16 -591 -267 -425 -1 -268 -41 -582 -557 -226 -402 -334 -289 -406 -142 -35 -59 -419 -440 -531 -511 -468 -375 -184 -171 -544 -73 0
265 -550 -77 -157 -565 -442 -10 -548 -232 -357 -343 -229 -318 -142 -4 -587 -126 0
-425 -346 -582 -591 -289 -544 -458 -268 -482 -57 -500 -102 0
485 -370 -536 -386 -591 -202 -14 -600 -458 -424 -346 -475 -482 -186 -102 0
590 -370 -386 -600 -536 -375 -202 0
144 -309 -318 -277 -124 0
-350 -114 -339 -42 -406 -142 -277 -243 -434 -16 -102 -458 -424 -346 -482 -14 -591 -386 -600 -536 -375 -202 -85 -171 -305 -484 -186 -289 -426 -567 -449 -268 -552 -582 -402 -263 -74 -558 0
86 -14 -591 -16 -268 -434 -477 -339 -42 -406 -142 -277 -243 -102 -458 -424 -346 -482 -386 -375 -202 -85 -484 -289 -426 -567 -449 -552 -582 -402 -263 -558 -169 -544 -28 0
-346 -57 -482 -102 -500 -591 -582 -458 -268 -289 -544 0
242 -308 -289 -424 -59 -241 -582 -482 -458 -171 -544 -85 -154 -475 0
485 -475 -591 -241 -289 -424 -59 -582 -482 -458 -171 -544 -85 -102 0
156 -241 -475 -591 0
242 -16 -591 -268 -314 -434 -550 -475 0
-57 -102 -544 -289 -582 -500 -268 -482 -458 -591 0
425 -15 -475 -582 -482 -458 -591 -557 -346 -373 0
581 -448 -280 -88 -517 -268 0
-426 -425 -383 -419 -485 -114 -458 -482 -550 -42 -4 -289 -263 -144 -597 -557 -226 -582 -280 -88 -517 -268 -408 0
426 -42 -84 -346 -289 0
-243 -557 -582 -18 -268 -475 -482 -458 -591 -373 -383 -419 -485 -114 -289 -263 -144 -597 -280 -517 -408 -84 -434 -74 -533 -350 -242 0
468 -529 -526 -408 -536 -201 -326 0
466 -186 -485 -600 -383 0
476 -243 -18 -268 -475 -482 -458 -591 -373 -383 -557 -485 -114 -289 -263 -144 -597 -280 -517 -408 -84 -434 -74 -533 -582 0
-15 -346 -280 -517 -268 -482 -458 -582 -475 -18 -591 -373 -383 -485 -114 -289 -263 -144 -597 -408 -84 -434 -74 -533 -426 0
477 -557 -582 -426 -280 -517 -482 -268 -458 -346 0
581 -526 -466 -408 -536 -201 -326 -114 -440 -513 -436 0
-484 -234 -547 243 -350 -155 -41 -157 -6 -458 -482 -85 -485 -600 -461 -466 -526 -408 -536 -201 -326 -77 -383 0
-346 -426 -77 -186 -155 -458 -482 -85 -485 -600 -408 -326 -383 -339 -400 -263 -187 -114 -582 -91 -147 -597 -171 -533 -289 -74 -18 -268 -475 -591 -373 -144 -280 -517 -84 -434 0
-426 -475 -533 -18 -268 -147 -482 -458 -591 -373 -383 -485 -114 -289 -263 -144 -597 -280 -517 -408 -84 -434 -74 -582 -77 -405 -171 -186 -400 -155 -85 -600 -326 -339 -187 -91 0
-346 426 -84 -74 -289 -591 0
-475 -114 -144 -314 -383 -591 -268 -434 -485 -458 -482 -84 -74 -289 -400 -533 -18 -147 -373 -263 -597 -280 -517 -408 -582 -77 -405 -171 -186 -155 -85 -600 -326 -339 -187 -91 0
-85 -597 -144 -373 -289 -582 -400 -485 -482 -591 -458 -155 -314 -383 -268 -434 -533 -18 -263 -280 -408 -326 -187 -35 -59 -544 -87 0
-241 -243 -482 -458 -346 -475 0
-476 -262 -550 -582 -289 -458 -482 -591 -475 -485 -532 -3 -434 0
40 -15 -426 -268 -482 -458 -582 -346 -591 -485 -114 -289 -263 -144 -408 -84 -434 -74 -533 -475 -102 -4 -400 -462 -124 0
142 -4 -462 -8 0
-533 -408 -289 -582 -268 -482 -458 -591 -400 -426 -346 -485 -114 -263 -102 -434 -74 -475 -462 -336 -8 -309 -277 -3 -350 -243 0
41 -144 -499 -300 -434 -350 -114 -29 -462 -8 -375 -84 0
291 -499 -346 -102 -591 -582 -458 -268 -289 -482 -475 -400 0
100 -102 -375 -426 -400 -289 -346 -591 -582 -458 -268 -482 -475 -155 0
486 -3 -434 -289 -582 -268 -482 -458 -591 -400 -426 -346 -485 -114 -74 -475 -350 -243 -375 -155 0
264 -461 -529 -114 -382 -87 -56 -596 -8 -565 -550 -157 0
590 -13 -31 0
556 -434 -582 -458 -482 -591 -475 -426 -268 -346 -485 -289 -74 -243 0
401 -114 -591 -289 -425 -458 -268 -482 -346 -199 -419 -582 -485 -550 -545 -264 -475 0
-114 -82 -171 -289 -485 -87 -458 -482 -550 -346 -591 -582 -268 -264 -475 -373 -511 -226 -402 -425 -199 -419 -545 0
558 -171 -289 -458 -482 -591 -475 -226 -511 -582 -485 -87 -550 -346 -268 -405 -31 -426 -42 0
-74 -426 -591 -289 -582 -458 -482 -475 -268 -346 -485 -243 0
400 -63 -3 -195 -243 -482 -129 -179 -485 -458 -599 -114 -596 -86 -475 -346 -591 -582 -268 -289 -500 0
290 -500 -485 -268 -243 -114 -289 -458 -482 -591 -475 -582 -346 -426 0
501 -544 -289 -582 -500 -268 -482 -458 -591 0
-500 -114 -458 -482 -485 -582 -591 -268 -426 -475 -346 -289 -243 0
500 -426 -346 -289 -557 -31 -591 -511 -582 -226 0
-426 -243 -268 -591 -482 -289 -582 -458 -485 -346 -475 0
484 57 -335 -458 -482 -159 -129 0
-544 -383 -41 -335 -458 -531 -482 -73 -485 -129 -263 -557 -591 -401 -375 -56 -500 -289 -582 -268 0
501 -93 -346 -289 426 -145 -458 -532 -482 -305 -485 -550 -263 -557 -219 0
-500 -129 -458 -482 -485 -375 -346 -289 426 -532 -550 -72 -518 -114 -531 -73 -591 -582 -268 -475 0
298 -400 -544 -401 -557 -306 -268 -289 -582 -511 -485 -226 0
299 -544 -59 -598 -531 -385 -384 0
-484 -114 -485 -598 -59 -531 -56 -83 -73 -101 -41 -550 -475 -335 -458 -482 0
546 -598 -184 0
-243 -475 -485 -458 -482 -591 -346 -289 -582 -268 0
101 -280 -85 -289 -582 -400 -485 -482 -591 -458 -373 -144 -383 -268 -434 -155 -18 -263 -597 -408 -187 -35 -59 -544 -87 0
-500 -544 -458 -482 -485 -582 -289 -268 -346 -591 -475 0
402 -114 -419 -85 -350 -434 -75 -1 -298 -41 -268 -264 -334 -348 -582 -426 -557 -289 0
433 -114 -75 -419 -41 -334 -8 -595 -279 -448 -127 -268 -1 -350 0
290 -394 -10 -209 -142 -357 -406 -331 -318 -201 -75 -41 -334 0
545 -35 -41 -406 -142 -59 -75 -171 -289 -10 -357 -331 -334 -419 -77 -114 -85 0
-114 -595 -77 -279 -304 -334 -142 -171 -41 -75 -85 -544 -406 -289 -10 -419 -298 -434 -8 -448 -127 -268 -1 -350 -557 -401 -264 -348 -582 -426 0
55 484 -75 -141 -268 -85 -289 -458 -482 -448 -401 -557 -264 -8 -77 -544 -10 -419 -434 -1 -350 -348 -582 -426 0
-544 -475 -289 -458 -482 -582 -485 -346 -591 -268 0
290 -29 -84 -58 0
86 -295 -244 -273 -285 -482 -129 -598 -485 -373 -100 -582 -289 -458 -591 -475 -58 -41 -75 0
402 -300 -458 -482 -485 -552 -100 -57 -557 -499 0
-484 -467 -598 -300 -100 -350 -434 -534 -184 -485 0
-299 -57 -300 -582 -289 -458 -482 -591 -475 0
113 -75 -141 -85 -289 -41 -458 -482 -582 -591 -475 -598 -100 -350 -434 -534 -184 -485 -552 -557 -448 -90 -58 -285 -440 -436 -268 -513 0
60 -334 -41 -85 -75 -299 -582 -289 -458 -482 -591 -475 0
-57 -464 -279 -448 -127 -268 -1 -350 -434 -299 -582 -289 -458 -482 -591 -475 0
-299 -316 -6 -199 -350 -41 -434 -75 -85 -448 -268 -582 -289 -458 -482 -591 -475 -58 -552 -485 -100 0
-484 -57 -582 -448 -513 -268 -591 -595 -100 -534 -552 -350 -155 -75 -41 -142 -6 -157 -458 -482 -85 -485 0
-57 -448 -359 -454 -316 -85 -75 -41 -335 -458 -482 -582 -513 -268 -591 -100 -534 -552 -350 -155 -6 -485 -263 -557 -401 -300 -56 0
-475 -485 -482 -582 -268 -591 -458 -289 -346 0
86 -75 -346 -591 -41 -154 -241 0
298 -513 -582 -268 -316 -418 -201 -306 -78 -552 -186 -159 -299 -57 -425 -458 -482 -289 -591 -384 -264 0
545 -40 -299 -482 -85 -186 -348 -60 -169 0
73 -30 -186 -546 -299 -482 -85 -169 -582 -268 -418 -306 -78 -552 -159 -57 -458 -289 -591 -384 -241 -556 -346 -41 0
-60 -201 -336 -567 -277 -159 -144 -309 -384 -264 -57 -582 -268 -513 -418 -306 -78 -552 -186 -299 -425 -458 -482 -289 -591 -84 -30 -546 -85 -348 -40 -169 0
-40 -513 -268 -582 -448 -306 -418 -180 -78 -552 -490 -159 -299 -57 -425 -458 -482 -289 -591 -309 -264 -402 -186 -384 -336 -567 -277 -30 -546 -85 -348 -169 -41 0
-85 -75 -552 -159 -57 -299 -186 -289 -336 -268 -582 -306 -418 -490 -458 -482 -591 -309 -384 -277 -169 -41 -349 -556 -346 -241 -567 -102 -154 0
85 -57 -346 -102 -591 -582 -458 -268 -289 -482 0
-41 -299 -289 -268 -591 -582 -418 -458 -482 -102 -349 -433 -556 -346 -57 -336 -241 -169 -552 -159 -186 -306 -490 -309 -384 -277 -567 -154 0
500 -533 -433 -349 -299 -102 -57 0
-299 -57 -433 -349 -384 -418 -186 -289 -268 -591 -582 -458 -482 -102 -567 -159 -552 -241 -556 -346 -336 -169 -306 -490 -309 -277 -154 0
-544 -41 -434 -268 -277 -477 -406 -16 -142 -102 -458 -346 -482 -386 -484 -289 -567 -552 -582 -263 -169 -35 -59 -154 -336 -556 -591 -241 -533 -57 0
-41 -595 -277 -5 -142 -466 -336 -289 -186 -59 -434 -268 -477 -406 -16 -102 -458 -346 -482 -386 -484 -567 -552 -582 -263 -169 -35 -154 -556 -591 -241 -533 -57 0
-57 -567 -159 -552 -241 -277 -336 -289 -482 -458 -186 -268 -477 -102 -346 -484 -582 -169 -154 -556 -591 -476 -384 -433 -349 -418 -306 -490 -309 0
-85 -532 -159 -349 -552 -567 -306 -144 -241 -169 -41 -346 -591 -154 -87 0
42 -281 -268 -597 -591 -582 -418 -374 -485 -382 -186 -567 -544 -349 -476 -159 -58 -532 -262 -28 -556 -241 -169 -346 -73 0
-544 -41 -289 -268 -591 -582 -485 -346 -299 -458 -482 0
-41 -299 -346 -591 -268 -582 -485 -289 -458 -482 0
-544 -89 -18 -426 -517 -433 -58 -268 -349 -485 -382 -114 -591 -533 -375 -102 -289 -582 -299 -458 -482 0
351 -197 -597 -401 -501 -289 -426 -102 -268 -163 -533 -1 0
-299 -485 -268 -289 -591 -582 -458 -482 -346 0
499 -544 -41 -346 -591 -582 -485 -482 -458 -268 -289 0
500 -41 -5 -289 -277 -567 -336 -144 -159 -597 -552 -241 -349 -306 -169 -346 -591 -154 -87 -533 -102 0
-41 -485 -346 -591 -582 -289 -482 -458 -268 0
-544 -85 -289 -582 -485 -482 -591 -458 -144 -268 -434 -18 -263 -597 -408 -35 -59 -383 -87 -102 -501 -375 -386 -83 0
544 -466 -186 -114 0
101 -5 -124 -114 -267 -466 -2 -325 -313 0
-485 -346 -582 -482 -591 -458 -268 -289 0
-500 -499 -582 -544 -268 -482 -458 -591 -289 0
-241 -144 -308 -289 -482 -401 -552 -532 -458 -41 -591 -346 -154 86 0
426 -60 -29 -289 -346 -74 -591 0
241 -31 -289 500 -346 -591 -426 -582 -458 -482 0
86 -552 -268 -544 -102 -458 -346 -482 -289 -41 -582 -591 0
242 -75 -346 -41 0
-40 -465 -274 -336 -192 -107 -595 -496 300 -285 -83 -85 -482 545 -348 -299 -169 -41 0
40 -336 -289 -83 0
-241 -142 -107 -595 -85 -482 545 -41 -289 -552 -78 -305 -30 -298 -476 -532 -458 -242 -346 0
-552 -85 -482 -582 -458 -346 -289 -591 -268 -41 -544 -102 0
-85 -41 -591 -268 -582 -289 -346 -458 -482 -544 -102 0
143 -345 -234 -266 -201 -418 -597 -317 -463 -308 -277 0
596 -216 -582 -571 -268 -178 -448 -7 0
373 -70 -268 -519 -591 243 -582 0
42 -336 -325 -374 -268 -591 -582 -408 -544 -305 -28 -401 -482 -383 -458 -300 -154 -532 -241 -346 -73 -41 0
-243 -199 -408 -60 -300 -308 -158 -278 -556 -482 -346 -458 -41 -241 0
-336 -241 -482 -154 -73 -591 -408 -300 -346 -41 -458 -401 -289 -28 -144 -325 -374 -268 -582 -544 -532 0
-241 -73 -591 -458 -482 -154 -408 -300 -346 -41 -401 -289 -28 -144 -325 -374 -268 -582 -544 -532 0
58 -419 -317 -114 -308 -544 -598 -12 -523 -130 -385 -531 -59 -300 0
-336 -144 -277 -408 -308 -531 -598 -114 -544 -59 -523 -300 -313 -76 -550 -475 -83 -73 -458 -41 -289 -335 0
-41 -102 -458 -544 -289 -268 -582 -346 -591 -482 0
40 -85 -289 -336 -59 -75 0
-598 -320 -253 -454 -196 -181 -358 -595 -472 -448 -557 -401 -465 -141 -268 -582 -336 -591 -513 -130 -374 299 -544 -59 -531 -385 -599 0
598 -130 -336 -465 -383 -595 -531 -496 -468 -285 0
481 -374 -268 243 -591 -582 -59 -253 -181 -448 -557 -401 -336 299 -544 -385 -383 -201 -419 -491 -158 -308 -305 -278 -484 -155 -101 -73 87 0
-73 -300 -59 -289 -336 -308 -458 -482 -268 243 -591 -582 -181 -448 -557 -544 -383 -419 -491 -158 -305 -484 -155 -101 -144 -41 -475 -85 0
-299 -300 -85 -59 -544 -582 -289 -458 -482 -591 -475 0
86 -570 -401 -289 -84 -386 -202 -591 -598 -403 -169 -544 -28 0
279 -374 -591 -90 -496 -598 -403 -582 -544 -268 -482 -458 -289 -56 -85 -401 -84 -386 -202 -169 -28 -491 -463 -308 0
142 -202 -316 -591 -308 -403 -491 -544 -401 -289 -84 -386 -33 -598 -169 -28 -85 -56 0
58 -496 -401 -289 -84 -386 -591 -598 -403 -169 -544 -56 -491 -501 -308 -90 -85 -582 -268 -482 -458 -463 -277 -144 -316 -33 0
-58 -598 243 -591 -582 -544 -482 -458 -289 -305 -56 -169 -268 -85 -84 -59 0
86 -278 -458 -268 -84 -482 -128 -386 -336 -263 -285 -202 -308 -557 -598 -491 -401 -544 -289 -591 -403 -169 -28 0
-598 -401 -289 -268 -336 -591 -448 -84 -386 -403 -169 -544 -56 -491 -501 -308 -85 -582 -482 -458 -144 -316 -128 -263 -557 243 -305 -59 0
279 -281 -582 243 -305 -591 -401 -336 -268 -557 -448 -426 -595 -497 -491 -482 -308 0
-401 -169 -59 -336 -458 -289 -482 -582 243 -305 -591 -268 -557 -448 -426 -491 -308 -544 -144 -56 -85 -185 -84 -386 -403 -501 -316 -128 -263 0
304 -175 -49 -148 -187 -398 -523 -147 -210 -91 -121 -473 -77 0
307 -130 -552 -502 -315 -77 -305 -49 -148 -187 -398 -523 -147 -210 -91 -121 -473 -597 -448 -179 -569 -491 0
334 -265 -520 -569 -144 -491 -316 -308 -552 -502 -315 -77 -305 -49 -148 -187 -398 -523 -147 -210 -91 -121 -597 -448 -179 -482 -458 -321 0
309 -408 -339 -467 -316 -484 -131 0
-300 -448 -121 -383 -305 -181 -491 -315 -398 -308 -484 -336 -144 -482 -458 -591 -185 -544 -85 -59 -501 -289 -582 243 -268 -557 -426 -128 -475 -419 -158 -155 -101 -41 0
87 -598 300 -59 -84 -544 0
404 -278 -482 -458 -90 -552 -281 -315 -350 433 -16 -33 -591 0
86 -404 -544 -75 0
-475 -59 -458 -482 -582 -591 -268 -336 -544 -144 -289 -41 -346 -241 0
42 -84 -55 -387 -582 -544 -268 -482 -458 -591 -289 -298 -401 -28 -556 -169 -346 -73 0
40 -60 -73 -308 -158 -556 -482 -346 -458 -41 -241 -169 -55 -28 -144 -289 -336 0
546 -55 -582 -544 -268 -482 -458 -591 -289 -401 -28 -346 -73 -41 -241 -144 -336 -598 -59 0
56 -544 -268 -591 -582 -289 -458 -482 0
-500 -476 -41 -458 -482 -582 -591 -268 -336 -544 -59 -289 -144 -401 -346 0
60 -476 -268 373 -591 -582 -458 -305 -346 -41 -336 -169 -289 -28 0
545 -28 -41 -482 -458 -169 -55 -346 -144 -289 -336 -582 -591 -268 -544 -59 -401 -598 0
241 500 -289 -346 -591 -426 -582 -458 -482 0
-28 -55 -591 -41 -582 -544 -268 -482 -458 -289 -401 -346 -144 -336 -598 -59 -84 -169 0
28 -59 -289 -84 0
-55 -59 -41 -582 -544 -268 -482 -458 -289 -401 -346 -336 -598 -591 -84 -169 0
-241 -144 -268 -582 -591 -346 -598 -544 -482 -458 -289 -169 -84 -59 -41 -336 -401 0
241 -85 -305 -336 -169 -458 -289 -346 -84 -591 500 -582 -482 0
-59 -169 -458 -346 -289 -336 -41 -268 -582 -591 -598 -544 -482 -84 -401 0
85 -74 -41 -556 -308 -158 -482 -346 -458 -241 -169 -60 -28 -144 -289 -336 0
57 -350 -33 -185 546 -591 -403 -434 -100 -534 -484 -299 0
-28 -144 -458 -281 -315 -591 -482 -299 -582 -289 -56 -185 546 -100 -534 -484 -544 -346 -241 -156 -41 -556 -308 -158 -169 -60 -336 -29 0
-144 -281 -458 -482 -315 -591 -299 -582 -289 -56 -185 546 -100 -534 -484 -544 -346 -241 -156 -41 -556 -308 -158 -169 -60 -336 -29 0
-169 -84 -458 -346 -41 -591 -582 -289 -544 -336 -401 -268 -598 -482 0
169 -336 -289 -544 -582 -458 -482 -591 -346 -268 -401 -41 0
86 -28 -346 -41 -591 -582 -289 -544 -336 -401 -268 -482 -458 0
-28 -144 -346 -41 -591 -582 -289 -544 -336 -401 -268 -482 -458 -85 -241 0
87 28 -289 -336 -85 -41 -544 0
-144 -85 -346 -41 -591 -582 -289 -544 -336 -401 -268 -482 -241 -458 0
-85 -241 -336 -544 -458 -346 -41 -591 -582 -401 -268 -482 -289 0
298 -568 -178 -591 -448 -268 -70 -582 -436 -440 -537 -327 -466 -383 -59 0
143 -568 -591 -582 -497 -305 -401 -336 -268 243 -448 -426 -281 -557 -482 -308 -18 -267 -5 -317 -277 0
-309 -201 -408 -124 -418 -317 -308 0
-75 -84 -582 -268 -336 -591 -482 -401 -544 -458 -289 -346 -59 -41 -241 0
75 85 -41 -169 -308 -158 -482 -346 -458 -241 -556 -144 -289 -336 0
-241 -336 -289 -41 -582 -268 -591 -482 -401 -544 -458 -346 0
-85 -59 -169 -458 -289 -346 241 -591 -582 -482 -544 -268 -41 -336 -86 0
-59 -28 -591 -582 -458 -346 -41 -336 -289 -268 -482 -544 -401 0
59 241 -346 -591 -289 -582 -458 -482 -268 -544 0
-336 -401 -289 -591 -582 -458 -346 -268 -482 -544 -41 0
277 -448 -595 -268 -465 -128 0
-299 -78 -59 -419 -317 -552 -482 -458 -334 -350 -289 -434 -82 -546 144 -30 -41 -75 -475 -85 -582 -591 0
558 -460 144 -565 -41 545 -59 -171 -75 -142 -289 -10 -406 -35 -334 -419 -77 -85 -158 -401 -263 0
-241 -401 -582 -41 -289 -268 -482 -458 -591 -544 -346 0
-401 -544 -582 -289 -458 -482 -591 -346 -268 -41 0
143 -440 -572 -383 -130 -336 -268 -178 -448 -310 -597 -549 -408 -5 -201 -418 -317 -308 -277 0
265 -33 -591 -268 -18 -2 0
-241 -544 -591 -268 -41 -482 -346 -458 -289 -582 0
-544 -268 -41 -591 -582 -482 -346 -458 -289 0
56 -557 -401 -501 -300 -582 -289 -458 -482 -591 -57 0
-336 -519 -582 -268 -300 -289 -458 -482 -591 -346 290 -41 0
60 -268 -289 -346 -591 -582 -458 -482 -41 0
-475 -57 -467 -144 -383 -112 -299 -582 -289 -458 -482 -591 -477 0
449 -180 -360 0
-57 -75 -591 -582 -268 -346 -41 -499 -241 -144 -289 -458 -482 0
-75 -499 -144 -41 -346 -591 -241 -582 -268 -289 -458 -482 0
-401 -144 -482 -289 -458 -41 -591 -346 -241 -582 -268 0
Solved
