401 -127 -241 -304 -91 -319 -43 0
-127 -91 -304 -241 -319 -43 -400 0
321 -91 -379 -43 -160 -400 -364 0
412 -379 -43 -160 -400 -364 0
320 -136 -250 -70 -385 -148 -310 -61 -211 -358 -67 -160 -412 -364 0
92 -136 -61 -211 -148 -358 -385 -160 -70 -379 -241 0
162 -320 -412 -67 -92 -310 -241 -250 -70 -385 -148 -136 -61 -211 -379 -358 0
424 -385 -250 -70 -310 -148 -61 -364 -358 -160 -67 -241 -400 0
93 -412 -9 -136 -148 -385 -67 -70 -61 -380 -241 -85 0
319 -335 -67 -9 -235 -310 -277 -250 -70 -385 -148 -61 -136 -424 -380 -92 -241 -85 0
91 -380 -424 -45 0
161 -92 -424 -400 -196 -67 -235 -310 -277 -250 -70 -385 -148 -61 -241 -157 -364 -358 0
380 -336 -8 -235 -310 -277 -250 -70 -385 -148 -61 -136 -424 0
-92 -277 -235 -310 -67 -250 -385 -70 -241 -148 -61 -157 -364 -358 -160 -400 -196 0
379 -75 -415 -98 -364 -160 -358 -81 -8 -107 -164 0
427 -364 -157 -358 -160 -67 -235 -310 -250 -148 -70 -241 -61 -400 -196 0
-385 -330 -165 -335 -67 -310 -250 -70 -148 -136 -426 -61 -364 -358 -160 -241 -400 0
106 -136 -426 -61 -379 -160 -400 -364 -52 -67 -85 -165 -93 0
259 -101 -253 -19 -325 -166 -287 -11 -74 -300 -355 -195 -174 0
137 -195 -335 -310 -318 -261 -253 -325 -287 -74 -355 -174 -330 -189 -96 -52 -426 -148 -61 0
194 -407 -245 -287 -265 -182 -74 -355 -264 -174 -261 -67 0
72 -318 -310 -335 -287 -265 -182 -355 -174 -67 -9 -330 -189 -96 91 -380 -213 -52 -61 -136 -253 -325 -426 -148 -241 0
261 -287 -325 -285 -253 -330 -318 -96 -23 -335 -310 -194 0
108 91 -285 -253 -335 -330 -310 -70 -265 -182 -67 -9 -189 -325 -380 -213 -52 -61 -136 -426 -148 -241 -321 -79 0
375 -97 -220 0
30 -74 -288 -27 -324 -298 -52 -148 -61 -136 -307 -343 -175 0
193 -261 -409 -231 -37 -288 -324 -52 -148 -61 -136 -175 -220 -118 -241 -310 -70 -335 -173 0
138 -415 -285 -288 -129 -52 -148 -61 0
286 -97 -367 -285 -75 0
120 -75 -325 -285 -288 -1 -148 -136 -129 -52 -61 -317 -233 0
286 -357 -317 -285 -75 -97 0
-261 -194 -325 -285 -288 -317 -250 -310 -118 -148 -136 -52 -61 -409 -173 -241 -335 -70 -1 -231 -37 -324 -175 -220 0
261 -288 -285 -325 -1 -148 -136 -52 -61 -317 -118 -241 -310 -70 0
Solved
