484 -325 -31 -394 -94 -280 -241 -1 -469 -276 -119 0
32 -203 -94 -394 -241 -151 0
-203 -271 -94 -394 -151 -31 -241 0
203 -94 -394 -241 -31 0
-94 -394 -31 -151 -241 0
33 -202 -349 -241 -151 0
94 -241 -151 -31 0
3 -182 -85 -385 -59 -419 -476 -342 -264 -30 -236 -146 0
276 -59 -1 -85 -385 -9 -419 -476 -264 -30 -236 -146 -170 -326 -80 -334 -488 -484 -464 0
340 -196 -138 -488 -422 -80 -476 -170 0
2 -67 -255 -491 -379 -476 -170 -488 -80 -30 -128 -139 -298 -236 -85 -385 -374 -495 -91 -9 0
32 -203 -385 -488 -1 -379 -298 -91 -9 -280 -37 -94 -88 -223 -85 -241 -151 0
169 -423 -72 -200 -102 -62 -254 -91 -1 -46 -145 -488 -420 -60 -221 -181 -88 -37 -379 -478 -494 -85 -397 -385 -342 0
477 -478 -397 -145 -263 -488 -79 -171 -72 -200 -102 -62 -254 -91 -1 -46 -420 -60 -221 -181 -88 -37 -379 -494 -85 -385 0
81 -341 -397 -478 -145 -1 -327 -488 0
-202 -171 -85 -385 -154 -397 -1 -488 -62 -91 -46 -60 -88 -37 -379 -410 -280 -448 -94 -203 33 -241 -151 0
341 -420 -60 -181 -74 -85 -477 -397 -385 0
421 -356 -362 -139 -298 -385 -425 -256 -85 -129 -136 -60 -181 -420 -29 0
146 -269 -139 -129 -29 -422 -362 -298 -385 -425 -256 -85 -60 -181 -420 -34 -401 -74 -397 -480 -219 -1 0
340 -246 -237 -385 -85 -401 -60 -480 -181 -29 -147 -139 -129 -298 -420 -34 -74 -397 -1 -488 -102 -81 -477 -171 0
-203 -464 -488 -91 -1 -384 -397 -385 -85 -298 -34 -410 -280 -37 -88 -154 -62 -46 -379 -241 -151 -31 -9 0
386 -340 -488 -196 -311 -46 -30 -379 -423 -384 -444 -37 -475 -397 -170 -373 -219 -85 0
387 -51 -79 -170 -444 -154 -215 -85 0
147 -423 -25 -439 -88 -427 -37 -170 -488 -46 -379 -505 -384 -444 -475 -397 -85 -385 -79 -154 -215 -495 -91 -235 -9 -1 0
443 -423 -136 -117 -85 0
58 -79 -170 -154 -85 -385 -46 -488 -298 -326 -235 -264 -1 -145 -25 -439 -88 -427 -37 -379 -505 -384 -475 -397 -495 -91 -9 -419 -402 0
217 -315 -68 -154 -364 -258 -79 -488 0
219 -326 -1 -488 -145 0
169 -270 -357 -359 -297 -255 -98 -34 -161 -497 -402 -365 -379 -219 -442 -478 -85 -397 -385 -264 -342 0
-423 -161 -145 -25 -439 -88 -427 -37 -170 -488 -46 -379 -505 -384 -475 -397 -85 -385 -79 -154 -495 -91 -235 -9 -1 -442 -357 -359 -297 -255 -98 -34 -264 -497 -402 -365 -219 -478 -421 0
216 -478 -397 0
171 -385 -475 -85 -145 -25 -439 -88 -427 -37 -170 -488 -46 -379 -505 -384 -397 -79 -154 -495 -91 -235 -9 -1 -442 -357 -359 -297 -255 -98 -34 -264 -497 -402 -219 -478 -421 0
386 -505 -410 -427 -183 -25 -439 -88 -37 -397 -495 -340 -85 0
509 -88 -379 -85 -397 -410 -427 -34 -46 -154 -1 -298 -151 -31 -280 -62 -371 -55 0
147 -244 -31 -241 -151 -235 -349 -1 0
-244 -349 -31 -235 -151 -241 -263 -146 -1 0
218 -161 -154 -130 -170 -443 -31 -235 -151 -241 -263 -1 -216 -480 0
-145 -350 341 -420 -85 -397 -385 -154 -1 -488 -62 -91 -46 -171 -88 -37 -379 -410 -280 -241 -151 -400 -375 -31 -495 -298 219 0
479 -420 341 -85 -397 -385 -88 -410 -280 -151 -154 -1 -488 -62 -91 -46 -171 -37 -379 -241 -375 -31 -495 -298 219 -216 0
-171 -241 -31 -151 -235 -1 -216 341 -85 -397 -385 -88 -410 -280 -154 -488 -62 -91 -46 -37 -379 -375 -495 -298 219 -443 0
-385 -386 -31 -151 -1 -85 -397 -88 -410 -280 -488 -62 -46 -379 -298 -320 -371 -340 -154 0
-241 -95 -349 -31 -151 -243 0
169 -443 -162 -132 -81 0
79 -366 -162 0
342 -81 -214 -397 0
-241 -272 -88 -39 -466 -373 -146 -349 -151 -493 -31 -243 0
38 -257 -472 -154 -266 -130 -49 -85 -442 -379 -253 -406 -198 -27 -8 -93 -493 -373 -88 0
30 -127 -466 0
444 -260 -30 -263 -88 -146 -440 -164 -472 -406 -154 -253 -130 -310 -49 -379 -85 0
494 -257 -472 -154 -266 -130 -49 -85 -442 -30 -263 -88 -146 -406 -253 -379 -198 -27 -8 -97 -373 -93 0
443 -84 -415 -161 -472 -154 -361 -130 -49 -85 0
147 -96 -349 -263 0
169 -466 -146 -349 -263 -493 -472 -154 -266 -49 -85 -88 -379 -198 -27 -8 -97 -373 -93 -39 -151 -31 -243 -81 0
494 -323 -257 -34 -138 -286 -198 -268 -8 -253 -312 -373 -93 0
443 -466 -146 -349 -263 -493 -34 -198 -8 -373 -93 -266 -472 -154 -88 -39 -151 -31 -243 -365 -81 -161 -132 -49 -379 -85 0
-241 -225 -31 -151 -243 0
153 -59 -418 -401 -31 0
385 -340 -151 -34 -8 -154 -88 -379 -85 -383 -397 -31 -488 -320 -371 0
-349 147 -488 -1 -379 -298 -280 -88 -85 -241 -151 -371 -31 -494 -385 -263 0
80 -364 -154 -444 -130 -171 -162 0
442 -80 -162 -364 -154 -130 -171 0
147 -145 -494 -154 -138 -280 -488 -397 -341 -62 -1 -379 -171 -444 -162 -130 -215 -477 -298 -88 -85 -241 -151 -371 -31 -385 -263 -235 0
351 -94 -397 -151 342 0
-263 -79 -444 -130 -171 -162 -154 -215 -397 -341 -1 -488 -351 -494 -138 -280 -62 -379 -477 -298 -88 -85 -241 -151 -371 -31 -385 -235 -264 0
-81 -79 -444 -130 -154 342 -397 0
-349 -91 -385 -488 -1 -379 -298 -31 -37 -280 -9 -88 -85 -241 -151 -95 -351 0
-79 -241 -1 -488 -385 -379 -298 -31 -280 -88 -85 -410 -151 -138 -371 -465 -320 -444 -130 -154 342 -397 -374 -494 -215 -341 -62 -235 0
79 -444 -171 -162 -154 -130 0
-340 -488 -371 -320 -1 -379 -298 -31 -280 -88 -85 -410 -151 -465 -154 -397 -62 -46 -34 -8 -383 0
162 -365 -80 0
-171 -241 -320 -85 -385 -154 -397 -1 -62 -46 -88 -379 -410 -280 -488 -151 -371 -160 -31 -130 -169 0
-241 -130 -397 -85 -160 -488 -320 -151 -371 -31 -154 -385 -1 -62 -46 -88 -379 -410 -280 -169 0
-162 -130 -154 -444 -81 -160 0
80 -138 -198 -8 -298 -1 -235 -444 -354 -215 -223 -130 -366 -169 0
350 -27 -120 -344 -374 -494 -395 -88 -271 -202 -151 0
351 -94 -202 0
204 -145 -374 -97 -266 -219 -410 -39 -88 -280 -262 -271 -94 0
-94 -59 -419 -31 -151 -271 -202 -374 -97 -266 -219 -410 -39 -88 -280 -262 -215 -397 -350 0
-130 -262 -151 -410 -88 -280 -31 -397 -120 -427 -169 -154 -8 -298 -1 -160 -85 -488 -385 -320 -371 -62 -46 -379 0
81 -94 -85 -385 -154 -397 -1 -488 -62 -171 -46 -88 -379 -410 -280 -151 -31 -224 -371 -320 0
386 -49 -85 0
-488 -151 -85 -410 -88 -280 -31 -397 -120 -427 -154 -8 -298 -1 -320 -371 -62 -46 -379 -465 -34 -383 0
-81 -94 -1 -280 -31 -151 -320 -274 -371 -85 -154 -130 -80 -171 0
170 -444 -130 -80 -154 -171 -162 0
204 -241 -34 -162 -366 -218 -215 -419 -151 -479 -397 -477 -410 -326 -31 -351 -280 -62 -94 0
216 -241 -235 -223 -31 -151 -351 -176 -397 0
-349 -204 -312 -274 -88 -102 -273 -1 -494 -280 -406 -145 -241 -31 -151 -94 -351 0
-241 -74 -138 -258 -88 -374 -371 -494 -94 -312 -274 -102 -273 -1 -280 -406 -31 -151 -351 -218 -154 -479 -366 -215 -235 -223 -176 -397 -34 -162 -419 -477 -410 -326 -62 0
350 -202 -94 0
67 -453 -138 -258 -315 0
386 -138 -258 -154 -366 -218 -397 -94 -320 -371 -88 -312 -274 -102 -273 -1 -280 -406 -31 -151 -223 -176 -34 -162 -419 -410 -326 -62 -340 -85 0
-444 -94 -151 -31 -397 -130 -371 -154 -218 -320 -88 -274 -1 -280 -34 -410 -326 -62 -85 -379 -171 -80 0
-349 -351 -397 -162 -386 -171 -371 -223 -241 -31 -151 -366 0
160 -366 -130 -154 -354 0
-478 -214 -397 0
351 -273 -151 -94 0
-94 -171 -397 -371 -31 -151 -130 -154 -85 -218 -320 -88 -274 -1 -280 -34 -410 -326 -62 -379 -80 0
374 -426 -274 -102 -120 -280 -450 -318 -410 -297 -260 -97 0
443 -260 -274 -253 -93 -493 -102 -120 -280 -450 -410 -62 -97 -472 -154 -130 -387 -85 -236 -245 -379 -177 0
364 -361 -154 -472 -130 -387 -85 -442 -274 -253 -93 -493 -102 -120 -280 -450 -410 -62 -97 -236 -245 -379 -146 -397 -262 -218 -415 -340 -162 0
350 -493 -8 -197 -298 -1 -387 -85 -130 -154 -472 -274 -253 -93 -120 -280 -410 -62 -97 -379 -397 -262 -218 -415 -80 -171 -223 -394 -31 -202 -151 0
242 -271 -151 -202 -31 0
-241 -224 -242 -31 -151 -94 0
153 -60 -420 -400 -31 0
275 -23 -60 -30 -219 -129 -267 -410 -269 -518 -287 -62 -483 -426 0
2 -30 -454 -90 -512 -287 -416 -210 -426 -60 -219 -267 -410 -518 -62 -483 -38 -375 -253 -495 -311 -92 -9 0
-160 -62 -410 -280 -94 -202 -31 -151 -400 -385 -130 -85 -154 -162 -364 0
152 -88 -202 -154 -397 -488 -62 -171 -1 -85 -379 -410 -280 -94 -241 -151 -372 -515 -31 0
138 -68 -154 -364 -488 -79 217 0
-88 -1 -473 -314 -257 -75 -137 -154 -488 -79 -218 -372 -280 -94 -423 -202 -420 -31 -151 -241 -397 -62 -171 -85 -379 -410 -515 0
-271 -272 -151 -241 -31 -202 0
32 -12 -22 -218 -488 -325 -70 -280 -94 -202 -420 -400 -31 -241 -151 0
387 -241 -202 -94 -31 -280 -151 -154 -397 -62 -85 -410 -130 160 0
473 -302 -254 -62 -269 -125 -265 0
488 -69 -315 -258 -138 -74 -88 -374 -371 -259 -296 -474 -254 -62 -269 -125 -135 -327 -219 0
33 -11 -219 -397 -341 81 -315 -138 -74 -374 -371 -474 -62 -269 -125 -410 -280 -264 -94 -202 -151 -31 -419 -241 0
-241 -62 -280 -151 -31 -202 -94 -397 -410 -154 -130 -162 -85 0
372 -69 -218 -154 -478 -397 -79 -130 -340 -85 0
204 -218 -154 -130 160 -475 -85 -62 -370 -478 -397 -410 -280 -94 0
-488 217 -370 -385 -85 -154 -130 -364 -162 -79 -68 0
217 -218 -154 -478 -397 -130 -85 -370 160 -162 -68 0
-218 160 -130 -154 -31 -370 -85 -397 -162 -280 -94 -202 -62 -410 0
-62 -202 -130 -397 -85 -31 -162 -280 -94 -154 -410 -151 0
80 -472 -31 -218 -488 -12 -280 -94 -202 -400 -151 219 -425 -215 -154 -85 -241 -385 -342 -364 -162 0
-366 -79 -215 -154 -85 -385 -342 -130 -162 -364 0
219 -241 -202 -94 -254 -425 -162 -31 -218 -488 -280 -151 -154 -85 -130 -397 0
266 -137 -154 -364 217 -79 -488 0
203 -375 -37 -98 -88 -259 -75 -295 -137 -448 -154 -364 217 -79 -488 0
-79 -181 -20 -41 -37 -151 -31 -241 -94 -202 -98 -259 -154 217 -488 -473 -397 -85 -130 -162 -516 0
370 -488 -151 -94 -202 -154 -130 -162 -31 -397 -85 -218 -280 -410 0
219 -79 -94 -280 -425 -370 -130 -162 -154 -202 -85 -397 -254 -488 -31 -218 -151 0
-79 -370 -154 -218 -397 -130 -85 -162 -488 -94 -280 -425 -202 -254 -31 -151 0
-488 -218 -151 -94 -31 -85 -154 -202 -130 -162 -397 -280 -410 0
267 -258 -138 -315 0
204 -37 -374 -99 -74 -259 -138 -295 -315 -151 -202 -31 -448 -241 -68 0
-79 -320 -41 -151 -202 -94 -410 -425 -518 -31 -154 -397 -130 -85 -218 -162 -80 0
-218 -202 -94 -31 -151 -85 -154 -130 -162 -410 -397 -280 0
161 -79 -364 0
-79 -3 -254 -266 -154 -488 -364 -130 -162 -521 -397 -85 -475 -385 -341 0
-202 -94 -151 -31 -130 -85 -154 -162 -397 -410 -280 0
80 -366 -162 0
386 216 -241 -223 -31 -151 -351 -442 -397 -85 0
55 -521 -85 -442 -49 -427 -130 -345 -154 -359 -515 -383 0
161 -442 -85 -427 -130 -154 -359 -515 -89 -495 -397 -162 -349 -241 -223 -351 -31 -151 -366 -340 -79 0
265 -300 -258 -138 -455 -74 -89 -82 -424 -474 -128 0
-366 -79 -397 -154 -85 -67 -130 -162 -241 -31 -151 -349 -94 -280 -271 0
266 -257 -137 -314 -67 0
136 -268 -266 -286 -140 -67 -299 -314 -257 0
-79 -94 -397 -410 -280 -31 -151 -85 -154 -130 -162 0
30 -266 -210 -269 -466 0
267 -82 -425 -210 -473 -269 0
265 -319 -487 -473 -218 0
-94 -85 -410 -280 -31 -151 -130 -397 -154 -162 0
-444 -385 -370 -154 -397 267 -258 -85 -171 -130 -80 -162 0
-385 267 -394 -154 -223 -130 -397 -370 -79 -162 -366 -85 -31 0
321 -55 -370 0
-55 -319 -370 0
443 -340 -397 -162 -514 -130 -154 -366 267 -258 -49 -85 0
156 -196 -349 -151 -31 -202 -514 267 -258 0
267 -366 -162 -85 -130 -154 -349 -151 -31 -202 -397 -370 -394 -223 -79 0
86 -341 -349 -31 -394 -223 -171 -151 -214 -442 -51 0
236 -244 -394 -151 -223 -349 -31 0
237 -244 -394 -151 -223 -349 -31 0
313 -59 -280 -426 -410 -210 -102 -419 -28 -421 -267 -138 -69 0
32 -373 -493 -24 -210 -426 -318 -102 -297 -427 -280 -260 -410 -419 -138 -197 -314 -28 -267 -477 -202 -223 -349 -394 -151 0
313 -287 -483 -210 -74 -125 -88 -267 -28 -421 -258 -138 -68 0
372 -77 -347 -19 -312 -16 -11 -356 -24 -1 -7 -55 0
155 -267 -258 -273 -151 -31 -102 -280 -410 -85 -489 -397 -171 -130 -154 -162 -366 0
265 -9 -151 -223 -349 -31 -176 -235 -215 -479 -471 -394 -489 -57 -321 -474 0
137 -176 -151 -223 -349 -31 -267 -235 -215 -479 -471 -394 -489 -57 -321 -474 -315 -258 0
87 -138 -370 -31 -474 -151 -267 -223 -349 -394 -489 -273 -315 -516 -258 -397 -493 -340 -442 -50 0
266 -181 -90 -223 -402 -273 -394 -151 -31 -516 -370 -146 -474 -217 0
-138 -267 -223 -394 -151 -31 -516 -370 -474 -397 -262 -340 -79 -162 -130 -154 -366 -315 -442 -85 -349 -493 -50 0
203 -296 -410 -223 -260 -402 -394 -183 -151 -448 -349 0
265 -516 -370 -489 -31 -198 -151 -315 -349 -202 -410 -223 -260 -402 -394 -183 -222 -142 -474 -125 0
-366 -79 -151 -280 -31 -397 -410 -162 -130 -154 -85 0
266 -257 -137 -314 0
-244 -235 -394 -151 -223 -349 -31 0
-79 -85 -154 -130 -162 -31 -151 -397 -280 -410 0
265 -137 -487 -314 -218 -68 0
7 -470 -2 0
313 -197 -137 0
-85 -130 -31 -151 -154 -162 -397 -280 -410 0
153 -38 -442 -74 -354 -397 -349 -162 -422 -342 -375 -171 -495 -223 -394 -31 0
443 -342 -162 -354 -171 0
152 -216 -397 -177 -520 -381 -223 -236 -515 -394 -349 -31 0
-241 -394 -151 -31 0
155 152 -397 -520 -223 -394 -349 -31 -442 -162 -171 -385 -49 -130 0
33 -349 -397 -385 -49 -162 -130 -154 -520 -223 -394 -136 -31 -442 -151 0
132 -342 153 -74 -397 -349 -162 -422 -442 -223 -394 -31 -370 -385 -49 0
-342 -74 -162 -385 -154 -49 -130 153 -170 -397 -349 -422 -442 -223 -394 -31 -370 0
137 -515 -410 -370 -280 -59 -154 -419 -130 -520 -493 -49 -397 -385 -262 -170 -162 153 -349 -442 -223 -394 -31 0
-171 -342 -442 -410 -162 -515 -130 -520 -493 -370 -49 -397 -385 -262 -170 0
171 -130 -154 -162 0
-349 -394 -151 -410 -31 -162 -154 -130 -397 -280 0
131 -342 -385 -171 -49 0
152 -3 -454 -410 -518 -38 -375 -253 -495 -92 -145 -171 -162 -478 -342 -397 -520 -473 -280 -381 -56 -370 -94 -515 -394 -31 0
-342 -394 -280 -397 -31 -151 -410 -162 -154 -130 0
-394 -130 -31 -280 -154 -162 -397 -151 -410 0
169 -349 -94 -151 -31 -515 -381 -520 -130 -154 -354 -397 -162 -342 0
398 -349 -151 -60 -420 -31 -216 0
-349 -515 -31 -151 -94 -381 -520 -397 -420 -216 -223 -130 -154 -354 -162 -342 0
514 -51 -370 -237 -385 -493 -87 -522 -381 -156 0
138 -467 -129 -492 -68 -117 -422 -256 -181 0
409 -217 -147 -68 -90 -313 -256 -75 -136 -129 -492 -117 -422 -384 -360 -343 -428 0
137 -298 -287 -456 -68 -269 -90 -313 -256 -75 0
132 -420 -60 -422 -456 -68 -269 -75 -147 -384 -428 -397 -493 -370 -246 -385 -237 -272 -522 161 -280 -516 -443 0
170 -75 -384 -397 -522 -349 -151 -31 -162 -394 -342 0
-385 -50 -522 -151 -349 -480 -130 -216 -352 -442 -394 -31 -386 0
-50 169 -162 -364 -216 -522 -151 -349 -480 -352 -394 -31 -386 0
138 -424 -24 -470 -485 -217 -1 -335 -60 -488 -9 -172 -420 -324 -421 -313 -257 0
515 -75 -136 -420 -324 -26 -79 -364 -216 -397 -345 -38 -177 -375 -495 -476 -236 -349 -394 -151 -156 -31 0
399 -151 -171 -342 -397 -349 -162 -394 -31 0
-151 -394 -397 -162 -349 -31 -171 -342 0
-370 -60 -420 -423 -256 -136 -74 -375 -271 -495 350 -473 -243 -55 -372 0
494 -333 -199 -487 -219 -317 -319 -407 -62 -97 -254 -311 -91 0
96 -383 -55 -319 -343 -375 -495 -199 -487 -219 -317 -407 -254 -311 -91 -517 -409 -100 -280 -262 0
170 -515 -136 -375 -495 -199 -420 -271 -372 -236 -349 -177 -216 -397 -520 -381 -156 -117 -31 -162 -394 -342 -223 0
-493 -170 -130 -162 -171 -442 -520 -342 -515 -49 -397 -385 -375 -96 -495 0
371 -1 -469 -91 -57 0
-515 -223 -375 -130 -162 -171 -442 -520 -342 -49 -397 -385 -495 -236 -349 -216 -372 -394 -31 -136 0
-94 -202 -349 0
169 -217 -147 -90 -313 -75 -136 -470 -1 -335 -60 -172 -420 -324 -26 -506 -328 -343 -477 -102 -428 -342 -81 0
351 -370 -420 -60 -397 -493 132 -246 -385 -280 -516 -162 -342 -171 -90 -313 -136 -470 -172 -324 -26 -506 -328 -343 -102 -520 -216 -177 -271 -236 -202 0
169 -479 -216 -397 -364 -342 -80 0
398 -295 -316 -360 -420 -60 -370 -136 -256 -375 -271 -495 350 -423 -243 -372 -129 -28 -73 0
-370 -493 -472 -324 -313 -136 -397 -420 -60 -375 -271 -495 -243 -372 -364 -162 -342 -171 -216 -449 -349 -316 132 -246 -385 -516 -506 -520 -177 -236 -281 0
218 -347 -47 -267 -24 0
198 -313 -136 0
-370 -243 -349 -472 -324 -313 -136 -397 -420 -60 -375 -271 -495 -372 -364 -162 -342 -171 -216 -449 -316 132 -246 -385 -516 -506 -520 -177 -236 -281 0
494 -246 -177 -397 -488 -236 -47 -267 -198 -9 -310 -91 0
137 -256 -67 -313 -267 0
340 -310 -254 -91 -469 -267 -9 -67 -313 -136 -364 -476 -162 0
-223 -130 -520 -397 -171 -342 -162 -349 -375 -495 -236 -372 -216 -385 -394 -31 -136 -442 -49 0
243 -423 -475 -349 -420 -394 -31 0
-94 -219 -267 -2 -452 340 -254 -91 -310 -9 -313 -136 -364 -162 -68 -349 -95 0
138 -313 -349 -177 -397 -495 340 -236 -136 -162 -381 -394 -372 -31 -241 -420 -156 0
-267 -482 -397 -216 -269 161 137 -313 -67 0
351 -94 -397 -216 161 137 -313 -475 -349 -420 -394 -31 -241 -495 -236 -7 0
320 -312 -516 -381 -156 -212 -474 -97 0
321 -47 -1 -219 -516 -7 -487 -55 0
-94 -487 -375 -495 -199 -381 -407 -262 -156 -7 -428 -520 -236 -397 137 -313 -244 161 -177 -216 -400 -58 -372 -420 -117 -31 -241 -475 -349 -394 0
-256 -267 137 -313 0
-79 -202 -381 -241 -520 -31 -397 -271 -216 -156 -80 161 0
204 -516 -219 -7 -487 -117 -470 -212 -381 -156 -474 -97 -422 -92 -475 -372 -349 -241 0
203 137 -397 -216 -287 -313 -256 -475 -236 -349 -271 0
-313 -241 -31 -117 -381 -156 -372 -349 -397 -216 -236 -271 -520 -80 -375 -495 -199 -407 -428 -244 -177 -400 -58 -420 -394 -136 340 -162 0
-137 -407 -375 -199 -495 -262 161 -216 -428 -397 -520 -381 -515 -394 -372 -31 -241 -475 -349 -420 313 -136 0
514 -117 -422 -475 -236 -349 -489 -244 161 -177 -216 -397 -520 -381 0
-79 -57 -375 -372 -1 -74 -495 -397 -96 -271 -216 -381 -241 -520 -31 -156 -80 161 0
95 -428 -218 -147 -320 -1 -372 -375 -57 -326 -495 -282 -262 0
217 -37 -90 -30 -267 -147 0
399 -267 -37 -30 -144 -90 -74 0
-130 -520 -397 -375 -495 -372 -216 -31 -236 -349 -394 -136 -162 -342 -171 -385 -442 -49 0
-49 -375 -342 -171 -397 -162 -495 -372 -216 -31 -349 -394 -385 -87 -51 0
-154 -267 -137 -313 -130 160 -354 0
3 -487 -204 -79 -96 -271 -495 -218 -23 -7 0
69 -258 -271 -79 -490 -452 0
-136 -282 -271 -79 -204 -349 -267 -218 -2 -96 -495 -48 -117 -421 -313 -137 0
-94 -2 -357 -12 -497 -218 -267 -20 -126 -458 -143 -220 -282 -450 -96 -349 0
217 -196 -137 -257 -488 -267 0
-267 -313 -117 -271 -12 -126 -349 -75 -495 -137 -235 -480 -216 -400 -223 -420 -394 -31 -515 -130 160 -354 0
494 -291 -463 -470 -311 -424 -91 -82 0
Solved
