475 -201 -18 -127 -259 -160 -385 -262 -43 -325 -179 0
17 -157 -124 -1 -337 -385 -298 0
281 -229 -124 -1 -337 -385 -29 -7 -223 -179 -160 -18 -43 0
389 -298 -306 -325 -182 -127 -463 -91 -281 -79 -133 -25 0
16 -281 -127 -179 -325 -223 -43 -229 -79 -160 -25 -306 -182 -463 -91 0
-298 17 -43 -179 -124 -1 -337 -385 -160 0
-229 -91 -325 -223 -274 -7 -29 -43 -179 -124 -1 -337 -385 -160 -18 -127 -79 -25 -306 -182 -463 0
135 -388 -43 -160 -280 0
16 -280 -43 -160 0
493 -29 -7 -43 -160 -223 -179 -124 -1 -18 -325 -127 -79 -25 -306 -182 -463 0
134 -388 -127 -179 -43 -79 -463 -160 -25 -325 -18 0
-388 -135 -43 -160 -463 -18 -179 -127 -79 -25 -325 0
-135 -18 -43 -160 -463 -179 -127 -79 -25 -325 0
-388 -127 -325 -7 -292 -223 -306 -79 -179 -43 -160 -25 -182 -463 -18 0
281 -264 -381 -179 -153 -43 0
499 -182 -325 -220 -43 -223 -7 -292 -79 -160 -25 -100 -463 -124 -1 -497 -21 0
18 -179 -112 -7 -325 -463 -21 -100 -43 -499 -79 -160 -135 -25 -388 0
133 -281 -43 -388 -160 -18 0
134 -18 -25 -497 -388 -499 0
-179 -135 -79 -388 -43 -160 -25 -497 -499 -463 -325 -112 -7 -21 -100 0
-135 -388 -7 -325 -463 -499 -79 -43 -112 -160 -25 -497 -100 -21 0
-388 -182 -7 -292 -223 -79 -43 -160 -25 -325 -463 -21 -100 -499 -497 -112 0
45 -179 -25 -7 -499 -28 -21 -281 -223 0
400 -302 -387 -199 0
151 -127 -232 -292 -387 -325 -261 -241 -401 -199 -487 -470 0
-127 -152 -499 -223 -7 -325 -281 -139 -25 -232 -292 -387 -261 -241 -401 -199 -487 -470 0
282 -47 -232 -241 -169 -142 -79 -52 -152 -118 0
101 -28 -223 -21 -7 -139 -281 -232 -241 -142 -79 -499 -325 -25 -292 -387 -199 -487 -470 -220 -238 0
18 -139 -7 -223 -25 -499 -21 -220 -43 -160 -100 -232 -241 -142 -79 -325 -292 -199 -487 -470 -133 0
153 -127 -229 -499 -223 -25 -7 -325 -139 0
-127 -229 -25 -499 -223 -7 -325 -139 -151 0
152 -281 -7 -499 -28 -21 -25 -223 -43 -160 -100 -238 -220 -139 0
-281 -21 -223 -7 -139 -28 -232 -241 -142 -79 -499 -325 -25 -292 -199 -487 -470 -220 -238 -100 -43 -160 -282 0
9 -127 -302 -199 -402 -325 -355 -211 -241 -379 -223 -139 0
8 281 -241 -64 -153 -43 -223 -139 0
503 -463 -79 -223 -325 -355 -7 -64 -43 -487 -220 -100 -160 -232 -142 -25 -292 -241 -112 -124 -1 -49 0
151 -264 -325 -100 -355 -43 -160 -463 -79 -25 -127 -241 -381 -281 0
-139 -499 -223 -25 -7 -220 -43 -160 -100 -232 -241 -142 -79 -325 -292 -487 -112 -463 -127 -281 -381 -153 -355 -140 0
-499 -231 -325 -463 -79 -43 -112 -160 -25 -100 -7 -127 -153 -223 -220 -232 -241 -142 -292 -487 -281 -381 -355 -140 0
-280 -157 -361 -298 -43 -17 -281 -160 0
-18 -157 -466 -361 -1 -298 -387 -43 -160 -463 -127 -179 -79 -25 -325 -17 0
-179 -466 -298 -361 -1 -43 -160 -463 -127 -79 -25 -325 -17 -260 -429 -231 -281 -180 0
152 -231 -25 -140 -281 -160 -43 -298 -1 -463 -127 -79 -325 -17 -429 -180 -381 0
225 -153 -100 -355 -43 -160 -463 -79 -25 -127 -241 -281 -325 -1 -498 -20 -112 -7 -223 -220 -232 -142 -292 -487 0
140 -179 -64 -241 -380 -153 0
282 -153 -25 -281 -160 -43 -1 -463 -127 -79 -325 -220 -20 -141 -64 -241 -380 -100 0
-153 -127 -79 -25 -325 -281 -160 -43 -1 -463 -220 -20 -64 -241 -100 -7 -223 -355 -498 -112 -232 -142 -292 -487 0
-18 -179 -43 -160 -463 -127 -389 -79 -25 -325 -17 0
-179 -174 -487 -402 -100 -361 -466 -389 -43 -160 -463 -127 -79 -25 -325 -17 -180 0
-127 -281 -100 -160 -43 -487 -463 -79 -25 -325 -112 -7 -498 -20 -223 -1 -220 -64 -241 -355 -232 -142 -292 0
16 -179 -43 -25 -7 -281 -499 -160 -223 -20 -498 0
151 -381 -79 -241 -118 -169 -281 0
-381 -153 -112 -7 -325 -463 -499 -100 -43 -79 -160 18 -25 -220 -179 -241 -118 -169 -281 0
-153 18 -463 -223 -64 -241 -179 -112 -325 -499 -100 -43 -79 -160 -7 -25 -220 -118 -169 -281 0
18 -179 -499 -25 -223 -7 -259 -281 -220 -463 -64 -241 -20 -112 -325 -100 -43 -79 -160 -118 -169 0
-381 -153 -389 -299 -134 -20 -281 -179 -43 -467 -7 -79 -241 -118 -169 0
-388 -134 -43 -281 -160 -18 -389 0
-153 -139 -7 -223 -151 -389 -299 -134 -20 -281 -179 -43 -467 -79 -241 -118 -169 0
-179 -281 -223 -7 -220 -20 -100 -43 -79 -241 -118 -169 -160 -499 -25 -259 -463 -64 -112 -325 -498 0
379 -140 -20 -386 -229 -499 -25 -43 -281 -160 -389 -259 -363 -263 0
152 -263 -7 -223 -20 -386 -229 -499 -25 -43 -281 -160 -389 -259 -363 0
-388 -259 -20 -386 -499 -229 -25 -43 -281 -160 -389 0
-281 -20 -7 -223 -25 -43 -160 -220 -100 -79 -241 -463 -64 -112 -325 -498 -487 -1 -355 -232 -142 -292 0
-388 -501 -25 -43 -160 -463 -179 -79 -325 -280 -389 0
-179 -240 -241 -223 -220 -7 -64 -134 -25 -43 -160 -463 -79 -325 -280 -389 -20 -180 0
-388 -463 -325 -7 -79 -43 -112 -160 -25 -100 -498 -280 -389 0
505 -223 -241 -487 -325 -112 -7 -64 -43 -220 -79 -160 -25 -100 -1 -355 -232 -142 -292 -49 -124 0
381 -402 -385 -128 -1 -325 -466 -151 0
-388 -389 -343 -64 -25 -7 -223 -43 -160 -220 -100 -79 -241 -281 -112 -487 -1 -355 -232 -142 -292 -124 -49 -325 0
152 -179 -64 -43 -25 -325 -220 -223 -7 -292 -79 -160 -100 -463 -124 -1 -497 -229 -281 -238 -139 -28 0
153 -467 -100 -223 -238 -7 -220 -139 0
17 -139 -7 -223 -64 -43 -25 -325 -220 -292 -79 -160 -100 -124 -1 -281 -133 0
379 -238 -100 -220 -468 -153 0
388 -281 -64 -241 -112 -325 -100 -43 -79 -160 -7 -25 -220 -223 -355 -487 -1 -232 -142 -292 -124 0
151 -381 -325 -100 -355 -43 -160 -119 -79 -25 -463 -241 -281 -140 0
114 -298 -348 -503 -49 -463 -7 -223 -25 -43 -160 -220 -100 -79 -241 -281 -64 -112 -325 -487 -1 -355 -232 -142 -292 -343 -17 -119 -164 -401 -339 -397 0
-381 -503 -112 -348 -241 -49 -463 -7 -223 -25 -43 -160 -220 -100 -79 -281 -64 -325 -487 -1 -355 -232 -142 -292 -343 -17 -119 -164 -401 -362 -239 -153 -140 0
-463 -153 -160 -223 -112 -241 -49 -7 -25 -220 -100 -79 -281 -64 -325 -487 -1 -355 -232 -142 -292 -343 -43 -124 0
380 -298 -43 -17 -281 -160 -64 -60 -112 -7 -241 -223 -153 0
-153 -281 -292 -112 -232 -7 -241 -223 -43 -325 -160 -64 -49 -25 -220 -100 -79 -487 -1 -355 -142 -343 -124 0
-281 -223 -79 -325 -355 -7 -64 -43 -487 -220 -100 -160 -232 -142 -25 -292 -241 -112 -124 -1 -49 -343 0
-153 -123 -124 -487 -325 -292 -64 -355 -232 -241 -223 -112 -7 281 -43 0
18 -389 -134 0
-463 -64 -343 -79 -223 -325 -355 -7 -43 -487 -220 -100 -160 -232 -142 -25 -292 -241 -112 -124 -1 -49 0
508 -232 -112 -292 -7 -241 -343 -79 -325 -355 -43 -487 -100 -160 -142 -25 -124 -1 -49 0
280 -208 -25 -79 -292 -223 -232 -508 -241 -220 -211 -153 0
224 -220 -153 -508 -381 0
379 -211 -232 -241 -325 -292 -362 -153 0
-220 -381 -100 -355 -43 -160 -325 -79 -25 -463 -241 -281 -153 -232 -292 -7 -223 -487 -142 -112 -124 -1 -49 -343 0
-134 -280 -343 -169 -112 -7 -325 -463 -100 -43 -79 -160 -25 -49 -17 -361 -281 0
-280 -430 -78 -232 -241 -487 -292 -477 -117 -258 -132 -343 -169 -112 -7 -325 -463 -100 -43 -79 -160 -25 -49 -361 -281 -324 -399 -270 -238 -466 0
16 -167 -399 -324 -270 -11 -466 -361 -238 -100 -43 -199 -160 -133 -390 0
18 -158 -361 -466 -133 0
66 -399 -140 -43 -281 -160 -361 -466 -262 -324 -270 -238 -100 -132 -343 -79 -25 -231 -78 -232 -241 -487 -292 -112 -7 -325 -463 -49 -409 -212 0
225 -212 -25 -292 -232 -281 -241 -43 -79 -325 379 -153 -140 -160 -270 -238 -100 -343 -78 -487 -112 -7 -463 -49 -409 -508 0
-280 -388 -112 -7 -325 -463 -100 -43 -79 -160 -25 -49 -281 -343 -232 -241 -292 379 -153 0
-381 -153 -160 -43 -281 -79 -25 -112 -7 -325 -463 -49 -343 -232 -241 -292 -100 -223 -487 -355 -142 -124 -1 0
-280 -93 -325 -77 -431 -212 -380 -241 -153 -141 -299 -468 -363 -160 -43 -281 0
-153 -463 -325 -100 -160 -43 -281 -79 -25 -241 -292 -355 -232 -7 -1 -223 -112 -49 -343 -487 -142 -124 0
16 -134 -508 -128 -223 -118 -100 -229 -79 -160 -25 -43 -281 -222 -18 -300 0
-134 -118 -100 -269 -1 -79 -25 -381 -229 -223 -112 -7 -141 -508 -128 -160 -43 -281 -222 -133 0
-280 -18 -281 -160 -134 -43 0
465 -62 -170 -212 -78 -93 -105 -448 -385 -164 -401 -270 -179 -112 -466 -158 -7 -362 -224 -380 0
211 -475 -431 -60 0
16 -93 -78 -212 -241 -380 -270 -112 -7 -100 -43 -79 -160 -25 -281 -134 -18 0
468 -276 -399 -386 -324 -129 -25 -7 -281 -28 -21 -100 -43 -264 -380 0
-18 -112 -79 -100 -43 -241 -7 -281 -25 -160 -134 -325 -153 0
213 -93 -78 -419 -241 0
234 -292 -433 -345 -458 -94 0
233 -292 -64 -260 -208 -428 -257 -94 0
-343 -345 -516 -521 -241 -134 -280 -112 -7 -325 -463 -100 -43 -79 -160 -25 -169 -17 -361 -281 0
243 -93 -430 -356 0
488 -173 -328 -303 0
489 -50 -503 -521 -470 0
379 -130 -153 -122 -231 -521 -100 -7 -112 -200 -477 -60 -241 -127 -21 -325 18 -388 -43 -179 -79 -160 -25 -264 0
64 -257 -116 0
-361 -112 -60 -7 -140 -241 -153 -122 -231 -521 -100 -200 -127 -325 18 -388 -43 -179 -79 -160 -25 -362 -298 -280 -281 0
9 213 -419 -241 -325 -356 -153 -516 -140 -112 0
-112 -153 -325 -7 -241 -100 -43 -79 -160 -25 -281 -134 0
363 -401 -78 -244 -322 -200 -397 -405 -60 -7 -212 -93 -241 -224 -179 -466 -380 -158 0
389 -212 -78 -93 -241 -380 -244 -322 -397 -405 -7 -100 -43 -229 -300 -160 -25 -18 0
381 -93 -386 -276 -78 -322 -100 -397 -270 -467 0
-18 -322 -7 -281 -100 -43 -25 -397 -160 -134 -241 -325 -153 0
467 -460 -401 -322 -200 -164 -521 -397 -344 -477 -190 -498 -21 -170 -60 -501 -127 -78 -241 -325 -153 -381 0
-361 -78 -401 -325 -322 -397 -356 -241 -153 -468 -200 -164 -521 -344 -190 -498 -170 -60 -501 -127 -387 -179 -362 -298 -280 -43 -17 -281 -160 0
-78 -60 -241 -325 -179 -468 -158 -401 -322 -397 -356 -153 -200 -164 -521 -344 -190 -498 -170 -501 -127 -387 -362 -298 -280 -43 -17 -281 -160 0
-153 -134 -325 -43 -281 -160 -100 -79 -25 -241 -7 0
398 -339 -118 -164 -128 -495 -401 -275 -418 -114 0
380 -468 -128 -495 -418 -7 -141 -100 -43 -281 -160 -134 -18 -300 -269 -118 0
-468 -495 -118 -229 -79 -25 -100 -43 -281 -160 -134 -18 -300 -381 -128 -418 -7 -141 -269 0
129 -338 -314 -404 -464 -7 -300 -141 -18 -43 -281 -160 -134 -25 -79 -401 -118 0
323 -464 -169 -459 -160 -448 -100 -401 -128 -404 -79 -7 -300 -141 -18 -43 -281 -134 -25 -118 -252 -244 -114 0
16 -72 -34 -499 -131 -25 -157 -43 -281 -160 -134 -18 -300 0
361 -401 -3 -18 -34 -25 -43 -281 -160 -134 -300 -522 -301 -128 -100 -7 -476 -114 -324 -169 -459 -448 -404 -79 -141 -118 -252 -244 -381 0
-401 -495 -252 -349 -404 -7 -244 -141 -324 -43 -281 -160 -134 -18 -381 -100 -363 -3 -34 -25 -300 -522 -301 -128 -476 -114 -169 -459 -448 -79 -118 0
379 -47 -131 -64 -260 -157 -508 -386 -363 -225 -100 -134 -141 -79 -25 -381 -229 -118 -112 -7 -269 -128 -160 -43 -281 -222 -133 0
105 -108 -337 -335 0
76 -128 -118 -381 -100 -134 -141 -79 -25 -229 -7 -269 -160 -43 -281 -222 -133 -404 -244 -448 -241 -213 -92 0
363 -398 -7 -401 -141 -515 -269 -18 -160 -128 380 -418 -100 -43 -281 -134 -300 -118 0
380 -401 -294 -7 -100 -147 -160 -448 -128 -404 -79 -300 -141 -18 -43 -281 -134 -25 -118 -244 -381 -269 -420 -213 -430 -93 -241 0
400 -18 -43 -281 -160 -134 -25 -79 -118 -303 -128 0
212 -430 -241 0
-401 -381 -100 -400 -294 -7 -147 -160 -448 -128 -404 -79 -300 -141 -18 -43 -281 -134 -25 -118 -244 -269 -420 -213 -430 -93 -241 0
-134 -241 -25 -7 -43 -281 -160 -100 -79 -325 0
418 -92 -241 -213 -77 0
379 -77 -301 -201 -244 -322 -59 -213 -418 -269 -404 -466 -7 -43 -160 -135 -18 -388 -127 -79 -25 -325 -363 -225 0
400 -59 -180 -159 -466 -363 -241 -201 -244 -7 -43 -160 -135 -18 -388 -79 -25 -325 -225 -151 -128 0
327 -223 -263 -7 -229 -20 -25 -43 -281 -160 -389 -386 -363 -151 -128 0
362 -213 -241 -399 -325 -263 -7 -229 -25 -43 -281 -160 -389 -386 -363 -151 -128 -180 -466 -381 -159 0
-213 -381 -241 -325 -466 -151 -399 -363 -263 -7 -229 -25 -43 -281 -160 -389 -386 -128 -180 -159 0
-381 -263 -180 -363 -159 -7 -229 -25 -43 -281 -160 -389 -386 -151 -128 -325 -241 -466 -399 0
324 -141 -151 -180 -363 -159 -7 -229 -25 -43 -281 -160 -389 -386 -128 -325 -241 -466 -474 -244 0
424 -249 -219 0
379 -213 -171 -274 -63 -393 -91 -241 -325 -7 -229 -25 -43 -281 -160 -389 -386 -363 -151 -128 -349 -180 -424 -466 -159 -465 0
-213 -381 -180 -241 -159 -325 -363 -7 -229 -25 -43 -281 -160 -389 -386 -151 -128 -466 -59 -171 -274 -63 -393 -91 -349 -424 -465 0
-381 -159 -388 -229 -386 -25 -43 -281 -160 -389 -128 -325 -151 -241 -7 -466 -171 -274 -63 -393 -91 -349 -424 -465 0
-18 -241 -43 -281 -160 -325 -25 -7 -79 -100 0
178 -78 -375 -229 -199 -25 -493 -431 211 -264 -21 0
101 -229 -425 -281 -25 -79 -251 -118 -313 -233 -339 -48 -323 -259 -400 -238 0
211 -339 -25 -79 -157 -281 -259 -43 -400 -238 -160 -100 -425 -233 -375 -199 -493 -431 -264 -225 -28 -269 -128 -7 -325 -139 -419 -153 0
327 213 -419 -241 0
213 -419 -325 -241 -431 0
385 211 -79 -157 -281 -25 -43 -238 -160 -100 -425 -233 -375 -199 -431 -264 -225 -28 -269 -128 -7 -325 -139 -419 -153 -2 0
467 -363 -79 -281 -25 -43 -160 -128 -7 -325 -241 -100 0
-322 -113 -467 381 -78 -93 -100 -276 -270 -386 -323 0
-363 -128 -100 -7 -325 -281 -43 -79 -25 -160 -241 0
397 -114 -324 0
399 -418 -468 -269 0
326 -324 -468 -7 -241 -139 -151 0
385 -122 -468 -241 -7 -381 -222 -139 -325 -79 -281 -128 -401 0
231 -479 -375 -427 0
280 -231 -79 -25 -120 0
-128 -241 -79 -25 -325 -281 -7 -100 -43 -160 0
379 -34 -401 -199 -500 -25 -260 -79 -28 -397 -238 -160 -269 -170 -7 -100 -43 -213 -139 -133 18 -466 -153 0
-269 -199 -260 -238 -100 -160 -43 -500 -28 -25 -7 -79 -139 -170 -241 -401 -133 18 327 0
152 -1 -387 -119 -401 -281 -157 -100 -43 -361 -7 -379 -139 0
-241 -7 -100 -160 -43 -281 -25 -79 -325 0
324 -252 -397 -244 0
400 -386 -304 -114 -397 -157 -477 -79 -25 280 -18 -34 -303 -128 -43 -281 -160 0
402 -433 -229 -263 -25 -232 -79 -294 -43 -170 -519 -160 -448 -128 -100 0
9 -401 -493 -3 -304 -157 -477 -79 -25 280 -18 -34 -303 -128 -43 -281 -160 -397 -263 -232 -294 -170 -100 -404 0
402 -388 -18 -160 -386 -100 0
-401 -397 -304 -157 -477 -79 -25 280 -18 -34 -303 -128 -43 -281 -160 -100 -493 -263 -141 -7 -3 -232 -294 -170 -404 0
387 -337 -118 -25 -103 -59 -79 -477 -493 -199 0
-337 -451 -89 -404 -222 -7 -240 -141 -43 -281 -160 -389 -18 -133 -3 -386 -118 -25 -103 -59 -79 -477 -493 -199 0
153 -263 -7 -43 -281 -160 -25 -100 -79 -362 -269 -467 -325 0
-18 -280 -160 -281 -43 0
127 -263 -179 -139 -7 -430 -224 -211 -231 -25 -79 -120 0
380 -269 -281 -160 -7 -25 -79 -325 -43 -100 0
-18 -128 -386 -25 -79 -468 -269 -264 -430 -325 -211 -153 -160 -281 -43 0
140 -128 -211 -25 -79 -430 -400 -100 -160 -43 -281 -264 -153 0
282 -140 -7 -225 -390 -25 -79 -128 -400 -100 -160 -43 0
-128 -386 -79 -25 -7 -269 -325 -281 -160 -43 -100 0
139 -157 -17 -386 -93 -430 -211 -264 -153 0
-18 -391 -430 -260 -211 -139 -386 -153 -119 -17 -160 -281 -43 0
-386 -269 -281 -43 -160 -100 -7 -325 -79 -25 0
323 -251 -397 -244 0
-18 -139 -200 -520 -43 -160 -25 -269 -430 -7 -363 -325 -211 -401 -468 -153 -17 -281 0
140 -120 -325 -93 -232 -392 -48 -419 -260 -220 -239 -200 -494 -518 18 -264 -7 0
129 -93 -232 -239 -48 -325 -260 0
240 -116 -65 -48 -508 -260 -220 0
129 -499 -25 280 -79 0
-120 -93 -433 -78 -294 -392 -386 -497 -259 -499 -427 -25 280 -79 0
262 -241 -238 -374 -25 -79 -386 -497 -404 -518 -326 -43 -281 -160 -18 -7 -206 -128 -21 -430 -467 -380 0
-120 -350 -494 -386 -199 -64 -21 -179 -43 -430 -467 -463 -241 -380 -58 -224 -25 280 -79 0
211 -134 -281 -153 -43 -299 -389 -467 -7 -79 -21 -160 -18 -25 -128 -386 -199 -224 -264 -374 -497 -404 -518 0
327 -92 -77 0
-92 -77 -326 0
325 -233 -305 -46 -497 -259 -25 280 -79 -404 -128 -77 0
231 -497 -518 -404 -128 -43 -281 -160 -18 -25 -7 -79 -326 -386 -243 -432 -276 -420 -467 -380 -224 0
-389 -128 -79 -25 -518 -404 -43 -281 -160 -18 -7 -224 -153 -264 -29 -390 0
-128 -518 -281 -160 -18 -25 -7 -79 -43 -404 -224 -153 -264 -29 -390 0
261 -349 -19 -380 -29 -264 -43 -133 -494 -401 -18 -386 0
-77 -325 -7 -160 -43 -281 -25 -79 -212 -401 -386 -260 -19 -380 -29 -264 -18 -326 0
-100 -419 -380 -212 -281 -43 -160 -386 -7 -325 -79 -25 0
-325 -386 -260 -18 -479 -428 -401 -380 -212 -281 -43 -160 -7 -79 -25 -19 -29 -264 -326 0
385 -100 -133 -401 -260 -18 0
-77 -495 -264 -76 -326 0
-100 -315 -105 -435 -210 -170 -370 -212 -60 -491 -160 -390 -18 -479 -173 -91 -264 -76 -326 -481 -428 -401 -260 -386 -133 0
-386 -113 -264 -326 -479 -428 -260 -18 -105 -401 -210 -170 -370 -212 -60 -491 -160 -390 -173 -481 -404 -380 -281 -43 -7 -79 -25 -19 -29 0
-325 -100 -139 -43 -160 -25 -200 -7 -401 -153 -17 -281 -79 -18 0
468 -380 -362 0
Solved
