185 -46 -265 -52 -28 0
66 -149 -98 0
2 -314 -208 0
405 -100 -208 -1 -213 -292 -10 0
69 -320 -86 0
314 -100 -1 -208 0
319 -87 -69 0
430 -1 0
-314 -313 2 0
148 -99 -66 0
398 -263 -57 -107 -394 -40 -241 -435 -325 -21 0
433 -238 -35 -398 -263 -7 -447 -351 -325 -285 -142 -241 -346 -394 -220 -49 -202 -193 -414 -107 -80 -63 0
446 -398 -35 -238 -7 0
53 -7 -380 -35 -153 -346 -285 -193 -220 -351 -80 -414 -63 -435 -142 -241 -394 -49 -202 -107 -57 -40 -21 -30 -448 0
194 -224 -180 -282 -199 -119 -346 -268 -250 -220 -285 -126 -351 -192 0
434 -261 -199 -282 -285 -140 -193 -180 -119 -346 -220 -126 -351 -192 -40 -44 -414 -63 -57 0
433 -238 -35 -80 -263 -7 -398 -351 -325 -285 -142 -241 -346 -394 -220 -49 -202 -193 -414 -107 -63 0
284 -176 -248 -275 -310 -142 -13 -346 -220 -132 -192 -193 -238 -282 -446 -199 -351 -268 0
125 -367 -346 -250 -220 0
97 -132 -193 -351 -248 -275 -142 -192 -414 -63 -35 -80 -202 -107 -40 -21 -448 -380 -153 -425 -377 -185 -307 -137 -134 -148 -66 0
283 -445 -63 -80 -435 -365 -351 -168 0
-446 -310 -275 284 -142 -13 -346 -220 -132 -192 -193 -248 -199 -351 -268 -30 -52 -448 -445 0
434 -205 -30 -52 -400 -448 -7 -275 284 -142 -13 -346 -220 -132 -192 -193 -248 -199 -351 -445 -92 -146 -414 -57 0
124 -92 -63 -435 -30 -52 -448 -7 -275 -142 -346 -220 -132 -192 -193 -248 -199 -351 -107 -146 -414 -57 -285 -80 0
283 -13 -57 -107 -394 -40 -241 -435 -21 -380 -369 -92 -252 -146 -414 -35 -447 -193 -351 0
446 -57 -107 -394 -40 -241 -435 -21 -35 -7 -30 -52 -448 0
447 -387 -346 -250 -220 -448 -124 0
283 -13 -107 -394 -40 -241 -435 -21 -380 -57 -146 -414 -35 -193 -351 -142 -346 -220 -80 -446 -448 -132 0
-13 -446 -275 -142 -346 -220 -132 -192 -193 -248 -199 -351 -30 -52 -448 -414 -57 -435 -80 -285 -107 -394 -40 -241 -21 -380 -146 -35 0
265 -18 -417 -226 -331 -277 -359 -438 -207 -419 -30 0
267 -52 -448 0
12 -153 -35 -392 -448 -142 -193 -107 -63 -275 -192 -351 -40 -21 -146 -425 -377 -185 -307 -137 -134 -66 -202 -211 0
300 -263 -119 -126 -251 -220 0
-250 -352 -263 -40 -119 -346 125 -220 -251 0
125 -300 -180 -261 -386 -263 -119 -40 -346 -220 -251 -158 -142 0
-52 -30 -261 -193 -192 -126 -386 -119 -40 -346 -220 -251 -158 -142 -240 -180 -266 -53 -448 0
124 -420 -185 -134 -30 -119 -126 -251 -220 -180 -81 -307 -46 -346 -386 -193 -192 0
-30 -119 -346 -134 -220 -126 -185 -251 -180 -81 -307 -386 -193 -192 -266 -261 -40 -158 -142 -240 -53 -448 0
30 -9 -153 -126 -220 -53 -134 -266 -185 0
222 -250 -425 -412 -367 -185 -346 -134 0
124 -126 -134 -220 -346 -185 -30 -81 -307 -386 -193 -192 -266 -40 -158 -142 -240 -53 -448 -202 -137 -377 -107 -412 -425 0
-250 -434 -377 -107 -137 -63 -193 -40 -352 -346 -263 -220 447 -448 -124 0
195 -269 -199 -285 -282 -166 -140 0
447 -13 -137 -377 -107 -202 -63 -193 -40 -346 -220 -448 -412 -425 -275 -158 -142 -185 -134 -192 -130 -307 -153 0
126 -250 -214 -284 -387 -425 -412 -346 -302 -220 -130 0
-250 -387 -185 -448 -214 -346 -134 -302 -220 -130 -124 -284 -425 -412 0
433 -13 -107 -63 0
120 -328 -127 -259 -202 -299 -394 -263 0
221 -118 -202 -185 -21 -134 -448 -302 -7 -284 -425 -146 -387 -412 -367 -142 -130 -433 -211 -346 -124 -79 0
-13 -446 -346 -220 -158 -142 -202 -448 -137 -377 -107 -185 -134 -21 -302 -425 -146 -412 -130 -211 -63 -214 -193 -351 -40 -275 -192 -307 -153 0
-124 -126 -248 -185 -211 -261 -134 -79 -364 -220 -130 -119 -177 -448 -214 -346 -302 -387 -284 -425 -412 0
-126 -446 -220 -346 -185 -307 -193 -192 -40 -158 -142 -448 -202 -137 -377 -107 -412 -425 -153 -134 -248 -211 -261 -79 -364 -130 -119 -177 -214 -302 -387 -284 0
65 -148 -97 0
262 -30 -141 -388 -238 -35 -7 -153 -207 -177 -392 -21 0
-30 -48 -7 -448 -242 -134 -44 -185 -40 -21 -264 -141 -388 -238 -35 -153 -207 -177 -392 0
-446 -220 -185 -448 -40 -21 -35 -153 -392 -66 -97 -142 -302 -346 -134 -130 -214 -425 -412 -307 -193 -192 -158 -202 -137 -377 -107 -211 -63 -146 -351 -275 0
222 -435 -412 -185 -425 -346 -134 -80 0
46 -241 446 -40 -394 -435 -21 -35 -57 -30 -107 -448 0
264 -427 -202 -168 -63 -107 -435 -412 -250 -283 -122 -419 -299 0
414 -129 -202 -119 -394 -387 -225 -241 -369 -92 -250 -146 0
186 -250 -107 -57 -435 -412 -202 -369 -92 -394 -146 -40 -168 -63 -283 -122 -299 -30 -48 446 -21 -35 -448 -134 0
184 -30 -267 -48 -54 0
225 -262 -170 -227 -40 0
252 -250 -107 -57 -435 -412 -202 -369 -92 -394 -146 -40 186 -63 -283 -193 -299 -30 -48 446 -21 -35 -448 -134 -192 0
-250 -225 -202 -394 -412 -369 -92 -146 -107 -57 -435 -40 186 -63 -283 -193 -299 -30 -48 446 -21 -35 -448 -134 -192 0
243 -326 -92 0
-30 -299 -202 -394 -92 -369 -412 -146 -107 -57 -435 -40 -63 -283 -193 -48 446 -21 -35 -448 -134 -192 -170 -185 0
241 -326 -92 0
251 -172 -51 -179 -26 -40 -387 -264 -170 -227 -369 -120 0
-220 -346 -412 -202 -107 -97 -134 -185 -146 -63 -193 -21 -35 -448 -192 -142 -40 -425 -377 -137 -351 -153 -392 -66 -302 -130 -214 -307 -158 -211 -275 0
396 -369 -250 -40 -412 -263 -170 -227 -435 -119 -107 0
251 -398 -214 -193 -351 -35 -302 -8 -411 -425 -206 -130 -412 -369 -124 0
395 -48 184 -30 -79 -211 -369 -193 -63 -298 -40 -435 -170 -412 -124 -119 -250 -214 -351 -35 -302 -425 -130 -92 -243 -202 0
-48 -119 -193 -351 -35 -302 -425 -130 -412 -124 -146 -21 -250 -214 184 -30 -79 -211 -63 -298 -40 -435 -243 -202 -107 -142 -346 0
48 -435 -153 -124 -250 -412 -79 -206 -448 -377 -137 -150 -307 0
-435 -250 -377 -107 -412 -137 -193 -351 -35 -302 -425 -130 -124 -146 -21 -214 184 -30 -79 -211 -63 -298 -40 -243 -202 -142 -346 -153 -448 -150 -307 0
-250 -30 -202 -137 -211 -412 -377 -107 -79 -193 -351 -35 -302 -425 -130 -124 -146 -21 -214 184 -298 -63 -40 -243 -142 -346 -153 -448 -150 -307 0
433 -30 184 -352 -367 -346 -118 -307 -150 -137 -202 -193 -377 -107 -63 0
445 -261 -355 -329 -386 -35 -193 -398 -351 -8 0
450 -48 -30 184 0
-48 -447 120 -243 -35 -193 -398 -351 -202 -448 -30 184 -91 -367 -142 -346 0
434 120 -142 -346 -158 -243 -35 -193 -398 -351 -202 -448 -30 184 -367 -146 -412 -79 0
47 -261 -355 -381 -329 -367 -164 -346 -307 0
120 -367 -346 -142 -307 -448 -243 -202 -137 -211 -377 -107 -79 -433 -158 -35 -193 -351 -30 184 -146 -412 -21 0
259 -356 -380 0
203 -328 -380 -127 0
434 -380 -243 -395 -202 -266 -127 -386 -193 -92 -351 -8 -146 -446 -412 -79 0
435 -395 -137 -377 -107 0
-48 -395 -243 -142 -202 434 -193 -380 -351 -146 -412 -79 -346 -448 -30 184 0
-30 -243 -137 -142 -150 -346 -307 -202 -193 -351 -146 -412 -79 -448 184 -211 -377 -107 -158 -35 -21 -63 -302 -425 -130 -124 -214 -298 -40 -153 0
396 -435 -351 -193 -177 -127 -211 -79 -377 -448 -202 -137 -107 0
-395 -92 -79 -243 -211 -202 -127 -193 -351 -8 -146 -412 -448 -377 -137 -177 -107 0
445 -398 -21 -264 -8 -386 -35 -193 -261 -351 -329 0
47 -346 -307 -211 -79 -21 -264 -35 -193 -351 -448 -267 -127 -243 -202 -146 -412 -377 -137 -177 -107 -142 0
-346 -448 -137 -307 -211 -21 -35 -193 -351 -202 -146 -412 -377 -107 -142 -158 -63 -302 -425 -130 -214 -40 -153 -185 -134 -97 -192 -392 -66 -275 0
138 -326 -92 -8 -146 -412 -79 -435 -448 -377 0
445 -183 -227 -90 -260 -35 -283 -130 -397 -351 -125 -8 0
-326 -92 -227 -30 -448 -202 -412 -146 -107 -63 -40 -193 -48 -21 -35 -134 -192 -185 -90 -130 -351 -8 -142 -425 -220 -211 -79 -395 -377 -137 0
-92 -8 -243 -395 -202 -193 -351 -211 -146 -412 -79 -448 -30 -48 -107 -220 -185 -134 -227 -63 -40 -21 -35 -192 -90 -130 -142 -425 -377 -137 0
-48 -395 -351 -211 -79 -448 -30 -202 -220 -185 -193 -134 -243 -146 -412 -107 -63 -40 -21 -35 -192 -130 -142 -425 -377 -137 -307 -46 0
-395 -30 -243 -202 -193 -351 -146 -412 -79 -211 -448 -377 -137 -220 -134 -153 -307 -185 -107 -63 -40 -21 -35 -192 -130 -142 -425 -46 0
67 -320 -86 0
100 -3 -86 -320 0
433 -255 -146 -92 -102 -86 -320 -168 -377 -107 -63 0
394 -124 -192 -86 -102 -284 -168 -146 -412 -63 -435 -92 -377 -107 -213 -8 -79 -448 -243 0
325 -266 -399 -238 0
449 -248 -3 -48 -448 -13 -260 -310 -30 -141 -238 -35 -399 -43 -208 -92 -395 -202 -8 -446 -243 -193 434 -351 -380 -146 -412 -79 0
-266 -403 -184 -243 -30 -327 -267 -399 -238 0
212 -3 -222 -284 -124 -35 -48 -243 -92 -238 -30 -399 -448 -13 -260 -310 -141 -43 -208 -395 -202 -8 -446 -193 434 -351 -146 -412 -79 0
450 -266 -86 -3 -102 -253 -208 -67 -243 -30 -327 -399 -238 -48 0
-267 -184 -293 -30 -266 -243 -327 -262 -399 -238 0
-184 -348 -222 -48 -448 -293 -30 -266 -243 -327 -262 -399 -238 0
-266 -404 -222 -48 -448 -30 -243 -327 -399 -238 -387 -86 -3 -102 -253 -208 -67 -379 -260 -141 -35 0
378 -222 -243 -448 -92 -30 -48 -399 -238 -387 -86 -102 -253 -208 -260 -141 -35 -213 -284 -124 -13 -395 -202 -8 -446 -193 434 -351 -146 -412 -79 0
81 -243 -35 -377 -30 -448 -92 -48 -395 -202 -8 -446 -193 -351 -146 -412 -79 -107 0
-327 -238 -243 -30 -399 -266 -48 -448 -193 -395 -377 -107 -351 -434 -446 -202 -146 -35 -8 -92 0
-137 -326 -107 -8 -92 -146 -412 -79 -395 -448 -377 -434 0
327 -184 -48 -446 -448 -107 -8 -92 -146 -412 -79 -395 -377 -434 -351 -30 -243 -266 0
-326 -327 -266 -107 -8 -92 -146 -412 -79 -395 -377 -434 -448 0
-327 -266 -243 -30 -8 -48 -448 -193 -395 -377 -107 -351 -446 -202 -146 -35 -92 -412 -79 0
-266 -243 -30 -48 -107 -8 -92 -146 -412 -79 -395 -377 -446 -351 -448 -193 -202 -35 0
-243 -446 -146 -92 -107 -193 -35 -351 -48 -377 -448 -8 -412 -79 -395 -30 -202 0
-446 -48 -92 -377 -107 -193 -351 -448 -412 -395 -35 -146 -8 -79 -30 -202 0
265 -243 -395 -377 -107 -8 -92 -146 -412 -79 -448 -85 -35 446 -48 -30 0
254 -3 -313 -67 -320 0
68 -274 -11 -442 -213 -142 0
-434 -313 -11 -442 -213 -92 -146 -255 -308 -148 -377 -107 -8 -412 -79 -395 -448 -326 -435 0
259 -262 -299 -380 0
-243 -85 -202 -395 -35 -92 -146 -412 -377 -107 -8 -79 -448 -48 -30 446 0
-48 -8 -92 -202 -395 -146 -412 -377 -107 -35 -79 -448 -30 -351 -193 0
-266 -3 -309 -426 -412 -134 -146 -186 -92 -30 -326 -107 -8 -79 -395 -377 -434 -448 0
93 -222 -134 -149 -348 -309 -320 -255 -146 0
-434 -134 -412 -146 -92 -426 -348 -309 -377 -107 -79 -445 -448 -8 -395 -326 0
136 -290 -404 -12 -309 -213 -69 -321 0
87 -134 -222 -348 -309 93 -146 -138 -404 -12 -213 -253 0
136 -245 -2 -68 -377 -320 0
-69 -43 -56 -262 -13 -175 -252 -120 203 -222 -78 -165 -348 -276 -309 -213 -144 -320 -68 -87 0
-326 -243 -348 -309 -202 -395 -107 -146 -186 -30 -92 -448 -351 -445 -412 -79 -8 -377 -426 -193 0
-243 -8 -377 -107 -448 -79 -35 -202 -146 -30 -92 -351 -412 -395 -193 0
-8 -395 -377 -412 -35 -107 -146 -448 -92 -79 -202 -30 -351 -193 0
-137 -434 -377 -107 -395 0
433 -102 -146 -92 -107 -168 -320 -86 -377 -63 0
-434 -134 -47 -202 -395 -412 -377 -107 -79 -146 -92 -193 -351 -446 -448 0
68 -134 -222 -293 -12 -348 -313 -213 -144 0
-320 -68 -86 0
67 -284 -426 -313 -202 -293 -328 -186 -152 -30 -411 -370 -401 -124 -222 -12 -348 -253 -213 -144 -86 0
-326 -395 -202 -448 -35 -193 -92 -351 -146 -412 -79 -30 -377 -107 0
-434 -398 -35 -92 -242 -202 -395 -412 -377 -107 -146 -193 -351 -446 -266 -448 0
136 -2 -86 -377 -320 0
-3 -2 -86 -102 -253 -320 0
-320 -179 -141 -238 -120 -398 -401 -78 -35 -124 -192 -245 -86 -102 -253 -266 -448 -138 -377 -208 -144 0
246 -313 -208 0
-69 -133 -12 136 -213 -321 -47 -426 -3 -245 -208 -253 -86 -68 0
449 -291 -293 -403 -392 -309 -224 -59 -12 -141 -51 -165 -213 -238 -26 203 -127 -266 -387 -54 0
-395 -30 -448 -377 -35 -202 -193 -92 -351 -146 -412 -79 -107 0
-2 -3 -137 -377 -86 -320 0
2 -314 -246 0
-320 -86 -377 -137 -246 0
1 -68 -246 -86 0
3 -101 -246 -193 -351 -68 -86 0
135 -47 -142 -92 -403 -242 -221 0
405 -290 -293 0
435 -347 -307 -386 -261 -129 -142 -92 -242 -133 -405 -211 -412 -79 0
48 -426 67 -202 -284 -313 -293 -328 -30 -411 -186 -124 -222 -12 -253 -213 -144 -86 -53 -7 0
241 -386 -193 -351 -35 -302 -425 -412 -119 -261 -214 67 -202 -313 -293 -30 -253 -86 -53 -129 -446 -79 -433 -92 -242 0
128 -167 -261 -366 -13 -381 -328 -249 0
379 -176 -140 -388 -22 -448 -266 -392 -30 -180 -300 -261 0
380 -328 -119 -180 -251 -300 -367 -261 0
138 67 -30 -35 -202 -377 -107 -146 -412 -193 -351 -79 -92 -448 -86 0
450 -54 -202 -107 -63 -307 -185 -146 -97 -193 -134 -35 -448 -192 -142 -40 -425 -377 -137 -351 -220 -392 -302 -130 -214 -158 -211 -275 -48 -290 -412 -293 -266 0
445 -48 -448 -242 -134 -185 -40 -30 -177 -44 -35 -141 -392 -290 -97 -148 -307 -202 -107 -63 -146 -193 -192 -142 -425 -377 -137 -351 -220 -302 -130 -214 -158 -211 -275 -412 -293 -266 -119 -364 -251 -125 0
133 -185 -107 -63 -307 -202 -146 -97 -193 -134 -35 -448 -192 -142 -40 -425 -377 -137 -351 -392 -302 -130 -214 -158 -211 -275 -290 -412 -293 -447 -242 -30 -148 -119 -57 -435 -92 -222 0
10 -380 -193 -351 -35 -302 -425 -412 -119 -214 -222 -261 -448 -63 -142 -202 -146 -377 -107 -211 -307 -137 -158 -40 -192 -392 -275 -447 -290 -30 -92 -129 -242 -148 -293 -57 -435 0
46 -238 -92 -242 -35 -134 -269 -166 195 -425 -185 -53 0
449 -185 -359 -189 -364 -180 -261 -35 -380 -193 -351 -134 -92 -242 -177 -119 -30 -251 -290 -174 -51 -99 -148 -307 -48 -269 -166 195 -425 -59 -447 0
-185 -48 -63 -448 -142 -193 -107 -392 -275 -192 -351 12 -40 -146 -425 -377 -307 -137 -134 -202 -211 -290 -293 -359 -189 -364 -180 -261 -380 -92 -242 -177 -119 -30 -251 -174 -51 -148 -35 -269 -166 195 -59 -447 0
403 -290 -293 0
450 -48 -107 -63 -307 -146 -193 -35 -448 -192 -142 -40 -425 -377 -137 -351 -392 -302 -214 -158 -211 -275 -202 -290 -412 -293 -92 -242 -30 0
135 -64 449 -180 -261 -35 -193 -351 -92 -242 -119 -30 -148 -48 -425 -79 -412 -107 -63 -57 -359 -302 -214 67 -202 -313 -293 -253 -86 -129 0
46 -166 -448 -92 -242 -35 -134 -185 -266 195 -425 -269 -53 0
-64 449 -359 -180 -261 -35 -193 -351 -92 -242 -119 -30 -148 -48 -425 -79 -448 -107 -63 -57 -435 -412 -146 -302 -214 67 -202 -313 -293 -253 -86 -129 0
-326 -242 -92 0
-86 -211 -351 -35 -425 -412 -448 -202 -146 -377 -107 -193 -307 -290 -30 -92 -293 -79 -185 -134 -48 241 0
-211 241 -107 -307 -92 -412 -351 -35 -425 -448 -202 -146 -377 -193 -290 -30 -293 -185 -134 -48 -79 0
68 -137 -377 -246 0
192 -86 -193 -351 0
10 -66 -434 -193 -351 -35 -447 -425 -412 -448 -142 -202 -146 -377 -211 -307 -275 -380 -290 -30 -92 -148 -293 -79 -86 -48 -185 -220 -134 -107 0
12 -380 -185 449 -180 -261 -35 -447 -193 -351 -134 -92 -242 -359 -119 -30 -290 -148 -307 -48 -269 -425 -251 -377 -107 -63 -434 -79 -211 0
-380 -447 -434 -193 -351 -35 -148 -425 -412 -448 -142 -202 -146 -377 -211 -307 -275 -290 -30 -92 -293 -79 -86 -48 -185 -220 -134 -107 -269 -251 0
-447 -211 -220 -79 -251 -434 -193 -351 -35 -148 -425 -412 -448 -142 -202 -146 -377 -307 -275 -290 -30 -92 -293 -86 -48 -185 -134 -107 -269 0
-211 -86 -30 -35 -193 -351 -92 -48 -425 -79 -107 -148 -412 -146 -202 -293 -448 -251 -377 -307 -220 -134 -185 -142 -434 -275 -290 -269 0
-86 -241 -448 -134 -185 -48 -35 -290 -293 -92 -193 -351 -107 -146 -30 -202 -425 -377 -307 -79 -412 0
-241 -307 -293 -290 -107 -448 -134 -185 -48 -35 -92 -193 -351 -146 -30 -202 -425 -377 -79 -412 0
-307 -48 -185 -134 -107 -92 -412 -351 -35 -425 -448 -202 -146 -377 -193 -290 -30 -293 -79 0
450 -53 -266 0
212 -386 -290 -261 -398 -30 -35 -193 -8 -351 -119 -87 -446 -163 -79 0
445 -141 -30 -379 -261 -290 -119 -35 -251 -398 -125 -8 0
-86 -227 -88 -183 -144 -119 -35 -425 -412 -185 -134 -251 -398 -79 -8 -446 -30 -379 -261 -290 -386 -246 -193 -351 -87 -377 -137 0
-48 -290 -377 -351 -425 -412 -185 -134 -79 -30 -35 -193 -448 -107 -92 -202 -146 -293 0
131 -370 -302 -366 0
81 -131 -11 -125 -412 -446 -433 0
138 -302 -107 -248 -11 -79 -412 -176 -283 -351 -86 -54 -448 -377 -30 -35 -202 -146 -193 -92 0
-146 -48 -351 -86 -377 -202 -290 -412 -185 -134 -425 -30 -35 -79 -107 -92 -448 -193 0
-68 -69 -79 -377 -107 -202 -351 -193 -1 -254 -86 -448 0
68 -1 -377 -435 -79 -211 0
-48 -211 -290 -86 -79 -377 -107 -202 -351 -193 -448 -425 -412 -185 -134 -30 -35 -92 0
-146 -68 -11 -412 -54 -448 -293 -290 -206 -9 -283 -79 -351 -211 -86 -107 -309 -150 -176 -377 -30 -35 -202 -193 -92 -1 -127 0
-68 -1 -351 -86 -193 -202 -127 -54 -448 -293 -11 -412 -283 -290 -107 -79 -211 -377 -206 -9 -309 -150 -176 -30 -35 -92 0
-211 -202 -377 -30 -35 -448 -193 -92 -351 -412 -79 -107 -86 -290 -134 -425 -185 0
-146 -68 -290 -107 -377 -412 -79 -351 -86 -30 -35 -202 -193 -92 -134 -448 -425 -185 0
405 -185 -134 0
-146 -68 -86 -193 -351 -202 -290 -107 -377 -412 -79 -30 -35 -92 -134 -448 -185 0
403 -185 -134 0
3 -68 -351 -193 -86 0
-68 -202 -351 -193 -377 -30 -35 -448 -92 -412 -79 -107 -290 -134 -86 -185 0
395 -202 -377 68 0
-202 -448 -377 -86 -79 -30 -35 -193 -92 -351 -412 -107 -290 -134 -185 0
-246 -3 -244 -86 -68 0
326 446 -35 -7 -267 0
450 -48 -146 -30 -412 -377 -107 -92 -79 -448 -35 -85 -137 -124 -216 -445 -386 0
-261 -368 -381 -386 -259 -167 -249 -366 128 -13 0
-47 -381 -124 447 -448 -386 -259 -167 -249 -366 -283 -127 -221 -425 -185 -134 -48 -142 -92 -242 0
-261 -354 -121 -251 -119 -134 -30 -185 -127 -167 -249 -366 -328 -381 -259 0
-48 -392 -134 -185 -127 -178 -140 -121 -30 -167 -259 -35 -307 -124 -448 -386 -283 -425 -142 -92 -137 -377 -107 -435 -211 -79 -445 -146 -412 -85 -216 0
2 -146 -448 -377 -134 -185 -127 -178 -30 -259 -35 -92 -107 -79 -412 -216 -68 -86 -351 -61 -193 -210 0
1 -68 246 -86 0
47 -42 -30 -66 -97 -392 -137 -140 -119 -377 -59 -121 -134 -185 -127 -167 -259 -35 -252 -130 -435 -211 -398 -124 -79 -445 -448 -307 -266 0
-68 -448 -79 -92 -134 -185 -30 -377 -35 -290 -107 -86 -351 -193 -412 0
-137 68 -86 -377 0
-448 -107 -290 -86 -377 -79 -92 -134 -185 -30 -35 -351 -193 -412 0
-148 -97 -64 -150 0
446 -211 -202 -19 -35 -52 -265 -30 -185 -134 -64 -150 -92 -425 -146 -68 -412 -86 -433 -385 -351 -79 0
-211 -146 -52 -134 -265 -64 -150 -68 -377 -107 -79 -445 -202 -19 -35 -30 -185 -425 -92 -412 -86 -433 -385 -351 0
211 -214 -134 -185 -52 -385 -265 -445 -193 -79 -92 -351 -433 -377 -107 -86 -412 -68 0
146 -433 -79 -351 -445 -86 -412 -253 0
213 -221 -134 -92 -242 -403 -47 -64 -150 -68 -11 0
211 -209 -193 -86 -68 -134 -185 -52 -385 -265 -445 -79 -92 -351 -433 -377 -107 -412 0
-68 -445 -35 -79 -193 -265 -92 -86 -52 -134 -64 -377 -107 -19 -30 -185 -412 -385 -351 -253 -136 0
3 -244 -208 0
426 -241 -308 -134 -149 -52 -399 -265 -240 -140 -260 -366 -283 0
213 -143 -185 -30 -134 -369 -275 -167 -412 -283 -424 -308 -149 -52 -399 -265 -240 -140 -204 -395 -124 -107 -121 -445 -435 -444 -79 0
46 -149 -134 -308 -185 0
-107 -79 -30 -134 -412 -185 -351 -377 -193 -86 -35 -92 -290 0
67 -63 -193 -1 -101 -254 2 -86 0
Solved
