59 -136 -247 -270 -331 -230 -14 -277 0
332 -142 -115 -103 -174 -121 -299 -270 -247 -234 0
268 -142 -103 -121 -199 -234 -222 0
292 -14 -230 0
234 -270 -222 -247 -299 -103 -331 -121 0
294 -14 -230 0
344 -121 -280 -103 -208 -97 -202 -230 -222 -247 -299 -331 -151 0
73 -316 -58 -101 0
248 -176 -331 -163 0
13 -6 -299 -247 -331 -40 -174 -222 -75 -58 -101 -54 -147 0
270 -234 -23 -280 -208 -128 -15 -299 -247 -331 -40 -174 -222 -75 -101 -54 -1 -103 -10 -121 0
-234 -54 -202 -174 -97 -112 -103 -23 -101 -121 -238 -199 -75 -222 -269 -280 -208 -128 -15 -299 -247 -331 -40 -1 -10 0
346 -202 -299 -103 -331 -247 -97 -112 -238 -199 -280 -208 -128 -40 -1 -10 -151 -230 -272 0
268 -101 -344 -277 -230 -202 -97 -280 -103 -208 -121 -199 -234 -222 0
-101 -15 -238 -277 -299 -40 -202 -97 -344 -103 -234 -222 -151 -121 -270 -230 -280 -208 -199 0
122 -270 -234 0
268 -77 -344 -238 -151 -112 -222 -277 -230 -202 -97 -280 -103 -208 -121 -199 -234 0
-270 -344 -151 -1 -238 -112 -222 -277 -230 -202 -97 -280 -103 -208 -121 -199 -234 -128 -10 0
-121 -222 -238 -299 -272 -346 -103 -151 -1 -112 -277 -230 -202 -97 -280 -208 -199 -234 -128 -10 -247 -331 0
105 -96 -1 -23 -199 -222 -306 -128 -223 -91 0
-222 -234 -40 -10 -103 -1 -199 -128 -226 -280 -208 -299 -238 -272 -151 -112 -277 -230 -202 -97 -247 -331 0
94 -270 -151 -23 0
269 -122 -103 -10 -128 -1 -234 -94 0
-234 -10 -128 -299 -97 -103 -1 -151 -238 -199 -40 -226 -280 -208 -272 -112 -277 -230 -202 -247 -331 0
-222 -10 -305 -103 -40 -215 -272 -226 234 -247 -299 -331 0
349 -103 -238 -40 -272 -226 -247 -299 -331 -208 -128 -97 -1 -199 -280 -112 -277 -230 0
269 -5 -277 -349 -238 -299 -40 -230 -222 0
104 -121 -277 -280 -349 -208 -238 -199 -234 -222 -103 -217 -299 -40 -230 -97 0
296 -132 -78 -40 0
4 -188 -112 -40 -208 -280 -277 -153 -349 -238 -199 -299 -222 0
152 -297 -331 -299 -247 -277 -238 -73 -349 -343 0
295 -188 -112 -299 -174 0
-121 -222 -277 -247 -349 -299 -238 -112 -272 -331 -40 -208 -280 -199 -234 -97 -103 -217 -230 0
-222 -234 -103 -1 -199 -128 -226 -280 -208 -238 -277 -247 -299 -112 -272 -331 -40 -97 -217 -230 0
-234 -103 -128 -112 -299 -208 -1 -230 -277 -238 -199 -226 -280 -247 -272 -331 -40 -97 -217 0
-222 234 -103 -40 -215 -272 -226 -305 -247 -299 -331 0
352 -226 -238 -272 -40 -299 -331 -208 -128 -112 -1 -230 -199 -280 -97 0
-270 -121 -349 -222 -277 -352 -299 -40 -230 -103 -238 -234 0
-121 -247 -222 -40 -299 -272 -112 -208 -280 -277 -349 -238 -199 -352 -97 -103 -230 -234 0
-247 -277 -103 -226 -331 -208 -234 -222 -40 -299 -272 -112 -280 -238 -199 -97 -230 -128 -1 0
-270 -121 -128 -238 -222 -272 -6 -230 -103 -1 -112 -16 -277 -97 -280 -208 -199 -234 -352 -299 -40 0
-121 -6 -222 -230 -190 -163 -136 -133 -272 -267 -238 -174 -150 -40 -297 -277 -112 -299 -352 -97 -234 -103 -128 -1 -16 -280 -208 -199 0
-277 -103 -1 -199 -222 -128 -226 -280 -208 -234 -230 -190 -272 -238 -40 -112 -299 -97 -16 -331 0
6 248 -331 -230 -270 -349 -222 -238 -299 -40 0
4 -223 -230 -128 -13 -1 -208 -12 -234 -349 -270 -238 -299 -222 0
-270 -121 -331 -230 -349 -222 -238 -40 -128 -13 -1 -208 -234 -352 -103 -299 0
5 -153 -13 -248 -349 -299 -238 -347 -112 -188 -272 -222 -40 0
-121 -349 -280 -208 -112 -299 -238 -199 -222 -13 -272 -40 -352 -97 -103 -331 -230 -128 -1 -234 0
-103 -234 -1 -199 -222 -128 -226 -280 -208 -238 -112 -299 -272 -40 -97 -331 -230 -190 -16 0
-14 -293 -230 0
102 -174 -167 -112 0
151 -73 -344 -102 0
239 -224 -299 -128 -352 -112 -1 -270 -230 -234 -272 -222 0
6 -297 -299 -40 0
10 -305 -128 -224 -146 0
-270 -4 -64 -230 -272 -222 -40 -128 -299 -238 -352 -112 -1 -234 -91 -121 0
298 -297 -174 0
350 -115 -256 -241 -32 -142 -251 -199 -96 -101 -24 -153 0
296 -305 -128 -322 -64 -1 -73 -96 -230 -343 -24 -153 -11 -351 -256 -241 -142 -199 -168 -174 -150 0
240 -256 -1 -112 -299 -128 -322 -64 -96 -230 -153 -11 -142 -199 -347 -272 -222 -4 -40 0
295 -32 -1 -112 -299 -174 0
-234 -222 -1 -112 -299 -64 -272 -40 -238 -128 -322 -230 -199 -226 -280 -208 -97 -331 -190 -16 0
-297 -295 -64 -305 -222 -270 -230 -176 -272 -248 -174 -299 -128 -40 0
297 -222 -40 234 -272 -226 -305 -215 -299 -331 -238 0
221 -105 -123 -270 -6 0
-105 -123 -270 -6 -222 0
-222 -226 -299 -64 -230 -272 -128 -40 -97 -112 -331 -238 -208 -1 -322 -199 -280 -190 -16 0
306 -234 -122 -208 -146 -128 0
123 -276 -212 -251 -257 -167 -279 -230 -226 -350 -102 -57 -270 -23 -96 -264 -128 -224 -346 -92 0
-234 -122 -270 -212 -251 -257 -167 -279 -230 -226 -350 -102 -57 -23 -96 -264 -128 -346 -92 -76 -304 -208 -146 0
104 -96 -23 -280 -270 -208 -212 -251 -257 -167 -230 -226 -350 -102 -264 -128 -346 -76 -146 -352 -6 0
122 -146 -15 -350 -343 -152 -346 -270 0
295 -350 -208 -128 -346 -270 -75 -167 -6 -23 -280 -230 -226 -352 -97 -1 -112 -299 0
358 -299 -40 -208 -128 -280 -230 -97 -1 -112 -272 -238 -199 -64 -190 -16 0
-234 -123 -270 0
-222 -6 -64 -272 -128 -112 -299 -305 -97 -238 -230 -270 -123 -220 0
4 -296 -299 -112 -97 -104 0
-6 -104 -112 -299 -97 -208 -128 -270 -280 -230 -226 -1 -40 -272 -238 -199 -64 -123 -220 0
122 -123 -299 -40 -112 -97 -208 -128 -270 -280 -230 -1 -272 -199 -64 -238 0
-222 -6 -112 -299 -40 -257 -97 -272 -238 -270 -123 -221 0
222 -305 -112 -299 -1 -128 -344 -152 -95 -24 -238 -199 0
-123 -270 -299 -40 -97 -272 -238 -112 -1 -128 -199 -230 -208 -280 -64 0
-4 -6 -230 -272 -234 -40 -128 -299 -238 -222 -112 -1 -270 -121 -105 -64 0
349 -204 -230 -270 -1 -238 -112 -121 -151 -103 -97 -280 -208 -222 -199 -234 -128 0
-6 -222 -280 -208 -238 -199 -299 -40 -230 -97 -128 -272 -1 -112 -16 -270 -64 0
-222 -270 -230 -272 -40 -128 -299 -238 -112 -1 -64 -97 -280 -208 -199 -16 0
5 -122 -128 -208 -234 -299 -93 -296 -105 -40 0
-270 -128 -208 -190 -280 -230 -97 -1 -112 -299 -40 -272 -238 -199 -64 -16 0
-352 -347 5 -153 -299 -238 -112 -272 -222 -40 -234 -230 -190 -6 -121 -297 -97 -103 -128 -1 -16 -280 -208 -199 0
-121 -103 -299 -97 -112 -238 -199 -280 -208 -128 -40 -1 -230 -272 -234 -222 5 -153 -190 -6 -297 -16 -123 0
-103 5 -96 -199 -222 -128 -280 -208 -234 -299 -97 -112 -238 -40 -230 -272 -1 -153 -190 -6 -297 -16 -123 0
296 -180 -305 -128 -1 -299 -331 -40 -58 -222 -174 -6 -96 -230 -343 -153 -11 -256 -241 -142 -199 -267 -238 -150 0
5 -297 -238 -112 -1 -299 -64 -128 -40 -6 -230 -199 -280 -208 -97 -272 -190 -16 0
75 -343 -153 -101 0
122 4 -112 -153 -272 -1 -199 -234 -128 -222 -280 -238 -299 -40 -97 -230 -190 -16 -208 0
-297 -6 -112 -128 -1 -280 -208 -272 -199 -238 -299 -97 -230 -190 -16 -40 -64 0
-6 -299 -40 -112 -128 -1 -280 -208 -272 -199 -238 -97 -230 -190 -16 -64 0
104 -316 -341 -274 -60 -278 -234 -354 -123 0
362 -97 -64 -112 -238 -40 -1 -280 -208 -199 -43 -190 -16 0
74 -203 -16 -351 -69 -153 -302 -345 -64 0
95 -262 -1 0
4 -305 -153 -272 -238 -347 -299 -222 -112 -97 -104 0
5 -16 -206 -188 -112 -238 -297 -299 -347 -272 -365 -222 -199 -128 -280 -208 -234 -97 -40 -230 -1 -103 -6 -11 -123 0
4 -223 -1 -128 -280 -96 -208 -238 -153 -272 -347 -299 -222 -112 -97 -104 0
152 -107 -71 -202 -134 -331 -280 -208 -128 -234 -299 270 -103 -40 -174 -222 -54 -101 -121 -1 -75 -15 -206 -351 -24 0
282 -373 -208 0
-373 -280 -208 0
295 -305 -208 -234 -128 -6 -103 -97 -150 -112 -299 -174 0
-104 -305 -153 -272 -238 -6 -299 -222 -112 -97 -188 -297 -199 -128 -280 -208 -234 -40 -230 -1 -103 -121 0
-305 -121 -222 -40 -128 -299 -238 -112 -1 -272 -97 -280 -208 -199 -230 -6 -153 -297 -234 -103 -174 0
-121 -174 -128 -280 -208 -238 -153 -272 -299 -222 -112 -97 -103 -230 -199 -234 -6 -40 -297 -1 0
304 -91 -1 -103 -199 -222 -96 -128 -23 -306 -6 0
-174 -103 -297 -112 -128 -1 -153 -199 -222 -6 -40 -280 -208 -234 -238 -272 -299 -97 -230 0
174 -272 -222 -299 -6 0
-103 -104 -234 -112 -128 -1 -297 -199 -222 -6 -40 -280 -208 -238 -272 -299 -97 -230 0
367 -280 -112 -128 -1 -6 -208 -299 -199 -238 -272 -230 -97 -40 0
5 -103 -112 -128 -1 -234 -199 -222 -6 -40 -280 -208 -238 -272 -299 -97 -230 0
-103 -280 -208 -234 -230 -222 -40 -128 -299 -238 -112 -1 -97 -272 -199 -6 0
-270 -153 -238 -230 -128 -91 -208 -234 -299 5 -105 -40 -268 0
295 -367 -238 -256 -112 -174 -1 -299 0
-280 -97 -1 -299 -40 -222 -6 -230 -199 -238 -234 -112 -272 -208 -128 0
-305 -343 -153 -168 -74 -174 -297 -304 -208 -234 -128 -6 -103 -97 -150 -112 -299 0
-153 -206 -47 -97 -299 -112 4 -230 -128 -373 -208 -168 -74 -174 -234 -6 -351 -269 -152 0
4 -97 -208 -1 -234 -128 -299 -112 -230 -373 -174 -6 -22 -238 -199 -222 0
-103 -156 -128 -1 -230 -112 -73 -22 -238 -174 -234 -297 -208 -6 -305 -97 -299 -104 0
-153 -303 -238 -174 -112 -256 -1 -299 -142 -128 -40 -222 -6 -230 -180 -199 -348 -234 -121 -91 -208 5 -105 0
-97 -272 -238 -128 -208 -234 -299 -40 -112 -1 -222 -6 -199 -230 0
-270 -305 -208 -234 -222 -6 -103 0
Solved
