410 -218 -12 -235 -111 -31 -64 -73 -52 -394 -397 -127 0
-218 -52 -329 -31 -12 -111 -64 -73 -388 -394 -397 -127 -409 -235 0
33 -193 -4 -247 -1 -261 -393 -253 -96 -388 -12 -127 -225 -409 -397 -73 -394 -268 -52 -235 -64 0
84 -394 -409 -12 -397 -73 -127 -52 -64 -31 -4 -247 -1 -253 -96 -388 -268 -235 -329 -406 -35 0
424 -127 -388 -64 -31 -235 -409 -12 -397 -73 -4 -1 -253 -96 -268 -329 -406 -111 0
74 -127 -409 -388 -312 -230 -235 -31 -64 -54 -396 -12 0
65 -54 -111 0
-127 -12 -346 -169 -329 -409 -31 -64 -111 -73 -388 -235 -112 -425 -397 -4 -1 -253 -96 -268 -406 0
53 -207 -306 -96 -388 -286 -144 -199 -251 -346 -136 -12 -22 -370 -329 -36 -229 -310 -112 -425 -396 -268 -111 0
75 -310 -409 -397 -425 -54 -306 -96 -388 -286 -144 -199 -251 -346 -136 -12 -22 -370 -329 -36 -229 -112 -268 -111 0
-396 -82 -36 -329 -111 -306 -96 -388 -286 -144 -199 -251 -346 -136 -12 -22 -370 -229 -310 -112 -425 -268 -54 -395 0
83 -36 -370 -329 0
66 -199 -136 -370 -329 -111 -425 -96 -388 -286 -346 -12 -22 -112 -268 -73 -409 -397 -235 -31 0
87 -321 -153 -39 -264 -96 -423 -43 -121 -253 -343 -393 -174 -261 -281 -1 -107 -193 -299 -4 0
-36 -247 -281 -107 -382 -86 -153 -264 -96 -423 -43 -121 -253 -343 -174 -1 -193 -4 -100 -199 -136 -370 -217 -329 -82 -35 0
430 -329 -253 -1 -4 -121 -388 -409 -397 -73 -235 -425 -268 -31 -64 -346 -112 -169 -406 -62 0
34 -137 -121 -200 -299 -225 -96 -144 -388 -286 -369 -251 -306 -12 -406 -370 -217 -83 0
394 -54 -121 -96 -388 -12 -406 -370 -169 -397 -409 -62 -235 -346 -329 -31 -64 -73 -112 -425 -4 -1 -253 -268 -36 0
35 -202 -64 -31 -54 -235 -97 0
-54 -36 -12 -370 -62 -64 -31 -235 -97 -409 -425 -397 -396 -121 -96 -388 -406 -169 -346 -329 -73 -112 -4 -1 -253 -268 0
85 -19 -207 -240 -374 -346 -227 -244 -22 -184 -13 -326 -324 -247 -281 -107 -299 0
-36 -12 -96 -1 -121 -4 -370 -329 -346 -326 -169 -388 -253 -409 -397 -73 -235 -396 -31 -425 -268 -64 -112 -406 -62 -97 0
52 -205 -310 -73 -425 -396 0
36 -396 -73 -388 -425 -64 -31 -329 -235 -97 0
-396 -96 -425 -73 -62 -64 -1 -121 -4 -370 -329 -346 -326 -169 -388 -253 -409 -397 -235 -31 -268 -112 -406 -97 0
-96 -370 -388 -406 -121 -169 -64 -31 -235 -409 -397 -73 -4 -1 -253 -268 -329 -62 -425 -346 -326 -112 -97 0
-111 -396 -397 -425 -409 -31 -54 -64 -109 0
-396 -54 -397 -425 -409 -31 -64 -109 0
53 -109 -64 0
-54 -109 -397 -409 -31 -64 -425 0
-109 -425 -397 -409 -31 -64 0
434 -121 -169 -409 -31 -64 -73 -388 -235 -112 -397 -4 -1 -253 -268 -406 -346 -97 0
-109 -111 -397 -31 -64 -409 0
-329 -36 -217 -82 -370 -330 0
298 -320 -253 -422 -392 -121 -162 -260 -343 -301 -1 -173 -193 -100 -282 -4 -200 -108 -87 0
94 -343 -121 -382 -87 -300 -253 -422 -392 -162 -260 -1 -173 -193 -100 -282 -4 -108 -138 -211 -152 -273 -263 0
-54 -95 -327 -4 -1 -253 -346 -121 -330 -169 -388 -11 -409 -397 -73 -235 -31 -426 -268 -64 -111 0
-329 -425 -388 -396 -64 -31 -73 -235 -97 -217 -82 -370 -330 0
-425 -247 -327 -418 -217 -388 -396 -64 -31 -73 -235 -97 -330 -305 -182 -57 -252 -409 -11 -397 -426 0
328 -252 -224 -11 -300 -73 -217 -207 -35 0
-111 -121 -388 -346 -330 -73 -169 -397 -409 -112 -327 -418 -64 -31 -235 -97 -426 -268 -4 -1 -253 -63 0
111 -397 -409 -31 -64 0
433 -419 -280 -173 -247 -440 -326 0
Solved
