202 -127 -130 -190 -23 -169 -137 -51 0
121 -100 -181 -156 0
182 -100 -141 -7 -99 0
-100 -141 -40 -181 -118 -7 -99 0
123 -68 -164 -94 -103 -51 -137 -80 -169 -23 0
85 -68 -141 -7 -99 0
133 -141 -94 -164 -7 -169 -99 -189 -70 -40 -118 -30 0
68 -15 -7 0
14 -85 -7 -99 -141 0
-15 -18 -7 -99 -141 0
8 -87 -141 -7 -99 0
86 -33 -169 -94 -164 -69 0
198 -70 -40 -7 -99 -169 -94 -164 -118 -4 -156 -181 0
-141 -68 -94 -164 -7 -99 -4 -156 -169 -40 -181 -118 0
67 -29 -40 -164 0
69 -29 -118 -164 -40 0
197 -181 -99 -40 -118 -7 -164 0
67 -101 -156 -4 -181 -184 -164 -94 -68 -51 -137 -169 -23 -40 -118 -86 0
-68 -181 -118 -164 -40 -156 -4 -94 -51 -137 -169 -23 -7 -99 0
217 -99 -40 -164 -4 -156 -51 -137 -23 0
-7 -68 -99 -95 -198 -164 -40 -182 -8 0
-68 -182 -95 -164 -40 -99 -198 -8 0
221 -40 -208 -4 -1 0
163 -7 -92 -50 -24 -138 -40 -218 -68 0
42 -123 -169 -104 -188 -33 -125 -118 -64 0
9 -181 -83 -40 -104 -4 -155 -29 -7 -99 -218 -68 0
31 -119 -29 -218 -83 -95 -65 0
64 -119 -95 -218 -31 -29 -13 -83 -68 0
41 -86 -13 -68 -95 -218 -29 -83 0
31 -201 -218 -104 -95 0
-99 -104 -218 -95 -29 -83 -68 -40 -7 -4 -155 -98 0
32 -64 -68 -15 0
67 -32 -104 -29 -183 -83 -218 -95 -7 -40 -68 -15 0
-64 -104 -68 -40 -29 -183 -83 -218 -95 -7 -15 0
-7 -68 -218 -40 -4 -155 -98 -165 -92 -50 -24 -138 0
-68 -165 -74 -40 -218 -4 -155 -98 -92 -50 -24 -138 0
-7 -146 -198 -40 -218 68 0
223 -1 0
-15 -95 -32 -104 -68 -40 -64 -29 -83 -7 -85 -13 0
182 -198 -141 -186 -99 0
3 -50 -204 -221 -138 0
Solved
