182 -25 -415 0
369 -137 -370 -379 -277 -448 -442 -52 -463 -400 -352 0
481 -33 -370 -379 -322 -277 -442 -52 -463 -400 -352 -448 0
137 -322 -463 0
277 -205 -253 -391 -164 -397 -454 -498 -79 -415 -193 -250 -112 -141 -35 -418 -90 0
464 -253 -112 -1 -391 -316 -193 -454 -79 -415 -418 -4 -137 -352 -322 -67 0
181 -248 -142 -56 -76 -300 -224 -111 0
207 -253 -165 -454 -89 -279 -142 -56 -76 -193 -250 -112 -140 -36 -391 0
502 -415 -193 -112 -79 -454 -418 -391 -142 -76 -4 -352 -67 -463 -1 -316 0
183 -207 -346 -4 -352 -67 -463 -148 -112 -415 -277 -193 0
114 -219 -210 -44 -268 -183 -193 0
279 -207 -502 -466 -418 -391 -91 -112 -183 -193 -4 -352 -1 -463 -448 -316 0
113 -218 -209 -45 -268 -223 -193 0
-207 -277 -193 -112 -4 -352 -1 -463 -316 -76 -502 -466 -418 -391 -91 -448 -346 -67 -148 -415 0
-277 -502 -112 -4 -352 -1 -463 -316 -391 -76 -193 -466 -418 -91 -448 -346 -67 -148 -415 0
465 -141 -418 -36 -88 -352 -67 0
114 -299 -36 -4 -88 -137 -352 -67 -112 -1 -391 -316 -193 -454 -79 -415 -418 -463 -181 0
206 -88 -352 -463 -418 -4 -67 -415 -181 -193 -112 -1 -391 -316 -454 -79 -208 0
36 -88 -463 -67 -352 -418 -4 0
353 207 -454 -36 -279 -142 -76 -193 -112 -391 -415 -181 -88 -67 -463 -4 0
505 -142 -1 -391 -316 -193 -454 -79 -418 -4 -352 -67 -463 -112 -76 -466 -91 -448 -346 0
195 -137 -323 -466 -418 -391 -91 -112 -193 -4 -352 -1 -463 -448 -316 -278 -67 -35 -141 0
-183 -278 -418 -391 -91 -112 -193 -4 -352 -1 -463 -448 -316 -79 -454 -142 -76 -67 -466 -182 0
138 -57 -249 -263 -98 -410 -323 0
206 -251 -469 -379 -189 -137 -249 -263 -98 -323 -44 -269 -164 -454 -208 -128 -391 -298 -352 -463 -418 -4 -67 -88 -181 -193 -112 -1 -316 -79 0
354 -142 -379 -52 -400 -79 -454 -391 -352 -463 -418 -4 -67 -193 -112 -1 -316 -91 -448 -469 -76 -466 0
-415 -205 -454 353 -142 -76 -193 -112 -391 -181 -88 -67 -463 -4 -352 -418 -1 -316 -79 -208 0
206 -238 -469 -379 -52 -165 -400 -270 -248 -45 -208 -324 -188 -391 -298 -138 0
136 -490 -324 -89 -454 -36 -279 -142 207 -76 -193 -56 -112 -140 -165 -391 0
-181 -183 -454 -142 -76 -193 -112 -391 -466 -469 -379 -52 -400 353 -67 -4 -352 -418 -1 -316 -79 -463 0
-183 -346 -112 -4 -352 -1 -463 -391 -76 -193 -466 -418 -91 -448 -316 -67 -79 -454 -142 -469 -379 -52 -400 0
508 -391 -466 -463 -91 -418 -352 -67 -112 -193 -4 -1 -76 -448 -316 -79 -454 -469 -379 -52 -400 0
-181 -279 -379 -52 -400 -391 -463 -4 -352 -79 -454 -418 -67 -193 -112 -1 -316 -207 -469 -183 0
-279 -207 -91 -112 -193 -4 -352 -1 -463 -316 -391 -76 -466 -418 -448 -67 -36 -379 -52 -400 -79 -454 -469 -183 0
-207 -36 -418 -391 -91 -112 -193 -4 -352 -1 -463 -448 -316 -67 -183 -454 -79 -76 -466 -379 -52 -400 -469 0
-181 -390 -442 -436 -418 -76 -67 -400 -463 -4 -300 -454 -183 -193 -112 -391 -466 -469 -379 -52 -352 -1 -316 -79 -139 -209 -279 0
-36 -183 -112 -4 -352 -1 -463 -316 -442 -436 -418 -76 -67 -400 -454 -193 -391 -466 -469 -379 -52 -79 -91 -448 0
-183 -391 -1 -112 -316 -193 -454 -79 -418 -4 -352 -67 -466 -91 -463 -448 -442 -436 -76 -400 -469 -379 -52 0
354 -249 -391 -469 -379 -189 -269 -454 -352 -463 -418 -4 -67 -181 -193 -112 -1 -316 -79 -111 -141 -279 -52 -400 -91 -448 -76 -466 0
511 -316 -91 -67 -418 -352 -463 -4 -469 -454 -193 -112 -1 -79 -52 -400 -448 -76 -466 -442 -436 0
-183 -207 -4 -1 -352 -316 -79 -454 -391 -418 -67 -181 -193 -112 -463 -279 -466 -91 -448 -442 -436 -76 -400 -469 -52 0
464 -207 -79 -391 -454 -469 -249 -189 -269 -352 -463 -418 -4 -67 -181 -193 -112 -1 -316 -111 -141 -279 -52 -400 -91 -448 -76 -466 0
-207 -181 -91 -279 -418 -352 -67 -4 -463 -79 -391 -454 -469 -316 -193 -112 -1 -52 -400 -448 -76 -466 -442 -436 0
354 -300 -316 -1 -391 -469 -454 -352 -463 -418 -4 -67 -181 -193 -112 -79 -279 -52 -400 -91 -448 -76 -466 -35 -209 -138 0
-181 -279 -79 -454 -1 -112 -316 -193 -418 -4 -352 -67 -466 -91 -463 -448 -442 -436 -76 -400 -469 -391 -52 0
-279 -391 -463 -316 -1 -112 -193 -454 -79 -418 -4 -67 -466 -91 -448 -442 -436 -76 -400 -469 -352 -52 0
-391 -352 -463 -316 -1 -112 -193 -454 -79 -418 -4 -67 -466 -91 -448 -442 -436 -76 -400 -469 -52 0
-88 -352 -463 -67 -418 -4 -34 0
278 -193 -112 -400 -52 -511 -466 -91 -34 -4 -79 -352 -1 -454 -463 -316 -208 -205 0
514 -79 -112 -4 -400 -1 -454 -463 -466 -67 -418 -442 -436 -76 0
353 -316 -352 -67 -112 -418 -193 -514 -463 -4 0
-316 -193 -67 -418 -4 -352 -112 -463 -514 0
354 -196 -76 -112 -454 -193 -277 -67 -79 -514 -463 -349 -4 0
-193 -352 -112 -454 -67 -79 -514 -463 -4 -76 -418 0
210 -409 -226 -125 -185 -298 -165 -79 -205 -454 -391 0
53 -298 -138 -205 -391 -208 -226 -125 -185 -165 -79 -454 -264 -99 -368 -248 -400 0
206 -346 -226 -500 -236 -224 -442 -406 -400 -79 -248 -454 -512 -208 -324 -391 -298 -138 0
109 -248 -99 -463 -264 -138 -226 -125 -185 -165 -79 -205 -454 -391 -208 -500 -236 -224 -442 -400 -512 -324 0
209 -129 -299 -324 -99 -138 -248 -205 -457 -391 0
277 -93 -79 -454 -181 -226 -442 -400 -112 -418 -463 -450 465 -352 -67 -4 0
-141 -502 -254 -126 -93 -129 -251 -36 -418 465 -352 -67 0
108 -499 -418 -493 -175 0
141 -36 -418 -93 -442 -126 -400 -9 -107 -493 -175 -161 -196 -112 0
465 -352 -418 -67 -463 -442 -400 -112 -76 -1 -454 -79 -4 -514 0
277 -207 -209 -391 0
279 -209 -446 -164 -8 -76 -1 -126 -79 -351 -198 -449 -317 -418 -181 0
247 -397 -128 -300 -98 -57 0
-209 -110 -226 -181 -225 -442 -400 -249 -513 -323 -1 -418 -391 -137 -317 -90 -278 -446 -164 -8 -76 -126 -79 -351 -198 -449 0
298 -486 -503 -323 -251 -137 -498 182 -407 -128 -110 0
300 -263 -137 -249 -98 -323 -411 -430 0
34 -391 -137 -498 -181 -226 -449 -90 -278 -317 -351 -164 -79 -454 -323 -442 -400 -1 -418 -8 -76 -112 -141 -92 0
-391 -8 -442 -400 -53 -79 -351 -449 -317 -418 -92 -278 -35 -463 -67 -4 -352 -137 -498 -181 -226 -90 -164 -454 -323 -1 -76 -112 -141 0
-352 -79 -454 -463 -67 -418 -4 -442 -400 -1 -76 -112 -514 0
140 -111 -397 -436 -400 -313 -367 -187 -408 -300 -112 -89 0
183 -408 -235 -149 -275 -198 -92 -112 -35 -139 -397 -436 -400 -313 -367 -187 -300 -89 0
278 -316 -209 -112 -235 -139 -436 -400 -313 -367 -391 -79 -137 -67 -514 -349 -1 -463 -4 0
247 -98 -463 -397 -300 -322 -67 -88 0
140 -181 -408 -367 -459 -400 -463 -397 -300 -322 -67 -88 -187 -112 0
109 -88 -418 -99 -264 -177 -211 -436 -257 -313 -367 -235 -408 -348 0
-316 -279 -418 -436 -313 -367 -235 -112 -139 -400 -463 -514 -1 -349 -79 -454 -391 -137 -209 -67 -4 0
110 -88 -397 -300 -322 -67 -463 -129 -56 -112 -139 0
-98 -238 -409 -397 -56 -264 -248 -99 -463 -300 -322 -67 -88 0
368 -175 -226 -340 -211 -235 -346 -406 -13 0
-175 -226 -346 -340 -211 -235 -406 -13 -367 0
175 -406 -367 -313 -79 -436 -454 -500 -209 0
-408 -175 -235 -367 -225 -196 -195 -409 -397 -56 -463 -300 -322 -67 -88 -112 -417 -139 -436 -400 -313 -187 -111 -89 0
183 -88 -449 -409 -1 -209 -400 -454 -349 -367 -79 -235 -196 -397 -56 -463 -300 -322 -67 -514 -112 -139 -436 -313 -187 -89 -500 0
-88 -409 -397 -400 -514 -463 -300 -322 -67 -187 -250 -112 -139 -182 -449 -1 -209 -454 -349 -367 -79 -235 -196 -56 -436 -313 -89 -418 0
113 -342 -409 -233 -182 -329 -110 -196 -139 0
407 -408 -31 -182 -56 -397 -436 -400 -313 -367 -187 -514 -300 -112 -89 -139 -409 -196 -349 -235 -79 0
114 -415 -497 -449 -76 -514 -182 -97 -250 -397 -436 -400 -313 -367 -187 -408 -300 -112 -89 -196 -139 0
-408 -409 -182 -56 -300 -76 -400 -367 -313 -127 -436 -397 -97 -250 -196 -187 -139 -112 -497 -449 -514 -89 -31 -349 -235 -79 0
140 -234 -409 -330 -430 -196 -300 -112 -111 0
-279 -209 -112 -139 -1 -436 -235 -400 -313 -454 -349 -367 -79 -76 -514 -463 -67 -418 -137 -391 -4 0
109 -127 -436 -323 -313 -137 -397 -367 -207 -248 -408 -300 0
110 -197 -454 -79 -1 -175 -217 -450 -318 -457 -76 -514 -207 -224 -194 -300 -183 0
398 -194 -175 -514 -71 -367 -411 -313 -264 -436 -97 -73 -66 0
407 -283 -457 -266 -224 -11 -76 -217 -235 -79 0
141 -111 -466 -436 -1 -313 -454 -217 -367 -79 -457 -76 -235 -175 -514 -323 -137 -207 -300 -183 -90 -450 -318 -112 0
369 -74 -249 -436 -400 -313 0
368 -72 -198 -175 -346 -226 -235 -340 -406 -318 -1 -217 -79 0
-111 -300 -76 -217 -235 -79 -436 -400 -313 -367 -175 -318 -1 -137 -207 -457 -183 -112 -139 -466 -454 -514 -323 -90 -450 0
-249 -60 -524 -381 -350 -316 -277 -205 -469 -127 -262 -188 -397 369 -436 -400 -313 -248 0
97 -519 -78 -79 -10 -501 -477 -443 -426 -270 -25 -415 -60 -381 -71 -350 -197 -448 -316 -205 -277 -127 -65 -397 -188 -75 0
399 -464 -205 -277 -316 -197 -71 -239 -65 0
463 -323 -137 0
369 -277 -205 -397 -197 -71 -262 -78 -79 -10 -426 -270 -25 -415 -127 -188 -55 -524 -436 -400 -313 -248 -445 -516 -352 0
181 -34 -397 -155 -430 -248 -235 -524 -436 -400 -352 -313 -367 -205 -197 -71 -262 -79 -10 -415 -127 -188 -55 -445 -224 -194 0
368 -137 -205 -279 -90 -69 -524 -352 -313 0
398 -352 -55 -436 -400 -313 -367 -205 -279 -524 -496 -127 0
368 -75 -248 -436 -400 -313 0
263 -239 -471 -409 0
139 -248 -436 -400 -313 -367 -55 -397 -205 -524 -127 -415 -194 -182 -155 -430 -235 -197 -71 -79 -10 -188 -224 0
-249 -137 -188 -397 369 -436 -400 -313 -248 0
90 -418 -501 -524 -443 -68 0
399 -99 -58 -197 -224 -194 -443 -182 -264 -524 -501 -519 -354 -323 -188 -137 -127 -65 0
136 -121 -284 -430 -233 -409 -477 -205 -524 -497 -277 -67 -463 -486 -323 -252 0
-137 -58 -205 -524 -252 -264 -127 -397 -430 -197 -224 -194 -182 -354 -188 -55 369 -436 -400 -313 -248 0
183 -25 -415 0
196 -349 -347 -185 -328 -79 -228 -317 0
352 -507 -223 -193 113 -268 -87 -79 -209 -328 -347 -185 -317 0
353 -216 -303 -58 -501 -162 -197 -317 -53 -516 0
411 -223 -415 -193 113 -87 -79 -209 -347 -317 -354 -303 -58 -501 -53 -166 -285 -430 -233 0
80 -4 -223 -193 113 -209 -7 -285 -125 -479 -191 -10 -519 0
198 -275 -125 -347 -330 -79 -223 -193 113 -209 -7 -285 -479 -191 -10 -519 -354 -317 0
-249 -69 -255 -415 -347 -79 113 -7 -285 -10 -354 -410 -87 -303 -58 -430 -182 -498 -279 -231 -89 369 -436 -400 -313 0
26 -426 -285 -280 -233 -231 -498 -255 0
-193 -69 -347 -79 113 -7 -519 -354 -10 -99 -474 -477 -264 -410 -205 -464 399 -65 -415 -280 -233 -231 -255 -279 -182 0
-69 -410 -415 -182 -347 -79 113 -7 -354 -10 -474 -264 -205 -464 399 -280 -231 -255 -279 -55 -87 -303 -58 -430 -89 369 -436 -400 -313 0
369 113 -182 -415 -205 -79 -55 -354 -347 -10 -264 -280 -430 -436 -400 -313 -127 -397 -252 -447 0
278 181 -83 -284 -486 -155 -300 -111 -224 -248 -252 -33 -518 -137 -463 -205 0
195 -349 -79 -518 -300 -111 -235 -436 -400 -313 -367 -137 -457 -112 -139 -466 -454 -514 -90 -463 -277 -83 -284 -486 -155 -224 -248 -252 -205 -482 -469 -54 -182 0
113 -182 -408 -300 -400 -367 -313 -127 -436 -397 -112 -235 -79 -55 -205 -415 -111 -155 -347 -10 -280 -430 -140 0
369 -137 -496 -464 -525 -397 -313 -249 -436 -400 0
368 -248 -55 -436 -400 -313 -367 -205 -352 -279 -127 -464 -397 -496 0
369 -464 -347 -341 -127 -235 -525 -250 -397 -352 -313 -496 -148 -249 -436 -400 0
-464 -341 -279 -55 -352 -436 -400 -313 -367 -127 -397 -496 -347 -205 -235 -525 -250 -148 -249 0
524 -107 -267 -79 -77 -518 -160 -500 -444 0
224 -160 -352 -525 -267 -79 -34 -445 -436 -400 -313 -367 -279 -55 -127 -397 -496 -347 -205 -235 -250 -148 -249 0
-464 -148 -227 -347 -496 -127 -525 -250 -436 -397 -313 -249 -400 -367 -352 -235 -279 -55 -205 0
523 -463 -352 -34 -88 0
196 -496 -430 -397 -267 -10 -79 -525 -352 -34 -227 -445 -436 -347 -155 -400 -313 -367 -235 -279 -127 -250 -249 -55 -205 -225 0
-464 -349 -79 -436 -352 -313 -367 -496 -137 -525 -397 -249 -400 0
183 -227 -313 -79 -525 -367 -352 -34 -397 -249 -400 -262 -436 -347 -72 -198 -430 -10 -445 -155 -235 -127 -250 -55 -205 -225 -415 0
353 -227 -34 -262 -430 -127 -525 -347 -397 -249 -400 -313 -341 -436 -367 -235 0
5 -513 -210 -91 -45 -34 0
463 -448 -277 -500 -525 -6 -91 -34 -269 -380 -425 -351 -79 -77 -518 0
194 -525 -79 -198 -205 -34 -445 -436 -400 -313 -367 -352 -262 -430 -127 -347 -397 -249 -235 -225 -182 -72 -10 -155 -250 -55 -415 0
465 -496 -525 -397 -313 -249 -436 -400 -367 -352 0
-524 -191 -491 -125 -92 -34 -127 368 -436 -400 -313 -397 -55 -367 -205 -352 -279 -496 -525 0
368 -279 -55 -352 -436 -400 -313 -367 -127 -397 -496 -347 -205 -235 -525 -250 -249 -79 -125 -491 -34 -445 -514 0
-111 -235 -397 -400 -313 -367 -436 -79 -415 -112 -408 -300 -109 0
-496 -279 -183 -410 -415 -464 369 -525 -397 -313 -249 -436 -400 -367 -352 0
-279 -34 -397 -235 -445 -436 -400 -313 -367 -524 -262 -79 -415 -352 -112 -374 -392 -300 -90 -183 -464 369 -525 -249 0
353 -249 -397 -235 -436 -400 -313 -367 -524 -79 -415 -352 -112 -183 -525 -300 -141 0
463 -279 368 -436 -400 -313 -112 -44 -164 -454 -351 -79 -183 -397 0
-279 -164 -79 -352 -400 -112 368 -436 -313 -397 -141 -415 -183 523 -465 -44 -351 0
80 -35 -141 -210 -112 -44 -183 -54 -516 -164 -318 -454 -351 0
399 -323 -300 -207 -137 368 -436 -400 -313 0
354 523 -112 -415 -397 -300 -436 -400 -313 -79 -141 -352 -183 -367 0
98 -279 -71 -197 -92 -515 -194 -183 -432 -262 -90 0
-279 -90 -352 -34 523 -99 -71 -197 -92 -515 -194 -183 -432 -262 0
-524 -352 -79 -300 -183 -112 -141 -397 -235 -436 -400 -313 -367 -415 -525 0
-248 -98 368 -436 -400 -313 -249 0
57 -409 -137 -240 -323 -65 0
398 -55 -300 368 -436 -400 -313 -249 -88 -137 -240 -323 -476 -496 0
-55 -323 -137 368 -436 -400 -313 -397 -300 -249 -88 -240 -476 -496 0
464 -279 -163 -300 -249 368 -436 -400 -313 -397 -88 -476 -185 -516 -415 -225 -195 -183 -43 0
-279 -88 -68 -465 -163 -300 -249 368 -436 -400 -313 -397 -476 -185 -516 -415 -225 -195 -183 -43 0
-352 -525 -300 -436 -400 -313 -397 -415 -79 -367 -112 -141 -235 -183 0
-88 -67 -463 -138 -397 -300 247 -98 0
278 -409 -72 -198 -477 -469 -498 -514 -67 -195 -463 -183 0
369 -225 -183 -415 -156 -251 -463 -72 -198 -514 -195 -300 -397 -263 -525 -436 -249 -400 -313 0
70 -176 -98 -418 -263 -500 -409 -88 -240 -14 0
277 -486 -167 -88 -418 -349 -35 -514 -205 -54 -300 -482 -56 -31 -72 -98 -263 -500 -409 -14 -458 -415 -225 -183 0
136 -88 -400 -397 -300 -463 -514 -112 -139 -349 -367 -79 -235 -436 -313 -418 -525 -195 -183 -279 -35 -72 -263 -415 -225 368 -249 -324 -251 -189 0
89 -418 -500 -525 -444 -69 0
-88 -138 -436 -400 -313 -397 -189 368 -89 -300 -463 -514 -112 -139 -349 -367 -79 -235 -418 -525 -195 -183 -279 -35 -72 -263 -415 -225 -249 -324 -251 0
136 -97 -415 -514 114 -408 -76 -497 -397 -436 -400 -313 -367 -449 -182 -300 -112 -89 -196 -139 0
465 -279 368 -436 -400 -313 -397 -415 -514 114 -408 -367 -300 -112 -139 -183 -263 -463 -349 -79 -235 -525 -35 -251 0
-279 -4 -525 -35 -349 -514 -300 -263 -415 -183 -251 368 -436 -400 -313 -397 -463 114 -408 -367 -112 -139 -79 -235 0
28 -175 -72 -14 -198 -318 -512 -349 -380 -263 0
420 -265 -56 -65 -263 -72 -14 -198 -318 -349 -58 -323 -77 -444 -93 -518 -500 -35 0
418 -4 -525 -35 0
89 -65 -263 -72 -198 -318 -349 -58 -323 -35 -514 -225 -195 -183 -415 -497 -418 368 -436 -400 -313 -249 -525 0
5 -328 -349 -318 -79 114 -210 -183 -193 -268 0
232 -86 -349 -178 -348 -276 -93 -79 -35 -4 -318 114 -210 -183 -193 -425 -284 0
36 -256 -341 -276 -348 -93 -126 114 -210 -183 -193 -349 -318 -79 -430 -525 -4 0
-248 -318 -349 -263 -265 -210 -77 -425 -79 -284 -93 -35 -341 -276 -348 114 -183 -193 -525 -4 -411 -178 -474 -486 -251 -137 -458 368 -436 -400 -313 0
-525 -348 -300 -79 -183 -436 -400 -313 -415 -397 -408 -367 -112 -235 -156 -141 0
-249 -278 -219 -415 -183 -477 -192 -300 -464 -69 -88 -397 -250 369 -436 -400 -313 -248 -188 0
65 -266 -219 -493 -77 -161 -108 -197 -29 -71 -382 -240 0
277 -29 -156 -285 -250 -233 -138 -129 -300 -57 -66 -219 -493 -77 -161 -108 -197 -84 -71 -382 -477 -498 -415 -464 -183 0
279 -69 -464 -88 0
-249 -88 -219 -415 -183 -477 -192 -300 -464 -69 -397 -250 369 -436 -400 -313 -248 -188 0
380 277 -156 -285 -250 -233 -138 -129 -300 -57 -66 -219 -493 -77 -161 -108 -197 -84 -71 -60 -477 -498 -415 -464 -183 0
277 -285 -125 -186 -194 -515 -53 -379 -156 -262 -250 -233 -138 -129 -300 -57 -66 -219 -493 -77 -161 -108 -197 -84 -71 -60 -477 -498 -415 -464 -183 0
97 -138 -219 -53 -77 -515 -224 -194 -316 -183 -279 -125 -186 -156 -262 -250 -233 -379 -129 -300 -57 -493 -161 -108 -197 -84 -71 -60 -477 -415 -464 -397 -188 -75 0
181 -471 -197 -219 -161 -316 -77 -515 -279 -224 -194 0
514 -266 -219 -161 -493 -77 -197 -108 -71 -30 -240 -379 -471 -53 0
-138 -129 -477 -125 -186 -194 -515 -219 -161 -493 -77 -197 -108 -71 -379 -53 -415 -279 -183 -316 -224 -262 -99 -156 -250 -233 -397 -300 -57 -84 -60 -464 -188 -75 0
138 -197 -219 -161 -316 -77 -515 -279 -224 -194 -183 -262 -99 -464 -188 0
406 -400 -300 -436 -397 -313 -79 -367 -112 -408 0
114 -71 -197 0
99 -140 -268 -477 -300 -354 -519 -496 -185 -215 -397 -250 -524 -471 -138 -88 -463 -98 -262 -248 -188 0
264 -233 277 -250 -66 -129 -300 -57 -285 -219 -493 -77 -161 -197 -71 -60 -477 -498 -415 -464 -183 -379 -350 -253 -80 -185 -6 -226 -446 -110 -409 -140 0
-71 -477 -250 -300 -219 -77 -161 -197 277 -415 -464 -183 -110 -215 -471 -262 -350 -253 -185 -226 -496 -54 -436 -397 -400 -98 -268 -112 0
71 -262 -400 -266 -98 -77 -203 -471 -224 -507 -240 -112 0
-262 -400 -496 -436 -112 -250 -300 -219 -77 -161 -197 277 -415 -464 -183 -110 -215 -471 -350 -253 -185 -226 -54 -397 -313 -98 -268 -266 -203 -224 -507 -240 0
113 -189 -250 -138 -139 0
-400 -436 -279 -408 -313 -397 -415 -514 -300 -112 -183 -250 -98 -496 -219 -77 -161 -197 277 -464 -110 -215 -471 -350 -253 -185 -226 -54 -268 -266 -203 -224 -507 -240 0
113 -442 -354 -300 -2 -219 -208 -266 -224 -77 -519 -161 -110 -69 -496 -436 -397 -98 -247 0
-436 -313 -110 -408 -253 -2 -219 -161 -224 -197 -112 -300 -266 -77 -496 -397 -98 -279 -350 -415 -514 -183 -250 277 -464 -215 -471 -185 -226 -54 -268 -203 -507 -240 0
247 -262 -499 -219 -161 -208 -268 -474 -253 -300 -215 -250 -471 -138 -354 -110 -397 -224 113 -88 -73 -519 -496 -185 -463 -98 0
410 -85 -350 -129 -80 -253 -300 -197 -185 -57 -71 -125 -324 -240 -226 -138 0
264 -168 -219 -161 -493 -77 -474 -266 -129 -379 -300 -215 -57 -471 -250 -463 -240 -138 -411 -350 -80 -253 -197 -185 -71 -324 -226 -6 -446 -354 -140 0
-262 -400 -161 -268 -474 -354 -300 -203 -250 -463 -215 -138 -471 -219 -77 -240 -350 -80 -253 -197 -185 -324 -226 -419 -475 -69 -496 -54 -397 -266 -98 -73 -499 -208 -110 -224 -88 -519 -112 -507 0
262 -80 -408 -350 -313 -354 -69 -112 -250 -138 -88 -98 0
-71 -499 -300 -138 -240 -474 -197 -161 -250 -442 -475 -69 -496 -397 -98 -73 -247 -112 0
-313 -471 -397 -496 -240 -112 -300 -474 -197 -161 -250 -98 -268 -203 -215 -219 -77 -350 -253 -185 -226 -54 -266 -110 -224 -507 -408 -2 -279 -415 -514 -183 277 -464 0
400 113 -300 -2 -219 -208 -266 -224 -77 -519 -161 -110 -69 -496 -436 -397 -98 -354 0
477 -420 -88 -98 -397 -519 -496 -436 0
-71 -215 -98 -300 -219 -77 -161 -197 277 -415 -464 -183 -110 -250 -471 -436 -350 -253 -185 -226 -496 -54 -397 -268 -112 -2 -266 -224 -523 0
97 -328 -226 -397 71 -266 -98 -77 -203 -471 -224 -507 -240 -112 0
-514 -515 -250 -98 -397 -266 -77 -224 -507 -240 -197 -300 -219 -161 277 -415 -464 -183 -110 -496 -408 -279 -194 -253 0
112 -71 -197 0
146 -478 -11 -208 -457 -219 -285 -491 -246 -234 -231 0
145 -281 -219 -77 -246 -179 0
99 -248 -224 -208 -219 -270 -472 -253 -300 -496 -397 -250 -205 -463 -138 -77 -188 -88 0
470 -43 -270 -168 -208 -472 -219 -179 -85 -77 -129 -161 -300 -228 -110 -197 -57 -140 -71 -66 -262 -240 0
209 -459 -77 -224 -219 0
35 -512 -393 -91 0
146 -244 -253 0
217 -274 -228 -253 -236 -91 -34 -393 -379 -29 -459 -266 -224 -179 -77 0
411 -57 277 -250 -66 -129 -300 -285 -219 -493 -77 -161 -156 -197 -71 380 -498 -415 -464 -183 -445 -402 113 -266 -224 -110 -496 -2 -397 -98 0
-71 -368 -300 -250 277 -219 -77 -161 -197 -415 -464 -183 -266 -224 -110 -496 -397 -98 -140 -91 -228 -253 -236 -270 -469 -472 -240 -5 -114 0
514 -98 -219 -300 -77 -161 -110 -224 -197 -507 -250 277 -415 -464 -183 -266 -496 -397 -253 -240 -194 0
113 -186 -126 -138 -348 -300 -250 -110 -98 -139 0
-98 -161 -266 -77 -507 -240 -224 -197 -300 -250 -110 -397 -219 -253 277 -415 -464 -183 -496 -408 -279 -194 0
223 -393 -34 -236 -348 -213 -411 -240 -471 -515 -194 -269 -459 -425 0
410 -328 -74 -248 -445 -397 -7 -124 -324 -240 -226 -138 0
218 -411 -74 -397 -138 -496 -248 -445 -7 -324 -240 -350 -448 -515 -456 -194 -163 -519 -77 -224 -34 -236 -348 -213 -471 -43 -208 0
409 -244 -253 -163 -1 -316 -178 -515 -496 -471 -397 -205 -240 -138 0
264 -71 -253 -161 -197 -123 -240 -316 -496 -397 -205 -138 -219 -74 -248 -324 -448 -194 -519 -77 -224 -208 -354 -110 -463 -88 0
411 -215 -448 -80 -168 -351 -474 -354 -515 -194 -431 -227 0
228 -524 -36 -420 -501 -123 -177 -490 -211 0
470 -429 -45 -270 -168 -351 -474 -354 -516 0
284 -431 -163 -467 -270 -524 -425 -69 -224 -496 -341 -397 -154 0
-71 -123 -224 -69 -496 -397 -77 -354 -194 -420 -208 -197 -219 -161 -253 -205 -129 -300 -250 -110 -138 -263 -240 -316 -74 -248 -324 -448 -519 -463 -88 0
225 -161 -197 -194 -188 -219 -113 -77 0
-161 -397 -224 -197 -194 -219 -77 -496 -253 -300 -250 -110 -240 -266 -507 277 -415 -464 -183 -408 -279 0
-71 -113 -197 0
-471 -98 -354 -250 -525 -141 -69 -88 -253 71 -397 -328 -266 -77 -226 -224 -507 -240 -112 -448 -316 -514 0
-98 -493 -253 -245 -525 -69 -88 -328 -141 -448 -354 -316 -514 -250 71 -397 -266 -77 -226 -224 -507 -240 -112 0
-112 -113 -138 -253 -245 -69 -88 -448 -354 -316 -250 -266 -77 -224 -507 -240 -197 -194 -397 0
112 -354 -219 -208 -77 -224 -316 -197 -194 0
-67 -98 -397 -496 -248 -88 -463 -300 -138 -69 0
398 -98 -248 -188 -138 0
73 -98 -248 0
425 -222 -324 -205 -57 -300 -253 -245 -179 -138 -219 0
223 -45 -300 -110 -140 -354 -6 -408 -268 -324 -205 -57 -253 -245 -179 -138 -219 -459 -77 0
139 -107 -253 -233 -402 -365 -30 -80 -456 -214 -268 -448 -45 -342 -514 -6 -155 -354 -110 0
97 -456 -250 -140 -253 -138 -448 -514 -6 -354 -110 -476 -437 -500 -285 -420 -519 -266 -219 -77 -224 -300 -408 -324 -205 -245 -179 -208 -167 -248 -188 0
99 -514 -448 -167 -354 113 -138 -250 0
-98 -514 -140 -253 -138 -448 -250 -354 -110 -500 -519 -266 -219 -77 -224 -300 -408 -324 -205 -245 -208 -167 -248 -188 -496 -524 -397 -99 -88 -463 -69 0
-139 -514 -197 -208 -71 -219 -240 -245 -448 -316 -194 -266 -253 -205 -129 -300 -167 -263 -250 -110 -138 0
-514 -167 -197 -71 -240 -266 -245 -253 -316 -496 -397 -205 -138 -77 -219 -324 -448 -194 -519 -224 -208 -354 -110 -463 -88 -300 -250 -500 -408 -69 0
-98 -44 -208 -77 -224 -219 -5 -248 -524 -99 -397 -496 -88 -463 -300 -138 -69 0
-139 -5 -208 -219 -245 -253 -88 -77 -224 -99 -397 -496 -463 -300 -138 -69 -205 -270 -167 -250 -110 113 0
-98 -167 -270 -188 -208 -77 -224 -219 -5 -248 -524 -99 -397 -496 -88 -463 -300 -138 -69 0
-250 -71 -496 -397 -240 -219 -194 -77 -224 -300 -110 -197 -253 -266 -408 -507 277 -415 -464 -183 -279 0
255 -231 -492 -502 -219 -77 -179 -281 0
-71 -397 -253 -219 -77 -240 -300 -496 -110 -194 -224 -197 -266 -408 -507 277 -415 -464 -183 -279 0
-250 -397 -266 -77 -224 -507 -240 -197 -194 -253 -219 -496 -300 -110 277 -415 -464 -183 -408 -279 0
-397 -253 -77 -300 -219 -496 -266 -224 -507 -240 -197 -194 -110 277 -415 -464 -183 -408 -279 0
140 -98 -208 -393 -69 -88 -283 -410 -224 -194 -188 -240 -354 -112 -197 0
-113 -262 -515 -410 -194 -240 -112 -197 0
244 -54 -402 -420 -445 -519 -266 -381 -77 -350 -224 -300 -110 -140 -354 -6 -408 -57 -324 -205 -45 -253 -268 -245 -138 -219 -459 -79 0
516 -402 -253 -231 -420 -445 -519 -266 -77 -350 -224 -300 -110 -140 -354 -6 -408 -57 -324 -205 -45 -138 -219 -459 -240 -410 -456 -430 -163 -269 -448 -194 0
411 -245 -402 -378 -266 -156 -77 -283 -224 -424 -334 -219 -396 -445 -215 -163 -469 -430 -262 0
-244 -145 -245 -253 0
-245 -459 -445 -231 -502 -219 -77 -253 -378 -266 -156 -7 -283 -224 -424 -334 -396 -262 -215 -469 -348 -240 -228 -410 -402 -163 -430 0
97 -236 -348 -502 -77 -253 -219 -163 -445 -231 -378 -266 -156 -7 -283 -224 -334 -262 -240 -410 -194 -515 -420 -519 -350 -300 -110 -140 -354 -6 -408 -324 -205 -138 -456 -448 -43 -208 -55 -248 -188 0
-244 -245 -253 -231 0
254 -232 -143 -177 -283 -212 -390 -502 -145 0
409 -245 -231 -502 -219 -77 -253 -378 -266 -156 -7 -283 -224 -445 -334 -396 -262 -459 -348 -240 -410 -163 -350 -269 -80 -194 -515 -170 -400 -420 -519 -300 -110 -140 -354 -6 -408 -324 -205 -45 -138 -456 -448 -243 -143 -177 -212 -390 -64 0
254 -228 -212 -502 -231 0
-245 -493 -266 -77 -445 -300 -7 -468 -122 -231 -502 -253 -212 -410 -219 -378 -156 -283 -224 -334 -262 -348 -240 -163 -350 -80 -194 -515 -400 -420 -519 -110 -140 -354 -6 -408 -324 -205 -138 -456 -448 -243 -390 -64 -457 -43 -208 0
-98 -378 -194 -266 -316 -77 -253 -219 -300 -231 -502 -410 -283 -224 -240 -519 -110 -354 -408 -324 -205 -138 -448 -243 -390 -64 -208 -88 -55 -188 -197 -463 -141 -393 -69 0
139 -233 -106 -400 -177 -410 -212 -263 0
255 -80 -408 -197 -354 -112 -141 -106 -400 -177 -410 -263 -82 -378 -156 -283 -191 -231 -502 -145 0
Solved
