341 -286 -166 -76 -232 -310 -82 -169 -22 -241 -115 -79 -28 0
-286 -115 -76 -232 -310 -82 -169 -22 -241 -166 -79 -28 -340 0
159 -253 -340 -79 -115 -82 -22 -310 -76 0
170 -343 -88 -64 -172 -1 -253 -16 -85 -82 -346 -232 0
286 -85 -88 -172 -1 -16 -64 -82 -232 -169 0
83 -254 -151 -28 -286 -340 -79 -241 -169 -310 -232 -22 0
-254 -151 -28 -340 -79 -241 -169 -232 -82 -286 -310 -22 0
352 -76 -169 -310 -232 -22 -82 -28 -79 -241 -166 -88 -172 -1 -16 -64 0
-254 -116 -28 -79 -241 -169 -232 -82 -310 -22 -56 -158 -191 -166 -279 -255 0
84 -352 -166 -64 -10 -226 -28 -79 -241 -169 -232 -82 -310 -22 -172 -76 0
253 83 -28 -79 -241 -169 -310 -232 -22 -159 -166 0
-76 -166 -64 -10 -226 -28 -79 -241 -169 -310 -232 -22 -172 -82 -88 -1 -16 0
255 -286 -169 -310 -232 -22 -241 -82 0
84 -255 -118 -295 -28 -79 -241 -169 -232 -82 -310 -22 -254 -166 -178 -109 -358 -172 0
-255 -254 -118 -295 -109 -79 -241 -358 -172 -169 -310 -232 -22 -28 -166 -82 -178 0
255 -358 -1 -172 -64 -310 -10 -22 -226 -88 -82 -169 -232 -241 0
361 -64 -1 -172 -169 -10 -232 -22 -88 -118 -295 -79 -178 -16 0
83 -241 -169 -361 -232 0
-241 -82 -361 -232 -169 0
279 -191 -167 0
359 -351 -58 -327 -316 -13 -339 -356 -8 -183 -124 0
30 -285 -327 -13 -102 -229 -178 -220 -183 -78 -360 -58 -316 -339 -356 -124 -56 -16 -152 -37 0
253 -78 -360 -58 -327 -316 -13 -37 -16 -118 -295 -56 -147 -29 -102 -229 -178 -220 -79 -10 -279 -227 0
84 -37 -316 -13 -58 -16 -118 -295 -178 -79 -10 -172 -310 -361 -232 -22 0
278 -192 -168 0
29 -157 -58 -326 -316 -13 -357 -182 -124 -359 -77 -338 -57 -16 -153 -37 0
190 -357 -13 -178 -326 -260 -220 -338 -293 -295 -124 -153 -146 -30 -58 -316 -182 -359 -77 -57 -16 -37 0
152 -357 -182 -13 -359 -326 -77 -338 -158 -295 -57 0
253 -326 -13 -101 -229 -178 -220 -359 -16 -77 -37 -58 -316 -57 -30 -295 -192 -260 -293 -146 -79 -10 -278 -228 0
-82 -310 -178 -16 -58 -316 -295 -79 -10 -172 -13 -361 -232 -22 -118 -169 0
192 -166 -310 -361 -22 0
277 -310 -361 -22 0
312 -359 -253 -277 -361 -88 -172 -22 0
Solved
