467 -9 -148 -424 -418 -18 -250 -259 -25 -112 -94 0
33 -136 -157 -223 -148 -424 -418 -208 -250 -259 -112 -94 -68 -466 -18 -25 0
-136 -418 -427 -454 -68 -466 -148 -424 -412 -18 -250 -259 -25 -112 -94 -223 -61 -451 -280 -474 -32 -157 -208 0
468 -124 -61 -418 -208 -250 -259 -25 -112 -94 -68 0
9 -280 -223 -474 -148 -32 0
-112 -250 -418 -208 -61 -259 -25 -94 -68 -466 -148 -424 -18 -427 -454 -412 -223 -451 -280 -474 -32 -157 0
31 -244 -187 -85 -134 -451 -97 -474 -9 0
425 -398 -418 -144 0
120 -310 -427 0
397 -186 -412 -427 -310 -307 -181 -187 -115 -84 -207 -102 -425 -494 -467 0
419 -398 -148 -412 -427 -310 -307 -187 -115 -94 -112 -259 -208 -250 0
-398 -25 -427 -412 -307 -9 -148 -418 -1 -10 -94 -310 -112 -259 -208 -250 -187 -115 0
398 -94 -148 -112 -259 -208 -250 -418 0
-94 -250 -427 -412 -307 -9 -148 -418 -112 -259 -208 -310 -187 -115 0
425 -68 -310 -427 -412 -307 -208 -9 -250 -398 -148 -418 0
429 -97 -9 -444 -235 -1 -277 -120 -328 -310 0
420 -410 -453 -21 -427 -9 -235 -1 -310 -441 -6 -28 -259 -208 -398 -250 0
19 -50 -235 -97 -131 -133 -351 -430 -453 -410 0
428 -97 -89 -453 -163 -21 -235 -131 -430 -410 -186 -85 -187 -328 -310 0
143 -21 -307 -9 -187 -412 -310 -427 -89 -453 -235 -398 -38 -112 -28 -259 -208 -250 -418 -1 -441 -148 0
251 -97 -9 -427 -235 -1 -310 -412 -441 -307 -5 -460 -442 -418 -208 0
467 -250 -208 -259 -9 -427 -235 -1 -310 -412 -307 -418 -148 -187 -112 -28 -496 -493 0
21 -36 -452 -391 0
429 -441 -9 -97 -235 -1 -120 -328 -310 -69 -307 -21 -412 0
20 -181 -115 -84 -48 -300 -391 -163 -69 0
252 -69 -9 -148 -115 -307 -187 -412 -310 -427 -235 -1 -452 -399 -112 -28 -418 -259 -208 0
428 -351 -190 -315 -135 -39 -6 -391 -464 -462 -409 -399 -142 -148 -9 -444 -307 -412 0
461 -51 -235 -98 -130 -431 -363 -91 -39 0
460 -142 -148 -399 -6 0
149 -235 461 -363 -39 -452 -185 -20 -187 -310 -9 -1 -444 -328 -427 -412 -307 -206 -142 0
19 -133 -229 -241 -430 -452 -410 0
429 -97 -9 -444 -90 -163 -20 -229 -241 -430 -452 -410 -185 -187 -328 -310 -235 -1 -120 0
-250 -112 -190 -148 -9 -307 -412 -241 -427 -187 -310 -1 -496 -229 -418 -259 -208 -115 0
21 -410 -496 -508 -235 -148 -97 -187 -9 -328 -310 -444 -427 -412 -112 0
-410 -235 -10 -205 -508 -1 -496 -148 -97 -9 -444 -307 -412 -19 -187 -328 -310 -427 -112 0
-235 -328 -9 -97 -1 -444 -427 -310 -412 -19 -10 -205 -508 -496 -148 -307 -187 -112 0
69 -466 -94 -425 0
451 -408 -153 -204 -36 0
350 -153 -135 0
20 -410 -496 -205 -244 -418 -148 -97 -187 -9 -328 -310 -444 -427 -307 -412 0
-410 -244 -241 -496 -205 -229 -148 -97 -187 -9 -328 -310 -444 -427 -412 -19 -418 -307 0
410 -19 -427 -412 -310 0
-328 -97 -496 -205 -229 -148 -187 -9 -241 -310 -444 -427 -412 -19 -418 -307 -1 -10 -508 -112 0
-97 -69 -496 -425 -418 -165 -6 -205 -229 -148 -187 -9 -241 -310 -444 -427 -412 -19 -307 -1 -10 -508 -112 -98 0
-452 -157 -425 -259 -382 -112 -10 -341 -128 -44 -370 21 -391 0
461 -361 -208 0
462 -361 -208 0
21 -391 -148 -208 -496 -205 -229 -187 -9 -241 -310 -427 -412 -19 -307 -1 -10 -508 -112 -418 0
420 -452 -204 -496 -68 -425 -398 0
-391 -19 -496 -205 -229 -148 -187 -9 -241 -310 -427 -412 -208 -418 -307 -1 -10 -508 -112 0
119 -310 -427 0
-418 -112 -148 -9 -307 -412 -241 -427 -187 -310 -1 -496 -229 -190 -259 -208 -115 -19 -10 -508 0
418 -135 -452 -430 -208 -363 -68 -425 -398 -6 0
236 -474 -385 -382 -32 -10 -508 -1 0
453 -135 -245 -237 -385 -382 -32 -10 -508 -1 0
67 -94 -493 -425 0
20 -19 -10 -508 -1 -148 -9 -307 -412 -241 -427 -187 -310 -229 -190 -259 -208 -115 -496 -97 -444 -410 0
451 -94 -330 -6 -496 -165 -69 -369 -425 -45 0
112 -237 -1 -10 -246 -128 -453 -330 -6 -496 -165 -69 -369 -425 -341 -438 -135 -186 0
-19 -410 -1 -148 -9 -307 -412 -241 -427 -187 -310 -496 -229 -190 -259 -208 -115 -508 -97 -444 -10 0
452 -112 -158 -190 -148 -9 -307 -412 -241 -427 -187 -310 -1 -496 -229 -299 -259 -208 -115 -90 -6 -163 -135 -204 0
164 -328 -307 -427 -412 -299 -369 -158 -341 -90 -45 0
142 -294 -403 -228 -52 -495 -467 -418 -425 0
134 -87 -82 -351 -151 0
413 -82 -115 -135 -351 -151 -316 -48 -90 -369 -187 -328 -310 -427 -307 0
88 -126 -137 -375 -158 -48 0
4 -351 -135 -144 -228 -495 -467 -425 -48 -90 -158 -208 -190 -440 -315 -225 -278 -187 -310 -427 -412 -115 -151 -316 -369 -307 -163 -299 -341 -45 -148 -9 -241 -1 -496 -229 -112 -259 0
420 -461 -1 -278 -467 -440 -237 -495 -148 -6 -144 -425 0
330 -408 -204 -446 -115 -481 -112 -48 -259 -90 -158 -250 -208 -363 -187 -461 -310 -440 -225 -427 -278 0
-112 -299 -135 -144 -187 -208 -158 -237 -90 -440 -1 -369 -278 -204 -446 -115 -48 -259 -363 -310 -225 -427 -467 -148 -6 -425 -163 -228 -190 -412 -316 -307 -341 -9 -241 -496 -229 -35 -451 0
329 -294 -115 -440 -181 -381 -208 -373 -184 -307 -187 -412 -310 -427 -6 0
89 -256 -228 -25 -10 -115 -384 -158 -299 -184 -307 -187 -412 -310 -440 -225 -427 -278 -208 -6 -369 -316 -48 0
428 -436 -184 -307 -187 -412 -310 0
68 -425 -187 -412 -310 -427 -228 -10 -115 -384 -225 -278 -208 -6 -369 -316 -48 -135 -144 -237 -1 -446 -259 -363 -148 -307 -163 -190 -341 -9 -241 -496 -229 -35 -451 0
157 -380 -493 -112 -1 -237 -186 -10 -438 -384 -300 0
90 -82 69 -425 -246 -237 -112 -1 -186 -10 -438 -384 -446 -406 -316 -163 0
328 69 -425 -237 -398 -1 -278 -6 0
429 -82 69 -425 -89 -237 -112 -1 -10 -384 -446 -406 -316 -163 -307 -369 -187 -412 -328 -310 0
436 -349 -451 -493 -135 -406 -316 -163 -89 -159 -300 0
-112 69 -241 -229 -135 -307 -187 -412 -310 -316 -163 -427 -451 -425 -237 -1 -10 -384 -446 -369 -328 -206 -190 -148 -9 -496 -259 -208 -115 0
-425 -75 -187 -310 -427 -369 -237 -1 -278 -6 -241 -229 -135 -307 -412 -316 -163 -451 -10 -384 -446 -190 -148 -9 -496 -259 -208 -115 -144 -67 -228 -225 -48 -363 -341 -35 0
88 -461 -494 -468 -451 -363 -241 -208 -432 -229 -135 428 -307 -187 -412 -310 -300 -159 -48 0
-461 428 -241 -135 -451 -432 -468 425 -144 -6 -163 -89 -363 -208 -229 -307 -187 -412 -310 -300 -159 -48 0
461 425 -144 -6 0
-418 -112 -229 -246 -241 -237 -451 -468 -190 -148 -9 -307 -412 -427 -187 -310 -1 -496 -135 -259 -208 -115 425 -144 0
165 -451 -241 -229 -494 -135 -186 -316 -438 -300 -159 -89 0
-410 -444 -241 -190 -148 -9 -307 -412 -427 -187 -310 -1 -496 -259 -208 -115 -10 -97 -229 -508 0
90 -6 -208 -9 -148 -143 -279 -425 -330 -67 -444 -496 -163 0
426 -367 -97 -186 -135 -438 -330 -6 -157 -418 -67 0
-6 -438 -67 -186 -135 -97 -208 -279 -444 -330 -9 -148 -143 -425 -418 -89 -496 -163 0
68 -300 -159 0
69 -275 -82 -36 -451 -462 -87 -398 -205 -143 -425 0
429 -82 -496 -67 -89 -36 -451 -205 -143 -425 -444 -9 -418 -163 -148 -135 -97 -208 -279 -307 -187 -412 -310 0
-418 -89 -307 -427 -412 -451 -112 -190 -148 -9 -241 -187 -310 -1 -496 -229 -259 -208 -115 -135 -163 -67 -425 -143 -97 -444 -36 -279 0
226 -294 -405 0
5 -405 -316 -274 -163 -148 0
-89 -112 -9 -163 -148 -47 -496 -67 -425 -307 -427 -412 -451 -444 -190 -241 -187 -310 -1 -229 -259 -208 -115 -135 -143 -97 -36 -279 0
399 -460 -366 -315 -306 -167 -319 -208 -467 -433 0
397 -237 -508 -32 -495 -9 -425 -148 -467 -143 0
-460 -418 -148 -444 -143 -208 -425 -9 -397 -366 -315 -306 -167 -319 -467 -433 0
-418 -397 -143 -148 -6 -444 -208 -9 -425 -366 -315 -306 -167 -319 -467 -433 0
113 -87 -135 -409 -351 -82 -432 -391 -407 -36 -400 -372 -334 -507 -27 0
90 -351 -465 -135 -82 -30 -36 -114 -409 -432 -391 -400 -97 -9 -444 -205 -92 -204 -276 -45 -497 -163 0
134 -351 -82 -92 0
453 -276 -228 -100 -82 -409 -135 -432 -92 -88 -465 -30 -114 -400 -97 -9 -444 -205 -497 -163 -20 0
-159 -228 -409 -163 -452 -444 -100 -82 -135 -432 -92 -465 -30 -114 -400 -97 -9 -205 68 0
133 -90 -158 -299 -328 -163 -274 -259 -97 -82 -30 -9 -135 -444 -452 -20 -409 -432 0
159 -20 -82 -163 -452 -92 -135 -158 -299 -328 -259 -97 -30 -9 -444 -409 -432 0
19 -432 -135 -82 -92 -409 -452 -392 0
466 -135 -163 -82 -92 -409 -444 -9 -148 -100 -465 -97 -205 -328 -259 -495 -69 -38 0
164 -90 -82 -92 -444 -451 -409 -135 -19 0
88 -109 -281 -213 -344 -61 -334 -401 -371 -294 -97 -405 -126 -369 -48 -375 -158 0
-90 -294 -213 -401 -97 -126 -375 -379 -100 -249 -82 -465 -415 -328 -30 -444 -279 -135 -92 -451 -409 -19 -163 0
-135 -444 -409 -163 -97 -375 -100 -249 -82 -465 -415 -328 -92 -440 -495 -69 -468 -9 -148 -205 -259 -38 0
67 -299 -158 0
-159 -436 -375 -474 -186 -386 -31 -383 68 -158 0
150 -294 -231 -519 -117 119 -226 0
318 -279 -63 -1 -519 -117 -404 -226 -148 -231 119 -383 -375 -474 -186 -386 -31 68 -158 -380 0
149 -188 -311 -515 -231 -12 -519 -117 -292 -226 0
-159 -1 -519 -269 -328 -231 -279 -440 -117 119 -226 -148 -292 -508 -31 -474 -321 -386 -186 -383 -375 68 -158 0
12 -124 -335 -440 -257 -279 -26 -1 0
275 -451 -231 -519 -440 -375 -186 -269 -328 -31 -158 -317 -63 -236 -148 -409 -495 -38 -392 -468 -21 -69 -100 -82 0
-159 -451 -186 -31 -158 -375 -381 -409 -495 -392 -468 -21 -69 0
-451 -158 -186 -375 -90 -445 -368 -408 -328 -153 -392 -409 -440 -21 -69 -31 -63 -495 -468 -317 -276 -231 -519 -269 -236 -148 -38 -100 -82 0
451 -21 -69 -495 -468 0
165 -90 -328 -409 -368 -440 -392 -69 -186 -375 -445 -153 -31 -63 -495 -468 -317 -231 -519 -269 -236 -148 -38 -100 -82 0
67 -278 -392 -440 -20 0
-90 -69 -392 -440 -328 -368 -317 -163 -409 -186 -375 -445 -153 -31 -63 -495 -468 -231 -519 -269 -236 -148 -38 -100 -82 0
142 -6 -9 -208 -148 -418 -425 0
89 -235 -2 -97 -269 -350 -82 -92 -435 -354 -275 -498 -163 0
19 -409 -275 -88 -136 -154 -425 69 -208 -9 -148 -6 -142 -382 -82 -392 0
439 -135 -82 -491 -91 -228 -462 -294 -126 0
460 -6 -418 -148 -142 0
157 -91 -82 -460 -208 -9 -148 -316 -392 -142 -409 -163 -298 -275 -425 -6 -68 0
210 -135 -415 -82 -225 -432 -351 -152 -277 -474 -439 -206 -460 -251 0
-135 -351 -277 -328 -90 -439 -91 -316 -208 -460 -442 -415 -82 -225 -432 -152 -474 -206 -251 0
453 -90 -138 -328 -225 -277 -439 -208 -460 -91 -316 -442 -415 -82 -432 -206 -251 -34 0
441 -135 -9 -277 -328 -90 -439 -91 -316 -208 -460 -442 -415 -82 -225 -432 -156 -206 -251 -349 -138 0
-135 -112 -334 -402 -251 -28 -408 -82 -34 -341 -128 -9 -90 -316 -442 -349 -208 -91 -328 -460 -277 -439 -415 -225 -432 -156 -206 -138 0
-275 -276 -82 -9 -425 -392 -6 -409 -148 -418 -68 -158 -208 0
-299 -68 -158 0
88 -68 -409 -425 -142 -165 -158 0
89 -135 -152 -68 -409 -425 -251 -142 -418 -148 -6 -165 0
-135 -68 -425 -418 -6 -409 -208 -9 -148 -82 -392 -158 0
5 -406 -432 -425 -68 -452 -99 -251 -142 -208 -460 -418 -148 0
-68 -409 -425 -208 -9 -148 -6 -82 -392 -158 -418 0
276 -316 -135 -82 -92 -409 -432 -392 -444 -20 0
88 -432 -135 -82 -92 -409 -392 -20 -163 -444 -299 -497 -158 0
-432 -38 -467 -398 -142 -409 -392 -20 -163 -90 -135 -82 -92 -444 -299 -497 -158 0
164 -317 -299 -158 -90 0
461 -90 -158 -82 -135 68 -9 -425 -148 -142 -409 -392 -208 -6 0
21 -164 -142 -6 -409 -148 0
393 -443 -9 -142 -148 -409 0
134 -453 -474 -44 -354 -340 -490 -436 -281 -184 -63 0
-90 -135 -82 -9 -148 -158 -142 -409 -6 -392 -208 -460 68 -425 0
-164 -165 -20 -142 -6 -409 -148 0
-135 -409 -148 -460 -142 -208 -9 -392 -6 68 -158 -82 -425 0
393 -467 -460 -432 -142 -208 -409 -9 -148 0
-90 -227 -289 -224 -82 -440 -277 -386 -460 -328 -383 -299 -208 -368 -158 -47 -442 164 0
-409 -392 -158 -82 -9 -148 -6 -208 -425 -418 0
89 -228 -316 -46 0
451 -246 -237 67 -425 -350 -36 0
462 -90 -135 -452 -425 -36 -279 -385 -382 -68 -164 -158 -82 -46 -142 -148 -9 -444 -208 0
157 -101 -142 -148 -440 -316 -46 -90 -68 0
-137 -490 -61 -228 -294 -126 -158 -375 88 -138 0
-90 -135 -82 -460 -279 -158 -46 -148 -142 -385 -425 -382 -68 -164 -208 -6 -452 -36 -9 -444 0
90 -36 -452 -9 -425 -68 -444 -208 -82 -418 -148 -6 -164 -158 0
461 -169 -63 -138 -225 -279 -328 -367 -99 -439 -208 0
462 -444 -9 -99 -208 0
159 -63 461 -279 -328 -99 -208 -90 -316 -46 -148 -142 -425 -68 0
-392 -158 -148 -425 -208 -6 -9 -82 -418 0
157 -164 -206 -9 462 -208 -275 -410 -82 -466 -20 -425 -90 -68 0
-164 -68 -418 -425 -20 -6 -158 -206 -9 462 -208 -410 -82 -466 -90 0
-444 -407 -82 -495 -474 -437 -453 -44 -169 -125 -138 -415 -225 -106 -466 -430 -278 -328 -321 -9 -367 -443 462 -208 0
98 -112 -260 -275 -251 -82 -402 -153 -342 -129 -372 -135 -9 0
-452 -135 -82 -518 -11 -106 -278 -328 -321 -367 -97 -275 -251 -9 -466 67 -425 -44 -391 21 0
98 -203 -482 -407 -183 -167 -206 -11 -275 -251 -518 -82 -427 -328 -350 -367 -135 -9 0
-135 -407 -82 -415 -106 -466 -430 -39 -321 -367 -97 -482 -167 -206 -11 -275 -251 -518 -328 -9 -309 -437 -380 -474 -278 67 -425 -44 -391 21 0
-452 67 -93 -463 -425 -351 -391 21 0
-68 -463 -82 -425 -391 -106 -466 -206 -9 -278 -225 -443 462 -208 -418 -20 -158 -142 -90 -6 -410 0
349 -408 -402 -370 -204 -97 -206 -135 -86 0
83 -48 -495 -228 -101 -96 -292 -90 -158 -299 -163 -275 -93 -351 -402 -370 -204 -97 -206 -135 -151 0
19 -452 -82 -495 -228 -101 -96 -292 -90 -158 -299 -275 -93 -402 -97 -206 -35 -135 -410 0
274 -46 -90 -228 -158 -299 0
-452 -135 -167 -518 -119 -97 -251 -315 -206 68 -82 -275 -90 -228 -158 -96 -495 -410 -391 -20 -101 -292 -93 -402 -35 0
-135 -275 -90 -82 -97 -330 -158 -6 -418 -425 -96 -495 -167 -518 -119 -251 -315 -206 68 -228 -410 -391 -20 -101 -292 -93 -402 -35 0
274 -318 -90 -228 -158 -299 0
-275 -463 -96 -495 -35 -82 -90 -228 -158 -9 462 -208 -330 -6 -418 -425 -119 -315 -206 68 -410 -391 -20 -101 -402 0
451 -117 -518 -259 -418 -30 -90 -6 -96 -164 -142 -148 -495 -20 0
462 -206 -158 -6 -418 -425 -90 -148 -9 -101 -82 -228 -208 -225 -398 0
84 -275 -82 -92 -135 0
-165 -325 -259 -82 -20 -163 -135 -452 -158 -328 -97 -92 -9 -444 -409 -432 -338 -425 -142 -90 0
-299 -474 -328 -82 -462 -228 -135 -415 210 -152 -119 -225 -351 -432 -206 -460 -251 -278 -11 -237 -246 -187 -32 -158 -90 274 0
-351 -275 -90 -142 -148 -101 -425 -158 -328 -82 -462 -228 -135 -415 210 -119 -225 -206 -460 -278 -237 -32 -316 -20 -163 -97 -9 -458 -410 -35 -391 0
-275 -101 -142 -148 -90 -425 -158 -328 -82 -462 -228 -135 -415 210 -119 -225 -206 -460 -278 -237 -32 -316 -20 -163 -97 -9 -458 -410 -35 -391 0
-351 -135 -350 -82 -92 0
420 -494 -467 -425 -398 0
143 -90 -425 -82 -158 -148 -418 -9 -208 -6 0
-90 -158 -82 -208 -9 -6 -425 -148 -418 0
-350 -251 -418 -467 -407 -35 -206 -208 -152 -135 -86 -460 -351 -82 0
83 -206 -352 -334 -9 -171 -382 -443 -410 -208 -20 -460 -407 -391 -35 -135 -91 -418 -467 -351 -82 0
84 -351 -135 -82 -275 0
411 -299 -90 -158 -163 -275 -294 -336 -116 -400 -518 -261 -235 -495 -36 -397 -431 -391 -142 0
144 -425 -420 -397 0
276 -163 -90 -158 -299 -275 -294 -410 -116 -400 -518 -261 -235 -36 -397 -431 -142 -451 -202 0
-163 -279 -410 -4 -367 -90 -158 -299 -275 -294 -116 -400 -518 -261 -235 -36 -397 -431 -142 -451 -202 0
-299 -425 -451 -275 -410 -4 -367 -90 -158 -116 -518 -261 -235 -36 -397 -431 -142 -202 -468 -439 0
69 -163 -4 -420 -90 -425 -158 0
67 -20 -37 -410 -468 -431 0
-20 -425 -420 -90 -4 -158 -68 -37 -410 -468 -431 0
-425 -235 -431 -37 -4 -420 -90 -158 -408 -202 -451 -275 -367 -116 -518 -261 -36 -397 -142 -439 0
-410 -163 -492 -226 -51 -52 -446 -494 -408 -37 -20 -431 -62 -68 -411 0
19 -163 -367 -4 -90 -439 -158 -392 -68 0
-163 -20 -451 -36 -367 -4 -90 -439 -158 -68 -492 -226 -51 -52 -446 -494 -408 -37 -431 -62 -411 0
-20 -68 -202 -408 -90 -451 -36 -367 -4 -439 -158 -492 -226 -51 -52 -446 -494 -37 -431 -62 -411 0
460 -9 -408 -202 -451 -90 -36 -158 -492 -51 -431 -62 -101 -142 -420 -116 -261 -275 -98 -210 0
21 -68 -185 -431 -465 -82 -90 -158 -9 -6 -142 -51 -399 -420 -36 -408 -451 -163 0
-4 -316 -185 -246 -189 -9 462 -210 -101 -142 -420 69 -90 -163 -158 0
-68 -20 -492 -101 -142 -98 -451 -431 -9 -82 -90 -158 -420 -185 -246 -189 462 -210 -163 -275 -62 -465 -51 -36 -408 0
-397 -425 -420 -142 -399 0
493 -409 -292 -90 -158 -299 -163 -275 -116 -142 -425 -96 0
411 -52 -101 -292 -90 -158 -299 -163 -275 -442 -148 -391 -142 0
19 -124 -51 -230 397 -9 -425 -148 -467 -90 -189 -158 -246 -299 -275 -98 -163 -328 -277 -142 -101 -292 -442 -451 -116 0
-20 -163 -90 -451 -202 -51 -230 -9 -189 -158 -246 -275 -98 -142 -101 -116 -82 -420 -492 -431 -185 462 -210 -62 -465 -36 -408 0
393 -228 -62 -492 -125 -293 -138 -316 -225 -442 -278 0
88 -466 -445 -400 -9 -334 -98 -39 -431 -328 -410 -392 -62 -492 -316 -442 -148 -142 -441 -425 -68 -158 0
424 -466 -495 -68 0
-425 -400 -39 -431 -492 -410 -116 -316 -441 -142 -68 -495 -90 -445 -9 -334 -98 -392 -62 -158 -82 -6 -465 -420 -399 0
-163 -9 -420 -142 -431 -492 -116 -90 -98 -62 -158 -82 -465 -408 -202 -275 -451 -51 -230 -189 -246 -101 -185 462 -210 -36 0
-9 -420 -451 -142 -202 -408 -90 -431 -492 -116 -98 -62 -158 -82 -465 -275 -51 -230 -189 -246 -101 -185 -210 -36 -461 -261 0
-4 -6 -431 -235 -425 -420 -90 -158 -408 -202 -451 -275 -367 -116 -261 -36 -142 -461 -68 -163 -210 0
89 -68 -116 -158 -451 -492 -465 -425 -444 -420 -142 -361 -461 -150 -431 -235 -90 -408 -202 -275 -367 -261 -36 -163 -210 0
-68 -425 -142 -420 -90 -158 -431 -461 -163 -235 -408 -202 -451 -275 -367 -116 -261 -36 -210 -150 -492 -465 -444 -361 0
-397 -4 -451 -275 -367 -425 -299 -90 -158 -116 -210 -261 -235 -36 -431 -142 -202 -461 -420 0
-4 -425 -420 -451 -275 -367 -461 -299 -90 -158 -116 -210 -261 -235 -36 -431 -142 -202 0
-425 -163 -90 -158 -275 -367 -444 -361 -461 -420 -451 -116 -210 -261 -235 -36 -431 -142 -202 -408 -150 -492 -465 0
21 -291 -51 -255 -156 -402 -33 -408 -474 -163 -36 -391 0
20 -69 -84 -391 -300 -163 -111 -62 -492 -403 -228 -399 460 -142 0
159 -391 -33 -408 -163 -36 -51 -431 -411 -84 -300 -111 -62 -492 -403 -399 460 -142 -235 -52 -467 -503 -68 0
460 -411 -163 -367 -90 -4 -158 -68 -451 -52 -494 -467 -503 -33 -408 -36 -51 -431 -84 -111 -62 -492 -403 -399 -142 -235 -444 -210 0
293 -403 -226 0
-163 -261 -158 -431 -90 -451 -367 -116 -275 -150 -444 -361 -461 -33 -408 -36 -51 -84 -62 -492 -142 -235 -210 -465 -101 -420 -202 0
205 -158 -451 -408 -275 -90 -36 -431 -461 -51 -84 -62 -492 -465 -98 -82 -230 -189 -246 -185 0
69 -20 -403 -62 -492 -451 -203 -275 -163 -90 -411 -158 -116 0
88 -299 -408 -275 -203 -163 -497 -158 0
204 -12 -150 -116 -90 -299 -158 274 -294 -251 -52 -403 -62 -425 -142 -399 -492 -467 -493 -472 -36 -497 -451 0
-420 19 -230 -51 -425 -467 -90 -189 -158 -246 -299 -275 -98 -163 -142 -101 -451 -116 -368 -279 -440 -6 -461 144 0
369 -95 -246 -107 -467 -37 -319 -98 0
453 -7 -444 -412 -329 -98 -368 -246 -107 -467 -37 -319 -120 -52 -226 -438 -492 -381 -354 -493 -472 0
5 -483 -62 -492 -90 -299 -158 274 -52 -401 -467 -493 -451 -444 -412 -98 -368 -246 -319 -120 -381 -354 -472 -399 -461 -440 -116 -294 -403 -150 0
-425 -391 -461 -158 -82 -62 -492 -90 -451 -246 -116 -251 -230 -51 -189 -275 -163 -142 -101 144 -408 -203 -36 -98 -20 0
468 -255 -150 -98 -51 -230 -52 21 -156 -291 -408 -474 -163 -36 -391 -94 0
-391 -20 -98 -51 -230 -408 -163 -36 -431 -158 -465 -461 -82 -62 -492 -90 -451 -246 -116 -251 -189 -275 -142 -101 144 -203 0
-20 -163 -36 -98 -51 -230 -408 -451 -431 -158 -465 -461 -82 -62 -492 -90 -246 -116 -251 -189 -275 -142 -101 144 -203 0
69 -496 -90 -158 0
440 -228 -150 -492 -169 -62 -279 -124 0
468 -248 -465 -399 -84 20 -300 -163 -62 -492 -403 -391 -69 -142 -461 -150 -156 -291 -90 -51 -46 -316 -255 -52 -401 -94 0
-163 -142 -90 -98 -461 -465 -84 -62 -492 -51 -158 -408 -203 -431 -275 -451 -36 -230 -82 -246 -189 144 0
392 -4 -461 -98 -150 -292 -403 -47 -442 -411 0
393 -4 -461 -251 -150 -426 -292 -90 -158 -403 -203 -47 -451 -411 -442 -19 0
-142 -158 -36 -461 -90 -451 -203 -98 -275 -465 -84 -62 -492 -51 -408 -431 -230 -82 -246 -189 -143 0
164 -67 -203 -90 -158 -408 0
411 -391 -90 -98 -158 -424 -251 -397 -461 -275 -5 -163 -203 -408 -8 -20 0
393 -20 -98 -251 -397 -461 -5 -163 -203 -90 -158 -408 -8 0
21 -393 -36 -451 -409 0
-20 -5 -90 -98 -158 -424 -251 -397 -461 -275 -409 -163 -203 -408 -8 -36 -451 0
149 -163 -251 -397 -90 -158 -408 -36 -461 -203 -431 -451 -409 -98 -424 -275 0
-299 274 -405 -90 -228 -158 0
-67 -228 -405 -90 -158 -275 -163 -203 -408 0
21 -409 -451 -36 0
490 -281 -62 0
226 -48 -90 -316 -405 0
-163 -405 -62 -492 -116 -90 -275 -451 -409 -158 -203 -408 -148 -251 -397 -36 -461 -431 -98 -424 0
402 -330 -368 -429 -98 -51 -371 -253 0
-158 -98 -51 -492 -90 -36 -431 -451 -408 -275 -62 -461 -465 -84 -230 -82 -246 -189 -207 -185 0
144 -54 -468 -494 -397 -101 0
228 -397 -62 -137 -143 -468 -494 -169 -101 -279 -441 -293 0
-150 -228 -279 -169 -492 -137 -62 -441 -461 -208 -98 -7 -148 0
-228 -227 -468 -101 -409 -443 393 -5 -169 -492 -137 -62 -441 -461 -98 -494 0
397 393 -443 -409 -98 -5 -461 0
410 -365 -116 -169 -353 -62 -293 -492 -468 -101 -409 -443 -5 -137 -441 -461 -98 -494 -391 -46 0
-142 -148 -461 -426 -397 -144 0
-148 -228 -367 -251 -278 -461 -5 -62 -492 -98 -90 -316 -48 -426 -101 -397 -144 0
-228 -397 -62 -441 -492 -461 -5 -367 -251 -278 -98 -90 -316 -48 -426 -101 -137 -144 0
228 -404 -293 0
19 -461 -62 -492 -367 -251 -98 -90 -316 -101 -137 -431 -46 -116 -169 -451 -408 -163 -275 -496 -299 -68 0
-409 -5 -441 -299 -62 -397 -492 -461 -228 -367 -251 -98 -90 -316 -68 -426 -101 -137 -275 -163 -19 -451 -36 0
-5 462 -169 -492 -228 -62 -148 -461 -98 -299 -397 -367 -251 -90 -316 -68 -101 -275 -163 -19 -451 -36 -137 0
462 -148 -431 -383 -451 -19 -163 -356 -169 -492 -228 -62 -461 -98 -299 -397 -367 -251 -90 -316 -68 -101 -275 -36 -137 0
6 -208 -155 -185 -51 -251 -275 -397 -299 -431 -37 -451 -68 -492 -36 -408 -19 -228 -163 -148 0
411 -474 -356 -416 -431 -383 0
-148 -228 -356 -383 -68 -299 -451 -275 -19 -163 -155 -185 -51 -251 -397 -492 -36 -408 -431 -461 -169 -62 -98 -367 -90 -316 -101 -137 0
-409 -4 -431 -383 -356 -451 -163 -19 -36 0
6 -142 -397 -465 -110 -410 -431 -212 -68 -440 -19 -461 -163 0
-228 -397 -465 -461 -68 -299 -275 -163 -431 -19 -383 -356 -451 -36 -169 -492 -62 -137 -155 -185 -51 -251 -408 -98 -367 -90 -316 -101 0
-409 228 -68 -299 -46 -275 -163 -461 -19 -431 -383 -356 -451 -36 0
-20 -37 -101 -142 -397 -410 -54 -431 -68 -36 -391 -19 0
-37 -54 -101 -142 -397 -68 -299 -275 -451 -163 -410 -431 -36 -391 -19 -39 0
-397 -68 -101 -461 -299 -275 -451 -163 -431 -36 -19 -46 -383 -356 -465 -169 -492 -62 -137 -155 -185 -51 -251 -408 -98 -367 -90 -316 0
-409 -410 -155 -492 -135 -90 -152 -316 -460 -82 -91 -351 -251 -441 -496 -68 -466 -207 -451 -383 -418 -398 -142 -46 -19 -62 -431 -356 -163 -36 0
21 -9 -98 -466 -275 -29 -408 -425 -299 -36 -163 -68 -391 0
-144 -473 -492 -441 -68 -496 -466 -62 -451 -391 -19 -98 -275 -29 -408 -299 -36 -163 -6 -418 -251 -207 -398 -142 0
69 -163 -275 -299 -19 0
20 -46 -169 -492 -62 -155 -98 462 -418 -68 -496 -466 -451 -19 -275 -29 -408 -299 -36 -163 -207 -398 -142 -383 -135 -90 -316 -460 -82 -91 -351 -431 0
-350 -275 -135 -90 -82 -351 0
491 -280 -61 0
461 -210 -363 0
-210 -363 -462 0
67 -30 -36 -372 -401 -495 -467 -426 0
460 -372 -163 -19 -90 -68 -36 -275 -495 -408 -204 -205 -463 -142 -418 -6 0
69 461 -410 -6 -90 -142 -101 -68 -316 -82 -418 -208 -9 -275 -163 -19 0
411 -206 -82 -439 -135 -152 -474 -415 -351 210 -225 -460 -251 -392 0
-144 -439 -474 -410 -82 -61 -135 -152 -415 -351 210 -460 -251 -392 -86 -148 -9 -6 -398 -142 0
-299 -257 -272 -259 -168 -459 -519 -415 -356 -413 -474 -328 -308 -385 -369 -437 -382 -90 -298 -68 0
271 -38 -430 -49 -328 -321 -413 -369 -308 -66 -437 -184 -375 -156 -126 0
99 -142 -49 -474 -90 -298 -68 -334 -316 -495 -392 -204 -410 -82 -135 -351 -6 -413 -275 -163 -19 -462 -463 0
461 -321 -356 -474 -430 -383 -410 -392 -330 -439 -6 0
-299 -206 -204 -236 -430 -408 -251 -398 -6 -462 -356 -474 -410 -392 -368 -68 -425 -452 -90 -275 -163 -19 0
460 -206 -408 -430 -204 -495 -236 -251 -68 -425 -158 -90 -163 -398 -6 0
432 -69 -163 -84 20 -300 -482 -184 -61 -158 -228 -294 -126 -138 -225 -279 -261 -328 -368 -90 -384 -316 -415 0
-69 -166 -229 -517 -116 -225 -61 -492 -474 -356 -415 -430 -163 -84 20 -300 -482 -184 -158 -228 -261 -328 -368 -90 -316 -497 -440 -68 0
143 -142 -474 -90 -61 -68 -229 -430 -163 -84 20 -184 -368 -204 -82 -8 -462 -408 -495 -236 -452 -275 -19 0
-228 -273 -401 -334 -259 -483 -224 -325 -126 -46 -61 -338 -375 -158 -294 -138 -492 -90 -227 -316 0
63 -255 -483 -430 -49 -38 -321 -413 -328 -66 -437 -184 -375 -156 -126 -379 -496 -316 -90 -11 -368 -519 -334 -246 -236 -46 -120 -94 -403 -52 -401 -259 -224 -325 -61 -338 -158 -294 -138 -227 0
-63 -300 -163 -84 20 -391 -227 -69 -483 -99 461 -208 -138 -439 -184 -344 -334 -61 0
-228 -273 -483 -8 -371 -446 -401 -334 -45 -224 -126 -46 -61 -375 -158 -294 -138 -492 -90 -227 -316 0
278 -427 -519 -11 -328 -1 0
146 -427 -328 -56 -368 -471 -66 0
429 -62 -492 -474 -356 -344 -415 -81 -213 -430 -401 -471 -253 -56 -49 0
-158 -483 -430 -49 -184 -379 -316 -90 -368 -334 -246 -236 -46 -94 -403 -52 -401 -259 -224 -61 -227 -474 -356 -8 -371 -446 -45 -163 -84 20 -391 -69 -99 461 -208 -385 -382 -68 0
461 -379 -474 -430 -368 -90 -49 -184 -356 -316 -334 -246 -236 -46 -94 -403 -52 -61 -8 -371 -45 -163 -84 20 -391 -69 -99 -385 -382 -68 -408 -204 -207 -251 -419 -150 0
159 -126 -33 -291 -243 -229 -314 -236 -167 -2 -337 -10 -382 0
428 -314 -229 -167 -511 -454 -310 0
-69 -382 -229 -45 -184 -86 -61 -49 -298 -243 -236 -246 -74 -116 -368 -403 -90 -46 -316 -52 -430 -8 -399 -362 -142 -462 -474 -356 -334 -371 -163 -84 20 -391 -99 -385 -68 -408 -204 -207 -251 -150 -495 -426 0
-142 -204 -163 -90 -275 -19 -45 -243 -474 20 -68 -495 -82 -135 -351 0
460 -466 -116 -48 -405 -495 -226 -316 -148 -38 -6 0
227 -294 -405 0
88 -369 -462 -97 -371 -405 -213 -401 -334 -281 -61 -294 -109 -126 -48 -344 -158 0
67 -158 -316 -48 -90 -462 -97 -371 -405 -334 -61 -116 -384 -387 -474 -495 -356 -277 -463 -416 -424 -397 -6 -144 -148 -38 0
425 -48 -116 -405 -495 -226 -316 -148 -38 -6 -462 -144 0
453 -68 -90 -163 -275 -19 -82 -135 -351 0
462 -6 -493 -82 -158 -392 -97 -68 -452 -36 -90 -19 -316 -163 -275 -92 0
-425 -69 -397 -29 451 -21 -463 67 0
-69 -397 -29 451 -21 -463 -158 -68 0
-425 -183 -437 -184 -397 -101 -316 -410 -4 -158 -90 -163 69 0
142 -226 -294 -149 -101 0
-6 -461 -101 -184 -158 -90 -163 -116 451 -68 -19 -131 -92 -316 -82 -97 -452 -36 -275 0
-461 -158 -131 -68 -452 -36 -92 -19 -163 -101 -184 -430 -90 -116 451 -316 -82 -97 -275 0
21 -410 -452 -36 0
-425 -279 -392 -90 -316 -437 -97 -462 -82 -158 -43 -5 -163 -19 -452 -36 -398 -466 -493 -424 0
67 -437 -392 -90 -316 -493 -97 -462 -82 -158 -43 -5 -163 -19 -452 -36 -398 -440 0
-425 -381 -61 -116 -86 -341 -251 -82 -90 -148 -158 -418 -6 -444 -392 -410 293 -440 -101 -68 157 -316 -426 0
-158 -316 -101 -68 -90 -61 -116 -86 -251 -82 -163 -19 -97 -452 -36 -131 -92 -184 -430 451 -275 0
-425 -503 -493 67 0
411 -6 -316 -52 -101 -90 425 -398 0
5 -148 -19 -143 -163 -411 0
-410 -353 -258 -472 -27 -43 -10 -163 -383 -19 -411 -452 -36 0
-148 -6 -401 -367 -408 -334 -392 67 -19 -472 -43 -163 -383 -411 -452 -36 -184 -496 -112 -202 -261 -251 -462 425 -398 0
-6 -398 -462 -401 -367 -408 -334 -392 67 -19 -472 -43 -163 -383 -452 -36 -184 -496 -112 -202 -261 -251 425 -316 -52 -101 -90 0
-316 -68 -101 -97 -430 -452 -36 -251 -408 -19 -163 -184 -90 -92 -275 -116 -61 -86 -82 -131 451 0
316 -163 -275 -90 0
-19 -21 -90 -275 -82 -135 -351 -163 0
4 -148 -158 -90 411 -163 -275 -101 -391 -142 -67 -204 -86 -474 -251 -356 -82 -425 -6 -416 0
-148 -462 -90 -158 -97 -67 -251 -142 -275 -6 -163 411 -101 -391 -204 -86 -474 -356 -82 -425 -416 0
-462 -158 -28 -67 -425 -495 -90 -163 -131 -92 -38 -6 -97 -251 -142 -275 411 -101 -391 -204 -86 -474 -356 -82 -416 0
-158 411 -90 -163 -275 -101 -391 -142 -67 -204 -86 -474 -251 -356 -82 -425 -6 -416 -92 -28 -495 -131 -38 -97 0
-410 -142 -90 -163 -275 -425 -82 -6 -135 -351 0
-68 -158 -142 -399 -207 424 -90 -275 -82 -135 -351 -163 -425 0
21 -460 -135 -142 -392 -409 68 -184 -6 -148 -158 -82 -425 -8 -47 -90 -36 -452 0
228 -271 -345 -147 -471 -440 -61 -294 -490 -403 0
329 -168 -229 -12 -519 -3 -429 -279 0
277 -519 -229 -168 -12 -3 0
-208 -172 -12 -279 -229 -49 -263 -255 -402 -408 -204 -207 -235 -251 -97 -209 -425 -82 -6 -392 -158 -148 -418 -409 0
272 -345 -440 -471 -147 -126 0
Solved
