174 -409 -166 -289 -169 0
-409 -166 -289 -169 -172 0
168 -202 -286 -52 -172 -478 -169 0
583 -289 -286 -172 -169 -52 0
556 -340 -433 -46 -322 -376 -534 -425 0
441 -436 -490 0
439 -432 -112 -350 0
492 -121 -82 -326 -477 -62 -27 -316 -583 -542 -469 -400 -184 -274 -453 -70 -439 0
318 -146 -62 -360 -27 -566 -121 -40 -512 -345 -477 -82 0
476 -319 -360 -59 -566 -345 -40 0
295 -40 -500 -345 -245 -477 -360 -566 -249 0
114 -27 -62 -44 -326 -477 -249 -468 -189 -517 -555 -82 -316 -469 -184 -274 -70 -439 -201 -490 -583 -542 -453 -350 0
344 -566 -490 -439 -360 -70 -563 -339 -274 -130 -40 0
-566 -360 -339 -345 -40 -128 -563 -542 -493 -463 -70 -274 -222 -316 -82 -477 -490 -439 -130 0
-360 -345 -234 -573 -82 -477 -493 -184 -21 -274 -70 -339 -40 -128 -563 -542 -463 -222 -316 -490 -439 -130 0
-345 -40 -326 -350 -82 -477 -62 -27 -316 -583 -542 -469 -184 -274 -453 -70 -439 -490 -234 -573 -493 -21 -339 -44 -128 -563 -463 -222 -130 0
-40 -155 -189 -555 -55 -234 -573 -184 -21 -477 -274 -326 -350 -82 -62 -27 -316 -583 -542 -469 -453 -70 -439 -490 -493 -339 -44 -128 -563 -463 -222 -130 0
342 -196 -82 -326 -477 -316 -583 -542 -469 -184 -70 -21 -493 -490 -76 -201 -189 -555 -234 -563 -112 -249 -468 -517 -425 -322 -376 -433 -46 0
341 -488 -497 -433 -46 0
562 -360 -40 -345 -477 -468 -566 -249 -469 -59 -542 -320 0
323 -62 -433 -27 0
431 -284 -493 -281 -82 -46 -316 -497 -125 -488 -559 -531 -70 -266 -490 -439 -192 0
-360 -19 -493 -168 -203 -70 -433 -439 -322 -82 -46 -316 -497 -488 -266 -490 -59 -542 -131 -563 -40 -345 -477 -468 -249 -469 -358 0
377 -341 -168 -46 0
344 -432 -82 -46 -316 -497 -488 -70 -266 -490 -439 -493 -542 -563 -40 -345 -477 -468 -360 -249 -469 -566 0
-59 -21 -326 -477 -316 -583 -542 -469 -184 -70 -82 -493 -490 -76 -201 -189 -555 -234 -563 -112 -249 -468 -517 -322 -433 -46 -341 -55 -75 -351 -38 -160 -377 -8 -336 -432 -385 -130 -529 -40 -345 -360 -566 -320 -58 0
71 -566 -326 -477 -316 -583 -542 -469 -184 -70 -493 -490 -189 -555 -234 -563 -112 -249 -468 -517 -322 -433 -46 -411 -168 -75 -40 -345 -360 -82 -497 -488 -266 -439 0
-566 -360 -168 -203 -70 -433 -439 -322 -82 -46 -316 -497 -488 -266 -490 -493 -542 -563 -40 -345 -477 -468 -249 -469 -326 -583 -184 -189 -555 -234 -112 -517 -411 -75 0
60 -459 -245 -468 -249 -408 -297 -529 -319 0
-360 -70 -542 -583 -563 -468 -249 -189 -326 -555 -316 -82 -477 -345 -184 -490 -439 -469 -40 -168 -203 -433 -322 -46 -497 -488 -266 -493 -234 -112 -517 -411 -75 0
343 -59 -433 -289 -169 -172 -377 -583 -326 -126 -490 -316 -439 -82 -184 -70 -477 -276 -341 0
132 -558 -534 -424 -322 -377 -337 -431 -385 0
83 -499 -468 -433 -377 -322 -431 -131 -424 -337 -385 -35 -201 -5 -76 -497 -493 -488 -285 -517 -316 -282 0
124 -407 -385 -431 -377 -469 -452 -244 -131 0
132 -407 -244 -469 -452 -542 -377 -563 -431 0
530 -478 -19 -452 -168 -377 -431 -131 -244 -469 -542 -563 -517 -82 -316 -126 -385 0
166 -424 -411 -377 0
84 -408 -531 -453 -236 -126 -517 -316 0
-431 -453 -244 -469 -542 -377 -563 -70 -488 -517 -82 -531 -439 -236 -126 -316 -131 -432 0
378 -524 -9 -197 -70 -439 -112 -244 -469 -542 -377 -563 -488 -517 -82 -531 -236 -126 -316 -131 -46 0
431 -269 -517 -488 -163 -497 -82 -123 -46 -197 -524 -9 -70 -490 -439 -322 -112 0
344 -163 -168 -377 -469 -542 -563 -517 -82 -316 -126 -439 -488 -490 -497 -46 -70 -322 -112 -583 -289 -169 -172 -411 -477 -276 0
343 -126 -490 -542 -316 -439 -563 -82 -70 -321 -477 -276 -433 -289 -169 -172 -377 -583 -326 -184 -341 0
-70 -345 -469 -542 -563 -517 -82 -316 -490 -439 -583 -289 -169 -172 -411 -477 -488 -497 -46 -322 -112 -168 -433 -326 -184 -468 -249 -189 -555 -40 -203 -266 -493 -234 -75 0
204 -411 -168 -583 0
132 -343 -477 -407 -469 -452 -542 -377 -563 -431 0
83 -285 -123 -76 -102 -493 -44 -27 -334 -282 0
475 -463 -222 -316 -82 -123 -76 -102 -493 -44 -27 -319 -563 -542 -469 -567 -246 -42 0
430 -126 -316 -82 -477 -123 -76 -102 -493 -563 -542 -469 -567 -433 -322 -249 -407 -59 -452 -385 -343 -377 -132 0
-126 -276 -371 -517 -55 -82 -316 -5 -497 -407 -478 -488 -452 -168 -433 -377 -322 -431 -477 -123 -76 -102 -493 -563 -542 -469 -567 -249 -59 -385 -289 -169 -172 -583 -326 -490 -439 -184 -70 -341 0
440 -531 -5 -542 -497 -488 -433 -322 -112 -431 -377 -469 -555 -82 -326 -316 -517 -478 -168 -477 -76 -493 -249 -289 -169 -172 -583 -490 -439 -184 -70 -341 -563 0
124 -336 -463 -433 -160 -488 -75 -560 -224 -407 -326 0
84 -463 -433 -322 -542 -560 -407 -326 -488 -75 -189 -555 -316 0
-531 -431 -411 -469 -542 -563 -517 -82 -316 -490 -583 -289 -169 -172 -477 -488 -497 -46 -322 -112 -433 -326 -184 -468 -249 -189 -555 -439 -203 -266 -493 -234 -75 -168 -5 0
166 -478 -82 -326 -477 -316 -583 -542 -469 -184 -70 -493 -490 -76 -189 -555 -234 -563 -112 -249 -468 -517 -322 -433 -46 -411 -341 -35 -377 0
439 -511 -505 -407 -531 -558 -424 -234 -335 -154 -159 -433 -222 -390 -322 -112 -350 0
83 -407 -9 -197 -112 -469 -542 -563 -517 -82 -316 -490 -583 -289 -169 -172 -411 -477 -488 -497 -46 -322 -168 -433 -326 -184 -468 -249 -189 -555 -203 -266 -493 -234 -75 -531 -5 -21 -424 0
498 -535 -155 -226 -5 0
-439 -407 -542 -469 -488 -497 -5 -433 -322 84 -326 -75 -189 -555 -316 -468 -112 -411 -563 -517 -82 -490 -583 -289 -169 -172 -477 -46 -184 -249 -531 -203 -266 -493 -234 -168 0
406 -141 -234 -336 -56 -45 -436 -326 -531 -125 0
334 -145 -505 -51 -469 -234 -542 -141 0
432 -336 -493 -76 -234 -21 -505 -469 -542 -451 -125 -407 -436 -326 -531 -389 -28 -253 -5 -497 -488 -433 -322 -112 0
-407 -424 -490 -493 -488 -5 -433 -497 -322 -123 -112 -46 -234 -21 -469 -542 -326 -531 -75 -189 -555 -316 -468 -411 -563 -517 -82 -583 -289 -169 -172 -477 -184 -249 -203 -266 -168 -9 -197 0
-439 -441 -411 -469 -542 -563 -517 -82 -316 -490 -583 -289 -169 -172 -477 -488 -497 -46 -322 -112 -433 -326 -184 -468 -249 -189 -555 -531 -203 -266 -493 -234 -75 -168 -5 0
83 -56 -234 -424 -139 -556 -334 -316 0
432 -389 -555 -316 -82 -234 -424 -500 -542 -5 -560 -497 -273 -488 -197 -46 -433 -349 -322 -112 0
173 -490 -493 -433 -322 -46 -112 -316 -82 -469 -517 -289 -169 -172 -184 -1 -52 -544 -286 0
84 -407 -583 -342 -531 -433 -167 -43 -124 -334 -316 0
83 -43 -467 -74 -154 -433 -139 -227 -554 -517 -334 -316 0
325 -129 -188 -559 -554 -310 -320 -286 -52 -172 -169 -167 -289 -55 -467 -74 -342 -322 -154 -433 -139 -517 -334 -316 -82 -227 0
335 -412 -112 -554 -188 -224 -154 -74 -433 -322 -62 -517 -316 -139 -82 0
497 -139 -322 -433 -467 -74 -554 -517 -316 -112 -82 -334 -188 -327 -559 -320 -286 -52 -172 -169 -167 -289 -55 -46 -6 0
232 -334 -112 -467 -46 -316 -82 -322 -559 -517 -433 -489 -6 -498 -74 -554 -188 -327 -320 -286 -52 -172 -169 -167 -289 0
336 -76 -493 -27 -141 -122 -390 -380 -412 -490 -112 -279 -573 -432 -510 -255 -162 -554 -316 -82 -44 0
434 -141 -517 -82 -334 -493 -490 -112 -573 -510 -554 -316 -286 -52 -172 -169 -167 -289 -74 -46 -6 -498 -309 -489 -322 0
84 -26 -46 -112 -74 -498 -493 -327 -489 -141 -45 -517 -334 0
497 -535 -156 -226 -322 -433 -467 -74 -554 -517 -316 -112 -82 -334 -188 -327 -559 -320 -286 -52 -172 -169 -167 -289 -139 -46 -6 0
203 -410 -167 -583 0
335 -334 -467 -46 -316 -82 -322 -112 -517 -433 -489 -6 -498 -74 -554 -188 -327 -286 -52 -172 -169 -167 -289 -564 -233 -543 -139 0
541 -438 -55 -441 -233 -112 -467 -46 -316 -82 -322 -334 -517 -433 -489 -6 -498 -74 -554 -188 -327 -286 -52 -172 -169 -167 -289 -70 -564 -560 0
561 -127 -46 -441 -350 -70 0
440 -127 -46 -535 -378 -533 -453 -381 0
232 -407 -167 -378 -350 -441 -46 -535 -533 -583 -560 -70 -505 -308 -51 0
496 -338 -248 -70 -297 -441 -233 -167 -378 -350 -46 -535 -533 -505 -51 -132 -244 -564 -469 -543 -112 -467 -316 -82 -322 -334 -517 -433 -489 -6 -498 -74 -554 -188 -327 -286 -52 -172 -169 -289 -278 -156 0
435 -535 -226 -6 -498 -248 -70 -297 -233 -167 -378 -46 -505 -51 -244 -564 -469 -543 -112 -467 -316 -82 -322 -334 -517 -433 -489 -74 -554 -188 -327 -286 -52 -172 -169 -289 -278 -430 0
-334 -139 -6 -112 -498 -327 -489 -322 -433 -248 -70 -233 -167 -46 -564 -469 -543 -467 -316 -82 -517 -74 -554 -188 -286 -52 -172 -169 -289 -505 0
406 -453 -376 -501 -467 -246 0
141 -230 -425 -299 -410 -167 -583 -407 -376 -501 -467 -246 -490 -439 -379 -308 -233 -26 0
-441 -121 -583 -407 -572 -560 -233 -438 -379 -167 -378 -46 -535 -533 -70 -505 -308 -51 -439 0
496 -535 -410 -167 -583 -560 -467 -246 -70 -490 -233 -46 -478 -505 -248 -139 -463 -188 -147 -554 -316 -327 -82 -322 -43 -517 -433 -489 -6 0
452 -26 -55 -154 -433 -275 -322 -478 -432 -167 -378 0
140 -453 -467 -82 -476 -246 -408 -517 -55 -154 -433 -275 -322 -478 -432 -167 -378 0
406 -55 -275 -154 -385 -529 -433 -130 -583 -322 -432 -167 -478 -378 -453 -501 -467 -246 0
441 -408 -82 -147 -476 -505 -246 -316 -275 -154 -433 -130 -583 -322 -167 -478 -378 -467 -233 -139 -517 -490 0
-535 -463 -167 -433 -478 -322 -130 -112 -82 -147 -476 -505 -246 -316 -583 -467 -233 -139 -517 -490 -70 -560 -489 -46 -6 -498 -410 -248 -188 -554 -327 -43 0
487 -441 -463 -432 -226 -46 -127 -70 -560 -498 0
488 -154 -6 -498 -433 0
-139 -46 -112 -70 -498 -82 -476 -505 -316 -433 -322 -167 -478 -467 -233 -517 -490 -489 -6 -410 -248 -188 -554 -327 -564 -469 -543 -74 -286 -52 -172 -169 -289 0
586 -82 -517 -316 -112 -322 -433 -286 -52 -172 -169 -469 -1 -544 -184 0
377 -341 -169 -46 -586 0
376 -441 -586 -112 -432 -46 -169 -167 0
377 -46 -433 -1 -544 -172 -169 -586 0
-6 -1 -487 -4 -154 -498 -433 0
496 -498 -154 -433 0
72 -408 -82 -316 -476 -62 -27 -534 -425 -130 -452 -537 -411 -385 -543 -44 -129 -480 -524 -559 -203 -8 0
204 -476 -130 -543 -82 -517 -463 -227 -27 -546 -537 -233 -173 -534 -201 -286 -36 -52 0
336 -139 -521 -493 -330 -102 -119 -44 0
335 -222 -158 -316 -463 -82 0
336 -390 -534 -467 -380 -537 -307 -139 -521 -493 -330 -102 -44 0
519 -139 -289 -286 -169 -52 -585 -204 -71 -559 -543 -335 -534 -467 -380 -537 -307 -546 -521 -493 -330 -102 -44 0
84 -493 -190 -130 -267 -521 -289 -286 -169 -52 -585 -480 -204 -71 -559 -543 -476 -335 0
434 -559 -71 -169 -543 -467 -380 -307 -546 -517 -82 -190 -130 -267 -316 -463 -227 -437 -491 377 -46 -322 -154 0
335 -139 -267 -129 -572 -307 -380 -491 -536 -588 -227 -433 323 -316 -463 -559 -82 -45 0
290 -172 -286 -202 -167 -583 -52 0
-172 -583 -169 -46 -433 377 -1 -286 -202 -167 -597 -52 -73 -478 0
172 -597 -546 0
73 -290 -172 -555 -546 -162 0
478 -172 -169 -588 -167 0
83 -335 -169 -46 -433 377 -1 -286 -167 -52 -71 -559 -543 -546 -463 -221 -517 -316 0
-172 -202 -286 -52 -289 -167 -169 -588 0
-335 323 -433 -121 -130 -286 -52 -167 -169 -307 -380 -56 -71 -437 -559 -491 -543 -45 -316 -82 -46 377 -1 -546 -463 -517 0
-1 -491 -121 -316 -82 -380 -433 -463 -130 -167 -169 -71 -437 -46 377 -517 -322 -154 -467 -190 0
430 -378 -154 -316 -82 -167 -169 -46 -517 -322 -467 -441 -433 0
465 -335 -523 -20 -131 -70 -564 -559 -129 -424 -543 -537 -231 -339 -227 0
-335 -172 -82 434 -493 -490 -112 -517 -316 -286 -52 -169 -167 -289 -74 -46 -6 -498 -489 -322 -233 -70 -476 -433 -478 -467 -505 -248 -188 -410 -564 -543 -327 -593 -162 -464 -523 -20 -131 -129 -424 -537 -231 -339 -227 0
-172 -390 -467 -46 -316 -82 -322 -112 -517 -433 -6 -498 -489 -286 -52 -169 -167 -289 -543 434 -493 -490 -70 -464 -523 -131 -129 -424 -537 -231 -339 -227 -588 -166 0
532 -234 -57 -286 -424 -52 -557 -36 0
-378 -112 -433 -322 -517 -316 -154 -82 -467 -46 -169 -167 -432 -441 0
336 -289 -491 -388 -286 -52 -172 -167 -169 -27 -587 -517 -316 -82 -44 0
-498 -497 -154 -433 0
-172 -112 -316 -517 -322 -433 -82 -544 -52 -169 -286 -1 -44 -573 -463 -222 -406 -279 -559 -57 -437 -71 -377 166 -491 -167 -388 -27 -587 -174 0
-112 -169 -46 -322 -316 -82 -517 -433 -167 -154 -432 -441 -467 0
317 -159 -222 0
-543 -289 -335 465 -70 -559 -537 -339 -172 -478 -131 -298 -167 -74 -377 -349 -341 -46 -496 -1 -541 0
56 -583 -501 -534 -467 -558 -377 -433 -46 -322 -167 -537 -123 -102 -490 -436 0
-289 -234 -167 -169 -172 -286 -377 -57 -501 -534 -467 -558 -433 -46 -322 -537 -102 -490 -436 -349 -154 -1 -335 465 -70 -559 -339 -478 -131 -298 -74 -341 -496 -541 -52 0
334 -335 -169 -341 -172 -286 -377 -57 -534 -467 -433 -46 -322 -537 -490 -436 -349 -154 -167 -70 -339 -131 -52 -488 -388 -517 -82 -316 -222 -464 -44 0
168 -289 -537 -467 -172 -388 -286 -52 336 -167 -169 -27 -534 -517 -316 -82 -44 -377 0
166 -226 -155 -1 -154 -433 -349 -467 -46 -377 -341 0
336 -172 -467 -388 -286 -52 -167 -169 -27 -534 -517 -316 -82 -44 -377 -155 -154 -433 -349 -46 -341 -488 -464 0
-335 -336 -169 -341 -172 -286 -377 -57 -534 -467 -433 -46 -322 -537 -490 -436 -349 -154 -167 -70 -339 -131 -52 -488 -388 -517 -82 -316 -222 -464 -44 0
335 -488 -154 -433 -155 -349 -467 -46 -377 -341 -167 -388 -316 -222 -82 -517 0
-172 -169 -341 -286 -377 -534 -467 -433 -46 -322 -490 -436 -349 -154 -167 -70 -339 -131 -52 -488 -388 -517 -82 -316 -222 -464 -44 -27 -155 0
334 -155 -154 -433 -349 -467 -46 -377 -341 -167 172 -488 -388 -517 -82 -316 -222 -464 0
-169 -154 -467 -167 -433 -46 -517 -82 -316 -322 -441 -432 0
334 -227 -534 -52 -537 -286 -36 -232 -464 -140 0
389 -335 -52 -570 -537 -501 -70 -534 -286 -36 -464 -57 -480 -436 -411 -349 -490 -46 -586 -316 -488 -82 -517 -73 0
336 -126 -513 -571 -392 -62 -232 -27 -139 -44 0
-335 -52 -585 -286 -27 -534 -537 -36 -464 -571 -62 -44 -57 -475 -488 -82 -316 -6 -586 -154 -433 -46 439 -432 -113 -390 -570 -501 -480 -411 -517 -73 0
-377 -154 -316 -432 -82 -46 -433 -467 -167 -517 -441 -322 0
-464 -74 -408 -494 -246 -433 -154 -129 -537 -126 -572 -227 -172 -546 -555 -290 -534 -52 -286 -36 334 -140 -463 0
389 -202 -585 -494 -52 -286 -172 -597 -546 -555 -342 -154 -433 -322 -222 -159 -408 -246 -129 -537 -126 -572 -227 -290 -534 -36 334 -463 -412 -112 0
536 -274 -494 -345 -42 -445 -480 -202 -307 -52 -380 -36 -534 -129 0
334 -534 -345 -126 -425 -558 -246 -42 -537 -494 -480 -307 -52 -380 -36 -129 -467 -390 -585 -286 -172 -597 -546 -555 -342 -154 -433 -322 -222 -159 -572 -227 -290 -463 -412 -112 -71 -559 -543 0
389 -534 -247 -425 -558 -432 -441 -463 -46 487 -498 -126 -42 -129 -325 -537 -172 -597 -467 -546 -555 -161 -141 -73 0
-534 -537 -480 -411 -52 -290 -380 -36 -172 -129 -42 -467 -390 -247 -425 -558 -432 -441 -463 -46 487 -498 -126 -597 -555 -342 -433 -322 -222 -159 -335 -345 -246 -494 -585 -286 -154 -572 -112 -71 0
-537 -52 -154 -159 -433 -222 -322 -480 -411 -463 -290 -380 -36 -172 -129 -42 -467 -390 -247 -425 -558 -432 -441 -46 487 -498 -126 -597 -555 -342 -335 -345 -246 -494 -585 -286 -572 -112 -71 0
-52 -286 -494 -246 -126 -335 -480 -463 -411 -36 -159 -290 -491 -222 -555 -172 -322 -433 -272 -154 -380 -129 -42 -467 -390 -247 -425 -558 -432 -441 -46 487 -498 -597 -342 -345 -585 -572 -112 -71 0
591 -322 -433 0
535 -129 -433 -46 -228 -154 0
-290 -74 -46 -433 -467 -167 -517 -316 -322 -537 -464 -408 -129 -154 -126 -172 -546 -555 -534 -52 -286 -36 334 -140 -463 -476 -588 0
290 -476 -82 -316 -408 -154 -433 -130 -322 -167 -378 -467 -233 -139 -517 -470 -72 -594 -172 -286 -52 -588 -171 -46 -432 -411 0
-316 -126 -464 -408 -433 -154 -129 -537 -172 -546 -534 -52 -286 -36 334 -463 -390 -46 -467 -167 -517 -322 -480 -307 -103 -244 -72 -588 -411 -130 -378 -470 -317 0
316 -222 -159 0
499 -480 -316 -433 -154 -537 -172 -129 -534 -52 -286 -36 334 -463 -46 -467 -167 -517 -322 -464 -408 -72 -411 -130 -378 -470 -317 0
501 -390 -467 -139 0
587 -517 -433 -154 -537 -172 -129 -534 -52 -286 -36 334 -463 -46 -467 -167 -316 -322 -464 -317 0
-517 -129 -154 -433 -322 -167 -467 -172 -286 -52 -46 -537 -316 -534 -36 334 -463 -464 -317 0
-129 -316 -433 -322 -167 -467 -172 -286 -52 -46 -537 -154 -534 -36 334 -463 -464 -317 0
488 -6 -154 -433 -3 0
-222 -36 -46 -433 -467 -167 -322 -172 -52 -286 -537 -534 -154 334 -463 -464 0
323 -154 -537 -534 -433 0
-464 -316 -46 -433 -467 -167 -154 -322 -172 -52 -286 -537 -534 -463 0
-169 -129 -126 -325 -141 -307 -172 -537 -286 -534 -52 -36 -167 -588 -100 -437 -154 -433 -46 -467 -517 -322 -316 0
173 -546 -597 0
-441 -480 -534 -52 -112 -537 -36 -172 -129 -290 -467 -390 -247 -411 -558 -42 -463 -46 487 -498 -126 -597 -555 -342 -433 -322 -159 -335 -345 -246 -494 -585 -286 -154 -425 -572 -439 0
-129 -390 -52 -537 -36 -172 -467 -534 -558 -463 -46 487 -126 -597 -555 -433 -322 -159 -286 -154 -588 -476 -167 -325 -141 -100 -517 -316 0
-517 -36 -52 -286 -167 -588 -154 -46 -433 -467 -316 -322 -537 -172 -534 -558 -463 -126 -555 -159 -476 -325 -141 -100 -518 0
489 -6 -154 -433 0
-441 -129 -286 -335 -112 -463 -36 -222 -172 -322 -433 -154 -52 -467 -432 -46 487 -82 -316 -341 -439 -167 0
-169 -588 -316 -130 -154 -433 -322 -167 -467 -517 -172 -286 -52 -82 -46 -432 -378 -62 -27 -161 -73 -559 -57 441 -166 377 -341 0
587 -438 -279 -158 -492 -316 0
48 -588 -130 -154 -433 -322 -167 -467 -517 -172 -286 -52 -82 -46 -432 -169 -62 -27 -161 -316 -559 -57 441 -341 -376 0
47 -376 -172 -52 -36 -1 -467 -167 -154 -433 -286 0
-316 -463 -433 -322 -167 -467 -172 -286 -52 -46 -154 -36 -537 -534 0
291 -390 -62 -407 -326 -559 -543 -44 -129 -335 -537 -82 -499 -467 -146 -517 -546 -172 -73 0
336 -326 -172 -517 -546 -82 -44 0
125 -475 -82 -467 -517 -62 -559 -543 -44 -335 -172 -546 -105 0
-139 -42 -36 -345 -534 -380 -494 -202 -480 -307 -52 -129 -537 -77 -390 -27 -141 -467 0
500 -51 -408 -246 -105 0
533 -305 -446 -51 -42 -77 -494 -392 -520 -57 -425 -556 -36 0
Solved
