135 -244 -346 -121 -100 0
-244 -121 -346 -100 -133 0
347 -133 -400 -365 -10 -210 -289 -397 -151 -100 0
418 -107 -316 -82 -295 -397 -181 -400 -97 -10 -58 -289 -139 -151 -100 -346 -365 -210 0
348 -135 -289 -139 -10 -151 -100 0
347 -365 -289 -139 -151 -400 -10 -210 -397 -100 0
422 -316 -241 -10 -400 -289 -139 -151 -100 -346 -397 -82 -295 -181 -97 -58 -265 0
348 -366 -397 -10 -400 -289 -209 -151 -139 -100 0
-365 -14 -366 -289 -139 -151 -400 -10 347 -397 -100 0
208 -224 -1 -286 -104 -185 -131 0
424 -241 -286 -1 -82 -295 -181 -97 -58 -397 -400 -10 -289 -139 -151 -100 -346 -265 -421 0
209 -92 -345 -262 -246 -27 -123 -420 -241 -10 -400 -289 -139 -151 -100 -346 -397 -82 -295 -181 -97 -58 -265 -421 0
348 -241 -265 -10 -400 -289 -139 -151 -100 -346 -397 -82 -295 -181 -97 -58 -421 -262 0
208 -149 -388 -372 -176 -391 -104 -93 -131 -1 -286 -224 0
427 -73 -307 -160 -109 -1 -286 -265 -421 -82 -289 -139 -151 -400 -10 -397 -181 -58 -346 -262 0
347 -100 -289 -139 -151 -400 -10 -397 -421 -265 -427 0
-100 -151 -397 -10 -400 -289 -421 -139 -265 -427 -346 0
208 -27 -68 -262 -286 -72 -1 -225 -265 -22 -421 -365 -132 0
209 -72 -73 -160 -225 -427 -265 -132 0
348 -73 -160 -58 -265 -133 -1 -427 -262 -286 -22 -421 -397 -400 -10 -289 -139 -151 0
267 -388 -80 -160 -176 -73 -330 -71 -58 -224 -133 -1 -366 -421 0
208 -69 -224 -26 -104 -286 -262 -131 -1 0
430 -286 -160 -262 -1 -265 -58 -421 -397 -400 -10 -289 -139 -22 -307 -109 -82 -181 0
291 -151 -400 -430 -10 0
-151 -430 -400 -10 -289 0
11 -100 -1 -22 -209 -346 -366 -430 -397 -400 0
343 -186 -93 -262 -26 -346 -100 -133 0
210 -80 -176 -108 -93 -26 -122 -262 -346 -100 -82 -295 -181 -97 -58 -135 -273 -336 -104 -131 -1 0
-100 -104 -82 -1 -286 -366 -209 -108 -262 -181 -58 -428 -430 -397 -400 -289 -10 -22 0
208 -104 -286 -262 -1 -289 -10 -400 -22 -397 -366 0
12 -245 -213 -163 -160 -78 -224 -346 -393 -104 -430 -132 -400 -289 -272 0
266 -430 -22 -160 -397 -400 -10 -289 -58 -286 -1 -262 -82 -181 -421 0
-104 -224 -262 -1 -289 -10 -400 -22 -397 -210 -286 -105 0
225 -365 -210 -22 -1 0
402 -100 -297 -58 -429 -134 -181 -346 -334 -430 -10 0
-100 -297 -346 -334 -430 -10 -400 -134 -58 -429 -181 0
401 -148 -85 -160 -283 -20 -371 -107 -177 -273 -346 -334 -430 -70 -10 0
364 209 -371 -160 -265 -225 -131 -289 -10 -400 -85 -107 -334 -430 -70 -58 -429 -181 -22 0
370 -241 -109 -92 -195 -177 -307 -160 -81 -74 0
372 -123 -246 -27 -212 -150 -205 -388 -163 0
209 -371 -265 -225 -109 -307 -160 -205 -58 -334 -289 -430 -70 -10 -400 -397 -365 -131 -85 -107 -429 -181 -22 -286 -1 0
-224 -365 -10 -397 -289 -400 -210 -265 -109 -307 -160 -58 -430 -107 -429 -181 -22 -286 -1 -262 -105 0
11 -286 -262 -1 -265 -22 -421 -365 -144 -210 -71 -130 -400 -289 0
436 -262 -1 -289 -10 -400 -22 -397 -265 -109 -307 -160 -58 -139 0
-181 -286 -22 -160 -397 -400 -10 -289 -58 266 -1 -262 -430 -296 -421 -182 0
-286 -83 -122 -205 -245 -163 -344 -262 -186 -93 -133 -372 -26 -296 -22 -160 -397 -400 -10 -289 -58 266 -1 -430 -421 -182 -287 0
286 -283 -85 -388 -372 -80 -205 -176 -163 -93 -276 -186 0
364 -122 -205 -245 -163 -344 -262 -186 -93 -133 -372 -26 -286 -22 -160 -397 -400 -10 -289 -58 266 -1 -430 -83 -182 -287 -15 0
371 -122 -245 -26 -213 -149 -205 -388 -163 0
-430 -245 12 -160 -163 -224 -132 -400 -289 -272 -109 -307 -75 -205 -344 -262 -186 -22 -397 -10 -58 266 -1 -287 -15 -436 -85 -276 -330 0
210 -225 -64 -307 -160 12 -400 -289 -262 -22 -397 -10 -58 -1 -436 -109 -265 0
370 -286 -297 -300 -436 -67 -128 -274 -184 -93 -176 -80 0
164 -114 -412 -32 -274 -407 -286 -205 -184 0
-286 -283 -184 -32 -412 -1 -205 -58 -274 -328 -85 -176 -388 -80 -371 -297 -300 -436 -67 -128 -93 0
370 -49 -67 -306 -274 -315 -93 -300 -176 -307 -80 -75 0
-430 -274 -67 -184 -64 -262 -26 -149 -160 -34 -307 -133 -58 -85 -388 -80 -371 -306 -315 -93 -300 -75 -32 -412 -1 -205 -297 -436 -128 -431 -400 -10 -289 0
-225 -209 -1 -58 -436 -109 -307 -160 -64 -262 -400 -10 -289 -265 -22 -412 12 -397 0
210 -105 -265 -131 0
288 -54 -207 -26 -69 -262 -274 -184 0
206 -211 -26 -54 0
-430 -304 -80 -20 -342 -313 -95 -49 -149 -307 -160 -73 -431 -400 -10 -289 0
372 -285 -49 -87 -307 -388 -73 0
370 -128 -222 -184 -299 -93 -265 -176 -105 -80 0
-209 12 -265 -139 -160 -400 -10 -289 -262 -22 -1 -58 -109 -64 -412 -307 -397 0
372 -212 -8 -412 -148 -85 -205 -388 -163 0
-286 -210 -397 -289 -400 -10 -265 -109 -307 -160 -58 -365 -107 -429 -224 -22 -1 -262 -105 -421 -139 -297 -84 -8 -412 -148 -388 -163 -288 0
12 -160 -10 -139 -397 -289 -400 -265 -109 -307 -58 -22 -1 -262 -412 -64 0
-105 370 -272 -328 -335 -109 -92 -177 -58 -307 -160 -81 -74 -132 -72 -265 -365 -22 -1 0
208 370 -92 -177 -109 -307 -160 -81 -74 -205 -286 -262 0
370 -430 -160 -397 -400 -10 -289 -58 -1 -262 -22 -286 11 -109 -307 -205 -265 0
224 -67 -205 -72 -22 0
-210 -105 -412 -205 -388 -27 -123 -58 -286 -1 -272 -335 -370 -265 -132 -224 -262 -289 -10 -400 -22 -397 -365 0
-105 -224 -22 -365 -265 -412 -205 -388 -27 -123 -58 -286 -1 -272 -335 -370 -132 -262 -289 -10 -400 -397 0
165 -113 -412 -33 -274 -408 -286 -205 -184 0
-430 -388 -412 -1 -205 -58 -286 -265 -22 -262 -289 -10 -400 -397 -160 11 -109 -307 0
-105 -370 -27 -132 -286 -205 -1 -22 -365 -265 -412 -388 -123 -58 -272 -335 -262 -289 -10 -400 -397 0
-370 -178 -436 -132 -365 -177 -160 -388 -81 -73 -265 -27 -286 -205 -1 -22 -412 -123 -58 -272 -335 -262 -289 -10 -400 -397 0
-105 -225 -72 -272 370 -335 -109 -92 -177 -58 -307 -160 -81 -132 -265 -365 -22 -1 0
-388 -286 -1 -109 -307 -160 -205 -262 -265 -58 -22 -412 -289 -10 -400 -397 -139 11 0
225 -365 -22 -1 0
273 -205 -72 -22 -225 -153 -335 -139 0
223 -210 -205 -400 -10 -289 -274 -184 -388 -211 -370 -132 -105 -72 0
224 -211 -27 -205 -22 -72 0
-105 -370 -205 -400 -10 -289 -274 -184 -388 -211 223 -132 -265 -72 0
367 -407 -400 291 -10 -284 -187 -74 -29 0
151 -367 -67 -274 -64 -211 -377 -27 -150 -123 -160 -293 -216 -34 -133 -307 -58 -49 -329 -284 0
-367 -377 -274 -205 -67 -153 -64 -211 -27 -150 -123 -160 -293 -216 -34 -133 -307 -58 -49 -329 -284 0
367 -129 -412 -164 -113 -187 -184 -74 -29 -400 291 -10 -284 0
213 -67 -274 -367 -205 0
208 -164 -205 -211 -412 -274 -113 -187 -184 -74 -29 -400 291 -10 -284 -143 -22 -365 0
-370 -205 -211 -400 291 -10 -29 -58 -274 -184 -133 -1 -412 -22 -365 -388 -81 -265 -289 223 -72 0
212 -367 -20 -153 -107 -258 -274 -174 -285 -205 -27 0
-367 -176 -92 -347 -274 -400 291 -10 -205 -211 -20 -107 -258 -174 -285 -27 0
165 -298 -68 -220 -95 -406 -356 -184 -5 0
-205 -10 -400 -307 -160 -58 -1 -412 -22 -265 -289 -109 -262 -397 -139 11 0
369 -49 -96 -73 -313 -307 -160 -129 -86 -412 -33 -320 -211 0
75 -189 -109 -341 -81 -96 -21 -307 -199 -160 0
275 -313 -270 -307 -73 -109 -341 -81 -96 -21 -160 -139 -282 -29 -86 -412 -33 -211 -365 -288 -210 0
439 -307 -139 -412 -22 -1 -400 -58 -289 -397 -64 0
75 -28 -416 -10 -49 -439 -307 -199 -160 0
-72 -273 -370 -10 -105 -87 -400 -225 -70 -205 -67 -22 0
209 -265 -412 -22 -1 -400 -58 -289 -430 -81 -10 -370 -225 -70 -205 -67 -49 -406 -280 -307 -184 0
-72 -105 -130 -10 -289 -400 -225 -70 -205 -67 -22 0
401 -399 -58 -93 -289 -328 -81 -10 0
-265 -289 -400 -211 -10 -370 -58 -274 -184 -1 -412 -22 -365 -81 -205 -225 -93 -210 -430 -70 -67 -49 -406 -280 -307 0
-289 -81 -58 -93 -365 -10 -400 -22 -205 -67 -225 -406 -184 -299 -210 -211 -370 -274 -1 -412 -430 -70 -49 -280 -307 0
-81 -385 -302 -307 -49 -416 -412 -28 -225 -205 -67 -22 -10 -400 -430 -152 -58 -93 -365 -406 -184 -299 -210 -211 -370 -274 -1 -70 -280 0
73 -58 -302 -412 -93 -49 -416 -152 -28 -10 -165 -400 -307 -225 -205 -67 -22 -299 -365 -406 -184 -210 -211 -274 -1 -280 0
75 -22 -10 -400 -416 -49 -225 -307 -199 -205 -67 -28 0
365 -220 -299 -406 -184 -296 -93 -399 -210 0
-289 -370 -93 -448 -205 -400 -10 -274 -184 -211 223 -210 -72 -430 0
-72 -22 -49 -416 -412 -302 -152 -93 -205 -400 -10 -274 -184 -211 -210 -28 -165 -225 -67 -307 -299 -406 -1 -280 -75 0
224 73 -302 -412 -93 -49 -416 -152 -28 -10 -165 -400 -307 -225 -205 -67 -22 -299 -210 -406 -184 -211 -274 -1 -280 -244 -449 -139 -273 -336 0
-58 -283 -406 -184 -85 -262 -388 -26 -370 -122 -103 -244 -131 -133 -210 -59 -302 -412 -93 -49 -416 -152 -28 -10 -165 -400 -307 -225 -205 -67 -22 -299 73 -211 -274 -1 -280 0
79 -22 -210 -184 -1 -93 -280 -26 -302 -412 -49 -416 -152 -28 -10 -165 -400 -307 -225 -205 -67 -406 -299 -211 -274 -199 0
371 -58 -22 -152 -210 -302 -412 -93 -49 -416 -28 -10 -165 -400 -307 -205 -67 -299 -225 -406 -184 -211 -274 -1 -280 -75 0
370 -36 -273 -336 -225 -222 -406 -184 -160 -165 -75 0
-22 -412 -93 -302 -152 -165 -225 -406 -184 -160 -299 -307 -49 -416 -210 -1 -280 -26 -28 -10 -400 -205 -67 -211 -274 -199 0
74 -81 -10 -28 -400 -346 -430 -199 0
-81 -430 -10 -400 -28 -370 -199 -73 -346 0
-430 -289 -370 -10 -400 -28 -199 -73 0
-289 -58 -73 -370 -165 -240 -199 -28 -10 -140 -152 -400 0
431 -348 -400 -370 -73 0
75 -187 -240 -28 -165 -412 -370 -199 0
-187 -370 -95 -307 -199 -160 -73 -240 -165 -412 -28 0
-370 -73 -10 -400 -160 -95 -28 -307 -49 -416 -199 -240 -165 -412 0
74 -230 -412 -313 -95 -49 -307 -160 0
-412 -28 -10 -152 -416 -49 -307 -199 -95 -160 -406 -184 -165 -400 -280 -1 -225 -143 -93 -302 -299 -210 -26 -205 -67 -211 -274 0
75 -55 -49 -386 -307 -71 0
151 -370 -87 -210 -225 -1 -336 -280 -273 -448 -291 0
-370 -80 -188 -199 -75 -431 -152 -87 -210 -225 -1 -336 -280 -273 -448 -291 0
-67 -210 -307 -160 -10 -400 -93 -205 -211 -274 -321 -369 -288 -69 0
30 -49 -307 -321 -412 -81 -151 -225 -430 -70 -400 -385 -10 0
401 -81 -430 -151 0
-81 -225 -205 -370 -288 -307 -321 -412 -151 -211 -430 -70 -400 -385 -10 -142 -28 0
-225 -412 -205 -210 -93 -337 -385 -151 -142 -28 -430 -70 -10 -400 -370 -288 -307 -321 -211 0
-412 -28 -210 -370 -337 -385 -151 -160 -430 -10 -211 -400 -142 -205 -70 -93 -288 -307 -321 0
223 -246 -415 -141 -50 -272 -288 -335 -3 0
308 -149 -160 -378 -292 -64 -215 -442 -36 0
-81 -112 -307 -160 -64 -211 -370 -205 -288 -229 -337 -369 -385 -151 -142 -321 -28 -430 -70 -31 -10 -400 0
224 -148 -9 -389 -311 -259 -112 -211 -205 0
223 -366 -210 -130 -104 -23 0
-28 -337 -210 -93 -205 -321 -385 -369 -151 -142 -430 -70 -10 -400 -370 -307 -160 -64 -211 -288 0
-81 -430 -151 -400 -80 0
73 -370 -210 -151 -142 -211 -400 -93 -205 -369 -321 -10 -307 -160 -64 -288 0
-430 -81 -370 -400 -73 -151 0
224 -122 -321 -33 -369 -288 -27 -211 -205 0
372 -448 -399 -210 -93 -330 -272 -335 -205 -94 -440 -224 -307 -160 -72 -73 0
188 -417 -369 -321 -201 0
153 -399 -33 -321 -369 -29 -211 -205 -335 -272 -64 -307 -160 -73 -370 -210 -93 -94 -440 -72 -288 -27 -81 -346 -290 0
223 -440 -210 -205 -400 -211 -10 -370 -274 -29 -81 -72 -307 -64 -284 -290 -399 -329 -93 -177 -94 -140 -160 -272 -73 -335 0
225 -145 -298 -321 -57 -33 -210 -365 -149 -449 -389 -140 -272 -211 -335 -205 -104 0
371 -29 -369 -211 -205 -223 -298 -321 -33 -210 -140 -272 -335 -399 -93 -94 -177 -307 -160 -81 -73 0
224 -56 -313 -270 -321 -186 -51 -369 -288 -211 -27 -205 -33 0
402 -81 -93 -211 -205 -321 -369 -94 -307 -160 -73 -370 -298 -210 -288 -400 -10 -274 -64 -151 0
223 -26 -205 -211 -288 -94 -370 -307 -160 -273 -73 -336 -71 0
207 -187 -370 -307 -71 -73 -30 -369 -288 -223 -211 0
74 -313 -3 -288 -210 -262 -120 -164 -94 -370 -307 -160 0
51 -169 -185 -273 -210 -389 -265 -149 -298 -227 -61 -304 -313 -269 0
-81 -370 -369 -298 -210 -288 -94 -321 -307 -160 -142 -211 -205 -10 -400 -93 -274 -64 -151 0
51 -257 -359 -269 -185 -273 -210 -389 -265 -149 -298 -227 -169 -304 -313 0
206 -149 -210 -389 -288 -285 -50 -359 -269 -185 -273 -265 -298 -227 -304 -313 -108 -342 -142 -26 -223 -211 0
-370 -321 -400 -160 -307 -10 -369 -288 -211 -205 -210 -298 -142 -93 -151 -94 -274 -64 0
184 -149 -388 -336 -273 -270 -24 -142 206 -211 -264 -210 -93 0
75 -49 -210 -186 -388 -336 -273 -24 -142 206 -211 -93 -94 -266 -307 -160 0
-49 -6 -82 -87 -321 -222 -298 -266 -93 -210 -186 -3 -288 -94 -307 -160 -72 -73 -388 -336 -273 -24 -142 206 -211 0
11 -336 -273 0
225 -273 -142 -79 -211 -400 -10 -151 -93 -210 -288 -82 -321 -298 -94 -307 -160 -73 -388 -163 -205 -103 0
-336 -412 -151 -93 -284 -113 -86 -79 -388 -400 -273 -10 -335 0
-273 -223 -307 -79 -400 -10 -151 -93 -388 -321 -369 -288 -211 -163 -205 -73 -142 -210 -82 -298 -94 -160 -103 0
207 -188 -307 -73 -321 -29 -369 -288 -27 -211 -163 0
308 -292 -160 -215 -73 -36 0
-223 -210 -93 -160 -94 -73 -307 -163 -205 -321 -369 -288 -211 -79 -400 -388 -10 -151 -142 -82 -298 -103 0
74 -416 -273 -334 -28 -26 -10 -54 -94 -400 -142 -307 -199 -70 0
207 -273 -73 -321 -369 -288 -211 -163 -10 -400 -70 -307 -334 -94 -142 0
75 -186 -93 -210 206 -211 -22 -94 -400 -142 -307 -160 -70 0
-273 -151 -93 -1 -210 -369 -82 -334 -79 -10 -22 -94 -400 -142 -307 -160 -70 -73 -211 -163 -205 -321 -288 0
-274 -275 -400 -307 -160 -211 -205 -10 0
12 -395 -263 -338 -27 -386 -400 -29 0
95 -71 -400 -273 -10 -338 -386 -367 -211 -195 -205 -351 -67 0
144 -284 -95 74 -230 -307 -160 -86 -113 -128 -365 -14 -23 0
207 -336 -14 -95 74 -307 -160 -273 -365 -185 -2 -367 -286 -211 -67 0
-336 74 -91 -319 -367 -286 -211 -205 -14 -185 -307 -160 -273 -365 -2 -67 -400 -10 0
74 -365 -14 -205 -211 -266 -400 -273 -10 -91 -319 -367 -286 -185 -307 -160 -2 -67 0
72 -355 -300 -407 -164 -185 -91 -169 -266 -172 -307 -50 -417 -273 -187 -336 -200 -224 -74 0
70 -121 -373 -281 -153 -2 -431 -224 -74 0
287 -336 -185 -91 -266 -307 -273 -74 -71 -2 -431 -32 -319 -30 -67 -367 -205 -26 -211 0
75 -104 -266 -441 -371 -160 0
-336 -74 -400 -266 -160 -273 -367 -205 -211 -185 -2 -286 -91 -307 -319 -67 -10 0
186 -303 -102 -345 -246 -114 -417 -14 -189 -365 -81 -240 -399 -243 -177 -407 -164 -91 0
73 -388 -185 -102 -345 -246 -14 -365 -81 -399 -91 -319 -67 -367 -205 -211 -286 -2 -225 -432 -72 0
298 -243 -73 -160 -72 209 -225 -359 -81 -111 -372 -440 -103 0
223 -174 -27 -91 -73 -160 -72 209 -225 -359 -81 -372 -440 -194 -350 -95 -319 -67 -367 -205 -211 -286 0
209 -273 -367 -286 -211 -205 -91 -160 -67 -307 -400 -319 -10 0
-336 -225 -372 -366 -273 -163 -15 -205 -67 -72 -149 -400 -10 0
206 -225 -286 -3 -211 0
-225 -50 -319 -367 -286 -372 -211 -163 -205 -3 -400 -10 -366 -273 -15 -67 -72 -149 0
-74 -163 -367 -286 -400 -211 -67 -10 -273 -205 -319 -3 -366 -15 -307 -160 -73 0
-72 -284 74 -95 -230 -307 -160 -113 -128 -15 -205 -67 -225 0
223 -242 -360 -80 -110 -371 -441 -267 -299 -221 0
-225 74 -273 -3 -267 -10 -400 -135 -307 -160 -15 -205 -67 -406 -319 -367 -211 -163 -286 0
184 -73 -367 -286 -400 -211 -10 -273 -205 -3 -267 -135 -307 -160 -15 -67 -366 -319 0
-67 -343 -269 -134 -50 -368 -273 -211 -205 -160 -307 -400 -10 -287 -69 0
288 -417 -92 -357 -269 -185 -50 0
321 -343 -92 -269 -185 75 -386 -307 -71 -287 -357 0
448 -151 -291 -140 0
286 -398 -448 -92 -414 -185 75 -386 -307 -71 0
224 -74 -307 -119 -160 -211 -205 -368 -273 -69 -287 -336 -72 0
50 -321 -160 -276 -441 -69 -264 -186 -174 -171 -34 -344 -307 -268 0
274 -415 -281 -123 -31 -133 -368 -321 -209 0
184 -14 -397 -209 -92 0
96 -356 -113 -229 -379 -337 -310 -385 -260 -193 -414 -307 0
95 -337 -394 -385 -119 -193 -351 -307 0
-321 -239 -307 -113 -260 -119 -74 -160 -441 -30 -264 -165 -186 -397 -209 -22 -368 -143 -69 -276 -281 -123 -31 -133 -305 -314 -51 -174 -171 -34 -344 -268 0
288 -74 -119 -307 -160 -441 -264 -397 -22 -143 -69 -30 -368 -113 -260 -165 -123 -31 -133 -305 -314 -174 -171 -34 -344 -268 -1 0
309 -61 -123 -305 -165 -79 -188 -416 -242 -93 -302 -171 -344 -386 -268 -95 -74 -49 0
-61 -188 -79 -305 -416 -314 -49 -307 -123 -165 -242 -93 -302 -171 -344 -386 -268 -95 -74 0
68 -321 -264 -184 -220 -79 -305 -314 -49 -307 -123 -165 -171 -344 -268 -74 -441 -30 -368 -274 0
73 -293 -216 -228 -388 -149 -160 -351 -194 -386 0
186 -386 -139 -151 -430 -291 -74 -216 -228 -388 -160 -351 -194 -397 -14 -274 -368 -321 -417 -357 -171 -159 -326 0
-386 -194 -160 -441 -74 -264 -184 -139 -151 -430 -291 -216 -228 -388 -351 -397 -14 -274 -368 -321 -417 -357 -171 -159 -326 0
75 -351 -119 -441 -264 -338 -160 0
96 -321 -178 -160 -85 -388 -103 -74 -119 -441 -264 -79 -436 -274 -368 -30 -184 -139 -151 -430 -291 -397 -14 -171 -305 -314 -268 -49 -34 -307 0
-321 -388 -85 -79 -268 -174 -74 -49 -34 -307 -178 -160 -103 -119 -441 -264 -436 -274 -368 -30 -184 -139 -430 -291 -397 -171 -305 -314 -22 -143 -69 -220 -123 -165 -344 0
308 -195 -406 -441 -184 -264 -20 -94 -49 0
73 -85 -388 -20 -79 -188 -342 -417 -268 -174 -94 -49 -34 -307 -406 -441 -184 -264 -386 0
-74 -336 -160 -69 -368 -119 -165 -287 -113 -260 -26 -273 -307 -72 -225 -211 -205 0
-319 -321 -184 -273 -211 -205 -160 -307 -400 -10 -287 -72 224 -398 0
319 -227 -371 -184 -165 -150 -398 -338 -311 -57 -386 -260 -195 -30 -351 -291 -140 -96 -200 -69 -416 -368 -400 -307 -160 -211 -205 -10 -32 0
50 -184 -30 -368 -200 -273 -211 -205 -160 -307 -400 -10 -287 -72 224 -398 -371 -165 -150 -338 -386 -260 -195 -351 -291 -140 -96 -69 -32 -304 -313 0
-184 -389 -26 401 -371 -134 -165 -343 -400 -307 -160 -211 -205 -10 -287 -269 -368 -273 -69 -51 -30 -200 -72 224 -150 -338 -386 -260 -195 -351 -291 -140 -96 -304 -313 0
-50 -262 -26 -195 -91 -351 -325 -400 -307 -160 -211 -205 -10 -96 -269 -343 -134 -368 -273 -287 -69 -51 0
275 224 -211 -72 -205 -262 -195 -351 -398 -96 -208 -91 -69 0
-336 -72 -273 -205 -307 -160 -211 -69 -287 -26 -165 -368 -260 -225 -119 -113 0
276 -55 -345 -150 -339 -75 -72 -225 -299 -165 -184 -262 -441 -273 -12 -30 -368 0
68 -195 -72 -12 -273 -307 -345 -26 -184 -368 -287 -165 -386 -225 -160 -351 -96 0
11 -394 95 -72 -119 -351 -307 -402 -30 0
262 -209 -287 -415 -201 -160 -225 -72 -30 -12 95 -119 -351 -307 -26 0
74 -3 -209 -220 -298 -225 -370 -72 0
49 -229 -31 -56 -400 -386 -72 -75 -209 -220 -298 -225 -370 -287 0
73 -400 -431 -72 0
369 -56 -113 -225 -72 -298 -151 -386 -287 -165 -184 -26 -263 -160 -12 95 -119 -351 -307 -274 0
29 -416 -26 -184 -274 -356 -319 -109 -263 -441 -189 -12 0
264 -269 -345 -158 -209 -109 -441 -12 -273 -150 -227 -341 -371 -142 -165 -54 -184 -205 -211 -72 224 -26 0
186 -389 -86 -150 -113 -227 -371 -104 -266 -406 -209 0
50 -209 -406 -165 -184 -150 -113 -371 -36 -273 -109 -12 -400 -441 -26 -263 -345 -341 -142 -54 -205 -211 -72 224 -304 -313 0
49 -189 -151 -400 -73 -371 -319 -406 -165 -274 -184 -287 0
-73 -356 -113 -260 -109 -36 -26 -273 -319 -406 -263 -56 -274 -307 -160 -211 -205 -184 -165 -12 -345 -341 -142 -54 -72 -51 -151 -287 -225 -199 -75 0
-195 -96 -273 -184 -225 -119 -351 -307 -386 -113 -260 -26 -160 -211 -205 -165 -54 -287 -368 -72 -69 0
-96 -386 -351 -160 -307 -273 -184 -225 -119 -113 -260 -26 -211 -205 -165 -54 -287 -368 -72 -69 0
75 -263 -119 -194 -351 -386 -160 0
-10 -131 -414 -113 -307 -160 -211 -205 -400 -85 -209 -33 -105 -390 -368 -441 -273 -30 -12 0
276 -407 -220 -368 -345 -55 -339 -75 -72 -225 -150 -165 -184 -262 -441 -273 -12 -30 0
11 -85 -113 -152 -414 -33 -17 -260 -357 -172 -407 -199 -35 -368 -273 -30 0
320 -314 -50 -55 -287 -414 -276 -33 0
344 -326 -270 -169 0
185 -50 -69 -345 -368 -287 -273 -12 -113 -260 -357 -35 -72 -225 -165 -184 -160 -26 -351 -194 -386 -74 -119 0
73 -400 -93 -69 -274 -307 -160 -211 -205 -210 -351 -264 -194 -225 -386 -72 0
-10 -400 -113 -285 -54 -408 -26 -368 -210 -93 -69 -225 -28 -274 -307 -160 -211 -205 -12 0
245 -151 -26 -432 -170 -140 -345 0
71 -365 -149 -128 -389 -113 -95 -307 -73 -160 -199 -187 -240 -165 -28 -32 -57 -400 -315 0
276 -389 207 -307 -73 -288 -211 -225 -72 -149 -95 -160 -28 -57 -400 -315 -210 -134 -432 -140 -345 -357 -285 -417 -408 -201 0
223 -397 -364 -400 -13 -72 -24 0
-400 -285 -408 -315 -72 -225 -270 -357 -417 -210 -93 207 -307 -288 -211 -95 -160 -273 -205 -194 -351 -386 -74 -264 0
75 -139 -345 -417 -285 -408 -55 -368 -194 -29 -430 -386 0
-386 -351 -184 -307 -160 -225 -273 -72 207 -211 -205 0
75 -400 -368 -273 -29 -12 -345 -26 -194 -119 -351 -338 -160 0
186 -10 223 -72 -143 -69 -307 -160 -211 -205 -400 -287 0
67 -407 -152 -85 -33 -17 -260 -113 -172 11 -199 -368 -273 -30 -307 -400 -430 -10 -95 0
-30 -33 -69 -152 -17 -260 -113 -172 -199 -368 -273 -307 -400 -430 -351 -194 -231 -262 -165 -184 223 -72 -143 -160 -211 -205 -287 -12 -29 0
-10 -370 -430 -81 -400 -406 -262 -69 -184 -307 -160 -211 -205 -274 223 -72 -143 -287 -12 0
408 -242 -140 -439 -400 223 -72 -152 -345 -270 -169 -262 -210 -93 -184 0
276 -189 -430 -81 -400 -307 -194 -351 -160 -439 -262 -184 -406 -140 223 -72 -152 -345 -270 -169 -319 -287 0
-400 -194 -184 -69 -307 -72 -351 -160 -287 -273 -211 -205 -368 -260 -113 -165 -29 -26 -225 -338 -74 -119 0
275 -436 -119 -338 -351 -264 -160 -74 -178 -103 -296 -22 -143 -210 -93 -69 0
153 -189 -79 -416 -133 -123 -345 -430 -290 -139 0
208 -414 -450 -151 -140 -113 -128 -103 -296 -266 -14 0
186 -210 -171 -345 -133 -307 -151 -113 -103 -296 -123 -22 -143 -430 -139 -69 -79 -290 -220 -31 -29 -368 -119 -338 -351 -264 -160 -74 -178 -287 0
-210 -151 -74 -368 -430 -29 -314 -305 -85 -388 -79 -103 -160 -307 -440 -194 -264 -165 -184 -171 -345 -133 -113 -296 -123 -22 -143 -139 -69 -290 -220 -31 -119 -338 -351 -178 -287 0
-151 -79 -103 -430 -290 -194 -264 -165 -184 -133 -1 -74 -368 -29 -314 -305 -85 -388 -160 -307 -440 -171 -345 -113 -296 -123 -22 -143 -139 -69 -220 -31 -119 -338 -351 -178 -287 0
185 -210 -328 -103 -194 -275 -132 -264 -79 -165 0
186 -351 -160 -95 -34 -388 -307 -85 -283 -368 -275 -287 0
-351 -184 -307 -160 -225 -273 -72 -211 -205 207 0
185 -210 -12 -225 -72 -74 -307 -440 -195 -26 -264 -368 -165 0
-71 -416 -49 -28 -307 -199 -55 -74 -72 0
-275 -151 -69 -130 -225 -49 -307 -55 -74 -72 -408 -265 -368 -440 -274 -400 -160 -211 -205 0
275 -364 -400 -13 -72 -225 -74 -307 -96 -93 -69 0
194 -400 -72 -74 -26 -307 -264 0
73 -151 -210 -412 -267 -103 -328 -1 -140 -289 -400 -81 -72 0
75 -416 -28 -49 -385 -307 -199 0
-275 -385 -210 -69 -339 -328 -1 -400 -72 -74 -49 -307 -26 -225 -55 -408 -368 -440 -273 -274 -160 -211 -205 0
-400 -93 -225 -74 -307 -96 -72 -69 -210 -1 -49 -26 -408 -368 -440 -273 -274 -160 -211 -205 -394 -264 -195 0
-151 208 -128 -113 -103 -414 -387 -22 -74 -300 -143 -430 -139 -69 -153 0
73 -387 -264 -195 -394 0
276 -49 -307 -195 -74 -264 -394 -29 -368 0
-210 -264 -368 -195 -394 -74 -307 -96 -69 -273 -26 -12 -225 -72 -440 -160 -211 -205 -287 -184 -165 0
-264 -195 -225 -273 -368 -394 -74 -72 -12 -307 -26 -165 -184 -96 -69 -440 -160 -211 -205 -287 0
75 -133 -345 -209 -169 -10 -307 -160 -211 -205 -400 -149 -69 -172 -388 -96 -34 -370 0
208 -242 -368 -400 -72 -225 -74 -307 -96 -69 -10 -370 -262 -184 -160 -211 -205 -430 223 -143 -287 -12 0
-184 -72 -160 -211 -205 -307 -225 -273 207 0
274 -220 -406 -298 -368 -69 0
73 -400 -91 -69 -276 -406 -368 -208 -3 -225 -371 -72 0
369 -109 -440 -243 -12 -320 -28 0
275 -35 -293 -273 -388 -149 -406 -82 -5 -345 -325 -185 288 -50 -368 -440 -12 -387 -339 -262 -194 -119 -350 -95 -208 -91 -69 0
75 -400 -211 -72 -225 -345 -12 -26 -205 -406 -368 -69 -273 -5 -325 -185 288 -262 -119 -208 -91 -371 -307 -160 0
367 -142 -51 -345 -325 -371 -54 -150 -26 -96 -400 -208 -91 -69 -211 -72 -205 -195 -351 -262 224 -276 -200 0
-67 74 -208 -230 -307 -160 -128 -113 -284 -72 -205 -225 -69 0
-400 -208 -113 -211 -72 -205 -91 -262 -69 -230 -307 -160 -225 -406 -368 -345 -325 -371 -54 -26 -239 -12 -273 -5 -185 288 -119 0
274 -74 -307 -371 -51 -103 -31 -281 -123 -133 -368 -209 -267 -406 -220 -69 0
-72 -307 -225 -273 -211 -205 -160 207 0
300 -87 -113 -93 -128 -176 -225 -80 -221 -62 0
432 -264 -439 -80 -266 -299 -113 -93 -128 -225 -221 -306 -315 -307 -49 -284 -152 0
68 -274 -160 -75 -431 -80 -113 -225 -306 -315 -368 -287 -208 -307 -211 -205 -400 0
73 -49 -315 -302 -269 -365 -345 -327 -242 -171 -266 -93 -131 -289 -151 401 0
209 -171 -260 -26 -274 -306 -315 -174 -264 -94 -307 -160 -75 -151 401 -324 -273 -368 -287 -211 -205 -400 0
369 -389 -160 -366 -113 -337 -385 -119 -193 -394 -307 -94 -225 -3 -374 -284 -32 -189 -407 -320 -199 0
73 -264 -307 -287 -3 -320 -368 -160 -366 -113 -119 -94 -225 -186 -123 -165 -151 401 0
367 -61 -306 -315 -298 -51 -220 -73 -400 -184 -371 -151 -165 -274 -287 -407 -200 0
-274 -208 -306 -315 -400 -165 -287 -225 -307 -160 -75 -113 -119 401 -368 -260 -26 -324 -273 -211 -205 -54 -144 -69 0
10 -62 -299 -80 -267 -187 -441 -30 0
305 -366 -150 -371 -398 -165 -91 -186 -400 -73 -67 -211 -15 -273 -205 -286 -267 -3 -307 -160 -367 -135 -319 -299 -80 -187 -441 -30 0
210 -262 -26 -91 -186 -400 -73 -67 -211 -273 -205 -286 -3 -307 -160 -367 -319 -30 -355 -187 -416 -51 -315 -306 -150 -371 -398 -165 -299 -80 -441 0
-73 -22 -80 -113 -408 -225 -273 -30 -186 -3 -400 -211 -205 -91 -160 -286 -307 -367 -319 -67 -208 -26 -416 -51 -315 -306 -398 -165 -299 -95 -201 -75 0
209 -87 -390 -225 -273 -3 -400 -211 -205 -91 -160 -286 -307 -367 -319 -67 0
372 -289 -11 -225 -273 -208 -3 -400 -211 -205 -91 -160 -286 -307 -367 -319 -67 -299 -113 -176 -80 -306 -315 -283 -408 -51 -186 -416 -188 0
-208 -400 -165 -225 -273 -113 -211 -205 -160 -307 -306 -315 -26 -75 -144 -368 -287 -69 -119 401 -260 -324 -54 0
186 -356 -260 -306 -415 -315 -51 -171 -287 -92 0
223 -290 -11 -273 -130 -390 -105 -87 0
152 -390 -273 -11 -225 -130 -105 -283 0
74 -92 -398 -13 -364 -23 -151 -273 -11 -225 -130 -80 -408 -165 -184 -260 -306 -415 -315 -171 -287 -265 -264 -94 -307 -160 0
369 -184 -119 -307 -160 -260 -306 -315 -287 -1 -165 401 -75 -13 -364 -273 -225 -130 -265 -26 -54 -144 -69 -274 0
162 -349 -195 -439 -264 0
161 -389 -284 -225 401 -265 -371 -439 -75 0
92 -371 -26 -55 -264 -195 -96 -160 -284 -225 401 -265 -416 -75 -133 -273 -319 -274 -307 -211 -205 -400 0
162 -349 -96 -274 -307 -160 -211 -205 -400 -69 -195 -264 0
161 -371 -225 401 -265 -284 -75 -273 -274 -307 -160 -211 -205 -400 -69 0
-371 -264 -265 -144 -225 -69 -227 -195 -96 -274 -307 -160 -211 -205 -400 401 -284 -75 -273 -13 -364 -93 -26 -55 -416 -133 -319 0
68 -62 -133 -113 -93 -128 -225 -80 -221 -160 -264 432 -306 -315 -307 -49 -284 -273 -96 -274 -211 -205 -400 -69 -195 0
186 -51 -133 -28 -260 -306 -315 -273 -287 -26 -54 401 -144 -69 -113 -225 -160 -307 -274 -211 -205 -400 -75 -265 -13 -364 -319 -406 0
-10 -81 -199 401 -75 -69 -28 -274 -307 -160 -211 -205 -400 0
276 -148 -160 -225 401 -265 -371 -75 -273 -274 -307 -211 -205 -400 -69 -364 -51 -287 -92 0
-371 -238 -315 -1 -51 -225 -400 -184 -165 -274 -287 -263 -307 -306 367 -407 -26 -75 -54 401 -144 -69 -160 -265 -273 -211 -205 -364 -92 -370 0
-10 -51 -285 -153 -319 -69 -28 -199 401 -75 -274 -307 -160 -211 -205 -400 0
68 -51 -287 -285 -274 -153 0
-51 -274 -26 -54 -144 -69 -287 -307 -133 -273 401 -75 -160 -211 -205 -400 -315 -1 -225 -184 -165 -306 367 -265 -364 -260 -113 -13 0
-10 308 -184 -406 -49 -26 -54 -144 -69 -28 -199 401 -75 -274 -307 -160 -211 -205 -400 0
-400 -144 -54 -26 -69 -324 -273 -75 -307 -160 -211 -205 -287 -315 -225 -165 -306 -260 -113 -368 -119 -402 0
74 -188 -93 -171 -356 -264 -416 -195 -242 -350 -199 -160 0
91 -107 -158 -424 -302 -269 -244 -123 -347 -242 -176 -171 0
271 -128 -146 -113 -302 -343 -225 -390 -336 0
80 -371 -414 -225 -151 -273 -302 -10 -28 -416 -406 -356 -397 -184 -171 -93 -158 -269 -123 -242 -227 -113 -75 -264 -195 -350 -199 -160 0
74 -28 -195 -10 -350 -264 -160 -93 -171 -356 -416 -242 -199 0
-371 -414 -79 -225 -151 -273 -302 -10 -28 -416 -406 -356 -397 -184 -171 -93 -158 -269 -123 -242 -227 -113 -75 -264 -195 -350 -199 -160 0
272 -145 -210 -298 -184 -264 -260 -306 -171 -315 -51 -92 -287 -356 -217 -189 -174 -28 -36 -10 0
-92 -302 -379 -311 -416 -260 -356 -174 -36 -273 -210 -298 -184 -264 -306 -171 -315 -51 -287 -189 -28 -10 -375 -123 -348 -177 -93 0
347 -151 -430 0
-415 -199 -307 -75 -119 -368 -241 -195 -264 -160 -10 -273 -94 -174 -356 -184 -260 -306 -171 -315 -51 -92 -287 -416 0
372 -337 -165 -113 -381 -294 -385 -123 -160 -28 -347 -278 -187 -175 -388 -227 -79 0
371 -359 -294 -160 -215 -62 -388 -79 0
73 -371 -165 -113 -381 -294 -123 -160 -28 -347 -278 -187 -175 -388 -227 -79 0
271 -62 -79 -187 -199 -160 -75 -165 -113 -381 -294 -123 -28 -347 -278 -175 -227 -258 -174 -36 0
-199 -175 -273 -79 -160 -75 -165 -113 -123 -28 -347 -10 -174 -344 -326 -306 -260 -315 -307 -356 -51 -119 -368 -241 -195 -264 -94 -184 -171 -92 -287 -416 0
199 -416 -274 -28 -368 0
417 -187 -274 -123 -273 -347 -368 -10 -79 -28 -171 0
370 -228 -49 -306 -307 -315 -75 0
188 -49 -287 -264 -160 -306 -165 -171 -307 -315 -75 -244 -123 -273 -347 -10 -79 -28 0
50 -184 -225 -151 -273 -371 -10 -28 -416 -397 -79 -171 -123 -113 -75 -264 -195 -199 -160 -274 -319 -31 -412 -230 -165 -379 -260 -355 -306 -94 -315 -307 -285 0
-184 -412 -171 -264 -355 -195 -94 -307 -49 -225 -151 -273 -371 -10 -28 -416 -397 -79 -123 -113 -75 -199 -160 -274 -319 -31 -92 -230 -165 -379 -260 -306 -315 -285 0
348 -151 -430 0
51 -356 -94 -416 -307 0
91 -92 -28 -274 -416 -287 -75 -307 -273 -79 -160 -165 -113 -123 -175 -347 -10 -174 -199 -306 -260 -315 -119 -264 -94 -184 -171 -368 0
93 -184 -165 -79 -371 -175 0
-92 -93 -28 -274 -416 -287 -75 -307 -273 -79 -160 -165 -113 -123 -175 -347 -10 -174 -199 -306 -260 -315 -119 -264 -94 -184 -171 -368 0
50 -93 -225 -151 -273 -371 -10 -28 -416 -79 -406 -397 -184 -171 -302 -158 -269 -123 -242 -414 -113 -75 -264 -199 -160 -306 -94 -315 -307 0
-184 -416 -225 -151 -10 -245 -324 -113 -273 -371 -28 -79 -397 -171 -123 -75 -264 -199 -160 -306 -94 -315 -307 -31 -368 -287 -274 -165 -175 -347 -174 -260 -119 0
184 -371 -307 -160 -75 -94 -79 -175 -274 -287 -264 0
224 -266 -209 -105 -3 0
309 -92 -119 -307 -75 -10 -199 -28 -368 -225 -298 -79 -371 -306 -264 -165 -315 -287 -184 -94 -260 -171 -415 -160 -356 -50 0
-51 -105 -225 -298 -62 -113 96 -337 -356 -385 -260 -307 -306 -264 -165 -315 -287 -184 -171 -415 -92 -50 0
-195 -390 -419 -228 -318 -306 -241 -159 -326 -264 -160 -184 -351 -194 0
-92 -320 -315 -306 -273 -368 -10 -28 -419 -264 -160 -184 -287 -225 -298 -113 -356 -260 -307 -165 -171 -415 -50 -174 -79 -341 -371 -94 -75 -119 -199 -93 0
-371 -199 -274 -315 -306 -273 -10 -28 -419 -264 -160 -287 -225 -298 -113 -260 -307 -165 -171 -174 -79 -341 -94 -75 -119 -368 -151 -245 -324 -397 -123 -31 -175 -347 0
-51 -356 -119 -337 -307 -160 -94 -113 -379 -385 -260 -229 -10 -273 -344 -145 -245 -298 -227 -63 -306 -264 -315 -184 -171 -92 -415 -287 -50 0
-93 -83 -273 -368 -10 -419 -100 -28 -385 -108 -337 -341 -229 -94 -191 -307 -278 -119 -160 -113 -379 -260 -245 -298 -227 -63 -306 -264 -315 -184 -171 -92 -287 -274 -75 -79 -165 -123 -175 -347 -174 -199 0
-416 -51 -385 -368 -307 -75 -119 -199 -415 -264 -160 -10 -273 -94 -174 -356 -184 -260 -306 -171 -315 -92 -287 -28 -320 0
351 -439 -28 -10 73 -394 -264 -160 0
-199 -28 -245 -160 -273 -368 -10 -171 -307 -94 -119 -264 -274 -419 -100 -341 -191 -113 -260 -298 -306 -315 -287 -75 -79 -165 -123 -175 -347 -174 -225 -151 -324 -397 -31 0
-28 -151 -225 -165 -10 -273 -260 -306 -171 -315 -287 -274 -430 -307 -160 -75 -94 -79 -264 -368 -119 -341 -113 -298 -123 -174 -324 -397 -31 0
-51 -105 -273 -10 -225 -209 -298 -160 -330 -62 -385 -337 -119 -307 -306 -264 -165 -315 -287 -94 -184 -113 -356 -260 -171 -415 -92 -50 0
185 -441 -318 -436 -241 -358 -21 -160 -285 -84 -408 -264 0
158 -35 -273 -390 -160 -358 -228 -62 -306 0
200 -356 -165 -241 -408 -264 -184 -306 -273 -385 -419 -260 -174 -160 -341 -94 -307 -287 -10 -225 -209 -298 -119 -315 -113 -171 -415 -92 -79 -175 -187 -75 0
-356 -184 -225 -10 -408 -264 -165 -273 -151 -260 -306 -171 -315 -92 -415 -287 -430 -307 -160 -75 -201 -241 -385 -419 -174 -341 -94 -209 -298 -119 -113 -79 -187 0
356 -201 -75 -187 -307 -415 -94 0
67 -274 -307 -160 -75 -79 -165 -287 -264 -225 -10 -273 -260 -306 -171 -315 -430 -174 -119 -113 -368 -123 -324 -397 -31 -144 0
-94 -28 -225 -10 -416 -324 -113 -273 -184 -79 -397 -171 -123 -75 -264 -199 -160 -306 -315 -307 -31 -368 -287 -274 -165 -174 -260 -119 -49 -430 -406 -93 -95 0
372 -194 -414 -225 -273 -302 -344 -113 -244 -385 -10 -152 -123 -28 -187 -175 -79 0
81 -175 -264 -160 -306 -165 -171 -307 -315 -75 -49 -123 -273 -244 -10 -79 -28 -187 -287 0
91 -244 -10 -264 -160 -349 -414 -225 -273 -302 -113 -28 -152 -123 -187 -79 -75 -199 -306 -165 -171 -307 -315 -49 -287 0
-175 -450 -414 -225 -113 -343 -10 -284 -244 -28 -152 -123 -187 -79 -176 -264 -160 -306 -165 -171 -307 -315 -75 -49 -273 -287 0
-347 -371 -273 -146 -113 -302 -343 -128 -225 -10 -75 -284 -28 -430 -187 -346 -287 -264 -160 -306 -165 -171 -307 -315 -49 -123 -244 -79 0
-371 -176 -315 -113 -93 -225 -306 -221 -128 -49 -67 -274 -307 -75 -284 -79 -430 -273 -146 -302 -343 -10 -28 -187 -346 -287 -264 -160 -165 -171 -123 -244 0
415 -280 -273 -375 -10 -123 -28 -430 -79 -315 -113 -93 -225 -306 -49 -67 -274 -307 -75 -302 -287 -264 -160 -165 -171 -414 -152 -406 -397 -184 -349 -199 0
276 -368 -320 0
80 -151 -307 -160 -287 -26 -165 -225 -113 -75 -79 -264 -10 -274 -306 -171 -315 -123 -397 -273 -49 -415 -28 -347 -187 -175 0
81 -49 -273 -28 -344 -187 -264 -160 -306 -165 -171 -307 -315 -75 -175 -123 -10 -79 -287 0
-49 -415 -175 -307 -160 -287 -26 -165 -225 -113 -75 -79 -264 -10 -274 -306 -171 -315 -123 -397 -273 -347 -28 -187 -344 0
-415 -274 -160 -75 -79 -165 -287 -264 -225 -10 -273 -307 -306 -171 -315 -113 -123 -397 -347 -175 -28 -187 -26 -371 -184 -344 0
-92 -347 -264 -160 -225 -273 -113 -28 -123 -187 -79 -75 -306 -165 -171 -307 -315 -287 -10 -175 -184 -371 0
-347 -184 -10 -123 -28 -79 -315 -113 -225 -306 -307 -75 -287 -264 -160 -165 -171 -273 -371 -175 -187 0
347 -175 -79 0
80 -49 -225 -113 -10 -28 -123 -187 -79 -264 -160 -306 -165 -171 -307 -315 -75 -175 -273 -287 0
-49 -187 -165 -160 -306 -315 -10 -28 -171 -123 -75 -175 -273 -264 -307 -79 -287 -225 -113 0
81 -187 -123 -273 -28 -347 -10 -79 -171 -186 -283 -268 -415 0
-187 -175 -10 -123 -79 -315 -113 -225 -306 -307 -75 -287 -264 -160 -165 -171 -273 -28 0
417 -274 -307 -160 -75 -79 -165 -287 -264 -225 -10 -273 -306 -171 -315 -174 -430 -113 -368 -123 -324 -397 -31 -213 -151 -199 -371 -70 -245 -49 0
-274 -336 -307 -160 -273 -287 -26 -165 -368 -225 -113 -75 -79 -264 -10 -306 -171 -315 -174 -430 -123 -324 -397 -31 -151 -330 -386 -213 -49 -415 -199 -371 -70 -245 0
274 -184 -287 -93 0
29 -368 -160 -273 -287 -26 -165 -274 -225 -113 -75 -79 -264 -10 -306 -171 -315 -307 -430 -123 -151 -330 -49 -415 -199 -371 -245 -401 0
-416 -406 -184 -273 -10 -28 -93 -79 -171 -225 -371 -123 -113 -75 -264 -199 -160 -306 -151 -315 -307 -401 -274 -430 -319 -49 -189 -139 -133 -345 -290 -415 0
-368 -184 -100 -419 -245 -371 -171 -75 -93 -307 -287 -49 -107 -273 -10 -28 -79 -225 -123 -113 -264 -199 -160 -306 -151 -315 -401 -430 -189 -415 -26 -165 -330 0
-184 -49 -225 -430 -10 -307 -160 -401 -26 -287 -100 -419 -245 -371 -171 -93 -75 -107 -273 -28 -79 -123 -113 -264 -199 -306 -151 -315 -189 -415 -165 -330 0
-49 -371 -199 -75 -245 -306 -415 -315 -287 -93 -225 -430 -10 -307 -160 -401 -26 -100 -419 -171 -107 -273 -28 -79 -123 -113 -264 -151 -189 -165 -330 0
417 -193 -307 -273 -225 -209 -3 -105 -439 -75 -10 -199 -28 -174 -368 -344 -356 -320 -245 0
-211 -274 -160 -75 -79 -165 -287 -264 -225 -10 -273 -144 -306 -171 -315 -307 -174 -430 -113 -123 -324 -397 -31 -205 -286 0
-274 -144 -160 -10 -28 -113 -75 -79 -165 -287 -264 -273 -225 -306 -171 -315 -307 -174 -430 -123 -324 -397 -31 -286 -226 -371 -93 0
369 -283 -273 -225 -151 -371 -75 -10 -406 -199 -28 0
80 -175 -10 -28 -225 -75 -171 -287 -160 -113 -79 -165 -264 -306 -315 -307 -123 -273 0
-416 -319 -10 74 -264 -160 -171 -199 -195 -96 -68 -274 -28 -415 0
-368 -290 -377 -10 -28 -68 -63 -230 -307 -160 -75 -274 -79 -175 -371 -287 -264 -306 -185 -191 -315 -278 74 -171 -199 -415 0
-371 -274 -287 -377 -10 -28 -63 -307 -160 -75 -79 -175 -264 -306 -191 -315 -278 -171 -199 -415 -151 -430 -165 -372 0
30 -368 -79 -189 -123 -430 -274 -151 -307 -160 -75 -165 -287 -264 -225 -10 -273 -306 -171 -315 -113 -205 -26 -402 0
288 417 -273 -307 -225 -209 -75 -10 -199 -28 -368 -320 -245 -96 -151 -55 -284 73 -264 -160 -441 -195 -26 -184 0
-49 -68 -160 -75 -79 -165 -287 -264 -225 -10 -273 -306 -171 -315 -274 -430 -113 -368 -123 -324 -26 -205 -402 -307 -209 -199 -28 -320 -245 -151 -441 -195 -184 -74 -415 -51 0
275 -297 -83 -316 -368 -113 -28 -10 -264 -160 -441 -395 -195 -184 -287 -75 -79 -165 -225 -273 -306 -171 -315 -274 -430 -123 -324 -26 -205 -402 -307 -199 -245 -151 -74 -415 -51 0
-368 -184 -75 -415 -199 -264 -160 -10 -273 -307 -306 -171 -315 -92 -287 -26 -205 -274 -83 -113 -28 -79 -165 -225 -430 -123 -402 -245 -151 -74 -278 -191 -229 -189 0
-274 -175 -10 -28 -75 -264 -160 -273 -307 -306 -171 -315 -113 -79 -165 -225 -123 -287 0
369 -26 -273 -28 -10 -264 -160 -307 -208 -186 -165 -245 -372 -415 -75 -319 -199 0
-175 -123 -113 -10 -28 -264 -160 -307 -165 -75 -287 -306 -171 -315 -79 -225 -273 0
-430 -151 -346 0
50 -400 -113 -273 -151 -79 -10 -225 -165 -287 -307 -160 -211 -274 74 -264 -171 -199 -319 -28 -415 -315 0
-151 -415 -79 -306 -274 -264 -315 -287 -165 -113 -273 -10 -225 -307 -160 -171 -199 -28 -346 -368 -75 0
-286 -184 -160 -273 -75 -10 -199 -28 -368 -113 -225 -67 -264 -165 -274 -307 -287 0
372 -146 -273 -113 -302 -128 -225 -343 -139 -246 -227 0
276 -370 -225 -176 -79 -113 -273 -139 -306 -315 -287 -274 -153 -49 -184 -171 -415 -368 -91 -67 0
275 -211 -274 -67 -225 -113 -165 -184 -91 0
-184 -415 -225 -176 -315 -306 -274 -307 -75 -346 -287 -113 -368 -91 -79 -273 -171 -165 -160 -10 -199 -28 -264 0
73 -135 -273 -60 -10 -289 -399 -132 -104 -79 -371 -71 0
-415 -199 -28 -123 -79 -264 -160 -171 -10 -274 -368 -307 -75 -273 -225 -287 -165 -315 -306 -113 0
430 -187 -79 -28 -10 -199 -75 0
-184 -199 -10 -123 -28 -79 -315 -113 -225 -306 -274 -307 -75 -287 -264 -160 -165 -171 -273 -368 0
-199 -368 -75 -273 -10 -79 -225 -306 -315 -307 -274 -287 -264 -165 -123 -113 -160 -171 -28 0
-368 -274 -79 -28 -75 -10 -273 -225 -306 -315 -307 -287 -264 -165 -123 -113 -160 -171 0
-274 -123 -28 -10 -264 -160 -75 -307 -171 -273 -287 -79 -225 -306 -315 -165 -113 0
185 -357 -336 -225 -171 -273 -67 -307 -28 -10 73 -264 -160 -195 -165 0
184 -131 -336 -225 -3 -208 -273 -283 -441 -370 -408 -264 -165 0
73 -302 -315 -28 -10 -264 -160 -441 -416 -336 -225 -171 -273 -307 -165 -287 274 -408 -291 -346 -386 0
369 -346 -79 -75 -315 -28 -10 -264 -160 -225 -171 -273 -307 -165 -287 274 0
74 -440 -264 -387 -307 -160 0
185 -51 -315 -307 -414 -194 -231 -264 -165 0
-123 -225 -165 -315 -307 -75 -160 -113 -10 -28 -79 -264 -171 -273 -287 -306 0
263 -415 -79 -113 -273 -348 -10 -225 -165 -287 -307 -160 -211 -274 74 -264 -171 -199 -319 -28 -315 -184 -27 0
-415 -199 -10 -264 -160 -171 74 -319 -274 -28 -287 -211 -27 -79 -113 -273 -348 -225 -165 -307 -315 -184 0
30 74 -264 -307 -160 -10 0
-199 -184 -264 -160 -171 74 -274 -28 -287 -27 -79 -113 -273 -348 -225 -165 -307 -315 -10 0
-184 74 -27 -165 -79 -348 -274 -264 -160 -171 -28 -287 -113 -273 -225 -307 -315 -10 0
74 -274 -171 -264 -307 -160 -27 -287 -165 -79 -348 -28 -113 -273 -225 -315 -10 0
-286 -439 -160 -306 -385 -10 -79 -28 -165 -184 -368 -113 -325 -91 -430 -274 -212 -273 -75 -199 -225 -264 -307 -287 0
12 -355 -415 -49 -307 -193 -439 -264 -160 -385 -28 0
262 -415 -28 -10 -160 -307 -264 -306 -79 -165 -184 -368 -113 -274 -273 -75 -225 -287 -171 73 -27 0
71 -315 -306 0
11 -184 -274 -28 -10 -160 -307 -264 -306 -79 -165 -287 -113 -273 -75 -225 -171 73 -27 -246 -402 -324 0
263 -368 -324 -273 -75 -307 -160 -287 -315 -225 -165 -306 -113 -144 -402 -230 -10 -430 -348 -370 -79 -171 -184 -27 0
-184 -113 -79 -160 -307 -28 -10 -264 -306 -165 -273 -274 -75 -225 -287 -171 -315 0
-113 -287 -264 -165 -160 -307 -28 -10 -306 -273 -274 -75 -225 -79 -171 -315 0
29 -91 -165 -79 -184 -274 -368 -122 -370 -86 -343 -225 -273 -173 -355 -351 -307 -160 -193 -439 -385 -10 0
26 -324 -307 -212 -287 -273 -394 73 -264 -368 -10 -28 -165 -79 -184 -274 -86 -225 -160 -193 -439 -171 0
-371 -348 -79 -165 -184 93 -370 0
-67 -63 -315 -306 -415 -193 -307 12 -439 -264 -160 -28 -298 185 -225 -171 -273 -10 73 -195 -165 -68 0
50 -151 -273 -307 -225 -75 -10 -28 -368 -320 -55 288 -415 -96 -245 73 -264 -160 -441 -195 -26 -184 0
371 -366 -9 -298 -312 -306 -315 -273 -307 -225 -75 -10 -28 -368 -320 -55 288 -415 73 -264 -160 -195 -26 -184 -297 -317 -192 -123 -193 12 -439 -171 -165 -68 -79 0
73 -193 -315 -306 -307 -439 -264 -160 -28 -225 -171 -273 -10 -165 -79 -184 -75 -368 -274 -287 -25 -394 0
211 -431 -86 -225 -402 -266 -79 -371 -188 -165 -200 -184 -368 -287 0
262 -368 -264 -160 -171 -274 -28 -10 -287 -225 -79 -165 -184 -307 -75 -315 -306 -273 0
74 -415 -356 -49 -194 -307 -160 -264 -440 0
73 -319 -413 -10 -307 -160 -211 -400 -274 -165 -28 -79 -71 0
-368 -184 -307 -160 -264 -10 -75 -274 -165 -79 -171 -287 -28 -225 -315 -306 -273 0
368 -212 -264 -171 -307 -71 -273 -287 -75 -10 -160 -274 -28 0
-287 -79 -75 -307 -160 -274 -264 -28 -165 -10 -171 -225 -315 -306 -273 0
74 -27 -171 -264 -416 -10 -160 -199 -319 -274 -28 -307 0
30 -120 -160 -28 -10 73 -264 -27 -402 0
-400 -370 -165 -79 -10 -307 -160 -275 -211 -274 -402 0
-368 -50 -307 -28 -10 -264 -160 -171 -165 -79 -275 -274 -71 -75 -212 0
51 -149 -112 -127 -165 -231 -397 -31 -290 -139 -281 -123 -2 -347 -210 -176 -133 -93 -171 -345 -327 -415 -283 -268 0
372 -328 -231 -31 -290 -397 -281 -123 -112 -2 -165 -127 -210 -133 -93 -171 -345 -301 -306 -55 -315 -50 -139 -327 -415 -283 -268 -388 -79 0
51 -328 -348 -177 -79 -93 -171 -327 -283 -268 0
193 -327 -123 -93 -171 -345 -301 -306 -315 -50 -79 -283 -268 -370 -231 -31 -290 -397 -281 -112 -2 -165 -127 -210 -133 -139 -415 -388 0
372 -244 -31 -112 -127 -281 -2 -352 -210 -123 -133 -412 -175 -226 -79 0
170 -226 -123 -79 -370 -31 -112 -127 -281 -2 -352 -210 -133 -412 -345 -93 0
314 -351 -160 -440 -95 -259 -241 -327 -93 -171 -123 -79 -370 -31 -112 -127 -281 -2 -210 -133 -345 -306 -57 0
186 -112 -79 -165 -370 -231 -397 -31 -290 -139 -281 -123 -2 -210 -133 -93 -171 -345 -415 -268 -301 -306 -50 -315 -160 -440 -259 -241 -307 -194 -388 -407 0
27 -31 -281 -139 -345 -133 -231 -397 -171 -407 -210 -165 -93 -185 -79 -370 -290 -2 -415 -268 -301 -306 -50 -315 -160 -440 -241 -307 -194 -388 -212 0
-79 -274 -315 -160 -307 -264 -171 -28 -10 -165 -273 -75 -306 -225 0
50 -274 -370 -176 -343 -10 -165 -307 -160 -275 -79 -264 -28 -171 -315 -306 -415 0
72 -273 -160 -307 -264 -171 -28 -10 -165 -315 -274 -306 -79 0
70 -315 -306 0
81 -268 -325 -343 -185 -141 -165 -430 -370 -176 0
344 -84 -366 -107 -242 -306 -307 -28 -10 -264 -160 -171 -165 -79 -275 -274 -50 -315 -325 0
-274 -315 -264 -185 -325 -343 -242 -306 -307 -28 -10 -160 -171 -165 -79 -275 -25 -370 -176 -398 -415 0
-273 -366 -415 274 -31 -141 -25 -246 -10 -371 -28 -264 -228 -185 -306 -325 -315 -270 -188 -50 -146 -303 -336 0
80 -50 -246 -185 -415 -325 -270 -264 -307 -160 -10 -336 -28 274 -141 -25 -306 -315 -165 -146 -303 -398 -370 0
-50 -141 -10 -415 -325 -343 -185 -28 -165 -370 -176 -79 -246 -270 -264 -307 -160 -336 274 -25 -306 -315 -146 -303 -398 0
345 -315 -79 -28 -10 -264 -160 -171 274 -307 -165 -25 -370 -306 -415 -93 -325 -343 -185 -176 -146 -398 0
369 -212 -415 -261 -319 -355 0
-184 -316 -84 -425 -302 -28 -415 -261 -355 -75 -160 -149 -366 -93 274 -185 0
369 -123 -165 -315 -307 -10 -160 -28 -79 -264 -171 -306 -415 -261 -319 -355 0
372 -56 -302 -264 -307 -160 -10 -28 -165 -315 -79 -171 -306 -415 -261 -355 -25 -93 274 -185 -398 -108 -226 0
-268 -50 -415 -355 -245 -93 274 -176 -325 -343 -185 -165 -370 -79 -302 -264 -307 -160 -10 -28 -315 -171 -306 -398 -25 -269 0
-50 -245 -10 -415 -355 -28 -93 274 -176 -325 -343 -185 -165 -370 -79 -302 -264 -307 -160 -315 -171 -306 -398 -25 -269 0
-315 -370 -306 -165 -415 -93 -10 -355 -28 -176 -325 -343 -185 -79 -264 -307 -160 -171 -398 -25 -146 -242 -275 0
152 -193 -307 -28 -160 -10 -27 -264 73 -120 -95 -69 0
320 -75 -165 -79 -307 -28 -160 -10 -264 -343 -283 -268 -325 -185 -25 -355 -370 -212 -415 -171 -275 -274 -50 0
372 -9 -127 -437 -296 -224 -143 -220 -69 -318 -298 -108 -61 -226 -79 0
186 -290 -210 -398 -430 -231 -401 -176 -226 -165 -79 -370 -437 -296 -224 -143 -69 -318 -61 -146 -301 -343 -137 -310 -268 -157 -407 -325 0
-75 -212 -398 -283 -25 -264 -165 -185 -176 -79 -370 -437 -146 -343 -268 -325 -306 -72 -10 -307 -160 -242 -28 -355 -415 -171 -275 -274 -50 0
75 -274 -10 -79 -165 -307 -160 -275 -370 -28 -176 0
273 -153 -72 -10 -205 -225 -139 -22 0
371 -274 -25 -264 -165 -185 -176 -79 -370 -146 -343 -325 -306 -72 -10 -307 -160 -242 -28 -355 -415 -171 -275 -398 -51 0
-50 -274 -25 -264 -165 -185 -176 -79 -370 -146 -343 -325 -306 -72 -10 -307 -160 -242 -28 -355 -415 -171 -275 -398 -51 0
344 -211 -307 -72 -160 -206 -408 -369 -321 -146 -299 -62 -306 -228 -246 0
-368 -336 -10 -72 -390 -146 -343 -36 -401 -211 -173 -25 -264 -299 -195 -57 -303 -408 276 0
-274 -72 -25 -307 -160 -10 -28 -264 -146 -343 -57 -306 -355 -185 -415 -165 -176 -79 -370 -325 -242 -171 -275 -398 -51 0
335 -414 -57 -450 -302 -343 -273 0
372 -283 -25 -264 -179 -366 -441 -208 -160 -195 -134 -87 -246 -61 -389 -226 -79 0
-184 -310 -415 369 -355 -325 -93 274 -185 0
369 -75 -51 -25 -264 -160 -79 -370 -165 -415 -355 -325 -93 274 -185 -57 -343 -398 -306 -72 -307 -10 -28 0
-184 -261 274 -28 -415 -355 -75 -160 -93 -316 -185 -226 -370 -61 -79 -176 -430 -290 -343 -137 -268 -157 -325 0
-75 -370 -25 -343 -264 -165 274 -28 -415 -355 -160 -93 -185 -79 -176 -325 -306 -51 -72 -242 -10 -307 -57 -398 0
-370 -185 -10 -306 -176 -165 -79 -160 -25 -343 -264 -28 -415 -355 -93 -325 -242 -307 -398 -146 -171 -275 0
-75 -274 -160 -307 -264 -171 -28 -10 -165 -79 -306 -146 -343 -185 -355 -415 276 -73 0
-368 -269 -206 -25 -343 -432 -50 -415 -408 276 0
368 -432 -176 -79 -10 -201 -28 0
-274 -206 -25 -343 -415 -325 -185 -264 -176 -79 -10 -28 -307 -160 -171 -165 -306 -146 -355 -73 -275 0
74 -319 -415 -367 -28 -264 -307 -160 -10 0
-184 -206 -371 75 -441 -160 -306 -415 369 -355 -325 -93 274 -185 0
-93 -28 -306 -79 -160 -415 -355 -325 -10 -343 -307 -264 -25 -171 -165 -91 0
372 -239 -209 -54 -206 -68 -92 184 -399 -33 -402 -177 -79 0
-75 -54 -206 -79 -160 -307 -264 -171 -28 -10 -165 -274 -306 -68 -103 -96 -267 -440 -194 -73 0
184 -96 -209 -68 -92 -307 -79 -160 -264 -171 -28 -10 -165 -274 -306 -399 -33 -177 -25 0
-73 -371 -184 -406 -165 -274 -319 -287 -50 -432 -307 -199 -72 -75 0
73 -346 -50 -274 275 -184 -225 -165 -91 -306 -211 -72 0
-73 -72 -406 -165 -274 -319 -50 -307 -199 -184 -75 -79 93 0
-72 -225 -307 -211 -50 -306 -274 -184 -96 -165 -91 -28 -10 -264 -160 -406 -319 -199 -75 -79 93 0
11 -75 -307 -394 -264 -28 -10 -439 -160 -96 0
72 -273 -307 -264 -171 -28 -10 -165 -274 -160 -306 -79 0
-75 -211 -415 -307 -264 -160 -355 -28 -306 -274 -184 -165 -91 -10 -406 -319 -199 -79 93 -171 0
367 -274 -160 -415 -264 -355 -28 -306 -307 -165 -91 -10 -79 93 -171 -25 0
74 -184 -402 -165 93 -79 -72 0
-184 -75 -264 -306 -386 -72 -213 -402 -165 93 -79 -160 -441 -325 0
74 -188 -79 -402 -201 -72 0
-184 -441 -160 -264 -306 -386 -72 -213 -402 -165 93 -79 -325 0
73 -291 -177 210 -265 -79 -371 0
-274 93 -307 -160 -264 -165 -306 -79 -325 -171 -28 -10 -415 -355 -91 -25 0
-371 -148 -351 -160 -439 -61 -226 -79 -165 93 -184 0
-402 -226 -28 -160 -264 -306 -184 -72 -213 -165 93 -79 -325 -10 -351 -61 -366 -401 0
-75 -72 -415 -367 -355 -28 -307 -264 -10 -160 -306 -184 -319 -213 -165 93 -79 -325 -366 0
75 -193 -319 -355 -367 -28 -10 -415 -439 -307 -160 0
12 -346 -75 -315 -28 -10 -264 -160 -225 -171 274 -307 -165 -287 -79 0
11 -394 -415 -367 -355 -28 -307 -319 -264 -10 -439 -160 -75 0
-184 -67 -415 -171 -307 -28 -10 -264 -160 -165 -319 -367 -355 -306 93 -79 -325 -286 -208 0
441 -300 -105 -224 -67 -206 -213 -367 -28 -10 0
29 -245 -449 -123 -139 -57 -415 -31 -194 -319 -385 -367 0
71 -105 -325 -355 -415 -206 -319 -213 -289 -385 -367 -10 -28 -449 -123 -139 -31 -194 -228 -306 0
30 -225 -343 -105 -315 -208 -365 -147 -415 -31 -449 -406 -319 -213 -324 -289 -367 -10 0
-75 -243 184 -264 -165 -213 -28 -10 -160 -171 274 -307 -79 -343 -147 -415 -325 -355 -123 -306 -399 -402 -177 0
368 -319 -415 -201 -28 0
-28 -306 -343 -415 -79 -10 -307 -160 -264 -165 -171 -325 -355 -25 -91 0
12 -103 -10 -367 -211 -73 184 -307 -160 -319 -265 -415 -123 -368 -343 -272 0
92 -217 -302 -343 -375 -246 -123 -348 -177 0
-273 -265 -208 -103 -225 -3 -328 -282 -153 -375 -348 -123 -449 -246 -343 11 -272 0
-75 -348 -343 -91 -177 -402 -10 -367 -307 -160 -319 -415 -368 -25 -264 -165 -385 -372 -187 356 0
186 -123 -246 -343 -348 -268 -177 -325 -91 0
347 -153 -432 0
-153 -432 -348 0
263 -246 -343 -348 -268 -177 -325 -91 -184 -25 0
-319 -368 -10 -264 -343 -325 -25 -307 -160 -367 -415 -91 -165 -385 -187 -79 -355 0
371 -75 -201 -79 -187 0
12 -159 -306 -312 -317 -213 -68 -355 -415 -187 -79 -165 -184 93 -201 -160 -439 0
-184 -213 -343 -306 -355 -415 -68 -187 -201 -79 -165 93 -307 -160 -110 -10 -317 -325 -264 0
417 -114 -148 -213 -160 -70 -206 -75 -371 -68 -201 -79 -415 -187 -307 -355 0
400 -75 -54 -206 -68 -177 -79 -284 -187 -51 -415 -160 -213 -371 -201 -307 -355 -128 -92 -209 184 -399 0
-75 -206 -68 -174 -415 -187 -307 -201 -355 -371 -440 -79 -10 -402 -54 -177 -284 -51 -160 -213 -128 -92 -209 184 -399 0
-368 -187 -307 -415 -79 -355 -10 -160 -25 -264 -165 -343 -306 -325 -91 -367 -385 0
263 -351 -118 -394 -195 0
416 -225 -205 -275 -343 -320 -325 -91 -79 -165 -184 -371 -306 -10 -264 -118 -385 -307 -160 -75 -259 -200 -355 -187 0
417 -371 -343 -184 -325 -91 -25 -307 -160 -75 -286 -264 -275 -79 -355 -320 -187 0
-371 -205 -25 -10 -160 -79 -75 -200 -187 -264 -275 -343 -320 -325 -91 -165 -184 -306 -118 -385 -307 -259 -355 -415 -286 0
211 -184 -325 -306 -91 -275 -355 -320 -415 -187 -75 -79 -25 -10 -160 -200 -264 -343 -165 -385 -307 0
416 -184 -325 -343 -288 -10 -439 -307 -160 -75 -173 -200 -355 -187 0
-184 -75 -160 -307 -264 -343 -325 -91 -25 -79 -355 -187 -165 -367 -415 -10 -306 -385 0
74 263 -118 -160 -264 -307 0
-75 -187 -79 -160 -264 -307 -25 -165 -343 -325 -91 -355 -367 -415 -10 -306 -385 0
189 -239 -414 -306 -72 -288 -206 -212 -25 -264 -194 -350 -95 -355 -415 -79 0
164 -184 -343 -325 -91 -50 -432 -415 -79 -187 -306 -72 -212 -264 -194 -350 -95 -355 -229 -25 0
-184 -440 -325 -343 -165 -10 -91 -264 -275 -25 -320 -50 -415 -432 -187 -79 -372 -306 -72 -212 -194 -350 -95 -355 -229 0
-25 -26 -170 -79 -160 -264 -307 -75 -187 -343 -325 -165 -355 -367 -415 -10 -306 -385 0
370 -306 -63 -108 -10 -343 -402 -173 -170 -79 -160 -264 -307 -75 -187 -325 -355 -415 -184 -95 -29 0
-91 -25 -10 -402 -264 73 -160 -29 -343 -415 -79 -307 -306 -165 -325 -355 -184 -75 -187 0
67 -127 -385 -295 -193 -145 -307 -299 -95 0
304 -27 -160 -10 -402 -264 73 -29 -205 -274 -295 -193 -145 -307 -95 -212 -379 -260 -311 -63 0
-25 -205 -29 73 -264 -95 -307 -51 -306 -160 -10 -402 -295 -379 -260 -63 -184 -325 -170 -343 -415 -79 -165 -355 -75 -187 0
-165 -369 -29 -10 -343 -402 -170 73 -264 -95 -307 -51 -306 -160 -260 -63 -184 -325 -415 -79 -355 -75 -187 -83 -5 -164 0
368 -276 -321 0
-306 -325 -170 -321 -184 -29 -10 -343 -402 -264 -95 -307 -51 -160 -260 -63 -415 -79 -355 -75 -187 -5 -372 -108 -173 0
74 -165 -312 -325 -264 -184 -51 -260 -95 -315 -29 -372 -307 -160 -72 -10 0
-165 -228 -10 -402 -264 -29 -321 -95 -343 -307 -246 -51 -160 -315 -372 -200 -72 -75 -312 -325 -184 -260 0
74 -439 -264 -95 -307 -160 0
-325 -10 -200 -75 -264 -95 -307 -160 -170 -184 -321 -402 -29 -343 -246 -51 -372 -260 -63 -415 -79 -355 -187 -5 -108 -173 0
61 -21 -24 -108 -142 -258 -67 -360 -300 0
74 -165 -226 -63 -108 -258 -335 -10 -402 -27 -310 -95 -264 -307 -160 -372 0
308 -210 -397 -93 -147 -407 -295 -184 -385 -288 -193 -51 0
-367 -212 -150 -260 -229 -160 -310 -439 -264 -205 -394 73 -95 -307 -397 -93 -295 -184 -193 -51 -302 -321 -369 0
400 73 -27 -10 -402 -264 -160 -29 -150 -260 -229 -310 -205 -95 -307 -93 -295 -184 -51 -302 -321 -369 0
-165 -10 -79 -307 -160 -402 -321 -29 -27 -264 -260 -310 -95 -93 -184 -51 -302 -5 -226 -372 -200 -75 -63 -108 -258 -335 0
276 -10 -389 -140 -439 -150 -151 -160 -264 -95 -307 -51 -287 0
-10 -343 -160 -264 -95 -307 -51 -372 -200 -75 -348 -79 -184 -402 -29 -260 -5 -63 -108 -246 -321 -170 -415 -355 -187 -173 0
368 -129 -343 -246 -177 -51 -170 -26 -348 -184 -413 -194 -307 -315 -231 -264 -165 -32 -321 0
25 -325 -211 -144 -324 -69 -75 -307 -160 -205 -315 -225 -165 -306 -260 -368 -402 -8 -227 -334 -246 -439 -343 -400 -264 -170 0
27 -280 -430 -177 -343 -246 -302 -348 -400 -211 -144 -324 -69 -75 -307 -160 -205 -315 -225 -165 -306 -260 -368 -402 -93 -173 -170 0
-165 -225 -389 -227 -160 -246 -439 -184 -343 -264 -170 -144 -324 -75 -307 -315 -306 -260 -402 -334 -400 -430 -177 -348 -173 -321 -369 -51 -194 -231 -296 -83 -5 -164 0
-343 -51 -307 -170 -264 -184 -160 -246 -75 -260 -402 -177 -348 -173 -321 -5 -372 -95 -29 -200 -79 -63 -108 -415 -355 -187 0
-28 -120 -27 -10 -402 -264 73 -160 -29 0
26 -211 -10 -402 -264 -311 -29 73 -27 -205 -295 -307 -95 -379 -260 -63 -51 -93 -210 -184 -288 -321 -369 -160 0
25 -439 -10 -402 -264 0
305 -313 -70 0
-439 -311 -51 -288 -260 -10 -402 -264 -29 -27 -307 -95 -63 -93 -210 -184 -321 -160 -5 -165 -372 -200 -75 0
-205 162 -93 -211 -96 -307 -160 -184 -349 -400 -195 -264 -206 0
74 -258 -108 -67 -63 -265 -71 -224 -93 -211 -96 -307 -160 -184 -349 -400 -195 -264 -109 -227 -165 -372 0
326 -10 -307 -160 -321 -200 -75 -108 -63 -93 -184 -264 -227 -165 -372 -95 -334 -29 -402 -173 -27 -51 -260 -5 -268 0
-400 -211 -307 -160 -10 -321 -200 -75 -108 -63 -93 -184 -264 -227 -165 -372 -95 -173 -334 -29 -402 -27 0
-211 -10 -93 -184 -51 -122 -307 -95 -260 -301 -402 -264 -29 -27 -63 -321 -160 -5 -165 -372 -200 -75 -108 -227 -173 -334 0
-10 -165 -307 -93 -184 -51 -5 -321 -95 -372 -200 -75 -264 -160 -402 -260 -27 -122 -301 -29 -63 -108 -227 -173 -334 -327 -268 0
367 -153 -139 -348 -375 -79 -219 -93 -129 -301 -408 -321 0
-165 -321 -139 -348 -79 -93 -301 -5 -184 -264 -173 -122 -372 -27 -75 -95 -307 -160 -402 -29 -51 -200 -260 -63 -108 -227 -334 -327 -268 0
213 -108 -318 -192 -139 -231 -151 -134 -394 73 -264 -95 -209 -307 -321 -438 -51 -369 -287 -27 -10 -402 -160 -29 0
-187 -189 -307 -160 -75 -79 -184 -415 -355 -264 0
-227 -63 -299 -165 -108 74 -10 -402 -27 -258 -95 -264 -307 -160 -184 -406 -273 -336 370 -75 -93 -211 0
74 -211 -10 -402 -27 -95 -264 -307 -160 -184 -75 -93 -165 -355 -79 -199 -28 -415 -321 0
212 -400 -211 -144 -324 -75 -307 -160 -205 -273 -315 -225 -165 -306 -368 -402 0
-400 -370 -79 -10 -165 -307 -160 -321 -402 -211 -75 -28 -70 0
-211 -95 -307 -28 -10 -264 -160 -402 -27 -79 -165 -321 -75 -184 -93 -355 -199 -415 0
-372 -127 -296 -112 -5 -165 -10 -29 -288 -402 -264 -260 -27 -307 -95 -51 -93 -439 -184 -321 -160 -210 -200 -75 -79 0
306 -313 -70 0
-29 -397 -93 -184 -193 -170 -70 -112 -165 -10 -402 -264 -27 -307 -95 -439 -321 -160 -75 -79 -415 -259 -286 -355 -28 -367 -394 0
-95 -165 -93 -184 -307 -10 -402 -264 -27 -321 -160 -75 -79 -415 -355 -28 -199 0
-29 -211 -28 -10 -402 -264 -27 -160 -75 -367 -307 0
-211 -165 -10 -79 -307 -160 -321 -402 -75 -28 -27 -199 -367 -264 0
-165 -27 -415 -79 -28 -307 -160 -264 -355 -402 -10 -321 -75 -199 -93 -184 0
213 -193 -28 -307 -415 -264 -160 -355 -439 -10 -287 -402 -27 73 0
-27 -93 -28 -321 -415 -264 -160 -355 -10 -402 -75 -307 -184 -79 -199 0
81 -375 -123 -343 -246 -302 -217 92 0
30 -119 -123 -160 -79 -184 -264 -10 -415 -28 -307 -165 -171 -355 -25 -93 -174 -287 -321 -402 -75 -368 0
69 -195 -307 -175 -50 -79 -287 -370 -184 -165 -206 0
72 -274 -264 -165 -10 -171 -28 -307 -160 -273 -79 0
369 -211 -26 -160 -336 -165 -113 -72 -368 -273 -287 -307 -260 -119 -206 -79 -184 -415 -355 -171 -386 -93 -75 -188 -402 0
-211 -165 -415 -79 -28 -307 -160 -264 -10 -171 -355 -25 -174 -321 -26 -184 -93 -75 -188 -402 -123 -54 -213 0
261 -310 -327 -355 -171 0
169 -306 -415 -79 -28 -307 -160 -264 -165 -171 -10 -355 -25 0
345 -149 -231 -9 -281 -31 -2 -210 -127 -145 -55 -123 11 -301 -245 0
-439 -61 -206 -67 -213 -367 -28 -10 -79 -370 -70 -264 -165 -171 -307 -160 -274 -226 -245 -344 -231 -9 -281 -31 -2 -210 -127 -145 -55 -123 11 -301 -349 -195 0
345 -225 -127 -112 -145 11 -301 -231 -9 -281 -31 -2 -210 -55 -123 -245 0
309 -95 -301 -174 -370 -70 -79 -160 -307 -264 -10 -165 -171 -274 -75 -28 -127 11 -231 -281 -31 -2 -210 -123 -93 -415 -355 -25 -259 -327 -205 -69 -194 -112 -50 0
-306 -55 -388 -370 -296 -133 -127 -415 -301 -355 -345 -93 -216 -171 -79 -160 -307 -264 -10 -165 -274 -75 -28 -273 -225 -25 -305 0
-195 -216 -160 -79 -69 -370 -264 -95 -388 -355 -415 -283 -50 -70 -296 -133 -127 -301 -345 -93 -171 -307 -10 -165 -274 -75 -28 -273 -225 -25 -194 0
-306 -133 -79 -112 -370 -31 -127 -281 -2 -210 -123 -345 -93 -171 -388 -296 -415 -301 -355 -216 -160 -307 -264 -10 -165 -274 -75 -28 -273 -225 -25 -305 0
-273 -95 -79 -69 -370 -160 -355 -415 -283 -50 -70 -112 -31 -127 -281 -2 -210 -123 -93 -171 -296 -301 -307 -264 -10 -165 -274 -75 -28 -25 -194 -35 11 0
-95 -31 -112 -127 -123 11 -301 -231 -281 -2 -210 -327 -171 -415 -79 -28 -307 -160 -264 -165 -10 -355 -25 -220 -70 -205 -69 -259 -174 -370 -283 -50 -93 -296 -274 -75 -194 0
30 -165 -160 -307 -264 -10 -79 -171 -75 -28 -123 -93 -415 -355 -25 -259 -112 -205 -174 -184 -286 -321 -402 -367 0
-306 -297 -112 -441 -28 -10 73 -264 -160 -195 -165 -184 -286 -415 -212 369 -355 -259 -171 -307 -273 -79 -93 -25 0
275 -49 -355 -415 -171 -286 -93 0
-165 -93 -321 -184 -415 -355 -28 -10 -264 -160 -307 -79 -75 -199 -402 -188 0
-93 -321 -415 -28 -307 -264 -160 -355 -75 -199 -79 -10 -184 -402 -188 0
-306 -273 -264 -75 93 -165 -184 -79 -402 -160 -10 -28 -307 -321 -415 -355 0
306 -165 -355 -307 -28 -264 -10 -160 -75 93 -415 -184 -79 -402 0
-165 93 -28 -264 -10 -160 -75 -355 -307 -184 -79 -402 -321 -415 0
357 -306 -163 -171 -326 -193 -394 -307 -231 -177 -439 -264 -79 -415 -28 -160 -355 -372 -75 -199 -368 -321 -10 0
12 -95 -307 -439 -264 -193 -160 -385 -28 0
367 -321 -276 0
-321 -10 -264 -79 -415 -28 -160 -355 -75 -199 -307 -184 -402 -188 0
73 -119 -307 -439 -264 -160 12 -28 0
-73 -406 -184 -189 -165 -274 -319 -287 -347 -50 -307 -199 -72 -75 0
12 -306 -307 -160 -28 -184 -50 -402 -264 -189 -165 -319 -199 -75 -79 -171 -93 -10 -276 -369 0
-439 -119 -160 -110 -307 -28 -264 -96 -10 11 -75 0
-306 -93 -307 -264 -165 -10 -79 -184 -75 -160 -415 -355 -402 -189 0
12 -49 -439 -415 -28 -307 -264 -160 -355 -385 0
-70 -439 -93 -276 -369 -355 -415 -171 -261 -184 -160 -264 -165 -28 -307 -96 -10 -75 -402 -50 306 0
-73 -72 -184 -189 -165 -319 -50 -307 -199 -79 -75 -93 -276 -415 -28 -264 -160 -10 0
275 -285 -109 -224 -408 -243 -143 -54 -26 -369 -93 -67 -355 -415 -171 -49 0
-93 -165 -355 -415 -184 -307 -264 -402 -160 -79 -10 -75 -189 0
-165 -10 -415 -264 -355 -307 -160 -79 -75 -184 -402 -189 0
91 -285 -50 -307 -75 -68 -439 -264 -160 12 -28 -207 -211 -25 -79 -171 0
-49 -439 -307 -75 -415 -28 -264 -160 -355 12 -50 0
-10 -402 -75 -307 -264 -160 -415 -355 -184 -79 -189 0
74 -49 -415 -355 -307 -264 -439 -160 0
368 -123 -271 -343 -227 -245 -83 -348 -229 -32 -153 -337 -320 -67 -385 -274 -28 0
27 -274 -26 -67 -355 -415 -171 -93 -49 -205 -320 -271 -343 -227 -245 -83 -348 -229 -32 -153 -337 -385 -28 0
25 -325 -184 -264 -171 0
51 -93 -348 -32 -177 -184 -229 -26 -355 -415 -171 -49 -205 -271 -227 -83 -153 -337 -385 -28 -264 -307 -269 0
-93 -171 -400 -75 -205 -225 -306 -315 -307 -80 -431 -271 -348 -184 -177 -26 -160 -355 -415 -49 -32 -229 -227 -83 -153 -337 -385 -28 -264 -269 0
51 275 -165 -184 -274 -91 -225 -355 -213 -415 -307 -287 0
-274 -326 -108 -407 -171 -243 -355 -276 -306 -193 -415 -315 -307 -49 -165 -184 -91 -225 -213 -287 0
-171 -83 -271 -4 -355 -415 -307 -49 -108 -306 -315 -165 -184 -225 -26 -264 -400 -75 -205 -80 -431 -348 -177 -160 -32 -229 -227 -153 -337 -385 -28 -269 0
92 -368 -93 -62 -225 -211 -408 -298 -205 -153 -274 -51 -287 -80 -67 0
69 -211 -205 -67 -274 -321 0
-49 -165 -79 -307 -184 -415 -264 -355 -26 -271 -80 -400 -75 -431 -160 -32 -28 -322 -439 0
212 -368 401 -264 -160 -307 -165 -75 -79 -93 -274 -184 -286 0
92 -212 -368 -26 -274 -171 0
-368 -93 -322 -313 -400 -75 -165 -184 -286 -274 -415 -355 -171 -268 401 -264 -160 -307 -79 0
73 -228 -372 -313 0
-91 -387 -264 -160 -307 -439 -75 -372 -313 -177 -348 -268 186 -26 -241 -171 -93 0
282 -245 -334 -271 -344 -210 -140 -2 0
-93 -171 -271 -415 -355 -79 -334 -264 -160 -307 -439 -75 -184 -274 -28 -322 -400 -165 401 0
-171 -274 -355 -322 -400 -75 -165 -184 -271 -79 -334 -264 -160 -307 -439 -415 -28 401 0
-274 -165 -271 -160 -400 -439 -184 -75 -264 -307 -355 -322 -79 -334 -415 -28 401 0
-93 -171 -372 -264 -439 -307 -160 -75 -313 -177 -348 -268 -26 -165 -184 274 0
-171 -268 -355 -271 -415 -322 -372 -313 -400 -431 -75 -165 -398 -184 -264 -439 -307 -160 -177 -348 -26 274 0
-165 -271 -355 -184 -415 -322 -400 -75 -264 -439 -307 -160 -79 -334 -28 401 0
74 -284 -407 -287 -274 -199 -415 -355 -307 -264 -439 -160 0
345 275 -54 -26 -225 -355 -415 -207 -171 -93 -334 -269 0
343 -50 -372 73 -269 -245 0
-93 -274 -287 -213 -54 -26 -355 -415 -207 -171 -334 -372 -322 -400 -431 -75 -407 -199 -307 -264 -439 -160 -123 -348 -79 -92 0
74 -68 -71 -63 -54 -207 -407 -26 -368 -199 -415 -355 -307 -264 -439 -160 0
-211 -150 -389 -364 -407 -147 -299 -225 -68 -207 -213 -54 -26 0
-313 73 -372 -415 -269 -355 -171 -326 -287 -364 -407 -147 -225 -68 -207 -213 -54 -26 -63 -306 -315 0
356 -35 -49 -307 -415 -174 0
-211 73 -372 -326 -269 -49 -311 -415 -355 -307 -174 -271 -334 -225 -207 -213 -54 -26 0
-274 -271 -307 -415 -174 -355 -193 -240 -287 -207 -372 -326 -334 -213 -54 -26 -171 -407 -63 -322 -400 -431 -75 -71 -199 -264 -439 -160 -398 -123 -348 -79 -92 0
-211 -271 -307 -334 -174 -193 -355 -400 -431 -415 -75 -319 -199 -28 -367 -207 -213 -54 -26 0
357 -300 -267 -63 -264 -307 -160 -75 -306 -372 -415 -68 -355 -171 -326 -287 -364 -407 -147 -225 -269 -207 -213 -54 -26 -315 -70 -28 -51 -367 -319 -212 0
-402 -189 -355 -75 -264 -307 -160 -184 -79 -415 0
212 -96 -307 -69 -50 -274 -320 -288 0
51 -35 -390 -285 -400 -151 -430 -408 -17 -320 -248 -274 -207 -261 -69 -310 -157 -96 71 -307 0
-205 -143 -211 -26 -274 213 -367 0
-171 -26 -33 -28 -400 -307 -371 -72 -75 -432 -347 -415 -176 -355 -184 -264 25 0
224 -49 -95 -230 -307 -160 -239 -72 -416 -28 -199 -55 -1 0
74 -440 -12 -264 -28 -307 -160 -95 0
304 -222 -67 -408 -321 -368 -28 -12 -336 -345 -246 -228 -62 0
275 -67 -432 -93 -176 0
-368 -195 -349 -264 -160 -107 -390 -364 -87 -399 -284 -93 -432 -265 -219 -121 -62 -281 -33 -305 -67 -408 -321 -222 -28 -12 -336 -345 -246 -228 276 0
50 -207 -121 -432 -337 -385 -408 -28 -264 -160 -107 -390 -399 -93 -219 -62 -33 -305 -321 -12 -345 -246 -228 -210 -224 -165 -176 -274 -95 -307 -288 0
49 -274 -224 -400 -307 -160 -210 -211 -12 -323 -345 -246 -228 -305 -70 -288 0
-274 -345 -400 -72 186 -211 -307 -160 -121 -432 -337 -385 -28 -264 -107 -390 -399 -219 -62 -33 -321 -12 -246 -228 -176 -95 -51 -70 0
-26 -400 -184 -72 -307 -160 -432 -28 -264 -107 -399 -62 -33 -12 -176 -371 -75 -415 -355 -347 -27 0
-276 -93 -170 -415 -355 367 -274 0
276 71 -184 -165 -207 -12 -307 -394 -368 -264 -49 -74 -193 -261 -355 -415 0
-49 367 -122 -170 -415 -79 -184 -371 -355 -62 -274 -207 -12 -307 -394 -368 -264 -193 -261 -72 -75 -439 -160 0
213 -368 -75 -122 -264 -439 -307 -160 -432 -355 -415 -371 -274 -184 -170 -79 -62 -12 -394 -193 -72 0
-368 -274 -439 -264 -176 -122 -355 -432 -415 -307 -193 -33 -184 -371 -72 -400 -75 -12 -160 -199 -28 -212 -170 -79 -62 -394 0
417 -210 -12 -281 -374 -432 -122 -288 -307 -371 -72 -394 -387 -264 -75 -439 -160 -355 0
-49 -111 -107 -158 -96 -72 -307 -283 -394 -387 -264 -75 -50 -415 -355 -439 -160 0
-70 -324 -28 -79 -160 -415 -355 -25 -93 -343 -307 -264 -91 -171 -165 -325 -313 -72 0
-274 -439 -264 -307 -160 -75 -28 -79 -415 -355 -25 -72 -107 -394 -184 -170 -12 -432 -122 -371 -33 -176 -193 -400 -199 -212 -62 0
369 -430 -122 -107 -79 -184 -371 -370 274 -307 -49 -193 -415 -385 -355 -28 -212 0
-49 -107 -160 -62 -184 -173 -170 -307 -355 -394 -264 -415 -28 -122 -79 -371 274 -193 -212 -72 -75 -439 0
-95 -34 -160 -415 -79 -28 -307 -264 -171 -25 -355 169 -371 -313 -394 -387 -75 -96 -439 0
416 -122 -307 -160 -264 -75 -394 -432 -67 -415 -79 -28 -25 -355 -371 -313 -439 -173 -170 -367 -319 0
-189 -75 -264 -307 -160 -355 -415 -79 -184 0
275 -26 -307 -165 -50 -79 -195 -184 -370 -401 -93 -67 -355 -415 -171 -49 -176 0
274 -368 -320 0
-195 -49 -307 -165 -50 -79 275 -370 -401 -67 -355 -415 -171 -184 -176 -264 0
-49 275 -401 -347 -67 -107 -176 -84 -184 -6 -165 -274 -368 -337 -30 -385 -307 -50 -79 -370 -355 -415 -171 -264 0
73 -67 -264 -171 -261 -6 -184 -401 -347 -307 -107 -176 -30 -50 -79 -355 -415 -320 -371 -201 0
-95 -75 -160 -264 -307 -184 -79 -355 -415 0
-205 -374 165 -274 -286 -408 -184 -282 -87 -3 -225 -207 0
-93 -28 -286 -408 -184 -282 -207 -66 -444 -160 -307 -264 -274 -171 -79 -283 -153 -188 74 -201 -401 -347 -176 275 -67 0
348 -431 -326 -245 -171 -25 -401 -268 0
372 -11 -283 152 -225 -273 -130 0
74 -209 -245 -3 -274 -286 -184 -164 -371 -283 -25 -171 -79 -188 -201 -401 -92 -176 -347 -326 -268 -368 -439 -160 0
-368 -274 -264 -160 -79 -184 -355 -415 -75 -307 0
-274 -75 -264 -160 -307 -184 -79 -355 -415 0
-75 -307 -160 -264 -79 -355 -415 -184 0
287 -327 -79 -160 -415 -355 -25 -93 -307 -264 -171 -165 -72 -28 -206 -50 -368 -67 -274 0
275 -67 -79 -432 -93 0
-67 -165 -160 -415 -355 -93 -307 -264 -171 -79 -368 -274 -184 0
-165 -368 -307 -160 -79 -415 -355 -93 -264 -171 -274 -184 0
185 -93 -350 -355 -194 -171 -264 -95 0
-28 -25 -325 186 -343 -91 -50 -79 -201 -321 368 -432 -176 0
51 -25 -220 -212 -293 -299 -206 -158 -264 -184 -187 -50 -91 -432 -415 -79 -325 -343 -72 -194 -350 -95 -355 -229 -165 -372 -201 -321 -369 -283 0
223 -140 -79 -432 -63 -281 -313 -2 0
169 -143 -184 -50 -432 -415 -79 -72 -264 -194 -350 -95 -355 -206 -299 -293 -372 -201 -321 -339 -387 186 368 -93 0
-25 -261 -310 -212 -72 189 -288 -239 -206 -414 -264 -194 -350 -95 -355 -415 -79 -26 0
68 -321 -264 -194 -350 -95 -355 -415 -79 -432 -339 -372 -387 -201 -72 -93 -171 -184 -50 -293 368 0
-93 -171 -415 -79 -355 -264 -184 -274 -307 -160 0
93 -274 -355 -95 -350 -440 -194 -264 -415 -184 0
92 -165 -53 -69 -345 -313 -330 -246 -372 -122 -79 -432 -283 -212 -368 -274 -184 0
185 -145 -307 -193 -95 -313 -12 -401 -260 -79 -368 -432 -93 -415 -355 -170 -274 -212 -372 -5 -327 -286 -165 0
-165 -368 -432 -283 -79 -274 -286 -184 -307 -193 -95 -313 -12 -401 -260 -93 -415 -355 -170 -212 -372 -5 -327 -53 -69 -345 -330 -246 -122 0
177 -192 -387 -231 -30 -339 -189 -277 -79 0
-348 -224 -209 -267 -429 67 -193 -127 -307 -145 -95 -30 -305 -72 -313 -12 -401 -79 -175 -387 -231 -339 -189 -277 -122 -432 0
-368 -267 -79 -193 -307 -95 -72 -313 -12 -401 -387 -339 -189 -277 -122 -432 -260 -93 -415 -355 -170 -274 -212 -242 -327 -286 -184 -283 -372 -5 -53 -69 -345 -330 -246 0
225 -388 -35 -293 11 -86 0
-388 -86 -293 -35 -224 11 0
26 -313 -149 -293 -35 -72 -372 -283 -432 -79 -189 -201 -307 -95 -387 -339 -277 -260 -415 -355 -170 -274 -327 -286 -184 -5 -345 -246 -350 -440 -194 -264 0
-368 -271 -207 -345 -165 -93 -246 -400 -372 -121 -79 -432 -283 -408 276 -369 0
305 -380 -2 -127 -223 -114 -220 -210 -149 -299 -310 -226 -63 0
-67 -253 -219 -414 -146 -301 -345 -246 -313 -304 -2 -127 -223 -220 -210 -149 -310 -63 -372 -165 -274 213 -367 -69 0
-274 -307 -184 -264 -79 -415 -355 -160 0
49 -285 -406 -288 -184 0
-264 -402 -246 -65 -444 -195 -79 -170 -348 -432 -372 -75 -274 -184 -415 -355 -307 0
-402 -348 -211 -432 -206 -79 -165 -93 -184 -246 -65 -444 -195 -170 -372 -75 -274 -415 -355 -307 0
-348 -307 -372 -79 -211 -206 -165 -93 -184 -246 -65 -170 -274 -415 -355 -432 -51 -406 -288 0
-70 -221 -299 -62 -223 -313 -72 0
-307 276 -165 -93 -372 -79 -432 -368 -274 -143 -299 -206 -184 -152 -65 -415 -355 0
213 -223 -239 -1 -85 -32 -114 -380 -217 -311 -173 -122 -260 -26 0
27 -345 -246 -170 -122 0
3 -449 -291 -151 -59 -280 -239 0
315 -59 -210 -1 -291 -151 -103 -280 -239 -32 -173 -122 -26 -246 -170 -211 -85 -380 -260 -302 -128 -146 -299 -63 -71 0
401 -108 -128 -230 -299 -82 -63 -342 -143 -73 -314 -210 -1 -103 -280 -239 -32 -173 -246 -170 -211 -85 -380 -260 -302 -193 -278 -93 -79 -348 -432 0
225 -221 -210 -299 -103 -1 0
-345 -398 -230 -32 -278 -432 -176 -348 -246 -170 27 0
27 -72 -388 -225 -85 -128 -302 -269 -230 -32 -278 -432 -348 -246 -170 -93 -211 0
147 -113 -57 -412 -302 -128 0
123 -412 -57 -100 -128 -399 -242 -93 -302 -211 -206 -225 -210 -1 -280 -219 -373 -190 0
402 -72 -314 -103 -226 -85 -225 -210 -388 -272 -387 -345 -230 -246 -121 -57 -128 -242 -93 -302 -211 -206 -1 -280 -219 -73 -278 -432 -348 -79 -32 0
401 -128 -230 -299 -82 -342 -143 -73 -314 -210 -1 -103 -280 -239 -32 -173 -246 -170 -211 -85 -380 -260 -302 -193 -278 -93 -79 -348 -432 0
224 -345 -103 -226 -85 -225 -210 -388 -314 -230 -246 -128 -242 -93 -302 -211 -206 -1 -280 -73 -278 -432 -348 -79 -32 -401 -239 -28 0
-72 -345 -103 -226 -85 -225 -210 -388 -314 -230 -246 -128 -242 -93 -302 -211 -206 -1 -280 -73 -278 -432 -348 -79 -32 -193 -34 -401 -264 -173 -26 -70 -269 -170 0
72 -401 -432 -73 0
-345 -103 -206 -211 -226 -85 -225 -210 -388 -314 -230 -246 -128 -242 -93 -302 -1 -280 -73 -278 -432 -348 -79 -32 -193 -34 -401 -264 -173 -269 -170 -239 -28 0
370 -85 -206 -211 -170 -143 -210 -314 -246 -242 -93 -302 -1 -280 -73 -278 -432 -348 -79 -32 -193 -34 -173 -269 -28 -299 -342 -260 -406 -184 -165 0
400 -177 -93 -170 -151 -26 0
-348 -302 -246 -170 -369 -321 -288 -211 -299 -93 -1 -79 -314 -432 -206 -165 -73 -372 -143 -210 -242 -280 -278 -32 -193 -34 -173 -269 -28 -342 -260 -406 -184 -284 0
402 -26 -345 -230 -246 -192 -123 -398 -32 -139 0
-26 -345 -302 -239 -1 -62 -280 -299 -139 -221 -128 -225 -274 92 -368 -170 -72 -401 -230 -246 -192 -123 -32 0
26 -72 -143 -225 -206 -211 0
-67 -184 -368 -165 -93 -432 -372 -79 -274 -95 -415 -355 0
402 -85 -348 -26 -225 -103 -246 -93 -211 -206 -1 -432 -70 -79 -32 -401 -173 -72 -345 -170 -309 -51 -184 -368 -287 -165 -274 -372 -321 0
223 -32 -170 -26 -401 -348 -225 -246 -93 -211 -432 -79 -345 -173 -72 -309 -51 -184 -368 -165 -274 -372 -321 -205 -142 0
-32 -348 -345 -225 -246 -93 -211 -432 -79 -401 -51 -184 -368 -165 -274 -372 -189 -321 -205 -72 -170 -26 -173 -309 -142 0
-348 -401 -72 -184 -165 -372 -189 -79 -142 -225 -26 -205 -170 -211 -93 -368 -274 -321 -345 -246 -432 -51 -173 -309 0
-401 -225 -51 -165 -151 -184 -189 -274 -211 -368 -205 -93 -26 -372 -170 -79 -72 -142 -309 -321 -345 -246 -432 -173 0
-225 -211 -51 -368 -274 -184 -173 -309 -93 -26 -246 -170 -345 -205 -79 -432 -72 -165 -151 -189 -372 -142 -321 0
139 -336 -11 -345 -272 0
Solved
