203 -140 -143 -75 -18 -37 -28 0
144 -147 -78 -10 -19 -4 0
206 -28 -19 -37 -10 -202 -85 -154 -67 -157 -130 0
146 -74 -141 -17 -144 -37 0
73 -120 -17 0
207 -157 -85 -67 -37 0
17 -157 -67 -85 0
-74 -73 -37 -85 -202 -67 -157 -58 0
74 -58 -37 -202 -43 -85 -67 -157 0
214 -37 -67 -85 -202 -43 0
-144 -47 -1 -91 -125 -74 -17 146 -37 -143 0
16 -74 -67 -1 -91 -85 -17 -37 -49 -82 -202 -43 0
-74 -17 -67 -85 -1 -91 -37 -49 -82 -202 -43 0
18 -119 -67 -179 -85 0
125 -48 -91 -75 -28 -18 -37 203 -1 0
-17 -91 -85 -67 -37 -1 -49 -82 -202 -43 0
17 -67 -85 0
73 -85 -67 0
158 -12 -20 -214 -207 -154 0
-91 -14 -171 -1 -144 -74 -125 -17 146 -37 -143 0
Solved
