142 -112 -427 -370 -310 -349 -383 -474 -131 0
318 -367 -299 -210 -474 -144 -427 -370 -310 -349 -383 -193 -466 -417 -376 -98 -28 0
142 -349 -370 -310 -427 -215 -151 -4 -229 -16 -340 -383 -88 -171 0
505 -370 -474 -144 -299 -310 -427 -229 -16 -383 -193 -376 -28 -466 -255 -422 -486 -400 -286 -249 0
282 -28 -376 0
474 -142 -94 -55 -1 0
195 -74 -414 -349 -505 -370 -400 -209 -415 -266 0
269 -505 -435 -349 -370 0
281 -28 -376 0
401 -505 -55 -94 -1 -511 -403 -142 -349 -370 -270 -414 -249 -75 0
-505 -210 -511 -1 -142 -94 -55 -270 -193 -422 -415 -400 -403 -349 -370 -75 -506 0
-144 505 -370 -511 -310 -427 -229 -16 -193 -376 -28 -466 -422 -400 -286 -1 -94 -55 -142 0
372 -422 -400 -286 -55 -370 -511 -310 -427 -229 -16 -376 -28 -466 -193 -1 -94 -142 -403 -349 -75 0
143 -89 -422 -98 -400 -415 -16 -269 -248 -94 -132 -55 0
144 -132 -111 -427 -179 -209 -435 -511 -474 -422 -1 -94 -55 0
377 -142 -16 -94 -55 -370 -511 -310 -427 -229 -193 -376 -28 -466 -286 -1 -400 -349 -403 0
-144 -142 -193 -349 -370 -403 -511 -310 -427 -229 -16 -376 -28 -466 -286 -1 -94 -55 -400 0
266 -422 -400 -286 -55 -511 -310 -427 -229 -16 -376 -28 -466 -193 -1 -94 -142 -403 -349 -370 0
209 -248 -349 -370 -313 -286 0
-422 -209 -400 -286 -55 -511 -310 -427 -229 -16 -376 -28 -466 -193 -1 -94 -142 -403 -349 -370 0
-142 -349 -400 -286 -55 -511 -310 -427 -229 -16 -376 -28 -466 -193 -1 -94 -403 -370 -313 0
402 -97 -16 -229 -376 -28 -414 -505 -349 -370 -268 0
30 -344 -310 -427 -113 -110 -97 -332 -316 0
247 -113 -16 -376 -28 -310 -427 -229 -45 -505 -228 -238 -349 -299 -370 -265 -193 -400 -414 -255 -486 0
-474 -209 -370 -144 -427 -310 -349 -193 -466 -376 -28 -238 -169 -400 -286 -16 -229 -265 -422 -403 -55 -511 -94 -1 -472 0
29 -97 -345 -427 -114 -111 -310 -333 -316 0
416 -5 -229 -152 -16 -376 -28 -345 -427 -114 -111 -310 -44 -227 -300 -435 -254 -488 -485 -269 -248 -265 -400 -193 0
351 -505 -28 -376 -114 -466 -130 -384 -254 -169 -485 -286 -209 -248 -265 -193 -229 -16 -427 -310 -44 -227 -300 -400 -238 -116 -349 -370 0
-505 -254 -16 -376 -28 -400 -229 -485 -413 -248 -370 -349 -114 -466 -130 -384 -169 -286 -209 -265 -193 -427 -310 -44 -227 -300 -238 -116 0
345 -109 -349 -427 -370 -310 -238 0
382 -349 -427 -370 -310 -238 0
248 -265 -370 -144 -427 -310 -349 -193 -466 -376 -28 -238 -169 -400 -286 -16 -229 -403 -55 -511 -94 -1 -472 0
474 -169 -286 -248 -16 -376 -28 -400 -229 -370 -349 -466 -130 -209 -265 -193 -427 -310 -238 -403 -55 -511 -94 -1 0
-349 -370 -1 -94 -427 -310 -193 -466 -376 -28 -400 -286 -16 -229 -403 -55 -511 -313 0
249 -345 -28 -376 -466 -16 -109 -403 -265 -511 -193 -1 -144 -94 -505 -400 -286 -269 -55 0
99 -359 -505 -251 -361 -430 -345 -340 -229 -316 -113 -16 0
473 -345 -361 -130 -505 -466 -376 -75 -28 -229 -16 -430 -484 -403 -423 -55 -511 -94 -1 0
317 -489 -505 -384 -430 -130 -229 -466 -16 -376 -423 -97 -28 0
371 -238 -466 -376 -28 -229 -16 -403 -55 -511 -94 -1 -361 -265 -400 -193 -248 -109 -286 -505 0
507 -332 -1 -109 -94 -498 -99 -16 -229 -131 -143 -423 -265 -216 -400 -193 -415 -270 -248 0
96 -340 -16 -191 -218 -241 -327 -59 -332 -109 -89 -143 -265 -193 -415 -400 -286 -248 -403 -253 -511 -55 -1 0
57 -253 -248 0
97 -423 -248 -400 -16 -241 -327 -332 -109 -89 -143 -265 -193 -415 -286 -403 -511 -55 -1 -94 -498 0
247 -359 -94 -55 -89 -131 -342 -143 -423 -265 -400 -193 -415 -270 0
318 -344 -310 -427 -109 -143 -265 -193 -1 -94 -400 -55 -248 -270 -16 -241 -286 -403 -511 -505 -229 -466 -376 -28 0
249 -132 -143 -265 -193 -415 -94 -505 -400 -286 -55 0
95 -169 -159 -383 -304 -505 -344 -412 -403 -98 -511 -472 -226 -248 -55 -1 0
-238 -265 -229 -466 -16 -376 -28 -361 -403 -511 -55 -1 -94 -248 -505 -400 -193 -286 -310 -427 -109 -241 -370 0
383 -343 -427 -310 -109 0
56 -343 -427 -310 -109 -28 -376 -433 -466 -511 -248 -265 -193 -94 -505 -400 -286 -55 -1 -142 0
384 -343 -427 -310 -109 0
-265 -248 -427 -109 -28 -376 -466 -433 -511 -1 -94 -310 -55 -193 -505 -400 -286 -229 -16 -361 -403 -241 -370 0
96 -343 -248 -286 -310 -208 -427 -109 -28 -376 -466 -85 -130 -142 -511 -474 -55 -1 0
382 -85 -427 -109 -28 -376 -466 -310 -142 -248 -55 -1 -94 -286 -208 -511 0
95 -244 -241 -394 -124 -313 -286 -433 -208 -370 -474 -403 -248 -142 -511 -427 -310 -109 -382 -55 -1 0
-248 -370 -394 -313 -286 -241 -403 -511 -427 -310 -55 -1 -94 -28 -376 -466 -193 -400 -229 -16 0
143 -367 -299 -210 -474 -267 0
-370 -16 -241 -28 -376 -466 -427 -310 -403 -511 -193 -1 -94 -400 -286 -55 -394 -313 -229 0
127 -471 -313 -283 -373 -208 0
99 -109 -353 -349 -46 -228 -427 -310 -238 -343 -313 -283 -373 -208 -376 -28 -16 0
-109 -343 -313 -208 -286 -505 -169 -430 -422 -229 -16 -97 -353 -349 -46 -228 -427 -310 -238 -373 -283 -376 -28 -383 0
-343 -130 -283 -373 -208 -16 -97 -28 -376 -466 -313 -383 -286 -505 -169 -430 -422 -229 -353 -349 -46 -228 -427 -310 -238 0
142 -97 -28 -466 -376 -383 -283 -373 -208 -16 -313 -286 -505 -422 -229 -349 -46 -228 -427 -310 -238 -474 0
344 -383 -349 -435 -10 -376 -186 -28 -427 -97 -310 -112 0
88 -251 -479 -258 -283 -10 -373 -304 -313 -266 -46 -208 -286 -431 -170 0
57 -248 -46 -16 -229 -349 -283 -313 -208 -286 -376 -28 -427 -310 -238 -466 -403 -511 -1 -10 -94 0
98 -331 -94 -55 -143 -89 -423 -400 -193 -415 -131 -286 -208 -44 -248 -1 -28 -473 -316 -114 -16 0
317 -98 -286 -485 -208 -254 -248 -300 -473 -94 -55 -1 -476 -131 -10 -466 -306 -376 -185 -423 -28 0
249 -473 -94 -55 -1 -300 -193 -423 -208 -415 -400 -286 -268 0
-142 -58 -257 -481 -263 -283 -463 -373 -313 -208 -367 -186 -300 -238 -473 -143 -94 -55 -1 0
99 -373 -283 -268 -384 -505 -97 -229 -466 -16 -376 -423 -28 -257 -313 -208 -300 -238 -473 -143 -94 -55 -1 0
-142 -143 -55 -94 247 -342 -359 -423 -400 -193 -415 -131 -185 -46 -349 -10 -475 -88 -384 -300 -113 -238 -473 -1 0
383 -143 -55 -94 98 -423 -400 -193 -415 -131 -286 -208 -44 -248 -1 -28 -473 -316 -114 -16 -427 -310 0
267 -169 -94 -55 -143 247 -342 -359 -423 -265 -400 -193 -415 -131 -286 -208 0
-248 -400 -286 -208 -193 -94 -55 -46 -349 -10 -238 -1 -466 -376 -28 -16 -283 -268 -229 -313 -403 -511 -427 -310 0
514 -466 -1 -94 -286 -55 -46 -10 -193 -376 -229 -310 -241 -394 0
402 -16 -254 -28 -316 -485 -514 -248 0
266 -402 -310 -132 -427 -466 -514 -376 -240 -28 -423 -248 -384 -208 -193 0
351 -440 -244 -241 -152 -199 -507 -59 -6 -44 -252 -332 -361 -110 0
318 -244 -241 -199 -44 -252 -208 -171 -286 -248 -240 -485 -254 -384 -310 -229 -132 -427 -16 -466 -514 -376 -28 0
-16 -427 -423 -28 -241 -44 -252 -208 -171 -286 -248 -240 -485 -254 -384 -310 -229 -132 -514 -466 -376 -267 -193 0
266 -338 -46 -352 -25 -307 -394 -455 -10 -475 -505 -384 -111 -333 -215 -44 -489 -433 -227 -298 -171 -367 -286 -208 0
382 -85 -44 -333 -132 -111 0
184 -363 -199 -344 -46 -305 0
210 -175 -432 -93 -275 -159 -305 -372 -344 -240 -186 -199 -46 -349 -433 -89 -298 -171 -367 -286 0
317 -25 -352 -46 -227 -286 -485 -208 -254 -248 -473 -94 -55 -1 -10 -466 -376 -423 -28 -240 -298 -432 -455 -384 -44 -132 -267 -171 -394 -427 -112 -514 -97 0
-427 -248 -286 -208 -241 -46 -10 -240 -384 -132 -267 -310 -466 -376 -28 -423 -193 -112 -352 -227 -485 -254 -473 -94 -55 -1 -298 -432 -455 -44 -171 -394 -252 -229 0
30 -185 -319 -89 -505 -352 -199 -351 -46 -344 -455 -286 -485 -208 -254 -248 -133 -473 -94 -55 -1 -131 -10 -466 -476 -376 -423 -28 -298 -368 -514 -400 -178 -97 0
29 -333 -199 -268 -415 -400 -44 -97 -514 -376 -241 -316 0
383 -268 -371 -400 -240 -514 -319 -505 -352 -199 -46 -455 -286 -485 -208 -254 -248 -133 -473 -94 -55 -1 -10 -466 -376 -423 -28 -298 -368 -178 -97 -44 -241 -109 0
209 -298 -423 -178 -28 -376 -227 -466 -132 -384 -240 -514 -352 -46 -455 -286 -485 -208 -254 -248 -473 -94 -55 -1 -10 -44 -241 -109 -267 0
383 -159 -163 -264 -344 -240 -372 -125 -10 -350 -475 -109 0
30 -97 -264 -240 -372 -125 -44 -132 -384 -10 -109 -227 -298 -369 -112 -178 -423 -163 -376 -316 0
-97 -44 -514 -376 -241 -267 -372 -240 -109 -88 -384 -132 -112 -512 -466 -28 -264 -125 -10 -227 -298 -369 -178 -423 -163 0
370 -74 -55 -1 -473 -193 -423 -208 -415 249 -286 -94 -227 -413 -434 -487 -351 0
29 -372 -55 -1 -473 -193 -423 -208 -415 249 -286 -94 -227 -187 -109 -88 -384 -132 -512 -466 -178 -514 -376 0
-142 -143 -55 -1 -193 -208 -286 -94 -466 -376 -241 -10 -46 -310 -394 -229 -28 0
350 -25 -373 -66 -264 -100 -10 -94 -475 -404 -1 -6 -397 -512 -153 -338 -299 -215 -188 -179 -428 -372 -109 0
349 -188 -215 -489 -179 -428 -310 -343 -238 -372 0
-384 -192 -373 -66 -264 -10 -94 -404 -1 -512 -299 -215 -179 -428 -372 -489 -505 -130 -229 -466 317 -376 -430 -423 -28 -248 -55 -310 -238 -90 -383 0
30 -423 -310 -472 -55 -1 -94 -130 -229 -466 -376 -430 -10 -28 -238 -169 -286 -208 -265 -193 -514 0
300 -391 -470 -427 -511 -28 -376 -466 -109 -55 -1 -94 -286 -208 382 -144 -313 -254 -423 -87 -227 0
288 -143 -55 -94 -169 -342 -359 -423 -265 -400 -415 -131 -286 -208 -524 -248 0
434 382 -463 -208 -286 -55 -94 -423 -131 -1 -28 -376 -466 -109 -58 -254 -217 -17 -515 -349 -180 0
228 -400 -248 -423 -507 -88 -208 -286 -55 -94 -342 -359 -415 -131 -144 -298 -1 0
429 -248 -88 -208 -144 -423 -55 -94 -298 -87 -1 -226 -286 -415 -131 -217 -17 -349 -515 -109 0
299 -7 -25 -381 -475 -398 -336 -233 -254 -432 -363 -484 -144 -250 -55 -286 -94 -208 -1 -367 -226 0
247 -367 -286 -208 -87 -144 -226 -298 -25 -475 -233 -254 -55 -94 -1 -216 -187 -349 -88 -337 -487 -190 -270 0
401 -248 -226 -1 -208 -94 -286 -55 -298 -87 -144 -25 -475 -254 -216 -187 -349 -88 -337 -487 -190 -423 -415 0
-248 -88 -144 -286 -55 -423 -226 -1 -208 -94 -298 -87 -475 -254 -216 -349 -337 -487 -190 -415 -17 -515 -428 -131 -217 -109 0
248 -254 -55 0
299 -507 -286 -55 -423 -1 -208 -94 -298 -475 -254 -216 -349 -190 -415 -17 -515 -217 -109 -384 -131 -512 -74 -402 -227 -180 -435 -369 0
434 -463 -384 -349 -109 -208 -286 -55 -94 -423 -131 -1 -28 -376 -466 -58 -254 -217 -17 -515 -180 0
350 -400 -55 -423 -226 -1 -208 -94 -298 -87 -475 -254 -349 -337 -487 -190 -415 -17 -428 -131 -217 -109 -368 -286 -97 29 -44 -376 -241 -316 -372 0
382 -87 -286 -55 -423 -226 -1 -208 -94 -298 -131 -475 -254 -216 -349 -337 -487 -190 -415 -17 -515 -428 -217 -109 0
-227 -298 -286 -55 -423 -1 -94 -208 -475 -254 -349 -190 -415 -17 -217 -109 -384 -131 -435 -226 -337 -487 -428 -97 29 -376 -241 -316 -372 0
318 -435 -55 -423 -1 -208 -94 -349 -109 -384 -286 -97 -376 -372 -28 -466 0
130 -484 -186 -463 -367 -58 -208 -94 -55 -1 -400 -415 -190 -217 -298 -248 -435 -372 -516 -349 -475 -109 -384 0
228 -427 -349 -109 -143 -248 -88 -286 -484 -179 -208 -55 -435 -367 -94 -298 -86 -1 0
514 -226 -286 -143 -208 -55 -367 -94 -298 -1 -88 -349 -109 -248 -484 -179 -435 -86 -340 -18 0
210 -229 30 -55 -1 -94 -130 -423 -466 -376 -28 -286 -208 -514 -435 -226 -298 -367 0
-226 -130 -94 -1 -298 -367 -286 -208 30 -55 -423 -466 -376 -28 -435 -400 -18 -88 -349 -109 -248 -484 -340 0
-484 -248 -55 -94 -286 -1 -208 -367 -349 -298 -435 30 -423 -466 -376 -28 -400 -18 -109 -340 -384 -463 -58 -190 -217 -372 -475 0
-248 -298 -255 -94 -286 -1 -208 -367 -349 -55 -435 30 -423 -466 -376 -28 -400 -18 -109 -340 -384 -463 -58 -190 -217 -372 -475 0
-298 -367 -384 -1 -208 -94 -286 -55 -255 -349 -435 30 -423 -466 -376 -28 -400 -18 -109 -340 -463 -58 -190 -217 -372 -475 0
-435 -466 -208 -286 -55 -94 -1 -384 -109 -349 -423 -372 -376 -28 -97 0
89 -143 -283 -384 -505 -97 -268 -466 -373 -376 -423 -28 -208 -300 -238 -473 -512 -94 -55 -1 -6 -429 -252 -180 -362 -171 0
142 -46 -334 -430 -328 -386 -380 -489 -159 -268 -28 -376 -193 -466 -473 -266 -131 0
477 -60 -463 -244 -81 -153 -6 -324 -50 -133 -35 -27 -102 -10 0
56 209 -28 -97 -268 -333 -376 -423 -298 -466 -384 -429 -286 -208 -248 -94 -55 -1 -109 -339 -153 -6 -283 -238 -328 -380 -489 -163 -90 -300 -180 -362 0
57 -85 -333 -376 -466 -28 -473 -384 -1 -94 0
29 -267 -339 -85 -466 -44 -97 -376 -333 -316 0
317 -298 -97 -268 -333 -376 -423 -28 -466 -384 -429 -286 -208 -94 -55 -1 -109 -339 56 -283 -238 -328 -380 -489 -163 -300 -180 -362 -506 0
-298 -268 -97 -28 -333 -376 -423 -466 -384 -429 -286 -208 -94 -55 -1 -109 -339 -283 -238 -380 -489 -300 -180 -362 -506 -228 0
247 -515 -97 -316 -400 -415 -265 -525 -208 -340 -286 -430 -169 -88 -506 0
-466 -97 -28 -208 -376 -286 -55 -423 -384 -94 -1 -109 -372 -349 0
-142 -58 -44 -227 -180 -252 -434 -125 -349 -372 -185 -384 -113 -170 -130 -473 -143 -94 -55 -1 0
111 -505 -248 -515 -401 -428 -349 0
-505 -428 -384 -349 -109 -248 -515 -401 -90 0
505 -17 -515 -341 -401 -430 -248 -90 0
299 -267 -384 -349 -248 -109 -170 -125 -372 -130 -94 -55 -1 -376 -97 -28 -423 -369 0
-90 -367 -130 -286 -298 -208 -55 -267 -94 -1 -88 -349 -109 -248 -484 -435 -340 -97 -28 -376 -515 -400 -384 -505 -268 -228 0
57 -515 -315 -97 -376 -28 -435 -228 -109 -474 -267 -130 -349 -505 -170 -286 -298 -208 -55 -94 -1 -248 -384 -423 -524 0
-515 -505 -109 -28 -349 -435 -513 -228 -1 -94 -55 -315 -97 -474 -267 -130 -376 -170 -286 -298 -208 -248 -384 -423 -524 0
142 -6 -404 -373 -264 -25 -94 -475 -512 -1 -10 -338 -153 350 -299 -215 -188 -179 -428 -372 -109 -335 -431 -170 0
227 -404 -130 -267 -373 -264 -25 -94 -475 -512 -1 -338 -299 -215 -179 -428 -372 -109 -170 -349 -524 -505 -384 -55 -489 -435 0
2 -142 -55 -94 -333 -85 -111 382 0
-505 -170 -94 -1 -55 -384 -109 -349 -267 -264 -299 -372 -524 -248 -423 -97 -376 -315 -28 -286 -298 -208 0
210 -248 -109 -28 -349 -97 -1 -94 -55 -376 -384 -372 -423 -286 -298 -208 0
3 -238 -28 -97 -109 -316 -130 -349 -298 -368 -423 -384 -55 -94 0
-142 382 -97 -28 -55 -94 2 -316 -111 -266 -238 -1 0
351 -248 -1 -208 -94 -286 -55 -298 -349 -423 -415 -97 -316 -28 -174 -400 -193 -266 -171 2 -238 -384 -505 -109 0
-142 -373 -314 -61 -522 -429 -376 -28 -97 -434 -333 -360 -227 -44 -90 -384 -266 -238 -130 -473 -143 -94 -55 -1 0
29 -114 -344 -97 -305 -316 -159 0
-248 -298 -97 -384 -376 -94 -55 -1 -109 -349 -208 -286 -28 -423 -372 0
-298 -97 -28 -109 -349 -423 -384 -55 -94 -372 -1 -208 -286 -376 0
-142 -472 -94 -1 -55 0
3 -265 -28 -376 -208 -97 -286 -55 -430 -169 -372 -349 -433 -423 -384 -511 -226 -94 0
30 -252 -363 -338 -415 -330 -265 -381 -524 -208 -286 -165 -430 -169 -88 -507 -248 -485 -254 -44 -423 -97 -376 -332 -316 0
266 -242 -430 -338 -88 -327 -169 -58 -286 -44 -208 -87 0
-97 -372 -286 -208 -376 -28 -384 -109 -349 -55 -94 -1 -423 0
383 -435 -1 -372 -132 -423 -208 -415 29 -286 -94 -193 -473 -109 -88 -384 -227 -512 249 -376 -55 -349 0
-435 -85 -298 -109 -227 -44 -512 -132 -384 -1 -372 -423 -208 -415 29 -286 -94 -193 -473 -88 249 -376 -55 -349 0
435 -270 -507 -372 -349 0
30 -507 -384 -109 -170 -349 -94 -1 -55 -435 -512 -402 -369 -423 -376 -316 0
433 -519 -267 -468 -216 -143 -384 -358 -170 -109 -349 -248 -515 -507 -512 -74 -402 -423 -369 -227 -180 0
-248 -372 -1 -55 -384 -109 -349 -423 -376 -28 -94 -208 -286 0
434 -300 -228 0
226 -516 -28 -109 -376 -349 -513 -434 -300 0
-372 -384 -376 -109 -349 -94 -1 -55 -423 -28 -208 -286 0
247 -435 -370 -349 -270 0
-435 -368 -423 -1 -94 -55 -249 -370 -349 -270 -434 0
96 -130 -85 -142 -43 -55 -1 0
89 -43 -85 -55 -1 -94 -384 -171 0
-248 -515 -380 -55 -94 -163 -384 -85 -1 -376 -333 -28 -489 -328 -506 -374 -270 -349 -370 209 -286 0
248 226 -109 -376 -349 -28 -434 -300 -423 -1 -94 -55 0
226 -270 -380 -55 -94 -384 -1 -376 -333 -28 -506 -374 -349 -370 209 -286 -109 -434 -423 0
-384 -55 -94 -1 -423 -376 -28 -349 -286 -109 -208 0
514 -93 -191 -466 -376 -283 -316 -178 -373 -97 -428 -315 -17 0
433 -428 -376 -28 -340 -132 -400 -435 -349 -90 -507 57 -126 -286 -208 -367 -228 0
516 -179 -376 -428 -28 0
514 -400 -28 -340 -229 -193 -267 -248 -283 57 -349 -46 -208 -286 -376 -310 -1 -10 -94 -109 384 0
-55 -28 -376 -349 -208 -286 -1 -94 -109 -423 0
30 -514 -423 -402 -316 0
239 -25 -315 -375 -463 -101 -12 29 -97 -316 -159 -264 -343 -273 0
238 -25 -375 -217 -83 -101 -343 -12 -264 -304 -273 -185 0
143 -86 -267 -130 0
506 -217 -375 -240 -25 -343 -12 -264 -273 -315 -463 29 -97 -316 -159 -432 -385 -487 -88 0
488 -217 -480 -375 -343 -264 -304 -251 -125 -273 -185 -4 -349 -240 -151 -372 -385 -270 0
306 -240 -343 -185 0
-97 -64 -521 -432 -385 -487 -480 -375 -343 -264 -251 -125 -273 -349 -240 -372 -270 -507 -12 -315 29 -316 -159 -88 -18 -99 0
271 -83 -218 -264 -129 0
386 -151 -59 -71 -327 -337 -109 -191 -349 -270 -395 -372 -264 -240 -273 -218 -129 -432 -267 0
505 -240 -273 -372 -270 -480 -375 -343 -264 -304 -251 -125 -185 -349 -385 -487 -59 -71 -327 -337 -109 -191 -395 -218 -432 -267 0
433 -71 -216 -327 -109 -349 -270 -372 -264 -267 -507 -375 -125 -18 -12 -315 29 -316 -99 -519 -468 -170 -142 -384 -94 -1 -226 -429 -299 -180 0
434 516 -349 -376 -109 -28 0
473 -216 -369 -94 -423 -327 -109 -349 -270 -372 -264 -267 -507 -375 -125 -18 -12 -315 29 -316 -99 -519 -468 -170 -142 -384 -1 -226 -429 433 -180 0
95 -216 -327 -109 -349 -270 -372 -264 -267 -507 -375 -125 -18 -12 -315 29 -316 -99 -519 -468 -170 -142 -384 -94 -1 -226 -429 433 -180 -369 -423 0
-514 -226 -384 -170 -349 -109 -248 -507 -402 -423 -369 -63 -1 -94 -270 -372 -264 -267 -375 -125 -12 -315 -99 -142 -376 -28 0
2 -186 -12 -477 -384 -109 -142 -112 -349 -435 -299 -226 0
30 -427 -270 -372 -349 -109 -170 -264 -142 -267 -403 -435 -384 -511 -226 -94 -1 -12 -299 -99 -376 -316 0
435 -247 -372 -270 -349 0
-423 -514 -497 -116 -475 -12 -412 -306 -191 -159 -402 -384 -226 -349 -109 -248 -507 -170 -369 -63 -1 -94 -270 -372 -264 -267 -375 -125 -315 -99 -142 -376 -422 0
-514 -116 -513 -191 -497 -17 -99 -316 -475 -12 -412 -306 -159 -402 -384 -226 -349 -109 -248 -507 -170 -369 -63 -1 -94 -270 -372 -264 -267 -375 -125 -315 -142 -376 -422 0
-170 -376 -372 -349 -109 -264 -142 -267 -435 -384 -226 -94 -1 -299 -99 -270 -316 -29 -513 -191 -475 -412 -306 -402 -248 -507 -369 -375 -125 -422 -129 -523 -208 -272 -387 -288 -164 -171 0
170 -129 -480 -375 -264 -42 -283 -125 -359 -288 -88 0
376 -29 -316 0
514 -299 -372 -349 -109 -170 -264 -142 -267 30 -435 -384 -226 -94 -1 -12 -270 -99 -376 -316 0
-299 -248 -349 -507 -372 -170 -264 -142 -267 30 -384 -226 -94 -1 -12 -270 -99 -376 -316 -109 0
402 -248 -415 -270 0
-248 30 -170 -267 -264 -507 -372 -349 -109 -384 -316 -415 -270 -94 -1 -226 -142 -12 -99 -376 0
-28 -99 -12 -267 -264 -170 -384 -109 -125 -349 -372 -507 -375 -270 -316 -94 -1 -226 -142 -29 0
350 -299 -349 -109 -264 -142 -267 -384 -226 -94 -1 -170 -270 -316 -29 -99 -372 -248 -507 -375 -125 0
239 -5 -291 -251 -337 -63 -454 -521 -353 -221 -199 -64 -475 -47 -12 -264 -83 -305 -343 -273 -240 0
304 -5 -376 -291 -280 -251 -415 -337 -195 -63 -267 -454 -521 -353 -221 -199 -64 -475 -47 -12 0
429 -422 -316 -280 -402 -376 -514 -178 0
-505 -310 -521 -343 -305 -376 -291 -280 -251 -337 -195 -63 -267 -454 -353 -221 -64 -475 -12 -270 -349 -435 -240 -264 -273 -432 -385 -487 -88 -507 0
421 -219 -498 -471 -199 -267 -246 -457 -356 -394 -467 -376 -280 -415 -232 -402 -369 0
344 -498 -316 -422 -99 -267 -356 -467 -376 -280 -232 -402 -369 -432 -385 -151 -4 -270 -264 -251 -521 -372 -273 -363 -310 -240 0
238 -232 -135 -356 -402 -369 -422 -316 -467 -280 -376 -178 -151 -4 -480 -251 -103 -493 -129 -283 -264 -372 -273 0
-306 -487 -372 -349 -109 -264 -142 -267 -384 -226 -94 -1 -170 -270 -316 -29 -99 -299 -412 -513 -402 -248 -507 -369 -375 -125 -422 -523 -288 -164 -171 -240 -135 -467 -178 -151 -4 -480 -251 -432 -521 -454 -12 0
3 -402 -349 -109 -264 -142 -267 -384 -226 -94 -1 -170 -270 -316 -29 -99 -299 -372 -248 -507 -375 -125 -12 0
-402 -299 -94 -1 -142 -267 -248 -226 -349 -109 -264 -384 -170 -270 -316 -29 -99 -372 -507 -375 -125 -12 0
-299 -248 -142 -267 -1 -226 -94 -349 -109 -264 -384 -170 -270 -316 -29 -99 -372 -507 -375 -125 -12 0
421 -402 -57 -142 -267 -87 -44 -384 -331 -125 -109 -349 -507 -512 -514 -73 -248 -368 0
6 -315 -498 -218 -248 505 -401 -341 -90 -83 -387 -244 -229 0
351 -344 -70 -4 -498 -248 -401 -341 -507 -522 -170 -264 -165 -273 -240 -57 -195 -142 -267 -87 -208 -99 -44 -232 -288 -384 -331 -361 -125 -109 0
-344 -4 -392 -12 -288 -264 -165 -170 -487 -273 -184 -142 -270 -240 -507 -372 -361 -349 -70 -498 -248 -401 -341 -522 -57 -195 -267 -87 -208 -99 -44 -232 -384 -331 -125 -109 0
250 -240 -372 -349 -392 -12 -288 -264 -165 -170 -487 -273 -184 -142 -270 -507 -70 -498 -248 -401 -341 -522 -57 -195 -267 -87 -208 -99 -44 -232 -384 -331 -125 -109 0
506 -240 -273 -142 -165 -170 -87 -44 -384 -331 -109 -349 0
239 -386 -487 -270 -170 -372 -142 0
-240 -273 -486 -267 -57 -288 -142 -125 -170 -349 -165 -372 -522 -487 -270 -507 -87 -44 -384 -331 -109 -252 -392 -12 -264 -184 -70 -498 -248 -401 -341 -195 -208 -99 -232 0
169 -4 -252 -305 -522 -392 -151 -157 -63 -387 -165 0
5 -335 -12 -66 -305 -157 -392 -165 -63 -522 -135 -347 -362 -252 0
350 -387 -12 -305 -199 -431 -337 -157 -392 -165 -63 -522 -135 -347 -252 -384 -170 -507 0
61 -258 -264 -365 -273 -392 -165 0
351 -305 -12 -337 -170 -522 -165 -63 -264 -273 -392 -199 -347 -252 -345 -384 -109 0
-273 -70 -487 -372 -12 -337 -157 -392 -165 -522 -252 -384 -170 -507 -349 -264 -109 -195 -486 -267 -57 -184 -142 -288 -125 -87 -44 -331 -270 -498 -248 -401 -341 -208 -99 -232 0
350 -63 -392 -252 -157 -165 -375 -387 -522 -170 -84 -142 -487 -270 -372 -240 -507 0
6 505 -375 -248 -315 -401 -341 -90 -84 -387 -229 0
432 -18 -475 -99 -454 -498 -177 -341 -335 0
163 -479 -375 -84 -319 -387 -431 -475 -99 -454 -498 -341 -232 -363 -244 -252 -248 -315 -401 -507 -88 -522 -170 -63 0
-151 -26 -88 -65 -47 -12 -170 -306 -252 -387 -522 -392 -4 -157 -63 -165 -493 -463 -244 -152 0
-63 -387 -507 -12 -170 -252 -341 -522 -392 -157 -165 -84 -375 -514 -428 -99 -498 -232 -248 -401 -372 -240 -57 -142 -267 -87 -208 -44 -288 -384 -331 -125 -109 -349 -487 -270 0
143 -525 -195 -267 -57 0
-387 -84 -507 -349 -109 -384 -87 -267 -195 -12 -157 -288 -165 -170 -142 -57 -341 -522 -392 -252 -375 -514 -428 -99 -498 -232 -248 -401 -372 -240 -208 -44 -331 -125 -487 -270 0
367 -428 -514 -252 -522 -392 -341 -195 -267 -57 -142 -87 -44 -384 -331 -125 -109 -349 -372 -507 -216 -165 -487 -170 -270 -12 -157 -288 -375 -99 -498 -232 -248 -401 -337 -264 -486 -184 0
-386 -88 -387 -63 -337 -157 -392 -165 -522 -252 -384 -170 -507 -184 -349 -125 -372 -288 -210 -486 -267 -57 -142 -12 -487 -270 0
171 5 -157 -392 -165 -63 -522 -12 -252 -184 -349 -125 -372 -288 -210 -486 -267 -57 -142 -88 0
208 -44 -109 -331 -349 -87 -372 -267 0
351 -392 -280 -514 -252 -522 -376 -267 -57 -142 -87 -44 -384 -331 -125 -109 -349 -372 -507 -165 -487 -170 -270 -12 -157 -375 -99 -248 -337 -264 -184 -368 -316 -423 -512 -73 0
-392 -387 -165 -63 -522 -12 -252 -184 -349 -125 -372 -267 -57 -142 -170 -157 -337 -384 -507 -487 -270 -368 -514 -87 -44 -331 -109 -375 -99 -248 -264 -178 -376 -280 -316 -423 -512 -73 0
392 -63 -208 -248 -368 -142 -267 -87 -44 -384 -331 -125 -109 -349 -507 -512 -514 -73 -423 -316 -280 -376 -178 -57 0
-63 -487 -372 -270 -349 -165 -522 -12 -252 -184 -125 -267 -57 -142 -170 -157 -337 -384 -507 -368 -514 -87 -44 -331 -109 -375 -99 -248 -264 -178 -376 -280 -316 -423 -512 -73 0
-392 -368 -514 -252 -522 -267 -57 -142 -87 -44 -384 -331 -125 -109 -349 -372 -507 -165 -487 -170 -270 -12 -157 -375 -99 -248 -337 -264 -184 -178 -376 -280 -316 -423 -512 -73 0
-248 -99 -267 -384 -125 -109 -349 -507 -142 -316 -372 -170 -270 -12 -375 -264 -94 -1 -226 -29 0
-99 -125 -349 -372 -267 -1 -226 -142 -264 -170 -109 -375 -270 -384 -507 -316 -12 -94 -29 0
169 -157 -57 -142 -267 -87 -44 -384 -331 -125 -109 -349 -507 -402 -248 -94 -298 -1 -522 -29 -226 -63 -422 -165 -252 -387 -392 -151 -4 0
55 -486 -255 0
-486 -57 -255 0
-57 -208 -226 -109 -349 -94 -1 -372 -376 -384 -142 -507 -248 -255 0
57 -248 -114 -270 -349 -435 -384 -142 -94 -1 0
-248 -255 -349 -226 -109 -94 -1 -372 -376 -384 -142 -507 -270 -114 0
-125 -12 -109 -349 -372 -267 -1 -226 -29 -142 -264 -170 -384 -375 -270 -94 -507 -316 0
434 -180 -423 -514 -369 -428 -300 -402 0
304 -337 -335 -199 -475 -47 -12 0
164 -63 -4 -151 -315 -514 -188 -428 -343 -335 -199 -475 -12 -376 -435 -423 -369 -300 -402 -522 -392 -157 -244 0
-345 -305 -335 -199 -337 -12 -252 -66 -256 -240 351 -170 -522 -165 -63 -264 -392 -273 -384 -109 0
-305 -240 -498 -199 -219 -335 -337 -12 -127 -252 -66 -256 -58 351 -170 -522 -165 -63 -264 -392 -273 -384 -109 0
305 -498 -475 -99 -454 -341 -335 -232 -229 -363 -248 505 -401 -315 -83 -387 -90 -244 -431 -127 -199 -343 -184 -46 0
-63 -392 351 -170 -522 -165 -264 -12 -199 -252 -384 -109 -184 -66 -58 -99 -454 -248 -315 -387 -90 -244 -431 -375 -479 -507 -319 -402 -423 -369 -300 -435 -514 -376 -316 -280 -415 -193 -523 -157 0
416 -423 -316 -402 -280 0
432 -337 -335 -199 -475 -305 -12 0
371 -63 -170 -522 -165 -264 -12 -199 -252 -384 -109 -184 -66 -58 -99 -454 -248 -392 -387 -90 -244 -431 -375 -479 -507 -319 -402 -423 351 -300 -435 -514 -376 -316 -280 -193 -523 -157 -270 -208 0
-63 -392 -135 -264 -522 -165 -252 -12 -66 -157 -184 -239 -372 -170 -199 -384 -109 -58 -99 -454 -248 -387 -90 -244 -431 -375 -479 -507 -319 -402 -423 351 -300 -435 -514 -376 -316 -280 -193 -523 -270 -208 0
401 -512 -412 -514 -73 0
333 -44 -264 -208 -435 -165 -135 -12 -170 -384 -109 -99 -248 -375 -507 351 -316 -270 -57 -267 -287 -94 -1 -142 -226 -87 -372 -29 0
-28 -99 -267 -264 -507 -372 -349 -109 -384 -316 -248 -270 -94 -1 -226 -142 -12 -170 -29 0
400 -423 -264 -208 -435 -165 -135 -12 -170 -384 -109 -99 -248 -375 -507 351 -316 -270 -57 -287 -94 -1 -142 -226 333 -372 -29 -267 0
44 -165 -170 -226 -142 -267 -130 -1 0
87 -165 -170 -142 -226 -267 -130 0
-99 -165 -264 -12 -170 -384 -109 -248 -375 -507 -316 -270 -57 -267 -94 -1 -142 -226 -372 -29 -349 0
99 -248 -226 -109 -94 -1 -372 -376 -384 -142 -507 -270 -349 0
-165 -248 -1 -94 -264 -12 -170 -384 -109 -226 -375 -507 -316 -270 -267 -142 -372 -29 -349 0
-248 -12 -142 -267 -1 -226 -170 -264 -94 -384 -109 -375 -507 -316 -270 -372 -29 -349 0
144 -454 -363 -475 -401 -343 -496 -381 -316 -94 -29 -12 -1 -109 -44 -349 -87 -372 -267 -523 -209 -287 -165 -239 -170 -130 0
400 -335 -431 -387 -82 -435 -475 -190 -217 -300 -496 -16 -369 -316 -515 -423 0
55 -99 -270 -372 -349 -109 -170 -264 -142 -267 -435 -384 -226 -94 -1 -12 -316 -29 -401 -82 -475 -190 -88 -313 -287 -209 -130 -363 -343 -381 -165 -239 -485 0
57 -130 -1 -267 -226 -142 -94 0
143 -422 -428 -29 -151 -401 -88 -376 -463 -170 -94 -313 -287 -1 -209 -226 -267 -130 0
-165 -343 -29 -12 -1 -109 -349 -372 -267 -209 -287 -239 -170 -130 -142 -428 -151 -401 -88 -94 -313 -226 -316 -270 -264 -435 -384 -82 -475 -190 -363 -381 55 -485 0
-12 -507 -142 -267 -226 -170 -29 -1 -109 -349 -372 -94 -316 -270 -384 -264 -375 0
-208 -194 -316 -248 -376 -349 -423 -1 -94 -109 -286 -57 -525 -368 -226 -372 -384 -142 -507 -209 0
-130 -248 -29 -372 -109 -349 -267 -316 -306 -1 -94 -525 -226 -384 -142 -507 -165 -170 -86 0
130 -86 -94 -226 -384 -1 0
-86 -165 -29 -109 -349 -372 -267 -306 -170 -270 -142 -316 -1 -94 -525 -226 -384 -507 0
-28 -402 -417 -423 -316 -29 0
249 -417 -384 -349 -507 -512 -109 -316 -423 -29 -170 -287 0
30 -487 -435 -188 -428 -515 -376 0
143 -423 -316 -29 -170 -109 -349 -208 -372 -507 -375 -270 -384 -512 -525 -57 -267 0
-165 -525 -349 -1 -94 -109 -316 -270 -170 -372 -142 -507 -477 -384 -29 -375 -267 -226 -306 0
-507 -375 -372 -270 -94 -142 -1 -267 -226 -384 -170 -349 -109 -316 -29 -264 0
507 -142 -94 -1 -226 -270 -372 -349 0
-29 -248 -109 -349 -94 -1 -372 -384 -142 -226 -267 -270 -316 -170 -264 0
287 -522 -199 -99 -498 -327 -270 -372 -185 -239 -252 -216 -90 -384 -109 -349 -180 -300 -423 -375 -512 -402 -226 -28 -170 -248 -1 -94 -264 -267 -142 -376 -523 -208 0
-514 -412 -74 -423 -402 -369 -300 -512 -435 -180 -428 -515 0
371 -522 -99 -498 -327 -185 -252 -180 -435 -300 -216 -57 -267 143 -423 -415 -375 -512 -402 -74 -515 -507 -90 -384 -109 -349 -270 -208 0
350 -369 -384 -226 -349 -109 -28 -423 -170 -248 -402 -1 -94 -270 -372 -264 -267 -375 -180 -12 -63 -99 -142 -376 -315 0
210 -252 -216 -74 -423 -402 -300 -512 -180 -515 -345 -90 -384 -109 -349 -226 -28 -170 -248 -1 -94 -270 -372 -264 -267 -375 -12 -63 -99 -142 -376 0
171 -130 -109 -384 -158 -264 -208 -216 -74 -423 -180 -515 -226 -28 -170 -248 -1 -94 -270 -372 -267 -99 -142 -376 -415 -185 -498 -327 -349 0
228 -474 -299 -1 0
239 -273 -375 29 -315 -12 -159 -25 -316 -264 -343 -16 -129 -487 -270 -170 -372 -142 0
144 -343 -270 -372 -375 -264 -125 -385 -349 -71 -109 -267 -88 -359 -82 29 -315 -12 -25 -316 -16 -170 -142 -403 -511 -94 -163 -1 -226 -299 -130 0
238 -488 -385 -270 -82 -372 -272 0
-130 -208 -270 -372 -384 -109 -349 -226 -170 -248 -1 -94 -267 -142 -264 -316 0
-208 -248 -170 -349 -1 -109 -226 -384 -94 -270 -372 -267 -142 -264 -316 0
516 -200 -60 -498 -306 -99 -522 -62 -524 -194 -415 -402 -74 -507 -216 -385 -270 238 -372 -272 -375 -512 -428 -313 0
89 -498 -99 -313 -112 -375 -245 -385 -270 238 -372 -272 -306 -47 -475 -337 -12 -216 -507 -432 -189 0
344 -50 -352 -47 -12 -306 0
497 -337 -327 -190 -60 0
-248 -170 -372 -94 -1 -226 -109 -349 -267 -270 -142 -384 -264 -316 0
400 -515 -94 -412 -1 -423 -74 0
240 -479 -180 -42 -4 -435 -252 -493 228 -1 -363 -112 -343 -185 0
525 -194 -170 -267 -287 -142 0
286 -330 -118 -381 -7 -216 -18 -475 -99 -498 -454 -341 -335 -189 -386 -88 -170 0
513 238 -190 -327 -435 -82 -270 497 -372 -109 -349 -267 -209 -170 -287 -381 -216 -475 -99 -498 -454 -189 -88 -197 -100 -25 -16 -226 -403 -1 0
238 -511 -209 -287 -170 -142 -267 -130 -226 -1 -264 -190 -327 -435 -82 -270 497 -372 -109 -349 -381 -216 -475 -99 -498 -454 -189 -88 -197 -100 -25 -16 -403 0
-375 -170 -94 -226 -267 -142 -1 -264 -270 -372 -109 -349 -316 -384 0
227 -272 -239 -170 -142 -267 -130 0
240 -475 -454 -316 -423 -356 -458 -395 -360 -88 -151 -170 -4 -287 -252 -209 -363 -84 -267 -343 -272 -142 0
497 -28 -316 -60 -190 -337 0
-496 144 -475 -343 -454 -381 -316 -94 -363 -1 -109 -401 -349 -87 -372 -267 -523 -209 -287 -165 -239 -170 -130 -86 -270 -142 -525 -226 -384 -497 0
288 -170 -349 -372 -267 -109 -270 -142 -316 -1 -94 -226 -384 -343 -98 -475 -454 -381 -363 -401 -523 -209 -287 -239 -130 -190 228 0
-29 -47 -522 -335 -399 -165 -339 -369 -4 -188 -315 -428 -343 -475 -12 -435 -423 -151 -300 -57 -267 143 -415 -515 -282 -30 -316 0
497 -16 -335 -431 -4 -151 -188 -428 -401 -94 -412 -1 -423 -522 -165 -369 -315 -343 -475 -435 -300 -57 -267 143 -415 -316 -197 -134 -66 -27 -454 -363 -274 -217 -190 0
97 228 -1 -343 -369 -128 -471 -316 -217 -335 -431 -4 -151 -188 -428 -401 -94 -412 -315 -475 -435 -57 -267 143 -415 -197 -134 -66 -27 -454 -363 -274 -190 0
-170 -142 -1 -226 -267 -316 -94 -349 -372 -109 -270 -384 -264 0
334 -381 -514 401 -65 -184 -306 -12 -475 -454 -353 -172 -73 -329 -198 -7 -91 -432 0
335 -12 -65 -25 -135 -363 -251 -242 -507 -439 -151 -386 -432 0
-12 -363 -349 -172 -514 401 -65 -184 -306 -475 -454 -353 -73 -329 -198 -7 -91 -432 -336 -25 -135 -251 -242 -507 -439 -151 -386 0
334 -41 -124 -264 -349 -251 -73 -514 401 -364 -329 -198 -7 -91 -172 -432 -398 -177 0
12 -416 -270 -487 -267 -386 -432 -336 -124 -264 -349 -251 -73 -514 401 -329 -198 -7 -91 -172 -480 -521 -392 -61 -454 -523 -475 0
380 -363 -343 -475 -113 -454 -474 -175 -349 -172 -514 401 -65 -184 -12 -73 -329 -198 -7 -91 -432 -336 -25 -135 -251 -242 -507 -439 -151 -386 -157 0
-363 -175 -349 -172 -379 -343 -475 -113 -454 -474 -514 401 -65 -184 -12 -73 -329 -198 -7 -91 -432 -336 -25 -135 -251 -242 -507 -439 -151 -386 -157 0
363 -343 -240 -349 -372 0
430 -335 -89 0
350 -129 -480 -264 170 -57 -94 -270 -251 -507 -372 -363 0
197 -98 -497 -484 -360 -16 -253 -25 0
176 -497 -349 -226 -109 -94 -1 -372 -384 -142 -114 -270 -6 -484 -360 -253 -366 -521 -65 -46 -316 -306 -341 -397 -12 -422 -475 -401 -454 -232 0
421 -482 -58 -267 -45 -200 -332 -346 -151 -148 -6 -253 -513 -507 -484 -514 -415 -270 -401 -341 0
-497 -366 -480 -65 -178 -148 -6 -514 -253 -226 -109 -94 -1 -372 -384 -142 -270 -349 -316 -341 -422 -267 -45 -200 -332 -346 -151 -513 -484 -401 -337 -397 -475 -454 -232 -175 -114 -360 -521 -46 -306 -12 0
361 -341 -401 -514 -316 -480 -65 -226 -109 -94 -1 -372 -384 -142 -270 -349 -267 -200 -332 -151 -397 -475 -454 -175 -114 -360 -46 -306 -12 -57 -251 0
17 -423 -316 -497 -401 -514 0
-423 -16 -474 -497 -1 -316 -94 -341 -114 -401 -514 0
-16 -497 -514 -332 -347 -200 -46 -306 -12 -475 -454 -175 -233 -1 -401 -316 -94 -474 -341 -114 0
98 -423 -401 -94 -1 -474 -142 -114 0
2 -523 -12 -306 -29 -287 -332 -209 -367 -164 -86 -474 -1 -226 0
-497 -319 -480 -267 -200 -381 -100 -12 -306 -332 -226 -1 -287 -164 -86 -474 -240 -372 -514 -233 -270 -57 -401 -109 -94 -384 -142 -349 -316 -114 -341 -347 -46 -475 -454 -175 0
-335 -381 -514 -401 -57 -454 -475 -316 -480 -267 -270 -12 -306 -332 -226 -1 -287 -164 -86 -474 -240 -372 -109 -94 -384 -142 -349 -114 -363 -65 -151 -360 -251 -432 -336 -89 0
318 -98 -497 0
-423 -497 -12 -199 -306 -347 -184 -231 -412 -267 -133 -475 -1 -454 -209 -287 -332 -164 -86 -474 -226 -176 -57 -514 -415 -233 -270 -401 -316 -94 -142 -114 0
97 -513 -129 -347 -184 -306 -12 -264 -475 -190 -514 -497 -17 0
-497 -129 -264 -284 -320 -245 -209 -267 -199 -347 -133 -231 -226 -109 -94 -1 -372 -384 -142 -270 -349 -184 -306 -12 -475 -190 -514 -316 -340 -412 -454 -332 -86 -176 -415 -233 -401 -114 0
-29 -86 -1 -226 -94 -267 -199 -401 -337 -190 497 -415 -316 0
345 -251 -94 -1 -514 -226 -267 -316 -264 -109 -372 -384 -142 -270 -349 -12 -475 -454 -363 -401 -151 0
421 -346 -184 -267 -45 -332 -151 -148 -6 -253 -513 -507 -484 -514 -415 -270 -401 -432 -386 -232 0
-306 -6 -386 -151 -432 -514 -401 -57 -454 -475 -316 -480 -267 -270 -12 -381 -332 -226 -1 -287 -164 -86 -474 -240 -372 -109 -94 -384 -142 -349 -363 -65 -360 -251 -336 -89 -376 -98 -497 -305 0
99 -178 -376 -480 -281 -366 -29 -65 -407 -514 -267 -342 -336 -201 -432 -386 -151 -148 -6 -253 -113 -226 -109 -94 -1 -372 -384 -142 -270 -349 0
-251 -151 -475 -514 -267 -226 -109 -94 -1 -372 -384 -142 -270 -349 -343 -401 -454 -316 -12 -264 0
317 -99 -87 -349 -44 -372 -267 -29 -157 -132 -306 -384 -12 -475 -368 -497 -423 -109 0
318 -29 -109 -87 -349 -132 -372 -384 -240 -343 -401 -94 -1 -474 -142 -423 -44 -497 0
-306 -29 2 -287 -12 -164 -474 -1 -226 -267 -109 -349 -372 -270 -57 -94 -384 -142 -376 -132 317 -475 -497 -423 0
-29 -17 -267 -432 -372 -346 -240 -343 2 -287 -12 -164 -474 -1 -226 -109 -349 -270 -57 -94 -384 -142 -132 -475 -497 -423 -316 -401 0
-497 -346 -432 -475 -267 -57 -287 -386 -132 -12 -401 -349 -109 -384 -151 -240 -343 -94 -423 -1 -474 -142 -514 -316 -372 2 -164 -226 -270 0
-86 -331 -386 -349 -487 -372 -287 -109 -270 -432 -337 497 -327 -468 -267 -44 -132 -87 -94 -226 -384 -1 0
-29 -484 -247 -522 -89 -5 -270 -507 -372 -349 -343 -109 -384 -132 -386 -487 -287 -432 -337 497 -267 -44 -87 -94 -226 -1 -178 -316 0
-151 -454 -384 -109 -401 -349 -94 -1 -514 -270 -372 -343 -267 -226 -316 -475 -12 -142 -264 0
434 -474 -1 -226 0
318 -17 -423 -94 -270 -1 -267 -432 -372 -497 -240 -343 -401 -287 -12 -164 -474 -226 -109 -349 -57 -384 -142 -132 -475 -29 -316 0
55 -514 -109 -401 -349 -94 -1 -384 -270 -372 -343 -267 -226 -316 -475 -12 -142 -264 -249 0
-514 -343 -109 -94 -1 -372 -384 -142 -270 -349 -401 -226 -267 -316 -475 -12 -264 -423 -497 -29 0
514 -401 -109 -372 -270 -178 -376 -349 -29 0
343 -475 -89 -386 -337 -507 -487 -497 -349 -270 -432 -109 -372 -384 -240 0
151 -487 -507 -386 0
-12 -475 -384 -109 -349 -1 -401 -270 -372 -267 -226 -316 -94 -142 -264 -497 -29 0
317 -341 -17 -423 -99 0
506 -423 -109 -497 -349 -132 -372 -384 -240 -29 -401 -94 -1 -474 -142 -343 -226 -270 -316 -432 -386 0
430 -184 -29 -332 -267 -86 -226 -1 -94 -363 -4 -234 -151 -177 -386 -89 0
317 -4 -264 -151 -22 -343 -497 -17 -102 -423 -336 -432 -29 -267 -86 -226 -1 -94 -386 -89 -109 -349 -240 -372 -455 -270 -57 -514 -247 -401 0
-423 -343 -109 -497 -349 -372 -384 -29 -401 -94 -1 -142 -226 -270 -316 -264 -22 -102 -336 -267 -86 -455 0
97 -4 -281 -386 -29 -184 -267 -86 -226 -1 -94 -363 -376 -332 -151 -177 -89 -432 -102 -73 -336 -412 -398 -337 -513 -190 -514 -497 -17 0
505 -284 -264 -480 -209 -267 -343 -363 -251 -151 -386 -89 -432 -342 -497 -253 -17 -226 -109 -94 -1 -372 -384 -142 -376 -270 -349 -98 -281 -29 -184 -86 -332 -177 -102 -73 -336 -398 -337 -513 -190 -514 0
371 -17 -337 -336 -432 -497 -386 -98 -226 -109 -94 -1 -372 -384 -142 -376 -270 -349 -151 -264 -480 -267 -343 -251 -89 -342 -253 -398 -281 -29 -86 -177 -102 -73 -513 -514 -240 0
-17 -513 -514 -360 -497 -484 -98 -247 -226 -109 -94 -1 -372 -384 -142 -376 -270 -349 -337 -336 -432 -386 -151 -264 -480 -267 -343 -251 -89 -342 -253 -398 -281 -29 -86 -177 -102 -73 -240 0
6 -26 -65 -134 -393 -62 -363 -521 -251 -230 0
344 -78 -178 -480 -376 -281 -29 -65 -407 -514 -267 -342 -336 99 -432 -386 -151 -6 -253 -226 -109 -94 -1 -372 -384 -142 -270 -349 -251 -363 0
199 -393 -480 -122 -471 -483 -246 -267 0
-475 -29 -226 -109 -94 -1 -372 -384 -142 -270 -349 -497 -267 -264 -401 -316 0
475 -401 -270 -507 -372 -349 -316 -109 -94 -497 -384 0
-514 -232 -58 -267 -57 -336 -86 -432 -226 -287 -386 -497 -132 -346 -401 -349 -109 -384 -423 -240 -94 -343 -1 -474 -142 -316 -372 -164 -270 -247 -74 -515 0
-401 -497 -267 -226 -270 -349 -109 -384 -94 -1 -142 -316 -372 -264 0
-316 -248 -109 -497 -349 -29 -372 -384 -240 -343 -401 -94 -1 -474 -142 -132 -423 -226 -507 -270 -432 -386 0
316 -423 -270 -267 -372 -86 -363 -240 -226 -343 -467 -1 -401 -94 -474 -142 -337 -497 -29 0
-423 -86 -514 -497 -372 -270 -109 -349 -29 -384 -343 -94 -1 -142 -226 -507 -432 -386 -267 -401 0
371 -288 -349 -285 -210 0
-248 -285 -514 -88 -386 -270 -487 -372 -142 -513 -240 -210 -349 -497 -484 -98 -247 -226 -109 -94 -1 -507 -384 -376 0
496 -306 -184 -347 -129 -200 -471 -483 -245 -464 0
-316 -232 -343 -497 -251 -151 -514 -386 -267 -240 -372 -507 -270 -88 -487 -142 -513 -349 -484 -247 -226 -109 -94 -1 -384 -318 -401 -29 0
-86 -343 -386 -151 -507 -514 -497 -29 -432 -267 -372 -270 -142 -349 -226 -109 -94 -1 -384 -401 0
-316 -240 -497 -349 -29 -372 -384 -423 -343 -401 -94 -1 -109 -142 -226 -507 -270 -432 -386 -208 -267 0
239 98 -94 -1 -423 -142 -401 -343 0
-240 -343 -507 -432 -151 -142 -94 -384 -109 -349 -270 -372 -1 -401 -386 -514 -497 -29 -226 -267 0
-343 -151 -29 -226 -109 -94 -1 -372 -384 -270 -349 -497 -267 -142 -401 -507 -514 -386 -432 0
343 -401 -386 -507 -349 -270 -432 -109 -372 -384 -142 -497 -226 -1 -94 0
-401 -142 -94 -1 -226 -349 -270 -507 -386 -29 -109 -372 -384 -497 -267 -514 -432 0
506 -475 -349 401 -363 -343 -113 -514 -184 -73 -432 -25 -507 -151 -386 -157 -486 -57 -94 -1 -226 -519 -367 -468 -209 -130 -288 -142 -216 -187 -88 0
-264 -7 -242 -270 -487 -267 -386 -432 401 -349 -73 -514 -329 -198 -521 -91 -480 -392 -251 -454 -523 -475 -353 -184 -306 -363 -25 -135 -507 -440 -359 -288 -88 -66 -1 -226 -142 -94 -372 -109 -384 -316 0
264 371 -349 -288 0
152 -242 -270 -487 -267 -386 -432 401 -349 -73 -514 -329 -198 -521 -91 -480 -392 -251 -454 -523 -475 -264 -184 -7 -363 -25 -135 -507 -359 -288 -88 -1 -226 -142 -94 -372 -109 -384 -316 -474 -113 -343 -4 0
-370 -367 401 -363 -343 -514 -184 -73 -432 -507 -386 -157 -270 -267 -1 -226 -142 -94 -372 -109 -384 -316 -349 -497 -376 -280 0
-98 -217 -497 -423 -341 -99 -316 0
505 -480 -267 -386 -432 401 -349 -73 -514 -270 -184 -363 -507 -1 -226 -142 -94 -372 -109 -384 -316 -474 -343 -306 -191 -376 -497 -280 -114 -423 -341 -216 -129 170 -57 -132 -208 0
-98 -287 -306 -164 -474 -1 -226 -267 -109 -349 -372 -270 -57 -94 -384 -142 -376 -132 -29 -475 -497 -423 -248 -486 -360 -316 -341 -99 0
-423 -240 -343 -514 -432 -507 -386 -94 -1 -226 -142 -267 -109 -372 -270 -384 -29 -497 -349 0
423 -248 -432 -497 -18 -1 -267 -226 -142 -94 -99 -384 -316 0
-343 -142 -267 -226 -1 -94 -386 -384 -432 -349 -372 -109 -270 -514 -507 -29 -497 0
-142 -507 -514 -349 -1 -109 -94 -384 -267 -226 -386 -432 -372 -270 -29 -497 0
249 -423 -169 -89 -270 -507 -372 -349 -109 -209 -86 -267 -226 -497 -1 -316 -386 -341 -94 -29 -514 -401 -55 0
247 -89 -384 -169 -109 -349 -209 -507 -270 -435 0
-423 -343 -245 -514 -109 -29 -401 -497 -349 -238 -1 -341 -316 -372 -94 -507 -270 -55 -247 -169 -89 -209 -86 -267 -226 -386 0
498 -397 -337 -475 -190 0
-343 -316 -245 -349 -238 -372 -507 -386 -335 -270 -55 -89 -1 -226 -384 -341 -497 -94 -514 -109 -29 -401 -169 -209 -86 -267 0
-316 -401 -89 -270 -507 -372 -349 -109 -209 -86 -267 -226 -497 -1 -386 -341 -94 -29 -514 -169 -55 -384 -245 -238 -335 0
351 -330 -159 -165 -12 -335 -169 -477 -89 -384 -109 0
-401 -89 -270 -507 -372 -109 -349 -335 -169 -384 -226 -194 -1 -94 -55 -514 -497 -29 -209 -86 -267 -386 -341 -245 -238 0
-507 -386 -349 -372 -267 -226 -1 -94 -29 -514 -270 -384 -497 -109 -432 0
-386 -432 -372 -267 -349 -94 -1 -226 -29 -514 -384 -497 -109 -270 0
-316 -421 -94 -497 -1 -226 -267 -152 -384 -142 -88 -349 -170 -375 -288 -372 -109 -270 0
350 -189 -214 -488 -428 -435 -109 0
-423 -101 -142 -209 -314 -488 -270 -385 -372 -375 -267 -11 -524 -57 -486 -360 -163 -219 -226 -1 -340 -94 -401 98 -343 -421 0
-89 -209 -465 -314 -152 -170 -267 -349 -288 -372 -270 -517 -192 -466 -219 -404 -60 -486 -512 -226 -57 -1 -94 -488 -385 -375 -401 98 -421 -477 -384 -333 -109 -214 -428 430 0
-55 -361 -343 -349 -372 -142 -401 -94 -1 98 -423 -57 0
265 -246 -314 -465 -209 0
-209 -314 -267 -372 -226 -1 -401 -94 -497 -29 -349 -270 -512 -404 -413 -152 -384 -170 -288 -486 -57 -488 -385 -375 -421 -109 -428 430 0
249 -401 -384 -270 -170 -372 -267 -226 -1 -152 -94 -497 -29 -349 -488 -385 -109 430 -514 0
-316 -423 -401 -497 -514 -57 -249 -270 -349 -372 -209 -1 -226 -267 -170 -94 -109 -384 -142 0
-55 -239 -142 -435 -1 -94 -249 -368 -423 -349 -270 -226 -57 0
90 -368 -142 -435 -1 -94 -249 -423 -349 -270 -226 -57 -401 98 -384 -109 -359 -214 -488 -428 0
-423 -57 -1 -94 -249 -349 -270 -226 -142 -401 -384 -88 -109 -488 -340 -514 -497 -29 -372 -209 -267 -170 0
-57 -209 -514 -170 -142 -267 -152 -372 -270 -226 -249 -384 -1 -401 -340 -94 -349 -88 -109 -488 -497 -29 0
57 -142 -94 -1 -267 -226 -384 0
-401 -170 -384 -29 -109 -226 -349 -1 -372 -270 -267 -514 -94 -152 -488 -497 -385 430 0
-370 -248 -349 -210 -285 -270 -435 -372 0
-432 -514 -94 -349 -270 -226 -372 -497 -267 -384 -109 -29 -1 0
371 -337 498 -336 -90 -384 -109 -349 -270 0
422 -323 -507 -153 -93 -214 -284 -270 -372 498 -336 -90 -384 -109 -349 -198 -26 -226 -17 -1 -369 -342 -94 0
-209 -401 -384 -1 -94 -270 -372 -109 -349 -226 -514 -497 -29 -142 -267 0
383 -507 -349 -109 -90 0
-401 -142 -226 -267 -94 -349 -372 -109 -270 -384 -1 -497 -514 -29 0
-142 -514 -29 -226 -267 -94 -349 -372 -109 -270 -384 -1 -497 0
371 -402 -435 -397 -475 -151 -497 -4 -514 -487 -423 -29 -252 -333 -109 -343 -349 -270 -238 0
-316 -12 -343 -478 -46 -475 -411 -66 -397 -337 -219 -191 -315 -497 -401 505 -90 -248 -430 -16 -514 -423 0
-57 -66 -346 -514 -29 -343 -478 -46 -475 -411 -397 -497 -401 505 -90 -430 -435 -194 -270 -209 -372 -109 -349 -238 -342 -86 -359 -226 -1 -94 -55 0
-507 -401 -336 -90 -384 -109 -349 -270 -238 -372 -1 -226 -94 -346 -514 -29 -478 -46 -497 -430 -194 -209 -342 -86 -55 -320 -169 0
-401 -514 -226 -1 -270 -372 -349 -336 -90 -384 -109 -238 -94 -346 -29 -478 -46 -497 -430 -194 -209 -342 -86 -55 -320 -169 0
505 -55 -1 -94 401 -514 -73 0
96 -369 -513 -226 -422 -1 0
469 -129 -362 -79 -343 -483 -149 0
219 -283 -264 -373 -362 -79 -343 -483 -149 0
498 -97 -316 0
247 -316 -497 -79 -405 -513 -245 -387 -349 -505 -90 -1 -226 -248 -384 -55 -94 -422 -209 -372 -270 0
-514 -29 -349 -109 -497 -1 -226 -94 -372 -270 -384 -267 0
-209 -430 -384 247 -109 -349 -270 -435 -488 -300 -368 -208 0
-248 -401 -270 -109 -372 -384 -349 -497 -226 -1 -94 -267 -16 -318 -282 402 0
-401 -29 -372 -267 -109 -270 -1 -94 -226 -384 -497 -349 0
-142 -367 -372 -209 -349 228 -1 -55 -422 -435 -511 -179 -427 -94 -143 0
-369 -430 -384 -109 -169 -330 -165 -477 -12 -349 -435 -300 -402 -94 -1 -55 -507 -423 -512 -316 -376 30 -367 0
-55 -209 -349 -109 -507 -372 -288 -384 -435 -402 -94 -1 -267 -422 -511 -427 -497 -99 -29 -28 -226 -57 0
264 -209 -248 -270 -435 -372 -349 0
-316 -180 -1 -226 -435 -142 -378 -267 -94 -349 -372 -109 -270 -384 -264 -29 0
-370 -142 -349 -270 -435 -372 -375 -267 -1 -94 -497 -226 -109 -384 -264 -29 0
-316 -488 -507 -349 -435 -109 -1 -226 -427 -142 -378 -267 -94 -372 -270 -384 -264 -29 0
-209 -507 -226 -384 -1 -94 -497 -267 -349 -435 -109 -372 -270 -29 -375 -288 -99 -57 0
-316 -199 -238 -142 -169 -384 -349 -109 -507 -488 -435 -523 -191 -193 -375 -124 -497 -283 -99 -1 -226 -267 -94 -372 -270 -29 0
-247 -29 -226 -384 -1 -94 -497 -349 -109 -372 -270 -267 0
3 -435 -412 -488 -403 -505 -511 -1 -226 0
-423 -29 -28 -349 -286 -208 -1 -94 -109 -55 -422 0
-29 -384 -267 -349 -94 -1 -226 -109 -372 -270 -497 0
-209 -368 -248 -384 -109 -349 -270 -435 -1 -226 -267 -142 -94 -372 -316 -497 0
-55 -142 -349 -270 -109 -372 -384 -94 -1 -435 -226 -267 -497 -316 0
4 -46 -463 -306 -315 -65 -375 -289 -365 -324 -251 0
506 -4 -151 0
219 -365 -392 -251 -480 -4 -324 -375 -82 0
385 -271 -375 -264 -65 -217 -392 -251 -480 -463 -306 -315 -190 -337 -475 -454 -172 -381 -329 -198 -216 -189 -428 -515 -17 -340 -336 -91 -432 0
-12 -46 -306 -199 -102 -432 -336 -89 -135 -363 -251 -151 -25 -242 -507 -439 -65 -386 0
-25 -199 -267 -195 -523 -220 -306 -432 -336 -89 -135 -363 -251 -151 -242 -507 -439 -65 -386 -26 0
25 -315 -515 -375 -17 0
152 -363 -135 -251 -267 -195 -523 -25 -306 -432 -336 -89 -151 -242 -507 -439 -65 -386 0
371 -264 -375 -65 -217 -392 -251 -480 -463 -306 -315 -190 -337 -475 -454 -172 385 -329 -198 -216 -189 -428 -515 -17 -340 -336 -91 -432 -349 -240 0
-209 -142 -349 -94 -270 -372 -267 -384 -226 -1 -497 -109 -435 -316 0
-264 -432 -497 -349 -270 -89 -109 -372 -384 -435 -1 -226 -142 -267 -94 -316 0
284 -314 -515 -435 -109 -180 -349 -375 -124 0
-142 -316 -349 -270 -109 -372 -384 -435 -1 -226 -267 -94 -497 0
-29 -12 -102 -335 -46 -349 -109 -507 -200 -384 -267 -132 497 -386 -372 -287 -270 -432 -337 -487 -44 -87 -94 -226 -1 -185 -316 0
56 -344 -264 -480 -349 -507 -94 -1 -335 -109 -200 -384 -267 -132 497 -386 -372 -287 -270 -432 -337 -487 -226 -185 -316 -65 -315 -375 -402 -82 -272 -369 -164 -474 -523 0
-422 -187 -337 -73 -306 -184 -454 -172 -514 -198 -432 -519 -216 -349 170 -480 -264 -57 -94 -270 -507 -372 -468 -335 -200 -476 -344 -240 -132 -89 -226 -474 -1 -384 -402 -369 -513 -423 0
516 -29 -335 -349 -109 -507 -200 -384 -267 -132 497 -372 -270 -432 -337 -487 -94 -226 -1 -185 -316 -375 -523 -82 -272 -416 -402 -454 -172 -198 -216 170 -480 -264 -57 -344 -240 -89 -474 -369 -428 0
515 -272 -264 -218 -82 -375 -315 -16 0
-422 -172 -375 -82 -474 -218 -349 -454 170 -480 -264 -57 -94 -270 -507 -372 -112 -359 -335 -476 -344 -240 -185 -89 -384 -369 -226 -1 -298 -16 -341 -423 0
334 -283 -349 -384 170 -264 -480 -109 -375 -359 -288 -476 -337 -191 -469 -116 -218 -89 0
-90 -89 -384 -349 -109 -507 0
95 -284 -507 -264 -151 -480 -386 -470 -83 -218 -360 -248 -57 0
374 -367 -384 -507 -109 -349 -89 -169 -270 -435 -267 -287 -86 -474 -1 -226 -94 -264 -480 -386 -218 -57 0
2 -367 -372 -316 497 -337 -332 -267 -270 -86 -474 -1 -226 0
-242 -439 -399 -336 -25 -12 -363 -151 -251 -135 -507 -337 -65 -386 -432 -306 -89 -46 -102 0
249 -306 -375 -422 -474 -218 -349 -82 170 -480 -264 -57 -94 -270 -507 -372 -112 -454 -476 -240 -89 -384 -369 -226 -1 -298 -16 -341 -423 -487 -191 -337 -399 -336 -25 -12 -363 -251 -135 -432 -46 -102 -360 -484 0
-306 -135 -251 -25 -507 -337 -89 -46 -102 -482 -316 497 -142 -267 -226 -109 -94 -1 -372 -384 -264 -270 -349 -475 -343 -454 -247 -375 -422 -82 -369 -298 -341 -487 -484 0
219 -454 -109 -316 -349 -94 -1 -142 -270 -372 -264 -267 -226 -475 -384 -343 -251 -25 -507 -337 -89 497 -247 -375 -422 -82 -369 -298 -487 -484 -469 0
-422 -332 -267 -467 -316 -372 -142 -226 -109 -94 -1 -384 -270 -349 -475 -343 -507 -89 -375 -264 -86 -435 0
-332 -475 -349 -507 -94 -1 -109 -384 -267 -372 -270 -226 -316 -375 -142 -264 -343 -86 -467 -89 -435 0
382 -375 -264 -270 -507 -372 -1 -226 -349 -109 -267 -384 -316 -94 -142 -89 -435 0
306 -185 -30 -157 0
383 170 -480 -264 -57 -94 -270 -507 -372 -240 -349 -30 -336 -432 -487 -474 -267 -226 -1 -384 -132 -109 0
96 -251 497 -337 -109 -142 -349 -94 -1 -384 -270 -372 -267 -226 -249 -264 -475 -343 -86 -507 -151 -316 0
95 -264 -336 -432 -285 -337 -316 497 -372 -109 -142 -349 -94 -1 -384 -270 -267 -226 -249 -475 -343 0
-264 -89 -109 -142 -349 -94 -1 -384 -270 -372 -267 -226 -507 -316 -435 0
-209 -375 -372 -435 -270 264 -349 0
-375 -171 -94 -1 -226 -435 -142 -349 -423 -270 -372 264 0
247 -253 -57 0
-264 -142 -109 -349 -94 -1 -384 -270 -372 -267 -226 -507 -316 -435 0
90 -142 -1 -226 -94 -267 -435 -384 -316 -109 -349 -372 -270 264 0
-375 -431 -12 -335 -475 -435 -218 -349 -343 -142 -372 -267 -94 -1 -226 -423 -270 264 0
-142 -316 -1 -226 -94 -267 -435 -349 -372 -109 -270 -384 -507 0
-497 -488 -375 -386 -12 -315 -435 -397 -337 -218 -191 -316 -157 -267 -349 -94 -1 -226 -109 -372 -270 -384 0
400 -515 -324 -27 -507 -386 -16 -435 -375 -180 -369 -300 -423 -428 -402 -94 -74 -1 0
29 -27 -375 -315 -16 -341 96 -226 -369 -1 -402 -324 -507 -386 -435 -428 -94 -377 -282 0
345 -377 -375 -264 -218 -315 -283 -386 -124 -488 -349 -435 -109 -369 -402 -333 -16 -316 -30 -341 96 -226 -1 -507 -94 -282 -50 -35 -100 -12 -310 -305 -238 0
343 -305 -12 -157 -522 -135 -63 -252 -335 -392 -165 -229 -16 -315 -375 -283 -411 -507 -124 -349 -448 -348 -30 -109 -384 0
370 -218 -264 -375 -315 -386 -124 -349 -435 -109 -369 -402 -316 -341 96 -226 -1 -507 -94 -35 -100 -12 -310 -157 -135 -63 -335 -392 -229 -411 -384 -46 -99 -397 -337 -267 -372 -270 -415 0
249 -397 -337 -316 -384 -264 -109 -349 -270 -372 -375 -386 -435 -341 -226 -1 -507 -94 -35 -100 -335 -411 -46 -267 -164 -360 -287 0
-29 -28 -316 -372 -267 -109 -270 -1 -94 -226 -384 -401 -349 0
-28 -232 -481 -401 -316 -190 -337 -94 -412 -1 -98 -372 -267 -109 -270 -226 -384 -349 0
248 -337 -226 -94 -267 -1 -86 -316 -372 -109 -270 -384 -349 -245 -238 -507 -55 0
-29 -28 -316 -267 -349 -94 -1 -226 -109 -372 -270 -384 0
-370 -343 -415 -94 -515 -1 -423 -74 -337 -12 -475 -507 -430 -384 -349 -109 -169 -226 -185 -30 -194 -55 -238 -248 -270 -435 -372 0
370 -12 -497 -375 -435 -337 -316 -267 -349 -94 -1 -226 -109 -372 -270 -384 -507 -28 0
-12 -497 -384 -349 -94 -1 -337 -507 -226 -270 -435 -372 -109 -375 -316 -267 -28 0
240 -306 -343 -185 0
-497 -28 -1 -372 -109 -349 -384 -94 -337 -507 -226 -270 -435 -375 -316 -267 0
-28 -337 -316 -384 -264 -109 -349 -270 -372 -375 -435 -226 -1 -507 -94 -267 0
-337 -375 -384 -264 -109 -349 -270 -372 -316 -435 -226 -1 -507 -94 -267 0
-375 -264 -349 -435 -109 -316 -226 -1 -507 -94 -372 -384 -270 -267 0
247 -28 -349 -55 -423 -1 -94 -109 -376 -270 -435 0
248 -316 -226 -94 -435 -267 -1 -372 -109 -270 -384 -349 -507 0
-316 -384 -507 -109 -349 -270 -435 -226 -1 -94 -372 -267 0
-370 -55 -17 -349 -109 -384 -515 -248 -94 -74 -1 -417 -219 -270 -435 -372 0
-57 -55 -1 98 -94 -435 -349 -270 -226 -384 -267 -109 -208 -507 -375 -515 -248 -400 -421 0
57 -248 -507 -109 -349 -270 -435 -267 -384 -94 -1 -226 0
-55 -248 -270 -1 98 -94 -435 -349 -226 -384 -267 -109 -507 -375 -515 -417 -74 -219 -372 0
216 -474 -113 -54 -343 -363 -381 -251 -329 -154 -507 -487 -198 -8 0
95 -31 -264 -142 -239 -267 -130 -401 -349 -109 -384 -515 -428 -248 -507 -187 -214 -113 -54 -343 -363 -381 -154 -487 -198 -243 -517 -466 -340 -226 -43 -421 -1 0
371 -248 -349 -109 -384 -515 -214 -507 -94 -74 -1 -142 -267 -113 -198 -517 -466 -226 -421 -454 -17 -337 498 -325 -402 -417 -270 -288 0
506 -513 -115 -515 -219 -109 -359 -188 -349 -384 -507 0
218 -264 -515 -17 -342 -432 -93 -274 -283 -513 -129 -115 0
-264 239 -270 -487 -372 -142 -384 -349 -109 -507 -359 -129 -219 -515 -17 -342 -432 -93 -274 -283 -513 -115 0
-248 -158 -349 -109 -507 -384 -435 -270 -372 -515 -466 -267 -1 -226 -94 -417 -214 -74 -517 -337 498 -325 -375 0
-497 -337 -109 -507 -384 -435 -270 -372 -267 -1 -226 -94 -349 -375 0
265 -130 -143 -87 0
-248 -476 -94 -435 -349 -270 -226 -384 -109 -507 -267 -1 -421 -255 0
57 -515 -349 -109 -507 -151 -28 -280 -343 -4 -428 -384 -363 -401 -226 -421 -1 -239 -94 -267 0
400 -423 -515 -94 -28 -1 -412 0
402 -199 -47 -267 -142 -287 -523 -12 -101 -25 -18 -515 -415 0
90 -515 -4 -59 -151 -469 -326 -218 -28 -280 -18 -428 -94 -363 -1 -412 -401 -267 -142 -287 -523 -12 -25 -415 -334 0
-515 -42 -363 -267 -401 -94 -28 -1 -412 -209 -287 -4 -151 -226 -239 -130 -469 -82 -218 -334 -384 -349 -109 -507 -59 -326 -280 -18 -428 -12 -25 -415 -456 -56 -255 -343 -421 0
-337 -375 -94 -1 -226 -384 -349 -109 -507 -372 -267 -270 -435 0
-376 -280 -28 0
400 -248 -435 -512 -94 -1 -226 -384 -349 -109 -507 -372 -267 -270 -515 -300 0
-248 -142 -1 -94 -423 -384 -435 -349 -270 -226 -109 -507 -267 -372 -515 0
-142 -423 -94 -1 -226 -384 -349 -109 -507 -372 -270 -435 -515 -267 0
-423 -515 -384 -109 -349 -270 -435 -94 -1 -226 -372 -267 -507 0
-248 -56 -249 -507 -109 -349 -270 -435 -267 -384 -94 -1 -226 0
-515 -384 -349 -109 -507 -226 -1 -94 -267 -372 -270 -435 0
-375 -384 -1 -226 -435 -94 -267 -349 -109 -507 -372 -270 0
-384 -270 -226 -435 -94 -267 -349 -109 -507 -372 -1 0
421 -401 3 -1 -226 -270 -515 -248 -435 0
88 -470 -375 -465 -209 -481 -31 -243 -267 -199 -142 -431 -359 0
266 -158 -185 -164 -46 -239 -170 -199 -142 0
-28 -375 -267 -164 -142 -521 -507 -187 -90 -359 -337 -372 -270 -342 -415 -18 -99 -318 -30 0
265 -26 -469 -375 -127 -465 -209 -345 -239 -507 -487 -142 -90 -430 -200 0
-401 -142 -90 -345 -507 -267 -372 -270 -521 -428 -56 -515 -248 -422 3 -1 -226 -435 0
-280 -316 -282 -28 0
30 -423 3 -505 -488 -1 -226 -74 -402 -435 -316 0
496 -493 -128 -264 -121 -271 -80 -82 -200 -219 -59 0
497 -399 -337 -477 -190 0
-423 -128 -264 -121 -271 -80 -82 -200 -219 -59 -497 -305 -240 -343 -28 3 -505 -488 -1 -226 -74 -402 -435 -422 0
30 -505 3 -435 -488 -1 -226 -515 -74 0
266 -128 -264 -423 -358 -121 -497 -305 -343 -28 3 -505 -488 -1 -226 -74 -402 -435 -422 -248 -483 -239 -169 -56 -246 -142 0
218 -239 -387 -142 -430 -199 -392 -79 -121 -495 -264 -128 -469 0
-343 -217 -248 -375 -358 -56 -142 -430 -392 -264 -463 -267 -423 -497 -28 3 -505 -488 -1 -226 -74 -402 -435 -422 -169 -152 -5 -251 -233 -363 -345 0
240 -11 433 -400 -340 -28 -435 -349 -428 -507 -132 -126 -376 -367 -228 -195 -267 -90 -58 -334 -17 -375 -515 -347 -430 -474 -299 -185 -142 0
-497 -195 -267 -375 -515 -248 -209 -56 -372 -142 -400 -28 -435 -349 -428 -507 -132 -126 -363 -90 -264 -423 3 -505 -1 -226 -74 -402 -422 -251 -233 -345 -477 0
344 -305 -185 -30 -169 -164 -142 -430 -199 -59 -233 -469 -363 -127 0
265 -239 -164 -142 -185 -30 -169 -345 -430 -59 -233 -469 -363 -127 -10 -523 -195 0
-239 497 -477 -337 -270 -334 -349 -435 -505 -430 -142 -267 -164 -185 -30 -169 -345 -233 -469 -363 -127 -523 -195 0
-423 -505 -363 -521 -507 -345 -142 -477 -270 -349 -435 -267 -248 -56 -375 -515 -209 -372 -28 -428 -132 -126 -90 3 -1 -226 -422 -251 0
516 -318 -99 -28 -16 0
498 -469 -99 -28 -92 -284 -264 -271 -198 -322 -82 -375 -315 -463 -190 0
496 -377 -463 -315 -178 -480 -375 -121 -469 -281 -481 -317 -60 0
497 -60 -337 -190 -99 -28 0
-469 -60 -315 -178 -480 -375 -121 -481 -463 -28 -99 -497 -92 -284 -264 -271 -198 -322 -82 -190 0
201 -320 -270 -507 -372 -1 -226 -349 -264 -267 -375 -89 -435 -335 -142 -463 -315 -28 -343 -240 -184 -363 -82 -480 -178 -121 -481 -99 -92 -284 -271 -198 -322 -190 -337 0
-497 -469 -264 -121 -82 -200 -271 -481 -315 -178 -480 -375 -463 -28 -99 -92 -284 -198 -322 -190 0
-469 -346 -229 -135 -184 -413 -148 -28 -79 -481 -463 -190 -99 -337 -264 -121 -82 -200 -271 -315 -178 -480 -375 -92 -284 -198 -322 0
29 -421 -89 -250 -335 -383 -364 -320 -341 -256 -410 -17 -346 -26 -315 -375 -514 -184 0
483 -383 -89 -335 -320 -410 -26 -65 -256 -346 -184 -28 -250 -341 -17 -315 -375 -514 -392 -402 -223 -121 -232 -79 0
266 -99 -343 -240 -28 -271 -264 -121 -82 -200 -89 -335 -65 -184 -250 -341 -315 -375 -402 -223 -363 -480 -229 -135 -413 -148 -190 -337 -178 -92 -284 -198 -322 -270 -507 -372 -1 -226 -349 -267 -435 -142 -246 0
217 -17 -281 -402 -317 -515 -497 -415 0
-316 -217 -142 -430 -121 -387 -199 -469 -264 -239 -480 -178 -82 -200 -271 -497 -315 -375 -28 -99 -92 -284 -198 -322 -190 -464 -377 -317 0
-217 -377 -469 -337 -190 -28 -142 -430 -121 -387 -199 -264 -239 -480 -178 -82 -200 -271 -315 -375 -99 -92 -284 -198 -322 -464 -482 -317 0
29 -469 -402 -415 -99 -337 -190 -28 -142 -430 -121 -387 -199 -264 -239 -480 -178 -82 -200 -271 -315 -375 -92 -284 -198 -322 -464 -482 0
97 30 -1 -505 -435 -488 -226 -328 -402 -139 -353 265 -209 -246 -474 -497 -114 0
30 -402 -505 -435 -488 -1 -226 265 -209 -246 -497 -474 -99 -381 -48 -343 -363 -348 -184 0
-507 -28 -142 -430 -239 -480 -200 -92 -505 -435 -1 -226 -474 -267 -240 -89 -335 -341 -57 -171 -386 0
514 -99 -382 -48 -94 -65 -1 -25 317 -343 -341 -429 -405 -401 0
498 317 -94 -1 -341 -516 -382 -48 -65 -25 -343 -429 -401 -218 -190 0
219 -263 -271 -469 -82 0
373 -497 -28 -94 -1 -341 -382 -48 -65 -343 -401 -218 -190 -98 -178 -271 -285 0
-99 -471 -110 -94 -382 -343 -178 -1 -218 -190 -28 -497 -98 0
514 -262 -94 -1 -40 -285 -125 -365 -287 -65 -210 -27 -315 -18 0
515 -347 -362 -343 -200 -382 -267 -110 -210 -429 -315 0
478 -393 -94 -1 514 -285 -125 -287 -65 -210 -27 -315 -18 0
-497 -94 -480 -343 -1 -285 -125 -287 -65 -210 -362 -200 -382 -267 -110 -178 -184 -28 -218 -190 -98 -374 -341 -48 -401 -271 0
-28 -239 -267 -226 -1 -132 -480 -341 -57 -435 -335 -171 -89 -142 -430 -200 -92 -505 -474 -240 -386 0
373 -123 -487 -505 -386 -349 -370 -463 -315 -271 -469 219 0
248 -254 0
-401 -94 -109 -349 -497 -423 -316 -343 -29 -1 -474 -142 -132 -226 -240 -432 -386 -505 -248 -515 -428 -402 0
372 -248 -505 -349 -370 -435 0
218 -264 -271 -469 -82 0
496 -469 -505 -386 -349 -370 -315 -271 -487 -480 -435 -178 -376 -280 -316 -99 0
-507 -375 -315 -465 -469 -127 -267 -26 -239 -487 -142 -430 -343 -432 -94 -1 -226 -99 -316 -18 -497 -280 -402 -417 -370 -247 -505 -349 -435 0
-375 -94 -315 -370 -349 -247 -465 -469 -127 -267 -26 -239 -487 -142 -430 -343 -432 -264 -1 -226 -99 -316 -18 -497 -280 -402 -417 -505 -435 0
-94 -264 -370 -171 -393 -349 -480 -505 -514 17 -316 -497 -469 -247 -315 -465 -127 -267 -239 -487 -142 -430 -343 -432 -1 -226 -99 -18 -280 -402 -417 -435 0
56 -469 -315 -465 -267 -60 -171 -326 -386 -337 -417 -192 -487 -505 -269 -247 0
-469 -99 -316 -497 -315 -267 -239 -487 -142 -430 -343 -432 -1 -226 -514 -18 -280 -402 -370 -505 -349 -435 -171 -480 -57 -337 -178 -376 -271 0
-94 -319 -267 -481 -335 -232 -89 -423 -497 -109 -316 -343 -29 -1 -474 -142 -132 -226 -240 -432 -386 -505 -248 -515 -428 -402 -435 -372 -507 0
-375 -481 -89 -267 -335 -497 -316 -343 -29 -1 -474 -142 -132 -226 -240 -432 -386 -505 -515 -402 -435 -429 -376 -280 -410 -341 -99 -127 -315 -18 -217 -171 -370 -373 0
506 -249 -349 -435 -487 -370 0
-99 -515 -57 -505 -435 -267 -1 -474 -142 -132 -226 -240 -432 -497 -315 -171 -480 -239 -430 0
-515 -315 -480 -57 -505 -435 -171 -497 -1 -474 -142 -132 -226 -240 -432 -267 -239 -430 0
-469 -120 -276 -198 -190 -26 -497 -316 -315 -267 -239 -487 -142 -430 -343 -432 -1 -226 -514 -99 -280 -402 -370 -505 -349 -435 -171 -480 -57 -337 -178 -376 -271 0
498 -216 -198 -376 -92 -26 -280 -276 -17 -316 -190 0
-94 -372 -435 -349 -375 -226 -1 -316 -270 -264 -507 -267 -383 -95 0
-372 -17 -267 -240 -57 -435 -349 -226 -1 -316 -280 -497 -376 -337 -315 -239 -487 -142 -430 -432 -514 -505 -171 -480 -178 -401 -373 -208 0
-315 -497 -474 -1 -267 -505 -57 -435 -240 -226 -239 -142 -430 -432 -171 -480 -132 0
-507 -210 -171 -386 -370 -505 -349 -435 -487 0
-497 -239 -57 -505 -435 -171 -474 -267 -240 -226 -1 -142 -430 -432 -480 -132 0
-507 -423 -1 -142 -435 -349 -226 -267 -343 -428 -514 -327 -337 -200 497 -487 -370 -171 -386 -505 0
-239 -430 -1 -132 -267 -57 -142 -435 -171 -505 -474 -240 -226 -432 -480 0
-94 -315 -57 -306 -497 -248 -129 -287 -208 -82 -316 -272 -114 -246 -164 -474 -1 -267 -226 -384 -132 -435 -372 -507 -270 0
247 -375 -283 -82 -208 -272 -287 0
158 -51 -183 -329 -48 -381 -306 0
374 -469 -121 -200 -476 -12 -306 -183 -381 -335 -89 -226 -358 -129 -164 -264 -272 -497 -322 -82 0
-271 -393 -480 -63 -469 -164 -217 -264 -82 -272 0
496 -469 -344 -114 -129 -264 -164 -480 -63 -316 -82 -272 -178 -427 -515 -402 -421 -464 -99 0
-469 -12 -520 -185 -200 -306 -267 -229 -246 -476 -316 -497 -344 -114 -129 -264 -164 -480 -63 -82 -272 -178 -427 -402 -421 -99 -315 -375 -121 -183 -381 -335 -89 -226 -358 -322 0
-375 -520 -129 -82 -185 -200 -306 -267 -229 -246 -476 -316 -497 -344 -114 -164 -480 -272 -178 -427 -421 -315 -121 -183 -381 -335 -89 -226 -322 -283 -524 -126 -485 -57 -287 -248 -208 0
-315 -129 -335 -441 -200 -191 -267 -497 -208 -316 -287 -57 -248 -89 -82 -185 -306 -229 -246 -344 -114 -164 -480 -272 -121 -183 -381 -226 -322 -283 -126 -111 -384 -474 -1 -132 -435 -372 -507 -270 0
-343 -497 -121 -283 -126 -246 -200 -287 -267 -248 -82 -208 -272 -335 -441 -191 -316 -57 -89 -185 -229 -344 -164 -480 -381 -226 -322 -111 -474 -1 -132 -435 -372 -507 -270 -240 0
128 -465 -121 -246 -81 -315 -375 -82 -272 -469 -264 0
-465 -375 -185 -200 -304 -267 -246 -315 -347 -469 -127 -121 -81 -82 -272 -264 0
128 -217 -469 0
-217 -469 -127 0
-469 -347 -185 -416 -200 -267 -208 -304 -246 -127 -121 -81 -82 -272 -283 -126 -287 -248 -57 -316 -497 0
498 -513 -514 -116 -17 -191 -316 0
244 -58 -200 -481 -233 -335 -402 -89 -423 -386 343 -507 -497 -487 -349 -270 -240 -475 -372 -432 -337 -369 -51 -293 -458 -395 0
-375 -315 -65 -185 -347 -233 -200 -481 -267 -246 -335 -89 -386 343 -507 -497 -487 -349 -270 -240 -372 -432 -337 -316 -191 -1 -208 -226 -164 -272 -217 -57 -322 -283 -82 -248 -373 -287 0
375 -347 -229 -200 -267 -208 -135 -287 -217 -57 -248 -82 0
-497 -316 -208 -283 -82 -65 -185 -200 -267 -246 -335 -89 -386 -507 -270 -240 -372 -432 -272 -191 -1 -226 -164 -57 -322 -248 -287 -229 -416 -121 -126 -148 -363 -441 -344 -480 -381 -111 -474 -132 -435 0
-217 -469 -200 -267 -246 -381 -464 -121 -250 -65 -42 -474 -480 -375 -112 -335 -82 -16 -344 -185 -240 -218 0
18 -515 -423 -402 -341 0
304 -495 -127 -344 0
-343 -86 -435 -349 -375 -226 -1 -316 -270 -372 -507 -267 -264 -132 -522 -523 -57 -486 -358 -164 -89 -272 -335 -46 -127 -304 -344 -185 -240 0
201 -304 -185 -347 -46 0
266 -46 -200 -185 -59 -148 -363 -435 -349 -375 -226 -1 -316 -270 -372 -507 -267 -264 -132 -522 -523 -57 -486 -358 -164 -89 -272 -335 -127 -344 -240 -464 -246 0
-46 -522 -344 -469 -185 -363 -59 -246 -200 -267 -148 -435 -349 -375 -226 -1 -316 -270 -372 -507 -264 -132 -127 -523 -57 -486 -358 -164 -89 -272 -335 -240 -464 0
374 -469 -264 -272 -218 -82 0
199 -469 -402 -341 -272 -375 -218 -264 -82 -16 -208 -229 -267 -344 -423 -185 -363 -59 -246 -200 -148 -435 -349 -226 -1 -316 -270 -372 -507 -132 -127 -523 -57 -486 -358 -164 -89 -335 -240 -464 0
483 -25 -16 -423 -402 -341 -65 -185 201 -363 -127 -344 -469 0
-469 -59 -185 -363 -344 -246 -200 -267 -148 -435 -375 -226 -1 -316 -270 -372 -507 -264 -132 -523 -57 -486 -164 -89 -272 -335 -240 -464 -65 -229 -16 -423 -402 -341 -218 -82 -208 -381 -121 -250 -42 -474 -480 -112 0
-316 -82 -185 -363 -344 -246 -200 -267 -148 -435 -226 -1 -270 -372 -507 -132 -57 -164 -89 -272 -335 -240 -65 -229 -341 -208 -381 -121 -250 -474 -480 -283 -126 -287 -248 -386 -432 -191 -322 -416 -441 -111 0
266 -313 -465 -246 -208 0
-315 -127 -185 -200 -469 -267 -246 -465 -264 -363 -121 -81 -82 -272 -375 -344 0
-127 -523 -477 -337 -335 -325 -89 -60 -441 -517 -164 -272 -264 -465 -246 -185 -200 -469 -267 -363 -121 -82 -375 -344 -208 -322 -8 -198 -229 -17 0
199 -483 -246 -267 -60 0
265 -402 -505 -435 -488 -1 -226 -28 -343 -246 -497 -474 -99 -381 -209 -48 -363 -348 -159 -306 -493 -121 -81 -483 0
-375 -469 -517 -246 -267 -505 -435 -488 -1 -226 -28 -474 -381 -363 -121 -200 -164 -441 -82 -185 -240 -335 -325 -89 -272 -344 -208 -322 -8 -229 -496 -283 -97 -126 -57 -287 -248 0
-469 -381 -164 -82 -344 -185 -240 -363 -246 -250 -267 -208 -480 -287 -283 -248 -517 -505 -435 -488 -1 -226 -28 -474 -121 -200 -441 -335 -325 -89 -272 -322 -8 -229 -496 -97 -126 -57 0
201 -17 -315 -375 -28 -26 -185 -65 -347 -304 0
-375 -318 -341 -28 -421 -246 -267 -200 -185 -65 -363 -208 -127 -344 -496 -272 -217 -57 -283 -82 -248 -373 -287 0
396 -243 -279 -517 -31 0
-507 -200 -226 -1 -267 -57 -341 -240 -480 -505 -435 -474 -335 -89 -132 -386 -432 239 -142 0
-384 -86 -94 -226 -132 -1 -382 0
266 -94 -344 -362 -226 -132 -1 -382 -6 -153 -246 0
361 -94 -382 -344 -251 0
373 -16 -164 -380 -185 -102 -226 -344 -362 -382 -6 -153 -246 -200 -267 -132 -1 -57 -249 0
-469 -127 -287 -249 -272 -375 -164 -380 -185 -102 -226 -344 -362 -382 -6 -153 -246 -200 -267 -132 -1 -57 -125 0
469 -246 -399 -382 -177 -344 -362 -215 -6 -153 -337 -200 -267 -358 -371 -57 -287 -269 -249 -480 -375 0
245 -209 -57 -287 -382 -344 361 -249 -6 -267 -153 0
-209 -246 -287 -269 -249 -57 -344 -362 -226 -132 -1 -382 -6 -153 -371 -267 361 0
-246 -375 -249 -57 -226 -132 -1 -382 -386 -153 -164 -272 -267 -287 -269 -344 -362 -6 -371 -380 -185 -102 -200 -125 -399 -177 -215 -337 -358 -480 0
247 -243 -6 -337 -153 -48 -465 -60 -483 -459 -396 -375 -208 -272 -287 -358 -371 -57 -269 0
-343 -515 -341 -16 -25 -483 -65 -81 -256 -6 -94 -493 -348 -382 -344 -127 -362 -240 -349 -372 0
482 -304 -48 -94 -382 -252 -243 -493 -454 -6 -127 -177 -150 -32 -469 -234 -81 -60 0
210 -264 -341 -25 -134 -98 -81 -60 -483 -48 -94 -382 -243 -454 -6 -177 -469 -362 -65 -348 -344 -240 -349 -396 -401 -283 -465 -125 -313 -287 0
345 -293 -337 -440 -243 -32 -60 -48 -98 -35 -341 -102 -16 -25 -65 -256 -6 -94 -348 -382 -344 -362 0
58 -368 -71 -293 -98 -337 -401 -243 -465 -234 -440 -48 -94 -382 -304 -252 -454 -6 -127 -177 -150 -32 -469 -81 -60 -483 0
-264 -94 -382 -178 -110 -187 -341 -215 -25 -153 -134 -6 -98 -81 -483 -60 -337 -401 -243 -465 -440 -48 -454 -177 -469 -362 -344 -35 -102 -65 -348 -459 -396 -208 -240 -349 -283 -125 -313 -287 0
265 -483 -215 -153 -6 -362 -344 -110 -298 -226 -132 -1 -382 -164 -272 -187 -341 -178 -337 -465 -48 -177 -35 -102 -65 -459 -396 -240 -349 -125 -287 -358 -57 -375 -249 -371 -269 -200 0
-94 -16 -341 -178 -187 -215 -153 -6 -375 -249 -362 -57 -344 -110 -86 -226 -132 -1 -382 0
247 -209 -371 -287 -269 0
-375 -344 -341 -178 -187 -215 -153 -6 -249 -362 -57 -110 -226 -132 -1 -382 -371 -287 -269 -267 -298 -164 -272 -337 -48 -177 -35 -102 -65 -240 -349 -125 -358 -200 -386 -380 -185 -399 -480 0
-497 -317 -98 -496 0
-384 -209 -215 -153 -482 -98 -496 -264 -285 -371 -337 -200 -474 -1 -267 -226 -94 -132 -382 0
384 -197 -399 -102 -27 -16 -348 -185 -304 -495 -391 -178 -187 -215 -134 -153 -150 -6 -252 -110 -94 0
-497 -401 -423 -514 -341 -98 -496 0
248 -482 -215 -153 -337 -341 -496 -200 -315 -264 -267 -94 -285 -371 -474 -1 -226 -132 -382 -399 -102 -27 -16 -348 -185 -304 -495 -391 -178 -187 -150 -6 -252 -110 0
498 -60 -337 -482 -399 -244 -476 -463 -97 0
-469 -127 -399 -382 -200 -94 -315 -267 -57 -371 -287 -269 -249 -215 -153 -341 -285 -474 -1 -226 -132 -102 -27 -185 -178 -187 -6 -110 -362 -337 -344 -480 -471 0
-209 -252 -27 -102 -35 -324 -65 -6 -121 -127 -399 -459 -465 -217 -476 -264 -496 -358 -455 -285 -423 -57 -371 -368 -249 -208 -287 -269 0
-384 -80 -249 -358 -341 -217 -315 -27 -102 -35 -324 -65 -6 -127 -399 -285 -371 -287 -269 -224 -57 -59 -272 -245 -200 -164 -474 -1 -267 -226 -94 -132 -382 0
482 -127 -200 -48 -217 -358 -6 -249 -362 -57 -344 -94 -341 -315 -27 -102 -35 -324 -65 -399 -285 -371 -287 -269 -224 -272 -164 -474 -1 -267 -226 -132 -382 0
-209 -384 -153 -482 -215 -264 -285 -371 -337 -200 -474 -1 -267 -226 -94 -132 -382 -249 -208 -287 -269 0
496 -519 -378 -243 -279 -33 -60 0
-384 -378 -337 -243 -279 -60 -464 -395 -315 -153 -482 -215 -285 -371 -200 -474 -1 -267 -226 -94 -132 -382 -249 -208 -287 -269 -272 -164 0
58 -516 -315 -208 -28 -263 -331 -395 -45 -243 -517 -279 0
-127 -94 -358 -178 -249 -57 -1 -110 -315 -337 -153 -215 -285 -371 -200 -474 -267 -226 -132 -382 -287 -269 -272 -164 -187 -344 -362 -6 -48 -341 -27 -102 -35 -324 -65 -399 -224 -185 -480 -471 0
-94 -153 -215 -285 -371 -337 -200 -474 -1 -267 -226 -132 -382 -249 -287 -269 -272 -164 -471 -344 -358 -178 -57 -110 -315 -187 -362 -6 -48 -341 -27 -102 -35 -324 -65 -399 -224 -185 -480 0
-482 -496 -394 -244 -463 -97 -60 -243 -337 -399 -476 0
-496 -394 -463 -471 -244 -218 -97 -60 -243 -337 -399 -476 0
262 -476 -60 -185 -244 -335 -337 -199 -10 -153 -6 -463 -324 -133 -81 -35 -27 -102 -243 -471 -218 -97 -399 -164 -272 0
497 -196 -324 -6 -215 -153 -92 -244 -275 -463 -192 -97 0
498 -164 -272 -10 -344 -263 -337 -97 -399 -60 -244 -463 -514 -471 -218 0
245 -382 -60 -185 -244 -335 -337 -199 -10 -153 -6 -463 -324 -133 -81 -35 -27 -102 -243 -471 -218 -97 -399 -164 -272 -263 -344 -362 -32 -250 -440 0
-430 -505 -267 -57 -474 -1 -226 -132 -240 -171 -480 -435 -432 -142 0
-97 -94 -505 -57 -88 -382 -337 498 -399 -60 -244 -482 -463 0
383 -477 -399 430 0
-94 -463 -84 -359 -249 -57 -96 -505 -88 -382 -337 498 -399 -60 -244 -482 -469 0
56 -345 -469 -240 -359 -371 -269 -249 0
498 -382 -57 -240 -487 -349 -505 -469 -399 430 0
-382 -497 -178 -480 -48 -240 -57 -469 -171 -487 -349 -505 -153 -6 -122 -465 -399 430 0
56 -251 -362 -94 -469 -240 -359 -371 -269 -249 0
285 -210 -371 -262 0
495 -262 -343 -48 -249 -57 -94 -469 -240 -480 -178 -109 -171 -487 -349 -88 -505 -153 -6 -122 0
247 -371 -435 -505 -469 -240 -359 -349 -249 -262 -313 -99 -375 -94 -1 -142 -57 0
248 -83 -487 -385 -505 -375 0
371 -249 -349 -435 -487 -505 0
370 -112 -497 -423 -343 -368 -240 -209 0
-248 -249 -435 -497 -343 -267 -130 -143 -1 -226 -94 -142 -505 0
-249 -469 -505 -497 -465 -343 -48 -94 -109 -153 -6 -122 -435 -267 -130 -143 -1 -226 -142 0
246 -399 -435 -1 -226 -267 -6 -143 -142 -505 -60 -482 0
496 -469 -47 -199 -464 -306 -60 0
-469 -306 -464 -158 -373 -283 -208 -129 -331 -482 -44 -318 -60 -498 -47 -199 0
-94 -248 -458 -395 -482 -464 -60 -1 -142 -226 -435 -267 -6 -249 -505 -399 265 -143 0
-370 -248 -505 -349 -371 -435 0
496 -469 -382 430 -464 -60 -344 -185 -240 0
-469 -272 -152 -6 -250 -283 -480 -373 -482 -60 -382 430 -464 -344 -185 -240 -57 -487 -349 -505 -399 0
384 -250 -6 -349 -152 -505 -344 -88 0
497 -355 -337 -279 -458 -395 -272 -127 -83 -217 -97 -60 0
-343 -381 -226 -322 -163 -174 -373 -196 -272 -286 -25 -83 -524 -101 -217 -12 -127 -304 -344 -185 -240 0
-248 -249 -464 -60 -458 -395 -6 -505 -399 -152 -482 -435 -1 -142 -267 -226 265 -143 0
345 -355 -62 -41 -134 -142 -226 -267 -170 265 -143 -110 -251 -149 -383 -362 0
-469 -230 -340 -298 -1 -217 -226 -487 -385 -505 248 -142 -267 -170 265 -143 -110 -251 -149 -383 -362 -395 -283 -371 0
345 -392 -62 -122 -142 -226 -267 -170 265 -143 -495 -383 -127 0
343 -495 -127 -122 -263 -392 -62 -163 -226 -1 -94 -383 -240 0
-249 -395 -60 -226 -1 -142 -267 265 -143 -464 -482 -505 -6 -152 -458 -399 -435 0
382 -270 -226 -435 -1 -267 -349 -372 -375 -384 -507 0
-469 -127 -402 -250 -363 -344 -95 -482 -99 -60 -498 0
-127 -427 -178 -402 -250 -363 -344 -12 -101 -64 -411 -246 265 -209 -482 -480 -375 -95 -99 -60 -498 0
-399 -244 -482 -226 -435 -1 -267 -6 -505 -142 -143 -60 0
-469 -127 -57 -363 -248 -176 -482 -60 -199 -477 -242 -384 -441 -226 -435 -1 -267 -349 -372 -270 -507 -360 -83 0
382 -507 -435 -226 -267 -349 -372 -384 -270 -1 0
86 -378 -337 -83 -458 -395 -127 -217 -355 -279 497 -60 -163 -331 -226 0
345 -81 -57 -349 -435 -487 506 -240 -296 -454 -406 -163 -226 -384 -132 -1 -382 -85 -337 -83 -458 -395 -127 -217 -279 -60 -326 -496 0
-127 -176 -57 -250 -349 -435 -487 506 -240 -296 -163 -226 -384 -132 -1 -85 -337 -83 -458 -395 -60 -326 -411 -482 -480 -199 -477 -242 -441 -267 -507 -360 0
-497 -423 -286 -368 -112 -240 -343 -349 -435 -505 -248 -270 -57 -191 -98 -496 0
-94 506 -435 -262 -469 -83 -217 -286 -240 -343 -505 -57 -191 -496 -474 -163 -1 -226 -384 -132 -382 0
498 -262 -246 265 -248 -485 -349 -435 -505 -469 -360 -270 -217 -191 0
-244 -482 -505 -1 -226 -60 -435 -267 -6 -142 -143 0
-384 -382 -343 -337 -60 -57 -349 -435 -487 -505 -240 -209 -171 -226 -151 -127 -86 -48 -132 430 -217 -1 0
384 -343 -505 -349 -435 -487 -240 -127 -171 -209 -88 0
-248 -249 -243 -279 -94 -109 -384 -1 -60 -505 -435 -130 -267 -394 -143 -226 -343 -142 0
248 -109 -178 -226 -474 -1 -243 -279 -60 -457 -394 -463 -209 -392 -142 -267 -194 -171 -349 -151 -88 -57 -505 -373 0
-343 -127 -435 -226 -1 -267 -243 -279 -60 -394 -143 -142 -457 -463 -209 -194 -151 -505 -86 -48 -217 0
-384 -315 -373 -217 -304 -272 -185 -348 -234 -171 -361 -226 -349 -151 -86 -505 -132 430 -57 -382 -1 0
-17 -375 -340 -400 -421 -315 25 0
-375 -400 -421 -340 -315 -27 -373 0
498 -62 -520 -524 -310 -427 -417 -29 -246 266 -208 -97 0
378 -188 -427 -215 -178 0
496 -78 -348 -256 -365 -70 -392 -355 -178 -337 -394 -378 -29 -192 -243 -279 -33 -60 0
-248 -392 -394 -60 -279 -310 -246 266 -1 -474 -226 -373 -57 -361 -132 -344 -6 -382 239 -142 -410 -151 -505 -171 -217 -304 -234 430 -435 0
-127 -217 266 -226 -1 -6 -505 -394 -60 -279 -142 -151 -246 -234 -435 -267 -143 -457 -463 0
373 -248 -505 -385 -151 -84 0
-248 -262 -209 -505 -349 -435 -487 -374 -385 -151 -84 0
-217 -457 -226 -1 -394 -6 -151 -505 -435 -471 266 -60 -279 -142 -246 -234 -267 -143 -463 0
247 -151 -505 -88 -385 -358 -82 -57 -374 0
-142 -267 -505 -1 -226 -60 -435 -246 -6 -143 -94 -384 -382 0
210 -127 -306 -26 -18 -423 -121 -498 -232 -60 -246 -89 -431 -170 -505 -1 -226 -435 -6 -143 -94 -384 -382 -314 0
-267 -210 -505 -349 -248 -435 -240 -1 -226 -60 -246 -6 -143 -94 -384 -382 0
-127 -240 -349 -248 -435 -286 -505 -143 -1 -226 -60 -246 -6 -94 -384 -382 -306 -26 -423 -121 -232 -89 -314 -387 -83 -217 -129 0
-267 -171 -286 -505 -349 -248 -435 -240 -1 -226 -60 -246 -6 -143 -94 -384 -382 0
-382 -246 -505 -349 -248 -435 -143 -286 -1 -226 -60 -284 -6 -94 -384 -89 -360 -217 -470 -26 -423 -121 -232 -314 -387 -83 -343 0
487 -171 -94 -1 -55 -226 -435 -387 0
-28 -316 -280 -55 -94 -349 -384 -1 -109 -372 -423 -286 -208 0
378 -178 -26 -120 -65 -330 -365 -291 -393 -326 -196 0
496 -519 -26 -120 -65 -330 -365 -291 -393 -326 -196 -435 -300 -130 -512 -87 -44 -516 -332 -280 -55 -94 -349 -384 -1 -109 -372 -423 -286 -208 -116 -191 0
-151 -94 -26 -349 -384 -1 -423 -97 -330 -196 -300 -512 -87 -44 -455 -248 -360 -217 -60 -375 -83 -524 -143 -284 -507 -226 -249 -505 -470 -314 -323 -252 0
479 -411 -133 -363 -26 -252 -150 -42 0
-142 -382 -94 -217 -286 -505 -57 -1 -226 -83 -133 -26 -284 -268 -507 151 -349 -249 -55 0
343 -200 -60 -150 -483 -363 -217 0
266 -430 -470 -217 -60 -360 -385 -89 -169 -286 -505 -349 -248 -435 -238 -344 -150 -363 -244 0
239 -258 -416 -427 -400 -516 -405 -179 -210 -284 -505 -349 -248 -435 -186 0
80 -497 -476 -455 -97 -296 -114 -23 -344 -238 -416 -427 -400 -516 -405 -179 -210 -284 -505 -349 -248 -435 -346 -363 -150 0
170 -210 -284 -505 -349 -248 -238 -217 -344 -60 -482 -476 -455 -97 -296 -114 -23 -427 -400 -512 -300 -201 -195 -430 -524 -507 151 -286 0
-382 151 -284 -217 -505 -349 -248 -60 -507 -470 -94 -57 -1 -226 -83 -26 -249 0
-142 -384 -435 -507 -226 -349 -372 -488 382 -1 -55 -94 -143 0
266 -478 -470 -26 -133 -150 -271 -363 -238 -319 -210 -217 -60 -360 -385 -89 -169 -286 -505 -349 -248 -435 -430 -244 0
-127 -464 -497 -217 -343 -363 -150 -123 -79 -482 0
-371 -210 -284 -262 -505 -349 -248 -435 0
-94 -217 -314 -349 -284 -505 -248 -470 -26 -60 -507 -226 -1 -57 -83 -249 -375 -323 0
-262 -344 -127 -360 -349 -89 -152 -5 -250 -363 -217 -143 -1 -226 -435 -249 -505 -284 -210 -248 0
-142 -165 -1 -226 -60 -435 -143 -394 -133 -363 -26 -42 -355 -61 -505 -171 -385 -488 -89 -478 -57 -240 -266 0
-240 -23 -505 -349 -248 -284 -217 -476 -60 -210 -344 -427 -507 -1 -226 -394 -26 -355 -478 -57 -208 247 -283 -375 -271 0
383 -127 -217 -83 -250 -505 -349 -248 -284 -60 -210 -507 -1 -226 -57 -375 -26 -249 0
-127 -210 -250 -349 -217 -1 -226 -249 -505 -284 -248 -83 -382 -60 -507 -57 -375 -26 0
-210 -382 -1 -226 -217 -349 -249 -505 -470 -284 -248 -250 -83 -60 -507 -57 -375 -26 0
263 -185 -10 383 430 -155 -365 -250 -363 -344 -127 0
-142 -240 -127 -173 -455 -524 -1 -226 -60 -143 -133 -42 -505 -478 -57 -344 -264 -250 -196 -382 -349 506 -249 -400 -375 -421 -315 -373 -267 -170 0
-384 -316 -435 -393 -339 -44 -107 -398 -466 -86 -356 -475 -130 -507 -89 247 -349 -209 -169 -270 -382 0
-240 -127 -344 -507 -349 -60 -248 -217 -1 -226 -505 -57 -249 -375 -373 0
240 -344 -524 -520 -60 -276 -83 -264 -152 -217 -5 -360 -250 -89 -363 -267 -170 -268 -143 0
4 -483 -60 -469 -199 -306 -47 -497 -191 -276 -91 -8 -119 -323 -152 0
-344 -217 -375 -373 -505 -57 -1 -226 -60 -507 -349 -248 -249 0
-217 -1 -373 -505 -57 -375 -226 -60 -507 -349 -248 -249 0
-142 -240 -505 -57 -1 -226 -387 -480 -435 -169 -143 0
239 -82 -349 -248 -435 374 -505 -218 -469 0
-240 -169 -505 -57 -1 -226 -387 -480 -435 -239 -143 0
171 -304 -248 -400 -26 -16 -488 -524 -387 -186 -430 -347 -60 -483 -133 -152 -149 -314 -265 -5 -251 -263 -41 -284 -126 -286 -89 0
59 -246 -394 -483 -31 0
-169 -483 -60 -26 -440 -284 -505 -349 -248 -249 506 -387 -16 -314 -263 -480 -344 -57 -1 -226 -239 0
-1 -375 -249 -226 -60 -505 -248 -57 -373 -349 -507 0
385 -287 247 -240 -375 -349 506 -249 0
-127 -100 -475 -10 -26 -60 -411 -217 -483 -480 -129 0
25 -46 -367 -492 -49 -423 -204 -459 -341 -97 -65 -17 0
431 -200 -60 -483 -363 -400 -150 -516 -133 -26 -367 -492 -49 -423 -204 -459 -97 -65 -217 -470 -475 -10 -480 -129 -320 -336 0
238 -344 -26 -65 -89 -432 -60 -363 -400 -150 -133 -367 -49 -423 -97 -217 -470 -480 -384 -132 -244 -193 -87 -314 -267 -210 -505 -349 -248 -435 -10 0
239 -150 -432 -363 -89 -252 -384 -133 -26 -87 -143 -480 -267 -217 -284 -210 -505 -349 -248 -435 0
-127 -232 -97 -400 -423 -60 -217 -483 -128 0
144 -240 -60 -133 -26 -423 -97 -470 -314 -384 -505 -349 -248 -252 -143 -284 -226 -323 -83 -375 506 -249 -524 -472 -169 0
-232 -483 -423 -400 -217 -60 -127 -97 0
-483 -127 -470 -430 -60 -360 -344 -217 -286 -505 -349 -248 -238 -169 506 -252 -423 -400 -265 -97 0
266 -234 -60 -276 -430 -511 -83 -400 -130 -217 -185 -384 -360 -349 -507 -252 -169 506 -314 -286 -246 -208 0
-127 -217 -384 -43 -226 -60 -323 -430 -169 -240 -375 -349 -249 -284 -505 -248 -265 -511 -83 -130 -360 -507 -252 -314 -470 -238 -423 -97 0
-217 -430 -169 -470 -284 -505 -349 -248 -384 -43 -226 -60 -323 -360 -240 -375 -249 -265 -511 -83 -130 -507 -252 -314 -238 -423 -97 0
-240 -169 -248 374 -505 -349 -384 -43 -226 -60 -360 -375 -249 -511 -507 -252 -423 -97 -143 -133 -524 -472 0
219 -127 -265 -470 -430 -360 -217 -286 -505 -349 -248 -238 -169 506 -252 -60 -423 -400 -97 -345 -83 0
-483 -127 -400 -423 -60 -217 -97 -128 -470 -430 -360 -286 -505 -349 -248 -238 -169 506 -252 -265 0
-344 -65 -26 -100 -10 -264 -495 -273 -200 -83 -81 -265 -386 -470 -430 -60 -360 -217 -286 -505 -349 -248 -238 -169 506 -252 -127 -345 0
151 -200 -265 -127 -217 -497 -363 -343 -482 -246 -5 0
-127 -217 240 -522 -43 -60 -265 -248 -507 -349 -384 -169 -284 -505 -249 -26 -455 -252 -83 -470 -430 -360 -423 -97 -524 0
-217 -265 -133 -26 -323 -470 -478 -60 -360 -169 -505 -349 -248 -430 -83 -249 -284 -384 240 -522 -43 -507 -455 -252 -423 -97 -524 0
-169 -252 -524 -60 -133 -248 -360 -505 -349 -249 -384 -522 -43 -507 -455 -423 -97 -143 374 -226 -375 -511 -472 0
-483 -200 -150 -60 -363 -423 -400 -217 -127 -97 0
431 -392 -94 -363 -522 -64 -384 -143 -267 -60 -423 -400 -217 -127 -97 -163 -226 -435 -5 -488 -152 -385 -336 0
361 -220 -141 -101 -34 -49 -323 506 -304 -240 -245 -348 -423 -400 -217 -60 -127 -97 0
266 -127 -363 -423 -400 -217 -60 -97 506 -252 -101 -34 -323 -240 -353 -47 -199 0
283 -208 -286 -505 -349 -248 -435 -126 0
128 -467 -279 -60 265 -143 -199 -43 -441 -395 -68 -264 -217 0
-127 -217 -143 -349 506 -249 -384 -240 -511 -60 -43 -423 -97 -323 -252 -133 -26 -284 -505 -248 -196 -267 -353 -432 -94 -522 -64 -163 -226 -385 -336 -480 0
481 -465 -284 -262 -505 -349 -248 -435 -189 -268 -214 -413 -111 -314 -384 -497 -97 -132 -423 -86 -400 -43 -233 -60 0
266 -79 -60 -483 -284 -262 -505 -349 -248 -435 -189 -268 -214 -413 -111 -314 -384 -497 -97 -132 -423 -400 -43 -233 -244 0
-246 -233 -17 -26 -400 -64 -375 -469 -306 -60 -497 -483 265 -209 -314 -244 0
422 -514 -511 -299 -400 -369 0
362 -483 -400 -511 -60 -497 -97 -423 -299 -17 -26 -64 -375 -469 -314 -262 -284 -286 -505 -349 -248 -267 -189 -268 -384 -132 -43 506 -343 -252 0
244 -243 -60 -439 -483 -152 0
482 -497 -97 -400 -423 -232 -60 0
201 -493 -432 -385 -89 -152 -5 -343 -240 -148 -346 -79 0
-217 -240 -432 -252 -384 -133 -26 -267 -143 -480 -284 -505 -349 -248 -423 -299 -163 -455 -226 -323 -83 -132 -60 -189 -314 -97 -43 -507 -385 -336 -511 -64 -375 -470 -249 -196 -353 -94 -522 0
-375 -60 -349 -249 -248 -505 -226 -507 -57 -373 0
245 -250 -249 -143 -226 -505 -423 -373 -471 -483 -349 506 -248 -216 -95 -27 -133 -148 -290 -121 -217 -60 -97 0
200 -382 -317 -516 -97 -496 -16 -455 -441 -217 -175 -360 -89 -143 -265 0
-151 -483 -360 -60 -217 -97 -455 -143 -423 -27 -95 -133 -471 -249 -226 -505 -373 -349 506 -248 -324 0
-127 -265 -244 -483 -217 -60 -363 -423 -400 -150 -97 0
266 -262 -285 -286 -505 -349 -248 -435 -126 -315 -463 -244 0
284 -326 -430 -507 151 -69 -241 -169 -277 -286 -32 -210 -395 -505 -349 -248 -262 0
-265 151 -349 -248 -285 -507 -505 -286 -143 -315 -60 -483 -217 -471 -423 -400 -97 0
498 -384 -344 -127 -475 -217 0
-127 -344 -423 -315 -97 -400 -217 -27 -455 -319 -89 -244 -432 -60 -483 -480 -363 -150 0
-483 -217 -226 -507 -524 -60 -84 -143 -471 -423 -315 -97 -27 -455 -505 -349 -248 -285 -360 -95 -133 -249 -373 -324 0
219 -493 -464 -497 -127 0
148 -238 -210 -505 -349 -248 -285 -226 -507 -169 -360 -127 -84 -217 -464 -497 -122 -482 -200 -265 -246 0
218 -169 -89 -387 -360 -84 0
-265 -200 -315 -234 -349 -249 -95 -217 -360 -84 -27 -324 -133 -505 -248 -285 -226 -507 -127 -464 -482 -423 -246 -81 -60 -143 -266 0
-151 -304 -226 -373 -127 -272 -286 -196 -524 -217 -381 -344 -185 -48 -296 -455 -348 -234 -475 -363 -111 -85 -44 -95 -505 -244 -60 -435 -142 -482 -267 -143 506 0
219 -497 -423 -95 -27 -48 -400 -348 -185 -344 -234 -363 -133 -81 -226 -373 -127 -272 -286 -196 -524 -217 -381 -296 -455 -111 -85 -505 -244 -60 -435 -142 -482 -267 -143 506 -464 0
-497 -344 -60 -127 -279 -217 -455 201 -185 -234 -363 -395 -263 -360 -423 -95 -27 -400 -133 -81 -226 -373 -272 -286 -196 -524 -381 -296 -111 -85 -505 -244 -435 -142 -482 -267 -143 506 -464 0
-200 -244 -226 -505 -507 -60 -482 -143 -84 -315 -279 -423 -97 -127 -217 -455 -234 -360 -95 -27 -133 -81 -373 -196 -524 -349 -248 -285 -249 -324 -246 0
498 -431 -89 -400 -315 -360 -423 -464 -217 -97 0
198 -119 -8 0
265 -409 -89 -478 -431 -143 0
-151 -266 -285 -505 -248 506 -249 -143 -349 -478 -431 -315 -516 -18 -27 -196 -214 -324 0
267 -385 -286 -505 -349 -248 -435 -431 -240 -143 0
-244 -127 -279 -97 -217 -507 -60 -455 -505 -349 -248 -27 -285 -143 -249 -315 -196 -324 -423 -360 -81 -226 -482 -84 -234 -95 -133 -373 -524 -246 0
218 -343 -240 -346 -200 -89 -432 -387 -127 -360 -84 0
385 -171 -286 -349 506 -249 -209 0
-262 -163 -226 -435 -271 -84 -505 -349 -374 -151 -385 -209 -248 -263 0
-142 266 -27 -196 -119 -423 -248 -226 -524 -505 -349 -285 -84 -374 -151 506 -249 -127 -217 -360 -234 -95 -279 -394 -471 -60 -457 -97 -246 -267 -143 -463 0
432 -18 -423 -27 -133 -148 -498 -81 -60 -200 0
362 -497 -316 -18 -423 -27 -95 -133 -250 -148 0
-497 -382 -455 -177 -344 -234 -363 -18 -423 -27 -95 -133 -250 -148 -498 0
-267 -119 -27 -196 -524 -248 -423 -97 -60 -455 -234 -95 -133 -360 -349 506 -249 -81 -127 -217 -84 -226 -505 -285 -374 -151 -279 -394 -471 -457 -246 -143 -463 -265 0
-497 -18 -133 -27 -148 -423 -81 -315 -234 -201 -349 -249 -95 -217 -360 -84 -324 -505 -248 -285 -226 -507 -127 -265 -482 -246 -60 -143 -266 -250 -498 0
-127 -217 -505 -248 -249 -143 -349 -315 -27 -196 -324 -423 -95 -285 -360 -84 -133 -226 -507 -60 -97 -524 -455 -374 -471 -373 0
199 -401 -316 -497 -423 -18 -373 -471 127 -27 -349 506 -249 -133 -387 -148 -432 -81 0
17 -216 -488 -248 402 -316 -497 -401 -423 0
-151 -497 -226 -60 -482 -143 -248 -349 -285 -315 -196 -27 -18 -505 -423 -373 -471 127 506 -249 -133 -81 -234 -324 -95 -498 0
16 -516 -184 -505 -349 -248 -435 -347 -285 -286 -126 -315 -133 -240 -231 -27 0
-401 -240 -143 -266 -184 -469 -464 496 -306 -60 -522 -231 -497 -423 -18 -505 -349 -248 -435 -347 -285 -286 -126 -315 -133 -27 -400 0
348 -266 -143 -240 -200 -184 0
-497 -18 -27 -133 -60 -143 -95 -81 -285 -505 -349 -248 -315 -246 -226 -482 -196 -423 -373 -471 127 506 -249 -234 -324 -498 0
265 -28 -516 -464 -505 -349 -248 -435 -373 -471 127 -285 -286 -126 -143 0
144 -262 -226 -84 -505 -349 -374 -248 -31 -517 -279 -246 506 -249 -199 -265 0
201 -262 -248 -435 -372 -349 -488 -152 -246 -430 -265 -31 -517 -279 0
-217 -423 -349 -248 -285 -249 -143 -315 -27 -196 -324 -226 -84 -374 -373 -471 -505 -97 -60 -133 -95 -360 -507 -524 -455 0
153 -241 -517 -339 -264 -192 -210 -268 -32 -349 506 -249 -440 -386 0
199 -246 -440 -517 -264 -192 -210 -268 -349 506 -249 -386 -325 -60 0
267 -430 -27 -286 -440 -349 506 -249 -386 -524 -517 -264 -192 -268 -325 -60 -479 -143 0
153 -243 -507 -466 -516 -517 -315 -143 -349 -465 -286 506 -249 -209 -440 -386 -245 -214 0
201 -234 -482 -245 -507 -466 -516 -517 -315 -143 -349 -465 -286 506 -249 -209 -440 -386 -214 0
153 -32 -517 -440 -245 -507 -466 -516 -315 -143 -349 -465 -286 506 -249 -209 -386 -214 0
498 -265 -226 -440 -507 -386 -315 -143 -349 -286 506 -249 -60 -482 -264 -27 -524 -268 -479 -400 -16 -423 -97 0
-151 -100 -524 -199 -423 -27 -133 -498 -81 -60 -18 -265 -209 -248 402 -64 -349 506 -249 -440 -386 0
-265 -386 -143 -524 -423 -27 -133 -60 -248 -349 506 -249 -440 -315 -16 -482 -97 -496 -226 -507 -264 -479 0
-423 -285 -226 -507 -95 -505 -349 -248 -97 -143 -524 -27 -133 -60 -249 -315 -471 -360 -84 -196 -324 -374 -373 -455 0
245 -130 -382 -519 -455 -176 -318 -233 -496 -481 -463 0
25 -222 -10 -47 -101 -65 0
200 -216 -318 -218 -119 -196 -27 -515 -524 -169 -315 -286 -208 -441 -360 -143 -89 -430 -60 0
496 -348 -133 -148 -363 -229 -233 -16 -31 -394 -246 -218 -60 0
17 -221 -290 -121 -226 -416 -165 -194 -89 -349 -90 -507 -524 -216 -381 -318 -48 -520 -496 -102 -66 -229 -97 -27 0
201 266 -246 -208 -515 -97 -290 -121 -226 -416 -165 -89 -349 -90 -507 -524 -216 -381 -318 -520 -66 -229 -27 -133 -148 -363 -233 -31 -394 -218 -60 -342 -430 -241 0
-209 -290 -524 -27 -250 -133 -226 -148 -121 -233 -60 -246 -200 -515 -97 -416 -349 -507 -216 -318 -520 -229 -218 -342 -441 -360 -272 -143 -263 -248 506 -249 385 0
16 -91 -119 -430 -196 -342 -27 0
17 -46 -520 -65 -229 -27 0
199 -191 -275 -218 -119 -430 -196 -342 -27 -18 -520 -65 -229 -60 0
-151 -386 -1 -226 -60 -143 -196 -342 -27 -520 -515 -315 -524 -250 -133 -233 -97 -416 -349 -507 -318 -360 -248 -249 -285 -84 -505 -324 0
-386 -471 -285 -505 -349 -248 -369 -143 -226 -1 -250 -507 -60 -196 -342 -27 -520 -515 -315 -524 -133 -233 -97 -416 -318 -360 -249 -84 -324 0
432 -1 -505 -226 -74 -515 -324 506 -318 -233 -60 -217 -349 -248 -285 -286 -387 -360 -84 -170 -143 0
245 -70 -355 -457 -394 0
-60 -249 -349 -226 -505 -248 -507 -373 -57 0
144 -430 -286 -349 506 -249 -201 -246 0
387 -313 -498 -373 -478 -363 -345 -284 -262 -273 -483 -165 -246 -5 -169 -152 0
-210 -209 -360 -349 -169 -498 -478 -483 -246 -226 -238 -505 -248 506 -249 -373 0
496 -270 -430 -196 -27 -382 361 -66 -46 -392 -334 -108 -357 -507 -89 247 -349 -169 -209 -422 -435 -322 -283 -373 -470 -82 -67 -218 0
316 -86 -45 -226 -435 -241 -95 -519 -327 -422 0
-209 -430 -196 -27 -507 -349 -169 -373 -455 -498 -318 -45 -226 -95 -327 -33 -133 -360 -483 -246 -201 -265 -505 -248 -478 -238 -249 0
423 -18 -65 -46 -229 -27 -341 -95 0
219 -422 -92 -327 -191 -498 -318 -241 -65 -46 -229 -27 -341 -95 -515 -314 -283 -208 247 -287 -82 0
482 -92 -287 385 -349 506 -249 -218 247 -327 -498 -318 -241 -65 -46 -27 -341 -95 -314 -283 -208 -79 0
-217 -79 -400 -133 -148 -368 -27 -121 -435 -226 -464 -164 -65 -46 -229 -341 -95 -373 -208 -283 -82 -469 -263 -218 0
431 -218 -210 -505 -349 -248 -373 -314 -65 -27 -95 -33 -318 -97 -498 -360 -133 -368 -226 -164 -208 -263 -371 -246 -483 -287 385 506 -249 -327 -201 0
26 -93 -498 -191 -216 -318 -322 -283 -373 -196 0
432 -191 -65 -10 -27 -498 -201 -216 -318 -322 -283 -373 -196 -441 -360 -89 0
-387 -169 -27 -318 -373 -498 -97 -360 -210 -505 -349 -248 -314 -95 -33 -133 -368 -226 -208 -263 -371 -246 -483 -287 506 -249 -327 -201 -430 -10 -196 0
457 -294 -72 0
497 -241 -439 -360 -395 -469 -263 -458 -72 -491 -203 -318 -97 0
-430 -318 -97 -498 -360 -226 -483 -201 -246 -27 -373 -505 -349 -248 -95 -33 -133 -249 -327 -196 -524 -507 -455 -45 -143 0
264 -65 -47 -101 -27 -411 -305 -480 -343 -240 -469 -524 -373 -505 -349 -248 -435 -286 -283 -208 0
374 -217 -18 -469 -27 0
496 -242 -47 -277 -101 -240 -33 -27 -395 -411 -480 -469 -524 -373 -505 -349 -248 -435 -286 -283 -208 -97 -464 -318 0
-217 -18 -340 -27 -421 -411 -400 -480 265 -464 -505 -349 -248 -435 -373 -28 -286 -126 -143 -469 -218 0
-318 -246 -349 -248 -505 -450 -27 -143 -97 -498 -33 -524 -483 -373 -201 -360 -226 -95 -133 -249 -327 -196 -507 -455 -45 0
25 -208 -246 -143 -95 -17 -400 -201 -286 -349 506 -249 -483 -283 -373 -469 -360 -217 0
200 -335 -89 -430 -46 0
432 -335 -89 0
376 -316 -282 0
377 -282 -30 0
29 -521 -95 -423 -47 -400 -305 -514 -186 0
-208 -469 -30 -95 -423 -201 -519 -33 -463 -246 -17 -483 -217 -505 -349 -248 -373 -143 -133 -27 506 -249 -360 0
374 -265 -201 -143 -385 -152 -89 -246 -360 -463 -217 -313 -469 -27 0
-469 -17 -217 -373 -201 -143 -246 -360 -463 -27 -226 -190 -349 506 -249 -30 -95 -423 -519 -33 -483 -505 -248 -133 0
48 -35 -101 -335 -50 0
-430 -312 -216 247 -226 -233 -25 -94 -187 -254 -475 -367 -349 -487 -190 -265 -180 -507 -384 -429 -513 -522 -101 -50 -201 -143 -432 506 -249 -246 0
345 -25 -201 -505 -349 -248 -143 -216 -226 -233 -265 -94 -187 -254 -475 -367 -487 -190 -180 -507 -384 -429 -513 -522 -101 -50 -432 -249 -246 0
-18 -387 -360 -143 -217 -127 -201 -505 -349 -248 -216 -226 -233 -265 -254 -475 -190 -180 -507 -249 -246 -95 -423 -322 -373 -196 -27 -250 -497 -133 -316 -148 -17 0
-246 -27 -201 -33 -360 -505 -349 -248 -226 -254 -507 -249 -95 -373 -196 -143 -133 -483 -498 -97 -450 -524 -327 -455 -45 0
-469 -130 -143 -384 -111 -252 -363 -505 -349 -248 -435 -400 -367 -179 -423 -97 -498 -244 -286 -126 266 -483 -373 -217 -18 -27 -471 0
169 -426 -408 -344 -384 -320 -478 -472 -130 -335 -143 -89 0
144 -408 -320 -426 -335 -89 -344 -384 -478 -472 -239 -130 0
-315 -423 -400 -30 -97 -413 -127 219 -437 -244 -286 -505 -349 -248 -435 -126 266 -262 -313 0
266 219 -27 -373 -400 -97 -18 -244 -286 -505 -349 -248 -143 -483 -498 -217 -95 -45 -226 -507 151 -432 -201 0
-469 -347 -18 -240 -413 -27 -505 -349 -248 -435 -498 -411 -283 -465 -483 -480 -373 -471 -208 -217 0
219 -432 -505 -349 -248 -373 -133 -18 -27 -143 -498 -465 -483 -217 -450 -286 -201 -267 -400 -97 -244 -95 -45 -226 -507 151 0
142 -208 -286 -267 -171 0
218 -18 -111 -252 -363 -143 -286 -267 -459 -396 -505 -349 -248 -435 -126 -373 -133 -465 -89 -231 -27 -498 -360 -455 0
-469 -208 -286 -505 -349 -248 -435 -126 266 -373 -471 -283 -244 -217 -18 -27 0
16 -293 -498 -398 -338 -97 -71 -356 -89 -349 -90 -507 -95 -522 -342 -231 0
-208 -129 -483 -133 -79 -346 -238 -306 -10 -101 -231 -27 -18 -498 -398 -338 -97 -349 -90 -507 -95 -522 -342 -459 -396 -286 -505 -248 266 -373 -471 -283 -244 -217 0
-18 -217 -505 -248 -483 -133 -27 -498 -97 -507 -95 -459 -396 -286 -373 -244 -349 -201 -267 -360 -143 -465 -450 -400 -45 -226 151 -455 0
-469 -142 -143 -267 -507 -226 -349 -372 -488 -435 -55 -384 -201 -468 -439 -519 -33 -17 -396 -208 -283 -27 -373 -470 -217 0
265 -278 -519 -33 -396 -264 -283 -373 -27 -89 -478 -143 -201 0
-208 -423 -400 -342 -314 -505 -57 -267 -226 -171 -432 -201 -519 -33 -396 -373 -27 -483 -128 -507 -349 -55 -384 -468 -439 -17 -470 -217 -286 -248 0
394 -241 -439 -519 -33 0
-217 -27 -226 -373 -349 -249 -505 -57 -507 -248 0
265 -208 -248 -286 -313 -349 -435 -469 -505 -218 -82 -400 -27 -421 -373 -283 -191 -92 -338 -243 -201 -143 0
-208 -267 -143 -286 -226 -507 151 -82 -466 -373 -517 -313 -243 -201 -248 -349 -469 -505 -218 -400 -27 -421 -191 -92 -338 0
-27 -249 -349 -226 -507 -373 -248 -505 -57 0
267 -469 -201 -89 -66 -349 -248 -435 374 -505 -363 -411 -42 -286 -264 -208 -143 0
-246 -80 -226 -257 -514 -365 -95 -400 -363 -5 -149 -369 -483 -493 -209 265 -314 0
265 -384 -226 -143 -163 -475 -155 -365 -95 -363 -480 -133 -42 -26 -411 -229 -149 -5 -152 -257 -514 -400 -369 -483 -493 -209 -314 -89 -432 -201 0
-217 -267 -400 -505 -57 -323 -226 -480 -286 -349 506 -249 -201 -143 -155 -95 -133 -42 -26 -411 -149 -483 -314 -66 -208 -264 -498 -360 -18 -469 -219 0
266 -464 -483 506 -149 -314 -208 -201 0
-469 -208 -349 506 -249 -201 -483 -149 -226 -498 374 -248 -505 -57 -155 -26 -411 -66 -18 0
199 -208 -286 -102 -143 -478 -245 -323 -133 -363 -42 -26 -411 506 -149 -80 0
267 -217 -83 -360 -89 -286 -431 -208 -143 0
-208 -26 -411 -201 -102 506 -149 -483 -349 -249 -226 -498 374 -248 -505 -57 -155 -66 -18 0
200 -360 -349 -210 -498 -209 -483 -226 -505 -248 506 -249 -373 -143 -385 -265 0
-142 -79 -408 -472 -239 -411 -450 -346 -149 -95 -87 -430 -57 -505 -226 -265 -286 -349 506 -249 -201 -143 0
-249 -373 -226 -505 -248 -349 -57 -507 0
263 -71 -356 -459 -396 0
199 -320 169 -143 -89 -264 -111 -369 -86 -226 -349 -435 -505 -270 -245 -488 -152 -83 -57 -267 -142 0
343 -186 -348 -363 -240 0
306 -348 -363 -240 0
244 -101 -34 -11 -49 -220 -323 -243 506 -60 -483 0
-469 -217 -111 -459 -396 -402 -49 -340 -375 -315 -34 -384 374 -101 -11 -524 -57 -486 -360 -264 0
-217 -497 -60 -483 -111 -459 -396 -402 -49 -340 -375 -315 -34 -384 374 -101 -11 -524 -57 -486 -360 -264 -344 -200 -363 -150 0
430 -483 -240 374 -264 -349 -248 -505 -60 -163 -402 -375 -315 -384 -524 -57 -486 -360 -200 -245 -243 506 -306 -48 0
-430 -86 -264 -384 -369 -132 -480 -111 -42 -363 -26 -226 -435 -245 -5 -64 -488 -152 -83 -320 -48 -474 -385 -336 -505 -57 -267 -171 -240 -432 -142 0
266 -142 -57 -524 506 374 -264 -349 -248 -505 -402 -375 -315 -369 -42 -226 -267 -486 169 -143 -270 0
-151 -469 -240 -363 -432 -483 -497 -493 -385 -209 265 -314 506 0
431 -48 -384 -63 265 -143 -163 -226 -272 -435 -83 -94 -507 151 -385 -336 0
-200 -497 -469 -209 265 -240 374 -264 -349 -248 -505 -483 -163 -402 -375 -315 -384 -524 -57 -486 -360 -432 -63 -143 -226 -272 -94 -507 151 -385 -336 0
-348 -305 -252 -47 -363 -257 -64 -347 -240 0
306 -272 -226 -267 -170 265 -143 -142 -384 -343 0
465 -411 -480 -64 -47 -257 -306 -252 -363 -347 -240 -123 -199 -469 -497 -493 0
-469 -217 -402 -375 -315 374 -524 -57 -486 -264 -209 265 -226 -267 -170 -143 -142 -349 -248 -505 -483 -507 0
-200 -245 -336 -240 374 -264 -349 -248 -505 -483 -163 -402 -375 -315 -384 -524 -57 -486 -360 -432 506 -47 -199 0
-217 -483 -264 -349 -248 -505 374 -402 -375 -315 -524 -57 -486 -42 -209 265 -226 -267 -170 -143 -142 -507 0
-200 -496 -483 -209 265 -336 -240 374 -264 -349 -248 -505 -163 -402 -375 -315 -384 -524 -57 -486 -360 -432 506 -47 0
-246 -457 -384 -111 -394 -372 -435 -226 -375 -349 -270 -267 -507 -474 -337 -114 -190 -99 -496 -209 265 -314 0
-483 265 -375 -349 -270 -267 -507 -209 -226 374 -248 -505 -402 -315 -524 -57 -486 -42 -170 -143 -142 0
46 -243 -435 -226 -349 -372 -267 -384 -270 265 -143 -507 -279 -60 -498 -395 -360 -486 -57 -524 -26 -89 -478 -336 -306 0
201 -385 -349 -505 -270 -240 -432 -127 -495 -226 -267 -384 265 -143 -507 -279 -60 -498 -395 -360 -486 -57 -524 -26 -478 -336 0
-142 -267 -143 -349 -505 -270 -226 -507 -486 -57 -524 -209 -375 374 -248 -402 -315 -42 -170 -369 0
-246 -483 -99 -498 -398 -476 -455 -176 -355 -363 -135 -440 -323 -435 506 199 -267 -245 0
246 -498 -476 -191 -241 -398 -440 -463 -152 0
-498 -101 -26 -306 -344 -476 -99 -218 -470 506 -398 -455 -176 -355 -363 -135 -440 -323 -435 199 -267 -245 -191 -463 0
217 -218 -248 -435 374 -505 239 -349 0
359 -191 -476 -99 506 -455 -355 -135 -267 -245 -344 -463 -200 -430 -387 -248 374 -505 239 -349 0
201 -180 -427 -402 -514 -435 -175 -339 -334 -481 -327 -430 -58 0
482 -128 -320 -470 -334 -478 -175 -344 -26 -363 -135 -148 -79 0
496 -481 -363 -344 -331 -43 -470 -185 -320 -334 -478 -26 -135 -148 -200 -427 -402 -514 -435 -430 -455 -476 -219 -191 -99 0
-218 -219 -248 -435 374 -505 239 -349 0
59 -216 -427 -187 -180 -152 -435 -245 -339 -483 -327 0
244 496 -344 -331 -43 -470 -185 -320 -334 -478 -26 -135 -363 -200 -427 -402 -514 -435 -430 -455 -476 -219 -191 -99 506 0
496 -483 -217 -264 -441 -245 -344 -331 -43 -470 -185 -320 -334 -478 -26 -135 -363 -200 -427 -402 -514 -435 -430 -455 -476 -219 -191 -99 506 -187 0
-246 -494 -435 -369 -381 -355 -226 -264 -165 -272 -468 -83 -337 -92 -387 -68 -60 -323 -430 -363 -240 -483 506 -200 -267 -245 0
-483 -128 -468 -264 -200 -344 -430 -363 -217 -441 -387 -435 -369 -381 -355 -226 -165 -272 -83 -68 -323 -240 506 -267 -245 -276 -463 -191 -497 -331 -43 -470 -185 -320 -334 -478 -26 -135 -427 -402 -514 -455 -476 -219 -99 -187 0
-240 -344 -430 -514 -95 -402 -455 -99 -463 -384 506 -331 -43 -320 -334 -478 -135 -200 -427 -476 -245 -468 -264 -387 -369 -355 -226 -165 -267 -276 -187 -248 374 -505 -349 -358 -270 -238 0
244 -483 -381 -165 -463 -315 -375 -264 -476 -198 -135 -66 -26 -320 -304 -387 -334 -186 -430 -347 -226 -200 -95 -323 -251 -149 506 0
-483 -186 -315 -26 -402 -514 -286 -208 -143 -245 -323 -478 -363 -42 506 -375 -200 343 -470 -95 -135 -430 -387 -463 -381 -165 -264 -476 -198 -66 -320 -334 -226 0
431 -217 -83 -18 -387 -342 0
-384 -200 -430 -387 -95 -402 -245 -315 -286 -208 -143 -478 -42 -375 -135 -165 -264 -198 -66 -320 -226 -455 -99 -369 -267 -276 -248 374 -505 -349 -270 -238 -86 -130 -90 -507 0
432 -229 -99 -470 -463 -345 -363 -421 -148 -121 -520 -80 -483 -246 -267 -200 -89 0
-60 -68 -276 -92 -467 -483 244 -152 -497 -200 -246 -267 0
218 -291 -467 -399 -121 -477 -99 -200 -276 -92 -483 244 -152 -246 -267 0
-151 -483 -200 -276 -467 -267 -198 -315 -402 -286 -208 -143 -245 -478 -42 506 -375 -95 -135 -430 -387 -165 -264 -66 -320 -334 -226 -345 -238 -248 374 -505 -349 -477 -99 -421 -520 0
151 -200 -135 -26 -363 -89 -430 -323 -250 -387 -5 0
401 431 -83 -387 -217 -514 -421 0
201 -394 -279 -467 -472 -1 -514 -413 -438 -463 -60 -24 -238 -295 -345 -455 -363 -234 -402 -83 -387 -217 -421 -334 -430 0
Solved
