338 -173 -298 -37 -220 -94 -64 -283 -292 -181 -244 -316 -313 -247 0
339 -37 -298 -202 -220 -127 -94 -190 -64 -283 -292 -181 -244 -316 -313 -247 0
-37 -154 -181 -283 -94 -316 -220 -64 -247 -298 -292 -244 -313 -337 -202 -127 -190 0
125 -292 -244 0
293 -43 -67 -319 -31 -181 -316 -220 -298 -313 -125 -94 -244 -190 -64 0
361 -220 -319 -31 -181 -316 -67 -313 -94 -190 -64 0
246 -361 -316 -181 -31 -319 -313 0
244 -125 -293 0
317 -293 -313 -246 -319 -31 -181 0
245 -293 -361 -126 0
-293 -220 -340 -94 -361 -64 -31 -181 -316 -313 -319 0
364 -67 -181 -31 -316 -313 -319 -340 -190 0
246 -293 -316 -181 -31 -319 -313 0
54 -325 -268 -223 -67 0
326 -268 -223 0
221 -179 -177 -284 -351 -303 -164 -229 -312 -275 -66 -95 -364 0
-125 -177 -284 -351 -303 -164 -229 -275 -364 -190 -293 -126 -246 0
220 -95 -340 -41 -38 -299 0
39 -249 -95 -41 0
-293 -364 -340 -190 -229 -31 -181 -316 -313 -319 0
38 -193 -181 -31 -125 -316 -12 0
183 -268 -189 -67 -59 -118 -302 -229 -274 -31 0
-95 -67 -181 -316 -229 -31 -340 -12 -125 -65 -96 0
182 -245 -313 -38 -125 -316 -31 0
39 -222 -316 -181 -31 -319 -313 -245 -125 0
-67 -181 -316 -340 -31 -319 -313 -229 -190 0
Solved
