201 -19 -151 -271 -124 -337 -298 -184 -187 -370 -97 -94 0
415 -370 -151 -271 -337 -184 -187 -124 -97 -94 0
152 -46 -121 -274 -187 -415 -268 -337 -295 -157 -271 -124 -382 0
-46 -415 -121 -274 -187 -382 -268 -337 -295 -157 -271 -124 -151 0
189 -19 -268 -181 -184 -124 -226 -151 -415 -271 -337 -97 0
-415 -124 -268 -181 -184 -226 -151 -271 -337 -97 -187 -121 -274 -382 -295 -157 0
126 -193 -250 -172 -418 -199 -382 -97 -187 -337 -268 -271 -181 -151 0
421 -181 -172 -382 -97 -187 -337 -268 -271 -250 -151 -184 -94 -226 -121 -274 -295 -157 0
416 -15 -324 -357 -94 -179 -71 -184 -201 -121 -19 0
270 -127 -389 -406 -172 -201 -417 -324 -357 -94 -184 -121 -234 -48 -274 -226 -181 -157 0
170 -164 -282 -1 0
200 -410 -170 -44 -72 -184 -121 -14 -265 -306 -417 -180 0
269 -306 -184 -417 -201 -121 -265 -1 -94 -324 -144 -274 -261 -226 -181 0
188 -181 -406 -172 -94 -184 -121 -274 -226 -157 -268 -265 -1 -295 -151 -271 -382 -337 -97 0
270 -21 -1 -94 -305 -184 -143 -178 -274 -260 -226 0
199 -323 -94 -184 -356 -226 -181 -268 -1 -305 -143 -274 -260 -121 -416 0
424 -226 -121 -265 -184 -268 -274 -406 -172 -94 -1 -271 -382 -337 -97 -187 -157 -151 0
416 -201 -1 -182 -282 -129 -94 -260 -151 -382 -184 -271 -187 -180 -337 -424 -121 0
-201 -415 -94 -244 -129 -405 -184 -226 -268 -1 -274 -260 -121 -180 -48 -151 -382 -97 -271 -187 -337 -346 -182 -282 -424 0
-415 -129 -187 -97 -94 -244 -337 -405 -184 -226 -268 -1 -274 -260 -121 -180 -48 -151 -382 -271 -346 -182 -282 -424 0
200 -405 -406 -172 -94 -184 -121 -274 -226 -157 -268 -265 -1 -295 -151 -271 -382 -337 -97 -391 -187 0
269 -226 -187 -406 -172 -97 -94 -184 -121 -274 -382 -157 -268 -265 -1 -151 -271 -337 -244 -346 0
189 -34 -404 -244 -4 -79 -265 -47 -1 -94 270 -184 -178 -274 -226 -151 -415 -271 -382 -337 0
199 -201 -406 -172 270 -94 -184 -121 -274 -226 -157 -151 -271 -382 -337 -97 -187 -244 -4 -79 -265 -1 0
200 -281 -382 -337 -187 -406 -172 -97 0
-201 270 -172 -406 -94 -184 -121 -274 -226 -157 -151 -271 -382 -337 -97 -187 -244 -4 -79 -265 -1 0
427 -94 -106 -271 -382 -337 -187 -172 -97 -406 -1 -184 -121 -274 -157 -244 -4 -79 -265 -268 0
188 -151 -172 -94 -184 -121 -274 -226 -157 -268 -265 -1 -406 -271 -382 -337 -97 -187 -244 -4 -79 0
-151 -226 -106 -172 -406 -94 -184 -121 -274 -1 -157 -271 -382 -337 -97 -187 -244 -4 -79 -265 -268 0
269 199 -175 -136 -94 -184 -244 -226 -356 -268 -1 -323 -143 -274 -260 -121 -416 -427 -157 0
-416 -201 -184 -1 -94 -274 -226 -268 -175 -136 -244 -121 -427 -157 -61 -382 -97 -187 -337 -415 0
259 -34 -244 -175 -72 -136 -157 -357 -427 -268 -226 -178 -184 -61 -94 -324 -144 0
-201 -415 -4 -244 -175 -136 -157 -427 -268 -226 -184 -61 -94 -382 -97 -187 -337 -121 -1 -274 -55 0
-415 -226 -187 -97 -4 -244 -175 -136 -157 -427 -268 -337 -184 -61 -94 -382 -121 -1 -274 -55 0
-201 -417 -121 -265 -1 -94 -184 -274 -226 -295 -271 -157 -382 -337 -268 -391 -187 -406 -97 -172 -199 0
-226 -94 -184 -271 -382 -337 -187 -172 -97 -106 -121 -265 -1 -274 -157 -268 -406 -4 -244 -175 -136 -55 -79 0
152 -48 -143 -260 -254 -94 -323 -14 -184 -21 -427 -419 0
322 -260 -55 -4 -254 0
269 -390 -175 -34 -244 -335 -300 -184 -63 -153 -127 -143 -260 -254 -94 -323 -14 -21 -427 -419 -274 -157 0
152 -404 -244 -34 -175 -4 -136 -79 -427 -126 -143 -260 -254 -94 -323 -14 -184 -21 -419 0
189 -201 -136 -244 -184 -4 -79 -427 -94 -274 -157 -268 -55 -121 -271 -175 -382 -337 -97 0
270 -404 -139 416 -357 -94 -324 -184 -201 -121 -132 -345 -127 -48 -274 -157 0
153 -127 -4 -406 -55 -274 -157 -268 416 -357 -94 -324 -184 -201 -121 -345 -244 -175 -136 -427 -62 0
269 -182 -244 -124 -164 -1 -127 -223 -409 -274 -157 0
416 -164 -296 -157 -268 -244 -1 -274 -44 -357 -372 -336 -178 -184 -62 -152 -4 -406 -55 -94 -324 -201 -121 -345 -175 -136 -427 -14 0
259 -420 -160 -157 -106 -268 -184 -274 -406 -178 -172 -382 -337 -187 -97 -201 -417 -296 -244 -1 -357 -152 -4 -55 -94 -324 -121 -175 -136 -427 -412 -255 -144 0
-201 -178 -4 -160 -157 -106 -268 -184 -274 -406 -55 -172 -382 -337 -187 -97 -244 -1 -94 -121 -175 -136 -427 -412 -271 -79 0
433 -106 -136 -55 -4 -382 -337 -184 -187 -406 -172 -97 -160 -157 -268 -274 -244 -1 -121 -175 -412 -271 -79 0
-427 -201 -406 -172 -382 -184 -271 -337 -187 -97 -106 -121 -94 -1 -274 -157 -268 -4 -244 -136 -55 -79 -175 -160 -412 0
188 -416 -406 -172 -34 -201 -175 -382 -337 0
189 -324 -55 -4 -382 -337 0
270 -139 -244 416 -346 -357 -94 -324 -184 -201 -121 -345 -127 -48 -274 -157 -389 -406 -172 -226 -234 0
-260 -48 -187 -97 -94 -244 -337 -226 -184 -151 -268 -1 -274 -346 -121 -304 -382 -271 -157 416 -357 -324 -201 -389 -406 -172 -234 -63 -144 -261 0
-324 -226 -4 -187 -97 -94 -244 -337 -55 -184 -151 -268 -1 -274 -346 -121 -304 -382 -271 -157 -201 -406 -172 -34 -175 0
269 -226 -184 -94 199 -323 -268 -1 -356 -143 -274 -260 -121 -416 -187 -97 -244 -337 -151 -346 -382 -271 -157 0
-201 -94 -1 -184 -274 -4 -268 -121 -187 -97 -244 -337 -382 -271 -157 -55 -406 -172 -175 -106 -79 -136 -160 -412 0
35 -301 -175 0
-94 -121 -184 -271 -382 -337 -187 -172 -97 -106 -1 -274 -157 -268 -406 -4 -244 -175 -136 -55 -79 -160 -412 0
-201 -121 -184 -322 -157 -382 -337 -268 -406 -172 -175 -187 -274 -97 -199 0
436 -175 -184 -274 -1 -268 -271 -382 -337 -55 -4 -406 -172 -157 -244 -136 -79 -160 -412 0
188 -97 -436 0
338 -260 -382 -94 -324 -55 -4 0
339 -388 -4 -324 -55 -382 -436 -406 -172 -97 -201 -416 -271 0
-97 -324 -436 -55 -172 -4 -271 -382 -94 -337 -406 -201 -416 0
-324 -416 -172 -436 -382 -337 -201 -55 -4 -94 -406 -271 0
275 -285 -1 -165 -26 -282 -127 0
390 -11 -335 -175 -184 -34 -63 -244 -153 -21 -46 -157 -124 -268 -127 -274 -1 -165 -26 -406 -194 -156 -328 -233 -172 0
270 -34 -175 -136 -244 -63 -153 -18 -124 -344 -79 -127 -46 -274 -157 0
-416 -201 -175 -244 -184 -94 -274 -268 -136 -79 -1 -406 -172 -4 -55 -271 -436 -337 -121 -157 -382 0
322 -107 -388 -172 -260 -89 0
-324 -124 -268 -157 -274 -46 -152 -244 -1 416 -357 -184 -4 -406 -55 -94 -201 -121 -175 -136 -144 -260 -382 -322 0
-201 -121 -268 -157 -274 -244 -1 -184 -4 -406 -55 -94 -175 -136 -382 -172 -271 -436 -337 -79 0
-324 -99 -436 -55 -337 -271 -89 -323 -4 -382 0
438 -233 -155 -389 -4 -188 -55 0
201 -94 -4 -55 -382 -337 -271 -406 -172 -436 0
-324 -253 -436 -4 -55 -271 -172 -337 -382 -94 -406 0
-94 -382 -337 -436 -4 -55 -271 -172 -406 -268 -157 -274 -244 -1 -184 -175 -136 -79 0
188 -107 -436 -390 0
200 -234 -55 -4 -436 -189 -328 -406 -172 0
338 -135 -301 -175 -160 -367 -291 -165 -282 -67 -24 -216 -392 -20 -89 -417 -271 0
187 -392 -417 -271 -254 -142 -337 -175 -160 -89 -44 -112 -370 -180 -412 -184 -14 -36 -155 -195 -4 -55 -436 -389 -99 0
-324 -370 -1 -244 -184 -175 -4 -55 -271 -142 -436 -337 -160 -112 -412 -406 -172 -199 -382 -322 0
388 -250 -419 -327 -307 -157 -268 -399 -192 -274 -1 -282 -107 0
200 -242 -370 -19 -184 -15 -175 -160 -11 -390 -419 -327 -157 -268 -399 -274 -1 -107 -233 -195 -391 -155 -328 -406 -172 0
189 -328 -172 -199 -370 -184 -15 -175 -160 -419 -157 -268 -274 -1 -233 -406 -4 -55 -255 -142 -436 -337 0
20 -301 -175 -10 -160 -214 -24 -45 -290 -306 -163 -370 -179 -1 -184 -169 0
200 -19 -419 -112 -370 -1 -184 -412 -175 -160 -214 -24 -45 -306 -4 -121 -55 -391 -436 -388 -406 -97 -189 -328 -172 0
201 -188 -233 -4 -55 -436 -406 -172 -97 0
339 -419 -112 -370 -1 -184 -412 -175 -160 200 -45 -4 -55 -436 -388 -406 -97 -189 -328 -172 -90 -271 0
439 -172 -160 -157 -268 -274 -1 -406 -184 -337 -412 -55 -271 -244 0
-201 -416 -389 -4 -55 -439 -337 -382 -436 -172 -271 -406 -97 -200 0
201 -382 -1 -244 -184 -175 -4 -55 -271 -436 -337 -160 -412 -406 -172 -97 0
437 -94 -382 -144 -439 -172 -388 -89 -329 -4 -108 -55 0
-389 -97 -436 -439 -172 -388 -4 -337 -271 -406 -55 -1 -244 -184 -175 -160 -412 0
438 -382 -4 -55 -271 -172 -337 -436 -406 -201 -439 -97 0
95 -416 -255 -122 -337 -201 -142 0
-416 -11 -184 -15 -175 -160 -390 -419 -157 -268 -274 -1 -107 -233 -195 -155 -328 -406 -172 -122 -255 -142 -337 -112 -412 -45 -4 -55 -436 -388 -97 -189 -90 -271 -96 0
-382 -390 -184 -175 -160 -337 -157 -268 -274 -1 -107 -233 -406 -172 -412 -4 -55 -436 -388 -97 -90 -271 -439 0
-97 -388 -184 -175 -160 -337 -157 -268 -274 -1 -406 -172 -412 -4 -55 -436 -271 -244 0
200 -199 -172 -184 -175 -160 -157 -268 -274 -1 -406 -4 -55 -436 -337 -439 -187 -388 0
-388 -436 -55 -337 -271 -406 -172 -4 -1 -244 -184 -175 -160 -412 -268 -157 -274 0
384 -157 -449 -337 -436 -4 -55 -271 -172 -406 -274 -1 -184 -175 -382 -94 -440 -260 0
324 -144 -260 -94 0
339 -440 -436 -4 -55 -271 -172 -406 -1 -184 -175 -382 -94 -337 -260 -107 -388 0
437 -415 -337 -436 -4 -55 -271 -172 -406 -1 -184 -175 -382 -94 -388 0
338 -274 -337 -436 -4 -55 -271 -172 -406 -136 -157 -79 -1 -184 -175 -382 -94 -261 -201 0
199 -271 -436 -4 -55 -337 -172 -406 -1 -184 -175 -382 -201 -97 -388 0
-94 -416 -436 -201 -337 -172 -55 -4 -382 -406 -271 -95 0
441 -157 -184 -370 -242 -175 -19 200 -391 -327 -15 -268 -399 -274 -1 -107 -233 -195 -419 -155 -328 -406 -172 0
-160 -157 -370 -242 -184 -15 -175 -19 200 -391 -327 -268 -399 -1 -107 -195 -419 -155 -328 -406 -172 -55 -436 -337 -4 -388 -271 -244 0
269 -445 -335 -19 -184 -17 -169 -404 -157 0
36 -301 -175 0
338 -157 -17 -184 -268 -410 -370 -15 -175 200 -1 -107 -195 -419 -155 -328 -406 -172 -55 -436 -337 -4 -388 -271 -122 -255 -142 0
-157 -17 -184 -268 -175 -45 -290 -370 -1 -271 -337 -15 200 -107 -195 -419 -155 -328 -406 -172 -55 -436 -4 -388 -122 -255 -142 0
339 -290 -1 -285 -26 -127 -50 -67 -276 -215 -393 -450 -90 -416 -271 0
-271 -201 -1 -175 -184 -406 -172 -55 -436 -4 -388 -337 -382 -97 0
270 -274 -448 0
-274 -268 -448 0
255 -439 -157 -268 -4 -382 -94 338 -55 0
440 -268 -94 338 -55 -4 -382 -157 0
-268 338 -201 -416 -94 -436 -382 -337 -55 -4 -157 -448 0
-301 -34 -175 0
47 -70 -1 -43 -190 -409 -181 -124 -151 -21 0
-70 -43 -1 -409 -190 -21 -181 -184 -124 -61 -151 -46 0
-324 -409 -181 -151 -175 -184 -1 -274 -448 -406 -416 -201 -97 -436 -55 -382 -4 -94 338 -337 0
338 -94 -151 -175 -184 -1 -448 -406 -416 -201 -97 -436 -55 -4 -382 -337 -157 0
-94 -416 -184 -4 -55 -388 -436 -406 -172 -97 -201 -175 -337 -1 -382 -157 0
94 -157 -448 -175 -4 -55 -388 -88 -436 -406 -172 -97 -201 0
56 -122 -436 -255 0
-268 -157 -440 -270 -448 0
21 -61 -151 -184 -46 0
-157 -201 -184 -1 -382 -406 -4 -55 -436 -337 -175 -388 -172 -97 0
200 -260 -268 -324 -448 -88 -406 -172 0
199 -324 -184 -151 -46 -268 -1 -448 -382 -175 -406 -439 -4 -55 -298 -295 -436 -255 -417 0
-324 -298 -436 -4 -97 -268 -448 -88 -406 -172 -201 -184 -151 -46 -1 -382 -175 -439 -55 -295 -255 -417 0
339 -94 -382 -436 -4 -97 -268 -448 -88 -406 -172 -201 -184 -151 -46 -1 -175 -439 -55 -295 0
-324 -94 -184 -295 -175 -201 -97 -406 -436 -151 -46 -448 -439 -55 -382 -268 -4 -1 338 -337 0
-94 -201 -436 -4 -337 -55 -439 -382 -184 -295 -175 -97 -406 -151 -46 -448 -268 -1 -88 -172 0
-201 -382 -4 -55 -388 -436 -406 -172 -97 -337 -175 -184 -1 0
-448 -268 -175 -84 -441 -282 -244 -284 -449 0
440 -250 -282 -411 -226 -284 -268 -274 -175 0
445 -271 187 -392 -180 -337 -175 -254 -142 -417 -112 -44 -89 -370 -184 -14 -36 -155 -195 -4 -55 -436 -389 -99 0
21 -421 -198 -124 -291 -249 -282 -1 -169 -47 0
416 56 -436 -337 0
-268 -104 -18 -335 -405 -223 -441 -282 -250 -226 -274 -175 -410 -446 -321 187 -337 -254 -184 -14 -155 -4 -55 -436 -389 -52 -371 -261 -382 201 -406 -172 -324 -84 -244 0
-382 -388 -436 -55 -337 -4 -175 -406 -172 -1 -184 -97 0
189 -97 -436 0
-97 -1 -55 -337 -4 -175 -406 -172 -436 -184 0
-448 -85 -346 -129 -244 -268 -449 0
-324 -382 -268 -184 -175 -406 -172 -55 -4 -436 -337 -1 0
200 -127 -184 -335 -15 -244 -175 -195 -448 -155 -328 -406 -172 0
-448 -272 -90 -406 -172 -199 -184 -335 -15 -244 -175 -195 -155 -328 -268 0
-201 -244 -17 -1 -45 -305 -335 -19 -184 -15 -175 -233 -195 -391 -155 -328 -406 -172 -436 -271 -337 -55 -4 -382 -416 -142 -255 -122 0
-382 -268 -1 -184 -175 -406 -436 -337 -55 -4 -172 0
408 -155 -55 -322 -4 -259 -268 -175 -448 -436 0
407 -448 -187 -436 -55 -322 -4 -259 -268 -337 -199 0
-448 -439 -175 -4 -199 -55 -322 -259 -268 -436 -406 -187 -337 0
261 -274 -439 -268 -4 0
-268 -1 -175 -55 -436 -406 -337 -4 -184 -172 0
5 -199 -406 -448 -274 -337 -55 -4 -187 -436 -259 0
-1 -175 -406 -436 -337 -55 -4 -184 -172 0
-260 -201 -416 -55 -4 -337 -436 -189 -406 -172 -383 -261 0
200 -323 -254 -189 -337 -99 -94 0
-201 -416 -4 -55 -337 -184 -436 -172 -406 -389 -383 -156 -134 -189 -36 -175 -254 -99 -283 -448 -268 -261 0
6 -448 -175 -268 -406 -4 -55 -337 -184 -436 -172 0
259 -324 -384 0
-324 -201 -436 -4 -55 -172 -337 -406 -175 -184 -448 -268 0
-94 -201 -255 -337 -122 -260 324 0
-201 -448 -184 -175 -406 -172 -268 -337 -436 -4 -55 0
-448 -268 -4 -175 -55 -436 -406 -337 -172 -184 0
261 -324 -4 -55 -436 -172 -337 -271 -406 -268 -274 0
-324 -260 -175 -163 -106 -397 -436 -4 -271 -55 -172 -337 -406 -201 -244 -268 -274 0
-94 -260 -175 -268 -274 -4 -106 -55 -271 -163 -172 -337 -436 -406 -201 -397 -244 0
339 -203 -250 -410 -424 -169 -21 -416 -271 0
-260 -201 -184 -175 -4 -55 -436 -406 -172 -337 -268 0
-201 -268 -436 -337 -55 -4 -406 -172 -184 -175 0
259 -324 -175 -4 -436 -337 -55 -271 201 -406 -172 -184 0
-324 -268 -55 -337 -4 -175 -406 -172 -184 -436 0
383 -329 -106 -436 -261 -389 -4 -155 -55 0
-268 -175 -436 -55 -337 -4 -406 -172 -184 0
415 -295 -424 -181 -409 -190 -169 -233 -155 -184 -406 -13 -201 -122 0
-382 -260 -184 -201 -406 -337 -436 -4 -55 -324 -172 -175 0
-260 -201 -406 -337 -55 -4 -184 -436 -324 -172 -175 0
-201 -324 -184 -172 -337 -436 -55 -4 -175 -406 0
261 201 -4 -55 -436 -406 -172 -274 -448 -337 -259 0
-324 -175 -436 -337 -4 -55 -406 -172 -184 0
-175 -184 -436 -55 -4 -337 -172 -406 0
200 -448 -276 -406 -88 -260 -324 -172 0
268 -43 -203 -184 -124 -61 -151 -46 -122 -426 -13 -159 0
14 -223 -83 -246 -403 -17 -203 -81 -410 -46 -306 -151 -178 -124 -184 -127 0
261 -260 -201 -406 -184 -324 -172 -337 -436 -4 -55 -382 0
-260 -324 -55 -436 -337 -201 -406 -172 -4 -184 -382 0
15 -223 -84 -245 -403 -18 -204 -80 -411 -46 -305 -151 -178 -124 -184 -127 0
-268 -420 -429 -425 -178 -124 -239 -184 -34 -13 -18 -204 -80 -46 -305 -151 -388 -282 -448 -439 -94 -4 -382 255 338 -55 -269 0
-324 -382 -4 -184 -55 -201 -337 -436 -172 -406 0
-448 -282 -188 -444 -390 -246 -337 -450 -268 0
185 -327 -307 -419 -140 -370 -63 0
13 -290 -197 -421 -368 -169 -179 -184 -307 -419 -370 -63 -131 -346 -276 -246 -188 -444 -390 -337 -450 -268 -67 -393 -416 -128 -122 0
-448 -416 -337 -393 -444 -67 -246 -188 -390 -450 -268 0
339 -103 -394 -169 -215 -21 -90 -416 -271 0
-382 -201 -184 -406 -172 -337 -436 -55 -4 0
-172 -382 -436 -337 -55 -448 -406 -184 -280 -4 0
-324 -188 -261 -4 -55 -436 -98 -439 -382 -337 0
383 -393 -280 -416 -388 -337 -442 -156 -55 -4 -439 0
188 -442 -55 -436 -337 0
57 -416 -280 -388 -337 -442 -55 -4 -439 -406 -199 -382 -436 0
-416 -388 -280 -406 -199 -382 -439 -436 -4 -55 -337 -442 0
-382 -280 -55 -337 -436 -406 -439 -4 -448 -184 0
189 -259 -268 -448 -4 -406 -55 -436 -187 -337 -322 0
-448 -436 -268 -406 -55 -4 -337 -184 0
-201 -200 -406 -382 -337 -436 -55 -4 -184 0
186 -307 -326 -420 -141 -370 -62 0
-172 -163 -291 -169 -180 -19 -184 -326 -420 -370 -62 -110 -26 -194 -284 -244 -328 -137 -36 -174 -55 -4 -337 -436 -406 0
440 -443 -337 -291 -180 -19 -184 -326 -26 -194 -284 -36 -174 -55 -4 -436 -406 -96 -261 -254 -232 -281 -268 -382 0
56 -382 -55 -4 -184 -337 -406 -436 -268 -188 0
-201 -195 -268 -260 -184 -122 -337 -406 -444 -382 -436 -55 -4 0
-382 -188 -4 -55 -337 -436 -268 -184 -406 0
-188 -436 -4 -55 -268 -337 -184 -406 0
-436 -406 -184 -55 -4 -337 -268 0
185 -126 -248 -153 -63 -21 0
-274 -276 -414 -27 -45 -326 -319 -242 -419 -371 -335 -178 -184 -248 -63 -268 -127 -272 -21 0
186 -448 -34 -406 -244 -155 -268 -440 -414 -27 -326 -242 -419 -371 -335 -178 0
408 -159 -195 -248 185 -63 -21 -369 -127 -27 -138 -34 -337 -448 -390 -416 -444 -188 -393 -268 -155 0
441 -195 -328 -172 -17 -90 -272 -268 -244 -393 -406 -248 -63 -21 -127 -27 -34 -337 -390 -416 -444 -188 -155 -178 -184 -440 -414 -326 -242 -419 -371 -335 -45 -319 0
57 -188 -268 -337 -382 -406 -4 -201 -55 -184 0
186 -399 -157 -184 -187 -323 199 -268 -356 -143 -274 -260 -121 -416 -226 -97 -337 -151 -346 -382 -335 0
-188 -201 -184 -337 -382 -406 -4 -268 -55 0
-172 -182 -184 -106 -187 -97 -382 -337 -268 -406 -201 -274 -121 -322 188 -416 -328 0
269 -322 -55 -184 -382 -337 -268 -406 -201 -274 -4 -416 -328 0
259 -274 -4 -55 -337 -406 -382 -184 -268 -201 -416 0
260 -255 -55 -324 -4 0
-416 -201 -406 -55 -4 -268 -337 -382 -184 0
185 -136 -184 -382 -268 -164 -79 -337 -55 -4 -406 -172 -157 -175 -274 -413 -26 -327 -243 -420 -372 -336 -178 0
439 -249 -268 -274 -184 -201 -406 -4 -55 -382 -337 -26 -194 -156 0
186 -249 -125 -152 -62 -20 0
56 -274 -268 -184 -201 -406 -4 -55 -382 -337 0
185 439 -172 -398 -274 -406 -184 -337 -55 -268 -327 -420 -127 -372 -336 -178 -382 -164 -4 -413 -243 0
-274 -201 -184 -268 -406 -4 -55 -337 -382 0
270 -151 -194 -46 -328 -80 -172 -18 -89 -273 -244 -448 -227 -158 0
186 -194 -158 -249 -62 -20 -127 -26 -137 -176 -34 -406 -244 -448 -268 -328 -80 -172 -18 -89 -273 -178 0
-201 -382 -268 -184 -55 -4 -337 -406 0
173 -45 -19 -184 -121 -15 -268 -11 -69 -155 -449 -295 -233 -106 -272 -390 -328 -90 0
-382 -406 -4 -55 -268 -337 -184 0
-274 -439 -268 -4 -259 0
199 -169 -138 -70 -121 -415 -337 -195 -379 -273 -330 -58 -89 -106 -149 -280 -394 -177 -410 -44 -227 -371 -14 -179 -95 -35 0
201 -415 -14 -121 -35 0
417 -394 -410 -89 -44 -273 -70 -337 -121 0
185 -70 -138 -121 -415 -337 -195 -379 -273 -330 -58 -89 -106 -149 -280 -394 -177 -410 -44 -227 199 -14 -169 -95 -35 0
245 -44 -410 -89 -273 -62 -184 -138 -121 -337 -195 -330 -58 -106 -280 -177 -227 -14 -95 -200 -46 -81 -392 -182 -17 -403 0
136 -336 -87 -223 -130 -82 -346 -169 -429 -284 0
186 -410 -280 -82 -223 -346 -177 -138 -284 -403 -17 -345 -81 -46 -152 -62 -20 0
21 -327 -418 -257 -427 -346 -195 -330 -106 -133 -403 -17 -345 -81 -46 0
-175 -169 -223 -82 -346 -284 -195 -330 -387 -106 -133 -214 -127 -118 -27 -369 -287 -162 -232 -138 -12 -155 -177 -34 0
-270 -172 -337 -184 -268 -55 -406 -4 0
-175 -369 -26 -162 -280 -169 -285 -232 -137 -156 -176 -34 0
330 -10 -411 -280 -169 -223 -335 -257 -132 -344 -46 -151 -272 -90 -390 -194 -172 -106 0
271 -306 -403 -45 -245 -411 -443 -18 -172 -297 -90 0
417 -151 -46 -272 -403 -45 -245 -411 -443 -18 -172 -90 -194 -329 -280 -169 -223 -335 -257 -106 -137 -26 -162 -285 -232 -156 -176 -34 -179 -96 -201 -97 -187 -337 0
185 -21 -194 -183 -329 -403 -172 -245 -90 -26 -285 -232 -137 -156 -176 -45 -411 -443 -18 -272 -187 -337 -201 -46 -223 -106 -96 -97 -445 -63 -280 -15 0
-175 -149 -403 -18 -80 -336 -245 -386 -214 -127 -26 -368 -288 -161 -232 -137 -11 -156 -176 -34 0
338 -169 -329 -418 -194 -26 -258 -161 -137 -403 -18 -80 -245 -127 -232 -156 -176 -280 -336 -411 -45 -15 -121 -228 -372 -180 -96 -201 -97 -187 0
339 -180 -45 -15 -18 -411 -403 -372 -201 -245 -90 -96 -443 -272 -143 0
-21 -143 -223 -76 -194 -329 -106 -245 -403 -18 -96 -80 -201 -46 -97 -187 -418 -26 -137 -127 -232 -156 -176 -280 -411 -45 -15 -121 -228 -337 -90 -443 -272 -445 -184 -183 -172 -285 -63 0
-172 -406 -337 -55 -184 -4 -268 0
200 -259 -55 -4 -442 -268 -337 -448 -187 -406 -97 0
-406 -55 -4 -268 -337 -184 0
272 -260 -189 -390 -82 -184 -169 -19 -47 -268 -448 -440 -90 0
382 -323 -260 0
244 -18 -4 -55 -98 -337 -403 -268 -184 -169 -390 -90 -330 -416 -444 0
189 -46 -244 -390 -283 -280 -169 -35 -416 -439 -154 -18 -4 -55 -337 -98 0
324 -144 -323 -383 -95 0
188 -272 -4 -95 -90 -55 -337 0
189 -244 -403 -448 -268 -4 -55 -98 -390 -283 -169 -35 -416 -154 -18 -337 0
246 -189 -184 -390 -4 -55 -98 -337 -416 -169 -95 -90 -268 -403 -35 0
187 -46 -416 -337 -439 -18 -4 -169 -55 -280 -390 -98 0
384 -232 -154 -439 -4 0
-18 -390 -169 -416 -4 -337 -55 -98 -268 -403 -184 -95 -90 -35 -330 -444 0
20 -90 -268 -448 -260 -384 -234 -390 -184 -169 -46 0
244 -419 185 -140 -195 -121 -330 -438 -260 -188 -323 -337 -444 -35 0
-382 -390 -4 -337 -35 -184 -55 -98 -416 -169 -95 -90 -268 -403 -330 -444 0
108 -120 -371 -344 -95 -114 -165 -2 0
141 -223 -169 -284 -82 -346 -87 -429 -138 -76 -177 -144 -12 -398 -162 -2 -308 -191 0
174 -169 -184 -95 -4 -337 -35 -55 -98 -416 -268 -403 0
443 -390 -184 -4 -55 -98 -337 -416 -169 -95 -90 -268 -403 -35 -244 0
-390 -244 -403 -268 -4 -55 -98 -169 -35 -416 -188 -337 -46 -442 -184 -95 -90 0
-244 -46 -442 -4 -55 -169 -98 -188 -403 -268 -416 -337 -35 -184 -95 -90 0
187 -390 -260 -337 -201 -4 -55 -169 -90 -268 -403 -184 -46 0
189 -442 -55 -337 -98 0
-390 -90 -184 -4 -55 -337 -169 -268 -403 -201 0
152 -411 -204 -133 -17 -372 -195 -403 -122 -337 -201 -260 -255 -346 -323 -141 -427 -63 0
-90 -169 -403 -337 -201 -184 -268 -4 -55 0
-390 -324 -337 -35 -416 -403 -184 -55 -4 -169 -98 -442 -268 -388 0
443 -244 -268 -448 -55 -4 -324 0
444 -324 -4 -55 -439 -98 -337 -189 0
-169 -403 -184 -55 -4 -337 -268 -201 0
259 -330 -448 -244 -103 -409 -440 -17 -403 -82 -390 -189 -195 -95 -268 0
188 -63 -153 -260 -384 -4 -95 -90 -55 -337 0
-172 -90 -390 -189 -4 -95 -260 -55 -337 -184 -19 -17 -403 -244 -268 -440 -103 -409 -82 -195 -173 0
172 -390 -82 -444 -244 0
-390 -17 -4 -95 -260 -55 -337 -184 -19 -189 -403 -244 -268 -440 -103 -409 -82 -195 -173 -444 0
5 -189 -244 -82 -4 -95 -260 -55 -337 -184 -19 -35 -403 -268 -103 -409 -173 -444 0
-189 -260 -55 -98 -337 -173 -444 -4 -244 -82 -95 -184 -19 -35 -403 -268 -103 -409 0
-382 -440 -448 -268 -17 -403 -11 -244 -82 -195 -330 -234 -260 -55 -4 189 -337 0
-260 -444 -403 -244 -82 -55 -4 -337 -416 -173 -268 -98 -95 -184 -19 -35 -103 -409 0
260 -244 -35 -448 -154 -268 -4 0
-244 -403 -337 -55 -4 -416 -98 -173 -82 -268 -95 -184 -19 -35 -103 -409 0
-324 -72 -225 -409 -184 -268 -440 -15 -436 -4 -55 -382 -98 -337 0
181 -74 -250 -357 -426 -72 0
186 -250 -127 -190 -182 -204 -357 -72 -295 -248 -306 -46 -335 -179 -19 0
-330 -46 -17 -81 -403 -19 -195 -188 -121 -419 -438 -260 244 -323 -337 -444 -35 -184 -127 -190 -182 -204 -357 -72 -295 -248 -306 -335 -179 -328 0
185 -204 -190 -12 -403 -177 -17 -303 -81 -133 -46 -370 -63 -19 0
-270 -190 -19 -179 -357 -72 -295 -248 -184 -12 -403 -17 -370 -63 -90 -173 -107 -195 -188 -121 -419 -438 -260 244 -323 -337 -444 -35 -328 -225 -409 -268 -448 -440 0
-382 -295 -184 -403 -409 -179 -19 -173 -121 -260 244 -337 -35 -268 -440 -4 -55 -98 -82 -390 0
192 -426 -182 -1 0
-440 -390 -184 -403 -19 -260 -4 -55 -337 -1 -409 -173 -268 -95 -179 244 -35 -98 -82 -416 0
440 -303 -154 -177 -4 0
21 -336 -177 -303 -133 -403 -144 -260 -323 -17 -138 -15 -81 -184 -46 0
-270 -357 -290 -72 -164 -1 -190 -295 -179 -248 -184 -46 -19 -177 -303 -133 -403 -144 -260 -323 -17 -15 -224 -409 -268 -448 -440 0
-382 -46 -295 -1 -179 -19 -184 -403 -273 -88 -144 -409 -4 -55 -98 -337 -164 -177 -303 -15 -224 -268 -121 -108 -189 0
382 -108 -328 -55 -442 -337 -260 -189 0
-403 -201 -55 -337 -268 -184 -4 0
-440 -35 -244 -154 -448 -4 -268 -157 0
-201 -55 -4 -337 -268 -184 0
187 -438 -99 0
188 -438 -99 0
441 -260 -96 -174 -337 -99 -154 -55 -4 0
34 -302 -176 0
246 -19 -137 -343 -184 -194 -158 -328 -80 -268 -174 -18 -448 -443 -403 0
269 -394 -44 -320 -14 -127 -124 -152 -89 -272 -448 0
138 -183 -71 -295 -356 -304 -124 -411 -152 -171 -428 -283 0
16 -46 -137 -71 -295 -356 -283 -268 -44 -14 -89 -272 -448 -370 -180 -184 -343 -249 -19 -346 -80 0
269 -141 -190 -295 -108 -395 -184 -46 -370 -180 -19 -44 -272 -420 -326 -62 -71 -448 -183 0
186 -203 -291 -108 -280 -328 -190 -420 -194 -141 -445 -370 -326 -62 0
185 -183 -137 -71 -295 -356 -346 -411 -283 -343 -249 -228 -46 -180 -19 0
-46 -108 -194 -370 -291 -420 -328 -190 -326 -62 -184 -137 -71 -295 -356 -346 -283 -343 -249 -180 -19 -268 -44 -272 -448 -158 -403 -18 -14 -89 -80 0
186 -426 -252 -2 -420 -169 -370 -19 0
409 -346 -127 -14 -137 -283 -227 -180 -19 -184 -420 -370 -190 -356 -182 -71 -44 0
187 -403 -14 -137 -283 -180 -184 -420 -370 -190 -89 -18 -448 -44 -268 -158 -291 -328 -62 -343 -249 -80 -337 -245 -174 -417 56 -99 0
-403 -137 -343 -184 -158 -328 -80 -268 -18 -245 56 -337 -4 -55 -324 -189 -14 -420 -370 -190 -89 -44 -291 -62 -249 0
-260 -55 -184 -337 -4 -268 0
-328 246 -34 -135 -120 -194 -403 -184 -158 -19 -80 -268 -174 -18 -448 -443 -137 -329 0
2 -389 -233 -190 -106 0
3 -252 -428 -34 -137 -135 -424 -106 0
246 -171 -428 -34 -137 -135 -233 -190 -194 -120 -403 -184 -158 -19 -80 -268 -174 -18 -448 -443 -329 -183 0
136 -344 -120 -346 -135 -428 -34 0
185 -190 -4 -337 -55 -184 -19 -268 -370 0
-190 -370 -184 -4 -337 -55 -19 -268 0
-370 -19 -184 -337 -4 -55 -268 0
186 -190 -329 -437 -337 -443 -245 -133 -403 -194 -18 -233 -344 -80 -383 -46 -323 -19 -14 0
384 -343 185 -183 -346 -411 -283 -295 -228 -46 -180 -19 -121 -4 -55 -439 444 -337 260 0
-343 -346 -272 -403 -183 185 -411 -283 -295 -228 -46 -180 -19 -190 -55 -337 -442 -233 -121 -4 -439 260 0
429 -62 -329 -418 -174 -383 -323 -272 -194 -152 0
-190 -19 -55 -337 -4 -184 -268 0
-19 -55 -337 -4 -184 -268 0
-55 -4 -337 -184 -268 0
339 -384 -193 -268 -180 -153 -436 -346 -95 -63 -324 -416 -253 0
382 -123 -15 -436 -324 -188 0
-384 -346 -4 -153 -159 -63 -324 -15 -436 -253 -337 -193 -180 -268 -95 -416 0
-448 -427 -228 -346 -180 -201 -140 -403 -442 -18 -337 -88 -81 -271 -441 -128 -450 -268 0
322 -346 -442 -180 -403 -159 -137 -268 -4 -337 -81 -441 -153 -261 -95 -63 -15 0
-346 186 -190 -184 -137 -343 -19 -268 -403 -46 -4 -337 -324 0
261 -182 -1 -190 -202 -420 -409 -382 -268 0
322 -244 -268 -4 -190 -202 -170 -283 -31 -25 -128 -153 -439 -63 -15 0
186 -343 -190 -324 -268 -4 -137 -184 -183 -19 -403 -46 -337 0
252 -424 -304 -295 -73 0
153 -291 -108 -295 -184 -46 -370 -180 -19 -44 -272 -420 -326 -62 -71 -183 -193 -268 -346 -226 -304 -190 -367 -25 -356 -89 -124 0
151 -44 -71 -183 -268 -226 -346 -193 -328 -304 -174 -295 -89 -272 0
323 -346 -46 -19 -62 -183 -268 -184 -190 -248 -4 -152 -179 -324 -417 -337 -371 -96 0
273 -249 -137 -343 185 -346 -183 -46 -19 -436 -200 -123 -268 -448 -337 0
-448 -36 -4 -137 -259 -268 -442 -337 -271 -343 185 -346 -183 -46 -19 -436 -200 -123 -124 -129 0
-346 -343 -137 -268 -4 -337 -403 -183 -46 -19 -184 -324 -190 0
-151 -448 -268 -244 -183 -403 -125 -141 -46 -184 21 0
450 -271 -442 -337 -244 0
-448 -244 -442 -337 -268 -183 -403 -141 -46 -184 21 -129 0
-151 -271 -253 -337 -324 -46 -184 21 0
272 -37 -268 -427 -158 -137 -4 -274 -96 -244 -324 -442 -253 -337 0
-343 -183 -337 -268 -137 -4 -324 -403 -46 -184 -19 -190 0
153 -260 -143 -188 -436 -324 -123 -94 -127 -124 -62 0
-244 -346 -19 -268 -448 -183 -403 -46 -143 -188 -436 -324 -123 -94 -190 -193 -130 -442 -337 -184 -246 0
323 -261 -143 -94 0
-151 -61 -184 -19 -153 -253 -337 -324 -46 -271 0
185 -199 -34 -178 -13 0
-271 -34 -184 -19 -253 -337 -324 -46 -346 -193 -174 -143 -94 -268 -448 -272 0
-153 -346 -4 -324 -337 -268 -416 -143 -94 -184 -19 -46 -151 0
-346 -143 -268 -183 -188 -324 -123 -94 -46 -184 -19 -4 -337 -416 -174 -448 -272 -403 -190 -130 -246 0
-125 -143 -94 -324 -188 -436 -123 -184 -19 -124 -268 -448 -183 -403 -244 -141 -46 -151 0
338 -448 -46 -184 -324 -94 -268 -19 -183 -403 -337 -4 -272 -190 -130 0
339 -272 -46 -19 -324 -184 -253 0
-151 -188 -436 -324 -123 -143 -94 -184 -19 -271 -253 -337 -46 -153 0
322 -416 -123 -184 -19 -268 -46 -427 -159 -137 -174 -4 -274 -90 0
-272 -183 -4 -324 -184 -19 -46 -137 -337 -403 -268 -190 0
-151 -271 -19 -184 -46 -253 -337 -324 -61 0
450 -15 -4 -153 -259 -159 -324 -95 -436 -253 -337 -193 -180 -268 -63 -416 -442 -271 0
20 -259 -268 -4 -403 -245 -449 -153 -324 -337 -271 -199 -189 -122 -417 -184 -46 0
-244 272 -268 -427 -137 -4 -37 -324 -337 -183 -403 21 -46 -184 0
-183 -137 -268 -4 -324 -337 -403 -46 -184 -19 -190 0
-272 -271 -442 -449 -337 -245 -46 -19 -324 -184 -253 0
-271 -153 -309 -268 -4 -140 -184 -19 -403 -245 -449 -137 -324 -337 -46 -260 -126 0
-153 -137 -184 -190 -19 -268 -403 -46 -4 -337 -324 0
-137 -46 -19 -184 -190 -337 -268 -4 -324 -403 0
-151 -153 -271 -337 -46 -19 -324 -184 -253 -268 -440 -436 -442 0
-448 -159 -268 -324 -46 -184 -19 -337 -437 -188 323 -143 -450 0
55 -449 -271 -337 -46 -19 -324 -184 -253 -151 -153 0
-151 -153 -337 -184 -271 -46 -19 -324 -253 -268 0
20 -183 -184 -19 -337 -268 -324 -46 -439 -124 -127 -261 -61 0
-448 -272 -19 -253 -337 -324 -46 -271 -184 -268 -124 -61 0
21 -404 -124 -268 -427 -406 -35 -188 -436 -123 -61 -416 -184 -46 0
-4 -272 -268 -427 -184 -19 -46 -324 -61 -124 -271 -337 -253 0
186 -188 -437 -416 -123 -247 -324 -46 -61 -19 0
-436 -323 -268 -427 -61 -184 -46 -271 -337 -272 -19 -324 -253 -124 0
383 -274 -268 -439 -259 0
-323 -272 -427 -61 -184 -46 -271 -337 -268 -19 -324 -253 -124 0
-272 -427 -61 -184 -46 -271 -337 -268 -19 -324 -253 -124 0
-4 -95 -268 -449 -153 -324 -259 -436 -253 -337 -442 -271 -245 20 -189 -122 -417 -184 -46 0
187 -35 -382 -268 -259 -128 -124 -449 -153 -324 -253 -337 -271 20 -189 -122 -417 -184 -46 -444 -174 0
20 -153 -19 -337 -268 -324 -46 -184 -253 -271 0
-274 -226 -268 -427 -158 272 -96 -4 -37 -324 -442 -253 -337 0
-4 -427 -268 -337 -271 -129 -158 272 -324 -253 -335 -179 -200 -184 0
-153 -253 -337 -271 -324 -268 -184 -46 -19 0
-253 -271 -46 -337 -324 -184 -19 -268 0
273 -436 -14 -121 -275 -187 -126 -449 -337 -152 0
-436 -417 -121 -300 -187 -337 -271 -14 -275 -126 -449 -152 0
189 -417 -95 -144 -337 -97 0
57 -309 -369 -263 -193 -26 0
128 -40 -418 -327 -193 -55 -369 -263 -427 -182 -46 -184 21 -126 0
-442 -141 -418 -446 -240 -236 -158 -257 -327 -87 -427 -130 -193 -55 450 -337 -271 -444 0
348 -404 -158 -446 -182 -327 -418 -240 -236 -257 -87 -427 -193 -130 0
-141 -204 -289 -418 -335 -40 -10 -280 -396 -171 -16 -2 -191 -87 -158 -446 -182 -327 -240 -236 -257 -427 -193 -130 -55 450 -337 -271 -444 0
21 -330 -418 -46 -268 -270 -439 -62 -289 -16 -55 -337 -271 -232 -154 -184 -44 -95 -14 -121 -187 -144 -247 0
-175 -16 -106 -410 -403 -390 -170 -244 -282 -34 -10 -176 0
246 -86 -139 -132 -403 -346 0
-271 -19 -337 -184 -46 -324 -268 0
152 -382 -184 -19 -337 -268 -324 -403 -46 -427 0
187 -123 -184 -19 -337 -268 -324 -403 -436 -46 -416 -427 0
-253 -436 -19 -337 -268 -324 -403 -46 -427 -184 0
188 -34 -246 -200 -436 -55 -337 0
20 -436 382 -324 -246 -55 -337 -227 -427 -14 -247 -151 -184 -46 0
189 -95 -174 -144 -55 -337 -436 0
-436 -427 -46 -19 -324 -337 -184 -268 -403 0
21 -158 -182 -418 -240 -427 -127 -403 -55 -46 -184 -246 -444 -330 -174 -95 -201 -121 -417 -299 -247 -151 0
188 -427 -184 -46 -19 -403 -268 -324 -337 0
20 -427 -324 -46 -184 -19 -337 -268 -403 0
-427 -403 -324 -46 -184 -19 -268 -337 0
-55 -383 -188 -436 -95 -337 -174 -260 -19 -184 -268 0
21 -188 -184 -19 -337 -268 -324 -403 -46 -436 -417 0
-188 -436 -268 -324 -46 -184 -19 -337 -403 -417 0
-436 -417 -324 -337 -19 -184 -46 -403 -268 0
189 -259 -97 -337 -417 -324 -46 -184 -151 -19 -247 0
172 -55 -260 382 -337 -189 -389 0
-417 -403 -184 -337 -268 -324 -46 -19 0
-55 -250 -139 -182 -71 -44 -410 -170 -280 -393 -408 -174 -201 -383 -300 -188 -260 -249 -95 -337 -19 -184 -268 0
-403 -19 -337 -268 -184 -324 -46 0
-260 -188 -436 -55 -337 -19 -184 -268 -88 -448 -157 0
260 -439 -157 -324 -268 0
-436 -55 -337 -417 -300 -260 -19 -184 -268 -88 -448 -157 0
-55 -19 -184 -337 -324 -46 -268 0
-19 -268 -46 -324 -337 -184 0
416 -188 -46 -260 -324 -268 -436 -184 -55 -337 0
-323 -188 -46 -337 -184 -436 -268 -55 -260 -324 0
-188 -436 -55 -46 -337 -184 -268 -260 -324 0
-436 -55 -337 -46 -184 -268 -260 -324 0
-323 -406 -154 -34 -439 -268 -259 -14 -260 -324 0
48 -104 -418 417 -89 -273 -44 -410 -337 -121 -182 -425 -191 -2 -12 -397 -300 -225 -247 -158 0
192 -309 -182 -139 0
195 -130 -429 -268 -270 -448 -225 -403 -425 -397 -2 -191 -139 0
-448 417 -89 -44 -337 -121 -443 -55 -268 -270 -397 -62 -345 -46 -418 -300 -247 -169 -390 -330 -232 -172 -154 -406 -272 0
47 -297 -16 -106 -182 -410 -214 -71 -44 -244 -34 -14 -372 -178 -129 -184 -62 -247 -153 0
170 -428 -62 -184 -244 -178 -34 -227 -403 -176 -137 -406 -154 -232 -390 -282 0
409 -403 -16 -182 -214 -71 -44 0
189 -55 -46 -337 -184 -268 -260 -324 0
152 -445 -178 -184 -44 -410 -26 -284 -86 -223 -289 -389 -169 -280 -69 -392 -16 -403 -34 -246 -444 -424 192 -182 -172 -296 -89 -273 0
-244 -26 -55 -369 -307 -162 -12 -204 -257 -86 -268 -448 -129 -449 -335 -104 -396 -16 -403 0
48 -307 -284 -55 -444 -110 -268 -448 -449 -16 -403 -289 -169 -410 -44 -319 -52 -178 -184 -62 -20 -389 -69 -392 -34 -424 192 -182 -172 -296 -89 -273 -127 -124 -247 -158 0
245 -40 -418 -289 -410 -3 -204 -389 -169 -10 -280 -69 -392 -158 -16 -403 0
185 -422 -55 -260 382 -337 -442 -189 -195 -204 -289 -10 -280 -3 -169 -410 -319 -52 -372 -178 0
181 -69 -403 -184 -55 -260 382 -337 -189 -319 -372 -178 -444 -389 -169 -392 -127 -299 -46 -284 -110 -268 -448 -20 -34 -296 -273 -357 -191 -72 0
171 -305 -296 -426 -410 -1 0
409 -214 -396 -44 0
-448 -403 -299 -46 -273 -444 -169 -184 -55 -260 382 -337 -189 -319 -372 -178 -389 -392 -127 -268 -20 -34 -296 -357 -72 -406 0
245 -193 -55 -118 -26 -184 -152 -62 -20 -125 -134 -284 -396 -137 -182 -158 -16 -176 -403 -34 0
411 -86 -184 -62 -176 -403 -34 -244 -55 -118 -26 -152 -20 -125 -137 -182 -158 -16 -154 -330 -232 -106 -389 -282 -169 0
61 246 -403 -86 -137 -152 0
185 -53 -372 -178 0
-403 -372 -184 -20 -178 -319 -34 -55 -118 -106 -389 -169 -127 -273 -299 -46 -444 -260 382 -337 -189 -392 -268 -296 -357 -72 -406 0
203 -25 -104 -336 -225 -40 -83 -127 -389 -86 -281 -258 -10 0
Solved
