147 -40 -259 0
-40 -259 -145 0
410 -20 -173 -77 -122 -206 -393 0
38 -206 -393 -411 -173 -77 -122 -274 -306 -382 -256 -343 0
391 -256 -343 -122 -382 -77 -173 -206 -393 -411 0
55 -411 -241 -184 -427 -77 -393 -343 -122 -382 -173 -39 -274 -306 -309 -324 0
-256 -21 -99 -306 -219 -382 -343 -39 -393 -411 -173 -77 -122 -274 -206 -258 0
409 -381 -77 -122 -99 -306 -219 -382 -343 -39 -393 -411 -173 -274 -258 -272 -74 0
-206 -160 -343 -39 -77 -382 -173 -122 410 -393 0
423 -309 -388 -324 -343 -39 -77 -173 -122 -393 -99 -306 -241 -184 -427 -56 -230 0
-274 409 -77 -122 -99 -306 -56 -382 -343 -39 -393 -411 -173 -241 -184 -427 -309 -324 0
409 -411 -382 -220 -230 -77 -122 -99 -306 -56 -39 -393 -343 -173 -241 -184 -427 -309 -324 0
410 -382 -230 -423 -173 -77 -122 -206 -393 0
-411 -410 -382 -220 -230 -77 -122 -99 -306 -56 -39 -393 -343 -173 -241 -184 -427 -309 -324 0
392 -20 -122 -382 -173 -306 -75 0
391 -75 -122 -184 -77 -427 -206 -82 0
76 -224 -371 -206 -122 0
-382 -206 -122 -77 -184 -241 -423 -343 -230 -173 -306 -393 -427 -82 -220 -99 -56 -39 -309 -324 0
-20 -411 -74 -19 -173 -77 -122 -206 -393 0
-224 -371 -206 -122 -77 0
391 -371 -77 -122 -206 0
78 -162 -206 -142 0
-206 -122 -77 -356 -39 -343 -393 -423 -241 -184 -99 -427 -306 -230 -173 -82 -220 -56 -309 -324 0
260 -427 -184 -56 -77 -343 -241 -99 -230 -173 -82 -220 -388 -331 -145 0
381 -109 -184 0
205 -308 -184 -323 0
185 -179 -73 -21 -427 -217 0
142 -409 -298 -310 -250 -403 -73 -427 -241 -184 -21 -161 0
391 -161 -241 -427 -184 -310 -308 -56 -130 -323 -403 -298 -157 -370 -305 -99 -144 -250 -21 0
186 -144 -161 -21 -75 -427 -380 -241 0
121 -38 -343 -230 -427 -241 -184 -392 -308 -56 -130 -323 -298 -157 -305 -99 -250 -173 -77 0
73 -224 -421 -371 -411 -392 0
430 -104 -184 -230 -56 -82 -157 -173 -331 -145 -220 -22 -343 0
76 -144 -206 -160 0
392 -160 -381 -206 -77 -111 -122 -56 -343 -393 -411 -173 -241 -184 -427 -331 -230 -41 -145 0
-241 -381 -122 -206 -77 -173 -393 -411 -70 -111 -56 -343 -184 -427 -331 -230 -41 -145 -273 -243 0
-427 -122 -411 -21 -206 -77 -230 -393 -173 -343 -145 -273 -70 -56 -184 -331 -429 0
-122 -206 -393 -77 -411 -325 -70 -21 -173 -230 -145 -343 -273 -56 -184 -331 -429 0
409 -258 -325 -70 -371 -77 -206 -21 -380 -152 -423 -393 -311 0
-206 -77 -273 -70 -21 -343 -393 -411 -325 -220 -230 -56 -429 -184 -82 -173 -145 -331 0
-427 -122 -1 -73 -409 -184 -21 -161 -273 -145 -77 -297 -311 -380 -429 0
123 -380 -184 -311 -82 0
-122 -123 -145 -1 -73 -409 -184 -21 -161 -273 -77 -297 -311 -380 -429 0
-77 -429 -230 -184 -82 -145 -1 -73 -21 -273 -297 -411 -393 -70 -343 -325 -220 -56 -173 -331 0
-380 -162 -70 -21 -285 -219 -143 -325 -273 -243 -145 -311 -122 -381 -184 -82 0
19 -319 -325 -70 -220 -377 -153 0
142 -397 -70 -325 -366 -182 -53 -285 -359 -219 0
121 -307 -56 -430 -331 -324 -145 -343 -359 -143 -70 -325 -285 -219 -21 -220 -377 -162 -273 -243 -311 0
144 -399 -325 -70 -364 -270 -53 -342 -133 -359 -112 0
410 -285 -1 -219 -143 -325 -70 -112 -243 -56 -273 -343 -230 -21 -173 -122 -430 -331 -145 -220 -377 -111 -381 -184 -82 -206 -393 0
-380 -311 -70 -21 -285 -219 -143 -325 -273 -243 -145 -206 -122 -381 -184 -82 0
-311 -324 -430 -331 -56 -145 -343 -143 -70 -325 -285 -219 -21 -220 -377 -273 -243 -182 -111 -206 -122 -381 -184 -82 -319 -310 0
428 -206 -430 -331 -56 -145 -343 -143 -70 -325 -21 -220 -377 -273 -122 -184 -82 -393 -411 -1 -112 -230 -173 0
75 -73 -325 -70 -112 -56 -343 -230 -173 -430 -331 -145 -220 -184 -82 -1 0
312 -206 -76 -380 -325 -70 -220 19 -319 0
379 -360 -160 -206 0
205 -259 -184 -331 -145 -392 0
-206 -160 -220 -380 -310 -205 -76 -325 -70 19 -319 0
19 -122 -331 -145 -220 -325 -70 -184 -392 -272 -56 -428 -430 -173 0
-122 -392 -325 -70 -220 -230 -428 -184 -82 -173 -20 -331 -145 -272 -56 -430 0
207 -410 -311 -392 -380 0
205 -410 -311 -392 -380 0
19 -41 -272 -242 -161 -428 -358 -230 -220 -153 0
271 -115 -331 -92 -260 -180 -41 -358 -242 -161 0
379 -293 -112 -343 -272 -331 -260 -242 -161 -173 -20 -428 -230 -220 -371 -145 -392 -410 -311 0
21 -257 -56 -343 -428 -230 -220 -151 0
271 -317 -296 -404 -323 -145 -260 -293 -269 -331 -341 -307 -238 -1 -242 -161 -17 0
74 -430 -230 -343 -331 -1 -173 -56 -220 -184 -112 -82 -325 -70 -145 0
-73 -430 -70 -112 -56 -343 -230 -173 -325 -331 -145 -220 -184 -82 -1 0
272 -383 -123 -82 -184 -427 -230 -145 -343 0
121 -21 -75 -161 -184 -427 -380 -243 -145 -77 0
122 -224 -184 73 -230 -411 -82 0
312 -123 -82 -184 -230 -145 -343 -380 -173 73 0
147 -371 -421 -331 -409 -274 -307 -207 -391 -322 0
-311 -380 73 -230 -82 -331 -145 -56 -184 -343 -173 0
185 -243 -122 -145 -82 0
-243 -358 -262 -112 -162 -1 -430 -331 -271 -261 -42 -427 -109 -184 -122 -145 -82 0
243 -122 -173 -82 -184 -427 -230 -145 -343 -19 -271 0
-380 -430 -112 -1 -262 -331 -184 -145 -82 -173 -230 -343 73 -56 0
162 -143 -359 0
-392 -359 -104 -22 -56 -331 -122 -184 -145 -206 -391 0
-104 -56 -331 -145 -22 -343 -184 -82 -112 -1 -262 -173 -230 -70 -325 -220 -157 0
370 -276 -340 -117 -33 0
393 -206 -343 -331 -381 -78 -184 -230 -145 -74 0
-206 -392 -262 -1 -331 -243 -70 -325 -145 -122 -184 -82 -343 -220 -230 -56 -173 -112 -74 -98 -78 0
391 -410 -74 0
-392 -74 -184 -82 -122 -78 -262 -1 -331 -243 -70 -325 -145 -343 -220 -230 -56 -173 -112 -98 0
-380 -297 -371 -173 -122 -117 -324 -309 -143 -21 -220 -160 -310 -76 -325 -70 -206 -319 -273 -243 -145 -184 -82 0
-411 -32 -112 -371 -324 -122 -309 -173 -117 -220 -325 -70 -206 -243 -145 -184 -82 -272 -393 -343 -230 -56 -331 -74 -410 0
33 -341 -36 -211 0
-160 -45 -130 -95 -190 379 -206 -162 0
229 -235 -290 -362 -210 -126 -383 -216 0
-380 -179 -117 -275 -230 -290 -210 -383 -98 -368 -241 186 -75 -427 -206 -162 -173 -122 -268 -56 -371 -257 -32 -36 -211 -1 -324 -18 -309 -112 -262 -331 -184 -145 -82 -343 0
-243 -427 -122 -230 -290 -98 -368 -112 -173 -56 -1 -262 -331 -184 -145 -82 -343 -220 -325 -70 -78 0
-311 -380 -76 -325 -70 -220 -206 -273 -21 -75 -310 -230 -82 -331 -145 -56 -184 -343 -173 0
74 -310 -220 -380 -76 -325 -70 -206 -184 -331 -145 -259 -273 -21 0
-427 -122 -82 -184 -173 -230 -145 -343 -220 -325 -70 -331 -78 -290 -98 -368 -112 -56 -1 -262 0
427 -56 -112 -70 -343 -230 -173 -325 -331 -145 -220 -184 -82 -1 0
437 -184 -112 -343 -331 -220 -145 -70 -325 -82 -1 -262 -22 -157 0
-122 -173 -184 -427 -230 -145 -343 -220 -325 -70 -331 -82 -112 -1 -262 -22 -157 -121 0
123 -427 -173 -380 -220 -325 -70 -206 -145 -184 -82 -331 -230 -343 -56 -73 -122 0
-273 -427 -122 -173 -380 -220 -325 -70 -206 -145 -184 -82 -331 -343 -230 -56 -73 0
-427 -73 -122 -145 -82 -184 -173 -380 -220 -325 -70 -206 -331 -343 -230 -56 0
74 -428 -70 -220 -230 -325 -184 -82 -173 -122 -331 -145 -430 -56 0
-73 -325 -220 -230 -70 -184 -82 -173 -122 -331 -145 -56 -206 -380 -343 0
-160 -134 -306 -278 -190 -95 -130 379 -206 0
131 -134 -306 -278 -190 -43 0
-112 -403 -149 -184 -230 -56 -82 -157 -173 -331 -145 -220 -343 -431 -130 -306 -278 -190 186 -380 -75 -427 -241 -21 -206 -114 -70 -325 437 0
131 -45 -403 -306 -295 -133 -353 -190 -149 0
132 -362 -235 -210 229 -383 -216 -133 -184 -230 -56 -82 -157 -173 -331 -145 -220 -22 -343 -431 -190 0
-325 -70 -230 -56 -82 -173 -331 -145 -220 -343 -206 -380 -184 -122 0
185 -73 -206 -380 -184 -331 -145 -173 -220 -122 -427 -82 0
391 -297 -304 -21 -230 -285 -219 -143 -95 379 -206 -273 -243 -145 -173 -122 -184 -380 -82 -74 0
-73 -427 -331 -145 -230 -173 -122 -184 -380 -82 -206 -343 -70 -56 -220 0
-427 -70 -184 -56 -82 -173 -331 -145 -220 -343 -206 -122 -380 -230 0
-160 -273 -397 -145 -40 -285 -243 -18 -219 -276 -94 379 -206 0
-74 -225 -423 -372 -410 -393 -73 0
427 -380 -206 -343 -184 -173 -82 -122 -230 -145 0
-73 -392 -230 -206 -145 -173 -122 -184 -380 -82 -343 -331 -220 0
-392 -220 -206 -184 -122 -145 -82 -173 -230 -343 -331 -380 0
-73 -220 -122 -343 -173 -184 -331 -230 -145 -82 -206 -380 0
-220 -380 -122 -343 -331 -184 -82 -145 -206 -173 -230 0
391 -151 -19 -310 -74 0
75 379 -206 -52 -272 -19 0
-380 -122 -206 -173 -230 -331 -184 -145 -82 -343 0
272 410 -206 -173 -219 -122 -393 -359 -343 -162 0
358 -179 -331 -56 -145 -343 -21 -324 -70 -143 -219 -182 -220 -377 -273 -243 -285 -111 -206 -122 -381 -184 -82 -319 -310 -389 -307 -259 -311 -53 0
-19 -255 -307 -16 -182 -230 -285 -219 -331 -70 -359 -143 -95 -56 -145 -343 -21 -220 -377 -273 -243 -111 -206 -122 -381 -184 -82 -319 -310 -389 -259 -311 391 -74 0
121 -70 -182 -377 -220 -319 -16 -230 -331 -143 -95 -56 -145 -343 -21 -273 -206 -122 -184 -82 -389 -259 391 -74 -173 0
123 -259 -285 -182 -16 -307 -331 -21 -370 -219 -173 0
-259 -95 -343 -145 -230 -331 -182 -220 -319 -16 -143 -56 -21 -273 -206 -122 -184 -82 -389 391 -74 -173 0
309 -405 -148 -238 -130 -16 0
428 -273 -173 -145 -122 -343 -230 -220 -331 -206 -184 -82 -392 -73 0
427 -392 -206 -343 -331 -184 -230 -145 -381 -73 -311 -173 -220 -122 0
-392 -220 -173 -145 -122 -343 -230 -73 -331 -206 -184 -82 0
392 -73 -359 -206 -381 -111 -122 -343 -173 -184 -331 -230 -145 -307 -429 -243 -311 -285 0
-74 -423 -122 -206 -151 -19 -392 -73 0
-73 -122 -173 -206 -343 -230 -145 -331 -184 -82 0
-392 -122 -184 -331 -145 -206 -343 -74 -230 -381 -391 0
-122 -173 -331 -145 -184 -206 -230 -343 -82 0
221 -142 -218 -343 -206 75 379 -366 -440 -331 -306 -384 -376 -153 0
75 -392 -331 -440 -343 -447 -74 -218 -206 -311 -110 -380 -77 -230 -371 -428 -284 0
-392 -74 -331 -145 -206 -428 -184 -440 -343 -447 -218 -311 -110 -380 -77 -230 -371 -284 0
-73 -74 -447 -331 -218 -343 -206 -440 -410 -393 -77 -275 -380 -230 -311 -428 0
-74 -173 -82 -184 -230 -145 -343 -206 -331 0
-173 -343 -82 -184 -230 -145 -206 -331 0
427 -225 -370 -422 -122 -230 -145 0
-220 -257 -191 -306 -56 19 -153 -377 -319 -437 -366 -230 0
220 -382 -343 -446 -230 0
-371 -191 -220 -56 19 -319 -437 -230 -311 -122 -206 391 0
-259 -111 -206 -331 -219 -145 -343 -56 -437 -230 -422 -220 19 -311 -122 391 -273 -243 0
75 -311 -145 -206 -331 -343 -230 -82 -184 -74 -392 0
-311 -392 -82 -331 -145 -206 -343 -230 -74 -184 0
-392 -74 -82 -331 -145 -206 -343 -230 -184 0
75 -220 -254 -275 -230 -32 -39 -371 -145 -122 -311 -410 -20 0
-220 -311 -371 147 -391 -437 -230 -184 -82 -331 -122 -410 -20 -74 -254 -275 -32 -145 0
121 220 -343 -230 -20 -82 -74 -184 -410 -311 -145 0
-311 -74 -20 -343 -101 -230 -184 -82 -122 -331 -410 -145 -437 -275 -371 147 -391 -254 -32 0
73 33 -39 -275 -261 -230 -42 -422 -429 -410 0
123 -220 -42 -206 -152 -230 -20 -74 -410 -393 -39 -275 -261 -380 -32 -184 -371 -82 0
231 -256 -343 -437 -427 -220 0
429 -421 -206 -371 -122 -45 -410 -20 -94 -74 0
-220 -74 -343 -20 -206 -380 -184 -371 -122 -410 -254 -275 -230 -437 -32 -145 -42 -152 -393 -39 -261 -82 0
-74 -343 -184 -82 -145 -230 -206 -331 0
-380 -311 -392 -410 -206 0
-311 -153 -220 -122 -230 -145 -428 -184 -392 -410 -206 0
429 -239 -296 -397 -378 -206 -380 -184 -331 -145 -392 -122 -272 -384 -82 -230 0
21 -220 -206 -343 -184 -82 -331 -230 -145 0
-311 -382 -437 -343 -230 -428 -220 -184 -122 -145 -392 -410 -206 0
231 -446 -343 -437 -382 0
-220 -343 -184 -331 -145 -82 -230 -206 0
-343 -230 -331 -184 -82 -145 -206 0
121 -74 -271 -410 -243 -311 -145 0
428 -311 -331 -421 -206 -145 -410 -274 -184 -82 -122 -271 0
-311 -410 -122 -184 -82 -206 -427 -331 -421 -145 -274 -271 0
123 -152 -220 -206 -230 -178 -410 -380 -184 -82 -37 -145 -427 0
392 -370 -37 -274 -145 0
74 -122 -184 -145 -82 -427 -271 0
-410 -122 -184 -331 -145 -274 -206 -220 -230 -82 -427 -421 0
429 -392 -331 -145 -184 -206 -122 -311 -82 -74 0
-259 -74 -271 -392 -243 -206 -184 -331 -145 0
-122 -274 -206 -145 -184 -82 -331 -436 -427 -220 -230 -421 0
-392 -42 -184 -331 -145 -206 -75 -311 -380 0
229 -230 -184 -331 -206 -82 -145 0
-410 -74 -392 0
-259 -74 -429 -271 -392 -184 -206 -331 -145 0
205 -160 -305 -194 -56 -142 -359 -331 -323 -78 -184 0
207 -372 -392 -223 0
123 -74 -331 -184 -37 -429 -145 -305 -392 -206 -223 -82 0
-74 -392 -206 -331 -256 -438 -429 -445 -184 -82 -37 -145 -305 -271 -423 0
-380 -426 -296 -18 -216 -256 -276 -392 -206 -184 -243 -145 -82 -121 -410 0
Solved
