206 -85 -136 0
210 -142 -25 0
200 -211 -8 -175 -204 -48 0
138 -127 -100 -37 -204 -201 -8 -175 -48 -136 -205 0
144 -210 -175 -136 -100 -94 -1 -25 0
211 -203 -200 0
202 -9 -175 -211 -47 -200 0
-142 -136 -94 -175 -1 -25 -160 -100 0
39 -205 -136 -208 -22 0
116 -178 -61 0
37 -61 0
201 -211 -202 0
213 -22 -208 -136 -37 -94 0
-211 -200 -208 -37 -94 -136 -202 0
-200 -61 -1 -208 -94 -136 -202 0
-136 -175 -94 -1 -25 -160 -100 0
212 -85 -94 0
213 -85 -94 0
-200 -25 -1 211 0
220 -94 -1 -160 -100 0
-202 -136 -1 -94 -160 -100 -200 -185 -203 0
176 -115 -40 -220 -160 0
-25 -208 -142 -26 0
210 -205 -136 0
209 -205 -136 0
212 -94 -1 -160 -100 0
-203 -202 -212 -200 0
184 -202 -1 -136 -160 -100 -200 -94 0
-202 -200 -100 -94 -136 -1 -10 -160 0
-200 -136 -94 -100 -1 -10 -160 0
204 -168 -10 -23 -100 -94 -136 -27 -63 -212 0
-136 -94 -10 -100 -1 -160 0
-200 -100 -10 -22 -1 211 0
223 -1 0
-212 -210 -136 -94 -1 -25 -142 -211 -200 -202 0
-61 -202 -136 -1 -211 -200 -94 0
-212 -184 -211 -200 -202 0
-202 -94 -200 -136 -1 -211 0
-94 -211 -1 -136 -200 0
102 -219 -81 -197 -9 -106 -214 -46 -122 -112 -160 -40 -33 -223 -128 0
-212 -202 -136 -211 -200 -1 0
101 -218 -80 -198 -8 -106 -214 -46 -123 -112 -160 -40 -32 -223 -129 0
-202 -211 -136 -1 -200 0
-211 -200 -136 -1 0
-100 -178 -34 -200 211 -1 -22 -101 0
Solved
