314 -109 -451 -526 -238 -235 -163 -568 -418 0
574 -568 -526 -238 -235 -163 -451 -418 0
149 -111 -469 -328 -499 -520 -10 -568 -526 -235 -238 -217 0
569 -111 -574 -469 -241 -217 -149 -451 -328 -526 -499 -238 -520 -235 -10 0
-111 -568 -526 -238 -235 -451 -574 -469 -241 -217 -328 -499 -520 -10 0
528 -150 -451 -238 0
580 -481 -190 -556 -235 -451 -238 -526 -163 -469 -241 -217 -328 -499 -520 0
527 -149 -451 -238 0
528 -481 -556 -190 -571 -235 -580 -451 -238 0
583 -163 -556 -190 -235 -451 -238 -526 -571 -469 -217 -328 -499 -520 0
242 -583 -217 0
-568 -416 -217 -242 -328 -526 -238 -235 -163 -451 -469 -499 -520 149 -581 -569 0
243 -583 -217 0
110 -87 -44 -332 -347 -362 -515 -116 -121 -571 -263 -556 -313 -50 -574 -180 -55 0
557 -408 -116 -362 -320 -574 -571 -313 0
219 -193 -206 -287 -332 -212 -347 -362 -116 -121 -571 -556 -320 -574 -313 -111 -44 -515 -263 -180 -55 -76 -469 -442 0
558 -193 -163 -206 -287 -212 -347 -362 -116 -407 -566 -121 -574 -58 -571 -313 0
568 528 -328 -574 -259 -571 -556 -163 -58 -469 -217 -190 -154 -235 -499 -451 -238 0
528 -574 -469 -217 -259 -328 -499 -520 -571 -556 -163 -58 -190 -154 -235 -451 -238 0
346 -46 -207 -193 -288 -333 -213 0
109 -442 -499 -217 -328 -469 -259 -76 -574 -313 -556 -571 -121 -117 -363 -348 -207 -193 -288 -333 -213 -179 0
-163 -556 -571 -58 -499 -217 -328 -469 -190 -154 -526 -238 -235 -451 -520 0
580 149 -328 -499 -520 -111 -469 -526 -235 -238 -217 0
527 -315 -418 -328 -499 -520 -111 -469 -526 -235 -238 -217 -451 0
-568 -408 -417 -328 -526 -238 -235 -451 -574 -469 -111 -217 -499 -520 -582 -570 0
576 -574 -571 -556 -193 -469 -217 -190 -154 -418 -235 -451 -238 -328 -526 -499 -520 0
-10 -568 -190 -154 -193 -46 -328 -526 -238 -235 -451 -574 -469 -111 -217 -499 -520 -148 0
240 -568 -418 -328 -499 -520 -111 -469 -526 -235 -238 -217 -451 0
-568 -111 -235 -238 -418 -328 -499 -520 -526 -469 -217 -451 -190 -154 -193 -46 -574 -148 0
-111 -574 -451 -190 -154 -526 -571 -556 -418 -235 -238 -328 -499 -520 -469 -217 -193 0
194 -207 -48 0
-574 -469 -190 -154 -571 -217 -556 -418 -385 -193 -235 -451 -238 -526 -328 -499 -520 0
195 -206 -47 0
110 -556 -217 -190 -571 -235 -451 -238 -241 -385 -193 -526 0
589 -217 -190 -235 -238 -526 -571 -154 -328 -499 -520 0
527 -580 -235 -568 -238 0
-580 -568 -235 -238 -526 0
195 -287 -120 -493 -370 -347 -311 -96 -331 -102 -206 0
452 -362 -115 -347 -331 -435 -194 -120 -493 -370 -311 -96 -102 -321 -291 0
239 -331 -454 -589 -379 -571 -115 -217 -523 -328 -499 -190 -154 -520 -10 -568 -526 -235 0
194 -288 -119 -493 -370 -348 -312 -95 -331 -101 -207 0
453 -363 -115 -348 -331 -434 -195 -119 -493 -370 -312 -95 -101 -320 -290 0
-568 -217 -454 -571 -379 -523 -328 -499 -190 -154 -520 -526 -235 -238 0
-451 -362 -160 -499 -217 -313 -116 -571 -328 -38 -483 -332 -347 -212 -589 -207 528 -238 0
528 -207 -193 -160 -499 -217 -313 -571 -328 -589 -238 -394 -190 -154 -10 -235 -580 0
205 -557 -99 -313 -160 -499 -217 -328 -39 -482 -248 -71 -321 -121 -117 -363 -333 -348 -288 -193 -207 -213 0
-451 -482 -217 -571 -117 -363 -348 -213 -434 -193 -207 -313 -160 -499 -328 -39 -333 -589 527 -238 0
-207 -466 -571 -268 -193 -217 -313 -160 -499 -328 -589 -238 -394 -190 -154 -10 -235 -580 -526 0
-451 -347 -386 -571 -217 -434 -154 -331 -10 -235 -109 -580 -238 -589 -526 -453 0
348 -580 -10 -331 -190 0
332 -394 -10 -288 -580 -348 -386 -571 -217 -434 -154 -331 -235 -109 -238 -589 -526 -453 0
592 -571 -268 -154 -235 -238 -190 -499 -328 -454 -379 -523 0
453 -121 -571 -319 -289 0
-206 -194 -47 -207 0
115 453 -571 -289 0
123 -41 -47 -194 -433 -136 0
557 -165 -457 -38 -420 -533 -217 -71 -387 -591 -264 0
166 -281 -188 0
315 -557 -566 -124 -268 -591 -264 -166 0
-193 -38 -217 -591 -566 -440 -420 -314 -268 -264 -166 -514 -41 -194 346 -207 -213 -288 -333 0
-557 -91 -268 -124 -223 -166 -84 -462 -440 -385 -571 -163 -420 -314 -566 -591 -264 0
363 -580 -499 -328 -523 -268 -571 346 -207 -333 -451 -235 -238 -217 -154 0
206 -557 -268 -217 -446 -592 -571 -528 115 -451 0
452 -121 -571 -528 -319 0
-580 -207 346 -333 -268 -217 -592 -571 -451 -190 -235 -238 -154 -328 -499 -523 0
452 -289 -526 0
-289 -526 -451 0
375 -328 -499 0
195 -333 -190 -346 -569 -47 0
-333 -346 -190 -569 -235 -238 -526 -194 -47 0
333 -194 -569 -581 -47 0
-580 -361 -437 -123 -523 -328 -319 -499 -154 -522 -194 -235 -238 -526 -581 0
374 -328 -499 0
451 -47 -10 -580 -190 -333 -394 -206 0
-217 -261 -70 -243 -590 -583 -190 -235 -238 -520 -571 -154 -328 -499 -526 0
12 -94 -190 -235 -238 -571 -154 -328 -499 -526 -103 -523 -515 -292 -530 -286 -592 -451 -346 -580 -434 0
-217 -260 -70 -242 -591 -583 -190 -235 -238 -520 -571 -154 -328 -499 -526 0
48 -346 -386 -190 -235 -238 -571 -154 -328 -499 -526 -523 -292 -592 -451 -164 -580 -103 -530 -434 -206 0
-346 -47 -190 -333 -580 -386 -235 -238 -571 -154 -328 -499 -526 -523 -292 -592 -164 -103 -530 -434 -206 0
194 -333 -526 -580 -190 -235 -238 -571 -154 -328 -499 -523 -292 -592 -103 0
11 -217 -190 -235 -238 -571 -154 -328 -499 -526 -516 -592 -451 -346 -580 -435 0
-217 -516 -235 -238 -571 -154 -328 -499 -526 -190 -592 -451 -346 -580 -435 0
347 -241 -103 -94 -523 -328 -292 -516 -499 -457 -571 -286 -235 -531 -592 -451 -238 -526 -580 -435 -154 -190 0
-346 -333 -328 -292 -499 -571 -235 -592 -238 -526 -580 -154 -190 -103 -523 0
-333 -580 -523 -328 -499 -154 -235 -238 -526 -592 -292 -571 -190 -103 0
-580 -526 -523 -328 -499 -235 -592 -238 -190 -154 -571 -292 -103 0
527 -346 -331 -581 -190 -10 -568 -235 -451 -238 0
-346 -451 -190 -10 -568 -235 -331 -238 -526 -581 0
-47 -194 -206 0
452 -472 -49 -442 -115 -361 -154 -10 -568 -235 -592 -238 -451 -526 0
205 -264 -268 -241 -446 -576 -491 -110 -457 -207 -288 -195 0
-451 -526 -238 -235 -418 -568 -268 -571 -442 -115 -190 -154 -10 -592 -49 -331 -581 0
242 -261 -418 -589 -165 -71 -387 -469 0
500 -165 -583 -241 -418 -589 -483 -71 -387 -469 -328 0
501 -390 -483 -175 -438 -95 -146 -523 -328 0
195 -71 -241 -418 -589 -483 -583 500 -469 -328 0
243 -560 -583 -483 0
117 -175 -418 -589 -241 -583 -483 -194 -328 -499 -469 -438 -95 -523 -319 -122 0
242 -275 -147 -175 -102 -483 -95 -561 -385 0
168 -281 -188 0
12 -581 -569 0
-346 -580 -154 -235 -238 -190 -499 -328 -379 -268 -333 -526 -597 -321 -121 -117 -363 -348 0
-580 -207 -268 -466 -499 -328 -238 -190 -154 -10 -235 -526 -597 -593 -302 -437 -194 -581 -321 -175 -363 -288 -379 -121 -348 -434 -395 0
453 -194 -451 -190 -10 -235 -238 -526 -328 -483 0
-580 -268 -154 -235 -238 -190 -499 -328 -379 -526 -320 -121 -287 -206 -10 -194 -582 0
-194 -10 -238 -190 -328 -235 -451 -526 -483 0
-581 -154 -235 -238 -190 -499 -328 -580 -526 -346 -451 -10 -569 0
-154 -499 -238 -190 -235 -328 -580 -526 -346 -451 -10 -569 0
240 -598 -235 0
-598 -235 -238 0
-581 -346 -238 -190 -328 -580 -526 -235 0
-346 -580 -238 -190 -328 -235 -526 0
-592 -571 -328 -235 -238 -526 -333 -580 -190 -597 -593 0
207 -452 -10 -580 -190 -47 -394 -333 0
-571 -207 -328 -238 -190 -235 -580 -526 -333 -597 -593 0
-581 -580 -238 -190 -235 -328 -526 0
-592 -571 -328 -235 -580 -238 -190 -526 0
-571 -580 -235 -238 -526 -328 -190 0
-580 -190 -235 -238 -526 -328 0
525 -437 -146 0
206 -469 -49 -472 -418 -262 -241 -261 -39 -457 -286 -195 0
11 -47 -49 -262 -418 -205 -286 -460 -442 -571 -592 -319 -526 -115 -238 -235 -347 -568 -190 0
524 -147 -438 0
193 -147 -175 242 -483 -95 -561 -275 -47 0
-523 -175 -194 -47 -483 -120 -521 -499 -328 -438 -241 -583 -319 -115 -418 -589 -469 -122 0
523 -596 -571 -319 -438 0
117 -362 -418 -589 -483 -583 -241 -194 -328 -499 -469 -438 -95 -523 -319 -122 0
348 -362 -194 -47 -483 -523 -521 -499 -328 -438 -241 -583 -319 -115 -418 -589 -469 -122 0
195 -440 -84 -296 -41 -530 -386 -47 0
332 -592 -328 -571 -526 -238 -235 -190 0
-47 -194 -571 -319 -442 -115 -592 -526 -238 -190 -460 -235 -10 333 -581 0
12 -147 -163 -385 -241 -458 -592 -328 -526 -523 -262 -238 -348 -235 -190 0
116 -241 -592 -526 -483 -238 -235 -190 -163 -385 -110 -458 -328 -523 -41 -571 -529 0
12 -363 -348 -190 -154 0
-241 -483 -385 -523 -235 -433 -190 -571 -592 -526 -238 -163 -110 -458 -328 -41 -529 0
11 -217 -442 -592 -526 -238 -235 -568 0
-217 -592 -442 -526 -238 -235 -581 -10 -568 0
320 -559 -312 -286 -43 -457 -85 -39 -241 -205 -483 -583 -328 -523 -437 -115 0
-483 -523 -315 -418 -49 -469 -268 -589 -262 -405 -150 -363 -123 -571 -115 -319 -312 -286 -43 -457 -85 -39 -205 -583 -328 -241 -437 -482 0
321 -261 -315 -589 -534 -39 -379 -328 -523 -205 -286 -211 -348 -177 -597 -363 -123 -571 -115 0
121 -137 -42 -195 -434 -48 0
-194 -276 -387 -102 -195 -571 -319 -442 -115 -592 -526 -238 -190 -460 -235 -10 333 -581 0
361 -387 -195 -571 -319 -442 -115 -592 -526 -238 -190 -460 -235 -10 333 -581 -146 -205 -286 -211 -118 -177 0
-523 -195 -571 -592 -526 -238 -235 11 -190 -211 -522 -328 -437 -315 -123 -150 -312 -43 -85 -482 0
236 -592 -571 -526 -238 -235 -190 -328 0
-592 -571 -238 -235 -190 -328 -526 0
12 -595 -499 -328 -520 -190 -581 0
-595 -520 -328 -499 -568 -190 -10 -581 0
-571 -190 -238 -235 -328 -526 0
596 -523 -328 0
-523 -595 -328 0
236 -121 -115 -319 -145 -526 -436 -238 0
-190 -235 -328 -238 -526 0
-568 -569 -571 -115 -319 -526 -238 -235 -328 -592 -581 0
-188 -167 -281 0
-569 -581 -319 -526 -238 -235 -592 -115 -571 -328 0
-581 -592 -328 -526 -571 -238 -235 -319 -115 0
101 -274 -205 -268 -262 -168 -310 -286 0
47 -205 -193 0
-592 -115 -526 -319 -235 -238 -328 -571 0
206 -43 -85 -311 -38 -493 -458 -371 -286 -96 0
320 -568 -526 -238 -328 -235 -571 -319 -115 0
-568 -581 -526 -238 -115 -319 -328 -235 -571 0
-581 -115 -235 -238 -526 -328 -319 -571 0
-115 -319 -571 -328 -526 -235 -238 0
321 -319 -571 -121 -526 -238 -235 -436 -145 0
-319 -571 -238 -235 -526 -328 0
-568 -206 -263 -287 -49 -346 -180 -111 -102 -10 -570 -235 -238 -526 0
534 -261 -70 -38 0
331 -107 -334 -104 -507 -313 -379 -558 -455 -590 -423 -70 -534 0
288 -44 -390 -310 -168 -445 -268 -263 -473 -49 -180 -111 -206 -48 0
147 -571 -328 -235 -238 -526 0
205 -331 -346 -211 -207 -288 -195 0
-568 -264 -115 -49 -121 -179 -136 -110 -346 -434 -288 -569 -581 -207 -395 -235 -238 -526 0
166 -224 -440 -91 -79 -268 -567 -125 0
-47 -583 -242 -210 -310 -167 -440 -91 -79 -268 -567 -125 -49 -179 -110 -101 -40 -46 -206 0
166 -165 -387 -440 -264 -79 -268 -567 -125 0
-571 -235 -328 -238 -526 0
-115 -569 -319 -145 -526 -121 -436 -238 -235 0
528 -434 -319 -145 -121 -436 -10 -235 -580 -238 0
194 -206 -403 -559 -121 -556 -319 -145 -436 -460 -235 -10 -238 -526 0
527 47 -319 -145 -235 -238 -526 -436 -121 0
47 -121 -235 -238 -526 -319 -145 -436 0
194 -403 -559 -121 -556 -319 -145 -436 -460 -235 -10 -238 -526 0
146 -121 -10 -194 -526 -235 -238 -319 -145 -436 0
-235 -526 -238 -328 0
270 -387 -165 -264 -441 -188 -225 -124 -92 0
195 -457 -426 -264 -269 -441 -188 -124 -92 -593 -500 -559 -481 -248 -363 -515 -155 -10 -568 -47 0
270 -385 -163 -418 -520 -44 -51 -568 -83 -10 -382 -347 -155 -172 -181 -363 -157 -519 -492 -426 -264 -168 -188 -124 0
206 -441 -264 -92 -269 -418 -568 -10 -382 -155 -363 -500 -481 -593 -559 -466 -137 -515 -179 -331 -110 -531 -248 -371 -288 -96 0
270 -261 -386 -407 -574 -400 -369 -224 -446 -92 0
-47 -166 -441 -102 -92 -269 -386 -500 -328 -595 -473 -363 -416 -331 -207 -288 -179 -10 -110 -581 -568 -531 -206 0
Solved
