206 -535 -538 -511 -229 -478 -256 0
-535 -229 -538 -511 -478 -256 -205 0
480 -229 -259 -430 -505 -79 -538 -511 -301 0
574 -505 -259 -430 -538 -511 -478 -256 -205 0
59 -369 -69 -560 -70 -120 -483 -460 -327 0
60 -70 -584 -503 -460 0
260 -222 -471 -483 -460 -584 -227 -233 -169 -204 -526 -397 -142 -251 -430 -48 -354 -162 -282 -303 -285 -81 0
241 -521 -169 -204 0
431 -70 -584 -380 -460 -162 -303 -354 -169 -204 -285 -48 -526 -240 -282 -142 -21 0
-521 -520 -242 -169 -204 0
439 -105 -227 -233 -197 -322 -437 -200 0
441 -10 -579 -380 -343 -200 0
283 -242 -564 -1 -172 -579 -380 -227 -233 -197 -322 -532 -169 -204 -48 -145 -282 -137 0
200 -459 -380 -561 -439 -36 0
12 -439 -172 -56 -199 -380 -561 -294 -556 0
301 -197 -227 -233 -279 -172 -380 -561 -294 -240 -21 -48 -169 -204 -282 -285 -564 -1 -579 -322 -532 -145 -354 -162 0
440 -344 -48 -222 -306 -282 -195 -200 -135 -357 -21 -1 -438 -240 -172 0
-70 -222 -48 -285 -282 -21 -1 -240 -172 -288 -227 -233 -561 -397 -483 -460 -251 -584 -354 -162 -303 -380 -169 -204 -564 -579 -322 -532 -145 -526 -142 -430 0
201 -240 -21 -87 -380 -103 -322 0
537 -397 -169 -204 -285 -48 -282 -322 -584 -1 -21 -460 -162 -303 -145 -526 -142 -430 -259 -471 -574 -13 -307 -256 -205 0
439 -201 -307 -21 -303 -256 -79 -169 -204 -259 -285 -48 -282 -13 0
-380 -70 -460 -228 -28 -259 -50 -205 -79 -136 -256 -162 -307 -108 -13 -343 -10 441 -200 0
-200 441 -162 -108 -574 -13 -307 -259 -256 -205 -79 -460 -208 -142 -430 -48 -285 -282 -201 0
-201 -440 -259 -48 -285 -322 -282 -162 -108 -574 -13 -307 -256 -205 -79 -460 -208 -142 -430 -145 -21 -303 -169 -204 0
-440 -79 -322 -526 -142 -430 -145 -282 -285 -259 -48 -162 -108 -574 -13 -307 -256 -205 -460 -208 -21 -303 -169 -204 0
199 -79 -256 -13 -307 -259 -380 -239 -21 -169 -471 -220 -317 -278 -526 -142 -344 -430 -285 -48 -437 -282 -56 0
535 -21 -48 -169 -204 -282 -285 -1 -322 -145 -162 -526 -142 -13 -430 -307 -205 -303 -256 -259 -471 -317 -108 -574 -460 -208 0
539 -460 -322 -1 -169 -145 -526 -142 -430 -259 -13 -307 -256 -205 -538 -511 -478 -208 -505 0
160 -502 -302 -60 0
202 -242 -13 -256 -80 -302 -161 -585 -460 -307 -72 0
-242 -72 -169 -203 -13 -256 -80 -302 -161 -585 -460 -307 -522 0
201 -560 -138 -145 -12 -345 -57 -239 -20 -411 -169 -203 -13 -256 -80 -302 -161 -585 -460 -307 -522 -322 0
104 -175 -161 -138 0
280 -161 -205 -526 -142 -430 -20 -322 -145 -169 -203 -13 -256 -302 -585 -460 -307 -259 -284 -47 0
440 -34 -205 -256 -537 -198 -10 -259 -343 -238 -55 0
-200 -375 -256 -119 -307 -318 -205 -13 -380 -343 -278 -238 -55 -10 -537 -198 -259 -201 0
19 -380 -198 -205 -585 -55 -256 -119 -307 -318 -13 -343 -278 -10 -537 -259 -201 -134 0
57 -440 -175 -145 -205 -380 -278 -161 0
-440 -193 -256 -305 -307 -198 -318 -13 -380 -278 -10 -343 -201 -55 -175 -145 -205 -161 0
381 -88 -161 -175 -136 -107 -470 -13 -221 -307 -537 -256 -205 0
-380 -321 -259 -302 -136 -256 -161 -307 -107 -13 -585 -470 -537 -205 -305 -208 -198 -10 -343 -201 -55 -318 -278 -145 -134 -20 -119 0
56 -20 -134 -259 -305 -560 -198 -10 -318 -1 -343 -278 -172 -440 -201 0
586 -256 -259 -1 -322 -205 -307 -13 -208 -145 -526 -142 -430 -169 -511 -538 0
199 -56 -440 0
285 104 -142 -430 -526 -138 -240 -281 -259 0
-161 -506 -142 -430 -281 -526 104 -138 0
234 -461 -302 -400 -482 -1 -59 -328 -174 -518 -496 -307 -71 -256 -205 0
257 -536 -205 -81 0
507 -433 -174 -205 -256 -81 -233 -302 -400 -482 -1 -59 -328 -518 -496 -307 -71 -586 -511 0
55 -281 -142 -307 -430 -13 -256 -205 -1 -71 -586 -511 -526 -259 -145 -105 -380 -440 0
103 -161 -142 -281 -526 -440 -145 -205 -380 57 -430 0
-161 -281 -430 -142 -526 -105 -440 -145 -205 -380 57 0
279 -59 -461 -374 -71 -133 -227 -526 -233 0
11 -251 -398 -521 -263 -538 -157 -231 -575 -302 -479 -409 -46 0
462 -64 -314 -342 -114 -466 -89 -406 -93 -271 -383 -475 -194 -225 -197 -155 -227 -374 -356 -71 -59 0
-56 -380 -385 -208 -538 -157 -430 -142 -526 -259 -586 -511 -440 -145 -205 -271 -13 -307 -256 -1 -322 -201 0
198 -138 -161 -103 -280 -233 -526 -430 -227 -142 0
-138 -233 -103 -284 -279 -280 -526 -430 -142 -196 -161 -227 0
258 -161 -196 -142 -430 -280 -380 441 -200 -284 -526 -208 -34 -1 -13 -307 -205 0
282 -138 -538 -220 56 -259 -1 -172 -440 -201 -458 -559 -567 -103 -526 -430 -142 -161 -85 -511 0
507 -161 -107 0
505 -161 -107 0
-161 56 -430 -538 -142 -259 -1 -440 -201 -526 -511 -208 -13 -307 -205 -256 -380 0
285 -279 -103 -208 -205 -176 -34 -256 -577 -307 -526 -196 -13 -142 -107 -430 -559 -240 -506 -280 -259 0
234 -120 -208 -34 -401 -577 -559 -1 -13 -111 -174 -307 -287 -256 -205 0
-380 -201 -13 -259 -307 -205 -256 -1 -526 -142 -430 -586 -511 -538 -440 -208 -385 -157 -145 -271 -322 0
280 -20 -430 -142 -228 -234 -440 -104 -259 -322 -284 -201 0
232 -278 -440 -322 -201 -104 0
561 -214 -169 -520 -194 -45 -134 -86 -20 -240 -259 -110 0
536 -481 -214 -576 -520 -230 -289 -538 -532 -316 -562 -220 0
199 -360 -406 -271 -45 -86 -20 -259 -205 257 -576 -520 -538 -532 -110 -560 -169 -194 -134 -1 -343 -278 -172 -440 0
506 -201 -440 -406 -271 -45 -86 -259 -205 257 -576 -538 -532 -560 -169 -1 -172 -228 -234 -322 -104 -526 -142 -430 0
-161 -506 -107 0
439 -137 -145 -104 -322 -201 0
105 -506 -142 -430 -526 -440 -201 -322 -176 -137 0
-201 -440 -526 -142 -205 -430 -511 -145 -157 -322 -1 -271 -259 -538 -169 -13 -307 -256 -208 -385 0
206 -233 439 -437 -322 -197 -200 0
281 -284 -13 -137 -307 -104 -256 -205 439 -437 -322 -200 -526 -142 -430 0
482 -318 -401 -264 -538 -471 -230 -259 -430 -511 -505 -256 -205 -576 0
402 -27 -480 -303 -46 -11 -552 -36 -49 -443 -497 -217 -101 -67 -1 0
232 -230 -538 -264 -401 -480 -303 -46 -11 -552 -36 -49 -497 -101 -1 -259 -430 -511 -505 -256 -205 -576 -277 -384 -526 -133 -30 -375 -61 -357 -60 -585 -462 -198 -72 -228 0
-440 -256 -538 -259 -430 -511 -1 -205 -526 -13 -307 -322 -142 -145 -157 -271 -169 -208 -385 0
19 -373 -239 -135 0
507 -214 -520 -169 -406 -271 -44 -87 -239 -119 -526 -196 -142 -430 -280 0
137 -136 -538 -316 -161 381 -175 -13 -307 -256 -205 -81 -536 -511 -108 -505 -169 -406 -271 -44 -239 -526 -196 -142 -430 -69 -401 -344 -200 -56 -437 -145 0
-280 507 -169 -406 -271 -44 -87 -239 -526 -196 -142 -430 -69 -401 -344 -285 0
103 -196 -142 -430 -239 -437 -259 -56 -200 -169 -406 -271 -44 -526 -69 -401 -344 -505 -108 -161 -538 -316 -13 -307 -256 -205 -81 -536 -511 -145 -380 0
506 -279 -227 -161 -233 -196 -526 -430 -142 -103 -280 -108 0
234 -161 -208 -526 -142 -344 -430 -380 -511 -239 -169 -271 -505 -227 -233 -56 -200 -322 -105 -437 -259 -538 -13 -307 -256 -205 -145 -1 -173 -278 0
-161 -227 -13 -430 -307 -56 -142 -256 -200 -526 -205 -322 -278 -505 -105 -233 -208 -344 -380 -511 -239 -169 -271 -437 -259 -538 -145 -1 -173 0
-280 -479 -538 -239 -584 -380 -169 507 -271 -526 -142 -430 -344 -1 -13 -173 -307 -256 -205 -233 -278 -437 -200 -137 -56 0
-227 -233 -430 -142 -239 -105 -437 -259 -322 -56 -200 -538 -380 -169 -271 -526 -344 -1 -13 -173 -307 -256 -205 -278 -511 -505 -208 -145 0
-233 -105 -56 -142 -200 -526 -322 -278 -437 -205 -430 -239 -259 -538 -380 -169 -271 -344 -1 -13 -173 -307 -256 -511 -505 -208 -145 0
-105 -505 -205 -56 -142 -200 -526 -322 -278 -437 -430 -239 -259 -538 -169 -271 -344 -1 -13 -173 -307 -256 -511 -380 -208 -145 0
232 -280 -380 -256 -307 -13 -205 -208 -278 -145 -559 -577 -437 -511 -56 -505 -200 -259 -430 -142 -526 0
282 -284 -68 -526 -401 -208 -142 -344 -36 -430 -559 -200 0
-284 -107 -138 -505 -280 -68 -526 -401 -208 -142 -344 -36 -430 -559 -200 0
-280 -505 -138 -526 -208 -142 -344 -430 -559 -200 -577 -1 -13 -173 -307 -256 -205 -234 -380 -278 -145 -437 -511 -56 -259 0
206 -80 -537 -256 0
285 -234 -385 -72 -130 -577 -433 -1 -13 -173 -496 -307 -256 -205 -586 -511 -160 -559 -505 -344 -259 0
-505 -239 -142 -430 -526 -259 -385 -130 -1 -13 -173 -307 -256 -205 -511 -344 -145 -437 -56 -200 -208 -380 -278 -322 -538 -169 -271 0
207 -233 -227 0
206 -585 -259 -161 -136 -256 -107 -380 -307 -13 -341 -537 -205 -305 -208 -198 -343 -201 -55 -278 -145 -134 -20 -119 -538 -48 -480 -230 0
513 -13 -20 -12 -239 -34 -259 -119 -110 -307 -288 -380 -256 -205 -161 -136 -107 -341 -305 -198 -343 -201 -55 -278 -145 -134 -48 -230 -593 0
-13 -307 -12 -145 -372 -259 -34 -136 -562 -173 -110 -380 -227 -288 -205 -256 -48 -593 -512 -20 -239 -119 -161 -107 -341 -305 -198 -343 -201 -55 -278 -134 -230 0
209 -64 -33 -68 -545 -416 -132 -444 -577 -458 -50 -34 0
207 -352 -230 -540 -267 -58 -520 -119 -210 -545 -132 -577 -34 -70 -194 -583 -134 -20 -239 -259 -372 -136 -110 -173 -562 -307 -288 -535 -380 -256 -227 0
-307 -70 -587 -267 -230 -256 -205 -520 -119 -545 -34 -194 -134 -20 -239 -259 -372 -136 -110 -173 -562 -288 -380 -227 -512 -161 -593 -107 -12 -145 -48 -341 -305 -198 -343 -201 -55 -278 0
258 -589 -205 0
-589 -205 -256 0
-198 -505 -239 -34 -12 -13 -288 -380 -256 -205 -161 -136 -201 -55 -278 -145 -134 -593 -511 -285 -20 -280 -526 -430 -142 -196 0
143 -134 -20 -526 -430 0
506 -341 -256 -136 -13 206 -161 -205 -305 -208 -198 -201 -55 -278 -145 -134 -20 -119 -538 -48 -230 -511 -285 0
-134 -208 -161 -256 -13 206 -205 -136 -201 -55 -278 -145 -20 -538 -280 -526 -430 -142 0
134 -20 -562 -55 206 -256 -439 -259 -239 -280 -102 -430 -278 -142 -526 0
440 -436 -55 0
-436 199 0
-134 -20 -142 -430 -161 -526 199 -256 -13 206 -205 -201 0
239 -111 -288 -380 -343 -439 -259 0
-20 199 -256 -430 -142 -526 -161 206 -13 -205 -201 0
-511 -220 -445 -34 -12 -406 -70 -44 -86 -383 -114 -161 -526 -142 -344 -430 -380 -1 -239 -208 -505 -227 -233 -56 -200 -322 -437 -538 -13 -256 -205 -145 234 -173 -278 -513 0
400 -12 -538 -594 -536 -445 -34 -316 -406 -70 -44 -86 -383 -114 -161 -526 -142 -344 -430 -380 -239 -208 -505 -227 -233 -56 -200 -322 -437 -13 -256 -205 -145 234 -173 -278 -513 0
-56 -208 -239 -373 -120 -102 -538 -594 -536 -445 -316 -406 -44 -86 -383 -161 -526 -142 -430 -380 -505 -227 -233 -200 -13 -256 -205 234 -278 -513 -327 -343 -523 -433 199 0
-208 -538 -44 -111 -579 -86 -288 -380 -343 -200 -239 -373 -102 -120 -594 -536 -445 -316 -406 -383 -161 -526 -142 -430 -505 -227 -233 -13 -256 -205 234 -278 -513 -327 -523 -433 199 0
-538 -343 -380 -86 -579 -498 -200 -383 -520 -157 -354 -231 -251 -575 -397 -301 -316 -536 -513 -594 -44 -111 -288 -239 -373 -102 -120 -445 -406 -161 -526 -142 -430 -505 -227 -233 -13 -256 -205 234 -278 -327 -523 -433 199 0
283 -397 -294 -47 -410 -532 -354 -536 -251 -102 -157 -594 -231 -380 -86 -579 -498 -200 -383 -575 -316 -44 -111 -288 -239 -373 -120 -445 -406 -161 -526 -142 -430 -227 -233 -13 -256 -205 234 -278 -327 -523 -433 199 -506 0
285 -439 -380 -233 198 -161 -227 -526 -430 -280 -142 -55 0
-278 -294 -47 -410 -532 -354 -536 -251 -102 -157 -594 -231 -380 -86 -579 -498 -200 -383 -575 283 -44 -111 -288 -239 -373 -120 -445 -406 -161 -526 -142 -430 -227 -233 -13 -256 -205 234 -327 -523 -433 199 -506 -279 0
-201 -161 -256 -200 206 -526 -142 -430 -13 -205 0
439 -278 -324 -142 -526 -233 -380 -430 0
284 -138 -505 -161 0
232 -505 -256 206 -259 -283 -161 -324 -430 -594 -142 -526 -278 0
507 -20 -239 -283 -259 0
-505 -283 -256 -259 206 -239 -594 -526 -430 -142 -198 -161 -324 -278 0
-278 -282 -142 -430 -526 -256 -259 206 -594 -161 -324 -57 -441 0
-161 -13 206 -200 -142 -526 -256 -430 -205 0
431 -239 507 -259 0
284 -438 -439 -200 -282 0
-20 -562 -55 206 -256 -259 -239 -280 -102 -430 -278 -142 -526 143 0
261 -208 -88 -565 -373 -339 -120 -102 -69 -28 -402 -142 -430 -526 -505 -239 -130 -13 -173 -256 -205 -511 -344 -145 -437 -56 -200 -380 -278 -322 -538 -599 0
-511 -56 -256 -142 -430 -526 -239 -13 -205 206 -200 -278 0
-56 -239 -142 -430 -526 -256 -13 -205 206 -200 -278 0
-239 -278 -256 -142 -430 -526 -13 -205 -200 206 0
201 -440 -278 -142 -526 -233 -380 -430 0
-278 -13 -430 -200 -526 -256 -142 -205 206 0
-56 -440 -200 0
-13 206 -256 -200 -430 -142 -526 -205 0
285 -58 -119 -532 -460 -70 -503 -583 -48 -200 -521 -281 -136 -56 0
506 -161 -256 -205 -119 -134 -20 -239 -288 -380 -227 -230 -593 -341 -305 -198 -278 -200 -56 -532 -281 -251 -352 -303 -479 -513 -106 0
-161 -119 -479 -483 -227 -380 -233 -198 -550 -200 -142 -430 -281 -526 -134 -513 -20 -507 -256 -205 -239 -288 -230 -593 -341 -305 -278 -56 -532 -251 -352 -303 -106 0
144 -56 -227 -380 -233 -142 -430 -526 -256 -205 -239 -288 -278 -200 -532 -251 -352 -106 -575 -592 -231 -116 0
-20 -34 -577 -222 -402 -239 -278 206 -256 -259 143 -280 -55 -430 -142 -526 -562 0
118 -484 -12 -34 -445 -222 -520 -402 -291 -69 0
-56 -239 -278 206 -256 -430 -142 -526 -200 -205 0
21 -373 -64 -70 -266 -176 -137 -592 -284 -575 -526 -280 -231 -142 -430 -85 0
507 -539 -231 -397 -362 -536 -345 -512 -284 0
-239 -278 -256 -526 -142 -430 206 -200 -205 0
-278 206 -142 -430 -200 -256 -526 -205 0
285 -512 206 -256 -506 -259 0
206 -205 -200 -430 -142 -526 -256 0
506 -285 -205 -239 -380 -278 -526 -142 -430 -200 -56 -256 0
282 -512 -15 -103 207 -526 -506 -142 -19 -430 -200 0
284 -506 -430 -239 -259 440 -142 -439 -200 -15 -103 207 -526 -205 257 0
-285 -56 -526 -142 -430 -239 -200 -205 -380 -278 -256 0
520 -302 -353 -252 -203 -480 -46 -10 -558 0
229 -353 -252 -370 -522 -203 -480 -46 -10 -558 -483 -576 0
513 -203 -252 -522 -558 -157 -230 -370 -46 -10 -483 -576 -15 -593 0
171 -224 -475 -271 -107 -90 -161 -63 -138 -147 -599 -112 0
521 -305 -194 -485 -383 -558 -171 0
-56 -380 -430 -142 -200 -239 -205 -526 -278 -256 0
505 -177 -526 -196 -142 -19 -430 -280 -284 0
511 -217 -64 -266 -2 -401 -316 -220 -593 -537 0
144 -316 -220 -430 56 -142 -201 -380 -526 -205 -256 -64 -2 -537 -345 -138 -85 -505 -280 -19 -239 -196 0
-380 -239 -430 -142 -205 -256 -526 -278 -200 0
592 -88 -316 -538 -104 -302 -142 -430 -526 -201 -440 -322 -506 -136 -537 -205 257 -513 -15 0
432 -505 -104 -142 -430 -526 -440 -537 -205 257 -15 -200 -228 -234 -278 -576 0
282 -101 -537 -480 -208 -560 -360 -406 -305 -271 -585 -45 -134 -86 -20 -239 -228 -198 -440 -234 -104 -278 -322 -200 0
229 -46 -480 -409 -353 -252 -576 -399 0
513 -198 -228 -560 -576 -252 -587 -157 -230 -134 -86 -20 -278 -239 -440 -430 -142 -104 -259 -322 -234 -281 -537 -360 -406 -305 -271 -45 -200 -15 -593 0
479 -113 -221 -445 -467 -34 -11 -48 0
538 -194 -86 -20 -45 -134 561 -520 -240 -259 -110 -113 -224 -154 -262 -64 -397 -266 -230 0
-201 -224 -578 -64 -15 -497 -221 -540 -86 -20 -45 -134 -259 -262 -230 -210 -560 -360 -406 -305 -271 -278 -239 -228 -198 -563 -440 -281 -234 -430 -142 -104 -322 -200 0
539 -475 -271 -224 -90 -375 -337 -119 -64 -147 -169 -599 -497 -409 -401 -329 -202 -46 -221 -478 -318 0
480 -519 -305 -221 -245 -329 -371 -224 -497 -399 -185 -32 -252 -113 -169 -409 -202 -46 0
-505 -104 -64 -271 -252 -234 -228 -86 -259 -278 -239 -440 -578 -15 -45 -560 -406 -430 -142 -200 -537 -576 -526 -205 257 0
-239 -278 -142 -430 -526 -200 -205 -256 0
432 -278 -526 -234 -142 -505 -430 -440 -537 -205 257 -15 -200 -228 -576 0
-538 -539 -576 -316 -230 536 -532 -520 -562 -430 56 -142 -201 -526 -440 -205 -256 -161 -401 -100 -15 -593 -561 0
538 -480 -34 -341 -11 -301 -48 -397 -157 -593 -561 -230 0
-480 -100 -15 -593 -401 -316 -576 -230 536 -532 -520 -562 -430 56 -142 -201 -526 -440 -205 -256 -161 -561 -34 -341 -11 -301 -48 -397 -157 0
-278 -205 -142 -526 -430 -256 -200 0
512 -480 -205 257 -302 0
592 -512 -103 -205 -256 -34 -526 -142 -430 -196 -240 -506 -280 -381 -284 -201 -440 -322 -279 -15 0
507 -502 -302 -585 -512 -106 0
-480 -327 -204 -120 -47 -482 -34 -381 -550 -135 -103 -284 -21 -526 -196 -142 -430 -280 -506 -302 -585 -266 -538 -594 -205 -256 -240 -201 -440 -322 -279 257 0
-201 -205 -256 -526 -142 -430 -200 0
283 -220 -537 -480 -512 -302 -502 -106 -282 -138 0
281 -25 -342 -482 -375 -177 -135 -161 -21 -507 0
593 -161 -177 143 -526 -430 -482 -135 -372 -238 -343 -259 -284 -537 -480 -512 -302 -138 -317 -266 -538 -15 0
506 -181 -135 -550 -259 -284 -177 143 -526 -430 0
285 281 -135 -342 -482 -177 -21 -372 -238 -506 -343 -259 0
283 -177 143 -526 -430 -482 -135 -372 -238 -343 -259 -284 -537 -302 -138 -317 -266 -15 -205 257 -594 -506 0
-205 -200 -430 -256 -142 -526 0
527 -142 -21 -430 -135 0
-134 -71 -58 -460 -120 -12 -203 -344 -242 -440 -411 -240 143 -526 -430 -135 0
207 -379 -105 -233 0
439 -194 -197 -203 -71 -583 -85 -205 -105 -600 -147 -279 -56 0
536 -65 -374 -58 -112 -460 -170 -71 -203 -242 -251 -225 -307 -205 -81 0
-536 -228 -58 -307 -460 -561 -71 -591 -381 -576 -205 -535 -81 0
536 -265 -539 -231 -205 -81 -374 -58 -112 -460 -170 -71 -203 -242 -251 -225 -307 0
-440 -460 -205 -58 -307 -591 -561 -576 -535 -81 -539 -203 -242 -251 -225 -600 -147 -344 -56 -583 -105 -279 -21 -120 -12 -411 -240 143 -526 -430 -135 0
256 -535 -205 -591 -81 0
257 -440 -58 -307 -591 -561 -205 -535 -81 -539 -225 -600 -147 -344 -56 -583 -105 -279 -21 -120 -240 143 -526 -430 -135 -352 -588 -46 -301 -478 0
20 -222 -100 -337 -63 -583 -105 -380 -344 -56 -440 -240 0
203 -251 -352 -409 -301 -46 -478 0
-142 -100 -63 -105 -344 -56 -205 -600 -147 -352 -301 -46 -21 -526 -430 -240 -307 -58 -591 -561 -81 -225 -135 -588 -513 -592 0
439 -194 -203 -56 -71 -583 -85 -205 -105 -600 -147 -279 0
19 -203 -63 -227 -105 -380 -344 -172 -56 -440 -100 -205 -600 -147 -536 -513 -592 -526 -135 0
-203 -380 -561 -46 -513 -100 -63 -105 -344 -56 -440 -240 -227 -498 -172 -21 -205 -600 -147 -536 -592 -526 -135 0
-583 -222 -251 -301 -46 203 -513 -21 -100 -352 -63 -337 -105 -380 -344 -56 -440 -240 -585 0
-439 -380 -561 -521 -21 -135 -526 -592 -513 -251 -301 -46 203 -100 -352 -63 -105 -344 -56 -440 -240 -227 -196 -498 -172 0
258 -440 -513 -526 -352 -301 -46 -135 -21 -240 -561 -521 -100 -63 -105 -344 -56 -592 -196 -205 -600 -147 -307 0
-251 -398 536 -205 -81 -374 -58 -112 -265 -170 -71 -203 -225 -307 -352 -588 -301 -478 -576 -230 -539 -252 0
251 -478 -203 -301 -352 0
-20 -203 -430 -105 -205 -58 -595 -307 -352 -301 -147 -440 -258 -592 -526 -135 507 -283 -259 0
256 -478 -301 -513 -81 -205 -591 0
-478 -251 -521 -46 -352 -301 -10 -158 -307 -231 -258 -513 -81 -205 -591 0
478 -231 -258 -592 -81 -205 -513 0
-203 -258 -301 -307 -352 -205 -592 -595 -440 -430 -105 -58 -147 -526 -135 507 -283 -259 0
-478 200 -561 -344 -440 -105 -595 -430 -307 -205 -301 -46 -258 -479 -513 -81 -591 0
-440 -592 -526 -135 -430 -205 -105 -307 -301 -352 -58 -147 507 -283 -259 -100 -63 0
480 -222 -58 -358 -521 -406 -271 -384 -44 -110 -86 -561 -583 -457 -344 -72 -10 -203 -46 0
511 -203 -64 -344 -182 -384 -30 -373 -86 -355 -58 -72 -521 -251 -225 -231 -457 -575 -352 -410 -10 -588 -301 -46 -478 -358 -406 -271 -44 -110 -561 -536 0
-203 -478 -86 -561 -58 -358 -521 -271 -384 -44 -110 -457 -344 -72 -10 -46 206 -256 -301 -380 -513 -182 -30 -373 -355 -251 -225 -231 -575 -352 -410 -588 0
-478 -352 -301 -251 -46 -86 -561 -58 -358 -521 -271 -384 -44 -110 -457 -344 -72 -10 206 -256 -380 -513 -182 -30 -373 -355 -225 -231 -575 -410 -588 0
13 -205 -554 -301 -526 -51 -58 -105 -135 -430 507 -283 -259 -147 -63 0
439 -71 -203 -135 -583 -205 -105 -600 -147 -279 -56 -21 -240 0
-440 -535 -307 -58 -561 -576 -591 -536 -205 -460 -81 -172 -56 -203 -135 -583 -105 -600 -147 -279 -21 -240 0
-352 -64 -203 -251 -231 -575 -478 -406 -44 -51 -135 -116 507 -283 -259 -161 -13 206 -526 -430 -205 -172 -105 -147 -594 -354 0
441 -440 -561 -58 -591 -536 -205 -81 -172 -56 -203 -135 -583 -105 -600 -147 -21 -240 -588 -301 -478 -513 -63 -227 -344 0
-440 -583 -21 -526 -240 -203 -135 -205 -105 -600 -147 -56 -561 -58 -591 -536 -81 -172 -588 -301 -478 -513 -63 -227 -344 0
479 -278 -399 -526 -231 -594 -575 -513 -301 0
-583 206 -203 -406 -44 -478 -399 -526 -231 -594 -575 -51 -135 -116 507 -283 -259 -161 -13 -430 -205 -105 -147 -172 -63 0
-478 -203 -594 -526 -51 -135 507 -283 -259 -161 -13 -430 -205 -105 -147 -63 -354 -309 0
258 -433 -174 -226 -205 0
256 -309 -591 0
574 -440 -344 -203 -135 -583 -205 -105 -600 -147 -56 -21 -240 -263 -538 -482 -231 0
441 -226 258 -205 -56 0
-440 -583 -21 -526 -240 -203 -135 -205 -105 -600 -147 -56 258 -72 0
70 -118 -367 -69 -58 -233 -461 -227 0
574 -397 -26 -263 -482 -231 0
-397 -370 -251 -26 -354 -482 -301 -575 -263 -231 0
397 -538 -263 -231 0
-583 -397 -251 -354 -575 -263 -147 -171 -44 -135 507 -283 -259 -161 -13 -526 -256 -430 -205 -203 -105 258 -72 -584 0
-203 -354 -51 -135 -430 507 -283 -259 -161 -13 -526 -205 -147 -105 -594 -63 -309 0
441 -583 -513 -63 -479 -105 -71 -56 258 -205 0
439 -583 -58 -575 -588 -513 -301 203 -251 -46 -354 -521 -227 -231 -135 -21 -380 -240 -56 0
352 -251 -242 0
-583 -575 -58 -588 -513 -301 203 -251 -46 -354 -521 -135 -21 -240 -56 -63 -105 258 -205 0
-205 -135 -63 -105 -51 -430 507 -283 -259 -161 -526 -147 -14 -554 0
-440 -11 -579 -379 -344 -439 -56 0
576 -439 -399 -115 -526 -430 -135 -105 -232 -226 507 -259 284 -51 -579 -379 -203 -478 -301 0
575 -478 -513 -399 -301 -231 0
-478 -399 -526 -135 -301 -58 -115 -430 -105 -232 -226 507 -259 284 -51 -579 -379 -203 -574 -231 0
-440 -439 -561 -379 -344 -579 -56 0
345 -214 -51 -551 -407 -115 -272 -144 -198 -147 -193 -533 -600 -382 -171 -521 -36 -400 0
462 -575 -51 -551 -407 -115 -272 -144 -225 -198 -147 -193 -554 -533 -600 -382 -171 -521 -251 -354 -397 -301 -36 -263 -231 -344 -30 -483 -355 -58 0
-482 -400 -417 -423 -410 -600 -46 -171 -102 -10 -521 -68 -457 -313 -561 -251 -370 -354 -397 -301 -575 -263 -231 -483 0
343 -212 -102 -494 -417 -423 -410 -600 -46 -171 -10 -521 -68 -457 -313 -561 -251 -354 -397 -301 -575 -263 -231 -483 -371 0
400 -316 -538 -65 -265 -32 -222 -68 0
-575 -373 -58 -521 -51 -551 -407 -115 -272 -144 -198 -147 -193 -533 -600 -382 -171 -36 -538 -65 -265 -222 -423 -410 -46 -344 -102 -417 -561 -251 -354 -301 -263 -231 -371 -278 -526 -21 -430 -135 -597 -324 -105 -232 -226 -72 -461 -225 -554 -30 -355 -574 0
400 -597 -430 -135 -21 -526 -324 -278 -105 -538 -65 -265 -222 -232 -226 -72 -461 -355 -102 -30 0
481 -36 -51 -551 -407 -115 -272 -144 -225 -198 -147 -193 -554 -600 -382 -533 -171 -521 -400 -371 -344 0
-214 -36 -46 -342 -74 -156 -65 -265 -538 -263 -27 -344 -216 -51 -551 -407 -115 -272 -144 -198 -147 -193 -533 -600 -382 -171 -521 -400 0
345 -342 -475 -314 -208 -417 -156 -65 -423 -74 -410 -46 -36 -558 -96 -526 -533 -120 -291 -102 -30 -400 0
35 -314 -342 -551 -46 -51 -10 0
12 -433 -226 -96 -72 -461 -558 -355 -389 -526 -561 -120 -342 -457 -368 -46 0
67 -385 -314 -475 -342 -449 -417 0
69 -400 -102 -32 0
321 -314 -475 -342 -417 -291 -69 -120 -208 -561 -156 -389 0
-439 -72 -226 -232 -461 -65 -417 -208 -102 -423 -74 -526 -51 -533 -538 -263 -407 -115 -272 -147 -171 -58 -554 -371 -430 -135 -278 -105 -222 -251 -354 -301 -231 -574 -87 507 -283 -259 -379 -579 0
-251 -583 -526 -226 -232 -65 -102 -51 -533 -407 -115 -272 -147 -58 -554 -430 -105 -354 -301 -231 -574 507 -283 -259 -379 -579 -131 -594 -135 -535 -203 -250 0
11 -400 -561 -379 -344 -579 -56 -289 -199 -214 -526 -231 -594 -264 -574 -513 -301 -478 -556 -46 0
71 -35 -135 -526 -556 -105 -11 -232 -430 507 -259 284 -226 0
72 -400 -214 -58 -11 -526 -264 -344 -279 -513 -232 -561 -379 -579 -56 -583 -226 -199 0
-400 -556 -105 -430 -232 507 -259 -51 -226 -135 -526 -115 284 -70 -214 -58 -264 -279 -379 -579 -583 -289 -231 -594 -574 -301 -478 0
-35 -34 -526 -594 -67 -279 -63 -232 -379 -579 -583 -226 -70 -28 -135 -556 -105 -11 -430 507 -259 284 0
35 -70 -232 -226 -115 -430 -105 507 -259 -551 -199 -56 -51 0
-11 -67 -594 -526 -279 -63 -232 -379 -579 -583 -226 -70 -28 -135 -556 -105 -35 -430 507 -259 284 -12 0
-440 -87 -21 -583 -240 -70 -561 -379 -344 -579 -56 0
-583 -203 -579 -231 -574 -301 -594 -526 -63 -232 -226 -135 -105 -430 507 -259 -115 -51 -58 -379 -354 -65 -102 -533 -407 -272 -147 -554 -283 -131 -535 -250 0
-440 -479 -250 -526 -135 -301 -58 -115 -430 -105 -232 -226 507 -259 284 -51 -579 -379 -203 -574 -231 -70 0
-203 -379 507 -283 -259 -250 -526 -135 -301 -58 -115 -430 -105 -232 -226 -51 -579 -574 -231 -594 -63 -354 -65 -102 -533 -407 -272 -147 -554 -131 -535 0
480 -409 -354 -242 -301 -46 0
-440 -242 -521 -102 -354 -533 -250 -535 -231 -513 -479 -301 -46 -226 -232 -526 -135 -21 -344 -240 -56 -561 -379 -579 0
228 -74 -226 -232 -65 -208 -102 -526 -51 -533 -407 -115 -272 -147 -131 -58 -554 -430 -135 -105 -354 -301 -231 -574 507 -283 -259 -379 -579 -594 -535 -250 -479 -242 -319 -388 -485 -558 0
512 -263 -232 -65 -208 -102 -526 -51 -533 -407 -115 -272 -147 -74 -58 -554 -430 -135 -105 -226 -354 -301 -231 -574 507 -283 -259 -379 -579 203 -250 -397 -370 -131 -361 -594 -535 0
-263 -397 -231 -594 -232 -65 -208 -102 -526 -51 -533 -407 -115 -272 -147 -74 -58 -554 -430 -135 -105 -226 -354 -301 -574 507 -283 -259 -379 -579 203 -250 -370 -131 -361 -535 0
12 -208 -574 -301 -354 -594 -232 -65 -231 -102 -526 -51 -533 -407 -115 -272 -147 -58 -554 -430 -135 -105 -226 507 -283 -259 -379 -579 203 -250 -131 -535 -173 -457 0
227 -208 -156 -390 -313 -25 -120 -214 -400 -232 -65 -102 -526 -51 -533 -407 -115 -272 -147 512 -58 -554 -430 -135 -105 -226 -354 -301 -231 -574 507 -283 -259 -379 -579 203 -250 -397 -131 -74 -594 -535 -173 0
402 -120 -289 -68 0
34 -272 -407 -147 -65 -533 -232 -226 -102 -526 -51 -115 -58 -554 -430 -135 -105 -354 -301 -231 -574 507 -283 -259 -379 -579 203 -250 -131 -594 -535 -173 0
-135 -105 -51 -147 -526 -554 -430 507 -283 -259 -131 -63 -14 -161 0
440 -143 -322 -430 507 -259 -199 0
439 -226 -521 -244 -430 -591 -195 -143 -563 -119 -232 -375 -21 -600 -344 -278 -240 -56 -104 -201 -322 -137 0
579 -58 -430 507 -259 -46 -375 -119 -154 -561 -593 -379 -35 -14 0
-161 -283 -259 -526 -430 -506 -505 0
227 -410 -526 -135 -301 -58 -430 -105 -232 -226 507 -259 284 -51 -579 -379 -231 -480 -462 -207 -72 0
-239 -51 -483 -576 -369 -526 -430 507 -259 -105 -232 -226 -135 -301 -58 -579 -379 -231 -480 -462 -375 -283 0
239 -576 -521 -483 -231 -513 -591 -226 -105 -379 -232 -526 -344 -135 -561 -579 -56 -375 -21 0
-301 -483 -232 -105 -379 -579 -430 -226 -369 -526 507 -259 -135 -58 -231 -462 -375 -283 -302 0
227 -342 -561 -46 -36 -51 -551 -155 -369 -66 -119 -355 -526 -591 -257 -144 -21 -430 -135 -462 -207 -198 -72 0
-239 -51 -369 -526 -257 -430 507 -259 -105 -232 -226 -135 -462 -266 -379 284 -579 -375 0
239 -536 -478 -46 -226 -232 -369 -266 -526 -257 -344 -56 -135 -591 -561 -379 -579 -375 -21 -521 -483 -231 -513 -105 0
-58 -231 -232 -105 -379 -579 -430 -526 507 -259 -135 -226 -283 -302 -59 0
-289 -216 -521 -400 -68 -120 0
303 -193 -382 -178 -313 -225 -46 -36 -342 -65 -265 -344 -51 -551 -407 -115 -272 -144 -198 -147 -533 -600 -521 -373 -367 -120 -68 -430 -135 -21 -526 -105 -278 -324 -597 -232 -226 -72 -355 -102 -30 -588 -316 -481 -231 -574 -502 0
-239 -68 -367 -250 -302 -65 -51 -407 -115 -272 -198 -147 -533 -373 -430 -135 -526 -105 -278 -232 -226 -72 -481 -231 -574 -502 -13 -579 -379 -322 507 -259 -283 0
228 -367 -135 -379 -579 -526 -302 -373 -430 -105 -232 -226 -481 -231 -502 -13 507 -259 -283 0
303 -342 -313 -1 -355 -401 -430 -135 -21 -526 -265 -105 -278 -65 -324 -597 -232 -226 -72 -102 -30 -460 -588 -316 -481 -231 -574 -502 0
-239 -51 -302 -430 -135 -526 -105 -232 -226 -460 -481 -502 -130 -13 -579 -231 -367 -373 -379 507 -259 -283 0
303 -202 -521 -513 -250 -398 -481 -231 -574 0
67 -202 -114 -478 -267 -502 -583 -85 -43 -317 -521 -222 -367 -291 -402 -120 0
70 -409 -46 -513 -594 -13 -402 -69 -114 -267 -502 -85 -43 -317 -521 -367 -120 -533 -339 -563 -535 -81 -302 -250 -398 -481 -231 -574 0
479 -585 -250 -502 -302 -409 -513 -204 -46 0
401 -194 -197 -424 -306 -565 -447 -120 -222 -69 0
239 -250 -13 -69 -197 -561 -535 -81 -302 -46 -502 -513 -588 -460 -71 -43 -521 -367 -533 -481 -231 -574 -434 -526 -344 -279 -56 -135 -379 -579 -373 -21 0
-231 -105 -379 -579 -430 -302 -135 -526 -232 -226 -130 -13 507 -259 -283 -59 0
-105 -135 -379 -526 -226 -579 507 -259 -430 -302 -232 -130 -13 -283 -59 0
-135 -579 -379 -526 -232 -176 -226 507 -259 -430 -302 -130 -13 -283 -59 0
234 -143 -430 507 -259 284 -379 -579 -278 -226 0
-579 -232 -379 -226 -430 507 -259 -526 -176 -302 -130 -13 -283 -59 0
233 -120 -565 -400 -386 -416 -563 -174 -591 -536 -433 -206 -226 0
-142 -342 -208 -388 -565 -386 -416 -551 -174 -497 -308 -563 -591 -206 -105 -379 -232 -400 -433 -226 -513 -593 -526 -144 -21 -430 -135 0
198 -286 -206 -105 -379 -591 -226 -109 0
441 -105 -208 -388 -565 -416 -551 -497 -308 -563 -591 -206 -430 -379 -232 -226 -513 -593 -526 -21 -135 -109 -600 -147 -344 -56 0
-105 -135 -513 -481 -308 -353 -302 -591 -206 -379 -593 -526 -46 -521 -10 -21 -344 -240 -440 -208 -388 -565 -416 -551 -497 -430 -232 -226 -109 -600 -56 -137 -104 0
-135 -593 -513 -86 -526 -21 -226 -232 -176 -481 -308 -353 -302 -591 -206 -379 -46 -521 -10 -344 -240 -440 -208 -388 -565 -416 -551 -497 -430 -109 -600 -56 -137 -104 0
144 -595 -430 0
-232 -379 -226 -526 -176 -302 -430 -130 -13 507 -259 -283 -59 0
480 -303 439 -169 -256 -21 -201 -307 -259 -285 -79 -282 -13 0
-303 -221 -317 -536 -513 439 -169 -256 -21 -201 -307 -259 -285 -282 -13 -267 -504 -302 0
511 -186 -246 -372 -225 -398 -306 -251 -114 -518 -169 -409 -221 -202 -46 -536 -480 0
-400 -89 -114 -342 -64 -406 -271 -383 -475 -194 -225 -197 -227 -374 -356 -71 -59 -518 -35 -460 -317 -12 -588 -521 -251 -575 -409 -398 -231 -302 -157 -46 -594 -513 -246 -372 -306 -169 -202 -536 439 -256 -21 -201 -307 -259 -285 -282 -13 -267 -504 -217 -102 -67 -402 0
-479 -480 -319 -181 -374 -35 -166 -59 -12 -398 -460 -594 -521 -251 -575 -409 -231 -302 -157 -46 -588 -513 -214 0
479 -374 -475 -271 -225 -120 -89 -64 -289 -338 -32 -521 -536 -409 -513 -21 -526 -240 -205 -135 -440 -105 -600 -56 258 -72 -46 0
-440 -256 -21 -307 -259 -285 -282 -13 -302 -59 -521 -46 -588 -513 -475 -271 -225 -64 -536 -526 -240 -205 -135 -105 -600 -56 258 -72 -406 -227 -518 -67 -430 -277 -87 -198 -344 -441 0
-105 -135 -302 -526 -553 -277 507 -283 -259 -430 -205 -13 -59 -67 -226 -379 -233 -103 0
-480 -479 -521 -481 -374 -45 -59 -273 -13 -591 -71 -258 -585 -302 -205 -588 -513 -120 0
480 -120 -521 -344 -109 -197 -144 -430 -398 -481 -563 -497 -18 -591 -537 -258 -81 -409 -302 -46 0
-135 -205 -13 -59 -302 -430 -277 -526 -233 -379 -176 -553 507 -283 -259 -67 -226 -103 0
206 -480 -399 -302 -513 -593 -13 -591 0
380 -67 -155 -119 -375 -344 -240 -56 -561 -441 0
-440 -468 -11 -344 -79 -256 -21 -307 -259 -285 480 -282 -13 -441 -56 0
-379 -226 -526 -259 -13 -302 -430 -176 -59 -553 507 -283 -130 0
441 -256 -13 -226 -513 -205 -302 -480 -526 -56 0
-256 -480 -526 -302 -513 -13 -591 -205 -226 -430 -282 284 -439 0
441 -101 -289 -65 -220 -553 -469 -114 -526 -344 -277 0
-480 -439 507 -259 -430 -553 -526 -302 -226 -205 -13 284 0
34 -458 -11 0
-256 -34 -577 -199 -13 -439 -226 -205 -56 -257 0
-226 -13 -259 -430 507 -302 -553 -526 -176 -59 -283 -130 0
301 -381 -561 -59 -585 -205 -513 -256 -480 -81 0
58 -504 -480 -585 -588 -513 -462 0
512 -576 -265 -504 -256 -585 -480 -302 -205 0
441 -71 -256 -227 -205 -561 -13 -591 -228 -81 -588 -480 -513 -585 -302 -462 -59 -56 0
478 -585 -480 -302 -513 -13 -591 -205 -59 -256 -521 -588 -462 -204 0
-440 -480 -176 -526 -256 -59 -227 -225 -588 -513 -205 -302 -561 -81 -13 -591 -521 -21 -433 -240 -56 -228 -70 0
511 -36 -137 -90 -182 -551 -231 -115 -13 -278 -265 -256 -232 -205 -103 -355 -59 -380 -461 -86 -588 -584 -480 0
-480 -256 -13 -205 -302 -232 -59 -430 507 -259 -196 -70 -283 -526 -176 -227 -433 -228 0
-439 -440 -344 -561 -11 -579 -56 0
-440 -397 -242 -251 -521 -279 -79 -256 -21 -307 -259 -285 480 -282 -13 -344 -561 -11 -579 -56 0
244 -305 -194 0
35 -178 -155 -244 -208 -225 0
401 -119 -289 -69 0
34 -214 -401 -483 -344 -561 -11 0
512 -483 -69 -526 -242 -196 -70 -433 -430 507 -259 -205 -256 284 -279 -79 480 -13 0
-440 -579 -70 -240 -21 -561 -583 -344 -56 -380 -11 0
-256 -196 -70 507 -283 -259 -430 -205 -526 -433 -13 -232 -302 -59 -176 -227 -228 0
441 -538 -229 -266 -398 -56 -65 -101 -220 -553 -469 -289 -526 -344 -114 0
478 -361 -344 -278 -173 -229 -56 -65 -101 -220 -553 -526 -584 -199 -70 -521 -252 -353 -302 0
-439 -374 -521 -68 -289 -59 -482 -561 -11 -344 -440 -56 0
-283 -505 -430 -526 -506 -259 0
257 -592 -13 -539 -307 -231 0
511 -411 -243 -231 -21 -239 -402 -94 -435 -278 -526 -562 -13 -205 -256 -480 0
512 -302 -480 -243 -513 -13 -205 -256 0
511 -205 -525 -402 -21 -94 -239 -259 -526 -561 -562 -13 -558 -34 -196 -12 -256 -231 -47 -480 -243 -435 -278 0
215 -485 -457 -561 -483 -25 0
214 -64 -267 -503 -32 -58 -483 -102 -402 0
-205 -216 -561 -402 -342 -267 -173 -372 -231 -550 -256 -13 -47 -162 -506 -480 -243 -513 -525 -21 -94 -239 -259 -526 -558 -196 -12 -435 -278 -200 -201 -430 0
308 -589 -256 0
594 -302 -520 -521 -583 -250 -600 -70 -145 -574 -136 -267 -231 -506 -539 -13 0
230 -354 -302 -250 -574 -397 0
479 -250 -231 -574 -278 -526 -13 -520 -521 -583 -600 -70 -145 -136 -267 -506 -513 0
161 -382 -171 -194 -600 -134 -145 -175 -136 0
-400 -482 -476 -272 -373 -58 -88 -65 -533 -225 -338 -32 -291 -216 -102 -68 -402 0
-482 -208 -561 -65 -25 -32 -291 -216 -68 -476 -272 -373 -58 -88 -533 -225 -338 -102 -402 0
258 -105 -402 -561 -476 -88 -225 -13 -162 -506 -145 -136 -267 -372 -232 -196 -226 -70 -562 -535 -231 -513 -47 -480 -278 -526 -520 -521 -87 -21 -239 -259 -589 -308 -16 0
537 -291 -534 -402 -562 -221 0
-521 -13 -480 -513 -402 -330 -231 -256 -561 -476 -88 -225 -162 -506 -145 -136 -267 -372 -196 -47 -278 -526 -520 -21 -239 -259 -380 -342 -173 -550 -525 -94 -12 -435 -200 -201 -430 0
478 206 -256 -259 -562 -239 -21 -102 -402 -380 -215 -561 -94 -435 -480 -588 -513 -302 -13 -591 -575 -70 -204 0
250 -352 -435 -402 -290 -278 -526 -562 -513 -480 -256 -259 -239 -21 -380 -215 -561 -588 -302 -13 -70 -94 -242 0
512 -102 -435 -94 -173 -402 -215 -256 -561 -259 -239 -21 -409 -562 -309 -302 -47 -480 -513 -13 -243 0
-251 -302 -278 -526 -480 -513 -435 -94 -173 -402 -215 -256 -561 -259 -239 -21 -562 -231 -47 -13 -242 -290 -380 -588 -70 0
354 -174 -344 -535 -371 -278 -80 -399 -302 -250 0
257 -562 -535 -221 -402 -344 -302 -243 -353 -278 -399 -250 -215 -561 -259 -574 -589 -229 -16 0
258 -399 -47 -203 -243 -379 -107 -505 -250 -226 -21 -353 -232 -239 -302 -278 -259 -574 -134 -589 -229 0
-399 -243 -119 -344 -290 -302 -210 -353 -535 -278 -250 -215 -561 -259 -574 -589 -229 -256 -47 -203 -107 -505 -21 -239 -134 0
-243 594 -583 -250 -539 -574 -302 -13 -344 -47 -505 -21 -239 -259 -203 -589 -256 -278 -119 -290 -535 -215 -561 -134 0
594 -259 -505 -344 -583 -215 -561 -21 -256 -302 -203 -539 -13 -47 -239 -290 -535 -309 -526 0
352 -457 -209 -565 -344 -159 -120 -284 -494 -400 -68 -216 -520 -302 -251 0
-521 -557 -457 -565 -486 -344 -120 -209 -284 -400 -68 -216 -520 0
506 -162 -108 0
507 -226 -174 -439 -144 -344 -432 -284 -239 -259 0
277 -399 -239 -302 -135 -21 -108 -505 -144 -344 -259 -561 -256 -309 -539 -262 -583 0
283 -227 -233 -120 -166 -68 -102 -400 -29 -64 -239 -265 -440 -344 -282 0
-283 -506 -526 -505 -259 0
258 283 -317 -233 -120 -166 -68 -102 -400 -29 -539 -239 -440 -344 -282 -221 -80 -256 -590 0
303 -317 -309 -256 -215 -233 -120 -166 -68 -102 -400 -29 -539 -239 -440 -344 -221 -561 -259 -370 -526 -505 -108 0
-283 -440 -344 -239 -21 -526 -505 -259 0
-399 -259 -256 -561 -215 -239 -344 -21 -526 -505 -302 -309 -120 -68 -102 -400 -29 -539 -221 -108 -279 -135 -144 -262 -583 0
-283 -231 -539 -592 -13 -256 -252 -354 -259 -302 -108 -526 -505 0
483 -26 -215 0
257 -483 -561 -302 -259 -354 -252 -13 -539 -592 -231 0
301 -231 -526 -480 -513 -302 -402 -215 -256 -561 -259 -239 -21 -47 -13 -290 -55 -505 -203 -441 -252 -354 -81 0
-440 -102 -400 -68 -539 -120 -221 -18 -256 -460 -207 -483 -591 -561 -29 -259 -279 -239 -200 -441 0
-251 -354 -302 -526 -480 -513 -231 -278 -173 -402 -215 -256 -561 -259 -239 -21 -94 -435 -47 -13 -562 -290 -380 -588 -70 -252 0
-259 -526 -302 -309 -480 -513 -402 -256 -561 -239 -21 -47 -13 -400 -539 -587 -505 -203 -592 -262 -583 -535 0
279 -506 -21 -430 -13 -197 -592 -226 -105 -526 -232 0
-440 -482 -215 -250 -203 -583 -87 -21 -375 -13 -592 -68 -526 -232 -226 -105 -47 -505 -283 -344 -441 0
481 -231 -513 -478 -574 -262 -302 -162 -215 -60 0
-231 -162 -262 -574 -215 -482 -513 -478 -302 -539 -60 0
507 -375 -389 -302 -79 -256 -262 -574 -215 -482 -513 -478 -539 -357 -47 -29 -200 -439 -587 -283 0
-526 -239 -302 -592 -13 -583 -21 -505 -256 -262 -513 -478 -309 -561 -480 -402 -400 -535 0
-574 -301 -262 -482 -513 -231 -478 -215 -302 -539 0
-301 -482 -344 -239 -47 -133 -259 -283 -512 -256 -13 -215 -118 -539 -231 -309 -513 -302 0
483 -574 -231 -262 -539 -215 0
481 -283 -290 -133 -21 -118 -239 -259 -561 -215 0
285 -59 -47 -118 -239 -160 -21 -505 -344 0
-574 -283 -13 401 -118 -47 -133 -239 -259 -309 -505 -21 -302 -481 -231 -262 -539 0
-283 -231 -277 -561 -142 -239 -259 -512 -256 -13 -539 -21 -309 -47 -133 -118 -513 -302 401 0
26 -231 -539 -372 -262 0
481 -26 -215 0
238 -105 -118 -68 -176 -277 -133 -441 -21 0
257 -483 -302 -259 -561 -13 -539 -592 -231 -262 0
301 -441 -68 -277 -133 -118 -21 -379 -505 -239 -259 -81 0
-440 -322 -197 -200 206 -441 0
432 -55 -277 -200 206 -441 -142 0
-440 -195 -227 -192 -12 -233 -68 -225 -118 -177 -375 -162 -59 -460 -29 -239 -200 -441 0
-231 -259 -277 -239 -133 -21 -142 -587 -13 -256 -309 -302 -118 -561 -539 -512 -47 -513 401 0
303 -280 -505 -440 -13 -436 -354 -251 -94 -520 -292 -556 -159 -494 0
161 -104 -133 -375 -136 -60 0
439 -440 -115 -142 -47 -432 -21 -505 -133 -60 -101 -13 -494 -302 -457 -520 -292 -159 -226 -232 -486 -344 -535 -174 -371 -80 -399 -250 -277 -287 -284 -239 0
441 -284 -505 -21 -344 -239 0
-440 -115 -142 -47 -432 -21 -505 -133 -60 -101 -13 -494 -302 -457 -520 -292 -159 -226 -232 -486 -344 -535 -174 -371 -80 -399 -250 -277 -287 -284 -239 0
507 -494 -302 -133 -104 -136 -60 -159 -21 -432 -174 -284 -344 -439 -226 -239 -259 0
-259 -133 -21 -302 -47 -239 -277 -142 -13 -292 -561 -256 -309 -587 -118 -539 -512 -513 401 0
231 -267 -87 -302 -583 -21 -79 -539 -430 -256 0
439 -482 -215 -574 -262 -539 -87 -302 -583 -21 -79 -256 -505 -283 -344 0
-239 -400 -13 -21 -256 -513 -309 -561 -512 -480 -402 -302 0
441 -284 -561 -260 -256 -344 0
-231 -277 -535 -221 -81 -302 -262 -539 -215 -230 -372 0
506 -221 -256 -535 -309 -302 -262 -539 -215 -430 -260 -344 -440 -561 0
308 -266 -539 -400 -68 -277 -221 -535 -226 -18 -55 -200 -441 432 -592 -207 -13 -256 0
-284 -73 -225 -290 -108 -162 -302 -256 -309 -539 -400 -68 -221 -535 -592 -13 -203 -460 -561 -356 -29 -215 -262 -430 -440 -344 -282 -260 -285 0
308 -26 -118 -215 -400 -68 -521 -242 -203 -21 -240 -440 -561 -583 -344 -379 -56 -18 -592 -207 -13 -256 0
-231 -267 -215 -583 -521 -290 -89 -470 -221 -2 -535 -172 -302 -551 -256 -309 -400 -68 -242 -203 -21 -240 -440 -561 -344 -379 -56 -592 -13 -430 -277 -262 -539 -372 -505 -283 -260 0
439 -430 -302 -583 -21 -539 -561 -256 -260 -309 -215 -521 -290 -470 -221 -2 -535 -551 -400 -68 -242 -203 -240 -440 -344 -56 -592 -13 -262 -505 -283 0
-589 -233 -368 -73 -137 -583 -458 -592 -506 -561 -85 -13 -256 -440 -344 -439 -56 -133 -309 -591 0
-259 -231 -256 -561 -13 -513 -302 -56 -460 -539 -592 -480 -368 -73 -137 -583 -458 -506 -85 -440 -344 -439 -133 -309 -505 -430 -283 -260 0
259 -381 -256 -561 0
-400 -21 -561 -13 -256 -513 -302 -480 -309 -512 -402 0
-215 -242 -302 -250 -574 -521 -26 -262 -539 -231 -214 0
-301 -32 -498 -379 -422 -21 -440 -240 -561 -583 -344 -56 -203 -13 -242 -592 -478 -539 -250 -231 -513 -574 -302 0
234 -267 -13 -539 -100 -592 -535 -162 -81 -498 -379 -422 -21 -440 -240 -561 -583 -344 -56 -203 -242 -478 -250 -231 -513 -574 -302 -95 -374 -435 -118 -226 -67 0
-283 -259 -289 -67 -13 -539 -100 -592 -535 -379 -21 -440 -561 -583 -344 -478 -250 -513 -574 -302 -47 -256 -589 -238 -436 -203 -505 -55 -285 0
282 -231 -250 -13 -592 -262 -539 -302 -21 -505 0
-301 -231 -478 -520 -250 -262 -203 -513 -574 -302 -539 0
233 -565 -12 -36 -557 -120 -592 -539 -493 -597 -133 -317 -518 -324 -176 -277 -105 0
-215 -198 -115 -203 -550 -72 -226 -67 -232 -12 -36 -592 -539 -493 -324 -176 -277 -105 -431 -21 -220 -238 -564 -535 -259 -172 -79 -16 -289 -372 -561 -256 -520 -302 -13 -231 -262 -574 -214 0
239 -32 -561 -136 161 -225 215 -423 -193 -558 -47 -12 -36 -1 -172 -324 -550 -16 -115 -256 -142 -79 -431 -259 -21 0
81 -533 -564 -16 -535 -256 0
234 161 -136 -561 -225 215 239 -558 -47 -12 -36 -1 -172 -324 -550 -16 -115 -256 -79 -431 -259 -21 -203 -198 -72 -226 -67 0
-231 -136 -67 -232 -277 -561 -47 -12 -1 -172 -550 -16 -115 -256 -259 -21 -203 -226 -238 -535 -289 -520 -592 -539 -220 -372 -302 -13 -262 -574 -214 -478 -250 -513 -436 -505 -199 -440 -280 0
-56 -313 -432 -219 -21 -66 -505 -47 -265 -280 -55 -440 0
-259 -589 -67 -12 -277 -402 -302 -535 -28 -256 -436 -199 -21 -505 -55 -440 -289 -214 -561 -238 -1 -172 -47 -574 -539 -115 -203 -592 -220 -372 -13 -262 -478 -250 -513 -100 -379 -583 -344 -285 0
-301 -337 -95 -100 -435 -13 -226 -592 -232 -539 -277 -231 -513 -478 -574 -302 0
102 -352 -203 -250 -411 -32 -13 0
537 -232 -67 -411 -203 -226 -435 -250 -95 -13 -100 -592 -539 -277 -231 -513 -478 -574 -302 -498 -330 -563 -220 0
-589 -277 -592 -262 -539 -302 -256 -535 -67 -203 -100 -13 -513 -478 -220 -583 -21 -47 -436 -505 -55 -440 -285 -561 -12 -402 -28 -199 -289 -214 -238 -1 -172 -372 -379 -344 -309 0
-56 -198 -561 -271 -483 -302 -574 -242 -26 -262 -539 -231 -214 -532 -285 -13 -592 -21 -505 -44 -28 -338 -203 -436 -564 -379 -440 -87 -583 -344 -579 -240 -55 0
204 -387 -67 -417 -32 -600 -422 -170 0
-215 -147 -406 -271 -466 -600 -114 -225 -209 -64 -320 -374 -356 -59 -383 -460 -72 -203 -67 -417 -32 -422 -532 -289 -314 -561 -520 -26 -483 -214 0
228 -483 -561 -406 -271 -600 -114 -209 -64 -59 -203 -67 -32 -532 -289 -26 -214 -47 -12 -131 -527 -116 -587 -108 206 -441 -505 -160 -285 -302 -574 -242 -262 -539 -231 -13 -592 -21 -44 -28 -338 -564 -440 -583 -344 -579 -240 0
-574 -406 -271 -114 -209 -64 -203 -67 -32 -532 -289 -561 -26 -214 -47 -12 -131 -108 -116 -587 206 -441 -505 -285 -21 -440 -583 -344 -579 -527 -302 -262 -539 -231 -13 -592 -44 -28 -338 -564 -259 -354 -81 -575 0
-56 -522 -21 -379 -440 -87 -561 -583 -344 -579 -238 -203 -259 -285 -47 -282 0
239 -147 -271 -406 -114 -225 -209 -64 -215 -356 -59 -460 -72 -203 -67 -32 -532 -289 -561 -520 -26 -214 -131 -73 -47 -579 -457 -12 -36 -136 -105 -324 -550 -116 -277 -55 206 -441 -200 -431 -87 -259 -21 0
432 -170 -203 -599 -242 -565 -21 -239 -209 -388 -319 -73 -47 -457 -12 -36 -136 -105 -313 -324 -550 -527 -116 -277 -55 206 -441 -200 0
48 -565 -599 -209 -170 -203 -388 -242 -319 -313 -410 -340 0
-215 -162 -73 -209 -12 -47 -203 -21 -431 -527 -116 206 -441 -259 -271 -406 -114 -225 -64 -460 -67 -32 -532 -289 -561 -26 -214 -131 -579 -28 -285 -440 -583 -344 -282 -481 0
11 -293 -527 -446 -558 -36 0
-200 -242 -313 -527 -116 -67 -64 206 -441 -32 -431 -21 -131 -579 -47 -12 -446 -532 -203 -289 -209 -28 -521 -285 -440 0
-242 -504 -64 -60 -32 -259 -203 -505 -506 -47 -289 -21 -440 -561 -583 -344 -579 -285 -313 -527 -116 -67 206 -441 -431 -131 -12 -446 -532 -209 -28 -521 0
-200 -313 -431 -527 206 -441 -225 -114 -388 -406 -271 -191 -44 -21 -73 -410 -47 -12 -446 -532 -289 -28 -521 -285 -440 0
-440 -285 -21 -47 -441 -114 -12 -289 -28 -203 -505 -561 -583 -344 -67 -214 -587 -302 -262 -539 -13 -592 -220 -535 -372 -100 -256 -309 -513 -478 -402 -1 0
285 -505 -280 0
240 -216 -402 -30 -320 -26 -389 -561 -259 0
-215 -389 -561 -26 -216 0
210 -528 -198 -374 -305 -144 -119 -225 -592 0
526 -566 -191 -198 -561 -368 -144 -119 0
156 -389 -320 0
528 -81 -535 -591 -198 -564 -533 -172 -455 -434 -208 -524 -96 -592 -305 -292 -119 0
522 -320 -208 -198 -144 -225 -592 -535 -564 -172 -434 -524 -96 -30 -402 -561 -26 -259 -238 -486 -557 0
260 -527 -55 -277 -441 432 -200 -119 -368 -250 -478 -262 -203 -513 -520 -302 -539 -352 -59 -162 -136 -49 -550 -314 -386 -598 0
118 -591 -440 -47 -285 -12 -114 -441 -203 -505 -561 -344 -372 -513 -478 -402 -480 -21 -14 -108 -162 -59 -368 0
210 -215 -277 -557 -486 -225 -290 -440 -47 -285 -12 -203 -505 -561 -344 -513 -478 -480 -21 -108 -162 -368 -238 432 -200 -250 -520 -352 -49 -314 -598 0
-389 -320 -155 -388 0
19 -480 -277 -440 -47 -12 -203 -561 -344 -478 -557 -21 -368 -200 -250 -520 -352 -171 -340 -458 -280 -35 0
528 -550 -49 -136 -599 -162 -171 -340 -520 -320 -208 -198 -225 -592 -535 -564 -172 -434 -524 -96 -30 -402 -561 -259 -238 -486 -557 -368 -565 -388 -375 -134 0
-389 -58 -561 -513 -480 -402 -372 -215 -80 -481 -250 -352 -203 -478 -21 -162 -460 -30 -177 -357 -225 -320 -388 0
210 -118 -402 -357 -460 -520 -557 -481 -486 -215 -561 -513 -480 -372 -80 -250 -352 -203 -478 -21 -162 -225 -320 -388 -134 -368 -528 -30 -592 -565 0
-118 -357 -320 -460 -375 -481 -215 -565 -388 -208 -402 -520 -557 -486 -561 -513 -480 -372 -80 -250 -352 -203 -478 -21 -162 -225 -134 -368 -528 -30 -592 0
283 -215 -344 -239 -561 -21 -203 -47 -352 -520 -557 -592 -368 -480 -250 -478 -134 -171 -340 -458 -35 -200 -440 -506 0
285 -239 -458 -35 -561 -200 -440 -344 0
241 -557 -561 -458 -35 -344 -21 -203 -47 -368 -478 -340 -200 -440 -277 -12 -280 0
-26 -389 -409 -203 -241 -344 -440 -280 -200 -35 -320 -458 -21 -561 -215 0
439 -520 -592 -486 -557 -374 -561 -241 -409 -21 -277 26 -209 -284 -280 -35 -437 -344 -200 0
285 -458 -21 -35 -561 -200 -440 -344 -280 0
-60 -528 -577 -592 -379 -108 -133 -136 -375 -368 -162 -59 0
60 -80 -227 -498 -239 -277 -259 -68 -21 -379 -505 -441 -105 -33 -162 19 -375 -225 -155 -320 -478 -75 -588 -461 -368 0
-239 19 -577 -592 -379 -108 -136 -368 -162 -227 -277 -259 -21 -505 -441 -33 -225 -155 -320 -478 -75 -588 -461 -30 -402 -215 -26 -314 -550 -49 -147 -600 -238 0
526 -227 -434 -96 -198 -294 -144 0
-528 -565 -374 -208 -144 -198 -225 -592 -133 -526 0
-215 -320 -440 -47 -12 -203 -561 -344 -478 -21 -368 -26 -592 -277 -340 -409 -557 -280 -200 -35 -458 0
-320 -592 -26 -561 -557 -21 -440 -47 -12 -203 -344 -478 -368 -277 -340 -409 -280 -200 -35 -458 0
320 -26 -49 -550 -114 -136 -520 -561 -241 -259 -409 -238 -203 -21 -478 -431 -588 -340 -90 -75 0
522 240 -557 -26 -320 -402 -30 -486 -561 -259 0
240 -526 -200 -230 -21 -557 -409 -241 -203 -344 -440 -280 -35 -26 -458 -561 -320 -169 0
215 -256 -550 -526 -200 -430 -536 -81 -49 -136 -147 -471 -600 -114 -169 -520 -402 0
-26 -557 -200 -277 -409 -203 -344 -440 -280 -35 -458 -21 -561 -478 -47 -12 -368 -340 0
155 -592 439 -557 -486 -561 -241 -409 -21 -277 26 -520 -284 -280 -35 -437 -344 -200 0
-155 -320 -389 0
240 -317 -379 -175 -577 -277 -13 -526 -402 -506 -90 -215 -320 -567 -482 -389 -561 -259 0
527 -354 -303 -242 -162 -397 -175 -277 -133 0
319 -461 -588 -356 -75 0
-320 -162 -277 -397 -520 -402 -561 -588 -75 -21 -259 -203 -478 -513 -225 439 -557 -486 -241 -409 26 -284 -280 -35 -437 -344 -200 0
-12 -277 -21 -340 -409 -561 -203 -478 -280 -200 -440 -47 -10 0
326 -53 -424 -393 0
239 -582 -198 -324 -320 -565 -67 -155 -120 -59 -49 -313 -340 -284 -506 -431 -259 -21 0
204 -80 -575 -266 -64 -571 -399 -262 -72 -506 -460 -586 -113 -478 -170 0
400 -49 -259 -506 -21 -147 -409 -203 -266 -72 -113 -478 -369 -340 -74 -320 -238 -198 -324 -565 -284 -431 -388 -485 -558 -371 -520 -26 -215 -30 0
511 -352 -203 -478 -250 -80 -397 -536 -264 0
521 -243 -315 -375 -340 -155 -320 -74 -506 -203 -478 -80 -397 -264 -222 -599 -113 -291 -565 0
120 -526 -113 -495 -222 -315 -478 -340 -513 -320 -225 -264 -155 -397 -208 -277 -565 -506 0
321 -120 -108 -379 -162 -198 -109 -190 -521 -520 -72 -369 -69 -203 -577 -478 -315 -375 -225 -588 -340 -155 -74 0
511 -526 -277 -397 -593 -264 0
527 -584 -86 -62 -379 -471 -222 -227 -317 -69 -277 -120 0
-526 -86 -397 -277 -575 -379 -222 -69 -521 -520 -72 -203 -478 -264 -513 -208 -155 -90 -320 -108 -162 -198 -109 -190 -369 -577 -315 -375 -225 -588 -340 -74 -113 -495 -565 -506 0
221 -383 -86 -584 -195 -62 -304 -471 -445 0
-120 -177 -225 -195 -198 -524 -304 -4 -222 -86 -445 -203 -478 -588 -72 -357 -90 -565 -577 -592 -379 -133 -375 -136 -528 -108 -162 -59 -69 -320 -118 -109 -190 -521 -520 -369 -315 -340 -155 -74 0
20 -357 -203 -478 -74 -320 -155 -208 -565 -198 -524 -4 -222 -445 -72 -520 -90 -577 -379 -375 -59 -69 -109 -190 -369 -315 -340 -397 -277 -575 -264 -113 -495 -506 -284 -80 -599 -291 -409 0
119 -15 -506 -590 -521 -520 -203 -478 -198 -588 -72 -200 -55 -277 -441 432 -461 -208 -565 -225 -592 -133 -528 -577 -379 -375 -136 -108 -162 -59 0
-592 -521 -109 -324 -430 439 -190 -397 -277 -575 -379 -222 -69 -198 -520 -72 -203 -478 -264 -513 -208 -155 -90 -320 -108 -162 -369 -577 -315 -375 -225 -588 -340 -74 -113 -495 -565 -506 -120 -590 -200 -55 -441 432 -461 -133 -136 -59 0
-521 -120 19 -277 -239 -397 -69 -520 -577 -203 -379 -478 -575 -222 -72 -264 -208 -155 -90 -320 -198 -109 -190 -369 -315 -340 -74 -113 -495 -565 -506 -324 439 -590 -200 -55 -441 432 -136 -59 0
-120 -136 -379 -90 -577 -320 -102 -147 -208 -155 -599 -565 -69 -72 -409 -203 -291 -315 -340 -74 -506 -478 -80 -397 -264 -222 -113 19 -277 -239 -520 -575 -198 -109 -190 -369 -495 -324 439 -590 -200 -55 -441 432 -59 0
-239 -147 -324 -155 -208 -565 -113 -495 -222 -315 -478 -340 -320 -264 -397 -277 -506 -379 -90 -577 -102 -69 -72 -409 -203 -291 -74 -520 -575 -198 -109 -190 -369 439 -200 -55 -441 -59 -284 -280 -431 -21 -524 -4 -445 -259 0
526 -518 -133 -4 -225 -105 -324 -597 -198 -144 0
373 -120 -577 -85 -513 -277 -397 -264 -133 -4 -225 -324 -597 -198 -144 -136 -147 -600 -90 -385 -320 -208 -565 -69 -155 -379 0
-120 -397 -198 -277 -109 -356 -190 -320 -369 -155 -133 -59 -374 -577 -85 -513 -264 -4 -225 -324 -597 -144 -136 -147 -600 -90 -385 -208 -565 -69 -379 0
-215 -520 -320 -369 -340 -259 -21 -478 -409 -203 -277 -200 -280 -26 -561 -558 -345 -440 -36 -459 0
118 -375 -521 -120 -30 -476 -320 -340 -313 -550 -49 -136 -162 -238 -60 -216 -369 -291 0
-375 -526 -431 -399 -21 -208 -277 -565 -513 -120 -521 -30 -476 -320 -340 -313 -550 -49 -136 -162 -238 -60 -216 -369 -291 0
375 -147 -136 -171 -49 -203 -550 -478 -313 -588 -340 -74 -259 -320 -238 -155 0
205 -307 0
233 -226 -205 0
-155 -120 -401 -369 -291 -136 -191 -21 -277 -521 -320 -340 -550 -216 -171 -203 -478 -259 -505 -440 -280 -371 -200 -26 -36 -482 -459 -561 0
206 -591 -258 0
205 -591 -258 0
560 -232 -277 -440 -287 -259 -111 0
119 -209 -36 -459 -561 -277 -440 -287 -259 -191 -401 -369 -291 0
34 -313 -550 -340 -136 -224 -160 -505 -280 -200 0
381 -576 -591 -399 -592 -292 -277 -526 -460 -135 -355 -21 -280 -240 -200 -578 -440 0
-120 -287 -277 -200 -440 -21 -280 -259 -558 -561 -459 -36 -550 -340 -136 -505 -320 -371 -26 -482 -369 -191 -401 -291 -521 -216 -171 -203 -478 0
154 -49 -136 -550 -162 -313 -60 -340 -375 -320 0
566 -191 -369 -550 -340 -136 -505 -280 -200 -375 -320 -440 -26 -36 -482 -459 -561 0
-526 -71 -203 -200 -478 -440 -513 -277 -264 -397 -528 0
60 -489 -69 -325 -277 -440 -287 -259 560 -594 -203 -200 -478 -528 -505 -280 -430 -356 -340 -320 -371 -26 -482 0
-520 -26 -320 -203 -277 -200 -440 -259 -369 -478 -280 -340 -21 -36 -11 -561 -459 -558 -345 -409 0
319 -205 -379 -227 -104 -289 -120 -401 -177 -30 -223 -357 -155 0
175 -415 -387 -67 -314 -227 -205 -187 -379 -134 -104 0
-233 -205 -104 -379 -227 -234 0
594 -155 -444 -30 -198 -401 -289 -104 -379 -234 -164 -320 -177 -223 -357 -72 -203 -478 -565 -511 -208 -14 0
592 -318 -62 -234 -511 -104 -86 -478 -379 -303 -577 -353 -14 0
527 -444 -208 -30 -198 -401 -289 -104 -379 -164 -320 -177 -223 -357 -72 -203 -478 -565 -511 -14 -62 -86 -303 -577 -353 -277 0
321 -120 -251 -26 -353 -303 -387 -478 -565 -511 -208 -592 -277 -527 -371 -375 -340 -155 0
-120 -592 -444 -30 -198 -401 -289 -104 -379 -155 -164 -320 -177 -223 -357 -72 -203 -478 -565 -511 -208 -14 -205 -251 -26 -353 -303 -387 -277 -527 -371 -375 -340 0
-592 -205 -371 -353 -26 -303 -478 -340 -511 -320 -155 -387 -208 -565 -444 -30 -198 -401 -289 -104 -379 -164 -177 -223 -357 -72 -203 -14 -251 -277 -527 -375 0
-205 -155 -440 -200 -441 -104 -86 -379 -134 -577 -527 -14 -371 -353 -26 -303 -478 -340 -511 -320 -383 -387 -208 -565 -444 -401 -289 -164 -177 -223 -357 -72 -203 -251 -277 -375 0
307 -60 -481 -511 -86 -478 -379 -303 -577 -353 -14 0
137 -74 -478 -320 -134 -388 -375 -208 -440 -200 -441 -86 -379 -577 -371 -353 -26 -340 -565 -401 -289 -164 -357 -72 -203 -251 -277 -481 -169 -599 505 -49 0
380 -264 -371 -26 -481 -302 -251 -353 -14 -590 -577 -205 0
210 -14 -109 -61 -287 285 -506 -259 -205 -86 -379 -371 -26 -481 -251 -353 -113 -577 -478 -511 -592 -155 0
-380 -303 -307 -158 439 -324 -198 -397 -445 -277 -169 -251 -26 -353 -592 -120 -478 -565 -511 -208 -387 -371 -375 -340 -155 -113 -320 -471 -90 -61 -584 -205 -103 -86 -379 0
-14 -205 -289 -30 -198 -379 -155 -164 -320 -223 -72 -203 -478 -565 -511 -208 -401 -103 -158 439 -324 -445 -277 -169 -251 -26 -353 -592 -371 -340 -113 -90 -61 -86 -423 -109 -287 285 -506 -259 -481 -577 0
-205 -592 -26 -434 -481 -72 -203 -478 -511 -379 -371 -577 -506 -289 -30 -198 -155 -164 -320 -223 -565 -208 -401 -103 -158 439 -324 -445 -277 -169 -251 -353 -340 -113 -90 -61 -86 -423 -109 -287 285 -259 0
-104 -200 -327 -320 -251 -353 -592 -120 -478 -565 -511 -208 -387 -277 -303 -375 -340 -155 -528 -371 -441 -397 -198 -227 -379 -205 -233 -105 0
283 -160 -106 -506 -137 0
285 -401 -441 -88 -200 -68 -120 -63 -521 -137 0
284 -238 -259 -200 0
285 -401 -238 -584 -506 -259 -441 -88 -200 -68 -120 -87 -521 -137 0
283 -133 -176 -506 -200 -142 -277 -441 206 -106 -137 0
-527 -137 -87 -441 -506 -259 -584 -200 -120 -521 -176 -277 206 -106 -375 -320 -251 -353 -592 -478 -565 -511 -208 -387 -303 -371 -340 -155 -528 0
-440 -88 -320 -26 -277 -203 -200 -259 -478 -340 -561 -137 -401 -63 -48 -355 -35 -239 -441 0
-436 -285 -259 -506 -526 -200 440 0
345 -401 -561 -485 -26 -457 -371 0
283 -459 -320 -26 -277 -203 -200 -259 -48 -478 -340 -21 -36 -440 -561 -11 -558 -345 -369 -282 0
-440 -345 -303 -307 -198 -397 -277 -169 -251 -353 -592 -120 -478 -565 -511 -208 -387 -371 -375 -340 -155 -320 -471 -584 -205 -103 -379 -521 -137 -526 -506 -203 -200 -48 -380 -35 -239 0
-285 -357 -30 -259 -200 -283 -506 -526 440 0
-401 -137 -320 -410 -48 -584 -200 -506 -526 -327 -548 -461 -59 -487 -289 -120 -371 -303 -307 -198 -397 -277 -169 -251 -353 -592 -478 -565 -511 -208 -387 -375 -340 -155 -471 -205 -103 -379 -521 -203 -380 -35 -239 0
36 -10 -457 0
71 -375 -303 -307 -198 -397 -277 -169 -251 -353 -592 -120 -478 -565 -511 -208 -387 -371 -35 -340 -155 -320 -471 -584 -205 -379 -521 -506 -203 -48 -380 -263 -415 -100 -410 -327 -106 -528 0
72 -441 -277 -233 -198 -227 0
283 -203 -26 -277 -320 -200 -259 -478 -340 -36 -440 -561 -11 -345 -282 -511 -506 0
-584 -307 -340 -478 -203 -277 -200 -345 -440 -303 -198 -397 -251 -353 -592 -120 -565 -511 -208 -387 -371 -155 -320 -205 -379 -137 -526 -506 -380 0
593 -387 -320 -251 -353 -592 -120 -478 -565 -511 -208 -155 -277 -303 -371 -375 -340 0
-387 -137 -340 -478 -203 -277 -200 -345 -440 -303 -198 -353 -592 -120 -565 -511 -208 -371 -155 -320 -205 -379 -251 -526 -506 -380 -14 0
-137 -251 -14 -592 -506 -205 -379 -371 -526 -353 -478 -511 -155 -208 -565 -340 -203 -277 -200 -345 -440 -303 -198 -120 -320 -380 0
-251 -303 -320 -353 -120 -478 -565 -511 -208 -155 -277 -592 -371 -340 -526 -379 -205 -14 -506 -203 -200 -345 -440 -198 -380 0
309 206 0
345 -203 -340 -440 -561 -277 -478 -200 -511 -506 -282 0
-251 -303 -277 -200 -440 -478 -340 -203 -511 -592 -353 -120 -565 -208 -320 -371 -155 -379 -205 -14 -506 -198 -380 0
307 -205 0
-375 -387 -592 -478 -511 -379 -371 -203 -506 -198 -155 -320 -565 -208 -277 -251 -353 -340 -259 -200 -440 -345 -526 -120 -303 -205 0
594 -240 -277 -320 -200 -259 -478 -340 -440 -203 -345 -511 -506 -26 -47 -560 -565 -526 -208 0
-387 -259 -251 -353 -205 -371 -303 -506 -478 -565 -511 -208 -277 -200 -440 -340 -203 -592 -120 -320 -155 -379 -198 -345 -526 0
-259 -526 -205 -200 -371 -198 -277 -506 -340 -511 -440 -478 -203 -592 -353 -120 -565 -208 -320 -155 -379 -303 -251 -345 0
259 -303 -478 -266 -511 -592 -155 -208 -205 -565 -379 -560 0
-251 -526 -353 -205 -303 -506 -478 -565 -203 -511 -208 -592 -371 -379 -277 -200 -440 -340 -120 -320 -155 -345 0
352 -15 -303 -506 0
251 -303 -284 -506 -511 -478 -203 -353 -26 -307 0
283 -48 -457 -26 -277 -320 -200 -259 -478 -340 -440 -561 -203 -345 -511 -506 0
-345 -303 -592 -478 -511 -379 -371 -203 -506 -155 -320 -565 -208 -277 -353 -340 -200 -440 -120 -205 0
345 -565 -592 -208 -511 -340 -440 -203 -277 -478 -200 -506 0
559 -86 -320 -478 -208 -440 -200 -401 -289 -379 -577 -371 -353 -340 -565 -375 -203 -251 -277 -169 210 -506 -259 -205 -511 -592 -155 0
-303 -565 -205 -371 -353 -379 -320 -478 -208 -440 -200 -340 -277 -203 -506 -511 -592 -155 0
303 -353 -506 -511 -478 -592 0
527 -401 -220 -445 -68 -304 -118 0
507 -528 -104 -230 -303 -220 -118 -26 -371 -361 -172 -325 -228 -379 -205 -234 -440 -70 -200 -35 -48 -345 -259 -239 0
527 -220 -325 -118 -228 -104 -379 -205 -234 -70 -35 -200 -440 -289 -277 0
119 -562 -440 -200 -239 -532 -375 -289 0
439 -198 -471 -220 -64 -172 -195 -401 -32 -434 -169 -69 -228 -104 -379 -205 -234 -70 -345 -200 0
-198 -471 -277 -440 207 -220 -64 -172 -195 -401 -32 -169 -69 -104 -379 -205 -70 -345 -200 0
512 -172 -371 -200 -345 -440 -277 207 -64 -104 -379 -205 -118 -239 -532 -325 -410 -521 -506 -230 -303 -26 -259 -208 -203 -592 -478 0
441 -198 207 -437 -277 0
-198 -100 -277 -440 207 -64 -172 -401 -169 -104 -379 -205 -345 -200 -90 -518 -585 -138 -527 -502 -160 -118 -58 -373 -19 -239 0
-259 -345 -205 -277 -440 -379 -200 -340 -320 -155 -371 -353 -208 -592 -506 -478 -511 -203 0
70 -576 -483 -586 -511 -303 -478 -203 0
439 -70 -228 -434 -200 -173 0
259 -228 -478 -277 -440 -303 -200 -483 -511 -203 -353 -251 -506 -18 -591 -205 0
-208 -353 -478 -511 -200 -506 -440 -205 -277 -379 -340 -320 -155 -371 -203 -592 0
283 -259 -240 -375 -585 -537 -303 -511 -506 -138 0
-259 -562 -371 -565 -67 -241 -398 -144 -353 -251 -303 -506 -174 -527 -307 -18 -500 -258 -375 -177 -591 -240 -225 -280 -284 -585 -537 -511 -138 0
441 -303 -478 -277 -440 -560 -200 -511 -203 -353 -251 -506 -205 -371 -565 -375 -225 -181 -379 0
507 -259 -92 439 -200 -355 -205 -379 -62 -26 -277 -320 -478 -340 -440 -11 -203 -511 -506 0
513 -70 -198 439 -69 -434 -379 -205 -134 -345 -200 -522 -277 -185 -102 -251 -353 -86 -62 -303 -592 -478 0
-70 -245 -179 -198 439 -69 -434 -379 -205 -345 -200 -216 -560 -522 -458 -410 -11 -353 -506 -203 -47 -592 -478 -511 -134 -277 -185 -102 -251 -86 -62 0
-259 -179 -203 -478 439 -379 -205 -200 -560 -458 -11 -353 -506 -592 -511 -277 -62 -355 -225 -92 -26 -320 -340 -440 0
-353 -371 -277 -440 -200 -511 -203 -506 -205 -379 -592 -320 -340 -478 -155 0
479 -259 -560 -411 -483 -34 -574 -578 -307 -231 -592 -258 -591 -280 -11 -284 -506 -511 0
-259 -411 -240 -280 -205 -258 -144 -231 -527 -86 -592 -585 -264 -511 -478 -560 -483 -34 -574 -578 -591 -11 -284 -506 0
441 -574 -205 -592 -511 -478 -560 -284 -506 -26 -371 -251 -242 -203 -437 -277 -379 -200 0
285 -20 -238 -259 -280 0
283 -106 -506 -160 0
480 -259 -238 -282 -506 -284 -160 -14 -592 -242 -511 -203 0
71 -539 -264 -431 -251 -527 -258 -198 -277 -590 -205 -379 -86 -585 0
-259 -36 -205 -320 -340 -478 -203 -277 -200 -26 -440 -379 -251 -242 -72 -198 -79 -343 -238 -282 -592 -506 -511 -160 -14 0
-303 -251 -478 -203 -200 -205 -379 -506 -560 -320 -340 -277 -26 -440 -511 -242 -592 -14 -371 -302 0
-198 -70 -200 -440 -539 -264 -251 -527 -431 -277 -590 -205 -379 -585 207 0
-259 -371 -205 -592 -511 -478 -560 -506 -26 -277 -251 -242 -203 -379 -200 -440 -539 -512 -81 0
-371 -592 -200 -205 -277 -511 -478 -506 -203 -379 -440 -320 -340 -155 0
381 -344 -440 -203 -277 -478 -200 -511 -506 -340 0
441 -251 -155 -320 -200 -205 -340 -398 -362 -259 -284 -379 207 -437 -344 -277 0
439 -259 -203 -478 -258 -511 -591 -506 -228 -340 -440 -277 -200 -344 0
251 -592 -511 -478 -506 -284 -203 -26 -307 0
-259 -398 -155 -320 -200 -205 -340 -440 -362 -251 -379 -344 -277 -203 -478 -511 -506 0
-592 -155 -511 -277 -200 -440 -506 -205 -478 -320 -340 -379 -203 0
-309 -258 -591 -307 0
441 -251 -259 -506 -284 -526 -13 -379 -205 -277 -200 0
-591 -60 -481 -575 -303 -511 -478 206 -538 -583 285 -506 -259 0
206 -172 -26 -485 -205 -511 -478 -538 -506 -259 -238 -526 -277 -320 -200 -36 -340 -440 -203 -282 -13 -560 -379 0
283 -113 -526 -493 -198 -478 -176 -277 -26 -205 -511 -379 207 -482 -506 -137 -320 -200 -36 -340 -259 -440 -11 -203 -345 -282 -160 0
513 -552 -117 -340 -526 -200 -205 -256 -431 -230 -538 -26 -478 -263 0
-251 -259 -440 -379 -205 -200 -203 -13 -511 -340 -526 -538 -26 -478 -130 -277 -506 -320 -485 -560 0
-259 -526 -277 -205 -478 -511 -538 -506 -379 -13 -203 -26 -440 -200 -340 -130 -320 -485 -560 0
-251 -353 -478 -277 -440 259 -200 -18 -511 -203 -228 -506 -483 -591 -205 0
-155 -203 -200 -440 -478 -205 -506 -511 -277 -379 -340 -320 0
206 283 -200 -277 -251 -320 -478 -340 -259 -440 -203 -511 -506 -65 -307 -379 -591 0
439 -61 -136 -92 -532 -562 -437 -200 0
-256 -576 -162 -136 -397 -379 207 -374 -277 -440 -200 -584 -65 -45 -259 -273 -205 -536 0
283 -591 -277 -340 -440 -203 -478 -259 -200 -379 -205 -251 -320 -511 -506 0
206 -591 -511 -478 285 -506 -259 -266 -65 -440 -307 -379 0
25 -264 -371 -397 0
27 -430 -117 -200 -205 -256 -552 -440 -198 -590 -251 -539 -431 -277 -264 -379 -585 207 -303 -576 -511 -586 -478 -203 -314 0
479 -303 -58 -576 -511 -586 -478 -203 -200 -440 -198 -590 -251 -431 -277 -205 -379 207 -256 -117 -552 -371 -397 -340 -538 0
480 -118 -440 -200 -239 -375 -532 -277 -198 -195 -64 -172 -401 207 -379 -205 -345 -522 -241 -410 -511 -203 -47 0
439 207 -440 -251 -277 -205 -379 -200 -502 -511 -478 -203 -340 -538 -374 -259 285 -591 -506 0
-591 -251 -205 -379 -277 -440 -200 -511 -478 -203 -340 -259 -506 -320 0
591 -259 -506 -277 -440 -320 -203 -478 -511 -340 -379 -200 -205 0
441 -502 -511 -506 257 -205 -478 -353 -15 -242 -203 -379 207 -277 -200 0
-303 -72 -478 -203 -511 -277 -538 -506 -374 257 -205 -238 -259 251 -284 0
-256 -259 -205 -478 -511 -203 -506 -374 -277 251 -200 -440 -379 -65 0
-259 -203 -478 -205 -511 -506 -277 -200 -440 -379 -340 -320 0
301 -482 -60 -575 -504 0
206 -389 -320 -522 -586 -47 -478 -160 -106 -200 -559 -440 -65 -203 -277 -511 -506 -340 -307 -379 -16 0
-251 -25 -483 -358 -86 -277 207 -440 -200 -203 -478 259 -511 -506 -205 0
-303 207 -203 -277 -242 -440 -200 -173 -353 -576 -483 -511 -586 -478 -15 -506 0
-203 -506 -200 -478 -205 -440 -511 -277 -379 -320 -340 0
354 -251 -242 0
261 -259 -277 -440 -561 -354 -242 -303 -483 -320 -493 -231 -116 -595 -263 -540 -200 206 -441 -593 -48 -14 -506 -137 -160 0
260 -343 -284 -506 -160 -14 -593 -263 -540 -172 -231 -17 -483 -536 -257 -561 -79 0
-259 -260 -277 -440 -561 -354 -242 -303 -483 -320 -493 -231 -116 -595 -263 -540 -200 206 -441 -593 -48 -14 -506 -137 -160 0
206 -588 -506 -277 -440 -242 -303 -320 -263 -540 -200 -593 -48 -536 -379 -205 -584 -71 0
-251 -238 -259 -48 -282 -506 -284 -303 -15 -242 -252 0
283 -272 -591 -259 -238 -90 -19 -147 -63 -506 -138 0
439 -259 -220 -471 -284 -506 -242 -48 -303 -379 207 -584 -205 -562 -71 -437 -200 0
-251 -21 -48 -280 -284 -506 -303 -15 -242 -252 0
374 -483 -303 -576 -215 -160 -320 -58 0
375 -134 -15 -527 -506 -593 -58 0
285 -527 -576 -320 -15 -303 -506 -593 -462 -240 -588 -21 -520 -259 -280 0
-259 -506 -593 -303 -511 -320 -588 -242 -48 -584 -379 207 -71 -277 -200 -440 -220 -471 -205 -562 0
-251 -461 -483 -71 -576 -584 -303 -86 -48 -280 -284 -506 -15 -242 -252 0
-70 -19 -86 -238 -584 -440 -71 -228 -200 -173 0
421 -191 -369 -215 -401 -567 -67 -325 -33 -8 0
-506 -320 -440 -205 -200 -511 -379 -277 -478 -340 0
207 -309 -307 0
206 -259 -277 -537 -200 -340 -47 -281 -440 -379 0
282 -410 -20 -440 -239 -200 -47 0
-410 -430 -20 -340 -47 -281 -440 -239 -200 0
-259 -79 -200 -277 -203 -20 -340 -47 -281 -440 -205 -539 -594 -352 -574 -13 -537 -379 0
301 -161 -379 -205 -200 -277 -224 -20 -340 -47 -505 -203 -281 -440 -539 -594 -537 -107 0
439 -560 160 -266 -302 -576 -539 -258 -81 -259 -340 -284 -47 -281 -200 0
-259 -20 -440 -200 -47 -203 -379 -281 -505 -277 160 -302 -576 -539 -81 -340 -205 -537 0
506 -511 -440 -340 -200 -205 -277 -478 -379 0
161 -576 -142 -324 -198 -205 -379 -595 -303 -136 0
160 -243 -205 -379 -204 -584 -460 -375 -134 -303 -176 0
283 -324 -198 -205 -379 -506 -356 -238 -478 -511 -477 -432 -48 -282 0
206 -303 -375 -478 -160 -155 -511 -389 -576 -560 -86 -307 -379 0
-242 -302 -259 -284 439 -48 -303 -379 -205 207 -437 -200 257 -506 -511 -315 -552 -142 -595 -159 -371 -558 -399 -522 -280 -21 -243 0
-302 207 -315 -91 -371 -401 -511 -478 -517 -586 -460 -434 -200 439 -595 -599 -142 -182 -166 -399 -259 -284 -48 -303 -379 -205 -437 257 -506 -552 -159 -558 -522 -280 -21 -243 0
-303 -576 -434 -200 439 -113 -468 -61 -138 -271 -91 -337 -511 -478 -506 -315 -371 -401 -517 -586 -460 -595 -599 -142 -182 -166 -259 -284 -48 -379 -205 -437 -552 -558 -522 -280 -21 -243 -229 -590 -375 -160 -155 -389 -329 -560 -86 0
303 -560 -506 -511 -478 -259 -205 -371 -277 -379 -200 -440 -229 -80 0
-441 -259 -200 -315 -389 -379 -205 -511 -478 -506 -182 -440 -48 -155 -277 -477 -432 -356 -89 0
241 -482 -174 -398 -18 -506 -15 -527 -230 -258 -462 -432 -591 -240 -21 -280 -259 -284 -138 -63 -585 -537 -511 -478 -204 0
-242 -241 -506 -280 -284 -48 -15 -303 -21 -252 0
431 -21 -280 -506 0
241 -21 -174 -18 -506 -15 -527 -258 -462 -432 -591 -240 -398 -280 -259 -284 -138 -63 -585 -537 -511 -478 -204 -315 -550 0
230 -303 -259 -591 -576 -258 0
-21 -303 -280 -284 -48 -15 -506 -252 -174 -18 -527 -258 -462 -432 -591 -240 -398 -259 -138 -63 -585 -537 -511 -478 -204 -315 -117 -230 -144 0
-303 -280 -432 -478 -266 -511 -284 -585 -506 -86 -48 -15 -252 -174 -18 -527 -258 -462 -591 -240 -398 -259 -138 -63 -537 -204 -315 -117 -144 -576 0
-259 -74 -506 -511 -48 -478 -432 -315 -277 -379 -89 -205 -200 -389 -182 -440 -155 -477 -356 0
309 -576 -61 -478 -138 -586 -303 -511 -147 -559 439 -434 -200 -91 -379 -271 -205 -589 0
-576 -15 -379 -375 -478 -160 -155 -511 -389 -303 -86 -11 -205 -61 -138 -586 -147 -559 439 -434 -200 -91 -271 -589 0
-15 -11 -559 -379 -205 -375 -478 -160 -155 -511 -389 -303 -86 -61 -138 -586 -147 439 -434 -200 -91 -271 -589 0
20 -303 -559 -379 -271 -205 -478 -160 -155 -511 -389 -142 -138 -586 -200 -589 -89 -345 -440 -238 0
308 -576 -352 -303 -242 0
584 -504 -303 -511 -478 0
-203 -483 -303 -440 -200 -277 -242 -576 -511 -478 -15 -506 259 -86 -25 -358 -205 0
-576 -15 -440 -200 -303 -277 -242 -511 -478 -506 259 -205 -374 -155 -389 -87 -379 -271 0
-15 -303 -440 -379 -205 -200 -277 -242 -511 -478 -506 259 -374 -155 -389 -87 -271 0
-303 -74 -478 -10 -440 -379 -205 -200 -277 -511 -506 259 -155 -389 -271 -409 -142 -89 0
381 -457 -10 -559 -440 -506 -277 -478 -200 -511 -203 -340 0
-511 -440 -379 -205 -277 -478 -200 -340 0
-15 -561 -277 -200 -478 -340 -36 -440 -262 -231 -512 507 -536 -579 -303 -576 308 -506 0
320 -143 -527 -200 -506 283 206 -277 -441 -106 -176 -431 -63 -340 -90 0
-320 -203 -259 -277 -561 -200 -520 -36 -478 -459 -340 -280 -21 -440 -409 -11 -558 -345 -369 -155 0
206 -576 -200 -478 -340 -440 -583 -262 -512 507 -303 -277 -506 -307 -535 -379 0
441 -242 -303 -352 -162 -203 -136 -379 207 -277 -200 0
479 -324 -198 -205 -379 -303 -576 -431 -592 -258 -591 -506 283 -162 -80 0
-242 -203 -506 -21 -303 -478 -205 -379 -576 -592 283 -162 -80 -200 -440 207 -277 0
480 -171 -104 -476 283 -506 -591 -45 -21 -205 -86 -18 -583 -228 -200 -440 -457 -225 -277 -340 -203 -478 -561 -47 0
479 -576 -379 -303 -205 -431 -592 -506 283 -162 -80 -200 -440 -277 207 0
439 -383 -104 -476 283 -506 -591 -225 -45 -21 -86 -583 -228 -205 -70 -18 -437 -200 -434 0
399 -540 -262 -230 0
441 -576 -259 -225 -303 -15 -362 -162 -506 -136 -10 -399 -379 207 -563 -437 -343 -277 -200 0
137 -561 -379 -205 -506 -200 -440 -277 -340 -478 -576 -303 0
-561 -576 -205 -200 -440 -277 -340 -478 -303 -379 -506 0
-203 439 283 -506 -225 -21 -583 -205 -476 -200 -303 -478 -379 -576 -592 -162 -80 -440 207 -277 0
-576 -506 -303 -379 -205 -340 -200 -478 -440 -277 0
137 -64 -259 -277 -561 -200 -520 -203 -478 -36 -340 -280 -21 -440 -90 -47 -72 -303 -227 -162 -379 -205 -233 0
-228 -401 -343 -215 -26 -314 -386 -417 -67 -363 -233 -70 -434 -200 439 -227 0
229 -556 -520 -251 -242 -398 -158 0
397 -371 -417 -422 -67 -600 -401 -314 -574 -242 -215 -26 -302 -262 -539 -231 -203 -102 -251 0
-371 -401 -289 -215 -520 -26 -242 -398 -574 230 -302 -354 -417 -422 -67 -600 -314 -262 -539 -231 -203 -102 -251 0
462 -587 -440 -262 -21 -47 -285 -441 -203 -505 -561 -256 -13 -583 -302 -539 -592 -535 -309 -513 -478 -343 -520 -398 -574 -354 -417 -600 -314 -231 -102 -251 -158 -120 -409 -209 -11 -458 -320 -30 -374 -356 -575 -504 301 -59 0
344 -422 397 -67 -600 -417 -314 -574 -242 -215 -26 -302 -262 -539 -231 -203 -102 -251 0
389 -13 -440 -262 -21 -47 -441 -203 -505 -561 -256 -285 -583 -67 -592 -535 -309 -513 -478 -480 -512 -343 397 -600 -417 -314 -574 -242 -231 -102 -251 -409 -11 -483 -458 0
-480 -64 -340 -440 -561 -478 -203 -200 -483 -575 -231 -277 -262 -441 -505 -256 -583 -592 -535 -309 -513 -512 -574 -251 -51 -116 206 -87 -14 -506 -303 0
301 -409 -561 -200 -203 -478 -36 -340 -21 -440 -277 -459 -11 -369 -345 -558 -64 -540 -592 -238 -14 -506 283 -81 0
-591 -203 -200 -277 -478 -340 -440 -506 -303 -379 -205 0
591 -81 -259 -205 0
-506 -303 -200 -277 -379 -205 -340 -478 -440 0
207 -242 -266 -203 -502 -478 -583 -592 -352 -85 -13 -379 -307 0
206 -259 -281 -200 -79 -440 -535 -379 0
-259 -79 -200 -478 -440 -20 -340 -281 -430 -238 -583 -203 -85 -535 -379 -502 -592 -352 -13 -205 0
206 -60 301 -583 -559 -85 -307 -379 0
301 -409 -203 -200 -478 -583 -592 -85 -379 -205 -440 -505 -20 -340 -281 -430 -238 -535 -107 -161 0
-506 -371 -583 -539 -259 -478 -205 -560 -277 -379 -200 -440 303 -80 -512 -507 0
207 -85 -301 -478 -242 -72 -583 -203 -379 -307 0
285 -301 -205 -379 -478 -242 -72 -583 -203 -36 -47 -539 -259 -277 -200 -440 303 -512 -238 -343 0
12 -340 -64 -262 -203 -277 -259 -200 -561 -520 -478 -36 -539 -280 -21 -440 -409 -320 -11 0
-204 -565 -120 -401 -209 -155 -26 -374 -371 -60 -398 -481 -251 -242 -520 -203 0
261 204 -13 -302 -561 -513 -21 -480 -256 -512 -309 -417 -102 -422 -387 -120 -209 -155 -320 -588 -461 -75 -238 0
-155 -371 -588 -461 -75 -320 19 -135 -259 -13 -302 -561 -513 -21 -480 -256 -512 -309 -417 -102 -422 -120 -209 -238 -314 -182 -398 -251 -242 -401 -60 -481 -520 -203 0
155 -320 -561 -481 -588 -461 -75 19 -135 -262 -60 -539 -504 -266 -64 0
-204 -12 -440 -21 -441 -203 -505 -561 -256 -285 -13 -583 -592 -309 -513 -478 -480 -120 -588 -461 -75 -320 19 -135 -259 -417 -102 -422 -209 -314 -182 -398 -251 -242 -155 -481 -520 -30 0
319 -166 -182 -588 -461 -75 0
-340 19 -561 -480 -256 -309 -461 -13 -135 -259 -417 -102 -120 -209 -314 -182 -398 -251 -242 -481 -203 -440 -441 -285 -583 -592 -478 -504 -64 -458 -11 -200 0
19 -13 -259 -561 -480 -256 -102 -209 -461 -440 -441 -203 -285 -583 -592 -478 -398 -251 -242 -481 -504 -64 -200 -131 -579 -105 -527 -116 206 0
214 -119 -290 -367 -13 -302 -561 -513 -21 -480 -256 -512 -309 -192 0
-204 -13 -440 -21 -441 -203 -505 -561 -256 -285 -583 -592 -309 -513 -478 -480 -192 -375 -60 -481 -231 -398 -410 -251 -242 -520 0
Solved
