291 -148 -169 -136 -52 -259 -181 0
352 -169 -136 -52 -259 -181 0
170 -163 -73 -1 -172 -211 -79 -307 -178 -49 -181 -52 0
289 -186 -163 -231 -317 -136 -259 -226 -61 -84 -104 -29 0
183 -291 -163 -136 -259 -73 -61 -226 -1 -172 -211 -79 -307 -178 -49 0
-291 -163 -136 -259 -226 -61 -1 -172 -211 -79 -307 -178 -49 -181 -73 0
361 -172 -136 -52 -259 -181 -73 -226 -61 -1 -70 -211 -79 -307 -178 0
182 -45 -1 -211 -61 -172 -177 -79 -291 -178 -52 0
75 -125 -85 -331 -321 -186 -337 -317 0
212 -317 -84 -186 -136 -259 -226 -61 -231 289 0
137 -172 -136 -259 -226 -61 -73 -85 -331 -1 -211 -79 -178 -181 -52 0
291 -317 -360 -231 -150 -61 -1 -172 -79 -70 -178 -52 -181 -176 -73 0
183 -317 -211 -136 -259 -226 -61 -231 289 -1 -172 -79 -293 -178 0
207 -83 -226 -28 -211 -126 -320 0
-317 -172 -85 -226 -211 -1 -331 -79 -178 -52 -181 -136 -259 -61 -70 -73 0
-172 -226 -211 -178 -79 -1 -73 -85 -331 -52 -181 -136 -259 -61 -70 0
291 -207 -85 -331 -338 -187 -55 -136 -294 -178 -259 -181 0
3 -125 -211 -320 -317 -186 -136 -259 -226 -61 289 0
321 -45 -175 -61 -359 -259 -230 -136 -85 -153 -249 -338 0
179 -359 -136 -259 -61 -55 -211 -338 -320 -85 -1 -317 -186 -226 289 -52 -181 -79 0
-317 -142 -259 -331 -136 -85 -1 -55 -181 -79 -178 -61 -211 -226 -52 -187 -73 -316 0
290 -206 -85 -331 -339 -187 -55 -136 -293 -178 -259 -181 0
180 -162 -136 -259 -28 -175 -52 -211 -61 -181 -226 207 -320 0
-320 -293 -181 -178 -136 -259 -28 -175 -52 -211 -61 -226 207 -55 -339 0
180 -175 -61 -360 -259 -231 -136 -65 -281 -247 -277 -79 0
367 -136 -259 -79 -61 -331 -85 -1 -52 -211 -187 -73 -70 0
81 -57 -162 -171 -88 -293 -315 -187 -202 -222 -119 0
189 -251 -50 0
174 -130 -323 -171 -194 -162 -184 -56 -1 0
177 -171 -211 -136 -259 -226 -61 -231 -79 -1 -88 -293 -315 -187 -50 -331 -85 -263 -360 -207 -305 -290 0
184 -22 -47 -112 -356 -37 -17 -257 -164 0
256 -225 -60 -78 -27 0
2 -47 -112 -356 -37 -17 -257 -164 -231 -186 0
182 -88 -207 -320 -1 -231 -334 -150 -211 -307 -70 -73 -290 -176 -136 -259 -226 -61 -79 -360 -315 -187 -331 -85 -52 0
183 -226 -61 -360 -207 -176 -367 -290 0
178 -226 -320 -1 -231 -334 -150 -211 -307 -70 -73 -290 -176 -136 -259 -207 -61 -79 -360 -315 -187 -331 -85 -52 0
-226 -290 -320 -187 -211 -307 -70 -73 -85 -79 -180 -1 -231 -334 -150 -176 -136 -259 -207 -61 -360 -315 -331 -52 0
181 -338 -85 -320 -126 -79 -187 -180 -50 0
291 -231 -1 -82 -150 -367 -52 -85 -320 -79 -187 -180 -211 -307 -70 -176 -73 0
138 -207 -61 -1 -52 -85 -320 -79 -187 -180 -211 -307 -70 -73 -334 -136 -259 -331 0
175 -226 -367 -79 -180 -211 -281 -307 -320 -207 -73 -291 0
29 -103 -211 0
-103 -28 -211 0
-226 -207 -211 -291 -61 -177 -367 -79 -180 -281 -307 -320 -73 0
205 -82 -61 -262 -1 -359 -320 0
286 -210 -124 -211 -307 -113 -94 -256 -157 -334 -330 -93 0
-207 -320 -307 -157 -334 -211 -1 -61 -79 -180 -73 -259 -136 -52 -85 -187 -70 -331 0
290 -305 -259 -73 0
213 -226 -259 -136 -61 -1 -320 207 -211 -73 -307 0
289 -176 -61 -135 -226 -211 0
63 -310 -45 -22 -271 -262 0
-176 -226 -367 -52 -211 -61 -287 -331 -85 -360 -280 -343 -201 -136 -337 -70 -259 -73 -291 -135 0
-226 -320 -211 -136 -259 -61 -367 -52 -331 -85 -70 -73 -307 -1 207 0
290 -176 -61 -262 -331 -121 -85 -360 -343 -82 -136 -337 -259 -73 0
286 -209 -124 -211 -307 -114 -94 -256 -157 -334 -329 -92 0
-176 -124 -211 -307 -157 -334 -337 -343 -121 -1 -136 -271 -262 -82 -259 -61 -291 -331 -85 -360 -73 0
-320 -180 -211 -307 -157 -334 -1 -136 -259 -331 -85 -73 -52 -70 -79 -61 -187 0
291 -293 -125 -211 -180 -307 -206 -176 -73 0
62 -176 -344 -136 -338 -307 -259 -73 -125 -211 -180 -206 -231 -84 0
290 63 -180 -281 -367 -214 -331 -85 -231 -344 -211 -136 -338 -307 -259 -73 0
-176 -281 -79 -367 -180 -136 -259 -206 -125 -211 -307 -73 -331 -85 -231 -344 -338 -61 -84 0
-180 -331 -85 -211 -136 -259 -61 -79 -307 -73 -1 -157 -334 -52 -70 -187 0
62 -262 -345 -207 -317 -227 -292 -360 0
-262 -354 -157 -150 -52 -334 -211 -1 -288 -323 -231 -303 -90 -360 -292 -61 -345 -207 -317 -227 0
291 -176 -227 -157 -52 -334 -211 -1 -323 -90 -292 -61 -331 -85 -222 -187 -49 -307 -136 -304 -259 -152 -73 0
290 -222 -85 -187 -49 -323 -307 -70 -279 -259 -73 0
370 -259 -157 -52 -334 -1 -61 -85 -73 -70 0
261 -290 -176 0
371 -307 -211 0
-307 -211 -370 0
138 -79 -151 -370 -280 0
289 -137 -370 -61 -176 -211 -1 -73 -70 0
339 -79 -370 138 -320 -248 0
-79 -164 -23 -317 -1 -320 -338 -370 138 -132 -323 0
63 -226 -1 -193 -320 -338 -370 138 -132 -323 -105 -134 -317 -262 0
-79 -24 -1 -320 -338 -370 138 -66 -132 -323 -152 0
337 -90 -231 -172 -1 -320 0
-226 -320 -199 -338 -1 -323 -370 138 -66 -132 -262 -61 -193 -105 -134 -317 0
358 -105 -30 -214 -61 -199 -338 -1 -323 -370 138 -132 -317 -85 -207 0
81 -249 -279 -178 -151 0
138 -360 -52 -323 -279 -61 -85 -338 -317 -207 -183 -30 -214 -1 -370 -132 -211 0
264 -84 -121 -61 0
292 -153 -226 -249 -132 -323 -183 -89 0
-151 -79 -279 -249 -178 -153 0
Solved
