550 -472 -467 -84 0
473 -181 -1 0
489 -135 -247 -439 -193 -120 -478 -274 -428 -512 0
249 -193 -205 -450 0
183 -473 -525 -44 -191 -54 -450 -382 -205 -247 -222 -467 -84 -289 -1 0
472 -120 -247 -439 -487 -44 -301 -73 -450 -205 -162 -222 -467 -84 0
478 -511 -487 -313 -465 -135 -410 -120 -44 0
513 -184 -228 -451 -558 -142 -525 -244 -274 -522 -427 -266 0
-193 -98 -19 -472 -1 -487 -451 -142 -525 -244 -44 -112 -120 -191 -301 -73 -54 -450 -162 -84 -550 -382 -439 -205 -247 0
45 -135 -120 -478 -112 0
480 -319 -567 -98 -229 -225 -434 -259 -346 -172 0
134 -225 -42 -98 -208 -567 -229 -472 -294 -1 -266 -382 -14 -346 -300 -478 -434 -172 -120 -112 0
231 -255 -378 -574 -208 0
474 -189 -60 -250 -180 -202 -199 -487 -294 -313 -432 -14 -85 -320 -266 -465 -98 -567 -229 -378 -208 -183 -1 0
248 -84 -487 -1 -472 -60 -250 -202 -14 -98 -567 -478 -120 -382 -434 -172 -112 -289 -88 -525 -400 -520 -305 -44 -437 -516 -439 -205 0
2 -575 -44 -222 -305 -84 -520 -487 -14 -410 -527 -299 -525 -191 -54 -450 -382 -205 -247 -467 -289 -1 -213 0
479 -525 -289 -88 -567 -1 -472 -44 -222 -305 -84 -520 -487 -14 -410 -191 -54 -450 -382 -205 -247 -467 -112 -134 -346 -120 0
578 -247 -88 -289 -487 -205 -1 -112 -439 -250 -202 -172 -340 -301 -19 -451 -142 -244 -7 -460 -547 -325 -79 -355 -334 -25 0
118 -134 -213 -565 -382 -301 -73 -205 -193 -247 -439 -487 0
-450 -193 -247 -205 -449 0
472 -213 -119 -382 -301 -73 -205 -247 -439 -487 -45 -449 -221 -468 -83 0
-450 -247 -205 -449 0
478 -134 -83 -515 -205 -221 -247 -487 -411 -195 -119 -45 0
-565 -472 -1 118 -134 -382 -301 -73 -205 -193 -247 -439 -487 -566 0
82 -528 -212 -487 -152 -19 -360 -396 -435 -431 -224 -99 -1 118 -134 -382 -301 -73 -205 -193 -247 -439 -566 -161 -551 0
-193 -134 -566 -468 -83 -152 -19 -360 -435 -99 -1 -487 -382 -301 -73 -205 -247 -439 -161 -37 -438 -172 -119 -515 -478 -195 0
567 -377 -1 -119 -382 -301 -73 -205 -247 -439 -487 -45 -449 -221 -468 -83 -347 -261 -435 -208 -30 -229 0
474 -527 -512 -213 -83 -1 0
120 -520 -250 -202 -15 -1 -83 -487 -439 -247 -205 -99 -119 -382 -301 -73 -45 -449 -221 -468 -435 -227 -88 -524 -400 -59 -172 -134 0
473 -208 -377 -229 -575 -1 0
-213 -259 -435 -346 -224 -478 -319 -299 -99 -1 -473 -119 -382 -301 -73 -205 -247 -439 -487 -45 -449 -221 -468 -83 0
-134 -99 -382 -15 -435 -1 -119 -301 -73 -205 -247 -439 -487 -45 -449 -221 -468 -83 -289 -88 -524 -400 -112 -250 -202 -227 -59 -172 -19 -360 -161 -37 0
474 -213 -478 -45 -411 -465 -487 -566 -83 -1 0
525 -101 -287 -227 -86 -289 -269 -306 -520 0
-213 -346 -83 -478 -487 -221 -45 -533 -465 -229 -6 -576 -468 -1 -119 -382 -301 -73 -205 -247 -439 -449 0
472 -550 -468 -83 0
580 -487 -88 -1 -289 -301 -205 -439 -112 -250 -37 -340 -7 -460 -547 -79 -355 -334 -25 -577 -451 -142 -244 0
326 -525 -231 -25 -67 -577 -173 -64 -334 -580 -79 0
348 -327 -83 -231 -25 -577 -334 -580 -79 -411 -306 -45 -195 -57 -478 -382 0
82 -348 -478 -213 -487 -438 -247 -580 -327 0
211 -528 -306 -574 -520 -266 -159 -513 -289 -231 -300 0
437 -247 -205 0
550 -195 -547 -205 -247 -467 -460 0
194 -550 -478 -213 -487 -348 -247 -580 -83 -460 -547 -205 0
211 -266 -301 -528 -574 -520 -448 -513 -289 -231 -300 -566 0
438 -247 -205 0
450 -195 -289 -334 -547 -205 -247 -301 -460 -213 -1 -173 -134 -478 -112 -464 -83 -326 -340 0
347 -231 -53 -567 -250 -83 -464 -520 -410 -305 -487 -173 -44 -478 -213 0
526 -187 -401 -48 -431 -445 -424 -186 -15 -161 -266 -574 -203 -181 -487 -559 -1 -513 -213 0
43 -574 -181 -266 -20 -513 -487 -527 -431 -161 -203 -1 -213 -359 -296 -434 -24 -263 -293 -334 -74 -131 -253 -577 -243 -451 -345 -208 -25 -142 -523 -244 -520 -305 0
566 -345 -131 -422 -142 -244 -577 -520 -25 -191 -1 -289 -266 -273 -305 -112 -44 -20 -513 -487 -527 -431 -161 -203 -213 -359 -296 -434 -24 -263 -293 -334 -74 -243 -451 -550 -83 -474 -231 0
84 -527 -213 -203 -487 -20 -1 -231 -567 -131 -422 -142 -244 -577 -520 -25 -191 -289 -273 -305 -112 -44 -431 -359 -296 -434 -24 -263 -293 -334 -74 -243 -451 -550 -83 0
-231 -44 -289 -88 -1 -25 -567 -520 -487 -191 -450 -382 -205 -247 -467 -112 -134 -577 -334 -79 -326 -83 -213 -203 -20 -131 -422 -142 -244 -273 -431 -359 -296 -434 -24 -263 -243 -451 -550 -478 -250 -464 -173 0
-574 -53 -191 231 -289 -88 -567 -464 -520 -410 -305 -44 -112 0
474 -181 -1 0
249 -213 -577 -478 -289 -88 -142 -244 -83 -1 -112 -25 -487 -205 -247 -334 -79 -355 -451 -250 -562 -547 -7 -340 -460 -301 -580 -439 0
566 -305 -181 -21 -174 -478 -487 -135 -515 -334 -577 -25 -520 -250 -562 -547 -7 -460 -448 -340 -465 -301 -231 0
450 472 -547 -83 -460 -194 0
-181 -520 -174 -478 -487 -135 -515 -334 -577 -25 -21 -250 -562 -547 -7 -460 -448 -340 -465 -301 -231 -83 -194 -1 0
320 -434 -174 -29 -478 -225 -118 0
525 -270 -334 -577 -520 -25 0
449 -319 -97 -174 -29 -478 -225 -118 -547 -340 -460 -301 0
565 -254 -460 -305 -205 -247 -174 -478 -225 -340 -301 -547 -334 -577 -520 -25 -135 -112 -574 -465 -231 0
473 -305 -520 -574 -289 -213 -478 -83 -487 -327 -247 -580 -25 -577 -334 -79 -547 -460 -231 -205 -194 -301 -174 -225 -340 -135 -112 -465 0
474 -213 -487 -83 -1 -478 -327 -247 -580 -438 0
-231 -520 -301 -289 -478 -213 -83 -487 -327 -247 -580 -25 -577 -334 -79 -547 -460 -205 -194 -174 -225 -340 -135 -112 -465 -515 -21 -250 -562 -7 -1 0
480 -91 -367 -25 -281 -577 -423 -334 -552 -547 -205 -247 -467 -460 -118 0
449 -574 -577 -334 -478 -367 -25 -423 -547 -205 -247 -460 -225 -132 -88 -451 -142 -21 -244 -1 -520 -474 -83 -305 -327 231 -355 -289 -112 -7 0
-574 -305 -88 -37 -289 -213 -83 -478 -487 -327 -247 -580 -547 -460 231 -301 -205 -577 -334 -367 -25 -423 -225 -132 -451 -142 -21 -244 -1 -520 -355 -112 -7 0
-305 -520 -423 -515 -355 -577 -25 -66 -132 -289 -451 -142 -244 -367 -562 -547 -7 -460 -465 -83 -194 -1 -88 -37 -213 -478 -487 -327 -247 -580 231 -301 -205 -334 -225 -21 -112 0
-520 -465 -547 -460 -301 -205 -247 -423 -515 -355 -577 -25 -66 -132 -289 -451 -142 -244 -367 -562 -7 -83 -194 -1 -88 -37 -213 -478 -487 -327 -580 -334 -225 -21 -112 -79 -174 -340 -135 -250 0
565 -231 -112 -412 -434 -523 -28 -1 -474 -465 -135 0
524 -574 -265 -112 -193 -565 -301 -205 -213 -247 -439 -487 -299 -119 -289 -334 -243 -228 -577 -56 -558 -25 0
-231 -299 -367 -289 -265 -537 -552 -63 -423 -60 -180 -515 -379 -74 -24 -577 -243 -171 -25 -523 -112 -193 -301 -205 -213 -247 -439 -487 -119 -334 -228 -56 -558 -474 -567 -412 -434 -28 -1 -465 -135 0
-213 -83 -355 -334 -577 -25 -367 -112 -301 -205 -247 -439 -487 -1 -250 -289 -562 -547 -7 -340 -460 -478 -451 -142 -244 -88 -37 -79 0
522 -305 -45 472 -83 -547 -266 0
521 -135 -45 -120 -547 -334 -301 472 -83 -577 -520 -25 -448 -523 -460 -195 0
472 -574 -83 -460 -205 -247 -45 -520 -120 -334 -301 -577 -25 -195 -231 -112 -547 -182 0
450 -305 -112 -231 -45 -567 -574 -301 0
-305 -567 -231 -205 -334 -577 -520 -25 -247 -580 -79 -325 -45 -547 -460 -112 -574 -301 0
-574 -520 -580 -205 -301 -45 -231 -334 -577 -247 -25 -79 -547 -460 -112 -83 -473 -120 -195 -182 0
574 -231 -205 -247 -547 -83 -460 -301 -473 -580 -1 0
520 -83 -547 -45 -460 -580 -205 -247 -195 0
-231 -45 -205 -301 -580 -334 -577 -247 -25 -79 -547 -460 -112 -83 -473 -120 -195 -182 -1 0
449 -574 -580 -473 -247 -205 231 -83 -289 -88 -520 -112 -547 -7 -460 0
-574 231 -88 -289 -383 -25 -195 -577 -247 -334 -580 -79 -83 -473 -547 -460 -301 -205 -520 -112 -7 0
-83 -478 -547 -7 -460 -301 -1 -88 -25 -577 -247 -334 -79 -205 -112 -289 -355 -367 -439 -487 -250 -562 -340 -451 -142 -244 -37 0
304 -181 -142 -244 -577 -520 -25 -192 -580 -439 -247 -1 -289 -205 -231 -344 -272 -465 -574 -5 -478 -411 -112 -45 0
479 -213 -14 -1 -267 -181 -574 -112 -135 -120 0
-213 -21 -574 -181 -301 -566 -231 -520 -448 -289 -140 -487 -346 -478 -14 -1 -267 -112 -135 -120 0
248 -423 -54 -171 -402 -192 -14 -264 -267 -293 -574 -382 -181 -346 -1 -301 -566 -231 -520 -448 -289 -140 -487 -478 -112 -135 -120 -152 -103 -130 -580 -439 0
249 -140 -402 -250 -181 -308 -54 -478 -487 -120 -315 -135 -580 -515 -439 0
524 -402 -54 -192 -264 -267 -574 -181 -346 -1 -301 -566 -231 -520 -448 -289 -487 -478 -112 -103 -130 -580 -439 -195 -247 -250 -308 -360 -435 -85 -253 -334 -75 -577 -242 -414 -25 0
567 -54 -192 -289 -574 -231 -264 -1 -301 -566 -520 -487 -478 -112 -580 -439 -195 -247 -250 -360 -435 -334 -75 -577 -242 -25 -451 -344 -142 -244 -411 -45 -306 -205 -272 -468 -473 0
336 -100 -355 -87 -577 -269 0
450 -574 -551 -25 -478 -577 -334 -355 -580 -439 -247 -88 -451 -344 -205 -142 -367 -244 -1 -473 -231 -520 -112 -301 -289 -487 -250 -562 -547 -7 -340 -460 0
-45 -410 -221 -44 -231 -205 -334 -577 -520 -25 -247 -580 -79 -305 -567 -547 -460 -112 -574 -301 0
565 -119 -378 -88 -556 -273 -512 -37 -289 -527 -299 -213 -1 -473 -98 0
-574 -520 -547 -205 -247 -460 -88 -37 -289 -478 -112 -231 -334 -577 -1 -25 -79 -301 -355 -439 -451 -142 -367 -244 -487 -250 -562 -7 -340 0
581 -497 -367 -536 -47 -188 -551 -32 -355 -75 -103 -577 -242 -130 -25 -439 -57 -247 -66 0
43 -536 -355 -23 -551 -439 -195 -247 -580 -367 -75 -577 -242 -25 -57 -54 -192 -376 -289 -253 -451 -344 -209 -142 -524 -265 -244 -520 -306 0
-520 -231 -244 -1 -88 -439 -247 -289 -205 -478 -112 -355 -367 -577 -25 -451 -562 -547 -7 -460 -301 -142 -37 -334 -79 -487 -250 -340 0
441 -435 -321 -430 565 -231 -205 -247 -520 -478 -460 -254 -301 -547 -334 -577 -305 -25 -465 -112 -574 -174 0
489 -280 -13 -25 -577 -321 565 -231 -205 -247 -520 -478 -460 -254 -301 -547 -334 -305 -465 -112 -574 -174 -250 -309 -104 -161 -213 -495 -428 -527 -77 0
-460 565 -25 -577 -334 -231 -205 -247 -520 -301 -547 -305 -112 -574 -1 -44 -45 -580 0
-181 -472 -1 0
-348 -300 -566 -231 -520 -448 -266 -289 -574 -301 -478 -213 -83 -487 -327 -247 -580 -438 -346 0
133 -487 -309 -174 -478 -566 -231 -520 -448 -266 -289 -574 -301 -213 -83 -250 -327 -247 -580 -438 -346 -271 -254 -558 -209 -524 -334 -577 -25 -86 0
480 -487 -231 -520 -448 -266 -289 -574 -301 -478 -213 -83 -566 -327 -247 -580 -438 -346 0
-487 -213 -524 -289 -25 -595 -342 -250 -309 -29 -346 -174 -478 -231 -520 -448 -266 -574 -301 -558 -83 -566 -327 -247 -580 -438 -440 -134 -271 -254 -209 -334 -577 -86 0
584 -327 -25 -547 -577 -334 0
-83 -213 -524 -289 -25 -595 -342 -250 -309 -29 -346 -174 -478 -231 -520 -448 -266 -574 -301 -558 -487 -566 -327 -247 -580 -438 -440 -134 -271 -472 -209 -334 -577 -86 -1 0
83 -327 -222 0
-44 -547 -289 -25 -231 -520 -574 -301 -566 -247 -580 -334 -577 -1 -205 -305 -112 -45 0
211 -487 -528 -266 -231 -520 -574 -159 -289 -306 -300 0
101 -402 -382 -574 -54 -14 -171 -267 -293 248 -181 -346 -1 -301 -566 -231 -520 -448 -289 -140 -487 -478 -112 -135 -120 -152 -103 -580 -439 -7 -344 -462 -142 -596 -451 -341 -184 -34 -536 -236 -496 -117 0
-487 -382 -574 -54 248 -346 -1 -301 -566 -231 -520 -448 -289 -478 -112 -135 -120 -580 -462 -341 -294 -75 -564 -594 -556 -208 -25 -584 -577 -523 -334 -86 -534 -266 -6 -550 -327 -468 -182 -474 -212 -528 -159 -306 -300 0
-547 -45 -577 -334 -574 -301 -566 -231 -520 -289 -112 -580 -25 -247 -205 -305 -1 0
-45 -566 -231 -520 -289 -574 -301 -334 -247 -580 -577 -1 -25 -205 -112 -305 0
249 -158 -560 -566 -19 -463 -580 -205 0
567 -276 -134 -119 -543 -5 -461 -546 -205 -247 -204 -301 -158 0
-120 -204 -13 -46 -546 -280 -430 -543 -72 -132 -321 -532 -440 45 -478 -112 0
548 -546 -13 -334 45 -478 -112 -231 -566 -205 -247 -301 -19 -580 -487 -550 -511 -83 -327 0
449 -189 -280 -130 -381 -504 -46 -430 -556 -289 -274 -271 -340 -460 -301 0
230 -214 -254 -280 -13 -577 -381 -556 -25 -378 -289 -55 -66 -271 -384 -460 -301 -194 -205 -247 -130 -504 -46 -430 -274 -434 -28 0
-120 -324 -511 -487 -157 -97 -566 -231 -254 -280 -13 -577 -556 -25 -378 -289 -55 -66 -271 -460 -301 -205 -247 -504 -46 -28 -440 45 -478 -112 0
450 -394 -104 -384 -153 -194 -73 0
565 -216 -458 -369 -11 -22 -460 -301 -448 -104 -384 -153 -194 -73 -432 -321 -254 -225 -524 -269 -334 -577 -520 -25 -85 -28 -465 -231 0
-472 -13 -247 -301 -566 -334 -577 -520 -25 -231 -205 -511 -487 -556 -378 -289 45 -478 -112 -550 -580 -327 -83 -1 0
265 -327 45 -478 -112 -231 -566 -205 -247 -301 -580 -487 -83 -334 -1 -183 -577 -520 -25 -556 -378 -289 0
-327 -83 -520 -267 45 -478 -112 -231 -566 -205 -247 -301 -580 -487 -334 -1 -183 -577 -25 -556 -378 -289 0
272 -254 -209 -524 -556 -293 -289 -274 0
557 -254 -19 -566 -463 249 -580 -205 -209 -213 -524 -299 -293 -289 0
-120 -324 -213 -561 -511 -24 -296 -378 -293 -342 -209 -597 -524 -289 -556 -19 -566 -463 249 -580 -205 -321 45 -478 -112 0
548 -460 -334 -213 -561 -511 -296 -378 -293 -209 -524 -289 -556 -19 -566 -463 249 -580 -205 45 -478 -112 -301 -448 -81 0
547 -422 -267 -550 -5 -1 -472 -511 -83 -213 -527 -487 -524 -289 -81 -556 -566 -463 249 -580 -205 -209 -299 -293 -334 -378 -577 -65 -25 -56 0
237 -553 -34 0
-120 -31 -504 -330 -318 -34 -29 -342 -264 -296 -424 -276 -261 -532 45 -478 -112 0
335 -563 -25 -577 -81 0
-83 -487 -478 -112 -378 -289 -556 -566 -580 -205 -334 -577 -520 -25 -301 -267 -1 45 -231 -247 -183 0
462 -209 -430 -381 -254 -28 -319 -378 -473 -231 -98 -556 -37 -119 -512 -289 -527 -299 -213 -1 -566 -301 -448 0
-472 -209 -524 -556 -254 -289 -274 -271 -384 -5 -194 -467 -551 -84 -473 0
472 -467 -247 -194 -301 -551 -566 -205 0
248 -254 -556 -524 -289 -274 -384 -5 -194 -551 -84 -473 -381 -319 -378 -231 -119 -512 -527 -299 -213 -1 -566 -301 -247 -205 -549 -326 -173 -580 -441 0
462 -257 -280 -131 -490 -318 -22 -301 -596 -448 0
-472 -56 -25 -577 -301 -549 -205 -247 -280 -274 -162 -512 -487 -556 -254 -566 249 -580 -213 -524 -299 -293 -289 -381 -527 -231 -378 -1 -473 0
-254 -319 -549 -566 -247 -194 -301 -551 -205 -25 -577 -274 -512 -487 -556 -580 -213 -524 -299 -289 -381 -527 -231 -378 -1 -473 -384 -5 -84 -119 -326 -173 -441 0
474 -64 -194 -384 -520 -580 -267 -326 -512 -549 -527 -99 -213 -566 -1 0
-120 -524 -205 -247 -326 -301 -566 -551 -473 -520 -267 -512 -1 -378 -25 -577 -487 -556 -580 -289 -231 -84 45 -478 -112 0
567 -276 -344 -357 -594 -512 -15 -439 -205 -487 -267 -247 -584 -520 -580 -80 -321 -551 -326 -194 -53 -549 -183 -301 -566 -473 0
-524 -487 -580 -520 -267 -556 -378 -289 -1 -231 -566 -205 -247 -183 -301 -25 -577 -334 45 -478 -112 0
-487 -478 -301 -566 -205 -520 -231 -25 -580 -267 -556 -378 -289 -1 -183 -577 -334 45 -247 -112 0
552 -293 -511 548 -378 -334 -209 -524 -289 -556 -19 -566 -463 -580 -205 45 -478 -112 -301 -247 -272 -83 0
585 -563 -25 -577 -334 0
-547 -463 -299 -158 -566 -19 -213 -580 -205 -13 -247 -577 -334 -25 -583 -549 0
383 -394 -384 -104 -194 -153 -205 -247 -577 -460 -25 -271 -209 -524 -556 -254 -289 -274 -55 0
473 -594 -577 -334 -583 -301 -194 -384 -104 -205 -247 -460 -25 -209 -524 -556 -289 -274 -55 -560 -204 -160 -550 -5 -466 -1 0
582 -532 45 -478 -112 -274 -72 -301 -583 -378 -334 -25 -556 -577 -289 -13 -160 -550 -466 -1 -472 -205 -247 -460 -209 -524 -55 -204 -29 0
565 -472 -550 -160 -378 -556 -577 -289 -13 -205 -158 -566 -580 -247 45 -478 -112 -301 -583 -334 -25 -1 -274 -231 0
-472 -83 -205 -247 -580 -25 -577 -334 -1 -583 -301 -158 -566 -550 -160 -378 -556 -289 -13 45 -478 -112 -274 -231 0
-478 -566 -25 -577 -334 -301 -1 -580 -183 -205 -247 -378 -556 -289 45 -112 -231 -267 -520 0
195 -585 -526 -326 -25 -547 -577 -334 -267 -580 -520 -247 0
-547 -274 -289 -556 -118 -334 -577 -381 -25 -378 -231 -172 -19 -524 -301 -580 -205 -520 -247 -193 -526 -267 -549 0
552 -313 -274 -584 -269 -118 -334 -577 -593 -464 -8 -566 -190 -472 -60 -466 -422 0
583 -596 -282 -497 -593 -160 -199 -288 -157 -512 -519 -203 -526 -545 -5 -313 -431 -272 -87 -319 -274 -577 -269 -118 -334 -81 0
581 -589 -25 -134 -577 -118 -334 -526 -5 -274 -566 -1 -472 -267 -466 -381 -378 -231 -524 -520 -460 -301 -205 -193 -325 -247 -172 0
-274 -524 -575 -1 -577 -334 -301 -205 -247 -25 -381 -556 -289 -5 -520 -298 -118 -472 -231 -566 -267 -193 -580 -134 -526 -378 -172 -549 0
-547 195 -526 -25 -585 -577 -334 -267 -580 -520 -247 -549 0
582 -271 -556 -298 -289 -577 -526 -25 -334 -267 -580 -520 -247 -549 -61 -400 -411 -301 -205 -193 -172 0
548 -111 -556 -506 -341 -289 -105 -593 -399 -577 -93 -25 -462 -55 0
-524 -472 -577 -526 -298 -289 -549 -556 -25 -381 -378 -231 -520 -301 -205 -193 -247 -172 -580 -334 -411 -575 -1 -5 -118 -267 -566 -134 0
-472 -549 -267 -580 -205 -298 -247 -301 -334 -289 -193 -566 -577 -556 -520 -231 -25 -526 -381 -378 -172 -411 -575 -1 -5 -118 -134 0
548 -31 -381 -187 -378 -30 -253 -68 -320 -65 -99 -57 0
523 -378 -65 -253 -68 -30 -231 0
-566 -334 -25 -577 -231 -580 -520 -247 -205 -301 -289 -1 -112 -574 -305 0
474 -44 -346 -478 -382 -410 -294 -327 -254 -82 0
192 -215 -597 -496 -101 -281 -239 -422 -492 -484 -518 -24 -252 -170 -53 0
379 -368 -281 -422 -215 -59 -506 -179 -492 -32 -24 0
4 -496 -281 -537 -422 -179 -492 -24 -378 -89 -28 -590 -435 -245 -342 -142 -597 -461 -7 -190 -101 -239 -484 -170 -53 -516 -315 -441 -87 -112 -574 -181 -1 -211 -346 -478 -119 -62 -276 -273 0
265 521 -346 -478 -574 -1 -523 -547 -334 -301 472 -577 -520 -25 -448 -83 -195 -273 -112 -6 -537 -422 -179 -492 -24 -378 -89 -28 -590 -435 -342 -142 -597 -461 -7 -190 -101 -239 -170 -53 -516 -441 -87 -119 -62 -161 -487 -300 -513 -15 0
579 -549 -53 -378 -574 -346 -478 -1 -523 -334 -301 -577 -520 -25 -448 -195 -112 -422 -24 -28 -342 -516 -441 -550 -473 -382 -410 -461 -326 -289 -556 -208 -585 -593 0
479 -212 -511 -14 -299 -267 -346 0
474 -549 -112 -43 -478 -511 -14 -299 -267 -346 -546 -1 0
-549 -326 -550 -112 -574 -1 -473 -478 -346 -203 -158 -289 -305 -556 -520 -53 -523 -334 -25 -577 -378 -301 -448 -195 -422 -24 -28 -342 -516 -441 -382 -410 -461 -208 -585 -593 0
-472 -267 -487 -382 -378 -319 -346 -574 -478 -112 -45 -422 -410 -550 -327 -82 -20 -473 -1 0
-267 -203 -158 -1 -574 -112 -45 -410 -327 -468 -550 -487 -382 -378 -319 -346 -478 -422 -82 -20 -473 0
581 -550 -473 -158 -1 -574 -112 -410 -382 -378 -478 -585 -25 -577 -334 -98 -289 -305 -556 -520 -53 -523 -301 -195 -24 -28 -342 -461 -208 -205 -247 0
82 -327 -222 0
-547 -488 -74 -85 -25 -334 -577 -520 -523 -515 -585 -549 -83 472 -266 -45 -305 -327 0
547 -66 -382 -378 -346 -574 -478 -112 -45 0
-195 -378 -289 -574 -556 -523 -520 -74 -25 -334 -577 -585 -305 -1 -112 -473 -410 -464 -205 -247 -580 -158 -98 -53 -301 -24 -28 -342 -461 -208 -194 0
-378 -556 -1 -112 -574 -473 -74 -585 -289 -577 -410 -334 -533 -208 -25 -464 -520 -523 -580 -205 -247 -305 -158 -98 -53 -301 -24 -28 -342 -461 -194 0
82 -327 -247 -464 -580 -410 -205 0
-327 -550 -533 -6 -545 -580 -247 -461 -205 -464 -45 -585 -194 -158 -25 -577 -334 -410 -135 -511 -84 0
548 -81 -25 -334 -577 -55 0
327 -468 -25 -556 -289 -6 -523 -45 -334 -577 -205 -450 -247 -66 -580 0
474 -266 -533 -6 -580 -247 -205 -464 -45 -585 -158 -25 -577 -334 -135 -450 -556 -289 -523 -66 -1 0
-556 -158 -580 -24 -334 -289 -305 -577 -520 -25 -523 -208 -1 -473 -533 -247 -205 -464 -585 -450 -112 -574 -98 -301 -28 -342 0
290 -131 -345 -281 -142 -422 -518 -461 -288 -271 0
3 -271 -574 -401 526 -15 -161 -266 -203 -181 -487 -1 -513 -296 -32 -158 -276 -201 -422 -226 -289 -345 -281 -142 -461 -288 -441 -134 -533 -543 -544 0
2 -134 -119 -478 -112 -346 -574 -211 -181 0
-83 -281 -401 -15 -266 -487 -1 -158 -201 -226 -289 -574 -461 -533 -112 -119 -478 -346 -580 -247 -594 -74 -547 -25 -334 -577 -520 -523 -585 -45 -305 -327 -87 -357 -464 -410 -550 -511 -473 -82 0
265 -478 -533 -327 -580 -247 -461 -205 -464 -45 -585 -194 -158 -25 -577 -334 -410 -1 -112 -487 -401 -15 -266 -201 -226 -289 -574 -119 -594 -74 -547 -520 -523 -305 -87 -357 -473 0
-520 -119 -574 -478 -327 -580 -247 -461 -205 -45 -585 -194 -158 -25 -577 -334 -410 -1 -112 -289 -266 -547 -523 -183 -450 -474 -522 0
3 -194 -334 -577 -25 -523 -158 -474 -580 -574 -247 -266 -205 -478 -327 -461 -45 -585 -276 -410 -1 -112 -289 -547 -346 -211 0
-550 -410 -112 -346 -574 -211 -334 -577 -25 -523 -547 -83 -266 -45 -478 -474 -1 -158 -580 -247 -205 -327 -461 -585 -276 -289 -552 0
-194 -193 -211 -478 -1 -346 -334 -577 -25 -523 -158 -474 -580 -574 -247 -266 -205 -327 -461 -45 -585 -276 -410 -112 -289 -547 0
-410 -211 -205 -247 -45 -478 -1 -346 -334 -577 -25 -523 -158 -474 -580 -574 -266 -327 -461 -585 -276 -112 -289 -547 -83 -552 0
-585 -523 -25 -577 -247 -334 -580 -327 -205 -222 -45 -478 -1 -346 -158 -474 -574 -266 -461 -112 -289 -547 -83 -552 -428 -527 -77 -488 0
2 -401 -170 -440 -599 -210 -251 -231 -53 -595 -271 -574 -22 -289 -423 -468 -299 -83 -474 -213 0
-472 -401 -595 -345 -289 -293 -440 -599 -201 -160 -251 -158 -552 -53 -565 -468 -594 -21 -474 -1 0
-401 -251 -266 -83 -468 -595 -345 -289 -293 -440 -599 -201 -160 -574 -158 -552 -53 -565 -594 -21 -474 -1 -170 -210 -231 -271 -22 -423 -299 -213 0
48 -22 -317 -379 -188 0
-472 -48 -558 -395 -289 -274 -201 -423 -160 -271 -158 -552 -6 -565 -468 -21 -474 -1 0
411 -440 -595 -170 -289 -299 -213 -1 -423 -468 -83 -558 -395 -274 -201 -160 -271 -158 -552 -21 -474 -379 -210 -231 -112 -574 -266 -522 -345 -293 -599 -53 -594 -515 -303 -73 -448 -307 0
-523 -158 -247 -289 -1 -83 -205 -552 -474 -112 -574 -266 -345 -346 -45 -580 -222 -478 -428 -25 -327 -461 -527 -77 -577 -547 -488 -334 0
411 -384 -103 -173 -19 -580 -493 -199 -247 -289 -400 -158 -566 -560 -205 -374 -556 -520 -304 -301 0
583 -194 -566 -247 -83 -25 -577 -334 -580 -327 -45 -478 -547 -205 -222 -19 -199 -289 -400 -158 -374 -556 -520 -346 -161 -213 -428 -527 -77 -488 0
585 473 -247 -229 -205 -208 -1 -580 -222 -25 -327 -577 -547 -334 0
-472 -208 -289 -556 -577 -334 -45 -574 -547 -112 -580 -25 -247 -205 -520 -1 -552 -83 -327 -478 -222 -199 -158 -374 -346 -428 -527 -77 -488 -229 -474 0
583 449 -556 -580 -247 -205 -574 -83 -289 -520 -112 -547 -45 472 -552 -577 -478 -334 -346 -401 -1 -208 -428 -229 -527 -77 -488 0
449 -556 -1 -289 -574 -45 -266 -478 -83 472 -527 -547 -488 -25 -577 -334 -584 -580 -247 -205 -520 -112 -552 -346 -208 -428 -229 -77 0
548 -411 -222 -327 -45 0
512 -266 -83 -547 -222 -327 -45 -205 -247 -1 -289 -574 -478 -25 -577 -334 -580 -112 -552 -346 -474 -345 -461 0
450 -213 -289 -346 -6 -478 -467 -45 -547 -461 -222 -327 -305 0
-411 -213 -289 -346 -6 -478 -467 -461 -45 -547 -410 -222 -327 0
212 -274 -135 -532 -427 -541 -76 -487 -478 -526 -346 0
291 -58 -594 -190 -577 -189 -30 -440 -161 -427 -76 -487 -526 -346 -478 -213 -135 -532 -541 -97 -547 -461 -272 -227 0
290 -213 -346 -478 -45 -305 -556 0
549 -273 -6 -467 -461 0
5 -161 -594 -190 -577 -189 -30 -440 291 -427 -76 -487 -526 -346 -478 -213 -135 -532 -546 -97 -547 -461 -58 -227 0
480 -150 -41 -89 -377 -254 -321 -6 -594 -190 -577 -189 -30 -440 291 -427 -76 -487 -526 -346 -478 -213 -135 -532 -546 -97 -547 -461 -227 -385 -423 -552 -194 0
-472 -194 -25 -577 -487 -15 -526 -478 -377 -6 -427 -76 -346 -135 -547 -461 -552 -334 -289 -45 -305 -580 -247 -205 -222 -327 -413 -1 -201 -524 -230 -567 -401 -474 0
248 -309 -252 -173 -599 -580 -439 0
479 -213 -222 -547 -327 -83 472 -580 -205 -247 -461 -545 -533 -377 -135 -577 -464 -230 -25 -427 -334 -520 -52 -524 -76 -346 -478 -45 -305 -72 -487 -289 -526 -298 0
-213 -520 -574 -289 -25 -577 -247 -334 -580 -83 -547 -205 -377 -112 472 -45 -182 521 -135 -427 -76 -346 -6 -478 -461 -222 -327 -487 -552 -526 -545 -533 -464 -230 -72 -212 0
-520 -158 -289 -25 -577 -247 -334 -580 -83 -547 -205 -112 -377 -230 -346 -266 -45 -478 -474 -1 -574 -327 -461 -552 -427 -76 -487 -526 -182 -135 -6 -222 -72 -567 -15 -201 -522 0
480 -299 -346 -213 0
273 -457 -161 -552 -284 -24 -379 -338 -404 -201 -542 -173 248 -309 -580 -599 -1 -135 -182 -474 -465 -314 -567 -230 -74 -523 -243 -25 -577 -334 -596 -426 -119 -461 -275 0
473 -533 -542 -545 -567 -1 0
242 -25 -577 0
-205 473 -274 -119 -1 -4 -112 -487 -574 -527 -266 -301 -513 -83 -547 -327 -45 -222 -247 -289 -478 -25 -577 -334 -580 -552 -346 -474 -345 -461 -450 0
437 -450 -194 -247 0
271 -247 -119 -1 -487 -527 -547 -327 -45 -112 -289 -478 -25 -577 -334 -580 -346 -461 -472 -213 -438 -409 -194 0
-266 -546 -6 -580 -467 -327 -547 -25 -577 -334 -302 -566 -523 -119 -276 -487 -574 -527 -205 -45 -222 -247 -1 -289 -478 -112 -346 -474 -461 0
-450 -247 -25 -577 -334 -547 -487 -119 -112 -527 -580 -327 -45 -1 -289 -478 -346 -461 -472 -213 -438 -409 290 -304 -194 0
-222 -205 -266 -547 -83 -327 -45 -511 -247 -1 -289 -574 -478 -25 -577 -334 -580 -112 -552 -346 -474 -461 0
-205 -83 -334 -25 -525 -411 -577 -580 348 -327 -45 -195 -306 -478 -382 -566 -464 -67 -247 -173 -547 -266 -511 -1 -289 -574 -112 -552 -346 -474 -461 0
-552 -221 -327 -580 -247 -334 -25 -525 -411 -577 348 -45 -195 -306 -478 -382 -464 -67 -173 -547 -1 -289 -112 -346 -461 -472 -267 -213 -487 -550 0
-222 -84 -327 0
-83 -525 -25 -334 -577 -411 -580 348 -327 -45 -195 -306 -478 -382 -464 -112 -247 -6 -547 -468 -472 -84 -213 -487 -1 0
-247 -472 -547 -577 -334 -119 -112 -487 -527 -213 -1 -25 -327 -580 348 -45 -478 -173 -289 -346 -461 -409 -304 -194 290 0
-567 -523 -527 -487 473 -545 -1 -227 -135 -119 -52 -334 -577 -170 -25 -513 -230 0
578 -215 -258 -439 -254 -135 -208 -23 -119 -523 -92 -334 -25 0
-523 -135 -513 -71 -537 -385 -266 -522 -400 -52 -334 -25 -577 -439 -487 -119 -367 -503 -149 -301 -230 -98 -527 473 -545 -1 -227 -170 0
523 -522 -478 -45 -213 290 -346 0
576 -265 -552 -4 -467 -112 0
579 -513 -523 -537 -385 -71 -522 -400 -52 -334 -25 -577 -439 -487 -119 -367 -301 -98 -527 473 -1 -227 -519 -4 -112 -574 -552 -467 0
84 -523 -537 -385 -522 -52 -334 -25 -577 -439 -487 -119 -367 -301 -98 -527 -1 -227 -519 -4 -112 -552 -467 -420 -540 -472 -220 0
-472 -487 -25 -577 -334 -119 -527 -1 -112 -478 -45 -213 290 -346 -327 -547 -461 -194 -580 348 -173 -289 -409 -304 0
578 -83 -247 -487 -574 -527 -266 -547 472 -45 -112 -327 -1 -289 -478 -25 -577 -334 -580 -552 -346 -461 -438 -194 -409 -119 -523 0
-520 -135 -25 -577 -247 -334 -580 -83 -547 -112 -346 -266 -45 -478 -474 -1 -574 -327 -461 -552 -487 -289 -222 -15 -201 -522 -523 -194 -119 -301 -231 -438 -304 0
-135 -301 472 -83 -547 -596 -327 -284 -461 -552 -379 -173 -580 -1 -523 -25 -577 -334 -426 -119 -272 -293 -487 -527 -409 -287 -247 -45 -266 -289 -574 -478 -112 -346 -438 -194 -304 0
265 -83 -247 -289 -346 -478 -213 -45 -547 -461 -327 -438 472 -194 -552 -522 -266 -1 -574 -25 -577 -334 -580 -112 0
-83 -574 -379 -289 -299 -213 -409 -247 -173 -194 -596 -272 -580 472 -461 -327 -547 -487 -25 -577 -334 -1 -284 -552 -523 -119 -293 -527 -287 -45 -266 -478 -112 -346 -438 -304 -227 -557 0
83 -247 -194 -438 -409 -552 -327 0
303 -192 -379 -376 -173 -580 -334 -247 -450 -205 -194 -577 -522 -25 -523 -229 -565 0
-450 -376 -119 -565 -253 -229 -384 -523 -580 -25 -327 -461 -513 -577 -547 -487 -334 -379 -173 -247 -194 -522 -346 -478 -45 -213 290 -438 0
-247 -266 -194 -119 -384 -523 -580 -25 -327 -461 -577 -547 -487 -334 -379 -173 -346 -478 -45 -213 290 -438 -304 -289 -299 -409 472 -1 -552 -527 -112 0
-520 -319 -253 -225 -434 -230 -334 -577 -25 -523 -522 0
575 -513 -253 -523 -25 -577 -334 -52 -522 -439 -261 -135 -119 -274 -293 -487 -527 -213 -1 -181 0
24 -502 -328 -519 -316 -170 0
525 -513 -487 -119 -527 -135 -274 -71 -328 -519 -301 -98 -565 -229 -25 0
84 -590 -253 -557 -227 -379 -519 -545 -1 -181 -52 -301 -334 -565 -577 -522 -25 -523 -487 -119 -527 -135 -274 -328 -98 -576 -439 -261 -293 -213 -420 -540 -220 0
578 -594 -357 0
-266 -552 -119 -527 -25 -523 -577 -334 -261 -213 -1 -487 -379 -112 -327 -547 -461 -438 -194 -384 -580 -173 -346 -478 -45 290 -304 -289 -299 -409 472 0
-247 -230 -181 -1 -213 479 -267 -14 -575 -461 -523 -25 -577 -160 -346 -478 -45 290 -421 -193 -512 -580 -82 -552 -327 0
-230 -512 -487 -580 -421 -1 -181 -400 -160 -334 -577 -25 -565 -523 -575 -552 -265 -466 -547 -461 -213 479 -267 -14 -346 -478 -45 290 -193 -82 -327 0
-247 -29 -478 -426 -119 -599 -461 -160 -53 -547 -400 -25 -577 -334 -181 -409 -303 -575 -527 -375 -173 -193 -565 -253 -384 -523 -580 -327 -229 -487 -379 -194 -346 -45 -213 290 -438 -512 -82 -552 0
-552 -523 -25 479 -346 -1 -547 -461 -478 -577 -334 -487 -580 -327 -45 -213 290 -289 0
-523 -487 -213 479 -334 -577 -25 -327 -346 -547 -461 -478 -1 -580 -45 290 -289 0
-83 -411 -547 -327 -45 472 -550 0
585 -79 -334 0
65 -29 -173 -580 -67 0
-487 -327 -577 -1 -580 -334 -547 -25 -45 -461 -346 -478 -213 290 479 -289 0
230 -523 -6 -423 -379 -468 -83 -1 -204 -488 -289 -428 -112 -266 -346 -45 -580 -478 -158 -25 -327 -461 -527 -77 -577 -547 -170 -334 -438 -409 -303 -448 -194 -173 65 0
-222 -205 -547 -83 -327 -45 -574 -266 -1 -289 -511 -478 -25 -577 -334 -580 -112 -552 -346 -247 -461 0
450 -522 -304 -194 0
-523 -83 -547 -327 -45 -266 -1 -289 -511 -478 -25 -577 -334 -580 -112 -346 -461 -438 -409 -448 -304 -194 -6 -423 -379 -468 -204 -488 -428 -158 -527 -77 -170 -303 -173 65 -524 0
-327 290 -346 -478 -45 -213 -580 -547 -1 -289 -25 -577 -334 -461 479 0
-247 -450 -521 -304 -194 -438 -248 0
575 -522 -537 -523 -400 -52 -334 -25 -577 -439 -119 -367 -301 -230 -98 -527 -1 -227 -519 -213 -420 -540 -222 -162 -84 -552 -467 -4 -265 -183 -112 0
-450 -523 -203 -133 -112 -319 -1 -467 -84 -378 -537 -395 -334 -25 -577 -119 -98 -527 -227 -213 -222 -596 -272 -461 -54 578 -438 -287 -194 -304 -248 0
450 -14 479 -346 -1 -112 -467 -84 -272 -222 -461 -409 -304 0
290 -1 -45 -213 -346 -478 -334 -25 -577 -461 479 -580 -547 -289 0
-511 -574 -547 -552 -327 -45 -474 -1 -289 -205 -478 -25 -577 -334 -580 -112 -222 -346 -247 -461 0
267 -230 -584 -25 -577 -334 -302 -547 -273 -461 -523 -474 -183 -112 -574 -13 0
266 -161 -594 -577 -552 -13 0
-574 -594 -577 -334 -302 -547 -273 -461 -523 -474 -183 -112 -13 -25 -552 -37 -527 -327 -45 -1 -289 -205 -478 -580 -222 -346 -247 0
231 -423 -552 -265 -53 -13 -228 -401 -577 -558 -522 -25 -523 -28 0
248 -552 -379 -597 -461 -547 -13 -25 -577 -334 -302 -523 -258 -53 -228 -558 -522 -183 -1 -273 -474 -112 -527 -45 -289 -205 -478 -580 -222 -346 -247 -173 0
267 -574 -584 -25 -577 -334 -302 -547 -273 -461 -523 -474 -183 -112 -13 0
327 335 -25 -577 -547 0
-248 -247 -580 -523 -461 -478 -45 -183 -194 -25 -577 -334 -1 -112 -289 -547 -119 -474 -522 -465 -304 -438 0
-247 -523 -379 -597 -461 -547 -13 -25 -577 -334 -580 -258 -228 -558 -522 -183 -1 -273 -474 -112 -527 -45 -289 -478 -346 -173 -194 -119 -304 -438 -409 0
-302 -15 -574 -266 -487 -1 -513 -213 -439 -580 -201 -518 -228 -170 -192 -9 -594 -546 -273 -357 -112 -527 -183 -402 -83 -474 -552 -522 -565 -584 -25 -577 -334 -547 -461 -523 -13 -301 0
512 -599 -252 -439 -309 -173 -112 -580 -574 -552 -467 -357 -594 -518 -9 -546 -192 -228 -534 -201 -72 -487 -159 0
579 -266 -594 -9 -228 -116 -72 -597 -513 -439 -309 -173 -112 -580 -574 -552 -467 -518 -546 -487 -1 -213 -273 -527 -183 -83 -474 -522 -584 -25 -577 -334 -547 -461 -523 -13 -301 -230 -52 0
-266 -72 -523 -25 -13 -577 -594 -9 -228 -116 -522 -597 -513 -439 -309 -173 -112 -580 -574 -552 -467 -518 -546 -487 -1 -213 -273 -527 -183 -83 -474 -584 -334 -547 -461 -301 -230 -52 0
-222 -230 -594 -577 -552 -13 -523 -25 -9 -228 -116 -522 -597 -439 -173 -112 -580 -574 -518 -546 -1 -213 -273 -183 -474 -334 -547 -461 -301 -527 -52 -419 -540 -327 548 -45 0
-230 -574 -439 -558 -228 -1 -213 479 -523 -334 -25 -577 -13 -273 -552 -183 -474 -594 -9 -116 -522 -597 -580 -518 -546 -547 -461 -301 -52 -419 -540 -327 548 -45 0
-574 -327 -439 -580 -552 -594 -518 -9 -546 -228 -540 -419 548 -45 -1 -522 -52 -334 -13 -577 -25 -523 -558 -213 479 -273 -183 -474 -116 -597 -547 -461 -301 0
511 -428 -527 -487 0
266 -487 -527 -594 -577 -552 -13 0
512 -29 -187 -173 -316 -580 -502 -273 -552 -518 -6 -546 -357 -594 -534 -9 -192 -419 -228 -540 -201 -220 -487 -159 -82 0
-327 -594 -597 -9 -228 -116 -580 -273 -552 -518 -546 -419 -540 -301 -52 -523 -334 -25 -577 -13 -183 -1 -439 548 -45 -522 -558 -213 479 -474 -547 -461 0
-523 -522 -577 -25 -334 -547 -580 -1 -45 -213 479 -461 -289 -478 -346 0
436 -222 -552 -327 -45 -474 -1 -289 -511 -478 -25 -577 -334 -580 -112 -574 -346 -547 -461 0
231 -511 -546 -552 -266 -273 -13 -577 -119 -334 -450 -194 -438 -327 -45 -474 -1 -289 -580 -478 -25 -112 -574 -346 -547 -461 -487 -401 -183 0
-84 -83 -547 -450 -327 -409 -461 0
578 -439 -294 -276 -134 -384 -119 -52 -56 -334 -25 0
-511 -327 -594 -334 -577 -294 -384 -119 -25 -547 -461 -450 -487 -194 -438 -552 -190 -45 -474 -1 -289 -478 -580 -112 -574 -346 -409 -266 -229 -546 -273 -13 -401 -183 0
-327 -594 -45 -450 -547 -273 -461 -409 -270 -474 -401 -334 -229 -183 -112 -577 -487 -574 -13 -527 -266 -438 -294 -384 -119 -25 -194 -552 -190 -1 -289 -478 -580 -346 -546 0
-594 -487 -525 -228 -522 -266 -89 -574 -229 -208 -560 -474 -1 -552 -294 -13 -384 -577 -119 -25 -334 -580 -547 -45 -450 -273 -461 -409 -270 -401 -183 -112 -558 -527 -438 -194 -190 -289 -478 -346 -546 0
437 -207 -194 -450 0
594 -574 -208 -474 -294 -384 -552 -45 -1 -289 -478 -25 -577 -334 -580 -112 -229 -346 -547 -461 -450 -409 -438 -194 -266 -13 0
-327 -511 -450 -547 -438 -552 -461 -45 -474 -1 -289 -478 -25 -577 -334 -580 -112 -574 -346 -583 -83 -409 0
-574 -552 -577 -334 -25 -547 -450 -438 -461 -45 -474 -1 -289 -478 -580 -112 -346 -409 -527 -525 -228 -522 -266 -89 -229 -208 -560 -294 -13 -384 -119 -273 -270 -401 -183 -558 -194 -190 -546 0
549 -65 -580 -194 -450 -438 472 -83 -461 -56 0
127 -537 -498 0
128 -537 -498 0
421 -367 -498 -537 -281 -48 0
551 -153 -20 -560 -546 -580 -498 -537 -281 -48 -170 -190 -461 -597 -594 -357 -162 0
-247 -30 -173 -65 -580 -450 -205 -194 -552 -20 -560 -546 -498 -537 -281 -48 -170 -190 -461 -597 -594 -357 -162 -73 0
231 -162 -20 -560 -17 -89 -245 -580 -357 -594 -401 -190 -461 -53 -450 -438 -288 -173 -194 -552 -546 -498 -281 -170 -597 -73 -562 -327 -45 -547 472 -83 -56 -379 -376 -208 0
489 -83 -245 -498 -594 -562 -547 -190 -461 -53 -89 -450 -376 -208 -229 -20 -560 -17 -580 -401 -438 -288 -173 -194 -552 -546 -281 -170 -597 -73 -327 -45 472 -357 -56 -379 -428 -584 -77 0
512 -170 -379 -89 -450 -376 -461 -580 -194 -438 472 -56 -547 -25 -577 -334 -584 -245 -498 -594 -562 -190 -53 -208 -229 -20 -560 -17 -401 -288 -173 -552 -546 -281 -597 -73 -327 -45 -357 0
230 -116 -34 -261 -433 -119 -199 -72 -301 -157 -98 -253 -565 -208 0
582 -30 -69 -173 -65 0
448 -17 -424 -89 -560 -245 -580 -173 -376 -157 -253 -565 -208 -229 -34 -261 -433 -119 -199 -498 -594 -562 -288 -547 -401 -190 -194 -450 -461 -438 -53 0
549 -584 -302 -170 -229 -208 -288 -89 -247 -450 -205 -580 -376 472 -83 -194 -438 -461 -56 0
169 -422 -258 -498 -537 -281 -48 -597 -492 -518 -24 0
581 -317 -34 -342 -597 -281 -461 -190 -170 -258 -498 -537 -48 -492 -24 -105 -594 -20 -205 -560 -546 -247 -204 0
-552 -34 -580 -294 -384 -194 -173 -597 -461 -190 -258 -560 -546 -379 -208 -199 -89 -245 -401 -450 -438 -288 -45 -547 -229 -25 -577 -334 -409 -424 -261 -119 -270 -13 -266 -183 -1 -474 -289 -478 -112 -346 -527 -525 -228 -522 -273 -558 0
-522 -1 -547 -461 -45 -25 -577 -334 -580 -289 -478 -346 -213 479 0
428 -552 -525 -580 -195 -334 -25 -411 -221 -577 348 -45 -247 -306 -478 -382 -67 -173 -547 -1 -289 -112 -346 -461 -267 -213 -464 -550 0
162 -143 578 -184 0
-552 -162 -429 -525 -580 -195 -334 -25 -411 -221 -577 348 -45 -247 -306 -478 -382 -67 -173 -547 -1 -289 -112 -346 -461 -267 -213 -464 -550 0
-327 -86 -1 -213 479 -120 -112 -267 -14 -464 -230 -474 -84 -303 -81 -585 -25 -547 -577 -334 0
-1 -334 -213 479 -25 -577 -547 -580 -45 -478 -289 -346 -461 0
265 -58 -289 -188 -53 -478 -45 -213 -522 -346 -525 -402 -157 -513 0
400 -190 -58 -188 -53 0
520 -15 -5 -597 -112 -289 -576 -299 -461 -254 -577 -210 -25 -30 -173 582 -525 -194 0
551 -5 -558 -478 -45 -213 -522 -346 -53 -525 -402 -289 -597 -112 -576 -299 -461 -254 -577 -210 -25 -30 -173 582 -194 -157 -513 0
266 -5 -597 -112 -289 -576 -299 -461 -254 -577 -210 -25 -30 -173 582 -525 -194 -522 -527 -552 -594 -487 0
545 -597 -299 -31 -289 -558 -210 -478 -45 -213 -522 -346 -525 -402 -379 -112 -576 -461 -254 -577 -25 -30 -173 582 -194 -527 -552 -594 -487 -53 -157 -513 -560 0
400 -267 -552 -423 -522 -190 -188 -53 0
-267 -190 -210 -576 -30 -173 582 -525 -194 -522 -402 -552 -254 -53 0
521 -190 -287 -423 -289 -478 -45 -213 -522 -346 -519 -188 -53 -525 -402 0
-190 -597 -461 -289 -299 -594 -577 -558 -25 -525 -522 -287 -478 -45 -213 -346 -519 -53 -402 -210 -576 -30 -173 582 -194 -552 -254 0
190 -525 -558 -478 -45 -213 -522 -346 -289 -25 -577 -334 -53 0
524 -190 -461 -251 -289 -119 -53 -299 -594 -334 -15 -384 -254 -577 -56 -558 -210 -25 0
548 -594 -299 -289 -558 -478 -45 -213 -522 -346 -402 -379 -112 -576 -461 -254 -577 -25 -173 -194 -527 -552 -544 -53 -513 -560 -119 -334 -384 -309 -580 -247 -205 -74 -465 -230 -566 -302 -584 0
523 -525 -205 -580 -558 -478 -45 -213 -522 -346 -53 551 -402 -289 -247 -112 -576 -299 -461 -254 -577 -25 -173 -194 -513 -465 549 -467 -566 -230 0
524 -271 -289 -309 -299 -119 -173 -334 -580 -266 -577 -450 -304 -194 -438 -247 -25 0
-525 -524 -205 -580 -558 -478 -45 -213 -522 -346 -53 551 -402 -289 -247 -112 -576 -299 -461 -254 -577 -25 -173 -194 -513 -465 549 -467 -566 -230 0
265 -180 -599 -309 -580 248 -173 -53 -201 -402 -159 -522 -513 0
381 -180 -173 -599 -309 -580 248 -201 -254 -293 -377 -31 0
-180 -369 -536 -92 -46 -22 -379 -173 -599 -309 -580 248 -201 -254 -293 -377 -31 -266 -53 -402 -159 -522 -513 0
549 -230 -379 -173 -309 -580 -254 -402 -247 -327 -544 -289 -334 -467 -461 -584 -112 -384 -576 -566 -577 -513 -25 -478 -45 -213 -346 -299 -194 -465 -119 -450 -304 -438 -552 0
-230 -566 -465 -25 -577 -334 -299 -289 -478 -45 -213 -346 -402 -379 -112 -576 -461 -254 -173 -194 -527 -552 -544 -513 -560 -119 -384 -309 -580 -247 -547 -327 -467 -450 -304 -438 0
523 -309 -29 -173 -580 -247 -25 -450 -205 -577 -384 -299 -402 -265 -254 -289 -522 -209 -478 -45 -213 -346 0
581 -523 -379 -173 -580 -334 -450 -194 -577 -25 -247 -229 -376 -465 -584 -402 -327 -304 -438 0
-450 -327 -580 -289 -299 -552 -25 -577 -334 -547 -247 -379 -194 -173 -304 -438 -384 -478 -45 -213 -346 -112 -461 -527 -544 -560 -119 -409 -181 -472 0
325 -221 -83 0
-231 -584 -334 -25 -577 -525 -83 -195 -580 348 -411 -327 -45 -57 -306 -478 -382 -230 0
-327 -247 -472 -334 -25 -577 -580 348 -45 -478 -173 -181 -547 -552 -409 -194 -304 -289 -299 -379 -213 -346 -112 -461 -527 -544 -560 -119 0
-247 -552 -299 -181 -289 -478 -45 -213 -346 -304 -194 -409 -25 -472 -577 -334 -580 -547 348 -173 -379 -112 -461 -527 -544 -560 -119 0
265 -160 -487 -82 -552 0
473 -567 -186 -296 -452 -17 -100 -364 -203 -85 -560 -465 -20 -424 -181 0
-84 -327 -472 -467 -547 -450 -552 -409 -461 0
581 -424 -17 -364 -98 -560 473 -186 -452 -100 -85 -465 -181 0
453 -367 -92 -597 -398 -143 0
101 -175 -72 -431 -92 -424 -452 -597 -143 -537 -498 0
-525 -92 -119 -261 -301 -465 -597 -537 -439 -599 -252 -309 -173 -580 -98 -560 473 -181 -487 -82 -552 -357 -594 -9 -15 -418 -269 -192 -478 -45 -213 -522 -346 -289 -25 -577 -334 -53 -299 -286 -402 -524 0
266 -48 -189 -423 -402 -552 -522 0
422 -504 -131 -498 -316 -33 -537 -189 -48 0
565 -423 -418 -289 -299 -92 -15 -537 -286 -131 -402 -552 -522 -379 -254 -576 -210 -28 -231 -98 0
133 -72 -192 -286 -289 -273 -322 -560 -179 -170 -527 -487 -513 -204 -201 -23 -159 -92 -423 -534 -119 0
-498 -423 -289 -286 -467 -418 -552 -273 -537 -590 -215 -256 -92 -23 -379 -254 -210 -231 -576 -112 -134 -192 -322 -560 -179 -170 -527 -487 -513 -204 -201 -159 -534 -119 0
291 -134 -576 -112 -192 -286 -289 -273 -322 -560 -179 -170 -527 -487 -513 -204 -201 -23 -159 -92 -423 -534 -119 -267 -552 -577 -594 -418 -299 0
265 -117 -201 -102 -159 -357 -513 -487 -82 -552 0
582 525 -112 -119 -527 -487 -513 -301 -98 -25 -467 -576 -552 -357 -82 -418 -286 -273 -289 -192 -560 -170 -92 -577 -594 -299 -537 -590 -256 -379 -254 -566 -15 -402 -522 -439 -599 -252 -309 -173 0
421 -175 -426 -119 -439 -112 -599 -4 -252 -544 -274 -519 -498 -537 -281 -367 0
133 -87 -513 -527 -487 -566 -274 -465 -119 -157 0
-498 -328 -210 -519 -231 -544 -576 -4 -112 -513 -527 -487 -566 -274 -465 -119 -157 -439 -599 -252 -16 -15 -422 -426 -537 -367 -397 -92 -71 0
265 -117 -566 -576 -201 -231 -102 -357 -513 -487 -82 -552 0
290 -422 -552 -527 -577 -594 -487 -566 -576 -201 -231 -357 -513 -82 -210 -544 -112 -465 -119 -157 -439 -599 -252 -16 -15 -537 -397 -92 -418 -597 -558 -286 -273 0
421 -397 -103 -116 -357 -594 -9 -192 -170 -552 -518 -281 0
158 -498 -397 -367 -116 -92 -201 -72 0
565 -48 -177 -379 -72 -24 -92 -254 -367 -576 -210 -502 -231 -98 0
-53 -594 -379 -9 -552 -527 -577 -299 -286 -289 -544 -112 -465 -119 -439 -597 -273 -560 -580 -301 -25 -256 -522 -173 -261 -181 -478 -45 -213 -346 -334 -540 -472 548 -547 -450 -409 -461 -52 0
157 -265 -14 -289 -478 -45 -213 -522 -346 -299 -525 -513 -201 0
101 158 -597 -367 -594 -357 -92 -498 -201 -72 0
255 -337 -403 -440 -40 -134 -88 -119 -376 -320 0
158 -40 -243 -577 -376 -294 -253 -403 -119 -99 -518 -288 -597 -367 -594 -357 -92 -498 -201 -537 -193 -487 -478 -558 -527 -228 -534 -513 0
230 -537 -119 -522 -478 -193 -581 -281 -288 -367 -597 -92 -594 -357 -160 -558 -487 -82 -228 -513 -201 -159 -243 -577 -294 -99 -518 -498 -336 -527 -534 -576 -210 0
101 -186 -160 -487 -92 -597 -367 -513 -594 -159 -357 -498 -201 -72 0
157 -101 -193 -581 -27 -92 -367 -597 -281 -288 -594 -478 -357 -186 -160 -135 -487 -82 -534 -513 -201 -72 0
-537 -478 -518 -288 -273 -119 -597 -498 -99 -367 -527 -534 -92 -487 -513 -201 -159 -193 -581 -27 -281 -594 -357 -160 -82 -112 -576 -231 -522 -558 -228 -243 -577 -294 -336 -210 0
158 -101 -99 -273 -119 -288 -430 -522 -465 -597 -478 -558 -498 -367 -160 -527 -228 -534 -129 -92 -487 -513 -201 -72 0
-101 -72 -478 -288 -119 -430 -357 -160 -487 -228 -534 -129 -513 -201 -193 -159 -99 -273 -522 -465 -597 -558 -498 -367 -527 -92 0
-72 -129 -159 -498 -597 -367 -594 -357 -92 -201 -478 -288 -119 -430 -160 -487 -228 -534 -513 -193 -99 -273 -522 -465 -558 -527 0
157 -101 -370 -548 -251 -99 -518 -594 -597 -170 -357 -22 -160 -336 -303 -584 -487 -228 -513 -201 0
100 -44 -548 -304 -450 -430 -394 -105 -597 -281 -186 -367 -129 -594 -498 -357 0
368 -44 -304 -548 -247 -450 -594 -273 -275 -452 -425 -186 -129 -597 -498 0
45 -247 -465 -450 -304 0
461 -54 -119 -336 -275 -450 -273 0
-101 -594 -597 -119 -336 -273 -548 -465 -170 -518 -288 -397 -430 -281 -367 -129 -498 -357 -522 -478 -558 -160 -527 -375 -228 -487 -513 -201 -159 -370 -251 -99 -22 -303 -584 0
14 -160 -201 -487 -159 -513 -527 -228 -498 -597 -119 -273 -465 -518 -288 -281 -367 -522 -558 -375 -99 -303 -577 -92 -534 -193 -47 -581 -82 -112 -576 -231 -294 -210 -300 0
158 -117 -132 -127 -273 -503 -142 -119 -518 -594 -479 -288 -96 -160 -527 -92 -487 -513 -201 0
-117 -357 -160 -594 -96 -487 -513 -201 -159 -132 -127 -273 -503 -142 -119 -518 -479 -288 -527 -92 0
512 -184 -119 -160 -479 -228 -527 -201 -487 -159 0
-357 -594 -160 -597 -367 -127 -92 -498 -201 -159 -527 -487 -513 -119 -479 -228 -100 -96 -132 -273 -503 -142 -518 -288 0
-594 -59 -100 -577 -522 -193 -119 -558 -479 -228 -527 -201 -487 -159 -513 -160 -597 -367 -127 -92 -498 -96 -132 -273 -503 -142 -518 -288 0
422 -527 -288 -273 -367 -498 -92 -201 -558 -119 -228 -487 -465 -159 -513 -577 -522 -597 -300 -15 -375 -99 -303 -534 -112 -576 -231 -294 -210 -552 0
519 -175 -367 -281 -498 -486 -44 -304 368 -247 -594 -273 -275 -425 -186 -450 -597 -119 -336 -240 -547 -95 -99 -422 0
316 -330 -134 -513 -527 -487 -566 -87 -465 -119 -157 -576 -273 -231 -112 -210 0
592 -72 -273 -119 -288 158 -522 -465 -597 -478 -558 -498 -367 -160 -527 -228 -534 -99 -92 -487 -513 -201 -101 -566 -157 -576 -231 -112 -210 -170 -577 -243 -547 -584 -422 -303 -281 -450 0
169 -563 -584 -303 -243 -577 -24 0
-72 -127 -347 -194 -584 -303 -577 -186 -594 -273 -119 -288 158 -522 -465 -597 -478 -558 -498 -367 -160 -527 -228 -534 -99 -92 -487 -513 -201 -566 -157 -576 -231 -112 -210 -422 -281 -486 -44 -275 -357 0
593 -324 -99 -422 -560 -281 -288 -367 -105 -115 -597 -100 -92 -451 0
-127 -44 -597 -465 -288 -357 -594 -99 -422 -560 -281 -367 -105 -92 -273 -275 -498 -186 -577 -347 -194 -584 -303 -119 158 -522 -478 -558 -160 -527 -228 -534 -487 -513 -201 -566 -157 -576 -231 -112 -210 -486 0
-247 -460 -548 -44 -205 -450 -465 -304 0
247 -548 -459 -99 -285 -504 -101 -519 -115 -582 -288 0
592 -452 -597 -548 -44 -247 -450 -465 -304 0
254 -173 -582 -64 -194 -552 -576 -468 -231 -474 -210 0
276 -254 -320 -294 -119 -61 0
-478 -105 -99 -422 -288 -367 -597 -92 -275 -294 -119 -552 -576 -231 -474 -210 -357 -594 -465 -285 -577 -498 -186 -273 -584 -303 158 -522 -558 -160 -527 -228 -534 -487 -513 -201 -566 -157 -112 -486 -213 -15 -300 -480 0
460 -75 -92 -243 -367 -577 -597 -450 0
421 -325 -82 -582 -552 0
144 -517 -135 -542 -544 -534 -280 -422 -82 -552 -548 -461 -92 -243 -367 -577 -597 -450 -432 -321 -99 -324 -559 -105 -399 -452 0
102 -143 -461 -92 -243 -367 -577 -597 -450 -82 -559 -71 -280 -105 -548 -452 -135 -542 -544 -534 -422 -552 -432 -321 -99 -324 -288 -115 0
593 -450 -498 -92 -597 -367 -594 158 -201 -357 -461 -577 -186 -82 -559 -280 -105 -548 -135 -542 -544 -534 -422 -552 -432 -321 -99 -324 -288 0
368 -101 -115 -94 -498 -280 0
100 -47 -380 -178 -31 -440 -498 -129 -135 -87 0
46 -581 -203 -16 -422 -177 0
-537 -129 -498 0
-450 -548 -552 -273 -461 -422 -99 -321 -432 -498 -16 -92 -367 -280 -288 -247 -357 -193 -594 -597 158 -201 -577 -186 -82 -559 -105 -135 -542 -534 -324 -5 -112 -43 -465 -304 0
-548 -247 -461 -304 -552 -273 -422 -99 -321 -432 -498 -16 -92 -367 -280 -288 -43 -357 -193 -594 -597 158 -201 -577 -186 -82 -559 -105 -135 -542 -534 -324 -5 -112 -465 0
-247 -432 -422 -597 -367 -552 -135 -461 -321 -522 -304 -112 -465 -99 -43 -273 -498 -16 -92 -280 -288 -357 -193 -594 158 -201 -577 -186 -82 -559 -105 -542 -534 -324 -5 0
549 -548 -594 -280 -498 -92 -597 -367 158 -201 -357 -461 -577 -186 -82 -559 -105 -450 -135 -542 -96 -534 -422 -552 -432 -321 -99 -324 -288 -5 -112 -43 0
369 -47 -422 -498 -518 -71 -503 -92 0
98 -479 -577 -522 -594 -119 -558 -193 -228 -527 -201 -487 -159 -513 -160 -597 -367 -96 -92 -498 -518 -273 -288 -422 -71 -178 -439 -432 -321 0
-548 -450 -594 -280 -498 -92 -597 -367 158 -201 -357 -461 -577 -186 -82 -559 -105 -547 -135 -542 -96 -534 -422 -552 -432 -321 -99 -324 -288 -5 -112 -43 0
-450 -518 -92 -148 -88 -210 -254 -303 -231 -1 -576 -304 -112 -43 -594 -280 -498 -597 -367 158 -201 -357 -461 -577 -186 -82 -559 -105 -547 -135 -542 -96 -534 -422 -552 -432 -321 -99 -324 -288 -5 0
-160 -82 -577 -92 -367 -597 -210 -303 -231 -576 -112 -594 -201 -498 -542 -534 -422 -552 -99 -288 -522 -119 -558 -228 -527 -487 -159 -513 -273 -465 -213 -15 -275 -300 -294 -474 -285 -584 -566 -157 -480 -161 0
356 -452 -327 -288 -548 -115 -461 -71 -597 -280 -92 -367 -222 -498 -594 0
-452 -280 -548 -584 -461 -597 -119 -480 -300 -594 -15 -577 -355 -288 -115 -71 -327 -92 -367 -222 -498 0
-280 -461 -498 -355 -367 -577 -15 -300 -480 -119 -275 -425 -594 -184 -548 -584 -115 -597 -288 -71 -327 -92 -222 0
-452 -461 -548 -327 -597 -582 -44 592 -450 -465 -304 0
549 -205 -347 -582 -327 -394 -584 -430 -303 276 -294 -119 -61 -450 -474 -550 -83 -461 0
-461 -548 -450 -465 -304 -327 -394 -584 -303 -294 -119 -61 -474 -550 -83 -275 -425 -184 -597 -594 -355 -480 -213 -577 -300 -422 -15 -498 -367 -115 -288 -71 -92 -222 0
-548 -327 -450 -465 -304 -550 -83 -594 -474 -355 -294 -119 -61 -577 -15 -394 -300 -480 -425 -303 -194 -275 -597 -273 -584 -184 -213 -422 -498 -367 -115 -288 -71 -92 -222 0
91 -243 -498 -563 -71 -577 0
-357 -103 -394 -303 -450 -288 -213 -115 -513 -527 -487 -566 -465 -119 -157 -576 -273 -231 -112 -210 -580 -300 -422 -15 -502 -498 -534 -367 -71 -92 -563 -577 -594 -355 0
511 -594 -15 -577 -303 -288 -513 -527 -487 -566 -465 -119 -576 -273 -231 -112 -210 -498 -534 -367 -92 -300 -99 -474 -294 -597 -522 -552 -201 -558 -228 -159 -285 -375 0
-71 -336 -422 -552 -478 -548 -461 -305 -450 -288 -303 -585 -27 -498 -243 -577 -92 -70 0
45 -336 -585 -303 -119 -450 -133 -305 -112 0
547 -357 -367 -288 -594 -478 -72 -92 -597 -27 157 -487 -534 -513 -201 -422 -159 -498 -162 -552 -450 -303 -585 -424 -336 -276 -119 -112 -99 -45 0
-357 -461 -92 -585 -367 -303 -597 -450 -577 -548 -288 -594 -478 157 -487 -534 -513 -201 -422 -159 -498 -162 -552 -424 -276 -119 -112 -99 -305 0
-461 -450 -474 -112 -99 -548 -424 -273 -276 -119 -478 -211 -300 -15 -577 -92 -585 -367 -303 -597 -83 -288 -594 157 -487 -534 -513 -201 -422 -159 -498 -162 -552 -305 0
380 -517 -594 -450 -449 -116 -288 -179 -367 -59 -422 -48 0
44 -468 -552 -193 -4 -478 -112 0
72 -379 -450 -449 -116 -288 -179 -367 -59 -422 -594 -170 -23 -498 -92 0
-160 -102 -357 -594 -487 -92 -597 -367 -513 -72 -159 -186 -498 -201 -162 0
-115 -44 -285 -548 -288 -422 -367 -498 -239 -597 -99 -450 -465 -304 -594 -357 -186 -487 -92 -513 -72 -159 -201 -162 -116 0
369 -280 -422 -478 -594 -450 -449 -116 -288 -179 -367 -59 -300 -379 -170 -15 -23 -552 -92 0
496 -536 -128 0
549 -170 -23 -422 -92 -478 -594 -450 -449 -116 -288 -179 -367 -59 -300 -15 -552 -498 -285 -548 -239 -597 -99 -465 -357 -186 -487 -513 -159 -201 -162 -70 -45 -4 -112 -562 0
-357 -432 -552 -422 -119 -478 -112 -498 -450 -449 -288 -367 -594 -92 -45 -597 157 -487 -534 -513 -201 -159 -162 -303 -585 -424 -276 -99 -548 -300 -15 -285 -465 -186 -4 -454 -190 -577 0
-450 -548 -594 -577 -552 -422 -119 -478 -112 -498 -288 -367 -92 -597 157 -487 -534 -513 -201 -159 -162 -303 -585 -424 -276 -99 -190 -300 -15 -285 -465 -454 -305 -273 -474 -211 -83 0
45 -467 -273 -462 -548 -112 0
523 -210 -231 0
157 -305 -577 -552 -594 -119 -422 -112 -498 -288 -367 -92 -597 -548 -487 -534 -513 -201 -159 -478 -303 -99 -300 -15 -285 -465 -450 -273 -474 -228 -160 -479 0
44 -478 -23 -228 -92 -201 -159 -577 -552 -594 -119 -422 -112 -498 -288 -367 -597 -548 -487 -534 -513 -27 -303 -99 -300 -15 -285 -465 -450 -273 -474 -52 -336 -193 0
158 -541 -487 -534 -15 -577 -303 -288 -513 -594 -566 -465 -119 -576 -273 -231 -112 -210 -498 -367 -92 -300 -99 -474 -294 -597 -522 -552 -201 -558 -228 -159 -285 -375 -72 0
-479 -72 -228 -201 -487 -159 -513 -534 -15 -577 -303 -288 -594 -566 -465 -576 -273 -231 -112 -210 -498 -367 -92 -300 -99 -474 -294 -597 -522 -552 -558 -285 -375 -119 -450 -449 -422 -336 -548 -44 -478 0
479 -478 -577 -552 -594 -119 -422 -112 -498 -288 -367 -92 -597 -548 -487 -534 -513 -201 -159 -450 -303 -99 -300 -15 -285 -465 -273 -474 -558 -228 -566 -576 -231 -210 -294 -522 -375 0
-478 -449 -450 -288 -367 -422 -594 -498 -92 -201 -228 -27 -336 -119 -487 -159 -513 -534 -15 -577 -303 -566 -465 -576 -273 -231 -112 -210 -300 -99 -474 -294 -597 -522 -552 -558 -285 -375 -548 0
45 -72 -367 -498 -92 -201 -597 -594 -357 -159 -228 -534 -558 -135 -288 -304 -112 -465 -450 0
158 -72 -357 -422 -594 -280 -498 -367 -487 -92 -15 -577 -303 -288 -513 -566 -465 -119 -576 -273 -231 -112 -210 -534 -300 -99 -474 -294 -597 -522 -201 -558 -228 -159 -285 -375 -552 0
512 -526 -487 0
-449 -357 -92 -201 -487 -228 -422 -594 -498 -367 -15 -577 -303 -288 -513 -566 -465 -119 -576 -273 -231 -112 -210 -534 -300 -99 -474 -294 -597 -522 -558 -159 -285 -375 -552 -450 -548 0
488 -594 -577 -303 -288 -513 -15 -487 -566 -465 -119 -576 -273 -231 -112 -210 -498 -534 -367 -92 -300 -99 -474 -294 -597 -522 -552 -201 -558 -228 -159 -285 -375 0
-357 -334 -303 -577 -92 -201 -487 -228 -422 -594 -498 -367 -15 -288 -513 -566 -465 -119 -576 -273 -231 -112 -210 -534 -300 -99 -474 -294 -597 -522 -558 -159 -285 -375 -552 -450 -548 0
-449 -26 -523 -201 -92 -367 -94 -280 -422 -552 -288 -195 -450 -205 0
480 -548 -597 -367 -92 -577 -522 -303 -201 -422 -552 -288 -450 -594 -15 -487 -228 -498 -513 -566 -465 -119 -576 -273 -231 -112 -210 -534 -300 -99 -474 -294 -558 -159 -285 -375 0
-449 -548 -300 -15 -577 -303 -92 -201 -487 -228 -422 -594 -498 -367 -288 -513 -566 -465 -576 -273 -231 -112 -210 -534 -99 -474 -294 -597 -522 -558 -159 -285 -375 -552 -450 -119 0
-478 -548 -552 -594 -119 -422 -112 -498 -288 -367 -92 -597 -577 -487 -534 -513 -201 -159 -450 -303 -99 -300 -15 -285 -465 -273 -474 -558 -228 -566 -576 -231 -210 -294 -522 -375 0
-357 -563 -498 -577 -92 -280 -422 -594 158 -367 -487 -15 -303 -288 -513 -566 -465 -119 -576 -273 -231 -112 -210 -534 -300 -99 -474 -294 -597 -522 -201 -558 -228 -159 -285 -375 -552 0
93 -548 -461 -563 -597 -242 -367 -26 0
-548 -422 -577 -92 -597 -367 -498 -594 -487 -15 -303 -288 -513 -566 -465 -119 -576 -273 -231 -112 -210 -534 -300 -99 -474 -294 -522 -201 -558 -228 -159 -285 -375 -552 -450 0
-478 -460 -273 -276 -548 511 -487 -45 -23 -228 -92 -201 -159 -577 -552 -594 -119 -422 -112 -498 -288 -367 -597 -534 -513 -27 -303 -99 -300 -15 -285 -465 -450 -474 -52 -336 -193 -480 0
565 -576 -119 -594 -487 -300 -273 -548 -228 -92 -201 -159 -577 -552 -422 -112 -498 -288 -367 -597 -534 -513 -303 -99 -15 -285 -465 -450 -474 -558 -294 -357 -210 -231 0
524 -231 -210 0
-566 -576 -594 -119 -422 -112 -498 -288 -367 -92 -597 -577 -487 -534 -513 -201 -159 -450 -303 -99 -300 -15 -548 -465 -273 -285 -474 -228 -558 -231 -210 -294 -478 -552 -565 0
566 -357 -450 -367 -303 -597 -92 -577 -548 -288 -594 -487 -534 -513 -201 -422 -159 -498 -478 -552 -119 -112 -99 -228 0
-576 -294 -119 -422 -112 -498 -288 -367 -92 -597 -577 -487 -534 -513 -201 -159 -450 -303 -99 -300 -15 -548 -465 -273 -285 -474 -228 -558 -231 -210 -478 -552 -594 -357 0
157 -585 -577 -552 -594 -119 -422 -112 -498 -288 -367 -92 -597 -548 -487 -534 -513 -201 -159 -478 -303 -450 -99 -300 -15 -285 -465 -273 -474 -558 -228 0
-585 -52 -474 -44 -183 -478 -300 -552 -522 -15 -267 -513 -159 -577 -594 -119 -422 -112 -498 -288 -367 -92 -597 -487 -534 -201 -303 -450 -99 -285 -465 -273 -558 -228 -548 -336 -584 0
488 -267 -478 -594 -577 -552 -300 -487 -513 0
576 -336 -478 -300 -552 -522 -15 -513 -159 -577 -594 -119 -422 -112 -498 -288 -367 -92 -597 -487 -534 -201 -303 -450 -99 -285 -465 -273 -558 -228 -548 -474 0
512 -478 -552 -594 -119 -422 -112 -498 -288 -367 -92 -597 -548 -487 -534 -513 -201 -159 -577 -303 -450 -99 -300 -15 -285 -465 -273 -474 -558 -228 0
-576 -478 -201 -92 -367 -422 -552 -288 -450 -300 -594 -15 -303 -577 -119 -112 -498 -597 -487 -534 -513 -159 -99 -548 -465 -273 -285 -474 -228 -558 -231 -210 0
-478 -231 -594 -498 -119 -112 -300 -552 -15 -513 -159 -422 -288 -367 -92 -597 -487 -534 -201 -303 -450 -99 -285 -465 -273 -558 -228 -548 -474 -577 -210 0
-576 -231 -577 -303 -487 -119 -594 -300 -273 -548 -228 -92 -201 -159 -552 -422 -112 -498 -288 -367 -597 -534 -513 -99 -15 -285 -465 -450 -474 -558 -210 0
-231 -558 -99 -288 -422 -548 -465 -450 -552 -112 -577 -303 -487 -119 -594 -300 -273 -228 -92 -201 -159 -498 -597 -534 -513 -15 -285 -474 -367 -210 0
-478 -558 -300 -577 -273 -548 -487 -228 -92 -201 -159 -552 -594 -119 -422 -112 -498 -288 -367 -597 -534 -513 -303 -99 -285 -465 -450 -474 -210 -15 0
-357 -102 -498 -367 -597 -594 -92 -201 158 -26 -577 0
-558 -210 -548 -487 -577 -498 -367 -597 -594 -92 -201 -112 -450 -534 -474 -465 -303 -159 -513 -119 -300 -228 -552 -422 -288 -99 -285 -273 -15 0
-231 -525 -210 0
158 -306 -548 -273 -450 -291 -465 -303 -228 -567 -201 0
-210 -228 -450 -548 -303 -99 -273 -201 -159 -465 -487 -577 -498 -367 -597 -594 -92 -112 -534 -474 -513 -119 -300 -552 -422 -288 -285 -15 0
-357 -449 -594 -577 -552 -300 -487 -513 -112 -548 -534 -465 -450 -478 -304 -92 -288 -228 -201 -159 -119 -422 -498 -367 -597 -303 -99 -15 -285 -273 -474 158 0
-449 -478 -201 -92 -367 -422 -552 -288 -450 -300 -594 -15 -577 -487 -513 -112 -548 -534 -465 -304 -228 -159 -119 -498 -597 -303 -99 -285 -273 -474 158 0
-478 -558 -367 -597 -577 -15 -548 -300 -201 -422 -552 -288 -450 -594 -487 -513 -112 -534 -465 -228 -159 -119 -498 -303 -99 -285 -273 -474 -92 0
-357 -449 -534 -465 -450 -135 -92 -288 -26 -577 -498 -367 -597 -594 -201 158 0
-449 -304 -465 -450 -548 -594 -474 -294 -119 -577 -15 -300 -480 -425 -303 -597 -273 -422 -498 -367 -288 -92 -552 -494 -526 511 -487 -201 -26 -280 -336 -534 -135 158 0
-357 -461 -191 -594 -597 -280 -498 -367 -22 -92 -26 -577 -201 158 0
-563 -26 -498 -71 -577 -92 -548 -242 -597 -461 -367 0
-558 -228 -465 -450 -594 -474 -119 -577 -15 -300 -303 -597 -273 -422 -498 -367 -288 -92 -552 -487 -201 -534 -548 -159 -513 -112 -99 -285 0
157 -228 -450 -119 -422 -112 -498 -288 -367 -594 -92 -597 -487 -534 -513 -201 -159 -303 -99 -548 -300 -15 -285 -465 -577 -273 -474 -552 0
-228 -474 -577 -498 -367 -597 -92 -201 -15 -300 -288 -159 -450 -119 -422 -112 -487 -534 -513 -303 -99 -548 -285 -465 -273 -594 -552 0
93 -116 -36 -288 -285 -291 -597 -534 -367 -70 0
290 -341 -116 -36 -597 -288 -285 0
289 157 -112 -99 -450 -548 -273 -474 -119 -300 -15 -577 -92 -367 -303 -597 -288 -594 -487 -534 -513 -201 -422 -159 -498 -552 -558 0
157 -36 -552 -422 -548 -450 -288 -303 -498 -577 -92 -15 -534 -558 -300 -285 -597 -291 -112 -99 -273 -474 -119 -367 -594 -487 -513 -201 -159 0
-26 -562 -450 -548 -288 -465 -112 -243 -534 158 -92 -357 -577 -498 -367 -597 -594 -201 -449 -27 0
-461 -133 -534 -71 -552 -422 -548 -478 -585 -450 -288 -303 -336 -27 -498 -243 -577 -92 -112 -45 -460 0
489 -318 -210 -104 -231 -20 -576 -112 -474 -4 -548 -56 -281 -402 -293 -422 -522 -61 -552 -193 -274 -160 -478 -427 -526 -76 0
286 -562 -367 -498 -92 -548 -252 -61 -478 511 -487 -210 -231 -112 -474 -56 -402 -422 -522 -552 -341 -15 -36 -357 -597 -300 -285 -273 -594 -288 -291 -450 -449 -465 0
-585 -449 -367 -498 -92 -201 -552 -422 -548 -478 -450 -288 -303 -336 -27 -243 -577 -558 -285 -273 -291 511 -487 -112 -474 -15 -36 -357 -597 -300 -594 158 -465 -534 0
-449 -357 -498 -92 -548 -478 -487 -112 -474 -422 -552 -15 -36 -367 -597 -300 -285 -273 -594 -288 -291 -450 -465 -577 -27 -336 -119 -513 -201 -303 -243 -558 158 -534 0
584 -336 -526 -119 -487 -478 0
579 -478 -465 -450 -558 -288 -273 -291 -300 -548 -487 -119 -303 -498 -92 -112 -474 -422 -552 -15 -36 -367 -597 -285 -594 -577 -513 -201 158 -534 0
-478 -291 -498 -577 -92 -548 -597 -367 -201 -422 -552 -288 -450 -119 -273 -303 -300 -594 -15 -465 -558 -487 -112 -474 -36 -285 -513 158 -534 0
-474 -285 -577 -92 -367 -597 -288 -594 -15 -300 -498 -548 -201 -422 -552 -450 -119 -273 -303 -465 -487 -112 -513 -534 -159 -99 0
157 -84 -450 -552 -472 -548 -465 -303 -99 -567 -513 0
474 -273 -92 -367 -15 -300 -119 -288 -112 -548 -422 -450 -552 -534 -465 -303 -99 -513 -159 0
290 -162 -422 -552 -577 -594 -15 -450 -449 -116 -300 -288 0
157 -449 -99 -450 -548 -273 -474 -119 -300 -15 -577 -92 -367 -303 -597 -288 -594 -487 -534 -513 -201 -422 -159 -498 -552 -291 -112 0
289 -336 -534 -478 -552 -422 -548 -71 -450 -288 -303 -487 -27 -498 -243 -577 -92 -112 -460 -526 -119 -300 -273 0
-357 -449 -422 -552 -577 -594 -15 -450 -498 -300 -288 -597 -367 158 -92 -201 -102 -291 -534 -478 -548 -303 -487 -112 -526 -119 -273 0
-449 -478 -201 -92 -367 -422 -552 -288 -450 -300 -594 -15 -577 -498 -597 -102 -291 -534 -548 -303 -487 -112 -119 -273 -513 -159 -99 -474 0
157 -478 -119 -577 -15 -465 -450 -548 -300 -288 -273 -112 -99 -92 -367 -303 -597 -594 -487 -534 -513 -201 -422 -159 -498 -552 0
298 -478 -526 -487 -548 -465 -450 -583 -461 -119 -288 -273 -226 -577 -291 -15 0
-478 -273 -119 -487 -300 -548 -465 -450 -288 -577 -15 -513 -201 -159 -112 -99 -92 -367 -303 -597 -594 -534 -422 -498 -552 0
-273 -548 -552 -498 -92 -597 -367 -577 -594 -201 -288 -159 -15 -513 -487 -300 -119 -422 -465 -450 -112 -99 -303 -534 0
299 -478 -513 -577 -303 -548 -450 -92 -276 -462 -367 -119 -597 -487 -291 0
512 290 -552 -577 -594 -15 -450 -422 -449 -300 -288 -201 -487 -159 0
428 -426 -184 -276 -160 0
-478 -548 -112 -422 -552 -450 -288 -465 -534 -92 -577 -498 -367 -597 -594 -201 -276 -119 -15 -300 -487 -159 -513 -303 -462 -291 0
-548 -15 -450 -367 -201 -597 -288 -159 -594 -513 -487 -300 -112 -422 -552 -465 -534 -92 -577 -498 -119 -303 -99 0
157 -357 -422 -552 -594 -487 -92 -597 -367 -513 -288 -159 -498 -201 -534 -9 -326 -52 -563 -336 -584 -228 0
579 -228 -594 -450 -449 -288 -502 -498 -367 -597 -92 -201 -563 -303 -577 -9 -159 -422 -552 -487 -513 -534 -326 0
291 -449 -201 -92 -367 -422 -552 -288 -450 -478 -300 -594 -15 -577 -502 -498 -597 -563 -303 -9 -159 -487 -513 -534 -326 0
289 -584 -201 -159 -498 -563 -577 -422 -513 -23 -552 -92 -193 -119 -367 -478 -15 -597 -300 -288 0
-449 -273 -367 -597 -594 -92 -498 -201 -563 -577 -450 -288 -303 -159 -422 -552 -487 -513 -534 -326 -15 -300 -502 -119 -478 -461 0
271 -545 -467 -576 -112 -134 -513 -527 -487 -566 -87 -465 -119 -157 0
-157 -289 -577 -288 -513 -303 -487 -15 -465 -119 -273 -112 -498 -534 -367 -92 -300 -99 -597 -552 -201 -159 -594 -467 -502 -583 -357 -563 -243 -22 -478 -336 -266 -565 0
593 -248 -437 -194 -552 -162 -357 0
287 -243 -498 -563 -577 -92 -367 -597 -162 -461 -357 -594 -437 -194 -552 -192 -227 -289 0
369 -517 -422 -502 -281 0
298 -437 -552 -422 -194 -594 -498 -367 -502 -288 -563 -577 -92 -597 -461 -326 -53 -583 -487 -513 -201 -303 -15 -465 -119 -273 -112 -534 -300 -99 -159 -467 -22 -478 -565 0
511 -583 -119 -487 -478 -326 -528 -83 0
-273 -478 -594 -577 -201 -487 -159 -513 -119 -92 -552 -300 -422 -498 -367 -288 -597 -303 -15 -465 -112 -534 -99 -450 0
-478 -15 -577 -119 -92 -300 -288 -367 -303 -597 -450 -201 -487 -159 -513 -552 -422 -498 -594 -465 -112 -534 -99 0
291 -502 -422 -367 -280 -594 -577 -450 -288 -498 -597 -92 -201 -563 -303 -159 -552 -487 -513 -534 -326 -115 -461 -465 45 -226 0
-15 -300 -498 -92 -367 -597 -422 -594 -450 -288 -201 -303 -159 -552 -487 -513 -534 -465 -577 -119 -112 -99 0
158 -53 -191 -478 -119 -487 584 -227 -513 -201 0
290 -478 -26 -99 -92 -422 -367 -552 -498 -94 -267 -513 -201 -159 -112 -119 -487 -7 -585 -303 -450 -205 -597 -288 0
286 -276 -119 -112 -467 -574 -534 -229 -562 -498 -243 91 -577 -565 -585 -99 -303 -422 369 -281 -290 -450 -205 0
289 -194 -205 -335 -450 -119 -478 -191 -300 -227 0
-449 -574 -112 -276 -294 -119 578 -25 -229 -547 -585 -565 -461 -303 -194 -450 -205 0
512 -585 -498 -577 -534 -303 -112 -119 578 -450 -205 -7 -290 -478 -300 -99 -288 -422 -282 -94 -92 -367 -102 -552 -201 -267 -159 -78 0
-478 -267 -534 -112 -450 -119 -422 -552 -201 -92 -159 -513 -498 -577 -303 578 -300 -99 -288 -282 -367 -487 -597 -594 0
-300 -303 -577 -92 -597 -367 -450 -498 -487 -552 -594 -159 -513 -119 -534 -112 -422 -201 -99 -288 -465 0
289 -273 -552 -422 -291 -265 -450 -465 -303 158 -201 -304 -112 -99 -44 -549 -562 -498 -92 -367 -597 -288 0
462 -157 -513 -527 -487 -465 -119 -112 -534 -597 -367 -594 158 -92 -498 -201 -303 -577 -552 -44 -450 -449 -288 -291 -422 -99 -562 0
-157 -334 -367 -498 -92 -562 -577 -594 -44 -465 -450 -449 -288 -597 -513 -527 -487 -119 -112 -534 -201 -303 -552 -422 -99 -159 0
290 -116 -449 -450 -288 -179 -367 -422 -594 -23 -498 -92 -70 -162 -334 -577 -44 -465 -597 0
583 -449 -552 -577 -498 -119 -44 -92 -367 -597 -288 -422 -450 -594 -465 -487 -513 -201 -527 -112 -534 -303 -99 -159 0
596 158 -498 -92 -513 -527 -487 -465 -119 -112 -534 -597 -367 -594 -577 -201 -303 -552 -44 -450 -449 -288 -291 -422 -99 -157 0
-449 -527 -513 -112 -487 -465 -119 -552 -367 -44 -498 -594 -450 -597 -99 -422 -534 -92 -288 -577 -201 -303 -159 -347 -194 0
-157 -517 -170 -24 -303 -577 -243 -112 271 -513 -527 -487 -465 -119 -552 -265 -549 -44 -450 -247 -557 -478 -336 -227 -534 -100 -201 -72 -597 -367 -594 -92 -498 -357 -159 0
93 -357 -594 -487 -92 -597 -367 -513 -159 -498 -201 -303 -577 -243 -112 -527 -465 -119 -552 -44 -450 -478 -336 -534 -288 -461 -291 -22 0
249 -310 -170 -22 -194 -552 -173 -231 -474 -210 -518 -56 -422 -548 -282 -44 -292 -143 -96 -410 -594 -465 -265 -347 -522 -437 0
289 -231 -210 -194 -552 -173 -474 -56 -265 -422 -527 -577 -594 -487 -548 -44 -410 -465 -347 -437 -170 -22 -522 -367 -420 -115 -597 -288 0
158 -56 -461 -465 -450 -597 -288 -291 -194 -552 -173 -44 -422 -527 -577 -594 -487 -410 -347 -437 -170 -22 -367 -524 -565 -513 -201 -498 91 -243 0
287 -186 -162 -357 -597 -594 -437 -194 -552 -498 -577 -92 -367 -461 -563 -243 -192 -227 0
579 -478 -367 -498 -594 -487 -92 -597 -513 -159 -201 -288 -552 -577 -99 -450 -303 -119 -112 -534 -465 -422 0
-548 -563 -552 -280 -94 -4 -115 -112 -201 -44 -159 -549 -498 -461 -577 -92 -26 -422 -597 -242 -367 0
70 -461 -465 -450 -247 -548 -44 -303 -597 -567 -367 -534 -92 0
-461 -534 -422 -367 -450 -597 -548 -44 -465 -247 -303 -567 -517 -72 -92 0
-449 -567 -247 -552 -577 -563 -548 -450 -44 -594 -465 -303 0
-567 -517 -422 -367 -597 -548 -450 -44 -465 -247 -303 -552 -577 -563 -594 0
547 -474 -513 -159 -201 -272 -227 -460 -557 -450 -112 -465 -247 -44 0
286 -44 -577 -367 -498 -487 -92 -597 -513 -201 -288 -552 -450 -303 -119 -112 -465 -422 -548 -594 -563 0
-449 -247 -367 -498 -594 -487 -92 -597 -513 -478 -201 -288 -552 -99 -450 -303 -119 -112 -465 -422 -577 -563 -548 -44 0
-247 -478 -367 -498 -594 -487 -92 -597 -513 -577 -201 -288 -552 -450 -303 -119 -112 -465 -422 -409 -547 -563 -548 -44 0
448 -580 -518 -422 -201 -327 -57 -563 -577 -193 -119 -478 -450 -487 -513 -290 -597 -583 -462 -303 0
43 -44 -92 -367 -597 -450 -422 -201 -563 -119 -487 -513 -303 -498 -594 -288 -552 -112 -465 -548 -577 0
-247 45 -450 -465 -248 0
-449 -460 -552 -422 -562 -450 -465 -303 -549 -201 -112 -44 -498 -92 -367 -597 -288 -513 -290 -577 -119 -594 -487 -585 -411 0
-44 -548 -552 -422 -450 -303 -201 -112 -498 -92 -367 -597 -288 -513 -577 -119 -594 -487 -563 -465 0
549 -160 -119 -479 -498 -380 -367 -23 -487 -513 -452 -92 -73 -143 -577 -584 -243 -597 -563 -460 0
480 -320 -436 -247 -394 -135 -193 -119 0
478 -289 -576 -402 -566 -522 -201 -273 -487 -227 -160 -184 -429 -513 -119 0
480 -59 -55 -422 -402 -581 -436 -552 -522 -247 -193 0
595 -273 -576 -402 -566 -522 -201 -160 -487 -227 478 -513 -119 -186 -452 -143 0
377 -212 -427 -487 -160 -526 -552 -76 -422 -472 -581 -576 -66 0
-527 -212 -204 -92 -597 -367 -143 -567 -533 473 -452 -487 -581 -576 -402 -566 -522 -201 -273 -227 -160 478 -289 -513 -119 0
-289 -517 -100 -92 -597 -367 -143 -422 -452 -552 -186 -160 -487 -204 -567 -533 473 -581 -576 -402 -566 -522 -201 -273 -227 478 -513 -119 -97 -376 -66 -456 0
462 -325 -422 -82 -552 -247 -288 -100 -92 -597 -367 -143 -452 -186 -160 -487 -581 -576 -402 -566 -522 -201 -513 -119 -97 -456 -474 -55 -380 -27 -23 -498 -563 -243 -577 -479 -436 -193 -192 -8 0
480 -128 -498 -367 -92 -27 -55 -422 -581 -436 -552 -247 -193 -402 -522 0
-247 -558 -513 -487 -119 -479 -498 -367 -92 -422 -552 -522 -597 -288 -576 -566 -201 -380 -23 -563 -577 -222 -584 -548 -594 -450 -449 0
596 -523 -82 -566 -319 -169 -326 -23 -548 -502 -92 -460 -367 0
547 -478 -552 44 -193 -566 -112 -116 -367 -498 -92 -201 -273 -274 -577 -37 -334 -513 -584 -563 -326 0
-478 -580 -563 -422 -201 -518 448 -577 -119 -450 -487 -513 -290 -597 -303 -548 -552 44 -112 -116 -367 -498 -92 0
549 -276 511 -487 -290 -584 -597 -563 -460 0
461 -435 -29 -576 -21 -594 -566 -357 -161 -487 -72 511 -546 -419 -276 -6 -538 -273 0
565 -1 -69 -29 -522 -576 -402 -66 -474 0
567 -300 -92 -367 -597 -288 -594 -577 -548 -498 -285 -201 -422 -552 -450 -119 -15 -303 -465 -487 -112 -513 -474 -273 0
291 -436 -346 -205 -465 -69 -29 -522 -576 -402 -66 -474 -566 -92 -367 -597 -288 -594 -577 -548 -498 -201 -422 -552 -450 -119 -15 -303 -487 -112 -513 -298 0
-449 -548 -597 -367 -594 -465 -288 -577 -92 -498 -201 -422 -552 -450 -119 -303 -487 -112 -513 -563 0
595 -172 -119 -112 -367 -422 -498 -410 -203 -135 -552 -534 -336 -71 -487 -92 -583 -563 -577 511 -61 -249 -276 -6 -548 -288 -273 -226 -461 -291 0
567 -273 -498 -548 -92 -563 -597 -367 -119 -112 -422 -552 -487 -288 -577 -201 -513 -450 -594 -303 -465 0
512 -473 -45 -498 -112 -563 -98 -92 -594 -548 -461 -597 -367 -6 -273 -577 -53 -437 -552 -205 -194 -119 -583 -479 -487 0
-478 -495 -498 -92 -594 -548 -461 -597 -563 -577 -367 -427 -526 -119 -487 -583 -76 -6 -273 -265 -82 -85 -437 -552 -205 -135 -194 -479 0
300 -451 -92 -597 -367 -594 -19 -356 -560 -577 -212 -13 0
578 93 -461 -597 -563 -367 -548 0
161 -142 -594 -357 -186 0
93 -192 -422 -440 -201 -135 -115 -498 -9 -85 -594 -162 -186 -577 -461 -597 -563 -367 -548 0
161 -357 -597 -367 -102 -594 -92 -186 0
290 -103 -394 -130 -440 -216 -505 -425 -283 -226 0
579 -589 -440 -312 -298 -289 -394 -22 -597 -345 -192 -367 -9 -498 -458 -594 -102 -370 -186 -162 -92 -25 0
547 -115 -367 -498 -440 -309 -172 -552 -82 -422 -517 -594 -577 -298 -289 -22 -597 -92 -85 -515 -74 -201 -135 -461 -563 -548 -418 -222 -495 -427 -76 -53 -487 -336 -583 0
248 -98 -422 -597 -552 -461 -367 -6 -273 -548 -498 -309 -172 -82 -594 -577 -298 -22 -92 -85 -74 -201 -135 -563 -222 -495 -427 -76 -53 -487 -336 -583 -288 0
368 -161 -498 -201 -309 -94 -172 -427 -82 -552 -76 -53 -422 -487 -336 -518 -583 -563 -98 -548 -7 -461 -290 -597 0
162 -242 -563 -487 -583 -76 -577 -427 -594 0
-161 287 -437 -597 -594 -194 -552 -498 -577 -92 -367 -461 -563 -201 -94 -53 -451 -336 -422 -583 -580 -548 -6 -273 -82 -487 -76 -427 -309 -172 -98 -7 0
-273 -548 -563 -92 -597 -367 -422 -487 -577 -552 -594 -498 -201 -288 -450 -119 -513 -112 -465 -303 0
-548 -513 -92 -367 -563 -597 -422 -487 -552 -594 -498 -201 -288 -450 -119 -577 -112 -465 -303 0
334 -525 -194 -450 -422 -282 -205 -216 -288 -505 -289 -283 -344 -459 -83 -171 -326 -191 -80 -53 0
226 -247 -582 -20 -103 -132 -282 -94 -431 -115 -425 -201 0
-247 -558 -600 -380 -194 -450 -250 -44 -465 -525 -62 -516 -201 -228 -582 -20 -103 -132 -282 -94 -431 -115 -425 -205 0
247 -380 -44 -410 -22 -465 -171 -205 -519 -437 -288 0
423 -289 -228 -600 -194 -450 -250 -44 -465 -525 -62 -516 -201 -582 -20 -103 -132 -282 -94 -115 -425 -205 -410 -22 -171 -437 -288 -46 0
578 -194 -450 -44 -465 -288 -201 -282 -422 -516 -410 -22 -437 -513 -119 -53 -547 584 -577 -25 -216 -326 -537 -498 -461 -597 -397 -370 -552 -161 -594 0
581 -517 -565 -158 -170 -201 -192 -153 -288 -461 -131 -597 -186 -161 -95 -594 -298 -513 584 -119 -487 -336 -326 -583 -83 -437 -44 -247 -450 -465 0
199 -298 584 -119 -487 -336 -44 -410 -576 -474 -465 -565 -524 -158 0
421 -247 -597 -367 -161 -192 -357 -594 -201 584 -119 -487 -336 -44 -410 -465 -565 -524 -158 -461 -419 -288 -92 -170 -153 -186 -513 -326 -583 -437 -450 -15 -552 -282 0
-247 -170 -590 -22 -216 -192 -461 -597 -370 -186 -161 -594 -513 -119 -487 -326 -583 -194 -552 -437 -44 -450 -465 -422 -367 -357 -201 584 -336 -410 -565 -524 -158 -419 -288 -92 -153 -15 -282 0
564 -216 -597 -594 -552 -498 -577 -92 -367 -461 -563 -161 -513 -119 -487 -326 -583 -44 -465 -288 -590 -201 -450 -422 -282 -547 -303 91 0
369 -161 -563 -597 -594 -552 -498 -92 -367 -461 -577 -513 -119 -487 -326 -583 -44 -465 -288 -590 -201 -450 -422 -547 -303 0
160 -576 -523 -60 -247 -450 -44 -465 -66 -24 -582 585 -303 -326 -9 -82 -594 -552 -357 0
-248 -378 -576 -66 -582 -326 -317 -82 -188 -552 -523 -402 -205 -247 -460 -547 -467 -304 -450 0
248 -285 -505 -215 -205 -247 -460 -547 -467 -552 -179 -82 -391 -201 -326 -66 -519 -117 -582 -288 0
592 -576 -66 -582 -326 -82 -552 -523 -247 -460 -547 -467 -450 -44 -465 -505 -215 -391 -201 -519 -288 -60 -169 -24 -100 -303 -357 -9 0
-205 -183 -467 -552 -576 -82 -326 -66 -379 -582 -24 -247 -303 -206 -450 0
-248 -436 -247 -480 -450 -44 -465 0
280 -82 -552 -391 -326 -288 -247 -480 -450 -44 -465 -467 -303 496 -142 -594 -460 -547 -505 -215 -201 -9 -161 585 -92 -56 -577 -241 -422 0
-248 -280 368 -498 -201 -228 -577 -9 -300 -594 -52 -480 -450 -247 -44 -465 0
593 -21 -92 -161 -577 -241 -142 0
585 -247 -465 -450 -44 -577 368 -498 -9 -594 -92 -161 -142 -288 -201 -289 -273 -119 -326 -552 -422 -467 -303 -460 -547 -505 -56 -487 -513 -563 0
-115 -2 -474 -565 -203 -158 -288 -201 -422 368 -94 -498 -101 0
-357 -162 -498 -577 -92 -367 -597 -461 -563 -594 -437 -194 -552 -288 -201 -565 -158 -422 368 -94 -211 -346 -582 -478 -222 -326 -119 -80 -53 -335 -355 0
-327 -576 -326 -552 -205 -247 -460 -547 -467 -248 -450 -46 -22 -92 -56 -26 -524 -346 -522 -289 -298 -191 -119 -53 -201 584 -487 -44 -410 -465 -565 -158 0
-248 -247 -552 -326 -119 -547 -467 -450 -22 -92 -56 -53 -201 584 -487 -44 -410 -465 -565 -422 -577 -498 -367 -597 -461 -563 -594 -437 -194 -288 368 -161 -513 -583 -305 0
580 -335 -265 -594 -552 -161 -577 -281 -80 -422 -326 0
356 -280 368 -594 -498 -115 0
93 -2 -474 -565 -204 -158 -16 -175 496 -367 -281 421 -498 -517 -379 -169 -22 0
91 -184 -127 -451 -498 -563 -577 -398 -26 0
43 93 -565 -204 -474 -16 496 -367 -281 421 -498 -517 -169 -22 -298 -513 -119 -487 -326 -583 -83 584 -336 0
592 -585 -450 -303 -119 -465 -336 -112 -44 -204 -474 -367 421 -498 -517 -513 -487 -326 -583 -83 -21 -92 -563 -577 -161 -115 -356 368 -9 0
-247 -161 -594 -487 -92 -597 -367 -513 -498 -201 -563 -577 -465 -450 -303 -119 -112 -583 -552 -422 -288 -273 0
567 -478 -119 -92 -577 -288 -367 -303 -597 -450 -201 -487 -300 -513 -552 -422 -498 -594 -465 -112 -15 -99 0
423 -228 -92 -201 -116 -100 -9 -594 -205 -436 -450 -303 -119 -577 -288 -367 -597 -487 -300 -513 -552 -422 -498 -465 -112 -98 -265 -503 -161 -518 -281 0
593 -161 -583 -92 -563 -577 -142 -303 -450 -100 -436 -116 -205 -96 0
-115 -514 -450 -31 -303 -44 -171 -480 -300 -92 -451 -498 -563 -577 -161 -355 368 -280 -94 -594 0
584 -336 -450 -54 -303 0
579 -188 -31 -576 -514 -567 -450 -54 -303 -326 -524 -171 -92 -83 -577 -513 -563 -487 -583 0
-161 -583 -119 -577 -303 -92 -513 -563 -487 -450 -201 -498 -594 -552 -422 -288 -367 -597 -465 -112 -273 0
512 -115 -288 -94 -249 -282 -582 -14 -326 -265 -82 0
527 -205 -465 -582 -326 -450 -335 -119 -44 -193 -303 -583 -487 0
578 -193 -273 -119 -450 -303 -428 -583 -326 -288 -201 -487 -265 -82 -282 -582 -513 -465 -44 -594 0
488 -428 -487 -513 0
-583 -273 -450 -303 -487 -513 -594 -577 -552 -119 -288 -201 -465 -422 -92 -563 -498 -367 -597 -112 0
-248 -227 -201 -115 -186 -597 -367 -594 -92 -357 -160 -487 -513 -27 -252 -56 -309 -119 -580 -436 -193 -247 -450 -44 -465 0
91 -46 -379 -175 -23 -498 -563 -243 -577 0
-247 -115 -367 -92 -23 -498 -563 -243 -577 -252 -552 -422 -580 -201 -597 -186 -594 -357 -487 -513 -27 -56 -119 -450 -44 -465 -192 -9 -449 0
592 -102 -23 -92 -367 -498 -27 -192 -357 -9 0
-115 -252 -552 -23 -498 -563 -577 -422 -580 -92 -597 -367 -357 -594 -27 -192 -450 -465 -303 -562 -201 -112 -288 -513 -449 -119 -487 -585 0
-247 -478 -119 -92 -577 -288 -367 -303 -597 -450 -201 -487 -566 -513 -552 -422 -498 -594 -465 -112 -15 -98 -23 -518 -192 -9 -248 -44 -449 0
368 -161 -201 -116 -100 -9 -594 -205 -436 -450 -303 -119 -577 -288 -367 -597 -487 -513 -552 -422 -498 -465 -112 -98 -265 -92 -518 -290 -282 0
239 -105 -111 -235 -143 -533 -452 -566 -186 -98 -370 -150 -121 0
-161 -20 -143 -452 -92 -597 -367 -100 -235 -566 -186 -252 -379 -23 -498 -563 -243 -577 -594 -450 -449 -116 -288 -179 -59 -422 -518 -170 -201 -205 -303 -119 -487 -513 -552 -465 -112 -265 -290 -282 -160 0
161 -170 -23 -92 -518 -367 -422 -597 -552 -594 -186 -357 0
593 -235 -566 -594 -487 -92 -597 -367 -513 -72 -357 -498 -201 -186 -100 -23 -563 -243 -577 -252 -379 -450 -449 -116 -288 -179 -422 -518 -205 -303 -119 -552 -465 -112 -290 -82 -192 -94 0
335 -23 -367 -597 -92 -498 -594 -566 -487 -513 -201 -563 -577 -450 -449 -288 -422 -303 -119 -552 -465 -112 -562 -585 -79 0
100 -47 -422 -537 -367 -94 -498 -116 0
583 -513 -422 -552 -498 -563 -577 -367 -450 -465 -303 -201 -92 -597 -288 -112 -119 -594 -487 0
-513 -563 -498 -577 -201 -288 -594 -465 -487 -450 -119 -303 -422 -552 -92 -597 -367 -112 0
368 -527 -552 -422 -577 -594 -487 -267 -498 0
287 -519 -381 -422 -367 -498 -193 -552 -563 -577 91 -566 -201 -161 -594 -159 -504 -171 -304 0
205 -409 -563 -25 -577 -84 -584 -594 -465 0
-449 -267 -577 -498 -594 -552 -282 -422 -367 -563 91 -201 -161 -159 -504 -288 -450 -84 -584 -465 -303 0
-563 -303 -577 -498 -594 -552 -422 -367 -201 -288 -450 -465 -92 -487 -119 -597 -112 0
-357 -439 -316 -273 -460 -281 -7 -503 -422 -518 -228 -169 -201 -27 -116 -242 -100 -577 -355 -594 0
592 -169 -584 -548 -379 -175 -513 -487 -119 -48 -422 -281 -265 -552 -577 -161 -316 -460 -503 -201 -27 -242 -100 -594 -418 -289 -288 -450 -449 0
593 -161 -185 -577 -142 0
-449 -513 -548 592 -175 -584 -487 -119 -48 -422 -281 -265 -552 -577 -161 -460 -503 -201 -27 -242 -100 -594 -418 -289 -288 -450 -24 -303 0
115 -519 -503 -565 -97 -157 -288 -201 0
557 -226 -289 0
423 -273 -289 -275 -119 -480 -450 -548 -460 -465 -205 -524 -288 -201 -117 -503 -565 -97 -157 -15 -281 0
-513 356 -157 -288 -201 -552 368 -594 -498 -532 -48 -422 -289 -119 -450 -548 -460 -465 -524 -15 -487 -584 -24 -303 -73 592 -175 -577 -161 -27 -242 -418 0
513 368 -552 -422 -577 -594 -487 -498 0
579 592 -157 -288 -201 -552 368 -594 -498 -532 -48 -422 -289 -119 -450 -548 -460 -465 -487 -584 -24 -303 -27 -175 -577 -161 -242 -418 0
-161 -157 -422 -577 -552 -288 -201 368 -594 -498 -532 -48 -289 -119 -450 -548 -460 -465 -487 -584 -24 -303 -27 -175 -242 -418 -185 -142 0
247 -327 -409 -465 -466 -566 -548 -157 -72 -367 -498 -92 -201 -397 -582 -288 0
567 -133 -119 -367 -498 -594 -487 -92 -597 -513 579 -201 -288 -552 -577 -450 -303 -112 -465 -422 -532 0
593 -582 -466 -566 -119 -367 -498 -594 -487 -92 -597 -513 -201 -288 -552 -577 -450 -303 -112 -465 -422 -532 -449 -157 -72 -100 -79 -27 -265 -399 -334 -13 -142 0
93 -303 -119 -552 -422 -577 -594 -487 -498 -288 -450 -367 -92 -597 -201 -112 -465 0
157 -534 -577 -498 -119 -513 -92 -367 -597 -288 -422 -450 -594 -465 -487 -201 -552 -112 -449 -303 -159 -480 0
101 -69 -552 -57 -577 -498 -367 -597 -92 -201 -288 -450 -119 -422 -112 -487 -513 -303 -465 -594 -290 -518 -94 -83 -116 -449 -480 -14 -184 -266 0
-449 -266 -525 -487 -171 -513 -7 -422 -14 -367 -94 -498 -102 -552 -57 -577 -597 -92 -201 -288 -450 -119 -112 -303 -465 -594 -83 -184 -194 -205 0
160 -94 -288 -201 -450 -367 -597 -594 -513 -487 -112 -422 -552 -465 -92 -577 -498 -119 -303 -14 -335 -525 -171 -7 -102 -57 -205 0
-15 -478 -92 -577 -288 -367 -303 -597 -450 -201 -487 -513 -119 -552 -422 -498 -594 -465 -112 -566 -449 -102 -116 -94 -282 -14 0
578 -513 -577 -92 -597 -367 -450 -498 -487 -552 -594 -303 -112 -119 -422 -201 -288 -465 0
117 -100 -577 -536 -498 -397 -594 -161 -95 0
-100 -439 -131 -86 -318 -498 -532 -536 -70 -157 -201 -116 -577 -397 -594 -161 -95 0
247 -86 -357 -116 -594 -318 -498 -532 -536 -70 -157 -201 -577 -397 -552 -282 -422 -517 -288 0
287 -247 -422 -193 -517 -552 0
565 -116 -552 -577 -594 -449 -450 -15 -422 -288 -190 -487 -513 -201 -336 -517 -70 -584 -536 -498 -397 -357 -318 -282 -465 0
-100 -203 -116 -597 -288 -341 -226 -291 -336 -517 -584 -422 -213 -370 -487 -552 511 -513 -367 -357 -594 -92 -577 -536 -498 -397 117 0
-116 -282 -288 -422 -450 -449 -594 -597 -487 -552 -513 -367 -92 -577 -498 -201 -119 -465 -112 -303 0
158 -545 -534 -112 -45 -487 -381 -46 -429 -133 -498 -513 -204 -70 0
159 -534 -566 -70 0
421 -45 -599 -381 -498 -513 -70 -157 -566 -236 -111 -20 -247 -436 -450 -193 -160 -552 0
-99 428 -577 -161 593 -597 -226 -119 -289 -367 -498 -594 -487 -92 -513 -201 -288 -552 -159 -450 -303 -112 -534 -465 -422 0
-534 -161 -112 -45 -566 -577 -133 593 -597 -226 -119 -289 -367 -498 -594 -487 -92 -513 -201 -288 -552 -450 -303 -465 -422 -157 0
-161 -222 -20 -367 -498 -231 -318 -111 -112 -566 -236 -133 -45 -577 593 -597 -226 -119 -289 -594 -487 -92 -513 -201 -288 -552 -450 -303 -465 -422 -157 0
-194 -346 -382 -436 -450 -247 -193 0
478 -247 -436 -450 -193 -293 -61 -252 -177 -48 -381 -45 0
116 -449 -422 -552 -450 -288 -465 -92 -577 -498 -367 -597 -594 -201 -119 -487 -513 -303 -112 0
-449 -513 -594 -498 -577 -119 -201 -92 -367 -597 -288 -422 -450 -465 -487 -552 -112 -303 0
290 -271 -597 -461 0
-159 -534 -594 -367 -597 -288 -119 -498 -487 -92 -513 -201 -552 -577 -450 -303 -112 -422 -465 0
-44 -247 -205 -450 -473 -222 -288 -548 -422 -367 -597 -461 -465 -567 -303 -534 -72 -92 -45 0
-247 -85 -516 -314 -205 -450 -133 -480 -112 -473 -222 -288 -548 -422 -367 -597 -461 -465 -567 -303 -534 -72 -92 -45 0
479 -326 -133 -340 -119 -597 585 -461 -439 -98 -548 -348 -45 0
423 -32 -7 -461 -69 -548 -56 -439 -384 -133 -348 -119 -480 -340 -597 585 -98 -45 -170 -580 -518 0
-534 -513 -552 -422 -119 -597 -594 -288 -450 -367 -465 -303 -92 -498 -487 -112 -201 -577 0
421 -247 -85 -599 -314 -39 -516 -135 -480 -82 -552 -45 -548 -473 0
549 -247 -288 -205 -450 -519 -473 -504 -222 -98 0
-247 -237 -39 -599 -282 -135 -213 -15 -85 -544 -504 -204 -314 -597 -461 -516 -288 -275 -205 -450 -119 -480 -112 -45 -548 -473 -222 -98 -422 -82 -552 0
423 -191 -290 -216 -439 -201 -237 -524 -32 -230 -69 -597 -22 -325 -172 -66 -392 -170 -580 -518 0
547 -230 -576 -53 -473 -213 -512 -527 -544 -170 -552 -518 -82 -422 -290 -216 -439 -201 -237 -524 -32 -69 -597 -22 -392 -580 -348 -7 -480 -461 -56 -45 0
-513 -303 -597 -552 -201 -594 -288 -450 -119 -112 -367 -498 -465 -422 -92 -487 -577 0
421 -45 -478 -119 -584 -201 -303 -450 -247 -594 -25 -577 -498 -267 -552 -282 0
410 -247 -450 -465 0
43 -410 -548 -84 0
549 -6 -552 -273 -195 -450 -410 -84 0
551 -48 -86 -380 -334 -577 -25 -288 -519 -542 -504 -319 -533 -97 -584 -303 -576 -498 -450 -466 -267 -195 -84 0
-45 -247 -577 -594 -282 -536 -498 -450 -161 -527 -552 -487 -267 -84 -25 -288 -542 -504 -584 -303 -548 -410 -275 -119 -478 -112 -422 -201 0
521 -336 -577 -422 -282 -517 -53 -5 -474 -466 -84 -575 -552 -267 0
-247 -275 -478 -112 -119 -597 -84 -552 -577 -422 -282 -267 -584 -303 -465 -450 -288 -548 -594 -536 -498 -161 -527 -487 -25 -542 -504 -201 0
45 -305 -465 -436 -450 -205 0
551 -159 -397 -367 -498 -92 -201 -116 -70 -282 -419 -422 -22 -580 -303 -84 -450 -548 -465 -436 -205 -478 -267 -193 0
-303 -119 -450 -577 -594 -422 -552 -367 -498 -92 -201 -288 -112 -465 -597 -487 0
335 -81 -585 0
-81 -336 -585 0
480 -55 -243 -27 -562 -498 -367 -92 -581 -422 -193 -552 -247 -436 -522 -52 -336 -119 0
266 -9 579 -394 -289 -440 -597 -192 -589 -367 -345 -498 -458 -594 -312 -92 -566 -160 -273 -522 -201 -402 -487 478 -576 -227 -513 -119 -72 -452 -143 -19 -182 -282 0
281 -190 -577 -594 565 -450 -449 -422 -288 -15 -487 -513 -201 -336 -282 -517 -584 -552 -498 -357 -465 -187 -48 -202 -72 -24 -92 -367 0
-461 -584 -292 -597 -201 -289 -115 -298 -95 -15 -282 -577 -594 565 -450 -449 -422 -288 -487 -513 -336 -517 -276 -552 -498 -357 -465 -48 -202 -24 -92 -367 -60 -418 -192 -538 -8 0
-584 -545 -487 -202 -513 -577 -95 -498 -594 -100 -243 -92 -115 -86 -433 -452 -342 -143 -418 -597 -538 -292 -201 -289 -298 -15 -282 565 -450 -449 -422 -288 -336 -517 -276 -552 -357 -465 -48 -24 -367 -60 -8 -585 0
-194 -19 -92 -24 -135 -367 -597 -594 -427 -498 -76 -562 -487 -202 -577 -342 -538 -201 -298 -282 565 -450 -449 -422 -288 -276 -552 -465 -48 -60 -585 -519 -261 -346 -247 0
-517 -584 -92 -112 565 -412 -135 -465 -523 -597 -538 -292 -201 -19 -298 -282 -577 -594 -450 -449 -422 -288 -487 -276 -552 -498 -48 -202 -24 -367 -60 -342 -585 -519 -247 0
533 -72 -92 -597 -367 -143 -100 -86 -135 -452 0
1 -290 -160 -558 -452 -276 -92 -597 -367 -143 511 -487 -298 -19 -213 -182 0
517 -523 -498 -367 -597 -594 -92 -357 -577 -157 -201 -202 -229 -576 -2 -472 -160 -558 -452 -276 -143 511 -487 -298 -19 -213 -182 -288 0
550 -247 -367 -597 -594 -498 -487 -112 -465 -201 -577 -450 -449 -422 -288 -552 -92 -119 -45 -548 0
117 -562 -327 -548 -24 -440 -92 -577 -498 -161 -594 593 -367 -597 -282 0
91 -252 -487 -472 -552 -422 -576 -513 -348 -480 248 -309 -160 -105 -182 -254 -229 -523 -399 -27 -24 0
-584 -282 -112 -465 -597 -201 -92 -577 -594 -450 -449 -422 -288 -487 -552 -498 -367 -247 -119 -45 -548 0
427 -78 -513 0
-78 -513 -429 0
-247 -449 -548 -577 -597 -498 -422 -367 -112 -465 -201 -92 -594 -450 -45 -288 -487 -552 -119 0
479 -298 -460 -290 -548 -597 -45 0
596 -102 -357 -594 -283 -8 -505 -460 0
162 -181 -357 -422 -367 -498 -116 -290 -597 -8 -460 -458 -370 -46 -58 -53 -190 -402 -594 -6 -1 -546 -533 -216 -135 -439 -599 -487 -38 -485 -513 0
480 -384 -436 -247 -193 0
-24 -533 -70 -566 -127 -301 -594 -142 -357 -282 -548 117 -440 -92 -577 -498 -327 593 -367 -597 -562 -22 0
567 -555 -227 -237 -201 -533 -157 0
-585 -181 -548 -487 -558 -498 -367 -92 -422 -552 -513 -597 -288 -584 -522 -201 -380 -577 -247 -479 -594 -450 -449 -282 -517 -116 -397 -357 -70 -465 -157 -340 -170 -127 -142 -440 593 -562 -22 -118 0
585 117 -95 -498 -577 -594 -100 -397 -487 -513 -562 0
-161 -532 -133 -498 91 -243 -577 -282 -548 117 -24 -92 -327 -594 593 -367 -597 -100 -397 0
-24 -119 -479 -436 -247 -193 -133 -548 -127 -552 -594 -142 -357 -498 91 -577 -282 117 -92 -327 593 -367 -597 -100 -397 -474 -566 -301 0
536 -558 -265 -422 -548 -487 -552 -222 -498 -367 -92 -513 -597 -288 -584 -522 -201 -566 -119 -380 -577 -247 -23 -479 -594 -450 -449 -46 0
-533 -555 -119 -160 -184 -479 -201 -487 -237 -513 -227 567 0
-247 -517 -184 -201 -487 -513 -594 -142 -357 -552 -577 -450 -449 -422 -288 -282 -160 -584 -116 -498 -397 -465 -100 -265 -548 -367 -92 -597 -340 -127 91 593 0
-517 -21 -548 496 -104 -142 -577 593 -160 -552 -422 -284 -289 -288 -184 -201 -487 -513 -594 -357 -450 -449 -282 -584 -116 -498 -397 -465 -100 -367 -92 -597 -340 91 0
-247 -544 -524 -552 -567 -327 -465 -584 -597 -201 -92 -577 -594 -450 -449 -422 -288 -487 -498 -367 -282 -119 -548 -248 0
-100 -548 -487 -552 -594 -142 -357 -513 -465 -584 -597 -201 -92 -577 -450 -449 -422 -288 -498 -367 -282 -289 -340 -102 0
480 -161 -487 -513 -552 -193 -173 0
-550 -473 -468 -82 -552 0
-548 -102 -487 -513 -552 -422 -282 -289 -288 -92 -450 -449 -367 -594 -498 -357 -142 -465 -584 -597 -577 -340 -201 0
-247 -563 -498 -577 -201 -288 -594 -465 -487 -450 -422 -513 -552 -92 -597 -367 -584 -142 -357 -326 -102 -44 -449 0
592 -457 -558 -228 -289 -193 -422 -367 -498 -116 -487 -513 -552 -161 -563 -580 -518 -300 -243 -27 -577 -15 -92 -282 -201 -285 -102 -357 -9 0
325 -161 -409 -300 -552 -282 -422 -580 -513 -487 -44 -102 -357 -142 -594 -558 -228 -289 -193 -367 -498 -116 -563 -518 -577 -92 -201 -285 -9 0
327 -467 -552 -498 -367 -597 -594 -92 -201 -357 -102 -577 -513 -563 -487 -301 0
-102 -584 -498 -487 -513 -594 -142 -357 -552 -282 -422 -289 -367 -577 -92 -201 -597 -288 -465 -450 -449 -340 0
-562 -202 -19 -92 -367 -597 -594 -498 -194 -487 -48 -577 -538 -201 -76 -282 -450 -449 -422 -288 -552 -465 -427 -60 -519 -247 -563 -548 -513 -584 -576 -480 -336 0
551 -548 -561 -151 -577 -213 -243 -19 -92 -367 -597 -594 -498 -487 -201 -76 -282 -450 -449 -422 -288 -552 -465 -427 -247 -563 -513 -584 -480 -336 -327 -582 -265 0
-116 -119 -552 -548 -327 -465 -584 -597 -201 -92 -577 -594 -450 -449 -422 -288 -487 -498 -367 -282 -247 -157 -72 -397 -117 0
564 -548 -201 -552 -289 -327 -465 -584 -597 -92 -577 -594 -450 -449 -422 -288 -487 -498 -367 -282 -247 -157 -397 -117 428 -184 -160 -480 -336 0
-548 -480 -449 -577 -597 -498 -422 -367 -247 -465 -201 -92 -594 -450 -288 -487 -552 -357 -157 -183 -527 -563 -289 -327 -584 -282 -397 -117 428 -184 -561 -151 -213 -19 -76 -513 -582 0
-247 -563 -450 -465 -449 -577 -597 -498 -422 -367 -201 -92 -594 -288 -487 -552 -357 -327 -289 -584 -282 -117 -513 -399 -161 -142 0
Solved
