54 -100 -160 -61 -58 0
161 -10 -82 -88 -202 -94 -124 -100 -61 0
208 -88 -82 -94 -61 -160 -53 -58 0
100 -142 -174 -12 -110 -134 -82 -17 -88 -204 -53 -125 0
211 -110 -134 -82 -160 -58 -53 -71 -139 -94 -209 -182 0
204 -37 -139 -53 -94 0
88 -202 -110 -58 -160 -100 -53 -65 -94 -139 -127 -134 0
-202 -90 -209 -82 -160 -53 -58 -94 -110 -100 -65 -139 -127 -134 0
202 -100 -209 -94 -65 -58 -71 -53 0
52 -100 -160 -125 -62 0
-100 -209 -1 -160 -58 -53 -154 -211 -82 -94 -110 -65 -139 -127 -134 -71 0
215 -160 -82 -139 -94 -1 -58 -154 -127 0
53 -100 -82 -72 -66 -163 -210 -160 -1 -58 0
-53 -125 -94 -160 -58 -210 -139 -82 -54 0
-125 -210 -94 -82 -72 -66 -163 -160 -1 -58 -139 -54 0
217 -94 -58 -139 -163 -1 -214 -154 -127 0
-100 -160 -135 -93 -131 -1 -57 -65 -84 -86 -217 -163 -58 -125 52 0
162 -172 -182 -213 -149 -61 0
-160 52 -94 -1 -58 -154 -127 -214 -163 -125 -139 0
83 -28 -148 -71 -190 -57 0
210 -173 -163 -47 -135 -109 -214 0
66 -77 -136 -31 -187 -22 -109 -167 -18 -214 -86 0
52 -125 -163 -127 -58 -94 -1 -154 -214 -139 0
-82 -160 -125 -163 -94 -1 -58 -139 -214 -154 -127 0
53 -100 -55 -139 -94 -10 -163 -160 -1 -214 -145 -58 0
-100 -210 -154 -88 -160 -1 -214 -145 -125 -58 -52 -55 -139 -94 -10 -163 0
-210 -88 -125 -154 -94 -160 -1 -214 -145 -58 -52 -55 -139 -10 -163 0
210 -125 -58 -52 -214 0
-160 -125 -154 -94 -1 -214 -58 -139 -163 -127 0
54 -55 -148 -127 -139 -94 -154 -175 -214 -136 -125 -61 0
126 -55 -72 -139 -203 -94 0
-55 -148 -127 -139 -94 -154 -125 -175 -214 -136 -61 -52 0
131 -148 -28 0
-125 -127 -139 -94 -154 -214 -1 -58 -163 0
54 -53 -94 -58 -210 -214 -203 0
102 -160 -134 -92 -36 -1 -66 -87 -132 -150 -136 -61 -163 -58 0
30 -183 -212 -61 -172 -160 0
161 -30 -150 0
-160 -150 -103 -136 -61 -68 -212 -134 -214 -210 -101 -92 -36 -1 -66 -87 -132 -163 -58 0
63 -48 -212 -175 0
216 -187 -136 -78 -168 -87 -66 -119 -36 -163 -6 -212 -174 -75 -48 -134 -109 0
57 -134 -119 -87 -210 -66 -214 -136 -163 -212 -68 -190 -127 -58 -101 -103 -61 -92 -1 -132 0
220 -214 -1 -154 -139 0
127 -150 -94 -136 -61 -160 -163 0
-150 -61 -136 -214 -163 -58 -160 -1 -154 -139 -94 0
-61 -136 -163 -94 -160 -214 -58 -1 -154 -139 0
162 -52 -220 -58 -94 -136 0
-136 -94 -139 -160 -163 -1 -58 -214 -154 0
161 -61 -94 -160 -163 -1 -58 -214 -52 -139 0
-61 -94 -220 -58 -160 -52 -163 -1 -214 -139 0
162 -210 -220 -58 -94 -148 0
-125 -94 -58 -160 -154 -1 -214 -139 -163 0
-94 -163 -214 -160 -154 -1 -139 -58 0
209 -204 -139 -1 -85 -64 -214 -120 -102 0
148 -82 -191 -57 0
-125 -163 -58 -160 -214 -139 -1 -154 0
102 -64 -163 -214 -220 -208 -58 0
148 -82 -192 -56 0
209 -192 -160 -58 -220 -76 -163 -85 -64 -53 -214 0
-163 -160 -1 -214 -139 -58 -154 0
96 -100 -58 -94 -210 -160 -76 -220 0
-100 -210 -94 -58 -154 -214 -220 -64 -160 -76 0
-210 -94 -172 -139 -160 -64 -214 -58 -154 -220 -76 0
-94 -160 -172 -139 -58 -214 -64 -154 -220 -76 0
102 -135 -188 -172 -25 -54 -76 -58 0
126 209 -139 -1 -85 -64 -214 -154 -102 -169 0
138 -135 -172 -25 -188 -76 0
Solved
