213 -238 -76 -280 -4 0
-238 -211 -76 -280 -4 0
6 -142 -121 -208 -214 -280 -76 0
421 -280 -121 -214 -208 -76 0
246 -334 -36 -425 -1 -73 -379 -319 0
426 -361 -112 -408 -168 -196 -134 -400 -319 -73 0
320 -106 -373 -97 -87 -400 -73 -54 0
-361 -91 -341 -408 -357 -168 -400 -134 -73 -319 -373 -97 -87 -54 -171 -127 -156 -36 -425 -112 -196 0
75 -36 -171 -373 -97 -87 -400 -73 -54 -425 -319 0
424 -341 -357 -227 -202 -360 -331 -61 -171 -38 -36 0
77 -425 -357 -61 -171 -196 -295 -319 -73 -373 -97 -87 -143 -208 -121 -214 -145 0
347 -234 -87 0
348 -127 -35 -156 -171 -13 0
281 -73 -214 -145 -76 -61 -196 -295 -319 -121 -373 -97 -208 -175 0
146 -40 -373 -106 -97 -400 -73 -319 -87 -346 -121 -214 -76 0
-87 -106 -208 -121 -214 -6 -319 -76 -373 -97 -309 -73 -34 -145 -86 0
321 -348 -234 -97 -121 -373 -208 -106 -144 -42 -402 -73 0
123 -276 -154 -184 -196 -309 -295 -112 -222 -76 -214 -208 -134 0
347 -184 -34 -145 -6 -76 -214 -121 -309 -196 -295 -208 -134 -234 -13 0
401 -249 -6 -181 -134 -97 -121 -234 -53 -348 -34 -145 -76 -214 -309 -196 -295 -208 -13 -144 -42 0
169 -144 -76 -214 -97 -121 -373 -208 -145 -6 -181 -309 -196 -295 -319 -73 -188 -86 0
232 -347 -86 0
122 -86 -15 -76 -214 0
427 -295 -196 -319 -145 -76 -214 -208 -121 -97 -373 -181 -175 -61 0
346 -87 -234 0
233 -310 -73 -281 -6 -170 -407 -373 -97 146 -319 -87 -346 -121 -214 -76 -154 0
280 -421 -143 -6 0
-73 -170 -234 -280 -6 -175 -407 -373 -97 146 -319 -87 -121 -214 -76 -154 -145 -61 -196 -295 -208 0
233 -328 -139 -135 -275 -167 -112 -196 -373 -427 -424 -143 -280 -407 -307 -154 0
-87 -280 -175 -234 -139 -135 -167 -112 -196 -373 -427 -143 -407 -307 -6 -97 146 -319 -121 -214 -76 -145 -61 -295 -208 -13 0
123 -295 -181 -97 -373 -175 -139 -196 -121 -214 -76 -145 -61 -319 -208 0
-234 -280 -408 -307 -214 -145 -76 -61 -295 -319 -121 -373 -97 -208 -175 -196 -87 -233 0
-73 -6 -214 -97 -121 -373 -208 -145 -76 -181 -196 -295 -319 122 -175 -61 0
-86 -424 -139 -168 -196 -241 -144 -280 -408 -127 -156 -348 -87 122 -76 -214 0
-6 -87 -373 -175 -139 -196 -241 -97 -76 -214 -121 -208 -145 -181 -295 -319 -61 0
-86 -394 -101 -54 -284 -348 -80 -139 -168 -196 -241 -144 -280 -408 -424 -156 -87 122 -76 -214 0
-87 -295 -196 -241 -76 -214 -145 -61 -139 -319 -121 -373 -97 -208 -175 -181 0
282 -425 -214 -97 -121 -373 -208 -145 -76 -181 -196 -295 -319 122 -175 -61 0
-295 -196 -97 -121 -373 -208 -145 -76 -181 -214 -319 -175 -61 -241 -139 0
123 -127 -171 -145 -415 -76 -166 -346 -87 -214 -208 0
281 -6 -166 -208 -86 -76 -214 -121 -145 -87 -175 -415 0
348 -281 -196 -373 -280 -139 -6 -170 -97 -319 -87 -121 -214 -76 -145 -208 -86 0
-6 -280 -214 -86 -121 -87 -196 -373 -76 -139 -97 -319 -145 -208 -175 -166 -415 0
6 -346 -166 -208 -86 -76 -214 -121 -97 -145 -181 0
-86 -87 -121 -214 -76 -208 -196 -373 -139 -97 -319 -145 -175 -166 -415 -181 0
123 -6 -282 -171 -145 -415 -76 -166 -87 -214 -208 0
-6 -7 -139 -241 -145 -415 -76 -166 -214 -208 -121 -282 -171 -87 0
-87 -166 -208 -121 -97 -214 -181 -76 -139 -241 -145 -415 -175 -196 -373 -319 0
123 -6 -170 -373 -181 -97 -42 -402 -281 -145 -415 -76 -166 -214 -208 0
-6 -415 -145 -76 -166 -170 -214 -208 -86 -121 -373 -181 -97 -42 -402 -281 0
433 -121 -214 -76 -208 -97 -145 -181 -373 -175 -139 -319 0
233 -328 -135 -139 -167 -275 -310 -97 -373 -143 -154 -6 -170 -407 146 -319 -87 -346 -121 -214 -76 -280 -307 0
123 -87 -175 -139 -97 -373 -319 -6 -121 -214 -76 -145 -208 0
-166 -310 -55 -149 -168 -6 -208 -86 -76 -214 -121 -145 -87 -175 281 0
-86 -87 -6 -208 -76 -214 -121 -145 -139 -175 122 0
167 -247 -139 -127 -7 -36 -319 -373 -97 -87 -106 -400 -54 -171 -428 -433 -310 0
-87 -6 -139 -373 -97 -433 -175 -319 -208 -76 -214 -121 -145 0
123 -241 -319 -139 -234 -97 -121 -373 -208 -348 -42 -402 -7 -6 -433 -181 -281 -166 -214 0
-166 -281 -145 -6 -76 -170 -234 -214 -86 -121 -319 -139 -97 -373 -208 -348 -42 -402 -7 -433 -181 0
122 -6 -145 -7 -76 -319 -86 -234 -214 -133 0
-6 -319 -145 -76 -373 -214 -208 -121 -139 -97 -181 -175 0
-86 -394 -129 -101 -284 -156 -54 -80 122 -76 -214 -87 0
436 -373 -214 -208 -76 -97 -145 -181 -139 0
123 -436 -214 0
122 -436 -214 0
280 -262 -340 -57 -356 -228 -165 -1 -379 -245 -373 -139 -97 -247 -181 -6 0
347 -81 -155 -87 0
167 -24 -57 -40 -330 -53 -346 -155 -87 -112 0
348 -310 -97 -240 -1 -400 -181 -213 -262 -40 -139 -57 -247 -24 -155 -330 -53 -13 0
320 -87 -13 -346 -97 -240 -1 -400 -181 -40 -139 -57 -53 -112 -307 -281 -340 -356 -228 -379 -373 -6 -133 -9 0
-87 -86 -97 -180 -423 -181 -6 -35 -307 -13 -340 -53 -321 -240 -1 -139 -57 -112 -228 -379 -373 -133 -177 -208 0
311 -24 -133 -155 -13 -330 -79 -6 -35 -373 -181 -57 -97 -42 0
282 -155 -35 -240 -373 -139 -79 -133 -112 -6 -423 -208 -330 -402 -57 -42 -312 -13 -181 -97 0
311 -282 -13 -177 -79 -6 -373 -181 -97 -42 0
80 -282 -177 -142 -208 -107 -166 -373 -112 -13 0
87 -35 -177 -423 -6 -321 -181 -133 -97 -373 -112 -13 -208 -240 -139 -57 -53 -232 0
168 -127 -143 -401 -102 -41 -139 -181 -35 -247 -97 -169 -9 -373 -13 -321 -79 -133 -112 0
80 -282 -177 -401 -208 -373 -112 -13 -41 -312 -97 -169 0
-282 -228 -58 -312 -97 -169 -373 -112 -13 -79 -177 -401 -208 -41 -102 -139 -181 -35 -9 -321 -133 -6 -280 0
14 -144 -423 -401 -6 -41 -181 -97 -373 -169 -79 0
215 -6 -139 -208 -181 -97 -373 -58 -133 -232 -340 -1 -145 -436 -304 -76 0
281 -283 -181 -97 -239 -1 -139 -56 -247 -133 -176 -320 -54 -346 -232 -154 -307 -144 0
79 -307 -232 -176 -280 -181 -97 -239 -1 -139 -56 -247 -133 -320 -54 -144 0
99 -346 -79 -54 -373 -311 0
41 -400 -79 -373 -97 -54 -13 0
40 -168 -127 -133 -36 -329 -171 -148 -23 -108 -56 0
375 -400 -41 -127 -133 -36 -23 -56 -54 -156 -112 -13 -79 0
281 -54 -13 -97 -79 -373 -127 -133 -36 -56 -112 -307 -144 0
81 -85 -79 -373 -97 -54 -13 -144 -208 -169 -112 0
42 -247 -218 -320 -45 -74 -155 -187 346 -85 0
-6 -139 -208 -373 -97 -181 -1 -145 -76 -214 -58 0
41 -400 -340 -320 -43 -36 -133 -154 -232 -13 -282 -208 -346 -142 -54 -176 -179 -312 -87 0
86 -346 -232 0
347 -171 -107 -36 -40 -129 -312 -87 -54 -13 0
-346 -87 -340 -320 -43 -36 -133 -232 -13 -282 -208 -142 -54 -176 -179 -312 -107 -80 -129 0
-87 -239 -1 -379 -36 -139 -249 -282 -176 -373 -97 -54 -13 -208 -112 -107 -56 -284 -312 -80 -340 -320 -43 -133 -232 -142 -179 -129 0
439 -181 -1 -97 -214 -145 -208 -76 0
107 -312 -145 -54 -76 -439 -97 -373 0
216 -437 -122 0
-86 -41 -145 -76 -214 -170 -439 -97 -373 -154 -54 -234 -347 -15 -87 0
280 -133 -17 -39 -434 -92 -329 -186 -57 -150 -415 -112 -166 -230 -320 -74 -429 -425 0
281 -230 -434 -415 -17 -219 -39 -166 -425 -112 -400 -373 -97 -171 -54 -36 -87 -74 -221 -187 -429 -309 -175 -4 0
-36 -186 -221 -166 -150 -57 -329 -122 -39 -434 -112 -320 -74 -429 -282 -400 -373 -97 -171 -54 -87 -187 -309 -175 -371 -129 -34 0
37 -133 -166 -112 -122 -210 -67 -408 0
38 -423 -45 -57 -122 -221 -309 -175 -320 -166 -282 -74 -210 -204 -426 -408 -333 0
144 -329 -57 -166 -112 -122 -67 -408 -39 -45 -221 -309 -175 -320 -74 -204 -150 -434 -429 -400 -373 -97 -171 -54 -87 -187 -371 -129 -34 0
282 -150 -275 -159 -320 -408 -339 -74 -39 -357 -187 -425 -175 0
14 -171 -175 -187 -143 -57 -122 -67 -400 -373 -97 -74 -54 -87 -371 -312 -108 -155 -81 0
114 -210 -122 -446 -220 -166 0
133 -196 -434 -35 -424 -316 -204 -333 -57 -22 -8 -329 -320 0
167 -210 -122 -133 0
338 -39 -333 0
37 -407 -182 -127 -4 -78 -274 -284 -338 0
38 -338 -211 -164 -159 -359 -229 -274 -91 -434 -333 -196 0
426 -229 -267 -122 -204 -210 -333 -182 -127 -4 -78 -274 -284 -211 -164 -159 -359 -91 -434 -196 -8 -320 -74 0
39 -78 -320 -210 -8 -122 -155 -4 -127 -417 -297 -229 -186 -159 -338 0
7 -229 -298 -342 -152 0
34 -4 -182 -284 -320 -8 -122 -210 -274 -155 -417 -297 -186 -159 -333 -267 -204 -424 -211 -164 -359 -434 -196 -74 -146 0
37 -407 -182 -4 -274 -284 -338 -129 -155 0
-407 -76 -122 -220 -57 -307 -155 -159 -338 -38 -182 -4 -274 -284 -129 0
280 -159 -155 -329 -57 -284 -182 -446 -122 -220 -274 -146 -35 -320 -8 -359 -434 -74 -166 -316 -113 -143 0
39 -159 -231 -342 -357 -143 -29 -202 -316 0
77 -23 -359 -266 -57 -62 -166 -407 -122 -133 -434 -155 -197 -308 -215 -113 -220 0
-171 -359 -57 -122 -155 -143 -74 -54 -312 -187 -97 -175 -108 -373 -81 -15 -67 -400 -87 -371 0
214 -437 -122 0
333 -424 -281 -143 0
37 -338 -407 -77 -97 -221 -373 -15 -81 -155 -67 0
38 -246 -135 -122 -210 -54 -312 -97 -446 -221 -356 -77 -30 -421 -143 -281 -83 -424 0
39 -166 -149 -36 -210 -155 -424 -407 0
-39 -38 -77 -97 -221 -373 -15 -81 -155 -67 -407 -333 0
321 -149 -373 -97 -312 -108 -36 -210 -155 -407 -77 -221 -15 -81 -67 -135 -122 -54 -446 -356 -30 -421 -143 -281 -83 -74 0
-121 -407 -97 -373 -41 -86 -54 -234 -347 -15 -81 -312 -87 0
-38 -39 -143 -281 -77 -97 -221 -373 -15 -81 -155 -67 -407 0
331 -425 -97 -312 -133 -54 -9 -321 -340 -74 -356 -373 -30 -281 -338 -143 0
333 -423 -15 -155 -221 -77 -81 -281 -36 -143 0
-39 -133 -312 -97 -54 -9 -321 -340 -74 -356 -373 -30 -281 -143 -333 -77 -221 -15 -81 -155 -67 -407 0
447 -157 39 -36 -424 -155 -407 -373 -312 -97 0
311 -318 -373 -108 -97 0
-424 -203 -333 -143 -281 39 -36 -155 -407 -373 -312 -97 -446 -77 -146 0
-407 -86 -312 -97 -54 -15 -81 -41 -373 -234 -347 -87 0
-210 -166 -9 -122 -329 -143 -57 -281 -203 -305 -209 0
310 -203 -424 -77 -36 -446 -143 -9 -122 -57 -281 -305 -209 -54 0
-203 -424 -143 -446 -97 -373 -108 -312 -209 -77 -36 -9 -122 -57 -281 -305 -54 0
-424 -38 -143 -446 -97 -373 -108 -312 -209 -77 -36 -9 -122 -57 -281 -305 -54 0
-86 -312 -15 -97 -373 -81 -54 -41 -234 -347 -87 0
38 -424 -81 -373 -41 -176 -401 -281 -143 -15 0
108 -169 -15 -373 -81 0
-407 -36 -281 -424 -143 -155 -373 -312 -97 -77 -401 -54 -41 -15 -81 -38 -408 0
142 -333 -97 -312 -15 -81 -41 -176 -401 -373 -281 0
374 -171 -15 -108 -81 0
144 -77 -121 -54 -312 -97 -373 -15 -81 -41 -176 -401 -281 0
142 -281 -373 -312 -15 -81 -41 -176 -401 -97 0
-281 -143 -121 -54 -312 -97 -373 -15 -81 -41 -176 -401 -154 0
311 -320 -121 -15 -176 -81 -108 -373 -77 -97 -54 0
407 -446 -212 -77 -358 -210 0
156 -446 -188 -57 -320 -176 123 -5 -77 -333 -68 -39 -122 -210 -329 -166 -407 -308 0
76 -128 -333 -23 -329 -188 -57 -36 -166 -320 -176 -204 -112 -122 -210 -446 123 -5 0
-446 123 -320 -176 -188 -36 -146 -5 -77 -333 -23 -329 -57 -166 -204 -122 -210 -15 -81 -154 -68 -39 -308 -212 -358 0
-122 -311 -77 -346 -54 -373 -15 -97 -320 -176 -188 -36 -146 -5 -333 -23 -329 -57 -166 -204 -210 -81 -154 -68 -39 -308 -212 -358 -121 0
78 -311 -346 -54 -373 -15 -97 -445 -215 0
144 -36 -54 -373 -97 -15 -77 -176 -188 -346 -5 -23 -204 -81 -154 -68 -39 -308 -212 -121 -312 -108 -75 -41 -401 0
40 -108 -373 -312 -97 0
39 -316 -425 -204 0
-311 -122 -188 -57 -176 -5 -77 -333 -68 -154 -210 -308 -97 -373 -425 -15 -108 -81 -346 -54 -23 -204 -212 -358 -121 -312 0
-122 -77 -15 -108 -81 -373 -97 -121 -176 -54 -188 -57 -5 -333 -68 -154 -210 -308 -425 -346 -23 -204 -212 -358 -312 0
-311 -77 -373 -97 -15 144 -176 -188 -346 -5 -23 -81 -154 -68 -54 -308 -212 -121 -312 -108 -41 -401 -425 0
-77 -108 -425 -15 -176 -81 -373 -97 -54 -121 144 -188 -346 -5 -23 -154 -68 -308 -212 -312 -41 -401 0
156 -230 -159 -64 -148 -43 0
16 -302 -227 -342 -391 -162 -138 0
18 -267 -204 -333 -39 -197 -212 -434 -140 -320 -242 -8 0
-122 -333 -425 -204 -212 -227 -15 -81 -154 -210 -54 -373 -312 -5 -23 -97 -423 -57 -446 -221 -215 -121 0
-108 -143 -81 -188 -176 -54 -312 -97 -15 -373 -121 -346 -68 -41 -401 -154 0
78 -308 348 -171 -13 -221 -145 -5 0
123 -78 -447 -208 0
-143 -121 348 -54 -188 -97 -401 -312 -176 -15 -373 -41 -346 -68 -154 0
76 -5 -422 -216 -306 0
78 -311 -346 -54 -373 -15 -97 -445 0
-311 123 -281 -15 -81 -176 -373 -77 -346 -54 -97 -445 -401 -41 -312 0
123 -77 -15 -81 -373 -97 -281 -176 -346 -54 -401 -41 -312 -209 0
76 -311 -54 -373 -346 -97 -15 -215 0
-311 -215 -346 -54 -373 -15 -97 -77 0
216 -221 -77 0
-77 -121 -81 -373 -97 -346 -54 -15 -281 -176 -401 -41 -312 -209 0
-214 -5 -281 -422 -176 -121 -215 0
280 -148 -159 -370 -73 -154 -422 -182 -429 -309 -5 0
202 -30 -159 -320 -73 -355 -426 -332 -135 0
14 -342 -9 -320 -73 -426 -148 -127 -154 -434 -406 -332 -316 -203 -159 -355 -135 -294 -166 -285 -114 -169 -81 0
123 -154 -81 -15 -320 -73 -434 -406 -332 -316 -203 -159 -166 -114 -395 -101 -188 -182 -176 -5 -281 -370 -422 -429 -309 -57 -304 0
-312 -41 -54 -15 -373 -97 -346 -347 -87 0
8 -77 -360 -275 -159 -37 -168 -282 -210 -144 -202 -28 -357 -342 0
-77 -214 -54 -373 -15 -97 -311 -446 -168 -360 -159 -37 -144 -202 -81 -188 -170 -176 -346 -121 0
-281 -214 -144 -5 -176 -121 -215 0
4 -341 -400 -168 -408 -73 -134 -361 -319 -373 -97 -87 -54 -171 -91 -156 -425 -112 -357 -7 -139 -106 -428 -310 348 -13 0
-214 -159 -400 -168 -373 -97 -87 -54 -106 -310 348 -154 -429 -144 -176 -121 -188 -170 -446 -15 -311 -360 -37 -202 -346 0
122 -5 -176 -144 -436 -304 -210 0
280 -114 -81 -15 -168 -170 -210 -176 -144 0
208 -247 -227 -441 -302 -251 -37 -58 -154 -15 -84 -81 -320 -114 -202 -122 -210 -168 -144 0
424 -160 -342 -9 -247 -218 -36 0
155 -275 -239 -407 -37 -81 -373 -41 -176 -401 -281 -143 -15 -342 -9 -247 -36 -159 -370 -150 -127 0
-281 -37 -81 -373 -41 -176 -401 -15 -239 -154 -342 -159 -370 -150 -114 -168 -144 -210 -227 -441 -302 -251 -58 -84 -320 -202 -122 -188 -170 -5 0
209 -144 -15 -373 -97 -346 -347 -281 -166 -176 0
177 -144 -373 -97 -346 -347 -81 -170 -210 -176 -15 -122 -166 -281 -5 0
-144 -97 -166 -221 -15 -373 -112 -346 -347 -176 -81 -170 -210 -122 -281 -5 0
167 -78 -221 -122 -112 -210 0
-97 -166 -373 -346 -347 -15 -221 -122 -112 -210 -5 -281 -176 -81 -170 0
175 -214 -346 -122 -87 0
-214 -144 -5 -176 -281 -122 -210 -346 -87 0
177 -317 -15 -81 -373 -417 -154 -210 -309 -144 -5 -36 -281 -170 0
38 -332 -275 -203 -239 -426 -406 0
331 -334 -283 -45 -181 -179 -267 -264 -381 -298 -342 -229 -9 -150 -247 -159 -328 -91 -84 -38 0
425 -203 -246 -355 -267 -30 -381 -38 -332 -283 -45 -181 -179 -298 -342 -9 -247 -328 -56 -373 -41 -429 -401 -75 -36 0
208 -127 -154 -36 -426 -246 -355 -267 -30 -381 -283 -45 -181 -179 -342 -9 -247 -328 -56 -373 -41 -429 -401 -75 -275 -239 -144 0
39 -239 -275 -407 -331 0
424 -127 -154 -281 -239 -143 -81 -373 -41 -176 -401 -275 -407 -15 -342 -9 -247 -36 -159 -370 -150 0
-144 -181 -373 -176 -281 -15 -154 -275 -210 -283 -81 -5 -346 -170 -87 -320 -54 -310 -166 -221 -122 -112 0
-39 -37 -129 -34 -424 -333 -294 0
39 -204 -424 -317 0
-166 -154 -347 -373 -15 -81 -320 -112 -283 -170 -221 -122 -210 -176 -5 -281 -275 -346 0
-41 -424 -373 38 -176 -143 -281 -81 -15 -97 -346 -347 0
-424 -37 -176 -143 -281 -81 -15 -346 -347 -283 -39 -373 -170 -5 0
-37 -39 -281 -143 -81 -176 -275 -407 -15 -154 -346 -170 -221 -122 -5 -210 -347 -283 -373 0
214 -77 -221 0
-39 -221 -5 -281 -176 -122 -210 -346 -275 -154 -143 -407 -81 -15 -170 -347 -283 -373 0
-144 -275 -407 39 -221 -143 -5 -176 -281 -122 -210 -346 -87 0
14 -122 -176 -281 -5 -373 -210 -81 -15 -320 0
-143 -424 -346 -87 -39 -176 -281 -210 -155 -144 0
38 -371 -148 -218 -159 -424 -339 0
408 -424 -39 -159 -332 -203 -342 -320 -76 -429 -5 -281 -169 -401 -176 -87 -234 -346 -155 0
171 -161 -342 -61 -229 -358 -92 -401 -35 202 -320 -159 -355 -426 -332 -135 0
282 -401 -320 -15 -373 -346 -347 -108 -169 -342 -61 -229 -358 202 -159 -332 -135 -148 -155 -424 -211 -176 0
85 -249 -229 -61 -320 -358 -74 -401 -189 0
-424 -342 -15 -373 -346 -347 -108 -169 -429 -176 -5 -281 -320 -159 -135 -155 -274 -39 -76 -210 -144 0
-144 -39 -169 -210 -155 -346 -176 -5 -281 -108 -15 -373 -347 -429 -320 -159 -274 -122 0
400 -40 -373 -346 -347 -15 -320 -74 0
-39 -346 -15 -373 -320 -347 -108 -169 -429 -176 -5 -281 -210 -155 -159 -274 -122 0
142 -36 -210 39 -113 -424 -155 -220 -159 -76 -445 0
Solved
