206 -47 -131 -133 -163 -34 -196 0
209 -34 -13 -79 -196 -205 -131 -133 -163 0
35 -138 -205 -79 -196 -13 0
-34 -131 -79 -196 -133 -13 -205 -208 -163 0
15 -29 -53 0
137 -154 -170 -17 -172 -8 -166 -38 -179 -131 -119 -79 -13 -53 -208 0
14 -30 -119 -38 -79 -131 0
139 -170 -166 -17 -179 -8 -53 -13 -119 -38 -79 -131 -208 0
14 -139 -79 0
-139 -13 -79 0
-29 -119 -157 -205 15 0
179 -131 -7 -212 -214 -36 -154 -172 -151 -196 -119 -205 -166 -163 0
-131 -53 -13 -119 -38 -79 -214 -36 -205 -178 -7 -212 -151 -196 -163 0
180 -41 -154 -169 -129 -172 -205 -166 -119 0
15 -13 -163 -214 -205 -79 -196 0
207 -17 -67 -154 -8 -172 -194 -166 -29 -178 -128 -53 0
-131 -119 -196 -53 -13 -35 -79 -178 -205 -67 -194 -29 -214 -130 0
179 -67 -154 -18 -29 -9 -134 -38 -172 -35 -205 -166 0
-119 -196 -205 -163 -214 -13 -79 0
220 -205 -163 -214 -79 0
13 -29 -53 0
-29 -170 -179 -53 -38 -79 -214 -1 -220 0
120 -153 -166 -139 -79 -1 0
178 -14 -220 -79 -1 -214 -194 0
29 -179 -163 -214 -79 -205 -1 0
-13 -119 -29 -79 -214 -1 -220 -205 -166 -179 0
-119 -166 -220 -214 -79 -1 -179 -205 -29 0
-166 -179 -1 -214 -79 -163 -205 0
-179 -205 -79 -1 -214 -163 0
-13 -15 -36 -205 -163 -214 -119 -79 0
-29 -36 -194 -205 -163 -214 -119 -79 -157 0
168 -79 -1 -205 -163 -214 0
223 -1 0
-163 -214 -1 -79 -166 -205 0
-119 -118 -13 -79 -29 -205 0
163 -205 -223 -79 -13 -29 0
-119 -205 -1 -79 -13 -29 0
-205 -29 -79 -1 -13 0
180 -163 -127 -13 -214 -79 -223 -196 -29 -119 0
-163 -214 -52 -127 -13 -29 -79 -223 -196 -119 -178 0
120 -29 -13 -178 -79 0
Solved
