17 -28 -64 -61 -25 0
66 -187 -85 -310 -304 -281 -22 -97 -17 -145 -94 -25 -49 -28 0
346 -130 -136 -85 -304 -97 -94 -25 -61 -49 -64 -281 -145 0
65 -325 -335 -232 -44 -168 -49 0
-325 -189 -168 -346 -203 -85 -301 -304 -274 -77 -44 -313 -232 -343 -145 -61 -49 -64 -335 0
16 -210 -142 -130 -44 -168 -223 -61 -346 -64 -30 -203 -85 -301 -304 -274 -77 -313 -232 -145 -49 -335 -281 0
27 -49 -232 -64 -61 -25 -142 -130 -223 -346 -85 -301 -304 -274 -313 -145 -281 -13 -97 0
66 -167 -336 -232 -45 -49 -29 0
349 -304 -274 -313 -244 -281 -145 -61 -64 -232 -13 -25 -142 -223 -85 -301 -136 -94 0
65 -49 -85 -304 -94 -25 -61 -136 -64 -281 -145 -13 -244 -298 -157 -349 0
-49 -298 -281 -157 -349 -145 -61 -64 -85 -304 -94 -25 -136 -13 -244 0
45 -327 -274 -313 -232 -157 -30 -25 -17 -344 0
343 -327 -349 -157 -274 -313 -298 -30 -281 -25 -17 0
66 -298 -349 -274 -313 -281 -244 -157 -25 -43 -232 -61 0
344 -349 -157 -223 -298 -304 -103 -274 -19 -313 -127 -281 -244 -43 -18 0
352 -157 -145 -274 -313 -232 -64 -61 -25 -223 -19 -127 -281 -244 -85 -94 -136 -13 -142 -301 0
18 -157 -145 -274 -244 -313 -64 -281 -61 -25 0
345 -187 -313 -244 -281 -145 -61 -64 -232 -13 -25 -142 -223 -85 -301 -136 -94 -4 -274 -19 -127 -18 0
-304 -97 -13 -90 -85 65 -94 -25 -61 -136 -64 -281 -145 -244 -49 -157 -274 -313 -232 -142 -223 -301 0
-49 -347 -25 -13 -90 -85 65 -94 -61 -136 -64 -281 -145 -244 -157 -274 -313 -232 -142 -223 -301 -44 0
-304 -347 -223 -13 -157 344 -349 -103 -274 -19 -313 -127 -281 -244 -43 -18 0
348 -349 -157 -342 -312 -254 -223 -22 0
70 -157 -223 -13 -274 -19 -313 -127 -281 -244 -25 -85 -94 -61 -136 -64 -145 -232 -142 -301 -4 0
66 -304 -313 -281 -244 -157 -25 -232 -61 -145 -64 -85 -274 -94 -136 -13 -142 -223 -301 -4 -19 -127 0
51 -349 -70 -157 -145 0
28 -287 -157 -145 -70 -274 -313 -232 -326 0
-304 -157 -13 -223 -274 -19 -313 -127 -281 -244 -64 -61 -25 -145 -232 -85 -94 -136 -142 -301 -4 0
50 -349 -70 -157 -145 0
66 -344 -313 -244 -281 -145 -61 -64 -232 -13 -25 -142 -223 -85 -301 -136 -94 -4 -274 -19 -127 -349 -157 0
-344 -349 -61 -25 -157 -145 -274 -313 -232 -244 -281 -13 -142 -223 -85 -301 -136 -94 -4 -19 -127 -64 0
344 -274 -313 -244 -70 0
65 -18 -344 -64 -61 -25 -157 -145 -70 -274 -313 -232 0
355 -64 -244 -281 -145 -61 -313 -232 -13 -25 -142 -223 -85 -136 -94 -19 -127 0
-70 -274 -313 -244 -18 -61 -64 -25 -157 -145 -232 0
345 -274 -157 -223 -13 -19 -313 -127 -281 -244 -25 -94 -61 -136 -64 -145 -232 -142 -85 0
49 -304 -13 -157 344 -347 -349 -274 -19 -313 -127 -281 -244 -223 -18 0
-304 -349 -13 -85 -94 -61 -136 -64 -281 -145 -244 -157 -274 -313 -232 -142 -223 -25 -19 -127 0
45 -202 -347 -157 -349 -342 -223 -22 -270 -98 0
-349 -274 -157 -223 -13 -85 -61 -136 -64 -281 -145 -244 -94 -313 -232 -142 -25 -19 -127 0
-274 -157 -145 -25 -13 -94 -61 -136 -64 -281 -244 -85 -313 -232 -142 -223 -19 -127 0
17 -347 -157 -223 -244 -313 -232 -64 -349 -61 -25 0
-347 -344 -70 -43 -244 -281 -18 -157 -223 -313 -232 -64 -349 -61 -25 0
16 -311 -349 -157 -244 -70 -344 -281 0
310 -204 -304 -23 0
-344 -18 -304 -232 -64 -61 -25 -43 -349 -157 -244 -70 -281 -223 -313 0
344 -349 -157 -145 -244 -70 0
18 -157 -70 -145 -244 -313 -64 -281 -61 -25 0
-349 -304 -232 -64 -61 -25 -157 -244 -70 -281 -223 -313 -145 0
45 -344 -18 -64 -61 -49 0
44 -344 -18 -61 -25 -64 -97 -49 0
345 -238 -94 -355 -85 -49 -281 -127 -157 -145 -1 -64 -18 -244 -70 -61 0
-344 -345 -18 -61 -25 -64 -97 -49 0
-157 -94 -85 -232 -127 -145 -1 -64 -244 -61 -25 -281 -136 -223 -313 -13 -142 -19 0
343 -18 -349 -136 -19 -127 -223 -13 -244 -166 -316 -313 -232 -220 -64 -61 -25 -94 0
50 -310 -166 -13 -130 -349 -45 0
345 -18 -85 -166 -13 -349 -281 -313 -127 -145 -1 -64 -160 -244 -70 -61 0
51 -310 -166 -13 -130 -349 -44 0
344 -160 -85 -166 -13 -349 -19 -127 -145 -1 -64 -244 -70 -61 -313 0
-18 -166 -85 -13 -349 -281 -313 -127 -145 -1 -64 -160 -244 -70 -61 -136 -19 -223 -316 -232 -220 -25 -94 0
358 -281 -223 -244 -313 -232 -145 -61 -25 -85 -13 -127 -1 -19 -316 -220 -142 0
-157 -70 -244 -313 -61 -64 -25 -18 -145 -232 -349 -281 -223 0
-70 -18 -19 -127 -223 -13 -244 -313 -232 -358 -64 -61 -25 -145 -85 -349 -281 -1 0
345 -187 -85 -349 -19 -281 -127 -64 -18 -244 -61 0
45 -105 -85 -232 -127 -145 -1 -64 -244 -61 -25 -281 -157 -223 -313 -13 -142 -19 -50 0
-18 -349 -13 -145 -85 -232 -127 -1 -64 -244 -61 -25 -281 -223 -313 -142 -19 -358 0
18 -64 -223 -244 -313 -232 -145 -281 -61 -25 0
63 -355 -97 -142 -130 -85 -13 -238 -127 -157 -1 -145 -244 -70 -49 -61 -25 -64 -18 0
-70 -157 -85 -244 -281 -127 -49 -145 -1 -64 -18 -61 -25 -97 -142 -130 -13 -313 -232 0
62 -97 -25 -232 -64 -61 -142 -223 -85 -130 -49 -313 -145 -281 -13 -127 -1 -244 -157 -19 0
-346 -203 -97 -232 -25 -326 -64 -61 -142 -274 -223 -301 -85 -130 -49 -313 -145 -281 -13 -29 -23 -347 0
311 -108 -1 -240 -243 -330 -216 -199 -292 -150 -334 -13 -97 -25 -29 -232 -326 -64 -61 -142 -274 -223 -85 -130 -49 -313 -145 -281 -347 -357 -4 0
-64 -281 -85 -1 -13 -25 -232 -61 -223 -313 -145 -142 -244 -127 -19 -358 0
343 -45 -70 -145 -49 -25 -157 -18 0
345 -344 -232 -286 -281 -157 -70 -244 -311 -145 -18 -61 0
343 -70 -325 -286 -28 -145 -25 -49 -18 -232 -157 0
-349 -70 -157 -49 -145 0
147 -70 -325 -232 -286 -281 -157 -28 -244 -145 -18 -61 -343 0
-70 -157 -325 -61 -232 -28 -286 -49 -145 -281 -244 -18 -25 0
345 -311 -25 -349 -232 -28 -187 -325 -281 -313 -18 -244 -61 0
344 -349 -49 -145 -286 -25 -232 -28 -325 -313 -244 0
-349 -187 -145 -286 -232 -325 -281 -313 -18 -244 -61 -25 -28 -49 -343 0
345 -311 -142 -97 -130 -25 -13 -232 -28 -187 -325 -281 -313 -18 -244 -61 0
344 -97 -145 -49 -286 -25 -232 -28 -325 -19 -313 -127 -244 0
70 -18 -232 -28 -325 -313 -244 -142 -13 -281 -25 -61 -145 -49 -286 -19 -127 0
246 -166 -145 -286 -49 -232 -28 -325 -344 -313 0
-18 -49 -145 -13 -286 -25 -232 -28 -325 -313 -244 -61 -281 -142 -19 -127 0
-281 -25 -244 -313 -232 -145 -13 -61 -142 -19 -127 -85 -1 -223 -316 -220 0
233 -255 -168 0
-349 -347 -215 -107 -242 -203 -276 -188 -255 -49 -145 -130 -13 50 -45 0
312 -64 -242 -1 -215 -276 -313 -244 -107 -61 -157 -25 -18 -145 -232 -298 -168 -188 -303 -255 -149 -4 -347 -203 -85 0
325 -269 -142 -85 -242 -1 -215 -276 -313 -244 -107 -61 -25 -18 -145 -232 -188 -49 -13 -45 -338 -89 -78 -341 -65 0
-347 -349 -107 -242 -215 -276 -188 -255 -49 -145 -13 -45 -341 -288 -65 -29 -348 0
-349 -157 -89 -13 -168 -255 -107 -242 -215 -276 -188 -49 -145 -45 -341 -288 -65 -29 0
51 -288 -145 -65 0
-349 -45 -13 -89 -168 -255 -107 -242 -215 -276 -188 -49 -145 -341 -288 -65 -29 0
30 -347 -255 -97 -334 -25 0
-347 -4 -157 -85 -313 -244 -61 -25 -18 -145 -232 -72 -310 -188 -29 -255 -97 -334 0
245 -18 -313 -244 -61 -25 -85 -145 -232 -188 -13 -242 -215 -49 -341 -142 -1 -19 -343 -127 0
346 -29 -347 -255 -25 -270 -44 0
-29 -157 -142 -130 -85 -13 -127 63 -1 -145 -244 -49 -61 -25 -18 -313 -232 -188 -347 -255 -270 -44 0
29 344 -49 -145 -25 -232 -19 -313 -127 -244 -66 0
-97 -288 -25 -49 -145 -61 -343 -29 -347 -255 346 -98 0
30 -61 -49 -145 -25 -29 -347 -255 -349 -232 0
204 -304 -64 -313 -49 -274 -349 -325 -97 0
-44 -45 -349 -49 -97 -325 -232 -255 -64 -313 -274 -24 -312 -145 0
44 -18 -61 -25 -97 -64 -49 0
-157 -97 -61 -49 -349 -64 -325 -232 -255 -313 -24 -312 -145 -25 -244 -189 0
51 -203 -255 -232 -97 -325 -349 -64 0
311 -97 -145 -49 -255 -232 -349 -325 -64 0
50 -130 -340 -349 -145 0
-97 -61 -25 -64 -49 -349 -145 -312 -255 -232 -325 0
51 -312 -349 -145 -43 0
-61 -349 -313 -244 -145 -49 -25 -255 -232 -347 -29 0
50 -97 -145 -347 -49 -255 -232 -349 -64 -29 0
-97 -349 -49 -255 -232 -145 -64 -29 -347 -25 -343 -16 0
51 -349 -145 -43 0
-349 -313 -244 -29 -49 -145 -255 -232 -347 -25 0
188 -278 -149 -203 -304 -276 -280 -72 0
50 -64 -193 -130 -244 -313 -232 -347 -29 -145 -157 0
327 -368 -97 -341 -244 -255 -347 -313 -232 -29 0
-64 -313 -255 -347 -25 -29 -244 -232 -145 -49 0
-313 -255 -145 -232 -25 -347 -49 -29 -244 0
-64 -349 -255 -232 -97 -347 -325 -145 -49 -29 0
-349 -97 -145 -25 -29 -347 -255 -232 -49 -325 0
44 -334 -97 0
51 -64 -97 -255 -347 -232 -29 -325 -25 0
310 -225 -168 -255 -25 -130 -97 -342 -44 0
45 -144 -225 -168 -255 -25 -97 0
99 66 -255 -232 -45 -49 -29 -203 0
253 -196 -269 -168 0
-64 -97 -25 -255 -232 -49 -29 -347 -325 -145 0
-97 -325 -145 -232 -49 -25 -347 -255 -29 0
-255 -244 -29 -347 -145 -49 -25 -232 0
311 -106 -112 -185 -140 -179 -292 -194 -150 -251 -204 -22 0
-349 -341 -310 -112 -185 -140 -150 -251 -204 -22 -120 -160 -157 -351 -49 -145 0
312 -17 -62 -187 -365 -152 -144 -96 -341 -130 -22 0
-70 -357 -157 -64 -244 -313 -61 -25 -18 -145 -232 -71 0
189 -357 -137 -270 -182 -321 -123 -52 -157 -160 -120 -86 -93 -241 -298 -280 0
-61 -120 -298 -280 -187 -137 -270 -182 -321 -123 -52 -157 -160 -86 -93 -199 -293 -275 -64 -244 -313 -25 -145 -232 -71 -58 -301 -78 -343 -62 0
-244 -347 -145 -232 -49 -29 -25 0
-255 -64 -49 -97 -347 -145 -25 -29 -232 0
-64 -97 -145 -49 -25 -29 -347 -232 0
-97 -347 -145 -49 -25 -232 -29 0
-347 -232 -49 -25 -145 -29 0
45 -334 -97 0
253 -64 -49 -145 -232 -29 -25 -97 0
310 -341 -208 -25 -13 -97 -366 -45 0
98 -45 -336 0
-45 -64 -97 -145 -49 -25 -232 -29 0
-64 -97 -145 -49 -25 -232 -29 0
-97 -232 -25 -29 -145 -49 0
-232 -29 -49 -25 -145 0
30 -64 -325 0
341 -132 -351 -145 -49 0
246 -188 -72 -298 -343 -88 0
43 -310 -49 -145 -17 -365 -351 -64 -15 -346 -166 -253 -336 0
-310 -17 -25 -97 -49 -64 -166 -253 -346 -145 -45 -365 -351 -15 -336 0
99 -64 -25 -97 -49 -166 -145 -253 -45 -346 0
50 -18 -343 -367 -341 -145 -64 0
-64 -45 -49 -145 -25 -97 -29 0
254 -162 -145 51 -348 -336 -166 0
312 -187 -151 -96 -348 -298 -224 -88 -365 -246 -144 -341 -130 0
-43 -162 -250 -348 -151 -224 -88 -365 -246 -144 -61 -158 -145 51 -45 0
346 -341 -17 -246 -61 -343 -71 -294 -221 -75 -93 -120 -162 0
51 -151 -348 -365 -17 -61 -294 -221 -250 -145 -45 -308 -15 -166 -253 -336 -65 0
-45 -97 -49 -145 -25 -29 0
-341 50 -145 -64 -97 45 -25 -346 0
-97 -29 -25 -145 -49 0
-29 -49 -145 -25 0
342 -350 -49 -145 -131 0
167 -225 -144 -366 -210 0
-225 -210 -144 -366 -168 0
-64 50 -366 -280 -144 -255 -23 -347 -14 -341 -343 -145 -18 -65 0
50 -23 -347 -366 -343 -298 -244 -144 -14 -255 -326 -280 -341 -145 -18 -65 0
-168 -167 -234 -255 0
168 -61 -343 -366 -244 -144 -368 -14 0
311 -45 -145 -65 -49 -347 -326 -18 -366 -99 0
-234 -255 -168 0
-349 -244 -112 -156 -186 -119 -141 -313 -160 -294 -276 -193 -157 -49 -145 -350 0
142 -320 -183 -52 -269 -122 -138 -289 -157 -193 -160 -119 -301 -92 -87 -298 -149 -203 -304 -276 -280 -72 -187 -199 -18 -294 -63 -141 -366 -156 0
-70 -356 -157 -64 -244 -313 -61 -25 -18 -145 -232 -72 0
162 -241 -87 -107 -323 -119 0
-61 -320 -220 -183 -138 -52 -269 -112 -122 -157 -160 -87 -119 -279 -199 -294 -64 -244 -313 -25 -18 -145 -232 -72 -301 -77 -343 -63 0
-341 -138 -52 -269 -122 -289 -157 -193 -160 -87 -119 -301 -92 -276 -203 -304 -187 -220 -112 -279 -199 -294 -64 -313 -25 -145 -232 -77 -343 -156 -49 -132 50 0
-255 -168 -145 -25 -49 -45 0
-336 -45 -99 0
66 -311 -99 -234 -45 -326 -49 0
233 -334 -45 -145 -49 -311 -347 -286 -255 0
-97 -162 -347 -159 -311 -351 -45 -99 0
51 -159 -347 -145 -311 -45 -99 -65 0
-45 -49 -145 -25 0
310 -65 -326 -25 45 -347 50 -145 0
-255 -157 -326 -49 45 -18 -347 -366 -23 -144 -298 -14 -341 -145 -65 0
325 -86 -372 -290 -234 0
-49 -25 -145 0
-97 -159 -232 -255 -349 44 0
158 -168 -347 -311 -202 -255 -349 -145 0
342 -90 -299 -369 -349 -145 -130 0
-168 -13 -145 -311 -347 -255 -25 -159 -202 0
341 -70 -344 -153 -189 -368 -64 -145 0
66 -281 -244 -232 -145 -61 -25 -366 -16 -326 0
157 -202 -140 -25 -326 -30 -232 -145 -189 -344 -142 -130 -340 -153 -368 -91 -118 -162 0
-311 -25 -255 -349 -159 -145 -168 -347 -13 -232 0
-25 -161 -347 -64 -13 -145 -99 -341 -335 -132 -255 -349 -159 -168 -232 0
-49 158 -347 -168 -255 -349 -145 -341 -293 -157 0
-311 -312 -168 -347 158 -255 -349 -145 0
-159 -341 -145 -347 -168 -255 -349 -157 -232 -64 0
132 -311 -341 0
-311 -341 -131 0
-25 -280 -168 -144 -23 -347 -255 -203 -98 -44 -145 0
99 -203 -255 -44 0
340 -23 -168 -347 -255 -203 -98 -44 -145 -131 0
-341 -347 -168 -145 -255 -349 -157 -232 -64 0
-49 -45 -347 -311 -255 -349 -145 -157 -51 -168 0
-159 -25 -255 -349 44 -311 -145 -168 -347 -232 0
-97 -25 -131 -311 -168 -347 -255 44 0
312 -202 -347 -255 0
15 -321 -268 -291 -53 -327 -30 -25 -168 -144 -225 0
-25 -94 -64 -145 -168 341 -347 -255 44 -349 -232 0
-45 -347 -255 -64 -145 -168 -349 -232 -157 0
-347 -168 -255 -349 -145 -157 -64 -232 0
-97 -43 -334 0
344 -328 -245 -372 -322 -59 -314 -85 -9 -76 -241 -214 -202 -148 -136 -54 -317 -309 -365 -25 -72 -63 -16 0
45 -372 -322 -103 -290 -309 -141 -194 -25 -314 -178 -72 -63 -59 -76 -202 -148 -317 -299 -188 -360 -153 -142 -94 -131 -23 -311 0
17 -365 -63 -25 0
310 -148 -53 -72 -309 -141 -344 -25 -63 -281 -188 -360 -153 -142 -94 -131 -23 0
26 -281 -344 -188 -72 -294 -141 0
71 -113 -221 -259 -183 -138 -53 -268 -279 -319 -121 -200 -357 -294 -276 0
-168 -157 -64 -349 -145 -255 -232 0
72 -53 -328 -258 -371 -322 -103 -214 -85 -219 -291 -308 -140 -195 -25 -315 -178 -16 -246 -62 -344 0
44 -328 -246 -371 -322 -60 -315 -85 -8 -76 -241 -214 -202 -148 -136 -308 -318 -25 -62 -16 -71 -258 -103 -219 -291 -140 -195 -178 0
-344 -136 -148 -25 -140 -16 -328 -258 -371 -322 -103 -214 -85 -219 -291 -308 -195 -315 -178 -246 -62 -71 -345 0
-311 -62 -25 -148 -140 -371 -322 -103 -291 -308 -195 -315 -178 -71 -43 -60 -76 -202 -318 -300 -189 -359 -152 -94 -142 -341 -24 -312 0
343 -315 -275 -246 -71 0
27 -189 -71 -293 -282 -140 -17 0
-70 -114 -259 -182 -137 -54 -268 -278 -319 -121 -201 -356 -293 -157 -145 -287 28 -313 -232 -326 -71 0
-347 -121 -268 -356 -157 -145 -287 -232 -326 -71 -251 -202 -132 -25 -140 -371 -308 -195 -60 -76 -300 -142 -64 -161 -255 -346 0
343 -200 -251 -195 -215 -178 -280 -62 -18 0
-70 -23 -311 -157 -145 -287 -232 -326 -349 -251 -195 -113 -308 -140 -29 -25 -364 -91 -142 -300 -188 -71 0
294 -29 -326 -25 -364 -195 -142 -251 -132 -23 -311 -202 -148 0
26 -18 -142 -282 -364 -311 0
345 -274 -9 -356 -200 -302 -215 -282 -279 -326 -364 -29 -25 -142 -311 0
-25 -157 -145 -232 -349 -64 -255 0
-157 -232 -145 -349 -64 -255 0
282 -107 -245 -90 -300 -214 -188 0
27 -18 -214 -311 -131 -25 -199 -64 -255 -349 -145 -232 -139 0
-18 -131 -232 -294 -25 -311 -255 -64 -349 -145 0
-131 -294 -232 -64 -25 -311 -255 -349 -145 0
282 -140 -232 -202 -255 -311 -294 -341 -214 0
-234 26 -160 -18 -300 -282 -311 -255 -13 -232 0
26 -214 -70 -160 -255 -294 -349 -159 -311 -25 -232 -166 -18 -300 -145 -341 -99 0
280 -243 -25 -232 -145 -30 -130 -255 -64 -300 -311 -341 157 -18 0
344 -201 27 -282 -17 -232 -94 -188 -64 -311 -70 -61 -43 0
216 -282 -232 -311 -294 -145 -349 27 -255 -64 -18 -25 0
-282 -214 -255 -25 -311 -232 -64 -18 -294 -145 -349 0
-214 -18 -255 -349 -311 -294 -25 -64 -232 -145 0
281 -204 -94 -64 -311 -276 -43 -9 -345 -189 -18 0
-18 -294 -64 -25 -255 -349 -311 -232 -145 0
66 -189 -22 -145 -159 -13 -255 -25 -202 -311 -232 -29 0
310 -13 -166 -143 -365 -345 -63 -64 -145 -159 -255 -25 -202 -311 -232 -29 -70 -341 0
-294 -311 -64 -255 -232 -145 -25 -349 0
312 -203 -255 -349 -159 -232 -43 0
168 -18 -22 341 -344 -70 -64 -145 -25 -346 -299 -144 -369 -13 0
-18 -188 -25 -64 -299 -144 -160 -255 -13 -145 -159 -202 -311 -166 -22 341 -344 -70 -346 -369 0
-311 -25 -64 -255 -145 -349 -232 0
343 -293 -131 -145 -349 -70 -341 -232 -160 -23 -64 -347 -25 -18 0
254 -232 -166 0
-18 -250 -278 -232 -303 -30 -179 -64 -293 -70 -345 -131 -145 -349 -341 -160 -23 -347 -25 0
233 -86 -323 -303 -108 -155 -76 -140 -293 -275 -70 -345 -63 -64 -325 -250 0
-25 -232 -255 -145 -64 -349 0
-311 -49 -145 -349 -97 -202 -310 0
-232 -255 -349 -145 -64 0
-202 -18 -25 -139 -325 -64 -250 -286 -70 -145 -347 -341 -311 -255 -203 0
202 -99 -311 -43 0
-70 -202 -139 -325 -64 -250 -286 -25 -145 -347 -341 -311 -255 -203 0
-341 -311 -25 -145 -64 -255 -349 0
-311 -25 -64 -145 -349 -255 0
204 -278 -243 -179 -282 -62 -18 -345 -246 -71 -315 -304 0
Solved
