87 -268 -130 -202 -337 -115 -7 0
-268 -130 -202 -337 -115 -7 -85 0
203 -7 -343 -289 -307 -394 -256 -181 -43 -85 -133 -337 -259 -130 0
430 -85 -343 -289 -307 -394 -256 -181 -43 -133 -337 -259 -202 0
203 -284 -133 -294 -236 -170 -259 0
86 -430 -133 -259 -202 -343 -289 -307 -394 -256 -181 -43 0
204 -285 -133 -293 -237 -171 -259 0
433 -256 -259 -202 -343 -289 -307 -394 -133 -181 -43 0
294 -285 -250 -208 -55 -163 -394 -391 -133 204 -293 -373 -259 0
-285 -316 -189 -159 -277 -328 -218 -343 -53 -289 -307 -256 -181 -250 -100 -79 -55 -163 -43 -394 -236 -293 -208 -391 -133 204 -373 -259 -320 -284 0
134 -355 -189 -159 -277 -328 -218 -343 -289 -307 -256 -181 -250 -100 -55 -43 -394 -236 -208 -391 -133 204 -373 -259 -284 -433 -327 0
171 -354 -256 -28 -100 -355 -55 -250 -376 -159 -190 -43 -16 -394 -236 0
74 204 -256 -289 -343 -394 -43 -115 -433 -133 -277 -307 -181 -208 -391 -250 -373 -259 -82 0
294 -87 -256 -289 -283 -343 -133 0
237 -283 -433 -133 -256 -289 -343 -43 -394 -170 0
-285 -86 -256 -289 -343 -133 204 -237 -171 -259 -283 0
204 -433 -133 -256 -289 -343 -259 -43 -394 -115 -277 -307 -181 -208 -391 -250 -373 -82 0
284 -294 -237 -171 -74 -343 -347 -289 -256 -86 -321 0
292 -188 -277 -158 -316 -328 -219 -128 -343 -54 -289 -307 -256 -181 -250 -100 -79 -55 -163 -43 -394 -237 -171 0
135 -237 -250 -208 -394 -391 -133 203 -259 -277 -343 -289 -307 -256 -181 -43 -373 -82 -285 -433 0
169 -353 -28 -250 -423 -376 -158 -256 -190 -289 -16 -343 -394 -365 -293 -237 0
-237 -285 -250 -43 -394 -289 -343 -115 -82 -433 -256 -133 -208 -391 203 -259 -277 -307 -181 -373 0
237 -433 -133 -256 -289 -343 -43 -394 -74 0
436 -133 -343 -289 -250 -394 -115 -82 -208 -391 -259 -277 -307 -181 -373 -202 0
-285 -86 -237 -394 -289 -343 -115 -82 -256 -133 -208 -391 -259 -277 -307 -181 -373 -250 -320 -202 -293 -171 -284 0
-293 -292 -307 -256 -289 -343 -133 -237 -394 -115 -82 -208 -391 -259 -277 -373 -250 -202 -171 -181 0
169 -171 -181 -256 -289 -343 -133 -237 -394 -115 -82 -208 -391 -259 -277 -373 -250 -202 -307 0
284 -171 -237 -181 -74 -343 -294 -289 -256 -347 -307 -133 0
134 -171 -307 -256 -181 -237 -394 -289 -343 -115 -82 -133 -208 -391 -259 -373 -250 -202 -277 0
-171 -256 -277 -343 -289 -307 -181 -250 -394 -237 -133 -115 -82 -208 -391 -259 -373 -202 0
-43 -256 -289 -343 -394 204 -115 74 -133 -277 -307 -181 -208 -391 -250 -373 -259 -82 -202 0
135 -319 -436 -307 -256 -181 -85 -277 -218 0
-319 -55 -181 -164 -85 -327 -133 -436 -307 -256 -277 -218 0
-256 -237 -307 -133 -277 -289 -343 -394 -115 -208 -391 -250 -373 -259 -82 -202 -181 0
44 -327 -80 -347 -82 -73 -219 -96 -277 -436 -394 0
-293 -327 -80 -347 -82 -394 -73 -171 -202 -133 -237 -285 -259 -294 0
283 -80 -82 -394 -237 -171 -250 -202 -133 -285 -259 -357 -321 0
-293 -80 -237 -327 -82 -394 -171 -202 -133 -285 -259 -294 0
75 -346 -202 0
348 -160 -208 -70 -196 -259 -214 -202 -100 0
87 -171 -100 -208 -259 -202 -388 -289 -391 -343 -237 -82 -394 -250 -133 -307 -181 -115 0
192 -254 -250 -376 -158 0
-285 -171 -237 -250 -44 -436 -174 -277 -95 -82 -270 -202 -133 -259 -356 -320 -284 0
73 -346 -202 -259 -208 -214 -100 -373 -193 -270 -391 -343 -44 -293 -394 -171 -95 -28 -237 -218 0
-171 -237 -259 -208 -373 -391 -343 -394 -202 -133 -250 -277 -82 -307 -181 -115 -289 0
134 -319 -181 -164 -85 -327 -55 0
-319 -159 -250 -277 -60 -195 -307 -270 -355 -181 -115 -85 -371 -218 -133 -164 -327 -55 0
-237 -181 -307 -250 -277 -115 -133 -82 -202 -394 -259 -208 -373 -391 -343 -289 0
-293 -285 -208 -394 -391 -133 -250 -373 -259 -202 -82 -75 -292 0
-285 -319 -364 -82 -75 -202 -133 -236 -170 -259 -250 -391 -208 -394 -373 -292 0
-319 -133 -364 -82 -75 -202 -236 -170 -259 -250 -391 -208 -394 -373 -292 0
-285 -214 -259 -208 -202 -193 -310 -123 -115 -44 -127 -85 -181 -289 -307 -75 -391 -343 -133 -283 -394 -250 -373 -82 -292 0
74 -346 -202 0
439 -259 -208 -202 -289 -343 -391 -307 -394 -250 -373 -82 -277 0
170 -235 -394 0
73 -347 -259 -202 -289 -391 -343 -294 -394 -194 -321 -307 -208 -285 -219 0
-181 -86 -182 -307 -250 -277 -237 -133 -82 -202 -394 -259 -208 -373 -391 -343 -289 0
320 -383 -131 -1 -432 -316 -257 -182 -307 -250 -277 -237 -133 -82 -202 -394 -259 -208 -373 -391 -343 -289 -21 0
-293 -314 -194 -355 -307 -285 -21 -321 -131 -1 -432 -316 -182 -250 -277 -237 -133 -82 -202 -394 -259 -208 -373 -391 -343 -289 -100 -55 -171 -327 -294 0
75 -116 -250 -277 -133 -82 -202 -394 -259 -208 -373 -391 -343 -289 -307 -194 -285 -321 -1 -182 -327 -294 0
-181 -237 -321 -307 -182 -250 -277 -285 -133 -82 -202 -394 -259 -208 -373 -391 -343 -289 0
320 -293 -72 -394 -194 -259 -133 -237 -285 -250 -219 -202 -75 -116 -85 0
-293 -237 -394 -75 -285 -321 -72 -194 -259 -133 -250 -219 -202 -116 -85 -294 0
284 -72 -259 -202 -219 -289 -391 -343 -294 -394 -194 -321 -307 -208 -285 -75 0
135 -285 -391 -307 -259 -202 -250 -289 -343 -394 -208 -277 -133 -82 -373 -1 0
85 204 -355 -277 -328 -343 -289 -307 134 -250 -100 -55 -189 -394 -236 -208 -391 -133 -159 -373 -259 -327 0
74 -237 -277 -343 -289 -307 -250 -394 -208 -391 -133 -373 -259 -285 -1 -202 -82 0
75 -216 -250 -161 -391 -186 -129 -71 -259 -218 -202 -82 0
-285 -133 -277 -343 -289 -307 -250 -208 -391 -394 -373 -259 -1 -202 -82 0
203 -95 -71 -218 -259 -75 0
73 -237 -250 -289 -343 -293 -195 -170 -127 -357 -394 -372 -348 -192 0
-237 -65 -250 -394 -195 -170 -326 -357 -82 -202 -75 -289 -343 -293 -127 -372 -348 -192 0
-133 -391 -343 -250 -394 -82 -202 -289 -259 -373 -208 -307 -277 -1 0
71 -192 -146 -217 -193 -370 -373 -129 -208 -96 0
294 -18 -346 -193 -202 -373 -259 -208 -217 -370 -129 -96 -315 -289 -391 -343 0
203 -346 -433 -356 -87 -270 0
219 -193 -147 -373 -208 -387 -71 -315 -241 0
73 -216 -373 -208 -96 -217 -315 -21 -259 -202 -433 -356 -87 -391 -343 -292 -129 -289 -394 -237 0
284 -237 -439 -373 -208 -259 -325 -217 -202 -82 -433 -391 -343 -292 -289 -394 -250 -319 -307 0
193 -191 -362 -16 -348 -394 -357 -170 -38 0
204 -75 -217 -373 -208 -394 -357 -289 -343 -292 -391 -433 -86 -182 -439 -128 -95 -314 -259 0
-218 -310 -343 -215 -193 -373 -364 -128 -208 -95 203 -259 -75 -217 0
285 -391 -250 -292 -343 -373 -208 -259 -217 -394 -202 -289 -433 -439 -319 -307 0
204 -376 -250 -391 -292 -343 -310 -193 -373 -208 -197 -71 -315 -243 -21 -259 0
219 -315 -259 -202 -250 -391 -292 -343 -310 -193 -373 -208 -21 -96 -129 -370 0
209 -377 -104 -343 -191 -310 -193 -373 -162 0
442 -202 -343 -208 -250 -307 -82 -289 -277 -1 0
-391 -394 -373 -259 -202 -250 -343 -193 -208 -307 -82 -289 -277 -1 0
195 -71 -385 -313 -268 -202 -394 -259 -250 -442 -208 -373 0
-71 -385 -250 -202 -307 -313 -268 -259 -442 -208 -373 -193 -394 0
71 -373 -442 -259 -208 0
-193 -394 -202 -307 -259 -208 -373 -250 -343 -82 -289 -277 -1 0
237 -169 -394 0
-391 -394 -343 -373 -208 -259 -250 -202 -289 -307 -82 -277 -1 0
261 -145 -208 -343 -373 -313 -292 -442 -202 -169 -71 0
-394 -373 -343 -208 -202 -259 -250 -289 -307 -82 -277 -1 0
260 -193 -373 -442 -169 0
-193 -373 -442 -169 -259 0
443 -373 -343 -208 -442 -202 -169 -259 0
-373 -259 -208 -202 -343 -250 -289 -307 -82 -277 -1 0
-277 192 -319 -250 -158 -129 -86 -429 -237 -307 -133 -182 -82 -202 -394 -259 -208 -373 -391 -343 -289 -285 0
192 -158 -219 -129 -243 -250 -372 -66 -446 -319 -86 -429 -237 -307 -133 -182 -82 -202 -394 -259 -208 -373 -391 -343 -289 -285 0
-289 -365 -103 -403 -112 -29 -162 -59 -219 -147 -18 -190 -129 -243 -250 -372 -66 -446 -319 -86 -429 -237 -307 -133 -182 -202 -394 -259 -208 -373 -391 -343 -285 -84 -450 -291 0
146 -279 -267 -45 -256 -86 -100 -29 -131 -269 -383 -111 -59 -97 -336 -112 -361 -157 -190 0
191 -365 -103 -421 -255 -29 -112 -219 -157 0
-169 -394 -269 -59 -243 -446 -202 -131 -259 -208 -373 -343 -94 -309 -184 -387 -74 -193 -393 -171 0
-218 -186 -284 -391 -135 -250 -161 -129 -71 -259 -202 -82 -219 203 -95 0
218 -307 -292 -343 -373 -208 -259 -250 -394 -202 -289 -391 -284 -135 0
-307 -289 -202 -394 -343 -259 -208 -391 -250 -373 -82 -364 -135 -235 203 -71 -292 -94 -309 0
-218 -216 -56 -198 203 -71 -259 -217 0
284 -56 -181 -198 -208 -184 -373 -193 -65 -243 203 -71 -259 -135 0
134 -160 -146 -106 -30 -373 -357 -76 -193 -26 -65 -377 -243 -359 -128 -21 -413 -321 -54 0
-218 -181 -432 -85 -21 -321 -135 -146 -373 -357 -193 -26 -65 -377 -243 -359 -54 -363 -279 -198 -190 203 -71 -259 -75 -56 0
-289 -250 -243 -135 -432 -146 -373 -193 -359 -198 -190 203 -71 -259 -208 -184 -21 -202 -394 -343 -391 -364 -235 -292 -94 -309 -449 -290 0
134 -218 -330 -56 -198 203 -71 -259 -202 -412 -319 -52 0
-218 -319 -309 -84 203 -71 -259 -440 -135 -330 -198 -202 -412 -56 -52 0
284 -56 -309 -198 -208 -184 -373 -193 -65 -243 203 -71 -259 -135 0
-319 -284 -21 -243 -135 -309 -84 203 -71 -259 -440 -330 -198 -202 -412 -56 -52 0
-250 -135 -71 -259 -243 203 -21 -309 -198 -202 -208 -184 -373 -193 -146 -359 -310 -39 -449 -432 -190 -394 -343 -391 -364 -235 -292 -94 -290 0
134 -218 -59 -146 -198 -373 -310 -193 -364 -64 -394 -243 -235 -269 -74 -319 0
320 -61 -265 -146 -172 -160 -181 -106 -30 -373 -357 -193 -64 -243 -21 0
-218 -319 203 -146 -373 -193 -64 -243 -21 -364 -55 -376 -309 -279 -198 -190 -71 -259 -135 -310 -394 -235 0
-319 -449 -208 -290 -55 -309 -21 -376 -243 -190 -135 -94 203 -146 -373 -193 -64 -364 -279 -198 -71 -259 -310 -394 -235 0
-391 -364 -71 -259 -243 -21 -208 -309 -94 -373 -193 203 -198 -310 -394 -235 -202 -184 -432 -343 -292 -387 -393 0
217 -356 -202 -74 -29 0
321 -222 -78 -309 -198 -208 -184 -373 -193 -65 -243 203 -71 -259 -356 -214 -134 -86 0
-394 -309 -198 -208 -184 -373 -193 -243 203 -71 -259 -21 -202 -444 -387 -94 -432 -343 -393 -171 0
394 -193 -373 -259 0
393 -258 -208 -439 -101 -183 -215 -309 -198 -315 -193 -373 -71 219 -343 -292 0
355 -309 -208 -373 -439 -443 -315 -215 -198 -193 -71 219 -343 -292 -270 -60 -433 -348 -86 0
285 -146 -198 -71 -208 -75 -373 -447 -348 -193 -439 -443 -315 219 -343 -292 -270 -60 -433 -319 0
284 -96 -315 -198 -243 -20 -372 -319 -75 0
219 -134 -71 -208 -373 -193 -75 -447 -348 -443 -315 -343 -270 -60 -319 -243 -20 -198 0
217 -243 -71 -315 -198 0
294 -358 -311 -343 -170 0
-243 -198 -343 -208 -373 -259 -193 204 -71 -202 -319 -218 0
375 -292 -319 -133 -75 -202 -236 -170 -259 -208 -373 -450 -66 -360 -443 -193 -184 0
-292 -435 -60 -86 -270 -28 -236 -160 -355 -170 -208 -193 -373 -319 -133 -75 -202 -259 -66 -443 -184 -343 -294 0
135 -160 -266 -447 -208 -373 -355 -66 -386 -193 -392 -170 -60 -270 -28 -236 -319 -133 -75 -202 -259 -443 -184 -343 -55 -100 -94 -214 -308 -284 0
294 -392 -355 -193 -373 -443 -270 -28 -343 0
196 -28 -373 -355 -66 -193 -170 -443 -270 -343 -129 -94 -366 -55 -144 -100 -284 -319 -133 -266 -447 -208 -60 -236 -75 -202 -259 -315 0
-198 -218 -373 -193 -343 -319 -208 -202 -259 -71 204 0
374 -186 -208 -71 0
294 -30 -343 209 -373 -162 -218 -193 -423 -60 -75 -315 -270 -319 -285 -311 -391 -133 -170 0
421 -377 -250 -55 -192 -385 -391 -351 -270 0
57 -342 -420 -216 -164 -100 0
94 -351 -423 -378 -250 -55 -192 -391 -270 -315 -319 -241 -133 -218 0
217 -128 -378 -371 -192 0
357 -133 -319 -218 -192 -96 -423 -391 -270 -315 -65 -216 -202 -75 -359 -394 -311 -92 -170 -38 -293 -343 209 -373 -162 -193 -60 0
-133 -218 -319 -75 -202 -356 -192 -96 -423 -391 -270 -315 -65 -216 -359 -394 -311 -92 -170 -38 -293 -343 209 -373 -162 -193 -60 0
-218 -319 -343 -202 -373 -193 -208 -71 -259 204 0
135 -319 -283 0
320 -391 -191 -101 -60 -56 -433 -315 -71 -356 -95 -283 -129 0
210 -7 -101 -60 -132 -270 -265 -431 -56 -191 -87 -29 -216 -447 -356 -391 -308 -193 -315 -95 -208 -71 -439 -373 0
147 -198 -311 -343 -170 -292 -186 -161 0
355 -421 -117 -270 -87 -29 0
197 -256 -343 -449 -292 -101 -311 -170 -216 -186 0
268 -198 -250 -447 -308 -216 -95 -56 -343 -449 -292 -101 -311 -170 -186 -183 -87 -18 -117 -60 0
-198 -449 -391 -373 -208 -259 -433 -217 -202 -325 284 -343 -292 -82 -394 -250 -319 -439 -183 -87 -117 -60 -270 -447 -216 -95 -56 -101 -311 -170 -186 -191 -146 -161 0
-391 -191 -343 -193 -373 -170 -292 -366 -144 -129 -95 -208 -259 -433 -217 -202 -325 -82 -319 -439 -60 -270 -447 -56 -101 -132 -265 -431 -29 -356 -315 -71 -242 -283 -20 0
-319 204 -193 -71 -373 -343 -259 -202 -208 0
215 -292 -193 -447 -127 -348 -75 -283 -217 -343 -133 -373 -391 -243 -315 -198 0
94 -292 -133 -343 -170 -193 -243 -373 -315 -208 -71 -198 0
96 -102 -447 -348 -391 -75 -315 -217 -127 -71 0
-292 -391 -133 -315 -198 -447 -348 -75 -127 -71 -343 -170 -193 -243 -373 -208 -214 -283 0
-169 -283 -202 -75 -394 -193 -170 0
-198 -127 -71 -202 -259 -208 -373 -193 -443 -315 -133 -447 -348 -75 -343 -170 -243 -214 -283 0
204 -193 -343 -208 -202 -373 -71 -259 0
-193 -71 -373 -208 -259 -202 -343 0
293 -217 -71 -315 -208 -202 -75 -237 -396 -443 -145 -91 -391 -343 -37 0
314 -372 -366 -208 -30 -75 -343 -355 -237 -145 -284 -396 -192 -320 -443 -20 -391 -243 -198 0
219 -133 -91 -132 -431 -355 -20 -202 -122 -75 -237 -145 -396 -343 -443 -359 -373 -208 -71 -198 -315 -366 -391 -37 0
-217 -391 -315 -443 -396 -20 -237 -75 -91 -132 -431 -355 -202 -122 -145 -343 -359 -373 -208 -71 -198 -366 -37 -294 0
313 -94 -198 -71 0
293 -28 -60 -270 -17 -355 -190 -85 -145 -319 -343 -133 0
357 -441 -133 -308 -319 -284 -85 0
-192 -97 -100 -251 -214 217 -371 -319 -85 -355 -308 -284 -266 -239 -403 -208 -343 -160 -145 0
-391 -270 -355 -60 -145 -208 -343 -443 -198 -315 -71 -396 -122 -237 -64 -20 -202 -75 -91 -132 -431 -359 -373 -366 -37 -294 0
171 -315 -373 -198 -343 -208 -71 -202 -259 0
-315 -198 -71 -259 -373 -202 -343 -208 0
218 -133 -319 -243 -21 0
356 -440 -133 -309 -319 -285 -85 0
196 -378 -97 75 -391 -218 -71 -259 -161 -202 -319 -85 -355 -133 -309 -291 -240 -450 -373 -403 -208 0
146 -133 -208 -373 -198 -391 -71 -259 -202 -319 -343 0
-133 -319 -202 -208 -373 -198 -391 -71 -259 -343 0
133 -190 -343 -145 -293 -219 0
-391 -198 -202 -208 -373 -343 -71 -259 0
-198 -71 -343 -373 -202 -208 -259 0
219 -75 -37 -91 -402 -355 -310 -444 -169 -259 -202 -216 -319 -133 0
-75 -218 -319 -310 -216 -444 -169 -143 -259 -192 -202 -96 -221 -37 -91 -402 -355 -133 0
203 -71 -315 -259 0
-192 -318 -328 -326 -83 -449 -343 -145 -75 -310 -216 -444 -169 -143 -259 -218 -202 -96 -221 -37 -91 -319 -355 -133 0
86 -319 -133 -284 -85 -270 -96 -60 -218 -17 -328 -83 -449 -343 -145 -75 -310 -216 -444 -169 -143 -259 -202 -221 -37 -91 -355 -20 0
320 -133 -143 -218 -216 -371 0
-319 -320 -85 -133 -284 -270 -96 -60 -218 -17 -328 -83 -449 -343 -145 -75 -310 -216 -444 -169 -143 -259 -202 -221 -37 -91 -355 -20 0
190 -428 -251 -350 -290 -77 -449 -83 -132 -326 -228 -80 -230 -17 0
307 -158 -49 -380 -113 -11 -88 -266 -64 -62 -251 -14 -377 -127 -183 -96 0
308 -251 -64 -243 -447 -315 0
-133 -113 -88 -266 -64 -96 -145 -366 -218 -371 -391 -315 -447 -270 -60 -85 -55 -355 -100 -284 -216 -20 -17 -328 -83 -449 -343 -75 -310 -444 -169 -143 -259 -202 -221 -37 -91 0
-71 -202 -208 -343 -259 -373 0
197 -312 -343 -195 -145 -186 -160 0
208 -166 -385 -55 -192 -377 -391 -270 -145 -196 -343 -195 -186 -142 -382 -364 -170 -293 -116 -440 0
219 -85 -319 -133 -145 -202 -343 -259 -75 -355 0
373 -423 -270 -28 -391 -355 -443 -195 0
216 -256 -85 -319 -100 0
9 -402 -132 -431 -317 0
321 -9 -85 -20 0
147 -391 -100 -85 -133 -218 -371 -319 -20 -132 -431 -328 217 -83 -71 -202 -343 -259 -270 -55 -355 -443 0
396 -236 -170 0
-391 -423 -443 -60 -270 -396 -145 -100 -85 -133 -218 -371 -319 -20 -132 -431 -328 217 -83 -71 -202 -343 -259 -55 -355 0
87 -270 -60 -355 -85 -145 -319 -343 -133 -315 -443 -396 -100 -218 -371 -20 -132 -431 -328 217 -83 -71 -202 -259 -55 0
-391 -379 -400 -104 -145 -443 -60 -270 -396 -100 -85 -133 -218 -371 -319 -20 -132 -431 -328 217 -83 -71 -202 -343 -259 -55 -355 0
-85 -145 -343 -133 -218 -319 -202 -259 -355 -75 0
146 -236 -43 -170 -293 -343 0
171 94 -423 -55 -192 -391 -270 -315 -319 -241 -133 -218 -216 -100 -355 -359 -195 -43 -396 -293 -236 0
219 -270 -391 -343 -319 -133 -218 -355 -145 -259 -202 -75 -20 0
134 -408 -270 -402 -115 -338 -439 -433 0
147 -423 -319 -133 -270 -115 -433 -7 -132 -431 -328 217 -371 -71 -202 -343 -259 -391 -355 -443 -181 0
-423 -60 -443 -270 -391 -43 -236 -170 -343 -145 -319 -133 -115 -433 -7 -132 -431 -328 217 -371 -71 -202 -259 -355 -181 0
-270 -20 -133 -343 -145 -319 -202 -259 -355 -75 -218 -391 0
-283 -319 -133 0
146 -192 -202 -133 -343 -270 -319 -145 -218 -391 -423 -259 0
-75 -145 -202 -133 -343 -270 -319 -259 -218 -391 0
-145 -423 -133 -319 -343 -202 -259 -270 -218 -391 0
-208 -196 -160 -186 -210 -202 -343 -259 -71 0
344 -311 -362 -53 -170 -343 -328 -293 -448 -423 -55 -192 -391 -270 -315 -319 -241 -133 -218 -216 -100 94 -195 -43 -236 0
-195 -49 -158 -113 -364 -170 -293 -343 -362 -53 -328 -448 -423 -55 -192 -391 -270 -315 -319 -241 -133 -218 -216 -100 94 -43 -236 -193 0
219 -192 -423 -391 -270 -319 -133 -218 -343 -202 -259 0
-236 -113 -158 -160 -202 -343 -259 -71 -94 -391 -319 -292 -133 -86 -364 -58 -370 -122 -394 -235 -170 0
-170 -71 -343 -259 -202 -391 -158 -160 -94 -319 -133 -86 -58 -370 -312 -171 0
-71 -158 -202 -343 -259 -391 -160 -94 -319 -133 -86 -58 -370 -312 -171 0
169 -375 -160 -198 -185 -143 -358 -365 -312 0
-192 -423 -259 -343 -391 -319 -133 -218 -202 -270 0
74 -292 -391 -387 -133 -86 -122 -58 -394 -170 -235 -202 0
203 -71 -343 -259 -202 -391 0
204 -312 -391 -387 -133 -86 -58 -202 -171 -18 -259 -73 0
-423 -391 -343 -259 -202 -133 -218 -319 -270 0
171 -86 -202 -319 -218 -71 -259 -391 -270 -133 -343 0
311 -58 -202 -343 -259 -71 -133 -30 -86 -292 -355 -391 -190 -193 74 -160 -394 -170 -235 -105 0
-58 -292 -202 -343 -259 -71 -391 -170 -160 -133 -86 -355 -193 -310 -30 -190 74 -394 -235 -105 0
-86 -71 -319 -218 -343 -202 -133 -259 -391 -270 -170 0
-71 -170 -343 -259 -270 -391 -202 -133 -319 -218 0
-170 -391 -319 -133 -218 -202 -270 -259 -343 0
-391 -270 -319 -218 -133 -343 -259 -202 0
-85 -86 -133 -319 -422 -218 -343 -202 -259 -75 0
135 -354 -405 -266 -173 -256 -100 -447 -55 -193 -355 -422 -371 -192 -343 -242 -96 -319 -292 -218 0
85 -431 -132 -100 -371 -218 -16 -242 -396 -20 -170 -433 -319 -292 -133 -405 -266 -447 -55 -422 -192 -343 -96 -202 -259 -71 -183 -116 0
-270 -319 -343 -133 -218 -202 -259 0
169 -198 -319 -373 -394 -59 -269 -74 -218 -185 -55 -314 -100 -386 -376 -16 -343 -133 -293 0
-193 -440 -423 -198 -350 -209 -373 -394 -269 -59 -202 -131 -259 -169 -243 -343 -94 -309 -387 -74 -446 -393 -171 -147 -26 -251 -133 -319 -65 0
134 -209 -117 -159 -112 -343 -147 -423 -198 -350 -373 -394 -269 -59 -202 -131 -259 -169 -243 -94 -309 -387 -74 -446 -393 -171 -26 -251 -133 -319 -65 0
-193 -159 -171 -294 -293 -394 -202 -133 -259 -327 -7 -86 -28 -251 -117 -65 -423 -198 -350 -209 -373 -269 -59 -131 -169 -243 -343 -94 -309 -387 -74 -446 -393 -147 -26 -319 0
-391 -319 -133 -259 -343 -202 -218 0
87 -193 -171 -133 -202 -237 -259 -55 -251 -65 -292 -159 -28 -319 -7 0
-356 -193 -423 -147 -202 -74 217 -355 0
-193 -404 -279 -446 -26 -251 -65 -182 -117 -423 -147 -202 -74 217 -171 -133 -259 -292 -159 -319 -7 0
-319 -218 -202 -133 -259 -343 0
87 -391 -193 -259 -423 -343 -202 -218 -133 -74 -355 0
-356 -423 -193 -343 -202 -74 -355 -218 -133 -171 -283 0
-423 -171 -133 -74 -193 -259 -343 -218 -355 -202 0
357 -171 -218 -133 -74 -283 -193 -85 0
-171 -74 -259 -202 -133 -343 -218 -193 -355 0
-74 -355 -133 -202 -218 -259 -193 -343 0
-355 -193 -259 -202 -133 -218 -343 0
270 -58 -202 0
269 -58 -202 0
87 -330 -346 -252 -378 -192 -349 -146 -422 -202 -290 -434 -257 0
203 -162 -218 -75 -259 -96 -309 -182 -440 -243 -116 -19 -268 0
421 -428 -382 -50 -8 -434 -114 -19 -202 -259 -218 -75 -96 -309 -182 -440 -243 -116 -146 -105 0
194 -171 -346 -378 -422 -50 -434 -19 -259 -218 -309 -440 -85 -390 -343 -293 -202 0
268 -329 -93 -390 -39 -362 -85 -290 -449 -440 -160 -202 -343 -259 -71 -315 -393 0
204 -93 -202 -390 -39 -85 -440 -343 -259 -378 -192 -147 -365 -312 -293 -171 -346 0
-391 -147 -365 -143 -198 -202 -283 -193 -75 -235 -375 -192 -96 -387 -343 -259 203 -393 0
-171 -422 -343 -293 -202 -283 -193 -259 -19 -390 -85 -440 -378 -346 -50 -434 -218 -309 0
-193 -218 -343 -259 -202 -133 0
146 -421 -96 -218 -359 -197 -71 -315 -243 -127 -343 -160 0
73 -348 -355 -133 -283 -218 0
204 -218 -343 -202 -133 -259 0
268 -423 -283 -218 170 -373 -360 -343 -145 -202 -259 203 0
73 -433 -85 -133 -355 -218 -283 0
-433 -85 -355 -133 -283 -74 -218 0
73 -391 -314 -444 -242 170 -218 0
-218 -259 -343 -202 -133 0
357 -144 -214 -95 -202 -343 -259 -191 -242 -19 -435 -346 -85 0
442 -197 -193 -144 -343 -95 -366 -294 -71 -202 -283 -75 -170 -259 0
204 -51 -366 -193 -377 -435 -191 -343 -423 -202 -294 -144 -95 -283 -75 -259 -242 -19 0
391 -131 -51 -8 -85 -366 -435 -343 -171 -202 -294 -269 0
132 -337 -78 -57 -13 -400 -102 0
-87 -400 -380 -8 -51 -104 -78 -13 -183 -346 -356 203 -270 -85 0
169 -214 -259 -202 -441 -8 -51 -346 -356 203 -85 -377 -191 -308 -423 -144 -391 -343 -366 -294 0
-75 -85 -202 -259 -343 -133 0
357 -122 -310 -45 -193 -85 0
169 -115 -202 -259 -85 -133 -343 0
195 -165 -327 -215 -85 -100 -237 -171 -293 -294 -394 -202 -133 -285 -259 -127 -441 -321 -115 -355 0
313 -252 -446 -64 -308 -242 0
86 -381 -114 -267 -421 -145 -191 -127 -95 -391 -314 -446 -64 -242 -55 -100 -29 -285 -215 -355 -321 0
268 -85 -202 -133 -259 -343 0
195 -55 -26 -350 -251 -423 -145 -37 0
-85 -259 -133 -202 -343 0
210 -374 -196 -185 -160 0
145 -195 -327 -84 -181 -441 -209 -196 -185 -343 -294 -171 -277 -191 0
194 -145 -343 -171 -294 0
193 -43 -237 -171 0
270 -350 195 -55 -145 -37 -378 -191 -385 -391 0
56 -341 -419 -215 -165 -100 0
170 -29 -59 -269 -391 -385 -191 -378 -55 -215 -100 -355 -364 -294 -237 -193 0
-195 -171 -343 -294 -193 -327 -84 -181 -441 -209 -196 -185 -277 -191 0
-259 -202 -133 -343 0
392 -441 -70 -182 -186 -308 -374 -442 -385 0
394 -44 -237 -121 0
86 -270 -217 -202 -170 -193 -169 -385 -19 -391 -442 -16 -121 0
269 -270 -351 -250 -391 -385 -192 -402 -376 -423 0
-270 -85 -428 -290 -449 -112 -157 -402 -250 -376 -133 -217 -103 -423 -351 -391 -385 -192 -202 -356 -361 -170 -193 -169 -19 -442 -16 -121 0
-355 -283 392 -186 -374 -442 -385 -133 -70 -85 -74 -433 -356 0
-283 -433 -376 -133 -250 -217 -85 -121 -74 -202 -170 -193 -169 -347 392 -186 -374 -442 -385 -70 -356 -216 0
-85 -217 -133 -356 -376 -250 -121 -202 -170 -193 -169 -186 -374 -442 -385 -70 -391 -428 -290 -449 -112 -157 -402 -103 -423 -351 -192 -361 -19 -16 0
393 -319 -19 -133 -217 -237 -396 -442 -385 0
219 -319 -19 -241 -133 0
190 -391 -133 -19 -442 -356 -250 -121 -202 -170 -193 -169 -186 -374 -70 -428 -290 -449 -112 -402 -103 -423 -351 -192 0
86 -55 -377 -250 -342 -420 -100 -216 -128 -396 -319 -237 -121 0
320 -80 -120 -55 -100 -131 -430 -231 -7 -216 -19 0
-319 -216 -377 -430 -250 -19 -420 -396 -237 -121 -351 -17 -307 -423 -202 -96 373 -195 -391 -443 -356 -218 -241 -133 0
87 -269 -202 -423 -133 -218 -356 0
-385 -391 -195 -202 -423 -186 -442 -133 -70 -218 -193 -169 -377 -430 -250 -19 -420 -351 -17 -386 0
444 -313 -70 -186 -391 -374 0
147 -193 -133 -195 -202 -343 0
71 -196 -374 -160 -208 0
-196 -208 -160 -184 -70 -374 0
395 -391 -160 -218 -202 -70 -366 -374 -442 -237 0
217 -387 -190 -112 -16 -133 -86 -366 -315 -270 -103 -356 -202 -421 -74 0
393 -74 -202 -133 -190 -65 -218 -112 -16 -86 -366 -103 -356 -421 0
-391 -218 -160 -366 -70 -374 -442 -202 -133 -190 -65 -112 -103 -356 -421 -237 -121 -396 0
314 -321 -285 -19 -73 -241 -202 0
-218 -421 -202 -356 -19 -133 -294 -160 -366 -70 -374 -442 -190 -65 -112 -103 -237 -121 -396 0
313 -363 -400 -343 -374 -160 -358 -159 -441 -202 -112 -378 -371 -421 -74 -29 -356 -217 -170 -193 -121 -18 -133 -387 -242 0
373 -108 -209 -160 0
75 -269 -237 -121 -396 -393 -441 -442 -209 -374 -160 -366 -356 -371 -202 0
315 -103 -421 -378 -29 -356 -371 -133 -74 -237 -121 -396 -441 -442 -374 -160 -366 -202 -65 -242 -70 0
-193 -195 -202 -343 -133 0
171 -186 -421 -343 -195 -145 -210 -441 -56 -182 -308 -64 -242 -315 -387 -377 -191 -17 -395 0
375 -257 -56 -315 -101 -214 -421 -191 -144 -17 -366 -310 -235 -169 -343 -195 -145 -441 -182 -308 -64 -242 -377 -391 -442 0
73 -87 -195 -202 -343 -133 -30 -348 -285 0
-237 -190 -55 -83 -266 -100 -202 -270 -133 -308 -284 357 193 -236 -395 0
147 -161 -365 -218 -105 -30 -108 -421 -371 0
209 -80 -256 -133 -285 -73 314 -202 -343 -190 -145 -365 -105 -30 -108 -421 0
85 -105 -421 -145 -190 -16 -133 -285 -73 314 -202 -343 -365 -30 -108 0
-190 -108 -421 -133 357 -73 314 -202 -343 193 -395 0
190 -421 -343 -145 -270 -392 -133 -386 -218 0
443 -421 -133 357 -73 314 -202 -343 193 0
-421 314 357 -73 -133 -202 -343 193 0
170 -339 -61 -100 -407 -402 -231 -55 -216 -132 -142 -103 -364 -310 0
171 -293 -442 -392 -55 -83 -266 -100 -202 -270 -133 -308 -284 357 193 -236 -190 0
219 -402 -100 -407 -61 -231 -55 170 -132 -103 -310 -433 -319 -371 -133 0
-192 -190 -73 314 -202 357 193 -133 -343 0
-190 314 -73 -202 -133 357 193 -343 0
314 -73 -133 -343 -202 357 193 0
219 -314 -133 -19 -285 -202 -73 0
-170 -236 -395 -169 0
372 -392 -378 -351 -360 -307 -94 -161 -310 -169 -373 -442 -159 -387 -314 -202 -73 0
171 -365 -105 -310 0
-392 -319 -94 -133 -70 357 193 -105 -442 -270 -202 -73 -370 -378 -351 -360 -161 -169 -159 -387 -314 0
-319 -105 193 -370 -19 -73 -241 -202 -314 -387 -94 -133 -70 357 -442 -270 -378 -351 -360 -161 -169 -159 0
217 -421 -73 193 -202 357 -270 -343 -190 -133 0
320 -131 -105 -430 193 -237 -87 -19 0
366 -421 -95 -127 -145 -191 -267 -114 -391 -314 -446 -64 -242 -55 -100 -29 -285 86 -355 -321 -142 0
-421 -270 -343 193 -202 -190 -133 -73 357 0
-270 -190 -343 -202 -73 193 -133 357 0
422 -190 -219 -145 -202 -356 -74 0
192 -319 -117 -133 -87 -107 -209 -143 -19 -365 -241 193 -237 -314 -396 -386 -16 0
-171 -396 193 -237 -169 0
315 -319 -19 -216 -241 -197 0
-319 374 -446 -328 -94 -314 -19 -216 -241 -255 -343 -160 -159 -190 -117 -133 -87 -143 -365 193 -237 -396 -386 -16 0
319 -74 -133 -355 -433 -218 0
191 -446 -328 -94 -314 -19 -319 -241 -343 -190 -117 -133 -87 -143 -365 193 -237 -16 -442 -112 -393 -169 0
-171 -393 -442 -294 193 -237 -169 0
392 -117 -133 -87 -319 192 -143 -19 -365 -241 193 -237 -314 -396 -16 -442 0
-190 -356 193 -343 -202 -133 -73 0
-319 -294 -385 -343 -19 -133 -217 -237 -442 -314 193 -242 -421 -87 -430 -131 -321 0
-356 -195 -202 -133 -343 0
-171 -237 -29 -314 -442 193 -202 -169 -133 -19 -319 -86 0
393 -268 -170 -169 -202 -442 -73 0
269 -393 -314 -202 0
146 -365 -319 -314 -294 -87 -133 193 -237 -396 -142 -370 -202 -115 -170 -359 -423 -343 -190 0
-236 -43 -122 -170 -169 -237 0
313 -190 -314 -19 -319 -343 -446 -328 -133 -87 193 -237 -16 -442 -393 -169 -269 -372 -59 -219 -386 0
-365 315 -319 -107 -372 -314 -87 -133 193 -237 -202 -115 -343 -190 171 0
-190 -209 -269 -115 -237 193 -87 -131 -319 -107 -133 -372 -314 -202 -343 171 -181 -446 -328 -16 -393 -59 -386 0
392 -393 -314 -133 -269 -115 -237 193 -87 -131 -372 -202 -343 171 -181 -446 -328 -16 -319 -59 0
293 -84 -7 -19 -328 -237 -430 193 -87 -131 -359 -319 -343 -133 0
-393 -391 -314 -133 -269 -115 -237 193 -87 -131 -372 -202 -343 171 -181 -446 -328 -16 -319 -59 0
393 -396 -29 -19 -133 -319 -145 -237 -442 -314 -170 -169 -202 0
-87 -393 -133 -314 -237 193 -202 -343 171 -319 -86 0
218 -190 -202 -269 -215 -117 -183 356 -133 -319 -85 -366 -314 -145 -243 -104 0
313 -100 -55 -258 -252 -446 -307 -94 -196 -343 -108 -145 -373 -190 -442 -393 0
371 -51 -435 -9 -202 -117 -183 356 -133 -319 -85 -314 -258 -252 -94 -343 -145 -373 -190 -393 -215 171 -310 0
-190 -441 356 -133 -319 -85 -373 -117 -202 -435 -9 -183 -314 -258 -343 -145 -393 -215 171 -310 -64 -243 0
-237 -319 -202 356 -133 -343 -314 193 0
-319 -314 -343 -202 356 -133 193 0
203 -190 -396 -237 -218 -75 -58 0
-190 -237 -218 -343 -209 -145 -440 -183 -386 -309 -75 -355 -133 -283 -314 -202 -396 -64 -58 0
195 -145 -393 -237 -343 -169 -442 0
-195 -343 -319 -202 -133 -314 0
391 -184 -358 -70 -343 -314 -293 0
218 -19 -319 -241 -133 0
-343 -190 -319 -133 -202 -314 -237 0
21 -376 -358 -145 -190 -387 -269 -393 -292 -133 -319 -260 0
217 -446 -442 -393 -237 -427 -182 -202 -74 -133 -292 -319 -190 -387 -269 -260 -358 -145 -243 -95 0
315 -442 -393 -145 -292 -358 -190 -133 -319 -269 -237 -427 -202 0
-169 -195 -237 -171 -396 0
-442 -393 -190 -237 -314 -133 -319 -202 0
195 -55 -241 -314 -386 -376 -28 -190 -355 -145 0
192 -114 -427 -252 -376 -362 0
-169 -269 -202 -145 -190 -427 -376 -328 -219 -74 -87 -39 -171 -237 -195 0
-393 -190 -202 -237 -314 -319 -133 0
169 -86 313 -219 -159 -422 -20 -270 -202 -73 -355 -38 -237 -194 0
-442 -371 393 -133 -319 -237 -385 -170 -169 0
365 313 -219 -133 320 -202 393 -319 -237 -170 -169 0
-190 -202 -133 -319 -237 -314 0
170 -442 -73 -133 -202 -269 -393 -217 -237 0
194 -289 -361 -448 -328 -209 -161 -251 -145 -64 0
171 -393 -361 -145 -376 -202 -385 -314 -319 -217 -157 -133 0
-393 -169 -202 -237 -133 -314 -319 0
218 -442 -202 393 -319 -237 -385 -133 -169 -241 0
219 -294 -133 -202 -285 -314 -73 0
-169 -202 -133 -319 -314 -237 0
195 -374 -358 -185 -310 0
194 -215 -38 -165 -100 -55 -251 -355 -66 0
-202 -237 -314 -319 -133 0
293 -145 -252 -58 -190 -72 -129 -387 -259 -319 -393 -169 -133 0
194 -312 -113 -190 -252 -145 -37 0
371 -144 -366 0
87 -401 -408 -378 -338 -129 -434 -319 0
146 -184 -373 -208 -28 -133 -20 -319 -117 -408 -129 -434 -170 -122 -169 -237 -130 -104 -17 -423 -190 0
75 -258 -252 -37 -91 -129 -328 -370 -346 0
Solved
