487 -362 -394 -70 -328 -169 -319 -289 -370 -113 -342 -306 0
497 -140 -319 -328 -298 -394 -70 -289 -370 -101 -265 -400 -106 -17 -169 -326 -83 -493 -313 0
342 -453 -400 -435 -106 -19 -116 -1 -22 -97 -316 -427 -208 -73 -326 -296 -404 -422 -113 0
424 -444 -249 0
340 -113 -448 -101 -400 -328 -140 -106 -169 -17 -319 -289 -370 -422 -424 0
401 -295 -73 -370 -62 -298 -366 -58 -142 -92 -435 0
296 -487 -298 -331 -424 -249 -62 -164 -370 -208 0
-113 -479 -237 -400 -435 -106 -19 -1 -22 -97 -316 -208 -73 -326 -404 -422 -169 -319 -128 -289 -370 -298 -424 -249 -62 -164 -101 -58 -142 -92 -305 -341 -448 -328 -140 -17 0
295 -361 -168 -22 -424 -333 -68 -448 -265 -101 -305 -400 -341 -140 -106 -422 -17 0
500 -92 -58 -298 -62 -370 -208 -101 -400 -73 -142 -22 -448 -265 -106 -17 -394 -70 -328 -169 -319 -289 -19 -1 -97 -316 -493 -313 -496 -322 -202 0
74 -278 -298 -366 -228 0
372 -424 -331 -328 -167 -298 -169 -319 -161 -289 -62 0
-424 -95 -141 -493 -363 -366 -448 -459 -394 -77 -331 -70 -328 -169 -319 -289 -370 -167 -298 -161 -62 0
371 -422 -341 -297 -114 0
402 -62 -1 -22 -370 -327 -493 -313 -496 -443 -141 -448 -394 -70 -328 -169 -319 -289 -298 -73 -58 -142 -92 -434 -106 -101 0
372 -62 -73 -370 -316 -298 401 -58 -142 -92 -295 -129 -236 -289 0
333 -191 -22 -69 -394 -70 -328 -169 -319 -289 -370 -113 -306 -342 -488 -101 0
503 -319 -370 -298 -58 -142 -22 -394 -70 -328 -169 -73 -289 -265 -448 -208 -316 -313 -496 -493 -106 -400 -1 -322 -202 -499 -19 -97 0
333 -424 -354 -93 -78 -58 -167 -298 -49 -73 0
331 -49 -73 -58 -160 -142 -296 -93 -18 -106 -400 -468 -102 0
75 -257 -78 -298 -354 -49 -160 -129 -190 -97 -22 -69 -157 -102 -400 -106 -18 -296 0
295 -407 -428 -160 -129 -190 -97 -22 -69 -102 -400 -106 -18 0
402 -227 -93 -49 -160 -190 -22 -1 -157 0
371 -316 -298 -97 -22 -102 -400 -93 -1 -73 -106 -18 -58 -142 -394 -70 -328 -169 -319 -289 -63 0
429 -434 -93 -58 -287 -77 -477 -353 -316 0
401 -168 -298 -360 -316 -93 -58 -77 -353 -63 -128 -97 -1 -22 -333 -68 -102 0
100 -258 -298 -168 -360 -316 -429 -128 -97 -1 -22 -333 -68 0
300 -271 -496 -139 -322 -202 -66 -165 -435 -493 -93 -265 -228 -487 -50 0
24 -479 -496 -47 -438 -165 -316 -258 -298 -139 -322 -202 -66 -435 -493 -93 -265 -228 -487 -63 -159 -68 -1 0
299 -258 -216 0
-50 -66 -216 -435 -258 -288 -255 -63 -165 -496 -139 -322 -202 -493 -93 -265 -228 -487 300 0
505 -106 -322 -493 -265 -298 -97 -1 -22 -208 -73 -496 -400 -58 -394 -70 -328 -199 -169 -289 -370 -142 -499 -19 0
-216 -66 -370 -58 -93 -435 -400 -142 -289 299 0
433 -62 -50 -278 -58 -93 -66 0
63 -102 -328 -333 -70 -502 -394 0
-62 -66 -97 -22 -73 -1 -278 -50 -328 -333 -394 -400 -93 -435 -58 -70 0
434 -353 -496 -493 -314 -452 -77 -19 -449 -207 -475 -97 -125 -22 -249 -465 -163 -471 -208 -297 -106 -503 -381 -161 -400 -93 -66 0
-66 -93 -58 -496 -435 -493 -19 -97 -22 -208 -106 -400 -199 -505 -169 -70 -289 -394 -370 -73 -1 -328 -333 -142 299 0
61 -426 -191 -333 -22 -101 -1 -503 -158 0
-93 -333 -289 -394 -370 -70 -22 -1 -58 -435 -400 -142 -496 -493 -19 -97 -208 -106 -199 -505 -169 -73 -328 299 0
63 -161 -50 0
-161 -62 -50 0
61 -249 -333 -102 -496 -504 -236 -50 0
-62 -66 -333 -289 -370 -328 -70 -394 -496 -504 -50 -400 -257 -435 -215 -169 0
433 -424 -208 -297 -272 -339 -85 -95 -496 -306 -493 -479 -236 -215 -192 -274 -233 -16 -333 -106 -100 -400 -66 0
49 -125 -499 -208 -297 -274 -505 -233 -320 -333 -257 -100 -215 -400 -66 -435 -272 -85 -95 -496 -306 -493 -479 -236 -16 -106 -73 -228 -161 0
-66 -233 -333 -400 -50 -499 -208 -274 -505 -257 -215 -435 -272 -85 -95 -496 -306 -493 -106 -73 -228 -458 -70 -289 -504 -394 -370 -328 -169 0
-102 -63 -333 -496 -504 -236 -50 -505 -202 -426 -101 0
332 -63 -286 -158 -1 -358 -428 -22 -199 -354 -191 -169 -70 -426 -328 0
51 -101 -333 -22 -191 -1 -158 -505 -162 -448 -233 -286 -358 -199 -169 -70 -328 -73 -365 -278 0
489 -435 -370 -73 -22 -1 -505 -199 -169 -70 -328 -493 -106 -400 -142 -499 -208 -274 -85 -496 -289 -394 -58 -19 -97 299 -265 0
-333 -166 -328 -58 -331 -289 -394 -370 -70 -22 -1 -435 -400 -142 -496 -493 -19 -97 -208 -106 -199 -505 -169 -73 299 0
-435 299 -400 -1 -274 -22 -370 -289 -199 -58 -394 -169 -70 -328 -142 -496 -493 -19 -97 -208 -505 -73 -106 -499 -85 -265 0
330 -62 -333 -22 -191 -1 -158 -50 -505 -101 -319 -394 -169 -70 0
-62 -333 -496 -493 -236 -278 -50 -96 -370 -265 -505 -289 -488 -319 -394 -322 -169 -70 -328 -22 -191 -1 -158 -101 0
-333 -96 -265 -488 -468 -505 -169 -58 -328 -319 -278 -70 -289 -50 -394 -370 -160 -496 -493 -236 -322 -22 -191 -1 -158 -101 0
299 -505 -370 -289 -394 -169 -70 -328 -265 -22 -58 -496 -493 -322 -1 -106 -400 -274 -199 -142 -19 -97 -208 -73 -499 -85 0
433 -222 -273 -208 -296 -424 -338 -85 -96 -496 -305 -493 -480 -237 -216 -191 -274 -18 -232 -504 -361 -93 -65 0
352 -263 -365 0
-62 -101 -496 -19 -97 -22 -424 -78 -365 -505 -258 -216 -208 -85 -274 -93 -106 -400 -265 -493 -199 -489 -333 -169 -168 -328 -70 -289 -394 -370 -61 -50 0
332 -232 -361 -489 -168 0
331 -66 -400 -467 -101 0
-101 -168 -493 -489 -333 -400 -365 -169 -328 -78 -70 -289 -394 -370 -160 -496 -19 -97 -22 -424 -505 -258 -216 -208 -85 -274 -93 -106 -265 -199 -61 -50 0
-62 -435 -93 -66 -328 -333 -70 -102 -394 -61 -50 0
-50 -333 -496 -493 -216 -505 -73 -199 -169 -328 -70 -289 -394 -370 -322 -265 -106 -489 -400 -19 -97 -22 -258 -208 -85 -274 -58 -279 -51 0
332 -227 -106 -274 -22 -400 -1 -49 -489 -161 -62 -58 -199 -394 -169 -70 -328 0
191 -232 -274 0
-101 -227 -73 -22 -286 -1 -216 -505 -157 -66 -502 -400 331 0
-333 -505 -106 -400 -73 -22 -1 -216 -274 -265 -489 -58 -199 -394 -169 -70 -328 -496 -493 -289 -370 -322 -19 -97 -258 -208 -85 -279 -51 0
49 -67 -464 -265 -22 -489 -179 -106 -167 -505 -181 -58 -502 -370 -426 -279 -62 0
63 -364 -106 -129 -354 -464 -97 -1 -78 -22 -448 -179 -67 -505 -181 -502 -370 0
100 -216 -496 -400 -1 -22 -62 -106 -129 -354 -464 -97 -78 -179 -505 -181 -370 -426 -279 -51 -265 -489 -167 -58 0
-50 -91 -435 -58 -66 -279 -62 -51 0
63 -359 -167 -58 -22 -78 -354 -73 -435 -216 -142 -66 -279 -62 -51 -503 0
-106 -370 -1 -58 -73 -142 -400 -496 -97 -22 -265 -199 -394 -169 -70 -328 -274 -493 -289 -322 -19 -208 -85 -298 -499 0
-333 -101 -172 -70 -496 -493 -50 -62 -278 -236 -370 -265 -505 -289 -488 -319 -394 -322 -169 -328 -22 -1 -449 -157 -400 -66 -332 0
333 -505 -449 -58 -319 -169 -70 -488 -328 0
-505 -278 -22 -73 -1 -62 -50 -328 -97 -394 -400 -66 -58 -70 -236 -249 -496 61 -172 -493 -370 -265 -289 -488 -319 -322 -169 0
61 -66 -73 -1 -62 -50 -328 -97 -394 -400 -22 -58 -70 -496 -493 -370 -265 -289 -322 -169 -298 0
299 -505 -126 -496 -493 -354 -480 -338 -78 -237 -321 -58 -379 -277 -214 0
-505 -78 -94 -265 -354 -167 -321 -58 -277 -214 -298 -126 -496 -493 -480 -338 -237 -379 0
216 -313 -496 -493 -480 -237 -379 -316 0
-66 -50 -1 -499 -58 -298 -496 -493 -94 -265 -199 -169 -328 -70 -289 -394 -370 -460 -62 -73 -97 -400 -22 -322 0
63 -278 -381 -169 -216 -91 -328 -365 -298 -58 -70 -493 -394 -370 -50 0
-278 -365 -484 -496 -381 -73 -22 -216 -1 -298 -158 -50 -62 -169 -91 -328 -58 -70 -493 -394 -370 0
-50 -62 -496 -493 -94 -265 -58 -298 -274 -169 -328 -70 -289 -394 -370 -208 -73 -22 -1 -400 -142 -499 -199 -460 -97 -322 0
63 -66 -58 -22 -73 -142 -279 -62 -51 -216 -199 -169 -364 -328 -400 -70 -289 -394 -370 -161 0
76 -333 -22 -227 -1 -216 -505 -66 -157 -502 -400 -286 -73 -328 -70 -450 -354 0
71 -333 -22 -227 -1 -216 -505 -66 -157 -502 -400 -286 -73 -489 -172 -58 -328 -76 0
215 -354 -73 -22 -227 -1 -216 -505 -66 -157 -502 -286 -169 -328 -70 -489 -58 -400 -425 -496 -235 -379 -258 0
-354 -379 -496 -73 -235 -364 -505 -142 -66 -216 -22 -227 -1 -157 -502 -286 -169 -328 -70 -489 -58 -400 -425 -258 0
354 -192 -22 -425 -502 -505 -169 -370 -394 -328 -364 -289 -70 0
-66 -505 -496 -73 -364 -216 -142 -22 -227 -1 -169 -328 -70 -489 -58 -400 -425 -258 -370 -394 -289 -161 -62 -279 -51 -199 0
503 -389 -428 -359 -167 -216 -489 -258 -265 -321 -94 -264 -354 -78 -58 -505 -91 0
-505 -425 -274 -216 -489 -258 -265 -94 -58 -199 -169 -328 -70 -289 -394 -370 -460 -73 -62 -364 -400 -161 -142 -496 -22 -227 -1 -279 -51 0
215 -235 -496 -313 -316 -66 0
-66 -425 -22 -1 -496 -364 -319 -400 -142 -258 -216 -313 -316 -161 -62 -58 -73 -279 -51 -199 -169 -328 -70 -289 -394 -370 0
-62 -370 -1 -97 -289 -22 -460 -73 -142 -496 -400 -58 -199 -169 -328 -70 -394 -274 -265 -94 -298 -493 -208 -499 -322 0
214 -427 -496 -493 -505 -479 -73 -236 -364 -142 -66 0
352 -505 -298 -216 -496 -493 -50 -479 -73 -236 -142 -66 -58 -77 0
77 -502 -316 -505 -428 -91 -354 -58 0
366 -489 -66 -169 -400 -328 -91 -70 -58 -316 -505 -354 -22 -1 -216 -286 -73 -192 -496 -237 -159 -62 -161 -522 -408 0
63 -49 -58 -298 -354 -73 -444 -328 -91 -285 -70 -374 -76 -173 -159 -1 -22 -102 -192 -503 -161 0
-62 -364 -496 -237 -58 -298 -354 -73 -328 -91 -70 -159 -1 -22 -102 -192 -161 -202 -505 -316 -247 -66 -169 -400 -216 -286 -522 -408 -256 0
-502 -76 -298 -216 -73 -172 -316 -505 -91 -354 -58 -50 -503 0
77 -50 -73 -522 -298 -216 -395 -91 -172 -70 -58 0
372 -314 -496 -84 -493 -501 -478 -512 -181 0
498 -165 -314 -247 0
75 -490 -404 -125 -493 -247 -496 -371 -84 -478 -512 -181 -207 -95 -450 -202 -505 -316 -427 0
59 -50 -161 -408 -73 -247 -496 -371 -478 -202 -505 -316 -298 -256 -172 -77 -169 -354 -328 -70 -395 -503 -522 -91 0
-364 -354 -73 -70 -522 -58 -161 -408 -247 -496 -202 -505 -316 -298 -256 -169 -328 -91 -216 -237 -159 -1 -22 -102 -192 -66 -400 -286 0
60 -459 -73 -396 -298 -161 -277 -91 0
-354 -1 -298 -522 -58 -73 -91 -169 -328 -70 -408 -247 -496 -202 -505 -316 -256 -216 -237 -159 -161 -22 -102 -192 -66 -400 -286 0
59 -50 -496 -366 -264 -320 -172 -216 -298 -247 -161 -192 -347 -333 -440 -102 -395 -522 -168 -91 0
49 -181 -371 -247 -208 -477 -496 -478 -97 -128 -405 -522 -429 -366 -73 -279 -227 0
299 -279 -366 -320 -264 -216 0
-50 -371 -247 -208 -496 -97 -128 -522 -429 -366 -73 -458 -395 -298 -320 -264 -216 -91 -58 -172 -161 -192 -347 -333 -440 -102 -168 -286 -237 0
354 -192 -505 -22 -169 -328 -70 -73 -298 -247 -496 -522 -216 -91 -58 -161 -440 -102 -286 -237 0
506 498 -316 -247 0
74 -489 -328 -70 -58 -354 -102 -91 -320 -505 -316 -247 -496 -237 -62 -161 -408 -364 0
214 -400 -505 -73 -328 -70 -58 -169 -216 -22 -66 -496 0
162 -91 -433 -505 -58 -73 -216 -70 -444 -257 -426 -299 -61 0
-91 -126 -505 -58 -214 -496 -328 -70 -494 -521 -66 -444 -426 -61 -73 -216 0
-62 -50 -58 -521 -257 -505 -299 -426 -502 -70 -192 -61 0
-50 -314 -317 -165 -400 -66 -518 -328 -478 -70 -169 -494 -58 -444 -521 -257 -426 -299 -505 -502 -160 -192 -61 0
249 -400 -66 -328 -70 -169 -58 -505 -214 -496 -73 -216 0
300 -91 -424 -274 -505 -232 -130 -169 -124 -328 -70 -50 -22 -62 -58 -400 -442 -66 -257 0
-91 -274 -433 -58 -50 -299 -424 -400 -505 -232 -130 -169 -124 -328 -70 -22 -62 -442 -66 -257 0
298 -78 -70 -400 -62 -522 -257 -50 0
60 -279 -232 -22 -142 -496 -424 -62 -216 -274 -505 -400 -169 -93 -328 -70 -50 -442 -502 -133 -73 -411 -130 -124 -317 -361 -257 -299 0
277 -50 -299 0
-279 -232 -58 -22 -142 -496 -424 -62 -216 -274 -505 -400 -169 -93 -328 -70 -50 -442 -502 -133 -73 -411 -130 -124 -317 -361 -257 -299 0
279 -50 -299 0
-62 -50 -22 -496 -216 -505 -400 -169 -328 -70 -58 -73 -66 0
-91 -395 -328 -70 -317 -522 -287 -73 -433 -226 -78 -50 -298 -216 -172 -58 -93 0
-50 -400 -66 -70 -328 -169 -505 -73 -216 -58 -22 -496 0
93 -319 -328 -169 -333 -505 -400 -66 -502 -433 0
92 -172 -450 -157 -505 -400 -502 -433 -58 0
76 -462 -82 -388 -133 -428 -130 -317 -203 -124 -505 -70 -450 -354 0
59 -489 -400 -66 -333 -169 -157 -328 -172 -70 -76 0
300 -400 -328 -70 -58 -169 -66 -505 -496 -73 -216 -22 0
-400 -169 -328 -70 -58 -66 -505 -496 -73 -216 -22 0
521 -503 -93 -505 -50 -316 -247 -496 -298 -73 0
-50 -468 -328 -100 -169 -93 -73 -58 -520 -505 -316 -247 -496 -298 -161 0
-169 -70 -496 -73 -328 -58 -216 -66 -505 -22 0
Solved
