204 -172 -181 0
-172 -181 -202 0
344 -22 -151 -385 -194 -26 -186 -327 -81 0
153 -370 -385 -55 -232 -367 -277 -327 -513 -26 0
372 -367 -409 -14 -331 -50 -262 -385 -55 -223 -277 0
56 -350 -513 -262 0
57 -372 -402 -277 -262 0
56 -331 -19 -50 -14 -385 -262 -513 0
57 -422 -382 -38 -474 -402 -151 -277 -262 0
494 -34 -85 -38 -232 -277 -262 -55 -151 -505 -481 -166 -140 -355 -463 -315 0
350 -333 -315 -409 -394 -223 -103 -80 -15 -5 -185 -50 -326 -385 -232 0
13 -353 -236 -170 -50 0
49 -324 -372 -402 -29 -434 -335 -423 -176 -362 -137 -383 -306 -129 -59 -170 -353 -311 -236 0
56 -350 -505 -250 -129 -170 -353 -236 -50 -372 -434 -335 -423 -383 -59 -337 -355 -146 -396 -38 -303 -473 -298 -88 -277 -262 -389 0
57 -372 -70 -315 -389 -326 -505 -27 -250 -317 -335 -423 -82 -88 -434 -277 -262 0
-372 -333 -409 -315 -223 -103 -80 -15 -185 -50 -326 -232 -498 -473 -298 -277 -505 -250 -129 -170 -353 -236 -434 -335 -423 -383 -337 -355 -146 -38 -303 -88 -262 -389 -55 -70 -27 -317 0
499 -38 -315 -188 -151 -277 -262 -298 -55 -409 -223 -50 -232 -498 -505 -250 -236 -355 -88 -280 -19 -481 -166 -463 -493 -85 -140 0
51 -353 -505 -250 56 -350 -170 -236 -50 -372 -335 -423 -315 -355 -38 -473 -298 -88 -277 -262 -389 -92 -409 -493 -280 -223 -19 -385 0
-353 -170 -372 -335 -134 -423 -362 -409 -280 -223 -19 -29 -236 -50 -505 -250 56 -350 -315 -355 -38 -473 -298 -88 -277 -262 -389 -92 -493 -385 0
168 -335 -463 -493 -429 -315 -414 -402 -372 -347 -85 -250 -505 -232 -389 -326 -134 -47 -5 -333 -29 -423 -434 -35 0
-335 -326 -372 -232 -85 -29 -134 -47 -389 -315 -347 -423 -493 -140 -35 -463 -362 -409 -280 -223 -19 -236 -50 -505 -250 56 -350 -355 -38 -473 -298 -88 -277 -262 -92 -385 -166 -429 -414 0
422 -492 -347 -326 -333 -5 -409 -29 -223 -19 -324 -13 -429 -372 -170 -414 -402 -353 -150 -236 -294 -99 0
384 -13 -414 -402 -188 -463 -35 -423 -347 -326 -333 -5 -409 -29 -223 -19 -324 -78 -429 -372 -170 -353 -236 0
127 -170 -59 0
507 -389 -47 0
421 -13 -409 -280 -223 -318 -333 -176 -493 -362 -85 -38 -232 -277 -262 -55 -151 -505 -481 -166 -140 -355 -463 -315 0
400 -23 -385 -333 -50 -236 -326 -315 -98 -5 -414 -384 -29 -324 -151 -372 0
332 -13 -223 -409 -19 0
14 -196 -54 -384 -170 -463 -490 -409 -493 -280 -223 0
-353 -170 -236 -50 -54 -463 -409 -493 -280 -223 -333 -19 -414 -402 -188 -35 -423 -347 -326 -5 -29 -324 -78 -429 -372 0
15 -170 -462 -223 -409 -50 0
14 -121 -1 -78 -246 -449 -490 -293 -223 -54 -196 -170 -463 -409 -493 -280 0
13 -195 -85 -372 -416 -402 -92 -385 -333 -50 -236 -326 -315 -98 -5 -414 -23 -29 -324 -151 -493 -463 -170 0
-170 -54 -78 -223 -1 -463 -409 -493 -280 -333 -19 -85 -372 -402 -92 -385 -50 -236 -326 -315 -5 -414 -29 -324 -151 -462 -436 -423 -434 -35 -265 -166 -188 -347 -429 0
-13 -319 -343 -439 -326 -27 -280 -19 -333 -14 -223 -409 0
-350 -362 -232 -85 -372 -265 -166 -385 -50 -236 -315 -414 -151 -280 -19 -223 -409 -47 -423 -493 -140 -463 -1 -92 -188 -429 -250 -505 -355 -38 -474 -481 -130 56 -262 0
15 -170 -188 -362 -102 -137 -414 -121 -434 -455 -166 -315 -490 -354 -40 -85 -38 -232 -277 -262 -55 -151 -505 -481 -140 -355 -463 -493 -280 -17 -223 -409 -50 0
-170 -402 -372 -99 -369 -423 -455 -362 -137 -196 -463 -490 -409 -302 -493 -280 -223 -19 -13 -188 -102 -414 -121 -434 -166 -315 -354 -40 -85 -38 -232 -277 -262 -55 -151 -505 -481 -140 -355 -17 -50 0
279 -372 -315 -409 -493 -280 -223 -19 -414 -463 -188 -166 -85 -38 -232 -277 -262 -55 -151 -505 -481 -140 -355 -50 -236 -265 -1 -250 -130 -88 -498 -298 0
15 -150 -332 -422 -315 -409 -85 -38 -232 -277 -262 -55 -151 -505 -481 -166 -140 -355 -463 -493 -280 -223 0
-384 -27 -121 -422 -414 -481 -315 -150 -250 14 -196 -170 -463 -490 -409 -493 -280 -223 0
421 -305 -85 -505 -193 -315 -121 -1 -232 -350 -48 -188 -513 -435 -138 -150 -481 -166 -363 -294 -35 0
14 -121 -414 -428 -190 -268 -473 -38 -422 -85 -505 -193 -315 -150 -1 -232 -350 -48 -188 -513 -435 -138 -481 -166 -363 -250 -196 -170 -463 -490 -409 -493 -280 -223 -19 0
13 -170 -473 -38 -422 -463 -236 -166 -268 -50 0
-170 -428 -414 -190 -268 -473 -38 -422 -85 -505 -193 -315 -150 -1 -232 -350 -48 -188 -513 -435 -138 -481 -166 -363 -250 -463 -409 -493 -280 -223 -19 -332 -15 -236 -50 0
-372 -38 -268 -236 -85 -232 -277 -262 -55 -151 -505 -481 -166 -140 -355 -463 -315 -493 -50 -414 -1 -188 -250 -409 -280 -223 -19 -298 -265 -130 -88 -498 0
-14 -13 -505 -250 -280 -19 -223 -409 -481 -402 -38 57 -422 -151 -277 -262 -478 -315 -236 -85 -232 -55 -166 -140 -355 -463 -493 -50 0
-170 -195 -236 -478 -166 -265 -244 -315 -294 -505 -384 -250 -463 -409 -493 -280 -223 -26 -19 -481 -402 -38 57 -422 -151 -277 -262 -85 -232 -55 -140 -355 -50 -473 -268 0
502 -505 -236 -85 -232 -262 -55 -151 -315 -481 -166 -355 -493 -50 -250 -280 -19 -223 -409 -478 -265 -268 -188 -414 -1 -298 -130 -88 -498 -111 0
-13 -14 -188 -85 -414 -229 -111 -502 -463 -315 -409 -236 -493 -280 -223 -170 -50 -481 -19 0
473 -194 -151 -232 -74 -250 -505 -388 -481 -279 0
195 -27 -505 -250 -388 -326 0
372 -150 -401 -151 0
-422 -388 -151 -505 -250 -188 -232 -74 -194 -298 -279 -241 -473 -382 -268 -111 -170 13 -463 -236 -166 -50 0
-150 -370 -151 -369 -262 -387 -84 -72 -499 -491 -103 -439 -475 -414 -188 -149 0
13 -170 -151 -262 -414 -250 -505 -481 -232 -298 -268 -111 -188 -463 -236 -166 -50 -85 -315 -229 -502 -493 0
278 -422 -505 -481 -388 -85 -250 -27 -343 -320 -35 -232 -305 -315 -121 -1 -150 -188 -166 -294 -151 -262 -298 -55 0
371 -459 -450 -82 -80 -166 -55 -50 -262 -236 -88 -360 -99 -303 -268 -143 -472 -481 -232 -326 -24 -195 0
401 -366 -294 -188 -262 -150 0
-422 -450 -82 -166 -55 -50 -262 -236 -88 -360 -99 -303 -268 -143 -481 -232 -505 -250 -27 -388 -343 -320 -35 -372 -279 -85 -305 -315 -121 -1 -150 -188 -294 -151 -298 0
327 -102 -55 -166 -362 -262 -354 -88 -360 -303 -268 -143 -472 -481 -343 0
-326 -194 -327 -505 -250 -27 -388 0
-170 -463 -505 -250 -55 -166 -262 -88 -268 -236 -85 -232 -151 -355 -481 -315 -493 -50 -414 -1 -188 -409 -280 -223 -19 -298 -265 -130 -498 -229 -502 -111 0
194 -372 -422 -481 -278 -388 -36 0
279 -372 -151 -194 -262 -326 -505 -250 -388 -481 -36 -498 -422 -298 -55 0
-372 -422 -223 -14 -326 -343 -439 -280 -19 -50 -236 -36 -268 -481 -505 -250 -388 -37 -151 -409 -278 -262 -498 -298 -55 0
-422 -326 -37 -88 -55 -262 -278 -150 -151 -223 -14 -355 -343 -439 -280 -19 -50 -236 -36 -268 -481 -505 -250 -388 -409 -498 -298 0
370 -333 -98 -236 -223 -375 -50 -409 -19 -268 -439 -382 -414 -293 -150 -402 0
-333 -372 -236 -382 -50 -150 -14 -326 -343 -439 -280 -19 -319 -223 -409 -402 -151 -98 -375 -268 -414 -293 0
263 -362 -137 -88 -55 0
-326 -150 -481 -278 -236 -382 -50 -388 -14 -343 -439 -280 -19 -223 -409 -151 -375 -268 -414 -262 -88 -55 -355 -404 -37 -36 -505 -250 -498 -298 0
371 -246 -382 -150 -67 -402 -322 0
-150 -14 -50 -262 -19 -236 -36 -439 -268 -37 -414 -278 -151 -382 -55 -130 -347 -85 -505 -399 -388 -188 -481 -343 -232 -162 -280 -223 -409 -375 -88 -355 -404 -250 -498 -298 0
-372 -326 -232 -26 -250 -505 -388 -85 -217 -404 -298 -36 -278 -223 -14 -343 -439 -280 -19 -50 -236 -268 -481 -37 -151 -409 -262 -498 -55 -371 0
423 -14 -326 -343 -439 -280 -19 -223 -409 -250 -505 -36 -478 -50 -481 -236 -472 -98 -37 0
-463 -505 -280 -19 -223 -409 -250 -481 -478 -50 -236 -232 -85 -298 -268 -151 -262 -498 -55 -188 -414 -130 -88 -355 -229 -111 -315 -493 -166 -1 -265 0
-388 -404 -372 -262 -55 -188 -150 -85 -151 -326 -505 -250 -422 -481 -36 -498 -298 -327 -390 0
279 -387 -498 -513 -262 -298 -55 0
-36 -14 -498 -262 -298 -55 -50 -111 -422 -502 -493 -229 -315 -372 -188 -150 -85 -151 -326 -505 -250 -481 -34 0
278 -389 -505 -85 -232 -315 -229 -512 -262 -502 -372 -298 -55 0
370 -73 -27 -14 -326 -50 -232 -385 -19 -85 -22 -195 0
-388 56 -139 -130 -262 -405 -232 -326 -505 -250 -372 -14 -50 -385 -19 -85 -22 -47 -389 0
-14 -422 -196 -236 -50 -493 -315 -139 -130 -262 -232 -326 -505 -250 -372 -19 -85 -229 -498 -502 -298 -55 -481 -409 -166 -111 -188 -150 -151 -34 0
327 -388 -236 -354 -505 -422 -166 -268 -34 -481 -232 0
-388 -354 -150 -188 -262 -1 -55 -166 -383 -505 -85 -232 -315 -229 -502 -372 -298 -34 -53 -481 -250 -27 -326 -236 -422 -268 0
483 -37 -422 -278 -498 -262 -298 -55 -82 -93 -46 -505 -250 -27 -326 0
-422 -150 -55 -34 -481 -498 -262 -505 -250 -326 -111 -502 -229 -315 -298 -188 -1 -166 -85 -232 -372 -236 -268 -409 -493 -280 -223 -169 -19 -196 -50 -139 -130 -151 0
277 -73 -362 -88 -55 -353 -434 -262 -130 -229 -85 -502 -139 -236 -111 -232 -38 -326 -505 -250 -388 -27 -195 -473 -372 0
-327 -333 -236 -223 -98 -50 -409 -19 -268 -150 -414 -293 -402 -315 -241 -188 -372 -326 -505 -250 -388 -27 0
-388 -405 -223 -139 -130 -262 -232 -326 -505 -250 -372 -409 -50 -19 -85 -389 -236 -98 -268 -150 -414 -293 -315 -188 -229 -111 -498 -502 -298 -55 -278 -362 -88 -353 -434 -38 -473 0
148 -383 -293 0
-150 -372 -326 -262 -250 -505 -298 -55 -88 -355 -111 -502 -229 -315 -223 -139 -130 -232 -409 -50 -19 -85 -236 -268 -414 -188 -498 -481 -166 -34 -1 -493 -280 -169 -196 -151 0
325 -388 -326 -250 -505 -372 -85 -217 -278 -298 -404 -26 -223 -232 -280 -19 -50 -236 -268 -481 -37 -151 -409 -262 -498 -55 -371 -315 0
-388 -372 -232 -326 -250 -505 -85 -217 -278 -298 -404 -26 -223 -280 -19 -50 -236 -268 -481 -37 -151 -409 -262 -498 -55 -371 -315 0
-372 -326 -232 -315 -250 -505 -85 -298 -223 -280 -19 -50 -236 -268 -481 -151 -409 -262 -498 -55 -111 -502 -88 -188 -355 -229 -139 -130 -414 -166 -34 -1 -493 -169 -196 0
325 -388 -505 -250 -195 -26 0
110 -162 372 -151 -188 -262 -55 -350 -130 -229 -346 -502 -139 0
277 -37 -473 -423 0
-388 372 -236 -505 -166 -268 -34 -481 -232 -111 -265 -151 -188 -262 -55 -130 -229 -502 -139 -85 -326 -250 0
423 -472 -481 -37 -34 0
-326 -34 -481 -111 -502 -229 -315 -236 -505 -166 -268 -232 -265 -151 -188 -262 -55 -130 -139 -85 -250 -298 -223 -280 -19 -50 -409 -498 -88 -355 -414 -1 -493 -169 -196 0
-36 -47 -85 -232 -505 56 -262 -388 -326 -481 -372 -278 -422 -34 0
-194 -315 -92 -292 -256 -85 -73 -402 -151 -236 -232 -372 -388 -505 -422 -166 -268 -34 -481 -326 -250 -27 -195 0
-19 -249 -521 -108 -268 -100 -97 -236 -50 -386 -27 -73 -326 -232 -22 370 -85 -195 -497 -203 -173 -20 0
299 -268 -100 -97 -236 -50 -326 -232 -22 -85 -151 -505 -250 -388 -454 -372 -292 -422 -34 -481 56 -262 -278 0
390 -46 -505 0
389 -422 -85 -232 -505 56 -262 -388 -326 -372 -278 -481 -34 0
-422 -151 -50 -326 -232 -85 -236 -505 -250 -388 -372 -481 56 -262 -278 -474 -300 -423 0
503 -229 -346 -92 -140 -132 -111 0
502 -223 -353 -236 -98 -383 -54 -409 -359 -333 -413 -19 -462 -50 -202 -465 -111 0
503 -346 -92 -465 -315 -140 -132 -111 0
-223 -409 -454 -497 -315 -333 -385 -19 -353 -236 -98 -383 -54 502 -359 -413 -462 -50 -465 -111 0
181 -50 -236 0
172 -465 -504 -495 -231 0
-422 -50 -85 -388 -236 -505 -481 -232 -474 -326 -300 56 -262 -372 -278 -504 -250 -423 0
-194 503 -465 -315 -92 -111 -405 56 -262 -232 -372 -326 -505 -250 -388 -27 -195 0
503 -151 -236 -50 -268 -293 -315 -54 -98 -505 -250 -388 -195 -326 -405 -232 -73 -372 -85 -465 -92 -111 56 -262 -27 -229 0
-172 -132 -92 -229 -315 -181 0
-194 502 -429 -92 -98 -236 -353 -54 -50 -465 -111 -229 -315 -256 -85 56 -262 -73 -151 -232 -372 -326 -505 -250 -388 -27 -195 0
-151 -229 -315 -293 -505 -250 -388 -195 -326 -405 -232 -73 -372 -85 -429 -98 -236 -353 -54 -50 -465 -111 -92 -256 56 -262 -27 -504 -268 0
-229 -92 -315 -85 -353 56 -262 -73 -465 -236 -232 -504 -478 -111 -405 -372 -326 -505 -250 -388 -27 -195 -519 -293 -429 -98 -54 -50 -256 -268 0
36 -293 -85 56 -262 -236 -232 -372 -326 -505 -250 -388 -504 -429 -98 -50 -300 -38 -474 -481 0
314 -100 -23 -50 -236 -5 -315 -333 400 -324 -326 -414 -385 -151 -372 -357 -98 -137 -81 -454 -345 0
353 -383 -137 -362 -293 -454 -345 -315 -23 -50 -236 -5 -333 400 -324 -326 -414 -385 -151 -372 -357 -98 -434 -265 -166 0
-151 502 -98 -315 -429 -92 -236 -54 -50 -111 -229 -256 -85 56 -262 -73 -194 -232 -372 -326 -505 -250 -388 -27 -195 -293 -23 -357 0
383 -352 -454 -357 -28 -265 -436 -137 -416 -260 -241 -92 -218 -162 -205 -188 -312 -148 -54 0
502 -357 -293 -315 -92 -205 -54 -98 -50 -236 -478 -519 -429 -111 -229 -256 -85 56 -262 -73 -194 -232 -372 -326 -505 -250 -388 -27 -195 -23 0
149 -14 -50 -236 -104 -98 -476 -382 -187 0
-194 -27 -236 -98 -315 -403 -463 -111 -92 -229 -504 -293 -429 -85 56 -262 -232 -372 -326 -505 -250 -388 -50 -195 -23 -38 -474 -481 0
503 -327 -236 -98 -50 -388 -268 -150 -293 -402 -315 -333 -372 -326 -505 -250 -27 -202 -127 -15 -417 -493 -92 -141 -463 -229 -111 0
-27 -268 -429 -388 -236 -98 -50 -293 -315 -372 -326 -505 -250 -111 -504 -92 -463 -229 -195 -232 -403 -300 -85 56 -262 -23 -38 -474 -481 0
27 -195 -505 -250 -388 -326 0
-111 -195 -474 -388 -429 -236 -98 -50 -293 -315 -372 -326 -505 -250 -504 -92 -463 -229 -481 -232 -403 -300 -85 56 -262 -23 -38 0
-195 -92 -326 -505 -250 -481 -474 -38 -429 -236 -98 -50 -293 -315 -372 -504 -388 -463 -229 -232 -403 -300 -85 56 -262 -23 0
195 56 -232 -262 -505 -481 -388 -85 0
229 -315 -38 -481 -388 -504 -474 -181 0
-46 -388 -505 0
109 -69 -399 -162 -92 -493 -150 -465 -293 -481 -473 277 0
148 -396 -454 -107 263 -88 -55 -261 -421 -218 -293 -188 0
504 -150 -191 -236 -293 -98 -382 -80 -454 -107 -218 -181 -202 -111 -399 -162 -92 -493 -481 -473 -350 -323 -524 -512 -262 -56 -278 0
279 -102 -107 -40 -212 -488 -350 -323 -22 -512 -6 -421 -56 0
149 -150 -399 -162 -92 -493 -80 -293 -481 -473 -350 -323 -111 -524 -512 -504 -56 -278 -107 -212 -22 -6 -191 -202 -50 -236 -98 -382 0
110 -89 -35 -19 -320 -323 -332 -524 -512 -6 -491 -473 -56 -439 -278 -412 -504 -202 0
-150 -454 -107 -524 -512 -6 -298 -56 -278 -473 -111 -35 -320 -323 -439 -202 -262 -401 -293 -399 -162 -92 -493 -80 -481 -350 -212 -22 -191 -50 -236 -98 -382 -218 0
264 -524 -56 0
277 -150 -162 -92 -399 -293 -481 -473 -350 -323 -111 -524 -512 -504 -56 -278 -107 -22 -6 -191 -202 -50 -236 -98 -345 -315 -464 -37 0
279 -94 -345 -107 -315 -89 -323 -130 -524 -512 -6 -298 -56 0
109 -202 -519 -236 -152 -98 -162 -92 -399 -293 -481 -473 -350 -323 -111 -524 -512 -504 -56 -278 -107 -22 -6 -191 -478 -50 -345 -315 -89 -298 0
-202 -504 -107 -89 -323 -524 -512 -6 -298 -56 -315 -278 -345 -111 -519 -236 -152 -98 -162 -92 -399 -293 -481 -473 -350 -22 -191 -478 -50 0
-504 -293 -278 -512 -229 -92 -315 -111 -107 -89 -323 -524 -6 -298 -345 -519 -236 -152 -98 -162 -399 -56 -481 -473 -350 -22 -191 -478 -50 0
-293 -368 -22 -205 -98 -50 -236 -478 -54 -519 -27 -152 -350 -191 -107 -218 -111 -399 -162 -92 -481 -473 -323 -524 -512 -262 -56 -278 -345 -315 -229 -6 -298 0
277 -504 -149 -383 -111 -98 -35 -401 -422 0
279 -345 -315 -383 -323 -98 -512 -6 -422 -298 -56 0
-194 -481 -50 -262 -236 -195 -232 -326 -315 -98 -35 -229 -56 -111 -512 -54 -519 -399 -92 -473 -85 -372 -505 -250 -388 0
57 -351 -512 -262 0
-293 -504 -360 -347 -202 -141 -111 -156 -236 -98 -50 -388 -327 -150 -402 -315 -333 -372 -326 -505 -250 -27 -15 -417 -493 -92 -463 -229 -136 -473 -361 -277 -421 -54 148 0
-504 -473 -108 -101 -177 -111 -236 -361 -98 -421 -372 -388 -481 194 -36 -360 -202 -141 -156 -50 -327 -150 -402 -315 -333 -326 -505 -250 -27 -15 -417 -493 -92 -463 -229 -136 -54 0
-481 -54 -229 -111 -236 -98 -372 -388 -50 -326 -505 -250 -92 -315 -262 -56 -195 -232 -85 -519 -399 -483 0
-473 -504 -168 -111 -524 -34 -56 -278 -472 0
-512 -130 -168 -107 -323 -315 -89 279 -524 -345 -6 -298 -56 -511 0
102 -228 -345 -168 -433 0
279 -22 -368 -98 -236 -107 -345 -168 -89 -524 -298 -56 0
481 -56 -181 -315 -236 -92 -98 -298 -372 -195 -256 -85 -262 -73 -232 -326 0
-389 -56 -111 -236 -98 -372 -388 -50 -326 -505 -250 -92 -315 -262 -229 -195 -232 -85 0
-56 -98 -505 -250 -388 -111 -236 -326 -372 -50 -92 -315 -262 -229 -195 -232 -85 0
503 -19 -333 -50 -493 -137 -236 -247 -362 -98 -95 -481 -473 277 -111 0
149 -355 -28 -434 -170 -227 -362 -137 -454 -78 -188 -476 -223 -15 -462 -50 -489 -270 -236 -293 -98 -414 -382 0
-423 -227 -362 -434 -137 -166 -436 -265 -28 -416 -260 -92 -218 -162 -205 -454 -148 -54 -50 -236 -478 -519 -382 -152 -78 -476 -223 -462 -98 -493 -465 -202 -141 -111 -22 -473 277 0
277 -481 -50 -236 -98 -232 -505 -85 -262 -388 -326 -372 -111 -92 -315 -229 -250 -195 0
-481 -98 -388 -92 -236 -195 -50 -111 -372 -326 -505 -250 -315 -229 -232 -85 -262 0
-98 -92 -236 -50 -372 -195 -85 -229 -315 -232 -326 -388 -111 -505 -250 -262 0
370 -387 -232 -73 -262 -85 -22 -401 -195 0
371 -512 -130 -168 -315 -56 -262 -232 -277 -326 -505 -250 -388 -27 0
-293 -130 -56 -262 -85 -195 -22 -372 -232 -315 -277 -326 -505 -250 -388 -34 -481 -383 -292 0
-194 -130 -315 -56 -262 -232 -277 -326 -505 -250 -388 -34 -481 -372 -195 0
194 -34 -262 -56 -232 -481 -73 -388 -85 0
130 -92 -229 -315 -181 0
-194 -277 -422 -372 -315 -130 -262 -232 -56 -326 -505 -250 -388 -481 -195 0
194 -481 -236 -262 -56 -505 -250 -388 -195 -326 -92 -232 -383 -422 -372 -85 0
237 -273 -383 -294 -413 -152 -519 -478 -181 0
-172 -173 -229 -92 -315 -181 0
-481 -56 -315 -229 -92 -50 -236 -250 -269 -505 -422 -232 -372 -262 -383 -326 -388 -195 -85 0
279 -345 -315 -107 -168 -6 -472 -422 -298 -56 0
-56 -422 -315 -372 -195 -85 -232 -326 -229 -92 -50 -236 -250 -269 -505 -262 -383 -388 0
279 -481 -388 -236 -505 -85 -232 -422 -326 56 -50 -262 -372 -250 0
-481 -383 -315 -50 -236 -250 -269 -505 -232 -326 -388 -27 -422 -372 -85 56 -262 0
-92 -111 -236 -50 -315 -372 -195 -85 -229 -232 -326 -250 -505 -388 -262 0
-194 -423 -504 -111 -279 -481 -372 -326 -505 -250 -388 -195 0
-423 -481 -372 -262 -56 -232 -279 -388 -85 -504 -111 -326 -505 -250 -195 0
-194 -36 -181 -111 -504 -494 -279 -481 -372 -326 -505 -250 -388 -195 0
183 -50 -236 0
-195 -277 -481 -388 -181 -236 -56 -262 -315 -232 -372 -326 -505 -250 -194 0
-277 -232 -423 -188 -262 -56 -372 -515 -203 -181 -481 -315 -250 -388 -326 -505 -236 -194 0
-195 57 -50 -236 -315 -262 -423 277 -368 -481 -232 -326 -505 -250 -388 -194 0
-232 -423 -388 -50 -236 -262 -315 -481 -326 -505 -250 -194 -372 -56 0
279 -85 -73 -256 -236 -50 -315 -345 -205 -444 -56 -262 -117 -349 -323 -512 -6 -298 0
232 -194 -56 -73 -256 -236 -50 -315 -205 -298 -250 -505 -47 -372 -481 -262 -326 0
-277 -232 -262 -56 -188 -39 -515 -203 -481 -315 -372 -388 -326 -505 -250 -279 -181 -236 -194 0
313 -92 -50 -315 -372 -232 -195 -85 -236 -326 -250 -505 -388 -262 0
-229 -92 -50 -315 -372 -232 -195 -85 -236 -326 -250 -505 -388 -262 0
-92 -499 -71 -107 -99 -50 -236 263 -88 -55 -519 -315 -372 -232 -195 -85 -326 -250 -505 -388 -262 0
-195 -194 -279 -36 -481 -372 -326 -505 -250 -388 -99 -50 -236 263 -88 -55 -315 -232 -262 -513 -24 0
-194 -56 -250 -388 -505 -326 -481 -372 -50 -236 -262 -315 0
-92 -56 -262 -232 -505 -250 -388 -195 -326 -481 -236 -372 -85 -315 -50 0
-56 -85 -262 -232 -505 -250 -388 -195 -326 -481 -236 -372 -315 -50 0
279 229 -481 -388 -315 -236 -505 -232 -85 -326 56 -50 -262 -372 -250 0
-92 -359 -473 -481 -388 -315 -236 -505 -232 -85 -326 -50 -262 -372 -250 -519 -416 -195 0
-194 -85 -481 -388 -236 -505 -232 -315 -326 -50 -262 -372 -250 -195 0
-85 -50 -315 -372 -195 -232 -236 -326 -250 -505 -388 -262 -481 0
-55 -228 -223 -522 -15 -236 -170 -50 -168 -333 -262 -4 -56 0
264 -136 -455 -188 -363 -383 -150 -400 -56 0
421 -129 -306 -54 -471 -205 -236 -82 -50 -385 -367 -23 0
325 -440 -414 -217 -35 -422 -54 -236 -50 -367 -23 -455 -363 -232 -197 -400 -262 -383 -56 -512 -223 -522 -15 -170 -168 -151 -19 -344 -505 -250 -388 -195 0
57 -455 -367 -185 -79 -168 -524 -512 -262 0
314 -363 -35 -236 -168 -415 -56 -367 -512 -262 -232 -326 -414 -217 -422 -54 -50 -23 -400 -223 -522 -151 -19 -505 -250 -388 -195 -503 -493 -229 0
-455 -212 -382 -54 -119 -304 -367 57 -168 -524 -512 -262 -77 -236 -50 -107 -454 0
-137 -359 -236 -190 -428 -414 -150 -217 -405 -35 -422 -23 -367 -382 -54 57 -168 -524 -512 -262 -50 -107 -454 -343 263 -55 0
-55 -405 -217 -35 -422 -236 -454 -363 -190 -428 -414 -150 -23 -367 -382 -54 -168 -524 -512 -262 -50 -343 -256 -73 -232 -56 0
-524 -428 -190 -473 -414 -522 -217 -168 -35 -422 -23 -367 -454 -363 -322 -512 -236 -382 -54 -262 -50 -343 -256 -73 -232 -56 -400 0
278 -92 -23 -56 -35 -262 -168 -190 -473 -217 -322 -512 -236 -54 -50 -232 -400 -315 -415 -326 -151 -505 -250 -388 -195 -367 0
456 -385 -236 -50 -101 -367 -107 0
-524 -394 -519 -318 -478 -50 -236 -282 -315 -367 -256 -136 -73 -362 -400 -351 -232 -262 -523 -56 0
279 -56 -217 -151 -505 -250 -388 -195 -400 -326 -262 -232 -519 -318 -50 -236 -282 -315 -367 -168 -322 -512 -473 0
-362 -137 -524 263 -363 0
57 -137 -473 -428 -522 -217 -168 -35 -422 -23 -367 -524 -363 -322 -512 -236 -54 -262 -50 -232 -56 -400 -315 -415 -326 -151 -505 -250 -388 -195 -503 -131 -190 0
513 -350 -50 -478 -519 -498 -236 -131 0
-524 -354 -236 -168 -473 -428 -522 -217 -35 -422 -23 -367 -363 -322 -512 -54 -262 -50 -232 -56 -400 -315 -415 -326 -151 -505 -250 -388 -195 -503 -131 -190 -519 -498 0
-56 -400 -315 -367 -23 -151 -512 -505 -250 -388 -195 -326 -35 -262 -232 -168 -236 -473 -217 -322 -54 -50 -415 -190 -519 -277 -318 -282 0
-383 -293 -149 0
148 -19 -333 -282 -491 -78 -439 -245 -414 -188 0
207 -374 -123 -242 -333 -92 -83 0
361 -333 -50 -66 -5 -265 -329 -326 -505 -250 -388 -195 -188 -151 -149 -282 -78 -322 -351 -55 279 -262 -23 -367 -315 -54 -203 -173 -181 -481 -137 0
-513 -353 -282 -236 -50 279 -262 -315 -505 -250 -388 -195 -326 -444 -232 -117 56 0
-422 -19 -282 -505 -250 -388 -195 -268 -326 -236 -481 -166 -232 -353 -50 -385 -372 -278 194 0
235 -343 -92 -333 -329 -326 -505 -250 -388 -195 -188 -151 -149 -282 -491 -78 -19 -439 -414 -190 -351 -265 -268 -385 -310 -353 -98 -50 0
26 -439 -491 -414 -282 -149 -13 -151 -19 0
-202 -434 -228 -29 -5 -326 -505 -250 -388 -195 -282 -149 -50 -236 -333 -78 -351 -265 -268 -353 -315 -481 -166 -232 -372 -278 194 0
-50 -481 -388 -372 -315 -326 -505 -250 -195 -236 -232 -262 0
150 -151 57 -262 -372 0
413 -19 -382 -282 -332 -14 -315 -172 -202 0
203 -172 -262 -386 -130 -498 57 0
-172 -202 -493 -382 -282 -332 -315 -14 -412 -262 -386 -130 -498 57 0
483 -27 -326 -505 -250 -388 0
93 -367 -50 -107 -236 -136 -455 -361 -84 -298 -205 0
362 -433 -100 -226 -136 0
55 -89 -168 -345 -226 -100 -524 0
-56 -496 -298 -387 -524 -100 -463 -79 -34 -168 -345 -226 -262 0
-172 -359 -168 -524 -262 -298 -34 -345 -282 -50 -236 -478 -250 -505 -47 -315 0
363 -56 -524 -137 -89 0
387 -411 -332 -522 -121 -270 -373 -97 -437 -236 -350 -50 0
57 -332 -236 -350 -50 -359 -522 -345 -315 -107 -229 -250 -6 -505 -111 -47 -195 -472 -372 -279 -422 -34 -168 -130 -524 -511 -137 0
465 -139 -503 -111 0
386 -503 -345 -229 -315 -111 -405 -168 -34 -422 -23 -367 0
167 -357 -39 -29 -422 -433 -34 0
313 -322 -511 -350 -386 -119 -367 -79 -456 -345 0
-56 -137 -111 -493 -229 -315 -511 -350 -345 -168 -195 -472 -372 -34 -6 -236 -50 -359 -107 -250 -505 -47 -130 -524 -298 -262 0
-137 -50 -236 -372 -195 -315 -232 -326 -250 -505 -388 -262 0
166 -504 -472 -111 -56 -334 -34 -168 -524 -298 -226 -107 -362 -345 -89 0
314 -472 -315 -345 -6 -107 -56 -298 -168 -362 -414 -89 -524 -359 -236 -101 -111 -334 -34 -229 0
-50 -195 -372 -236 -315 -262 -232 -326 -250 -505 -388 0
55 -227 -315 -345 -455 -434 -137 0
237 -382 -304 -246 -292 -108 -77 -100 -97 0
514 194 -232 -34 -262 -73 -388 -56 0
421 -363 -73 -232 -326 -345 -315 -353 -77 -236 -182 -515 -34 -262 -388 -56 -434 -401 -195 -372 -298 -256 0
-363 -423 -483 -386 -515 -182 -236 -195 -372 -434 -56 -524 -262 -73 -232 -326 -345 -315 -353 -34 -388 -298 -256 0
-34 -166 -236 -505 -388 -232 -326 -345 -315 -182 -168 -56 -524 -483 -386 -195 -372 -262 0
235 -87 -388 -236 -56 -262 -315 -195 -372 -326 -505 -250 -481 -232 -359 -515 -353 -99 0
313 -20 -332 -14 -319 -494 -441 -345 0
57 -99 -524 -262 -345 -315 -319 -353 -236 -388 -56 -195 -372 -326 -505 -250 -481 -232 -515 -168 -137 0
-137 -434 -315 -345 -372 -56 -524 -262 -319 -353 -236 -388 -195 -326 -505 -250 -481 -232 -515 -168 -421 0
55 -455 -315 -256 -421 -353 -182 -73 -362 -236 -232 -89 -101 -524 -434 0
-166 -56 -236 -232 -524 -262 -345 -315 -372 -388 -195 -326 -505 -250 -168 0
-137 -359 -483 -34 -267 -352 -182 -236 -107 -334 -433 -315 -345 55 -87 -79 -386 -195 -372 -298 -524 263 -56 0
-56 -345 -524 -168 -315 -236 -195 -372 -232 -262 -388 -326 -505 -250 0
361 -369 -372 -278 -455 -422 -137 0
314 -358 -298 -362 -372 -35 -386 -256 56 -262 -73 -232 -326 -172 -345 -202 0
421 -121 -172 -439 -202 -302 -333 -316 -250 -505 -47 -195 -372 -402 -304 -469 -382 -99 0
482 -504 -229 -172 -202 -439 -121 -333 -84 -311 -293 -402 -372 -505 -250 -388 -195 -326 -5 -30 -518 -355 -38 -474 0
279 -268 -358 -232 -326 -229 -172 -202 -439 -121 -333 -84 -311 -293 -402 -372 -505 -250 -388 -195 -5 -30 -518 -355 -38 0
-121 -134 -382 -355 -30 -5 -402 -326 -505 -250 -388 -372 -278 -358 -232 -229 -172 -202 -439 -333 -84 -311 -195 -518 -99 -423 -302 -316 -304 -469 0
371 -134 -355 -293 -30 -382 -5 -402 -326 -505 -250 -388 -27 -151 0
456 -187 -5 -41 -311 -87 -402 -278 -195 -372 -382 -326 -505 -250 -388 -518 -35 -320 -358 -232 -229 -172 -202 -439 -333 -99 -302 -434 -227 -362 -102 -137 0
-383 -293 -187 -245 -382 0
151 -518 -250 -27 0
371 -149 -402 -151 0
370 -83 -250 -351 -205 -505 -386 -47 -368 -195 0
237 -35 -250 -505 -386 -195 -41 -311 -326 -388 -372 -232 -302 -362 -345 -315 56 -262 -515 -353 -182 0
383 -149 -168 -345 -78 -362 -245 -137 -250 -351 -205 -505 -386 -47 -195 -372 -402 -100 -27 -204 -311 -315 -97 -54 0
370 -422 -189 -137 -362 -245 -85 -372 -388 -278 -481 -402 -195 0
-149 -362 -372 -278 -137 -386 -315 -351 -204 -232 -250 -326 -505 -388 -402 -189 -245 -85 -481 -195 -168 -345 -78 -100 -311 -97 0
-345 -168 -326 -505 -250 -388 -372 -315 -195 -232 -236 -262 -524 0
183 -278 370 -137 -422 -245 -362 -372 -388 -515 -481 -402 -195 0
-439 -172 -382 -14 -315 -282 -202 -333 -412 -492 -440 421 -302 -121 -250 -505 -47 -195 -372 -402 -304 -469 -99 0
-402 -362 -492 -315 -382 -412 -250 -505 -195 -372 -99 -515 -236 -182 -137 -422 -245 -14 -388 -481 -81 -473 -168 194 -524 -262 0
-362 -492 -137 -262 -524 -315 -382 -412 -250 -505 -195 -372 -99 -515 -236 -182 -422 -245 -14 -388 -481 -81 -473 -168 194 0
167 -455 -386 -245 -350 -77 -512 -137 -56 -433 -81 0
-455 -77 -245 -256 -73 -137 -236 -99 -232 -56 -182 -422 -524 -515 -81 -35 -168 -386 -350 -512 -433 0
-383 -137 -524 -512 -250 -505 -386 -195 -168 -236 -232 -182 -515 -81 -35 -262 -228 -315 -382 -412 -372 -14 -388 -481 -473 194 -149 0
-422 -362 370 -137 -245 -262 -372 -388 -515 -481 -195 -182 -298 -236 -98 -423 0
264 -364 -98 -41 -127 -137 -168 -454 -236 -4 -350 -262 -524 -250 -83 -205 -505 -386 -47 370 -195 -76 0
263 -98 -236 -515 -182 -232 -262 -73 -388 194 -423 -524 -137 0
364 -246 -78 0
-137 -187 -41 -168 -236 -4 -262 -524 -250 -505 -386 -195 -81 -515 -182 -232 -388 194 -117 -444 -311 -315 -292 -54 -512 -35 -228 -382 -412 -372 -14 -481 -473 -149 0
-278 -106 -256 -73 -232 -218 -524 -262 -56 -481 -388 194 -473 -372 -422 0
454 -422 -73 -101 -232 -512 -168 -524 -455 -262 -56 -362 -298 -481 -388 194 -473 -372 -256 -187 -245 0
-278 -422 -101 -213 -236 -182 -362 -512 -515 -232 -56 -262 -73 -388 194 -81 -372 -481 0
-422 -99 -236 -262 -315 -195 -372 -326 -505 -250 -56 -232 -388 -101 -168 -524 -455 -362 -245 -187 0
-99 -245 -524 -101 -168 -56 -236 -292 -262 -315 -195 -372 -326 -505 -250 -232 -388 -455 -362 -187 0
99 -332 -20 -205 -455 -311 -315 -54 -382 -236 0
-149 -168 -315 -524 -236 -262 -195 -372 -326 -505 -250 -232 -388 0
-137 -362 263 -524 0
-362 -422 -236 -262 -315 -195 -372 -326 -505 -250 -232 -168 -524 -388 0
-245 -99 -182 -386 -293 -383 -250 -205 -505 -47 370 -195 -315 -137 -256 -73 -498 -236 -77 -232 -56 -422 -524 -515 -81 -35 -168 -350 -512 -433 0
183 -405 -232 -56 -262 -73 -388 194 -515 -188 0
382 -465 -332 -20 -14 -282 -413 -172 -202 -315 -54 0
-168 -524 -236 -232 -262 -388 -315 -195 -372 -326 -505 -250 0
-194 -454 -315 -498 -386 57 -262 -182 -516 -232 -372 -326 -505 -250 -388 -195 0
514 -86 57 -262 -73 -483 -232 0
244 -99 -386 -428 -81 -190 -182 -100 -422 -270 -236 -498 -469 -304 -77 0
101 -441 -320 -350 -332 -386 -498 -126 -383 -204 -315 -30 -345 -435 -81 0
384 -128 -500 -170 -104 -14 -332 -281 -318 -176 -334 -135 -293 0
235 -293 -464 -503 -428 -39 -422 -315 -14 -500 -104 -332 -281 -318 -176 -334 -355 -304 -522 -359 -469 -270 -354 -182 -99 0
-383 101 -350 -332 -386 -498 -126 -320 -315 -30 -345 -435 -81 -359 -172 -14 -281 -318 -176 -334 -135 -293 0
-99 -104 -150 -350 -332 -386 -498 -126 -320 -315 -30 -345 -435 -81 -359 -14 -281 -318 -176 -334 -355 -182 -100 -236 -464 -503 -428 -39 -500 -422 -304 -522 -469 -270 -354 -246 -190 -77 0
382 -110 -464 -503 -170 -204 -129 -315 -54 0
-455 -498 -81 -386 -345 -315 -150 -205 -332 -311 -54 -236 -464 -503 -304 -39 -354 -182 -422 -350 -126 -320 -30 -435 -359 -14 -281 -318 -176 -334 -355 -100 -428 -500 -522 -270 -190 -77 -396 -107 -454 0
-137 -422 -236 -315 -232 -326 57 -262 -250 -372 -505 -388 -195 -524 263 0
181 -382 -386 -372 57 -262 -195 -256 -350 -202 -73 -175 -315 -232 -334 -326 -36 -250 -27 -435 -81 -483 -478 -101 -516 -236 0
482 -369 -24 -195 -386 57 -262 -73 -483 -232 -516 0
-382 -202 -332 -298 -305 -372 -195 -256 -73 -232 -516 -326 -483 -24 -386 57 -262 -455 -354 -101 -99 -315 -236 -14 -182 -350 -175 -334 -36 -250 -27 -435 -81 -478 0
-202 -294 -478 -182 -250 -27 57 -262 -372 -315 -236 -332 -298 -305 -195 -256 -73 -232 -516 -326 -483 -24 -386 -455 -354 -101 -99 -14 -350 -175 -334 -36 -435 -81 0
-194 -24 -195 -386 57 -262 -232 -516 -455 -108 -326 -505 -250 -388 0
-422 57 -372 -326 -262 -232 -195 -505 -250 -388 -236 -315 -524 263 0
-56 -524 -262 -372 -326 -232 -505 -250 -388 -236 -315 -195 0
203 -369 -137 -372 -278 -362 -97 -246 -226 -189 -345 371 -402 -250 -27 -315 0
-194 -362 -137 -315 -372 -278 -226 -402 -250 -265 -354 -236 -182 -516 -386 -351 -232 -326 -505 -388 -195 0
136 -343 -372 -388 -36 -278 194 -483 -5 -326 -28 -226 -362 0
455 -351 -250 -205 -505 -386 -47 370 -195 0
-422 -497 -236 -182 -100 -386 -315 -81 -351 -372 -388 -36 -278 194 -483 -5 -326 -28 -226 -362 -232 -137 0
-524 -195 -388 -326 -315 -236 -232 -250 -505 -372 -262 0
313 -422 -236 -182 -167 -515 -262 -232 -56 -481 -73 -388 194 -372 -132 -277 -298 -361 -136 -455 0
-278 -81 -422 -512 -236 -182 194 -515 -232 -56 -262 -73 -388 -213 -372 -481 -167 -298 -277 0
-422 -14 -315 -205 -515 -182 -236 -108 -455 -160 -56 264 -150 -361 -298 -512 194 -232 -262 -73 -388 -372 -481 -167 -343 0
-181 -111 -96 -202 -132 -92 -315 -229 -182 0
-195 -372 -315 -232 -262 -388 -236 -250 -505 -326 0
55 -166 -524 -435 0
Solved
445 431 5 9 10 15 18 20 23 27 28 31 34 37 40 43 46 52 59 63 64 67 72 76 95 113 120 137 147 158 216 239 254 259 284 366 291 329 376 381 392 414 425 2 0
