418 -220 -391 -253 -271 -281 0
8 -99 -358 -388 0
-99 -352 -336 -387 -368 -269 -9 -358 -388 0
254 -358 -368 -269 -387 -288 -19 -326 -403 -281 -124 -220 0
268 -388 -186 -326 -202 -358 -368 -8 0
270 -99 -89 -418 -387 -317 -368 -8 0
268 -8 -190 -115 -358 -326 -178 -186 -202 -368 0
-8 -266 -190 -358 -89 -418 -45 -387 -186 -295 -368 -317 -269 -115 -326 -178 -202 0
421 -217 -368 -82 -387 -115 -326 -281 -190 -317 -269 -178 -403 -288 -124 -391 -253 -271 0
7 -221 -281 -253 -412 -326 -178 -190 -61 -359 0
360 -412 -11 -326 -143 -61 0
327 -395 -1 -221 -335 -281 -388 -185 0
427 -281 -403 -1 -326 -253 -178 -190 -387 -269 -368 -76 -310 -199 -423 -115 -317 -288 -124 -391 -271 0
-186 -8 -124 -190 -403 -358 -387 -368 -317 -269 -115 -326 -178 -281 -288 -271 -391 -253 -184 0
-8 -412 -253 -281 -326 -178 -190 -387 -423 -368 -269 -288 -358 -403 -124 -317 -115 -271 -391 -184 0
325 -358 -76 -269 -310 -199 -115 -423 -178 -387 -288 -368 -326 -403 -281 -124 -388 -190 -253 -317 -271 -391 0
-358 -388 -281 -317 -406 -1 -326 -76 -269 -310 -199 -115 -423 -178 -387 -288 -368 -403 -124 -190 -253 -271 -391 0
-388 -281 -403 -1 -326 -387 -269 -368 -76 -310 -199 -423 -317 -406 -115 -178 -288 -124 -190 -253 -271 -391 0
-8 -9 -124 -190 -403 -358 -387 -368 -317 -269 -115 -326 -178 -281 -288 -271 -391 -253 -186 0
431 -253 -391 -124 -190 -403 -115 -178 -271 -406 -1 -76 -310 -199 -241 -55 0
367 -6 -382 -349 -287 -203 0
325 -186 -358 -199 -8 -310 -270 -76 -369 -382 -287 -403 -124 -282 -253 -422 0
367 -227 -389 -62 -419 -334 -189 -386 -270 0
-186 -8 -1 -403 -124 -422 -199 -287 -310 -270 -76 -369 -386 -358 -282 -213 -406 -115 -327 -382 -253 0
-8 -358 -190 -403 -318 -124 -282 -386 -271 -369 -391 -270 -253 -1 -422 -199 -287 -310 -76 -213 -406 -115 -327 -382 0
-358 -327 -318 -115 -310 -178 -76 -190 -369 -270 -403 -124 -282 -386 -271 -391 -253 -1 -422 -199 -287 -213 -406 -382 0
325 -266 -403 -382 367 -287 -336 -282 -186 0
-253 -382 -403 -1 -76 -310 -199 -115 -178 -190 -124 -271 -391 -406 -241 -55 -430 0
369 -326 -115 -178 -190 -358 -8 -241 -55 -430 0
368 -269 -178 -190 -358 -8 -43 -1 -241 -223 -199 -326 -55 -310 -430 -76 0
327 -212 -199 -267 -90 -351 -335 -281 -43 -227 -400 -97 -61 -358 -190 -178 -406 -115 0
-269 -326 -199 -335 -281 -43 -358 -190 -178 -406 -115 -127 -416 -1 -223 -55 -241 -8 -203 -310 -430 -76 0
-186 -358 -220 -403 -382 -1 -430 -223 -55 -241 -199 -43 -124 -190 -178 -406 -115 -127 -310 -76 -184 0
-269 -394 -336 -9 -358 -327 -1 -430 -223 -282 -55 -241 -268 0
354 -323 -97 -248 -61 0
7 -336 -199 -282 -406 -43 -327 -127 -204 -417 -1 -430 -223 -55 -241 -9 -358 0
-358 -43 -199 -1 -310 -223 -76 -55 -430 -115 -178 -190 -406 -127 -241 -220 -403 -382 -124 -184 0
369 -421 -199 -55 -310 -430 -76 0
367 -269 -178 -199 -1 -430 -421 -223 -55 -184 -241 -7 -190 0
368 -421 -199 -55 -310 -430 -76 0
436 -403 -199 -430 -55 -178 -1 -190 -310 -76 -115 -406 -127 -391 0
369 -373 -352 -115 -178 -388 -190 -358 -184 -199 -55 -326 -430 -310 -269 -76 0
62 -388 -358 0
63 -388 -358 0
335 -400 -97 -130 -120 -258 0
325 -326 -163 -127 -130 -358 -190 -178 -115 -269 -368 -199 -55 -148 -430 -310 -76 0
280 -281 -269 -199 -416 -358 -190 -178 -406 -115 -127 -326 -1 -203 -55 -8 -335 -310 -430 -76 -254 -391 -73 -436 -419 -243 0
-8 -326 -269 -199 -358 -190 -178 -406 -115 -127 -1 -55 -310 -430 -76 -391 -73 -436 -243 -387 -63 -188 -186 -9 0
-388 -280 -199 -55 -310 -430 -76 -368 -243 -269 -317 -188 -63 -390 -358 0
386 -280 -226 -334 0
-326 -368 -73 -436 -269 -199 -55 -310 -430 -76 -391 -358 -190 -178 -406 -115 -127 -1 -163 -130 -148 0
-388 -39 -142 -62 -389 -358 0
-368 -358 -127 -269 -190 -55 -178 -430 -406 -115 -73 -436 -199 -310 -76 -391 -1 -163 -130 -148 0
-241 -326 -190 -358 368 -8 -1 -178 -199 -269 -55 -310 -430 -76 -249 -324 -97 0
395 -89 -228 -1 0
128 -324 -249 0
-388 -358 -190 368 -1 -178 -199 -269 -55 -310 -430 -76 -127 -115 0
270 -287 -391 -203 -185 -99 -242 -8 0
-358 -269 -391 -436 -73 -190 -178 -115 -1 -199 -55 -310 -430 -76 -127 -406 -163 -130 -148 0
280 -326 -190 -1 -199 -421 -55 -178 -430 -269 367 -7 0
62 -336 -130 -61 -127 -395 -401 -227 -143 -388 -352 0
228 -182 -199 -194 -336 -395 -88 0
186 -326 -395 -199 -190 -115 -178 -61 -130 -127 -401 -143 -388 -1 -280 0
-326 -61 -55 -1 -430 -388 -115 -199 -190 -178 -130 -127 -421 -269 367 -7 0
-269 -130 -55 -1 -430 -115 -199 -190 -178 -406 -127 -310 -76 -391 -436 -73 -163 -148 0
336 -400 -97 -130 -119 -257 0
185 -227 -336 -280 0
395 -248 -163 -148 -209 -127 -1 0
-358 -388 -163 -148 -127 -1 -8 -190 -178 -115 -188 0
63 -396 -190 -115 -199 -163 -148 -127 -1 -178 -326 -406 -144 -388 0
334 -183 -199 -195 -396 -88 -228 0
-388 -326 -199 -190 -115 -178 -1 -163 -148 -127 -406 -8 -188 0
-326 -8 -127 -242 -190 -55 -178 -430 -115 -199 -1 -163 -148 -406 -188 0
-388 -226 -185 -336 -8 -389 -163 -148 -127 -1 -190 -178 -115 -188 0
227 -358 -406 -327 -127 -336 -1 -430 -55 -199 -8 -185 0
-226 -395 367 -389 -189 -386 -185 -8 -270 -406 -327 -127 -1 -430 -55 -199 -360 -163 -148 -190 -178 -115 -188 0
-395 -8 -163 -148 -127 -1 -190 -178 -115 -188 367 -389 -189 -386 -185 -270 -406 -327 -430 -55 -199 -360 0
359 -336 -156 -324 -413 -249 -194 -353 -61 0
269 -178 -163 -148 -127 -190 -1 -115 -406 -430 -55 -199 0
-249 -279 -403 -6 -373 -328 -100 -199 -163 -423 -148 -36 -324 -127 -248 0
335 -358 -163 -148 -127 -55 -430 -269 -199 -388 -1 -190 -178 -115 -226 0
-8 -358 -148 -388 -163 -127 -1 -199 334 -190 -178 -115 0
-358 -388 -336 -226 -199 -190 -148 -163 -127 -1 -178 -115 -55 -430 -269 0
227 -8 -190 -115 -178 -1 -163 -148 -127 -406 -388 -199 -61 -186 -336 0
-8 -388 -115 -199 -163 -148 -127 -1 -178 -406 -190 -61 -226 -336 -7 0
390 -185 -1 -73 -406 -336 -226 -143 -61 0
335 -354 -178 -115 -318 -154 -90 0
-388 -226 -178 -199 -336 -115 -190 -1 -73 -406 -163 -148 -127 -55 -430 0
-327 227 -358 -127 -336 -1 -430 -55 -199 -8 -406 -325 0
227 -8 -61 -127 -358 -190 -178 -115 -336 -1 -430 -55 -199 -406 -325 0
63 -154 -127 -396 -8 -184 -325 -115 -178 -190 -358 0
-335 -90 -199 -61 -358 -190 -178 -406 -115 -282 -430 -127 -8 -55 -1 -163 -148 -325 -396 -336 0
62 -185 -325 -8 -115 -358 -316 0
9 -32 -220 -369 -282 -401 -269 -185 0
-8 -61 -336 -127 -325 -178 -190 -430 -115 -358 -199 -406 -55 -1 -163 -148 -226 0
-226 -336 -55 -430 -115 -178 -190 -127 -199 -406 -1 -163 -148 -73 0
7 128 -195 -222 -416 -280 -388 -185 0
-358 -318 -178 -115 -190 -359 -388 0
63 -386 -55 -430 -185 -416 -115 -195 -178 -257 -155 -388 -98 0
-336 -55 -163 -406 -148 -430 -115 -178 -190 -127 -1 -199 -73 0
334 -227 -406 -37 -127 -358 -142 -316 -1 -394 -388 -199 0
-359 -257 -155 -127 -406 -394 -37 -227 -142 -89 -388 -190 -178 -115 -358 0
-227 7 -388 -185 -127 -1 -406 -37 -190 -178 -115 -358 -336 -316 -199 0
-327 -326 -115 -190 -316 -358 -388 -8 -127 -1 -199 -185 -37 -178 0
327 -8 -358 -388 -185 0
-359 -190 -115 -316 -358 -388 -8 -127 -185 -37 -178 -352 0
226 -1 -388 -185 -127 -8 -195 -395 -89 0
9 -335 -35 -422 -55 -89 -249 -281 -269 -185 -97 0
-1 -447 -127 -388 -389 -62 -358 -8 -35 -422 -55 -89 -249 -269 -185 -97 -195 -115 -316 -190 -199 -37 -178 0
9 -258 -127 -336 -228 -195 -199 -88 -183 -394 -97 0
334 -243 -55 -282 -386 -228 0
-190 -127 -97 -185 -8 -388 -62 -358 -115 -316 -37 -178 -187 -352 0
-228 -89 -388 -185 -127 -8 -1 -394 -227 0
335 -394 -178 -316 -352 -445 -127 -327 -115 -388 -185 -8 -1 -227 0
7 -1 -227 -37 -127 -358 -388 -316 -199 -178 -352 -445 -115 -185 -8 0
-1 -199 -185 -127 -8 -227 -316 -115 -358 -37 -388 -178 -352 -445 0
90 -280 -185 -8 -394 -127 -97 -352 -178 -115 -334 -316 0
226 -88 -185 -115 -316 -327 -8 -394 -127 -97 -352 -178 0
1 -227 -127 -327 -316 -388 -445 -185 -115 -8 -97 -352 -178 0
228 -394 -316 -127 -327 -445 -388 -335 0
-394 -227 -115 -316 -327 -8 -127 -97 -352 -178 -185 -445 -388 0
-227 -127 -358 -8 -115 -316 -388 -97 -352 -178 -185 -445 0
396 -228 -187 -115 -316 -89 -335 -281 -445 -185 -127 -8 0
-127 -8 -97 -316 -187 -352 -115 -185 -358 -388 -178 -62 -37 0
336 -8 -97 -185 -154 0
9 -275 -266 -195 -81 -327 -394 -358 -185 0
226 -8 -62 -358 -185 -388 -394 -352 -247 -187 -178 -322 -115 -97 -316 -154 0
-228 -8 -178 -115 -316 -187 -185 -394 -336 -226 0
-8 -316 -115 -178 -37 -358 -388 -187 -185 -62 -352 -97 0
128 -88 -316 -334 -115 -178 -352 -156 -324 0
396 -114 -326 -352 -185 -324 -156 -316 -115 -178 -227 0
334 -395 228 -192 -178 -115 -326 -127 -316 -79 -185 -156 0
129 -406 -328 -423 -309 -36 -178 -388 -115 -1 -336 -199 -226 -73 -127 -55 -430 -324 -446 -248 0
325 -297 -6 -423 -36 -43 -324 -127 -328 -309 -178 -388 -115 -1 -336 -199 -226 -73 -55 -248 -241 -432 0
-62 -63 -178 -115 -358 -185 0
-316 -336 -127 -185 -178 -115 62 -358 0
90 -430 -9 -192 -188 -178 -423 -127 -115 -325 -185 -336 -226 0
-336 -127 -178 -115 -185 62 -358 0
336 -98 -353 -325 -178 -115 -38 -188 -317 -142 -226 -9 -185 0
335 -9 -394 -98 -226 -154 0
7 -38 -407 -287 -255 -247 -346 -256 -322 -154 -98 0
62 -185 -115 -178 -358 0
-228 -127 -358 -336 -178 -115 -185 0
184 -266 -346 -1 -61 359 -336 -413 -353 -156 -214 -189 -35 -407 -386 -73 -39 -418 -220 -401 -142 -282 0
335 -127 359 -336 -61 -396 -185 -189 -39 -142 -282 -325 -178 -115 -318 -99 -90 -354 0
-127 -336 -185 -178 -115 -358 0
227 -221 -282 -88 0
Solved
