62 -301 -334 -169 -58 0
361 -334 -169 0
339 -245 -41 0
40 -117 -52 -166 -339 0
58 -291 -52 -148 -329 -231 -260 -361 -232 -111 -63 0
338 -40 -8 0
227 -183 -1 -358 -175 -144 0
275 -79 -155 -67 -52 -47 -358 -1 -26 -329 -168 0
-40 -339 -251 -6 -155 -67 -52 -47 -1 -26 -329 -168 -260 -231 -291 -8 -148 -21 -343 -131 -296 0
-339 -8 -251 -6 -155 -67 -52 -47 -1 -26 -329 -168 -260 -231 -291 -148 -21 -343 -131 -296 0
41 -81 -212 -152 -248 -168 -296 -251 -276 -246 -6 0
171 -329 -1 -148 -52 -340 -361 -59 -232 -256 -49 0
245 -276 -59 -261 -168 -230 -361 -290 -339 -9 0
363 -62 -59 0
61 -132 -206 -20 -360 -177 -228 -250 -110 0
244 -168 -177 -110 -62 -206 -20 -84 -232 -172 -370 -52 -182 -152 -296 -42 -8 0
102 -323 -191 0
-168 -182 -287 -155 -340 -110 -62 -329 -59 -42 -246 -177 -206 -20 -84 -232 -172 -370 -52 -152 -296 -8 0
335 -303 -340 -232 -370 -148 -361 -49 -169 -1 -52 0
63 -288 -130 -325 -343 -232 0
62 -325 -22 -130 -49 -361 -343 -169 0
167 -130 -232 -361 -22 -49 -169 -244 -40 -79 -330 -274 -60 -52 0
327 -248 -115 -323 -156 -79 -67 0
-248 -269 -79 -74 -115 -323 -326 -156 -67 0
117 -26 -269 -212 -74 0
337 -40 -49 -303 -52 -1 -340 -361 -330 -60 -168 -232 -169 0
-40 -339 -52 -168 -361 -232 -49 -303 -1 -340 -330 -60 -169 0
-117 -183 -49 -207 -63 -330 -60 -52 -339 40 0
-339 -168 -330 -1 -232 -49 -60 -52 -361 -148 -303 -340 -169 0
41 -117 -81 -361 -148 -168 -276 -246 0
-41 -168 -60 -361 339 0
-168 -303 -370 -52 -49 -169 -232 -330 -60 -361 -148 -1 -340 0
362 -337 -232 -80 -117 -60 -40 0
-59 -337 -172 -117 -80 -359 -148 -40 -256 -49 -232 -169 363 -60 0
132 -212 -330 -49 -256 -343 -326 -109 0
338 -227 -109 -157 -370 -145 -193 -212 -67 -297 -326 -132 -40 0
339 -9 -40 0
274 -330 -232 -370 -49 -256 -172 -117 -80 -148 -359 -169 -60 -361 0
-62 -61 -256 -49 -169 -361 -289 -59 0
62 -289 -256 -49 -361 -169 0
-59 -289 -49 -169 -361 -256 -60 0
131 -182 -143 -165 -261 -1 -169 -359 -6 -289 -49 -340 -256 -343 -109 0
42 -256 -1 -169 -359 -49 -340 -148 -361 -60 -80 -338 0
-303 -232 -52 -1 -169 -49 -340 -148 -370 -334 0
-60 -24 -232 -80 362 -52 -27 -329 -167 -62 -59 0
337 -270 -340 -75 -109 -115 -327 -131 -80 -24 0
116 -10 -131 -258 -327 -67 -109 -232 -174 0
257 -162 -168 -329 -340 -20 -62 -155 -59 -287 -232 -370 -52 -296 -8 -213 -67 -148 -327 -131 -291 -109 0
325 -337 -131 -24 0
338 -8 0
373 -1 0
58 -256 -49 -357 -191 -101 -68 -363 -62 0
-256 -101 -49 -111 -62 -59 -357 -191 -373 -68 0
115 -313 -1 -277 -145 -38 -234 -212 0
63 -116 -212 -1 -127 -357 -49 -191 -53 -101 -301 -363 -68 -59 0
80 -49 -62 -212 -1 -357 -68 -191 -59 -111 0
50 -169 -373 0
-169 -49 -373 0
115 -329 -26 -212 0
Solved
