401 -376 -22 0
43 -151 -307 -98 -409 -172 -169 -380 0
431 -391 -241 -205 -98 -409 -172 -169 -358 -421 -1 -7 -124 -346 -370 -220 0
380 -383 -16 -254 -409 -264 -169 -45 0
433 -7 -205 -98 -169 -358 -421 -1 -241 -346 -370 -220 -430 0
45 -409 -433 -220 -430 -370 -346 -205 0
-409 -43 -220 -430 -370 -346 -205 -433 0
44 -175 -358 -1 -7 -421 -324 -433 -220 -19 -430 -268 -370 -40 -346 -319 -205 0
-43 -7 -358 -355 -1 -280 -19 -421 -66 -433 -220 -430 -370 -346 -205 -324 -268 -40 0
384 -409 -379 -169 -430 -319 -220 0
432 -409 -169 -433 -379 0
-409 -433 -169 -379 -430 0
394 -260 -299 -369 -129 -393 -183 0
381 -175 -244 -19 -268 -40 -346 -433 -370 -430 -169 0
394 -261 -300 -368 -128 -392 -182 0
436 -430 -324 -268 -40 -370 -244 -169 -19 -358 -355 -1 -280 -421 -66 -220 -205 -98 -241 0
-433 -262 -358 -384 -260 -294 -78 -280 -355 -169 -156 -409 -220 -430 -370 -205 -43 -434 0
347 -43 -78 -421 -205 -436 -294 0
392 -143 -241 -33 0
379 -409 -260 -358 -241 -33 -266 -421 -294 -78 -280 -355 -156 -348 -205 -436 -384 -169 -220 -430 -370 -434 0
346 -321 -294 -280 -384 -355 -78 -156 -45 0
-409 -294 -384 -421 -436 -78 -205 -348 -280 -355 -156 -169 -380 -260 -358 -241 -33 -266 -220 -430 -370 -434 0
-346 -380 -78 -421 -205 -436 -294 -244 -19 -268 -40 -175 -433 -370 -430 -169 -348 0
431 -436 -19 -421 -241 -280 -355 -205 -358 -244 -268 -40 -370 -430 -169 -220 0
78 -280 -355 0
402 -376 -22 0
293 433 -1 -205 -169 -358 -421 -241 -346 -370 -220 -430 -19 -280 -355 -244 -268 -40 0
77 -280 -355 0
-409 -433 -169 -430 -220 -370 -346 -205 0
294 -43 -244 -1 -175 -421 -433 -220 -19 -430 -268 -370 -40 -346 -319 -205 -381 -358 0
293 -433 -1 -241 -358 -381 -370 -19 -421 -280 -355 -205 -244 -268 -40 -430 -169 -220 0
-433 -430 -1 -268 -40 -346 -370 -169 -358 -421 -220 -244 -19 -205 -241 -280 -355 0
-430 -346 -358 -1 -205 -421 -241 -169 -370 -220 -19 -280 -355 -244 -268 -40 0
44 -34 -244 -19 -195 -259 -358 -1 -8 -268 -287 -437 -155 -40 -410 -346 -319 -205 0
411 -369 -19 -8 -318 -1 -358 -259 -103 -390 -29 -433 -319 -287 -176 0
31 -330 -51 0
-330 -51 -33 0
347 -287 -299 -244 -259 -410 -19 -8 -1 -358 -103 -390 -29 -433 -319 -268 -370 -40 0
411 -144 -241 -32 -368 -317 -326 -196 -151 -333 -433 -319 -287 -227 0
294 -410 -19 -244 -241 -433 -259 -358 -1 -268 -370 -40 -346 -299 -29 -45 -205 -265 -421 -220 0
359 -50 -244 -128 -241 -143 -393 -299 -264 -259 0
435 -201 -143 -426 -241 -115 -1 -358 -244 -299 -264 -259 -288 -177 -308 -410 -173 0
348 -183 -241 -264 -358 -1 -9 -433 -143 -426 -115 -244 -299 -259 -288 -308 -410 -173 -268 -40 0
381 -259 -244 -19 -358 -1 -268 -370 -40 -346 -241 -433 -265 -421 -220 -292 -205 -169 0
410 -253 -127 -292 -8 -421 -307 -265 -389 -30 -268 -40 -182 -241 -391 -433 0
9 -276 -22 -376 -226 -174 -194 -307 -116 -292 -286 -265 -213 -421 0
330 -337 -44 -205 -127 -244 0
33 -61 -127 -292 -175 -421 -253 -268 -436 -124 -40 -346 -370 0
360 -346 -433 -241 -421 -292 -268 -40 -44 -22 -376 -174 -265 -213 -411 -30 -182 -300 -263 -259 -1 0
422 -288 -346 -411 -433 -9 0
-330 -33 -9 -411 -433 -195 -241 -346 -292 -421 -369 -54 -19 0
7 -392 -33 -433 -370 -346 -438 0
50 -392 -411 -433 -288 -33 0
423 -146 -300 -128 -175 -268 -40 -346 -370 -33 -51 -411 -433 -9 -241 -292 0
-33 -182 -241 -411 -174 -433 -268 -40 -346 -117 -292 -265 -213 -9 -421 -300 -370 -244 -195 -369 -54 -19 0
423 -51 -330 -244 -411 -127 -177 -390 -265 0
-346 -421 -241 -268 -40 -19 -1 -358 -22 -376 -169 -280 -355 0
422 -7 -436 0
-7 -436 -421 0
410 -431 -43 -433 -319 -169 0
129 -279 -419 -84 -43 -339 -54 -205 -313 0
278 -313 -43 -103 -205 -191 -319 -84 0
-279 -175 -68 -169 -54 -300 -84 -128 -278 -419 -43 -339 -205 -313 0
409 -33 -266 -43 -431 -339 -205 -433 -124 -300 -84 -103 -191 -319 -244 -169 -287 0
411 -66 -84 -15 -191 -124 -153 -103 -433 -319 0
434 -195 -358 -339 -403 -244 -226 -330 -51 -34 -19 -368 -393 0
263 -174 -169 -379 -309 0
391 -259 -358 -368 -263 0
21 -52 -368 -84 0
-52 -128 -300 -244 -259 -330 -51 -19 -368 -84 0
-128 -379 -43 -183 -319 -103 -175 -165 -69 -300 -244 -259 -330 -51 -19 -368 -84 0
422 -433 -268 -43 -244 -19 -199 -241 -358 -169 -40 -403 -370 -205 -124 -280 -355 -154 -220 0
435 -128 346 -280 -294 -355 -156 -384 -308 -358 -379 -213 -259 -169 -1 -244 -330 -51 -288 -410 0
391 -368 -426 -19 0
-330 -51 -268 346 -280 -294 -355 -156 -384 -358 -213 -169 -1 -244 -40 -288 -433 -241 -426 -19 -267 -432 -370 0
-411 -264 -338 -255 -158 -17 -316 -370 -403 -33 -228 -51 -288 -433 -392 -410 0
-368 -33 -280 -294 -355 -156 -384 -169 -370 -403 346 -228 -51 -288 -433 -392 -432 -426 -19 0
-411 -123 -313 -175 -128 -299 -70 -260 -325 -194 -403 -228 -288 -51 -433 -392 -33 0
411 -433 -241 -358 -1 -370 -19 -421 -280 -355 -205 -244 -268 -40 -169 -220 346 0
-51 -411 -403 -288 -433 -370 -19 -244 -280 -294 -355 -156 -384 -169 346 -432 -426 -241 -268 -358 -213 -1 -40 -267 0
-433 -19 -241 -370 -244 -280 -355 -169 346 -268 -358 -1 -40 -421 -205 -220 0
410 -51 -32 -391 -19 -16 -381 -307 -103 -43 -172 -319 -169 0
-51 -368 -84 -205 -244 -19 -159 -300 -319 -287 -169 -409 -32 -391 -16 -381 -307 -103 -43 -172 0
445 -169 -355 -241 -1 -22 0
45 -44 330 -205 -311 -244 -103 -319 0
263 -9 -128 -182 -146 -125 -379 -253 0
420 -103 -319 -164 -157 -54 -337 -118 0
-44 -43 330 -205 -311 -244 -103 -319 0
32 -182 -355 -169 -319 330 -244 -118 -264 -125 -404 -17 -70 -431 -316 -370 0
320 -381 -169 -68 -264 330 -205 -244 -163 -103 -43 -319 0
-381 -43 -221 -383 -431 -319 -169 -68 -264 330 -205 -244 -163 -103 0
381 -298 -128 -182 -169 0
380 -259 -359 -298 -264 -169 0
-392 -319 -355 -169 -68 -244 -445 -19 -433 -411 -33 -51 -404 -70 -368 -241 -391 0
380 -82 -313 -175 -73 -128 -211 -183 -169 0
409 -391 -169 -445 -368 -19 -51 -433 -241 -33 -355 -244 -411 -1 0
-391 -368 -51 -241 -33 -433 -169 -411 -445 -19 -355 -244 -1 0
-368 -33 -169 -433 -445 -51 -19 -411 -241 -355 -244 -1 0
129 -181 -119 -146 -33 -392 -241 -313 -123 -175 0
393 -430 -317 -359 -371 -260 -228 -1 -411 -18 -433 -262 0
129 -319 -348 -156 -326 -43 -71 -205 -411 -313 -175 0
-319 -82 -78 -294 330 -43 -205 -244 -311 -384 -36 -363 -118 -300 -56 -128 -348 -156 -326 -71 -411 0
431 -19 -411 -43 -244 -128 -51 -262 -33 -391 -433 0
367 -125 -254 -404 -17 -19 -433 -392 -411 -33 -70 -51 -372 0
-19 -391 -433 -411 -51 -262 -33 -430 -43 -244 -128 0
410 -68 -228 -175 0
393 -370 -430 -433 -367 0
-391 -430 -433 -33 -51 -411 -262 -43 -244 -128 0
142 -36 -363 -384 -119 -294 -146 0
372 -43 -313 -411 -169 -301 -146 -143 -128 -181 -33 -392 -241 -175 -433 -19 -430 -401 -367 0
-368 -261 -433 -33 -51 -411 -445 -244 -169 391 0
432 -262 -222 -445 -316 -433 -33 -51 -411 -244 -169 391 0
-368 -445 -33 -51 -411 -433 -244 -169 391 0
384 -319 -103 0
409 -382 -18 -72 0
379 -33 -411 -128 -169 -51 -433 -244 0
-409 -391 -22 -19 -51 -33 -401 -128 -379 -433 -175 -169 -411 0
20 -264 -118 -128 -244 -319 -362 -17 -70 -316 -370 -33 -426 -51 0
432 -298 -259 -264 -169 -379 0
260 -205 -77 -243 -43 -128 -298 -169 -379 -264 -259 0
-205 -77 -319 -169 -163 -68 330 -244 -264 -103 -379 -298 -259 -43 -243 -128 0
371 -163 -169 -220 330 -244 -264 -103 -379 -298 -259 -43 -243 -128 409 -18 -316 0
-163 -298 -169 -379 330 -244 -264 -103 -259 -43 -243 -128 -316 -370 -220 409 -18 0
-298 -43 -118 -51 -33 -169 -379 -244 -264 -103 -259 -243 -128 -316 -370 409 -18 -431 0
372 -360 -235 -22 -273 -123 -264 -292 -253 -220 -125 -319 129 -43 -205 -411 -313 -175 -347 -316 0
-372 -191 -283 -280 -38 -338 -311 -264 -125 -404 -17 -19 -433 -392 -411 -33 -70 -51 367 0
-205 -280 -264 -253 -125 -319 129 -43 -411 -404 -17 -19 -433 -392 -33 -70 -51 367 -169 -103 -379 -244 0
-43 -447 -264 -125 -411 -17 -19 -433 -392 -33 -51 367 -169 -244 -128 -243 409 -18 -431 0
371 -392 -433 -404 -411 -33 -370 -346 -70 -51 -316 0
263 -309 -269 -298 -41 -169 -396 -339 -379 -447 -128 -146 -125 -9 -253 0
57 -298 -169 -29 -78 -205 -319 -313 -157 -339 -264 -269 -41 -396 -379 -447 -128 -146 -125 -9 -253 0
-298 -264 -169 -379 330 -44 -205 -244 -128 -56 -29 -78 -319 -157 -339 -269 -41 -396 -447 -125 -9 -253 0
434 -391 -128 -169 -433 -411 -33 -51 -19 -368 -244 0
124 -347 -423 -9 0
371 -43 -433 -33 -51 -368 -411 -19 -244 -126 392 -264 -298 -169 -128 409 -18 0
124 -43 -259 -298 -169 -447 -379 -423 -264 -9 0
-44 -293 -78 -319 -205 -43 330 -244 -311 0
-43 -298 -244 -126 -205 -169 -264 -433 -33 -51 -368 -411 -19 392 -128 409 -18 0
318 -325 -70 0
-325 -70 -316 0
-298 -43 -33 -51 -368 -411 -19 -244 -126 392 -264 -433 -169 -128 409 -18 0
-43 -264 -128 -33 -51 -368 -411 -19 -244 392 -126 -433 -169 409 -18 0
-264 -363 -128 -33 -51 -368 -411 -19 -244 392 -126 -433 -169 409 -18 0
45 -395 -182 -56 -128 -313 -339 -419 -319 0
317 -37 -213 -423 -9 -126 -346 -370 -70 0
-391 -19 -169 -33 -51 -368 -411 -128 -244 -433 0
391 -368 -33 -51 -411 -433 -244 -169 0
-368 -33 -433 -51 -169 -411 -128 -244 0
-409 -319 -43 -433 -169 -379 -411 0
-44 -310 330 -205 -244 -119 -43 0
56 -123 -278 -273 -29 0
55 -220 -384 -78 -338 -299 -46 -419 -128 -119 0
372 -43 -169 -392 -33 -83 -51 -20 -119 -411 -379 -244 -128 -317 0
-43 -33 -169 -433 -51 -411 -244 -128 0
370 -18 409 -205 -144 -401 -317 -33 0
-72 -264 -313 -339 -205 -361 -255 -36 -325 -18 409 0
338 -102 -169 -298 -260 -447 -55 -367 -433 -370 -310 -392 -313 -264 0
253 -125 -433 -18 0
-264 -447 -260 -169 -55 -367 -433 -370 -310 -392 -339 330 -44 -205 -244 -263 -361 -255 -36 -325 -18 409 0
21 -119 -433 -144 -33 -169 -392 -379 -260 -55 -367 -339 330 -44 -205 -244 -361 -255 409 -319 -346 -317 -371 0
-33 -411 -51 -169 -244 -433 -128 0
391 -259 -18 -227 -128 -244 -330 -300 -51 -433 -368 -265 -30 -176 -71 -317 -263 0
-298 -382 -220 -77 -103 -18 -71 -317 -368 -259 380 -264 -169 -300 0
319 -264 -30 -176 -128 -220 -77 -18 -71 -317 -368 -259 380 -395 -169 -300 0
-298 -264 -220 -409 380 -77 -45 -169 -18 -71 -317 -368 -259 -300 0
-264 -425 -128 -244 -51 -259 -368 -220 -409 -77 -169 -317 -433 -379 -411 -395 0
-319 -54 -330 -244 -339 -165 -158 -104 -409 -433 -169 -379 -411 0
261 -220 -144 -330 -244 -339 -165 -409 -433 -169 -379 -411 -255 -317 -368 0
371 -409 -244 -128 -51 -433 -169 -411 0
321 -281 -128 -244 -447 -330 -176 -54 -338 -165 -346 -158 -104 -43 0
-281 -36 -400 -43 -76 -363 -244 -338 -158 -104 -320 -128 -447 -330 -176 -54 -165 -346 0
21 -359 -260 -300 -400 -43 -76 -363 -244 -338 -158 -104 -320 -128 -330 -176 -165 -346 0
282 -271 -30 -176 -394 -181 -241 -346 -450 -156 -280 -445 -76 0
337 -445 -244 -221 -128 -300 -76 -30 -176 -394 -181 -241 -346 -450 -400 -104 -320 -158 0
263 -119 -165 -104 -43 -320 -158 -244 -221 -128 -300 -76 -30 -176 -394 -181 -241 -346 -450 -400 -20 -260 -363 -330 0
21 -53 -309 -119 -83 -424 -278 0
321 -360 -260 -83 -20 -309 -119 -424 -278 -339 -165 -158 -104 0
21 -206 -176 -128 -375 -227 -363 -330 -35 -309 -119 -83 -424 -278 0
177 -145 -244 -63 -322 -128 0
318 -181 -128 -30 -176 -244 -227 -330 -51 -363 -320 -260 -165 -43 -346 -433 -18 -262 -221 -300 -76 -450 -400 -393 -367 -71 0
104 -156 -339 -76 -159 -153 -221 -316 -384 -18 0
157 -190 -84 -281 -445 -358 -262 -339 -156 0
321 -339 -76 -84 -281 -358 -262 -21 -18 -221 -316 -346 -43 0
44 -293 -193 -221 -227 -326 -400 -330 -151 -244 -154 -418 -346 0
337 -103 -382 -128 -221 -244 -346 -43 -193 -227 -326 -400 -330 -151 -76 -281 0
-280 -156 -128 -244 -330 -346 -51 -176 -21 -446 -76 -281 0
20 -314 -128 -278 -244 -126 -330 -255 -51 -18 0
-339 -400 -244 -221 -144 -193 -227 -330 -51 -18 -21 -128 -126 -84 -346 -176 -76 -281 -358 -326 -262 -43 -320 -316 0
127 -322 -315 -176 0
-409 -411 -128 -51 -433 -169 -244 0
282 -432 -367 -389 -318 -423 -372 -445 -76 0
281 -445 -346 -269 -419 -315 -280 -319 -339 -76 0
-445 -76 -419 -339 -24 -315 -401 -70 -423 -372 -319 -280 -346 -269 0
282 -156 -401 409 -372 -280 21 -52 -76 0
-76 -401 -339 -280 409 -372 -52 -346 -165 -423 -269 -20 -419 -24 -315 0
338 -121 -57 -433 -424 -146 -220 -144 -292 -261 -431 -16 -405 -70 -325 -315 -157 0
Solved
