200 -169 -4 0
-169 -4 -199 0
6 -13 -193 -88 -1 -7 -160 -151 -82 -184 -16 -199 -118 0
211 -88 -193 -1 -7 -160 -151 -82 -184 -16 -199 -118 0
17 -54 -88 -193 -1 -7 -160 -151 -82 -184 0
201 -88 -193 -1 -7 -160 -151 -82 -184 -118 -16 0
132 -97 -1 -193 -181 0
98 -108 -132 -88 -181 -193 -1 0
37 -88 -1 -193 -53 0
38 -141 -88 -1 -7 -160 -151 -82 -184 -16 -199 -118 -193 -99 0
195 -88 -82 -1 -184 -16 -160 -193 -7 -151 -199 -118 0
97 -192 -160 -1 -193 -88 -7 -151 -82 -184 -16 -199 -118 0
214 -193 -1 -7 -160 -151 -82 -184 -16 -118 -73 0
3 -88 -7 -193 -151 -214 -184 -82 -160 0
-88 -193 -7 -151 -214 -184 -82 -160 -1 0
37 -177 -27 -163 -15 -112 -109 -6 -10 -201 -78 -54 0
14 -109 -58 -187 -10 -211 -112 0
172 -177 -27 -22 -57 -44 0
175 -179 -204 -136 0
56 -172 -22 0
2 -10 -112 -58 -73 -193 -7 -118 -157 -151 -16 -214 -184 -82 -160 -106 0
177 -179 -56 -147 -26 0
-179 -172 -109 -22 -58 -136 -176 -56 -147 -26 0
179 -203 -26 -176 -56 -136 -22 0
39 -26 -176 -109 -22 -58 -5 -200 -77 -53 0
217 -112 -58 -73 -7 -118 -151 -82 -1 0
106 -6 -203 -56 -15 -39 -26 -80 -1 -193 -97 -131 0
4 -94 -203 -48 -58 -18 -187 -186 -126 -174 -66 -24 -33 -7 -151 -214 -171 -140 0
-6 -203 -58 -18 -186 -66 -33 -7 -151 -140 -56 -26 -182 -131 -89 -107 -15 -39 -80 -1 -193 -97 0
176 -97 -193 -1 -118 -58 -7 -151 -56 -26 -217 -73 0
-176 -177 -193 -115 -58 -56 -179 -26 -217 0
130 -137 -203 -170 -56 -26 -1 -37 -80 0
38 -168 -69 -22 -172 -186 -135 -18 -140 -41 -183 -78 -52 0
138 -111 -140 -37 -186 -135 -18 -41 -183 -56 -170 -4 -20 -112 -203 -179 -13 0
5 -4 -58 -203 -140 -37 -186 -18 -41 -56 -112 -179 -13 -144 -115 -80 -131 -26 -1 0
185 -31 -7 -151 -82 0
-4 -6 -58 -203 -140 -37 -186 -18 -41 -56 -112 -179 -13 -144 -115 -80 -131 -26 -1 0
55 -168 -131 -211 -182 -173 -26 0
176 -26 -56 -58 -112 -179 -115 -1 -118 -7 -151 -82 -193 -73 0
4 -201 -171 0
18 -189 -211 -132 -4 -181 -118 0
-26 -179 -151 -118 -193 -56 -7 -73 -115 -58 -112 -1 -82 0
183 -76 -131 -37 -1 0
173 -48 -95 -115 -182 -1 -193 -4 -217 -118 -18 -186 -179 -7 -151 -82 -24 0
-37 183 -179 -73 -193 -4 -131 -176 -1 0
130 -131 -58 -211 -109 -112 -176 -73 -193 -4 -179 -1 -182 0
132 -127 -167 -112 -211 -4 -179 -176 -118 -73 -18 -58 -193 -182 -109 0
181 -132 -217 -193 -18 0
-131 -132 -58 -211 -109 -112 -176 -73 -193 -4 -179 -1 -182 0
218 -186 -18 0
-132 -177 -112 -27 -4 -89 -56 -140 -98 -173 -1 -179 -73 -193 -131 -176 -58 -182 -217 -18 0
-211 -109 -173 132 -112 -127 -4 -179 -176 -118 -73 -18 -58 -193 -182 -24 0
55 -147 -4 -48 0
-186 -18 -4 -179 -118 -73 -112 -58 -193 -56 -1 -115 -7 -151 -82 0
-18 -4 -193 -7 -151 -82 -1 -179 -118 -73 -112 -58 -56 -115 0
50 -32 -72 -7 0
139 -167 -90 -112 -157 -12 -50 0
212 -12 -112 -80 -37 -141 -90 -157 -72 -7 -56 -174 0
Solved
