218 -279 -352 -488 0
270 -223 -94 -169 -484 -394 -58 -154 -488 -454 -352 -295 -217 0
279 -196 -223 -94 -454 -169 -484 -352 -295 -42 -394 -58 -217 -190 -154 0
118 -398 -490 -498 -351 -122 0
505 -437 -169 -454 -394 -58 -352 -154 -190 -94 -298 -404 0
105 -43 -313 -376 -139 0
296 -485 -473 -505 -454 0
367 -431 -475 -253 -136 -298 -77 -269 -414 -197 -362 -224 0
103 -398 -298 -159 -253 -184 -343 -133 -480 -175 -224 -475 -136 -77 -269 -414 -362 -450 -350 -206 -334 -321 0
72 -198 -141 -342 -307 -480 -343 -257 -224 0
-197 -198 -206 -475 -253 -136 -298 -77 -269 -414 -362 -224 -334 -321 -450 0
160 105 -313 -159 -184 -133 -334 -480 -450 0
225 -414 -206 -475 -253 -136 -298 -77 -269 -321 -362 -224 -334 -450 -70 0
359 -497 -50 -459 0
486 -159 -175 -298 -313 -232 -362 -342 -307 -206 -475 -253 -136 -77 -269 -224 -334 -321 -450 -480 -343 -257 -490 -161 -184 -133 -104 -350 -178 -94 -425 -473 0
-198 -197 -232 -136 -467 -77 -450 -362 -206 -334 -490 -298 -1 -321 -269 -224 -307 -475 -253 0
368 -397 -206 -313 -450 -334 -350 -34 -94 -232 -98 -50 -490 -307 -360 -104 -257 -321 -70 0
198 -342 -343 -253 -475 -412 -175 -159 -184 -133 -480 -206 -313 -450 -334 -350 -34 -94 -232 -98 -50 -490 -307 -104 -257 -321 -224 0
278 -253 -307 -480 -313 -184 -133 -334 -387 -321 -232 -136 -298 -1 -475 -175 -94 -505 -454 -295 -169 -193 -40 -394 -58 -489 -190 -154 0
256 -167 -113 -253 -175 -298 -334 -232 -207 -449 -468 -78 -458 -307 -480 -359 -162 0
141 -18 -240 -211 -28 -338 -419 -341 -158 0
197 -496 -148 -341 -294 -240 -28 -158 -133 -334 -480 -449 -162 -258 -253 -175 -298 -232 -207 -468 -78 -307 -103 -454 -33 -387 0
448 -103 -313 -133 -184 -158 -420 -341 -28 -334 -232 -480 -207 -162 0
455 -486 -505 -474 -295 0
139 -496 -148 -106 -341 -294 0
217 -489 -232 -1 -313 -148 -454 -505 -334 -133 -184 -175 -298 -307 -321 -169 -275 -193 -394 -58 -190 -154 -475 -94 -404 -437 0
255 -344 -489 -298 0
342 -206 -450 -193 -334 -190 0
360 -51 -457 -119 0
336 -212 -232 -307 -175 -479 -275 -437 -94 -104 -404 -454 -298 -352 218 -58 -154 -394 -158 -169 -495 -1 -450 -174 -206 0
-206 -104 -352 218 -193 -454 -190 -450 -321 -334 -232 -307 -175 -275 -437 -94 -404 -298 -58 -154 -394 -158 -169 -495 -1 -174 -339 -341 0
103 -30 -175 -275 -372 -430 -307 -479 -468 -454 -1 -160 -63 -352 218 -58 -154 -394 -158 -169 -321 0
140 -450 -404 -394 -58 -154 -352 218 -454 -175 -275 -307 -1 -169 -321 -437 -334 -232 -193 -190 -94 -298 -489 -313 0
449 -206 -352 218 -173 -154 -1 -394 -334 -169 0
-344 -345 -254 -489 -298 0
-450 -139 -133 -334 -175 -298 -232 -307 -454 -437 -313 -184 -321 -169 -275 -193 -394 -58 -190 -154 -352 218 -489 -148 -404 -1 -94 0
141 -496 -63 -1 -350 -172 -454 -313 -103 0
-139 218 -437 -404 -23 -94 -352 -232 -454 -489 -298 -313 -1 -275 -58 -154 -394 -321 -334 -169 -133 -175 -307 -184 -193 -190 -148 0
-450 -206 -169 -103 -404 -454 -489 -298 -292 -321 -352 218 -193 -334 -190 -340 0
450 218 -352 -489 -454 -148 139 -275 -193 -58 -133 -307 -190 -154 -184 -394 -334 -169 0
354 -404 -334 -193 -169 -190 -454 -298 -352 -148 -275 -58 -133 -307 -154 -184 -394 -437 -23 -94 -232 -313 -1 -175 -475 0
456 -321 -482 -83 -184 -133 -160 -298 -58 -337 -174 -404 -154 -313 -437 -279 -139 -218 -488 -232 -1 -148 -454 -505 -334 -175 -307 -317 -169 -275 -193 -394 -190 -475 -94 -103 0
-489 -344 -58 -337 -154 -437 -160 -279 -218 -488 -232 -1 -313 -148 -454 -505 -334 -133 -184 -175 -298 -307 -321 -169 -275 -193 -394 -190 -475 -94 -404 0
-321 -160 -83 -394 -58 -505 -154 -279 -218 -298 -337 -437 -488 -232 -1 -313 -148 -454 -334 -133 -184 -175 -307 -169 -275 -193 -190 -475 -94 -404 -139 -103 -482 -174 -317 -320 0
335 -103 -488 -394 -454 -169 -154 -83 -58 -505 -218 -298 -437 -232 -1 -313 -148 -334 -133 -184 -175 -307 -275 -193 -190 -475 -94 -404 -320 -206 -450 0
140 -489 -83 -257 -58 -321 -154 -437 -279 -218 -488 -232 -1 -313 -148 -454 -505 -334 -133 -184 -175 -298 -307 -367 -169 -275 -193 -394 -190 -475 -94 -404 -342 0
479 -140 -103 -313 -159 -281 -184 -372 -133 0
344 -398 -490 -224 -496 -367 -148 -499 -342 -364 -339 0
345 -499 -293 -364 -140 0
-489 -103 -454 -425 -367 -148 -342 -275 -184 -161 -133 -313 -159 -281 -372 -83 -257 -58 -321 -154 -437 -279 -218 -488 -232 -1 -505 -334 -175 -298 -307 -169 -193 -394 -190 -475 -94 -404 0
-103 -206 -275 -190 -148 -184 -313 -454 -1 -133 -83 -58 -154 -437 -218 -488 -232 -505 -334 -175 -298 -307 -169 -394 -475 -94 -404 -450 -320 -193 0
-206 -450 -218 -190 -232 -193 -58 -154 -437 -394 -169 -320 -275 -148 -184 -313 -454 -1 -133 -83 -488 -505 -334 -175 -298 -307 -475 -94 -404 0
277 -139 -103 -454 -298 -488 -218 0
206 -505 -1 -313 -148 -454 -232 -334 -133 -184 -175 -298 -307 -169 -275 -193 -394 -58 -190 -154 -475 -94 -404 -437 -218 -488 -320 0
279 -321 -1 -313 -148 -454 -505 -334 -133 -184 -175 -298 -307 -232 -169 -275 -193 -394 -58 -190 -154 -475 -94 -404 -437 -218 0
277 -103 -193 -133 -190 -184 -298 -437 -341 -158 -488 -218 -162 -454 0
-103 -350 -148 -496 -341 -454 -505 -486 -193 -218 -190 -1 -313 -334 -133 -184 -175 -298 -307 -232 -169 -275 -394 -58 -154 -475 -94 -404 -437 -278 -158 -488 -162 -172 -63 0
277 -162 -63 -341 -139 -313 -172 -298 -1 -437 -488 -218 0
141 -318 -225 -198 -270 -1 -253 -172 -343 -313 -158 0
478 -225 -369 -83 -363 -366 -132 -432 -162 -78 0
509 -232 -298 -1 -313 -454 -193 -190 -334 -133 -184 -175 -307 -148 -169 -394 -58 -154 -475 -94 -352 0
140 -62 -206 -334 -450 -132 -161 -478 -454 -343 -342 -313 -103 0
436 -343 -454 -103 -139 -334 -313 -169 -193 -394 -58 -190 -154 -298 -352 -277 -405 -218 0
278 -162 -139 -175 -133 -334 140 -454 -343 -342 -103 -479 -212 -169 -276 -313 -193 -40 -394 -58 -190 -154 0
279 455 -505 -58 -218 -154 0
198 -64 -102 -164 -132 -313 -139 105 -482 -401 -307 -386 -358 0
345 -321 -1 -334 -313 -139 -307 -386 -175 -232 -133 -454 -343 -103 -479 -169 -276 -193 -40 -394 -58 -190 -154 -277 -505 -218 0
278 -365 -298 -84 -175 -188 -254 -143 -218 -386 -297 -505 -454 -33 -193 -58 -474 -190 -154 0
224 -367 -70 0
274 -201 -143 -102 -148 -103 -294 -341 -253 -158 -133 -334 -449 -162 -258 -480 -175 -298 -232 -207 -468 -78 -307 -240 -454 -33 -196 -418 -30 0
-321 -479 -276 -148 -103 -133 -334 -298 -232 -307 -454 -84 -175 -505 -169 -193 -40 -394 -58 -218 -190 -154 -277 -386 -139 -343 -1 -313 0
-343 -277 -313 -193 -218 -190 -1 -154 -394 -454 -139 -334 -169 -103 -276 -148 -133 -298 -232 -307 -84 -175 -58 -405 -438 -352 0
-139 -103 -307 -175 -334 -232 -169 -276 -438 -193 -394 -58 -313 -405 -190 -154 -454 -352 -298 -1 -488 -218 -148 -133 -84 0
456 -279 -148 -292 -276 -162 -340 -193 -58 -190 -154 -307 -488 0
191 -321 -405 -169 -193 -334 -190 -298 -488 -473 -218 -292 -340 -279 0
-279 -162 -154 -276 -394 -169 -334 -148 -292 -340 -193 -190 -405 -298 -488 -218 -103 -454 -58 -307 0
279 139 -148 -276 -184 -454 -58 -218 -154 -405 -334 -169 -438 -193 -394 -190 0
192 -279 -298 -84 -175 -218 -386 -505 -454 -193 -58 -190 -154 -488 -103 -343 -496 -337 -334 -148 -292 -340 0
-103 -488 -193 -190 -298 -84 -175 -218 -454 -58 -154 -334 -148 -405 -438 -133 -184 -169 -394 -276 -307 -232 -313 -352 -1 0
191 -279 -307 -232 -94 -58 -313 -154 -139 -394 -438 -334 -169 -405 -319 -298 -1 -352 -488 -218 -457 -193 0
156 -162 -206 -334 -298 -1 -307 -475 -139 -337 -133 -454 -42 -405 -438 -279 -488 -218 -352 -319 -169 -276 -232 -394 -58 0
-162 -337 -84 -457 -307 -232 -376 -142 -175 -139 -438 -42 -334 -405 -319 -454 -298 -169 -488 -218 -394 -279 -58 -154 -206 -1 -475 -133 -352 -276 0
162 -206 -232 -334 -298 -1 -307 -475 -454 -313 -184 -133 -175 -94 -169 -193 -394 -58 -190 -154 -42 -405 -438 -279 -488 -218 -352 -319 0
-279 -488 -454 -276 -405 -58 -438 -154 -148 -218 -394 -1 -352 -169 -313 -334 -307 -84 -232 -175 -298 -475 -133 -184 -94 -193 -190 0
161 -496 -106 -118 -123 -63 -57 -258 -132 0
160 -376 -45 -158 -282 -184 -389 -133 -57 -84 -479 -258 -132 0
-488 -218 -184 -276 -84 -298 -313 -1 -334 -454 -58 -133 -154 -405 -169 -438 -193 -394 -190 -148 -352 -307 -232 -175 -475 -94 0
-218 -84 -334 -313 -276 -148 -133 -298 -232 -307 -454 -175 -169 -193 -394 -58 -190 -154 -1 -405 -184 -438 -352 -475 -94 0
170 -162 -478 -352 218 -454 -148 -193 -58 -133 -307 -190 -154 -184 -394 -334 -169 -141 -105 0
-162 -339 -190 -193 -123 -313 -334 -499 -352 218 -154 -1 -394 -169 -366 -132 -276 -58 -478 -454 -148 -133 -307 -184 -141 -105 0
488 -154 -193 -190 -169 -184 -394 -133 -334 -478 -58 -313 -499 -352 218 -1 -132 -276 -454 -148 -307 -298 0
480 105 -139 -313 -282 -371 -133 0
-141 -282 -148 -499 -84 -276 -341 -132 -184 -162 -133 -478 -139 -313 -490 -371 -178 -426 -474 -298 -454 -352 218 -193 -58 -307 -190 -154 -394 -334 -169 170 0
205 -139 -478 -184 -276 -343 -1 -454 -313 -148 -499 -84 -132 -133 -298 -352 218 -193 -58 -307 -190 -154 -394 -334 -169 0
206 -196 -158 -184 -318 -307 -388 -133 -84 -478 -258 -132 -162 -449 -334 -232 0
511 -148 -352 -454 -184 -193 -58 -133 -307 -190 -394 -334 -169 -1 -313 -298 -175 -475 -94 -508 0
171 -154 -313 -218 -148 -133 -298 -307 -454 -175 -169 -193 -394 -58 -190 -334 -1 -184 -352 -475 -94 -508 -162 0
-206 -55 -139 -313 -337 -307 -175 -162 -334 -454 -298 -169 -218 -394 -58 -154 -1 -475 -133 -352 -276 -508 -436 -248 -278 -370 -190 -193 -205 0
285 -481 -271 -63 -44 -307 -377 -466 -413 -278 -139 -454 -298 -103 -218 -18 -28 0
448 -139 -158 -419 -298 -218 -278 -307 -454 -101 -11 -284 -271 -63 -413 -18 -28 -320 -334 -234 -313 -175 -162 -169 -394 -58 -154 -1 -475 -133 -352 -276 -508 -248 -190 -193 -480 -258 -282 0
-232 -276 -313 -218 -148 -133 -298 -334 -307 -454 -175 -169 -193 -394 -58 -190 -154 -1 -184 -352 -475 -94 -508 0
131 -120 -172 -313 -139 -62 -344 -351 -488 -108 -298 -210 0
480 -175 -190 -298 -218 -193 -454 -58 -154 -334 -148 -488 -133 -184 -169 -394 -276 -307 -232 -313 -352 -1 -508 -321 -130 -172 -139 -62 -351 -496 -342 -515 -525 0
140 -343 -338 -342 0
-343 479 -508 -298 -218 -352 -57 -321 -313 -372 -281 -159 -184 -130 -133 -139 -342 0
-480 -321 -454 -352 -488 -508 -298 -218 -57 -313 -372 -281 -159 -184 -133 -139 -342 -334 -450 160 0
336 -488 -232 -190 -218 -193 -454 -58 -154 -334 -148 -298 -133 -184 -169 -394 -276 -307 -313 -352 -1 -139 -162 -206 0
156 -449 -169 -162 -394 -58 0
192 -475 -218 -276 -133 -298 -334 -307 -454 -232 -169 -193 -394 -58 -190 -154 -1 -184 -352 -148 -313 -524 -521 0
-488 -279 -232 -307 -58 -313 -154 -394 -334 -169 -139 -298 -1 -352 -218 -193 -276 -162 -206 -190 -133 -454 -184 -148 0
-279 -148 -352 -232 -307 -58 -313 -154 -394 -334 -169 -139 -298 -1 -193 -276 -162 -206 -190 -133 -454 -184 -218 0
-344 -103 -58 279 -154 -454 -320 -294 -218 -298 -139 -343 0
-103 -343 -133 -184 -172 -276 -313 -1 -350 -454 -139 -58 279 -154 -320 -294 -218 -298 -282 0
437 -113 -371 -444 -376 -45 -333 -282 -123 -133 -184 -57 -276 -258 -106 -132 -162 -350 -389 -158 -454 -218 -58 279 -154 -405 0
161 -45 -232 -468 -376 -432 -259 -371 -78 -92 -480 -132 0
-344 -343 -218 -276 -133 -298 -334 -307 -454 -232 -169 -193 -394 -58 -190 -154 -1 -184 -352 -148 -313 -162 -432 -371 -282 -350 279 -172 -139 0
-343 -148 -218 -276 -133 -298 -334 -307 -454 -232 -169 -193 -394 -58 -190 -154 -1 -184 -352 -313 -172 -139 -162 -432 -371 -282 -350 279 0
-148 -184 -313 -454 -352 -1 -218 -276 -133 -298 -334 -307 -232 -169 -193 -394 -58 -190 -154 -139 -162 -206 0
-103 -28 -175 -348 -17 -303 -372 -72 -477 -254 -218 -46 -94 -485 -425 -69 -167 -32 -368 -454 -321 -279 -105 -139 -298 -488 0
141 -343 -279 -218 -352 -139 -298 -133 -313 -184 -334 -276 -154 -169 -162 -1 -394 -58 -514 -206 -193 -307 -190 -454 -340 0
-343 -279 -218 -352 -190 -340 -139 -298 -133 -313 -184 -334 -276 -154 -169 -162 -1 -394 -58 -514 -206 -193 -307 -454 0
140 -487 -352 -1 -218 -279 -206 -190 -193 -334 -340 -313 0
-279 -184 -352 -298 -218 -313 -454 -133 -139 -334 -276 -162 -1 -394 -58 -514 -206 -193 -190 -340 -154 -169 -307 0
103 -482 -318 -444 -175 -113 -389 -369 -362 -333 -454 -123 -169 -394 -58 -352 -154 -190 -298 -405 -231 -57 -366 -133 -162 -232 -45 -432 -259 -371 -92 -132 -478 -282 -184 -276 -106 -350 -218 279 0
-184 -232 -139 -133 -58 -154 -454 -218 -298 -169 -394 -352 -190 -162 -313 -276 -1 -334 -307 -206 -193 0
-232 -206 -190 -313 -139 -169 -394 -154 -58 -276 -133 -454 -218 -298 -352 -162 -1 -334 -307 -193 0
-206 -276 -298 -218 -307 -454 -334 -313 -162 -169 -394 -58 -154 -1 -133 -352 -139 -190 -193 0
277 -103 -218 -139 -454 -298 -352 0
-172 -232 -270 141 -1 -253 -318 -343 -313 -158 -486 -133 448 -103 -207 -162 -184 -334 -341 -480 -506 -474 -276 -426 -94 -63 -173 0
274 -483 -79 -412 -208 -175 -498 -313 -133 448 -103 -207 -162 -184 -334 -341 -158 -480 -232 0
-232 -488 -334 -218 -169 -139 -276 -193 -394 -58 -313 -190 -154 -454 -352 -298 -1 -307 -133 -162 -184 0
-488 -184 -334 -218 -169 -139 -276 -193 -394 -58 -313 -190 -154 -454 -352 -298 -1 -133 -162 -307 0
-232 -418 -312 -175 -318 -414 -481 -313 -218 -276 -133 -298 -334 -307 -454 -148 -169 -193 -394 -58 -190 -154 -1 -184 -352 -94 -508 -233 0
-184 -276 -313 -218 -307 -133 -298 -334 -454 -169 -193 -394 -58 -190 -154 -1 -352 -139 -162 0
-276 -352 -139 -218 -307 -133 -298 -334 -454 -169 -193 -394 -58 -190 -154 -1 -313 -162 0
315 -43 -273 -172 -62 0
-184 -352 -218 -454 -298 -281 -372 -321 -313 -57 -159 -133 -139 -342 -334 -450 160 -1 -172 -273 -62 -186 0
-352 -1 -190 -313 -139 -218 -454 -298 -133 -334 -307 -169 -193 -394 -162 -58 -154 0
489 -344 -255 -298 0
525 -508 -480 -438 -133 0
524 -480 -162 -206 140 -343 -334 -190 0
508 -405 -438 0
-480 -343 -190 -162 140 -193 -334 -523 -508 -438 -133 0
509 -405 -438 0
140 -276 -162 -169 -298 -438 -319 -193 -190 -334 -523 -133 -184 -487 -255 -313 0
-480 -508 -438 -404 -193 -162 -334 -190 -523 -133 0
480 -338 -342 -523 -190 -133 0
344 -159 -334 -169 -523 -394 -521 -133 -154 -184 -58 -438 -276 -193 -162 -190 -342 -297 -105 -454 -298 -487 0
-276 -184 -334 -190 -523 -438 -1 -298 -487 -255 -169 -394 -133 -154 -193 -58 -162 -297 -454 -313 -139 -319 0
-184 -438 -523 -133 -162 -58 -334 -190 -1 -298 -487 -255 -169 -394 -154 -193 -297 -454 -313 -139 -319 0
170 -520 -190 -523 -313 -334 -139 -319 -157 0
-1 -139 -313 -334 -190 -169 -133 -162 -58 -298 -394 -154 -193 -454 -218 -307 0
436 -405 -298 -352 -487 -218 0
489 -358 -48 -121 -271 -307 -44 -232 -240 -212 -363 -337 -68 -386 -298 -33 -218 -139 -454 -352 -278 0
-405 -320 -268 -352 -345 -298 -487 -48 -121 -271 -307 -44 -232 -337 -68 -33 -218 -139 -454 -278 -258 -162 -41 -480 -438 -508 0
335 -352 -298 -218 -139 -454 -162 -480 -278 -169 -394 -58 -154 -190 -94 -438 -487 -268 -508 -345 -121 -307 -44 -337 -41 -56 -62 -207 0
-489 -480 -162 -154 -394 -278 -438 -508 -218 -298 -352 -487 -454 -345 0
-480 -508 -139 -454 -298 -278 -162 -154 -394 -438 -218 -487 -345 -334 -169 -58 -190 -268 -121 -307 -44 -337 -41 -56 -62 -207 -524 -133 0
448 -367 -225 -258 -478 -184 -158 -307 -318 -133 -196 -84 -132 -162 -449 -334 -232 -207 0
488 -352 -44 -334 -281 -478 -184 -307 -318 -133 -162 -207 -105 -169 -513 -394 -154 -278 -438 -508 -218 -298 -372 -487 -454 0
489 -344 -278 -218 -298 0
-508 -524 -438 -298 -44 -334 -184 -307 -318 -133 -162 -207 -105 -169 -394 -154 -278 -218 -487 -454 -337 -139 -345 -58 -190 -268 -121 -41 -56 -62 0
191 -521 -334 -169 -276 -394 -218 -133 -154 -184 -58 -438 -159 -193 -162 -190 -342 -105 -454 -298 -487 -268 -44 -307 -207 -139 -345 -121 -56 -62 0
488 -352 -218 -279 0
161 -271 -276 -121 -94 -106 -48 -36 -99 -457 -307 -466 -232 -239 -258 -213 0
-352 -508 -487 -218 -438 -499 -162 -276 -121 -106 -307 -232 -139 -454 -298 -154 -394 -345 -334 -169 -58 -190 -268 -44 -56 -62 -207 -133 -279 -342 -105 -525 0
352 -62 -121 -56 -44 -394 -162 -169 -276 -448 -184 -334 -133 -525 0
141 -276 -438 -162 -218 -307 -139 -454 -298 -154 -394 -334 -169 -58 -190 -133 -184 -193 -313 0
489 -352 -139 -104 -92 -57 -206 -158 -276 -63 -334 -169 -162 -58 -394 -268 -154 -313 -298 -344 -218 0
-352 -104 -394 -169 -154 -454 -218 -487 -139 -92 -57 -206 -158 -276 -63 -334 -162 -58 -268 -313 -298 -344 0
-276 -438 -169 -298 -184 -162 -193 -190 -334 -133 -313 -218 -394 -154 -454 -139 -58 -307 0
-438 -184 -162 -334 -190 -133 -313 -193 -218 -169 -394 -58 -154 -298 -454 -139 -307 0
488 -276 -334 -313 -133 -480 -162 -184 -139 -405 -121 -510 -169 -193 -394 -58 -268 -190 -154 -454 -352 -218 0
-488 -480 -454 -352 -298 -218 -313 -184 -133 -139 -334 -169 -162 -394 -58 -405 -190 -154 -277 -487 0
-184 -139 -154 -334 -313 -133 -162 -58 -169 -193 -394 -190 -454 -218 -298 -307 0
-276 -352 -169 -154 -454 -218 -487 -139 -394 -334 -162 -58 -268 -313 -298 -172 -157 -274 0
-352 -139 -157 -454 -169 -487 -218 -162 -394 -58 -154 -334 -268 -313 -298 -172 -274 0
-139 -313 -190 -334 -169 -454 -218 -162 -394 -58 -154 -298 -133 -193 -307 0
412 -172 -3 -122 -313 -46 -57 -34 -165 -485 -378 0
171 -284 -3 -313 -378 -189 -292 -193 -307 -190 -350 -365 -131 -340 -276 -334 -162 -58 -521 -133 -169 -394 -154 -184 -157 0
336 -449 -190 -193 -340 0
-488 -184 -133 -190 -298 -193 -218 -162 -454 -334 -154 -169 -394 -58 -313 -307 -276 -487 0
176 -285 -12 0
-184 -276 -162 -313 -133 -193 -334 -190 -307 -169 -394 -58 -154 -454 -298 -218 -352 -487 0
-276 -487 -218 -169 -193 -334 -190 -298 -133 -454 -307 -394 -154 -58 -162 -313 -352 0
-487 -352 -454 -169 -193 -334 -218 -190 -162 -394 -58 -154 -298 -133 -307 -313 0
-344 -401 -143 -313 -387 -56 -33 -164 -377 -413 -175 -285 -188 -422 -130 -231 -298 -364 -253 -489 -343 0
170 -184 -313 -454 -218 -58 -154 -169 -394 -190 -352 -162 -193 -307 -334 -276 -133 -298 0
254 -57 -62 -165 -65 -414 -515 -483 -508 -438 -154 -292 -394 -169 -334 -340 -276 -162 -193 -190 -488 -298 -279 -218 -103 -454 -58 -307 -130 0
-344 -254 -140 -293 -364 -489 -298 -343 0
104 -93 -414 -372 -254 -136 -218 -360 -496 -351 -108 -210 -94 -363 -485 -425 -69 -167 -515 -473 -32 -292 -340 -276 -488 -162 -193 -58 -190 -154 -307 -279 -454 0
-131 -108 -313 171 -292 -193 -307 -190 -365 -340 -276 -334 -162 -58 -133 -169 -394 -154 -184 -157 -454 -103 -254 -136 -218 -363 -167 -473 -488 0
-184 -276 -454 -352 -218 -154 -394 -169 -334 -313 -162 -193 -190 -298 -58 -307 -133 0
-276 -352 -334 -190 -193 -169 -394 -154 -58 -454 -313 -218 -162 -298 -307 -133 0
-352 -313 -190 -334 -169 -162 -394 -58 -154 -193 -454 -218 -298 -307 -133 0
488 -523 -334 -319 -103 -438 -454 -298 0
-313 -162 -334 -190 -133 -193 -169 -454 -298 -218 -394 -58 -154 -307 0
335 -488 -276 -307 -190 -184 -520 -139 -454 -298 -169 -193 -218 -394 -279 -154 -162 -58 0
170 -279 -139 -454 -298 -488 -218 -154 -169 -162 -394 -58 -321 0
-103 -232 -372 -164 -423 -43 -364 -485 -69 -139 -431 -488 -32 -454 -307 -520 -193 -190 -279 -298 -218 0
-279 -352 -133 -184 -190 -218 -454 -307 -193 -298 -276 -162 -58 -169 -394 -154 -334 0
279 -184 -133 -218 -58 -154 -454 -276 -520 -190 0
-133 -184 -169 -276 -394 -334 -154 -58 -193 -162 -190 -454 -298 -488 -307 -218 -279 0
-103 -139 -253 -489 -334 -478 -62 -206 -161 -454 -450 -343 -313 -342 -298 -104 0
-344 -139 -313 -488 -496 -172 -351 -62 -298 -106 -293 -130 -211 -501 -342 -253 -489 0
-139 -423 -307 -45 -230 -342 -313 -364 -339 -253 -488 -496 -172 -351 -62 -298 -106 -293 -130 -211 -489 -32 -386 -224 -367 -321 -334 -478 -206 -161 -454 -450 -104 0
336 -352 -473 -307 -104 -313 -488 -298 -32 -334 -478 -454 -276 -58 -280 -162 -154 -296 -279 -218 -193 -16 -190 -523 -350 0
-139 -499 -505 -365 -258 -298 -352 -487 -218 -438 -162 -478 -338 -341 -140 -488 -454 -279 -154 -169 -394 -58 170 0
-352 -313 -307 -218 -169 -193 -334 -190 -298 -279 -488 -473 -104 -478 -454 -154 -394 -58 -296 -523 -162 -32 -276 -280 -16 -350 0
396 -342 -499 -404 -365 -438 -162 -478 -338 -505 -334 -488 -454 -298 -279 -218 -154 -169 -394 -58 -139 0
-139 -475 -499 344 -269 -16 -388 -473 -478 -438 -404 -193 -190 -523 -350 -131 -276 -334 -280 -162 -319 -58 -169 -394 -154 -505 -488 -454 -298 -279 -218 -313 -104 0
-313 -350 -193 -58 -307 -190 -154 -280 -523 -276 -394 -334 -169 -104 -16 -473 -478 -162 -488 -454 -298 -279 -218 -296 -32 0
455 -184 -334 -488 -307 -276 -190 -454 -298 -169 -193 -218 -394 -279 -154 -162 -58 0
-184 -276 -218 -454 -58 -190 -154 -279 -488 -334 -307 -298 -169 -193 -394 -162 0
-276 -193 -169 -488 -218 -394 -279 -154 -58 -162 -190 -334 -298 -454 -307 0
-344 -343 -298 -162 524 -206 508 -334 -190 -139 -253 -489 0
-489 -313 -334 -62 -206 -161 -454 -450 -139 -342 -298 -485 -64 -321 -425 -232 -273 -423 -172 -57 -45 -230 -293 -162 524 508 -190 -218 -279 -488 0
-313 -139 -218 -454 -334 -298 -162 -190 -279 -488 -193 -169 -394 -58 -154 -307 0
487 -139 -190 -510 -478 -69 -431 -342 -485 -454 -159 -307 -186 -520 -218 -353 -279 0
-139 -193 -454 -488 -307 -218 -279 -190 -298 -334 -162 -169 -394 -58 -154 0
-193 -307 -190 -334 -169 -454 -298 -218 -394 -58 -154 -162 -488 -279 0
449 -205 -334 0
314 -238 -475 -175 -307 -488 -352 -133 -142 -139 -438 -162 -334 -376 -319 -454 -298 -169 -84 -218 -394 -279 -58 -154 -206 -405 -457 -337 -276 -234 -164 -174 -55 0
-139 -307 -488 -162 -334 -454 -298 -169 -218 -394 -279 -58 -154 -414 -205 0
341 -258 -162 -449 -359 -334 -307 0
-307 -334 -162 -488 -454 -298 -169 -218 -394 -279 -58 -154 -190 0
192 -313 -139 -520 -340 0
-313 -139 -520 -340 -190 0
341 -139 -162 -334 -58 -169 -394 -279 -154 -488 -454 -218 -298 -190 0
-139 -334 -279 -218 -298 -190 -162 -488 -58 -169 -394 -154 -454 0
341 -358 -481 -169 -162 -334 -394 -58 -466 -154 -279 -488 -103 -454 -520 -190 0
-193 139 -341 -516 -361 -162 -413 -486 -505 -218 -169 -334 -190 -298 -321 -279 -488 -473 -340 0
-334 -488 -218 -169 -190 -298 -279 -162 -394 -58 -454 -154 0
438 -404 -509 0
487 -522 -454 -315 -370 -509 -298 -205 -162 -105 -394 -58 -169 -319 -218 -154 -353 -345 -279 0
171 -376 -370 -404 -475 -509 -149 -473 -95 -108 -294 -3 -499 -56 -173 -365 -131 -58 -205 -162 -154 -448 -394 0
192 -139 -279 -58 -205 -154 -448 -169 -394 -370 -298 -349 -218 -454 -488 -319 -162 -523 -340 0
-139 -488 -298 -218 -279 -190 -58 -154 -169 -394 -454 -162 0
191 -448 -162 -154 -58 -394 -169 -319 -349 -103 -454 -298 -488 -523 -279 0
487 -134 -308 -244 -522 -349 -157 -454 -205 -169 -103 -58 -162 -394 -319 -154 -353 -279 0
-488 -279 -162 -154 -394 -169 -454 -298 -58 -190 -218 0
314 -45 -172 -92 0
403 -72 -197 -368 -478 -385 -361 -438 -42 0
479 -418 -28 -175 -16 -238 -447 -211 -431 -372 -337 -76 0
520 -337 -92 -351 -172 -62 -232 -238 -209 -211 -293 -478 -28 -431 -372 -76 -159 -139 -281 -221 -169 -298 -438 -162 -190 -334 -193 -276 -218 -394 -154 -454 -184 -58 -307 0
340 -57 -388 -139 -159 -285 -28 -317 -232 -482 -466 -522 -92 -351 -172 -62 -238 -209 -211 -293 -478 -431 -372 -76 -281 -221 -169 -298 -438 -162 -190 -334 -193 -276 -218 -394 -154 -454 -184 -58 0
-334 -139 -344 -298 -489 -342 -285 -466 -522 -351 -76 -221 -169 -438 -162 -190 -218 -394 -154 -454 -58 -42 -405 -197 -132 -195 -33 -68 -319 -335 0
-449 -308 -134 -522 -480 -438 -132 -405 -389 -397 -179 -197 -485 -425 -319 -159 -58 -169 -154 -448 -162 -394 0
309 -234 -482 -466 0
-139 -134 -190 -522 -466 -58 -154 -105 -394 -319 -132 -169 -162 -438 -405 -179 -197 -485 -425 -489 -344 -298 -351 -342 -285 -76 -221 -218 -454 -42 -195 -33 -68 -335 0
309 -491 -276 -399 -186 -523 -342 -190 -338 -478 -211 -132 -162 -258 -358 0
-279 -169 -162 -154 -190 -394 -58 -454 -298 -218 0
450 -205 -334 0
-344 -307 -162 -334 -58 -154 -454 -139 -103 -218 -298 -394 -169 -367 -190 -438 0
344 -339 -341 -139 0
366 -70 -225 -500 -251 0
-438 -478 -162 -334 -454 -218 -154 -394 -169 -190 -298 -58 -139 0
522 -134 -524 -510 -405 -218 -58 279 -154 -454 0
-344 -387 -44 -307 -231 -313 -338 -343 -364 -139 -58 279 -154 -454 -294 -218 -298 -320 0
-478 -334 -139 -58 -154 -454 -218 -394 -169 -298 -162 -190 0
-344 -438 -139 -365 -70 -454 -218 -58 279 -154 -292 -131 -298 0
-405 -412 -175 -284 -184 -498 -208 -131 -70 -500 366 -238 -454 -218 -58 279 -154 -41 -438 0
-438 -363 -218 -58 279 -154 -454 -41 -175 -184 -131 -70 -365 -149 -476 -298 -292 -341 -212 -139 0
343 -389 -169 -454 -394 -58 -437 -154 -190 -352 -298 -82 -510 -295 -524 -70 -500 -489 -365 0
-344 -292 -365 -139 -169 -454 -394 -58 -437 -154 -190 -352 -298 -510 -295 -524 -70 -489 -131 -253 0
520 -307 -454 -218 -58 -154 -298 -139 -169 -394 -190 -334 -162 0
-307 -334 -139 -454 -218 -58 -154 -190 -169 -394 -298 -162 0
-334 -139 -298 -454 -190 -218 -58 -154 -169 -394 -162 0
-438 -510 -405 0
520 -135 -282 -480 -78 -432 -233 -468 -314 -309 0
-139 -169 -190 -298 -218 -58 -154 -454 -394 -162 0
-438 -377 -162 -454 -218 -154 -394 -169 -184 -307 -190 -298 -58 -405 0
209 -106 -496 0
-133 -209 -132 -162 -240 -334 -454 -218 -154 -394 -169 -184 -307 -190 -298 -58 0
-334 -143 -387 -175 -285 -188 -366 -132 -162 -480 -240 -454 -218 -154 -394 -169 -184 -307 -190 -298 -58 -351 0
456 -285 -366 -132 -162 -454 -218 -154 -394 -169 -190 -298 -58 -405 0
-344 -169 -218 -58 -154 -454 -394 -162 -190 -298 0
437 -134 -524 -508 -478 0
-133 450 -190 -169 -394 -154 -58 -454 -218 -162 -298 -307 -134 0
-334 -93 -235 -44 -271 -79 -63 -96 -359 -477 -496 -516 -106 139 -341 -194 -351 450 0
185 -169 -190 -394 -154 -58 -454 -218 -162 -298 0
-169 -394 -58 -154 -454 -190 -218 -162 -298 0
455 -376 -232 -17 -342 -139 -307 -253 -364 -172 -351 -298 -130 -211 -489 -386 -339 -321 -334 -478 -206 -161 -454 -450 -104 -374 -256 -276 -193 -40 -394 -58 -431 -190 -154 -78 -315 -345 -505 -277 -522 -295 -218 0
278 296 -58 -505 -454 -154 0
-524 -172 -130 -211 -298 -342 -139 -58 -190 -154 -184 -218 -454 -276 -133 -232 -307 -364 -351 -321 -334 -478 -206 -161 -450 -104 -256 -193 -394 -431 -157 -405 -438 -353 0
-450 -405 -190 -162 -334 -133 -438 -139 -184 -58 -154 -218 -454 -276 -307 -394 -298 0
521 -344 -139 -488 -157 -454 -184 0
-344 -279 -218 -298 -488 -190 -520 -139 -157 -454 -184 0
-520 -488 -58 -154 -162 -454 -133 -184 -157 -139 -341 -218 -298 -190 -276 0
278 -480 -162 -343 140 -58 -190 -154 0
-489 -344 -371 -432 -162 -298 -508 -524 -438 -193 -218 -190 -58 -154 -133 -172 -184 -313 -157 -105 -139 -232 -488 0
-344 -232 -313 -139 -282 -184 -524 -276 -162 -394 -58 -105 -405 -190 -154 -438 -454 -298 -218 -371 -432 -193 -133 -172 -488 0
279 -36 -486 -40 -432 -472 -190 -76 0
-405 -307 -218 -298 -139 -190 -154 -58 -438 -162 -133 -184 -276 -394 -334 -454 0
-489 -344 -162 -58 -190 -154 -184 -157 -218 -139 -254 -133 -298 -488 0
-344 -510 -276 -438 -58 -218 -154 -298 -162 -190 -184 -157 -139 -254 -133 -488 0
278 -352 -319 -334 -218 -139 344 -438 -479 -510 -162 -524 -58 -190 -154 0
279 -307 -319 -334 -448 -524 -162 -510 -479 -438 -139 344 -394 -269 -218 -190 -154 0
478 -315 -58 -154 -162 -454 -133 -184 -157 -139 -488 -218 -298 -190 -276 -334 -281 -510 -448 -438 0
-307 -184 -334 -139 -438 -162 -58 -190 -154 -133 -454 -218 -298 -276 -394 0
488 -184 -133 -520 -438 -454 -298 -218 -279 0
-184 -438 -162 -454 -334 -190 -139 -58 -154 -218 -298 -276 -133 -394 0
-279 -478 -162 -133 -177 -520 -438 -454 -298 -218 -489 -278 0
279 -255 -58 -154 -298 -454 -438 -218 -520 -190 0
-344 -438 -334 -162 -190 -133 -448 -298 -218 -177 -520 -454 -278 -58 -154 0
436 -404 -509 0
277 -29 -133 -509 -177 -234 -334 -448 -258 -162 -438 -139 344 -190 -520 -33 -454 -298 -218 0
-438 -139 -58 -154 -454 -334 -162 -218 -394 -190 -298 -133 -276 0
-279 -352 -448 -319 -334 -298 -139 -157 -133 -480 -276 -162 -58 -190 -154 -218 -277 0
-343 -163 -376 -139 -387 -338 -313 -307 -364 -58 279 -154 -454 -218 -298 -28 -194 -18 -334 -448 -375 140 0
479 -352 -334 -319 -448 -139 -387 -58 279 -154 -454 -218 -298 -194 -41 -405 -276 -157 -510 -258 -524 -521 -162 -133 0
-139 -133 -276 -298 -454 -58 -154 -218 -190 -334 -162 -394 0
192 -520 -319 -454 -334 -103 -340 0
-520 -103 -319 -454 -334 -340 -190 0
-344 -284 -168 -346 -298 -114 -364 -140 -343 -489 -293 0
-489 -405 -378 -172 -175 -483 -317 -230 -364 -298 -140 -343 -293 -232 -144 -32 -375 -197 -157 -368 -360 -184 -209 -118 -133 -42 -497 -478 -313 -256 -276 -438 -296 -431 -394 -58 -218 -468 -154 -353 -279 -488 0
-405 -193 -133 -334 -162 -190 -438 -338 -342 -353 -298 -378 -172 -175 -483 -317 -230 -364 -140 -343 -293 -232 -144 -32 -375 -197 -157 -368 -360 -184 -209 -118 -42 -497 -478 -313 -256 -276 -296 -431 -394 -58 -218 -468 -154 -279 -488 0
336 -130 -438 -276 -58 -218 -298 -133 -334 -162 -190 -364 -478 -256 -394 -154 -279 -488 -454 0
335 -488 -279 -454 -190 -103 -340 -319 0
-488 -438 -276 -58 -218 -298 -133 -334 -162 -190 -394 -154 -279 -454 0
-438 -279 -454 -298 -218 -334 -276 -58 -133 -162 -190 -394 -154 0
-279 -133 -454 -334 -276 -162 -394 -58 -190 -154 -218 -298 0
234 -388 -112 -253 -460 -386 -318 -143 -482 -401 0
403 -419 -17 -65 -165 -232 -112 -253 -386 -318 -143 -482 -401 -446 -221 -270 -198 -369 -362 -506 -41 0
437 -369 -198 -500 -270 -253 -506 -298 -232 -318 -143 -482 -401 -446 -362 -41 -157 -377 -184 -371 -133 -478 0
-133 -276 -298 -162 -454 -334 -394 -58 -218 -190 -154 0
436 -353 -488 -298 -218 -509 0
487 -522 -276 -334 -478 -280 -523 -298 336 -104 -193 -454 -58 -488 -162 -154 -279 -218 -190 -16 -431 -78 -505 -353 0
105 -45 -402 -386 -58 -197 -95 -515 -360 -149 -118 -210 -106 -293 -140 0
-405 -488 -279 -276 -58 -157 -298 -218 -454 -16 -334 -478 -280 -523 -162 -154 -190 -438 -448 -319 0
278 -510 -276 -523 -58 -190 -154 0
191 -131 -276 -16 -404 -438 -162 -184 -478 -157 344 -104 -334 -448 -319 -523 -42 0
-488 -438 -319 -478 -334 -523 -190 -276 -16 -162 -184 -157 -448 -454 -218 -298 -279 -58 -154 -280 0
141 -501 -489 -344 -298 -293 0
59 479 -447 -16 -238 -211 -431 -372 -76 -388 -184 -489 -344 -298 -157 -342 -139 -293 -368 -197 -359 -256 -394 -276 -154 0
-254 -480 524 -206 -162 -334 -190 -344 -489 -293 -364 -298 0
-480 -232 -16 524 -206 -162 -334 -190 -344 -489 -293 -364 -298 -515 -485 -154 -58 -447 -211 -431 -76 -388 -184 -157 -139 -368 -197 -256 -394 -276 -457 -509 -438 -478 0
-254 -317 -172 -388 -314 -411 -522 -453 -368 -184 -250 -157 -364 -344 -489 -293 -298 0
141 -425 -58 -179 -154 -394 -482 -256 -342 -225 -339 -522 -368 -344 -314 -489 -298 -293 0
-438 -279 -154 -394 -298 -162 -334 -190 -276 -454 -58 -218 0
-279 -276 -58 -190 -154 -218 -394 -298 -162 -334 -454 0
-344 -371 -44 -198 -105 -231 -341 -343 -58 279 -154 -454 -294 -218 -298 -320 -162 -478 -521 -134 -524 -510 0
-438 -224 -501 -295 -454 344 -302 -276 -16 191 -131 -162 -184 -478 -157 -404 -334 -448 -319 -523 -436 0
-276 -334 -454 -162 -218 -58 -154 -298 -394 -190 0
299 -489 -425 -454 -162 -58 -190 -154 -344 -157 -218 -72 -298 -510 -334 -319 -279 -364 -130 0
-489 -344 -72 -454 -319 -334 -279 -190 -364 -162 -58 -154 -30 -218 -478 -510 -130 -298 -425 -157 0
-344 -62 -273 -334 -448 -157 -319 -186 -130 -218 -190 -454 -298 -72 -279 -364 -162 -58 -154 -30 -478 -510 -425 0
219 -65 -164 -233 -211 -334 -448 344 -139 -72 -319 -501 -352 0
-139 278 -319 -334 -218 344 -510 -190 -352 -162 -58 -154 -478 -298 -454 -211 -448 -72 -501 -57 -513 -186 -157 0
487 -130 -498 -298 -218 -454 -334 -448 -319 -279 -190 344 -510 -162 -58 -154 -478 -211 -72 -501 -57 -513 -186 -157 0
175 -284 -102 0
184 -175 -521 -513 0
-334 -394 -58 -218 -454 -298 -162 -154 -190 0
299 -279 -340 -190 -139 -489 -344 -298 0
-279 -510 -162 -58 -190 -154 -344 -489 -218 -139 -298 -340 0
-510 -489 -218 -58 -154 -162 -478 -298 -139 -394 -190 -344 -454 0
-489 -478 -454 -162 -344 -298 -139 -190 -218 -58 -154 -394 0
489 -344 -218 -190 -523 -298 0
-279 -70 -365 -344 -67 -139 -340 -194 -454 -190 -131 -523 -436 -298 -278 -162 -58 -154 -218 0
-139 -344 -190 -298 -218 -454 -162 -58 -154 -394 0
-510 -132 -366 -319 -162 -523 -394 -58 -270 -190 -154 -279 -218 -405 0
479 -223 -188 -84 -366 -132 -301 -162 0
130 -184 -157 -276 -491 -71 -399 -188 -223 -394 -347 -262 -154 -366 -211 -58 -162 -84 0
277 -195 -394 -154 -140 345 -162 -84 -132 -157 -276 -58 -338 -342 -190 -523 -244 -319 -349 -103 -454 -489 -270 0
300 -279 -103 -58 -154 -218 -162 -394 -298 -489 -454 -140 345 -190 -244 0
-279 -489 -218 -190 -255 -298 -103 -58 -154 -162 -394 -454 -140 345 -244 0
70 -225 -369 0
301 -166 -422 -33 -188 -387 -347 -198 0
479 -184 -157 -285 -175 -276 -510 -486 -405 -506 -389 -369 -422 -33 -188 -198 -377 -113 -366 -258 -132 -370 -162 0
-344 -394 -454 -298 -162 -58 -218 -190 -154 0
-510 -175 -284 -377 -104 -140 -390 -157 -84 -184 278 -523 -58 -190 -154 0
141 -501 -127 -391 -195 -120 -205 -232 -271 -62 -57 -377 -313 -104 0
223 -166 -423 -32 -189 -386 -390 -197 0
278 -352 -58 -154 -190 -298 -218 -454 -162 -394 0
480 -71 -506 -224 -510 -302 0
160 -175 -284 -422 -33 -188 -198 -302 -114 -369 -506 -143 -404 -386 -436 -478 -224 -510 -258 -131 0
487 -394 -454 -298 -162 -58 -218 -190 -154 0
161 -480 -521 -190 -510 -340 -438 -338 -523 -58 0
-480 -438 -394 -104 -67 -140 -473 -340 -279 -190 -254 -523 -218 -404 -154 -365 -131 -162 -521 -510 -338 -58 0
160 -224 -388 -82 -365 -131 0
192 -438 -394 -205 -154 -32 -448 -58 -162 -365 -131 -296 -254 -218 -157 -510 -488 -298 -354 -523 -521 -338 480 -190 -340 0
-438 -510 -67 -296 -104 -473 -269 -218 344 -279 -190 -394 -205 -154 -32 -448 -58 -162 -131 -157 -319 -298 -354 -523 -521 -340 -404 0
217 -394 -154 -190 -298 -218 -454 -162 -58 0
478 -175 -319 -104 -386 -140 -239 -205 -32 -157 -448 -58 -184 -338 -162 -134 0
161 -157 -388 -140 -104 -303 -248 -360 -220 -269 -78 -394 -279 -386 -262 -154 -32 -448 -211 -58 0
141 -16 309 -239 -3 -205 -210 -195 -108 -377 -313 -293 -104 0
196 -224 403 -478 -197 -438 -42 -368 0
385 -183 -144 0
-394 -162 -154 -58 -190 -218 -298 -454 0
105 -371 -175 -418 -524 -354 -169 -458 -319 -140 0
479 -483 -399 -190 -492 -279 -448 -488 -169 -454 -319 -103 -175 -418 -140 -358 -256 -72 -369 -364 -252 -254 -84 -218 -404 -438 0
480 -279 -140 -454 -190 -488 -103 -319 -369 -72 -301 0
160 -399 -190 -492 -279 -488 -169 -454 -319 -103 -418 -140 -358 -256 -72 -369 -252 -254 -218 -404 -438 -284 -480 -131 0
196 -224 -190 -438 -58 -454 -218 -298 -103 -154 -162 -140 -510 0
104 -319 -190 -279 -488 -454 -523 0
-319 -279 -510 -523 -58 -190 -154 -269 -196 -169 -454 -140 -103 -488 0
160 -194 -292 -499 -334 -449 -365 0
277 -378 -514 -58 -510 -190 -438 -521 -340 -523 -162 -292 -334 -352 -296 -218 -298 -473 0
105 -334 -162 -58 -190 -510 -523 -154 -279 -438 -352 -218 -298 -454 -140 0
-279 -523 -510 -58 -454 -154 -218 -438 -162 -224 -190 -103 -298 -140 0
321 -135 -29 -479 -341 344 -412 -486 -185 -507 -521 -295 -454 -196 -169 -103 0
-506 -449 -169 -78 -479 -361 -224 -510 -474 -367 -196 -486 -507 0
-523 -224 -218 -58 -154 -454 -510 -103 -298 -438 -190 -162 -140 0
478 -397 -351 -121 -179 -496 -425 -58 -184 -162 525 -438 -480 0
141 -496 -121 -211 -351 -338 -336 -341 -313 0
-334 -16 -58 -485 -377 -238 139 -496 -341 -45 -234 -194 -280 -448 -351 -336 0
197 -313 -377 -351 -58 -485 -238 -341 -194 -336 -307 -140 -143 -438 -162 -480 -179 -425 -184 525 -491 -2 -268 0
161 -358 -361 -369 -500 -223 -507 525 -438 -480 -485 -425 -154 -130 -58 0
141 -172 -377 -130 -232 -238 -211 -351 -338 -336 -341 -313 -2 -244 0
-334 -211 -238 -466 -358 -307 -341 -140 -377 -130 -351 -338 -336 -313 -2 -194 -448 0
191 -283 -458 -344 -140 -466 -377 -130 -351 -336 -2 -480 -162 -369 -500 -507 -438 -485 -425 -154 -58 -198 -143 -179 -491 -268 -523 -522 -42 0
456 -162 -58 -510 -190 -438 -480 -523 -140 -218 -279 -319 -454 -103 0
277 -162 -58 -218 -454 -510 -103 -438 -190 -523 -140 -343 -296 -488 0
-162 -319 -438 -510 -190 -523 -58 -279 -218 -454 -103 -140 -480 0
141 -341 -190 -523 -450 -155 -132 -279 -103 -319 -438 -454 -515 0
-334 -238 -513 -157 -255 -515 -103 -319 -523 -438 -454 -450 342 -190 -279 -340 0
-488 -157 -275 -404 -438 -135 -268 -132 -244 -507 -480 -213 -300 -349 -297 -339 -255 -319 -454 -343 -103 -487 -190 -279 -523 0
-341 -258 -319 -103 -132 -454 -300 -275 -404 -438 -507 -480 -213 -190 -279 -523 -450 -515 -218 -155 -42 -140 0
299 -175 -420 -54 -197 -386 -144 -402 -261 -93 -132 0
-334 -353 -218 -300 -386 -132 -195 -273 -62 -450 -345 -454 -140 -103 -370 -319 -308 -186 -335 -340 -190 0
232 -512 -279 -155 -468 0
466 -76 -431 -279 0
520 -234 -279 -155 -466 -308 -186 0
-319 -218 -140 -190 -279 -454 -523 -103 -480 -438 -510 -58 0
449 -522 -313 -274 -279 -155 -308 -186 -58 -467 -76 -282 -160 -334 0
-154 -386 -196 -454 -295 -351 -367 -292 -501 -149 -365 -514 -160 -58 -510 -523 -190 278 0
161 -377 -477 -473 -44 -514 -454 -313 -58 -510 -190 -438 -338 -340 -480 -523 0
278 -292 -367 -454 -58 -313 -510 -190 -438 -340 -480 -523 -196 -279 -334 -218 -352 0
139 -340 -190 -58 -218 -454 -510 -103 -438 -523 -140 -279 -480 0
161 -159 -169 -155 -186 -190 336 -340 -58 -510 -438 -338 -480 -523 0
-340 -218 -190 -510 -438 -480 -523 -58 -279 -454 -103 -140 0
60 -169 -195 -159 -207 -186 -450 -274 -160 -155 0
-218 -480 -58 -438 -510 -523 -190 -279 -454 -103 -140 0
169 -459 -50 -492 -398 -197 -224 -368 -256 -361 -396 -69 0
455 -448 -235 -302 -423 -194 -275 -184 -16 -157 -256 -361 -396 -364 -507 -96 -343 -485 -425 -319 -336 -279 -454 -190 -103 -340 -487 -472 0
488 -343 -254 -300 0
185 -412 -197 -16 -224 -238 -368 -211 -361 -161 -69 -459 -492 -398 -50 -396 -170 -513 -157 0
160 -396 -302 455 -194 -275 -184 -16 -157 -448 -361 -235 -423 -507 -96 -343 -485 -425 -319 -336 -279 -454 -190 -103 -340 -487 -472 0
59 -197 -268 -300 -16 -238 -211 -161 -302 455 -194 -275 -184 -157 -448 -361 -235 -507 -96 -343 -319 -336 -279 -454 -190 -103 -340 -487 -472 -521 -368 -459 -492 -398 -170 -154 0
198 -378 -486 -361 -507 -368 -406 -63 -422 -271 -189 -254 -122 -348 -300 -3 -302 -268 0
225 -459 -96 -358 -426 -256 -492 -180 -72 -398 -368 0
-340 -184 -361 -96 -302 -507 -406 -254 -300 -268 -275 -161 -154 -58 -16 -238 -194 -235 -319 -336 -279 -454 -190 -103 -487 -472 -521 -523 -338 -140 -341 0
-162 -238 -334 -466 -307 -341 -140 -377 -130 -351 -338 -313 -2 -194 -198 -58 -485 -143 -438 -480 -179 -425 -184 525 -491 -268 -161 0
-480 -438 -523 -279 -103 -190 -454 -58 -140 -510 0
-334 -458 -198 -448 -140 -377 -130 -351 -336 -211 -489 -522 -279 -42 -190 -523 -340 0
225 -346 -188 -364 -344 -253 -339 -217 -340 -438 -404 -190 -523 -496 -121 -119 -359 -256 -70 0
342 -157 -154 -448 -205 -58 -171 -425 -466 -68 -95 -362 -523 -522 -42 -190 0
-343 -395 -154 -172 -496 -458 -119 -205 -359 -466 -130 -510 -523 -190 -340 -448 -58 -171 -425 -68 -362 -522 -42 -397 -121 -6 -245 -188 -364 -140 -388 488 -300 0
343 -340 -339 -140 0
-488 -198 -256 -96 -485 -425 -279 -58 -454 -510 -103 -438 -190 -523 -140 -343 277 0
197 -369 342 -157 -154 -58 -448 -425 -466 -68 -171 -205 -523 -522 -42 -190 -188 -364 -344 -253 -339 -217 -340 -438 -404 -119 -256 -123 -491 -2 -303 -268 0
-198 -396 -256 342 -58 -448 -425 -523 -190 -364 -340 -438 -140 -130 -211 -279 -103 -454 -485 -510 0
-488 -62 -313 -448 -197 -256 -361 -396 -96 -336 -279 -454 -190 -340 -103 -321 -485 -425 -58 -510 -438 -523 -140 277 -2 0
156 -211 -454 -448 -279 -190 -340 -58 -510 -438 -523 -140 342 -103 0
485 -236 -271 -120 -63 -496 -50 -8 -137 -296 -23 -122 -507 -412 0
-198 -425 -96 -488 -279 -58 -454 -510 -103 -438 -190 -523 -140 -343 277 -486 -271 -120 -63 -496 -50 -8 -122 -412 0
-425 -43 -313 -309 -271 -398 -122 -385 -96 -488 -279 -58 -454 -510 -103 -438 -190 -523 -140 -343 277 -486 -120 -63 -496 -412 -426 0
481 -233 -309 -466 0
-488 -486 -361 -309 -313 -63 -96 -279 -58 -454 -510 -103 -438 -190 -523 -140 277 -426 -244 -276 -336 -340 -33 0
-211 -448 -140 -279 -190 -523 -340 -103 -454 -58 -510 -438 342 0
211 -361 -454 -309 -313 -96 -279 -58 -510 -103 -438 -190 -523 -140 277 -244 -336 -340 0
342 -340 -454 -103 -190 -279 -58 -510 -438 -523 -140 0
426 -170 -155 -313 -175 -157 -43 -412 -184 -273 -274 -162 -63 -473 -58 0
334 -155 -386 -274 -184 -58 -424 -162 -473 -121 -522 -454 -140 -103 -372 -190 -279 -488 -523 0
456 -512 -232 -523 -58 -218 -454 -510 -103 -438 -190 -140 -402 -386 -279 -488 -32 0
59 -313 -269 -95 -58 -386 -149 -140 -321 -351 -103 -454 -523 -218 -510 -438 -190 -279 -488 -308 -195 -522 -280 -334 -184 -450 -274 0
-319 -198 -140 -159 -176 -103 -321 -340 -454 -334 -190 -279 -488 -523 0
520 -284 -29 -467 -233 -308 -176 0
-198 -29 -510 -507 -454 -522 480 -467 -233 -308 -176 -300 -488 -218 -353 -140 -159 -103 -321 -340 -334 -190 -279 -523 0
-313 -334 -190 -340 -454 -103 -467 -269 -510 -488 -140 -279 -523 -155 -58 -438 0
278 -49 -121 -424 -510 -454 -488 -140 -103 -340 -190 -279 -523 -58 -438 0
277 -488 -454 -58 -162 -510 -103 -438 -190 -523 -140 -343 -218 0
-319 -198 -454 -488 -140 -103 -340 -190 -279 -523 -58 -438 -510 0
-198 -488 -454 -510 -140 -103 -340 -190 -279 -523 -58 -438 0
-104 -488 -140 -523 -58 -190 -340 -454 -103 -510 -279 -438 0
-488 -340 -190 -58 -279 -454 -103 -510 -140 -523 -438 0
521 -16 -485 -154 -58 -274 -157 -184 0
275 -16 -42 -431 -175 -448 -205 -68 -233 -171 -157 -485 -154 -184 -58 0
177 -360 -6 -198 -188 -130 -420 -347 -235 -30 -412 -283 0
-340 -438 -58 -103 -140 -454 -190 -510 -523 -279 0
156 -56 -122 -2 -194 -173 -334 -449 -162 -58 0
321 -198 -130 -303 -188 -268 -283 -491 -179 -485 -425 -58 -154 -2 -334 -162 -315 -522 -190 -377 -246 -523 -372 -351 0
-352 -404 -523 -438 -279 488 0
-438 -103 -190 -523 -279 -454 -58 -140 -510 0
-276 -154 -198 -103 -340 -454 -334 -190 -279 -488 -523 -510 -58 -140 0
-319 -130 -498 -30 -190 -198 -334 -448 -340 -454 -140 -186 -103 -279 -488 -523 0
276 -340 -334 -103 -140 -454 -190 -279 -387 -219 -488 -198 -523 -162 -58 0
-340 -162 -454 -103 -198 -58 -488 -510 -334 -523 -190 -279 -140 0
141 -488 -523 -190 -279 438 -454 -103 0
-319 -198 -488 -190 -279 -334 -454 -140 -103 -523 -275 438 -510 0
-198 -334 -523 -454 -190 -279 -488 -510 -140 -103 -58 0
278 -162 -140 -334 -450 -303 -195 -480 -338 -343 -225 -506 -299 -296 -270 -219 0
158 -233 -450 -334 -162 -480 -274 -134 -420 -184 0
-162 -106 -292 -195 -334 -274 -450 -184 -170 -157 -480 -134 -420 -488 -468 -270 -279 -140 -303 -338 -343 -225 -506 -299 -296 -219 0
277 -490 -488 -270 0
-319 -334 -488 -279 -58 -140 -510 -190 -523 -454 -103 0
-334 -488 -454 -510 -523 -190 -279 -58 -140 -103 0
278 -162 -398 -140 -108 -197 -343 -488 438 -353 -296 -523 -521 -340 -190 0
522 -418 -448 -69 -205 -170 -157 -223 -492 -426 -459 -180 -358 -398 -368 -137 -301 -162 -76 -480 -338 -523 -340 -190 0
-509 -102 -201 -12 -486 -285 -58 -300 -275 438 -510 0
185 -201 -205 -76 -190 -300 -523 -448 -486 -58 438 -510 -175 -69 -418 -170 -157 0
298 -358 -459 -5 -248 -137 -189 -370 -301 -76 -480 -365 -162 -101 -11 -284 0
196 -300 -190 -523 438 -340 -459 -5 -137 -189 -370 -76 -365 -162 -157 -205 -448 -486 -58 -510 -69 -170 -521 -492 -426 -180 -398 -368 -338 -144 0
341 -448 -438 -162 -404 -480 -523 -334 -190 0
342 -185 -480 -488 -523 -190 -438 -279 -58 -140 -510 -340 0
103 -44 -377 -340 -520 -190 0
341 -279 -488 -190 -523 -438 -254 -58 -140 -510 -340 -480 -162 -334 0
-279 -284 -488 -254 -131 -334 -438 -162 -480 -269 -523 -190 -58 -140 -510 -340 0
-510 -334 -298 -438 -523 -340 -488 -190 -480 -162 -58 -140 0
436 -279 -298 -488 -509 -353 0
-454 -176 -285 -476 -298 -505 -345 -279 -218 -488 -353 -455 -334 -520 -340 -103 -190 0
-520 -103 -160 -195 -207 -450 60 -186 -511 -321 -353 -298 -488 -476 -505 -345 -279 -218 -334 -340 -169 -190 -28 -276 -522 0
-103 -411 -316 -298 -488 -218 -453 -511 -279 -234 -466 -308 -186 -160 -195 -207 -450 60 -321 -353 -476 -505 -345 -334 -340 -169 -190 -28 -276 -522 0
-334 -480 -340 -190 -298 -488 -58 -162 -140 -438 -523 0
-454 -520 -190 -523 -103 -319 -488 -279 -58 -438 -340 -140 0
524 -510 -279 -284 -205 -448 -58 -338 -162 -295 -254 -480 -218 -520 -340 -438 -131 -354 -298 -488 -190 0
-510 -284 -295 -254 -480 -131 -140 -269 -218 -162 -488 -523 -190 -438 -279 -58 -340 -338 -520 -354 -298 0
71 -196 -319 -301 -225 0
-520 -218 -58 -162 -103 -480 -190 -438 -523 -140 -488 -279 -340 -298 0
520 -103 -140 -58 -480 -340 -438 -298 -488 -279 -190 -523 -162 0
-103 -279 -140 -480 -488 -523 -190 -438 -340 -58 -162 -298 0
-520 -208 -246 -488 -349 -276 -454 -186 -173 -522 -340 -139 -190 0
-279 -480 -438 -190 -488 -340 -523 -58 -162 -298 -140 0
-480 -298 -438 -523 -340 -488 -190 -58 -162 -140 0
161 -511 -223 -131 -198 -177 -284 -510 -388 -238 -274 -154 -211 -58 0
184 -475 -284 -58 -194 -154 -292 -521 -177 -499 -365 -131 -162 -223 -198 -510 -388 -238 -211 -135 0
176 -484 342 -190 -336 -131 -58 -162 -466 -431 -446 -103 -66 -388 -223 480 -506 -510 -198 -420 0
219 -198 -131 -177 -284 -510 -238 -154 -211 -58 -162 342 -190 -336 -466 -431 -103 480 -222 -157 -186 -194 -292 -521 -365 -507 -295 -254 0
161 -194 -292 -254 342 -190 -336 -131 -58 -162 -466 -431 -103 480 -510 -198 -507 -319 -177 -222 -157 -186 -238 -275 -211 0
184 -154 -58 -275 -521 -175 0
525 -510 -162 -190 -58 -298 -488 -279 -438 -340 -140 -523 -520 0
177 -103 -386 -319 -460 -223 -388 -82 -200 -131 -284 0
-103 -335 -195 -190 -340 -516 -162 -29 -131 -513 -284 -176 -386 -460 -82 -486 -254 -218 -353 -488 -58 -438 -279 -510 -140 -523 0
177 -497 -211 -149 -131 -516 -233 -16 -477 -29 -413 -284 0
-510 -520 -523 -58 -190 -279 -488 -340 -162 -438 -140 -298 0
132 175 -298 0
157 -66 -486 -16 -201 -375 -412 0
224 -48 -497 -103 -56 -319 -360 -257 -367 -198 0
-319 -497 -103 -360 -257 -362 -35 -486 -215 -201 -165 -418 -159 -16 -375 -412 -389 -254 -218 -353 -488 -190 -523 -279 -520 -58 -438 -340 -140 0
-284 175 -190 -340 -103 -523 -279 -520 -58 -438 -140 -162 -298 -488 0
175 -103 -58 -190 -340 -162 -523 -279 -520 -488 -140 -438 -298 0
59 -197 -492 -269 -475 -149 -414 -386 -486 -276 -31 0
196 -187 -140 -103 -159 -388 -420 -438 403 -197 -478 -42 -368 0
160 -112 -372 -314 -140 -103 -3 -386 -319 -269 -159 -388 -420 -438 403 -478 -42 -303 -499 -347 -365 0
197 -257 -249 -372 -335 -103 -319 -225 0
419 -483 -308 -232 -16 -159 -28 0
-319 -103 -162 -140 -438 -298 -190 -523 -488 -279 -520 -58 -340 0
515 -169 -140 -159 -176 -505 -298 -285 -454 -279 -218 -488 -353 -455 -334 -520 -340 -103 -190 -394 0
497 -293 -520 -190 -340 -57 -48 -210 -51 0
-103 -520 -298 -190 -340 -162 -140 -279 -488 -58 -438 -523 0
130 -483 -95 -63 -351 -246 -399 -331 -55 -210 0
161 -335 -190 -340 -195 -516 -477 -413 -176 -298 -131 -95 -63 -351 -246 -399 -331 -55 -233 -239 -211 0
336 -187 -390 -5 -66 -93 -159 -43 -420 -308 -28 -16 -483 -280 -206 -190 -340 -193 0
-520 -279 -340 -298 -162 -58 -190 -488 -140 -438 -523 0
131 -319 -175 -368 -32 -144 -505 -343 -386 -296 -197 -218 -353 -279 -488 -298 -162 0
177 -448 -280 -378 -335 -372 -402 -144 -32 -386 -197 -419 -284 0
-448 -93 -313 -483 -280 -378 -244 -372 -350 -170 -438 -478 -58 -276 -298 -405 -279 -488 -218 -157 -523 -162 -454 -190 -16 -319 -513 -175 -335 -402 -144 -32 -386 -197 -419 -284 0
-319 -130 -103 -340 -159 -190 -279 -488 -523 -58 -162 -438 -298 -140 0
455 -448 177 -335 -372 -402 -280 -386 -197 -419 -284 -103 0
160 -390 -225 -65 -396 -58 -505 -454 278 -295 177 -335 -372 -402 -280 -386 -197 -419 -284 -103 -303 -365 0
161 -396 -155 -190 -340 336 -58 0
-176 -31 -1 -140 -276 -149 520 -284 -308 -58 -505 278 -362 -295 -103 -195 -430 -334 -335 -372 -280 -386 -197 -162 -190 -340 -169 -159 -420 -16 0
-197 -284 -276 487 -523 -280 -478 -298 -58 -488 -162 -279 -218 -190 -16 -78 -505 -353 -295 278 -340 -169 -159 -140 -149 520 -334 -308 -362 -103 -195 -335 -372 -386 -196 0
-154 -193 -295 336 -334 -276 487 -523 -280 -478 -522 -298 -58 -488 -162 -454 -279 -218 -190 -16 -431 -78 -505 -353 278 0
513 -419 -276 -159 -232 -184 0
160 -346 -58 -211 -262 -130 -298 -140 -489 -343 -149 -224 -159 -367 -276 -419 -284 -70 520 -308 -256 -295 336 -334 -523 -280 -478 -488 -162 -279 -218 -190 -16 -78 -505 -353 278 -195 -169 0
-284 -130 -340 -58 -162 -211 -262 -190 -298 -140 -489 -343 -149 -159 -367 -276 520 -308 -295 -334 -523 -280 -478 -488 -279 -218 -16 -78 -505 -353 278 -195 -169 -303 -362 -103 -335 -372 -386 -196 0
-130 -159 -340 -58 -162 -190 -140 -298 -523 -488 -279 -103 -438 0
176 -197 -107 -351 -140 480 -190 -488 -103 -279 -454 -292 -353 -218 -257 -298 -156 -162 -58 -513 -100 0
177 -284 -100 0
176 -107 -335 -140 480 -190 -488 -103 -279 -454 -353 -218 -257 -298 -156 -162 -58 -513 -100 -449 -159 0
-159 -103 -488 -298 -190 -140 -279 -162 -58 -340 -523 -438 0
336 -396 -218 -279 -190 -340 -58 -162 -353 -449 -320 0
394 -103 -190 -279 -488 -454 -523 -335 -218 -340 -58 -162 -353 -171 0
-103 -279 -190 -488 -523 -162 -58 -298 -340 -140 -438 0
253 -500 -58 -454 -162 -488 -365 -353 -31 -218 0
450 -233 -162 -58 -190 -454 -298 -218 -175 -319 -468 -365 -285 -353 -279 -113 -254 -488 -31 -294 -195 -205 0
334 -319 -298 -162 -58 -190 -454 -218 -279 309 -175 -365 -353 -254 -488 -294 -195 -52 -386 -142 -44 -376 -372 0
-449 -197 -303 -368 -298 -254 -488 -218 -279 -162 -58 -190 -454 336 -340 -294 -170 0
-279 -298 -438 -523 -190 -162 -58 -488 -340 -140 0
60 -175 -511 -477 -184 -514 -484 -274 0
321 -365 -82 -162 -58 -477 -274 -194 -292 -501 480 -510 -521 -295 -523 -438 -298 -454 -218 -190 -103 -140 -196 0
385 -33 -454 -182 -103 0
60 -454 -474 -295 -103 -78 -510 -479 -169 -367 -361 -449 -196 -507 -182 -386 0
-298 -340 -58 -523 -438 -190 -140 -162 -488 0
-103 -218 -253 -345 -438 -140 -403 -104 -58 -340 -190 -279 -523 -454 0
161 -480 -403 -438 -190 -338 -521 -340 -523 -58 0
450 -209 -130 309 -234 -294 -195 -350 -335 0
196 -70 -302 -225 0
387 -181 -142 0
-181 -142 -385 0
-218 -350 -279 -130 -268 -438 -162 -403 -190 -521 -340 -523 -58 -140 -345 -296 -253 -354 -104 -454 0
198 -120 -95 -360 -122 -256 -3 -70 -488 277 -268 -223 0
450 -256 -426 -492 -459 -180 -368 -360 -197 -95 -3 -488 277 -268 -244 -361 -350 -69 -335 -170 0
173 -44 -313 -93 0
334 -256 -184 -170 -69 -154 -361 -58 -426 -95 -492 -157 -459 -180 -368 -197 -268 -3 -313 -130 -244 -466 309 -350 -206 0
160 -197 -268 -3 -95 -238 -292 -195 -350 -335 -184 -170 -69 -361 -58 -426 -492 -157 -459 -180 -368 -313 -130 -244 309 -488 277 0
336 -30 -283 -175 -414 -157 -477 -170 -516 -449 -190 -340 0
-103 -454 -190 -340 -523 -58 -438 -162 -140 -488 0
320 -367 -69 -361 -171 0
450 -197 -486 -56 -506 -457 -256 -120 -360 -58 -319 -69 -361 -501 -294 -195 -205 0
-197 -120 -360 -56 -268 -164 -494 -3 -233 -173 -205 -448 -486 -506 -457 -256 -58 -319 -69 -361 -501 -294 -195 0
334 -95 -294 -195 -56 -233 -44 -402 -142 -385 -360 -268 -494 -3 -173 -486 -506 -457 -58 -319 -69 -361 -501 -162 -403 -438 -190 -338 -521 -340 -523 -376 -371 -350 0
-103 -454 -279 -58 -140 -488 -190 -523 -319 -334 -340 -162 0
-454 -496 -95 -121 -140 -279 -58 -488 -190 -523 -319 -334 -340 -162 -351 -456 0
-488 -162 -140 -351 -104 -279 -58 -190 -319 -334 -340 -225 -525 -353 -299 -2 -270 277 0
-438 -523 -232 -142 -239 -387 -42 -437 -334 -162 341 -480 -466 -448 -190 0
-523 -33 -58 -387 -154 -142 -187 -346 -230 -466 -364 -232 -499 -239 -253 -42 -217 -437 -334 -162 341 -480 -448 -190 -525 0
41 -505 -225 -368 -403 -361 0
456 -364 -232 -42 -225 -368 -361 -387 -58 -154 -230 -466 -279 488 -217 -334 -162 341 -448 -190 -525 -303 -478 -211 -340 -293 -104 0
234 -57 -63 -378 -123 -313 173 -333 -130 -208 -211 -238 0
-162 341 -232 -42 -525 -361 -279 -368 -172 -293 -522 -351 -104 -225 -387 -58 -230 -334 -360 -448 -190 -303 -340 -319 -353 -299 -2 -270 277 -161 0
-234 -134 -480 -221 -372 -522 -431 -308 -513 -466 -232 0
510 -390 -462 -30 -420 -275 -83 0
-103 -83 -509 -225 -334 -279 -58 -140 -488 -190 -523 -319 -462 -30 -420 -275 -217 -366 -253 -345 -104 0
-488 -95 -425 -472 -351 -140 -509 -225 -334 -279 -58 -190 -523 -319 -30 -420 -275 -217 -366 -104 -317 -483 -132 -299 -2 -487 0
337 -509 -42 -240 -480 -213 0
-523 -213 -275 -42 -217 -387 -32 -293 -104 -366 -140 -338 -480 -425 -472 -351 -225 -334 -279 -58 -190 -319 -420 -317 -132 -299 -2 -487 -221 -372 -522 -431 -308 -513 -466 -232 -525 0
105 -133 -372 -281 -480 -338 -522 -344 -455 -140 0
-340 -104 -293 -372 -281 -522 -353 -42 -387 -351 -225 -334 -279 -58 -190 -319 -420 -317 -299 -2 -221 -431 -232 -525 -361 -368 -172 -230 -360 -448 -303 -270 277 -161 -342 0
-488 -246 -95 -351 -454 -2 -270 277 0
219 -175 -420 -159 -184 -134 -281 -214 -44 -70 -401 -225 -346 -142 -33 -368 -364 -387 -499 -112 -437 -253 0
-234 -209 -130 -5 -187 -346 -230 -364 -499 -112 -253 -138 -217 -420 -159 -134 -281 -214 -70 -225 -142 -33 -368 -387 -437 -172 -315 -522 -307 -466 -232 0
160 -480 -42 -5 -187 -230 -364 -499 -253 -217 -420 -159 -134 -281 -225 -142 -33 -368 -387 -172 -315 -522 -307 -466 -232 -372 -337 -303 -76 -509 0
-480 -376 -515 -315 -232 -522 -466 -360 -523 -42 -217 -387 -293 -104 -140 -425 -472 -351 -225 -334 -279 -58 -190 -319 -420 -317 -299 -2 -487 -221 -372 -431 -525 -303 -142 -253 -499 -154 -33 -364 -161 -5 -187 -230 -159 -281 -368 -172 -307 -337 -76 0
-234 -259 -45 -172 -315 -522 -307 -466 -232 0
-254 -276 -159 -483 -16 -232 -308 -30 -420 -58 -154 -414 -485 -230 -506 -297 -166 -499 -217 -112 -345 -489 -344 0
92 -199 -11 -485 -347 -414 -303 -235 -379 -130 0
-157 -11 -30 -420 -485 -154 -58 -184 -16 521 -159 0
436 -159 -515 -58 -483 -16 -232 -308 -420 -170 -30 -485 -154 -184 -522 -315 -45 -172 -303 -130 -360 -256 -225 -368 -137 -499 -217 -230 -297 -345 -489 -344 -240 -33 -42 -509 -142 -387 0
-140 -523 -279 -334 -58 -225 -515 -368 -387 -232 -420 -170 -522 -172 -303 -360 -230 -42 -307 -281 -337 -161 -190 -293 -104 -351 -319 -317 -299 -2 -221 -372 -431 -525 -5 -270 277 -139 0
60 -396 -515 -154 0
438 -211 -240 -337 -42 -478 -509 0
-159 -276 -58 -515 -154 -16 -483 -232 -308 -420 -170 -158 0
160 -483 -130 -317 -420 -283 -411 -30 -513 -58 -515 -154 -232 -308 -170 -158 -134 -337 -240 -42 -509 -437 0
-308 -390 -170 -420 -158 -225 -509 -317 -501 -154 -364 -130 -58 -161 -283 -411 -515 -232 -134 -337 -42 -437 -466 -307 0
419 -130 -482 -317 -283 -310 -175 0
255 -509 -411 -317 -158 -420 -172 -314 -232 -522 -466 -170 -225 -154 -58 -161 -515 -134 -337 -42 -307 -344 -299 -217 0
-159 -513 -342 140 -255 -299 -161 -172 -522 -217 -134 -58 -515 -154 -483 -232 -308 -420 -170 -30 -375 0
510 -451 -186 -275 0
131 -175 -522 -284 -387 -299 -351 -245 -217 -255 -225 -58 -275 -509 -186 -411 -460 -317 -483 0
418 -130 -299 -522 -387 -351 -245 -217 -255 -225 -58 -509 -186 -411 -317 -483 -30 0
132 -62 -172 -273 -314 -522 -157 -154 -58 -274 -16 -485 -134 -30 -317 -420 -130 -411 -483 -513 -515 -232 -308 -170 -158 -337 -240 -42 -509 -283 -161 0
276 -461 -319 -225 -342 140 -299 -368 -255 -196 -317 -483 -130 -172 -522 -157 -154 -58 -274 -16 -134 -30 -420 -411 -513 -515 -232 -308 -170 -337 -240 -42 -509 -283 -161 0
275 -513 -154 -186 -58 0
-130 -483 -225 -342 140 -299 -368 -255 -196 -317 -319 -172 -522 -157 -154 -58 -134 -30 -420 -411 -513 -515 -232 -308 -170 -337 -240 -42 -509 -161 -387 -351 -217 -186 0
276 -100 -522 -285 -62 -172 -30 -281 -134 -480 -342 140 -240 -255 -42 -217 -509 -405 0
-308 -134 -172 -281 -522 -342 140 -42 -217 -509 -58 -299 -161 -225 -368 -196 -317 -319 -154 -420 -411 -515 -232 -170 -337 -387 -351 -466 -307 0
162 -57 -63 -256 -58 0
28 -175 -420 -317 -310 -130 -482 0
-283 -482 -411 -317 -130 -509 -276 -154 -58 -158 -175 -420 -285 -310 0
-483 -175 -522 -387 -299 -351 -245 -217 -255 -225 -58 -284 -509 131 -411 -317 -184 -158 -420 -310 -482 0
419 -388 -319 -225 -368 -187 -196 -10 -460 -175 0
510 -162 -190 -58 -276 -298 -154 -454 -279 -334 -170 -344 -184 -364 -411 -522 -314 -489 -172 -317 -368 -293 -158 -420 -319 -225 -187 -196 -10 -460 -175 -83 0
-523 -368 -190 -206 -293 -58 -279 -170 -411 -522 -172 -317 -334 -420 -319 -225 -196 -387 -299 -351 -104 -161 -232 -360 -281 -342 -42 -515 -337 -307 -303 -230 -2 -221 -372 -431 -525 -5 -270 277 -139 0
-298 -310 -317 -130 -509 -276 -154 -58 -283 -175 -420 -411 -139 -254 -489 -344 -299 0
-158 255 -154 -58 -522 -276 -411 -317 -509 -420 -172 -175 -232 -466 -170 -225 -161 -515 -337 -42 -307 -344 -299 -217 -139 -157 0
418 -283 -307 -175 -466 -232 -238 -337 -478 -133 -276 -58 -154 -230 -161 -506 -472 -296 -32 -385 -293 -104 -139 -522 -411 -317 -509 -420 -172 -170 -225 -515 -42 -299 -217 -254 488 -130 -489 0
-283 -130 -104 -133 -334 -450 -337 -522 -317 -307 -466 -411 -385 -509 -276 -154 -58 -175 -420 -238 -232 -515 -170 -172 -225 -161 -42 -299 -217 -139 -254 -478 -230 -506 -472 -296 -32 -293 488 -489 0
-130 -483 -387 -299 -351 -175 -217 -522 -225 -58 -509 -411 -317 -420 -276 -232 -238 -161 -478 -337 -139 -254 -489 -104 -133 -334 -450 -307 -466 -385 -154 -515 -170 -172 -42 -230 -506 -472 -296 -293 488 0
-483 -509 -281 -522 -342 -42 -217 -172 -58 -299 -161 -225 -368 -196 -317 -319 -154 -420 -411 -515 -232 -170 -337 -387 -351 -466 -307 -139 -478 -254 -489 -175 -276 -238 -104 -133 -334 -450 -385 -230 -506 -472 -296 -293 488 0
338 -478 -161 -213 0
-509 -175 -133 -334 -450 -337 -522 -317 -307 -466 -411 -154 -58 -104 -420 -232 -515 -170 -172 -225 -161 -42 -299 -217 -139 -254 -230 -472 -296 -293 488 -489 -281 -342 -368 -196 -319 -387 -351 -437 -508 0
300 -283 -175 -130 0
479 -483 -175 -28 -232 -230 -161 -364 -390 -225 -42 -507 -368 -403 -361 -385 -472 -296 -32 -104 -455 -139 -522 -114 -281 -184 -137 -372 -337 -303 -133 -76 0
30 -240 -232 -17 0
-483 -283 -317 -175 -420 -130 -28 -232 -411 -452 -184 -161 -478 -337 -133 -230 -364 -390 -225 -42 -507 -368 -403 -361 -385 -472 -296 -32 -104 -455 -139 -522 -114 -281 -137 -372 -303 -76 0
-283 -130 -28 -232 -175 -317 -420 -411 -452 -184 -161 -337 -133 -230 -225 -42 -368 -361 -472 -296 -104 -139 -522 -281 -137 -372 -303 -76 -387 -437 -404 -254 488 -299 0
-130 -496 -360 -148 -307 -466 -515 -154 -58 -161 -42 -337 509 -254 -489 -299 -28 -232 -175 -317 -420 -411 -184 -133 -230 -225 -368 -361 -472 -296 -104 -139 -522 -281 -137 -372 -303 -76 -387 -437 488 0
130 -404 -361 -225 -42 -368 -254 -489 -344 -299 -83 0
-184 -283 -104 -522 -133 -175 -58 -420 -275 -130 -232 -317 -411 -452 -161 -337 -230 -225 -42 -368 -361 -472 -296 -139 -281 -137 -372 -303 -76 -387 -437 -404 -254 488 -299 0
-283 -83 -170 -161 -172 -130 -420 -232 -154 -58 -175 -275 -104 -522 -133 -317 -411 -452 -337 -230 -225 -42 -368 -361 -472 -296 -139 -281 -137 -372 -303 -76 -387 -437 -404 -254 488 -299 0
-175 -148 -360 -307 -466 -515 -154 -58 -161 -42 -337 -254 -489 -299 -232 -317 -420 -411 -133 -230 -225 -368 -361 -472 -296 -104 -139 -522 -281 -137 -372 -303 -76 -387 -437 488 -170 -172 -334 -450 -217 -293 -342 -196 -319 -351 -508 0
-298 -130 175 -299 0
132 -273 -172 -62 -314 -165 -66 -257 -390 -161 -83 0
-319 -299 -225 -42 -361 -317 -196 -58 -522 -420 -360 -515 -411 -230 -303 -387 -334 -450 -293 -190 -279 -2 -221 -270 277 -448 -321 0
-30 -508 -411 -275 -390 -420 -83 -184 -317 -159 -482 -232 -28 0
284 -101 -175 0
131 -184 -275 -159 -411 -390 -420 -317 -232 -175 -283 0
285 -102 -175 0
30 -210 -2 -172 -522 -466 -232 -293 -139 -103 -455 -483 -275 0
-184 -364 -170 -420 -525 -225 -317 -130 -154 -437 -390 -58 -161 -501 -411 -515 -232 -337 -42 -283 -466 -175 -403 -361 -172 -293 -139 -296 -103 -455 -522 -275 -2 -159 0
184 -283 -420 -175 -275 -159 -58 -154 0
29 -253 -487 -279 -352 -103 -275 -159 -411 -184 -420 -317 -232 -175 -283 -522 -130 0
315 -93 -313 -172 -273 -62 0
28 -283 -420 -525 -225 -317 -130 -154 -58 -161 -411 -515 -232 -42 -170 -466 -175 -403 -361 -172 -293 -103 -522 -275 -2 -159 -253 -279 -352 -487 -62 0
-283 -130 -487 -472 -351 -103 -2 -172 -522 -466 -232 -293 -275 -342 -425 -175 -420 -525 -225 -317 -154 -58 -161 -411 -515 -42 -170 -361 -159 -279 -352 -62 -299 0
140 -482 -466 -28 -522 -420 -455 -342 -159 -103 0
-130 -175 -221 -372 -522 -431 -513 -466 -232 -361 -367 -342 -293 -161 -420 -159 -103 -279 -352 -487 -299 -472 -351 -2 -172 -275 -425 -42 -525 -225 -317 -154 -58 -411 -515 -170 -62 0
-28 -29 -339 -221 -372 -522 -431 -513 -466 -232 -342 -141 -420 -455 -159 -103 -480 0
-283 -455 -103 -141 -522 -159 -420 -275 -339 -221 -372 -431 -513 -466 -232 -342 -480 -285 -175 -58 -154 0
-175 -103 -522 -159 -420 -275 -221 -372 -431 -513 -466 -232 -342 -58 -154 -279 -352 -487 -299 -161 -361 -367 -293 -472 -351 -2 -172 -425 -42 -525 -225 -317 -411 -515 -170 -62 0
269 -361 -522 -58 -279 -420 -293 -42 -225 -317 -411 -515 -196 -360 -230 -303 -387 -334 -450 -190 -270 -448 -321 0
-106 -496 -208 0
233 -283 -170 -321 -225 -473 -351 -58 -161 -488 -175 -361 -298 -275 -28 0
-283 -159 -58 -190 -161 -42 -175 -361 278 -298 -431 -420 -279 -28 -232 -170 -321 -225 -351 -275 0
300 -103 -35 -485 -473 -68 -170 -321 -387 -298 -488 -218 -411 -275 -28 -420 -30 -184 -317 -159 -232 -403 -130 0
299 -184 -515 -170 -342 -490 -411 -275 -28 -420 -30 -68 -317 -159 -232 -321 -293 -212 278 -154 -58 -190 -161 -403 -130 0
-184 -154 -279 -321 -403 -35 -68 -170 -387 -411 -275 -28 -420 -30 -317 -159 -232 -130 -515 -342 -490 -293 -212 278 -298 -58 -190 -161 0
-154 -368 -225 -303 -321 -293 -130 -298 -161 -525 -478 -10 -175 -275 -58 -279 -403 -35 -68 -170 -387 -411 -28 -420 -30 -317 -159 -232 -515 -342 -490 -212 278 -190 0
300 -184 -68 -372 -170 -249 -321 -447 -298 -488 -218 -411 -275 -28 -420 -30 -473 -317 -159 -232 -403 -130 0
-184 -347 -303 -225 -368 -321 -293 -411 -218 -525 -161 -403 -130 -298 -68 -372 -170 -249 -447 -488 -275 -28 -420 -30 -473 -317 -159 -232 0
-30 -130 -225 -321 -293 -303 -298 -161 -525 -275 -175 -411 -372 -170 -28 -420 -317 -159 -232 -10 -58 -279 -387 -515 -342 -490 278 -190 -42 -361 -431 0
185 -103 -159 -184 -372 -133 -140 -281 -478 -522 0
404 -454 -401 -473 -467 -361 -342 -431 -77 -184 -159 -372 -281 -522 -170 -525 -321 -343 -387 -161 -298 -488 -218 -239 -508 -42 0
455 -140 -309 -342 -522 -103 0
-154 -33 -436 -387 -58 -297 -515 -396 278 -454 -505 0
513 -276 -232 -159 -175 -184 0
300 -437 -342 -522 -103 -482 -234 -431 -361 -58 278 -154 -140 -42 -401 -184 -159 -372 -281 -170 -525 -321 -387 -161 -298 -239 -508 0
436 -462 -303 -175 -420 -225 -10 -411 -364 -321 -184 -140 -293 -159 -372 -103 -281 -478 -522 -254 -84 278 -276 -58 -190 -154 -404 0
-437 -140 -159 -372 -103 -184 -281 -522 278 -276 -58 -190 -154 -303 -175 -420 -225 -10 -411 -321 -293 -317 -482 -161 -130 -298 -342 -234 -431 -361 -42 -401 -170 -525 -387 -239 -508 0
-140 -103 -130 -161 -342 -522 -298 -482 -234 -431 -361 -42 -508 -387 -159 -372 -184 -281 278 -276 -58 -190 -154 -303 -175 -420 -225 -10 -411 -321 -293 -317 -401 -170 -525 -239 0
-480 -133 -522 -184 105 160 -159 -334 -450 0
-133 160 30 -161 -337 -522 -184 105 -232 -159 -334 -450 0
299 -437 278 -58 -190 -154 -525 30 -161 -337 -522 -184 105 -232 -159 -334 -450 -130 0
-437 140 278 -58 -190 -154 -496 -351 -361 -342 -431 -184 -159 -372 -281 -522 -170 -525 -321 -387 -161 -298 -508 -42 30 105 -232 -334 -450 -130 0
-103 -508 -372 -361 -42 -431 -387 278 -58 -190 -496 -351 -342 -184 -159 -281 -522 -170 -525 -321 -161 -298 30 -232 -334 -450 -130 -10 -175 -420 -303 -225 -411 -293 -317 0
300 -404 -345 -437 -488 -218 0
438 -254 -225 -361 -42 -368 -84 -404 -218 0
-404 -437 278 -276 -58 -190 -154 -353 -225 -361 -42 -368 -130 -298 -345 0
-437 -345 -353 -508 278 -276 -58 -190 -154 -225 -361 -42 -368 -130 -298 0
141 -376 -372 -234 -172 -522 -232 -431 -361 -42 -454 -508 -387 -353 278 -276 -58 -190 -154 -225 -368 -130 -298 -293 0
-437 -404 -454 -496 -58 278 -154 140 -190 -351 -353 -342 -276 -225 -361 -42 -368 -130 -298 0
-404 -130 -225 -172 -5 -368 -187 -361 -522 -42 -454 -167 -508 -387 -496 -58 278 -154 140 -190 -351 -353 -342 -276 -298 0
-130 -159 -58 -190 -225 -361 -42 -298 -342 -431 278 -372 -281 -522 -170 -525 -321 -387 -161 -172 -351 -175 -420 -232 -293 -334 -450 -303 -411 -317 -275 -28 -279 -515 -490 0
-159 -275 -58 -190 -225 -361 -42 -298 -342 -431 278 -372 -281 -522 -170 -525 -321 -387 -161 -172 -351 -420 -232 -293 -334 -450 -303 -411 -317 -175 -28 -279 -515 -490 0
-276 -437 -42 -171 320 -404 -361 -293 -141 -58 278 -154 -190 -351 -342 -225 -130 -298 -275 0
362 -154 -58 -298 -394 -130 -334 -218 -190 -473 -404 -67 -42 0
-154 -404 -279 -186 -155 -360 -232 -467 -225 -431 -171 -361 320 -58 -298 -394 -130 -334 -218 -190 -473 -522 -67 -42 0
405 -508 -525 -218 -353 -437 0
274 -437 -58 -342 -473 -141 -488 -279 -186 -155 -225 -431 -171 -361 320 -218 -161 -42 -404 -525 -522 -511 0
-437 -404 -218 -525 -42 -361 -431 -467 -232 -28 -275 -58 -342 -473 -141 -488 -279 -186 -155 -225 -171 320 -161 -522 -511 0
-405 -479 -220 -420 -77 -175 -431 -511 -361 -411 -186 -42 -275 -438 -404 0
-404 -130 -232 -28 -161 -525 -275 -186 -298 -220 -420 -77 -175 -431 -361 -411 -42 -218 -467 -58 -342 -473 -141 -488 -279 -155 -225 -171 320 -522 -360 -394 -334 -190 -67 0
404 -319 -279 -58 -488 -190 -334 -141 -342 -431 -467 -232 -28 -275 -298 -218 -353 0
-437 -404 -218 -525 -42 -361 -431 -467 -360 -258 -522 -394 -186 -155 -232 -28 -275 -58 -342 -473 -141 -488 -279 -225 -171 320 -161 0
-275 -28 -170 -321 -225 -351 -58 -161 -361 -298 -175 -232 -431 -279 -525 -42 -360 -522 -342 -220 -420 -411 -334 -190 278 -372 -281 -387 -172 -293 -450 -303 -317 -515 -490 0
-28 -175 -522 -232 -58 -170 -321 -225 -351 -161 -361 -298 -431 -279 -525 -42 -360 -342 -220 -420 -411 -334 -190 278 -372 -281 -387 -172 -293 -450 -303 -317 -515 -490 0
-404 -389 -225 -295 -473 -485 -454 -82 -405 438 0
233 -307 -515 -258 -476 -360 -414 -396 -16 -481 -238 0
234 -213 -161 -431 -279 -339 -467 -42 -480 -509 0
-175 -298 -515 -360 -232 -161 -431 -279 -42 -225 -58 -522 -420 -170 -321 -351 -361 -525 -342 -220 -411 -334 -190 278 -372 -281 -387 -172 -293 -450 -303 -317 -490 0
-437 -438 -158 -29 -170 -283 -321 -298 -525 -218 -404 -185 0
-405 -479 -58 -511 -161 -232 -185 -467 -77 -431 -361 -42 -438 -404 0
-438 -404 -220 -431 -372 -77 -161 -525 -132 -298 -58 -511 -232 -185 -467 -361 -42 -247 -158 -29 -170 -283 -321 -218 0
-404 -488 -334 -520 -190 -321 -170 -158 -185 -342 -511 -308 -232 -467 -431 -361 -42 -218 -220 -372 -77 -161 -525 -132 -298 -58 -247 -29 -283 0
-361 -42 -225 -58 -334 -190 -321 -522 -420 -515 -360 -279 -411 -387 -293 -450 -303 -317 -270 -196 -230 -448 0
319 455 437 -508 -478 -488 -279 -190 -159 -298 -58 -438 -18 -342 -522 -62 -450 -334 -454 -206 -161 -218 -353 0
-489 -10 -175 -420 -462 -196 -319 -225 -72 -364 -505 -298 -296 -254 -218 -353 -488 0
489 -353 -58 -298 -162 -190 -488 -438 -218 -339 0
299 -489 -175 -420 -317 -196 -319 -225 -72 -364 -505 -298 -296 -218 -353 -488 -482 -285 -130 0
-353 -496 -488 -62 -172 -298 -351 -293 -342 -32 -175 -197 -218 -279 -505 -317 -196 -482 -285 -367 -522 437 -508 -478 -190 -159 -58 -438 -18 -450 -334 -206 -161 -473 -485 0
233 -490 -488 -351 -293 -159 -307 -342 -161 -478 -232 437 -508 -172 -298 -197 -218 -279 -505 -317 -196 -367 -522 -190 -58 -438 -450 -334 -206 -473 -276 -155 -513 0
300 -249 -372 -447 -165 -104 -298 -501 -489 -293 -411 -184 -159 -420 -30 -275 -317 -28 -508 -232 -253 -130 0
177 -275 -473 -454 -295 -225 -72 -196 -319 -364 -253 -293 -298 -489 -343 -372 -447 -165 -104 -501 -411 -184 -159 -420 -30 -505 -317 -28 -508 -232 -130 0
-275 -72 -130 -411 -184 -159 -420 -30 -317 -508 -232 -256 -298 -172 -253 -34 -225 -505 -515 -58 -295 278 -162 -218 -190 -522 -513 -175 -196 -319 -364 -293 -489 -372 -447 -165 -104 -501 -16 -276 0
28 -175 -298 -420 -130 0
-319 -501 -130 -411 -184 -159 -420 -30 -317 -508 -232 -256 -298 -172 -253 -34 -225 -505 -515 -58 -295 278 -162 -218 -190 -522 -513 -175 -196 -364 -293 -489 -372 -447 -165 -367 -16 -276 -321 0
105 -149 -386 -269 -197 -414 -34 -276 -175 -10 -348 -411 -184 -159 -420 -30 -317 -28 -508 -232 -390 -252 -225 -505 -58 -351 -295 -293 385 -454 -103 -52 0
299 -175 -256 -513 278 -386 -505 -298 -218 -84 -193 -58 -190 -197 -34 -276 -411 -184 -159 -30 -317 -508 -232 -351 -295 -293 -170 -130 -172 -253 -515 -162 -522 -196 -364 -489 -372 -447 -165 -367 -16 -342 -339 0
-104 -414 -175 -372 -447 -165 300 -298 -501 -489 -293 -411 -184 -159 -420 -30 -317 -508 -232 -253 -130 -103 0
-175 -295 -34 -58 -505 -515 -372 -447 -165 -298 -489 -293 -411 -184 -159 -30 -317 -508 -232 -253 -130 -342 -364 -256 -513 278 -386 -218 -84 -193 -190 -197 -276 -351 -170 -172 -162 -522 -196 -367 -16 -339 0
175 -130 -298 0
-253 -104 -447 -165 -414 -298 300 -489 -293 -411 -184 -159 -420 -30 -317 -508 -232 -372 -130 -364 -343 0
-104 300 385 -321 -352 -218 -447 -165 -414 -298 -372 -489 -293 -411 -184 -159 -420 -30 -317 -508 -232 -130 -364 -343 0
300 -489 -496 -490 -172 -256 -34 -58 -505 -387 -515 278 -436 -170 -321 385 -218 -447 -165 -414 -298 -372 -293 -411 -184 -159 -420 -30 -317 -508 -232 -130 -364 -483 0
217 -489 -58 -505 -515 -372 -447 -165 -298 -293 -411 -184 -159 -30 -317 -508 -232 -34 -130 -342 -364 -256 -513 278 -386 -218 -84 -193 -190 -197 -276 -351 -170 -172 -162 -522 -196 -367 -16 -339 0
105 -93 -165 -34 -414 -172 -386 -269 -197 -475 -149 -276 -496 -372 -58 -351 -112 -293 385 -454 -103 -140 -52 0
-489 278 -505 -58 -515 -513 -436 -165 -34 -172 -386 -197 -276 -372 -351 -293 -170 -367 -218 -447 -298 -411 -184 -159 -30 -317 -508 -232 -130 -342 -364 -256 -84 -193 -190 -162 -522 -196 -16 -339 -483 0
-454 -295 -269 -197 -414 -34 -276 -175 -10 -386 -411 -184 -159 -420 -30 -317 -28 -508 -232 -225 -505 -58 -351 -390 -293 385 -103 -52 -364 -345 -342 -456 0
454 -140 -293 -315 -108 -522 -351 0
466 -513 -172 -34 -58 -522 -351 -293 -298 -190 -438 -218 -505 -515 -372 -436 -197 -276 -170 -367 -447 -411 -184 -159 -317 -508 -232 -342 -84 -193 -196 -239 -161 -279 -450 -334 -206 -431 0
186 -184 -298 -293 -411 -447 -317 -508 -232 -372 -161 -367 -525 -279 -218 -58 -515 -170 -276 -239 -468 -172 -34 -522 -351 -190 -438 -505 -436 -197 -342 -84 -193 -196 -450 -334 -206 -431 0
-159 -28 -232 -468 -172 -34 -58 -522 -351 -293 -298 -190 -438 -218 -505 -515 -372 -436 -197 -276 -170 -367 -447 -411 -184 -317 -508 -342 -84 -193 -196 -239 -161 -279 -450 -334 -206 -431 -175 -158 0
29 -134 -479 -298 -58 -190 -454 -394 -218 -512 -239 -232 0
-184 -505 -317 -218 -58 -190 -438 -334 -161 -279 -431 -468 -232 -239 -170 -172 -34 -522 -351 -293 -298 -515 -372 -436 -197 -367 -447 -411 -508 -342 -193 -196 -450 -206 510 -525 0
-405 -438 -298 -161 -58 -522 -317 -218 -190 -232 -334 -279 -431 -468 -239 -170 -172 -34 -351 -293 -515 -372 -197 -367 -447 -411 -342 -193 -196 -450 -206 -525 -404 0
-130 -30 -34 -522 -475 -58 -515 -303 -342 -499 -367 -490 -507 -411 -83 -159 -420 -184 -275 -317 -172 -508 -232 -225 -478 -452 -133 -343 -293 -239 -284 -161 -298 -131 0
162 -184 -133 -103 -372 -159 -478 -281 -522 -342 -343 -161 0
-184 -133 -161 -522 -232 -159 -334 -450 -103 -342 -343 -303 436 -420 -225 -411 -321 -293 -372 -281 -478 -254 278 -58 -190 -404 -317 -284 -34 -475 -515 -499 -367 -490 -507 -83 -275 -172 -508 -452 -239 -298 -131 0
-508 -478 -303 -225 -293 -161 -420 -522 -232 -334 -450 -342 -411 -321 -372 -281 -367 278 -58 -190 -404 -317 -34 -515 -490 -172 -239 -298 -170 -218 -525 405 -438 0
-438 -298 -58 -190 -218 -525 -293 -161 -522 -232 -334 -450 -342 -411 -372 -281 -367 -404 -317 -34 -515 -172 -239 -170 -78 -279 -431 -468 -351 -197 -447 -193 -196 -206 0
157 -175 -225 -196 -388 -460 -321 -454 -298 -295 -253 -58 -505 278 -512 -420 -376 -313 -43 0
-162 -130 -144 -296 -319 -175 -32 -197 -218 -279 -488 -298 -505 -317 -196 -72 -489 -402 -232 -512 -58 -190 -394 -454 -161 0
256 -122 -118 -47 -360 -56 0
185 -298 -218 -279 -197 -505 -317 -196 -232 -58 -190 -161 -172 -34 -351 -43 -307 -376 -342 -338 -70 -367 -352 -170 -460 -295 -253 278 -522 0
-175 -253 -388 -298 -83 -420 -30 -18 -239 -232 -511 -176 0
-298 -218 -161 -239 -232 -172 -58 -522 -342 -279 -197 -317 -196 -190 -34 -351 -367 -170 -447 -281 -372 -468 -78 -525 -404 -293 -334 -450 -411 -515 -431 -193 -206 0
-508 -184 -30 -253 -279 -283 -487 -159 -411 -420 -317 -232 -175 -522 -130 -135 -321 -525 -218 405 0
158 -274 -30 -420 -184 0
-184 -159 -342 -308 -299 -161 -172 -522 -217 -483 -58 -515 -154 -513 -232 -420 -170 -30 -293 -367 -321 -525 -253 -279 -283 -487 -411 -317 -175 -130 -135 -218 405 0
-159 -135 -513 -58 -420 -283 -175 -342 -308 -299 -161 -172 -522 -217 -483 -515 -232 -170 -30 -293 -367 -321 -525 -253 -279 -487 -411 -317 -130 -154 -218 405 0
-135 -175 277 -351 -58 -522 -387 -293 -404 -525 -367 -321 -513 -170 -420 -283 -270 -342 -308 -299 -161 -172 -483 -515 -232 -30 -253 -279 -487 -411 -317 -130 -218 405 0
-175 -283 -130 -420 -161 -30 -479 -16 277 -351 -58 -522 -387 -293 -404 -525 -367 -321 -513 -170 -270 -342 -308 -299 -172 -483 -515 -232 -253 -279 -487 -411 -317 -218 405 0
-218 -525 -170 -58 -161 -351 -522 -293 -404 -367 -342 -172 -515 -232 -279 -411 -317 -239 -468 -78 -197 -196 -190 -34 -447 -281 -372 -334 -450 -431 -193 -206 0
-298 -159 -184 -404 -411 -437 -30 -420 -317 -232 -130 -483 -16 -308 -175 -299 0
-159 -184 -30 -175 -130 -525 -411 -420 -317 -232 -479 -404 -437 -254 -483 -16 -308 -299 0
-298 -134 -479 -437 -16 -404 -30 -130 -420 -175 -299 0
-134 -130 -479 -404 -437 -16 -30 -525 -420 -175 -299 0
-298 -344 -161 -479 -437 -404 -211 -254 -489 -299 0
-184 -130 -175 -30 -525 -411 -420 -317 -232 -479 -404 -437 -254 -483 -16 -308 -299 0
-130 -175 -165 -161 -172 -58 -170 -513 -420 -30 -525 -411 -317 -232 -479 -404 -483 -16 -308 -299 -211 218 -279 0
-298 -161 -479 -437 -404 -211 -254 -299 -487 0
-448 -334 -197 -196 -190 -58 -450 -195 0
488 -321 -159 -253 -298 -165 300 -293 -411 -184 -130 -420 -30 -317 -508 -232 -372 -414 -364 -220 -367 -140 -279 -218 0
-488 -523 -344 -298 -438 -190 -58 -279 -140 -162 -489 0
-134 -279 -159 -253 -298 -165 300 -293 -411 -184 -130 -420 -30 -317 -508 -232 -414 -140 -446 -196 -438 -190 -58 -40 -135 437 -478 0
-279 -478 -58 -10 -195 -196 -190 -189 -307 -159 -253 -298 -165 300 -293 -411 -184 -130 -420 -30 -317 -508 -232 -414 -446 -342 -40 -140 -525 -438 -135 437 -496 0
-478 -342 -195 -190 -58 -10 -196 -189 -307 -159 -253 -298 -165 300 -293 -411 -184 -130 -420 -30 -317 -508 -232 -414 -446 -40 -140 -525 -438 -135 437 -496 0
345 -342 -337 -140 0
-342 -293 -190 -195 -140 -525 -135 -58 -10 -196 -189 -307 -159 -253 -298 -165 300 -411 -184 -130 -420 -30 -317 -508 -232 -414 -446 -40 -438 437 -496 0
342 -525 -207 -195 -190 0
524 436 -196 -190 -58 -195 -159 -253 -298 -165 300 -293 -411 -184 -130 -420 -30 -317 -508 -232 -446 -468 -279 -17 -140 -509 -135 0
436 -293 -30 -28 -411 -184 -420 -317 -159 -232 300 -130 -253 -298 -279 0
-293 -279 -10 -159 -298 300 -411 -184 -130 -420 -30 -317 -232 -253 -28 0
523 -478 -161 -449 -205 -135 0
480 -220 -446 -270 -279 -449 -344 -298 -438 -190 -58 -140 -523 -489 -161 0
-478 -279 -468 -270 -446 -298 -509 -438 -449 -344 -190 -58 -140 -489 -161 -135 -525 -205 0
-279 -253 -10 -159 300 -411 -184 -130 -420 -30 -317 -232 -298 -28 0
279 -58 -513 -446 -175 -161 -135 -207 -525 -195 -190 0
-488 -353 -279 -217 -489 0
-523 -58 -196 -190 -207 -195 -446 -270 -279 -298 -438 -140 -489 -161 -468 -217 -135 -525 0
344 -247 -377 -175 -10 -303 -17 -334 -196 -190 -58 -448 -195 -320 -374 -307 -342 -364 -339 0
-344 -478 -468 -270 -446 -298 -509 -438 -279 -334 -190 -58 -140 -489 -161 -135 -525 -195 -254 -364 -343 0
-478 -221 -446 -270 -377 -175 -10 -17 -334 -196 -190 -58 -195 -374 -307 -342 -279 -217 -489 -468 -298 -509 -438 -140 -161 -135 -525 -254 -343 -479 0
-159 -411 -298 300 -175 -184 -130 -420 -30 -317 -232 0
-525 -523 -171 -279 -190 -58 -298 -154 -240 -480 -141 -338 -489 -219 -255 -389 -83 -521 -510 -207 -195 0
525 -279 -233 -207 481 -195 -190 0
341 -279 -405 -17 -510 -134 -171 -240 -190 -58 -298 -154 -141 -525 -489 -255 -389 -83 -521 -207 -195 0
133 -279 -171 -190 -58 -298 -154 -240 -480 -141 -525 -489 -219 -255 -389 -83 -521 -510 -207 -195 0
-279 -58 -275 -510 -405 -190 -195 -207 -494 -521 -375 -240 -17 -134 -171 -298 -154 -141 -489 -255 -389 -83 -233 481 0
-58 -141 -521 -175 -494 -92 -17 -402 -134 -405 -510 -207 -275 -161 -195 -190 -154 -375 -240 -171 -298 -489 -255 -389 -83 -233 481 0
524 -279 -450 -161 -213 -480 234 -494 -342 -489 -219 -255 -389 -83 -521 -510 -190 0
-279 -450 -446 -270 -195 -190 -405 -17 -510 -134 -161 -213 234 -494 -489 -255 -389 -83 -521 -233 481 0
-411 -184 -298 -175 300 -130 -420 -30 -317 -232 0
-190 -279 -157 -446 -298 -489 -184 -468 -270 -195 -207 -233 481 -192 0
524 -515 -209 -473 -405 -275 -10 -293 -184 -175 -446 -520 -430 -307 -255 -448 -340 -488 -298 -279 -489 -334 0
-279 -184 -101 -17 -157 -513 -285 -165 -175 -402 -161 -405 -209 -275 -10 -446 -255 -298 -489 -468 -207 -195 -270 -233 481 -192 0
-525 -58 -161 -513 -184 -205 -446 -175 279 -207 -195 -190 -524 0
104 -122 -62 -244 -79 -349 -414 -454 -378 0
-58 -521 -275 -157 -489 -184 -175 -513 -190 -494 -92 -17 -402 -405 -207 -161 -195 -240 -298 -255 -389 -83 -233 481 -341 -205 -446 279 -524 0
-190 -184 -17 -494 -157 -30 -420 -275 -161 -489 -175 -513 -92 -402 -405 -207 -195 -240 -298 -255 -389 -83 -233 481 -446 279 -192 0
366 -105 -225 -196 -302 -189 -347 -250 0
-364 -366 -298 -293 -140 -489 -254 -343 0
479 -225 -321 -189 -414 -156 -58 -347 -230 -161 -298 -293 -140 -489 -196 -250 -255 -219 -377 -509 -438 -372 -78 0
-154 -490 -397 -225 -496 -321 -149 -256 -170 -515 -58 -156 0
139 -490 -262 -225 -211 -397 -209 -214 -496 -149 -515 -58 -256 -394 -170 -494 -172 -56 -321 -314 -293 -105 0
-488 -225 -250 -196 -189 -347 -298 -293 -140 -489 -364 -343 -255 -184 521 -157 -262 -211 -397 -209 -214 -496 -149 -515 -58 -256 -170 -494 -172 -56 -321 -156 0
524 -58 -209 -515 -397 -494 -172 -293 -196 -298 -489 -255 -184 -157 -156 -340 -161 -230 -219 -78 -165 -83 -30 -420 -275 -462 -10 -175 -520 -307 -448 -334 0
-58 -515 -209 -275 -156 -17 -513 -175 -520 -402 -161 -307 -448 -340 -405 -334 -523 -397 -494 -172 -293 -196 -298 -489 -255 -184 -157 -230 -219 -78 -165 -83 -30 -420 -462 -10 0
-184 -317 -420 -175 -298 300 -130 -30 -232 0
197 -279 -489 -32 -455 -387 -270 0
134 -430 -468 -270 -279 -446 -249 -372 -480 0
448 -140 -255 -342 -157 -414 -375 -240 -17 -133 -468 -270 -279 -446 -249 -480 -515 -334 -195 -207 -161 0
-140 -334 -28 -240 -133 -342 -480 -419 -161 -58 -196 -197 -190 -195 -255 -157 -414 -375 -17 -468 -270 -279 -446 -249 -515 -207 0
450 140 -489 -298 -342 -279 -321 -480 -334 -161 0
-334 -190 -455 -515 -195 -207 -58 -196 -197 -498 -489 -298 -342 -279 -480 -161 -157 -28 -240 -133 -419 -255 -414 -375 -17 -468 -270 -446 -249 0
-190 -197 -480 -83 -161 -515 -510 -195 -207 -455 -58 -196 -389 -498 -489 -298 -342 -279 -157 -28 -240 -133 -419 -255 -414 -375 -17 -468 -270 -446 -249 -233 481 0
-279 -62 -314 -273 -133 -468 -270 -446 -249 -480 -255 -489 -219 -207 -342 -195 -83 -161 -515 -510 -455 -58 -196 -389 -498 -298 -157 -28 -240 -419 -414 -375 -17 -233 481 -32 -387 0
-58 -314 -157 -273 -375 -17 -133 -207 -342 -195 -191 -468 -270 -446 -249 -480 -255 -489 -219 -83 -161 -510 -455 -196 -389 -498 -298 -28 -240 -419 -414 -233 481 -387 -60 0
134 -372 -489 -219 -279 -342 -140 -468 -480 -270 -446 -249 -298 0
449 -140 -255 -342 -157 -213 -414 -375 -240 -17 -133 -489 -219 -279 -468 -480 -270 -446 -249 -298 -514 -195 -334 0
-140 -334 -314 -61 -79 -157 -414 -375 -17 -133 -489 -219 -279 -342 -468 -480 -270 -446 -249 -298 -273 -207 -450 -255 -213 -240 -514 -195 0
449 -42 -175 -83 -420 -30 -232 -511 -176 -133 -298 -342 140 -161 -213 -480 -196 -397 -455 -209 -498 -360 -258 -514 -396 -195 -334 -171 0
-334 -446 -468 -279 -489 -455 -360 -258 -396 -207 -450 -175 -83 -420 -30 -232 -511 -176 -133 -298 -342 -161 -213 -480 -196 -397 -209 -498 -514 -195 -191 -157 -314 -61 -79 -375 -17 -219 -270 -273 -255 -240 0
-317 300 -420 -30 -232 -298 -175 -130 0
135 -414 -255 -342 -140 -279 -477 -213 -270 -489 -240 -220 -17 0
-414 -485 -279 -489 -298 -255 -321 -477 -101 -285 -372 -342 -140 -175 -525 -480 -468 -270 -446 -430 -133 -213 -240 -220 -17 0
-58 -133 -405 -351 -279 -468 -430 -209 -213 -101 -17 -157 -513 -285 -165 -175 -402 -161 -10 -255 -298 -489 -207 -195 -270 -233 481 -446 -240 -321 -372 -342 -140 -525 -480 -275 -220 -514 -60 0
134 -186 -513 -175 -468 -270 -279 -372 -446 -430 -480 0
-133 -220 -489 -342 -140 -279 -213 -270 -240 -255 -17 -513 -175 -468 -372 -446 -430 -480 -405 -275 -351 -209 -101 -157 -285 -165 -402 -161 -10 -298 -207 -195 -233 481 -321 -525 -514 -60 0
-488 -345 -255 -279 -353 -489 0
-446 -430 -468 -279 -255 -489 -342 -140 -480 -240 -213 -525 -101 -17 -157 -513 -285 -165 -175 -402 -161 -405 -209 -275 -10 -298 -207 -195 -270 -233 481 -372 -351 -321 -514 -60 -447 0
135 -213 -157 -489 481 -233 -342 -279 -140 -270 -240 -221 -17 0
134 -78 -489 -279 -342 -140 -298 -525 -480 0
-195 -140 -279 -489 -342 -255 -480 -240 -298 -157 481 -233 -270 -17 -468 -101 -513 -285 -165 -175 -402 -161 -405 -209 -275 -10 -207 -447 -334 -194 0
-488 -133 -390 -255 -17 -284 -279 -489 -157 -175 -334 -307 -342 -192 0
-133 -430 -489 -279 -342 -140 -298 -480 -405 -220 -468 -270 -192 -390 -255 -17 -284 -157 -175 -334 -307 0
-488 -437 -275 -279 -298 -184 -523 -334 -307 -342 -192 -489 0
445 -192 -279 -275 -298 -334 -307 -342 -468 -489 -480 -140 -405 -270 -390 -255 -17 -284 -157 -175 0
-488 -192 -275 -279 -298 -334 -307 -342 -480 -489 -390 -255 -17 -284 -157 -175 0
-140 -480 -279 -298 -489 -342 -275 -334 -405 -390 -255 -17 -284 -157 -175 -240 481 -233 -270 -468 -101 -513 -285 -165 -402 -161 -209 -10 -207 -447 -194 0
-488 -480 -513 -468 -270 -279 -175 -447 -334 -207 -194 -342 140 -275 -298 -307 -489 -390 -255 -17 -284 -157 0
191 -225 -196 -480 -390 -342 140 -255 -321 -217 -405 -455 -275 -186 -522 -411 0
-480 -334 -255 -279 -390 -194 -196 -342 -405 -275 -411 -489 -298 -161 481 -233 -468 -270 -513 -175 -447 -207 -17 -284 -157 -240 -101 -285 -165 -402 -209 -10 0
-488 -478 -161 -135 -334 -194 -525 -279 -217 -489 0
-334 -342 -196 -298 -161 -299 -279 -194 -390 -83 -275 -411 481 -233 -468 -513 -175 -447 -207 -17 -284 -157 -240 -101 -165 -402 -209 -10 0
135 -105 -319 -378 -352 -414 -523 -17 0
524 -508 -437 -279 -298 -488 0
521 -352 -255 -196 -405 -319 -390 -523 -437 -279 -298 -488 -275 -134 -378 -414 -17 -454 0
-488 -480 -523 -279 -58 -513 -298 -240 -338 -171 -489 -255 -83 -207 -275 -437 -191 -162 -340 -140 -522 -175 -196 -405 -319 -390 -134 -378 -17 -249 -447 -432 -468 0
-254 -368 -225 -390 -298 -140 -344 -489 -364 -255 0
488 -140 -405 -390 -298 -83 -489 -364 -255 -319 -196 -270 -279 0
-480 -523 -279 -58 -513 -298 -240 -338 -171 -489 -255 -83 -207 -275 -488 -191 -162 -340 -140 -522 -175 -196 -405 -319 -390 -17 -447 -432 -468 -370 -478 0
-342 -279 -298 -175 -513 -240 -83 -207 -275 -196 -390 -17 -447 -468 -161 -299 -194 -411 481 -233 -284 -157 -101 -165 -402 -209 -10 0
139 -484 -60 -199 -66 -165 -495 -43 -376 -315 -104 0
335 -66 -199 -390 -484 -255 -60 -218 -161 -405 -523 -207 0
-279 -161 -207 -390 -495 -165 -17 -101 -157 -513 -175 -402 481 -233 -298 -240 -83 -275 -196 -447 -468 -299 -194 -411 -284 -209 -10 0
320 -302 -347 -188 -196 -105 0
162 -302 -196 -360 -237 -414 -396 -486 -156 -58 0
59 -385 -196 -143 -302 -183 -237 -112 -414 -167 -486 -33 0
198 -396 -256 -156 -254 -390 -298 -140 -225 -489 -364 -255 -167 -33 -347 -385 -302 0
-438 -58 -92 -402 -360 -196 -156 -254 -390 -298 -140 -489 -255 -167 -33 -347 -161 -414 -294 -105 -321 -137 -157 -372 -78 -185 -505 -480 -275 -509 -437 -405 0
-58 -137 -480 -372 -79 -196 -414 -167 -156 -33 -275 -505 -509 -92 -402 -360 -254 -390 -298 -140 -489 -255 -347 -161 -294 -105 -321 -157 -78 -185 -437 -405 0
-254 -334 -275 -156 -480 -79 -196 -92 -402 -390 -298 -140 -489 -255 -161 -157 -78 -405 -10 -454 -175 -307 -342 -194 -513 -192 -523 -352 -219 0
-334 -523 -275 -10 -454 -175 -156 -307 -192 -480 -342 -83 -140 -390 -343 -79 -196 -92 -402 -298 -489 -255 -161 -157 -78 -405 -194 -513 -352 -219 0
253 -319 -302 -347 -196 -105 -352 -390 -219 0
-523 -480 -157 -255 -196 -390 -219 -17 -10 -175 -488 -161 -307 -192 -342 -207 -275 -156 -83 -140 -79 -92 -402 -298 -489 -78 -405 -194 -513 0
-480 -342 -255 -157 -219 -140 -513 -175 -411 -192 -196 -390 -17 -10 -488 -161 -307 -207 -275 -156 -83 -79 -92 -402 -298 -489 -78 -405 -194 0
-319 -367 -70 253 -347 -196 -105 -352 -390 -219 0
-302 -172 -79 -256 -137 -45 -70 -402 -183 -254 -390 -298 -140 -225 -489 -364 -255 521 -488 -184 -157 -143 -385 -360 -347 -196 -156 -167 -396 -303 0
524 -364 -156 -385 -256 -196 -79 -402 -254 -390 -298 -140 -489 -255 -488 -184 -157 -303 -448 -52 -219 -224 -506 -10 -175 -307 -342 -194 -192 -135 0
-342 -140 -192 -156 -196 -79 -402 -390 -298 -489 -255 -488 -157 -52 -219 -10 -175 -307 -194 -275 -83 -405 -161 -513 -411 -17 -207 -92 -78 0
190 -224 -196 -321 -499 -336 -292 -525 -194 0
253 -374 -17 -184 -157 342 -192 -207 -196 -292 -194 -352 -390 -219 0
321 -135 -165 -113 -156 -64 -184 -157 -30 -420 -275 -510 -405 -295 -223 -454 -187 -196 -103 0
-190 -523 -103 -142 -52 -156 -43 -513 -165 -184 -64 -157 -161 342 -207 -113 -30 -420 -275 -510 -405 -295 -223 -187 -196 -352 -454 -192 0
522 -387 -142 -64 -101 -103 -157 -285 -454 -184 -175 0
-140 -488 -157 -411 -52 -156 -513 -165 -161 -207 -30 -420 -275 -405 -196 -192 -101 -285 -175 -83 -390 -219 -255 -194 -402 -307 -79 -298 -489 -17 -10 -92 -78 0
-105 253 -196 -352 -390 -219 -301 -104 0
253 -450 -395 -171 -282 -36 -45 -196 -352 -390 -219 -301 -104 -360 -258 -57 -165 -66 0
-342 -395 -165 -66 -390 -255 -79 -171 -196 -352 -219 -521 -307 -209 -375 -59 -17 -161 -134 -405 -275 -186 -411 -192 140 -343 0
-58 -190 -43 -171 -314 -154 -454 -280 -218 -298 -344 -161 -521 -405 279 -510 -134 0
-190 -457 -371 -376 -43 -150 -293 -336 -500 -359 -215 -262 -240 -211 -161 -171 -314 -154 -454 -280 -218 -298 -344 -521 -405 279 -510 -134 -490 -397 -223 -196 -319 -352 -523 0
522 -218 -161 -336 -390 -255 -66 -207 -405 -523 -59 -275 -510 -474 -295 -200 -101 -414 -285 -454 -175 0
254 -43 -293 -359 -240 -161 -171 -314 -154 -454 -280 -298 -344 -521 -405 279 -134 -490 -397 -196 -352 -523 -142 -52 -513 -165 -184 -157 342 -207 -30 -420 -275 -390 -255 -66 -101 -414 -285 -175 -339 -478 -83 0
-184 -352 -207 -165 -175 -390 -255 -240 -161 -454 -298 -405 279 -490 -397 -196 -52 -513 -157 -30 -420 -275 -101 -285 -83 -17 -402 -307 -79 -209 -411 140 -343 -488 0
-488 -307 -513 -175 -207 -165 -390 -255 -240 -161 -298 -405 279 -397 -196 -52 -157 -30 -420 -275 -101 -285 -83 -17 -402 -79 -209 -411 -194 -489 -10 -92 0
-140 -337 -451 -83 -184 -390 -157 -298 -344 -489 -508 -342 -139 0
-342 -454 -190 -298 -156 -17 -405 -196 -390 -455 191 -255 -321 -275 -411 -513 -133 -334 -508 -184 -157 -83 -344 -489 0
342 -133 -17 -184 -157 -321 -334 -190 -307 -207 -525 0
354 -184 -307 -17 -157 -83 -390 -298 -344 -489 -190 -156 -405 -196 -455 191 -255 -275 -411 -513 -207 0
340 -135 -184 -480 -157 -339 -141 0
370 -377 342 -190 -43 -207 -280 -336 0
-377 -302 -103 -196 -455 -387 -521 -237 -175 -414 -112 -371 342 -190 -43 -207 -280 -336 0
377 -103 -157 -521 -65 -455 -165 -184 0
133 -372 -480 342 -190 -43 -207 -377 -336 0
-454 -377 -275 -480 -184 -135 342 -190 -43 -207 -161 -336 -112 -103 -387 -196 -319 -455 0
139 -43 -17 -135 -184 -175 -521 -275 -480 342 -190 -207 -161 -336 -112 -387 -196 -319 -455 -157 -65 -165 0
-190 -455 -196 -175 -207 -78 -17 -165 -157 -275 -161 -402 -307 -390 -405 -298 -344 -489 -255 -219 -353 -83 -156 -411 -513 -192 0
45 -173 -495 -2 -314 -271 -92 0
334 -280 -390 -298 -140 -40 -447 -297 -161 -299 -249 -219 -353 -105 -314 -495 -2 -271 -92 -344 -207 0
133 -454 -209 -167 -156 -474 -360 -231 -161 -40 -170 -52 -58 -79 -196 -414 -275 -92 -402 -390 -298 -140 -347 -294 -157 -78 -185 -314 488 -496 -523 -219 -83 -508 -335 -447 -299 -249 -495 -271 -207 0
134 -342 -140 -298 -344 -489 -219 -405 -353 -523 0
334 -371 -31 -344 -390 -298 -140 -489 -255 -58 -196 -485 -414 -103 -280 -161 -495 -2 -314 -271 -92 -167 -207 0
479 -31 -58 -196 -485 -295 -219 -390 -83 -508 -523 -335 -344 -298 -140 -489 -255 -414 -103 -280 -161 -495 -2 -314 -271 -92 -167 -207 0
186 -134 -175 -30 -420 -130 -299 -219 -390 -340 -140 -523 -335 -298 -414 -495 -314 -167 -207 -474 -156 -360 -231 -40 -79 -402 -347 -294 -78 -185 488 -447 -249 0
-342 -79 -240 -156 -513 -175 -30 -420 -130 -299 -219 -390 -340 -523 -298 -495 -207 -474 -231 -40 -402 -294 -78 488 -447 -520 -307 0
-299 -232 -30 -420 -130 -298 -175 0
218 -191 -404 -352 -488 0
-523 -56 -58 -505 -207 -313 -438 -335 -522 -524 -298 -344 -488 -279 -162 -140 -489 0
-344 -342 -58 -207 -298 -488 -140 -489 -468 -404 -256 -390 -364 -254 -84 -162 0
218 -523 -352 -404 -488 0
-217 -190 -523 -488 -489 -218 0
191 -436 -390 -84 -404 -460 -157 -478 -140 344 -513 -175 -342 0
-190 -523 344 -298 -478 -488 -140 -58 -162 -404 -390 -84 -460 -157 -513 -175 -342 -489 0
437 -359 -308 -520 -175 -10 -224 -131 160 -365 -302 -510 0
522 -184 -105 -157 -454 -140 0
479 -105 -140 -96 -359 -308 -349 -275 -157 -454 -520 -282 -17 -370 -135 0
525 -520 -454 -140 -157 -513 -175 -10 -348 -478 -308 -275 -17 -196 -448 -207 -352 -335 0
-103 -43 -505 -454 -210 -414 -211 -477 -262 60 -71 -256 296 -225 -55 -280 -390 -165 -448 -65 -170 -199 -321 385 -33 -105 0
Solved
