448 11 4 6 2 14 15 17 19 22 7 26 28 30 31 34 35 37 40 42 43 45 48 50 51 53 55 58 59 62 0
-101 -202 -208 -205 -220 -199 0
-131 101 69 73 75 79 82 88 89 92 94 95 97 100 103 105 109 112 113 117 122 124 -250 -220 -199 0
-66 138 135 130 139 141 143 147 149 154 157 159 164 165 167 171 174 177 179 182 183 185 187 190 191 -217 -211 -208 -202 0
-146 66 72 73 101 68 79 82 86 88 89 92 95 97 103 112 116 117 124 127 -247 -241 -235 -211 -202 0
201 135 72 73 101 79 82 86 88 89 92 95 97 103 112 116 117 124 127 -271 -241 -235 -217 -205 131 68 137 130 134 143 149 156 157 159 162 164 165 167 169 174 176 178 179 181 185 187 191 -247 -211 -202 154 183 -208 0
-78 130 134 137 140 142 143 148 146 156 157 159 165 167 174 176 178 181 185 191 -247 -226 -208 -205 -202 0
-171 66 72 73 69 77 80 82 83 86 88 67 92 93 95 98 100 101 103 105 108 109 113 115 118 120 121 123 125 127 -217 -196 0
-152 121 65 68 101 77 79 82 69 86 87 89 92 94 95 97 74 103 108 109 116 118 119 124 126 -241 -205 0
-76 135 131 137 140 134 143 145 152 149 156 157 159 162 165 171 174 179 191 -208 -196 0
222 -238 -211 -208 -205 -202 65 72 73 68 77 79 83 89 92 95 100 102 103 105 108 112 113 116 117 122 124 127 131 -196 101 82 69 86 94 97 109 119 -241 88 125 -217 -199 -271 -235 -247 0
-152 101 68 65 81 78 71 70 83 85 87 90 92 94 95 97 76 103 108 109 114 115 119 122 124 -235 -217 -205 0
-171 101 72 73 75 77 65 70 67 86 88 89 92 94 95 97 81 84 103 105 108 109 114 116 117 119 122 123 125 -217 -199 -196 0
206 71 65 73 68 77 69 82 83 93 87 89 92 98 95 76 100 102 85 108 110 113 115 117 119 121 123 125 127 0
-80 132 135 144 145 148 149 152 154 155 158 159 163 168 170 171 179 -250 -241 -226 -208 -202 -199 0
-63 -226 -235 -247 -196 69 72 73 65 77 86 88 89 92 95 102 103 105 108 112 113 116 117 119 122 125 127 -250 -241 -208 -205 68 82 83 100 75 94 97 109 -217 124 79 -211 -220 -271 0
-171 -253 72 73 75 77 86 88 89 92 94 95 97 103 105 108 109 116 117 119 122 125 65 -247 -226 -217 -196 0
-101 171 -226 -220 -208 -205 0
-152 -271 72 73 65 77 86 88 89 92 95 102 103 105 108 112 113 116 117 119 122 125 127 69 -247 -241 -217 -205 0
-171 -271 72 73 75 77 86 88 89 92 94 95 97 103 105 108 109 116 117 119 122 125 -319 -295 65 -247 -217 -196 0
Solved
