323 80 -280 -244 -241 -235 69 65 74 75 68 -289 71 83 86 90 91 94 95 98 100 101 103 106 108 110 112 113 115 117 119 122 124 127 78 85 92 96 114 118 120 125 0
-131 85 72 74 75 78 65 81 83 69 88 90 91 80 95 98 99 102 108 110 111 113 116 118 119 122 123 125 127 -244 -235 0
-67 129 135 137 140 141 144 146 147 131 156 162 164 166 170 171 173 180 181 186 189 -244 -241 -235 0
245 129 131 137 140 141 144 146 147 150 151 153 164 167 170 173 175 180 181 -193 -253 -241 -235 65 72 74 67 80 81 83 85 88 90 91 96 98 99 101 103 106 108 109 112 114 116 118 119 123 125 128 75 78 84 89 92 94 111 117 120 127 0
236 80 72 74 75 78 65 81 84 85 88 89 92 94 96 67 99 101 103 106 108 109 111 114 116 117 120 123 125 127 0
326 72 -235 74 75 78 65 81 88 89 94 96 99 101 103 106 111 116 120 125 -244 -193 -253 -241 83 91 98 118 128 69 110 113 122 -322 -280 68 -289 86 124 0
-147 69 -244 -241 -235 -280 65 74 75 68 -289 83 86 91 94 98 101 103 106 110 113 122 124 78 96 118 120 125 -322 -211 -208 -202 0
-80 133 129 139 138 142 144 145 147 149 152 154 159 162 166 172 183 186 187 189 191 -253 -244 -226 -211 -193 0
-85 133 129 139 138 142 144 145 147 149 152 154 159 162 166 172 183 186 187 189 191 -241 -223 -211 -208 -202 -193 0
-102 133 129 132 138 139 147 149 152 154 156 158 166 172 176 179 181 183 186 -280 -253 -223 -208 0
-131 69 72 74 75 78 65 81 83 85 88 102 91 80 98 99 110 111 113 116 118 122 125 -244 -235 0
-108 129 135 145 149 147 144 131 138 152 154 156 158 159 164 170 172 173 179 181 183 191 -241 -235 -226 -223 -211 -202 0
-127 163 129 139 138 142 144 145 147 149 152 154 131 159 162 133 166 168 169 172 174 177 180 182 183 186 187 189 191 -226 -223 -211 -193 0
-175 69 65 68 75 78 80 81 86 91 96 99 101 103 107 111 118 124 125 128 -301 -253 -223 -208 -202 0
-127 133 129 139 138 142 144 145 147 149 152 154 131 159 162 166 172 175 183 186 187 189 191 -226 -223 -211 -193 0
-177 69 72 74 65 78 79 81 83 86 91 94 98 99 101 108 113 116 118 120 122 125 127 -289 -235 -202 -193 0
-90 163 129 139 138 142 144 145 147 149 152 154 131 159 162 133 166 168 169 172 174 175 177 180 182 183 186 187 189 191 -211 -208 -193 0
-126 134 135 139 132 142 145 147 129 149 152 143 158 161 164 166 168 170 172 174 176 177 179 181 186 187 -289 -280 -241 0
-155 90 72 74 65 68 79 81 83 86 88 102 91 69 96 126 99 103 106 108 110 111 113 127 -253 -226 -223 -211 0
-157 90 72 74 65 68 79 81 83 86 88 102 91 69 96 126 99 103 106 108 110 111 113 127 -286 -271 -253 -244 -226 -208 0
237 69 72 74 65 78 68 81 86 94 96 98 101 103 106 108 111 116 120 122 124 128 -211 -208 -193 133 129 139 138 142 144 145 147 149 152 154 131 159 162 166 172 175 177 183 186 187 189 191 79 83 88 102 91 99 110 113 -286 -271 -253 -244 -226 -223 135 132 158 164 170 176 179 181 -289 -280 -241 0
329 -253 -244 -226 -208 -235 -211 -193 -286 -271 -223 -289 -280 -241 -202 -301 -322 -325 0
-127 133 129 139 138 136 143 145 150 152 155 160 165 167 170 171 180 184 -280 -235 -226 -223 -211 -193 0
-172 74 -235 78 65 88 89 94 99 101 106 116 120 125 -244 -193 -253 -241 91 98 118 128 69 110 113 122 -322 -280 -289 86 124 -325 -226 -211 -202 0
-81 172 129 132 145 136 138 143 147 150 152 155 160 163 167 170 133 174 175 177 -301 -289 -280 -208 -202 -193 0
-157 65 70 74 93 78 80 81 85 90 91 95 98 100 106 107 71 113 116 120 121 124 125 127 -286 -271 -226 -208 0
-83 157 132 139 153 142 143 147 150 152 136 129 160 162 163 165 167 170 172 174 177 180 184 186 192 -280 -274 -211 -202 0
-131 133 129 132 145 136 138 143 147 150 152 155 160 163 167 170 174 175 177 -286 -280 -253 -208 -202 -193 127 139 153 142 162 165 180 184 186 192 -274 -211 -271 -226 -301 -289 -235 -244 -241 -322 -325 0
-172 -235 -244 -193 -253 -241 -322 -280 -289 -325 -259 -226 -223 -211 -202 0
-83 -208 132 139 153 142 143 147 150 152 136 129 160 162 163 165 167 170 172 174 177 180 184 186 192 -280 -274 -211 -202 0
-157 81 127 -286 -271 -226 -208 -244 0
-65 133 129 139 138 136 143 145 131 150 152 155 157 160 165 167 170 171 180 184 -241 -235 -223 -211 -208 -202 -193 0
-91 133 129 132 145 136 138 143 147 150 152 155 157 160 163 167 170 172 174 175 177 -280 -253 -223 -211 0
-187 65 81 91 127 -280 -274 -271 -259 -235 -223 -202 0
-113 149 129 139 138 142 184 145 192 133 152 154 131 158 159 175 163 144 169 172 173 178 180 182 155 187 189 136 -235 -223 -193 0
-73 144 153 129 145 171 133 138 147 142 152 131 149 140 159 164 165 170 157 174 176 178 179 182 184 186 188 189 191 -304 -253 0
-161 86 72 74 93 78 79 102 83 65 112 70 91 82 98 99 76 107 110 114 116 67 120 121 124 125 127 -307 -286 -268 -241 0
236 73 72 65 69 76 79 81 85 88 90 91 93 98 100 102 104 105 110 114 115 118 120 122 124 125 128 -223 133 129 139 138 171 192 145 147 150 152 131 155 158 159 144 164 165 167 170 136 174 176 178 179 181 183 154 188 189 141 74 78 83 107 127 -307 -286 -268 -241 0
213 72 139 138 153 142 160 145 152 131 158 136 163 165 167 170 172 175 180 184 187 189 -235 129 65 69 76 79 81 85 88 90 91 93 98 100 102 104 105 110 114 115 118 120 122 124 125 128 -223 133 171 192 147 150 155 174 188 74 78 83 107 127 -307 -286 -268 -241 157 182 186 -304 -253 0
-161 69 72 74 93 78 65 81 83 85 88 102 91 80 105 98 104 90 95 108 110 111 118 119 122 125 127 -253 -235 0
-116 134 139 153 131 129 145 148 152 136 156 157 160 161 163 165 167 170 171 174 175 180 182 183 185 188 189 191 -304 -244 -241 -223 0
-144 96 74 72 78 65 81 88 124 94 -235 99 101 103 111 116 120 125 -244 -193 -253 -241 83 91 98 118 128 69 110 113 122 -322 -280 68 -289 -325 -226 0
224 156 72 68 104 78 80 81 85 88 91 94 98 100 101 76 105 107 109 112 114 115 117 120 125 127 -274 -253 133 129 145 160 131 65 142 147 150 152 154 140 158 136 162 163 165 168 169 172 174 175 177 180 182 184 186 188 189 192 74 124 -235 103 111 116 -244 -193 -241 83 118 128 69 110 122 -322 -280 -289 -325 -226 0
237 74 -235 72 78 65 81 88 124 94 101 103 111 120 125 -244 -193 -253 -241 83 91 98 118 128 69 110 122 -322 -280 68 -289 -325 -313 -304 -226 133 129 145 147 142 138 143 184 150 131 155 158 162 163 165 172 177 180 182 136 186 187 189 -223 104 80 85 100 76 105 107 109 112 114 115 117 127 -274 160 152 174 175 188 192 139 153 157 161 167 170 171 0
209 133 129 145 160 131 142 147 150 152 158 136 162 163 165 172 174 175 177 180 182 184 186 188 189 192 -202 -253 -193 65 81 83 91 -235 -244 -241 -322 -280 -289 -325 -313 -304 -226 138 143 155 187 -223 -274 139 153 157 167 170 171 -211 -307 -286 -268 0
-74 133 153 129 145 164 147 138 131 150 140 179 155 157 160 162 165 168 169 172 174 177 143 182 187 189 192 -223 -202 -193 0
-98 133 153 129 145 164 147 138 131 150 140 179 155 157 160 162 165 168 169 172 174 177 143 182 187 189 192 -223 -202 -193 0
-78 129 145 138 147 142 153 164 131 150 140 136 156 158 160 166 168 170 171 177 179 182 186 187 189 192 -304 -235 -226 0
-161 65 74 83 91 98 -301 -286 -268 -253 -241 -235 0
-125 133 153 129 145 164 147 138 131 150 140 179 155 157 160 162 165 168 169 172 174 177 143 182 187 189 192 -223 -202 -193 0
-183 65 78 81 91 125 -280 -235 -226 -223 -211 -202 -193 0
225 65 78 81 91 125 -253 -274 -241 -235 -226 -211 -193 133 129 145 147 142 153 138 160 150 152 131 155 158 136 162 163 140 168 169 171 174 175 166 180 182 184 186 187 189 178 164 179 157 165 172 177 143 183 192 0
-69 133 153 129 145 164 147 138 131 150 140 179 155 157 160 162 165 168 169 172 174 177 143 182 183 187 189 192 -289 -241 -193 0
195 133 129 139 138 142 136 145 147 157 152 154 131 155 159 162 163 168 149 169 172 174 175 177 180 182 166 186 187 189 183 0
-93 129 145 138 136 153 131 140 147 152 157 156 159 161 163 165 167 169 172 149 177 180 183 186 187 189 192 -286 -253 -226 0
-176 69 72 74 75 78 65 81 83 85 93 102 91 80 105 98 99 104 90 108 110 111 113 116 118 119 122 123 125 127 -235 -211 0
236 69 72 74 75 78 65 81 83 85 93 102 91 80 105 98 99 104 90 108 110 111 113 116 118 119 122 123 125 127 0
-1 0
-65 -243 -225 -213 -210 -204 -195 0
-91 -219 -225 -246 -216 -213 -201 0
-125 -198 -210 -204 -201 -225 -195 0
-78 -207 -240 -237 -228 -210 -243 -201 0
-66 -207 -234 -222 -216 -258 -201 -198 0
242 88 100 74 76 78 79 81 84 66 72 70 92 94 96 97 67 101 104 86 108 110 111 113 116 118 119 121 124 127 0
-83 7 10 12 14 15 20 30 40 50 52 58 62 -216 -213 -210 -204 -198 0
-235 78 -222 -219 -210 72 74 75 69 65 81 -240 85 102 91 80 105 98 99 104 90 108 110 111 113 116 118 119 122 123 125 127 -131 -216 -213 -204 -198 -243 100 76 79 84 66 70 92 94 96 101 121 124 -237 0
-83 7 10 12 14 15 6 20 22 26 30 35 40 41 52 59 63 -282 -216 -213 -210 -204 -198 0
242 83 65 74 75 102 77 112 69 85 80 91 94 96 98 99 82 103 108 110 71 116 118 119 121 123 0
-88 7 10 14 5 22 24 25 30 31 35 42 44 46 48 49 52 55 57 59 62 64 -219 -210 -204 -201 -198 0
-16 78 72 74 75 69 65 81 83 85 88 102 91 80 105 98 99 104 90 108 110 111 113 116 118 119 122 123 125 127 -207 -201 0
208 7 10 12 14 3 5 16 21 24 25 28 31 33 36 37 40 42 46 48 50 54 58 60 61 63 0
-207 -240 -246 68 102 74 75 79 81 84 85 90 92 71 96 98 100 70 104 107 110 111 113 115 118 119 121 124 125 69 72 65 91 80 105 99 108 116 122 123 127 -210 -219 -198 -243 77 112 94 82 103 -282 -216 -213 -222 -204 -131 76 101 -237 -258 -228 0
-83 -219 -282 -291 -213 -210 -204 -198 0
-17 68 102 74 93 78 79 81 85 90 92 98 100 104 88 107 110 111 115 118 124 125 128 -291 -216 -204 -195 0
-10 108 74 93 69 65 81 78 85 83 102 91 105 98 104 90 72 110 111 113 118 119 122 123 125 -237 -198 -195 0
-116 10 17 -264 -243 -234 -225 -222 -198 0
-75 17 -273 -261 -255 -234 -228 -219 -195 0
-10 72 74 93 69 65 81 78 85 83 102 91 75 105 98 104 90 110 111 118 122 125 -237 -204 -198 -195 0
-67 10 17 -279 -237 -234 -201 0
-27 69 93 74 76 78 79 81 83 72 88 90 91 67 102 107 111 114 116 125 128 -246 -225 -216 -213 -201 0
-119 17 27 -279 -249 -237 -225 -213 -204 -195 0
-2 69 93 74 76 78 79 81 83 72 88 90 91 67 102 107 111 114 116 119 125 128 -234 -216 -201 -198 0
-99 17 2 27 -255 -225 -216 -201 -198 0
-30 72 74 93 69 65 81 78 85 83 102 91 75 105 98 99 104 90 110 111 116 118 119 122 125 -237 -204 -195 0
-35 72 74 93 69 65 81 78 85 83 102 91 75 105 98 99 104 90 110 111 116 118 119 122 125 -237 -225 -216 -201 -198 0
-80 2 17 27 35 -249 -246 -234 -228 -213 -201 -195 0
-53 69 93 74 76 78 79 81 83 72 88 90 91 67 99 102 107 111 114 116 119 125 128 -267 -264 -213 -204 -201 0
-123 9 2 17 12 14 16 6 20 21 25 27 29 35 46 50 51 53 -252 -237 -225 -216 -204 0
-59 123 74 93 69 65 81 78 85 83 102 91 75 105 98 99 104 90 80 110 111 116 118 119 122 72 125 -237 -225 -204 0
-127 9 2 17 12 14 16 6 20 21 25 27 29 35 46 50 51 53 59 -252 -234 -225 -222 -213 -198 -195 0
203 123 72 74 93 78 65 81 83 85 88 102 91 75 105 98 67 104 90 95 99 110 111 80 116 118 119 122 69 125 127 0
236 127 74 93 69 65 81 78 85 83 102 91 75 105 98 99 104 90 80 110 111 72 116 118 119 122 123 125 0
199 74 83 65 102 69 85 80 91 98 99 75 110 116 118 119 -243 -225 -222 -216 17 2 35 53 -237 93 81 78 105 104 90 111 72 122 125 -204 88 67 95 27 -252 -234 -213 -198 -195 0
-123 2 17 27 35 53 -252 -237 -225 -216 -204 -276 -249 0
-127 18 13 15 4 19 21 24 25 27 30 31 33 36 37 39 41 46 47 49 51 53 55 58 59 63 -255 -234 -195 0
224 127 72 67 70 66 79 81 93 85 73 90 91 83 96 98 99 102 103 105 107 110 111 114 115 118 119 122 124 125 75 0
-108 14 4 15 17 19 22 24 26 27 31 34 36 38 40 41 44 46 47 52 54 55 57 59 63 -276 -243 -228 -213 0
235 7 2 17 12 21 24 25 32 36 28 39 46 49 53 55 58 59 64 -255 -234 -219 -195 69 72 74 93 78 65 81 83 85 88 102 91 75 105 98 67 104 90 95 99 110 111 80 116 118 119 122 123 125 4 15 19 27 34 44 47 -276 -243 -228 -213 -225 70 66 79 73 96 103 107 114 115 124 13 30 37 51 0
236 72 74 93 69 65 81 78 85 83 102 91 75 105 98 99 104 90 80 110 111 116 118 119 122 123 125 0
-127 18 15 24 27 30 31 33 37 41 46 49 53 55 59 63 -255 -234 -195 -225 -213 -198 0
209 -219 -234 -255 -195 65 83 125 -276 -243 -228 -213 -225 -204 -198 -237 -252 -216 -249 -201 -222 -267 -264 -246 -279 -273 -261 -291 0
-27 -254 -251 -227 -224 -212 0
-59 -239 -251 -236 -230 -215 -206 -203 0
-53 -200 -218 -212 -203 -266 0
-17 -215 -281 -227 -290 -209 -203 -194 0
-59 -248 -275 -224 -215 -206 -203 0
-147 -213 -83 -204 0
-3 147 -278 -242 -236 -233 -200 0
-213 -200 -239 -236 -197 18 23 27 38 52 54 57 -278 -242 -233 -251 -83 -204 -212 0
-31 134 147 136 140 142 143 146 131 150 155 159 161 164 168 172 174 178 179 181 185 188 191 -239 -233 -209 -206 -197 0
196 142 133 138 129 136 147 152 154 131 155 159 162 163 168 149 169 172 174 177 180 182 186 187 189 183 -194 -227 -209 -200 10 12 19 23 18 6 21 13 26 27 30 31 3 35 37 39 41 44 46 47 49 51 53 58 61 63 7 15 17 25 4 34 36 42 38 54 57 64 0
-56 134 147 136 140 142 143 146 131 150 130 153 155 159 161 164 168 172 174 178 179 181 184 185 188 191 -233 -215 -209 -206 -200 0
-137 31 10 12 15 6 19 21 17 25 27 30 4 34 36 7 39 42 23 38 47 49 51 54 56 57 61 64 -323 -200 0
201 134 147 136 140 141 143 146 131 150 152 154 155 130 137 161 163 165 167 169 172 173 178 180 182 184 185 187 189 191 0
237 147 144 138 149 154 155 158 162 164 165 169 181 183 189 -218 -194 7 10 17 6 3 20 21 24 15 27 30 32 34 35 26 39 42 38 46 47 49 51 53 55 57 61 63 -200 136 140 141 146 152 167 172 173 178 191 12 19 25 4 36 23 54 64 -323 159 179 188 -233 -215 -209 -206 -197 133 129 186 -227 18 13 37 41 44 58 -239 0
-137 -200 10 12 15 6 19 21 17 25 27 30 4 34 36 7 39 42 23 38 47 49 51 54 31 57 61 64 -323 0
199 22 7 10 12 17 6 3 19 13 24 15 28 26 31 34 35 48 39 41 44 46 38 51 53 55 58 59 61 63 0
-2 147 136 140 141 201 146 152 154 155 137 165 167 169 172 173 178 189 191 -230 -206 -197 0
-185 2 27 10 12 14 15 3 19 22 24 26 17 32 33 35 38 39 42 47 52 53 55 57 59 61 64 -290 -233 -230 0
196 14 7 10 12 2 15 6 19 21 17 25 27 30 4 34 36 31 39 42 23 38 47 49 51 54 57 61 64 0
-200 -230 18 41 63 23 38 54 57 26 35 52 -127 20 -239 -242 -83 -204 0
-31 -239 -233 -209 -206 -197 -212 0
-2 -239 -233 -230 -221 -218 -215 -206 -197 0
-136 2 10 12 7 15 6 19 21 17 25 27 30 4 34 36 31 39 42 23 38 47 49 51 54 57 61 64 -209 -197 0
-155 18 12 7 10 19 21 23 26 28 30 32 34 36 37 39 42 44 46 51 54 58 61 63 -251 -227 -215 -212 0
-31 155 -254 -233 -209 -206 -197 0
-2 155 -278 -257 -233 -218 -215 -206 -197 0
-137 18 12 7 10 19 21 23 26 28 30 32 34 36 37 39 42 44 46 51 54 58 61 63 -317 -281 -278 -275 -254 0
-14 156 137 147 150 152 140 158 136 163 165 168 169 177 180 182 184 186 188 189 -236 -227 -209 -206 0
-175 2 17 13 15 19 23 25 28 31 36 38 39 41 44 47 49 51 54 58 61 63 -278 -254 -218 -215 -209 0
-147 -204 -83 0
-137 13 17 15 19 25 28 36 39 44 47 49 51 58 61 -323 -317 -278 -275 -254 0
-31 -209 -254 -233 -212 -206 -197 0
-137 17 31 -323 -317 -281 -278 -275 -254 0
-2 -215 -278 -257 -233 -218 -206 -197 0
-39 -248 -257 -281 -224 -212 -203 0
-155 2 17 27 31 39 -254 -251 -248 -224 -218 -215 -212 0
-61 155 -236 -224 -206 -203 -197 -194 0
-147 -83 0
-36 147 155 137 -233 -221 -218 -212 -209 -203 -194 0
-175 8 17 10 12 16 2 19 13 24 26 31 36 44 48 55 59 61 -278 -254 -224 -215 -209 -203 0
-38 147 -290 -251 -233 -224 -221 -215 -209 0
-175 17 39 59 61 -278 -254 -224 -218 -215 -209 -203 0
-3 -204 -83 137 175 155 -278 -236 -233 0
211 56 137 -194 -248 -236 -233 -218 -215 -206 -197 7 10 12 147 5 19 21 26 28 30 32 34 36 37 39 42 44 46 14 50 51 54 3 58 60 61 17 40 31 24 25 29 43 0
-184 23 10 12 2 15 6 19 21 17 25 27 30 4 34 36 31 39 42 7 38 47 49 51 54 14 61 64 -233 -197 0
232 35 7 10 17 2 6 14 43 21 24 15 27 30 32 34 3 26 39 42 38 46 47 49 51 53 55 60 61 0
-63 131 178 138 140 141 176 157 147 166 152 154 156 130 159 162 167 169 172 174 135 179 181 183 186 189 191 -206 -197 -194 0
196 35 10 12 14 8 15 19 3 5 26 17 30 31 34 27 37 40 41 44 23 49 54 56 58 59 61 63 0
214 167 147 138 140 141 181 146 149 136 154 155 158 159 165 144 169 172 175 179 186 188 189 191 -197 10 12 14 8 15 19 3 5 26 17 30 31 34 27 37 40 41 44 49 54 56 58 59 61 178 176 152 162 183 -206 -194 -233 7 2 6 43 21 24 32 39 42 38 46 47 51 53 55 60 25 4 36 64 0
-63 134 147 136 130 141 143 145 137 149 151 154 155 160 162 163 166 167 169 171 174 175 178 179 182 183 186 188 189 191 -233 -221 -194 0
234 167 147 138 140 141 181 146 134 149 136 154 155 158 159 161 163 165 144 169 172 174 130 175 179 151 184 186 188 189 191 0
208 7 10 17 2 3 6 21 19 27 30 32 34 36 37 46 47 49 53 55 59 61 64 -233 147 155 175 -215 -197 12 15 31 44 58 -206 -194 24 39 42 38 51 25 4 -212 137 -248 -236 -218 28 0
232 3 10 7 13 15 19 21 25 27 31 36 38 39 46 47 49 51 53 58 59 0
-63 133 144 138 130 141 151 145 147 149 136 154 155 131 139 161 171 174 176 178 180 182 184 185 189 192 -212 -206 -197 -194 0
-163 13 2 17 15 4 6 25 27 30 31 34 37 39 51 53 55 59 61 64 -254 -224 -215 -206 -197 0
-23 133 144 138 130 141 151 145 147 149 136 154 155 131 139 161 163 171 174 176 178 180 182 184 185 189 192 -224 -215 -194 0
-167 13 2 17 15 4 6 23 25 27 30 31 34 37 39 51 53 55 59 61 64 -275 -272 -263 -248 -224 -212 0
-165 13 2 17 15 4 6 23 25 27 30 31 34 37 39 51 53 55 59 61 64 -278 -236 -206 -197 -194 0
198 157 147 136 140 141 145 131 130 190 152 154 155 137 159 162 163 165 167 169 171 176 178 180 182 184 186 188 143 191 0
-134 40 7 10 17 2 23 3 6 21 19 27 30 32 34 36 37 41 43 46 47 49 52 53 55 59 61 64 -224 -221 -218 -206 0
-57 133 144 138 130 141 151 145 147 149 136 154 155 131 139 161 163 165 167 171 174 176 178 180 182 184 185 189 192 -251 -224 0
-204 2 -236 -227 -206 -263 17 36 39 38 -251 -224 -197 137 -278 -194 -275 -272 -212 -254 -233 -83 0
-23 147 138 140 141 158 181 167 149 155 134 165 172 174 175 179 186 189 -233 -224 -215 -194 0
-163 2 17 27 31 39 59 61 -254 -224 -215 -206 -197 -263 0
-184 31 27 36 38 39 59 -233 -218 -209 -206 -197 0
-15 141 143 138 153 179 145 147 156 158 160 163 172 174 177 181 184 187 189 -236 -224 -218 -215 -209 -197 0
-136 196 15 17 31 27 23 59 61 -278 -212 -209 -194 0
-130 10 13 15 19 25 27 31 36 38 39 49 58 59 -233 -218 -215 -206 0
-51 130 153 136 137 141 145 152 155 158 160 162 164 174 179 183 -251 -248 -209 -194 0
234 136 138 140 141 158 181 167 149 147 155 134 163 165 172 174 130 175 179 184 186 189 0
-169 10 27 12 22 7 15 19 45 4 26 17 29 5 35 37 40 41 43 23 48 49 52 54 56 58 60 62 -209 -194 0
-34 130 153 136 137 141 145 152 155 158 160 162 164 169 174 179 183 -281 -278 -260 -224 -209 -194 0
-191 16 10 12 56 48 23 19 21 18 26 28 30 5 7 36 37 39 34 46 51 54 3 58 60 61 63 -206 -194 0
-144 32 7 10 17 2 23 3 6 21 19 26 27 30 16 34 36 37 11 41 43 46 40 49 52 55 57 59 61 -254 -248 -212 -206 0
-53 144 153 138 130 145 147 136 132 156 160 162 163 167 170 179 181 183 187 189 192 -314 -290 -263 -218 -212 0
193 130 153 138 132 145 147 136 156 160 162 163 167 170 179 181 183 187 189 192 -248 -254 -224 -218 -215 -209 2 8 10 22 13 18 45 23 27 33 36 38 39 41 43 48 49 51 60 15 19 25 31 232 58 59 -314 -290 -263 -212 17 6 30 34 37 40 52 61 -206 0
196 153 145 138 140 143 164 152 156 158 160 134 165 170 172 174 175 177 183 -281 -278 -254 -224 -215 -209 15 17 27 31 39 61 36 38 59 147 132 162 163 167 179 181 187 189 192 -314 -290 -263 -218 -212 -194 -248 2 -206 137 141 -260 -233 149 184 186 -251 0
-144 2 14 10 17 5 16 23 28 29 11 34 38 39 43 48 51 57 59 61 -248 -212 -206 -194 0
-19 147 132 137 153 158 143 146 129 149 152 136 155 159 141 164 167 165 169 171 174 175 177 179 181 183 186 187 161 191 -281 -218 -209 0
195 2 14 10 17 3 15 11 19 21 27 62 34 36 39 43 46 51 54 56 59 63 -278 -236 -281 -251 153 173 130 138 143 145 164 135 152 141 156 158 159 161 149 165 167 170 172 176 177 180 181 184 186 188 189 192 147 132 137 146 129 136 155 169 171 174 175 179 183 187 191 0
-25 153 145 138 140 130 143 150 164 152 136 156 158 160 161 134 165 168 170 172 174 175 177 180 182 183 188 191 -290 -281 -278 -206 0
-83 -278 -224 -290 -281 -206 -194 -236 -251 -314 -263 -212 -233 -227 -260 -197 -254 -275 -272 -221 -257 -323 -317 0
-136 27 -278 -272 -221 -212 -197 -194 0
-19 136 -281 -275 -272 -257 -221 -212 -197 0
-34 -281 -278 -227 -224 -212 -194 0
-147 19 -314 -290 -257 -221 -212 -197 0
-10 147 136 -233 -224 -212 -206 -197 -194 0
-191 19 -254 -233 -224 -221 -197 -194 0
-23 147 191 -314 -311 -233 -224 -194 0
-158 8 19 4 13 5 21 23 26 28 30 11 41 43 48 34 51 54 58 60 63 -281 -275 -224 -212 -206 -197 0
-141 8 19 4 13 5 21 23 26 28 30 11 41 43 48 34 51 54 58 60 63 -254 -233 -224 -212 -197 0
-167 6 27 12 8 38 18 19 21 44 4 15 36 39 41 34 47 51 54 58 60 63 -281 -275 -263 -257 -212 0
-56 167 173 140 138 146 141 130 134 165 153 150 161 180 184 188 189 191 -290 -257 -254 -251 -233 -221 -206 0
-155 45 7 38 12 6 18 20 21 24 28 30 32 34 36 15 40 44 47 50 51 53 56 57 60 61 63 -254 -251 -227 0
-25 155 173 140 138 146 141 153 130 134 165 167 150 161 180 184 188 189 191 -314 -290 -278 -263 -227 -206 0
-144 53 47 -127 15 39 25 -195 24 59 31 18 0
-181 50 8 19 4 13 15 18 5 21 23 26 28 30 31 11 35 38 39 41 43 45 48 34 51 54 56 58 60 63 -317 -290 -263 0
-2 144 173 140 138 153 146 141 155 130 134 165 167 150 161 180 181 184 188 189 191 -278 -257 -233 -221 -206 0
232 31 7 13 15 47 21 19 27 10 36 38 39 46 53 49 51 25 58 59 0
205 25 44 10 8 18 19 16 23 21 4 12 28 30 57 2 35 38 40 41 32 45 48 49 52 53 56 5 60 61 63 0
211 15 18 35 47 52 57 153 138 140 132 156 146 130 161 163 168 169 173 176 177 180 184 188 189 143 152 134 159 44 12 38 7 39 59 165 150 -127 -195 6 0
-244 -238 -205 -199 -235 -211 -223 -193 -286 -253 -226 -274 -241 -289 -268 -301 -280 -202 -304 -208 -322 -325 -313 -307 -271 -259 -328 0
-191 -235 -223 -220 -211 -205 -196 -193 0
-167 -223 -247 -211 -202 -199 0
-191 -232 -220 -205 -196 -193 0
-155 66 127 67 72 81 93 85 90 96 98 102 105 107 110 115 118 119 122 124 125 75 -223 -214 -211 -199 0
213 160 153 138 142 132 158 144 140 149 151 156 146 130 161 163 166 168 169 172 176 177 180 184 185 189 191 0
-181 88 74 93 127 65 81 83 85 72 102 91 75 105 98 67 104 90 95 110 80 116 118 119 122 69 125 -202 -199 0
-188 91 72 87 66 77 67 81 93 85 90 75 83 96 98 102 103 105 107 110 114 115 118 119 122 124 125 127 -199 -196 0
197 83 65 74 93 75 67 81 69 85 87 71 91 112 95 98 101 103 105 107 110 77 114 115 117 120 122 124 125 127 0
225 66 75 68 72 69 97 81 87 85 112 90 92 95 93 100 101 104 105 107 110 116 119 121 125 -322 -247 -208 144 153 138 142 132 158 140 149 156 146 130 161 163 168 172 176 180 184 189 191 -196 65 74 67 71 98 77 115 120 122 124 127 96 102 118 -199 80 -202 -211 0
-181 93 74 127 65 81 85 72 102 91 75 105 98 67 104 90 95 99 110 111 80 116 118 119 122 69 125 123 -202 -199 0
-83 -19 0
-191 83 -313 -289 -274 -271 -256 -220 -211 -196 0
-127 -19 0
Solved
