-77 -208 -211 -235 -202 -199 0
-131 -214 -220 -217 -361 -208 -193 77 -358 -250 -244 -235 -232 0
-129 77 -235 -220 -202 -199 -196 -193 0
-81 139 131 146 148 149 152 159 161 166 167 171 178 180 182 184 186 187 189 191 -220 -217 -214 -208 -193 0
-137 70 72 73 76 78 65 81 86 87 90 92 94 95 97 102 104 108 109 112 115 117 120 122 124 125 127 -250 -199 -196 0
-173 70 81 73 76 68 72 77 86 88 90 91 93 96 97 100 101 103 108 110 111 113 118 120 123 125 128 -361 -217 -208 0
-105 137 136 131 146 149 152 154 156 166 169 171 174 178 184 191 -241 -238 -232 -214 -211 -208 -196 0
-121 173 136 137 139 144 146 148 154 156 158 164 166 167 171 180 184 -253 -250 -241 -226 0
194 73 139 144 146 148 154 156 158 164 166 167 171 180 184 -232 -226 -208 -205 77 81 136 76 68 72 79 84 85 89 91 100 103 113 115 120 124 125 127 -253 -250 -241 131 149 152 169 174 178 191 -238 -214 -211 -196 88 96 97 110 118 -361 -217 78 65 94 102 112 122 -199 0
221 81 77 -361 -241 -226 136 139 144 146 148 154 156 158 164 166 167 171 180 184 -253 -250 129 134 141 152 159 161 169 175 187 189 191 131 149 174 178 -238 -232 -214 -211 -208 -196 -193 -205 -217 -199 0
-120 137 129 131 139 142 144 146 133 149 154 155 158 159 161 167 170 175 178 180 182 184 188 189 -253 -247 -214 -205 -199 0
-173 81 77 120 105 -361 -262 -238 -217 -208 -193 0
-76 137 129 131 139 142 144 146 133 149 154 155 158 159 161 167 170 173 175 178 180 182 184 188 189 -226 -217 -214 -211 -199 0
-185 81 77 76 121 120 105 -361 -253 -250 -241 -226 0
-70 137 129 131 139 142 144 146 133 149 154 155 158 159 161 167 170 173 175 178 180 182 184 185 188 189 -205 -199 -193 0
-72 138 129 131 139 141 144 146 136 149 133 154 155 158 160 161 166 167 170 171 173 175 178 180 182 186 188 191 -262 -196 0
-151 81 77 76 72 121 70 120 105 -226 -202 -196 -193 0
-108 137 129 131 139 142 144 146 133 149 151 154 155 158 159 161 167 170 173 175 178 180 182 184 185 188 189 -217 -196 -193 0
195 138 129 131 139 141 144 133 148 149 152 154 145 155 159 161 164 166 167 169 171 174 175 178 179 182 184 185 188 189 0
-135 72 77 73 65 79 68 75 87 90 92 95 100 105 111 115 119 121 125 128 -217 -211 -205 -199 0
-103 134 131 136 137 141 144 145 148 149 152 154 156 140 160 161 164 166 167 169 171 174 175 177 179 182 184 186 187 191 -205 -196 0
-124 134 131 136 137 141 144 145 148 149 152 154 156 140 160 161 164 166 167 169 171 174 175 177 179 182 184 186 187 191 -208 -196 0
-112 134 131 138 139 141 144 146 136 149 152 154 155 158 159 161 173 169 175 177 180 184 185 188 189 -241 -238 -232 -229 0
-192 81 65 68 76 78 112 71 86 93 100 103 105 108 115 117 120 121 123 125 128 -244 -217 -214 -211 -208 -196 0
237 -205 -202 -199 -196 131 129 -244 -217 -214 -211 -208 -241 -238 -232 -229 77 -193 -226 -262 -361 -253 -250 -247 -220 0
-149 77 72 74 70 80 82 65 85 88 92 94 105 114 116 120 125 127 -238 -226 -220 -199 -196 0
-154 74 95 80 82 85 90 70 114 118 120 127 -253 -229 -214 -211 -208 -199 -193 0
-184 74 95 80 82 85 90 70 114 118 120 127 -253 -247 -220 -205 -199 0
-76 131 129 -226 -220 -217 -214 -211 -199 0
-144 74 95 76 80 82 85 90 70 114 118 120 127 -229 -226 -211 -208 -205 -202 -196 0
-121 144 154 184 -361 -271 -253 -250 -241 -226 0
-108 131 129 144 154 184 -232 -217 -205 -196 -193 0
-137 74 95 76 80 82 85 90 70 108 114 118 120 121 127 -220 -214 -199 -196 -193 0
-68 136 129 131 137 144 142 151 154 156 159 163 169 172 178 179 181 184 186 188 -220 -211 -205 -199 -193 0
-173 77 -193 120 105 -361 -262 -238 -217 -208 0
-68 131 129 137 144 154 173 184 -220 -211 -205 -199 -196 -193 0
194 77 72 88 65 94 70 68 84 80 90 92 82 95 97 100 103 105 108 75 111 120 121 123 125 127 0
-161 88 72 68 90 84 85 121 94 95 97 100 75 108 118 120 105 123 127 -262 -250 -247 -220 -205 0
-115 131 129 137 143 162 165 145 148 149 156 159 151 164 135 168 170 175 177 179 181 183 186 187 -217 -199 -196 0
-81 131 134 137 139 144 135 145 149 156 157 159 161 164 165 181 184 186 189 192 -220 -217 -214 -208 0
-104 166 129 168 139 137 144 142 148 149 154 156 181 159 161 164 131 185 171 174 175 178 179 151 183 145 188 189 191 -262 -229 -211 0
-158 104 81 70 77 75 80 84 85 90 92 94 97 100 67 105 107 115 118 120 122 123 125 -220 -217 -214 -211 0
222 146 129 137 139 183 144 131 141 149 151 154 156 147 160 161 164 166 168 170 171 173 175 177 179 158 135 185 188 189 191 0
201 131 129 157 143 142 165 145 148 149 156 151 161 164 135 168 170 175 177 179 181 183 185 187 189 -202 -196 67 72 88 65 77 70 75 84 85 114 90 81 94 95 100 102 105 107 110 111 80 115 118 120 121 123 125 127 -220 137 139 144 154 173 92 97 122 -217 -214 -211 159 -262 -229 0
514 34 -202 -196 -220 -217 -211 -262 -229 -361 -253 -241 -193 -238 -271 -235 -244 -358 2 7 10 12 13 15 17 19 21 4 25 27 30 5 -199 35 38 39 23 44 46 48 50 51 54 55 31 59 62 64 20 26 32 37 40 42 52 61 11 22 33 36 58 60 0
-137 -514 -271 -253 -220 -211 -199 -196 -193 0
-131 137 -361 -292 -265 -238 -229 -217 -193 -235 -220 -202 -199 -196 -343 -328 -322 -271 -244 0
-120 131 -310 -292 -253 -235 -220 -199 0
-144 120 -229 -211 -202 -196 0
-115 144 -514 -241 -238 -220 -217 -199 -196 -193 0
-154 120 -253 -235 -217 -211 -199 -193 0
-161 120 -262 -253 -244 -235 -220 0
-173 71 65 73 78 69 68 79 102 85 83 89 93 98 100 82 104 106 107 110 112 114 115 117 124 -361 -193 0
-108 157 129 131 150 144 145 148 154 156 135 159 161 165 168 170 172 173 175 177 179 181 187 -253 -244 -217 -196 0
-184 108 65 71 78 79 91 84 85 89 82 93 96 98 100 102 103 106 69 112 113 115 118 120 122 124 125 127 -292 -235 0
-75 157 129 131 139 192 144 148 154 145 159 161 164 175 179 184 189 135 -241 -235 -202 -196 0
-185 108 88 69 76 81 71 78 84 85 79 90 94 96 97 100 102 104 106 68 110 112 113 118 122 124 127 -514 -271 -253 -241 0
197 134 131 137 139 144 135 145 156 157 159 161 164 165 181 184 186 189 192 -229 -271 -241 -514 88 65 78 76 69 68 79 71 85 82 89 91 94 83 98 100 103 106 107 110 111 113 115 118 122 124 102 73 75 93 104 112 114 117 81 96 108 0
-141 108 88 69 76 81 71 78 84 85 79 90 94 96 97 100 102 104 106 68 110 112 113 118 122 124 127 -514 -211 -202 0
-74 195 131 129 144 133 149 141 154 161 167 169 174 178 184 185 188 -229 -202 0
-92 157 129 131 150 141 144 145 148 133 154 156 135 159 161 163 165 168 170 172 173 175 177 179 181 184 185 187 190 -235 -229 -211 0
-152 74 89 83 76 71 65 82 85 88 78 92 94 70 98 104 106 108 112 113 115 118 122 125 127 -253 -241 -235 -229 0
-95 195 131 129 144 133 149 141 154 152 161 167 169 174 178 184 185 188 -253 -235 0
-109 157 129 131 150 141 144 145 148 133 152 154 156 135 159 161 163 165 168 170 172 173 175 177 179 181 184 185 187 190 -238 -229 -217 0
-138 75 65 93 69 77 81 74 84 85 88 90 71 91 95 97 100 102 103 107 110 111 114 115 118 120 124 125 -241 -235 -229 -202 0
236 108 72 65 76 78 83 70 93 85 88 90 91 79 96 97 100 102 103 106 81 74 111 114 109 118 120 122 124 125 127 0
195 129 131 137 154 161 -235 72 65 76 78 83 70 93 85 88 90 91 79 96 97 100 102 103 106 81 111 114 118 120 122 124 125 127 173 -238 -229 -217 89 71 82 94 98 104 112 113 115 -253 -241 -211 -202 69 84 68 110 -514 -196 -271 107 73 117 -292 -244 0
200 81 161 -331 -328 -322 -271 -244 -235 131 76 65 73 72 84 85 79 89 94 91 100 106 107 122 125 127 -193 78 88 96 97 102 103 118 120 124 -238 -229 -217 112 113 -253 -241 -211 -202 69 68 110 -514 -196 -292 -361 -220 -199 0
-108 129 157 137 147 166 143 146 149 135 162 164 168 170 171 174 178 179 181 132 188 -253 -244 -196 -193 0
-185 65 107 68 72 84 81 100 103 69 115 118 122 127 -361 -331 -277 -271 -253 -241 0
-74 129 131 140 137 147 144 146 149 157 154 161 168 170 171 174 175 179 181 185 188 189 191 -241 -235 -229 -202 0
-159 72 65 76 78 74 85 88 91 79 96 97 100 102 103 106 81 108 118 120 122 124 125 127 -238 -235 -196 -193 0
223 20 7 10 4 13 15 5 2 22 24 26 27 11 31 34 36 38 40 42 43 18 48 50 52 53 59 61 64 0
-100 137 144 154 -271 -220 -217 -211 -199 -193 0
-185 100 115 120 -277 -271 -253 -241 -223 0
-118 131 137 185 144 154 161 -235 -220 -217 -211 0
-129 -199 -235 -220 -202 -196 -193 0
-185 -361 -343 -277 -271 -253 -241 0
-118 185 -235 -220 -217 -211 0
-154 -199 -253 -235 -217 -211 -193 0
-144 -235 -229 -211 -202 -196 0
-120 -235 -310 -292 -253 -220 -199 0
-100 -193 144 154 -271 -220 -217 -211 -199 0
-137 118 120 -271 -220 -199 -196 -193 0
-85 146 129 137 144 131 136 149 154 156 159 161 171 174 175 185 189 191 -211 -199 -196 0
-179 85 118 120 -244 -220 -199 -196 -193 0
201 65 129 137 146 136 149 154 156 159 161 171 174 175 179 185 189 191 -211 -196 131 68 81 70 79 75 93 86 100 95 92 120 122 123 128 -238 -229 -220 -217 -241 -235 -202 148 134 166 169 141 164 152 158 178 182 184 139 187 0
-72 146 129 137 144 131 136 149 154 156 159 161 171 174 175 179 185 189 191 -262 -220 -202 -196 0
-65 133 131 166 129 144 139 148 149 141 154 152 159 161 164 138 167 169 171 174 175 178 179 182 184 185 188 189 -199 -193 0
-170 81 101 88 76 65 77 71 84 85 114 73 98 91 100 109 106 107 95 111 118 119 124 127 -271 -256 -244 -217 -202 0
221 170 129 162 163 134 144 146 166 149 139 154 156 137 167 148 157 152 141 131 172 179 182 183 186 188 190 192 -271 -244 119 77 81 76 65 73 72 70 85 88 83 92 96 100 102 104 106 108 79 111 114 115 117 109 122 124 125 128 78 82 68 93 98 71 107 110 -361 -193 0
194 73 65 82 68 79 102 85 83 93 98 100 71 104 106 107 110 114 115 117 124 -361 -193 -238 -229 -217 131 129 157 153 181 134 146 166 149 136 139 141 148 159 161 164 138 167 171 179 151 183 185 188 189 191 142 190 144 133 169 174 182 186 132 -220 162 163 154 156 137 152 172 192 -271 -244 77 76 72 70 88 96 111 122 125 91 118 127 -256 -202 0
195 142 129 137 139 180 157 162 148 149 182 153 156 185 159 164 165 169 172 174 175 178 133 152 183 132 187 190 192 0
198 134 -193 -238 -229 -217 131 -361 146 166 149 136 139 141 148 159 161 164 138 167 171 185 189 191 169 174 182 186 -220 154 156 152 -271 -244 72 -256 -202 -199 175 -211 -196 120 -241 -235 158 178 184 187 180 0
-81 139 129 131 158 144 146 148 149 134 154 141 138 159 161 169 171 178 180 186 187 189 -262 -220 -217 -193 0
-183 99 65 78 81 73 75 85 92 93 101 103 108 110 114 117 120 122 126 128 -244 -229 -217 -202 -193 0
194 99 65 126 73 78 68 69 84 81 89 114 93 95 98 75 110 111 115 117 119 122 124 105 -199 129 137 146 136 149 154 156 159 161 171 174 175 179 185 189 191 -211 -196 131 100 92 120 128 -238 -229 -220 -217 -241 -235 -202 148 134 166 169 141 164 152 158 178 182 184 139 187 0
237 154 161 185 -193 -199 -211 -196 131 120 -238 -229 -220 -217 -241 -235 -202 -262 -361 -271 -244 -256 0
-81 129 185 154 161 179 -229 -220 -217 -193 0
-159 65 74 70 82 85 90 100 102 107 110 114 118 120 95 123 125 127 -253 -241 -238 -193 0
-65 -222 -237 -213 -204 -201 -198 -195 0
-114 -204 -216 -237 -201 -198 0
203 -234 -228 -225 -213 -207 -198 79 81 65 88 71 75 84 68 114 90 91 94 86 97 100 102 104 106 108 110 111 70 115 118 120 95 123 125 127 69 78 89 92 93 107 117 122 124 109 0
197 88 65 91 73 78 68 69 84 81 79 89 114 93 95 98 71 102 104 75 107 110 111 86 115 117 119 122 124 127 0
77 10 88 69 71 79 84 109 114 90 91 93 95 98 100 102 104 106 107 75 112 86 117 120 123 125 128 -267 -210 -225 68 20 4 13 5 27 11 31 34 42 43 18 50 52 53 59 61 64 8 23 25 28 32 35 37 47 60 62 63 9 16 39 41 46 55 -273 -252 -246 -237 -234 101 89 65 73 72 85 81 94 76 87 111 70 115 119 122 127 0
-234 -228 -210 -201 88 69 71 79 84 109 114 90 91 93 95 98 100 102 104 106 107 75 112 86 117 120 123 125 128 -267 68 -273 -252 -246 -237 101 89 65 73 72 85 81 94 76 87 111 70 115 119 122 127 -204 -225 -213 -207 -198 97 108 110 118 78 92 124 0
-126 8 4 5 11 9 16 20 28 31 37 39 41 46 47 55 60 62 64 -225 -213 -207 0
203 126 65 68 88 69 78 79 84 97 71 89 92 93 95 114 100 102 104 106 107 75 111 86 115 117 120 122 124 109 127 0
77 5 8 1 11 9 16 13 20 23 28 29 32 35 42 43 50 52 59 62 64 -210 -273 -252 -246 -237 69 88 94 65 81 68 72 84 73 114 90 91 126 95 97 100 102 104 106 108 109 112 75 115 117 120 122 123 86 127 101 98 89 85 79 76 107 87 111 70 119 125 0
221 -252 -210 -201 -273 -225 -246 -237 65 81 68 84 73 114 90 95 100 104 106 108 109 75 115 117 122 123 86 101 98 79 87 111 70 119 125 -204 78 71 92 93 -213 -207 -198 0
-120 8 4 9 24 25 27 36 43 49 56 61 63 -255 -225 -216 -207 -201 0
-102 14 9 12 15 20 21 24 30 32 33 38 39 48 49 61 63 -237 -225 -213 -207 -201 0
-107 9 12 15 21 25 27 32 33 39 43 48 56 58 60 63 -237 -213 -210 -204 -201 0
-89 5 8 14 15 1 4 24 25 30 32 33 36 38 42 43 46 48 49 51 58 -240 -207 -204 -198 0
203 83 8 1 17 14 9 20 21 30 33 36 38 43 46 51 60 61 63 -273 -252 -237 -198 86 87 65 5 75 81 78 89 91 93 95 98 101 106 108 110 111 113 115 117 119 122 124 125 127 73 68 88 84 79 114 71 102 104 107 0
236 76 65 78 83 70 93 85 88 90 91 79 96 100 102 106 81 108 111 114 109 120 122 124 125 127 0
-69 16 8 14 1 4 12 17 20 5 23 25 27 30 32 34 36 38 39 42 10 47 49 52 54 55 59 63 -225 -219 -198 0
200 102 71 79 84 109 114 90 93 95 98 100 68 104 106 107 75 86 117 120 123 125 128 -231 -225 -210 5 8 14 15 1 17 20 21 25 32 33 39 42 49 51 56 58 61 63 -198 65 73 78 81 89 111 115 119 122 4 12 27 30 36 38 54 -219 -237 70 108 -204 9 43 46 60 -273 -252 87 101 113 0
-88 8 4 5 17 9 20 13 24 26 30 33 36 39 43 46 47 49 54 60 -243 -210 -207 0
-127 5 1 7 12 13 19 18 24 26 27 29 33 36 38 39 42 48 50 51 54 61 63 -237 -225 -207 -204 0
-16 88 68 65 78 79 84 71 89 92 93 95 114 100 102 104 106 107 75 111 86 115 117 120 122 109 127 -207 -204 -198 0
-69 5 1 9 7 13 19 18 16 21 26 30 32 33 36 38 40 42 43 47 49 51 54 60 61 63 -246 -225 -219 -198 0
-91 5 1 7 12 13 19 18 16 24 26 27 29 33 36 38 39 42 48 50 51 54 61 63 -324 -225 -219 -207 -204 0
197 69 65 73 78 68 88 84 81 79 89 114 93 95 98 71 102 104 75 107 91 111 86 115 117 119 122 127 0
-159 86 -237 -198 -273 87 65 75 81 78 93 95 98 101 106 108 111 113 115 117 119 122 125 73 68 84 79 71 104 -204 -219 -210 -324 -225 -246 92 100 109 -243 -201 90 123 128 -231 70 -240 -213 -255 -216 -222 0
-16 78 65 70 93 90 79 100 106 81 108 111 114 109 122 125 -237 -231 -213 -210 -204 -198 0
-88 16 -255 -243 -222 -216 -210 -201 0
-102 -222 -225 -237 -216 -213 -201 0
-16 102 114 -231 -213 -210 -204 -198 0
-127 16 -255 -237 -225 -222 -204 -201 0
-36 65 88 102 114 127 -237 -222 -213 -210 -201 -195 0
-122 -198 -201 -195 0
-5 65 88 102 127 -225 -222 -219 -204 -198 0
-91 1 5 4 23 14 9 18 21 25 28 29 31 34 36 46 50 51 53 55 11 60 62 64 -225 -222 -201 0
193 15 1 4 11 14 9 5 20 7 24 25 27 29 31 34 35 38 40 41 43 46 47 50 51 53 55 58 60 62 63 0
-22 74 88 68 69 71 79 77 84 109 114 90 91 93 95 98 100 102 104 106 107 75 86 116 117 82 123 125 128 -231 -225 -216 -210 0
203 68 88 71 79 84 109 114 90 91 93 95 98 100 102 104 106 75 86 117 123 125 128 -225 -222 -216 -210 5 1 4 11 14 9 15 20 7 24 25 27 29 31 34 35 38 40 41 43 46 47 50 51 53 55 58 60 62 63 -231 0
-22 68 88 71 79 84 109 114 90 91 93 95 98 100 102 104 106 75 86 117 123 125 128 -246 -231 -225 -219 -216 -210 0
199 1 102 122 127 -225 -222 -219 -216 -210 5 88 4 11 14 9 20 25 29 31 34 35 41 46 47 50 51 53 55 58 60 62 114 91 -246 -231 -195 0
-22 71 65 83 77 82 88 91 93 96 98 100 106 110 111 117 120 124 125 -270 -246 -225 -219 -210 -195 0
-75 1 4 11 22 20 31 36 44 46 47 50 51 -243 -237 -210 -204 -195 0
209 81 88 65 68 121 79 83 70 71 75 90 93 98 86 102 104 99 107 110 111 115 117 77 124 125 127 0
-38 86 65 83 70 71 76 82 73 87 90 93 77 100 102 103 109 115 117 120 122 124 125 127 -246 -237 -222 -216 -213 0
-95 7 4 11 14 9 5 20 1 24 25 29 31 34 35 38 41 43 46 47 50 51 53 55 58 60 62 -237 -216 -195 0
-63 103 65 76 83 70 93 85 88 90 91 96 100 102 79 106 81 111 114 109 120 122 124 125 127 -255 -237 -222 -204 0
224 76 65 83 70 71 82 73 90 93 77 100 102 115 117 120 122 124 125 127 -246 -222 -219 -213 8 4 5 14 9 18 20 16 23 28 29 31 34 35 39 41 22 47 50 53 55 58 60 62 85 88 91 96 79 106 111 114 -255 -237 -204 11 1 25 46 51 -216 -195 -210 68 75 98 104 107 110 0
196 65 114 122 -270 -237 -216 -213 -210 -204 5 16 -225 -246 -222 -219 -255 -195 -243 -201 -231 0
-100 16 36 -222 -213 -210 -201 -195 0
-22 72 73 82 75 87 89 92 95 99 101 108 110 114 115 117 119 128 -246 -231 -225 -219 -216 -210 -195 0
-79 6 4 24 31 22 7 20 17 16 34 36 37 39 45 47 49 52 55 58 60 64 -225 -222 -216 -201 -195 0
-1 -129 -196 0
-79 22 16 36 -225 -222 -216 -201 -195 0
-55 72 73 79 82 75 87 89 92 95 99 101 108 110 114 115 117 119 128 -246 -243 -231 -219 -213 -210 -204 -195 0
-125 11 7 6 16 13 2 17 24 28 29 31 36 37 39 41 43 52 53 58 60 61 64 -237 -222 -204 -201 -195 0
221 71 65 78 73 124 68 105 84 79 99 89 114 93 95 98 88 102 104 75 81 110 111 86 115 117 119 122 69 126 127 0
194 39 65 88 197 114 79 102 122 127 -225 43 58 60 -237 -213 -210 -204 -201 6 10 7 4 11 16 20 24 2 29 17 34 36 37 45 49 53 61 64 -222 0
-86 6 4 9 2 14 22 17 23 16 34 40 42 44 47 52 55 59 -270 -261 -225 -219 -216 0
-54 86 78 73 124 68 105 84 79 99 89 114 93 95 98 88 102 75 110 111 65 115 117 119 122 69 126 127 -222 -216 -213 0
-57 86 82 72 69 79 68 88 92 95 100 101 103 108 111 114 115 125 127 -279 -255 -243 -225 0
223 4 1 5 24 9 22 7 20 13 40 26 17 29 54 34 16 37 41 44 45 47 52 58 59 0
208 122 127 -225 -222 -219 -216 -210 5 88 1 55 114 -246 -231 -195 -201 -213 -204 65 16 -270 -261 197 -237 0
-129 -225 -219 -216 -213 -201 -210 -246 -231 -195 -261 -237 -255 0
-79 -264 -225 -216 -201 -195 0
-22 79 -246 -231 -225 -219 -216 -210 -195 0
-86 22 -225 -219 -216 -210 -195 0
-4 79 -255 -225 -216 -213 -210 -201 -195 0
-95 22 -261 -255 -237 -216 -210 -195 0
215 65 -264 -261 -255 -246 -237 -210 99 81 22 68 73 75 84 79 91 90 109 86 96 126 70 102 104 106 108 87 111 113 71 117 120 122 124 77 127 83 121 93 98 107 115 125 0
209 6 9 12 7 26 31 22 38 39 41 56 58 60 61 -219 -246 -237 -213 -201 104 81 99 68 65 69 84 73 91 90 114 93 96 98 71 101 77 86 108 109 111 76 120 122 123 126 127 102 121 92 79 66 70 87 95 100 103 107 75 117 124 128 0
-88 52 9 7 14 17 15 6 24 26 28 29 35 37 39 46 50 11 53 56 58 64 -255 -246 -237 -231 -201 0
-1 -193 -154 0
200 6 17 9 2 14 16 12 24 26 27 29 31 34 35 38 39 46 49 52 54 55 58 64 -231 -219 -213 -237 83 78 108 79 93 65 88 90 70 76 96 100 102 106 81 91 111 114 109 120 122 124 125 127 68 73 77 71 75 113 126 98 103 107 121 69 115 117 123 86 0
-193 73 76 99 102 68 109 87 93 69 98 90 103 107 111 114 66 117 124 126 127 83 96 106 81 91 120 77 71 121 115 -154 0
-88 23 6 7 11 44 1 20 26 45 22 34 42 51 53 55 -255 -237 -231 -216 -210 -201 0
-16 68 102 120 121 79 66 71 87 90 81 93 95 98 114 103 86 107 111 77 117 124 126 -213 -210 0
-75 7 6 59 4 49 15 28 26 11 29 34 36 42 47 22 61 64 -276 -267 -237 -210 0
-38 99 -261 -255 -246 -237 -210 -264 81 22 68 73 75 79 91 90 109 86 96 126 102 106 87 111 71 117 120 124 77 127 83 121 93 98 107 115 -216 -213 -201 0
-84 12 7 9 45 14 15 24 20 44 26 28 30 35 38 39 41 6 2 49 52 53 55 59 61 -255 -246 -237 -213 0
236 84 70 88 65 81 91 77 121 85 114 90 98 75 104 100 102 73 107 110 111 115 120 95 125 127 0
214 65 81 99 68 73 75 79 91 90 109 86 96 126 70 102 104 106 87 111 71 117 120 122 124 77 127 -261 -231 -219 23 7 16 11 13 2 6 17 10 26 31 37 40 42 43 47 52 53 58 60 61 -237 88 121 85 114 98 100 107 110 115 95 125 9 45 14 15 24 20 44 28 38 39 41 49 55 59 -255 -246 -213 0
200 13 76 99 102 68 109 87 95 93 69 98 90 86 103 107 111 114 66 117 124 126 127 -276 -255 44 1 4 11 9 16 20 73 24 26 28 22 31 45 36 37 39 41 6 47 49 51 53 59 61 -237 88 81 91 77 121 75 115 120 -216 79 96 106 71 -261 -231 -219 23 7 2 17 10 40 42 43 52 58 60 14 15 38 55 -246 -213 0
-84 24 9 45 14 15 7 20 44 26 28 12 38 39 41 6 2 49 52 53 55 59 61 -255 -246 -237 -213 -216 0
235 2 11 9 6 14 16 17 19 21 24 26 27 29 32 36 37 40 42 43 45 47 49 52 55 58 59 61 64 0
208 1 44 4 14 15 6 26 31 34 36 38 40 42 47 51 22 55 59 61 64 -429 -264 -213 88 81 91 77 121 114 90 98 75 102 73 107 111 115 120 95 127 -237 11 9 16 17 29 37 45 49 58 7 20 28 53 -255 -246 -216 -201 76 99 68 109 87 93 69 86 103 66 117 124 126 -276 79 96 106 71 -261 -231 -219 23 0
224 -154 0
-6 95 -255 -237 -201 -195 0
-75 2 9 6 17 19 26 27 29 32 42 43 45 47 -237 -210 -195 0
-24 65 123 77 79 75 82 88 90 100 102 103 107 111 120 94 86 127 -255 -231 -210 -201 0
-98 24 6 9 7 13 35 26 29 45 34 32 38 39 42 51 60 62 -333 -231 -213 -210 -201 -195 0
-16 72 94 95 84 85 90 92 70 98 74 103 105 110 111 118 120 80 123 125 -255 -246 -231 -213 -210 0
-115 16 6 9 7 35 13 24 26 29 45 34 32 38 39 42 51 60 62 -246 -219 -201 -195 0
-55 102 98 90 103 107 111 114 127 120 77 115 -154 0
-121 16 17 13 19 12 24 26 29 32 34 35 6 42 47 50 51 53 56 57 60 62 -429 -333 -276 -255 0
194 68 121 65 82 94 77 84 70 90 92 88 95 97 100 103 72 80 75 111 120 105 123 125 127 0
-30 113 72 70 80 65 77 82 109 90 84 93 86 98 102 107 111 67 116 118 120 122 124 125 128 -219 -216 -213 0
209 65 72 70 80 77 82 90 84 86 98 102 107 111 67 116 118 120 122 125 -255 -213 -201 5 57 4 7 24 13 9 45 15 26 27 22 32 34 38 39 42 43 47 51 53 56 19 62 63 -219 -216 -195 121 94 92 88 95 97 100 103 75 105 123 127 0
236 79 -246 -216 -213 -201 57 7 23 4 56 2 62 6 22 15 26 29 34 17 39 43 13 47 53 38 60 50 -210 86 -255 5 9 45 27 32 42 51 19 63 -219 -195 95 75 12 35 -429 -333 -276 -231 0
-154 0
-24 -242 -236 -209 -206 -200 0
-26 -236 -224 -215 -212 -209 -200 -194 0
-111 -26 0
-90 -209 -26 0
237 147 -220 -214 -205 -193 130 134 111 139 137 144 145 149 152 155 157 160 164 165 168 170 171 173 175 177 180 183 186 189 192 -208 135 156 159 181 184 -217 0
-98 129 150 137 160 135 144 148 140 167 156 169 152 161 164 166 145 174 175 178 179 184 186 189 192 -271 -217 -211 -193 0
213 151 105 84 114 95 98 88 102 75 110 111 122 127 -220 -271 -241 -223 130 134 137 135 139 143 145 141 150 147 155 65 159 161 164 166 168 170 172 174 178 180 183 186 188 132 192 146 138 152 156 157 160 162 167 171 175 177 184 187 189 0
-86 151 134 137 135 141 143 146 140 149 130 147 155 157 160 161 165 167 169 171 173 178 180 181 184 186 188 191 -244 -229 -205 0
-185 76 70 67 77 119 114 84 85 88 80 92 94 72 97 100 102 103 105 107 110 74 116 118 96 123 125 128 -241 -223 0
195 67 70 77 114 84 85 88 80 92 94 72 97 100 102 103 105 107 110 74 116 118 123 125 -331 -220 -205 130 150 134 139 141 143 146 135 138 152 156 157 160 162 164 166 167 170 171 174 175 177 180 147 184 132 189 192 129 161 179 -229 -217 -193 -241 -223 -211 95 98 75 111 122 127 -271 137 145 155 65 159 168 178 183 186 188 0
201 130 138 141 150 152 156 159 164 165 167 173 175 132 189 -331 -253 -241 -223 90 100 -214 -220 -217 -211 111 -193 -205 134 139 135 157 162 171 177 180 192 -229 -271 145 183 186 188 144 148 169 -262 -235 -244 -208 181 0
-84 130 162 134 145 139 148 167 141 135 164 169 177 132 189 -241 -220 -211 -205 -193 0
-75 143 130 139 141 134 145 148 151 150 156 138 161 168 169 172 179 181 183 132 187 192 -265 -241 -235 -205 0
-121 143 138 141 130 150 152 156 159 161 164 165 167 170 172 173 175 179 132 187 189 -331 -241 -223 0
237 121 76 77 119 114 84 85 88 80 92 94 100 102 105 107 110 116 118 96 70 123 125 128 -271 -253 -241 -223 150 134 177 139 129 144 148 137 156 167 159 161 164 165 141 169 172 175 173 179 181 132 187 189 152 -208 -214 135 145 157 186 192 -220 -217 0
195 119 -229 -220 -217 -193 70 76 77 161 114 84 85 88 80 92 94 100 102 105 107 110 116 118 96 123 125 128 -241 -223 91 65 104 90 98 73 111 115 120 127 -235 -271 -253 150 134 177 139 144 148 156 167 159 164 165 141 169 175 173 181 132 189 152 -208 -214 135 145 157 186 192 138 130 -331 183 -265 -205 0
-121 136 130 138 141 146 150 152 156 158 159 161 164 165 167 173 175 178 182 184 132 187 189 191 -253 -223 0
-185 81 76 70 77 119 114 84 85 88 80 92 94 100 102 105 107 110 116 118 96 121 123 125 128 -271 -253 -241 -223 0
-103 136 162 134 145 130 144 138 148 149 185 156 158 159 165 167 169 174 175 177 182 184 132 187 189 192 -217 -214 -205 0
212 130 138 141 150 152 156 159 161 164 165 167 173 175 132 189 -217 65 83 91 68 77 71 73 82 88 90 79 96 98 100 102 106 107 111 115 117 120 127 162 134 145 144 148 169 177 192 -214 -205 76 70 114 84 85 110 125 -271 -253 -241 -223 -235 93 122 124 -193 -229 -220 104 139 181 -208 135 157 186 -331 183 -265 0
-121 130 138 140 141 146 150 152 156 158 159 161 164 165 167 173 175 182 132 187 189 -253 -241 -223 0
-185 70 76 77 114 84 85 88 100 102 107 110 96 121 125 -406 -331 -271 -253 -241 -223 0
-103 130 162 134 145 140 144 138 148 149 185 156 158 159 151 165 167 169 174 175 177 182 132 187 189 192 -220 -205 0
-184 91 88 70 65 104 77 84 85 114 90 98 121 100 102 73 107 110 111 115 120 125 127 -235 -214 -205 0
-81 129 -193 161 185 -229 -220 -217 0
-179 65 83 91 68 77 71 73 103 82 88 90 79 96 98 100 102 106 107 111 121 115 117 120 127 -217 -205 -193 0
-75 130 162 134 145 140 144 138 148 149 185 156 158 159 151 165 167 169 174 175 177 179 182 184 132 187 189 192 -235 -205 -193 0
-172 65 83 91 68 77 71 73 103 82 88 90 79 96 98 100 102 106 107 75 111 121 115 117 120 127 -217 -205 -193 0
237 130 134 157 137 145 144 140 148 149 141 156 152 160 161 164 166 167 169 171 174 175 177 179 182 184 186 187 190 0
-209 -26 -205 -229 -220 -214 -406 -331 -271 -253 -241 -208 -244 -199 -235 0
-121 -223 -241 -253 -331 -271 0
-185 74 101 81 75 90 93 100 119 77 124 125 128 -331 -271 -253 -241 -223 0
-156 209 121 111 -241 -235 -229 -211 -193 0
-102 156 -235 -214 -211 -205 -199 0
-130 66 68 92 71 70 81 80 90 95 93 121 102 103 107 118 119 125 -274 -259 -223 -214 -205 0
-187 95 88 70 77 84 90 98 121 81 100 102 107 111 75 125 -235 -211 -205 -193 0
-110 130 156 187 -235 -214 -211 -205 -199 0
-167 97 68 66 92 71 70 81 80 90 95 93 121 85 102 103 107 110 114 118 119 123 125 127 -220 -217 -214 -205 0
-115 162 130 134 145 142 148 185 156 159 151 165 167 172 175 177 179 132 187 189 192 -241 -220 -217 -205 -199 0
206 162 130 134 145 142 148 185 156 159 151 165 167 172 175 177 179 132 187 189 192 -229 -220 -214 -211 -199 66 81 97 75 71 67 84 86 88 90 70 93 95 80 74 102 110 111 113 116 117 120 121 124 125 127 82 109 118 101 85 105 92 98 103 77 115 119 128 0
-140 72 70 68 66 82 75 94 116 98 100 101 110 114 86 117 119 122 123 128 -220 -217 -214 -211 -199 0
-73 150 130 134 139 143 170 146 135 138 152 156 157 182 162 164 166 167 185 174 175 177 184 132 187 189 192 -211 -199 0
236 130 185 156 -253 -244 -217 101 77 70 84 68 109 90 92 88 95 100 121 103 86 80 75 111 113 117 105 125 -211 -199 66 116 98 119 122 128 -220 -214 -205 -229 81 71 93 74 124 -241 107 -193 -262 -235 0
-115 130 134 131 141 146 149 161 167 169 171 178 180 184 186 191 -220 -205 -199 -193 0
-140 101 77 70 84 68 109 90 92 88 95 100 121 103 86 80 75 111 113 115 117 105 125 -220 -217 -211 -199 0
-73 130 131 140 136 146 149 152 156 166 169 171 174 178 184 185 191 -220 -217 -214 -211 -199 -193 0
-179 88 66 105 73 84 70 90 71 109 102 103 92 113 116 117 119 121 125 -244 -220 -217 -205 -199 -193 0
201 157 66 105 73 84 70 90 71 109 102 103 92 113 116 117 119 121 125 -271 -253 -220 -217 -214 -193 88 170 177 155 135 185 179 130 237 140 156 187 190 0
207 179 185 -193 -220 -217 66 74 110 77 70 116 118 71 88 90 75 93 68 98 100 102 86 107 92 111 113 103 121 125 128 101 119 95 80 105 109 115 73 124 -199 84 117 -271 -253 -214 130 237 140 156 187 0
-26 -205 -220 -199 -271 -253 -214 -244 -235 -229 -241 -259 -331 -406 -208 0
-121 -406 -361 -331 -271 -253 -241 0
-130 121 -259 -208 -205 0
-184 121 -235 -214 -205 -199 0
-102 -241 -229 -220 -214 -205 -199 0
-90 -253 -244 -235 -214 -208 -199 0
-187 90 102 121 -286 -280 -271 -259 -253 -244 -235 -205 0
-73 130 184 187 -271 -253 -220 -214 -199 0
-140 121 73 90 -253 -244 -220 -214 -199 0
-179 76 70 83 79 104 82 88 90 91 96 98 100 102 111 114 115 121 124 125 -280 -244 -241 -220 -205 0
-185 84 82 88 68 76 65 98 90 85 73 104 102 78 126 107 80 111 114 95 117 120 122 124 99 127 -361 -271 -241 0
209 99 121 110 104 79 65 70 71 75 90 93 98 86 102 68 83 107 88 111 115 117 77 124 125 127 0
221 75 65 97 84 91 79 88 74 68 114 90 71 77 86 104 100 102 121 106 108 110 111 70 115 118 120 95 123 125 127 0
206 179 130 184 -220 65 91 79 88 68 114 90 71 77 104 100 102 121 106 110 111 70 115 120 125 127 -208 93 98 83 107 117 124 82 76 85 73 122 -361 -271 -241 0
-75 146 157 170 134 144 177 155 167 152 135 159 139 182 174 175 161 179 184 191 -280 -271 -241 -235 -208 0
-185 65 83 91 68 77 71 73 82 88 90 79 96 98 100 102 106 107 75 111 121 115 117 120 127 -361 -271 -253 -241 0
-86 134 130 153 139 150 152 163 159 161 166 167 179 184 185 191 -259 -244 -229 -214 -208 0
-189 110 121 104 79 65 70 71 75 90 93 98 86 102 68 83 107 88 111 115 117 77 124 125 127 -214 -208 0
216 149 83 91 68 77 71 73 82 88 90 79 96 98 100 102 106 107 75 111 121 115 117 120 86 127 -259 -361 -271 -229 146 134 65 185 138 144 129 140 163 152 155 158 159 161 135 166 167 171 174 175 182 184 132 187 190 142 130 145 139 137 148 150 160 176 164 136 170 177 186 188 191 0
222 163 134 144 146 166 139 167 148 157 152 170 172 135 177 179 182 186 190 -208 -235 121 110 104 79 65 70 71 75 90 93 98 86 102 68 83 107 88 111 115 117 77 124 125 127 91 85 114 100 73 120 -214 82 96 106 -259 -361 -271 -229 185 138 140 155 159 161 174 175 184 132 187 142 130 150 191 0
215 182 135 166 144 139 148 155 157 152 159 161 138 167 174 175 179 185 184 189 -229 -208 -235 88 94 81 65 86 73 68 84 78 79 72 97 89 96 121 75 102 104 91 107 69 112 113 118 120 124 125 110 70 71 90 93 98 83 111 115 117 77 127 85 114 100 0
-164 98 88 70 65 91 77 104 85 114 90 84 121 81 100 102 73 107 110 111 115 120 75 125 127 -235 -208 0
-95 163 130 134 145 162 144 139 148 153 185 155 152 158 159 135 137 166 170 172 175 177 180 182 184 132 187 189 191 -271 -235 -208 0
200 90 121 -361 -334 -271 -229 184 187 -235 102 73 -208 -214 -220 -259 140 -244 -253 -241 -280 -205 0
-88 -24 0
-115 130 146 147 140 143 141 152 164 170 175 178 179 184 132 187 189 191 -280 -253 -241 -220 -205 0
-185 88 90 102 -406 -361 -331 -271 -253 -241 0
-98 130 146 160 140 134 168 152 155 162 164 166 143 175 178 179 147 185 188 189 -271 -241 -214 -208 0
-127 130 147 168 140 141 143 185 152 164 170 178 181 184 132 188 191 -337 -253 -235 -220 -205 0
-65 130 155 152 157 166 171 175 178 179 181 184 185 187 189 191 -241 -235 -229 -220 0
-159 65 88 90 102 121 115 127 -271 -214 -208 -205 0
-77 130 147 168 140 141 143 185 152 159 164 170 178 181 184 132 188 191 -331 -322 -235 -208 0
-138 65 88 90 77 102 121 115 127 -241 -229 -208 -205 0
210 65 88 90 77 102 121 115 127 -220 -334 -214 -205 130 170 134 147 160 141 146 135 138 152 157 162 164 166 185 171 174 175 184 132 187 189 143 168 159 129 179 181 188 191 0
-91 130 134 147 160 155 137 149 152 157 164 168 170 171 175 186 187 189 -322 -286 -280 -253 -220 -214 -205 0
-145 101 88 81 121 65 84 68 95 91 73 105 80 115 119 125 128 -337 -286 -229 -220 -214 0
-104 168 129 140 157 145 191 152 135 159 141 170 175 179 181 184 185 187 138 -364 -361 -334 -271 -229 0
-161 98 88 70 65 95 77 91 104 90 84 121 81 100 102 73 107 111 115 75 125 127 -235 -220 -205 0
-158 98 88 70 65 95 77 91 104 90 84 121 81 100 102 73 107 111 115 75 125 127 -235 -220 -214 0
-110 130 149 134 157 160 140 145 137 141 152 161 164 166 171 174 175 179 184 186 187 -235 -214 -205 0
207 178 141 134 168 145 143 138 158 129 152 185 155 159 164 166 135 170 161 174 175 179 184 132 187 189 191 0
-24 0
-88 -207 -255 -222 -243 -216 -210 -201 0
-121 -408 -363 -273 -255 -243 0
-65 6 22 -243 -237 -231 -222 -219 -201 -195 0
-115 6 -225 -222 -207 -201 -195 0
-90 4 54 22 7 16 29 20 44 47 58 59 -225 -219 -210 -201 -195 0
-104 10 35 7 22 25 14 20 6 29 42 49 51 58 -273 -231 -201 -195 0
-175 221 11 14 16 27 29 42 47 49 58 59 -237 -219 -195 79 2 104 88 115 95 121 -246 -243 -231 -210 -222 -201 -216 -270 -225 -255 0
-75 26 2 6 27 29 42 43 47 -237 -210 -195 -282 -276 0
-111 13 54 22 7 4 16 26 29 41 1 20 44 47 52 58 59 -225 -219 -195 0
-55 92 75 72 68 104 85 87 73 101 70 90 81 93 95 100 121 97 107 110 111 113 115 117 120 123 125 127 -219 -210 0
-77 13 54 22 7 4 16 26 29 41 1 20 44 47 52 58 59 -225 -219 -210 -201 0
199 17 49 62 2 13 8 16 20 26 28 29 21 33 36 38 39 41 43 46 47 3 51 54 56 58 59 6 63 0
-9 70 72 77 73 81 94 84 89 79 86 68 95 100 97 104 106 107 111 113 65 118 120 122 75 -225 -216 -195 0
-57 100 -185 120 115 0
-111 4 54 22 7 16 29 20 44 47 58 59 -225 -219 -210 -201 -195 0
-9 104 86 95 79 111 65 -225 -216 -195 -222 -201 0
-75 4 6 22 7 10 25 16 11 46 27 38 14 44 47 49 51 62 63 -282 -276 -243 -237 -210 -195 0
-77 26 54 22 7 4 16 -201 29 41 13 20 44 47 52 58 59 -225 -219 -210 0
199 13 35 4 7 6 25 20 2 37 18 27 29 31 45 33 42 44 9 47 49 52 54 56 58 60 62 64 0
208 100 4 11 16 20 44 22 31 18 39 6 33 47 49 51 56 59 63 -237 -185 9 115 79 93 65 88 90 108 70 106 78 81 111 109 122 125 -201 35 7 25 2 27 29 42 54 58 62 0
200 100 4 11 16 20 44 22 31 18 39 6 33 47 49 51 56 59 63 -243 -240 -237 -185 9 115 79 93 65 88 90 108 70 106 78 81 111 109 122 124 125 87 68 73 66 71 84 123 104 98 121 105 113 116 117 80 128 0
-120 43 -207 -225 25 27 9 -222 49 56 61 63 -255 4 -216 36 -201 0
-45 87 65 73 68 109 78 75 80 121 100 101 104 106 108 71 111 115 117 119 86 123 -282 -249 -240 -225 -219 0
-127 19 33 4 14 1 45 9 18 25 16 29 32 12 35 38 40 44 22 49 54 57 59 62 63 -240 -237 -222 0
235 81 -185 75 90 101 100 93 119 77 125 128 124 74 25 58 50 7 4 11 1 20 14 18 40 29 31 22 36 45 38 42 43 15 47 33 51 53 56 10 60 62 63 6 49 9 13 19 16 21 26 27 57 39 46 54 61 44 32 12 0
194 90 65 95 121 86 75 111 115 -237 -185 25 58 7 4 11 20 14 18 29 31 22 38 42 47 33 51 56 10 62 63 6 49 9 16 27 39 46 54 44 35 59 -240 -222 104 -282 -249 -219 -207 -255 -216 -201 -243 79 -210 2 0
-100 35 4 7 6 25 20 2 37 18 27 29 31 33 42 44 9 47 49 45 54 56 58 62 64 -210 -201 0
199 100 -185 115 25 58 28 7 4 11 1 20 14 18 40 29 31 22 36 45 38 42 15 47 33 51 53 56 10 62 63 -207 27 9 -222 49 61 -255 -216 -201 6 2 35 16 37 39 23 54 59 46 17 34 55 64 44 0
-13 104 79 121 110 65 70 71 75 90 93 98 86 102 68 83 107 88 111 115 117 77 124 125 127 -225 -210 0
-52 104 79 121 110 65 70 71 75 90 93 98 86 102 68 83 107 88 111 115 117 77 124 125 127 -216 -210 0
209 44 14 10 58 1 17 45 15 52 26 27 29 33 36 38 39 42 6 47 54 56 61 63 -225 -216 -237 70 88 98 65 95 77 85 104 114 90 91 121 100 102 73 107 110 111 115 120 75 125 127 79 71 93 86 68 83 117 124 0
205 79 121 95 -222 -249 -231 -219 22 -210 -216 -237 -185 -201 -207 -255 -195 -240 -282 -243 -273 0
-45 65 70 78 89 68 108 88 103 93 79 75 121 71 110 111 118 95 127 -240 -225 -219 -210 -195 0
-100 6 22 45 -279 -222 -219 -210 -201 -195 0
-9 -195 86 95 79 111 65 -225 -216 -222 -201 0
-47 -205 -184 121 0
-44 65 70 78 89 68 108 88 103 93 79 75 100 121 71 110 111 118 95 127 -270 -252 -228 -219 -195 0
-125 6 57 -222 -216 -210 -201 -195 0
-54 108 65 91 70 79 93 88 78 74 100 102 103 106 97 111 118 120 122 125 127 -237 -222 -219 -216 0
220 7 6 4 11 16 10 20 17 2 29 37 34 36 57 39 43 45 49 53 60 61 64 0
-27 69 99 65 71 68 81 84 73 80 93 96 91 118 86 108 111 88 76 120 122 123 126 127 -219 -216 -201 0
200 221 65 84 108 74 88 97 68 71 79 75 86 100 102 121 106 91 110 111 70 115 118 120 95 123 125 127 0
208 100 -185 120 115 22 6 47 54 -201 65 84 108 74 88 97 68 71 79 75 86 102 121 106 91 110 111 70 118 95 123 125 127 -222 45 0
-145 -184 -231 -222 121 -210 -185 -201 -237 -216 -243 -207 -255 -282 -273 -261 -246 0
-111 -237 -210 -207 -201 0
-65 -243 -237 -231 -222 -201 0
-29 65 88 -255 -246 -210 -207 -201 0
-100 -333 -246 -222 -210 -201 0
-6 83 65 91 70 79 93 85 88 90 76 96 100 102 106 111 114 120 122 124 125 127 -237 -210 -207 0
209 6 29 -339 -288 -261 -216 -207 -237 70 88 85 65 77 104 114 90 91 121 98 100 102 73 107 110 111 115 120 125 127 79 71 93 68 83 117 124 -210 0
-75 7 37 11 29 31 34 39 47 52 10 55 60 61 -282 -243 -237 -207 0
-54 200 65 88 75 100 121 111 -222 -207 0
-86 60 7 4 16 10 20 55 26 29 31 22 11 45 39 2 47 49 53 28 61 64 -273 -231 -207 0
-42 200 65 88 75 86 100 121 111 -222 -207 0
206 75 121 86 88 111 -408 -363 -243 6 4 2 16 10 20 17 7 29 37 34 36 11 39 43 45 49 53 60 61 64 -222 65 200 100 0
-95 14 4 25 35 17 45 29 31 33 38 39 41 6 44 49 51 54 56 28 60 62 63 -261 -243 -237 -216 0
220 4 44 25 6 22 7 20 62 27 17 31 16 34 36 52 39 42 37 45 47 49 54 55 58 60 14 64 0
-108 60 7 14 4 33 16 10 20 42 55 26 29 31 22 11 45 39 38 44 2 47 49 51 53 28 18 35 61 64 -255 -246 0
-57 200 65 221 88 75 86 100 121 111 95 108 -255 -243 0
200 65 88 100 111 -246 -231 29 -255 -243 -222 -261 -237 -216 -207 -408 -363 -273 -282 -210 -339 -288 0
-45 88 121 100 111 -363 -339 -282 -231 -210 0
-127 6 7 15 19 18 4 29 32 36 40 42 43 46 12 50 51 53 13 61 63 -255 -243 -237 -222 -207 0
-75 6 7 15 19 18 4 29 32 36 40 42 43 46 12 50 51 53 13 61 63 -243 -210 -207 0
-57 65 88 121 75 127 -363 -333 -273 -255 -243 0
-125 6 7 15 19 18 4 57 29 32 36 40 42 43 46 12 50 51 53 13 61 63 -237 -222 -210 0
-95 6 7 15 19 18 4 57 29 32 36 40 42 43 46 12 50 51 53 13 61 63 -243 -210 -207 0
-55 75 88 121 95 100 111 125 127 -273 -243 -231 -210 0
208 65 88 75 100 95 -336 -261 -243 -216 -207 -222 6 4 57 7 29 34 36 43 45 53 60 61 15 46 19 26 40 38 13 1 47 51 55 63 -273 -231 0
-22 81 71 105 65 68 121 88 93 100 103 74 86 80 117 125 128 -231 -216 -207 0
-37 74 68 92 101 98 70 65 88 121 77 109 105 80 116 117 124 125 127 -339 -273 -261 -255 0
-120 6 4 57 37 7 29 34 36 43 45 53 60 61 -222 -216 -207 0
-3 66 86 105 75 81 84 88 90 93 95 80 74 103 107 109 111 117 120 121 125 127 -399 -324 -246 -237 0
205 6 9 19 7 37 1 3 21 26 27 29 18 36 13 42 43 46 47 57 51 56 60 61 63 0
-152 0
-88 -253 -244 -208 -205 -199 0
-125 -214 185 -208 -202 -199 -193 0
-61 -259 185 -364 -361 -334 -271 -229 121 -205 -196 -211 -199 -253 -244 -241 -214 -208 -322 -280 -238 -262 -217 -235 -193 -202 -256 -265 -292 -343 -310 -514 0
-127 130 185 184 -238 -235 -223 -205 -202 -199 0
-120 142 157 155 138 153 135 159 166 170 172 177 182 184 185 187 191 -253 -235 -223 -214 -199 0
-95 171 130 163 139 144 150 148 141 185 153 157 159 161 167 138 175 177 179 181 132 187 189 191 -196 -193 0
-68 171 130 163 139 144 150 148 141 185 153 157 159 161 167 138 175 177 179 181 132 187 189 191 -196 -193 0
-65 171 130 163 139 144 150 148 141 185 153 157 159 161 167 138 175 177 179 181 132 187 189 191 -196 -193 0
-100 171 130 163 139 144 150 148 141 185 153 157 159 161 167 138 175 177 179 181 132 187 189 191 -235 -217 -208 -193 0
-173 120 -361 -193 -238 -262 -208 -217 77 0
-65 150 173 144 146 138 135 155 157 159 161 166 167 170 172 179 182 185 187 191 -235 -229 -199 -196 -193 0
201 84 65 110 88 95 102 107 75 114 111 86 122 127 -196 -253 -244 -241 -238 -229 130 138 139 150 170 146 135 134 157 182 166 167 185 174 175 177 184 132 187 -211 -199 191 159 179 -364 -361 -334 -271 144 153 190 142 161 163 -193 92 94 97 80 70 90 82 72 100 121 103 77 120 105 123 125 148 155 -214 -208 0
236 207 185 184 -214 -208 -193 121 65 90 86 75 88 77 125 127 120 -199 -196 -253 -244 -241 -238 -229 130 -211 -364 -361 -334 -271 144 0
-68 163 130 -193 139 144 150 148 141 185 153 157 159 161 167 138 175 177 179 171 132 187 189 191 -196 0
-99 150 130 158 141 138 185 156 159 161 164 136 170 172 173 178 180 184 132 190 191 -262 -241 -223 -214 -196 0
-133 87 68 101 73 123 78 86 90 95 98 100 71 109 111 115 117 120 121 125 127 -223 -217 -202 -196 0
-145 79 99 121 110 65 70 71 104 90 93 98 75 102 68 86 88 111 115 117 77 125 127 -217 -208 0
194 99 121 110 65 90 75 102 68 86 88 77 125 127 -208 -199 -196 130 144 139 163 142 155 150 148 167 138 157 159 161 173 166 131 136 171 169 175 178 179 184 185 187 189 191 -217 120 -223 -202 0
207 -259 -193 121 -208 -199 -196 -217 -223 -202 -262 -241 -214 -235 -211 -205 -253 -244 -238 -229 -364 -361 -334 -271 -280 185 0
-159 127 88 -214 -208 121 -205 -193 102 90 115 -271 0
-65 130 185 -235 -229 -211 -202 -199 -196 -193 0
-191 127 -57 121 88 65 75 0
-161 78 80 97 71 86 66 90 91 93 99 102 103 110 113 118 122 123 126 -250 -247 -244 -235 0
-141 99 121 110 65 70 71 90 93 75 102 68 86 88 111 115 77 125 127 -208 -199 0
-107 151 130 134 135 137 142 185 144 145 156 157 159 161 170 179 183 132 187 189 191 -229 -211 -202 -199 0
-178 76 90 93 108 85 65 88 79 91 70 96 100 102 106 78 83 111 114 120 122 124 125 127 -235 -223 -214 0
237 167 137 172 139 165 144 129 148 150 173 156 134 159 161 164 177 191 169 185 175 141 179 181 184 132 187 189 0
200 151 130 134 135 137 142 185 144 145 156 157 159 161 170 179 183 132 187 189 191 -238 -229 -217 -214 70 88 91 65 95 84 77 90 121 102 107 110 111 115 120 75 125 127 -235 172 139 165 129 148 150 173 164 177 175 141 181 184 93 108 106 78 122 -223 -208 99 71 68 86 0
-167 94 80 68 107 123 78 86 66 90 91 82 95 98 100 103 105 71 111 114 115 120 121 125 127 -217 -214 -208 -196 0
-83 150 129 147 137 139 143 146 151 142 160 156 157 185 161 164 165 168 171 173 178 179 183 132 188 189 192 -259 -238 -229 -217 0
-167 83 99 121 110 65 70 71 104 90 93 98 75 102 68 86 107 88 111 115 77 125 127 -214 -208 -196 0
209 137 172 139 165 144 129 148 150 173 156 134 159 161 164 177 191 167 185 175 141 179 181 184 132 187 189 -235 -214 99 66 80 75 104 97 71 84 86 88 90 70 93 95 91 74 102 78 106 108 110 111 113 120 121 125 127 83 65 98 68 107 115 77 0
195 127 -57 121 88 65 75 130 185 159 161 184 138 173 -208 -235 -214 99 66 80 97 71 84 86 90 70 93 95 91 74 102 78 106 108 110 111 113 120 125 68 115 -196 -259 -238 -229 -217 -271 -364 -361 -334 -199 122 -223 -211 -202 0
-83 141 133 144 138 185 161 184 -238 -229 -217 -199 0
-167 99 -202 121 110 65 70 71 104 90 93 98 75 102 68 86 83 88 111 115 77 125 127 -214 -208 -196 0
-107 130 145 141 144 161 167 184 -235 -211 -208 -202 -199 0
-179 91 -205 -199 68 -217 71 90 65 82 88 103 79 73 98 100 102 106 107 111 121 115 117 120 127 83 77 -193 0
-167 26 -236 -224 -209 -206 -203 -197 0
-161 -251 -248 -245 -236 -221 -206 0
-179 -233 26 -224 -206 -200 -197 -194 0
-185 -121 0
-179 26 -245 -224 -206 -200 -197 -194 0
-163 26 -359 -224 -215 -206 -203 -197 0
-176 -245 -254 -260 -242 -239 -230 -221 0
-179 -194 -245 -224 -206 -200 -197 0
201 185 129 133 157 153 151 142 146 149 139 137 156 159 162 176 174 178 179 181 183 132 188 190 192 0
-57 -121 0
225 150 136 137 190 151 144 146 148 142 169 156 157 159 162 163 130 167 173 171 133 175 178 180 181 183 186 188 132 0
207 130 136 151 139 176 144 137 148 134 173 142 157 159 145 164 150 167 169 172 162 190 178 179 183 186 132 0
210 -121 40 58 7 4 18 50 1 29 36 38 42 43 15 47 51 53 56 60 63 6 21 19 26 27 34 46 12 61 -206 136 151 139 176 144 137 148 142 157 159 167 169 172 162 190 178 179 183 186 132 -224 146 156 163 133 175 181 188 0
-164 4 6 7 27 34 36 42 47 58 60 -221 -218 -212 -194 0
-150 7 15 58 18 21 27 29 38 42 43 9 50 56 61 63 -245 -230 -218 -206 -194 0
225 143 133 137 136 190 139 142 151 149 145 153 156 157 159 162 164 168 169 172 174 175 177 179 181 183 186 188 132 0
223 10 6 4 7 15 -121 21 1 14 19 26 27 29 31 34 36 38 40 42 43 46 18 50 51 54 56 12 59 61 63 58 11 20 25 22 47 33 53 60 62 0
205 6 19 40 26 27 29 21 36 9 42 43 47 32 58 61 -236 -230 -212 -203 136 137 190 151 144 146 148 142 169 156 157 159 162 163 150 167 133 175 178 181 183 186 188 132 -224 4 7 15 -121 1 34 38 46 18 50 51 56 12 63 53 60 0
225 138 133 157 153 151 144 182 149 129 185 156 135 159 162 164 165 167 170 174 175 178 179 183 132 188 190 191 0
-31 182 172 137 162 157 149 148 153 165 156 139 185 159 164 129 169 133 174 175 178 142 183 132 187 190 192 -236 -194 0
-171 -201 -65 0
235 40 1 9 21 17 13 26 27 57 31 34 36 38 43 46 47 50 51 56 6 61 63 0
-121 -196 -65 -236 -224 -206 -203 -221 -200 176 -248 0
-31 148 136 153 157 149 169 137 159 162 165 167 151 172 175 179 181 132 188 121 -242 -239 -236 -206 -194 0
-164 31 -221 -218 -212 -200 -194 0
-27 129 133 157 153 151 142 146 149 139 137 156 159 162 176 174 178 179 181 183 132 188 190 192 -224 -200 0
-185 27 31 -272 -254 -242 -224 0
223 139 133 157 153 162 146 149 129 148 142 164 167 172 151 176 179 186 188 -218 -212 7 47 4 19 13 1 15 26 27 32 34 36 38 42 43 9 18 51 53 56 63 -194 137 165 156 185 159 169 174 175 178 183 132 190 192 -236 21 40 31 46 50 6 61 0
-196 176 -272 -236 -224 -206 -65 -200 -254 -242 -221 -239 -203 -248 0
-27 -218 -224 -206 -203 -200 0
-132 4 20 62 27 44 31 16 34 25 39 37 47 55 58 60 14 64 -221 -206 -203 -194 0
-137 4 20 62 27 44 31 16 34 25 39 37 47 55 58 60 14 64 -221 -212 -194 0
-6 134 157 137 145 164 148 175 177 179 186 187 156 -236 -212 -206 -200 0
-190 4 16 41 9 5 29 37 34 1 20 44 47 58 -224 -212 -206 0
-157 4 16 41 9 5 29 37 34 1 20 44 47 58 -224 -206 -203 -200 -194 0
-17 176 190 164 179 132 -239 -230 -224 -221 -218 -194 0
-45 168 151 137 145 130 133 139 135 150 142 156 185 160 164 166 147 170 172 173 175 177 183 132 187 189 192 -248 -230 -218 0
-7 129 133 157 185 151 142 139 137 156 159 162 176 178 179 181 183 132 188 190 192 -206 -200 0
207 168 176 183 143 130 141 135 150 147 156 157 160 164 165 140 170 171 185 178 179 181 134 132 187 189 191 0
-153 6 4 17 22 7 20 62 27 44 31 16 34 25 39 42 37 45 47 49 54 55 58 60 14 64 -221 -203 0
-174 33 4 7 6 37 20 2 35 18 27 29 31 64 42 44 9 47 49 45 54 56 58 60 62 25 -203 -200 0
195 145 17 14 16 27 29 21 9 11 47 55 58 64 -236 -230 -212 -203 176 157 137 37 163 141 151 135 162 185 150 170 179 181 132 188 140 4 20 35 18 31 44 60 62 25 -200 -206 143 130 147 160 164 171 178 191 133 190 166 173 175 -248 -218 0
-156 15 23 8 1 5 18 21 44 26 28 29 31 34 35 40 41 46 47 50 51 55 58 59 61 -236 -230 -212 0
-54 130 190 140 157 160 137 145 141 164 166 167 171 175 179 184 156 -236 -212 -206 0
-174 -195 -65 0
205 133 185 157 151 153 137 156 162 176 174 178 179 181 132 188 190 -200 -242 -239 -230 -221 25 4 41 5 62 23 17 11 9 40 14 28 29 31 34 36 15 49 44 46 47 8 51 53 55 58 60 21 16 6 20 22 26 39 27 45 50 54 59 0
-183 7 41 15 17 55 35 11 44 26 27 29 34 5 39 21 1 45 47 50 51 53 59 62 -245 -242 -218 -212 -203 0
199 193 4 14 50 11 20 25 41 1 29 31 34 35 5 9 27 47 46 51 53 55 58 60 62 0
225 176 157 179 185 -200 4 14 50 11 20 25 41 1 29 31 34 35 5 9 27 47 46 51 53 55 58 60 62 -206 190 -242 -239 -221 23 17 28 44 8 21 16 39 -65 37 64 -203 -236 18 -248 0
-65 -236 -203 -350 -263 -200 -224 -206 -242 -239 -221 -248 -272 -254 -260 0
-47 -236 -224 -206 -203 -200 0
-27 -329 -224 -221 -206 -203 -200 0
-157 27 -254 -248 -224 -206 -203 -200 0
-31 -242 -239 -236 -206 0
-156 27 -275 -272 -248 -242 -239 -236 0
-45 185 156 -302 -263 -248 -239 -224 0
-190 31 27 45 -257 -254 -224 -206 0
-58 157 185 -221 -206 -203 -200 0
-164 27 31 47 -272 -236 -221 -200 0
-34 190 157 -239 -224 -203 -200 0
-44 158 129 185 177 141 135 167 146 164 166 150 170 171 139 175 155 179 184 132 187 190 191 -329 -326 -302 -272 -254 0
-137 22 4 6 2 62 26 40 32 9 34 36 38 27 42 43 17 46 56 58 60 63 -272 -254 -221 0
-54 158 131 153 139 141 137 150 136 156 130 159 164 169 171 177 179 182 184 185 189 191 -239 -221 0
-162 5 23 54 1 15 18 19 21 44 26 29 31 34 35 38 40 12 46 47 50 51 13 58 61 63 -272 -239 -203 0
-41 158 131 134 150 142 135 129 156 138 162 185 166 170 171 175 177 179 163 190 191 -287 -242 -239 0
-145 41 4 6 18 50 43 22 45 15 36 9 39 32 2 51 53 56 57 60 61 63 -284 -239 -221 0
223 148 7 4 18 19 27 29 31 34 12 40 13 43 46 50 61 63 -272 -263 -239 6 166 144 134 155 185 159 164 174 175 179 182 184 139 187 191 45 15 36 9 32 51 53 56 60 -284 -221 150 142 135 156 138 170 177 163 190 -287 -242 1 21 26 38 47 58 -203 153 130 42 -254 167 146 132 -329 -326 -302 -236 0
-54 130 190 140 157 160 134 137 145 141 144 161 164 166 167 148 171 174 175 177 179 182 184 186 187 156 -236 -221 0
237 130 190 140 157 160 134 137 145 141 144 161 164 166 167 148 171 174 175 177 179 182 184 186 187 156 0
-169 8 4 6 11 20 16 26 40 32 9 34 36 38 27 42 43 46 52 54 56 58 60 30 63 -254 -248 -242 -239 0
240 133 190 166 135 169 174 137 148 163 150 142 139 157 159 155 145 162 143 171 153 175 178 179 181 186 188 132 191 0
207 1 15 40 9 13 21 12 27 50 31 34 36 42 43 6 47 51 53 58 61 63 -239 190 157 4 26 32 38 46 56 60 -254 -248 -242 -236 164 156 -221 -224 7 18 19 29 -272 -263 -284 -287 -203 -329 -326 -302 0
-179 33 14 11 9 18 20 45 22 26 27 29 32 15 36 38 40 42 44 2 47 49 51 53 60 61 63 -374 -239 -224 -221 0
-145 40 7 10 15 4 50 2 12 22 29 31 19 36 38 14 25 43 45 33 51 53 56 58 60 62 63 -239 -221 0
238 6 32 4 18 33 7 2 20 14 16 35 25 29 45 21 9 39 42 43 12 49 51 54 56 58 59 62 63 0
-137 4 -221 6 2 62 26 40 32 9 34 36 38 27 42 43 22 46 56 58 60 63 -272 -254 0
-17 240 190 137 157 145 179 -284 -224 -221 0
-166 1 9 21 17 40 26 27 13 31 34 36 38 43 46 47 50 51 56 6 61 63 -236 -224 0
-175 1 9 21 17 40 26 27 13 31 34 36 38 43 46 47 50 51 56 6 61 63 -236 -224 0
-161 1 9 21 17 40 26 27 13 31 34 36 38 43 46 47 50 51 56 6 61 63 -254 -236 0
235 199 2 62 17 16 20 49 33 39 47 54 58 59 0
199 27 34 47 -329 -224 -203 164 -236 58 190 157 -284 -221 -272 -254 -239 -374 -206 -248 -242 156 -263 -287 -326 -302 0
-63 -127 0
-17 190 137 157 179 -284 -224 -221 -239 0
-38 190 140 157 160 134 137 141 164 166 171 174 175 179 184 186 156 -236 -221 -206 0
-36 190 140 157 160 134 137 141 164 166 171 174 175 179 184 186 156 -275 -236 -221 0
-145 17 34 45 47 58 -302 -263 -248 -239 -224 -221 0
-26 168 140 141 143 185 147 156 145 164 170 178 181 184 132 188 190 191 -254 -236 -224 0
237 155 149 168 162 166 145 134 185 137 141 164 129 171 174 175 178 179 184 189 191 0
-9 129 137 146 149 157 156 140 147 170 171 174 175 168 179 181 185 188 189 191 -272 -254 -224 -221 0
-40 133 168 156 135 143 150 140 190 145 157 164 166 147 130 171 173 178 179 181 184 186 188 132 191 -263 -239 0
240 40 1 21 17 9 26 27 13 31 34 36 38 43 46 47 50 -206 56 6 61 63 -254 -236 168 156 135 143 140 190 145 157 164 166 147 171 178 179 181 184 186 188 132 191 129 170 149 225 185 162 174 175 0
225 134 140 160 157 145 137 149 190 156 164 166 171 174 175 179 184 186 141 191 -278 -272 -254 -242 1 21 17 9 26 27 13 34 36 38 43 46 47 50 56 6 61 63 -236 3 16 20 30 11 8 41 54 59 -239 -206 168 135 143 147 178 181 188 132 129 170 185 162 -263 0
-127 0
-17 126 65 119 124 68 73 84 78 79 114 93 89 98 88 102 117 75 110 111 86 115 105 95 122 69 99 -222 -195 0
-26 69 88 72 73 105 84 85 68 78 95 100 79 75 101 108 115 126 -237 -231 -225 -213 -210 -201 -195 0
-408 -273 36 -216 4 -222 114 110 126 128 79 102 93 95 98 87 86 75 84 117 92 105 124 68 103 65 -339 -207 101 80 -261 -255 -210 -243 -336 26 55 -231 -195 -201 -333 -363 -282 -246 -237 -288 0
-63 126 65 119 124 68 73 84 78 79 114 93 89 98 88 102 117 75 110 111 86 115 105 95 122 69 99 -222 -201 0
220 -276 -201 -243 -228 -225 114 122 79 100 -210 -213 -237 -204 -207 -255 -216 -219 -222 -246 -231 -195 5 65 16 -270 -261 197 0
-47 114 79 -225 -213 -198 -228 -207 65 88 91 75 84 68 -234 81 94 86 97 100 102 106 108 110 111 115 118 120 95 125 69 78 89 92 93 107 117 122 124 -204 -195 0
-145 125 68 87 69 91 81 96 83 103 107 109 117 120 121 -220 -214 -208 -193 0
-179 65 71 91 68 -205 90 -217 -199 88 103 79 73 98 100 102 106 107 111 121 115 117 120 83 77 -193 0
236 97 66 69 86 99 81 84 78 88 90 91 93 102 103 72 107 109 111 114 115 117 120 121 125 0
201 237 145 185 179 184 0
-137 72 78 144 148 139 166 157 159 161 138 182 174 175 179 185 184 81 -229 -208 -235 88 94 167 65 86 189 68 84 73 79 135 97 89 96 121 155 102 104 91 107 69 112 113 118 120 124 125 110 70 71 90 93 98 83 111 115 117 77 85 114 100 -214 -193 0
221 -244 76 83 86 107 90 93 96 106 111 117 121 87 -211 -202 140 130 161 185 81 -229 -208 -235 88 68 73 79 102 91 69 120 124 71 98 115 77 114 -214 -193 -205 -220 -361 -271 -241 -199 66 99 103 109 -217 0
-175 184 91 114 79 -220 83 88 68 130 90 71 77 179 102 121 106 111 115 120 125 -208 93 98 107 117 124 76 73 -361 -271 -241 -205 -199 -193 0
236 133 148 166 137 174 142 159 155 145 143 171 153 175 179 186 188 132 191 -238 -214 -211 -208 -193 90 68 88 121 103 77 111 120 125 69 83 99 87 91 96 102 106 107 109 114 118 124 126 81 76 79 93 115 117 0
-26 99 185 -202 81 120 93 103 114 117 126 73 124 83 79 121 71 90 98 86 102 68 111 115 77 107 -199 -235 -205 -238 69 87 91 96 106 109 76 -220 -361 -271 -241 66 -262 -253 -259 0
-179 69 83 87 99 77 79 90 76 93 98 102 111 114 115 -373 -238 -220 -205 -199 0
-145 83 68 87 73 90 81 93 77 121 66 107 111 115 117 120 -283 -247 -238 -220 0
-65 145 185 179 -235 -199 0
-184 114 77 65 91 81 90 73 121 98 102 107 111 115 120 -235 -205 -199 0
-75 143 141 138 134 145 161 178 129 185 155 159 164 166 170 158 174 175 179 184 132 187 189 191 -271 -205 0
-112 133 141 131 144 138 148 149 129 155 159 161 164 158 167 170 171 140 175 178 180 145 185 188 189 191 -241 -238 0
206 112 76 87 121 68 65 90 85 79 91 93 71 98 100 102 104 106 107 110 82 114 115 83 120 70 125 0
222 136 145 148 149 134 144 156 161 164 166 167 169 171 174 175 131 179 182 184 186 187 141 191 -205 76 87 121 68 65 90 85 79 91 93 71 98 100 102 104 106 107 110 82 114 115 83 120 70 125 138 129 159 158 178 180 185 189 -241 -238 0
-75 141 -241 138 134 145 161 178 129 185 155 159 164 166 170 158 174 175 179 184 132 187 189 191 -271 -205 0
237 88 184 185 -262 -247 -202 77 179 69 68 79 126 96 73 103 71 90 109 83 98 100 102 91 106 107 65 111 121 115 117 120 82 86 -241 145 -271 -205 76 87 85 93 104 110 114 70 125 -220 -238 0
200 114 77 65 91 81 90 73 121 98 102 107 111 115 120 -235 184 185 -262 -247 -202 179 69 68 79 126 96 103 71 109 83 106 117 86 -241 145 -271 -205 76 87 93 -220 -238 0
224 185 -238 -202 121 -235 -199 -262 -247 -241 -271 -205 -220 -283 -373 0
-90 145 185 179 184 -235 -199 0
-115 225 185 -238 -205 -199 0
-120 145 185 179 184 -235 -199 0
-159 95 97 92 114 77 88 90 121 94 100 72 74 116 120 -241 -238 -205 0
-68 149 137 168 190 133 143 151 145 157 159 162 164 166 130 174 175 147 179 181 186 188 132 191 -238 -205 -202 0
-79 149 137 168 190 133 143 151 145 157 159 162 164 166 130 174 175 147 179 181 186 188 132 191 -325 -241 -238 -220 0
206 76 87 121 68 65 90 85 79 112 71 98 100 102 104 107 110 82 114 115 83 120 70 125 0
239 80 121 72 92 75 84 97 68 95 77 123 103 105 107 111 115 74 125 -247 -259 -241 -220 133 150 129 143 171 173 146 168 135 166 157 159 164 170 190 175 178 179 181 184 186 188 132 191 141 134 145 185 155 174 189 -205 65 90 85 79 100 102 110 82 114 120 70 0
201 121 115 -247 -205 -202 225 185 -238 -259 -241 -220 65 90 120 -325 -235 0
-159 104 68 79 114 77 88 90 121 100 106 117 120 83 124 76 -241 -238 -235 -205 0
-164 121 83 114 68 65 85 71 93 98 100 106 107 110 111 115 76 124 77 -256 -238 -235 -220 0
-161 104 68 79 114 77 88 90 121 100 106 117 120 83 124 76 -253 -247 -235 -220 -205 0
240 139 133 190 135 166 163 137 174 150 142 148 157 159 155 145 162 143 171 153 175 178 179 181 186 188 132 191 0
207 157 137 140 160 130 190 145 141 161 164 166 167 171 175 179 184 -235 -202 121 76 91 93 68 65 90 85 79 71 98 100 102 104 106 107 110 82 114 115 83 120 70 125 -238 133 135 163 150 159 155 162 143 178 181 188 132 191 0
239 93 83 65 68 124 74 70 88 71 75 90 79 104 86 98 99 102 95 121 110 111 113 115 117 77 107 125 0
-63 0
-179 27 -200 -197 -194 0
-90 -121 -224 -278 179 -254 -242 -263 -239 -206 -302 -248 -221 -275 -230 -218 -194 -200 -203 -284 -287 -326 -257 -260 -209 0
-145 57 -221 -209 -194 0
-114 -329 -224 -278 179 -254 -242 -263 -239 -206 -221 -275 -230 -218 -194 -200 -121 -203 -284 -248 -287 -326 -302 -257 -260 -215 -209 -212 0
-175 58 27 -200 -197 -194 0
-191 47 58 -236 -221 -206 -203 -200 0
222 130 237 157 190 145 156 161 164 167 175 177 179 0
-137 8 26 40 27 14 9 18 20 45 5 33 29 32 15 36 38 42 47 49 51 53 57 60 61 -251 -215 -194 0
-143 -233 40 4 6 15 21 1 -121 19 26 27 29 14 34 36 38 7 42 43 46 18 50 51 54 56 12 61 58 20 25 47 33 53 60 31 -224 -194 0
-168 8 26 40 27 14 9 18 20 45 5 33 29 32 15 36 38 42 47 49 51 53 57 60 61 -281 -272 -194 0
207 40 31 4 6 15 21 1 -121 19 26 27 29 34 36 38 7 42 43 46 18 50 51 56 12 61 58 47 53 60 -224 -203 -197 -194 145 191 164 175 179 9 45 32 -281 -215 -221 237 157 190 156 161 167 0
237 190 163 157 145 191 -239 -224 -221 26 -254 45 31 -121 47 -206 -203 -197 -194 164 -281 -215 156 161 167 -245 -230 -218 -200 0
-166 31 10 6 21 1 -121 26 27 34 36 38 43 46 18 50 54 56 59 61 58 11 20 47 33 -224 -206 -200 0
-29 191 145 157 161 164 175 185 -245 -203 -200 -197 -194 0
-184 31 10 6 21 1 -121 26 27 29 34 36 38 43 46 18 50 54 56 59 61 58 11 20 47 33 -224 -206 -200 0
-17 190 -221 157 179 -194 -224 -284 -239 0
-137 31 57 235 17 26 27 34 47 104 86 79 111 65 95 -194 0
199 31 57 235 17 26 27 34 47 0
-114 -121 -224 -278 -254 -242 -263 -239 -206 -221 -200 -194 -284 -203 -197 -281 -215 -230 -218 -257 -302 -248 -209 -275 -350 -260 -212 -287 -326 0
-47 145 175 -212 -206 -203 -200 -197 -194 0
-137 47 27 58 -200 -197 -194 0
-20 -121 0
-31 137 157 145 175 179 -239 -209 -206 -197 -194 0
-191 14 40 4 6 15 21 1 -121 19 26 27 29 31 34 36 38 7 42 43 46 18 50 51 56 12 59 61 58 11 22 47 53 60 -224 -206 -203 0
205 14 31 40 4 6 15 21 1 19 26 27 29 -121 34 36 38 7 42 43 46 18 50 51 56 12 59 61 58 11 22 47 53 60 9 17 28 23 55 37 13 0
-62 139 148 135 190 166 137 163 174 150 142 157 159 155 145 191 153 175 179 186 132 -224 -212 -197 0
-171 49 4 6 7 17 20 37 57 29 64 34 36 11 43 45 53 60 61 -221 -209 -203 0
-30 139 148 135 190 166 137 163 174 150 142 157 159 155 145 191 171 153 175 179 186 132 -242 -218 -215 -212 0
-143 17 40 30 4 19 13 23 15 27 31 21 38 11 43 46 47 50 51 56 58 59 62 64 -239 -221 -218 -215 0
-10 139 148 135 190 166 137 163 174 150 142 157 159 155 145 191 143 171 153 175 179 186 132 -230 -209 -203 0
196 22 47 57 4 7 13 19 49 1 15 26 27 62 32 34 36 38 30 42 43 11 9 18 51 53 56 45 59 0
193 4 47 7 13 19 1 15 26 27 32 34 36 38 42 43 9 18 51 53 56 -224 157 164 175 179 -197 137 145 -242 -218 -215 -212 6 29 60 61 -221 -209 -203 -206 31 40 21 -121 46 50 12 58 -257 -254 0
-11 4 58 -121 40 18 50 1 29 36 38 42 43 15 47 51 53 56 60 7 6 21 19 26 27 34 46 12 61 -206 151 139 137 148 142 157 159 172 162 190 179 183 186 132 -224 156 175 181 -242 -209 -197 0
-62 151 170 157 185 129 135 159 162 164 165 156 175 179 183 132 190 -224 -206 -197 0
-191 6 9 19 1 7 21 26 27 29 18 36 13 42 43 46 47 57 51 56 60 61 -272 -206 -203 0
-178 17 50 9 62 4 20 1 31 27 36 38 26 42 11 45 40 13 51 53 56 58 -248 -230 -215 -203 -197 0
-174 6 9 19 1 7 21 26 27 29 18 36 13 42 43 46 47 57 51 56 60 61 -251 -206 -197 0
198 163 181 135 173 189 139 156 148 192 183 177 144 157 159 138 142 170 146 130 172 185 175 166 179 150 161 132 167 0
196 40 -121 7 43 4 62 50 9 29 31 34 1 15 27 11 38 17 47 46 51 53 58 60 21 18 36 19 42 0
207 181 135 173 189 139 156 148 192 183 177 157 159 198 142 170 172 185 175 179 150 132 0
199 -121 27 58 47 -206 157 175 179 -224 137 164 -197 -242 -209 -221 -194 -284 -239 -257 -254 -302 -248 -263 -218 -215 -212 -203 0
-51 135 181 189 157 170 185 175 179 132 -206 -197 -194 0
-36 185 201 157 137 179 -221 -218 -212 -194 0
-159 31 27 36 47 58 -251 -239 -215 -209 -206 -197 -194 0
-1 160 140 146 134 129 191 157 164 147 168 170 171 174 175 181 185 189 179 -199 145 184 137 -203 -197 -194 0
-142 18 25 16 62 1 27 31 36 55 44 46 47 50 14 53 9 58 60 -272 -230 -215 -206 -194 0
-19 190 168 137 142 145 149 157 159 162 164 174 175 143 179 181 186 188 132 -266 -260 -239 -230 -224 -218 0
-183 14 21 9 17 1 29 4 19 57 31 34 36 37 39 25 44 46 47 50 11 41 55 28 60 -212 -203 -194 0
-7 142 201 157 185 137 159 179 183 190 -230 -218 -206 -194 0
-133 10 4 45 16 17 20 37 57 29 64 34 36 11 39 7 49 6 53 60 2 -221 -203 0
205 45 4 37 16 17 20 57 29 64 34 36 11 39 7 53 60 -221 185 201 157 139 142 137 156 159 151 179 183 190 192 -203 62 27 44 31 25 47 55 58 14 0
195 37 4 16 17 20 57 29 64 34 36 11 39 7 53 60 -221 -209 -203 190 137 142 157 159 145 175 179 -230 164 183 185 -206 201 62 27 44 31 25 47 55 58 14 -224 -302 -248 -239 -263 0
-156 37 14 26 23 4 57 8 20 28 16 35 17 31 34 21 39 41 6 46 47 49 51 44 59 61 64 -248 -212 -209 0
-139 37 19 9 6 1 7 21 26 27 29 18 36 42 46 47 57 51 60 61 -251 -206 -203 0
207 14 -251 25 8 17 1 5 16 19 23 61 11 27 29 31 34 35 37 39 42 44 46 47 49 51 53 55 58 60 22 171 135 139 190 137 174 142 157 159 155 145 191 143 166 175 179 186 132 -230 -209 -203 141 134 129 168 178 185 164 170 184 189 0
196 31 47 51 58 -206 -251 1 27 137 157 159 175 179 -230 -209 -203 185 164 57 -194 20 -221 201 -224 -302 -248 -239 -263 -218 -212 -266 -260 -272 -215 -284 0
-121 -221 -203 -206 -254 -242 -239 -230 -194 -224 -284 -200 -302 -248 -263 -197 -218 -209 -212 -266 -260 -215 -257 0
-47 157 179 -224 -197 -194 0
-159 -242 -239 -215 -206 -197 -194 0
-60 157 159 179 -224 -209 -200 -197 0
-142 -221 -215 -206 -197 -194 0
-139 27 -242 -206 -203 -197 -194 0
-1 151 146 165 129 136 144 142 156 157 164 174 175 181 183 -196 137 -203 -200 -194 0
193 57 45 6 29 -231 -225 119 73 69 65 68 92 85 79 75 82 105 121 100 103 95 110 111 114 115 72 87 124 125 128 -237 199 0
-14 71 73 65 124 68 84 126 75 78 79 114 93 89 98 88 105 117 119 81 110 111 86 115 104 95 122 69 99 -222 -207 0
206 121 68 78 99 124 92 69 84 86 106 90 113 93 71 88 82 103 109 95 111 75 115 117 119 80 108 125 128 0
-139 101 -157 99 68 85 84 72 92 87 98 95 103 105 108 110 111 78 115 80 128 69 65 79 82 89 119 126 122 124 -240 -207 -222 -216 -255 93 75 117 73 114 -195 -231 -273 -243 -282 -339 -261 -246 -288 0
-60 71 73 65 124 68 84 126 75 78 79 114 93 89 98 88 105 117 119 81 110 111 86 115 104 95 122 69 99 -222 -201 0
-137 -159 71 78 75 65 -273 86 93 95 98 101 113 108 111 81 115 117 119 122 125 73 68 84 79 87 104 -204 106 -210 -324 -225 -246 92 100 109 -243 -201 90 123 128 -231 70 -240 -198 -255 -216 -222 0
-36 71 73 65 124 68 84 126 75 78 79 114 93 89 98 88 105 117 119 81 110 111 86 115 104 95 122 69 99 -222 -201 0
-45 100 -363 88 -225 111 -210 -282 -231 -339 0
223 -179 120 -196 -193 85 -240 45 44 25 42 4 10 14 20 16 1 23 52 57 32 34 36 38 39 22 27 47 49 5 54 55 8 59 62 11 29 35 53 60 7 33 13 18 21 50 56 58 6 2 9 43 51 0
224 100 78 72 104 126 68 92 73 79 85 95 93 89 98 69 75 81 105 108 110 111 113 115 117 119 122 124 87 0
-1 71 73 65 124 68 84 126 75 78 79 114 93 89 98 88 105 117 119 81 110 111 86 115 104 95 122 69 99 -222 -201 0
194 104 73 65 124 68 84 126 75 78 79 114 93 89 98 88 105 117 110 111 115 119 95 122 69 99 -222 -216 47 4 7 49 27 62 39 38 22 42 11 18 51 56 59 -201 -225 72 92 85 108 87 -363 -210 -282 -231 -339 101 82 103 -279 -255 -243 -195 0
223 55 38 45 4 7 26 64 20 33 28 16 29 31 22 11 61 39 10 44 2 47 49 51 53 14 18 35 42 0
205 119 114 105 95 79 68 110 78 124 84 65 126 93 98 75 73 88 111 115 117 89 122 69 99 -225 29 -195 -222 -216 -201 72 92 85 108 87 -363 -210 -282 -231 -339 101 82 103 -279 -255 -243 -273 0
-7 124 79 110 102 65 71 70 93 98 86 68 99 75 88 111 115 117 -225 -210 -201 -195 0
-4 119 73 65 124 68 84 126 75 78 79 114 93 89 98 88 105 117 71 86 110 111 102 115 95 122 69 99 -222 -195 0
194 4 7 29 9 -201 -273 -243 -228 -225 -222 78 72 126 68 92 73 79 85 95 93 89 98 69 75 105 108 110 111 115 117 119 122 124 87 114 84 65 88 99 -363 -210 -282 -231 -339 206 82 103 80 128 0
-104 6 28 17 22 14 1 20 64 7 29 34 37 15 40 42 45 49 51 53 55 58 61 -273 -264 -240 -231 -201 0
-60 73 -210 65 124 68 84 126 75 78 79 114 93 89 98 88 105 117 119 71 110 111 86 115 104 95 122 69 99 -222 -201 0
-81 9 49 6 45 4 7 44 11 17 40 31 34 61 42 47 20 59 -225 -222 -216 -210 0
197 -225 -204 -201 -222 122 -216 -210 -273 -264 -240 -231 -195 -243 -228 -363 -282 -339 -207 -279 -255 -246 0
-7 79 88 -225 -210 -207 -201 -195 0
-111 -157 16 41 9 29 37 34 1 20 44 47 58 5 4 0
-81 18 21 4 35 14 7 20 16 25 29 9 39 51 58 62 -240 -222 -216 -210 -195 0
223 36 11 8 28 4 62 5 9 14 25 17 29 31 34 49 15 40 41 44 46 47 23 51 53 55 58 60 21 0
-75 17 25 8 1 5 16 14 23 61 11 29 31 34 35 37 39 42 44 46 47 49 51 53 55 58 60 22 -273 -267 -204 0
-110 -194 -197 -142 0
220 193 62 4 14 41 11 20 25 50 7 1 29 31 34 35 5 9 47 46 51 53 55 58 60 0
-27 87 121 68 65 90 85 79 76 71 98 100 102 104 107 110 112 114 115 83 120 125 -207 -201 0
-194 111 -210 -201 -197 -142 -204 -225 0
-110 16 60 7 4 62 44 45 20 31 34 25 39 37 47 55 58 64 14 -222 -216 -207 -204 -201 0
-49 104 92 84 73 81 79 87 90 93 71 98 101 106 108 110 113 119 123 125 128 -243 -234 -222 -210 -207 0
-42 88 -222 65 -207 100 111 86 75 -225 -201 0
-67 18 4 28 45 20 7 16 35 25 29 37 21 9 39 42 23 14 49 51 58 62 -360 -324 -273 -246 -234 0
200 76 95 67 73 65 84 91 89 85 98 79 81 94 72 101 100 109 104 106 107 87 111 70 115 117 119 122 123 125 0
205 36 18 50 7 4 28 45 20 14 62 40 1 58 31 29 5 38 43 42 11 15 47 25 51 53 56 60 0
221 67 65 81 87 75 84 79 78 92 93 101 106 108 109 111 113 115 117 122 123 125 -207 18 50 7 4 28 45 20 14 62 1 58 31 29 5 42 11 47 25 51 53 60 -201 95 73 98 100 104 70 119 0
199 104 70 81 79 110 71 65 90 93 98 86 68 75 88 111 115 117 125 -210 -225 196 7 43 15 27 17 38 36 42 49 0
205 18 48 4 28 45 32 33 20 7 16 35 25 29 37 12 21 9 39 42 43 23 14 49 51 54 56 58 62 0
-157 -142 0
-4 -222 -195 -207 -198 0
-7 -273 -231 -216 -207 -195 0
-42 -228 -222 -207 -195 0
-111 4 7 -267 -228 -216 -207 -198 -195 0
-25 -240 -228 -222 -207 -198 0
-14 86 78 70 93 80 106 110 66 115 120 123 -234 -231 -228 -222 -216 -198 -195 0
-117 14 42 4 -264 -261 -243 -234 -198 -195 0
-98 26 22 64 55 14 15 45 6 34 36 40 44 47 51 61 -234 -231 -228 -216 -198 0
-104 11 28 1 4 15 45 26 29 14 40 42 44 22 58 -375 -282 -267 -264 -231 0
Solved
