332 84 -271 -265 -259 -214 -208 -196 69 72 65 75 77 80 68 -211 86 88 89 82 94 96 97 102 106 110 111 114 115 118 120 122 124 126 128 81 85 87 76 91 98 99 101 103 105 107 109 117 0
-134 76 65 73 68 69 80 82 84 85 88 91 93 96 98 101 105 107 109 112 114 115 117 120 126 128 -208 -193 0
-90 133 129 144 146 148 149 152 160 162 164 169 173 178 184 190 192 -259 -214 -208 -196 0
209 66 72 73 68 77 69 82 84 86 87 89 91 94 76 97 99 101 105 107 110 111 113 117 119 122 124 126 128 0
-104 133 136 138 139 129 131 146 147 149 152 154 156 143 160 164 165 167 173 175 178 183 185 188 190 -259 -232 -211 -196 0
260 133 136 138 139 129 131 146 147 149 152 154 156 143 160 164 165 167 173 175 178 183 185 188 190 -193 -211 -199 -196 69 68 66 76 77 80 82 83 85 88 90 91 94 98 99 102 103 105 107 110 111 114 115 118 119 122 124 126 128 72 65 81 84 87 96 101 109 117 120 0
335 -259 -193 -211 -199 -196 69 68 77 80 83 85 91 99 103 105 107 110 115 122 124 126 128 72 65 81 87 96 101 117 120 -208 73 89 97 113 -214 93 112 -331 -271 -265 75 0
-185 -208 73 68 77 69 87 89 91 97 99 101 105 107 110 113 117 122 124 126 128 -220 -211 72 0
-82 150 136 170 134 144 146 132 153 158 162 175 178 183 185 190 -232 -223 -220 -214 -193 0
-129 -259 -265 -271 -214 -208 -196 69 72 65 75 77 80 68 -211 89 82 96 97 110 115 120 122 124 126 128 81 85 87 91 99 101 103 105 107 117 -331 -199 -193 0
-84 134 150 137 140 141 146 148 130 155 132 160 163 166 175 178 179 182 183 185 190 -274 -271 -220 -199 -193 0
-76 150 134 140 130 146 153 158 166 167 170 171 173 175 179 185 188 190 192 -220 -208 -199 -196 0
-164 -259 -265 -271 -214 -208 -196 69 72 65 75 77 80 68 -211 84 89 82 96 97 110 115 120 122 124 126 128 81 85 87 76 91 99 101 103 105 107 117 -331 -199 -193 0
198 -259 -265 -271 -214 -208 -196 69 72 65 75 77 80 68 -211 84 89 82 96 97 110 115 120 122 124 126 128 81 85 87 76 91 99 101 103 105 107 117 -331 -193 150 136 129 134 137 144 146 140 152 153 158 160 164 166 167 170 171 173 178 179 182 185 188 163 141 130 155 162 175 186 192 0
337 3 -199 -193 65 72 73 77 80 81 83 87 89 91 97 99 110 112 115 117 120 122 124 126 128 -196 -265 -271 -214 69 75 68 -211 96 85 101 103 105 107 -331 -220 -232 113 93 2 8 -229 12 6 15 17 22 23 28 29 31 34 35 40 41 44 45 47 49 52 54 56 57 59 62 64 5 18 20 24 25 27 32 33 36 38 39 48 53 58 63 4 30 50 55 60 0
-76 -337 -289 -271 -238 -220 -199 -196 0
-84 -301 -271 -220 -199 -193 0
-76 -271 -244 -238 -232 -220 -199 -196 0
-146 76 -256 -232 -220 -214 -193 0
-82 146 -256 -244 -232 -220 -214 -193 0
-129 65 70 73 76 79 71 86 87 89 93 100 103 105 120 122 124 -220 -214 -211 -199 -196 0
-178 95 70 73 76 65 80 81 83 86 87 89 91 94 67 97 102 104 106 108 112 114 115 117 120 122 124 126 128 -256 -214 -211 0
-138 81 68 71 76 70 92 65 84 80 87 90 74 94 95 97 100 101 103 106 109 112 115 117 120 122 125 128 -301 -214 0
-77 157 129 131 143 141 149 135 160 166 167 170 173 175 184 186 -292 -250 -232 -229 -199 0
200 77 68 73 76 92 80 81 83 86 71 70 90 94 96 65 100 101 104 106 108 109 112 115 117 122 124 126 128 0
-110 149 138 139 133 129 131 145 147 136 151 154 155 159 143 164 167 170 171 176 178 180 182 183 186 190 191 -289 -256 -220 0
221 77 65 73 75 69 80 68 83 86 87 89 91 94 82 97 127 101 104 106 108 109 95 114 116 117 120 100 124 126 71 0
216 69 92 65 75 80 68 84 86 100 89 82 94 96 97 104 102 74 106 108 114 115 120 122 124 126 128 -232 -229 129 146 178 -220 73 83 87 91 127 101 109 95 116 117 71 138 -289 -256 -199 76 81 70 90 112 -292 -250 0
197 129 146 -238 -211 -220 -199 65 73 75 82 84 87 89 93 71 100 101 105 108 109 112 114 117 78 122 124 128 68 86 97 120 126 76 92 70 96 115 -214 -232 -229 -289 -256 -292 -250 103 -301 0
-77 191 129 168 133 181 144 145 147 161 158 135 164 166 142 186 189 -343 -250 -232 -229 -214 -199 0
-94 157 133 161 138 129 131 146 147 152 154 136 142 164 167 170 173 178 181 183 188 190 191 -265 -220 -211 0
-149 65 73 75 82 84 87 89 93 71 100 101 105 108 109 112 114 117 78 122 124 128 -256 -244 -232 -214 0
-94 129 173 149 140 191 146 161 155 158 164 142 170 172 180 181 184 -265 -220 -211 0
-80 148 131 168 149 144 145 129 152 153 156 137 159 140 161 170 172 173 176 177 179 182 184 185 189 191 -250 -211 -199 0
201 152 129 168 140 135 144 146 147 133 181 149 131 137 159 153 164 166 156 170 172 173 176 177 179 142 185 188 190 192 0
215 72 92 73 65 77 80 68 84 113 87 76 82 94 95 100 101 103 108 109 98 116 118 120 122 124 126 127 0
222 68 73 76 92 77 86 71 70 94 96 65 100 101 108 109 112 115 117 122 124 126 128 -256 -211 -265 -250 131 129 181 133 135 146 147 149 155 158 159 164 166 170 172 173 176 142 184 161 191 138 144 145 154 150 168 178 180 186 188 -214 84 87 82 103 120 -199 140 189 0
-153 69 110 65 76 78 80 82 86 89 93 97 100 101 103 108 88 112 114 115 117 122 126 -232 -211 -199 0
212 95 70 73 76 79 71 82 88 86 110 89 92 93 65 77 100 102 105 98 112 113 115 117 120 122 126 128 0
200 65 68 73 75 71 78 70 79 110 89 92 93 97 100 101 103 108 112 114 117 88 122 -256 -250 138 129 181 133 131 189 147 135 153 155 145 159 150 164 166 170 172 173 178 142 188 161 191 -211 76 82 86 77 102 105 113 115 120 126 128 -214 80 84 87 94 109 118 124 0
-95 150 129 168 133 141 144 146 147 132 151 153 155 158 159 135 164 161 137 170 172 173 178 180 181 184 188 190 191 -250 -229 -211 0
-185 70 73 76 79 71 82 88 86 110 89 92 93 65 77 100 102 105 95 112 113 115 117 120 122 126 128 -229 -211 0
-130 72 -193 65 -199 73 77 80 81 83 87 89 91 97 99 110 112 115 117 120 122 124 126 128 -196 -265 -271 -214 69 75 68 -211 96 85 101 103 105 107 -331 -220 -232 113 93 2 8 -229 12 6 15 17 23 31 34 35 40 41 44 45 47 49 52 54 56 57 59 62 64 27 36 48 53 58 63 4 30 55 60 -338 -218 -206 -203 0
Solved
