266 6 7 9 4 13 2 18 20 22 23 26 12 31 33 35 39 43 46 48 49 51 54 56 58 62 -262 -256 -220 -208 65 72 68 75 77 80 81 84 86 70 89 91 93 96 98 99 102 103 106 108 109 111 114 74 118 119 123 125 69 76 83 87 94 104 105 115 0
-66 -259 135 138 140 141 144 132 145 154 159 166 184 187 191 134 -226 -217 -202 0
-147 -202 72 68 76 77 80 70 84 74 87 90 93 98 100 101 103 106 108 110 113 117 122 123 125 -211 -208 65 -196 0
-85 143 191 138 140 141 132 147 149 152 155 159 161 166 167 170 174 181 184 186 187 189 129 -253 -220 -208 -193 0
209 85 71 74 76 77 79 70 83 66 68 90 93 96 97 100 101 104 105 108 109 111 114 115 117 119 126 128 0
204 147 135 138 145 141 132 134 154 158 161 168 170 172 174 175 180 181 184 185 -208 71 74 76 77 79 70 83 66 68 90 93 96 97 100 101 104 105 108 109 111 114 115 117 119 126 128 191 140 149 159 166 187 129 -253 -220 -193 0
-85 143 191 138 140 141 132 146 147 149 152 136 157 159 161 163 166 167 170 171 174 178 181 184 187 189 129 -253 -226 -220 -193 0
194 66 71 74 75 77 79 81 83 86 70 90 91 94 96 97 99 101 104 106 108 110 111 114 68 117 88 116 125 128 0
-85 139 168 138 145 133 144 129 148 149 154 156 158 159 161 163 166 132 170 172 181 188 190 192 -253 -226 -220 -208 0
-27 168 72 65 75 68 80 81 84 74 90 94 97 99 102 104 106 108 109 114 115 117 119 122 126 128 -253 -235 -232 69 135 191 140 141 144 149 154 158 129 170 172 174 175 177 180 185 132 -208 71 76 77 79 70 83 93 96 100 101 105 111 138 145 148 156 159 161 166 181 190 -220 -193 86 91 110 125 134 184 187 87 98 103 113 123 -211 -196 0
-85 191 138 140 141 132 149 159 161 166 170 174 181 184 187 129 -253 -220 -208 -193 -232 0
-152 76 68 73 65 70 79 71 83 86 89 91 94 96 98 99 102 104 105 108 110 114 118 122 126 128 -262 -256 -220 -208 0
-85 141 132 149 161 166 174 181 129 -253 -220 -208 -193 -232 -244 -211 0
-138 76 68 73 65 70 79 71 83 86 89 91 94 96 98 99 102 104 105 108 110 114 118 122 126 128 -256 -235 -211 -196 0
-85 -253 -220 -208 -193 -232 -244 -211 0
-132 -220 -211 -208 -196 -193 0
-138 -256 -250 -235 -211 -196 0
-68 134 138 141 129 136 152 139 157 160 163 166 167 175 178 180 183 185 189 132 -220 -211 -196 -193 0
-70 134 2 141 143 146 132 154 161 163 166 167 169 171 174 137 138 149 129 156 157 136 180 181 189 -274 -265 -262 -211 0
-170 68 70 85 -265 -262 -256 -250 -247 -193 0
-96 135 134 138 132 143 148 146 152 154 156 157 160 161 166 129 169 171 175 177 180 182 183 185 192 -274 -256 -250 0
-187 68 70 85 -277 -256 -250 -232 -211 0
-96 134 138 132 143 146 152 154 156 157 160 161 166 129 169 171 175 180 183 185 192 -274 -256 -250 -193 0
202 23 7 9 4 5 12 18 19 14 15 25 21 30 31 33 36 2 27 41 44 45 47 50 52 53 56 57 60 61 63 0
Solved
