306 99 71 68 75 78 80 81 84 86 88 70 92 93 74 96 65 101 103 106 108 109 111 113 115 117 120 122 123 126 127 0
-256 135 130 132 133 142 143 145 148 150 152 154 155 158 137 161 164 166 168 169 172 173 176 179 182 183 187 192 -297 -298 -281 -282 0
-139 256 -297 -298 -289 -290 -285 -286 -278 -277 0
299 256 -281 -282 -289 -290 -285 -286 -278 -277 133 130 132 135 142 143 145 148 150 152 154 155 158 137 161 164 166 168 169 172 173 176 139 179 182 183 187 192 138 141 147 149 151 153 157 162 170 171 180 185 189 0
291 190 136 138 140 132 144 145 148 149 151 154 155 158 159 162 164 166 129 169 172 141 176 133 180 182 184 186 187 174 191 0
-178 175 132 137 140 141 144 146 148 149 152 153 155 157 135 161 164 165 168 169 171 173 130 177 180 184 186 187 190 192 -281 -282 -305 -306 197 199 201 203 206 208 210 212 214 216 217 220 196 224 225 227 230 222 231 238 239 243 245 248 250 251 253 256 193 200 207 202 221 223 232 242 249 255 -302 -301 -278 -277 0
287 193 196 203 206 210 212 217 220 221 230 232 238 239 242 243 248 253 -305 -306 -281 -282 -278 -277 133 136 138 140 132 144 145 148 149 151 154 155 158 159 162 164 166 129 169 172 141 176 180 182 184 187 191 130 135 142 143 150 152 137 161 168 173 139 179 183 192 146 153 157 165 171 177 197 199 201 208 214 216 224 250 256 -302 -301 -289 -290 0
-178 197 199 201 203 206 208 210 212 214 216 217 220 196 224 233 227 230 222 241 236 238 239 243 248 250 251 253 256 -289 -290 -278 -277 0
280 197 199 193 195 206 207 210 241 214 215 217 220 221 224 228 230 233 235 239 211 243 248 250 251 254 255 -289 -290 -310 -309 -281 -282 132 136 138 129 142 143 146 148 149 151 153 156 157 159 161 139 166 168 169 172 179 178 184 185 187 189 191 144 145 152 158 164 165 171 176 182 183 192 -305 -306 236 201 203 212 216 222 223 226 229 232 234 238 242 253 256 0
259 133 130 138 132 145 147 153 155 157 162 168 173 182 183 185 187 189 -278 -277 -289 -290 -310 -309 -281 -282 136 142 159 169 172 179 191 144 152 164 165 176 -305 -306 -285 -286 140 150 177 -302 -301 -297 -298 0
-178 199 201 197 210 212 220 196 230 222 241 248 251 253 256 -289 -290 -278 -277 -302 -301 -297 -298 0
-206 133 136 138 130 142 145 147 150 153 155 157 139 162 178 165 168 172 176 185 189 191 -297 -298 -285 -286 -281 -282 -278 -277 0
-217 160 136 132 133 142 143 146 149 151 153 155 157 137 164 165 139 169 171 173 176 177 182 183 185 187 -297 -298 -289 -290 -285 -286 0
-233 137 132 133 140 142 144 145 147 150 151 153 156 158 159 162 163 165 168 169 171 178 175 179 182 183 186 189 191 -302 -301 -285 -286 -281 -282 0
-236 137 132 133 140 142 144 145 147 150 151 153 156 158 159 162 163 165 168 169 171 178 175 179 182 183 186 189 191 -302 -301 -285 -286 -281 -282 0
-129 200 236 201 203 206 207 210 212 193 217 220 222 223 226 228 229 232 234 195 238 239 243 245 248 250 251 253 256 -305 -306 -289 -290 0
292 221 199 193 204 206 207 210 241 197 215 217 220 195 202 225 228 230 224 233 235 237 239 211 243 245 248 250 251 254 255 0
284 226 204 201 206 210 212 213 217 220 223 196 227 230 233 236 238 239 243 250 254 256 -302 -301 -297 -298 -305 -306 133 136 138 130 142 143 145 147 150 151 153 155 157 139 162 178 165 168 160 172 176 163 181 184 185 189 191 132 146 149 156 159 166 169 175 179 187 -289 -290 199 193 207 241 197 215 195 225 228 235 237 211 248 251 255 203 222 229 232 234 253 0
291 148 138 140 132 144 145 136 149 151 154 155 158 159 162 164 166 129 169 172 190 176 133 180 182 184 186 187 174 191 0
288 160 132 138 163 142 144 145 150 152 156 157 139 162 165 172 173 175 177 179 181 184 186 187 191 -305 -306 193 236 201 206 207 210 212 217 220 222 223 228 232 234 248 251 253 256 -289 -290 140 136 149 151 155 158 159 164 166 169 176 133 182 -281 -282 204 213 196 230 233 -302 -301 -297 -298 130 143 147 153 178 168 185 189 146 199 241 197 215 225 235 237 0
279 197 240 206 207 215 232 234 244 248 249 253 -310 -309 -302 -301 -297 -298 133 132 140 142 144 145 147 150 153 159 162 165 168 169 178 179 182 183 189 191 -285 -286 138 152 157 139 172 173 177 187 -305 -306 193 201 210 212 220 222 223 228 251 256 -289 -290 136 155 164 176 -281 -282 204 213 196 230 130 185 199 241 225 235 237 0
299 170 136 134 139 142 143 146 129 150 152 153 156 158 159 162 164 165 168 148 172 174 175 131 179 178 184 181 187 189 0
Solved
329 322 26 35 62 65 84 88 89 93 97 129 138 139 178 260 263 265 269 273 280 284 288 291 293 300 304 307 311 314 318 2 326 0
